2022-07-16 09:52:43.830047+00:00 [notice] Starting eturnal 1.9.0 on Erlang/OTP 25 (ERTS 13.0) (eturnal_app:start/2:35)
2022-07-16 09:52:43.830268+00:00 [debug] Starting supervisor: eturnal_sup (eturnal_sup:start_link/0:32)
2022-07-16 09:52:43.830414+00:00 [debug] Configuring eturnal_sup supervisor: [#{id => systemd,
                                       start =>
                                           {eturnal_systemd,start_link,[]}},
                                     #{id => eturnal,
                                       start => {eturnal,start_link,[]}}] (eturnal_sup:init/0:40)
2022-07-16 09:52:43.831892+00:00 [info] Got no NOTIFY_SOCKET, notifications disabled (eturnal_systemd:init/1:95)
2022-07-16 09:52:43.832117+00:00 [debug] PROGRESS REPORT:
    supervisor: {local,eturnal_sup}
    started: [{pid,<0.930.0>},
              {id,systemd},
              {mfargs,{eturnal_systemd,start_link,[]}},
              {restart_type,permanent},
              {significant,false},
              {shutdown,5000},
              {child_type,worker}]
 (supervisor:report_progress/2:1557)
2022-07-16 09:52:43.832275+00:00 [info] Relay IPv4 address: 127.0.0.1 (port range: 49152-65535) (eturnal:log_relay_addresses/0:271)
2022-07-16 09:52:43.832407+00:00 [info] Relay IPv6 address not configured (eturnal:log_relay_addresses/0:281)
2022-07-16 09:52:43.844134+00:00 [info] Cannot determine control query port: noport (eturnal:log_control_listener/0:296)
2022-07-16 09:52:43.844818+00:00 [debug] Using run directory run (eturnal:ensure_run_dir/0:750)
2022-07-16 09:52:43.844931+00:00 [debug] TURN configuration seems fine (eturnal:check_turn_config/0:490)
2022-07-16 09:52:43.845027+00:00 [warning] TLS enabled without 'tls_crt_file', creating self-signed certificate (eturnal:check_pem_file/0:686)
2022-07-16 09:52:44.279974+00:00 [debug] Calling mod_log_stun:start/0 (eturnal_module:start/1:142)
2022-07-16 09:52:44.280292+00:00 [debug] Starting mod_log_stun (mod_log_stun:start/0:39)
2022-07-16 09:52:44.280473+00:00 [info] Started mod_log_stun (eturnal:start_modules/0:307)
2022-07-16 09:52:44.280572+00:00 [debug] Calling mod_stats_influx:start/0 (eturnal_module:start/1:142)
2022-07-16 09:52:44.280649+00:00 [debug] Starting mod_stats_influx (mod_stats_influx:start/0:38)
2022-07-16 09:52:44.284911+00:00 [debug] PROGRESS REPORT:
    application: ulitos
    started_at: nonode@nohost
 (application_controller:info_started/2:2107)
2022-07-16 09:52:44.286876+00:00 [debug] PROGRESS REPORT:
    application: poolboy
    started_at: nonode@nohost
 (application_controller:info_started/2:2107)
2022-07-16 09:52:44.288160+00:00 [info]     msg: Starting application: influx_udp (influx_udp_app:start/2:10)
2022-07-16 09:52:44.290954+00:00 [debug] PROGRESS REPORT:
    supervisor: {local,influx_udp_sup}
    started: [{pid,<0.952.0>},
              {id,influx_udp},
              {mfargs,{influx_udp,start_link,[]}},
              {restart_type,permanent},
              {significant,false},
              {shutdown,5000},
              {child_type,worker}]
 (supervisor:report_progress/2:1557)
2022-07-16 09:52:44.291117+00:00 [debug] PROGRESS REPORT:
    application: influx_udp
    started_at: nonode@nohost
 (application_controller:info_started/2:2107)
2022-07-16 09:52:44.291186+00:00 [debug] Dependency influx_udp was available already (eturnal_module:ensure_dep/2:283)
2022-07-16 09:52:44.294976+00:00 [info]     host: {127,0,0,1}
    msg: Start clients pool
    options: #{host => "localhost",max_overflow => 1,pool_size => 1,
               port => 8089} (influx_udp:start_pool_/2:239)
2022-07-16 09:52:44.303127+00:00 [info]     msg: Open UDP socket on port
    port: 34188 (influx_udp_worker:init/1:43)
2022-07-16 09:52:44.303300+00:00 [debug] PROGRESS REPORT:
    supervisor: {local,influx_udp_sup}
    started: [{pid,<0.955.0>},
              {id,stats_influx_pool},
              {mfargs,
                  {poolboy,start_link,
                      [[{name,{local,stats_influx_pool}},
                        {worker_module,influx_udp_worker},
                        {size,1},
                        {max_overflow,1}],
                       [{options,
                            #{host => {127,0,0,1},
                              max_overflow => 1,pool_size => 1,
                              port => 8089}}]]}},
              {restart_type,permanent},
              {significant,false},
              {shutdown,5000},
              {child_type,worker}]
 (supervisor:report_progress/2:1557)
2022-07-16 09:52:44.303480+00:00 [info] Started mod_stats_influx (eturnal:start_modules/0:307)
2022-07-16 09:52:44.303639+00:00 [debug] Starting listener 127.0.0.1:34780 (udp) with options:
[{use_turn,true},
 {auth_type,user},
 {turn_ipv4_address,{127,0,0,1}},
 {turn_min_port,49152},
 {turn_max_port,65535},
 {turn_max_allocations,10},
 {turn_max_permissions,10},
 {shaper,100000},
 {turn_blacklist,[{{10,0,0,0},8},
                  {{100,64,0,0},10},
                  {{127,0,0,0},8},
                  {{169,254,0,0},16},
                  {{172,16,0,0},12},
                  {{192,0,0,0},24},
                  {{192,0,2,0},24},
                  {{192,88,99,0},24},
                  {{192,168,0,0},16},
                  {{198,18,0,0},15},
                  {{198,51,100,0},24},
                  {{203,0,113,0},24},
                  {{224,0,0,0},4},
                  {{240,0,0,0},4},
                  {{0,0,0,0,0,0,0,1},128},
                  {{0,0,0,0,0,65535,0,0},96},
                  {{100,65435,0,0,0,0,0,0},96},
                  {{256,0,0,0,0,0,0,0},64},
                  {{8193,3512,0,0,0,0,0,0},32},
                  {{64512,0,0,0,0,0,0,0},7},
                  {{65152,0,0,0,0,0,0,0},10},
                  {{65280,0,0,0,0,0,0,0},8}]},
 {turn_whitelist,[{{127,0,0,1},32},
                  {{203,0,113,113},32},
                  {{8193,3512,0,0,0,0,0,0},64}]},
 {auth_realm,<<"eturnal.net">>},
 {server_name,<<"eturnal">>},
 {auth_fun,fun eturnal:get_password/2},
 {hook_fun,fun eturnal:run_hook/2}] (eturnal:start_listeners/0:340)
2022-07-16 09:52:44.315678+00:00 [info] Listening on 127.0.0.1:34780 (udp) (STUN/TURN) (eturnal:start_listeners/0:345)
2022-07-16 09:52:44.315835+00:00 [debug] Starting listener 127.0.0.1:34780 (tcp) with options:
[{use_turn,false},
 {auth_type,anonymous},
 {turn_ipv4_address,{127,0,0,1}},
 {turn_min_port,49152},
 {turn_max_port,65535},
 {turn_max_allocations,10},
 {turn_max_permissions,10},
 {shaper,100000},
 {turn_blacklist,[{{10,0,0,0},8},
                  {{100,64,0,0},10},
                  {{127,0,0,0},8},
                  {{169,254,0,0},16},
                  {{172,16,0,0},12},
                  {{192,0,0,0},24},
                  {{192,0,2,0},24},
                  {{192,88,99,0},24},
                  {{192,168,0,0},16},
                  {{198,18,0,0},15},
                  {{198,51,100,0},24},
                  {{203,0,113,0},24},
                  {{224,0,0,0},4},
                  {{240,0,0,0},4},
                  {{0,0,0,0,0,0,0,1},128},
                  {{0,0,0,0,0,65535,0,0},96},
                  {{100,65435,0,0,0,0,0,0},96},
                  {{256,0,0,0,0,0,0,0},64},
                  {{8193,3512,0,0,0,0,0,0},32},
                  {{64512,0,0,0,0,0,0,0},7},
                  {{65152,0,0,0,0,0,0,0},10},
                  {{65280,0,0,0,0,0,0,0},8}]},
 {turn_whitelist,[{{127,0,0,1},32},
                  {{203,0,113,113},32},
                  {{8193,3512,0,0,0,0,0,0},64}]},
 {auth_realm,<<"eturnal.net">>},
 {server_name,<<"eturnal">>},
 {auth_fun,fun eturnal:get_password/2},
 {hook_fun,fun eturnal:run_hook/2}] (eturnal:start_listeners/0:340)
2022-07-16 09:52:44.324146+00:00 [info] Listening on 127.0.0.1:34780 (tcp) (STUN only) (eturnal:start_listeners/0:345)
2022-07-16 09:52:44.324315+00:00 [debug] Starting listener 127.0.0.1:53490 (tls) with options:
[{use_turn,false},
 {auth_type,anonymous},
 {tls,true},
 {certfile,<<"run/cert.pem">>},
 {ciphers,<<"HIGH:!aNULL:@STRENGTH">>},
 {protocol_options,<<"no_tlsv1|no_tlsv1_1|cipher_server_preference">>},
 {turn_ipv4_address,{127,0,0,1}},
 {turn_min_port,49152},
 {turn_max_port,65535},
 {turn_max_allocations,10},
 {turn_max_permissions,10},
 {shaper,100000},
 {turn_blacklist,[{{10,0,0,0},8},
                  {{100,64,0,0},10},
                  {{127,0,0,0},8},
                  {{169,254,0,0},16},
                  {{172,16,0,0},12},
                  {{192,0,0,0},24},
                  {{192,0,2,0},24},
                  {{192,88,99,0},24},
                  {{192,168,0,0},16},
                  {{198,18,0,0},15},
                  {{198,51,100,0},24},
                  {{203,0,113,0},24},
                  {{224,0,0,0},4},
                  {{240,0,0,0},4},
                  {{0,0,0,0,0,0,0,1},128},
                  {{0,0,0,0,0,65535,0,0},96},
                  {{100,65435,0,0,0,0,0,0},96},
                  {{256,0,0,0,0,0,0,0},64},
                  {{8193,3512,0,0,0,0,0,0},32},
                  {{64512,0,0,0,0,0,0,0},7},
                  {{65152,0,0,0,0,0,0,0},10},
                  {{65280,0,0,0,0,0,0,0},8}]},
 {turn_whitelist,[{{127,0,0,1},32},
                  {{203,0,113,113},32},
                  {{8193,3512,0,0,0,0,0,0},64}]},
 {auth_realm,<<"eturnal.net">>},
 {server_name,<<"eturnal">>},
 {auth_fun,fun eturnal:get_password/2},
 {hook_fun,fun eturnal:run_hook/2}] (eturnal:start_listeners/0:340)
2022-07-16 09:52:44.324888+00:00 [info] Listening on 127.0.0.1:53490 (tls) (STUN only) (eturnal:start_listeners/0:345)
2022-07-16 09:52:44.324994+00:00 [debug] Starting listener 127.0.0.1:34781 (auto) with options:
[{use_turn,false},
 {auth_type,anonymous},
 {tls,optional},
 {certfile,<<"run/cert.pem">>},
 {ciphers,<<"HIGH:!aNULL:@STRENGTH">>},
 {protocol_options,<<"no_tlsv1|no_tlsv1_1|cipher_server_preference">>},
 {turn_ipv4_address,{127,0,0,1}},
 {turn_min_port,49152},
 {turn_max_port,65535},
 {turn_max_allocations,10},
 {turn_max_permissions,10},
 {shaper,100000},
 {turn_blacklist,[{{10,0,0,0},8},
                  {{100,64,0,0},10},
                  {{127,0,0,0},8},
                  {{169,254,0,0},16},
                  {{172,16,0,0},12},
                  {{192,0,0,0},24},
                  {{192,0,2,0},24},
                  {{192,88,99,0},24},
                  {{192,168,0,0},16},
                  {{198,18,0,0},15},
                  {{198,51,100,0},24},
                  {{203,0,113,0},24},
                  {{224,0,0,0},4},
                  {{240,0,0,0},4},
                  {{0,0,0,0,0,0,0,1},128},
                  {{0,0,0,0,0,65535,0,0},96},
                  {{100,65435,0,0,0,0,0,0},96},
                  {{256,0,0,0,0,0,0,0},64},
                  {{8193,3512,0,0,0,0,0,0},32},
                  {{64512,0,0,0,0,0,0,0},7},
                  {{65152,0,0,0,0,0,0,0},10},
                  {{65280,0,0,0,0,0,0,0},8}]},
 {turn_whitelist,[{{127,0,0,1},32},
                  {{203,0,113,113},32},
                  {{8193,3512,0,0,0,0,0,0},64}]},
 {auth_realm,<<"eturnal.net">>},
 {server_name,<<"eturnal">>},
 {auth_fun,fun eturnal:get_password/2},
 {hook_fun,fun eturnal:run_hook/2}] (eturnal:start_listeners/0:340)
2022-07-16 09:52:44.338371+00:00 [info] Listening on 127.0.0.1:34781 (auto) (STUN only) (eturnal:start_listeners/0:345)
2022-07-16 09:52:44.338530+00:00 [debug] Started 2 modules (eturnal:init/1:96)
2022-07-16 09:52:44.338625+00:00 [debug] Started 4 listeners (eturnal:init/1:97)
2022-07-16 09:52:44.338717+00:00 [debug] PROGRESS REPORT:
    supervisor: {local,eturnal_sup}
    started: [{pid,<0.932.0>},
              {id,eturnal},
              {mfargs,{eturnal,start_link,[]}},
              {restart_type,permanent},
              {significant,false},
              {shutdown,5000},
              {child_type,worker}]
 (supervisor:report_progress/2:1557)
2022-07-16 09:52:44.338823+00:00 [debug] PROGRESS REPORT:
    application: eturnal
    started_at: nonode@nohost
 (application_controller:info_started/2:2107)
2022-07-16 09:52:44.338811+00:00 [debug] No NOTIFY_SOCKET, dropping READY=1 notification (eturnal_systemd:handle_cast/2:109)
2022-07-16 09:52:44.338930+00:00 [debug] Watchdog interval is undefined, hibernating (eturnal_systemd:get_timeout/1:162)
2022-07-16 09:52:44.368809+00:00 [debug] Handling API call: get_info() (eturnal_ctl:get_info/0:135)
2022-07-16 09:52:44.369307+00:00 [debug] eturnal call (get_info) returned {ok,
                                  {eturnal_node_info,<<"1.9.0">>,
                                   {"25","13.0"},
                                   3485,0,138,117584015,2,40958712}} (eturnal_ctl:call/1:452)
2022-07-16 09:52:44.393370+00:00 [debug] Handling API call: get_sessions() (eturnal_ctl:get_sessions/0:106)
2022-07-16 09:52:44.416456+00:00 [debug] Handling API call: get_sessions("alice") (eturnal_ctl:get_sessions/1:116)
2022-07-16 09:52:44.416662+00:00 [debug] Handling API call: disconnect(alice) (eturnal_ctl:disconnect/1:184)
2022-07-16 09:52:44.416787+00:00 [debug] Cannot convert user name to binary: alice (eturnal_ctl:disconnect/1:194)
2022-07-16 09:52:44.440555+00:00 [debug] Handling API call: disconnect("alice") (eturnal_ctl:disconnect/1:184)
2022-07-16 09:52:44.440749+00:00 [debug] Handling API call: disconnect(alice) (eturnal_ctl:disconnect/1:184)
2022-07-16 09:52:44.440867+00:00 [debug] Cannot convert user name to binary: alice (eturnal_ctl:disconnect/1:194)
2022-07-16 09:52:44.464847+00:00 [debug] Handling API call: get_credentials("2009-10-30 11:00:00Z", []) (eturnal_ctl:get_credentials/2:60)
2022-07-16 09:52:44.465036+00:00 [debug] eturnal call ({get_password,<<"1256900400">>}) returned {ok,
                                                         <<"uEKlpcME7MNMMVRV8rUFPCTIFEs=">>} (eturnal_ctl:call/1:452)
2022-07-16 09:52:44.469804+00:00 [debug] Handling API call: get_credentials("86400", "alice") (eturnal_ctl:get_credentials/2:60)
2022-07-16 09:52:44.470025+00:00 [debug] eturnal call ({get_password,<<"1658051564:alice">>}) returned {ok,
                                                               <<"Dhs7sQYPOw3aDkY5VXPV/LBmofU=">>} (eturnal_ctl:call/1:452)
2022-07-16 09:52:44.470140+00:00 [debug] Handling API call: get_password("1658051564:alice") (eturnal_ctl:get_password/1:79)
2022-07-16 09:52:44.470225+00:00 [debug] eturnal call ({get_password,<<"1658051564:alice">>}) returned {ok,
                                                               <<"Dhs7sQYPOw3aDkY5VXPV/LBmofU=">>} (eturnal_ctl:call/1:452)
2022-07-16 09:52:44.470353+00:00 [debug] Handling API call: get_credentials("86400s", "alice") (eturnal_ctl:get_credentials/2:60)
2022-07-16 09:52:44.470461+00:00 [debug] eturnal call ({get_password,<<"1658051564:alice">>}) returned {ok,
                                                               <<"Dhs7sQYPOw3aDkY5VXPV/LBmofU=">>} (eturnal_ctl:call/1:452)
2022-07-16 09:52:44.470547+00:00 [debug] Handling API call: get_password("1658051564:alice") (eturnal_ctl:get_password/1:79)
2022-07-16 09:52:44.470622+00:00 [debug] eturnal call ({get_password,<<"1658051564:alice">>}) returned {ok,
                                                               <<"Dhs7sQYPOw3aDkY5VXPV/LBmofU=">>} (eturnal_ctl:call/1:452)
2022-07-16 09:52:44.470757+00:00 [debug] Handling API call: get_credentials("1440m", "alice") (eturnal_ctl:get_credentials/2:60)
2022-07-16 09:52:44.470856+00:00 [debug] eturnal call ({get_password,<<"1658051564:alice">>}) returned {ok,
                                                               <<"Dhs7sQYPOw3aDkY5VXPV/LBmofU=">>} (eturnal_ctl:call/1:452)
2022-07-16 09:52:44.470949+00:00 [debug] Handling API call: get_password("1658051564:alice") (eturnal_ctl:get_password/1:79)
2022-07-16 09:52:44.471035+00:00 [debug] eturnal call ({get_password,<<"1658051564:alice">>}) returned {ok,
                                                               <<"Dhs7sQYPOw3aDkY5VXPV/LBmofU=">>} (eturnal_ctl:call/1:452)
2022-07-16 09:52:44.471151+00:00 [debug] Handling API call: get_credentials("24h", "alice") (eturnal_ctl:get_credentials/2:60)
2022-07-16 09:52:44.471255+00:00 [debug] eturnal call ({get_password,<<"1658051564:alice">>}) returned {ok,
                                                               <<"Dhs7sQYPOw3aDkY5VXPV/LBmofU=">>} (eturnal_ctl:call/1:452)
2022-07-16 09:52:44.471349+00:00 [debug] Handling API call: get_password("1658051564:alice") (eturnal_ctl:get_password/1:79)
2022-07-16 09:52:44.471428+00:00 [debug] eturnal call ({get_password,<<"1658051564:alice">>}) returned {ok,
                                                               <<"Dhs7sQYPOw3aDkY5VXPV/LBmofU=">>} (eturnal_ctl:call/1:452)
2022-07-16 09:52:44.471538+00:00 [debug] Handling API call: get_credentials("1d", "alice") (eturnal_ctl:get_credentials/2:60)
2022-07-16 09:52:44.471621+00:00 [debug] eturnal call ({get_password,<<"1658051564:alice">>}) returned {ok,
                                                               <<"Dhs7sQYPOw3aDkY5VXPV/LBmofU=">>} (eturnal_ctl:call/1:452)
2022-07-16 09:52:44.471703+00:00 [debug] Handling API call: get_password("1658051564:alice") (eturnal_ctl:get_password/1:79)
2022-07-16 09:52:44.471776+00:00 [debug] eturnal call ({get_password,<<"1658051564:alice">>}) returned {ok,
                                                               <<"Dhs7sQYPOw3aDkY5VXPV/LBmofU=">>} (eturnal_ctl:call/1:452)
2022-07-16 09:52:44.471883+00:00 [debug] Handling API call: get_password("Invalid") (eturnal_ctl:get_password/1:79)
2022-07-16 09:52:44.471939+00:00 [debug] Invalid user name: Invalid (eturnal_ctl:get_password/1:93)
2022-07-16 09:52:44.472001+00:00 [debug] Handling API call: get_credentials("Invalid", []) (eturnal_ctl:get_credentials/2:60)
2022-07-16 09:52:44.472074+00:00 [debug] Invalid argument(s): "Invalid":[] (eturnal_ctl:get_credentials/2:73)
2022-07-16 09:52:44.472150+00:00 [debug] Handling API call: get_password(invalid) (eturnal_ctl:get_password/1:79)
2022-07-16 09:52:44.472211+00:00 [debug] Cannot convert user name to binary: invalid (eturnal_ctl:get_password/1:100)
2022-07-16 09:52:44.472269+00:00 [debug] Handling API call: get_credentials(invalid, []) (eturnal_ctl:get_credentials/2:60)
2022-07-16 09:52:44.472322+00:00 [debug] Invalid argument(s): invalid:[] (eturnal_ctl:get_credentials/2:73)
2022-07-16 09:52:44.472400+00:00 [debug] Handling API call: get_password([invalid]) (eturnal_ctl:get_password/1:79)
2022-07-16 09:52:44.472462+00:00 [debug] Cannot convert user name to binary: [invalid] (eturnal_ctl:get_password/1:100)
2022-07-16 09:52:44.472523+00:00 [debug] Handling API call: get_credentials([invalid], []) (eturnal_ctl:get_credentials/2:60)
2022-07-16 09:52:44.472646+00:00 [debug] Invalid argument(s): [invalid]:[] (eturnal_ctl:get_credentials/2:73)
2022-07-16 09:52:44.472744+00:00 [debug] Handling API call: get_credentials(1256900400, invalid) (eturnal_ctl:get_credentials/2:60)
2022-07-16 09:52:44.472808+00:00 [debug] Invalid argument(s): 1256900400:invalid (eturnal_ctl:get_credentials/2:73)
2022-07-16 09:52:44.496360+00:00 [debug] Handling API call: set_loglevel(debug) (eturnal_ctl:set_loglevel/1:165)
2022-07-16 09:52:44.496584+00:00 [debug] eturnal call ({set_loglevel,debug}) returned ok (eturnal_ctl:call/1:449)
2022-07-16 09:52:44.496732+00:00 [debug] Handling API call: get_loglevel() (eturnal_ctl:get_loglevel/0:155)
2022-07-16 09:52:44.496829+00:00 [debug] eturnal call (get_loglevel) returned {ok,debug} (eturnal_ctl:call/1:452)
2022-07-16 09:52:44.496967+00:00 [debug] Handling API call: set_loglevel(invalid) (eturnal_ctl:set_loglevel/1:165)
2022-07-16 09:52:44.497085+00:00 [debug] Invalid log level: invalid (eturnal_ctl:set_loglevel/1:175)
2022-07-16 09:52:44.497229+00:00 [debug] Handling API call: get_loglevel() (eturnal_ctl:get_loglevel/0:155)
2022-07-16 09:52:44.497310+00:00 [debug] eturnal call (get_loglevel) returned {ok,debug} (eturnal_ctl:call/1:452)
2022-07-16 09:52:44.520811+00:00 [debug] Handling API call: get_version() (eturnal_ctl:get_version/0:145)
2022-07-16 09:52:44.520978+00:00 [debug] eturnal call (get_version) returned {ok,<<"1.9.0">>} (eturnal_ctl:call/1:452)
2022-07-16 09:52:44.544947+00:00 [debug] Handling API call: reload() (eturnal_ctl:reload/0:200)
2022-07-16 09:52:44.546735+00:00 [debug] Calling mod_log_stun:options/0 (eturnal_module:options/1:191)
2022-07-16 09:52:44.546882+00:00 [debug] Calling mod_stats_influx:options/0 (eturnal_module:options/1:191)
2022-07-16 09:52:44.547676+00:00 [warning] TLS enabled without 'tls_crt_file', creating self-signed certificate (eturnal:check_pem_file/0:686)
2022-07-16 09:52:45.494070+00:00 [info] Using new TLS certificate (eturnal:handle_call/3:114)
2022-07-16 09:52:45.494236+00:00 [debug] Reloaded configuration (eturnal:handle_call/3:120)
2022-07-16 09:52:45.494376+00:00 [debug] eturnal call (reload) returned ok (eturnal_ctl:call/1:449)
2022-07-16 09:52:45.494696+00:00 [debug] Handling API call: reload() (eturnal_ctl:reload/0:200)
2022-07-16 09:52:45.496698+00:00 [debug] Calling mod_log_stun:options/0 (eturnal_module:options/1:191)
2022-07-16 09:52:45.496887+00:00 [debug] Calling mod_stats_influx:options/0 (eturnal_module:options/1:191)
2022-07-16 09:52:45.497488+00:00 [debug] Keeping PEM file (run/cert.pem) (eturnal:check_pem_file/0:683)
2022-07-16 09:52:45.497644+00:00 [debug] TLS certificate unchanged (eturnal:handle_call/3:116)
2022-07-16 09:52:45.497804+00:00 [debug] Reloaded configuration (eturnal:handle_call/3:120)
2022-07-16 09:52:45.497900+00:00 [debug] eturnal call (reload) returned ok (eturnal_ctl:call/1:449)
2022-07-16 09:52:45.522261+00:00 [info] Accepting connection: 127.0.0.1:54610 -> 127.0.0.1:34780 [TCP, session bfguchr2sfka] (stun_acceptor:accept/3:158)
2022-07-16 09:52:45.548586+00:00 [info] Accepting connection: 127.0.0.1:51176 -> 127.0.0.1:53490 [TLS, session vwuchazpqmj1] (stun_acceptor:accept/3:158)
2022-07-16 09:52:45.577496+00:00 [debug] Received:
#stun{class = request,method = 3,magic = 554869826,
      trid = 72832905349145315324867760920,raw = <<>>,unsupported = [],
      'ALTERNATE-SERVER' = undefined,'CHANNEL-NUMBER' = undefined,
      'DATA' = undefined,'DONT-FRAGMENT' = false,'ERROR-CODE' = undefined,
      'LIFETIME' = undefined,'MAPPED-ADDRESS' = undefined,
      'MESSAGE-INTEGRITY' = undefined,'NONCE' = undefined,'REALM' = undefined,
      'REQUESTED-ADDRESS-FAMILY' = undefined,
      'REQUESTED-TRANSPORT' = undefined,'SOFTWARE' = undefined,
      'UNKNOWN-ATTRIBUTES' = [],'USERNAME' = undefined,
      'XOR-MAPPED-ADDRESS' = undefined,'XOR-PEER-ADDRESS' = [],
      'XOR-RELAYED-ADDRESS' = undefined} (stun:udp_recv/5:111)
2022-07-16 09:52:45.577638+00:00 [debug] Sending:
#stun{class = error,method = 3,magic = 554869826,
      trid = 72832905349145315324867760920,raw = <<>>,unsupported = [],
      'ALTERNATE-SERVER' = undefined,'CHANNEL-NUMBER' = undefined,
      'DATA' = undefined,'DONT-FRAGMENT' = false,
      'ERROR-CODE' = {401,<<"Unauthorized">>},
      'LIFETIME' = undefined,'MAPPED-ADDRESS' = undefined,
      'MESSAGE-INTEGRITY' = undefined,'NONCE' = <<"2932711214">>,
      'REALM' = <<"eturnal.net">>,'REQUESTED-ADDRESS-FAMILY' = undefined,
      'REQUESTED-TRANSPORT' = undefined,'SOFTWARE' = <<"eturnal">>,
      'UNKNOWN-ATTRIBUTES' = [],'USERNAME' = undefined,
      'XOR-MAPPED-ADDRESS' = undefined,'XOR-PEER-ADDRESS' = [],
      'XOR-RELAYED-ADDRESS' = undefined} (stun:send/3:445)
2022-07-16 09:52:45.577942+00:00 [debug] Received:
#stun{class = request,method = 3,magic = 554869826,
      trid = 62740911332374653864765528483,
      raw = <<0,3,0,80,33,18,164,66,202,186,16,194,131,152,203,122,96,35,153,
              163,0,25,0,4,17,0,0,0,0,6,0,10,50,49,52,53,57,49,51,50,48,48,0,0,
              0,20,0,11,101,116,117,114,110,97,108,46,110,101,116,0,0,21,0,10,
              50,57,51,50,55,49,49,50,49,52,0,0>>,
      unsupported = [],'ALTERNATE-SERVER' = undefined,
      'CHANNEL-NUMBER' = undefined,'DATA' = undefined,'DONT-FRAGMENT' = false,
      'ERROR-CODE' = undefined,'LIFETIME' = undefined,
      'MAPPED-ADDRESS' = undefined,
      'MESSAGE-INTEGRITY' = <<130,219,159,204,17,140,216,209,178,244,128,190,
                              149,242,111,226,194,31,174,36>>,
      'NONCE' = <<"2932711214">>,'REALM' = <<"eturnal.net">>,
      'REQUESTED-ADDRESS-FAMILY' = undefined,'REQUESTED-TRANSPORT' = udp,
      'SOFTWARE' = undefined,'UNKNOWN-ATTRIBUTES' = [],
      'USERNAME' = <<"2145913200">>,'XOR-MAPPED-ADDRESS' = undefined,
      'XOR-PEER-ADDRESS' = [],'XOR-RELAYED-ADDRESS' = undefined} (stun:udp_recv/5:111)
2022-07-16 09:52:45.578079+00:00 [debug] Looking up password for: 2145913200 [UDP, session 6qarpjgigu7f, user 2145913200, client 127.0.0.1:51726] (eturnal:get_password/2:209)
2022-07-16 09:52:45.578144+00:00 [info] Accepting long-term STUN/TURN authentication [UDP, session 6qarpjgigu7f, user 2145913200, client 127.0.0.1:51726] (stun:process/2:249)
2022-07-16 09:52:45.580785+00:00 [debug] Running 'turn_session_start' hook [UDP, session 6qarpjgigu7f, user 2145913200, client 127.0.0.1:51726] (turn:run_hook/2:717)
2022-07-16 09:52:45.580865+00:00 [debug] Got 'turn_session_start' event [UDP, session 6qarpjgigu7f, user 2145913200, client 127.0.0.1:51726] (eturnal_module:handle_event/2:176)
2022-07-16 09:52:45.581077+00:00 [notice] Creating TURN allocation (lifetime: 599 seconds) [UDP, session 6qarpjgigu7f, user 2145913200, client 127.0.0.1:51726, relay 127.0.0.1:49983] (turn:wait_for_allocate/2:213)
2022-07-16 09:52:45.581174+00:00 [debug] Sending:
#stun{class = response,method = 3,magic = 554869826,
      trid = 62740911332374653864765528483,raw = <<>>,unsupported = [],
      'ALTERNATE-SERVER' = undefined,'CHANNEL-NUMBER' = undefined,
      'DATA' = undefined,'DONT-FRAGMENT' = false,'ERROR-CODE' = undefined,
      'LIFETIME' = 599,'MAPPED-ADDRESS' = undefined,
      'MESSAGE-INTEGRITY' = undefined,'NONCE' = undefined,'REALM' = undefined,
      'REQUESTED-ADDRESS-FAMILY' = undefined,
      'REQUESTED-TRANSPORT' = undefined,'SOFTWARE' = <<"eturnal">>,
      'UNKNOWN-ATTRIBUTES' = [],'USERNAME' = undefined,
      'XOR-MAPPED-ADDRESS' = {{127,0,0,1},51726},
      'XOR-PEER-ADDRESS' = [],
      'XOR-RELAYED-ADDRESS' = {{127,0,0,1},49983}} (turn:send/2:527)
2022-07-16 09:52:45.581446+00:00 [debug] Received:
#stun{class = request,method = 4,magic = 554869826,
      trid = 23098706963918460966008940467,
      raw = <<0,4,0,80,33,18,164,66,74,162,205,117,152,37,129,80,255,114,103,
              179,0,6,0,10,50,49,52,53,57,49,51,50,48,48,0,0,0,20,0,11,101,116,
              117,114,110,97,108,46,110,101,116,0,0,21,0,10,50,57,51,50,55,49,
              49,50,49,52,0,0,0,13,0,4,0,0,0,0>>,
      unsupported = [],'ALTERNATE-SERVER' = undefined,
      'CHANNEL-NUMBER' = undefined,'DATA' = undefined,'DONT-FRAGMENT' = false,
      'ERROR-CODE' = undefined,'LIFETIME' = 0,'MAPPED-ADDRESS' = undefined,
      'MESSAGE-INTEGRITY' = <<238,173,118,26,249,169,2,47,59,156,222,113,193,
                              38,68,245,179,230,24,168>>,
      'NONCE' = <<"2932711214">>,'REALM' = <<"eturnal.net">>,
      'REQUESTED-ADDRESS-FAMILY' = undefined,
      'REQUESTED-TRANSPORT' = undefined,'SOFTWARE' = undefined,
      'UNKNOWN-ATTRIBUTES' = [],'USERNAME' = <<"2145913200">>,
      'XOR-MAPPED-ADDRESS' = undefined,'XOR-PEER-ADDRESS' = [],
      'XOR-RELAYED-ADDRESS' = undefined} (stun:udp_recv/5:111)
2022-07-16 09:52:45.581563+00:00 [debug] Looking up password for: 2145913200 [UDP, session opb367owb7db, user 2145913200, client 127.0.0.1:51726] (eturnal:get_password/2:209)
2022-07-16 09:52:45.581633+00:00 [info] Accepting long-term STUN/TURN authentication [UDP, session opb367owb7db, user 2145913200, client 127.0.0.1:51726] (stun:process/2:249)
2022-07-16 09:52:45.581698+00:00 [info] Client requested closing the TURN session [UDP, session 6qarpjgigu7f, user 2145913200, client 127.0.0.1:51726, relay 127.0.0.1:49983] (turn:active/2:268)
2022-07-16 09:52:45.581762+00:00 [debug] Sending:
#stun{class = response,method = 4,magic = 554869826,
      trid = 23098706963918460966008940467,raw = <<>>,unsupported = [],
      'ALTERNATE-SERVER' = undefined,'CHANNEL-NUMBER' = undefined,
      'DATA' = undefined,'DONT-FRAGMENT' = false,'ERROR-CODE' = undefined,
      'LIFETIME' = 0,'MAPPED-ADDRESS' = undefined,
      'MESSAGE-INTEGRITY' = undefined,'NONCE' = undefined,'REALM' = undefined,
      'REQUESTED-ADDRESS-FAMILY' = undefined,
      'REQUESTED-TRANSPORT' = undefined,'SOFTWARE' = <<"eturnal">>,
      'UNKNOWN-ATTRIBUTES' = [],'USERNAME' = undefined,
      'XOR-MAPPED-ADDRESS' = undefined,'XOR-PEER-ADDRESS' = [],
      'XOR-RELAYED-ADDRESS' = undefined} (turn:send/2:527)
2022-07-16 09:52:45.581851+00:00 [info] Deleting TURN allocation [UDP, session 6qarpjgigu7f, user 2145913200, client 127.0.0.1:51726, relay 127.0.0.1:49983] (turn:terminate/3:460)
2022-07-16 09:52:45.581917+00:00 [notice] Relayed 0 KiB (in 0 B / 0 packets, out 0 B / 0 packets), duration: 0 seconds [UDP, session 6qarpjgigu7f, user 2145913200, client 127.0.0.1:51726, relay 127.0.0.1:49983] (turn:terminate/3:467)
2022-07-16 09:52:45.581977+00:00 [debug] Running 'turn_session_stop' hook [UDP, session 6qarpjgigu7f, user 2145913200, client 127.0.0.1:51726, relay 127.0.0.1:49983] (turn:run_hook/2:717)
2022-07-16 09:52:45.582024+00:00 [debug] Got 'turn_session_stop' event [UDP, session 6qarpjgigu7f, user 2145913200, client 127.0.0.1:51726, relay 127.0.0.1:49983] (eturnal_module:handle_event/2:176)
2022-07-16 09:52:45.582065+00:00 [debug] Calling mod_stats_influx:handle_event/2 [UDP, session 6qarpjgigu7f, user 2145913200, client 127.0.0.1:51726, relay 127.0.0.1:49983] (eturnal_module:handle_event/2:179)
2022-07-16 09:52:45.582112+00:00 [debug] Writing stats of TURN session 6qarpjgigu7f to InfluxDB [UDP, session 6qarpjgigu7f, user 2145913200, client 127.0.0.1:51726, relay 127.0.0.1:49983] (mod_stats_influx:on_turn_session_stop/1:81)
2022-07-16 09:52:45.606716+00:00 [debug] Received:
#stun{class = request,method = 1,magic = 554869826,
      trid = 24772566837610283648158955175,raw = <<>>,unsupported = [],
      'ALTERNATE-SERVER' = undefined,'CHANNEL-NUMBER' = undefined,
      'DATA' = undefined,'DONT-FRAGMENT' = false,'ERROR-CODE' = undefined,
      'LIFETIME' = undefined,'MAPPED-ADDRESS' = undefined,
      'MESSAGE-INTEGRITY' = undefined,'NONCE' = undefined,'REALM' = undefined,
      'REQUESTED-ADDRESS-FAMILY' = undefined,
      'REQUESTED-TRANSPORT' = undefined,'SOFTWARE' = undefined,
      'UNKNOWN-ATTRIBUTES' = [],'USERNAME' = undefined,
      'XOR-MAPPED-ADDRESS' = undefined,'XOR-PEER-ADDRESS' = [],
      'XOR-RELAYED-ADDRESS' = undefined} (stun:udp_recv/5:111)
2022-07-16 09:52:45.606795+00:00 [debug] Responding to STUN request [UDP, session 7pipcxnvzr3l, anonymous, client 127.0.0.1:36372] (stun:process/4:312)
2022-07-16 09:52:45.606832+00:00 [debug] Running 'stun_query' hook [UDP, session 7pipcxnvzr3l, anonymous, client 127.0.0.1:36372] (stun:run_hook/3:820)
2022-07-16 09:52:45.606891+00:00 [debug] Got 'stun_query' event [UDP, session 7pipcxnvzr3l, anonymous, client 127.0.0.1:36372] (eturnal_module:handle_event/2:176)
2022-07-16 09:52:45.606925+00:00 [debug] Calling mod_log_stun:handle_event/2 [UDP, session 7pipcxnvzr3l, anonymous, client 127.0.0.1:36372] (eturnal_module:handle_event/2:179)
2022-07-16 09:52:45.606953+00:00 [info] Responding to STUN request [UDP, session 7pipcxnvzr3l, anonymous, client 127.0.0.1:36372] (mod_log_stun:handle_event/2:45)
2022-07-16 09:52:45.607004+00:00 [debug] Calling mod_stats_influx:handle_event/2 [UDP, session 7pipcxnvzr3l, anonymous, client 127.0.0.1:36372] (eturnal_module:handle_event/2:179)
2022-07-16 09:52:45.607045+00:00 [debug] Writing STUN query event to InfluxDB [UDP, session 7pipcxnvzr3l, anonymous, client 127.0.0.1:36372] (mod_stats_influx:on_stun_query/1:70)
2022-07-16 09:52:45.607205+00:00 [debug] Sending:
#stun{class = response,method = 1,magic = 554869826,
      trid = 24772566837610283648158955175,raw = <<>>,unsupported = [],
      'ALTERNATE-SERVER' = undefined,'CHANNEL-NUMBER' = undefined,
      'DATA' = undefined,'DONT-FRAGMENT' = false,'ERROR-CODE' = undefined,
      'LIFETIME' = undefined,'MAPPED-ADDRESS' = undefined,
      'MESSAGE-INTEGRITY' = undefined,'NONCE' = undefined,'REALM' = undefined,
      'REQUESTED-ADDRESS-FAMILY' = undefined,
      'REQUESTED-TRANSPORT' = undefined,'SOFTWARE' = <<"eturnal">>,
      'UNKNOWN-ATTRIBUTES' = [],'USERNAME' = undefined,
      'XOR-MAPPED-ADDRESS' = {{127,0,0,1},36372},
      'XOR-PEER-ADDRESS' = [],'XOR-RELAYED-ADDRESS' = undefined} (stun:send/3:445)
2022-07-16 09:52:45.631660+00:00 [info] Accepting connection: 127.0.0.1:54612 -> 127.0.0.1:34780 [TCP, session e8l5ipe6ty2l] (stun_acceptor:accept/3:158)
2022-07-16 09:52:45.631880+00:00 [debug] Received:
#stun{class = request,method = 1,magic = 554869826,
      trid = 51433046135866196732762775591,raw = <<>>,unsupported = [],
      'ALTERNATE-SERVER' = undefined,'CHANNEL-NUMBER' = undefined,
      'DATA' = undefined,'DONT-FRAGMENT' = false,'ERROR-CODE' = undefined,
      'LIFETIME' = undefined,'MAPPED-ADDRESS' = undefined,
      'MESSAGE-INTEGRITY' = undefined,'NONCE' = undefined,'REALM' = undefined,
      'REQUESTED-ADDRESS-FAMILY' = undefined,
      'REQUESTED-TRANSPORT' = undefined,'SOFTWARE' = undefined,
      'UNKNOWN-ATTRIBUTES' = [],'USERNAME' = undefined,
      'XOR-MAPPED-ADDRESS' = undefined,'XOR-PEER-ADDRESS' = [],
      'XOR-RELAYED-ADDRESS' = undefined} (stun:process_data/3:404)
2022-07-16 09:52:45.631991+00:00 [debug] Responding to STUN request [TCP, session e8l5ipe6ty2l, anonymous, client 127.0.0.1:54612] (stun:process/4:312)
2022-07-16 09:52:45.632048+00:00 [debug] Running 'stun_query' hook [TCP, session e8l5ipe6ty2l, anonymous, client 127.0.0.1:54612] (stun:run_hook/3:820)
2022-07-16 09:52:45.632097+00:00 [debug] Got 'stun_query' event [TCP, session e8l5ipe6ty2l, anonymous, client 127.0.0.1:54612] (eturnal_module:handle_event/2:176)
2022-07-16 09:52:45.632136+00:00 [debug] Calling mod_log_stun:handle_event/2 [TCP, session e8l5ipe6ty2l, anonymous, client 127.0.0.1:54612] (eturnal_module:handle_event/2:179)
2022-07-16 09:52:45.632178+00:00 [info] Responding to STUN request [TCP, session e8l5ipe6ty2l, anonymous, client 127.0.0.1:54612] (mod_log_stun:handle_event/2:45)
2022-07-16 09:52:45.632216+00:00 [debug] Calling mod_stats_influx:handle_event/2 [TCP, session e8l5ipe6ty2l, anonymous, client 127.0.0.1:54612] (eturnal_module:handle_event/2:179)
2022-07-16 09:52:45.632253+00:00 [debug] Writing STUN query event to InfluxDB [TCP, session e8l5ipe6ty2l, anonymous, client 127.0.0.1:54612] (mod_stats_influx:on_stun_query/1:70)
2022-07-16 09:52:45.632462+00:00 [debug] Sending:
#stun{class = response,method = 1,magic = 554869826,
      trid = 51433046135866196732762775591,raw = <<>>,unsupported = [],
      'ALTERNATE-SERVER' = undefined,'CHANNEL-NUMBER' = undefined,
      'DATA' = undefined,'DONT-FRAGMENT' = false,'ERROR-CODE' = undefined,
      'LIFETIME' = undefined,'MAPPED-ADDRESS' = undefined,
      'MESSAGE-INTEGRITY' = undefined,'NONCE' = undefined,'REALM' = undefined,
      'REQUESTED-ADDRESS-FAMILY' = undefined,
      'REQUESTED-TRANSPORT' = undefined,'SOFTWARE' = <<"P1 STUN library">>,
      'UNKNOWN-ATTRIBUTES' = [],'USERNAME' = undefined,
      'XOR-MAPPED-ADDRESS' = {{127,0,0,1},54612},
      'XOR-PEER-ADDRESS' = [],'XOR-RELAYED-ADDRESS' = undefined} (stun:send/3:445)
2022-07-16 09:52:45.632692+00:00 [info] Connection reset by peer [TCP, session e8l5ipe6ty2l, anonymous, client 127.0.0.1:54612] (stun:handle_info/3:170)
2022-07-16 09:52:45.655753+00:00 [info] Accepting connection: 127.0.0.1:51178 -> 127.0.0.1:53490 [TLS, session 7x6sbzipv7nv] (stun_acceptor:accept/3:158)
2022-07-16 09:52:45.765263+00:00 [debug] Received:
#stun{class = request,method = 1,magic = 554869826,
      trid = 44359551817890773313220337265,raw = <<>>,unsupported = [],
      'ALTERNATE-SERVER' = undefined,'CHANNEL-NUMBER' = undefined,
      'DATA' = undefined,'DONT-FRAGMENT' = false,'ERROR-CODE' = undefined,
      'LIFETIME' = undefined,'MAPPED-ADDRESS' = undefined,
      'MESSAGE-INTEGRITY' = undefined,'NONCE' = undefined,'REALM' = undefined,
      'REQUESTED-ADDRESS-FAMILY' = undefined,
      'REQUESTED-TRANSPORT' = undefined,'SOFTWARE' = undefined,
      'UNKNOWN-ATTRIBUTES' = [],'USERNAME' = undefined,
      'XOR-MAPPED-ADDRESS' = undefined,'XOR-PEER-ADDRESS' = [],
      'XOR-RELAYED-ADDRESS' = undefined} (stun:process_data/3:404)
2022-07-16 09:52:45.765407+00:00 [debug] Responding to STUN request [TLS, session 7x6sbzipv7nv, anonymous, client 127.0.0.1:51178] (stun:process/4:312)
2022-07-16 09:52:45.765465+00:00 [debug] Running 'stun_query' hook [TLS, session 7x6sbzipv7nv, anonymous, client 127.0.0.1:51178] (stun:run_hook/3:820)
2022-07-16 09:52:45.765520+00:00 [debug] Got 'stun_query' event [TLS, session 7x6sbzipv7nv, anonymous, client 127.0.0.1:51178] (eturnal_module:handle_event/2:176)
2022-07-16 09:52:45.765562+00:00 [debug] Calling mod_log_stun:handle_event/2 [TLS, session 7x6sbzipv7nv, anonymous, client 127.0.0.1:51178] (eturnal_module:handle_event/2:179)
2022-07-16 09:52:45.765605+00:00 [info] Responding to STUN request [TLS, session 7x6sbzipv7nv, anonymous, client 127.0.0.1:51178] (mod_log_stun:handle_event/2:45)
2022-07-16 09:52:45.765643+00:00 [debug] Calling mod_stats_influx:handle_event/2 [TLS, session 7x6sbzipv7nv, anonymous, client 127.0.0.1:51178] (eturnal_module:handle_event/2:179)
2022-07-16 09:52:45.765680+00:00 [debug] Writing STUN query event to InfluxDB [TLS, session 7x6sbzipv7nv, anonymous, client 127.0.0.1:51178] (mod_stats_influx:on_stun_query/1:70)
2022-07-16 09:52:45.765889+00:00 [debug] Sending:
#stun{class = response,method = 1,magic = 554869826,
      trid = 44359551817890773313220337265,raw = <<>>,unsupported = [],
      'ALTERNATE-SERVER' = undefined,'CHANNEL-NUMBER' = undefined,
      'DATA' = undefined,'DONT-FRAGMENT' = false,'ERROR-CODE' = undefined,
      'LIFETIME' = undefined,'MAPPED-ADDRESS' = undefined,
      'MESSAGE-INTEGRITY' = undefined,'NONCE' = undefined,'REALM' = undefined,
      'REQUESTED-ADDRESS-FAMILY' = undefined,
      'REQUESTED-TRANSPORT' = undefined,'SOFTWARE' = <<"P1 STUN library">>,
      'UNKNOWN-ATTRIBUTES' = [],'USERNAME' = undefined,
      'XOR-MAPPED-ADDRESS' = {{127,0,0,1},51178},
      'XOR-PEER-ADDRESS' = [],'XOR-RELAYED-ADDRESS' = undefined} (stun:send/3:445)
2022-07-16 09:52:45.766217+00:00 [info] Connection reset by peer [TLS, session 7x6sbzipv7nv, anonymous, client 127.0.0.1:51178] (stun:handle_info/3:170)
2022-07-16 09:52:45.789677+00:00 [info] Accepting connection: 127.0.0.1:48194 -> 127.0.0.1:34781 [TCP|TLS, session 8nf6hg1kss6x] (stun_acceptor:accept/3:158)
2022-07-16 09:52:45.789791+00:00 [debug] Determined transport protocol: TCP (stun:is_tls_handshake/1:768)
2022-07-16 09:52:45.790064+00:00 [debug] Received:
#stun{class = request,method = 1,magic = 554869826,
      trid = 33219594830296726706988443258,raw = <<>>,unsupported = [],
      'ALTERNATE-SERVER' = undefined,'CHANNEL-NUMBER' = undefined,
      'DATA' = undefined,'DONT-FRAGMENT' = false,'ERROR-CODE' = undefined,
      'LIFETIME' = undefined,'MAPPED-ADDRESS' = undefined,
      'MESSAGE-INTEGRITY' = undefined,'NONCE' = undefined,'REALM' = undefined,
      'REQUESTED-ADDRESS-FAMILY' = undefined,
      'REQUESTED-TRANSPORT' = undefined,'SOFTWARE' = undefined,
      'UNKNOWN-ATTRIBUTES' = [],'USERNAME' = undefined,
      'XOR-MAPPED-ADDRESS' = undefined,'XOR-PEER-ADDRESS' = [],
      'XOR-RELAYED-ADDRESS' = undefined} (stun:process_data/3:404)
2022-07-16 09:52:45.790157+00:00 [debug] Responding to STUN request [TCP, session 8nf6hg1kss6x, anonymous, client 127.0.0.1:48194] (stun:process/4:312)
2022-07-16 09:52:45.790192+00:00 [debug] Running 'stun_query' hook [TCP, session 8nf6hg1kss6x, anonymous, client 127.0.0.1:48194] (stun:run_hook/3:820)
2022-07-16 09:52:45.790226+00:00 [debug] Got 'stun_query' event [TCP, session 8nf6hg1kss6x, anonymous, client 127.0.0.1:48194] (eturnal_module:handle_event/2:176)
2022-07-16 09:52:45.790250+00:00 [debug] Calling mod_log_stun:handle_event/2 [TCP, session 8nf6hg1kss6x, anonymous, client 127.0.0.1:48194] (eturnal_module:handle_event/2:179)
2022-07-16 09:52:45.790296+00:00 [info] Responding to STUN request [TCP, session 8nf6hg1kss6x, anonymous, client 127.0.0.1:48194] (mod_log_stun:handle_event/2:45)
2022-07-16 09:52:45.790326+00:00 [debug] Calling mod_stats_influx:handle_event/2 [TCP, session 8nf6hg1kss6x, anonymous, client 127.0.0.1:48194] (eturnal_module:handle_event/2:179)
2022-07-16 09:52:45.790350+00:00 [debug] Writing STUN query event to InfluxDB [TCP, session 8nf6hg1kss6x, anonymous, client 127.0.0.1:48194] (mod_stats_influx:on_stun_query/1:70)
2022-07-16 09:52:45.790479+00:00 [debug] Sending:
#stun{class = response,method = 1,magic = 554869826,
      trid = 33219594830296726706988443258,raw = <<>>,unsupported = [],
      'ALTERNATE-SERVER' = undefined,'CHANNEL-NUMBER' = undefined,
      'DATA' = undefined,'DONT-FRAGMENT' = false,'ERROR-CODE' = undefined,
      'LIFETIME' = undefined,'MAPPED-ADDRESS' = undefined,
      'MESSAGE-INTEGRITY' = undefined,'NONCE' = undefined,'REALM' = undefined,
      'REQUESTED-ADDRESS-FAMILY' = undefined,
      'REQUESTED-TRANSPORT' = undefined,'SOFTWARE' = <<"P1 STUN library">>,
      'UNKNOWN-ATTRIBUTES' = [],'USERNAME' = undefined,
      'XOR-MAPPED-ADDRESS' = {{127,0,0,1},48194},
      'XOR-PEER-ADDRESS' = [],'XOR-RELAYED-ADDRESS' = undefined} (stun:send/3:445)
2022-07-16 09:52:45.790648+00:00 [info] Connection reset by peer [TCP, session 8nf6hg1kss6x, anonymous, client 127.0.0.1:48194] (stun:handle_info/3:170)
2022-07-16 09:52:45.825055+00:00 [info] Accepting connection: 127.0.0.1:48196 -> 127.0.0.1:34781 [TCP|TLS, session 3zm8h7mimt3b] (stun_acceptor:accept/3:158)
2022-07-16 09:52:45.825212+00:00 [debug] Determined transport protocol: TLS (stun:is_tls_handshake/1:765)
2022-07-16 09:52:45.934274+00:00 [debug] Received:
#stun{class = request,method = 1,magic = 554869826,
      trid = 74202357086141634863449453107,raw = <<>>,unsupported = [],
      'ALTERNATE-SERVER' = undefined,'CHANNEL-NUMBER' = undefined,
      'DATA' = undefined,'DONT-FRAGMENT' = false,'ERROR-CODE' = undefined,
      'LIFETIME' = undefined,'MAPPED-ADDRESS' = undefined,
      'MESSAGE-INTEGRITY' = undefined,'NONCE' = undefined,'REALM' = undefined,
      'REQUESTED-ADDRESS-FAMILY' = undefined,
      'REQUESTED-TRANSPORT' = undefined,'SOFTWARE' = undefined,
      'UNKNOWN-ATTRIBUTES' = [],'USERNAME' = undefined,
      'XOR-MAPPED-ADDRESS' = undefined,'XOR-PEER-ADDRESS' = [],
      'XOR-RELAYED-ADDRESS' = undefined} (stun:process_data/3:404)
2022-07-16 09:52:45.934408+00:00 [debug] Responding to STUN request [TLS, session 3zm8h7mimt3b, anonymous, client 127.0.0.1:48196] (stun:process/4:312)
2022-07-16 09:52:45.934453+00:00 [debug] Running 'stun_query' hook [TLS, session 3zm8h7mimt3b, anonymous, client 127.0.0.1:48196] (stun:run_hook/3:820)
2022-07-16 09:52:45.934496+00:00 [debug] Got 'stun_query' event [TLS, session 3zm8h7mimt3b, anonymous, client 127.0.0.1:48196] (eturnal_module:handle_event/2:176)
2022-07-16 09:52:45.934532+00:00 [debug] Calling mod_log_stun:handle_event/2 [TLS, session 3zm8h7mimt3b, anonymous, client 127.0.0.1:48196] (eturnal_module:handle_event/2:179)
2022-07-16 09:52:45.934569+00:00 [info] Responding to STUN request [TLS, session 3zm8h7mimt3b, anonymous, client 127.0.0.1:48196] (mod_log_stun:handle_event/2:45)
2022-07-16 09:52:45.934600+00:00 [debug] Calling mod_stats_influx:handle_event/2 [TLS, session 3zm8h7mimt3b, anonymous, client 127.0.0.1:48196] (eturnal_module:handle_event/2:179)
2022-07-16 09:52:45.934637+00:00 [debug] Writing STUN query event to InfluxDB [TLS, session 3zm8h7mimt3b, anonymous, client 127.0.0.1:48196] (mod_stats_influx:on_stun_query/1:70)
2022-07-16 09:52:45.934803+00:00 [debug] Sending:
#stun{class = response,method = 1,magic = 554869826,
      trid = 74202357086141634863449453107,raw = <<>>,unsupported = [],
      'ALTERNATE-SERVER' = undefined,'CHANNEL-NUMBER' = undefined,
      'DATA' = undefined,'DONT-FRAGMENT' = false,'ERROR-CODE' = undefined,
      'LIFETIME' = undefined,'MAPPED-ADDRESS' = undefined,
      'MESSAGE-INTEGRITY' = undefined,'NONCE' = undefined,'REALM' = undefined,
      'REQUESTED-ADDRESS-FAMILY' = undefined,
      'REQUESTED-TRANSPORT' = undefined,'SOFTWARE' = <<"P1 STUN library">>,
      'UNKNOWN-ATTRIBUTES' = [],'USERNAME' = undefined,
      'XOR-MAPPED-ADDRESS' = {{127,0,0,1},48196},
      'XOR-PEER-ADDRESS' = [],'XOR-RELAYED-ADDRESS' = undefined} (stun:send/3:445)
2022-07-16 09:52:45.935052+00:00 [info] Connection reset by peer [TLS, session 3zm8h7mimt3b, anonymous, client 127.0.0.1:48196] (stun:handle_info/3:170)
2022-07-16 09:52:45.958838+00:00 [debug] Terminating eturnal (shutdown) (eturnal:terminate/2:174)
2022-07-16 09:52:45.958842+00:00 [debug] No NOTIFY_SOCKET, dropping STOPPING=1 notification (eturnal_systemd:handle_cast/2:109)
2022-07-16 09:52:45.959011+00:00 [debug] Watchdog interval is undefined, hibernating (eturnal_systemd:get_timeout/1:162)
2022-07-16 09:52:45.959049+00:00 [info] Stopped listening on 127.0.0.1:34780 (udp) (eturnal:stop_listeners/1:361)
2022-07-16 09:52:45.959330+00:00 [info] Stopped listening on 127.0.0.1:34780 (tcp) (eturnal:stop_listeners/1:361)
2022-07-16 09:52:45.959506+00:00 [info] Stopped listening on 127.0.0.1:53490 (tls) (eturnal:stop_listeners/1:361)
2022-07-16 09:52:45.959693+00:00 [info] Stopped listening on 127.0.0.1:34781 (auto) (eturnal:stop_listeners/1:361)
2022-07-16 09:52:45.960374+00:00 [debug] Calling mod_log_stun:stop/1 (eturnal_module:stop/1:162)
2022-07-16 09:52:45.960495+00:00 [debug] Stopping mod_log_stun (mod_log_stun:stop/0:50)
2022-07-16 09:52:45.960620+00:00 [info] Stopped mod_log_stun (eturnal:stop_modules/1:320)
2022-07-16 09:52:45.962587+00:00 [debug] Calling mod_stats_influx:stop/1 (eturnal_module:stop/1:162)
2022-07-16 09:52:45.962728+00:00 [debug] Stopping mod_stats_influx (mod_stats_influx:stop/0:55)
2022-07-16 09:52:45.962855+00:00 [info] Stopped mod_stats_influx (eturnal:stop_modules/1:320)
2022-07-16 09:52:45.963679+00:00 [debug] Removed run/cert.pem (eturnal:clean_run_dir/0:762)
2022-07-16 09:52:45.963869+00:00 [debug] Terminating eturnal_systemd (shutdown) (eturnal_systemd:terminate/2:136)
2022-07-16 09:52:45.964101+00:00 [notice] Stopping eturnal 1.9.0 on Erlang/OTP 25 (ERTS 13.0) (eturnal_app:stop/1:54)
