2022-08-09 19:09:38.958903+00:00 [notice] Starting eturnal 1.10.1 on Erlang/OTP 25 (ERTS 13.0) (eturnal_app:start/2:34)
2022-08-09 19:09:38.959416+00:00 [debug] Starting supervisor: eturnal_sup (eturnal_sup:start_link/0:31)
2022-08-09 19:09:38.959792+00:00 [debug] Configuring eturnal_sup supervisor: [#{id => systemd,
                                       start =>
                                           {eturnal_systemd,start_link,[]}},
                                     #{id => eturnal,
                                       start => {eturnal,start_link,[]}}] (eturnal_sup:init/0:39)
2022-08-09 19:09:38.962149+00:00 [info] Got no NOTIFY_SOCKET, notifications disabled (eturnal_systemd:init/1:94)
2022-08-09 19:09:38.962373+00:00 [debug] PROGRESS REPORT:
    supervisor: {local,eturnal_sup}
    started: [{pid,<0.1197.0>},
              {id,systemd},
              {mfargs,{eturnal_systemd,start_link,[]}},
              {restart_type,permanent},
              {significant,false},
              {shutdown,5000},
              {child_type,worker}]
 (supervisor:report_progress/2:1557)
2022-08-09 19:09:38.962514+00:00 [info] Relay IPv4 address: 127.0.0.1 (port range: 49152-65535) (eturnal:log_relay_addresses/0:319)
2022-08-09 19:09:38.962699+00:00 [info] Relay IPv6 address not configured (eturnal:log_relay_addresses/0:329)
2022-08-09 19:09:38.979970+00:00 [info] Cannot determine control query port: noport (eturnal:log_control_listener/0:344)
2022-08-09 19:09:38.980537+00:00 [debug] Using run directory run (eturnal:ensure_run_dir/0:792)
2022-08-09 19:09:38.980697+00:00 [debug] TURN configuration seems fine (eturnal:check_turn_config/0:540)
2022-08-09 19:09:38.980839+00:00 [warning] TLS enabled without 'tls_crt_file', creating self-signed certificate (eturnal:check_pem_file/0:738)
2022-08-09 19:09:39.866480+00:00 [debug] Calling mod_log_stun:start/0 (eturnal_module:start/1:143)
2022-08-09 19:09:39.866791+00:00 [debug] Starting mod_log_stun (mod_log_stun:start/0:38)
2022-08-09 19:09:39.867008+00:00 [info] Started mod_log_stun (eturnal:start_modules/0:355)
2022-08-09 19:09:39.867184+00:00 [debug] Calling mod_stats_influx:start/0 (eturnal_module:start/1:143)
2022-08-09 19:09:39.867344+00:00 [debug] Starting mod_stats_influx (mod_stats_influx:start/0:37)
2022-08-09 19:09:39.871198+00:00 [debug] PROGRESS REPORT:
    application: ulitos
    started_at: nonode@nohost
 (application_controller:info_started/2:2107)
2022-08-09 19:09:39.872931+00:00 [debug] PROGRESS REPORT:
    application: poolboy
    started_at: nonode@nohost
 (application_controller:info_started/2:2107)
2022-08-09 19:09:39.874962+00:00 [info]     msg: Starting application: influx_udp (influx_udp_app:start/2:10)
2022-08-09 19:09:39.878901+00:00 [debug] PROGRESS REPORT:
    supervisor: {local,influx_udp_sup}
    started: [{pid,<0.1219.0>},
              {id,influx_udp},
              {mfargs,{influx_udp,start_link,[]}},
              {restart_type,permanent},
              {significant,false},
              {shutdown,5000},
              {child_type,worker}]
 (supervisor:report_progress/2:1557)
2022-08-09 19:09:39.879099+00:00 [debug] PROGRESS REPORT:
    application: influx_udp
    started_at: nonode@nohost
 (application_controller:info_started/2:2107)
2022-08-09 19:09:39.879174+00:00 [debug] Dependency influx_udp was available already (eturnal_module:ensure_dep/2:284)
2022-08-09 19:09:39.884470+00:00 [info]     host: {127,0,0,1}
    msg: Start clients pool
    options: #{host => "localhost",max_overflow => 1,pool_size => 1,
               port => 8089} (influx_udp:start_pool_/2:239)
2022-08-09 19:09:39.895279+00:00 [info]     msg: Open UDP socket on port
    port: 55560 (influx_udp_worker:init/1:43)
2022-08-09 19:09:39.895546+00:00 [debug] PROGRESS REPORT:
    supervisor: {local,influx_udp_sup}
    started: [{pid,<0.1222.0>},
              {id,stats_influx_pool},
              {mfargs,
                  {poolboy,start_link,
                      [[{name,{local,stats_influx_pool}},
                        {worker_module,influx_udp_worker},
                        {size,1},
                        {max_overflow,1}],
                       [{options,
                            #{host => {127,0,0,1},
                              max_overflow => 1,pool_size => 1,
                              port => 8089}}]]}},
              {restart_type,permanent},
              {significant,false},
              {shutdown,5000},
              {child_type,worker}]
 (supervisor:report_progress/2:1557)
2022-08-09 19:09:39.895766+00:00 [info] Started mod_stats_influx (eturnal:start_modules/0:355)
2022-08-09 19:09:39.895931+00:00 [debug] Calling mod_stats_prometheus:start/0 (eturnal_module:start/1:143)
2022-08-09 19:09:39.896351+00:00 [debug] Starting mod_stats_prometheus (mod_stats_prometheus:start/0:56)
2022-08-09 19:09:43.419703+00:00 [debug] PROGRESS REPORT:
    application: prometheus
    started_at: nonode@nohost
 (application_controller:info_started/2:2107)
2022-08-09 19:09:43.421105+00:00 [debug] PROGRESS REPORT:
    application: accept
    started_at: nonode@nohost
 (application_controller:info_started/2:2107)
2022-08-09 19:09:43.421438+00:00 [debug] PROGRESS REPORT:
    application: prometheus_httpd
    started_at: nonode@nohost
 (application_controller:info_started/2:2107)
2022-08-09 19:09:43.421526+00:00 [debug] Dependency prometheus_httpd was available already (eturnal_module:ensure_dep/2:284)
2022-08-09 19:09:43.422596+00:00 [debug] PROGRESS REPORT:
    supervisor: {local,httpd_instance_sup__127_0_0_1__9081default}
    started: [{pid,<0.1244.0>},
              {id,{httpd_connection_sup,{127,0,0,1},9081,default}},
              {mfargs,{httpd_connection_sup,start_link,[[{127,0,0,1},9081]]}},
              {restart_type,permanent},
              {significant,false},
              {shutdown,5000},
              {child_type,supervisor}]
 (supervisor:report_progress/2:1557)
2022-08-09 19:09:43.422994+00:00 [debug] PROGRESS REPORT:
    supervisor: {local,httpd_acceptor_sup__127_0_0_1__9081default}
    started: [{pid,<0.1246.0>},
              {id,{httpd_acceptor_sup,{127,0,0,1},9081,default}},
              {mfargs,{httpd_acceptor,start_link,
                                      [httpd__127_0_0_1__9081default,ip_comm,
                                       {127,0,0,1},
                                       9081,inet,
                                       httpd_conf__127_0_0_1__9081default,
                                       15000]}},
              {restart_type,transient},
              {significant,false},
              {shutdown,brutal_kill},
              {child_type,worker}]
 (supervisor:report_progress/2:1557)
2022-08-09 19:09:43.423191+00:00 [debug] PROGRESS REPORT:
    supervisor: {local,httpd_instance_sup__127_0_0_1__9081default}
    started: [{pid,<0.1245.0>},
              {id,{httpd_acceptor_sup,{127,0,0,1},9081,default}},
              {mfargs,
                  {httpd_acceptor_sup,start_link,
                      [[{127,0,0,1},
                        9081,
                        [{bind_address,{127,0,0,1}},
                         {socket_type,ip_comm},
                         {port,9081},
                         {server_root,"run/mod_stats_prometheus/doc"},
                         {document_root,"run/mod_stats_prometheus/doc"},
                         {server_name,"Prometheus Exporter"},
                         {modules,[prometheus_httpd]}],
                        15000,undefined]]}},
              {restart_type,permanent},
              {significant,false},
              {shutdown,infinity},
              {child_type,supervisor}]
 (supervisor:report_progress/2:1557)
2022-08-09 19:09:43.423402+00:00 [debug] PROGRESS REPORT:
    supervisor: {local,httpd_instance_sup__127_0_0_1__9081default}
    started: [{pid,<0.1247.0>},
              {id,{httpd_misc_sup,{127,0,0,1},9081,default}},
              {mfargs,{httpd_misc_sup,start_link,[{127,0,0,1},9081,default]}},
              {restart_type,permanent},
              {significant,false},
              {shutdown,infinity},
              {child_type,supervisor}]
 (supervisor:report_progress/2:1557)
2022-08-09 19:09:43.423728+00:00 [debug] PROGRESS REPORT:
    supervisor: {local,httpd_instance_sup__127_0_0_1__9081default}
    started: [{pid,<0.1248.0>},
              {id,{httpd_manager,{127,0,0,1},9081,default}},
              {mfargs,
                  {httpd_manager,start_link,
                      [undefined,
                       [{bind_address,{127,0,0,1}},
                        {socket_type,ip_comm},
                        {port,9081},
                        {server_root,"run/mod_stats_prometheus/doc"},
                        {document_root,"run/mod_stats_prometheus/doc"},
                        {server_name,"Prometheus Exporter"},
                        {modules,[prometheus_httpd]}],
                       15000]}},
              {restart_type,permanent},
              {significant,false},
              {shutdown,4000},
              {child_type,worker}]
 (supervisor:report_progress/2:1557)
2022-08-09 19:09:43.423880+00:00 [debug] PROGRESS REPORT:
    supervisor: {local,httpd_sup}
    started: [{pid,<0.1243.0>},
              {id,{httpd_instance_sup,{127,0,0,1},9081,default}},
              {mfargs,
                  {httpd_instance_sup,start_link,
                      [[{bind_address,{127,0,0,1}},
                        {socket_type,ip_comm},
                        {port,9081},
                        {server_root,"run/mod_stats_prometheus/doc"},
                        {document_root,"run/mod_stats_prometheus/doc"},
                        {server_name,"Prometheus Exporter"},
                        {modules,[prometheus_httpd]}],
                       15000,[]]}},
              {restart_type,permanent},
              {significant,false},
              {shutdown,infinity},
              {child_type,supervisor}]
 (supervisor:report_progress/2:1557)
2022-08-09 19:09:43.425429+00:00 [info] Started mod_stats_prometheus (eturnal:start_modules/0:355)
2022-08-09 19:09:43.425704+00:00 [debug] Starting listener 127.0.0.1:34780 (udp) with options:
[{use_turn,true},
 {auth_type,user},
 {turn_ipv4_address,{127,0,0,1}},
 {turn_min_port,49152},
 {turn_max_port,65535},
 {turn_max_allocations,10},
 {turn_max_permissions,10},
 {shaper,100000},
 {turn_blacklist,[{{10,0,0,0},8},
                  {{100,64,0,0},10},
                  {{127,0,0,0},8},
                  {{169,254,0,0},16},
                  {{172,16,0,0},12},
                  {{192,0,0,0},24},
                  {{192,0,2,0},24},
                  {{192,88,99,0},24},
                  {{192,168,0,0},16},
                  {{198,18,0,0},15},
                  {{198,51,100,0},24},
                  {{203,0,113,0},24},
                  {{224,0,0,0},4},
                  {{240,0,0,0},4},
                  {{0,0,0,0,0,0,0,1},128},
                  {{0,0,0,0,0,65535,0,0},96},
                  {{100,65435,0,0,0,0,0,0},96},
                  {{256,0,0,0,0,0,0,0},64},
                  {{8193,3512,0,0,0,0,0,0},32},
                  {{64512,0,0,0,0,0,0,0},7},
                  {{65152,0,0,0,0,0,0,0},10},
                  {{65280,0,0,0,0,0,0,0},8}]},
 {turn_whitelist,[{{127,0,0,1},32},
                  {{203,0,113,113},32},
                  {{8193,3512,0,0,0,0,0,0},64}]},
 {auth_realm,<<"eturnal.net">>},
 {server_name,<<"eturnal">>},
 {auth_fun,fun eturnal:get_password/2},
 {hook_fun,fun eturnal:run_hook/2}] (eturnal:start_listeners/0:388)
2022-08-09 19:09:43.426632+00:00 [info] Listening on 127.0.0.1:34780 (udp) (STUN/TURN) (eturnal:start_listeners/0:395)
2022-08-09 19:09:43.426976+00:00 [debug] Starting listener 127.0.0.1:34780 (tcp) with options:
[{use_turn,false},
 {auth_type,anonymous},
 {turn_ipv4_address,{127,0,0,1}},
 {turn_min_port,49152},
 {turn_max_port,65535},
 {turn_max_allocations,10},
 {turn_max_permissions,10},
 {shaper,100000},
 {turn_blacklist,[{{10,0,0,0},8},
                  {{100,64,0,0},10},
                  {{127,0,0,0},8},
                  {{169,254,0,0},16},
                  {{172,16,0,0},12},
                  {{192,0,0,0},24},
                  {{192,0,2,0},24},
                  {{192,88,99,0},24},
                  {{192,168,0,0},16},
                  {{198,18,0,0},15},
                  {{198,51,100,0},24},
                  {{203,0,113,0},24},
                  {{224,0,0,0},4},
                  {{240,0,0,0},4},
                  {{0,0,0,0,0,0,0,1},128},
                  {{0,0,0,0,0,65535,0,0},96},
                  {{100,65435,0,0,0,0,0,0},96},
                  {{256,0,0,0,0,0,0,0},64},
                  {{8193,3512,0,0,0,0,0,0},32},
                  {{64512,0,0,0,0,0,0,0},7},
                  {{65152,0,0,0,0,0,0,0},10},
                  {{65280,0,0,0,0,0,0,0},8}]},
 {turn_whitelist,[{{127,0,0,1},32},
                  {{203,0,113,113},32},
                  {{8193,3512,0,0,0,0,0,0},64}]},
 {auth_realm,<<"eturnal.net">>},
 {server_name,<<"eturnal">>},
 {auth_fun,fun eturnal:get_password/2},
 {hook_fun,fun eturnal:run_hook/2}] (eturnal:start_listeners/0:388)
2022-08-09 19:09:43.427866+00:00 [info] Listening on 127.0.0.1:34780 (tcp) (STUN only) (eturnal:start_listeners/0:395)
2022-08-09 19:09:43.428007+00:00 [debug] Starting listener 127.0.0.1:53490 (tls) with options:
[{use_turn,false},
 {auth_type,anonymous},
 {tls,true},
 {certfile,<<"run/cert.pem">>},
 {ciphers,<<"HIGH:!aNULL:@STRENGTH">>},
 {protocol_options,<<"no_tlsv1|no_tlsv1_1|cipher_server_preference">>},
 {turn_ipv4_address,{127,0,0,1}},
 {turn_min_port,49152},
 {turn_max_port,65535},
 {turn_max_allocations,10},
 {turn_max_permissions,10},
 {shaper,100000},
 {turn_blacklist,[{{10,0,0,0},8},
                  {{100,64,0,0},10},
                  {{127,0,0,0},8},
                  {{169,254,0,0},16},
                  {{172,16,0,0},12},
                  {{192,0,0,0},24},
                  {{192,0,2,0},24},
                  {{192,88,99,0},24},
                  {{192,168,0,0},16},
                  {{198,18,0,0},15},
                  {{198,51,100,0},24},
                  {{203,0,113,0},24},
                  {{224,0,0,0},4},
                  {{240,0,0,0},4},
                  {{0,0,0,0,0,0,0,1},128},
                  {{0,0,0,0,0,65535,0,0},96},
                  {{100,65435,0,0,0,0,0,0},96},
                  {{256,0,0,0,0,0,0,0},64},
                  {{8193,3512,0,0,0,0,0,0},32},
                  {{64512,0,0,0,0,0,0,0},7},
                  {{65152,0,0,0,0,0,0,0},10},
                  {{65280,0,0,0,0,0,0,0},8}]},
 {turn_whitelist,[{{127,0,0,1},32},
                  {{203,0,113,113},32},
                  {{8193,3512,0,0,0,0,0,0},64}]},
 {auth_realm,<<"eturnal.net">>},
 {server_name,<<"eturnal">>},
 {auth_fun,fun eturnal:get_password/2},
 {hook_fun,fun eturnal:run_hook/2}] (eturnal:start_listeners/0:388)
2022-08-09 19:09:43.428876+00:00 [info] Listening on 127.0.0.1:53490 (tls) (STUN only) (eturnal:start_listeners/0:395)
2022-08-09 19:09:43.429075+00:00 [debug] Starting listener 127.0.0.1:34781 (auto) with options:
[{use_turn,false},
 {auth_type,anonymous},
 {tls,optional},
 {certfile,<<"run/cert.pem">>},
 {ciphers,<<"HIGH:!aNULL:@STRENGTH">>},
 {protocol_options,<<"no_tlsv1|no_tlsv1_1|cipher_server_preference">>},
 {turn_ipv4_address,{127,0,0,1}},
 {turn_min_port,49152},
 {turn_max_port,65535},
 {turn_max_allocations,10},
 {turn_max_permissions,10},
 {shaper,100000},
 {turn_blacklist,[{{10,0,0,0},8},
                  {{100,64,0,0},10},
                  {{127,0,0,0},8},
                  {{169,254,0,0},16},
                  {{172,16,0,0},12},
                  {{192,0,0,0},24},
                  {{192,0,2,0},24},
                  {{192,88,99,0},24},
                  {{192,168,0,0},16},
                  {{198,18,0,0},15},
                  {{198,51,100,0},24},
                  {{203,0,113,0},24},
                  {{224,0,0,0},4},
                  {{240,0,0,0},4},
                  {{0,0,0,0,0,0,0,1},128},
                  {{0,0,0,0,0,65535,0,0},96},
                  {{100,65435,0,0,0,0,0,0},96},
                  {{256,0,0,0,0,0,0,0},64},
                  {{8193,3512,0,0,0,0,0,0},32},
                  {{64512,0,0,0,0,0,0,0},7},
                  {{65152,0,0,0,0,0,0,0},10},
                  {{65280,0,0,0,0,0,0,0},8}]},
 {turn_whitelist,[{{127,0,0,1},32},
                  {{203,0,113,113},32},
                  {{8193,3512,0,0,0,0,0,0},64}]},
 {auth_realm,<<"eturnal.net">>},
 {server_name,<<"eturnal">>},
 {auth_fun,fun eturnal:get_password/2},
 {hook_fun,fun eturnal:run_hook/2}] (eturnal:start_listeners/0:388)
2022-08-09 19:09:43.429845+00:00 [info] Listening on 127.0.0.1:34781 (auto) (STUN only) (eturnal:start_listeners/0:395)
2022-08-09 19:09:43.430212+00:00 [debug] Started 3 modules (eturnal:init/1:99)
2022-08-09 19:09:43.430317+00:00 [debug] Started 4 listeners (eturnal:init/1:100)
2022-08-09 19:09:43.430575+00:00 [debug] PROGRESS REPORT:
    supervisor: {local,eturnal_sup}
    started: [{pid,<0.1199.0>},
              {id,eturnal},
              {mfargs,{eturnal,start_link,[]}},
              {restart_type,permanent},
              {significant,false},
              {shutdown,5000},
              {child_type,worker}]
 (supervisor:report_progress/2:1557)
2022-08-09 19:09:43.430839+00:00 [debug] No NOTIFY_SOCKET, dropping READY=1 notification (eturnal_systemd:handle_cast/2:108)
2022-08-09 19:09:43.430968+00:00 [debug] Watchdog interval is undefined, hibernating (eturnal_systemd:get_timeout/1:161)
2022-08-09 19:09:43.431042+00:00 [debug] PROGRESS REPORT:
    application: eturnal
    started_at: nonode@nohost
 (application_controller:info_started/2:2107)
2022-08-09 19:09:43.468257+00:00 [debug] Handling API call: get_info() (eturnal_ctl:get_info/0:134)
2022-08-09 19:09:43.469119+00:00 [debug] eturnal call (get_info) returned {ok,
                                  {eturnal_node_info,<<"1.10.1">>,
                                   {"25","13.0"},
                                   8930,0,149,147994435,2,58607576}} (eturnal_ctl:call/1:451)
2022-08-09 19:09:43.495682+00:00 [debug] Handling API call: get_sessions() (eturnal_ctl:get_sessions/0:105)
2022-08-09 19:09:43.522042+00:00 [debug] Handling API call: get_sessions("alice") (eturnal_ctl:get_sessions/1:115)
2022-08-09 19:09:43.522269+00:00 [debug] Handling API call: disconnect(alice) (eturnal_ctl:disconnect/1:183)
2022-08-09 19:09:43.522349+00:00 [debug] Cannot convert user name to binary: alice (eturnal_ctl:disconnect/1:193)
2022-08-09 19:09:43.548595+00:00 [debug] Handling API call: disconnect("alice") (eturnal_ctl:disconnect/1:183)
2022-08-09 19:09:43.549119+00:00 [debug] Handling API call: disconnect(alice) (eturnal_ctl:disconnect/1:183)
2022-08-09 19:09:43.549254+00:00 [debug] Cannot convert user name to binary: alice (eturnal_ctl:disconnect/1:193)
2022-08-09 19:09:43.574404+00:00 [debug] Handling API call: get_credentials("2009-10-30 11:00:00Z", []) (eturnal_ctl:get_credentials/2:59)
2022-08-09 19:09:43.574716+00:00 [debug] eturnal call ({get_password,<<"1256900400">>}) returned {ok,
                                                         <<"uEKlpcME7MNMMVRV8rUFPCTIFEs=">>} (eturnal_ctl:call/1:451)
2022-08-09 19:09:43.574940+00:00 [debug] Handling API call: get_credentials("86400", "alice") (eturnal_ctl:get_credentials/2:59)
2022-08-09 19:09:43.575104+00:00 [debug] eturnal call ({get_password,<<"1660158583:alice">>}) returned {ok,
                                                               <<"bfydbVTb9Ur35HVOBQdrK9fImco=">>} (eturnal_ctl:call/1:451)
2022-08-09 19:09:43.575248+00:00 [debug] Handling API call: get_password("1660158583:alice") (eturnal_ctl:get_password/1:78)
2022-08-09 19:09:43.575402+00:00 [debug] eturnal call ({get_password,<<"1660158583:alice">>}) returned {ok,
                                                               <<"bfydbVTb9Ur35HVOBQdrK9fImco=">>} (eturnal_ctl:call/1:451)
2022-08-09 19:09:43.575633+00:00 [debug] Handling API call: get_credentials("86400s", "alice") (eturnal_ctl:get_credentials/2:59)
2022-08-09 19:09:43.575771+00:00 [debug] eturnal call ({get_password,<<"1660158583:alice">>}) returned {ok,
                                                               <<"bfydbVTb9Ur35HVOBQdrK9fImco=">>} (eturnal_ctl:call/1:451)
2022-08-09 19:09:43.575941+00:00 [debug] Handling API call: get_password("1660158583:alice") (eturnal_ctl:get_password/1:78)
2022-08-09 19:09:43.576138+00:00 [debug] eturnal call ({get_password,<<"1660158583:alice">>}) returned {ok,
                                                               <<"bfydbVTb9Ur35HVOBQdrK9fImco=">>} (eturnal_ctl:call/1:451)
2022-08-09 19:09:43.576382+00:00 [debug] Handling API call: get_credentials("1440m", "alice") (eturnal_ctl:get_credentials/2:59)
2022-08-09 19:09:43.576575+00:00 [debug] eturnal call ({get_password,<<"1660158583:alice">>}) returned {ok,
                                                               <<"bfydbVTb9Ur35HVOBQdrK9fImco=">>} (eturnal_ctl:call/1:451)
2022-08-09 19:09:43.576752+00:00 [debug] Handling API call: get_password("1660158583:alice") (eturnal_ctl:get_password/1:78)
2022-08-09 19:09:43.577484+00:00 [debug] eturnal call ({get_password,<<"1660158583:alice">>}) returned {ok,
                                                               <<"bfydbVTb9Ur35HVOBQdrK9fImco=">>} (eturnal_ctl:call/1:451)
2022-08-09 19:09:43.577852+00:00 [debug] Handling API call: get_credentials("24h", "alice") (eturnal_ctl:get_credentials/2:59)
2022-08-09 19:09:43.578236+00:00 [debug] eturnal call ({get_password,<<"1660158583:alice">>}) returned {ok,
                                                               <<"bfydbVTb9Ur35HVOBQdrK9fImco=">>} (eturnal_ctl:call/1:451)
2022-08-09 19:09:43.578468+00:00 [debug] Handling API call: get_password("1660158583:alice") (eturnal_ctl:get_password/1:78)
2022-08-09 19:09:43.578658+00:00 [debug] eturnal call ({get_password,<<"1660158583:alice">>}) returned {ok,
                                                               <<"bfydbVTb9Ur35HVOBQdrK9fImco=">>} (eturnal_ctl:call/1:451)
2022-08-09 19:09:43.578840+00:00 [debug] Handling API call: get_credentials("1d", "alice") (eturnal_ctl:get_credentials/2:59)
2022-08-09 19:09:43.578966+00:00 [debug] eturnal call ({get_password,<<"1660158583:alice">>}) returned {ok,
                                                               <<"bfydbVTb9Ur35HVOBQdrK9fImco=">>} (eturnal_ctl:call/1:451)
2022-08-09 19:09:43.579100+00:00 [debug] Handling API call: get_password("1660158583:alice") (eturnal_ctl:get_password/1:78)
2022-08-09 19:09:43.579205+00:00 [debug] eturnal call ({get_password,<<"1660158583:alice">>}) returned {ok,
                                                               <<"bfydbVTb9Ur35HVOBQdrK9fImco=">>} (eturnal_ctl:call/1:451)
2022-08-09 19:09:43.579403+00:00 [debug] Handling API call: get_password("Invalid") (eturnal_ctl:get_password/1:78)
2022-08-09 19:09:43.579666+00:00 [debug] Invalid user name: Invalid (eturnal_ctl:get_password/1:92)
2022-08-09 19:09:43.579799+00:00 [debug] Handling API call: get_credentials("Invalid", []) (eturnal_ctl:get_credentials/2:59)
2022-08-09 19:09:43.580049+00:00 [debug] Invalid argument(s): "Invalid":[] (eturnal_ctl:get_credentials/2:72)
2022-08-09 19:09:43.580153+00:00 [debug] Handling API call: get_password(invalid) (eturnal_ctl:get_password/1:78)
2022-08-09 19:09:43.580239+00:00 [debug] Cannot convert user name to binary: invalid (eturnal_ctl:get_password/1:99)
2022-08-09 19:09:43.580316+00:00 [debug] Handling API call: get_credentials(invalid, []) (eturnal_ctl:get_credentials/2:59)
2022-08-09 19:09:43.580414+00:00 [debug] Invalid argument(s): invalid:[] (eturnal_ctl:get_credentials/2:72)
2022-08-09 19:09:43.580497+00:00 [debug] Handling API call: get_password([invalid]) (eturnal_ctl:get_password/1:78)
2022-08-09 19:09:43.580591+00:00 [debug] Cannot convert user name to binary: [invalid] (eturnal_ctl:get_password/1:99)
2022-08-09 19:09:43.580700+00:00 [debug] Handling API call: get_credentials([invalid], []) (eturnal_ctl:get_credentials/2:59)
2022-08-09 19:09:43.580784+00:00 [debug] Invalid argument(s): [invalid]:[] (eturnal_ctl:get_credentials/2:72)
2022-08-09 19:09:43.580946+00:00 [debug] Handling API call: get_credentials(1256900400, invalid) (eturnal_ctl:get_credentials/2:59)
2022-08-09 19:09:43.581054+00:00 [debug] Invalid argument(s): 1256900400:invalid (eturnal_ctl:get_credentials/2:72)
2022-08-09 19:09:43.606649+00:00 [debug] Handling API call: set_loglevel(debug) (eturnal_ctl:set_loglevel/1:164)
2022-08-09 19:09:43.607035+00:00 [debug] eturnal call ({set_loglevel,debug}) returned ok (eturnal_ctl:call/1:448)
2022-08-09 19:09:43.607385+00:00 [debug] Handling API call: get_loglevel() (eturnal_ctl:get_loglevel/0:154)
2022-08-09 19:09:43.607621+00:00 [debug] eturnal call (get_loglevel) returned {ok,debug} (eturnal_ctl:call/1:451)
2022-08-09 19:09:43.608977+00:00 [debug] Handling API call: set_loglevel(invalid) (eturnal_ctl:set_loglevel/1:164)
2022-08-09 19:09:43.609217+00:00 [debug] Invalid log level: invalid (eturnal_ctl:set_loglevel/1:174)
2022-08-09 19:09:43.609789+00:00 [debug] Handling API call: get_loglevel() (eturnal_ctl:get_loglevel/0:154)
2022-08-09 19:09:43.610018+00:00 [debug] eturnal call (get_loglevel) returned {ok,debug} (eturnal_ctl:call/1:451)
2022-08-09 19:09:43.636547+00:00 [debug] Handling API call: get_version() (eturnal_ctl:get_version/0:144)
2022-08-09 19:09:43.637108+00:00 [debug] eturnal call (get_version) returned {ok,<<"1.10.1">>} (eturnal_ctl:call/1:451)
2022-08-09 19:09:43.662059+00:00 [debug] Handling API call: reload() (eturnal_ctl:reload/0:199)
2022-08-09 19:09:43.664224+00:00 [debug] Calling mod_log_stun:options/0 (eturnal_module:options/1:192)
2022-08-09 19:09:43.664393+00:00 [debug] Calling mod_stats_influx:options/0 (eturnal_module:options/1:192)
2022-08-09 19:09:43.664506+00:00 [debug] Calling mod_stats_prometheus:options/0 (eturnal_module:options/1:192)
2022-08-09 19:09:43.665134+00:00 [warning] TLS enabled without 'tls_crt_file', creating self-signed certificate (eturnal:check_pem_file/0:738)
2022-08-09 19:09:44.947565+00:00 [info] Using new TLS certificate (eturnal:reload/1:567)
2022-08-09 19:09:44.948263+00:00 [debug] Calling mod_log_stun:stop/1 (eturnal_module:stop/1:163)
2022-08-09 19:09:44.948403+00:00 [debug] Stopping mod_log_stun (mod_log_stun:stop/0:49)
2022-08-09 19:09:44.948561+00:00 [info] Stopped mod_log_stun (eturnal:stop_modules/1:368)
2022-08-09 19:09:44.950270+00:00 [debug] Calling mod_stats_influx:stop/1 (eturnal_module:stop/1:163)
2022-08-09 19:09:44.950510+00:00 [debug] Stopping mod_stats_influx (mod_stats_influx:stop/0:61)
2022-08-09 19:09:44.950773+00:00 [info] Stopped mod_stats_influx (eturnal:stop_modules/1:368)
2022-08-09 19:09:44.952063+00:00 [debug] Calling mod_stats_prometheus:stop/1 (eturnal_module:stop/1:163)
2022-08-09 19:09:44.952228+00:00 [debug] Stopping mod_stats_prometheus (mod_stats_prometheus:stop/0:110)
2022-08-09 19:09:44.953312+00:00 [info] Stopped mod_stats_prometheus (eturnal:stop_modules/1:368)
2022-08-09 19:09:44.953489+00:00 [debug] Calling mod_log_stun:start/0 (eturnal_module:start/1:143)
2022-08-09 19:09:44.953650+00:00 [debug] Starting mod_log_stun (mod_log_stun:start/0:38)
2022-08-09 19:09:44.954773+00:00 [info] Started mod_log_stun (eturnal:start_modules/0:355)
2022-08-09 19:09:44.955021+00:00 [debug] Calling mod_stats_influx:start/0 (eturnal_module:start/1:143)
2022-08-09 19:09:44.955196+00:00 [debug] Starting mod_stats_influx (mod_stats_influx:start/0:37)
2022-08-09 19:09:44.955429+00:00 [debug] Dependency influx_udp was available already (eturnal_module:ensure_dep/2:284)
2022-08-09 19:09:44.956606+00:00 [info]     host: {127,0,0,1}
    msg: Start clients pool
    options: #{host => "localhost",max_overflow => 1,pool_size => 1,
               port => 8089} (influx_udp:start_pool_/2:239)
2022-08-09 19:09:44.957492+00:00 [info] Started mod_stats_influx (eturnal:start_modules/0:355)
2022-08-09 19:09:44.957649+00:00 [debug] Calling mod_stats_prometheus:start/0 (eturnal_module:start/1:143)
2022-08-09 19:09:44.957819+00:00 [debug] Starting mod_stats_prometheus (mod_stats_prometheus:start/0:56)
2022-08-09 19:09:44.957974+00:00 [debug] Dependency prometheus_httpd was available already (eturnal_module:ensure_dep/2:284)
2022-08-09 19:09:44.958863+00:00 [debug] PROGRESS REPORT:
    supervisor: {local,httpd_instance_sup__127_0_0_1__9081default}
    started: [{pid,<0.1374.0>},
              {id,{httpd_connection_sup,{127,0,0,1},9081,default}},
              {mfargs,{httpd_connection_sup,start_link,[[{127,0,0,1},9081]]}},
              {restart_type,permanent},
              {significant,false},
              {shutdown,5000},
              {child_type,supervisor}]
 (supervisor:report_progress/2:1557)
2022-08-09 19:09:44.959248+00:00 [debug] PROGRESS REPORT:
    supervisor: {local,httpd_acceptor_sup__127_0_0_1__9081default}
    started: [{pid,<0.1376.0>},
              {id,{httpd_acceptor_sup,{127,0,0,1},9081,default}},
              {mfargs,{httpd_acceptor,start_link,
                                      [httpd__127_0_0_1__9081default,ip_comm,
                                       {127,0,0,1},
                                       9081,inet,
                                       httpd_conf__127_0_0_1__9081default,
                                       15000]}},
              {restart_type,transient},
              {significant,false},
              {shutdown,brutal_kill},
              {child_type,worker}]
 (supervisor:report_progress/2:1557)
2022-08-09 19:09:44.959457+00:00 [debug] PROGRESS REPORT:
    supervisor: {local,httpd_instance_sup__127_0_0_1__9081default}
    started: [{pid,<0.1375.0>},
              {id,{httpd_acceptor_sup,{127,0,0,1},9081,default}},
              {mfargs,
                  {httpd_acceptor_sup,start_link,
                      [[{127,0,0,1},
                        9081,
                        [{bind_address,{127,0,0,1}},
                         {socket_type,ip_comm},
                         {port,9081},
                         {server_root,"run/mod_stats_prometheus/doc"},
                         {document_root,"run/mod_stats_prometheus/doc"},
                         {server_name,"Prometheus Exporter"},
                         {modules,[prometheus_httpd]}],
                        15000,undefined]]}},
              {restart_type,permanent},
              {significant,false},
              {shutdown,infinity},
              {child_type,supervisor}]
 (supervisor:report_progress/2:1557)
2022-08-09 19:09:44.959745+00:00 [debug] PROGRESS REPORT:
    supervisor: {local,httpd_instance_sup__127_0_0_1__9081default}
    started: [{pid,<0.1377.0>},
              {id,{httpd_misc_sup,{127,0,0,1},9081,default}},
              {mfargs,{httpd_misc_sup,start_link,[{127,0,0,1},9081,default]}},
              {restart_type,permanent},
              {significant,false},
              {shutdown,infinity},
              {child_type,supervisor}]
 (supervisor:report_progress/2:1557)
2022-08-09 19:09:44.960650+00:00 [debug] PROGRESS REPORT:
    supervisor: {local,httpd_instance_sup__127_0_0_1__9081default}
    started: [{pid,<0.1378.0>},
              {id,{httpd_manager,{127,0,0,1},9081,default}},
              {mfargs,
                  {httpd_manager,start_link,
                      [undefined,
                       [{bind_address,{127,0,0,1}},
                        {socket_type,ip_comm},
                        {port,9081},
                        {server_root,"run/mod_stats_prometheus/doc"},
                        {document_root,"run/mod_stats_prometheus/doc"},
                        {server_name,"Prometheus Exporter"},
                        {modules,[prometheus_httpd]}],
                       15000]}},
              {restart_type,permanent},
              {significant,false},
              {shutdown,4000},
              {child_type,worker}]
 (supervisor:report_progress/2:1557)
2022-08-09 19:09:44.960817+00:00 [debug] PROGRESS REPORT:
    supervisor: {local,httpd_sup}
    started: [{pid,<0.1373.0>},
              {id,{httpd_instance_sup,{127,0,0,1},9081,default}},
              {mfargs,
                  {httpd_instance_sup,start_link,
                      [[{bind_address,{127,0,0,1}},
                        {socket_type,ip_comm},
                        {port,9081},
                        {server_root,"run/mod_stats_prometheus/doc"},
                        {document_root,"run/mod_stats_prometheus/doc"},
                        {server_name,"Prometheus Exporter"},
                        {modules,[prometheus_httpd]}],
                       15000,[]]}},
              {restart_type,permanent},
              {significant,false},
              {shutdown,infinity},
              {child_type,supervisor}]
 (supervisor:report_progress/2:1557)
2022-08-09 19:09:44.961767+00:00 [info] Started mod_stats_prometheus (eturnal:start_modules/0:355)
2022-08-09 19:09:44.961924+00:00 [debug] Restarted modules (eturnal:reload/1:575)
2022-08-09 19:09:44.962231+00:00 [debug] eturnal call (reload) returned ok (eturnal_ctl:call/1:448)
2022-08-09 19:09:44.963771+00:00 [debug] Handling API call: reload() (eturnal_ctl:reload/0:199)
2022-08-09 19:09:44.968282+00:00 [debug] Calling mod_log_stun:options/0 (eturnal_module:options/1:192)
2022-08-09 19:09:44.968560+00:00 [debug] Calling mod_stats_influx:options/0 (eturnal_module:options/1:192)
2022-08-09 19:09:44.968718+00:00 [debug] Calling mod_stats_prometheus:options/0 (eturnal_module:options/1:192)
2022-08-09 19:09:44.969920+00:00 [debug] Keeping PEM file (run/cert.pem) (eturnal:check_pem_file/0:735)
2022-08-09 19:09:44.970053+00:00 [debug] TLS certificate unchanged (eturnal:reload/1:569)
2022-08-09 19:09:44.970354+00:00 [debug] Calling mod_log_stun:stop/1 (eturnal_module:stop/1:163)
2022-08-09 19:09:44.970766+00:00 [debug] Stopping mod_log_stun (mod_log_stun:stop/0:49)
2022-08-09 19:09:44.970861+00:00 [info] Stopped mod_log_stun (eturnal:stop_modules/1:368)
2022-08-09 19:09:44.972273+00:00 [debug] Calling mod_stats_influx:stop/1 (eturnal_module:stop/1:163)
2022-08-09 19:09:44.972660+00:00 [debug] Stopping mod_stats_influx (mod_stats_influx:stop/0:61)
2022-08-09 19:09:44.972843+00:00 [info] Stopped mod_stats_influx (eturnal:stop_modules/1:368)
2022-08-09 19:09:44.974525+00:00 [debug] Calling mod_stats_prometheus:stop/1 (eturnal_module:stop/1:163)
2022-08-09 19:09:44.974705+00:00 [debug] Stopping mod_stats_prometheus (mod_stats_prometheus:stop/0:110)
2022-08-09 19:09:44.975078+00:00 [info] Stopped mod_stats_prometheus (eturnal:stop_modules/1:368)
2022-08-09 19:09:44.975223+00:00 [debug] Calling mod_log_stun:start/0 (eturnal_module:start/1:143)
2022-08-09 19:09:44.975368+00:00 [debug] Starting mod_log_stun (mod_log_stun:start/0:38)
2022-08-09 19:09:44.976615+00:00 [info] Started mod_log_stun (eturnal:start_modules/0:355)
2022-08-09 19:09:44.976923+00:00 [debug] Calling mod_stats_influx:start/0 (eturnal_module:start/1:143)
2022-08-09 19:09:44.977209+00:00 [debug] Starting mod_stats_influx (mod_stats_influx:start/0:37)
2022-08-09 19:09:44.978387+00:00 [debug] Dependency influx_udp was available already (eturnal_module:ensure_dep/2:284)
2022-08-09 19:09:44.978920+00:00 [info]     host: {127,0,0,1}
    msg: Start clients pool
    options: #{host => "localhost",max_overflow => 1,pool_size => 1,
               port => 8089} (influx_udp:start_pool_/2:239)
2022-08-09 19:09:44.980599+00:00 [info] Started mod_stats_influx (eturnal:start_modules/0:355)
2022-08-09 19:09:44.980820+00:00 [debug] Calling mod_stats_prometheus:start/0 (eturnal_module:start/1:143)
2022-08-09 19:09:44.981112+00:00 [debug] Starting mod_stats_prometheus (mod_stats_prometheus:start/0:56)
2022-08-09 19:09:44.981364+00:00 [debug] Dependency prometheus_httpd was available already (eturnal_module:ensure_dep/2:284)
2022-08-09 19:09:44.982651+00:00 [debug] PROGRESS REPORT:
    supervisor: {local,httpd_instance_sup__127_0_0_1__9081default}
    started: [{pid,<0.1409.0>},
              {id,{httpd_connection_sup,{127,0,0,1},9081,default}},
              {mfargs,{httpd_connection_sup,start_link,[[{127,0,0,1},9081]]}},
              {restart_type,permanent},
              {significant,false},
              {shutdown,5000},
              {child_type,supervisor}]
 (supervisor:report_progress/2:1557)
2022-08-09 19:09:44.983015+00:00 [debug] PROGRESS REPORT:
    supervisor: {local,httpd_acceptor_sup__127_0_0_1__9081default}
    started: [{pid,<0.1411.0>},
              {id,{httpd_acceptor_sup,{127,0,0,1},9081,default}},
              {mfargs,{httpd_acceptor,start_link,
                                      [httpd__127_0_0_1__9081default,ip_comm,
                                       {127,0,0,1},
                                       9081,inet,
                                       httpd_conf__127_0_0_1__9081default,
                                       15000]}},
              {restart_type,transient},
              {significant,false},
              {shutdown,brutal_kill},
              {child_type,worker}]
 (supervisor:report_progress/2:1557)
2022-08-09 19:09:44.983331+00:00 [debug] PROGRESS REPORT:
    supervisor: {local,httpd_instance_sup__127_0_0_1__9081default}
    started: [{pid,<0.1410.0>},
              {id,{httpd_acceptor_sup,{127,0,0,1},9081,default}},
              {mfargs,
                  {httpd_acceptor_sup,start_link,
                      [[{127,0,0,1},
                        9081,
                        [{bind_address,{127,0,0,1}},
                         {socket_type,ip_comm},
                         {port,9081},
                         {server_root,"run/mod_stats_prometheus/doc"},
                         {document_root,"run/mod_stats_prometheus/doc"},
                         {server_name,"Prometheus Exporter"},
                         {modules,[prometheus_httpd]}],
                        15000,undefined]]}},
              {restart_type,permanent},
              {significant,false},
              {shutdown,infinity},
              {child_type,supervisor}]
 (supervisor:report_progress/2:1557)
2022-08-09 19:09:44.983586+00:00 [debug] PROGRESS REPORT:
    supervisor: {local,httpd_instance_sup__127_0_0_1__9081default}
    started: [{pid,<0.1412.0>},
              {id,{httpd_misc_sup,{127,0,0,1},9081,default}},
              {mfargs,{httpd_misc_sup,start_link,[{127,0,0,1},9081,default]}},
              {restart_type,permanent},
              {significant,false},
              {shutdown,infinity},
              {child_type,supervisor}]
 (supervisor:report_progress/2:1557)
2022-08-09 19:09:44.984386+00:00 [debug] PROGRESS REPORT:
    supervisor: {local,httpd_instance_sup__127_0_0_1__9081default}
    started: [{pid,<0.1413.0>},
              {id,{httpd_manager,{127,0,0,1},9081,default}},
              {mfargs,
                  {httpd_manager,start_link,
                      [undefined,
                       [{bind_address,{127,0,0,1}},
                        {socket_type,ip_comm},
                        {port,9081},
                        {server_root,"run/mod_stats_prometheus/doc"},
                        {document_root,"run/mod_stats_prometheus/doc"},
                        {server_name,"Prometheus Exporter"},
                        {modules,[prometheus_httpd]}],
                       15000]}},
              {restart_type,permanent},
              {significant,false},
              {shutdown,4000},
              {child_type,worker}]
 (supervisor:report_progress/2:1557)
2022-08-09 19:09:44.984527+00:00 [debug] PROGRESS REPORT:
    supervisor: {local,httpd_sup}
    started: [{pid,<0.1407.0>},
              {id,{httpd_instance_sup,{127,0,0,1},9081,default}},
              {mfargs,
                  {httpd_instance_sup,start_link,
                      [[{bind_address,{127,0,0,1}},
                        {socket_type,ip_comm},
                        {port,9081},
                        {server_root,"run/mod_stats_prometheus/doc"},
                        {document_root,"run/mod_stats_prometheus/doc"},
                        {server_name,"Prometheus Exporter"},
                        {modules,[prometheus_httpd]}],
                       15000,[]]}},
              {restart_type,permanent},
              {significant,false},
              {shutdown,infinity},
              {child_type,supervisor}]
 (supervisor:report_progress/2:1557)
2022-08-09 19:09:44.985011+00:00 [info] Started mod_stats_prometheus (eturnal:start_modules/0:355)
2022-08-09 19:09:44.985256+00:00 [debug] Restarted modules (eturnal:reload/1:575)
2022-08-09 19:09:44.985371+00:00 [debug] eturnal call (reload) returned ok (eturnal_ctl:call/1:448)
2022-08-09 19:09:45.010893+00:00 [info] Accepting connection: 127.0.0.1:33820 -> 127.0.0.1:34780 [TCP, session kdnh914gji0i] (stun_acceptor:accept/3:158)
2022-08-09 19:09:45.037160+00:00 [info] Accepting connection: 127.0.0.1:35774 -> 127.0.0.1:53490 [TLS, session jzx6e41hh30d] (stun_acceptor:accept/3:158)
2022-08-09 19:09:45.063838+00:00 [debug] Received:
#stun{class = request,method = 3,magic = 554869826,
      trid = 15099384054641500869966252679,raw = <<>>,unsupported = [],
      'ALTERNATE-SERVER' = undefined,'CHANNEL-NUMBER' = undefined,
      'DATA' = undefined,'DONT-FRAGMENT' = false,'ERROR-CODE' = undefined,
      'LIFETIME' = undefined,'MAPPED-ADDRESS' = undefined,
      'MESSAGE-INTEGRITY' = undefined,'NONCE' = undefined,'REALM' = undefined,
      'REQUESTED-ADDRESS-FAMILY' = undefined,
      'REQUESTED-TRANSPORT' = undefined,'SOFTWARE' = undefined,
      'UNKNOWN-ATTRIBUTES' = [],'USERNAME' = undefined,
      'XOR-MAPPED-ADDRESS' = undefined,'XOR-PEER-ADDRESS' = [],
      'XOR-RELAYED-ADDRESS' = undefined} (stun:udp_recv/5:112)
2022-08-09 19:09:45.064016+00:00 [debug] Sending:
#stun{class = error,method = 3,magic = 554869826,
      trid = 15099384054641500869966252679,raw = <<>>,unsupported = [],
      'ALTERNATE-SERVER' = undefined,'CHANNEL-NUMBER' = undefined,
      'DATA' = undefined,'DONT-FRAGMENT' = false,
      'ERROR-CODE' = {401,<<"Unauthorized">>},
      'LIFETIME' = undefined,'MAPPED-ADDRESS' = undefined,
      'MESSAGE-INTEGRITY' = undefined,'NONCE' = <<"1777234304">>,
      'REALM' = <<"eturnal.net">>,'REQUESTED-ADDRESS-FAMILY' = undefined,
      'REQUESTED-TRANSPORT' = undefined,'SOFTWARE' = <<"eturnal">>,
      'UNKNOWN-ATTRIBUTES' = [],'USERNAME' = undefined,
      'XOR-MAPPED-ADDRESS' = undefined,'XOR-PEER-ADDRESS' = [],
      'XOR-RELAYED-ADDRESS' = undefined} (stun:send/3:464)
2022-08-09 19:09:45.064322+00:00 [debug] Received:
#stun{class = request,method = 3,magic = 554869826,
      trid = 74202829971921981516274800931,
      raw = <<0,3,0,80,33,18,164,66,239,195,36,113,1,171,3,151,205,117,25,35,0,
              25,0,4,17,0,0,0,0,6,0,10,50,49,52,53,57,49,51,50,48,48,0,0,0,20,
              0,11,101,116,117,114,110,97,108,46,110,101,116,0,0,21,0,10,49,55,
              55,55,50,51,52,51,48,52,0,0>>,
      unsupported = [],'ALTERNATE-SERVER' = undefined,
      'CHANNEL-NUMBER' = undefined,'DATA' = undefined,'DONT-FRAGMENT' = false,
      'ERROR-CODE' = undefined,'LIFETIME' = undefined,
      'MAPPED-ADDRESS' = undefined,
      'MESSAGE-INTEGRITY' = <<170,225,244,230,34,5,185,21,58,181,94,245,98,36,
                              75,96,206,115,54,83>>,
      'NONCE' = <<"1777234304">>,'REALM' = <<"eturnal.net">>,
      'REQUESTED-ADDRESS-FAMILY' = undefined,'REQUESTED-TRANSPORT' = udp,
      'SOFTWARE' = undefined,'UNKNOWN-ATTRIBUTES' = [],
      'USERNAME' = <<"2145913200">>,'XOR-MAPPED-ADDRESS' = undefined,
      'XOR-PEER-ADDRESS' = [],'XOR-RELAYED-ADDRESS' = undefined} (stun:udp_recv/5:112)
2022-08-09 19:09:45.064473+00:00 [debug] Looking up password for: 2145913200 [UDP, session katg7eomgqfu, user 2145913200, client 127.0.0.1:44619] (eturnal:get_password/2:232)
2022-08-09 19:09:45.064561+00:00 [info] Accepting long-term STUN/TURN authentication [UDP, session katg7eomgqfu, user 2145913200, client 127.0.0.1:44619] (stun:process/2:255)
2022-08-09 19:09:45.064719+00:00 [debug] Running 'turn_session_start' hook [UDP, session katg7eomgqfu, user 2145913200, client 127.0.0.1:44619] (turn:run_hook/3:740)
2022-08-09 19:09:45.064796+00:00 [debug] Got 'turn_session_start' event [UDP, session katg7eomgqfu, user 2145913200, client 127.0.0.1:44619] (eturnal_module:handle_event/2:177)
2022-08-09 19:09:45.064863+00:00 [debug] Calling mod_stats_prometheus:handle_event/2 [UDP, session katg7eomgqfu, user 2145913200, client 127.0.0.1:44619] (eturnal_module:handle_event/2:180)
2022-08-09 19:09:45.064925+00:00 [debug] Observing started TURN session katg7eomgqfu for Prometheus [UDP, session katg7eomgqfu, user 2145913200, client 127.0.0.1:44619] (mod_stats_prometheus:on_turn_session_start/1:174)
2022-08-09 19:09:45.065182+00:00 [notice] Creating TURN allocation (lifetime: 599 seconds) [UDP, session katg7eomgqfu, user 2145913200, client 127.0.0.1:44619, relay 127.0.0.1:54974] (turn:wait_for_allocate/2:219)
2022-08-09 19:09:45.065368+00:00 [debug] Sending:
#stun{class = response,method = 3,magic = 554869826,
      trid = 74202829971921981516274800931,raw = <<>>,unsupported = [],
      'ALTERNATE-SERVER' = undefined,'CHANNEL-NUMBER' = undefined,
      'DATA' = undefined,'DONT-FRAGMENT' = false,'ERROR-CODE' = undefined,
      'LIFETIME' = 599,'MAPPED-ADDRESS' = undefined,
      'MESSAGE-INTEGRITY' = undefined,'NONCE' = undefined,'REALM' = undefined,
      'REQUESTED-ADDRESS-FAMILY' = undefined,
      'REQUESTED-TRANSPORT' = undefined,'SOFTWARE' = <<"eturnal">>,
      'UNKNOWN-ATTRIBUTES' = [],'USERNAME' = undefined,
      'XOR-MAPPED-ADDRESS' = {{127,0,0,1},44619},
      'XOR-PEER-ADDRESS' = [],
      'XOR-RELAYED-ADDRESS' = {{127,0,0,1},54974}} (turn:send/2:542)
2022-08-09 19:09:45.065755+00:00 [debug] Received:
#stun{class = request,method = 4,magic = 554869826,
      trid = 74730671591416055709897094749,
      raw = <<0,4,0,80,33,18,164,66,241,119,195,64,137,35,210,16,218,108,118,
              93,0,6,0,10,50,49,52,53,57,49,51,50,48,48,0,0,0,20,0,11,101,116,
              117,114,110,97,108,46,110,101,116,0,0,21,0,10,49,55,55,55,50,51,
              52,51,48,52,0,0,0,13,0,4,0,0,0,0>>,
      unsupported = [],'ALTERNATE-SERVER' = undefined,
      'CHANNEL-NUMBER' = undefined,'DATA' = undefined,'DONT-FRAGMENT' = false,
      'ERROR-CODE' = undefined,'LIFETIME' = 0,'MAPPED-ADDRESS' = undefined,
      'MESSAGE-INTEGRITY' = <<147,212,50,218,173,236,221,91,140,42,16,64,12,
                              234,230,11,18,250,80,122>>,
      'NONCE' = <<"1777234304">>,'REALM' = <<"eturnal.net">>,
      'REQUESTED-ADDRESS-FAMILY' = undefined,
      'REQUESTED-TRANSPORT' = undefined,'SOFTWARE' = undefined,
      'UNKNOWN-ATTRIBUTES' = [],'USERNAME' = <<"2145913200">>,
      'XOR-MAPPED-ADDRESS' = undefined,'XOR-PEER-ADDRESS' = [],
      'XOR-RELAYED-ADDRESS' = undefined} (stun:udp_recv/5:112)
2022-08-09 19:09:45.065910+00:00 [debug] Looking up password for: 2145913200 [UDP, session 47azw0771r3n, user 2145913200, client 127.0.0.1:44619] (eturnal:get_password/2:232)
2022-08-09 19:09:45.065979+00:00 [info] Accepting long-term STUN/TURN authentication [UDP, session 47azw0771r3n, user 2145913200, client 127.0.0.1:44619] (stun:process/2:255)
2022-08-09 19:09:45.066044+00:00 [info] Client requested closing the TURN session [UDP, session katg7eomgqfu, user 2145913200, client 127.0.0.1:44619, relay 127.0.0.1:54974] (turn:active/2:278)
2022-08-09 19:09:45.066177+00:00 [debug] Sending:
#stun{class = response,method = 4,magic = 554869826,
      trid = 74730671591416055709897094749,raw = <<>>,unsupported = [],
      'ALTERNATE-SERVER' = undefined,'CHANNEL-NUMBER' = undefined,
      'DATA' = undefined,'DONT-FRAGMENT' = false,'ERROR-CODE' = undefined,
      'LIFETIME' = 0,'MAPPED-ADDRESS' = undefined,
      'MESSAGE-INTEGRITY' = undefined,'NONCE' = undefined,'REALM' = undefined,
      'REQUESTED-ADDRESS-FAMILY' = undefined,
      'REQUESTED-TRANSPORT' = undefined,'SOFTWARE' = <<"eturnal">>,
      'UNKNOWN-ATTRIBUTES' = [],'USERNAME' = undefined,
      'XOR-MAPPED-ADDRESS' = undefined,'XOR-PEER-ADDRESS' = [],
      'XOR-RELAYED-ADDRESS' = undefined} (turn:send/2:542)
2022-08-09 19:09:45.066310+00:00 [info] Deleting TURN allocation [UDP, session katg7eomgqfu, user 2145913200, client 127.0.0.1:44619, relay 127.0.0.1:54974] (turn:terminate/3:475)
2022-08-09 19:09:45.066405+00:00 [notice] Relayed 0 KiB (in 0 B / 0 packets, out 0 B / 0 packets), duration: 0 seconds [UDP, session katg7eomgqfu, user 2145913200, client 127.0.0.1:44619, relay 127.0.0.1:54974] (turn:terminate/3:482)
2022-08-09 19:09:45.066455+00:00 [debug] Running 'turn_session_stop' hook [UDP, session katg7eomgqfu, user 2145913200, client 127.0.0.1:44619, relay 127.0.0.1:54974] (turn:run_hook/3:740)
2022-08-09 19:09:45.066511+00:00 [debug] Got 'turn_session_stop' event [UDP, session katg7eomgqfu, user 2145913200, client 127.0.0.1:44619, relay 127.0.0.1:54974] (eturnal_module:handle_event/2:177)
2022-08-09 19:09:45.066552+00:00 [debug] Calling mod_stats_influx:handle_event/2 [UDP, session katg7eomgqfu, user 2145913200, client 127.0.0.1:44619, relay 127.0.0.1:54974] (eturnal_module:handle_event/2:180)
2022-08-09 19:09:45.066593+00:00 [debug] Writing stats of TURN session katg7eomgqfu to InfluxDB [UDP, session katg7eomgqfu, user 2145913200, client 127.0.0.1:44619, relay 127.0.0.1:54974] (mod_stats_influx:on_turn_session_stop/1:87)
2022-08-09 19:09:45.066809+00:00 [debug] Calling mod_stats_prometheus:handle_event/2 [UDP, session katg7eomgqfu, user 2145913200, client 127.0.0.1:44619, relay 127.0.0.1:54974] (eturnal_module:handle_event/2:180)
2022-08-09 19:09:45.066895+00:00 [debug] Observing stopped TURN session katg7eomgqfu for Prometheus [UDP, session katg7eomgqfu, user 2145913200, client 127.0.0.1:44619, relay 127.0.0.1:54974] (mod_stats_prometheus:on_turn_session_stop/1:187)
2022-08-09 19:09:45.091859+00:00 [debug] Received:
#stun{class = request,method = 1,magic = 554869826,
      trid = 40884128727599133211232139217,raw = <<>>,unsupported = [],
      'ALTERNATE-SERVER' = undefined,'CHANNEL-NUMBER' = undefined,
      'DATA' = undefined,'DONT-FRAGMENT' = false,'ERROR-CODE' = undefined,
      'LIFETIME' = undefined,'MAPPED-ADDRESS' = undefined,
      'MESSAGE-INTEGRITY' = undefined,'NONCE' = undefined,'REALM' = undefined,
      'REQUESTED-ADDRESS-FAMILY' = undefined,
      'REQUESTED-TRANSPORT' = undefined,'SOFTWARE' = undefined,
      'UNKNOWN-ATTRIBUTES' = [],'USERNAME' = undefined,
      'XOR-MAPPED-ADDRESS' = undefined,'XOR-PEER-ADDRESS' = [],
      'XOR-RELAYED-ADDRESS' = undefined} (stun:udp_recv/5:112)
2022-08-09 19:09:45.092025+00:00 [debug] Responding to STUN request [UDP, session nu7ayk2jm41i, anonymous, client 127.0.0.1:57402] (stun:process/4:323)
2022-08-09 19:09:45.092099+00:00 [debug] Running 'stun_query' hook [UDP, session nu7ayk2jm41i, anonymous, client 127.0.0.1:57402] (stun:run_hook/3:843)
2022-08-09 19:09:45.092154+00:00 [debug] Got 'stun_query' event [UDP, session nu7ayk2jm41i, anonymous, client 127.0.0.1:57402] (eturnal_module:handle_event/2:177)
2022-08-09 19:09:45.092223+00:00 [debug] Calling mod_log_stun:handle_event/2 [UDP, session nu7ayk2jm41i, anonymous, client 127.0.0.1:57402] (eturnal_module:handle_event/2:180)
2022-08-09 19:09:45.092278+00:00 [info] Responding to STUN request [UDP, session nu7ayk2jm41i, anonymous, client 127.0.0.1:57402] (mod_log_stun:handle_event/2:44)
2022-08-09 19:09:45.092342+00:00 [debug] Calling mod_stats_influx:handle_event/2 [UDP, session nu7ayk2jm41i, anonymous, client 127.0.0.1:57402] (eturnal_module:handle_event/2:180)
2022-08-09 19:09:45.092392+00:00 [debug] Writing STUN query event to InfluxDB [UDP, session nu7ayk2jm41i, anonymous, client 127.0.0.1:57402] (mod_stats_influx:on_stun_query/1:76)
2022-08-09 19:09:45.092626+00:00 [debug] Calling mod_stats_prometheus:handle_event/2 [UDP, session nu7ayk2jm41i, anonymous, client 127.0.0.1:57402] (eturnal_module:handle_event/2:180)
2022-08-09 19:09:45.092727+00:00 [debug] Observing STUN query for Prometheus [UDP, session nu7ayk2jm41i, anonymous, client 127.0.0.1:57402] (mod_stats_prometheus:on_stun_query/1:166)
2022-08-09 19:09:45.092855+00:00 [debug] Sending:
#stun{class = response,method = 1,magic = 554869826,
      trid = 40884128727599133211232139217,raw = <<>>,unsupported = [],
      'ALTERNATE-SERVER' = undefined,'CHANNEL-NUMBER' = undefined,
      'DATA' = undefined,'DONT-FRAGMENT' = false,'ERROR-CODE' = undefined,
      'LIFETIME' = undefined,'MAPPED-ADDRESS' = undefined,
      'MESSAGE-INTEGRITY' = undefined,'NONCE' = undefined,'REALM' = undefined,
      'REQUESTED-ADDRESS-FAMILY' = undefined,
      'REQUESTED-TRANSPORT' = undefined,'SOFTWARE' = <<"eturnal">>,
      'UNKNOWN-ATTRIBUTES' = [],'USERNAME' = undefined,
      'XOR-MAPPED-ADDRESS' = {{127,0,0,1},57402},
      'XOR-PEER-ADDRESS' = [],'XOR-RELAYED-ADDRESS' = undefined} (stun:send/3:464)
2022-08-09 19:09:45.118284+00:00 [info] Accepting connection: 127.0.0.1:33822 -> 127.0.0.1:34780 [TCP, session kmtx14agdbv6] (stun_acceptor:accept/3:158)
2022-08-09 19:09:45.118663+00:00 [debug] Received:
#stun{class = request,method = 1,magic = 554869826,
      trid = 28515553784132512092718736494,raw = <<>>,unsupported = [],
      'ALTERNATE-SERVER' = undefined,'CHANNEL-NUMBER' = undefined,
      'DATA' = undefined,'DONT-FRAGMENT' = false,'ERROR-CODE' = undefined,
      'LIFETIME' = undefined,'MAPPED-ADDRESS' = undefined,
      'MESSAGE-INTEGRITY' = undefined,'NONCE' = undefined,'REALM' = undefined,
      'REQUESTED-ADDRESS-FAMILY' = undefined,
      'REQUESTED-TRANSPORT' = undefined,'SOFTWARE' = undefined,
      'UNKNOWN-ATTRIBUTES' = [],'USERNAME' = undefined,
      'XOR-MAPPED-ADDRESS' = undefined,'XOR-PEER-ADDRESS' = [],
      'XOR-RELAYED-ADDRESS' = undefined} (stun:process_data/3:421)
2022-08-09 19:09:45.118811+00:00 [debug] Responding to STUN request [TCP, session kmtx14agdbv6, anonymous, client 127.0.0.1:33822] (stun:process/4:323)
2022-08-09 19:09:45.118883+00:00 [debug] Running 'stun_query' hook [TCP, session kmtx14agdbv6, anonymous, client 127.0.0.1:33822] (stun:run_hook/3:843)
2022-08-09 19:09:45.118949+00:00 [debug] Got 'stun_query' event [TCP, session kmtx14agdbv6, anonymous, client 127.0.0.1:33822] (eturnal_module:handle_event/2:177)
2022-08-09 19:09:45.118994+00:00 [debug] Calling mod_log_stun:handle_event/2 [TCP, session kmtx14agdbv6, anonymous, client 127.0.0.1:33822] (eturnal_module:handle_event/2:180)
2022-08-09 19:09:45.119038+00:00 [info] Responding to STUN request [TCP, session kmtx14agdbv6, anonymous, client 127.0.0.1:33822] (mod_log_stun:handle_event/2:44)
2022-08-09 19:09:45.119085+00:00 [debug] Calling mod_stats_influx:handle_event/2 [TCP, session kmtx14agdbv6, anonymous, client 127.0.0.1:33822] (eturnal_module:handle_event/2:180)
2022-08-09 19:09:45.119125+00:00 [debug] Writing STUN query event to InfluxDB [TCP, session kmtx14agdbv6, anonymous, client 127.0.0.1:33822] (mod_stats_influx:on_stun_query/1:76)
2022-08-09 19:09:45.119336+00:00 [debug] Calling mod_stats_prometheus:handle_event/2 [TCP, session kmtx14agdbv6, anonymous, client 127.0.0.1:33822] (eturnal_module:handle_event/2:180)
2022-08-09 19:09:45.119439+00:00 [debug] Observing STUN query for Prometheus [TCP, session kmtx14agdbv6, anonymous, client 127.0.0.1:33822] (mod_stats_prometheus:on_stun_query/1:166)
2022-08-09 19:09:45.119581+00:00 [debug] Sending:
#stun{class = response,method = 1,magic = 554869826,
      trid = 28515553784132512092718736494,raw = <<>>,unsupported = [],
      'ALTERNATE-SERVER' = undefined,'CHANNEL-NUMBER' = undefined,
      'DATA' = undefined,'DONT-FRAGMENT' = false,'ERROR-CODE' = undefined,
      'LIFETIME' = undefined,'MAPPED-ADDRESS' = undefined,
      'MESSAGE-INTEGRITY' = undefined,'NONCE' = undefined,'REALM' = undefined,
      'REQUESTED-ADDRESS-FAMILY' = undefined,
      'REQUESTED-TRANSPORT' = undefined,'SOFTWARE' = <<"P1 STUN library">>,
      'UNKNOWN-ATTRIBUTES' = [],'USERNAME' = undefined,
      'XOR-MAPPED-ADDRESS' = {{127,0,0,1},33822},
      'XOR-PEER-ADDRESS' = [],'XOR-RELAYED-ADDRESS' = undefined} (stun:send/3:464)
2022-08-09 19:09:45.119922+00:00 [info] Connection reset by peer [TCP, session kmtx14agdbv6, anonymous, client 127.0.0.1:33822] (stun:handle_info/3:174)
2022-08-09 19:09:45.145483+00:00 [info] Accepting connection: 127.0.0.1:35776 -> 127.0.0.1:53490 [TLS, session tjhszpcsse2x] (stun_acceptor:accept/3:158)
2022-08-09 19:09:46.155759+00:00 [debug] Received:
#stun{class = request,method = 1,magic = 554869826,
      trid = 26625108035711210553291320285,raw = <<>>,unsupported = [],
      'ALTERNATE-SERVER' = undefined,'CHANNEL-NUMBER' = undefined,
      'DATA' = undefined,'DONT-FRAGMENT' = false,'ERROR-CODE' = undefined,
      'LIFETIME' = undefined,'MAPPED-ADDRESS' = undefined,
      'MESSAGE-INTEGRITY' = undefined,'NONCE' = undefined,'REALM' = undefined,
      'REQUESTED-ADDRESS-FAMILY' = undefined,
      'REQUESTED-TRANSPORT' = undefined,'SOFTWARE' = undefined,
      'UNKNOWN-ATTRIBUTES' = [],'USERNAME' = undefined,
      'XOR-MAPPED-ADDRESS' = undefined,'XOR-PEER-ADDRESS' = [],
      'XOR-RELAYED-ADDRESS' = undefined} (stun:process_data/3:421)
2022-08-09 19:09:46.156026+00:00 [debug] Responding to STUN request [TLS, session tjhszpcsse2x, anonymous, client 127.0.0.1:35776] (stun:process/4:323)
2022-08-09 19:09:46.156488+00:00 [debug] Running 'stun_query' hook [TLS, session tjhszpcsse2x, anonymous, client 127.0.0.1:35776] (stun:run_hook/3:843)
2022-08-09 19:09:46.157008+00:00 [debug] Got 'stun_query' event [TLS, session tjhszpcsse2x, anonymous, client 127.0.0.1:35776] (eturnal_module:handle_event/2:177)
2022-08-09 19:09:46.157117+00:00 [debug] Calling mod_log_stun:handle_event/2 [TLS, session tjhszpcsse2x, anonymous, client 127.0.0.1:35776] (eturnal_module:handle_event/2:180)
2022-08-09 19:09:46.157218+00:00 [info] Responding to STUN request [TLS, session tjhszpcsse2x, anonymous, client 127.0.0.1:35776] (mod_log_stun:handle_event/2:44)
2022-08-09 19:09:46.157304+00:00 [debug] Calling mod_stats_influx:handle_event/2 [TLS, session tjhszpcsse2x, anonymous, client 127.0.0.1:35776] (eturnal_module:handle_event/2:180)
2022-08-09 19:09:46.157384+00:00 [debug] Writing STUN query event to InfluxDB [TLS, session tjhszpcsse2x, anonymous, client 127.0.0.1:35776] (mod_stats_influx:on_stun_query/1:76)
2022-08-09 19:09:46.157707+00:00 [debug] Calling mod_stats_prometheus:handle_event/2 [TLS, session tjhszpcsse2x, anonymous, client 127.0.0.1:35776] (eturnal_module:handle_event/2:180)
2022-08-09 19:09:46.157817+00:00 [debug] Observing STUN query for Prometheus [TLS, session tjhszpcsse2x, anonymous, client 127.0.0.1:35776] (mod_stats_prometheus:on_stun_query/1:166)
2022-08-09 19:09:46.158041+00:00 [debug] Sending:
#stun{class = response,method = 1,magic = 554869826,
      trid = 26625108035711210553291320285,raw = <<>>,unsupported = [],
      'ALTERNATE-SERVER' = undefined,'CHANNEL-NUMBER' = undefined,
      'DATA' = undefined,'DONT-FRAGMENT' = false,'ERROR-CODE' = undefined,
      'LIFETIME' = undefined,'MAPPED-ADDRESS' = undefined,
      'MESSAGE-INTEGRITY' = undefined,'NONCE' = undefined,'REALM' = undefined,
      'REQUESTED-ADDRESS-FAMILY' = undefined,
      'REQUESTED-TRANSPORT' = undefined,'SOFTWARE' = <<"P1 STUN library">>,
      'UNKNOWN-ATTRIBUTES' = [],'USERNAME' = undefined,
      'XOR-MAPPED-ADDRESS' = {{127,0,0,1},35776},
      'XOR-PEER-ADDRESS' = [],'XOR-RELAYED-ADDRESS' = undefined} (stun:send/3:464)
2022-08-09 19:09:46.158873+00:00 [info] Connection reset by peer [TLS, session tjhszpcsse2x, anonymous, client 127.0.0.1:35776] (stun:handle_info/3:174)
2022-08-09 19:09:46.185147+00:00 [info] Accepting connection: 127.0.0.1:58000 -> 127.0.0.1:34781 [TCP|TLS, session rnil9v1o8f8h] (stun_acceptor:accept/3:158)
2022-08-09 19:09:46.185324+00:00 [debug] Determined transport protocol: TCP (stun:is_tls_handshake/1:789)
2022-08-09 19:09:46.185727+00:00 [debug] Received:
#stun{class = request,method = 1,magic = 554869826,
      trid = 23077790017396818056022388286,raw = <<>>,unsupported = [],
      'ALTERNATE-SERVER' = undefined,'CHANNEL-NUMBER' = undefined,
      'DATA' = undefined,'DONT-FRAGMENT' = false,'ERROR-CODE' = undefined,
      'LIFETIME' = undefined,'MAPPED-ADDRESS' = undefined,
      'MESSAGE-INTEGRITY' = undefined,'NONCE' = undefined,'REALM' = undefined,
      'REQUESTED-ADDRESS-FAMILY' = undefined,
      'REQUESTED-TRANSPORT' = undefined,'SOFTWARE' = undefined,
      'UNKNOWN-ATTRIBUTES' = [],'USERNAME' = undefined,
      'XOR-MAPPED-ADDRESS' = undefined,'XOR-PEER-ADDRESS' = [],
      'XOR-RELAYED-ADDRESS' = undefined} (stun:process_data/3:421)
2022-08-09 19:09:46.185845+00:00 [debug] Responding to STUN request [TCP, session rnil9v1o8f8h, anonymous, client 127.0.0.1:58000] (stun:process/4:323)
2022-08-09 19:09:46.185891+00:00 [debug] Running 'stun_query' hook [TCP, session rnil9v1o8f8h, anonymous, client 127.0.0.1:58000] (stun:run_hook/3:843)
2022-08-09 19:09:46.185959+00:00 [debug] Got 'stun_query' event [TCP, session rnil9v1o8f8h, anonymous, client 127.0.0.1:58000] (eturnal_module:handle_event/2:177)
2022-08-09 19:09:46.186003+00:00 [debug] Calling mod_log_stun:handle_event/2 [TCP, session rnil9v1o8f8h, anonymous, client 127.0.0.1:58000] (eturnal_module:handle_event/2:180)
2022-08-09 19:09:46.186050+00:00 [info] Responding to STUN request [TCP, session rnil9v1o8f8h, anonymous, client 127.0.0.1:58000] (mod_log_stun:handle_event/2:44)
2022-08-09 19:09:46.186091+00:00 [debug] Calling mod_stats_influx:handle_event/2 [TCP, session rnil9v1o8f8h, anonymous, client 127.0.0.1:58000] (eturnal_module:handle_event/2:180)
2022-08-09 19:09:46.186129+00:00 [debug] Writing STUN query event to InfluxDB [TCP, session rnil9v1o8f8h, anonymous, client 127.0.0.1:58000] (mod_stats_influx:on_stun_query/1:76)
2022-08-09 19:09:46.186323+00:00 [debug] Calling mod_stats_prometheus:handle_event/2 [TCP, session rnil9v1o8f8h, anonymous, client 127.0.0.1:58000] (eturnal_module:handle_event/2:180)
2022-08-09 19:09:46.186402+00:00 [debug] Observing STUN query for Prometheus [TCP, session rnil9v1o8f8h, anonymous, client 127.0.0.1:58000] (mod_stats_prometheus:on_stun_query/1:166)
2022-08-09 19:09:46.186693+00:00 [debug] Sending:
#stun{class = response,method = 1,magic = 554869826,
      trid = 23077790017396818056022388286,raw = <<>>,unsupported = [],
      'ALTERNATE-SERVER' = undefined,'CHANNEL-NUMBER' = undefined,
      'DATA' = undefined,'DONT-FRAGMENT' = false,'ERROR-CODE' = undefined,
      'LIFETIME' = undefined,'MAPPED-ADDRESS' = undefined,
      'MESSAGE-INTEGRITY' = undefined,'NONCE' = undefined,'REALM' = undefined,
      'REQUESTED-ADDRESS-FAMILY' = undefined,
      'REQUESTED-TRANSPORT' = undefined,'SOFTWARE' = <<"P1 STUN library">>,
      'UNKNOWN-ATTRIBUTES' = [],'USERNAME' = undefined,
      'XOR-MAPPED-ADDRESS' = {{127,0,0,1},58000},
      'XOR-PEER-ADDRESS' = [],'XOR-RELAYED-ADDRESS' = undefined} (stun:send/3:464)
2022-08-09 19:09:46.186958+00:00 [info] Connection reset by peer [TCP, session rnil9v1o8f8h, anonymous, client 127.0.0.1:58000] (stun:handle_info/3:174)
2022-08-09 19:09:46.211743+00:00 [info] Accepting connection: 127.0.0.1:58002 -> 127.0.0.1:34781 [TCP|TLS, session 3zilo1bqy89b] (stun_acceptor:accept/3:158)
2022-08-09 19:09:46.211942+00:00 [debug] Determined transport protocol: TLS (stun:is_tls_handshake/1:786)
2022-08-09 19:09:47.221557+00:00 [debug] Received:
#stun{class = request,method = 1,magic = 554869826,
      trid = 76189904945273693651235516767,raw = <<>>,unsupported = [],
      'ALTERNATE-SERVER' = undefined,'CHANNEL-NUMBER' = undefined,
      'DATA' = undefined,'DONT-FRAGMENT' = false,'ERROR-CODE' = undefined,
      'LIFETIME' = undefined,'MAPPED-ADDRESS' = undefined,
      'MESSAGE-INTEGRITY' = undefined,'NONCE' = undefined,'REALM' = undefined,
      'REQUESTED-ADDRESS-FAMILY' = undefined,
      'REQUESTED-TRANSPORT' = undefined,'SOFTWARE' = undefined,
      'UNKNOWN-ATTRIBUTES' = [],'USERNAME' = undefined,
      'XOR-MAPPED-ADDRESS' = undefined,'XOR-PEER-ADDRESS' = [],
      'XOR-RELAYED-ADDRESS' = undefined} (stun:process_data/3:421)
2022-08-09 19:09:47.221770+00:00 [debug] Responding to STUN request [TLS, session 3zilo1bqy89b, anonymous, client 127.0.0.1:58002] (stun:process/4:323)
2022-08-09 19:09:47.221827+00:00 [debug] Running 'stun_query' hook [TLS, session 3zilo1bqy89b, anonymous, client 127.0.0.1:58002] (stun:run_hook/3:843)
2022-08-09 19:09:47.221926+00:00 [debug] Got 'stun_query' event [TLS, session 3zilo1bqy89b, anonymous, client 127.0.0.1:58002] (eturnal_module:handle_event/2:177)
2022-08-09 19:09:47.221982+00:00 [debug] Calling mod_log_stun:handle_event/2 [TLS, session 3zilo1bqy89b, anonymous, client 127.0.0.1:58002] (eturnal_module:handle_event/2:180)
2022-08-09 19:09:47.222092+00:00 [info] Responding to STUN request [TLS, session 3zilo1bqy89b, anonymous, client 127.0.0.1:58002] (mod_log_stun:handle_event/2:44)
2022-08-09 19:09:47.222133+00:00 [debug] Calling mod_stats_influx:handle_event/2 [TLS, session 3zilo1bqy89b, anonymous, client 127.0.0.1:58002] (eturnal_module:handle_event/2:180)
2022-08-09 19:09:47.222179+00:00 [debug] Writing STUN query event to InfluxDB [TLS, session 3zilo1bqy89b, anonymous, client 127.0.0.1:58002] (mod_stats_influx:on_stun_query/1:76)
2022-08-09 19:09:47.222461+00:00 [debug] Calling mod_stats_prometheus:handle_event/2 [TLS, session 3zilo1bqy89b, anonymous, client 127.0.0.1:58002] (eturnal_module:handle_event/2:180)
2022-08-09 19:09:47.222531+00:00 [debug] Observing STUN query for Prometheus [TLS, session 3zilo1bqy89b, anonymous, client 127.0.0.1:58002] (mod_stats_prometheus:on_stun_query/1:166)
2022-08-09 19:09:47.222657+00:00 [debug] Sending:
#stun{class = response,method = 1,magic = 554869826,
      trid = 76189904945273693651235516767,raw = <<>>,unsupported = [],
      'ALTERNATE-SERVER' = undefined,'CHANNEL-NUMBER' = undefined,
      'DATA' = undefined,'DONT-FRAGMENT' = false,'ERROR-CODE' = undefined,
      'LIFETIME' = undefined,'MAPPED-ADDRESS' = undefined,
      'MESSAGE-INTEGRITY' = undefined,'NONCE' = undefined,'REALM' = undefined,
      'REQUESTED-ADDRESS-FAMILY' = undefined,
      'REQUESTED-TRANSPORT' = undefined,'SOFTWARE' = <<"P1 STUN library">>,
      'UNKNOWN-ATTRIBUTES' = [],'USERNAME' = undefined,
      'XOR-MAPPED-ADDRESS' = {{127,0,0,1},58002},
      'XOR-PEER-ADDRESS' = [],'XOR-RELAYED-ADDRESS' = undefined} (stun:send/3:464)
2022-08-09 19:09:47.223116+00:00 [info] Connection reset by peer [TLS, session 3zilo1bqy89b, anonymous, client 127.0.0.1:58002] (stun:handle_info/3:174)
2022-08-09 19:09:47.248968+00:00 [debug] No NOTIFY_SOCKET, dropping STOPPING=1 notification (eturnal_systemd:handle_cast/2:108)
2022-08-09 19:09:47.248976+00:00 [debug] Terminating eturnal (shutdown) (eturnal:terminate/2:173)
2022-08-09 19:09:47.249150+00:00 [debug] Watchdog interval is undefined, hibernating (eturnal_systemd:get_timeout/1:161)
2022-08-09 19:09:47.249434+00:00 [info] Stopped listening on 127.0.0.1:34780 (udp) (eturnal:stop_listeners/1:411)
2022-08-09 19:09:47.250016+00:00 [info] Stopped listening on 127.0.0.1:34780 (tcp) (eturnal:stop_listeners/1:411)
2022-08-09 19:09:47.250221+00:00 [info] Stopped listening on 127.0.0.1:53490 (tls) (eturnal:stop_listeners/1:411)
2022-08-09 19:09:47.250717+00:00 [info] Stopped listening on 127.0.0.1:34781 (auto) (eturnal:stop_listeners/1:411)
2022-08-09 19:09:47.251185+00:00 [debug] Calling mod_log_stun:stop/1 (eturnal_module:stop/1:163)
2022-08-09 19:09:47.252018+00:00 [debug] Stopping mod_log_stun (mod_log_stun:stop/0:49)
2022-08-09 19:09:47.252503+00:00 [info] Stopped mod_log_stun (eturnal:stop_modules/1:368)
2022-08-09 19:09:47.256835+00:00 [debug] Calling mod_stats_influx:stop/1 (eturnal_module:stop/1:163)
2022-08-09 19:09:47.256981+00:00 [debug] Stopping mod_stats_influx (mod_stats_influx:stop/0:61)
2022-08-09 19:09:47.257065+00:00 [info] Stopped mod_stats_influx (eturnal:stop_modules/1:368)
2022-08-09 19:09:47.259359+00:00 [debug] Calling mod_stats_prometheus:stop/1 (eturnal_module:stop/1:163)
2022-08-09 19:09:47.259639+00:00 [debug] Stopping mod_stats_prometheus (mod_stats_prometheus:stop/0:110)
2022-08-09 19:09:47.260322+00:00 [info] Stopped mod_stats_prometheus (eturnal:stop_modules/1:368)
2022-08-09 19:09:47.260943+00:00 [debug] Removed run/cert.pem (eturnal:clean_run_dir/0:804)
2022-08-09 19:09:47.261203+00:00 [debug] Terminating eturnal_systemd (shutdown) (eturnal_systemd:terminate/2:135)
2022-08-09 19:09:47.262510+00:00 [notice] Stopping eturnal 1.10.1 on Erlang/OTP 25 (ERTS 13.0) (eturnal_app:stop/1:53)
