2023-07-28 21:01:16.705379+00:00 [notice] Starting eturnal 1.10.1 on Erlang/OTP 26 (ERTS 14.0) (eturnal_app:start/2:34)
2023-07-28 21:01:16.705591+00:00 [debug] Starting supervisor: eturnal_sup (eturnal_sup:start_link/0:31)
2023-07-28 21:01:16.705761+00:00 [debug] Configuring eturnal_sup supervisor: [#{id => systemd,
                                       start =>
                                           {eturnal_systemd,start_link,[]}},
                                     #{id => eturnal,
                                       start => {eturnal,start_link,[]}}] (eturnal_sup:init/0:39)
2023-07-28 21:01:16.707460+00:00 [info] Got no NOTIFY_SOCKET, notifications disabled (eturnal_systemd:init/1:96)
2023-07-28 21:01:16.707647+00:00 [debug] PROGRESS REPORT:
    supervisor: {local,eturnal_sup}
    started: [{pid,<0.1203.0>},
              {id,systemd},
              {mfargs,{eturnal_systemd,start_link,[]}},
              {restart_type,permanent},
              {significant,false},
              {shutdown,5000},
              {child_type,worker}]
 (supervisor:report_progress/2:1563)
2023-07-28 21:01:16.707766+00:00 [info] Relay IPv4 address: 127.0.0.1 (port range: 49152-65535) (eturnal:log_relay_addresses/0:325)
2023-07-28 21:01:16.707911+00:00 [info] Relay IPv6 address not configured (eturnal:log_relay_addresses/0:335)
2023-07-28 21:01:16.733617+00:00 [info] Cannot determine control query port: noport (eturnal:log_control_listener/0:350)
2023-07-28 21:01:16.734149+00:00 [debug] Using run directory run (eturnal:ensure_run_dir/0:798)
2023-07-28 21:01:16.734299+00:00 [debug] TURN configuration seems fine (eturnal:check_turn_config/0:546)
2023-07-28 21:01:16.734484+00:00 [warning] TLS enabled without 'tls_crt_file', creating self-signed certificate (eturnal:check_pem_file/0:744)
2023-07-28 21:01:17.174318+00:00 [debug] Calling mod_log_stun:start/0 (eturnal_module:start/1:143)
2023-07-28 21:01:17.174577+00:00 [debug] Starting mod_log_stun (mod_log_stun:start/0:38)
2023-07-28 21:01:17.174837+00:00 [info] Started mod_log_stun (eturnal:start_modules/0:361)
2023-07-28 21:01:17.174945+00:00 [debug] Calling mod_stats_influx:start/0 (eturnal_module:start/1:143)
2023-07-28 21:01:17.175149+00:00 [debug] Starting mod_stats_influx (mod_stats_influx:start/0:37)
2023-07-28 21:01:17.177620+00:00 [debug] PROGRESS REPORT:
    application: ulitos
    started_at: nonode@nohost
 (application_controller:info_started/2:2117)
2023-07-28 21:01:17.178919+00:00 [debug] PROGRESS REPORT:
    application: poolboy
    started_at: nonode@nohost
 (application_controller:info_started/2:2117)
2023-07-28 21:01:17.186656+00:00 [info]     msg: Starting application: influx_udp (influx_udp_app:start/2:10)
2023-07-28 21:01:17.191239+00:00 [debug] PROGRESS REPORT:
    supervisor: {local,influx_udp_sup}
    started: [{pid,<0.1225.0>},
              {id,influx_udp},
              {mfargs,{influx_udp,start_link,[]}},
              {restart_type,permanent},
              {significant,false},
              {shutdown,5000},
              {child_type,worker}]
 (supervisor:report_progress/2:1563)
2023-07-28 21:01:17.191393+00:00 [debug] PROGRESS REPORT:
    application: influx_udp
    started_at: nonode@nohost
 (application_controller:info_started/2:2117)
2023-07-28 21:01:17.191491+00:00 [debug] Dependency influx_udp was available already (eturnal_module:ensure_dep/2:284)
2023-07-28 21:01:17.194446+00:00 [info]     options: #{port => 8089,host => "localhost",pool_size => 1,
               max_overflow => 1}
    msg: Start clients pool
    host: {127,0,0,1} (influx_udp:start_pool_/2:239)
2023-07-28 21:01:17.205184+00:00 [info]     port: 59682
    msg: Open UDP socket on port (influx_udp_worker:init/1:43)
2023-07-28 21:01:17.205437+00:00 [debug] PROGRESS REPORT:
    supervisor: {local,influx_udp_sup}
    started: [{pid,<0.1228.0>},
              {id,stats_influx_pool},
              {mfargs,
                  {poolboy,start_link,
                      [[{name,{local,stats_influx_pool}},
                        {worker_module,influx_udp_worker},
                        {size,1},
                        {max_overflow,1}],
                       [{options,
                            #{port => 8089,
                              host => {127,0,0,1},
                              pool_size => 1,max_overflow => 1}}]]}},
              {restart_type,permanent},
              {significant,false},
              {shutdown,5000},
              {child_type,worker}]
 (supervisor:report_progress/2:1563)
2023-07-28 21:01:17.205626+00:00 [info] Started mod_stats_influx (eturnal:start_modules/0:361)
2023-07-28 21:01:17.206327+00:00 [debug] Calling mod_stats_prometheus:start/0 (eturnal_module:start/1:143)
2023-07-28 21:01:17.207169+00:00 [debug] Starting mod_stats_prometheus (mod_stats_prometheus:start/0:56)
2023-07-28 21:01:18.663837+00:00 [debug] PROGRESS REPORT:
    application: prometheus
    started_at: nonode@nohost
 (application_controller:info_started/2:2117)
2023-07-28 21:01:18.665072+00:00 [debug] PROGRESS REPORT:
    application: accept
    started_at: nonode@nohost
 (application_controller:info_started/2:2117)
2023-07-28 21:01:18.665353+00:00 [debug] PROGRESS REPORT:
    application: prometheus_httpd
    started_at: nonode@nohost
 (application_controller:info_started/2:2117)
2023-07-28 21:01:18.665416+00:00 [debug] Dependency prometheus_httpd was available already (eturnal_module:ensure_dep/2:284)
2023-07-28 21:01:18.666988+00:00 [debug] PROGRESS REPORT:
    supervisor: {local,httpd_instance_sup__127_0_0_1__9081default}
    started: [{pid,<0.1250.0>},
              {id,{httpd_connection_sup,{127,0,0,1},9081,default}},
              {mfargs,{httpd_connection_sup,start_link,[[{127,0,0,1},9081]]}},
              {restart_type,permanent},
              {significant,false},
              {shutdown,5000},
              {child_type,supervisor}]
 (supervisor:report_progress/2:1563)
2023-07-28 21:01:18.667342+00:00 [debug] PROGRESS REPORT:
    supervisor: {local,httpd_acceptor_sup__127_0_0_1__9081default}
    started: [{pid,<0.1252.0>},
              {id,{httpd_acceptor_sup,{127,0,0,1},9081,default}},
              {mfargs,{httpd_acceptor,start_link,
                                      [httpd__127_0_0_1__9081default,ip_comm,
                                       {127,0,0,1},
                                       9081,inet,
                                       httpd_conf__127_0_0_1__9081default,
                                       15000]}},
              {restart_type,transient},
              {significant,false},
              {shutdown,brutal_kill},
              {child_type,worker}]
 (supervisor:report_progress/2:1563)
2023-07-28 21:01:18.667476+00:00 [debug] PROGRESS REPORT:
    supervisor: {local,httpd_instance_sup__127_0_0_1__9081default}
    started: [{pid,<0.1251.0>},
              {id,{httpd_acceptor_sup,{127,0,0,1},9081,default}},
              {mfargs,
                  {httpd_acceptor_sup,start_link,
                      [[{127,0,0,1},
                        9081,
                        [{bind_address,{127,0,0,1}},
                         {socket_type,ip_comm},
                         {port,9081},
                         {server_root,"run/mod_stats_prometheus/doc"},
                         {document_root,"run/mod_stats_prometheus/doc"},
                         {server_name,"Prometheus Exporter"},
                         {modules,[prometheus_httpd]}],
                        15000,undefined]]}},
              {restart_type,permanent},
              {significant,false},
              {shutdown,infinity},
              {child_type,supervisor}]
 (supervisor:report_progress/2:1563)
2023-07-28 21:01:18.667635+00:00 [debug] PROGRESS REPORT:
    supervisor: {local,httpd_instance_sup__127_0_0_1__9081default}
    started: [{pid,<0.1253.0>},
              {id,{httpd_misc_sup,{127,0,0,1},9081,default}},
              {mfargs,{httpd_misc_sup,start_link,[{127,0,0,1},9081,default]}},
              {restart_type,permanent},
              {significant,false},
              {shutdown,infinity},
              {child_type,supervisor}]
 (supervisor:report_progress/2:1563)
2023-07-28 21:01:18.667982+00:00 [debug] PROGRESS REPORT:
    supervisor: {local,httpd_instance_sup__127_0_0_1__9081default}
    started: [{pid,<0.1254.0>},
              {id,{httpd_manager,{127,0,0,1},9081,default}},
              {mfargs,
                  {httpd_manager,start_link,
                      [undefined,
                       [{bind_address,{127,0,0,1}},
                        {socket_type,ip_comm},
                        {port,9081},
                        {server_root,"run/mod_stats_prometheus/doc"},
                        {document_root,"run/mod_stats_prometheus/doc"},
                        {server_name,"Prometheus Exporter"},
                        {modules,[prometheus_httpd]}],
                       15000]}},
              {restart_type,permanent},
              {significant,false},
              {shutdown,4000},
              {child_type,worker}]
 (supervisor:report_progress/2:1563)
2023-07-28 21:01:18.668120+00:00 [debug] PROGRESS REPORT:
    supervisor: {local,httpd_sup}
    started: [{pid,<0.1249.0>},
              {id,{httpd_instance_sup,{127,0,0,1},9081,default}},
              {mfargs,
                  {httpd_instance_sup,start_link,
                      [[{bind_address,{127,0,0,1}},
                        {socket_type,ip_comm},
                        {port,9081},
                        {server_root,"run/mod_stats_prometheus/doc"},
                        {document_root,"run/mod_stats_prometheus/doc"},
                        {server_name,"Prometheus Exporter"},
                        {modules,[prometheus_httpd]}],
                       15000,[]]}},
              {restart_type,permanent},
              {significant,false},
              {shutdown,infinity},
              {child_type,supervisor}]
 (supervisor:report_progress/2:1563)
2023-07-28 21:01:18.670700+00:00 [info] Started mod_stats_prometheus (eturnal:start_modules/0:361)
2023-07-28 21:01:18.670884+00:00 [debug] Starting listener 127.0.0.1:34780 (udp) with options:
[{use_turn,true},
 {auth_type,user},
 {turn_ipv4_address,{127,0,0,1}},
 {turn_min_port,49152},
 {turn_max_port,65535},
 {turn_max_allocations,10},
 {turn_max_permissions,10},
 {shaper,100000},
 {turn_blacklist,[{{10,0,0,0},8},
                  {{100,64,0,0},10},
                  {{127,0,0,0},8},
                  {{169,254,0,0},16},
                  {{172,16,0,0},12},
                  {{192,0,0,0},24},
                  {{192,0,2,0},24},
                  {{192,88,99,0},24},
                  {{192,168,0,0},16},
                  {{198,18,0,0},15},
                  {{198,51,100,0},24},
                  {{203,0,113,0},24},
                  {{224,0,0,0},4},
                  {{240,0,0,0},4},
                  {{0,0,0,0,0,0,0,1},128},
                  {{0,0,0,0,0,65535,0,0},96},
                  {{100,65435,0,0,0,0,0,0},96},
                  {{256,0,0,0,0,0,0,0},64},
                  {{8193,3512,0,0,0,0,0,0},32},
                  {{64512,0,0,0,0,0,0,0},7},
                  {{65152,0,0,0,0,0,0,0},10},
                  {{65280,0,0,0,0,0,0,0},8}]},
 {turn_whitelist,[{{127,0,0,1},32},
                  {{203,0,113,113},32},
                  {{8193,3512,0,0,0,0,0,0},64}]},
 {auth_realm,<<"eturnal.net">>},
 {server_name,<<"eturnal">>},
 {auth_fun,fun eturnal:get_password/2},
 {hook_fun,fun eturnal:run_hook/2}] (eturnal:start_listeners/0:394)
2023-07-28 21:01:18.671774+00:00 [info] Listening on 127.0.0.1:34780 (udp) (STUN/TURN) (eturnal:start_listeners/0:401)
2023-07-28 21:01:18.671906+00:00 [debug] Starting listener 127.0.0.1:34780 (tcp) with options:
[{use_turn,false},
 {auth_type,anonymous},
 {turn_ipv4_address,{127,0,0,1}},
 {turn_min_port,49152},
 {turn_max_port,65535},
 {turn_max_allocations,10},
 {turn_max_permissions,10},
 {shaper,100000},
 {turn_blacklist,[{{10,0,0,0},8},
                  {{100,64,0,0},10},
                  {{127,0,0,0},8},
                  {{169,254,0,0},16},
                  {{172,16,0,0},12},
                  {{192,0,0,0},24},
                  {{192,0,2,0},24},
                  {{192,88,99,0},24},
                  {{192,168,0,0},16},
                  {{198,18,0,0},15},
                  {{198,51,100,0},24},
                  {{203,0,113,0},24},
                  {{224,0,0,0},4},
                  {{240,0,0,0},4},
                  {{0,0,0,0,0,0,0,1},128},
                  {{0,0,0,0,0,65535,0,0},96},
                  {{100,65435,0,0,0,0,0,0},96},
                  {{256,0,0,0,0,0,0,0},64},
                  {{8193,3512,0,0,0,0,0,0},32},
                  {{64512,0,0,0,0,0,0,0},7},
                  {{65152,0,0,0,0,0,0,0},10},
                  {{65280,0,0,0,0,0,0,0},8}]},
 {turn_whitelist,[{{127,0,0,1},32},
                  {{203,0,113,113},32},
                  {{8193,3512,0,0,0,0,0,0},64}]},
 {auth_realm,<<"eturnal.net">>},
 {server_name,<<"eturnal">>},
 {auth_fun,fun eturnal:get_password/2},
 {hook_fun,fun eturnal:run_hook/2}] (eturnal:start_listeners/0:394)
2023-07-28 21:01:18.672499+00:00 [info] Listening on 127.0.0.1:34780 (tcp) (STUN only) (eturnal:start_listeners/0:401)
2023-07-28 21:01:18.672618+00:00 [debug] Starting listener 127.0.0.1:53490 (tls) with options:
[{use_turn,false},
 {auth_type,anonymous},
 {tls,true},
 {certfile,<<"run/cert.pem">>},
 {ciphers,<<"HIGH:!aNULL:@STRENGTH">>},
 {protocol_options,<<"no_tlsv1|no_tlsv1_1|cipher_server_preference">>},
 {turn_ipv4_address,{127,0,0,1}},
 {turn_min_port,49152},
 {turn_max_port,65535},
 {turn_max_allocations,10},
 {turn_max_permissions,10},
 {shaper,100000},
 {turn_blacklist,[{{10,0,0,0},8},
                  {{100,64,0,0},10},
                  {{127,0,0,0},8},
                  {{169,254,0,0},16},
                  {{172,16,0,0},12},
                  {{192,0,0,0},24},
                  {{192,0,2,0},24},
                  {{192,88,99,0},24},
                  {{192,168,0,0},16},
                  {{198,18,0,0},15},
                  {{198,51,100,0},24},
                  {{203,0,113,0},24},
                  {{224,0,0,0},4},
                  {{240,0,0,0},4},
                  {{0,0,0,0,0,0,0,1},128},
                  {{0,0,0,0,0,65535,0,0},96},
                  {{100,65435,0,0,0,0,0,0},96},
                  {{256,0,0,0,0,0,0,0},64},
                  {{8193,3512,0,0,0,0,0,0},32},
                  {{64512,0,0,0,0,0,0,0},7},
                  {{65152,0,0,0,0,0,0,0},10},
                  {{65280,0,0,0,0,0,0,0},8}]},
 {turn_whitelist,[{{127,0,0,1},32},
                  {{203,0,113,113},32},
                  {{8193,3512,0,0,0,0,0,0},64}]},
 {auth_realm,<<"eturnal.net">>},
 {server_name,<<"eturnal">>},
 {auth_fun,fun eturnal:get_password/2},
 {hook_fun,fun eturnal:run_hook/2}] (eturnal:start_listeners/0:394)
2023-07-28 21:01:18.673194+00:00 [info] Listening on 127.0.0.1:53490 (tls) (STUN only) (eturnal:start_listeners/0:401)
2023-07-28 21:01:18.673337+00:00 [debug] Starting listener 127.0.0.1:34781 (auto) with options:
[{use_turn,false},
 {auth_type,anonymous},
 {tls,optional},
 {certfile,<<"run/cert.pem">>},
 {ciphers,<<"HIGH:!aNULL:@STRENGTH">>},
 {protocol_options,<<"no_tlsv1|no_tlsv1_1|cipher_server_preference">>},
 {turn_ipv4_address,{127,0,0,1}},
 {turn_min_port,49152},
 {turn_max_port,65535},
 {turn_max_allocations,10},
 {turn_max_permissions,10},
 {shaper,100000},
 {turn_blacklist,[{{10,0,0,0},8},
                  {{100,64,0,0},10},
                  {{127,0,0,0},8},
                  {{169,254,0,0},16},
                  {{172,16,0,0},12},
                  {{192,0,0,0},24},
                  {{192,0,2,0},24},
                  {{192,88,99,0},24},
                  {{192,168,0,0},16},
                  {{198,18,0,0},15},
                  {{198,51,100,0},24},
                  {{203,0,113,0},24},
                  {{224,0,0,0},4},
                  {{240,0,0,0},4},
                  {{0,0,0,0,0,0,0,1},128},
                  {{0,0,0,0,0,65535,0,0},96},
                  {{100,65435,0,0,0,0,0,0},96},
                  {{256,0,0,0,0,0,0,0},64},
                  {{8193,3512,0,0,0,0,0,0},32},
                  {{64512,0,0,0,0,0,0,0},7},
                  {{65152,0,0,0,0,0,0,0},10},
                  {{65280,0,0,0,0,0,0,0},8}]},
 {turn_whitelist,[{{127,0,0,1},32},
                  {{203,0,113,113},32},
                  {{8193,3512,0,0,0,0,0,0},64}]},
 {auth_realm,<<"eturnal.net">>},
 {server_name,<<"eturnal">>},
 {auth_fun,fun eturnal:get_password/2},
 {hook_fun,fun eturnal:run_hook/2}] (eturnal:start_listeners/0:394)
2023-07-28 21:01:18.674048+00:00 [info] Listening on 127.0.0.1:34781 (auto) (STUN only) (eturnal:start_listeners/0:401)
2023-07-28 21:01:18.674206+00:00 [debug] Started 3 modules (eturnal:init/1:105)
2023-07-28 21:01:18.674275+00:00 [debug] Started 4 listeners (eturnal:init/1:106)
2023-07-28 21:01:18.674357+00:00 [debug] PROGRESS REPORT:
    supervisor: {local,eturnal_sup}
    started: [{pid,<0.1205.0>},
              {id,eturnal},
              {mfargs,{eturnal,start_link,[]}},
              {restart_type,permanent},
              {significant,false},
              {shutdown,5000},
              {child_type,worker}]
 (supervisor:report_progress/2:1563)
2023-07-28 21:01:18.674471+00:00 [debug] No NOTIFY_SOCKET, dropping READY=1 notification (eturnal_systemd:handle_cast/2:110)
2023-07-28 21:01:18.674580+00:00 [debug] Watchdog interval is undefined, hibernating (eturnal_systemd:get_timeout/1:163)
2023-07-28 21:01:18.674599+00:00 [debug] PROGRESS REPORT:
    application: eturnal
    started_at: nonode@nohost
 (application_controller:info_started/2:2117)
2023-07-28 21:01:18.711758+00:00 [debug] Handling API call: get_info() (eturnal_ctl:get_info/0:134)
2023-07-28 21:01:18.712394+00:00 [debug] eturnal call (get_info) returned {ok,
                                  {eturnal_node_info,<<"1.10.1">>,
                                   {"26","14.0"},
                                   5514,0,164,147606236,1,58115568}} (eturnal_ctl:call/1:451)
2023-07-28 21:01:18.737207+00:00 [debug] Handling API call: get_sessions() (eturnal_ctl:get_sessions/0:105)
2023-07-28 21:01:18.761839+00:00 [debug] Handling API call: get_sessions("alice") (eturnal_ctl:get_sessions/1:115)
2023-07-28 21:01:18.762050+00:00 [debug] Handling API call: disconnect(alice) (eturnal_ctl:disconnect/1:183)
2023-07-28 21:01:18.762141+00:00 [debug] Cannot convert user name to binary: alice (eturnal_ctl:disconnect/1:193)
2023-07-28 21:01:18.786949+00:00 [debug] Handling API call: disconnect("alice") (eturnal_ctl:disconnect/1:183)
2023-07-28 21:01:18.787332+00:00 [debug] Handling API call: disconnect(alice) (eturnal_ctl:disconnect/1:183)
2023-07-28 21:01:18.787476+00:00 [debug] Cannot convert user name to binary: alice (eturnal_ctl:disconnect/1:193)
2023-07-28 21:01:18.811870+00:00 [debug] Handling API call: get_credentials("2009-10-30 11:00:00Z", []) (eturnal_ctl:get_credentials/2:59)
2023-07-28 21:01:18.812122+00:00 [debug] eturnal call ({get_password,<<"1256900400">>}) returned {ok,
                                                         <<"uEKlpcME7MNMMVRV8rUFPCTIFEs=">>} (eturnal_ctl:call/1:451)
2023-07-28 21:01:18.812618+00:00 [debug] Handling API call: get_credentials("86400", "alice") (eturnal_ctl:get_credentials/2:59)
2023-07-28 21:01:18.812992+00:00 [debug] eturnal call ({get_password,<<"1690664478:alice">>}) returned {ok,
                                                               <<"ZKkiocWiZhCz7u+cdfRVCc9zgLQ=">>} (eturnal_ctl:call/1:451)
2023-07-28 21:01:18.813272+00:00 [debug] Handling API call: get_password("1690664478:alice") (eturnal_ctl:get_password/1:78)
2023-07-28 21:01:18.813622+00:00 [debug] eturnal call ({get_password,<<"1690664478:alice">>}) returned {ok,
                                                               <<"ZKkiocWiZhCz7u+cdfRVCc9zgLQ=">>} (eturnal_ctl:call/1:451)
2023-07-28 21:01:18.813793+00:00 [debug] Handling API call: get_credentials("86400s", "alice") (eturnal_ctl:get_credentials/2:59)
2023-07-28 21:01:18.814098+00:00 [debug] eturnal call ({get_password,<<"1690664478:alice">>}) returned {ok,
                                                               <<"ZKkiocWiZhCz7u+cdfRVCc9zgLQ=">>} (eturnal_ctl:call/1:451)
2023-07-28 21:01:18.814368+00:00 [debug] Handling API call: get_password("1690664478:alice") (eturnal_ctl:get_password/1:78)
2023-07-28 21:01:18.814604+00:00 [debug] eturnal call ({get_password,<<"1690664478:alice">>}) returned {ok,
                                                               <<"ZKkiocWiZhCz7u+cdfRVCc9zgLQ=">>} (eturnal_ctl:call/1:451)
2023-07-28 21:01:18.814905+00:00 [debug] Handling API call: get_credentials("1440m", "alice") (eturnal_ctl:get_credentials/2:59)
2023-07-28 21:01:18.815200+00:00 [debug] eturnal call ({get_password,<<"1690664478:alice">>}) returned {ok,
                                                               <<"ZKkiocWiZhCz7u+cdfRVCc9zgLQ=">>} (eturnal_ctl:call/1:451)
2023-07-28 21:01:18.815458+00:00 [debug] Handling API call: get_password("1690664478:alice") (eturnal_ctl:get_password/1:78)
2023-07-28 21:01:18.815632+00:00 [debug] eturnal call ({get_password,<<"1690664478:alice">>}) returned {ok,
                                                               <<"ZKkiocWiZhCz7u+cdfRVCc9zgLQ=">>} (eturnal_ctl:call/1:451)
2023-07-28 21:01:18.815813+00:00 [debug] Handling API call: get_credentials("24h", "alice") (eturnal_ctl:get_credentials/2:59)
2023-07-28 21:01:18.815940+00:00 [debug] eturnal call ({get_password,<<"1690664478:alice">>}) returned {ok,
                                                               <<"ZKkiocWiZhCz7u+cdfRVCc9zgLQ=">>} (eturnal_ctl:call/1:451)
2023-07-28 21:01:18.816041+00:00 [debug] Handling API call: get_password("1690664478:alice") (eturnal_ctl:get_password/1:78)
2023-07-28 21:01:18.816132+00:00 [debug] eturnal call ({get_password,<<"1690664478:alice">>}) returned {ok,
                                                               <<"ZKkiocWiZhCz7u+cdfRVCc9zgLQ=">>} (eturnal_ctl:call/1:451)
2023-07-28 21:01:18.816280+00:00 [debug] Handling API call: get_credentials("1d", "alice") (eturnal_ctl:get_credentials/2:59)
2023-07-28 21:01:18.816883+00:00 [debug] eturnal call ({get_password,<<"1690664478:alice">>}) returned {ok,
                                                               <<"ZKkiocWiZhCz7u+cdfRVCc9zgLQ=">>} (eturnal_ctl:call/1:451)
2023-07-28 21:01:18.817040+00:00 [debug] Handling API call: get_password("1690664478:alice") (eturnal_ctl:get_password/1:78)
2023-07-28 21:01:18.817150+00:00 [debug] eturnal call ({get_password,<<"1690664478:alice">>}) returned {ok,
                                                               <<"ZKkiocWiZhCz7u+cdfRVCc9zgLQ=">>} (eturnal_ctl:call/1:451)
2023-07-28 21:01:18.817302+00:00 [debug] Handling API call: get_password("Invalid") (eturnal_ctl:get_password/1:78)
2023-07-28 21:01:18.817409+00:00 [debug] Invalid user name: Invalid (eturnal_ctl:get_password/1:92)
2023-07-28 21:01:18.817675+00:00 [debug] Handling API call: get_credentials("Invalid", []) (eturnal_ctl:get_credentials/2:59)
2023-07-28 21:01:18.818189+00:00 [debug] Invalid argument(s): "Invalid":[] (eturnal_ctl:get_credentials/2:72)
2023-07-28 21:01:18.818289+00:00 [debug] Handling API call: get_password(invalid) (eturnal_ctl:get_password/1:78)
2023-07-28 21:01:18.818376+00:00 [debug] Cannot convert user name to binary: invalid (eturnal_ctl:get_password/1:99)
2023-07-28 21:01:18.818479+00:00 [debug] Handling API call: get_credentials(invalid, []) (eturnal_ctl:get_credentials/2:59)
2023-07-28 21:01:18.818548+00:00 [debug] Invalid argument(s): invalid:[] (eturnal_ctl:get_credentials/2:72)
2023-07-28 21:01:18.818610+00:00 [debug] Handling API call: get_password([invalid]) (eturnal_ctl:get_password/1:78)
2023-07-28 21:01:18.818698+00:00 [debug] Cannot convert user name to binary: [invalid] (eturnal_ctl:get_password/1:99)
2023-07-28 21:01:18.818767+00:00 [debug] Handling API call: get_credentials([invalid], []) (eturnal_ctl:get_credentials/2:59)
2023-07-28 21:01:18.818832+00:00 [debug] Invalid argument(s): [invalid]:[] (eturnal_ctl:get_credentials/2:72)
2023-07-28 21:01:18.818930+00:00 [debug] Handling API call: get_credentials(1256900400, invalid) (eturnal_ctl:get_credentials/2:59)
2023-07-28 21:01:18.818991+00:00 [debug] Invalid argument(s): 1256900400:invalid (eturnal_ctl:get_credentials/2:72)
2023-07-28 21:01:18.843800+00:00 [debug] Handling API call: set_loglevel(debug) (eturnal_ctl:set_loglevel/1:164)
2023-07-28 21:01:18.843994+00:00 [debug] eturnal call ({set_loglevel,debug}) returned ok (eturnal_ctl:call/1:448)
2023-07-28 21:01:18.844150+00:00 [debug] Handling API call: get_loglevel() (eturnal_ctl:get_loglevel/0:154)
2023-07-28 21:01:18.844229+00:00 [debug] eturnal call (get_loglevel) returned {ok,debug} (eturnal_ctl:call/1:451)
2023-07-28 21:01:18.844382+00:00 [debug] Handling API call: set_loglevel(invalid) (eturnal_ctl:set_loglevel/1:164)
2023-07-28 21:01:18.844453+00:00 [debug] Invalid log level: invalid (eturnal_ctl:set_loglevel/1:174)
2023-07-28 21:01:18.844553+00:00 [debug] Handling API call: get_loglevel() (eturnal_ctl:get_loglevel/0:154)
2023-07-28 21:01:18.844822+00:00 [debug] eturnal call (get_loglevel) returned {ok,debug} (eturnal_ctl:call/1:451)
2023-07-28 21:01:18.873168+00:00 [debug] Handling API call: get_version() (eturnal_ctl:get_version/0:144)
2023-07-28 21:01:18.873383+00:00 [debug] eturnal call (get_version) returned {ok,<<"1.10.1">>} (eturnal_ctl:call/1:451)
2023-07-28 21:01:18.898150+00:00 [debug] Handling API call: reload() (eturnal_ctl:reload/0:199)
2023-07-28 21:01:18.900533+00:00 [debug] Calling mod_log_stun:options/0 (eturnal_module:options/1:192)
2023-07-28 21:01:18.900688+00:00 [debug] Calling mod_stats_influx:options/0 (eturnal_module:options/1:192)
2023-07-28 21:01:18.900770+00:00 [debug] Calling mod_stats_prometheus:options/0 (eturnal_module:options/1:192)
2023-07-28 21:01:18.901422+00:00 [warning] TLS enabled without 'tls_crt_file', creating self-signed certificate (eturnal:check_pem_file/0:744)
2023-07-28 21:01:19.333561+00:00 [info] Using new TLS certificate (eturnal:reload/1:573)
2023-07-28 21:01:19.334015+00:00 [debug] Calling mod_log_stun:stop/1 (eturnal_module:stop/1:163)
2023-07-28 21:01:19.334149+00:00 [debug] Stopping mod_log_stun (mod_log_stun:stop/0:49)
2023-07-28 21:01:19.334218+00:00 [info] Stopped mod_log_stun (eturnal:stop_modules/1:374)
2023-07-28 21:01:19.336111+00:00 [debug] Calling mod_stats_influx:stop/1 (eturnal_module:stop/1:163)
2023-07-28 21:01:19.336305+00:00 [debug] Stopping mod_stats_influx (mod_stats_influx:stop/0:61)
2023-07-28 21:01:19.336440+00:00 [info] Stopped mod_stats_influx (eturnal:stop_modules/1:374)
2023-07-28 21:01:19.338309+00:00 [debug] Calling mod_stats_prometheus:stop/1 (eturnal_module:stop/1:163)
2023-07-28 21:01:19.338421+00:00 [debug] Stopping mod_stats_prometheus (mod_stats_prometheus:stop/0:110)
2023-07-28 21:01:19.338857+00:00 [info] Stopped mod_stats_prometheus (eturnal:stop_modules/1:374)
2023-07-28 21:01:19.338978+00:00 [debug] Calling mod_log_stun:start/0 (eturnal_module:start/1:143)
2023-07-28 21:01:19.339879+00:00 [debug] Starting mod_log_stun (mod_log_stun:start/0:38)
2023-07-28 21:01:19.341449+00:00 [info] Started mod_log_stun (eturnal:start_modules/0:361)
2023-07-28 21:01:19.341756+00:00 [debug] Calling mod_stats_influx:start/0 (eturnal_module:start/1:143)
2023-07-28 21:01:19.342004+00:00 [debug] Starting mod_stats_influx (mod_stats_influx:start/0:37)
2023-07-28 21:01:19.342265+00:00 [debug] Dependency influx_udp was available already (eturnal_module:ensure_dep/2:284)
2023-07-28 21:01:19.342889+00:00 [info]     options: #{port => 8089,host => "localhost",pool_size => 1,
               max_overflow => 1}
    msg: Start clients pool
    host: {127,0,0,1} (influx_udp:start_pool_/2:239)
2023-07-28 21:01:19.343514+00:00 [info] Started mod_stats_influx (eturnal:start_modules/0:361)
2023-07-28 21:01:19.343672+00:00 [debug] Calling mod_stats_prometheus:start/0 (eturnal_module:start/1:143)
2023-07-28 21:01:19.343840+00:00 [debug] Starting mod_stats_prometheus (mod_stats_prometheus:start/0:56)
2023-07-28 21:01:19.343931+00:00 [debug] Dependency prometheus_httpd was available already (eturnal_module:ensure_dep/2:284)
2023-07-28 21:01:19.344843+00:00 [debug] PROGRESS REPORT:
    supervisor: {local,httpd_instance_sup__127_0_0_1__9081default}
    started: [{pid,<0.1379.0>},
              {id,{httpd_connection_sup,{127,0,0,1},9081,default}},
              {mfargs,{httpd_connection_sup,start_link,[[{127,0,0,1},9081]]}},
              {restart_type,permanent},
              {significant,false},
              {shutdown,5000},
              {child_type,supervisor}]
 (supervisor:report_progress/2:1563)
2023-07-28 21:01:19.345208+00:00 [debug] PROGRESS REPORT:
    supervisor: {local,httpd_acceptor_sup__127_0_0_1__9081default}
    started: [{pid,<0.1381.0>},
              {id,{httpd_acceptor_sup,{127,0,0,1},9081,default}},
              {mfargs,{httpd_acceptor,start_link,
                                      [httpd__127_0_0_1__9081default,ip_comm,
                                       {127,0,0,1},
                                       9081,inet,
                                       httpd_conf__127_0_0_1__9081default,
                                       15000]}},
              {restart_type,transient},
              {significant,false},
              {shutdown,brutal_kill},
              {child_type,worker}]
 (supervisor:report_progress/2:1563)
2023-07-28 21:01:19.345348+00:00 [debug] PROGRESS REPORT:
    supervisor: {local,httpd_instance_sup__127_0_0_1__9081default}
    started: [{pid,<0.1380.0>},
              {id,{httpd_acceptor_sup,{127,0,0,1},9081,default}},
              {mfargs,
                  {httpd_acceptor_sup,start_link,
                      [[{127,0,0,1},
                        9081,
                        [{bind_address,{127,0,0,1}},
                         {socket_type,ip_comm},
                         {port,9081},
                         {server_root,"run/mod_stats_prometheus/doc"},
                         {document_root,"run/mod_stats_prometheus/doc"},
                         {server_name,"Prometheus Exporter"},
                         {modules,[prometheus_httpd]}],
                        15000,undefined]]}},
              {restart_type,permanent},
              {significant,false},
              {shutdown,infinity},
              {child_type,supervisor}]
 (supervisor:report_progress/2:1563)
2023-07-28 21:01:19.345497+00:00 [debug] PROGRESS REPORT:
    supervisor: {local,httpd_instance_sup__127_0_0_1__9081default}
    started: [{pid,<0.1382.0>},
              {id,{httpd_misc_sup,{127,0,0,1},9081,default}},
              {mfargs,{httpd_misc_sup,start_link,[{127,0,0,1},9081,default]}},
              {restart_type,permanent},
              {significant,false},
              {shutdown,infinity},
              {child_type,supervisor}]
 (supervisor:report_progress/2:1563)
2023-07-28 21:01:19.346016+00:00 [debug] PROGRESS REPORT:
    supervisor: {local,httpd_instance_sup__127_0_0_1__9081default}
    started: [{pid,<0.1383.0>},
              {id,{httpd_manager,{127,0,0,1},9081,default}},
              {mfargs,
                  {httpd_manager,start_link,
                      [undefined,
                       [{bind_address,{127,0,0,1}},
                        {socket_type,ip_comm},
                        {port,9081},
                        {server_root,"run/mod_stats_prometheus/doc"},
                        {document_root,"run/mod_stats_prometheus/doc"},
                        {server_name,"Prometheus Exporter"},
                        {modules,[prometheus_httpd]}],
                       15000]}},
              {restart_type,permanent},
              {significant,false},
              {shutdown,4000},
              {child_type,worker}]
 (supervisor:report_progress/2:1563)
2023-07-28 21:01:19.346234+00:00 [debug] PROGRESS REPORT:
    supervisor: {local,httpd_sup}
    started: [{pid,<0.1378.0>},
              {id,{httpd_instance_sup,{127,0,0,1},9081,default}},
              {mfargs,
                  {httpd_instance_sup,start_link,
                      [[{bind_address,{127,0,0,1}},
                        {socket_type,ip_comm},
                        {port,9081},
                        {server_root,"run/mod_stats_prometheus/doc"},
                        {document_root,"run/mod_stats_prometheus/doc"},
                        {server_name,"Prometheus Exporter"},
                        {modules,[prometheus_httpd]}],
                       15000,[]]}},
              {restart_type,permanent},
              {significant,false},
              {shutdown,infinity},
              {child_type,supervisor}]
 (supervisor:report_progress/2:1563)
2023-07-28 21:01:19.346590+00:00 [info] Started mod_stats_prometheus (eturnal:start_modules/0:361)
2023-07-28 21:01:19.346692+00:00 [debug] Restarted modules (eturnal:reload/1:581)
2023-07-28 21:01:19.346813+00:00 [debug] eturnal call (reload) returned ok (eturnal_ctl:call/1:448)
2023-07-28 21:01:19.347471+00:00 [debug] Handling API call: reload() (eturnal_ctl:reload/0:199)
2023-07-28 21:01:19.349992+00:00 [debug] Calling mod_log_stun:options/0 (eturnal_module:options/1:192)
2023-07-28 21:01:19.350299+00:00 [debug] Calling mod_stats_influx:options/0 (eturnal_module:options/1:192)
2023-07-28 21:01:19.350644+00:00 [debug] Calling mod_stats_prometheus:options/0 (eturnal_module:options/1:192)
2023-07-28 21:01:19.351622+00:00 [debug] Keeping PEM file (run/cert.pem) (eturnal:check_pem_file/0:741)
2023-07-28 21:01:19.351934+00:00 [debug] TLS certificate unchanged (eturnal:reload/1:575)
2023-07-28 21:01:19.353222+00:00 [debug] Calling mod_log_stun:stop/1 (eturnal_module:stop/1:163)
2023-07-28 21:01:19.353420+00:00 [debug] Stopping mod_log_stun (mod_log_stun:stop/0:49)
2023-07-28 21:01:19.353549+00:00 [info] Stopped mod_log_stun (eturnal:stop_modules/1:374)
2023-07-28 21:01:19.354566+00:00 [debug] Calling mod_stats_influx:stop/1 (eturnal_module:stop/1:163)
2023-07-28 21:01:19.354843+00:00 [debug] Stopping mod_stats_influx (mod_stats_influx:stop/0:61)
2023-07-28 21:01:19.354975+00:00 [info] Stopped mod_stats_influx (eturnal:stop_modules/1:374)
2023-07-28 21:01:19.358665+00:00 [debug] Calling mod_stats_prometheus:stop/1 (eturnal_module:stop/1:163)
2023-07-28 21:01:19.358796+00:00 [debug] Stopping mod_stats_prometheus (mod_stats_prometheus:stop/0:110)
2023-07-28 21:01:19.359287+00:00 [info] Stopped mod_stats_prometheus (eturnal:stop_modules/1:374)
2023-07-28 21:01:19.359388+00:00 [debug] Calling mod_log_stun:start/0 (eturnal_module:start/1:143)
2023-07-28 21:01:19.359510+00:00 [debug] Starting mod_log_stun (mod_log_stun:start/0:38)
2023-07-28 21:01:19.360531+00:00 [info] Started mod_log_stun (eturnal:start_modules/0:361)
2023-07-28 21:01:19.360664+00:00 [debug] Calling mod_stats_influx:start/0 (eturnal_module:start/1:143)
2023-07-28 21:01:19.360790+00:00 [debug] Starting mod_stats_influx (mod_stats_influx:start/0:37)
2023-07-28 21:01:19.361195+00:00 [debug] Dependency influx_udp was available already (eturnal_module:ensure_dep/2:284)
2023-07-28 21:01:19.362303+00:00 [info]     options: #{port => 8089,host => "localhost",pool_size => 1,
               max_overflow => 1}
    msg: Start clients pool
    host: {127,0,0,1} (influx_udp:start_pool_/2:239)
2023-07-28 21:01:19.364078+00:00 [info] Started mod_stats_influx (eturnal:start_modules/0:361)
2023-07-28 21:01:19.364309+00:00 [debug] Calling mod_stats_prometheus:start/0 (eturnal_module:start/1:143)
2023-07-28 21:01:19.364434+00:00 [debug] Starting mod_stats_prometheus (mod_stats_prometheus:start/0:56)
2023-07-28 21:01:19.364545+00:00 [debug] Dependency prometheus_httpd was available already (eturnal_module:ensure_dep/2:284)
2023-07-28 21:01:19.365264+00:00 [debug] PROGRESS REPORT:
    supervisor: {local,httpd_instance_sup__127_0_0_1__9081default}
    started: [{pid,<0.1415.0>},
              {id,{httpd_connection_sup,{127,0,0,1},9081,default}},
              {mfargs,{httpd_connection_sup,start_link,[[{127,0,0,1},9081]]}},
              {restart_type,permanent},
              {significant,false},
              {shutdown,5000},
              {child_type,supervisor}]
 (supervisor:report_progress/2:1563)
2023-07-28 21:01:19.365582+00:00 [debug] PROGRESS REPORT:
    supervisor: {local,httpd_acceptor_sup__127_0_0_1__9081default}
    started: [{pid,<0.1417.0>},
              {id,{httpd_acceptor_sup,{127,0,0,1},9081,default}},
              {mfargs,{httpd_acceptor,start_link,
                                      [httpd__127_0_0_1__9081default,ip_comm,
                                       {127,0,0,1},
                                       9081,inet,
                                       httpd_conf__127_0_0_1__9081default,
                                       15000]}},
              {restart_type,transient},
              {significant,false},
              {shutdown,brutal_kill},
              {child_type,worker}]
 (supervisor:report_progress/2:1563)
2023-07-28 21:01:19.365734+00:00 [debug] PROGRESS REPORT:
    supervisor: {local,httpd_instance_sup__127_0_0_1__9081default}
    started: [{pid,<0.1416.0>},
              {id,{httpd_acceptor_sup,{127,0,0,1},9081,default}},
              {mfargs,
                  {httpd_acceptor_sup,start_link,
                      [[{127,0,0,1},
                        9081,
                        [{bind_address,{127,0,0,1}},
                         {socket_type,ip_comm},
                         {port,9081},
                         {server_root,"run/mod_stats_prometheus/doc"},
                         {document_root,"run/mod_stats_prometheus/doc"},
                         {server_name,"Prometheus Exporter"},
                         {modules,[prometheus_httpd]}],
                        15000,undefined]]}},
              {restart_type,permanent},
              {significant,false},
              {shutdown,infinity},
              {child_type,supervisor}]
 (supervisor:report_progress/2:1563)
2023-07-28 21:01:19.365915+00:00 [debug] PROGRESS REPORT:
    supervisor: {local,httpd_instance_sup__127_0_0_1__9081default}
    started: [{pid,<0.1418.0>},
              {id,{httpd_misc_sup,{127,0,0,1},9081,default}},
              {mfargs,{httpd_misc_sup,start_link,[{127,0,0,1},9081,default]}},
              {restart_type,permanent},
              {significant,false},
              {shutdown,infinity},
              {child_type,supervisor}]
 (supervisor:report_progress/2:1563)
2023-07-28 21:01:19.366671+00:00 [debug] PROGRESS REPORT:
    supervisor: {local,httpd_instance_sup__127_0_0_1__9081default}
    started: [{pid,<0.1419.0>},
              {id,{httpd_manager,{127,0,0,1},9081,default}},
              {mfargs,
                  {httpd_manager,start_link,
                      [undefined,
                       [{bind_address,{127,0,0,1}},
                        {socket_type,ip_comm},
                        {port,9081},
                        {server_root,"run/mod_stats_prometheus/doc"},
                        {document_root,"run/mod_stats_prometheus/doc"},
                        {server_name,"Prometheus Exporter"},
                        {modules,[prometheus_httpd]}],
                       15000]}},
              {restart_type,permanent},
              {significant,false},
              {shutdown,4000},
              {child_type,worker}]
 (supervisor:report_progress/2:1563)
2023-07-28 21:01:19.366845+00:00 [debug] PROGRESS REPORT:
    supervisor: {local,httpd_sup}
    started: [{pid,<0.1413.0>},
              {id,{httpd_instance_sup,{127,0,0,1},9081,default}},
              {mfargs,
                  {httpd_instance_sup,start_link,
                      [[{bind_address,{127,0,0,1}},
                        {socket_type,ip_comm},
                        {port,9081},
                        {server_root,"run/mod_stats_prometheus/doc"},
                        {document_root,"run/mod_stats_prometheus/doc"},
                        {server_name,"Prometheus Exporter"},
                        {modules,[prometheus_httpd]}],
                       15000,[]]}},
              {restart_type,permanent},
              {significant,false},
              {shutdown,infinity},
              {child_type,supervisor}]
 (supervisor:report_progress/2:1563)
2023-07-28 21:01:19.367780+00:00 [info] Started mod_stats_prometheus (eturnal:start_modules/0:361)
2023-07-28 21:01:19.367891+00:00 [debug] Restarted modules (eturnal:reload/1:581)
2023-07-28 21:01:19.367969+00:00 [debug] eturnal call (reload) returned ok (eturnal_ctl:call/1:448)
2023-07-28 21:01:19.392251+00:00 [info] Accepting connection: 127.0.0.1:51782 -> 127.0.0.1:34780 [TCP, session sywtuopwh56x] (stun_acceptor:accept/3:158)
2023-07-28 21:01:19.416334+00:00 [info] Accepting connection: 127.0.0.1:34736 -> 127.0.0.1:53490 [TLS, session csuvlsnatw6n] (stun_acceptor:accept/3:158)
2023-07-28 21:01:19.440812+00:00 [debug] Received:
#stun{class = request,method = 3,magic = 554869826,
      trid = 18893087505689912950265983221,raw = <<>>,unsupported = [],
      'ALTERNATE-SERVER' = undefined,'CHANNEL-NUMBER' = undefined,
      'DATA' = undefined,'DONT-FRAGMENT' = false,'ERROR-CODE' = undefined,
      'LIFETIME' = undefined,'MAPPED-ADDRESS' = undefined,
      'MESSAGE-INTEGRITY' = undefined,'NONCE' = undefined,'REALM' = undefined,
      'REQUESTED-ADDRESS-FAMILY' = undefined,
      'REQUESTED-TRANSPORT' = undefined,'SOFTWARE' = undefined,
      'UNKNOWN-ATTRIBUTES' = [],'USERNAME' = undefined,
      'XOR-MAPPED-ADDRESS' = undefined,'XOR-PEER-ADDRESS' = [],
      'XOR-RELAYED-ADDRESS' = undefined} (stun:udp_recv/5:112)
2023-07-28 21:01:19.440990+00:00 [debug] Sending:
#stun{class = error,method = 3,magic = 554869826,
      trid = 18893087505689912950265983221,raw = <<>>,unsupported = [],
      'ALTERNATE-SERVER' = undefined,'CHANNEL-NUMBER' = undefined,
      'DATA' = undefined,'DONT-FRAGMENT' = false,
      'ERROR-CODE' = {401,<<"Unauthorized">>},
      'LIFETIME' = undefined,'MAPPED-ADDRESS' = undefined,
      'MESSAGE-INTEGRITY' = undefined,'NONCE' = <<"2003832806">>,
      'REALM' = <<"eturnal.net">>,'REQUESTED-ADDRESS-FAMILY' = undefined,
      'REQUESTED-TRANSPORT' = undefined,'SOFTWARE' = <<"eturnal">>,
      'UNKNOWN-ATTRIBUTES' = [],'USERNAME' = undefined,
      'XOR-MAPPED-ADDRESS' = undefined,'XOR-PEER-ADDRESS' = [],
      'XOR-RELAYED-ADDRESS' = undefined} (stun:send/3:462)
2023-07-28 21:01:19.441299+00:00 [debug] Received:
#stun{class = request,method = 3,magic = 554869826,
      trid = 18089299544487172640387399739,
      raw = <<0,3,0,80,33,18,164,66,58,115,30,45,62,99,63,179,112,244,128,59,0,
              25,0,4,17,0,0,0,0,6,0,10,50,49,52,53,57,49,51,50,48,48,0,0,0,20,
              0,11,101,116,117,114,110,97,108,46,110,101,116,0,0,21,0,10,50,48,
              48,51,56,51,50,56,48,54,0,0>>,
      unsupported = [],'ALTERNATE-SERVER' = undefined,
      'CHANNEL-NUMBER' = undefined,'DATA' = undefined,'DONT-FRAGMENT' = false,
      'ERROR-CODE' = undefined,'LIFETIME' = undefined,
      'MAPPED-ADDRESS' = undefined,
      'MESSAGE-INTEGRITY' = <<117,110,139,172,99,212,96,70,247,148,91,42,254,
                              27,157,94,37,71,38,73>>,
      'NONCE' = <<"2003832806">>,'REALM' = <<"eturnal.net">>,
      'REQUESTED-ADDRESS-FAMILY' = undefined,'REQUESTED-TRANSPORT' = udp,
      'SOFTWARE' = undefined,'UNKNOWN-ATTRIBUTES' = [],
      'USERNAME' = <<"2145913200">>,'XOR-MAPPED-ADDRESS' = undefined,
      'XOR-PEER-ADDRESS' = [],'XOR-RELAYED-ADDRESS' = undefined} (stun:udp_recv/5:112)
2023-07-28 21:01:19.441464+00:00 [debug] Looking up password for: 2145913200 [UDP, session nin00f63xcz5, user 2145913200, client 127.0.0.1:40303] (eturnal:get_password/2:238)
2023-07-28 21:01:19.441551+00:00 [info] Accepting long-term STUN/TURN authentication [UDP, session nin00f63xcz5, user 2145913200, client 127.0.0.1:40303] (stun:process/2:253)
2023-07-28 21:01:19.441692+00:00 [debug] Running 'turn_session_start' hook [UDP, session nin00f63xcz5, user 2145913200, client 127.0.0.1:40303] (turn:run_hook/3:740)
2023-07-28 21:01:19.441767+00:00 [debug] Got 'turn_session_start' event [UDP, session nin00f63xcz5, user 2145913200, client 127.0.0.1:40303] (eturnal_module:handle_event/2:177)
2023-07-28 21:01:19.441822+00:00 [debug] Calling mod_stats_prometheus:handle_event/2 [UDP, session nin00f63xcz5, user 2145913200, client 127.0.0.1:40303] (eturnal_module:handle_event/2:180)
2023-07-28 21:01:19.441892+00:00 [debug] Observing started TURN session nin00f63xcz5 for Prometheus [UDP, session nin00f63xcz5, user 2145913200, client 127.0.0.1:40303] (mod_stats_prometheus:on_turn_session_start/1:174)
2023-07-28 21:01:19.442133+00:00 [notice] Creating TURN allocation (lifetime: 600 seconds) [UDP, session nin00f63xcz5, user 2145913200, client 127.0.0.1:40303, relay 127.0.0.1:52422] (turn:wait_for_allocate/2:219)
2023-07-28 21:01:19.442305+00:00 [debug] Sending:
#stun{class = response,method = 3,magic = 554869826,
      trid = 18089299544487172640387399739,raw = <<>>,unsupported = [],
      'ALTERNATE-SERVER' = undefined,'CHANNEL-NUMBER' = undefined,
      'DATA' = undefined,'DONT-FRAGMENT' = false,'ERROR-CODE' = undefined,
      'LIFETIME' = 600,'MAPPED-ADDRESS' = undefined,
      'MESSAGE-INTEGRITY' = undefined,'NONCE' = undefined,'REALM' = undefined,
      'REQUESTED-ADDRESS-FAMILY' = undefined,
      'REQUESTED-TRANSPORT' = undefined,'SOFTWARE' = <<"eturnal">>,
      'UNKNOWN-ATTRIBUTES' = [],'USERNAME' = undefined,
      'XOR-MAPPED-ADDRESS' = {{127,0,0,1},40303},
      'XOR-PEER-ADDRESS' = [],
      'XOR-RELAYED-ADDRESS' = {{127,0,0,1},52422}} (turn:send/2:542)
2023-07-28 21:01:19.442669+00:00 [debug] Received:
#stun{class = request,method = 4,magic = 554869826,
      trid = 18652315707422181877774250526,
      raw = <<0,4,0,80,33,18,164,66,60,68,213,124,151,248,58,76,235,99,114,30,
              0,6,0,10,50,49,52,53,57,49,51,50,48,48,0,0,0,20,0,11,101,116,117,
              114,110,97,108,46,110,101,116,0,0,21,0,10,50,48,48,51,56,51,50,
              56,48,54,0,0,0,13,0,4,0,0,0,0>>,
      unsupported = [],'ALTERNATE-SERVER' = undefined,
      'CHANNEL-NUMBER' = undefined,'DATA' = undefined,'DONT-FRAGMENT' = false,
      'ERROR-CODE' = undefined,'LIFETIME' = 0,'MAPPED-ADDRESS' = undefined,
      'MESSAGE-INTEGRITY' = <<98,132,90,102,70,153,176,222,254,10,128,116,158,
                              116,207,115,142,188,3,180>>,
      'NONCE' = <<"2003832806">>,'REALM' = <<"eturnal.net">>,
      'REQUESTED-ADDRESS-FAMILY' = undefined,
      'REQUESTED-TRANSPORT' = undefined,'SOFTWARE' = undefined,
      'UNKNOWN-ATTRIBUTES' = [],'USERNAME' = <<"2145913200">>,
      'XOR-MAPPED-ADDRESS' = undefined,'XOR-PEER-ADDRESS' = [],
      'XOR-RELAYED-ADDRESS' = undefined} (stun:udp_recv/5:112)
2023-07-28 21:01:19.442822+00:00 [debug] Looking up password for: 2145913200 [UDP, session 5p35st5mwa36, user 2145913200, client 127.0.0.1:40303] (eturnal:get_password/2:238)
2023-07-28 21:01:19.442917+00:00 [info] Accepting long-term STUN/TURN authentication [UDP, session 5p35st5mwa36, user 2145913200, client 127.0.0.1:40303] (stun:process/2:253)
2023-07-28 21:01:19.442972+00:00 [info] Client requested closing the TURN session [UDP, session nin00f63xcz5, user 2145913200, client 127.0.0.1:40303, relay 127.0.0.1:52422] (turn:active/2:278)
2023-07-28 21:01:19.443085+00:00 [debug] Sending:
#stun{class = response,method = 4,magic = 554869826,
      trid = 18652315707422181877774250526,raw = <<>>,unsupported = [],
      'ALTERNATE-SERVER' = undefined,'CHANNEL-NUMBER' = undefined,
      'DATA' = undefined,'DONT-FRAGMENT' = false,'ERROR-CODE' = undefined,
      'LIFETIME' = 0,'MAPPED-ADDRESS' = undefined,
      'MESSAGE-INTEGRITY' = undefined,'NONCE' = undefined,'REALM' = undefined,
      'REQUESTED-ADDRESS-FAMILY' = undefined,
      'REQUESTED-TRANSPORT' = undefined,'SOFTWARE' = <<"eturnal">>,
      'UNKNOWN-ATTRIBUTES' = [],'USERNAME' = undefined,
      'XOR-MAPPED-ADDRESS' = undefined,'XOR-PEER-ADDRESS' = [],
      'XOR-RELAYED-ADDRESS' = undefined} (turn:send/2:542)
2023-07-28 21:01:19.443208+00:00 [info] Deleting TURN allocation [UDP, session nin00f63xcz5, user 2145913200, client 127.0.0.1:40303, relay 127.0.0.1:52422] (turn:terminate/3:475)
2023-07-28 21:01:19.443268+00:00 [notice] Relayed 0 KiB (in 0 B / 0 packets, out 0 B / 0 packets), duration: 0 seconds [UDP, session nin00f63xcz5, user 2145913200, client 127.0.0.1:40303, relay 127.0.0.1:52422] (turn:terminate/3:482)
2023-07-28 21:01:19.443326+00:00 [debug] Running 'turn_session_stop' hook [UDP, session nin00f63xcz5, user 2145913200, client 127.0.0.1:40303, relay 127.0.0.1:52422] (turn:run_hook/3:740)
2023-07-28 21:01:19.443377+00:00 [debug] Got 'turn_session_stop' event [UDP, session nin00f63xcz5, user 2145913200, client 127.0.0.1:40303, relay 127.0.0.1:52422] (eturnal_module:handle_event/2:177)
2023-07-28 21:01:19.443410+00:00 [debug] Calling mod_stats_influx:handle_event/2 [UDP, session nin00f63xcz5, user 2145913200, client 127.0.0.1:40303, relay 127.0.0.1:52422] (eturnal_module:handle_event/2:180)
2023-07-28 21:01:19.443450+00:00 [debug] Writing stats of TURN session nin00f63xcz5 to InfluxDB [UDP, session nin00f63xcz5, user 2145913200, client 127.0.0.1:40303, relay 127.0.0.1:52422] (mod_stats_influx:on_turn_session_stop/1:87)
2023-07-28 21:01:19.443793+00:00 [debug] Calling mod_stats_prometheus:handle_event/2 [UDP, session nin00f63xcz5, user 2145913200, client 127.0.0.1:40303, relay 127.0.0.1:52422] (eturnal_module:handle_event/2:180)
2023-07-28 21:01:19.443890+00:00 [debug] Observing stopped TURN session nin00f63xcz5 for Prometheus [UDP, session nin00f63xcz5, user 2145913200, client 127.0.0.1:40303, relay 127.0.0.1:52422] (mod_stats_prometheus:on_turn_session_stop/1:187)
2023-07-28 21:01:19.468219+00:00 [debug] Received:
#stun{class = request,method = 1,magic = 554869826,
      trid = 47914416032673285298240070917,raw = <<>>,unsupported = [],
      'ALTERNATE-SERVER' = undefined,'CHANNEL-NUMBER' = undefined,
      'DATA' = undefined,'DONT-FRAGMENT' = false,'ERROR-CODE' = undefined,
      'LIFETIME' = undefined,'MAPPED-ADDRESS' = undefined,
      'MESSAGE-INTEGRITY' = undefined,'NONCE' = undefined,'REALM' = undefined,
      'REQUESTED-ADDRESS-FAMILY' = undefined,
      'REQUESTED-TRANSPORT' = undefined,'SOFTWARE' = undefined,
      'UNKNOWN-ATTRIBUTES' = [],'USERNAME' = undefined,
      'XOR-MAPPED-ADDRESS' = undefined,'XOR-PEER-ADDRESS' = [],
      'XOR-RELAYED-ADDRESS' = undefined} (stun:udp_recv/5:112)
2023-07-28 21:01:19.468334+00:00 [debug] Responding to STUN request [UDP, session bfdfur0b274n, anonymous, client 127.0.0.1:55780] (stun:process/4:321)
2023-07-28 21:01:19.468386+00:00 [debug] Running 'stun_query' hook [UDP, session bfdfur0b274n, anonymous, client 127.0.0.1:55780] (stun:run_hook/3:839)
2023-07-28 21:01:19.468435+00:00 [debug] Got 'stun_query' event [UDP, session bfdfur0b274n, anonymous, client 127.0.0.1:55780] (eturnal_module:handle_event/2:177)
2023-07-28 21:01:19.468480+00:00 [debug] Calling mod_log_stun:handle_event/2 [UDP, session bfdfur0b274n, anonymous, client 127.0.0.1:55780] (eturnal_module:handle_event/2:180)
2023-07-28 21:01:19.468528+00:00 [info] Responding to STUN request [UDP, session bfdfur0b274n, anonymous, client 127.0.0.1:55780] (mod_log_stun:handle_event/2:44)
2023-07-28 21:01:19.468566+00:00 [debug] Calling mod_stats_influx:handle_event/2 [UDP, session bfdfur0b274n, anonymous, client 127.0.0.1:55780] (eturnal_module:handle_event/2:180)
2023-07-28 21:01:19.468796+00:00 [debug] Writing STUN query event to InfluxDB [UDP, session bfdfur0b274n, anonymous, client 127.0.0.1:55780] (mod_stats_influx:on_stun_query/1:76)
2023-07-28 21:01:19.468968+00:00 [debug] Calling mod_stats_prometheus:handle_event/2 [UDP, session bfdfur0b274n, anonymous, client 127.0.0.1:55780] (eturnal_module:handle_event/2:180)
2023-07-28 21:01:19.469032+00:00 [debug] Observing STUN query for Prometheus [UDP, session bfdfur0b274n, anonymous, client 127.0.0.1:55780] (mod_stats_prometheus:on_stun_query/1:166)
2023-07-28 21:01:19.469129+00:00 [debug] Sending:
#stun{class = response,method = 1,magic = 554869826,
      trid = 47914416032673285298240070917,raw = <<>>,unsupported = [],
      'ALTERNATE-SERVER' = undefined,'CHANNEL-NUMBER' = undefined,
      'DATA' = undefined,'DONT-FRAGMENT' = false,'ERROR-CODE' = undefined,
      'LIFETIME' = undefined,'MAPPED-ADDRESS' = undefined,
      'MESSAGE-INTEGRITY' = undefined,'NONCE' = undefined,'REALM' = undefined,
      'REQUESTED-ADDRESS-FAMILY' = undefined,
      'REQUESTED-TRANSPORT' = undefined,'SOFTWARE' = <<"eturnal">>,
      'UNKNOWN-ATTRIBUTES' = [],'USERNAME' = undefined,
      'XOR-MAPPED-ADDRESS' = {{127,0,0,1},55780},
      'XOR-PEER-ADDRESS' = [],'XOR-RELAYED-ADDRESS' = undefined} (stun:send/3:462)
2023-07-28 21:01:19.493874+00:00 [info] Accepting connection: 127.0.0.1:51792 -> 127.0.0.1:34780 [TCP, session dbri96w9e429] (stun_acceptor:accept/3:158)
2023-07-28 21:01:19.494178+00:00 [debug] Received:
#stun{class = request,method = 1,magic = 554869826,
      trid = 11612597868323620126335465714,raw = <<>>,unsupported = [],
      'ALTERNATE-SERVER' = undefined,'CHANNEL-NUMBER' = undefined,
      'DATA' = undefined,'DONT-FRAGMENT' = false,'ERROR-CODE' = undefined,
      'LIFETIME' = undefined,'MAPPED-ADDRESS' = undefined,
      'MESSAGE-INTEGRITY' = undefined,'NONCE' = undefined,'REALM' = undefined,
      'REQUESTED-ADDRESS-FAMILY' = undefined,
      'REQUESTED-TRANSPORT' = undefined,'SOFTWARE' = undefined,
      'UNKNOWN-ATTRIBUTES' = [],'USERNAME' = undefined,
      'XOR-MAPPED-ADDRESS' = undefined,'XOR-PEER-ADDRESS' = [],
      'XOR-RELAYED-ADDRESS' = undefined} (stun:process_data/3:419)
2023-07-28 21:01:19.494283+00:00 [debug] Responding to STUN request [TCP, session dbri96w9e429, anonymous, client 127.0.0.1:51792] (stun:process/4:321)
2023-07-28 21:01:19.494338+00:00 [debug] Running 'stun_query' hook [TCP, session dbri96w9e429, anonymous, client 127.0.0.1:51792] (stun:run_hook/3:839)
2023-07-28 21:01:19.494417+00:00 [debug] Got 'stun_query' event [TCP, session dbri96w9e429, anonymous, client 127.0.0.1:51792] (eturnal_module:handle_event/2:177)
2023-07-28 21:01:19.494456+00:00 [debug] Calling mod_log_stun:handle_event/2 [TCP, session dbri96w9e429, anonymous, client 127.0.0.1:51792] (eturnal_module:handle_event/2:180)
2023-07-28 21:01:19.494522+00:00 [info] Responding to STUN request [TCP, session dbri96w9e429, anonymous, client 127.0.0.1:51792] (mod_log_stun:handle_event/2:44)
2023-07-28 21:01:19.494561+00:00 [debug] Calling mod_stats_influx:handle_event/2 [TCP, session dbri96w9e429, anonymous, client 127.0.0.1:51792] (eturnal_module:handle_event/2:180)
2023-07-28 21:01:19.494596+00:00 [debug] Writing STUN query event to InfluxDB [TCP, session dbri96w9e429, anonymous, client 127.0.0.1:51792] (mod_stats_influx:on_stun_query/1:76)
2023-07-28 21:01:19.494790+00:00 [debug] Calling mod_stats_prometheus:handle_event/2 [TCP, session dbri96w9e429, anonymous, client 127.0.0.1:51792] (eturnal_module:handle_event/2:180)
2023-07-28 21:01:19.494849+00:00 [debug] Observing STUN query for Prometheus [TCP, session dbri96w9e429, anonymous, client 127.0.0.1:51792] (mod_stats_prometheus:on_stun_query/1:166)
2023-07-28 21:01:19.495123+00:00 [debug] Sending:
#stun{class = response,method = 1,magic = 554869826,
      trid = 11612597868323620126335465714,raw = <<>>,unsupported = [],
      'ALTERNATE-SERVER' = undefined,'CHANNEL-NUMBER' = undefined,
      'DATA' = undefined,'DONT-FRAGMENT' = false,'ERROR-CODE' = undefined,
      'LIFETIME' = undefined,'MAPPED-ADDRESS' = undefined,
      'MESSAGE-INTEGRITY' = undefined,'NONCE' = undefined,'REALM' = undefined,
      'REQUESTED-ADDRESS-FAMILY' = undefined,
      'REQUESTED-TRANSPORT' = undefined,'SOFTWARE' = <<"P1 STUN library">>,
      'UNKNOWN-ATTRIBUTES' = [],'USERNAME' = undefined,
      'XOR-MAPPED-ADDRESS' = {{127,0,0,1},51792},
      'XOR-PEER-ADDRESS' = [],'XOR-RELAYED-ADDRESS' = undefined} (stun:send/3:462)
2023-07-28 21:01:19.495466+00:00 [info] Connection reset by peer [TCP, session dbri96w9e429, anonymous, client 127.0.0.1:51792] (stun:handle_info/3:172)
2023-07-28 21:01:19.519939+00:00 [info] Accepting connection: 127.0.0.1:34746 -> 127.0.0.1:53490 [TLS, session rvpezs6ephzz] (stun_acceptor:accept/3:158)
2023-07-28 21:01:20.529060+00:00 [debug] Received:
#stun{class = request,method = 1,magic = 554869826,
      trid = 37488989199624764307037428116,raw = <<>>,unsupported = [],
      'ALTERNATE-SERVER' = undefined,'CHANNEL-NUMBER' = undefined,
      'DATA' = undefined,'DONT-FRAGMENT' = false,'ERROR-CODE' = undefined,
      'LIFETIME' = undefined,'MAPPED-ADDRESS' = undefined,
      'MESSAGE-INTEGRITY' = undefined,'NONCE' = undefined,'REALM' = undefined,
      'REQUESTED-ADDRESS-FAMILY' = undefined,
      'REQUESTED-TRANSPORT' = undefined,'SOFTWARE' = undefined,
      'UNKNOWN-ATTRIBUTES' = [],'USERNAME' = undefined,
      'XOR-MAPPED-ADDRESS' = undefined,'XOR-PEER-ADDRESS' = [],
      'XOR-RELAYED-ADDRESS' = undefined} (stun:process_data/3:419)
2023-07-28 21:01:20.529237+00:00 [debug] Responding to STUN request [TLS, session rvpezs6ephzz, anonymous, client 127.0.0.1:34746] (stun:process/4:321)
2023-07-28 21:01:20.529302+00:00 [debug] Running 'stun_query' hook [TLS, session rvpezs6ephzz, anonymous, client 127.0.0.1:34746] (stun:run_hook/3:839)
2023-07-28 21:01:20.529359+00:00 [debug] Got 'stun_query' event [TLS, session rvpezs6ephzz, anonymous, client 127.0.0.1:34746] (eturnal_module:handle_event/2:177)
2023-07-28 21:01:20.529410+00:00 [debug] Calling mod_log_stun:handle_event/2 [TLS, session rvpezs6ephzz, anonymous, client 127.0.0.1:34746] (eturnal_module:handle_event/2:180)
2023-07-28 21:01:20.529461+00:00 [info] Responding to STUN request [TLS, session rvpezs6ephzz, anonymous, client 127.0.0.1:34746] (mod_log_stun:handle_event/2:44)
2023-07-28 21:01:20.529504+00:00 [debug] Calling mod_stats_influx:handle_event/2 [TLS, session rvpezs6ephzz, anonymous, client 127.0.0.1:34746] (eturnal_module:handle_event/2:180)
2023-07-28 21:01:20.529545+00:00 [debug] Writing STUN query event to InfluxDB [TLS, session rvpezs6ephzz, anonymous, client 127.0.0.1:34746] (mod_stats_influx:on_stun_query/1:76)
2023-07-28 21:01:20.529802+00:00 [debug] Calling mod_stats_prometheus:handle_event/2 [TLS, session rvpezs6ephzz, anonymous, client 127.0.0.1:34746] (eturnal_module:handle_event/2:180)
2023-07-28 21:01:20.529867+00:00 [debug] Observing STUN query for Prometheus [TLS, session rvpezs6ephzz, anonymous, client 127.0.0.1:34746] (mod_stats_prometheus:on_stun_query/1:166)
2023-07-28 21:01:20.529997+00:00 [debug] Sending:
#stun{class = response,method = 1,magic = 554869826,
      trid = 37488989199624764307037428116,raw = <<>>,unsupported = [],
      'ALTERNATE-SERVER' = undefined,'CHANNEL-NUMBER' = undefined,
      'DATA' = undefined,'DONT-FRAGMENT' = false,'ERROR-CODE' = undefined,
      'LIFETIME' = undefined,'MAPPED-ADDRESS' = undefined,
      'MESSAGE-INTEGRITY' = undefined,'NONCE' = undefined,'REALM' = undefined,
      'REQUESTED-ADDRESS-FAMILY' = undefined,
      'REQUESTED-TRANSPORT' = undefined,'SOFTWARE' = <<"P1 STUN library">>,
      'UNKNOWN-ATTRIBUTES' = [],'USERNAME' = undefined,
      'XOR-MAPPED-ADDRESS' = {{127,0,0,1},34746},
      'XOR-PEER-ADDRESS' = [],'XOR-RELAYED-ADDRESS' = undefined} (stun:send/3:462)
2023-07-28 21:01:20.530338+00:00 [info] Connection reset by peer [TLS, session rvpezs6ephzz, anonymous, client 127.0.0.1:34746] (stun:handle_info/3:172)
2023-07-28 21:01:20.555208+00:00 [info] Accepting connection: 127.0.0.1:57194 -> 127.0.0.1:34781 [TCP|TLS, session 0kbq4znmcxhb] (stun_acceptor:accept/3:158)
2023-07-28 21:01:20.555371+00:00 [debug] Determined transport protocol: TCP (stun:is_tls_handshake/1:785)
2023-07-28 21:01:20.555654+00:00 [debug] Received:
#stun{class = request,method = 1,magic = 554869826,
      trid = 69824028529555196143503909807,raw = <<>>,unsupported = [],
      'ALTERNATE-SERVER' = undefined,'CHANNEL-NUMBER' = undefined,
      'DATA' = undefined,'DONT-FRAGMENT' = false,'ERROR-CODE' = undefined,
      'LIFETIME' = undefined,'MAPPED-ADDRESS' = undefined,
      'MESSAGE-INTEGRITY' = undefined,'NONCE' = undefined,'REALM' = undefined,
      'REQUESTED-ADDRESS-FAMILY' = undefined,
      'REQUESTED-TRANSPORT' = undefined,'SOFTWARE' = undefined,
      'UNKNOWN-ATTRIBUTES' = [],'USERNAME' = undefined,
      'XOR-MAPPED-ADDRESS' = undefined,'XOR-PEER-ADDRESS' = [],
      'XOR-RELAYED-ADDRESS' = undefined} (stun:process_data/3:419)
2023-07-28 21:01:20.555749+00:00 [debug] Responding to STUN request [TCP, session 0kbq4znmcxhb, anonymous, client 127.0.0.1:57194] (stun:process/4:321)
2023-07-28 21:01:20.555797+00:00 [debug] Running 'stun_query' hook [TCP, session 0kbq4znmcxhb, anonymous, client 127.0.0.1:57194] (stun:run_hook/3:839)
2023-07-28 21:01:20.555875+00:00 [debug] Got 'stun_query' event [TCP, session 0kbq4znmcxhb, anonymous, client 127.0.0.1:57194] (eturnal_module:handle_event/2:177)
2023-07-28 21:01:20.555912+00:00 [debug] Calling mod_log_stun:handle_event/2 [TCP, session 0kbq4znmcxhb, anonymous, client 127.0.0.1:57194] (eturnal_module:handle_event/2:180)
2023-07-28 21:01:20.556011+00:00 [info] Responding to STUN request [TCP, session 0kbq4znmcxhb, anonymous, client 127.0.0.1:57194] (mod_log_stun:handle_event/2:44)
2023-07-28 21:01:20.556047+00:00 [debug] Calling mod_stats_influx:handle_event/2 [TCP, session 0kbq4znmcxhb, anonymous, client 127.0.0.1:57194] (eturnal_module:handle_event/2:180)
2023-07-28 21:01:20.556086+00:00 [debug] Writing STUN query event to InfluxDB [TCP, session 0kbq4znmcxhb, anonymous, client 127.0.0.1:57194] (mod_stats_influx:on_stun_query/1:76)
2023-07-28 21:01:20.556266+00:00 [debug] Calling mod_stats_prometheus:handle_event/2 [TCP, session 0kbq4znmcxhb, anonymous, client 127.0.0.1:57194] (eturnal_module:handle_event/2:180)
2023-07-28 21:01:20.556331+00:00 [debug] Observing STUN query for Prometheus [TCP, session 0kbq4znmcxhb, anonymous, client 127.0.0.1:57194] (mod_stats_prometheus:on_stun_query/1:166)
2023-07-28 21:01:20.556418+00:00 [debug] Sending:
#stun{class = response,method = 1,magic = 554869826,
      trid = 69824028529555196143503909807,raw = <<>>,unsupported = [],
      'ALTERNATE-SERVER' = undefined,'CHANNEL-NUMBER' = undefined,
      'DATA' = undefined,'DONT-FRAGMENT' = false,'ERROR-CODE' = undefined,
      'LIFETIME' = undefined,'MAPPED-ADDRESS' = undefined,
      'MESSAGE-INTEGRITY' = undefined,'NONCE' = undefined,'REALM' = undefined,
      'REQUESTED-ADDRESS-FAMILY' = undefined,
      'REQUESTED-TRANSPORT' = undefined,'SOFTWARE' = <<"P1 STUN library">>,
      'UNKNOWN-ATTRIBUTES' = [],'USERNAME' = undefined,
      'XOR-MAPPED-ADDRESS' = {{127,0,0,1},57194},
      'XOR-PEER-ADDRESS' = [],'XOR-RELAYED-ADDRESS' = undefined} (stun:send/3:462)
2023-07-28 21:01:20.556696+00:00 [info] Connection reset by peer [TCP, session 0kbq4znmcxhb, anonymous, client 127.0.0.1:57194] (stun:handle_info/3:172)
2023-07-28 21:01:20.582039+00:00 [info] Accepting connection: 127.0.0.1:57198 -> 127.0.0.1:34781 [TCP|TLS, session 2eldnok8tek7] (stun_acceptor:accept/3:158)
2023-07-28 21:01:20.582186+00:00 [debug] Determined transport protocol: TLS (stun:is_tls_handshake/1:782)
2023-07-28 21:01:21.591087+00:00 [debug] Received:
#stun{class = request,method = 1,magic = 554869826,
      trid = 62761653711358763535312046631,raw = <<>>,unsupported = [],
      'ALTERNATE-SERVER' = undefined,'CHANNEL-NUMBER' = undefined,
      'DATA' = undefined,'DONT-FRAGMENT' = false,'ERROR-CODE' = undefined,
      'LIFETIME' = undefined,'MAPPED-ADDRESS' = undefined,
      'MESSAGE-INTEGRITY' = undefined,'NONCE' = undefined,'REALM' = undefined,
      'REQUESTED-ADDRESS-FAMILY' = undefined,
      'REQUESTED-TRANSPORT' = undefined,'SOFTWARE' = undefined,
      'UNKNOWN-ATTRIBUTES' = [],'USERNAME' = undefined,
      'XOR-MAPPED-ADDRESS' = undefined,'XOR-PEER-ADDRESS' = [],
      'XOR-RELAYED-ADDRESS' = undefined} (stun:process_data/3:419)
2023-07-28 21:01:21.591278+00:00 [debug] Responding to STUN request [TLS, session 2eldnok8tek7, anonymous, client 127.0.0.1:57198] (stun:process/4:321)
2023-07-28 21:01:21.591349+00:00 [debug] Running 'stun_query' hook [TLS, session 2eldnok8tek7, anonymous, client 127.0.0.1:57198] (stun:run_hook/3:839)
2023-07-28 21:01:21.591408+00:00 [debug] Got 'stun_query' event [TLS, session 2eldnok8tek7, anonymous, client 127.0.0.1:57198] (eturnal_module:handle_event/2:177)
2023-07-28 21:01:21.591472+00:00 [debug] Calling mod_log_stun:handle_event/2 [TLS, session 2eldnok8tek7, anonymous, client 127.0.0.1:57198] (eturnal_module:handle_event/2:180)
2023-07-28 21:01:21.591532+00:00 [info] Responding to STUN request [TLS, session 2eldnok8tek7, anonymous, client 127.0.0.1:57198] (mod_log_stun:handle_event/2:44)
2023-07-28 21:01:21.591580+00:00 [debug] Calling mod_stats_influx:handle_event/2 [TLS, session 2eldnok8tek7, anonymous, client 127.0.0.1:57198] (eturnal_module:handle_event/2:180)
2023-07-28 21:01:21.591623+00:00 [debug] Writing STUN query event to InfluxDB [TLS, session 2eldnok8tek7, anonymous, client 127.0.0.1:57198] (mod_stats_influx:on_stun_query/1:76)
2023-07-28 21:01:21.591849+00:00 [debug] Calling mod_stats_prometheus:handle_event/2 [TLS, session 2eldnok8tek7, anonymous, client 127.0.0.1:57198] (eturnal_module:handle_event/2:180)
2023-07-28 21:01:21.591917+00:00 [debug] Observing STUN query for Prometheus [TLS, session 2eldnok8tek7, anonymous, client 127.0.0.1:57198] (mod_stats_prometheus:on_stun_query/1:166)
2023-07-28 21:01:21.592018+00:00 [debug] Sending:
#stun{class = response,method = 1,magic = 554869826,
      trid = 62761653711358763535312046631,raw = <<>>,unsupported = [],
      'ALTERNATE-SERVER' = undefined,'CHANNEL-NUMBER' = undefined,
      'DATA' = undefined,'DONT-FRAGMENT' = false,'ERROR-CODE' = undefined,
      'LIFETIME' = undefined,'MAPPED-ADDRESS' = undefined,
      'MESSAGE-INTEGRITY' = undefined,'NONCE' = undefined,'REALM' = undefined,
      'REQUESTED-ADDRESS-FAMILY' = undefined,
      'REQUESTED-TRANSPORT' = undefined,'SOFTWARE' = <<"P1 STUN library">>,
      'UNKNOWN-ATTRIBUTES' = [],'USERNAME' = undefined,
      'XOR-MAPPED-ADDRESS' = {{127,0,0,1},57198},
      'XOR-PEER-ADDRESS' = [],'XOR-RELAYED-ADDRESS' = undefined} (stun:send/3:462)
2023-07-28 21:01:21.592313+00:00 [info] Connection reset by peer [TLS, session 2eldnok8tek7, anonymous, client 127.0.0.1:57198] (stun:handle_info/3:172)
2023-07-28 21:01:21.616664+00:00 [debug] Terminating eturnal (shutdown) (eturnal:terminate/2:179)
2023-07-28 21:01:21.616651+00:00 [debug] No NOTIFY_SOCKET, dropping STOPPING=1 notification (eturnal_systemd:handle_cast/2:110)
2023-07-28 21:01:21.616866+00:00 [debug] Watchdog interval is undefined, hibernating (eturnal_systemd:get_timeout/1:163)
2023-07-28 21:01:21.616978+00:00 [info] Stopped listening on 127.0.0.1:34780 (udp) (eturnal:stop_listeners/1:417)
2023-07-28 21:01:21.617149+00:00 [info] Stopped listening on 127.0.0.1:34780 (tcp) (eturnal:stop_listeners/1:417)
2023-07-28 21:01:21.617325+00:00 [info] Stopped listening on 127.0.0.1:53490 (tls) (eturnal:stop_listeners/1:417)
2023-07-28 21:01:21.617464+00:00 [info] Stopped listening on 127.0.0.1:34781 (auto) (eturnal:stop_listeners/1:417)
2023-07-28 21:01:21.618195+00:00 [debug] Calling mod_log_stun:stop/1 (eturnal_module:stop/1:163)
2023-07-28 21:01:21.618876+00:00 [debug] Stopping mod_log_stun (mod_log_stun:stop/0:49)
2023-07-28 21:01:21.619028+00:00 [info] Stopped mod_log_stun (eturnal:stop_modules/1:374)
2023-07-28 21:01:21.620468+00:00 [debug] Calling mod_stats_influx:stop/1 (eturnal_module:stop/1:163)
2023-07-28 21:01:21.620635+00:00 [debug] Stopping mod_stats_influx (mod_stats_influx:stop/0:61)
2023-07-28 21:01:21.620789+00:00 [info] Stopped mod_stats_influx (eturnal:stop_modules/1:374)
2023-07-28 21:01:21.622781+00:00 [debug] Calling mod_stats_prometheus:stop/1 (eturnal_module:stop/1:163)
2023-07-28 21:01:21.622930+00:00 [debug] Stopping mod_stats_prometheus (mod_stats_prometheus:stop/0:110)
2023-07-28 21:01:21.624134+00:00 [info] Stopped mod_stats_prometheus (eturnal:stop_modules/1:374)
2023-07-28 21:01:21.624901+00:00 [debug] Removed run/cert.pem (eturnal:clean_run_dir/0:810)
2023-07-28 21:01:21.625064+00:00 [debug] Terminating eturnal_systemd (shutdown) (eturnal_systemd:terminate/2:137)
2023-07-28 21:01:21.625246+00:00 [notice] Stopping eturnal 1.10.1 on Erlang/OTP 26 (ERTS 14.0) (eturnal_app:stop/1:53)
