2022-07-30 04:45:53.196517+00:00 [notice] Starting eturnal 1.10.0 on Erlang/OTP 25 (ERTS 13.0) (eturnal_app:start/2:34)
2022-07-30 04:45:53.196737+00:00 [debug] Starting supervisor: eturnal_sup (eturnal_sup:start_link/0:31)
2022-07-30 04:45:53.196891+00:00 [debug] Configuring eturnal_sup supervisor: [#{id => systemd,
                                       start =>
                                           {eturnal_systemd,start_link,[]}},
                                     #{id => eturnal,
                                       start => {eturnal,start_link,[]}}] (eturnal_sup:init/0:39)
2022-07-30 04:45:53.198311+00:00 [info] Got no NOTIFY_SOCKET, notifications disabled (eturnal_systemd:init/1:94)
2022-07-30 04:45:53.198501+00:00 [debug] PROGRESS REPORT:
    supervisor: {local,eturnal_sup}
    started: [{pid,<0.1012.0>},
              {id,systemd},
              {mfargs,{eturnal_systemd,start_link,[]}},
              {restart_type,permanent},
              {significant,false},
              {shutdown,5000},
              {child_type,worker}]
 (supervisor:report_progress/2:1557)
2022-07-30 04:45:53.198961+00:00 [info] Relay IPv4 address: 127.0.0.1 (port range: 49152-65535) (eturnal:log_relay_addresses/0:277)
2022-07-30 04:45:53.199138+00:00 [info] Relay IPv6 address not configured (eturnal:log_relay_addresses/0:287)
2022-07-30 04:45:53.226534+00:00 [info] Cannot determine control query port: noport (eturnal:log_control_listener/0:302)
2022-07-30 04:45:53.226867+00:00 [debug] Using run directory run (eturnal:ensure_run_dir/0:733)
2022-07-30 04:45:53.226970+00:00 [debug] TURN configuration seems fine (eturnal:check_turn_config/0:498)
2022-07-30 04:45:53.227191+00:00 [warning] TLS enabled without 'tls_crt_file', creating self-signed certificate (eturnal:check_pem_file/0:669)
2022-07-30 04:45:54.198341+00:00 [debug] Calling mod_log_stun:start/0 (eturnal_module:start/1:142)
2022-07-30 04:45:54.198666+00:00 [debug] Starting mod_log_stun (mod_log_stun:start/0:38)
2022-07-30 04:45:54.198846+00:00 [info] Started mod_log_stun (eturnal:start_modules/0:313)
2022-07-30 04:45:54.198972+00:00 [debug] Calling mod_stats_influx:start/0 (eturnal_module:start/1:142)
2022-07-30 04:45:54.199230+00:00 [debug] Starting mod_stats_influx (mod_stats_influx:start/0:37)
2022-07-30 04:45:54.202816+00:00 [debug] PROGRESS REPORT:
    application: ulitos
    started_at: nonode@nohost
 (application_controller:info_started/2:2107)
2022-07-30 04:45:54.205115+00:00 [debug] PROGRESS REPORT:
    application: poolboy
    started_at: nonode@nohost
 (application_controller:info_started/2:2107)
2022-07-30 04:45:54.206542+00:00 [info]     msg: Starting application: influx_udp (influx_udp_app:start/2:10)
2022-07-30 04:45:54.209443+00:00 [debug] PROGRESS REPORT:
    supervisor: {local,influx_udp_sup}
    started: [{pid,<0.1034.0>},
              {id,influx_udp},
              {mfargs,{influx_udp,start_link,[]}},
              {restart_type,permanent},
              {significant,false},
              {shutdown,5000},
              {child_type,worker}]
 (supervisor:report_progress/2:1557)
2022-07-30 04:45:54.209649+00:00 [debug] PROGRESS REPORT:
    application: influx_udp
    started_at: nonode@nohost
 (application_controller:info_started/2:2107)
2022-07-30 04:45:54.209716+00:00 [debug] Dependency influx_udp was available already (eturnal_module:ensure_dep/2:283)
2022-07-30 04:45:54.213130+00:00 [info]     host: {127,0,0,1}
    msg: Start clients pool
    options: #{host => "localhost",max_overflow => 1,pool_size => 1,
               port => 8089} (influx_udp:start_pool_/2:239)
2022-07-30 04:45:54.224675+00:00 [info]     msg: Open UDP socket on port
    port: 52767 (influx_udp_worker:init/1:43)
2022-07-30 04:45:54.224933+00:00 [debug] PROGRESS REPORT:
    supervisor: {local,influx_udp_sup}
    started: [{pid,<0.1037.0>},
              {id,stats_influx_pool},
              {mfargs,
                  {poolboy,start_link,
                      [[{name,{local,stats_influx_pool}},
                        {worker_module,influx_udp_worker},
                        {size,1},
                        {max_overflow,1}],
                       [{options,
                            #{host => {127,0,0,1},
                              max_overflow => 1,pool_size => 1,
                              port => 8089}}]]}},
              {restart_type,permanent},
              {significant,false},
              {shutdown,5000},
              {child_type,worker}]
 (supervisor:report_progress/2:1557)
2022-07-30 04:45:54.225117+00:00 [info] Started mod_stats_influx (eturnal:start_modules/0:313)
2022-07-30 04:45:54.225246+00:00 [debug] Calling mod_stats_prometheus:start/0 (eturnal_module:start/1:142)
2022-07-30 04:45:54.225699+00:00 [debug] Starting mod_stats_prometheus (mod_stats_prometheus:start/0:56)
2022-07-30 04:45:56.957580+00:00 [debug] PROGRESS REPORT:
    application: prometheus
    started_at: nonode@nohost
 (application_controller:info_started/2:2107)
2022-07-30 04:45:56.958829+00:00 [debug] PROGRESS REPORT:
    application: accept
    started_at: nonode@nohost
 (application_controller:info_started/2:2107)
2022-07-30 04:45:56.959109+00:00 [debug] PROGRESS REPORT:
    application: prometheus_httpd
    started_at: nonode@nohost
 (application_controller:info_started/2:2107)
2022-07-30 04:45:56.959168+00:00 [debug] Dependency prometheus_httpd was available already (eturnal_module:ensure_dep/2:283)
2022-07-30 04:45:56.959854+00:00 [debug] PROGRESS REPORT:
    supervisor: {local,httpd_instance_sup__127_0_0_1__9081default}
    started: [{pid,<0.1059.0>},
              {id,{httpd_connection_sup,{127,0,0,1},9081,default}},
              {mfargs,{httpd_connection_sup,start_link,[[{127,0,0,1},9081]]}},
              {restart_type,permanent},
              {significant,false},
              {shutdown,5000},
              {child_type,supervisor}]
 (supervisor:report_progress/2:1557)
2022-07-30 04:45:56.960144+00:00 [debug] PROGRESS REPORT:
    supervisor: {local,httpd_acceptor_sup__127_0_0_1__9081default}
    started: [{pid,<0.1061.0>},
              {id,{httpd_acceptor_sup,{127,0,0,1},9081,default}},
              {mfargs,{httpd_acceptor,start_link,
                                      [httpd__127_0_0_1__9081default,ip_comm,
                                       {127,0,0,1},
                                       9081,inet,
                                       httpd_conf__127_0_0_1__9081default,
                                       15000]}},
              {restart_type,transient},
              {significant,false},
              {shutdown,brutal_kill},
              {child_type,worker}]
 (supervisor:report_progress/2:1557)
2022-07-30 04:45:56.960280+00:00 [debug] PROGRESS REPORT:
    supervisor: {local,httpd_instance_sup__127_0_0_1__9081default}
    started: [{pid,<0.1060.0>},
              {id,{httpd_acceptor_sup,{127,0,0,1},9081,default}},
              {mfargs,
                  {httpd_acceptor_sup,start_link,
                      [[{127,0,0,1},
                        9081,
                        [{bind_address,{127,0,0,1}},
                         {socket_type,ip_comm},
                         {port,9081},
                         {server_root,"run/mod_stats_prometheus/doc"},
                         {document_root,"run/mod_stats_prometheus/doc"},
                         {server_name,"Prometheus Exporter"},
                         {modules,[prometheus_httpd]}],
                        15000,undefined]]}},
              {restart_type,permanent},
              {significant,false},
              {shutdown,infinity},
              {child_type,supervisor}]
 (supervisor:report_progress/2:1557)
2022-07-30 04:45:56.960438+00:00 [debug] PROGRESS REPORT:
    supervisor: {local,httpd_instance_sup__127_0_0_1__9081default}
    started: [{pid,<0.1062.0>},
              {id,{httpd_misc_sup,{127,0,0,1},9081,default}},
              {mfargs,{httpd_misc_sup,start_link,[{127,0,0,1},9081,default]}},
              {restart_type,permanent},
              {significant,false},
              {shutdown,infinity},
              {child_type,supervisor}]
 (supervisor:report_progress/2:1557)
2022-07-30 04:45:56.960695+00:00 [debug] PROGRESS REPORT:
    supervisor: {local,httpd_instance_sup__127_0_0_1__9081default}
    started: [{pid,<0.1063.0>},
              {id,{httpd_manager,{127,0,0,1},9081,default}},
              {mfargs,
                  {httpd_manager,start_link,
                      [undefined,
                       [{bind_address,{127,0,0,1}},
                        {socket_type,ip_comm},
                        {port,9081},
                        {server_root,"run/mod_stats_prometheus/doc"},
                        {document_root,"run/mod_stats_prometheus/doc"},
                        {server_name,"Prometheus Exporter"},
                        {modules,[prometheus_httpd]}],
                       15000]}},
              {restart_type,permanent},
              {significant,false},
              {shutdown,4000},
              {child_type,worker}]
 (supervisor:report_progress/2:1557)
2022-07-30 04:45:56.960806+00:00 [debug] PROGRESS REPORT:
    supervisor: {local,httpd_sup}
    started: [{pid,<0.1058.0>},
              {id,{httpd_instance_sup,{127,0,0,1},9081,default}},
              {mfargs,
                  {httpd_instance_sup,start_link,
                      [[{bind_address,{127,0,0,1}},
                        {socket_type,ip_comm},
                        {port,9081},
                        {server_root,"run/mod_stats_prometheus/doc"},
                        {document_root,"run/mod_stats_prometheus/doc"},
                        {server_name,"Prometheus Exporter"},
                        {modules,[prometheus_httpd]}],
                       15000,[]]}},
              {restart_type,permanent},
              {significant,false},
              {shutdown,infinity},
              {child_type,supervisor}]
 (supervisor:report_progress/2:1557)
2022-07-30 04:45:56.962412+00:00 [info] Started mod_stats_prometheus (eturnal:start_modules/0:313)
2022-07-30 04:45:56.962589+00:00 [debug] Starting listener 127.0.0.1:34780 (udp) with options:
[{use_turn,true},
 {auth_type,user},
 {turn_ipv4_address,{127,0,0,1}},
 {turn_min_port,49152},
 {turn_max_port,65535},
 {turn_max_allocations,10},
 {turn_max_permissions,10},
 {shaper,100000},
 {turn_blacklist,[{{10,0,0,0},8},
                  {{100,64,0,0},10},
                  {{127,0,0,0},8},
                  {{169,254,0,0},16},
                  {{172,16,0,0},12},
                  {{192,0,0,0},24},
                  {{192,0,2,0},24},
                  {{192,88,99,0},24},
                  {{192,168,0,0},16},
                  {{198,18,0,0},15},
                  {{198,51,100,0},24},
                  {{203,0,113,0},24},
                  {{224,0,0,0},4},
                  {{240,0,0,0},4},
                  {{0,0,0,0,0,0,0,1},128},
                  {{0,0,0,0,0,65535,0,0},96},
                  {{100,65435,0,0,0,0,0,0},96},
                  {{256,0,0,0,0,0,0,0},64},
                  {{8193,3512,0,0,0,0,0,0},32},
                  {{64512,0,0,0,0,0,0,0},7},
                  {{65152,0,0,0,0,0,0,0},10},
                  {{65280,0,0,0,0,0,0,0},8}]},
 {turn_whitelist,[{{127,0,0,1},32},
                  {{203,0,113,113},32},
                  {{8193,3512,0,0,0,0,0,0},64}]},
 {auth_realm,<<"eturnal.net">>},
 {server_name,<<"eturnal">>},
 {auth_fun,fun eturnal:get_password/2},
 {hook_fun,fun eturnal:run_hook/2}] (eturnal:start_listeners/0:346)
2022-07-30 04:45:56.963780+00:00 [info] Listening on 127.0.0.1:34780 (udp) (STUN/TURN) (eturnal:start_listeners/0:353)
2022-07-30 04:45:56.964092+00:00 [debug] Starting listener 127.0.0.1:34780 (tcp) with options:
[{use_turn,false},
 {auth_type,anonymous},
 {turn_ipv4_address,{127,0,0,1}},
 {turn_min_port,49152},
 {turn_max_port,65535},
 {turn_max_allocations,10},
 {turn_max_permissions,10},
 {shaper,100000},
 {turn_blacklist,[{{10,0,0,0},8},
                  {{100,64,0,0},10},
                  {{127,0,0,0},8},
                  {{169,254,0,0},16},
                  {{172,16,0,0},12},
                  {{192,0,0,0},24},
                  {{192,0,2,0},24},
                  {{192,88,99,0},24},
                  {{192,168,0,0},16},
                  {{198,18,0,0},15},
                  {{198,51,100,0},24},
                  {{203,0,113,0},24},
                  {{224,0,0,0},4},
                  {{240,0,0,0},4},
                  {{0,0,0,0,0,0,0,1},128},
                  {{0,0,0,0,0,65535,0,0},96},
                  {{100,65435,0,0,0,0,0,0},96},
                  {{256,0,0,0,0,0,0,0},64},
                  {{8193,3512,0,0,0,0,0,0},32},
                  {{64512,0,0,0,0,0,0,0},7},
                  {{65152,0,0,0,0,0,0,0},10},
                  {{65280,0,0,0,0,0,0,0},8}]},
 {turn_whitelist,[{{127,0,0,1},32},
                  {{203,0,113,113},32},
                  {{8193,3512,0,0,0,0,0,0},64}]},
 {auth_realm,<<"eturnal.net">>},
 {server_name,<<"eturnal">>},
 {auth_fun,fun eturnal:get_password/2},
 {hook_fun,fun eturnal:run_hook/2}] (eturnal:start_listeners/0:346)
2022-07-30 04:45:56.965090+00:00 [info] Listening on 127.0.0.1:34780 (tcp) (STUN only) (eturnal:start_listeners/0:353)
2022-07-30 04:45:56.965252+00:00 [debug] Starting listener 127.0.0.1:53490 (tls) with options:
[{use_turn,false},
 {auth_type,anonymous},
 {tls,true},
 {certfile,<<"run/cert.pem">>},
 {ciphers,<<"HIGH:!aNULL:@STRENGTH">>},
 {protocol_options,<<"no_tlsv1|no_tlsv1_1|cipher_server_preference">>},
 {turn_ipv4_address,{127,0,0,1}},
 {turn_min_port,49152},
 {turn_max_port,65535},
 {turn_max_allocations,10},
 {turn_max_permissions,10},
 {shaper,100000},
 {turn_blacklist,[{{10,0,0,0},8},
                  {{100,64,0,0},10},
                  {{127,0,0,0},8},
                  {{169,254,0,0},16},
                  {{172,16,0,0},12},
                  {{192,0,0,0},24},
                  {{192,0,2,0},24},
                  {{192,88,99,0},24},
                  {{192,168,0,0},16},
                  {{198,18,0,0},15},
                  {{198,51,100,0},24},
                  {{203,0,113,0},24},
                  {{224,0,0,0},4},
                  {{240,0,0,0},4},
                  {{0,0,0,0,0,0,0,1},128},
                  {{0,0,0,0,0,65535,0,0},96},
                  {{100,65435,0,0,0,0,0,0},96},
                  {{256,0,0,0,0,0,0,0},64},
                  {{8193,3512,0,0,0,0,0,0},32},
                  {{64512,0,0,0,0,0,0,0},7},
                  {{65152,0,0,0,0,0,0,0},10},
                  {{65280,0,0,0,0,0,0,0},8}]},
 {turn_whitelist,[{{127,0,0,1},32},
                  {{203,0,113,113},32},
                  {{8193,3512,0,0,0,0,0,0},64}]},
 {auth_realm,<<"eturnal.net">>},
 {server_name,<<"eturnal">>},
 {auth_fun,fun eturnal:get_password/2},
 {hook_fun,fun eturnal:run_hook/2}] (eturnal:start_listeners/0:346)
2022-07-30 04:45:56.966163+00:00 [info] Listening on 127.0.0.1:53490 (tls) (STUN only) (eturnal:start_listeners/0:353)
2022-07-30 04:45:56.966705+00:00 [debug] Starting listener 127.0.0.1:34781 (auto) with options:
[{use_turn,false},
 {auth_type,anonymous},
 {tls,optional},
 {certfile,<<"run/cert.pem">>},
 {ciphers,<<"HIGH:!aNULL:@STRENGTH">>},
 {protocol_options,<<"no_tlsv1|no_tlsv1_1|cipher_server_preference">>},
 {turn_ipv4_address,{127,0,0,1}},
 {turn_min_port,49152},
 {turn_max_port,65535},
 {turn_max_allocations,10},
 {turn_max_permissions,10},
 {shaper,100000},
 {turn_blacklist,[{{10,0,0,0},8},
                  {{100,64,0,0},10},
                  {{127,0,0,0},8},
                  {{169,254,0,0},16},
                  {{172,16,0,0},12},
                  {{192,0,0,0},24},
                  {{192,0,2,0},24},
                  {{192,88,99,0},24},
                  {{192,168,0,0},16},
                  {{198,18,0,0},15},
                  {{198,51,100,0},24},
                  {{203,0,113,0},24},
                  {{224,0,0,0},4},
                  {{240,0,0,0},4},
                  {{0,0,0,0,0,0,0,1},128},
                  {{0,0,0,0,0,65535,0,0},96},
                  {{100,65435,0,0,0,0,0,0},96},
                  {{256,0,0,0,0,0,0,0},64},
                  {{8193,3512,0,0,0,0,0,0},32},
                  {{64512,0,0,0,0,0,0,0},7},
                  {{65152,0,0,0,0,0,0,0},10},
                  {{65280,0,0,0,0,0,0,0},8}]},
 {turn_whitelist,[{{127,0,0,1},32},
                  {{203,0,113,113},32},
                  {{8193,3512,0,0,0,0,0,0},64}]},
 {auth_realm,<<"eturnal.net">>},
 {server_name,<<"eturnal">>},
 {auth_fun,fun eturnal:get_password/2},
 {hook_fun,fun eturnal:run_hook/2}] (eturnal:start_listeners/0:346)
2022-07-30 04:45:56.968368+00:00 [info] Listening on 127.0.0.1:34781 (auto) (STUN only) (eturnal:start_listeners/0:353)
2022-07-30 04:45:56.968518+00:00 [debug] Started 3 modules (eturnal:init/1:96)
2022-07-30 04:45:56.968604+00:00 [debug] Started 4 listeners (eturnal:init/1:97)
2022-07-30 04:45:56.968696+00:00 [debug] PROGRESS REPORT:
    supervisor: {local,eturnal_sup}
    started: [{pid,<0.1014.0>},
              {id,eturnal},
              {mfargs,{eturnal,start_link,[]}},
              {restart_type,permanent},
              {significant,false},
              {shutdown,5000},
              {child_type,worker}]
 (supervisor:report_progress/2:1557)
2022-07-30 04:45:56.968769+00:00 [debug] No NOTIFY_SOCKET, dropping READY=1 notification (eturnal_systemd:handle_cast/2:108)
2022-07-30 04:45:56.968864+00:00 [debug] Watchdog interval is undefined, hibernating (eturnal_systemd:get_timeout/1:161)
2022-07-30 04:45:56.968882+00:00 [debug] PROGRESS REPORT:
    application: eturnal
    started_at: nonode@nohost
 (application_controller:info_started/2:2107)
2022-07-30 04:45:56.997465+00:00 [debug] Handling API call: get_info() (eturnal_ctl:get_info/0:134)
2022-07-30 04:45:56.998185+00:00 [debug] eturnal call (get_info) returned {ok,
                                  {eturnal_node_info,<<"1.10.0">>,
                                   {"25","13.0"},
                                   7081,0,149,152106990,1,55193080}} (eturnal_ctl:call/1:451)
2022-07-30 04:45:57.022690+00:00 [debug] Handling API call: get_sessions() (eturnal_ctl:get_sessions/0:105)
2022-07-30 04:45:57.046956+00:00 [debug] Handling API call: get_sessions("alice") (eturnal_ctl:get_sessions/1:115)
2022-07-30 04:45:57.047452+00:00 [debug] Handling API call: disconnect(alice) (eturnal_ctl:disconnect/1:183)
2022-07-30 04:45:57.047681+00:00 [debug] Cannot convert user name to binary: alice (eturnal_ctl:disconnect/1:193)
2022-07-30 04:45:57.071229+00:00 [debug] Handling API call: disconnect("alice") (eturnal_ctl:disconnect/1:183)
2022-07-30 04:45:57.071433+00:00 [debug] Handling API call: disconnect(alice) (eturnal_ctl:disconnect/1:183)
2022-07-30 04:45:57.071530+00:00 [debug] Cannot convert user name to binary: alice (eturnal_ctl:disconnect/1:193)
2022-07-30 04:45:57.095415+00:00 [debug] Handling API call: get_credentials("2009-10-30 11:00:00Z", []) (eturnal_ctl:get_credentials/2:59)
2022-07-30 04:45:57.095914+00:00 [debug] eturnal call ({get_password,<<"1256900400">>}) returned {ok,
                                                         <<"uEKlpcME7MNMMVRV8rUFPCTIFEs=">>} (eturnal_ctl:call/1:451)
2022-07-30 04:45:57.096106+00:00 [debug] Handling API call: get_credentials("86400", "alice") (eturnal_ctl:get_credentials/2:59)
2022-07-30 04:45:57.096275+00:00 [debug] eturnal call ({get_password,<<"1659242757:alice">>}) returned {ok,
                                                               <<"WmWxtKPsFV9zDpzOod6Vc1A3lO8=">>} (eturnal_ctl:call/1:451)
2022-07-30 04:45:57.096418+00:00 [debug] Handling API call: get_password("1659242757:alice") (eturnal_ctl:get_password/1:78)
2022-07-30 04:45:57.096527+00:00 [debug] eturnal call ({get_password,<<"1659242757:alice">>}) returned {ok,
                                                               <<"WmWxtKPsFV9zDpzOod6Vc1A3lO8=">>} (eturnal_ctl:call/1:451)
2022-07-30 04:45:57.096668+00:00 [debug] Handling API call: get_credentials("86400s", "alice") (eturnal_ctl:get_credentials/2:59)
2022-07-30 04:45:57.096767+00:00 [debug] eturnal call ({get_password,<<"1659242757:alice">>}) returned {ok,
                                                               <<"WmWxtKPsFV9zDpzOod6Vc1A3lO8=">>} (eturnal_ctl:call/1:451)
2022-07-30 04:45:57.096865+00:00 [debug] Handling API call: get_password("1659242757:alice") (eturnal_ctl:get_password/1:78)
2022-07-30 04:45:57.096948+00:00 [debug] eturnal call ({get_password,<<"1659242757:alice">>}) returned {ok,
                                                               <<"WmWxtKPsFV9zDpzOod6Vc1A3lO8=">>} (eturnal_ctl:call/1:451)
2022-07-30 04:45:57.097090+00:00 [debug] Handling API call: get_credentials("1440m", "alice") (eturnal_ctl:get_credentials/2:59)
2022-07-30 04:45:57.097201+00:00 [debug] eturnal call ({get_password,<<"1659242757:alice">>}) returned {ok,
                                                               <<"WmWxtKPsFV9zDpzOod6Vc1A3lO8=">>} (eturnal_ctl:call/1:451)
2022-07-30 04:45:57.097322+00:00 [debug] Handling API call: get_password("1659242757:alice") (eturnal_ctl:get_password/1:78)
2022-07-30 04:45:57.097451+00:00 [debug] eturnal call ({get_password,<<"1659242757:alice">>}) returned {ok,
                                                               <<"WmWxtKPsFV9zDpzOod6Vc1A3lO8=">>} (eturnal_ctl:call/1:451)
2022-07-30 04:45:57.097619+00:00 [debug] Handling API call: get_credentials("24h", "alice") (eturnal_ctl:get_credentials/2:59)
2022-07-30 04:45:57.097757+00:00 [debug] eturnal call ({get_password,<<"1659242757:alice">>}) returned {ok,
                                                               <<"WmWxtKPsFV9zDpzOod6Vc1A3lO8=">>} (eturnal_ctl:call/1:451)
2022-07-30 04:45:57.097867+00:00 [debug] Handling API call: get_password("1659242757:alice") (eturnal_ctl:get_password/1:78)
2022-07-30 04:45:57.097958+00:00 [debug] eturnal call ({get_password,<<"1659242757:alice">>}) returned {ok,
                                                               <<"WmWxtKPsFV9zDpzOod6Vc1A3lO8=">>} (eturnal_ctl:call/1:451)
2022-07-30 04:45:57.098090+00:00 [debug] Handling API call: get_credentials("1d", "alice") (eturnal_ctl:get_credentials/2:59)
2022-07-30 04:45:57.098202+00:00 [debug] eturnal call ({get_password,<<"1659242757:alice">>}) returned {ok,
                                                               <<"WmWxtKPsFV9zDpzOod6Vc1A3lO8=">>} (eturnal_ctl:call/1:451)
2022-07-30 04:45:57.098328+00:00 [debug] Handling API call: get_password("1659242757:alice") (eturnal_ctl:get_password/1:78)
2022-07-30 04:45:57.098424+00:00 [debug] eturnal call ({get_password,<<"1659242757:alice">>}) returned {ok,
                                                               <<"WmWxtKPsFV9zDpzOod6Vc1A3lO8=">>} (eturnal_ctl:call/1:451)
2022-07-30 04:45:57.098541+00:00 [debug] Handling API call: get_password("Invalid") (eturnal_ctl:get_password/1:78)
2022-07-30 04:45:57.098601+00:00 [debug] Invalid user name: Invalid (eturnal_ctl:get_password/1:92)
2022-07-30 04:45:57.098665+00:00 [debug] Handling API call: get_credentials("Invalid", []) (eturnal_ctl:get_credentials/2:59)
2022-07-30 04:45:57.098736+00:00 [debug] Invalid argument(s): "Invalid":[] (eturnal_ctl:get_credentials/2:72)
2022-07-30 04:45:57.098795+00:00 [debug] Handling API call: get_password(invalid) (eturnal_ctl:get_password/1:78)
2022-07-30 04:45:57.098850+00:00 [debug] Cannot convert user name to binary: invalid (eturnal_ctl:get_password/1:99)
2022-07-30 04:45:57.098909+00:00 [debug] Handling API call: get_credentials(invalid, []) (eturnal_ctl:get_credentials/2:59)
2022-07-30 04:45:57.098966+00:00 [debug] Invalid argument(s): invalid:[] (eturnal_ctl:get_credentials/2:72)
2022-07-30 04:45:57.099051+00:00 [debug] Handling API call: get_password([invalid]) (eturnal_ctl:get_password/1:78)
2022-07-30 04:45:57.099135+00:00 [debug] Cannot convert user name to binary: [invalid] (eturnal_ctl:get_password/1:99)
2022-07-30 04:45:57.099498+00:00 [debug] Handling API call: get_credentials([invalid], []) (eturnal_ctl:get_credentials/2:59)
2022-07-30 04:45:57.099573+00:00 [debug] Invalid argument(s): [invalid]:[] (eturnal_ctl:get_credentials/2:72)
2022-07-30 04:45:57.101897+00:00 [debug] Handling API call: get_credentials(1256900400, invalid) (eturnal_ctl:get_credentials/2:59)
2022-07-30 04:45:57.102336+00:00 [debug] Invalid argument(s): 1256900400:invalid (eturnal_ctl:get_credentials/2:72)
2022-07-30 04:45:57.126298+00:00 [debug] Handling API call: set_loglevel(debug) (eturnal_ctl:set_loglevel/1:164)
2022-07-30 04:45:57.126497+00:00 [debug] eturnal call ({set_loglevel,debug}) returned ok (eturnal_ctl:call/1:448)
2022-07-30 04:45:57.126690+00:00 [debug] Handling API call: get_loglevel() (eturnal_ctl:get_loglevel/0:154)
2022-07-30 04:45:57.126778+00:00 [debug] eturnal call (get_loglevel) returned {ok,debug} (eturnal_ctl:call/1:451)
2022-07-30 04:45:57.126915+00:00 [debug] Handling API call: set_loglevel(invalid) (eturnal_ctl:set_loglevel/1:164)
2022-07-30 04:45:57.126993+00:00 [debug] Invalid log level: invalid (eturnal_ctl:set_loglevel/1:174)
2022-07-30 04:45:57.127146+00:00 [debug] Handling API call: get_loglevel() (eturnal_ctl:get_loglevel/0:154)
2022-07-30 04:45:57.127561+00:00 [debug] eturnal call (get_loglevel) returned {ok,debug} (eturnal_ctl:call/1:451)
2022-07-30 04:45:57.151466+00:00 [debug] Handling API call: get_version() (eturnal_ctl:get_version/0:144)
2022-07-30 04:45:57.151606+00:00 [debug] eturnal call (get_version) returned {ok,<<"1.10.0">>} (eturnal_ctl:call/1:451)
2022-07-30 04:45:57.175770+00:00 [debug] Handling API call: reload() (eturnal_ctl:reload/0:199)
2022-07-30 04:45:57.177387+00:00 [debug] Calling mod_log_stun:options/0 (eturnal_module:options/1:191)
2022-07-30 04:45:57.177513+00:00 [debug] Calling mod_stats_influx:options/0 (eturnal_module:options/1:191)
2022-07-30 04:45:57.177655+00:00 [debug] Calling mod_stats_prometheus:options/0 (eturnal_module:options/1:191)
2022-07-30 04:45:57.178106+00:00 [warning] TLS enabled without 'tls_crt_file', creating self-signed certificate (eturnal:check_pem_file/0:669)
2022-07-30 04:45:58.345176+00:00 [info] Using new TLS certificate (eturnal:handle_call/3:114)
2022-07-30 04:45:58.345930+00:00 [debug] Calling mod_log_stun:stop/1 (eturnal_module:stop/1:162)
2022-07-30 04:45:58.346228+00:00 [debug] Stopping mod_log_stun (mod_log_stun:stop/0:49)
2022-07-30 04:45:58.346313+00:00 [info] Stopped mod_log_stun (eturnal:stop_modules/1:326)
2022-07-30 04:45:58.348408+00:00 [debug] Calling mod_stats_influx:stop/1 (eturnal_module:stop/1:162)
2022-07-30 04:45:58.348544+00:00 [debug] Stopping mod_stats_influx (mod_stats_influx:stop/0:61)
2022-07-30 04:45:58.348679+00:00 [info] Stopped mod_stats_influx (eturnal:stop_modules/1:326)
2022-07-30 04:45:58.351138+00:00 [debug] Calling mod_stats_prometheus:stop/1 (eturnal_module:stop/1:162)
2022-07-30 04:45:58.351344+00:00 [debug] Stopping mod_stats_prometheus (mod_stats_prometheus:stop/0:110)
2022-07-30 04:45:58.352755+00:00 [info] Stopped mod_stats_prometheus (eturnal:stop_modules/1:326)
2022-07-30 04:45:58.352883+00:00 [debug] Calling mod_log_stun:start/0 (eturnal_module:start/1:142)
2022-07-30 04:45:58.353026+00:00 [debug] Starting mod_log_stun (mod_log_stun:start/0:38)
2022-07-30 04:45:58.355008+00:00 [info] Started mod_log_stun (eturnal:start_modules/0:313)
2022-07-30 04:45:58.355568+00:00 [debug] Calling mod_stats_influx:start/0 (eturnal_module:start/1:142)
2022-07-30 04:45:58.355658+00:00 [debug] Starting mod_stats_influx (mod_stats_influx:start/0:37)
2022-07-30 04:45:58.355889+00:00 [debug] Dependency influx_udp was available already (eturnal_module:ensure_dep/2:283)
2022-07-30 04:45:58.356781+00:00 [info]     host: {127,0,0,1}
    msg: Start clients pool
    options: #{host => "localhost",max_overflow => 1,pool_size => 1,
               port => 8089} (influx_udp:start_pool_/2:239)
2022-07-30 04:45:58.358337+00:00 [info] Started mod_stats_influx (eturnal:start_modules/0:313)
2022-07-30 04:45:58.358460+00:00 [debug] Calling mod_stats_prometheus:start/0 (eturnal_module:start/1:142)
2022-07-30 04:45:58.358594+00:00 [debug] Starting mod_stats_prometheus (mod_stats_prometheus:start/0:56)
2022-07-30 04:45:58.358698+00:00 [debug] Dependency prometheus_httpd was available already (eturnal_module:ensure_dep/2:283)
2022-07-30 04:45:58.359431+00:00 [debug] PROGRESS REPORT:
    supervisor: {local,httpd_instance_sup__127_0_0_1__9081default}
    started: [{pid,<0.1189.0>},
              {id,{httpd_connection_sup,{127,0,0,1},9081,default}},
              {mfargs,{httpd_connection_sup,start_link,[[{127,0,0,1},9081]]}},
              {restart_type,permanent},
              {significant,false},
              {shutdown,5000},
              {child_type,supervisor}]
 (supervisor:report_progress/2:1557)
2022-07-30 04:45:58.359751+00:00 [debug] PROGRESS REPORT:
    supervisor: {local,httpd_acceptor_sup__127_0_0_1__9081default}
    started: [{pid,<0.1191.0>},
              {id,{httpd_acceptor_sup,{127,0,0,1},9081,default}},
              {mfargs,{httpd_acceptor,start_link,
                                      [httpd__127_0_0_1__9081default,ip_comm,
                                       {127,0,0,1},
                                       9081,inet,
                                       httpd_conf__127_0_0_1__9081default,
                                       15000]}},
              {restart_type,transient},
              {significant,false},
              {shutdown,brutal_kill},
              {child_type,worker}]
 (supervisor:report_progress/2:1557)
2022-07-30 04:45:58.359899+00:00 [debug] PROGRESS REPORT:
    supervisor: {local,httpd_instance_sup__127_0_0_1__9081default}
    started: [{pid,<0.1190.0>},
              {id,{httpd_acceptor_sup,{127,0,0,1},9081,default}},
              {mfargs,
                  {httpd_acceptor_sup,start_link,
                      [[{127,0,0,1},
                        9081,
                        [{bind_address,{127,0,0,1}},
                         {socket_type,ip_comm},
                         {port,9081},
                         {server_root,"run/mod_stats_prometheus/doc"},
                         {document_root,"run/mod_stats_prometheus/doc"},
                         {server_name,"Prometheus Exporter"},
                         {modules,[prometheus_httpd]}],
                        15000,undefined]]}},
              {restart_type,permanent},
              {significant,false},
              {shutdown,infinity},
              {child_type,supervisor}]
 (supervisor:report_progress/2:1557)
2022-07-30 04:45:58.360064+00:00 [debug] PROGRESS REPORT:
    supervisor: {local,httpd_instance_sup__127_0_0_1__9081default}
    started: [{pid,<0.1192.0>},
              {id,{httpd_misc_sup,{127,0,0,1},9081,default}},
              {mfargs,{httpd_misc_sup,start_link,[{127,0,0,1},9081,default]}},
              {restart_type,permanent},
              {significant,false},
              {shutdown,infinity},
              {child_type,supervisor}]
 (supervisor:report_progress/2:1557)
2022-07-30 04:45:58.360957+00:00 [debug] PROGRESS REPORT:
    supervisor: {local,httpd_instance_sup__127_0_0_1__9081default}
    started: [{pid,<0.1193.0>},
              {id,{httpd_manager,{127,0,0,1},9081,default}},
              {mfargs,
                  {httpd_manager,start_link,
                      [undefined,
                       [{bind_address,{127,0,0,1}},
                        {socket_type,ip_comm},
                        {port,9081},
                        {server_root,"run/mod_stats_prometheus/doc"},
                        {document_root,"run/mod_stats_prometheus/doc"},
                        {server_name,"Prometheus Exporter"},
                        {modules,[prometheus_httpd]}],
                       15000]}},
              {restart_type,permanent},
              {significant,false},
              {shutdown,4000},
              {child_type,worker}]
 (supervisor:report_progress/2:1557)
2022-07-30 04:45:58.361481+00:00 [debug] PROGRESS REPORT:
    supervisor: {local,httpd_sup}
    started: [{pid,<0.1188.0>},
              {id,{httpd_instance_sup,{127,0,0,1},9081,default}},
              {mfargs,
                  {httpd_instance_sup,start_link,
                      [[{bind_address,{127,0,0,1}},
                        {socket_type,ip_comm},
                        {port,9081},
                        {server_root,"run/mod_stats_prometheus/doc"},
                        {document_root,"run/mod_stats_prometheus/doc"},
                        {server_name,"Prometheus Exporter"},
                        {modules,[prometheus_httpd]}],
                       15000,[]]}},
              {restart_type,permanent},
              {significant,false},
              {shutdown,infinity},
              {child_type,supervisor}]
 (supervisor:report_progress/2:1557)
2022-07-30 04:45:58.362888+00:00 [info] Started mod_stats_prometheus (eturnal:start_modules/0:313)
2022-07-30 04:45:58.363834+00:00 [debug] Restarted modules (eturnal:handle_call/3:122)
2022-07-30 04:45:58.363970+00:00 [debug] eturnal call (reload) returned ok (eturnal_ctl:call/1:448)
2022-07-30 04:45:58.364259+00:00 [debug] Handling API call: reload() (eturnal_ctl:reload/0:199)
2022-07-30 04:45:58.366130+00:00 [debug] Calling mod_log_stun:options/0 (eturnal_module:options/1:191)
2022-07-30 04:45:58.366285+00:00 [debug] Calling mod_stats_influx:options/0 (eturnal_module:options/1:191)
2022-07-30 04:45:58.366426+00:00 [debug] Calling mod_stats_prometheus:options/0 (eturnal_module:options/1:191)
2022-07-30 04:45:58.368967+00:00 [debug] Keeping PEM file (run/cert.pem) (eturnal:check_pem_file/0:666)
2022-07-30 04:45:58.369115+00:00 [debug] TLS certificate unchanged (eturnal:handle_call/3:116)
2022-07-30 04:45:58.369220+00:00 [debug] Calling mod_log_stun:stop/1 (eturnal_module:stop/1:162)
2022-07-30 04:45:58.369294+00:00 [debug] Stopping mod_log_stun (mod_log_stun:stop/0:49)
2022-07-30 04:45:58.369348+00:00 [info] Stopped mod_log_stun (eturnal:stop_modules/1:326)
2022-07-30 04:45:58.369505+00:00 [debug] Calling mod_stats_influx:stop/1 (eturnal_module:stop/1:162)
2022-07-30 04:45:58.369744+00:00 [debug] Stopping mod_stats_influx (mod_stats_influx:stop/0:61)
2022-07-30 04:45:58.369806+00:00 [info] Stopped mod_stats_influx (eturnal:stop_modules/1:326)
2022-07-30 04:45:58.369979+00:00 [debug] Calling mod_stats_prometheus:stop/1 (eturnal_module:stop/1:162)
2022-07-30 04:45:58.370065+00:00 [debug] Stopping mod_stats_prometheus (mod_stats_prometheus:stop/0:110)
2022-07-30 04:45:58.370331+00:00 [info] Stopped mod_stats_prometheus (eturnal:stop_modules/1:326)
2022-07-30 04:45:58.370433+00:00 [debug] Calling mod_log_stun:start/0 (eturnal_module:start/1:142)
2022-07-30 04:45:58.370524+00:00 [debug] Starting mod_log_stun (mod_log_stun:start/0:38)
2022-07-30 04:45:58.370640+00:00 [info] Started mod_log_stun (eturnal:start_modules/0:313)
2022-07-30 04:45:58.370726+00:00 [debug] Calling mod_stats_influx:start/0 (eturnal_module:start/1:142)
2022-07-30 04:45:58.370828+00:00 [debug] Starting mod_stats_influx (mod_stats_influx:start/0:37)
2022-07-30 04:45:58.370973+00:00 [debug] Dependency influx_udp was available already (eturnal_module:ensure_dep/2:283)
2022-07-30 04:45:58.371256+00:00 [info]     host: {127,0,0,1}
    msg: Start clients pool
    options: #{host => "localhost",max_overflow => 1,pool_size => 1,
               port => 8089} (influx_udp:start_pool_/2:239)
2022-07-30 04:45:58.374313+00:00 [info] Started mod_stats_influx (eturnal:start_modules/0:313)
2022-07-30 04:45:58.374596+00:00 [debug] Calling mod_stats_prometheus:start/0 (eturnal_module:start/1:142)
2022-07-30 04:45:58.374794+00:00 [debug] Starting mod_stats_prometheus (mod_stats_prometheus:start/0:56)
2022-07-30 04:45:58.374896+00:00 [debug] Dependency prometheus_httpd was available already (eturnal_module:ensure_dep/2:283)
2022-07-30 04:45:58.376436+00:00 [debug] PROGRESS REPORT:
    supervisor: {local,httpd_instance_sup__127_0_0_1__9081default}
    started: [{pid,<0.1222.0>},
              {id,{httpd_connection_sup,{127,0,0,1},9081,default}},
              {mfargs,{httpd_connection_sup,start_link,[[{127,0,0,1},9081]]}},
              {restart_type,permanent},
              {significant,false},
              {shutdown,5000},
              {child_type,supervisor}]
 (supervisor:report_progress/2:1557)
2022-07-30 04:45:58.376692+00:00 [debug] PROGRESS REPORT:
    supervisor: {local,httpd_acceptor_sup__127_0_0_1__9081default}
    started: [{pid,<0.1224.0>},
              {id,{httpd_acceptor_sup,{127,0,0,1},9081,default}},
              {mfargs,{httpd_acceptor,start_link,
                                      [httpd__127_0_0_1__9081default,ip_comm,
                                       {127,0,0,1},
                                       9081,inet,
                                       httpd_conf__127_0_0_1__9081default,
                                       15000]}},
              {restart_type,transient},
              {significant,false},
              {shutdown,brutal_kill},
              {child_type,worker}]
 (supervisor:report_progress/2:1557)
2022-07-30 04:45:58.376885+00:00 [debug] PROGRESS REPORT:
    supervisor: {local,httpd_instance_sup__127_0_0_1__9081default}
    started: [{pid,<0.1223.0>},
              {id,{httpd_acceptor_sup,{127,0,0,1},9081,default}},
              {mfargs,
                  {httpd_acceptor_sup,start_link,
                      [[{127,0,0,1},
                        9081,
                        [{bind_address,{127,0,0,1}},
                         {socket_type,ip_comm},
                         {port,9081},
                         {server_root,"run/mod_stats_prometheus/doc"},
                         {document_root,"run/mod_stats_prometheus/doc"},
                         {server_name,"Prometheus Exporter"},
                         {modules,[prometheus_httpd]}],
                        15000,undefined]]}},
              {restart_type,permanent},
              {significant,false},
              {shutdown,infinity},
              {child_type,supervisor}]
 (supervisor:report_progress/2:1557)
2022-07-30 04:45:58.377049+00:00 [debug] PROGRESS REPORT:
    supervisor: {local,httpd_instance_sup__127_0_0_1__9081default}
    started: [{pid,<0.1226.0>},
              {id,{httpd_misc_sup,{127,0,0,1},9081,default}},
              {mfargs,{httpd_misc_sup,start_link,[{127,0,0,1},9081,default]}},
              {restart_type,permanent},
              {significant,false},
              {shutdown,infinity},
              {child_type,supervisor}]
 (supervisor:report_progress/2:1557)
2022-07-30 04:45:58.377373+00:00 [debug] PROGRESS REPORT:
    supervisor: {local,httpd_instance_sup__127_0_0_1__9081default}
    started: [{pid,<0.1228.0>},
              {id,{httpd_manager,{127,0,0,1},9081,default}},
              {mfargs,
                  {httpd_manager,start_link,
                      [undefined,
                       [{bind_address,{127,0,0,1}},
                        {socket_type,ip_comm},
                        {port,9081},
                        {server_root,"run/mod_stats_prometheus/doc"},
                        {document_root,"run/mod_stats_prometheus/doc"},
                        {server_name,"Prometheus Exporter"},
                        {modules,[prometheus_httpd]}],
                       15000]}},
              {restart_type,permanent},
              {significant,false},
              {shutdown,4000},
              {child_type,worker}]
 (supervisor:report_progress/2:1557)
2022-07-30 04:45:58.377484+00:00 [debug] PROGRESS REPORT:
    supervisor: {local,httpd_sup}
    started: [{pid,<0.1221.0>},
              {id,{httpd_instance_sup,{127,0,0,1},9081,default}},
              {mfargs,
                  {httpd_instance_sup,start_link,
                      [[{bind_address,{127,0,0,1}},
                        {socket_type,ip_comm},
                        {port,9081},
                        {server_root,"run/mod_stats_prometheus/doc"},
                        {document_root,"run/mod_stats_prometheus/doc"},
                        {server_name,"Prometheus Exporter"},
                        {modules,[prometheus_httpd]}],
                       15000,[]]}},
              {restart_type,permanent},
              {significant,false},
              {shutdown,infinity},
              {child_type,supervisor}]
 (supervisor:report_progress/2:1557)
2022-07-30 04:45:58.378988+00:00 [info] Started mod_stats_prometheus (eturnal:start_modules/0:313)
2022-07-30 04:45:58.379161+00:00 [debug] Restarted modules (eturnal:handle_call/3:122)
2022-07-30 04:45:58.379370+00:00 [debug] eturnal call (reload) returned ok (eturnal_ctl:call/1:448)
2022-07-30 04:45:58.404400+00:00 [info] Accepting connection: 127.0.0.1:46474 -> 127.0.0.1:34780 [TCP, session h4ix61icnwcs] (stun_acceptor:accept/3:158)
2022-07-30 04:45:58.427821+00:00 [info] Accepting connection: 127.0.0.1:48388 -> 127.0.0.1:53490 [TLS, session uac66wmkrer4] (stun_acceptor:accept/3:158)
2022-07-30 04:45:58.456990+00:00 [debug] Received:
#stun{class = request,method = 3,magic = 554869826,
      trid = 74844172012490028938252166713,raw = <<>>,unsupported = [],
      'ALTERNATE-SERVER' = undefined,'CHANNEL-NUMBER' = undefined,
      'DATA' = undefined,'DONT-FRAGMENT' = false,'ERROR-CODE' = undefined,
      'LIFETIME' = undefined,'MAPPED-ADDRESS' = undefined,
      'MESSAGE-INTEGRITY' = undefined,'NONCE' = undefined,'REALM' = undefined,
      'REQUESTED-ADDRESS-FAMILY' = undefined,
      'REQUESTED-TRANSPORT' = undefined,'SOFTWARE' = undefined,
      'UNKNOWN-ATTRIBUTES' = [],'USERNAME' = undefined,
      'XOR-MAPPED-ADDRESS' = undefined,'XOR-PEER-ADDRESS' = [],
      'XOR-RELAYED-ADDRESS' = undefined} (stun:udp_recv/5:111)
2022-07-30 04:45:58.457118+00:00 [debug] Sending:
#stun{class = error,method = 3,magic = 554869826,
      trid = 74844172012490028938252166713,raw = <<>>,unsupported = [],
      'ALTERNATE-SERVER' = undefined,'CHANNEL-NUMBER' = undefined,
      'DATA' = undefined,'DONT-FRAGMENT' = false,
      'ERROR-CODE' = {401,<<"Unauthorized">>},
      'LIFETIME' = undefined,'MAPPED-ADDRESS' = undefined,
      'MESSAGE-INTEGRITY' = undefined,'NONCE' = <<"3036767196">>,
      'REALM' = <<"eturnal.net">>,'REQUESTED-ADDRESS-FAMILY' = undefined,
      'REQUESTED-TRANSPORT' = undefined,'SOFTWARE' = <<"eturnal">>,
      'UNKNOWN-ATTRIBUTES' = [],'USERNAME' = undefined,
      'XOR-MAPPED-ADDRESS' = undefined,'XOR-PEER-ADDRESS' = [],
      'XOR-RELAYED-ADDRESS' = undefined} (stun:send/3:445)
2022-07-30 04:45:58.457396+00:00 [debug] Received:
#stun{class = request,method = 3,magic = 554869826,
      trid = 69383268204011484810245165046,
      raw = <<0,3,0,80,33,18,164,66,224,48,126,138,11,243,119,156,157,41,207,
              246,0,25,0,4,17,0,0,0,0,6,0,10,50,49,52,53,57,49,51,50,48,48,0,0,
              0,20,0,11,101,116,117,114,110,97,108,46,110,101,116,0,0,21,0,10,
              51,48,51,54,55,54,55,49,57,54,0,0>>,
      unsupported = [],'ALTERNATE-SERVER' = undefined,
      'CHANNEL-NUMBER' = undefined,'DATA' = undefined,'DONT-FRAGMENT' = false,
      'ERROR-CODE' = undefined,'LIFETIME' = undefined,
      'MAPPED-ADDRESS' = undefined,
      'MESSAGE-INTEGRITY' = <<165,68,64,238,219,249,55,188,129,129,145,236,28,
                              122,106,121,147,0,192,91>>,
      'NONCE' = <<"3036767196">>,'REALM' = <<"eturnal.net">>,
      'REQUESTED-ADDRESS-FAMILY' = undefined,'REQUESTED-TRANSPORT' = udp,
      'SOFTWARE' = undefined,'UNKNOWN-ATTRIBUTES' = [],
      'USERNAME' = <<"2145913200">>,'XOR-MAPPED-ADDRESS' = undefined,
      'XOR-PEER-ADDRESS' = [],'XOR-RELAYED-ADDRESS' = undefined} (stun:udp_recv/5:111)
2022-07-30 04:45:58.457546+00:00 [debug] Looking up password for: 2145913200 [UDP, session dw92cljskoen, user 2145913200, client 127.0.0.1:49998] (eturnal:get_password/2:215)
2022-07-30 04:45:58.457618+00:00 [info] Accepting long-term STUN/TURN authentication [UDP, session dw92cljskoen, user 2145913200, client 127.0.0.1:49998] (stun:process/2:249)
2022-07-30 04:45:58.457724+00:00 [debug] Running 'turn_session_start' hook [UDP, session dw92cljskoen, user 2145913200, client 127.0.0.1:49998] (turn:run_hook/2:717)
2022-07-30 04:45:58.457787+00:00 [debug] Got 'turn_session_start' event [UDP, session dw92cljskoen, user 2145913200, client 127.0.0.1:49998] (eturnal_module:handle_event/2:176)
2022-07-30 04:45:58.457839+00:00 [debug] Calling mod_stats_prometheus:handle_event/2 [UDP, session dw92cljskoen, user 2145913200, client 127.0.0.1:49998] (eturnal_module:handle_event/2:179)
2022-07-30 04:45:58.457890+00:00 [debug] Observing started TURN session dw92cljskoen for Prometheus [UDP, session dw92cljskoen, user 2145913200, client 127.0.0.1:49998] (mod_stats_prometheus:on_turn_session_start/1:174)
2022-07-30 04:45:58.458065+00:00 [notice] Creating TURN allocation (lifetime: 600 seconds) [UDP, session dw92cljskoen, user 2145913200, client 127.0.0.1:49998, relay 127.0.0.1:51250] (turn:wait_for_allocate/2:213)
2022-07-30 04:45:58.458220+00:00 [debug] Sending:
#stun{class = response,method = 3,magic = 554869826,
      trid = 69383268204011484810245165046,raw = <<>>,unsupported = [],
      'ALTERNATE-SERVER' = undefined,'CHANNEL-NUMBER' = undefined,
      'DATA' = undefined,'DONT-FRAGMENT' = false,'ERROR-CODE' = undefined,
      'LIFETIME' = 600,'MAPPED-ADDRESS' = undefined,
      'MESSAGE-INTEGRITY' = undefined,'NONCE' = undefined,'REALM' = undefined,
      'REQUESTED-ADDRESS-FAMILY' = undefined,
      'REQUESTED-TRANSPORT' = undefined,'SOFTWARE' = <<"eturnal">>,
      'UNKNOWN-ATTRIBUTES' = [],'USERNAME' = undefined,
      'XOR-MAPPED-ADDRESS' = {{127,0,0,1},49998},
      'XOR-PEER-ADDRESS' = [],
      'XOR-RELAYED-ADDRESS' = {{127,0,0,1},51250}} (turn:send/2:527)
2022-07-30 04:45:58.458559+00:00 [debug] Received:
#stun{class = request,method = 4,magic = 554869826,
      trid = 69188895450458369844012224153,
      raw = <<0,4,0,80,33,18,164,66,223,143,182,129,246,133,50,112,35,65,142,
              153,0,6,0,10,50,49,52,53,57,49,51,50,48,48,0,0,0,20,0,11,101,116,
              117,114,110,97,108,46,110,101,116,0,0,21,0,10,51,48,51,54,55,54,
              55,49,57,54,0,0,0,13,0,4,0,0,0,0>>,
      unsupported = [],'ALTERNATE-SERVER' = undefined,
      'CHANNEL-NUMBER' = undefined,'DATA' = undefined,'DONT-FRAGMENT' = false,
      'ERROR-CODE' = undefined,'LIFETIME' = 0,'MAPPED-ADDRESS' = undefined,
      'MESSAGE-INTEGRITY' = <<55,163,67,235,234,20,35,135,221,133,171,176,195,
                              6,223,5,45,229,218,109>>,
      'NONCE' = <<"3036767196">>,'REALM' = <<"eturnal.net">>,
      'REQUESTED-ADDRESS-FAMILY' = undefined,
      'REQUESTED-TRANSPORT' = undefined,'SOFTWARE' = undefined,
      'UNKNOWN-ATTRIBUTES' = [],'USERNAME' = <<"2145913200">>,
      'XOR-MAPPED-ADDRESS' = undefined,'XOR-PEER-ADDRESS' = [],
      'XOR-RELAYED-ADDRESS' = undefined} (stun:udp_recv/5:111)
2022-07-30 04:45:58.458710+00:00 [debug] Looking up password for: 2145913200 [UDP, session j68566zdm2s2, user 2145913200, client 127.0.0.1:49998] (eturnal:get_password/2:215)
2022-07-30 04:45:58.458760+00:00 [info] Accepting long-term STUN/TURN authentication [UDP, session j68566zdm2s2, user 2145913200, client 127.0.0.1:49998] (stun:process/2:249)
2022-07-30 04:45:58.458829+00:00 [info] Client requested closing the TURN session [UDP, session dw92cljskoen, user 2145913200, client 127.0.0.1:49998, relay 127.0.0.1:51250] (turn:active/2:268)
2022-07-30 04:45:58.458928+00:00 [debug] Sending:
#stun{class = response,method = 4,magic = 554869826,
      trid = 69188895450458369844012224153,raw = <<>>,unsupported = [],
      'ALTERNATE-SERVER' = undefined,'CHANNEL-NUMBER' = undefined,
      'DATA' = undefined,'DONT-FRAGMENT' = false,'ERROR-CODE' = undefined,
      'LIFETIME' = 0,'MAPPED-ADDRESS' = undefined,
      'MESSAGE-INTEGRITY' = undefined,'NONCE' = undefined,'REALM' = undefined,
      'REQUESTED-ADDRESS-FAMILY' = undefined,
      'REQUESTED-TRANSPORT' = undefined,'SOFTWARE' = <<"eturnal">>,
      'UNKNOWN-ATTRIBUTES' = [],'USERNAME' = undefined,
      'XOR-MAPPED-ADDRESS' = undefined,'XOR-PEER-ADDRESS' = [],
      'XOR-RELAYED-ADDRESS' = undefined} (turn:send/2:527)
2022-07-30 04:45:58.459035+00:00 [info] Deleting TURN allocation [UDP, session dw92cljskoen, user 2145913200, client 127.0.0.1:49998, relay 127.0.0.1:51250] (turn:terminate/3:460)
2022-07-30 04:45:58.459127+00:00 [notice] Relayed 0 KiB (in 0 B / 0 packets, out 0 B / 0 packets), duration: 0 seconds [UDP, session dw92cljskoen, user 2145913200, client 127.0.0.1:49998, relay 127.0.0.1:51250] (turn:terminate/3:467)
2022-07-30 04:45:58.459181+00:00 [debug] Running 'turn_session_stop' hook [UDP, session dw92cljskoen, user 2145913200, client 127.0.0.1:49998, relay 127.0.0.1:51250] (turn:run_hook/2:717)
2022-07-30 04:45:58.459253+00:00 [debug] Got 'turn_session_stop' event [UDP, session dw92cljskoen, user 2145913200, client 127.0.0.1:49998, relay 127.0.0.1:51250] (eturnal_module:handle_event/2:176)
2022-07-30 04:45:58.459288+00:00 [debug] Calling mod_stats_influx:handle_event/2 [UDP, session dw92cljskoen, user 2145913200, client 127.0.0.1:49998, relay 127.0.0.1:51250] (eturnal_module:handle_event/2:179)
2022-07-30 04:45:58.459326+00:00 [debug] Writing stats of TURN session dw92cljskoen to InfluxDB [UDP, session dw92cljskoen, user 2145913200, client 127.0.0.1:49998, relay 127.0.0.1:51250] (mod_stats_influx:on_turn_session_stop/1:87)
2022-07-30 04:45:58.459455+00:00 [debug] Calling mod_stats_prometheus:handle_event/2 [UDP, session dw92cljskoen, user 2145913200, client 127.0.0.1:49998, relay 127.0.0.1:51250] (eturnal_module:handle_event/2:179)
2022-07-30 04:45:58.459509+00:00 [debug] Observing stopped TURN session dw92cljskoen for Prometheus [UDP, session dw92cljskoen, user 2145913200, client 127.0.0.1:49998, relay 127.0.0.1:51250] (mod_stats_prometheus:on_turn_session_stop/1:187)
2022-07-30 04:45:58.483370+00:00 [debug] Received:
#stun{class = request,method = 1,magic = 554869826,
      trid = 44209748240927456342428343588,raw = <<>>,unsupported = [],
      'ALTERNATE-SERVER' = undefined,'CHANNEL-NUMBER' = undefined,
      'DATA' = undefined,'DONT-FRAGMENT' = false,'ERROR-CODE' = undefined,
      'LIFETIME' = undefined,'MAPPED-ADDRESS' = undefined,
      'MESSAGE-INTEGRITY' = undefined,'NONCE' = undefined,'REALM' = undefined,
      'REQUESTED-ADDRESS-FAMILY' = undefined,
      'REQUESTED-TRANSPORT' = undefined,'SOFTWARE' = undefined,
      'UNKNOWN-ATTRIBUTES' = [],'USERNAME' = undefined,
      'XOR-MAPPED-ADDRESS' = undefined,'XOR-PEER-ADDRESS' = [],
      'XOR-RELAYED-ADDRESS' = undefined} (stun:udp_recv/5:111)
2022-07-30 04:45:58.483478+00:00 [debug] Responding to STUN request [UDP, session ws2tic1ru9hf, anonymous, client 127.0.0.1:48522] (stun:process/4:312)
2022-07-30 04:45:58.483523+00:00 [debug] Running 'stun_query' hook [UDP, session ws2tic1ru9hf, anonymous, client 127.0.0.1:48522] (stun:run_hook/3:820)
2022-07-30 04:45:58.483562+00:00 [debug] Got 'stun_query' event [UDP, session ws2tic1ru9hf, anonymous, client 127.0.0.1:48522] (eturnal_module:handle_event/2:176)
2022-07-30 04:45:58.483602+00:00 [debug] Calling mod_log_stun:handle_event/2 [UDP, session ws2tic1ru9hf, anonymous, client 127.0.0.1:48522] (eturnal_module:handle_event/2:179)
2022-07-30 04:45:58.483643+00:00 [info] Responding to STUN request [UDP, session ws2tic1ru9hf, anonymous, client 127.0.0.1:48522] (mod_log_stun:handle_event/2:44)
2022-07-30 04:45:58.483680+00:00 [debug] Calling mod_stats_influx:handle_event/2 [UDP, session ws2tic1ru9hf, anonymous, client 127.0.0.1:48522] (eturnal_module:handle_event/2:179)
2022-07-30 04:45:58.484023+00:00 [debug] Writing STUN query event to InfluxDB [UDP, session ws2tic1ru9hf, anonymous, client 127.0.0.1:48522] (mod_stats_influx:on_stun_query/1:76)
2022-07-30 04:45:58.484177+00:00 [debug] Calling mod_stats_prometheus:handle_event/2 [UDP, session ws2tic1ru9hf, anonymous, client 127.0.0.1:48522] (eturnal_module:handle_event/2:179)
2022-07-30 04:45:58.484231+00:00 [debug] Observing STUN query for Prometheus [UDP, session ws2tic1ru9hf, anonymous, client 127.0.0.1:48522] (mod_stats_prometheus:on_stun_query/1:166)
2022-07-30 04:45:58.484319+00:00 [debug] Sending:
#stun{class = response,method = 1,magic = 554869826,
      trid = 44209748240927456342428343588,raw = <<>>,unsupported = [],
      'ALTERNATE-SERVER' = undefined,'CHANNEL-NUMBER' = undefined,
      'DATA' = undefined,'DONT-FRAGMENT' = false,'ERROR-CODE' = undefined,
      'LIFETIME' = undefined,'MAPPED-ADDRESS' = undefined,
      'MESSAGE-INTEGRITY' = undefined,'NONCE' = undefined,'REALM' = undefined,
      'REQUESTED-ADDRESS-FAMILY' = undefined,
      'REQUESTED-TRANSPORT' = undefined,'SOFTWARE' = <<"eturnal">>,
      'UNKNOWN-ATTRIBUTES' = [],'USERNAME' = undefined,
      'XOR-MAPPED-ADDRESS' = {{127,0,0,1},48522},
      'XOR-PEER-ADDRESS' = [],'XOR-RELAYED-ADDRESS' = undefined} (stun:send/3:445)
2022-07-30 04:45:58.508095+00:00 [info] Accepting connection: 127.0.0.1:46476 -> 127.0.0.1:34780 [TCP, session okmdxudzkb6b] (stun_acceptor:accept/3:158)
2022-07-30 04:45:58.508343+00:00 [debug] Received:
#stun{class = request,method = 1,magic = 554869826,
      trid = 23580714350932400959090629988,raw = <<>>,unsupported = [],
      'ALTERNATE-SERVER' = undefined,'CHANNEL-NUMBER' = undefined,
      'DATA' = undefined,'DONT-FRAGMENT' = false,'ERROR-CODE' = undefined,
      'LIFETIME' = undefined,'MAPPED-ADDRESS' = undefined,
      'MESSAGE-INTEGRITY' = undefined,'NONCE' = undefined,'REALM' = undefined,
      'REQUESTED-ADDRESS-FAMILY' = undefined,
      'REQUESTED-TRANSPORT' = undefined,'SOFTWARE' = undefined,
      'UNKNOWN-ATTRIBUTES' = [],'USERNAME' = undefined,
      'XOR-MAPPED-ADDRESS' = undefined,'XOR-PEER-ADDRESS' = [],
      'XOR-RELAYED-ADDRESS' = undefined} (stun:process_data/3:404)
2022-07-30 04:45:58.508433+00:00 [debug] Responding to STUN request [TCP, session okmdxudzkb6b, anonymous, client 127.0.0.1:46476] (stun:process/4:312)
2022-07-30 04:45:58.508482+00:00 [debug] Running 'stun_query' hook [TCP, session okmdxudzkb6b, anonymous, client 127.0.0.1:46476] (stun:run_hook/3:820)
2022-07-30 04:45:58.508551+00:00 [debug] Got 'stun_query' event [TCP, session okmdxudzkb6b, anonymous, client 127.0.0.1:46476] (eturnal_module:handle_event/2:176)
2022-07-30 04:45:58.508583+00:00 [debug] Calling mod_log_stun:handle_event/2 [TCP, session okmdxudzkb6b, anonymous, client 127.0.0.1:46476] (eturnal_module:handle_event/2:179)
2022-07-30 04:45:58.508646+00:00 [info] Responding to STUN request [TCP, session okmdxudzkb6b, anonymous, client 127.0.0.1:46476] (mod_log_stun:handle_event/2:44)
2022-07-30 04:45:58.508686+00:00 [debug] Calling mod_stats_influx:handle_event/2 [TCP, session okmdxudzkb6b, anonymous, client 127.0.0.1:46476] (eturnal_module:handle_event/2:179)
2022-07-30 04:45:58.508722+00:00 [debug] Writing STUN query event to InfluxDB [TCP, session okmdxudzkb6b, anonymous, client 127.0.0.1:46476] (mod_stats_influx:on_stun_query/1:76)
2022-07-30 04:45:58.508861+00:00 [debug] Calling mod_stats_prometheus:handle_event/2 [TCP, session okmdxudzkb6b, anonymous, client 127.0.0.1:46476] (eturnal_module:handle_event/2:179)
2022-07-30 04:45:58.508909+00:00 [debug] Observing STUN query for Prometheus [TCP, session okmdxudzkb6b, anonymous, client 127.0.0.1:46476] (mod_stats_prometheus:on_stun_query/1:166)
2022-07-30 04:45:58.509004+00:00 [debug] Sending:
#stun{class = response,method = 1,magic = 554869826,
      trid = 23580714350932400959090629988,raw = <<>>,unsupported = [],
      'ALTERNATE-SERVER' = undefined,'CHANNEL-NUMBER' = undefined,
      'DATA' = undefined,'DONT-FRAGMENT' = false,'ERROR-CODE' = undefined,
      'LIFETIME' = undefined,'MAPPED-ADDRESS' = undefined,
      'MESSAGE-INTEGRITY' = undefined,'NONCE' = undefined,'REALM' = undefined,
      'REQUESTED-ADDRESS-FAMILY' = undefined,
      'REQUESTED-TRANSPORT' = undefined,'SOFTWARE' = <<"P1 STUN library">>,
      'UNKNOWN-ATTRIBUTES' = [],'USERNAME' = undefined,
      'XOR-MAPPED-ADDRESS' = {{127,0,0,1},46476},
      'XOR-PEER-ADDRESS' = [],'XOR-RELAYED-ADDRESS' = undefined} (stun:send/3:445)
2022-07-30 04:45:58.509205+00:00 [info] Connection reset by peer [TCP, session okmdxudzkb6b, anonymous, client 127.0.0.1:46476] (stun:handle_info/3:170)
2022-07-30 04:45:58.537337+00:00 [info] Accepting connection: 127.0.0.1:48390 -> 127.0.0.1:53490 [TLS, session 2b51nha9c73m] (stun_acceptor:accept/3:158)
2022-07-30 04:45:58.646751+00:00 [debug] Received:
#stun{class = request,method = 1,magic = 554869826,
      trid = 44275989800414147979268034144,raw = <<>>,unsupported = [],
      'ALTERNATE-SERVER' = undefined,'CHANNEL-NUMBER' = undefined,
      'DATA' = undefined,'DONT-FRAGMENT' = false,'ERROR-CODE' = undefined,
      'LIFETIME' = undefined,'MAPPED-ADDRESS' = undefined,
      'MESSAGE-INTEGRITY' = undefined,'NONCE' = undefined,'REALM' = undefined,
      'REQUESTED-ADDRESS-FAMILY' = undefined,
      'REQUESTED-TRANSPORT' = undefined,'SOFTWARE' = undefined,
      'UNKNOWN-ATTRIBUTES' = [],'USERNAME' = undefined,
      'XOR-MAPPED-ADDRESS' = undefined,'XOR-PEER-ADDRESS' = [],
      'XOR-RELAYED-ADDRESS' = undefined} (stun:process_data/3:404)
2022-07-30 04:45:58.646887+00:00 [debug] Responding to STUN request [TLS, session 2b51nha9c73m, anonymous, client 127.0.0.1:48390] (stun:process/4:312)
2022-07-30 04:45:58.646946+00:00 [debug] Running 'stun_query' hook [TLS, session 2b51nha9c73m, anonymous, client 127.0.0.1:48390] (stun:run_hook/3:820)
2022-07-30 04:45:58.646999+00:00 [debug] Got 'stun_query' event [TLS, session 2b51nha9c73m, anonymous, client 127.0.0.1:48390] (eturnal_module:handle_event/2:176)
2022-07-30 04:45:58.647055+00:00 [debug] Calling mod_log_stun:handle_event/2 [TLS, session 2b51nha9c73m, anonymous, client 127.0.0.1:48390] (eturnal_module:handle_event/2:179)
2022-07-30 04:45:58.647113+00:00 [info] Responding to STUN request [TLS, session 2b51nha9c73m, anonymous, client 127.0.0.1:48390] (mod_log_stun:handle_event/2:44)
2022-07-30 04:45:58.647150+00:00 [debug] Calling mod_stats_influx:handle_event/2 [TLS, session 2b51nha9c73m, anonymous, client 127.0.0.1:48390] (eturnal_module:handle_event/2:179)
2022-07-30 04:45:58.647185+00:00 [debug] Writing STUN query event to InfluxDB [TLS, session 2b51nha9c73m, anonymous, client 127.0.0.1:48390] (mod_stats_influx:on_stun_query/1:76)
2022-07-30 04:45:58.647326+00:00 [debug] Calling mod_stats_prometheus:handle_event/2 [TLS, session 2b51nha9c73m, anonymous, client 127.0.0.1:48390] (eturnal_module:handle_event/2:179)
2022-07-30 04:45:58.647374+00:00 [debug] Observing STUN query for Prometheus [TLS, session 2b51nha9c73m, anonymous, client 127.0.0.1:48390] (mod_stats_prometheus:on_stun_query/1:166)
2022-07-30 04:45:58.647463+00:00 [debug] Sending:
#stun{class = response,method = 1,magic = 554869826,
      trid = 44275989800414147979268034144,raw = <<>>,unsupported = [],
      'ALTERNATE-SERVER' = undefined,'CHANNEL-NUMBER' = undefined,
      'DATA' = undefined,'DONT-FRAGMENT' = false,'ERROR-CODE' = undefined,
      'LIFETIME' = undefined,'MAPPED-ADDRESS' = undefined,
      'MESSAGE-INTEGRITY' = undefined,'NONCE' = undefined,'REALM' = undefined,
      'REQUESTED-ADDRESS-FAMILY' = undefined,
      'REQUESTED-TRANSPORT' = undefined,'SOFTWARE' = <<"P1 STUN library">>,
      'UNKNOWN-ATTRIBUTES' = [],'USERNAME' = undefined,
      'XOR-MAPPED-ADDRESS' = {{127,0,0,1},48390},
      'XOR-PEER-ADDRESS' = [],'XOR-RELAYED-ADDRESS' = undefined} (stun:send/3:445)
2022-07-30 04:45:58.647739+00:00 [info] Connection reset by peer [TLS, session 2b51nha9c73m, anonymous, client 127.0.0.1:48390] (stun:handle_info/3:170)
2022-07-30 04:45:58.671666+00:00 [info] Accepting connection: 127.0.0.1:37006 -> 127.0.0.1:34781 [TCP|TLS, session 5lu1623ecq9f] (stun_acceptor:accept/3:158)
2022-07-30 04:45:58.671811+00:00 [debug] Determined transport protocol: TCP (stun:is_tls_handshake/1:768)
2022-07-30 04:45:58.672071+00:00 [debug] Received:
#stun{class = request,method = 1,magic = 554869826,
      trid = 17128179414279664959236500517,raw = <<>>,unsupported = [],
      'ALTERNATE-SERVER' = undefined,'CHANNEL-NUMBER' = undefined,
      'DATA' = undefined,'DONT-FRAGMENT' = false,'ERROR-CODE' = undefined,
      'LIFETIME' = undefined,'MAPPED-ADDRESS' = undefined,
      'MESSAGE-INTEGRITY' = undefined,'NONCE' = undefined,'REALM' = undefined,
      'REQUESTED-ADDRESS-FAMILY' = undefined,
      'REQUESTED-TRANSPORT' = undefined,'SOFTWARE' = undefined,
      'UNKNOWN-ATTRIBUTES' = [],'USERNAME' = undefined,
      'XOR-MAPPED-ADDRESS' = undefined,'XOR-PEER-ADDRESS' = [],
      'XOR-RELAYED-ADDRESS' = undefined} (stun:process_data/3:404)
2022-07-30 04:45:58.672170+00:00 [debug] Responding to STUN request [TCP, session 5lu1623ecq9f, anonymous, client 127.0.0.1:37006] (stun:process/4:312)
2022-07-30 04:45:58.672211+00:00 [debug] Running 'stun_query' hook [TCP, session 5lu1623ecq9f, anonymous, client 127.0.0.1:37006] (stun:run_hook/3:820)
2022-07-30 04:45:58.672247+00:00 [debug] Got 'stun_query' event [TCP, session 5lu1623ecq9f, anonymous, client 127.0.0.1:37006] (eturnal_module:handle_event/2:176)
2022-07-30 04:45:58.672275+00:00 [debug] Calling mod_log_stun:handle_event/2 [TCP, session 5lu1623ecq9f, anonymous, client 127.0.0.1:37006] (eturnal_module:handle_event/2:179)
2022-07-30 04:45:58.672310+00:00 [info] Responding to STUN request [TCP, session 5lu1623ecq9f, anonymous, client 127.0.0.1:37006] (mod_log_stun:handle_event/2:44)
2022-07-30 04:45:58.672343+00:00 [debug] Calling mod_stats_influx:handle_event/2 [TCP, session 5lu1623ecq9f, anonymous, client 127.0.0.1:37006] (eturnal_module:handle_event/2:179)
2022-07-30 04:45:58.672372+00:00 [debug] Writing STUN query event to InfluxDB [TCP, session 5lu1623ecq9f, anonymous, client 127.0.0.1:37006] (mod_stats_influx:on_stun_query/1:76)
2022-07-30 04:45:58.672485+00:00 [debug] Calling mod_stats_prometheus:handle_event/2 [TCP, session 5lu1623ecq9f, anonymous, client 127.0.0.1:37006] (eturnal_module:handle_event/2:179)
2022-07-30 04:45:58.672520+00:00 [debug] Observing STUN query for Prometheus [TCP, session 5lu1623ecq9f, anonymous, client 127.0.0.1:37006] (mod_stats_prometheus:on_stun_query/1:166)
2022-07-30 04:45:58.672588+00:00 [debug] Sending:
#stun{class = response,method = 1,magic = 554869826,
      trid = 17128179414279664959236500517,raw = <<>>,unsupported = [],
      'ALTERNATE-SERVER' = undefined,'CHANNEL-NUMBER' = undefined,
      'DATA' = undefined,'DONT-FRAGMENT' = false,'ERROR-CODE' = undefined,
      'LIFETIME' = undefined,'MAPPED-ADDRESS' = undefined,
      'MESSAGE-INTEGRITY' = undefined,'NONCE' = undefined,'REALM' = undefined,
      'REQUESTED-ADDRESS-FAMILY' = undefined,
      'REQUESTED-TRANSPORT' = undefined,'SOFTWARE' = <<"P1 STUN library">>,
      'UNKNOWN-ATTRIBUTES' = [],'USERNAME' = undefined,
      'XOR-MAPPED-ADDRESS' = {{127,0,0,1},37006},
      'XOR-PEER-ADDRESS' = [],'XOR-RELAYED-ADDRESS' = undefined} (stun:send/3:445)
2022-07-30 04:45:58.672765+00:00 [info] Connection reset by peer [TCP, session 5lu1623ecq9f, anonymous, client 127.0.0.1:37006] (stun:handle_info/3:170)
2022-07-30 04:45:58.696488+00:00 [info] Accepting connection: 127.0.0.1:37008 -> 127.0.0.1:34781 [TCP|TLS, session u80z2mvrb9ug] (stun_acceptor:accept/3:158)
2022-07-30 04:45:58.696656+00:00 [debug] Determined transport protocol: TLS (stun:is_tls_handshake/1:765)
2022-07-30 04:45:58.805123+00:00 [debug] Received:
#stun{class = request,method = 1,magic = 554869826,
      trid = 68742437238624904507973889580,raw = <<>>,unsupported = [],
      'ALTERNATE-SERVER' = undefined,'CHANNEL-NUMBER' = undefined,
      'DATA' = undefined,'DONT-FRAGMENT' = false,'ERROR-CODE' = undefined,
      'LIFETIME' = undefined,'MAPPED-ADDRESS' = undefined,
      'MESSAGE-INTEGRITY' = undefined,'NONCE' = undefined,'REALM' = undefined,
      'REQUESTED-ADDRESS-FAMILY' = undefined,
      'REQUESTED-TRANSPORT' = undefined,'SOFTWARE' = undefined,
      'UNKNOWN-ATTRIBUTES' = [],'USERNAME' = undefined,
      'XOR-MAPPED-ADDRESS' = undefined,'XOR-PEER-ADDRESS' = [],
      'XOR-RELAYED-ADDRESS' = undefined} (stun:process_data/3:404)
2022-07-30 04:45:58.805485+00:00 [debug] Responding to STUN request [TLS, session u80z2mvrb9ug, anonymous, client 127.0.0.1:37008] (stun:process/4:312)
2022-07-30 04:45:58.805615+00:00 [debug] Running 'stun_query' hook [TLS, session u80z2mvrb9ug, anonymous, client 127.0.0.1:37008] (stun:run_hook/3:820)
2022-07-30 04:45:58.805788+00:00 [debug] Got 'stun_query' event [TLS, session u80z2mvrb9ug, anonymous, client 127.0.0.1:37008] (eturnal_module:handle_event/2:176)
2022-07-30 04:45:58.805834+00:00 [debug] Calling mod_log_stun:handle_event/2 [TLS, session u80z2mvrb9ug, anonymous, client 127.0.0.1:37008] (eturnal_module:handle_event/2:179)
2022-07-30 04:45:58.805897+00:00 [info] Responding to STUN request [TLS, session u80z2mvrb9ug, anonymous, client 127.0.0.1:37008] (mod_log_stun:handle_event/2:44)
2022-07-30 04:45:58.805925+00:00 [debug] Calling mod_stats_influx:handle_event/2 [TLS, session u80z2mvrb9ug, anonymous, client 127.0.0.1:37008] (eturnal_module:handle_event/2:179)
2022-07-30 04:45:58.805957+00:00 [debug] Writing STUN query event to InfluxDB [TLS, session u80z2mvrb9ug, anonymous, client 127.0.0.1:37008] (mod_stats_influx:on_stun_query/1:76)
2022-07-30 04:45:58.806145+00:00 [debug] Calling mod_stats_prometheus:handle_event/2 [TLS, session u80z2mvrb9ug, anonymous, client 127.0.0.1:37008] (eturnal_module:handle_event/2:179)
2022-07-30 04:45:58.806200+00:00 [debug] Observing STUN query for Prometheus [TLS, session u80z2mvrb9ug, anonymous, client 127.0.0.1:37008] (mod_stats_prometheus:on_stun_query/1:166)
2022-07-30 04:45:58.806285+00:00 [debug] Sending:
#stun{class = response,method = 1,magic = 554869826,
      trid = 68742437238624904507973889580,raw = <<>>,unsupported = [],
      'ALTERNATE-SERVER' = undefined,'CHANNEL-NUMBER' = undefined,
      'DATA' = undefined,'DONT-FRAGMENT' = false,'ERROR-CODE' = undefined,
      'LIFETIME' = undefined,'MAPPED-ADDRESS' = undefined,
      'MESSAGE-INTEGRITY' = undefined,'NONCE' = undefined,'REALM' = undefined,
      'REQUESTED-ADDRESS-FAMILY' = undefined,
      'REQUESTED-TRANSPORT' = undefined,'SOFTWARE' = <<"P1 STUN library">>,
      'UNKNOWN-ATTRIBUTES' = [],'USERNAME' = undefined,
      'XOR-MAPPED-ADDRESS' = {{127,0,0,1},37008},
      'XOR-PEER-ADDRESS' = [],'XOR-RELAYED-ADDRESS' = undefined} (stun:send/3:445)
2022-07-30 04:45:58.806545+00:00 [info] Connection reset by peer [TLS, session u80z2mvrb9ug, anonymous, client 127.0.0.1:37008] (stun:handle_info/3:170)
2022-07-30 04:45:58.833591+00:00 [debug] No NOTIFY_SOCKET, dropping STOPPING=1 notification (eturnal_systemd:handle_cast/2:108)
2022-07-30 04:45:58.833609+00:00 [debug] Terminating eturnal (shutdown) (eturnal:terminate/2:180)
2022-07-30 04:45:58.833736+00:00 [debug] Watchdog interval is undefined, hibernating (eturnal_systemd:get_timeout/1:161)
2022-07-30 04:45:58.833843+00:00 [info] Stopped listening on 127.0.0.1:34780 (udp) (eturnal:stop_listeners/1:369)
2022-07-30 04:45:58.834314+00:00 [info] Stopped listening on 127.0.0.1:34780 (tcp) (eturnal:stop_listeners/1:369)
2022-07-30 04:45:58.834472+00:00 [info] Stopped listening on 127.0.0.1:53490 (tls) (eturnal:stop_listeners/1:369)
2022-07-30 04:45:58.834620+00:00 [info] Stopped listening on 127.0.0.1:34781 (auto) (eturnal:stop_listeners/1:369)
2022-07-30 04:45:58.834746+00:00 [debug] Calling mod_log_stun:stop/1 (eturnal_module:stop/1:162)
2022-07-30 04:45:58.834838+00:00 [debug] Stopping mod_log_stun (mod_log_stun:stop/0:49)
2022-07-30 04:45:58.834906+00:00 [info] Stopped mod_log_stun (eturnal:stop_modules/1:326)
2022-07-30 04:45:58.836865+00:00 [debug] Calling mod_stats_influx:stop/1 (eturnal_module:stop/1:162)
2022-07-30 04:45:58.837251+00:00 [debug] Stopping mod_stats_influx (mod_stats_influx:stop/0:61)
2022-07-30 04:45:58.837664+00:00 [info] Stopped mod_stats_influx (eturnal:stop_modules/1:326)
2022-07-30 04:45:58.838583+00:00 [debug] Calling mod_stats_prometheus:stop/1 (eturnal_module:stop/1:162)
2022-07-30 04:45:58.838698+00:00 [debug] Stopping mod_stats_prometheus (mod_stats_prometheus:stop/0:110)
2022-07-30 04:45:58.839377+00:00 [info] Stopped mod_stats_prometheus (eturnal:stop_modules/1:326)
2022-07-30 04:45:58.840206+00:00 [debug] Removed run/cert.pem (eturnal:clean_run_dir/0:745)
2022-07-30 04:45:58.840323+00:00 [debug] Terminating eturnal_systemd (shutdown) (eturnal_systemd:terminate/2:135)
2022-07-30 04:45:58.840454+00:00 [notice] Stopping eturnal 1.10.0 on Erlang/OTP 25 (ERTS 13.0) (eturnal_app:stop/1:53)
