2023-08-07 15:55:01.815160+00:00 [notice] Starting eturnal 1.11.1 on Erlang/OTP 26 (ERTS 14.0) (eturnal_app:start/2:34)
2023-08-07 15:55:01.815383+00:00 [debug] Starting supervisor: eturnal_sup (eturnal_sup:start_link/0:31)
2023-08-07 15:55:01.815537+00:00 [debug] Configuring eturnal_sup supervisor: [#{id => systemd,
                                       start =>
                                           {eturnal_systemd,start_link,[]}},
                                     #{id => eturnal,
                                       start => {eturnal,start_link,[]}}] (eturnal_sup:init/0:39)
2023-08-07 15:55:01.817491+00:00 [info] Got no NOTIFY_SOCKET, notifications disabled (eturnal_systemd:init/1:96)
2023-08-07 15:55:01.817613+00:00 [debug] PROGRESS REPORT:
    supervisor: {local,eturnal_sup}
    started: [{pid,<0.1019.0>},
              {id,systemd},
              {mfargs,{eturnal_systemd,start_link,[]}},
              {restart_type,permanent},
              {significant,false},
              {shutdown,5000},
              {child_type,worker}]
 (supervisor:report_progress/2:1563)
2023-08-07 15:55:01.817729+00:00 [info] Relay IPv4 address: 127.0.0.1 (port range: 49152-65535) (eturnal:log_relay_addresses/0:347)
2023-08-07 15:55:01.817835+00:00 [info] Relay IPv6 address not configured (eturnal:log_relay_addresses/0:357)
2023-08-07 15:55:01.832838+00:00 [info] Cannot determine control query port: noport (eturnal:log_control_listener/0:372)
2023-08-07 15:55:01.833166+00:00 [debug] Using run directory run (eturnal:ensure_run_dir/0:820)
2023-08-07 15:55:01.833246+00:00 [debug] TURN configuration seems fine (eturnal:check_turn_config/0:568)
2023-08-07 15:55:01.833325+00:00 [warning] TLS enabled without 'tls_crt_file', creating self-signed certificate (eturnal:check_pem_file/0:766)
2023-08-07 15:55:02.331152+00:00 [debug] Calling mod_stats_influx:start/0 (eturnal_module:start/1:143)
2023-08-07 15:55:02.331471+00:00 [debug] Starting mod_stats_influx (mod_stats_influx:start/0:37)
2023-08-07 15:55:02.334010+00:00 [debug] PROGRESS REPORT:
    application: ulitos
    started_at: nonode@nohost
 (application_controller:info_started/2:2117)
2023-08-07 15:55:02.335151+00:00 [debug] PROGRESS REPORT:
    application: poolboy
    started_at: nonode@nohost
 (application_controller:info_started/2:2117)
2023-08-07 15:55:02.336393+00:00 [info]     msg: Starting application: influx_udp (influx_udp_app:start/2:10)
2023-08-07 15:55:02.343505+00:00 [debug] PROGRESS REPORT:
    supervisor: {local,influx_udp_sup}
    started: [{pid,<0.1038.0>},
              {id,influx_udp},
              {mfargs,{influx_udp,start_link,[]}},
              {restart_type,permanent},
              {significant,false},
              {shutdown,5000},
              {child_type,worker}]
 (supervisor:report_progress/2:1563)
2023-08-07 15:55:02.343683+00:00 [debug] PROGRESS REPORT:
    application: influx_udp
    started_at: nonode@nohost
 (application_controller:info_started/2:2117)
2023-08-07 15:55:02.343750+00:00 [debug] Dependency influx_udp was available already (eturnal_module:ensure_dep/2:284)
2023-08-07 15:55:02.350357+00:00 [info]     options: #{port => 8089,host => "localhost",pool_size => 1,
               max_overflow => 1}
    msg: Start clients pool
    host: {127,0,0,1} (influx_udp:start_pool_/2:239)
2023-08-07 15:55:02.361121+00:00 [info]     port: 40320
    msg: Open UDP socket on port (influx_udp_worker:init/1:43)
2023-08-07 15:55:02.361685+00:00 [debug] PROGRESS REPORT:
    supervisor: {local,influx_udp_sup}
    started: [{pid,<0.1041.0>},
              {id,stats_influx_pool},
              {mfargs,
                  {poolboy,start_link,
                      [[{name,{local,stats_influx_pool}},
                        {worker_module,influx_udp_worker},
                        {size,1},
                        {max_overflow,1}],
                       [{options,
                            #{port => 8089,
                              host => {127,0,0,1},
                              pool_size => 1,max_overflow => 1}}]]}},
              {restart_type,permanent},
              {significant,false},
              {shutdown,5000},
              {child_type,worker}]
 (supervisor:report_progress/2:1563)
2023-08-07 15:55:02.361940+00:00 [info] Started mod_stats_influx (eturnal:start_modules/0:383)
2023-08-07 15:55:02.362037+00:00 [debug] Calling mod_stats_prometheus:start/0 (eturnal_module:start/1:143)
2023-08-07 15:55:02.362301+00:00 [debug] Starting mod_stats_prometheus (mod_stats_prometheus:start/0:56)
2023-08-07 15:55:03.817739+00:00 [debug] PROGRESS REPORT:
    application: prometheus
    started_at: nonode@nohost
 (application_controller:info_started/2:2117)
2023-08-07 15:55:03.818894+00:00 [debug] PROGRESS REPORT:
    application: accept
    started_at: nonode@nohost
 (application_controller:info_started/2:2117)
2023-08-07 15:55:03.819154+00:00 [debug] PROGRESS REPORT:
    application: prometheus_httpd
    started_at: nonode@nohost
 (application_controller:info_started/2:2117)
2023-08-07 15:55:03.819221+00:00 [debug] Dependency prometheus_httpd was available already (eturnal_module:ensure_dep/2:284)
2023-08-07 15:55:03.820161+00:00 [debug] PROGRESS REPORT:
    supervisor: {local,httpd_instance_sup__127_0_0_1__9081default}
    started: [{pid,<0.1063.0>},
              {id,{httpd_connection_sup,{127,0,0,1},9081,default}},
              {mfargs,{httpd_connection_sup,start_link,[[{127,0,0,1},9081]]}},
              {restart_type,permanent},
              {significant,false},
              {shutdown,5000},
              {child_type,supervisor}]
 (supervisor:report_progress/2:1563)
2023-08-07 15:55:03.820505+00:00 [debug] PROGRESS REPORT:
    supervisor: {local,httpd_acceptor_sup__127_0_0_1__9081default}
    started: [{pid,<0.1065.0>},
              {id,{httpd_acceptor_sup,{127,0,0,1},9081,default}},
              {mfargs,{httpd_acceptor,start_link,
                                      [httpd__127_0_0_1__9081default,ip_comm,
                                       {127,0,0,1},
                                       9081,inet,
                                       httpd_conf__127_0_0_1__9081default,
                                       15000]}},
              {restart_type,transient},
              {significant,false},
              {shutdown,brutal_kill},
              {child_type,worker}]
 (supervisor:report_progress/2:1563)
2023-08-07 15:55:03.820670+00:00 [debug] PROGRESS REPORT:
    supervisor: {local,httpd_instance_sup__127_0_0_1__9081default}
    started: [{pid,<0.1064.0>},
              {id,{httpd_acceptor_sup,{127,0,0,1},9081,default}},
              {mfargs,
                  {httpd_acceptor_sup,start_link,
                      [[{127,0,0,1},
                        9081,
                        [{bind_address,{127,0,0,1}},
                         {socket_type,ip_comm},
                         {port,9081},
                         {server_root,"run/mod_stats_prometheus/doc"},
                         {document_root,"run/mod_stats_prometheus/doc"},
                         {server_name,"Prometheus Exporter"},
                         {modules,[prometheus_httpd]}],
                        15000,undefined]]}},
              {restart_type,permanent},
              {significant,false},
              {shutdown,infinity},
              {child_type,supervisor}]
 (supervisor:report_progress/2:1563)
2023-08-07 15:55:03.820847+00:00 [debug] PROGRESS REPORT:
    supervisor: {local,httpd_instance_sup__127_0_0_1__9081default}
    started: [{pid,<0.1066.0>},
              {id,{httpd_misc_sup,{127,0,0,1},9081,default}},
              {mfargs,{httpd_misc_sup,start_link,[{127,0,0,1},9081,default]}},
              {restart_type,permanent},
              {significant,false},
              {shutdown,infinity},
              {child_type,supervisor}]
 (supervisor:report_progress/2:1563)
2023-08-07 15:55:03.821383+00:00 [debug] PROGRESS REPORT:
    supervisor: {local,httpd_instance_sup__127_0_0_1__9081default}
    started: [{pid,<0.1067.0>},
              {id,{httpd_manager,{127,0,0,1},9081,default}},
              {mfargs,
                  {httpd_manager,start_link,
                      [undefined,
                       [{bind_address,{127,0,0,1}},
                        {socket_type,ip_comm},
                        {port,9081},
                        {server_root,"run/mod_stats_prometheus/doc"},
                        {document_root,"run/mod_stats_prometheus/doc"},
                        {server_name,"Prometheus Exporter"},
                        {modules,[prometheus_httpd]}],
                       15000]}},
              {restart_type,permanent},
              {significant,false},
              {shutdown,4000},
              {child_type,worker}]
 (supervisor:report_progress/2:1563)
2023-08-07 15:55:03.821553+00:00 [debug] PROGRESS REPORT:
    supervisor: {local,httpd_sup}
    started: [{pid,<0.1062.0>},
              {id,{httpd_instance_sup,{127,0,0,1},9081,default}},
              {mfargs,
                  {httpd_instance_sup,start_link,
                      [[{bind_address,{127,0,0,1}},
                        {socket_type,ip_comm},
                        {port,9081},
                        {server_root,"run/mod_stats_prometheus/doc"},
                        {document_root,"run/mod_stats_prometheus/doc"},
                        {server_name,"Prometheus Exporter"},
                        {modules,[prometheus_httpd]}],
                       15000,[]]}},
              {restart_type,permanent},
              {significant,false},
              {shutdown,infinity},
              {child_type,supervisor}]
 (supervisor:report_progress/2:1563)
2023-08-07 15:55:03.822868+00:00 [info] Started mod_stats_prometheus (eturnal:start_modules/0:383)
2023-08-07 15:55:03.823105+00:00 [debug] Calling mod_log_stun:start/0 (eturnal_module:start/1:143)
2023-08-07 15:55:03.823224+00:00 [debug] Starting mod_log_stun (mod_log_stun:start/0:38)
2023-08-07 15:55:03.823336+00:00 [info] Started mod_log_stun (eturnal:start_modules/0:383)
2023-08-07 15:55:03.823441+00:00 [debug] Starting listener 127.0.0.1:34780 (udp) with options:
[{use_turn,true},
 {auth_type,user},
 {turn_ipv4_address,{127,0,0,1}},
 {turn_min_port,49152},
 {turn_max_port,65535},
 {turn_max_allocations,10},
 {turn_max_permissions,10},
 {shaper,100000},
 {turn_blacklist,[{{10,0,0,0},8},
                  {{100,64,0,0},10},
                  {{127,0,0,0},8},
                  {{169,254,0,0},16},
                  {{172,16,0,0},12},
                  {{192,0,0,0},24},
                  {{192,0,2,0},24},
                  {{192,88,99,0},24},
                  {{192,168,0,0},16},
                  {{198,18,0,0},15},
                  {{198,51,100,0},24},
                  {{203,0,113,0},24},
                  {{224,0,0,0},4},
                  {{240,0,0,0},4},
                  {{0,0,0,0,0,0,0,1},128},
                  {{0,0,0,0,0,65535,0,0},96},
                  {{100,65435,0,0,0,0,0,0},96},
                  {{256,0,0,0,0,0,0,0},64},
                  {{8193,3512,0,0,0,0,0,0},32},
                  {{64512,0,0,0,0,0,0,0},7},
                  {{65152,0,0,0,0,0,0,0},10},
                  {{65280,0,0,0,0,0,0,0},8}]},
 {turn_whitelist,[{{127,0,0,1},32},
                  {{203,0,113,113},32},
                  {{8193,3512,0,0,0,0,0,0},64}]},
 {auth_realm,<<"eturnal.net">>},
 {server_name,<<"eturnal">>},
 {auth_fun,fun eturnal:get_password/2},
 {hook_fun,fun eturnal:run_hook/2}] (eturnal:start_listeners/0:416)
2023-08-07 15:55:03.824179+00:00 [info] Listening on 127.0.0.1:34780 (udp) (STUN/TURN) (eturnal:start_listeners/0:423)
2023-08-07 15:55:03.824278+00:00 [debug] Starting listener 127.0.0.1:34780 (tcp) with options:
[{use_turn,false},
 {auth_type,anonymous},
 {turn_ipv4_address,{127,0,0,1}},
 {turn_min_port,49152},
 {turn_max_port,65535},
 {turn_max_allocations,10},
 {turn_max_permissions,10},
 {shaper,100000},
 {turn_blacklist,[{{10,0,0,0},8},
                  {{100,64,0,0},10},
                  {{127,0,0,0},8},
                  {{169,254,0,0},16},
                  {{172,16,0,0},12},
                  {{192,0,0,0},24},
                  {{192,0,2,0},24},
                  {{192,88,99,0},24},
                  {{192,168,0,0},16},
                  {{198,18,0,0},15},
                  {{198,51,100,0},24},
                  {{203,0,113,0},24},
                  {{224,0,0,0},4},
                  {{240,0,0,0},4},
                  {{0,0,0,0,0,0,0,1},128},
                  {{0,0,0,0,0,65535,0,0},96},
                  {{100,65435,0,0,0,0,0,0},96},
                  {{256,0,0,0,0,0,0,0},64},
                  {{8193,3512,0,0,0,0,0,0},32},
                  {{64512,0,0,0,0,0,0,0},7},
                  {{65152,0,0,0,0,0,0,0},10},
                  {{65280,0,0,0,0,0,0,0},8}]},
 {turn_whitelist,[{{127,0,0,1},32},
                  {{203,0,113,113},32},
                  {{8193,3512,0,0,0,0,0,0},64}]},
 {auth_realm,<<"eturnal.net">>},
 {server_name,<<"eturnal">>},
 {auth_fun,fun eturnal:get_password/2},
 {hook_fun,fun eturnal:run_hook/2}] (eturnal:start_listeners/0:416)
2023-08-07 15:55:03.824758+00:00 [info] Listening on 127.0.0.1:34780 (tcp) (STUN only) (eturnal:start_listeners/0:423)
2023-08-07 15:55:03.824862+00:00 [debug] Starting listener 127.0.0.1:53490 (tls) with options:
[{use_turn,false},
 {auth_type,anonymous},
 {tls,true},
 {certfile,<<"run/cert.pem">>},
 {ciphers,<<"HIGH:!aNULL:@STRENGTH">>},
 {protocol_options,<<"no_tlsv1|no_tlsv1_1|cipher_server_preference">>},
 {turn_ipv4_address,{127,0,0,1}},
 {turn_min_port,49152},
 {turn_max_port,65535},
 {turn_max_allocations,10},
 {turn_max_permissions,10},
 {shaper,100000},
 {turn_blacklist,[{{10,0,0,0},8},
                  {{100,64,0,0},10},
                  {{127,0,0,0},8},
                  {{169,254,0,0},16},
                  {{172,16,0,0},12},
                  {{192,0,0,0},24},
                  {{192,0,2,0},24},
                  {{192,88,99,0},24},
                  {{192,168,0,0},16},
                  {{198,18,0,0},15},
                  {{198,51,100,0},24},
                  {{203,0,113,0},24},
                  {{224,0,0,0},4},
                  {{240,0,0,0},4},
                  {{0,0,0,0,0,0,0,1},128},
                  {{0,0,0,0,0,65535,0,0},96},
                  {{100,65435,0,0,0,0,0,0},96},
                  {{256,0,0,0,0,0,0,0},64},
                  {{8193,3512,0,0,0,0,0,0},32},
                  {{64512,0,0,0,0,0,0,0},7},
                  {{65152,0,0,0,0,0,0,0},10},
                  {{65280,0,0,0,0,0,0,0},8}]},
 {turn_whitelist,[{{127,0,0,1},32},
                  {{203,0,113,113},32},
                  {{8193,3512,0,0,0,0,0,0},64}]},
 {auth_realm,<<"eturnal.net">>},
 {server_name,<<"eturnal">>},
 {auth_fun,fun eturnal:get_password/2},
 {hook_fun,fun eturnal:run_hook/2}] (eturnal:start_listeners/0:416)
2023-08-07 15:55:03.826350+00:00 [info] Listening on 127.0.0.1:53490 (tls) (STUN only) (eturnal:start_listeners/0:423)
2023-08-07 15:55:03.826648+00:00 [debug] Starting listener 127.0.0.1:34781 (auto) with options:
[{use_turn,false},
 {auth_type,anonymous},
 {tls,optional},
 {certfile,<<"run/cert.pem">>},
 {ciphers,<<"HIGH:!aNULL:@STRENGTH">>},
 {protocol_options,<<"no_tlsv1|no_tlsv1_1|cipher_server_preference">>},
 {turn_ipv4_address,{127,0,0,1}},
 {turn_min_port,49152},
 {turn_max_port,65535},
 {turn_max_allocations,10},
 {turn_max_permissions,10},
 {shaper,100000},
 {turn_blacklist,[{{10,0,0,0},8},
                  {{100,64,0,0},10},
                  {{127,0,0,0},8},
                  {{169,254,0,0},16},
                  {{172,16,0,0},12},
                  {{192,0,0,0},24},
                  {{192,0,2,0},24},
                  {{192,88,99,0},24},
                  {{192,168,0,0},16},
                  {{198,18,0,0},15},
                  {{198,51,100,0},24},
                  {{203,0,113,0},24},
                  {{224,0,0,0},4},
                  {{240,0,0,0},4},
                  {{0,0,0,0,0,0,0,1},128},
                  {{0,0,0,0,0,65535,0,0},96},
                  {{100,65435,0,0,0,0,0,0},96},
                  {{256,0,0,0,0,0,0,0},64},
                  {{8193,3512,0,0,0,0,0,0},32},
                  {{64512,0,0,0,0,0,0,0},7},
                  {{65152,0,0,0,0,0,0,0},10},
                  {{65280,0,0,0,0,0,0,0},8}]},
 {turn_whitelist,[{{127,0,0,1},32},
                  {{203,0,113,113},32},
                  {{8193,3512,0,0,0,0,0,0},64}]},
 {auth_realm,<<"eturnal.net">>},
 {server_name,<<"eturnal">>},
 {auth_fun,fun eturnal:get_password/2},
 {hook_fun,fun eturnal:run_hook/2}] (eturnal:start_listeners/0:416)
2023-08-07 15:55:03.827162+00:00 [info] Listening on 127.0.0.1:34781 (auto) (STUN only) (eturnal:start_listeners/0:423)
2023-08-07 15:55:03.827271+00:00 [debug] Started 3 modules (eturnal:init/1:105)
2023-08-07 15:55:03.827435+00:00 [debug] Started 4 listeners (eturnal:init/1:106)
2023-08-07 15:55:03.827553+00:00 [debug] PROGRESS REPORT:
    supervisor: {local,eturnal_sup}
    started: [{pid,<0.1021.0>},
              {id,eturnal},
              {mfargs,{eturnal,start_link,[]}},
              {restart_type,permanent},
              {significant,false},
              {shutdown,5000},
              {child_type,worker}]
 (supervisor:report_progress/2:1563)
2023-08-07 15:55:03.827652+00:00 [debug] No NOTIFY_SOCKET, dropping READY=1 notification (eturnal_systemd:handle_cast/2:110)
2023-08-07 15:55:03.827669+00:00 [debug] PROGRESS REPORT:
    application: eturnal
    started_at: nonode@nohost
 (application_controller:info_started/2:2117)
2023-08-07 15:55:03.827750+00:00 [debug] Watchdog interval is undefined, hibernating (eturnal_systemd:get_timeout/1:163)
2023-08-07 15:55:03.867873+00:00 [debug] Handling API call: get_info() (eturnal_ctl:get_info/0:128)
2023-08-07 15:55:03.868419+00:00 [debug] eturnal call (get_info) returned {ok,
                                  {eturnal_node_info,<<"1.11.1">>,
                                   {"26","14.0"},
                                   5315,0,164,145036074,2,60914864}} (eturnal_ctl:call/1:434)
2023-08-07 15:55:03.892798+00:00 [debug] Handling API call: get_sessions() (eturnal_ctl:get_sessions/0:99)
2023-08-07 15:55:03.916216+00:00 [debug] Handling API call: get_sessions("alice") (eturnal_ctl:get_sessions/1:109)
2023-08-07 15:55:03.916485+00:00 [debug] Handling API call: disconnect(alice) (eturnal_ctl:disconnect/1:177)
2023-08-07 15:55:03.916603+00:00 [debug] Cannot convert user name to binary: alice (eturnal_ctl:disconnect/1:187)
2023-08-07 15:55:03.940796+00:00 [debug] Handling API call: disconnect("alice") (eturnal_ctl:disconnect/1:177)
2023-08-07 15:55:03.941071+00:00 [debug] Handling API call: disconnect(alice) (eturnal_ctl:disconnect/1:177)
2023-08-07 15:55:03.941176+00:00 [debug] Cannot convert user name to binary: alice (eturnal_ctl:disconnect/1:187)
2023-08-07 15:55:03.964613+00:00 [debug] Handling API call: get_credentials("2009-10-30 11:00:00Z", []) (eturnal_ctl:get_credentials/2:59)
2023-08-07 15:55:03.964923+00:00 [debug] eturnal call ({get_password,<<"1256900400">>}) returned {ok,
                                                         <<"uEKlpcME7MNMMVRV8rUFPCTIFEs=">>} (eturnal_ctl:call/1:434)
2023-08-07 15:55:03.965132+00:00 [debug] Handling API call: get_credentials("86400", "alice") (eturnal_ctl:get_credentials/2:59)
2023-08-07 15:55:03.965263+00:00 [debug] eturnal call ({get_password,<<"1691510103:alice">>}) returned {ok,
                                                               <<"ofFrC8z2WN/d+LBiBjhzjbd2wCg=">>} (eturnal_ctl:call/1:434)
2023-08-07 15:55:03.965369+00:00 [debug] Handling API call: get_password("1691510103:alice") (eturnal_ctl:get_password/1:78)
2023-08-07 15:55:03.965469+00:00 [debug] eturnal call ({get_password,<<"1691510103:alice">>}) returned {ok,
                                                               <<"ofFrC8z2WN/d+LBiBjhzjbd2wCg=">>} (eturnal_ctl:call/1:434)
2023-08-07 15:55:03.965606+00:00 [debug] Handling API call: get_credentials("86400s", "alice") (eturnal_ctl:get_credentials/2:59)
2023-08-07 15:55:03.965701+00:00 [debug] eturnal call ({get_password,<<"1691510103:alice">>}) returned {ok,
                                                               <<"ofFrC8z2WN/d+LBiBjhzjbd2wCg=">>} (eturnal_ctl:call/1:434)
2023-08-07 15:55:03.965800+00:00 [debug] Handling API call: get_password("1691510103:alice") (eturnal_ctl:get_password/1:78)
2023-08-07 15:55:03.965897+00:00 [debug] eturnal call ({get_password,<<"1691510103:alice">>}) returned {ok,
                                                               <<"ofFrC8z2WN/d+LBiBjhzjbd2wCg=">>} (eturnal_ctl:call/1:434)
2023-08-07 15:55:03.966034+00:00 [debug] Handling API call: get_credentials("1440m", "alice") (eturnal_ctl:get_credentials/2:59)
2023-08-07 15:55:03.966141+00:00 [debug] eturnal call ({get_password,<<"1691510103:alice">>}) returned {ok,
                                                               <<"ofFrC8z2WN/d+LBiBjhzjbd2wCg=">>} (eturnal_ctl:call/1:434)
2023-08-07 15:55:03.966230+00:00 [debug] Handling API call: get_password("1691510103:alice") (eturnal_ctl:get_password/1:78)
2023-08-07 15:55:03.966394+00:00 [debug] eturnal call ({get_password,<<"1691510103:alice">>}) returned {ok,
                                                               <<"ofFrC8z2WN/d+LBiBjhzjbd2wCg=">>} (eturnal_ctl:call/1:434)
2023-08-07 15:55:03.966587+00:00 [debug] Handling API call: get_credentials("24h", "alice") (eturnal_ctl:get_credentials/2:59)
2023-08-07 15:55:03.966772+00:00 [debug] eturnal call ({get_password,<<"1691510103:alice">>}) returned {ok,
                                                               <<"ofFrC8z2WN/d+LBiBjhzjbd2wCg=">>} (eturnal_ctl:call/1:434)
2023-08-07 15:55:03.966890+00:00 [debug] Handling API call: get_password("1691510103:alice") (eturnal_ctl:get_password/1:78)
2023-08-07 15:55:03.967000+00:00 [debug] eturnal call ({get_password,<<"1691510103:alice">>}) returned {ok,
                                                               <<"ofFrC8z2WN/d+LBiBjhzjbd2wCg=">>} (eturnal_ctl:call/1:434)
2023-08-07 15:55:03.967147+00:00 [debug] Handling API call: get_credentials("1d", "alice") (eturnal_ctl:get_credentials/2:59)
2023-08-07 15:55:03.967269+00:00 [debug] eturnal call ({get_password,<<"1691510103:alice">>}) returned {ok,
                                                               <<"ofFrC8z2WN/d+LBiBjhzjbd2wCg=">>} (eturnal_ctl:call/1:434)
2023-08-07 15:55:03.967375+00:00 [debug] Handling API call: get_password("1691510103:alice") (eturnal_ctl:get_password/1:78)
2023-08-07 15:55:03.967494+00:00 [debug] eturnal call ({get_password,<<"1691510103:alice">>}) returned {ok,
                                                               <<"ofFrC8z2WN/d+LBiBjhzjbd2wCg=">>} (eturnal_ctl:call/1:434)
2023-08-07 15:55:03.967825+00:00 [debug] Handling API call: get_password("Invalid") (eturnal_ctl:get_password/1:78)
2023-08-07 15:55:03.967965+00:00 [debug] eturnal call ({get_password,<<"Invalid">>}) returned {error,no_credentials} (eturnal_ctl:call/1:437)
2023-08-07 15:55:03.968044+00:00 [debug] Handling API call: get_credentials("Invalid", []) (eturnal_ctl:get_credentials/2:59)
2023-08-07 15:55:03.968128+00:00 [debug] Invalid argument(s): "Invalid":[] (eturnal_ctl:get_credentials/2:72)
2023-08-07 15:55:03.968211+00:00 [debug] Handling API call: get_password(invalid) (eturnal_ctl:get_password/1:78)
2023-08-07 15:55:03.968419+00:00 [debug] Cannot convert user name to binary: invalid (eturnal_ctl:get_password/1:93)
2023-08-07 15:55:03.968562+00:00 [debug] Handling API call: get_credentials(invalid, []) (eturnal_ctl:get_credentials/2:59)
2023-08-07 15:55:03.968657+00:00 [debug] Invalid argument(s): invalid:[] (eturnal_ctl:get_credentials/2:72)
2023-08-07 15:55:03.968734+00:00 [debug] Handling API call: get_password([invalid]) (eturnal_ctl:get_password/1:78)
2023-08-07 15:55:03.968823+00:00 [debug] Cannot convert user name to binary: [invalid] (eturnal_ctl:get_password/1:93)
2023-08-07 15:55:03.968897+00:00 [debug] Handling API call: get_credentials([invalid], []) (eturnal_ctl:get_credentials/2:59)
2023-08-07 15:55:03.968980+00:00 [debug] Invalid argument(s): [invalid]:[] (eturnal_ctl:get_credentials/2:72)
2023-08-07 15:55:03.969089+00:00 [debug] Handling API call: get_credentials(1256900400, invalid) (eturnal_ctl:get_credentials/2:59)
2023-08-07 15:55:03.969181+00:00 [debug] Invalid argument(s): 1256900400:invalid (eturnal_ctl:get_credentials/2:72)
2023-08-07 15:55:03.969293+00:00 [debug] Handling API call: get_password("alice") (eturnal_ctl:get_password/1:78)
2023-08-07 15:55:03.969477+00:00 [debug] eturnal call ({get_password,<<"alice">>}) returned {ok,<<"l0vesBob">>} (eturnal_ctl:call/1:434)
2023-08-07 15:55:03.993341+00:00 [debug] Handling API call: set_loglevel(debug) (eturnal_ctl:set_loglevel/1:158)
2023-08-07 15:55:03.993544+00:00 [debug] eturnal call ({set_loglevel,debug}) returned ok (eturnal_ctl:call/1:431)
2023-08-07 15:55:03.993687+00:00 [debug] Handling API call: get_loglevel() (eturnal_ctl:get_loglevel/0:148)
2023-08-07 15:55:03.993779+00:00 [debug] eturnal call (get_loglevel) returned {ok,debug} (eturnal_ctl:call/1:434)
2023-08-07 15:55:03.993896+00:00 [debug] Handling API call: set_loglevel(invalid) (eturnal_ctl:set_loglevel/1:158)
2023-08-07 15:55:03.993975+00:00 [debug] Invalid log level: invalid (eturnal_ctl:set_loglevel/1:168)
2023-08-07 15:55:03.994094+00:00 [debug] Handling API call: get_loglevel() (eturnal_ctl:get_loglevel/0:148)
2023-08-07 15:55:03.994257+00:00 [debug] eturnal call (get_loglevel) returned {ok,debug} (eturnal_ctl:call/1:434)
2023-08-07 15:55:04.018421+00:00 [debug] Handling API call: get_version() (eturnal_ctl:get_version/0:138)
2023-08-07 15:55:04.018562+00:00 [debug] eturnal call (get_version) returned {ok,<<"1.11.1">>} (eturnal_ctl:call/1:434)
2023-08-07 15:55:04.043271+00:00 [debug] Handling API call: reload() (eturnal_ctl:reload/0:193)
2023-08-07 15:55:04.048839+00:00 [debug] Calling mod_log_stun:options/0 (eturnal_module:options/1:192)
2023-08-07 15:55:04.048994+00:00 [debug] Calling mod_stats_influx:options/0 (eturnal_module:options/1:192)
2023-08-07 15:55:04.049154+00:00 [debug] Calling mod_stats_prometheus:options/0 (eturnal_module:options/1:192)
2023-08-07 15:55:04.049740+00:00 [warning] TLS enabled without 'tls_crt_file', creating self-signed certificate (eturnal:check_pem_file/0:766)
2023-08-07 15:55:05.133495+00:00 [info] Using new TLS certificate (eturnal:reload/1:595)
2023-08-07 15:55:05.135899+00:00 [debug] Calling mod_stats_influx:stop/1 (eturnal_module:stop/1:163)
2023-08-07 15:55:05.136181+00:00 [debug] Stopping mod_stats_influx (mod_stats_influx:stop/0:61)
2023-08-07 15:55:05.136268+00:00 [info] Stopped mod_stats_influx (eturnal:stop_modules/1:396)
2023-08-07 15:55:05.137679+00:00 [debug] Calling mod_stats_prometheus:stop/1 (eturnal_module:stop/1:163)
2023-08-07 15:55:05.137837+00:00 [debug] Stopping mod_stats_prometheus (mod_stats_prometheus:stop/0:110)
2023-08-07 15:55:05.138977+00:00 [info] Stopped mod_stats_prometheus (eturnal:stop_modules/1:396)
2023-08-07 15:55:05.139292+00:00 [debug] Calling mod_log_stun:stop/1 (eturnal_module:stop/1:163)
2023-08-07 15:55:05.139449+00:00 [debug] Stopping mod_log_stun (mod_log_stun:stop/0:49)
2023-08-07 15:55:05.139522+00:00 [info] Stopped mod_log_stun (eturnal:stop_modules/1:396)
2023-08-07 15:55:05.139579+00:00 [debug] Calling mod_stats_influx:start/0 (eturnal_module:start/1:143)
2023-08-07 15:55:05.139642+00:00 [debug] Starting mod_stats_influx (mod_stats_influx:start/0:37)
2023-08-07 15:55:05.140565+00:00 [debug] Dependency influx_udp was available already (eturnal_module:ensure_dep/2:284)
2023-08-07 15:55:05.141280+00:00 [info]     options: #{port => 8089,host => "localhost",pool_size => 1,
               max_overflow => 1}
    msg: Start clients pool
    host: {127,0,0,1} (influx_udp:start_pool_/2:239)
2023-08-07 15:55:05.143089+00:00 [info] Started mod_stats_influx (eturnal:start_modules/0:383)
2023-08-07 15:55:05.143207+00:00 [debug] Calling mod_stats_prometheus:start/0 (eturnal_module:start/1:143)
2023-08-07 15:55:05.143330+00:00 [debug] Starting mod_stats_prometheus (mod_stats_prometheus:start/0:56)
2023-08-07 15:55:05.143427+00:00 [debug] Dependency prometheus_httpd was available already (eturnal_module:ensure_dep/2:284)
2023-08-07 15:55:05.144756+00:00 [debug] PROGRESS REPORT:
    supervisor: {local,httpd_instance_sup__127_0_0_1__9081default}
    started: [{pid,<0.1195.0>},
              {id,{httpd_connection_sup,{127,0,0,1},9081,default}},
              {mfargs,{httpd_connection_sup,start_link,[[{127,0,0,1},9081]]}},
              {restart_type,permanent},
              {significant,false},
              {shutdown,5000},
              {child_type,supervisor}]
 (supervisor:report_progress/2:1563)
2023-08-07 15:55:05.145114+00:00 [debug] PROGRESS REPORT:
    supervisor: {local,httpd_acceptor_sup__127_0_0_1__9081default}
    started: [{pid,<0.1197.0>},
              {id,{httpd_acceptor_sup,{127,0,0,1},9081,default}},
              {mfargs,{httpd_acceptor,start_link,
                                      [httpd__127_0_0_1__9081default,ip_comm,
                                       {127,0,0,1},
                                       9081,inet,
                                       httpd_conf__127_0_0_1__9081default,
                                       15000]}},
              {restart_type,transient},
              {significant,false},
              {shutdown,brutal_kill},
              {child_type,worker}]
 (supervisor:report_progress/2:1563)
2023-08-07 15:55:05.145680+00:00 [debug] PROGRESS REPORT:
    supervisor: {local,httpd_instance_sup__127_0_0_1__9081default}
    started: [{pid,<0.1196.0>},
              {id,{httpd_acceptor_sup,{127,0,0,1},9081,default}},
              {mfargs,
                  {httpd_acceptor_sup,start_link,
                      [[{127,0,0,1},
                        9081,
                        [{bind_address,{127,0,0,1}},
                         {socket_type,ip_comm},
                         {port,9081},
                         {server_root,"run/mod_stats_prometheus/doc"},
                         {document_root,"run/mod_stats_prometheus/doc"},
                         {server_name,"Prometheus Exporter"},
                         {modules,[prometheus_httpd]}],
                        15000,undefined]]}},
              {restart_type,permanent},
              {significant,false},
              {shutdown,infinity},
              {child_type,supervisor}]
 (supervisor:report_progress/2:1563)
2023-08-07 15:55:05.145872+00:00 [debug] PROGRESS REPORT:
    supervisor: {local,httpd_instance_sup__127_0_0_1__9081default}
    started: [{pid,<0.1198.0>},
              {id,{httpd_misc_sup,{127,0,0,1},9081,default}},
              {mfargs,{httpd_misc_sup,start_link,[{127,0,0,1},9081,default]}},
              {restart_type,permanent},
              {significant,false},
              {shutdown,infinity},
              {child_type,supervisor}]
 (supervisor:report_progress/2:1563)
2023-08-07 15:55:05.146817+00:00 [debug] PROGRESS REPORT:
    supervisor: {local,httpd_instance_sup__127_0_0_1__9081default}
    started: [{pid,<0.1199.0>},
              {id,{httpd_manager,{127,0,0,1},9081,default}},
              {mfargs,
                  {httpd_manager,start_link,
                      [undefined,
                       [{bind_address,{127,0,0,1}},
                        {socket_type,ip_comm},
                        {port,9081},
                        {server_root,"run/mod_stats_prometheus/doc"},
                        {document_root,"run/mod_stats_prometheus/doc"},
                        {server_name,"Prometheus Exporter"},
                        {modules,[prometheus_httpd]}],
                       15000]}},
              {restart_type,permanent},
              {significant,false},
              {shutdown,4000},
              {child_type,worker}]
 (supervisor:report_progress/2:1563)
2023-08-07 15:55:05.146950+00:00 [debug] PROGRESS REPORT:
    supervisor: {local,httpd_sup}
    started: [{pid,<0.1194.0>},
              {id,{httpd_instance_sup,{127,0,0,1},9081,default}},
              {mfargs,
                  {httpd_instance_sup,start_link,
                      [[{bind_address,{127,0,0,1}},
                        {socket_type,ip_comm},
                        {port,9081},
                        {server_root,"run/mod_stats_prometheus/doc"},
                        {document_root,"run/mod_stats_prometheus/doc"},
                        {server_name,"Prometheus Exporter"},
                        {modules,[prometheus_httpd]}],
                       15000,[]]}},
              {restart_type,permanent},
              {significant,false},
              {shutdown,infinity},
              {child_type,supervisor}]
 (supervisor:report_progress/2:1563)
2023-08-07 15:55:05.148193+00:00 [info] Started mod_stats_prometheus (eturnal:start_modules/0:383)
2023-08-07 15:55:05.148332+00:00 [debug] Calling mod_log_stun:start/0 (eturnal_module:start/1:143)
2023-08-07 15:55:05.148485+00:00 [debug] Starting mod_log_stun (mod_log_stun:start/0:38)
2023-08-07 15:55:05.149396+00:00 [info] Started mod_log_stun (eturnal:start_modules/0:383)
2023-08-07 15:55:05.149819+00:00 [debug] Restarted modules (eturnal:reload/1:603)
2023-08-07 15:55:05.150260+00:00 [debug] eturnal call (reload) returned ok (eturnal_ctl:call/1:431)
2023-08-07 15:55:05.151342+00:00 [debug] Handling API call: reload() (eturnal_ctl:reload/0:193)
2023-08-07 15:55:05.157916+00:00 [debug] Calling mod_log_stun:options/0 (eturnal_module:options/1:192)
2023-08-07 15:55:05.158137+00:00 [debug] Calling mod_stats_influx:options/0 (eturnal_module:options/1:192)
2023-08-07 15:55:05.158237+00:00 [debug] Calling mod_stats_prometheus:options/0 (eturnal_module:options/1:192)
2023-08-07 15:55:05.159448+00:00 [debug] Keeping PEM file (run/cert.pem) (eturnal:check_pem_file/0:763)
2023-08-07 15:55:05.159563+00:00 [debug] TLS certificate unchanged (eturnal:reload/1:597)
2023-08-07 15:55:05.160643+00:00 [debug] Calling mod_stats_influx:stop/1 (eturnal_module:stop/1:163)
2023-08-07 15:55:05.160820+00:00 [debug] Stopping mod_stats_influx (mod_stats_influx:stop/0:61)
2023-08-07 15:55:05.160945+00:00 [info] Stopped mod_stats_influx (eturnal:stop_modules/1:396)
2023-08-07 15:55:05.162629+00:00 [debug] Calling mod_stats_prometheus:stop/1 (eturnal_module:stop/1:163)
2023-08-07 15:55:05.162745+00:00 [debug] Stopping mod_stats_prometheus (mod_stats_prometheus:stop/0:110)
2023-08-07 15:55:05.163370+00:00 [info] Stopped mod_stats_prometheus (eturnal:stop_modules/1:396)
2023-08-07 15:55:05.164483+00:00 [debug] Calling mod_log_stun:stop/1 (eturnal_module:stop/1:163)
2023-08-07 15:55:05.164614+00:00 [debug] Stopping mod_log_stun (mod_log_stun:stop/0:49)
2023-08-07 15:55:05.164742+00:00 [info] Stopped mod_log_stun (eturnal:stop_modules/1:396)
2023-08-07 15:55:05.164825+00:00 [debug] Calling mod_stats_influx:start/0 (eturnal_module:start/1:143)
2023-08-07 15:55:05.164905+00:00 [debug] Starting mod_stats_influx (mod_stats_influx:start/0:37)
2023-08-07 15:55:05.165017+00:00 [debug] Dependency influx_udp was available already (eturnal_module:ensure_dep/2:284)
2023-08-07 15:55:05.165234+00:00 [info]     options: #{port => 8089,host => "localhost",pool_size => 1,
               max_overflow => 1}
    msg: Start clients pool
    host: {127,0,0,1} (influx_udp:start_pool_/2:239)
2023-08-07 15:55:05.166158+00:00 [info] Started mod_stats_influx (eturnal:start_modules/0:383)
2023-08-07 15:55:05.166504+00:00 [debug] Calling mod_stats_prometheus:start/0 (eturnal_module:start/1:143)
2023-08-07 15:55:05.166619+00:00 [debug] Starting mod_stats_prometheus (mod_stats_prometheus:start/0:56)
2023-08-07 15:55:05.166709+00:00 [debug] Dependency prometheus_httpd was available already (eturnal_module:ensure_dep/2:284)
2023-08-07 15:55:05.167360+00:00 [debug] PROGRESS REPORT:
    supervisor: {local,httpd_instance_sup__127_0_0_1__9081default}
    started: [{pid,<0.1230.0>},
              {id,{httpd_connection_sup,{127,0,0,1},9081,default}},
              {mfargs,{httpd_connection_sup,start_link,[[{127,0,0,1},9081]]}},
              {restart_type,permanent},
              {significant,false},
              {shutdown,5000},
              {child_type,supervisor}]
 (supervisor:report_progress/2:1563)
2023-08-07 15:55:05.167677+00:00 [debug] PROGRESS REPORT:
    supervisor: {local,httpd_acceptor_sup__127_0_0_1__9081default}
    started: [{pid,<0.1232.0>},
              {id,{httpd_acceptor_sup,{127,0,0,1},9081,default}},
              {mfargs,{httpd_acceptor,start_link,
                                      [httpd__127_0_0_1__9081default,ip_comm,
                                       {127,0,0,1},
                                       9081,inet,
                                       httpd_conf__127_0_0_1__9081default,
                                       15000]}},
              {restart_type,transient},
              {significant,false},
              {shutdown,brutal_kill},
              {child_type,worker}]
 (supervisor:report_progress/2:1563)
2023-08-07 15:55:05.167830+00:00 [debug] PROGRESS REPORT:
    supervisor: {local,httpd_instance_sup__127_0_0_1__9081default}
    started: [{pid,<0.1231.0>},
              {id,{httpd_acceptor_sup,{127,0,0,1},9081,default}},
              {mfargs,
                  {httpd_acceptor_sup,start_link,
                      [[{127,0,0,1},
                        9081,
                        [{bind_address,{127,0,0,1}},
                         {socket_type,ip_comm},
                         {port,9081},
                         {server_root,"run/mod_stats_prometheus/doc"},
                         {document_root,"run/mod_stats_prometheus/doc"},
                         {server_name,"Prometheus Exporter"},
                         {modules,[prometheus_httpd]}],
                        15000,undefined]]}},
              {restart_type,permanent},
              {significant,false},
              {shutdown,infinity},
              {child_type,supervisor}]
 (supervisor:report_progress/2:1563)
2023-08-07 15:55:05.167991+00:00 [debug] PROGRESS REPORT:
    supervisor: {local,httpd_instance_sup__127_0_0_1__9081default}
    started: [{pid,<0.1233.0>},
              {id,{httpd_misc_sup,{127,0,0,1},9081,default}},
              {mfargs,{httpd_misc_sup,start_link,[{127,0,0,1},9081,default]}},
              {restart_type,permanent},
              {significant,false},
              {shutdown,infinity},
              {child_type,supervisor}]
 (supervisor:report_progress/2:1563)
2023-08-07 15:55:05.168271+00:00 [debug] PROGRESS REPORT:
    supervisor: {local,httpd_instance_sup__127_0_0_1__9081default}
    started: [{pid,<0.1234.0>},
              {id,{httpd_manager,{127,0,0,1},9081,default}},
              {mfargs,
                  {httpd_manager,start_link,
                      [undefined,
                       [{bind_address,{127,0,0,1}},
                        {socket_type,ip_comm},
                        {port,9081},
                        {server_root,"run/mod_stats_prometheus/doc"},
                        {document_root,"run/mod_stats_prometheus/doc"},
                        {server_name,"Prometheus Exporter"},
                        {modules,[prometheus_httpd]}],
                       15000]}},
              {restart_type,permanent},
              {significant,false},
              {shutdown,4000},
              {child_type,worker}]
 (supervisor:report_progress/2:1563)
2023-08-07 15:55:05.168374+00:00 [debug] PROGRESS REPORT:
    supervisor: {local,httpd_sup}
    started: [{pid,<0.1229.0>},
              {id,{httpd_instance_sup,{127,0,0,1},9081,default}},
              {mfargs,
                  {httpd_instance_sup,start_link,
                      [[{bind_address,{127,0,0,1}},
                        {socket_type,ip_comm},
                        {port,9081},
                        {server_root,"run/mod_stats_prometheus/doc"},
                        {document_root,"run/mod_stats_prometheus/doc"},
                        {server_name,"Prometheus Exporter"},
                        {modules,[prometheus_httpd]}],
                       15000,[]]}},
              {restart_type,permanent},
              {significant,false},
              {shutdown,infinity},
              {child_type,supervisor}]
 (supervisor:report_progress/2:1563)
2023-08-07 15:55:05.169376+00:00 [info] Started mod_stats_prometheus (eturnal:start_modules/0:383)
2023-08-07 15:55:05.169511+00:00 [debug] Calling mod_log_stun:start/0 (eturnal_module:start/1:143)
2023-08-07 15:55:05.169623+00:00 [debug] Starting mod_log_stun (mod_log_stun:start/0:38)
2023-08-07 15:55:05.171453+00:00 [info] Started mod_log_stun (eturnal:start_modules/0:383)
2023-08-07 15:55:05.171580+00:00 [debug] Restarted modules (eturnal:reload/1:603)
2023-08-07 15:55:05.171667+00:00 [debug] eturnal call (reload) returned ok (eturnal_ctl:call/1:431)
2023-08-07 15:55:05.196893+00:00 [info] Accepting connection: 127.0.0.1:44222 -> 127.0.0.1:34780 [TCP, session 45npxf6wqdap] (stun_acceptor:accept/3:158)
2023-08-07 15:55:05.220282+00:00 [info] Accepting connection: 127.0.0.1:47420 -> 127.0.0.1:53490 [TLS, session 0fdbnot5d3qo] (stun_acceptor:accept/3:158)
2023-08-07 15:55:05.244592+00:00 [debug] Received:
#stun{class = request,method = 3,magic = 554869826,
      trid = 8553621799686086221898341536,raw = <<>>,unsupported = [],
      'ALTERNATE-SERVER' = undefined,'CHANNEL-NUMBER' = undefined,
      'DATA' = undefined,'DONT-FRAGMENT' = false,'ERROR-CODE' = undefined,
      'LIFETIME' = undefined,'MAPPED-ADDRESS' = undefined,
      'MESSAGE-INTEGRITY' = undefined,'NONCE' = undefined,'REALM' = undefined,
      'REQUESTED-ADDRESS-FAMILY' = undefined,
      'REQUESTED-TRANSPORT' = undefined,'SOFTWARE' = undefined,
      'UNKNOWN-ATTRIBUTES' = [],'USERNAME' = undefined,
      'XOR-MAPPED-ADDRESS' = undefined,'XOR-PEER-ADDRESS' = [],
      'XOR-RELAYED-ADDRESS' = undefined} (stun:udp_recv/5:112)
2023-08-07 15:55:05.244758+00:00 [debug] Sending:
#stun{class = error,method = 3,magic = 554869826,
      trid = 8553621799686086221898341536,raw = <<>>,unsupported = [],
      'ALTERNATE-SERVER' = undefined,'CHANNEL-NUMBER' = undefined,
      'DATA' = undefined,'DONT-FRAGMENT' = false,
      'ERROR-CODE' = {401,<<"Unauthorized">>},
      'LIFETIME' = undefined,'MAPPED-ADDRESS' = undefined,
      'MESSAGE-INTEGRITY' = undefined,'NONCE' = <<"2346175673">>,
      'REALM' = <<"eturnal.net">>,'REQUESTED-ADDRESS-FAMILY' = undefined,
      'REQUESTED-TRANSPORT' = undefined,'SOFTWARE' = <<"eturnal">>,
      'UNKNOWN-ATTRIBUTES' = [],'USERNAME' = undefined,
      'XOR-MAPPED-ADDRESS' = undefined,'XOR-PEER-ADDRESS' = [],
      'XOR-RELAYED-ADDRESS' = undefined} (stun:send/3:462)
2023-08-07 15:55:05.245030+00:00 [debug] Received:
#stun{class = request,method = 3,magic = 554869826,
      trid = 51886868447222570773495302228,
      raw = <<0,3,0,76,33,18,164,66,167,167,207,198,178,137,188,21,255,174,72,
              84,0,25,0,4,17,0,0,0,0,6,0,5,97,108,105,99,101,0,0,0,0,20,0,11,
              101,116,117,114,110,97,108,46,110,101,116,0,0,21,0,10,50,51,52,
              54,49,55,53,54,55,51,0,0>>,
      unsupported = [],'ALTERNATE-SERVER' = undefined,
      'CHANNEL-NUMBER' = undefined,'DATA' = undefined,'DONT-FRAGMENT' = false,
      'ERROR-CODE' = undefined,'LIFETIME' = undefined,
      'MAPPED-ADDRESS' = undefined,
      'MESSAGE-INTEGRITY' = <<52,4,9,63,205,126,34,238,182,53,73,245,38,241,
                              170,129,225,110,48,255>>,
      'NONCE' = <<"2346175673">>,'REALM' = <<"eturnal.net">>,
      'REQUESTED-ADDRESS-FAMILY' = undefined,'REQUESTED-TRANSPORT' = udp,
      'SOFTWARE' = undefined,'UNKNOWN-ATTRIBUTES' = [],
      'USERNAME' = <<"alice">>,'XOR-MAPPED-ADDRESS' = undefined,
      'XOR-PEER-ADDRESS' = [],'XOR-RELAYED-ADDRESS' = undefined} (stun:udp_recv/5:112)
2023-08-07 15:55:05.245155+00:00 [debug] Looking up password for: alice [UDP, session ydv1n5trycwl, user alice, client 127.0.0.1:43740] (eturnal:get_password/2:257)
2023-08-07 15:55:05.245217+00:00 [info] Accepting long-term STUN/TURN authentication [UDP, session ydv1n5trycwl, user alice, client 127.0.0.1:43740] (stun:process/2:253)
2023-08-07 15:55:05.245320+00:00 [debug] Running 'turn_session_start' hook [UDP, session ydv1n5trycwl, user alice, client 127.0.0.1:43740] (turn:run_hook/3:740)
2023-08-07 15:55:05.245379+00:00 [debug] Got 'turn_session_start' event [UDP, session ydv1n5trycwl, user alice, client 127.0.0.1:43740] (eturnal_module:handle_event/2:177)
2023-08-07 15:55:05.245425+00:00 [debug] Calling mod_stats_prometheus:handle_event/2 [UDP, session ydv1n5trycwl, user alice, client 127.0.0.1:43740] (eturnal_module:handle_event/2:180)
2023-08-07 15:55:05.245482+00:00 [debug] Observing started TURN session ydv1n5trycwl for Prometheus [UDP, session ydv1n5trycwl, user alice, client 127.0.0.1:43740] (mod_stats_prometheus:on_turn_session_start/1:174)
2023-08-07 15:55:05.245694+00:00 [notice] Creating TURN allocation (lifetime: 600 seconds) [UDP, session ydv1n5trycwl, user alice, client 127.0.0.1:43740, relay 127.0.0.1:58782] (turn:wait_for_allocate/2:219)
2023-08-07 15:55:05.245821+00:00 [debug] Sending:
#stun{class = response,method = 3,magic = 554869826,
      trid = 51886868447222570773495302228,raw = <<>>,unsupported = [],
      'ALTERNATE-SERVER' = undefined,'CHANNEL-NUMBER' = undefined,
      'DATA' = undefined,'DONT-FRAGMENT' = false,'ERROR-CODE' = undefined,
      'LIFETIME' = 600,'MAPPED-ADDRESS' = undefined,
      'MESSAGE-INTEGRITY' = undefined,'NONCE' = undefined,'REALM' = undefined,
      'REQUESTED-ADDRESS-FAMILY' = undefined,
      'REQUESTED-TRANSPORT' = undefined,'SOFTWARE' = <<"eturnal">>,
      'UNKNOWN-ATTRIBUTES' = [],'USERNAME' = undefined,
      'XOR-MAPPED-ADDRESS' = {{127,0,0,1},43740},
      'XOR-PEER-ADDRESS' = [],
      'XOR-RELAYED-ADDRESS' = {{127,0,0,1},58782}} (turn:send/2:542)
2023-08-07 15:55:05.246091+00:00 [debug] Received:
#stun{class = request,method = 4,magic = 554869826,
      trid = 2150986036109705928418655703,
      raw = <<0,4,0,76,33,18,164,66,6,243,65,2,170,179,210,11,17,117,253,215,0,
              6,0,5,97,108,105,99,101,0,0,0,0,20,0,11,101,116,117,114,110,97,
              108,46,110,101,116,0,0,21,0,10,50,51,52,54,49,55,53,54,55,51,0,0,
              0,13,0,4,0,0,0,0>>,
      unsupported = [],'ALTERNATE-SERVER' = undefined,
      'CHANNEL-NUMBER' = undefined,'DATA' = undefined,'DONT-FRAGMENT' = false,
      'ERROR-CODE' = undefined,'LIFETIME' = 0,'MAPPED-ADDRESS' = undefined,
      'MESSAGE-INTEGRITY' = <<145,105,221,83,186,119,130,49,44,54,121,126,173,
                              185,243,90,198,0,55,133>>,
      'NONCE' = <<"2346175673">>,'REALM' = <<"eturnal.net">>,
      'REQUESTED-ADDRESS-FAMILY' = undefined,
      'REQUESTED-TRANSPORT' = undefined,'SOFTWARE' = undefined,
      'UNKNOWN-ATTRIBUTES' = [],'USERNAME' = <<"alice">>,
      'XOR-MAPPED-ADDRESS' = undefined,'XOR-PEER-ADDRESS' = [],
      'XOR-RELAYED-ADDRESS' = undefined} (stun:udp_recv/5:112)
2023-08-07 15:55:05.246262+00:00 [debug] Looking up password for: alice [UDP, session sc75t04ydmdw, user alice, client 127.0.0.1:43740] (eturnal:get_password/2:257)
2023-08-07 15:55:05.246308+00:00 [info] Accepting long-term STUN/TURN authentication [UDP, session sc75t04ydmdw, user alice, client 127.0.0.1:43740] (stun:process/2:253)
2023-08-07 15:55:05.246367+00:00 [info] Client requested closing the TURN session [UDP, session ydv1n5trycwl, user alice, client 127.0.0.1:43740, relay 127.0.0.1:58782] (turn:active/2:278)
2023-08-07 15:55:05.246484+00:00 [debug] Sending:
#stun{class = response,method = 4,magic = 554869826,
      trid = 2150986036109705928418655703,raw = <<>>,unsupported = [],
      'ALTERNATE-SERVER' = undefined,'CHANNEL-NUMBER' = undefined,
      'DATA' = undefined,'DONT-FRAGMENT' = false,'ERROR-CODE' = undefined,
      'LIFETIME' = 0,'MAPPED-ADDRESS' = undefined,
      'MESSAGE-INTEGRITY' = undefined,'NONCE' = undefined,'REALM' = undefined,
      'REQUESTED-ADDRESS-FAMILY' = undefined,
      'REQUESTED-TRANSPORT' = undefined,'SOFTWARE' = <<"eturnal">>,
      'UNKNOWN-ATTRIBUTES' = [],'USERNAME' = undefined,
      'XOR-MAPPED-ADDRESS' = undefined,'XOR-PEER-ADDRESS' = [],
      'XOR-RELAYED-ADDRESS' = undefined} (turn:send/2:542)
2023-08-07 15:55:05.246609+00:00 [info] Deleting TURN allocation [UDP, session ydv1n5trycwl, user alice, client 127.0.0.1:43740, relay 127.0.0.1:58782] (turn:terminate/3:475)
2023-08-07 15:55:05.246662+00:00 [notice] Relayed 0 KiB (in 0 B / 0 packets, out 0 B / 0 packets), duration: 0 seconds [UDP, session ydv1n5trycwl, user alice, client 127.0.0.1:43740, relay 127.0.0.1:58782] (turn:terminate/3:482)
2023-08-07 15:55:05.246717+00:00 [debug] Running 'turn_session_stop' hook [UDP, session ydv1n5trycwl, user alice, client 127.0.0.1:43740, relay 127.0.0.1:58782] (turn:run_hook/3:740)
2023-08-07 15:55:05.246770+00:00 [debug] Got 'turn_session_stop' event [UDP, session ydv1n5trycwl, user alice, client 127.0.0.1:43740, relay 127.0.0.1:58782] (eturnal_module:handle_event/2:177)
2023-08-07 15:55:05.246811+00:00 [debug] Calling mod_stats_influx:handle_event/2 [UDP, session ydv1n5trycwl, user alice, client 127.0.0.1:43740, relay 127.0.0.1:58782] (eturnal_module:handle_event/2:180)
2023-08-07 15:55:05.246844+00:00 [debug] Received:
#stun{class = request,method = 3,magic = 554869826,
      trid = 12780375360068971234985146285,raw = <<>>,unsupported = [],
      'ALTERNATE-SERVER' = undefined,'CHANNEL-NUMBER' = undefined,
      'DATA' = undefined,'DONT-FRAGMENT' = false,'ERROR-CODE' = undefined,
      'LIFETIME' = undefined,'MAPPED-ADDRESS' = undefined,
      'MESSAGE-INTEGRITY' = undefined,'NONCE' = undefined,'REALM' = undefined,
      'REQUESTED-ADDRESS-FAMILY' = undefined,
      'REQUESTED-TRANSPORT' = undefined,'SOFTWARE' = undefined,
      'UNKNOWN-ATTRIBUTES' = [],'USERNAME' = undefined,
      'XOR-MAPPED-ADDRESS' = undefined,'XOR-PEER-ADDRESS' = [],
      'XOR-RELAYED-ADDRESS' = undefined} (stun:udp_recv/5:112)
2023-08-07 15:55:05.246874+00:00 [debug] Writing stats of TURN session ydv1n5trycwl to InfluxDB [UDP, session ydv1n5trycwl, user alice, client 127.0.0.1:43740, relay 127.0.0.1:58782] (mod_stats_influx:on_turn_session_stop/1:87)
2023-08-07 15:55:05.246950+00:00 [debug] Sending:
#stun{class = error,method = 3,magic = 554869826,
      trid = 12780375360068971234985146285,raw = <<>>,unsupported = [],
      'ALTERNATE-SERVER' = undefined,'CHANNEL-NUMBER' = undefined,
      'DATA' = undefined,'DONT-FRAGMENT' = false,
      'ERROR-CODE' = {401,<<"Unauthorized">>},
      'LIFETIME' = undefined,'MAPPED-ADDRESS' = undefined,
      'MESSAGE-INTEGRITY' = undefined,'NONCE' = <<"385894187">>,
      'REALM' = <<"eturnal.net">>,'REQUESTED-ADDRESS-FAMILY' = undefined,
      'REQUESTED-TRANSPORT' = undefined,'SOFTWARE' = <<"eturnal">>,
      'UNKNOWN-ATTRIBUTES' = [],'USERNAME' = undefined,
      'XOR-MAPPED-ADDRESS' = undefined,'XOR-PEER-ADDRESS' = [],
      'XOR-RELAYED-ADDRESS' = undefined} (stun:send/3:462)
2023-08-07 15:55:05.247037+00:00 [debug] Calling mod_stats_prometheus:handle_event/2 [UDP, session ydv1n5trycwl, user alice, client 127.0.0.1:43740, relay 127.0.0.1:58782] (eturnal_module:handle_event/2:180)
2023-08-07 15:55:05.247086+00:00 [debug] Observing stopped TURN session ydv1n5trycwl for Prometheus [UDP, session ydv1n5trycwl, user alice, client 127.0.0.1:43740, relay 127.0.0.1:58782] (mod_stats_prometheus:on_turn_session_stop/1:187)
2023-08-07 15:55:05.247161+00:00 [debug] Received:
#stun{class = request,method = 3,magic = 554869826,
      trid = 31898229381751145422966110550,
      raw = <<0,3,0,80,33,18,164,66,103,17,152,207,180,239,87,23,109,130,57,86,
              0,25,0,4,17,0,0,0,0,6,0,10,50,49,52,53,57,49,51,50,48,48,0,0,0,
              20,0,11,101,116,117,114,110,97,108,46,110,101,116,0,0,21,0,9,51,
              56,53,56,57,52,49,56,55,0,0,0>>,
      unsupported = [],'ALTERNATE-SERVER' = undefined,
      'CHANNEL-NUMBER' = undefined,'DATA' = undefined,'DONT-FRAGMENT' = false,
      'ERROR-CODE' = undefined,'LIFETIME' = undefined,
      'MAPPED-ADDRESS' = undefined,
      'MESSAGE-INTEGRITY' = <<235,82,178,138,74,105,175,20,112,160,3,196,175,
                              115,246,223,134,191,131,129>>,
      'NONCE' = <<"385894187">>,'REALM' = <<"eturnal.net">>,
      'REQUESTED-ADDRESS-FAMILY' = undefined,'REQUESTED-TRANSPORT' = udp,
      'SOFTWARE' = undefined,'UNKNOWN-ATTRIBUTES' = [],
      'USERNAME' = <<"2145913200">>,'XOR-MAPPED-ADDRESS' = undefined,
      'XOR-PEER-ADDRESS' = [],'XOR-RELAYED-ADDRESS' = undefined} (stun:udp_recv/5:112)
2023-08-07 15:55:05.247311+00:00 [debug] Deriving password for: 2145913200 [UDP, session tn8ovlkf1aq3, user 2145913200, client 127.0.0.1:43945] (eturnal:get_password/2:243)
2023-08-07 15:55:05.247372+00:00 [info] Accepting long-term STUN/TURN authentication [UDP, session tn8ovlkf1aq3, user 2145913200, client 127.0.0.1:43945] (stun:process/2:253)
2023-08-07 15:55:05.247457+00:00 [debug] Running 'turn_session_start' hook [UDP, session tn8ovlkf1aq3, user 2145913200, client 127.0.0.1:43945] (turn:run_hook/3:740)
2023-08-07 15:55:05.247510+00:00 [debug] Got 'turn_session_start' event [UDP, session tn8ovlkf1aq3, user 2145913200, client 127.0.0.1:43945] (eturnal_module:handle_event/2:177)
2023-08-07 15:55:05.247551+00:00 [debug] Calling mod_stats_prometheus:handle_event/2 [UDP, session tn8ovlkf1aq3, user 2145913200, client 127.0.0.1:43945] (eturnal_module:handle_event/2:180)
2023-08-07 15:55:05.247621+00:00 [debug] Observing started TURN session tn8ovlkf1aq3 for Prometheus [UDP, session tn8ovlkf1aq3, user 2145913200, client 127.0.0.1:43945] (mod_stats_prometheus:on_turn_session_start/1:174)
2023-08-07 15:55:05.247821+00:00 [notice] Creating TURN allocation (lifetime: 599 seconds) [UDP, session tn8ovlkf1aq3, user 2145913200, client 127.0.0.1:43945, relay 127.0.0.1:52300] (turn:wait_for_allocate/2:219)
2023-08-07 15:55:05.247922+00:00 [debug] Sending:
#stun{class = response,method = 3,magic = 554869826,
      trid = 31898229381751145422966110550,raw = <<>>,unsupported = [],
      'ALTERNATE-SERVER' = undefined,'CHANNEL-NUMBER' = undefined,
      'DATA' = undefined,'DONT-FRAGMENT' = false,'ERROR-CODE' = undefined,
      'LIFETIME' = 599,'MAPPED-ADDRESS' = undefined,
      'MESSAGE-INTEGRITY' = undefined,'NONCE' = undefined,'REALM' = undefined,
      'REQUESTED-ADDRESS-FAMILY' = undefined,
      'REQUESTED-TRANSPORT' = undefined,'SOFTWARE' = <<"eturnal">>,
      'UNKNOWN-ATTRIBUTES' = [],'USERNAME' = undefined,
      'XOR-MAPPED-ADDRESS' = {{127,0,0,1},43945},
      'XOR-PEER-ADDRESS' = [],
      'XOR-RELAYED-ADDRESS' = {{127,0,0,1},52300}} (turn:send/2:542)
2023-08-07 15:55:05.248162+00:00 [debug] Received:
#stun{class = request,method = 4,magic = 554869826,
      trid = 5692841702046247882863717611,
      raw = <<0,4,0,80,33,18,164,66,18,101,2,31,12,121,161,105,113,140,172,235,
              0,6,0,10,50,49,52,53,57,49,51,50,48,48,0,0,0,20,0,11,101,116,117,
              114,110,97,108,46,110,101,116,0,0,21,0,9,51,56,53,56,57,52,49,56,
              55,0,0,0,0,13,0,4,0,0,0,0>>,
      unsupported = [],'ALTERNATE-SERVER' = undefined,
      'CHANNEL-NUMBER' = undefined,'DATA' = undefined,'DONT-FRAGMENT' = false,
      'ERROR-CODE' = undefined,'LIFETIME' = 0,'MAPPED-ADDRESS' = undefined,
      'MESSAGE-INTEGRITY' = <<166,28,73,232,0,193,15,18,253,142,20,201,177,117,
                              162,132,172,238,228,242>>,
      'NONCE' = <<"385894187">>,'REALM' = <<"eturnal.net">>,
      'REQUESTED-ADDRESS-FAMILY' = undefined,
      'REQUESTED-TRANSPORT' = undefined,'SOFTWARE' = undefined,
      'UNKNOWN-ATTRIBUTES' = [],'USERNAME' = <<"2145913200">>,
      'XOR-MAPPED-ADDRESS' = undefined,'XOR-PEER-ADDRESS' = [],
      'XOR-RELAYED-ADDRESS' = undefined} (stun:udp_recv/5:112)
2023-08-07 15:55:05.248274+00:00 [debug] Deriving password for: 2145913200 [UDP, session 8ydo66k1b0wq, user 2145913200, client 127.0.0.1:43945] (eturnal:get_password/2:243)
2023-08-07 15:55:05.248334+00:00 [info] Accepting long-term STUN/TURN authentication [UDP, session 8ydo66k1b0wq, user 2145913200, client 127.0.0.1:43945] (stun:process/2:253)
2023-08-07 15:55:05.248385+00:00 [info] Client requested closing the TURN session [UDP, session tn8ovlkf1aq3, user 2145913200, client 127.0.0.1:43945, relay 127.0.0.1:52300] (turn:active/2:278)
2023-08-07 15:55:05.248493+00:00 [debug] Sending:
#stun{class = response,method = 4,magic = 554869826,
      trid = 5692841702046247882863717611,raw = <<>>,unsupported = [],
      'ALTERNATE-SERVER' = undefined,'CHANNEL-NUMBER' = undefined,
      'DATA' = undefined,'DONT-FRAGMENT' = false,'ERROR-CODE' = undefined,
      'LIFETIME' = 0,'MAPPED-ADDRESS' = undefined,
      'MESSAGE-INTEGRITY' = undefined,'NONCE' = undefined,'REALM' = undefined,
      'REQUESTED-ADDRESS-FAMILY' = undefined,
      'REQUESTED-TRANSPORT' = undefined,'SOFTWARE' = <<"eturnal">>,
      'UNKNOWN-ATTRIBUTES' = [],'USERNAME' = undefined,
      'XOR-MAPPED-ADDRESS' = undefined,'XOR-PEER-ADDRESS' = [],
      'XOR-RELAYED-ADDRESS' = undefined} (turn:send/2:542)
2023-08-07 15:55:05.248590+00:00 [info] Deleting TURN allocation [UDP, session tn8ovlkf1aq3, user 2145913200, client 127.0.0.1:43945, relay 127.0.0.1:52300] (turn:terminate/3:475)
2023-08-07 15:55:05.248649+00:00 [notice] Relayed 0 KiB (in 0 B / 0 packets, out 0 B / 0 packets), duration: 0 seconds [UDP, session tn8ovlkf1aq3, user 2145913200, client 127.0.0.1:43945, relay 127.0.0.1:52300] (turn:terminate/3:482)
2023-08-07 15:55:05.248700+00:00 [debug] Running 'turn_session_stop' hook [UDP, session tn8ovlkf1aq3, user 2145913200, client 127.0.0.1:43945, relay 127.0.0.1:52300] (turn:run_hook/3:740)
2023-08-07 15:55:05.248775+00:00 [debug] Got 'turn_session_stop' event [UDP, session tn8ovlkf1aq3, user 2145913200, client 127.0.0.1:43945, relay 127.0.0.1:52300] (eturnal_module:handle_event/2:177)
2023-08-07 15:55:05.248808+00:00 [debug] Calling mod_stats_influx:handle_event/2 [UDP, session tn8ovlkf1aq3, user 2145913200, client 127.0.0.1:43945, relay 127.0.0.1:52300] (eturnal_module:handle_event/2:180)
2023-08-07 15:55:05.248863+00:00 [debug] Writing stats of TURN session tn8ovlkf1aq3 to InfluxDB [UDP, session tn8ovlkf1aq3, user 2145913200, client 127.0.0.1:43945, relay 127.0.0.1:52300] (mod_stats_influx:on_turn_session_stop/1:87)
2023-08-07 15:55:05.248993+00:00 [debug] Calling mod_stats_prometheus:handle_event/2 [UDP, session tn8ovlkf1aq3, user 2145913200, client 127.0.0.1:43945, relay 127.0.0.1:52300] (eturnal_module:handle_event/2:180)
2023-08-07 15:55:05.249031+00:00 [debug] Observing stopped TURN session tn8ovlkf1aq3 for Prometheus [UDP, session tn8ovlkf1aq3, user 2145913200, client 127.0.0.1:43945, relay 127.0.0.1:52300] (mod_stats_prometheus:on_turn_session_stop/1:187)
2023-08-07 15:55:05.272367+00:00 [debug] Received:
#stun{class = request,method = 1,magic = 554869826,
      trid = 68884240395455804230298812840,raw = <<>>,unsupported = [],
      'ALTERNATE-SERVER' = undefined,'CHANNEL-NUMBER' = undefined,
      'DATA' = undefined,'DONT-FRAGMENT' = false,'ERROR-CODE' = undefined,
      'LIFETIME' = undefined,'MAPPED-ADDRESS' = undefined,
      'MESSAGE-INTEGRITY' = undefined,'NONCE' = undefined,'REALM' = undefined,
      'REQUESTED-ADDRESS-FAMILY' = undefined,
      'REQUESTED-TRANSPORT' = undefined,'SOFTWARE' = undefined,
      'UNKNOWN-ATTRIBUTES' = [],'USERNAME' = undefined,
      'XOR-MAPPED-ADDRESS' = undefined,'XOR-PEER-ADDRESS' = [],
      'XOR-RELAYED-ADDRESS' = undefined} (stun:udp_recv/5:112)
2023-08-07 15:55:05.272463+00:00 [debug] Responding to STUN request [UDP, session 0sk3n3n00kjh, anonymous, client 127.0.0.1:56058] (stun:process/4:321)
2023-08-07 15:55:05.272811+00:00 [debug] Running 'stun_query' hook [UDP, session 0sk3n3n00kjh, anonymous, client 127.0.0.1:56058] (stun:run_hook/3:839)
2023-08-07 15:55:05.272850+00:00 [debug] Got 'stun_query' event [UDP, session 0sk3n3n00kjh, anonymous, client 127.0.0.1:56058] (eturnal_module:handle_event/2:177)
2023-08-07 15:55:05.272885+00:00 [debug] Calling mod_log_stun:handle_event/2 [UDP, session 0sk3n3n00kjh, anonymous, client 127.0.0.1:56058] (eturnal_module:handle_event/2:180)
2023-08-07 15:55:05.272918+00:00 [info] Responding to STUN request [UDP, session 0sk3n3n00kjh, anonymous, client 127.0.0.1:56058] (mod_log_stun:handle_event/2:44)
2023-08-07 15:55:05.272955+00:00 [debug] Calling mod_stats_influx:handle_event/2 [UDP, session 0sk3n3n00kjh, anonymous, client 127.0.0.1:56058] (eturnal_module:handle_event/2:180)
2023-08-07 15:55:05.272984+00:00 [debug] Writing STUN query event to InfluxDB [UDP, session 0sk3n3n00kjh, anonymous, client 127.0.0.1:56058] (mod_stats_influx:on_stun_query/1:76)
2023-08-07 15:55:05.273134+00:00 [debug] Calling mod_stats_prometheus:handle_event/2 [UDP, session 0sk3n3n00kjh, anonymous, client 127.0.0.1:56058] (eturnal_module:handle_event/2:180)
2023-08-07 15:55:05.273197+00:00 [debug] Observing STUN query for Prometheus [UDP, session 0sk3n3n00kjh, anonymous, client 127.0.0.1:56058] (mod_stats_prometheus:on_stun_query/1:166)
2023-08-07 15:55:05.273293+00:00 [debug] Sending:
#stun{class = response,method = 1,magic = 554869826,
      trid = 68884240395455804230298812840,raw = <<>>,unsupported = [],
      'ALTERNATE-SERVER' = undefined,'CHANNEL-NUMBER' = undefined,
      'DATA' = undefined,'DONT-FRAGMENT' = false,'ERROR-CODE' = undefined,
      'LIFETIME' = undefined,'MAPPED-ADDRESS' = undefined,
      'MESSAGE-INTEGRITY' = undefined,'NONCE' = undefined,'REALM' = undefined,
      'REQUESTED-ADDRESS-FAMILY' = undefined,
      'REQUESTED-TRANSPORT' = undefined,'SOFTWARE' = <<"eturnal">>,
      'UNKNOWN-ATTRIBUTES' = [],'USERNAME' = undefined,
      'XOR-MAPPED-ADDRESS' = {{127,0,0,1},56058},
      'XOR-PEER-ADDRESS' = [],'XOR-RELAYED-ADDRESS' = undefined} (stun:send/3:462)
2023-08-07 15:55:05.297326+00:00 [info] Accepting connection: 127.0.0.1:44236 -> 127.0.0.1:34780 [TCP, session ssvvnhrqnteq] (stun_acceptor:accept/3:158)
2023-08-07 15:55:05.297641+00:00 [debug] Received:
#stun{class = request,method = 1,magic = 554869826,
      trid = 66067296471818907097946435766,raw = <<>>,unsupported = [],
      'ALTERNATE-SERVER' = undefined,'CHANNEL-NUMBER' = undefined,
      'DATA' = undefined,'DONT-FRAGMENT' = false,'ERROR-CODE' = undefined,
      'LIFETIME' = undefined,'MAPPED-ADDRESS' = undefined,
      'MESSAGE-INTEGRITY' = undefined,'NONCE' = undefined,'REALM' = undefined,
      'REQUESTED-ADDRESS-FAMILY' = undefined,
      'REQUESTED-TRANSPORT' = undefined,'SOFTWARE' = undefined,
      'UNKNOWN-ATTRIBUTES' = [],'USERNAME' = undefined,
      'XOR-MAPPED-ADDRESS' = undefined,'XOR-PEER-ADDRESS' = [],
      'XOR-RELAYED-ADDRESS' = undefined} (stun:process_data/3:419)
2023-08-07 15:55:05.297745+00:00 [debug] Responding to STUN request [TCP, session ssvvnhrqnteq, anonymous, client 127.0.0.1:44236] (stun:process/4:321)
2023-08-07 15:55:05.297795+00:00 [debug] Running 'stun_query' hook [TCP, session ssvvnhrqnteq, anonymous, client 127.0.0.1:44236] (stun:run_hook/3:839)
2023-08-07 15:55:05.297839+00:00 [debug] Got 'stun_query' event [TCP, session ssvvnhrqnteq, anonymous, client 127.0.0.1:44236] (eturnal_module:handle_event/2:177)
2023-08-07 15:55:05.297874+00:00 [debug] Calling mod_log_stun:handle_event/2 [TCP, session ssvvnhrqnteq, anonymous, client 127.0.0.1:44236] (eturnal_module:handle_event/2:180)
2023-08-07 15:55:05.297914+00:00 [info] Responding to STUN request [TCP, session ssvvnhrqnteq, anonymous, client 127.0.0.1:44236] (mod_log_stun:handle_event/2:44)
2023-08-07 15:55:05.297949+00:00 [debug] Calling mod_stats_influx:handle_event/2 [TCP, session ssvvnhrqnteq, anonymous, client 127.0.0.1:44236] (eturnal_module:handle_event/2:180)
2023-08-07 15:55:05.297982+00:00 [debug] Writing STUN query event to InfluxDB [TCP, session ssvvnhrqnteq, anonymous, client 127.0.0.1:44236] (mod_stats_influx:on_stun_query/1:76)
2023-08-07 15:55:05.298145+00:00 [debug] Calling mod_stats_prometheus:handle_event/2 [TCP, session ssvvnhrqnteq, anonymous, client 127.0.0.1:44236] (eturnal_module:handle_event/2:180)
2023-08-07 15:55:05.298196+00:00 [debug] Observing STUN query for Prometheus [TCP, session ssvvnhrqnteq, anonymous, client 127.0.0.1:44236] (mod_stats_prometheus:on_stun_query/1:166)
2023-08-07 15:55:05.298284+00:00 [debug] Sending:
#stun{class = response,method = 1,magic = 554869826,
      trid = 66067296471818907097946435766,raw = <<>>,unsupported = [],
      'ALTERNATE-SERVER' = undefined,'CHANNEL-NUMBER' = undefined,
      'DATA' = undefined,'DONT-FRAGMENT' = false,'ERROR-CODE' = undefined,
      'LIFETIME' = undefined,'MAPPED-ADDRESS' = undefined,
      'MESSAGE-INTEGRITY' = undefined,'NONCE' = undefined,'REALM' = undefined,
      'REQUESTED-ADDRESS-FAMILY' = undefined,
      'REQUESTED-TRANSPORT' = undefined,'SOFTWARE' = <<"P1 STUN library">>,
      'UNKNOWN-ATTRIBUTES' = [],'USERNAME' = undefined,
      'XOR-MAPPED-ADDRESS' = {{127,0,0,1},44236},
      'XOR-PEER-ADDRESS' = [],'XOR-RELAYED-ADDRESS' = undefined} (stun:send/3:462)
2023-08-07 15:55:05.298471+00:00 [info] Connection reset by peer [TCP, session ssvvnhrqnteq, anonymous, client 127.0.0.1:44236] (stun:handle_info/3:172)
2023-08-07 15:55:05.322376+00:00 [info] Accepting connection: 127.0.0.1:47434 -> 127.0.0.1:53490 [TLS, session 3ity2pyis6tb] (stun_acceptor:accept/3:158)
2023-08-07 15:55:06.331273+00:00 [debug] Received:
#stun{class = request,method = 1,magic = 554869826,
      trid = 19793256075250069620393347740,raw = <<>>,unsupported = [],
      'ALTERNATE-SERVER' = undefined,'CHANNEL-NUMBER' = undefined,
      'DATA' = undefined,'DONT-FRAGMENT' = false,'ERROR-CODE' = undefined,
      'LIFETIME' = undefined,'MAPPED-ADDRESS' = undefined,
      'MESSAGE-INTEGRITY' = undefined,'NONCE' = undefined,'REALM' = undefined,
      'REQUESTED-ADDRESS-FAMILY' = undefined,
      'REQUESTED-TRANSPORT' = undefined,'SOFTWARE' = undefined,
      'UNKNOWN-ATTRIBUTES' = [],'USERNAME' = undefined,
      'XOR-MAPPED-ADDRESS' = undefined,'XOR-PEER-ADDRESS' = [],
      'XOR-RELAYED-ADDRESS' = undefined} (stun:process_data/3:419)
2023-08-07 15:55:06.331402+00:00 [debug] Responding to STUN request [TLS, session 3ity2pyis6tb, anonymous, client 127.0.0.1:47434] (stun:process/4:321)
2023-08-07 15:55:06.331453+00:00 [debug] Running 'stun_query' hook [TLS, session 3ity2pyis6tb, anonymous, client 127.0.0.1:47434] (stun:run_hook/3:839)
2023-08-07 15:55:06.331526+00:00 [debug] Got 'stun_query' event [TLS, session 3ity2pyis6tb, anonymous, client 127.0.0.1:47434] (eturnal_module:handle_event/2:177)
2023-08-07 15:55:06.331560+00:00 [debug] Calling mod_log_stun:handle_event/2 [TLS, session 3ity2pyis6tb, anonymous, client 127.0.0.1:47434] (eturnal_module:handle_event/2:180)
2023-08-07 15:55:06.331625+00:00 [info] Responding to STUN request [TLS, session 3ity2pyis6tb, anonymous, client 127.0.0.1:47434] (mod_log_stun:handle_event/2:44)
2023-08-07 15:55:06.331655+00:00 [debug] Calling mod_stats_influx:handle_event/2 [TLS, session 3ity2pyis6tb, anonymous, client 127.0.0.1:47434] (eturnal_module:handle_event/2:180)
2023-08-07 15:55:06.331687+00:00 [debug] Writing STUN query event to InfluxDB [TLS, session 3ity2pyis6tb, anonymous, client 127.0.0.1:47434] (mod_stats_influx:on_stun_query/1:76)
2023-08-07 15:55:06.331913+00:00 [debug] Calling mod_stats_prometheus:handle_event/2 [TLS, session 3ity2pyis6tb, anonymous, client 127.0.0.1:47434] (eturnal_module:handle_event/2:180)
2023-08-07 15:55:06.331959+00:00 [debug] Observing STUN query for Prometheus [TLS, session 3ity2pyis6tb, anonymous, client 127.0.0.1:47434] (mod_stats_prometheus:on_stun_query/1:166)
2023-08-07 15:55:06.332064+00:00 [debug] Sending:
#stun{class = response,method = 1,magic = 554869826,
      trid = 19793256075250069620393347740,raw = <<>>,unsupported = [],
      'ALTERNATE-SERVER' = undefined,'CHANNEL-NUMBER' = undefined,
      'DATA' = undefined,'DONT-FRAGMENT' = false,'ERROR-CODE' = undefined,
      'LIFETIME' = undefined,'MAPPED-ADDRESS' = undefined,
      'MESSAGE-INTEGRITY' = undefined,'NONCE' = undefined,'REALM' = undefined,
      'REQUESTED-ADDRESS-FAMILY' = undefined,
      'REQUESTED-TRANSPORT' = undefined,'SOFTWARE' = <<"P1 STUN library">>,
      'UNKNOWN-ATTRIBUTES' = [],'USERNAME' = undefined,
      'XOR-MAPPED-ADDRESS' = {{127,0,0,1},47434},
      'XOR-PEER-ADDRESS' = [],'XOR-RELAYED-ADDRESS' = undefined} (stun:send/3:462)
2023-08-07 15:55:06.332405+00:00 [info] Connection reset by peer [TLS, session 3ity2pyis6tb, anonymous, client 127.0.0.1:47434] (stun:handle_info/3:172)
2023-08-07 15:55:06.357340+00:00 [info] Accepting connection: 127.0.0.1:35688 -> 127.0.0.1:34781 [TCP|TLS, session ar6fetzh9yhh] (stun_acceptor:accept/3:158)
2023-08-07 15:55:06.357493+00:00 [debug] Determined transport protocol: TCP (stun:is_tls_handshake/1:785)
2023-08-07 15:55:06.357758+00:00 [debug] Received:
#stun{class = request,method = 1,magic = 554869826,
      trid = 71845139593806279934325664034,raw = <<>>,unsupported = [],
      'ALTERNATE-SERVER' = undefined,'CHANNEL-NUMBER' = undefined,
      'DATA' = undefined,'DONT-FRAGMENT' = false,'ERROR-CODE' = undefined,
      'LIFETIME' = undefined,'MAPPED-ADDRESS' = undefined,
      'MESSAGE-INTEGRITY' = undefined,'NONCE' = undefined,'REALM' = undefined,
      'REQUESTED-ADDRESS-FAMILY' = undefined,
      'REQUESTED-TRANSPORT' = undefined,'SOFTWARE' = undefined,
      'UNKNOWN-ATTRIBUTES' = [],'USERNAME' = undefined,
      'XOR-MAPPED-ADDRESS' = undefined,'XOR-PEER-ADDRESS' = [],
      'XOR-RELAYED-ADDRESS' = undefined} (stun:process_data/3:419)
2023-08-07 15:55:06.357848+00:00 [debug] Responding to STUN request [TCP, session ar6fetzh9yhh, anonymous, client 127.0.0.1:35688] (stun:process/4:321)
2023-08-07 15:55:06.357897+00:00 [debug] Running 'stun_query' hook [TCP, session ar6fetzh9yhh, anonymous, client 127.0.0.1:35688] (stun:run_hook/3:839)
2023-08-07 15:55:06.357945+00:00 [debug] Got 'stun_query' event [TCP, session ar6fetzh9yhh, anonymous, client 127.0.0.1:35688] (eturnal_module:handle_event/2:177)
2023-08-07 15:55:06.357983+00:00 [debug] Calling mod_log_stun:handle_event/2 [TCP, session ar6fetzh9yhh, anonymous, client 127.0.0.1:35688] (eturnal_module:handle_event/2:180)
2023-08-07 15:55:06.358058+00:00 [info] Responding to STUN request [TCP, session ar6fetzh9yhh, anonymous, client 127.0.0.1:35688] (mod_log_stun:handle_event/2:44)
2023-08-07 15:55:06.358107+00:00 [debug] Calling mod_stats_influx:handle_event/2 [TCP, session ar6fetzh9yhh, anonymous, client 127.0.0.1:35688] (eturnal_module:handle_event/2:180)
2023-08-07 15:55:06.358170+00:00 [debug] Writing STUN query event to InfluxDB [TCP, session ar6fetzh9yhh, anonymous, client 127.0.0.1:35688] (mod_stats_influx:on_stun_query/1:76)
2023-08-07 15:55:06.358349+00:00 [debug] Calling mod_stats_prometheus:handle_event/2 [TCP, session ar6fetzh9yhh, anonymous, client 127.0.0.1:35688] (eturnal_module:handle_event/2:180)
2023-08-07 15:55:06.358395+00:00 [debug] Observing STUN query for Prometheus [TCP, session ar6fetzh9yhh, anonymous, client 127.0.0.1:35688] (mod_stats_prometheus:on_stun_query/1:166)
2023-08-07 15:55:06.358494+00:00 [debug] Sending:
#stun{class = response,method = 1,magic = 554869826,
      trid = 71845139593806279934325664034,raw = <<>>,unsupported = [],
      'ALTERNATE-SERVER' = undefined,'CHANNEL-NUMBER' = undefined,
      'DATA' = undefined,'DONT-FRAGMENT' = false,'ERROR-CODE' = undefined,
      'LIFETIME' = undefined,'MAPPED-ADDRESS' = undefined,
      'MESSAGE-INTEGRITY' = undefined,'NONCE' = undefined,'REALM' = undefined,
      'REQUESTED-ADDRESS-FAMILY' = undefined,
      'REQUESTED-TRANSPORT' = undefined,'SOFTWARE' = <<"P1 STUN library">>,
      'UNKNOWN-ATTRIBUTES' = [],'USERNAME' = undefined,
      'XOR-MAPPED-ADDRESS' = {{127,0,0,1},35688},
      'XOR-PEER-ADDRESS' = [],'XOR-RELAYED-ADDRESS' = undefined} (stun:send/3:462)
2023-08-07 15:55:06.358759+00:00 [info] Connection reset by peer [TCP, session ar6fetzh9yhh, anonymous, client 127.0.0.1:35688] (stun:handle_info/3:172)
2023-08-07 15:55:06.385826+00:00 [info] Accepting connection: 127.0.0.1:35696 -> 127.0.0.1:34781 [TCP|TLS, session ttbjogj0nw7d] (stun_acceptor:accept/3:158)
2023-08-07 15:55:06.385966+00:00 [debug] Determined transport protocol: TLS (stun:is_tls_handshake/1:782)
2023-08-07 15:55:07.394283+00:00 [debug] Received:
#stun{class = request,method = 1,magic = 554869826,
      trid = 65362337836583470756156635354,raw = <<>>,unsupported = [],
      'ALTERNATE-SERVER' = undefined,'CHANNEL-NUMBER' = undefined,
      'DATA' = undefined,'DONT-FRAGMENT' = false,'ERROR-CODE' = undefined,
      'LIFETIME' = undefined,'MAPPED-ADDRESS' = undefined,
      'MESSAGE-INTEGRITY' = undefined,'NONCE' = undefined,'REALM' = undefined,
      'REQUESTED-ADDRESS-FAMILY' = undefined,
      'REQUESTED-TRANSPORT' = undefined,'SOFTWARE' = undefined,
      'UNKNOWN-ATTRIBUTES' = [],'USERNAME' = undefined,
      'XOR-MAPPED-ADDRESS' = undefined,'XOR-PEER-ADDRESS' = [],
      'XOR-RELAYED-ADDRESS' = undefined} (stun:process_data/3:419)
2023-08-07 15:55:07.394433+00:00 [debug] Responding to STUN request [TLS, session ttbjogj0nw7d, anonymous, client 127.0.0.1:35696] (stun:process/4:321)
2023-08-07 15:55:07.394488+00:00 [debug] Running 'stun_query' hook [TLS, session ttbjogj0nw7d, anonymous, client 127.0.0.1:35696] (stun:run_hook/3:839)
2023-08-07 15:55:07.394561+00:00 [debug] Got 'stun_query' event [TLS, session ttbjogj0nw7d, anonymous, client 127.0.0.1:35696] (eturnal_module:handle_event/2:177)
2023-08-07 15:55:07.394609+00:00 [debug] Calling mod_log_stun:handle_event/2 [TLS, session ttbjogj0nw7d, anonymous, client 127.0.0.1:35696] (eturnal_module:handle_event/2:180)
2023-08-07 15:55:07.394685+00:00 [info] Responding to STUN request [TLS, session ttbjogj0nw7d, anonymous, client 127.0.0.1:35696] (mod_log_stun:handle_event/2:44)
2023-08-07 15:55:07.394724+00:00 [debug] Calling mod_stats_influx:handle_event/2 [TLS, session ttbjogj0nw7d, anonymous, client 127.0.0.1:35696] (eturnal_module:handle_event/2:180)
2023-08-07 15:55:07.394757+00:00 [debug] Writing STUN query event to InfluxDB [TLS, session ttbjogj0nw7d, anonymous, client 127.0.0.1:35696] (mod_stats_influx:on_stun_query/1:76)
2023-08-07 15:55:07.394980+00:00 [debug] Calling mod_stats_prometheus:handle_event/2 [TLS, session ttbjogj0nw7d, anonymous, client 127.0.0.1:35696] (eturnal_module:handle_event/2:180)
2023-08-07 15:55:07.395081+00:00 [debug] Observing STUN query for Prometheus [TLS, session ttbjogj0nw7d, anonymous, client 127.0.0.1:35696] (mod_stats_prometheus:on_stun_query/1:166)
2023-08-07 15:55:07.395190+00:00 [debug] Sending:
#stun{class = response,method = 1,magic = 554869826,
      trid = 65362337836583470756156635354,raw = <<>>,unsupported = [],
      'ALTERNATE-SERVER' = undefined,'CHANNEL-NUMBER' = undefined,
      'DATA' = undefined,'DONT-FRAGMENT' = false,'ERROR-CODE' = undefined,
      'LIFETIME' = undefined,'MAPPED-ADDRESS' = undefined,
      'MESSAGE-INTEGRITY' = undefined,'NONCE' = undefined,'REALM' = undefined,
      'REQUESTED-ADDRESS-FAMILY' = undefined,
      'REQUESTED-TRANSPORT' = undefined,'SOFTWARE' = <<"P1 STUN library">>,
      'UNKNOWN-ATTRIBUTES' = [],'USERNAME' = undefined,
      'XOR-MAPPED-ADDRESS' = {{127,0,0,1},35696},
      'XOR-PEER-ADDRESS' = [],'XOR-RELAYED-ADDRESS' = undefined} (stun:send/3:462)
2023-08-07 15:55:07.395556+00:00 [info] Connection reset by peer [TLS, session ttbjogj0nw7d, anonymous, client 127.0.0.1:35696] (stun:handle_info/3:172)
2023-08-07 15:55:07.419740+00:00 [debug] No NOTIFY_SOCKET, dropping STOPPING=1 notification (eturnal_systemd:handle_cast/2:110)
2023-08-07 15:55:07.419906+00:00 [debug] Terminating eturnal (shutdown) (eturnal:terminate/2:184)
2023-08-07 15:55:07.419964+00:00 [debug] Watchdog interval is undefined, hibernating (eturnal_systemd:get_timeout/1:163)
2023-08-07 15:55:07.420127+00:00 [info] Stopped listening on 127.0.0.1:34780 (udp) (eturnal:stop_listeners/1:439)
2023-08-07 15:55:07.420266+00:00 [info] Stopped listening on 127.0.0.1:34780 (tcp) (eturnal:stop_listeners/1:439)
2023-08-07 15:55:07.420432+00:00 [info] Stopped listening on 127.0.0.1:53490 (tls) (eturnal:stop_listeners/1:439)
2023-08-07 15:55:07.420583+00:00 [info] Stopped listening on 127.0.0.1:34781 (auto) (eturnal:stop_listeners/1:439)
2023-08-07 15:55:07.421777+00:00 [debug] Calling mod_stats_influx:stop/1 (eturnal_module:stop/1:163)
2023-08-07 15:55:07.422749+00:00 [debug] Stopping mod_stats_influx (mod_stats_influx:stop/0:61)
2023-08-07 15:55:07.423183+00:00 [info] Stopped mod_stats_influx (eturnal:stop_modules/1:396)
2023-08-07 15:55:07.424321+00:00 [debug] Calling mod_stats_prometheus:stop/1 (eturnal_module:stop/1:163)
2023-08-07 15:55:07.424454+00:00 [debug] Stopping mod_stats_prometheus (mod_stats_prometheus:stop/0:110)
2023-08-07 15:55:07.424710+00:00 [info] Stopped mod_stats_prometheus (eturnal:stop_modules/1:396)
2023-08-07 15:55:07.425410+00:00 [debug] Calling mod_log_stun:stop/1 (eturnal_module:stop/1:163)
2023-08-07 15:55:07.425573+00:00 [debug] Stopping mod_log_stun (mod_log_stun:stop/0:49)
2023-08-07 15:55:07.425675+00:00 [info] Stopped mod_log_stun (eturnal:stop_modules/1:396)
2023-08-07 15:55:07.426521+00:00 [debug] Removed run/cert.pem (eturnal:clean_run_dir/0:832)
2023-08-07 15:55:07.426752+00:00 [debug] Terminating eturnal_systemd (shutdown) (eturnal_systemd:terminate/2:137)
2023-08-07 15:55:07.426956+00:00 [notice] Stopping eturnal 1.11.1 on Erlang/OTP 26 (ERTS 14.0) (eturnal_app:stop/1:53)
