2022-06-15 12:07:20.707137+00:00 [notice] Starting eturnal 1.8.3 on Erlang/OTP 25 (ERTS 13.0) (eturnal_app:start/2:35)
2022-06-15 12:07:20.707513+00:00 [debug] Starting supervisor: eturnal_sup (eturnal_sup:start_link/0:32)
2022-06-15 12:07:20.707768+00:00 [debug] Configuring eturnal_sup supervisor: [#{id => systemd,
                                       start =>
                                           {eturnal_systemd,start_link,[]}},
                                     #{id => eturnal,
                                       start => {eturnal,start_link,[]}}] (eturnal_sup:init/0:40)
2022-06-15 12:07:20.709996+00:00 [info] Got no NOTIFY_SOCKET, notifications disabled (eturnal_systemd:init/1:95)
2022-06-15 12:07:20.710266+00:00 [debug] PROGRESS REPORT:
    supervisor: {local,eturnal_sup}
    started: [{pid,<0.914.0>},
              {id,systemd},
              {mfargs,{eturnal_systemd,start_link,[]}},
              {restart_type,permanent},
              {significant,false},
              {shutdown,5000},
              {child_type,worker}]
 (supervisor:report_progress/2:1557)
2022-06-15 12:07:20.710471+00:00 [info] Relay IPv4 address: 127.0.0.1 (port range: 49152-65535) (eturnal:log_relay_addresses/0:287)
2022-06-15 12:07:20.710679+00:00 [info] Relay IPv6 address not configured (eturnal:log_relay_addresses/0:297)
2022-06-15 12:07:20.724029+00:00 [info] Cannot determine control query port: noport (eturnal:log_control_listener/0:312)
2022-06-15 12:07:20.724212+00:00 [debug] TURN configuration seems fine (eturnal:check_turn_config/1:520)
2022-06-15 12:07:20.724599+00:00 [debug] Using run directory run (eturnal:ensure_run_dir/0:713)
2022-06-15 12:07:20.724957+00:00 [warning] TLS enabled without 'tls_crt_file', creating self-signed certificate (eturnal:check_pem_file/0:643)
2022-06-15 12:07:21.081835+00:00 [debug] Calling mod_log_stun:start/0 (eturnal_module:start/1:142)
2022-06-15 12:07:21.082117+00:00 [debug] Starting mod_log_stun (mod_log_stun:start/0:39)
2022-06-15 12:07:21.082527+00:00 [info] Started mod_log_stun (eturnal:start_modules/0:323)
2022-06-15 12:07:21.082717+00:00 [debug] Calling mod_stats_influx:start/0 (eturnal_module:start/1:142)
2022-06-15 12:07:21.082902+00:00 [debug] Starting mod_stats_influx (mod_stats_influx:start/0:38)
2022-06-15 12:07:21.086053+00:00 [debug] PROGRESS REPORT:
    application: ulitos
    started_at: nonode@nohost
 (application_controller:info_started/2:2107)
2022-06-15 12:07:21.088463+00:00 [debug] PROGRESS REPORT:
    application: poolboy
    started_at: nonode@nohost
 (application_controller:info_started/2:2107)
2022-06-15 12:07:21.089792+00:00 [info]     msg: Starting application: influx_udp (influx_udp_app:start/2:10)
2022-06-15 12:07:21.093235+00:00 [debug] PROGRESS REPORT:
    supervisor: {local,influx_udp_sup}
    started: [{pid,<0.936.0>},
              {id,influx_udp},
              {mfargs,{influx_udp,start_link,[]}},
              {restart_type,permanent},
              {significant,false},
              {shutdown,5000},
              {child_type,worker}]
 (supervisor:report_progress/2:1557)
2022-06-15 12:07:21.093633+00:00 [debug] PROGRESS REPORT:
    application: influx_udp
    started_at: nonode@nohost
 (application_controller:info_started/2:2107)
2022-06-15 12:07:21.093796+00:00 [debug] Dependency influx_udp was available already (eturnal_module:ensure_dep/2:283)
2022-06-15 12:07:21.099221+00:00 [info]     host: {127,0,0,1}
    msg: Start clients pool
    options: #{host => "localhost",max_overflow => 1,pool_size => 1,
               port => 8089} (influx_udp:start_pool_/2:239)
2022-06-15 12:07:21.109338+00:00 [info]     msg: Open UDP socket on port
    port: 58378 (influx_udp_worker:init/1:43)
2022-06-15 12:07:21.109662+00:00 [debug] PROGRESS REPORT:
    supervisor: {local,influx_udp_sup}
    started: [{pid,<0.939.0>},
              {id,stats_influx_pool},
              {mfargs,
                  {poolboy,start_link,
                      [[{name,{local,stats_influx_pool}},
                        {worker_module,influx_udp_worker},
                        {size,1},
                        {max_overflow,1}],
                       [{options,
                            #{host => {127,0,0,1},
                              max_overflow => 1,pool_size => 1,
                              port => 8089}}]]}},
              {restart_type,permanent},
              {significant,false},
              {shutdown,5000},
              {child_type,worker}]
 (supervisor:report_progress/2:1557)
2022-06-15 12:07:21.109846+00:00 [info] Started mod_stats_influx (eturnal:start_modules/0:323)
2022-06-15 12:07:21.110490+00:00 [debug] Started 2 modules (eturnal:init/1:113)
2022-06-15 12:07:21.110731+00:00 [debug] Starting listener 127.0.0.1:34780 (udp) with options:
[{use_turn,true},
 {auth_type,user},
 {turn_ipv4_address,{127,0,0,1}},
 {turn_min_port,49152},
 {turn_max_port,65535},
 {turn_max_allocations,10},
 {turn_max_permissions,10},
 {shaper,100000},
 {turn_blacklist,[{{203,0,113,0},24},{{8193,3512,0,0,0,0,0,0},32}]},
 {turn_whitelist,[{{203,0,113,113},32},{{8193,3512,0,0,0,0,0,0},64}]},
 {auth_realm,<<"eturnal.net">>},
 {server_name,<<"eturnal">>},
 {auth_fun,fun eturnal:get_password/2},
 {hook_fun,fun eturnal:run_hook/2}] (eturnal:start_listeners/0:367)
2022-06-15 12:07:21.111099+00:00 [info] Listening on 127.0.0.1:34780 (udp) (STUN/TURN) (eturnal:start_listeners/0:372)
2022-06-15 12:07:21.111352+00:00 [debug] Starting listener 127.0.0.1:34780 (tcp) with options:
[{use_turn,false},
 {auth_type,anonymous},
 {turn_ipv4_address,{127,0,0,1}},
 {turn_min_port,49152},
 {turn_max_port,65535},
 {turn_max_allocations,10},
 {turn_max_permissions,10},
 {shaper,100000},
 {turn_blacklist,[{{203,0,113,0},24},{{8193,3512,0,0,0,0,0,0},32}]},
 {turn_whitelist,[{{203,0,113,113},32},{{8193,3512,0,0,0,0,0,0},64}]},
 {auth_realm,<<"eturnal.net">>},
 {server_name,<<"eturnal">>},
 {auth_fun,fun eturnal:get_password/2},
 {hook_fun,fun eturnal:run_hook/2}] (eturnal:start_listeners/0:367)
2022-06-15 12:07:21.135981+00:00 [info] Listening on 127.0.0.1:34780 (tcp) (STUN only) (eturnal:start_listeners/0:372)
2022-06-15 12:07:21.136524+00:00 [debug] Starting listener 127.0.0.1:53490 (tls) with options:
[{use_turn,false},
 {auth_type,anonymous},
 {tls,true},
 {certfile,<<"run/cert.pem">>},
 {ciphers,<<"HIGH:!aNULL:@STRENGTH">>},
 {protocol_options,<<"no_tlsv1|no_tlsv1_1|cipher_server_preference">>},
 {turn_ipv4_address,{127,0,0,1}},
 {turn_min_port,49152},
 {turn_max_port,65535},
 {turn_max_allocations,10},
 {turn_max_permissions,10},
 {shaper,100000},
 {turn_blacklist,[{{203,0,113,0},24},{{8193,3512,0,0,0,0,0,0},32}]},
 {turn_whitelist,[{{203,0,113,113},32},{{8193,3512,0,0,0,0,0,0},64}]},
 {auth_realm,<<"eturnal.net">>},
 {server_name,<<"eturnal">>},
 {auth_fun,fun eturnal:get_password/2},
 {hook_fun,fun eturnal:run_hook/2}] (eturnal:start_listeners/0:367)
2022-06-15 12:07:21.137127+00:00 [info] Listening on 127.0.0.1:53490 (tls) (STUN only) (eturnal:start_listeners/0:372)
2022-06-15 12:07:21.137353+00:00 [debug] Starting listener 127.0.0.1:34781 (auto) with options:
[{use_turn,false},
 {auth_type,anonymous},
 {tls,optional},
 {certfile,<<"run/cert.pem">>},
 {ciphers,<<"HIGH:!aNULL:@STRENGTH">>},
 {protocol_options,<<"no_tlsv1|no_tlsv1_1|cipher_server_preference">>},
 {turn_ipv4_address,{127,0,0,1}},
 {turn_min_port,49152},
 {turn_max_port,65535},
 {turn_max_allocations,10},
 {turn_max_permissions,10},
 {shaper,100000},
 {turn_blacklist,[{{203,0,113,0},24},{{8193,3512,0,0,0,0,0,0},32}]},
 {turn_whitelist,[{{203,0,113,113},32},{{8193,3512,0,0,0,0,0,0},64}]},
 {auth_realm,<<"eturnal.net">>},
 {server_name,<<"eturnal">>},
 {auth_fun,fun eturnal:get_password/2},
 {hook_fun,fun eturnal:run_hook/2}] (eturnal:start_listeners/0:367)
2022-06-15 12:07:21.158181+00:00 [info] Listening on 127.0.0.1:34781 (auto) (STUN only) (eturnal:start_listeners/0:372)
2022-06-15 12:07:21.158337+00:00 [debug] Started 4 listeners (eturnal:init/1:121)
2022-06-15 12:07:21.158500+00:00 [debug] PROGRESS REPORT:
    supervisor: {local,eturnal_sup}
    started: [{pid,<0.916.0>},
              {id,eturnal},
              {mfargs,{eturnal,start_link,[]}},
              {restart_type,permanent},
              {significant,false},
              {shutdown,5000},
              {child_type,worker}]
 (supervisor:report_progress/2:1557)
2022-06-15 12:07:21.158630+00:00 [debug] No NOTIFY_SOCKET, dropping READY=1 notification (eturnal_systemd:handle_cast/2:109)
2022-06-15 12:07:21.158676+00:00 [debug] PROGRESS REPORT:
    application: eturnal
    started_at: nonode@nohost
 (application_controller:info_started/2:2107)
2022-06-15 12:07:21.158884+00:00 [debug] Watchdog interval is undefined, hibernating (eturnal_systemd:get_timeout/1:162)
2022-06-15 12:07:21.194132+00:00 [debug] Handling API call: get_info() (eturnal_ctl:get_info/0:135)
2022-06-15 12:07:21.194975+00:00 [debug] eturnal call (get_info) returned {ok,
                                  {eturnal_node_info,<<"1.8.3">>,
                                   {"25","13.0"},
                                   4493,0,135,108124839,1,38878896}} (eturnal_ctl:call/1:452)
2022-06-15 12:07:21.220354+00:00 [debug] Handling API call: get_sessions() (eturnal_ctl:get_sessions/0:106)
2022-06-15 12:07:21.244735+00:00 [debug] Handling API call: get_sessions("alice") (eturnal_ctl:get_sessions/1:116)
2022-06-15 12:07:21.244978+00:00 [debug] Handling API call: disconnect(alice) (eturnal_ctl:disconnect/1:184)
2022-06-15 12:07:21.245110+00:00 [debug] Cannot convert user name to binary: alice (eturnal_ctl:disconnect/1:194)
2022-06-15 12:07:21.270152+00:00 [debug] Handling API call: disconnect("alice") (eturnal_ctl:disconnect/1:184)
2022-06-15 12:07:21.270482+00:00 [debug] Handling API call: disconnect(alice) (eturnal_ctl:disconnect/1:184)
2022-06-15 12:07:21.270690+00:00 [debug] Cannot convert user name to binary: alice (eturnal_ctl:disconnect/1:194)
2022-06-15 12:07:21.296470+00:00 [debug] Handling API call: get_credentials("2009-10-30 11:00:00Z", []) (eturnal_ctl:get_credentials/2:60)
2022-06-15 12:07:21.296778+00:00 [debug] eturnal call ({get_password,<<"1256900400">>}) returned {ok,
                                                         <<"uEKlpcME7MNMMVRV8rUFPCTIFEs=">>} (eturnal_ctl:call/1:452)
2022-06-15 12:07:21.302859+00:00 [debug] Handling API call: get_credentials("86400", "alice") (eturnal_ctl:get_credentials/2:60)
2022-06-15 12:07:21.303262+00:00 [debug] eturnal call ({get_password,<<"1655381241:alice">>}) returned {ok,
                                                               <<"8XEiiKbKBYlIkHdyj1daU0eMQgE=">>} (eturnal_ctl:call/1:452)
2022-06-15 12:07:21.303485+00:00 [debug] Handling API call: get_password("1655381241:alice") (eturnal_ctl:get_password/1:79)
2022-06-15 12:07:21.303815+00:00 [debug] eturnal call ({get_password,<<"1655381241:alice">>}) returned {ok,
                                                               <<"8XEiiKbKBYlIkHdyj1daU0eMQgE=">>} (eturnal_ctl:call/1:452)
2022-06-15 12:07:21.304064+00:00 [debug] Handling API call: get_credentials("86400s", "alice") (eturnal_ctl:get_credentials/2:60)
2022-06-15 12:07:21.304401+00:00 [debug] eturnal call ({get_password,<<"1655381241:alice">>}) returned {ok,
                                                               <<"8XEiiKbKBYlIkHdyj1daU0eMQgE=">>} (eturnal_ctl:call/1:452)
2022-06-15 12:07:21.304610+00:00 [debug] Handling API call: get_password("1655381241:alice") (eturnal_ctl:get_password/1:79)
2022-06-15 12:07:21.304743+00:00 [debug] eturnal call ({get_password,<<"1655381241:alice">>}) returned {ok,
                                                               <<"8XEiiKbKBYlIkHdyj1daU0eMQgE=">>} (eturnal_ctl:call/1:452)
2022-06-15 12:07:21.304956+00:00 [debug] Handling API call: get_credentials("1440m", "alice") (eturnal_ctl:get_credentials/2:60)
2022-06-15 12:07:21.305206+00:00 [debug] eturnal call ({get_password,<<"1655381241:alice">>}) returned {ok,
                                                               <<"8XEiiKbKBYlIkHdyj1daU0eMQgE=">>} (eturnal_ctl:call/1:452)
2022-06-15 12:07:21.305677+00:00 [debug] Handling API call: get_password("1655381241:alice") (eturnal_ctl:get_password/1:79)
2022-06-15 12:07:21.305931+00:00 [debug] eturnal call ({get_password,<<"1655381241:alice">>}) returned {ok,
                                                               <<"8XEiiKbKBYlIkHdyj1daU0eMQgE=">>} (eturnal_ctl:call/1:452)
2022-06-15 12:07:21.306310+00:00 [debug] Handling API call: get_credentials("24h", "alice") (eturnal_ctl:get_credentials/2:60)
2022-06-15 12:07:21.306570+00:00 [debug] eturnal call ({get_password,<<"1655381241:alice">>}) returned {ok,
                                                               <<"8XEiiKbKBYlIkHdyj1daU0eMQgE=">>} (eturnal_ctl:call/1:452)
2022-06-15 12:07:21.306921+00:00 [debug] Handling API call: get_password("1655381241:alice") (eturnal_ctl:get_password/1:79)
2022-06-15 12:07:21.307207+00:00 [debug] eturnal call ({get_password,<<"1655381241:alice">>}) returned {ok,
                                                               <<"8XEiiKbKBYlIkHdyj1daU0eMQgE=">>} (eturnal_ctl:call/1:452)
2022-06-15 12:07:21.307551+00:00 [debug] Handling API call: get_credentials("1d", "alice") (eturnal_ctl:get_credentials/2:60)
2022-06-15 12:07:21.307821+00:00 [debug] eturnal call ({get_password,<<"1655381241:alice">>}) returned {ok,
                                                               <<"8XEiiKbKBYlIkHdyj1daU0eMQgE=">>} (eturnal_ctl:call/1:452)
2022-06-15 12:07:21.308076+00:00 [debug] Handling API call: get_password("1655381241:alice") (eturnal_ctl:get_password/1:79)
2022-06-15 12:07:21.308451+00:00 [debug] eturnal call ({get_password,<<"1655381241:alice">>}) returned {ok,
                                                               <<"8XEiiKbKBYlIkHdyj1daU0eMQgE=">>} (eturnal_ctl:call/1:452)
2022-06-15 12:07:21.308724+00:00 [debug] Handling API call: get_password("Invalid") (eturnal_ctl:get_password/1:79)
2022-06-15 12:07:21.308994+00:00 [debug] Invalid user name: Invalid (eturnal_ctl:get_password/1:93)
2022-06-15 12:07:21.309133+00:00 [debug] Handling API call: get_credentials("Invalid", []) (eturnal_ctl:get_credentials/2:60)
2022-06-15 12:07:21.309356+00:00 [debug] Invalid argument(s): "Invalid":[] (eturnal_ctl:get_credentials/2:73)
2022-06-15 12:07:21.309509+00:00 [debug] Handling API call: get_password(invalid) (eturnal_ctl:get_password/1:79)
2022-06-15 12:07:21.309613+00:00 [debug] Cannot convert user name to binary: invalid (eturnal_ctl:get_password/1:100)
2022-06-15 12:07:21.309751+00:00 [debug] Handling API call: get_credentials(invalid, []) (eturnal_ctl:get_credentials/2:60)
2022-06-15 12:07:21.309887+00:00 [debug] Invalid argument(s): invalid:[] (eturnal_ctl:get_credentials/2:73)
2022-06-15 12:07:21.310003+00:00 [debug] Handling API call: get_password([invalid]) (eturnal_ctl:get_password/1:79)
2022-06-15 12:07:21.310109+00:00 [debug] Cannot convert user name to binary: [invalid] (eturnal_ctl:get_password/1:100)
2022-06-15 12:07:21.310223+00:00 [debug] Handling API call: get_credentials([invalid], []) (eturnal_ctl:get_credentials/2:60)
2022-06-15 12:07:21.310404+00:00 [debug] Invalid argument(s): [invalid]:[] (eturnal_ctl:get_credentials/2:73)
2022-06-15 12:07:21.310574+00:00 [debug] Handling API call: get_credentials(1256900400, invalid) (eturnal_ctl:get_credentials/2:60)
2022-06-15 12:07:21.310739+00:00 [debug] Invalid argument(s): 1256900400:invalid (eturnal_ctl:get_credentials/2:73)
2022-06-15 12:07:21.336481+00:00 [debug] Handling API call: set_loglevel(debug) (eturnal_ctl:set_loglevel/1:165)
2022-06-15 12:07:21.336905+00:00 [debug] eturnal call ({set_loglevel,debug}) returned ok (eturnal_ctl:call/1:449)
2022-06-15 12:07:21.337136+00:00 [debug] Handling API call: get_loglevel() (eturnal_ctl:get_loglevel/0:155)
2022-06-15 12:07:21.337574+00:00 [debug] eturnal call (get_loglevel) returned {ok,debug} (eturnal_ctl:call/1:452)
2022-06-15 12:07:21.337838+00:00 [debug] Handling API call: set_loglevel(invalid) (eturnal_ctl:set_loglevel/1:165)
2022-06-15 12:07:21.338143+00:00 [debug] Invalid log level: invalid (eturnal_ctl:set_loglevel/1:175)
2022-06-15 12:07:21.338753+00:00 [debug] Handling API call: get_loglevel() (eturnal_ctl:get_loglevel/0:155)
2022-06-15 12:07:21.339286+00:00 [debug] eturnal call (get_loglevel) returned {ok,debug} (eturnal_ctl:call/1:452)
2022-06-15 12:07:21.365653+00:00 [debug] Handling API call: get_version() (eturnal_ctl:get_version/0:145)
2022-06-15 12:07:21.365838+00:00 [debug] eturnal call (get_version) returned {ok,<<"1.8.3">>} (eturnal_ctl:call/1:452)
2022-06-15 12:07:21.391117+00:00 [debug] Handling API call: reload() (eturnal_ctl:reload/0:200)
2022-06-15 12:07:21.393365+00:00 [debug] Calling mod_log_stun:options/0 (eturnal_module:options/1:191)
2022-06-15 12:07:21.393571+00:00 [debug] Calling mod_stats_influx:options/0 (eturnal_module:options/1:191)
2022-06-15 12:07:21.394333+00:00 [warning] TLS enabled without 'tls_crt_file', creating self-signed certificate (eturnal:check_pem_file/0:643)
2022-06-15 12:07:21.588343+00:00 [info] Using new TLS certificate (eturnal:handle_call/3:140)
2022-06-15 12:07:21.588622+00:00 [debug] Reloaded configuration (eturnal:handle_call/3:146)
2022-06-15 12:07:21.588936+00:00 [debug] eturnal call (reload) returned ok (eturnal_ctl:call/1:449)
2022-06-15 12:07:21.590100+00:00 [debug] Handling API call: reload() (eturnal_ctl:reload/0:200)
2022-06-15 12:07:21.595750+00:00 [debug] Calling mod_log_stun:options/0 (eturnal_module:options/1:191)
2022-06-15 12:07:21.595973+00:00 [debug] Calling mod_stats_influx:options/0 (eturnal_module:options/1:191)
2022-06-15 12:07:21.597085+00:00 [debug] Keeping PEM file (run/cert.pem) (eturnal:check_pem_file/0:640)
2022-06-15 12:07:21.597286+00:00 [debug] TLS certificate unchanged (eturnal:handle_call/3:142)
2022-06-15 12:07:21.597487+00:00 [debug] Reloaded configuration (eturnal:handle_call/3:146)
2022-06-15 12:07:21.598292+00:00 [debug] eturnal call (reload) returned ok (eturnal_ctl:call/1:449)
2022-06-15 12:07:21.625347+00:00 [info] Accepting connection: 127.0.0.1:51864 -> 127.0.0.1:34780 [TCP, session wiqsiz1vrto9] (stun_listener:accept/3:221)
2022-06-15 12:07:21.654459+00:00 [info] Accepting connection: 127.0.0.1:47270 -> 127.0.0.1:53490 [TLS, session mqsy762vjto4] (stun_listener:accept/3:221)
2022-06-15 12:07:21.687406+00:00 [debug] Received:
#stun{class = request,method = 3,magic = 554869826,
      trid = 39906433811649133703999816559,raw = <<>>,unsupported = [],
      'ALTERNATE-SERVER' = undefined,'CHANNEL-NUMBER' = undefined,
      'DATA' = undefined,'DONT-FRAGMENT' = false,'ERROR-CODE' = undefined,
      'LIFETIME' = undefined,'MAPPED-ADDRESS' = undefined,
      'MESSAGE-INTEGRITY' = undefined,'NONCE' = undefined,'REALM' = undefined,
      'REQUESTED-ADDRESS-FAMILY' = undefined,
      'REQUESTED-TRANSPORT' = undefined,'SOFTWARE' = undefined,
      'UNKNOWN-ATTRIBUTES' = [],'USERNAME' = undefined,
      'XOR-MAPPED-ADDRESS' = undefined,'XOR-PEER-ADDRESS' = [],
      'XOR-RELAYED-ADDRESS' = undefined} (stun:udp_recv/5:111)
2022-06-15 12:07:21.687623+00:00 [debug] Sending:
#stun{class = error,method = 3,magic = 554869826,
      trid = 39906433811649133703999816559,raw = <<>>,unsupported = [],
      'ALTERNATE-SERVER' = undefined,'CHANNEL-NUMBER' = undefined,
      'DATA' = undefined,'DONT-FRAGMENT' = false,
      'ERROR-CODE' = {401,<<"Unauthorized">>},
      'LIFETIME' = undefined,'MAPPED-ADDRESS' = undefined,
      'MESSAGE-INTEGRITY' = undefined,'NONCE' = <<"2256200067">>,
      'REALM' = <<"eturnal.net">>,'REQUESTED-ADDRESS-FAMILY' = undefined,
      'REQUESTED-TRANSPORT' = undefined,'SOFTWARE' = <<"eturnal">>,
      'UNKNOWN-ATTRIBUTES' = [],'USERNAME' = undefined,
      'XOR-MAPPED-ADDRESS' = undefined,'XOR-PEER-ADDRESS' = [],
      'XOR-RELAYED-ADDRESS' = undefined} (stun:send/3:445)
2022-06-15 12:07:21.688011+00:00 [debug] Received:
#stun{class = request,method = 3,magic = 554869826,
      trid = 10601452150643121859887944630,
      raw = <<0,3,0,80,33,18,164,66,34,65,80,208,169,82,206,205,198,0,211,182,
              0,25,0,4,17,0,0,0,0,6,0,10,50,49,52,53,57,49,51,50,48,48,0,0,0,
              20,0,11,101,116,117,114,110,97,108,46,110,101,116,0,0,21,0,10,50,
              50,53,54,50,48,48,48,54,55,0,0>>,
      unsupported = [],'ALTERNATE-SERVER' = undefined,
      'CHANNEL-NUMBER' = undefined,'DATA' = undefined,'DONT-FRAGMENT' = false,
      'ERROR-CODE' = undefined,'LIFETIME' = undefined,
      'MAPPED-ADDRESS' = undefined,
      'MESSAGE-INTEGRITY' = <<91,66,183,245,116,94,199,171,64,206,206,255,107,
                              175,155,115,42,159,250,24>>,
      'NONCE' = <<"2256200067">>,'REALM' = <<"eturnal.net">>,
      'REQUESTED-ADDRESS-FAMILY' = undefined,'REQUESTED-TRANSPORT' = udp,
      'SOFTWARE' = undefined,'UNKNOWN-ATTRIBUTES' = [],
      'USERNAME' = <<"2145913200">>,'XOR-MAPPED-ADDRESS' = undefined,
      'XOR-PEER-ADDRESS' = [],'XOR-RELAYED-ADDRESS' = undefined} (stun:udp_recv/5:111)
2022-06-15 12:07:21.688197+00:00 [debug] Looking up password for: 2145913200 [UDP, session qz91scb50ozk, user 2145913200, client 127.0.0.1:52510] (eturnal:get_password/2:225)
2022-06-15 12:07:21.688298+00:00 [info] Accepting long-term STUN/TURN authentication [UDP, session qz91scb50ozk, user 2145913200, client 127.0.0.1:52510] (stun:process/2:249)
2022-06-15 12:07:21.692483+00:00 [debug] Running 'turn_session_start' hook [UDP, session qz91scb50ozk, user 2145913200, client 127.0.0.1:52510] (turn:run_hook/2:711)
2022-06-15 12:07:21.692591+00:00 [debug] Got 'turn_session_start' event [UDP, session qz91scb50ozk, user 2145913200, client 127.0.0.1:52510] (eturnal_module:handle_event/2:176)
2022-06-15 12:07:21.693258+00:00 [notice] Creating TURN allocation (lifetime: 600 seconds) [UDP, session qz91scb50ozk, user 2145913200, client 127.0.0.1:52510, relay 127.0.0.1:61078] (turn:wait_for_allocate/2:207)
2022-06-15 12:07:21.693446+00:00 [debug] Sending:
#stun{class = response,method = 3,magic = 554869826,
      trid = 10601452150643121859887944630,raw = <<>>,unsupported = [],
      'ALTERNATE-SERVER' = undefined,'CHANNEL-NUMBER' = undefined,
      'DATA' = undefined,'DONT-FRAGMENT' = false,'ERROR-CODE' = undefined,
      'LIFETIME' = 600,'MAPPED-ADDRESS' = undefined,
      'MESSAGE-INTEGRITY' = undefined,'NONCE' = undefined,'REALM' = undefined,
      'REQUESTED-ADDRESS-FAMILY' = undefined,
      'REQUESTED-TRANSPORT' = undefined,'SOFTWARE' = <<"eturnal">>,
      'UNKNOWN-ATTRIBUTES' = [],'USERNAME' = undefined,
      'XOR-MAPPED-ADDRESS' = {{127,0,0,1},52510},
      'XOR-PEER-ADDRESS' = [],
      'XOR-RELAYED-ADDRESS' = {{127,0,0,1},61078}} (turn:send/2:521)
2022-06-15 12:07:21.693873+00:00 [debug] Received:
#stun{class = request,method = 4,magic = 554869826,
      trid = 6615718228354599729641262875,
      raw = <<0,4,0,80,33,18,164,66,21,96,100,211,201,101,51,213,251,135,143,
              27,0,6,0,10,50,49,52,53,57,49,51,50,48,48,0,0,0,20,0,11,101,116,
              117,114,110,97,108,46,110,101,116,0,0,21,0,10,50,50,53,54,50,48,
              48,48,54,55,0,0,0,13,0,4,0,0,0,0>>,
      unsupported = [],'ALTERNATE-SERVER' = undefined,
      'CHANNEL-NUMBER' = undefined,'DATA' = undefined,'DONT-FRAGMENT' = false,
      'ERROR-CODE' = undefined,'LIFETIME' = 0,'MAPPED-ADDRESS' = undefined,
      'MESSAGE-INTEGRITY' = <<181,105,144,65,36,170,4,191,204,138,187,156,103,
                              79,15,178,24,53,7,199>>,
      'NONCE' = <<"2256200067">>,'REALM' = <<"eturnal.net">>,
      'REQUESTED-ADDRESS-FAMILY' = undefined,
      'REQUESTED-TRANSPORT' = undefined,'SOFTWARE' = undefined,
      'UNKNOWN-ATTRIBUTES' = [],'USERNAME' = <<"2145913200">>,
      'XOR-MAPPED-ADDRESS' = undefined,'XOR-PEER-ADDRESS' = [],
      'XOR-RELAYED-ADDRESS' = undefined} (stun:udp_recv/5:111)
2022-06-15 12:07:21.694028+00:00 [debug] Looking up password for: 2145913200 [UDP, session xwioidpztm8i, user 2145913200, client 127.0.0.1:52510] (eturnal:get_password/2:225)
2022-06-15 12:07:21.694121+00:00 [info] Accepting long-term STUN/TURN authentication [UDP, session xwioidpztm8i, user 2145913200, client 127.0.0.1:52510] (stun:process/2:249)
2022-06-15 12:07:21.694235+00:00 [info] Client requested closing the TURN session [UDP, session qz91scb50ozk, user 2145913200, client 127.0.0.1:52510, relay 127.0.0.1:61078] (turn:active/2:262)
2022-06-15 12:07:21.694370+00:00 [debug] Sending:
#stun{class = response,method = 4,magic = 554869826,
      trid = 6615718228354599729641262875,raw = <<>>,unsupported = [],
      'ALTERNATE-SERVER' = undefined,'CHANNEL-NUMBER' = undefined,
      'DATA' = undefined,'DONT-FRAGMENT' = false,'ERROR-CODE' = undefined,
      'LIFETIME' = 0,'MAPPED-ADDRESS' = undefined,
      'MESSAGE-INTEGRITY' = undefined,'NONCE' = undefined,'REALM' = undefined,
      'REQUESTED-ADDRESS-FAMILY' = undefined,
      'REQUESTED-TRANSPORT' = undefined,'SOFTWARE' = <<"eturnal">>,
      'UNKNOWN-ATTRIBUTES' = [],'USERNAME' = undefined,
      'XOR-MAPPED-ADDRESS' = undefined,'XOR-PEER-ADDRESS' = [],
      'XOR-RELAYED-ADDRESS' = undefined} (turn:send/2:521)
2022-06-15 12:07:21.694517+00:00 [info] Deleting TURN allocation [UDP, session qz91scb50ozk, user 2145913200, client 127.0.0.1:52510, relay 127.0.0.1:61078] (turn:terminate/3:454)
2022-06-15 12:07:21.694717+00:00 [notice] Relayed 0 KiB (in 0 B / 0 packets, out 0 B / 0 packets), duration: 0 seconds [UDP, session qz91scb50ozk, user 2145913200, client 127.0.0.1:52510, relay 127.0.0.1:61078] (turn:terminate/3:461)
2022-06-15 12:07:21.694812+00:00 [debug] Running 'turn_session_stop' hook [UDP, session qz91scb50ozk, user 2145913200, client 127.0.0.1:52510, relay 127.0.0.1:61078] (turn:run_hook/2:711)
2022-06-15 12:07:21.694904+00:00 [debug] Got 'turn_session_stop' event [UDP, session qz91scb50ozk, user 2145913200, client 127.0.0.1:52510, relay 127.0.0.1:61078] (eturnal_module:handle_event/2:176)
2022-06-15 12:07:21.695241+00:00 [debug] Calling mod_stats_influx:handle_event/2 [UDP, session qz91scb50ozk, user 2145913200, client 127.0.0.1:52510, relay 127.0.0.1:61078] (eturnal_module:handle_event/2:179)
2022-06-15 12:07:21.695343+00:00 [debug] Writing stats of TURN session qz91scb50ozk to InfluxDB [UDP, session qz91scb50ozk, user 2145913200, client 127.0.0.1:52510, relay 127.0.0.1:61078] (mod_stats_influx:on_turn_session_stop/1:81)
2022-06-15 12:07:21.720505+00:00 [debug] Received:
#stun{class = request,method = 1,magic = 554869826,
      trid = 15261943613536876548912575239,raw = <<>>,unsupported = [],
      'ALTERNATE-SERVER' = undefined,'CHANNEL-NUMBER' = undefined,
      'DATA' = undefined,'DONT-FRAGMENT' = false,'ERROR-CODE' = undefined,
      'LIFETIME' = undefined,'MAPPED-ADDRESS' = undefined,
      'MESSAGE-INTEGRITY' = undefined,'NONCE' = undefined,'REALM' = undefined,
      'REQUESTED-ADDRESS-FAMILY' = undefined,
      'REQUESTED-TRANSPORT' = undefined,'SOFTWARE' = undefined,
      'UNKNOWN-ATTRIBUTES' = [],'USERNAME' = undefined,
      'XOR-MAPPED-ADDRESS' = undefined,'XOR-PEER-ADDRESS' = [],
      'XOR-RELAYED-ADDRESS' = undefined} (stun:udp_recv/5:111)
2022-06-15 12:07:21.720627+00:00 [debug] Responding to STUN request [UDP, session kdyigy0pqnzh, anonymous, client 127.0.0.1:45608] (stun:process/4:312)
2022-06-15 12:07:21.720693+00:00 [debug] Running 'stun_query' hook [UDP, session kdyigy0pqnzh, anonymous, client 127.0.0.1:45608] (stun:run_hook/3:818)
2022-06-15 12:07:21.720751+00:00 [debug] Got 'stun_query' event [UDP, session kdyigy0pqnzh, anonymous, client 127.0.0.1:45608] (eturnal_module:handle_event/2:176)
2022-06-15 12:07:21.720807+00:00 [debug] Calling mod_log_stun:handle_event/2 [UDP, session kdyigy0pqnzh, anonymous, client 127.0.0.1:45608] (eturnal_module:handle_event/2:179)
2022-06-15 12:07:21.720861+00:00 [info] Responding to STUN request [UDP, session kdyigy0pqnzh, anonymous, client 127.0.0.1:45608] (mod_log_stun:handle_event/2:45)
2022-06-15 12:07:21.720915+00:00 [debug] Calling mod_stats_influx:handle_event/2 [UDP, session kdyigy0pqnzh, anonymous, client 127.0.0.1:45608] (eturnal_module:handle_event/2:179)
2022-06-15 12:07:21.720962+00:00 [debug] Writing STUN query event to InfluxDB [UDP, session kdyigy0pqnzh, anonymous, client 127.0.0.1:45608] (mod_stats_influx:on_stun_query/1:70)
2022-06-15 12:07:21.721186+00:00 [debug] Sending:
#stun{class = response,method = 1,magic = 554869826,
      trid = 15261943613536876548912575239,raw = <<>>,unsupported = [],
      'ALTERNATE-SERVER' = undefined,'CHANNEL-NUMBER' = undefined,
      'DATA' = undefined,'DONT-FRAGMENT' = false,'ERROR-CODE' = undefined,
      'LIFETIME' = undefined,'MAPPED-ADDRESS' = undefined,
      'MESSAGE-INTEGRITY' = undefined,'NONCE' = undefined,'REALM' = undefined,
      'REQUESTED-ADDRESS-FAMILY' = undefined,
      'REQUESTED-TRANSPORT' = undefined,'SOFTWARE' = <<"eturnal">>,
      'UNKNOWN-ATTRIBUTES' = [],'USERNAME' = undefined,
      'XOR-MAPPED-ADDRESS' = {{127,0,0,1},45608},
      'XOR-PEER-ADDRESS' = [],'XOR-RELAYED-ADDRESS' = undefined} (stun:send/3:445)
2022-06-15 12:07:21.750536+00:00 [info] Accepting connection: 127.0.0.1:51866 -> 127.0.0.1:34780 [TCP, session ksr0ytmgdkr8] (stun_listener:accept/3:221)
2022-06-15 12:07:21.750949+00:00 [debug] Received:
#stun{class = request,method = 1,magic = 554869826,
      trid = 31112797555285196745472148248,raw = <<>>,unsupported = [],
      'ALTERNATE-SERVER' = undefined,'CHANNEL-NUMBER' = undefined,
      'DATA' = undefined,'DONT-FRAGMENT' = false,'ERROR-CODE' = undefined,
      'LIFETIME' = undefined,'MAPPED-ADDRESS' = undefined,
      'MESSAGE-INTEGRITY' = undefined,'NONCE' = undefined,'REALM' = undefined,
      'REQUESTED-ADDRESS-FAMILY' = undefined,
      'REQUESTED-TRANSPORT' = undefined,'SOFTWARE' = undefined,
      'UNKNOWN-ATTRIBUTES' = [],'USERNAME' = undefined,
      'XOR-MAPPED-ADDRESS' = undefined,'XOR-PEER-ADDRESS' = [],
      'XOR-RELAYED-ADDRESS' = undefined} (stun:process_data/3:404)
2022-06-15 12:07:21.751102+00:00 [debug] Responding to STUN request [TCP, session ksr0ytmgdkr8, anonymous, client 127.0.0.1:51866] (stun:process/4:312)
2022-06-15 12:07:21.751169+00:00 [debug] Running 'stun_query' hook [TCP, session ksr0ytmgdkr8, anonymous, client 127.0.0.1:51866] (stun:run_hook/3:818)
2022-06-15 12:07:21.751229+00:00 [debug] Got 'stun_query' event [TCP, session ksr0ytmgdkr8, anonymous, client 127.0.0.1:51866] (eturnal_module:handle_event/2:176)
2022-06-15 12:07:21.751284+00:00 [debug] Calling mod_log_stun:handle_event/2 [TCP, session ksr0ytmgdkr8, anonymous, client 127.0.0.1:51866] (eturnal_module:handle_event/2:179)
2022-06-15 12:07:21.751346+00:00 [info] Responding to STUN request [TCP, session ksr0ytmgdkr8, anonymous, client 127.0.0.1:51866] (mod_log_stun:handle_event/2:45)
2022-06-15 12:07:21.751400+00:00 [debug] Calling mod_stats_influx:handle_event/2 [TCP, session ksr0ytmgdkr8, anonymous, client 127.0.0.1:51866] (eturnal_module:handle_event/2:179)
2022-06-15 12:07:21.751461+00:00 [debug] Writing STUN query event to InfluxDB [TCP, session ksr0ytmgdkr8, anonymous, client 127.0.0.1:51866] (mod_stats_influx:on_stun_query/1:70)
2022-06-15 12:07:21.751673+00:00 [debug] Sending:
#stun{class = response,method = 1,magic = 554869826,
      trid = 31112797555285196745472148248,raw = <<>>,unsupported = [],
      'ALTERNATE-SERVER' = undefined,'CHANNEL-NUMBER' = undefined,
      'DATA' = undefined,'DONT-FRAGMENT' = false,'ERROR-CODE' = undefined,
      'LIFETIME' = undefined,'MAPPED-ADDRESS' = undefined,
      'MESSAGE-INTEGRITY' = undefined,'NONCE' = undefined,'REALM' = undefined,
      'REQUESTED-ADDRESS-FAMILY' = undefined,
      'REQUESTED-TRANSPORT' = undefined,'SOFTWARE' = <<"P1 STUN library">>,
      'UNKNOWN-ATTRIBUTES' = [],'USERNAME' = undefined,
      'XOR-MAPPED-ADDRESS' = {{127,0,0,1},51866},
      'XOR-PEER-ADDRESS' = [],'XOR-RELAYED-ADDRESS' = undefined} (stun:send/3:445)
2022-06-15 12:07:21.751944+00:00 [info] Connection reset by peer [TCP, session ksr0ytmgdkr8, anonymous, client 127.0.0.1:51866] (stun:handle_info/3:170)
2022-06-15 12:07:21.778035+00:00 [info] Accepting connection: 127.0.0.1:47272 -> 127.0.0.1:53490 [TLS, session xz0tuwvpf6sg] (stun_listener:accept/3:221)
2022-06-15 12:07:21.888631+00:00 [debug] Received:
#stun{class = request,method = 1,magic = 554869826,
      trid = 11883070736018844241337143647,raw = <<>>,unsupported = [],
      'ALTERNATE-SERVER' = undefined,'CHANNEL-NUMBER' = undefined,
      'DATA' = undefined,'DONT-FRAGMENT' = false,'ERROR-CODE' = undefined,
      'LIFETIME' = undefined,'MAPPED-ADDRESS' = undefined,
      'MESSAGE-INTEGRITY' = undefined,'NONCE' = undefined,'REALM' = undefined,
      'REQUESTED-ADDRESS-FAMILY' = undefined,
      'REQUESTED-TRANSPORT' = undefined,'SOFTWARE' = undefined,
      'UNKNOWN-ATTRIBUTES' = [],'USERNAME' = undefined,
      'XOR-MAPPED-ADDRESS' = undefined,'XOR-PEER-ADDRESS' = [],
      'XOR-RELAYED-ADDRESS' = undefined} (stun:process_data/3:404)
2022-06-15 12:07:21.888869+00:00 [debug] Responding to STUN request [TLS, session xz0tuwvpf6sg, anonymous, client 127.0.0.1:47272] (stun:process/4:312)
2022-06-15 12:07:21.888990+00:00 [debug] Running 'stun_query' hook [TLS, session xz0tuwvpf6sg, anonymous, client 127.0.0.1:47272] (stun:run_hook/3:818)
2022-06-15 12:07:21.889078+00:00 [debug] Got 'stun_query' event [TLS, session xz0tuwvpf6sg, anonymous, client 127.0.0.1:47272] (eturnal_module:handle_event/2:176)
2022-06-15 12:07:21.889132+00:00 [debug] Calling mod_log_stun:handle_event/2 [TLS, session xz0tuwvpf6sg, anonymous, client 127.0.0.1:47272] (eturnal_module:handle_event/2:179)
2022-06-15 12:07:21.889195+00:00 [info] Responding to STUN request [TLS, session xz0tuwvpf6sg, anonymous, client 127.0.0.1:47272] (mod_log_stun:handle_event/2:45)
2022-06-15 12:07:21.889289+00:00 [debug] Calling mod_stats_influx:handle_event/2 [TLS, session xz0tuwvpf6sg, anonymous, client 127.0.0.1:47272] (eturnal_module:handle_event/2:179)
2022-06-15 12:07:21.889343+00:00 [debug] Writing STUN query event to InfluxDB [TLS, session xz0tuwvpf6sg, anonymous, client 127.0.0.1:47272] (mod_stats_influx:on_stun_query/1:70)
2022-06-15 12:07:21.889646+00:00 [debug] Sending:
#stun{class = response,method = 1,magic = 554869826,
      trid = 11883070736018844241337143647,raw = <<>>,unsupported = [],
      'ALTERNATE-SERVER' = undefined,'CHANNEL-NUMBER' = undefined,
      'DATA' = undefined,'DONT-FRAGMENT' = false,'ERROR-CODE' = undefined,
      'LIFETIME' = undefined,'MAPPED-ADDRESS' = undefined,
      'MESSAGE-INTEGRITY' = undefined,'NONCE' = undefined,'REALM' = undefined,
      'REQUESTED-ADDRESS-FAMILY' = undefined,
      'REQUESTED-TRANSPORT' = undefined,'SOFTWARE' = <<"P1 STUN library">>,
      'UNKNOWN-ATTRIBUTES' = [],'USERNAME' = undefined,
      'XOR-MAPPED-ADDRESS' = {{127,0,0,1},47272},
      'XOR-PEER-ADDRESS' = [],'XOR-RELAYED-ADDRESS' = undefined} (stun:send/3:445)
2022-06-15 12:07:21.889992+00:00 [info] Connection reset by peer [TLS, session xz0tuwvpf6sg, anonymous, client 127.0.0.1:47272] (stun:handle_info/3:170)
2022-06-15 12:07:21.915923+00:00 [info] Accepting connection: 127.0.0.1:54884 -> 127.0.0.1:34781 [TCP|TLS, session resgg6wni25o] (stun_listener:accept/3:221)
2022-06-15 12:07:21.916094+00:00 [debug] Determined transport protocol: TCP (stun:is_tls_handshake/1:766)
2022-06-15 12:07:21.916484+00:00 [debug] Received:
#stun{class = request,method = 1,magic = 554869826,
      trid = 17401042314188106740727252195,raw = <<>>,unsupported = [],
      'ALTERNATE-SERVER' = undefined,'CHANNEL-NUMBER' = undefined,
      'DATA' = undefined,'DONT-FRAGMENT' = false,'ERROR-CODE' = undefined,
      'LIFETIME' = undefined,'MAPPED-ADDRESS' = undefined,
      'MESSAGE-INTEGRITY' = undefined,'NONCE' = undefined,'REALM' = undefined,
      'REQUESTED-ADDRESS-FAMILY' = undefined,
      'REQUESTED-TRANSPORT' = undefined,'SOFTWARE' = undefined,
      'UNKNOWN-ATTRIBUTES' = [],'USERNAME' = undefined,
      'XOR-MAPPED-ADDRESS' = undefined,'XOR-PEER-ADDRESS' = [],
      'XOR-RELAYED-ADDRESS' = undefined} (stun:process_data/3:404)
2022-06-15 12:07:21.916669+00:00 [debug] Responding to STUN request [TCP, session resgg6wni25o, anonymous, client 127.0.0.1:54884] (stun:process/4:312)
2022-06-15 12:07:21.916750+00:00 [debug] Running 'stun_query' hook [TCP, session resgg6wni25o, anonymous, client 127.0.0.1:54884] (stun:run_hook/3:818)
2022-06-15 12:07:21.916837+00:00 [debug] Got 'stun_query' event [TCP, session resgg6wni25o, anonymous, client 127.0.0.1:54884] (eturnal_module:handle_event/2:176)
2022-06-15 12:07:21.916904+00:00 [debug] Calling mod_log_stun:handle_event/2 [TCP, session resgg6wni25o, anonymous, client 127.0.0.1:54884] (eturnal_module:handle_event/2:179)
2022-06-15 12:07:21.916957+00:00 [info] Responding to STUN request [TCP, session resgg6wni25o, anonymous, client 127.0.0.1:54884] (mod_log_stun:handle_event/2:45)
2022-06-15 12:07:21.917011+00:00 [debug] Calling mod_stats_influx:handle_event/2 [TCP, session resgg6wni25o, anonymous, client 127.0.0.1:54884] (eturnal_module:handle_event/2:179)
2022-06-15 12:07:21.917069+00:00 [debug] Writing STUN query event to InfluxDB [TCP, session resgg6wni25o, anonymous, client 127.0.0.1:54884] (mod_stats_influx:on_stun_query/1:70)
2022-06-15 12:07:21.917329+00:00 [debug] Sending:
#stun{class = response,method = 1,magic = 554869826,
      trid = 17401042314188106740727252195,raw = <<>>,unsupported = [],
      'ALTERNATE-SERVER' = undefined,'CHANNEL-NUMBER' = undefined,
      'DATA' = undefined,'DONT-FRAGMENT' = false,'ERROR-CODE' = undefined,
      'LIFETIME' = undefined,'MAPPED-ADDRESS' = undefined,
      'MESSAGE-INTEGRITY' = undefined,'NONCE' = undefined,'REALM' = undefined,
      'REQUESTED-ADDRESS-FAMILY' = undefined,
      'REQUESTED-TRANSPORT' = undefined,'SOFTWARE' = <<"P1 STUN library">>,
      'UNKNOWN-ATTRIBUTES' = [],'USERNAME' = undefined,
      'XOR-MAPPED-ADDRESS' = {{127,0,0,1},54884},
      'XOR-PEER-ADDRESS' = [],'XOR-RELAYED-ADDRESS' = undefined} (stun:send/3:445)
2022-06-15 12:07:21.917645+00:00 [info] Connection reset by peer [TCP, session resgg6wni25o, anonymous, client 127.0.0.1:54884] (stun:handle_info/3:170)
2022-06-15 12:07:21.942194+00:00 [info] Accepting connection: 127.0.0.1:54886 -> 127.0.0.1:34781 [TCP|TLS, session 337wdedpdah2] (stun_listener:accept/3:221)
2022-06-15 12:07:21.942420+00:00 [debug] Determined transport protocol: TLS (stun:is_tls_handshake/1:763)
2022-06-15 12:07:22.050639+00:00 [debug] Received:
#stun{class = request,method = 1,magic = 554869826,
      trid = 74016855573265874954299201010,raw = <<>>,unsupported = [],
      'ALTERNATE-SERVER' = undefined,'CHANNEL-NUMBER' = undefined,
      'DATA' = undefined,'DONT-FRAGMENT' = false,'ERROR-CODE' = undefined,
      'LIFETIME' = undefined,'MAPPED-ADDRESS' = undefined,
      'MESSAGE-INTEGRITY' = undefined,'NONCE' = undefined,'REALM' = undefined,
      'REQUESTED-ADDRESS-FAMILY' = undefined,
      'REQUESTED-TRANSPORT' = undefined,'SOFTWARE' = undefined,
      'UNKNOWN-ATTRIBUTES' = [],'USERNAME' = undefined,
      'XOR-MAPPED-ADDRESS' = undefined,'XOR-PEER-ADDRESS' = [],
      'XOR-RELAYED-ADDRESS' = undefined} (stun:process_data/3:404)
2022-06-15 12:07:22.050820+00:00 [debug] Responding to STUN request [TLS, session 337wdedpdah2, anonymous, client 127.0.0.1:54886] (stun:process/4:312)
2022-06-15 12:07:22.050874+00:00 [debug] Running 'stun_query' hook [TLS, session 337wdedpdah2, anonymous, client 127.0.0.1:54886] (stun:run_hook/3:818)
2022-06-15 12:07:22.050960+00:00 [debug] Got 'stun_query' event [TLS, session 337wdedpdah2, anonymous, client 127.0.0.1:54886] (eturnal_module:handle_event/2:176)
2022-06-15 12:07:22.051002+00:00 [debug] Calling mod_log_stun:handle_event/2 [TLS, session 337wdedpdah2, anonymous, client 127.0.0.1:54886] (eturnal_module:handle_event/2:179)
2022-06-15 12:07:22.051081+00:00 [info] Responding to STUN request [TLS, session 337wdedpdah2, anonymous, client 127.0.0.1:54886] (mod_log_stun:handle_event/2:45)
2022-06-15 12:07:22.051127+00:00 [debug] Calling mod_stats_influx:handle_event/2 [TLS, session 337wdedpdah2, anonymous, client 127.0.0.1:54886] (eturnal_module:handle_event/2:179)
2022-06-15 12:07:22.051162+00:00 [debug] Writing STUN query event to InfluxDB [TLS, session 337wdedpdah2, anonymous, client 127.0.0.1:54886] (mod_stats_influx:on_stun_query/1:70)
2022-06-15 12:07:22.051514+00:00 [debug] Sending:
#stun{class = response,method = 1,magic = 554869826,
      trid = 74016855573265874954299201010,raw = <<>>,unsupported = [],
      'ALTERNATE-SERVER' = undefined,'CHANNEL-NUMBER' = undefined,
      'DATA' = undefined,'DONT-FRAGMENT' = false,'ERROR-CODE' = undefined,
      'LIFETIME' = undefined,'MAPPED-ADDRESS' = undefined,
      'MESSAGE-INTEGRITY' = undefined,'NONCE' = undefined,'REALM' = undefined,
      'REQUESTED-ADDRESS-FAMILY' = undefined,
      'REQUESTED-TRANSPORT' = undefined,'SOFTWARE' = <<"P1 STUN library">>,
      'UNKNOWN-ATTRIBUTES' = [],'USERNAME' = undefined,
      'XOR-MAPPED-ADDRESS' = {{127,0,0,1},54886},
      'XOR-PEER-ADDRESS' = [],'XOR-RELAYED-ADDRESS' = undefined} (stun:send/3:445)
2022-06-15 12:07:22.051871+00:00 [info] Connection reset by peer [TLS, session 337wdedpdah2, anonymous, client 127.0.0.1:54886] (stun:handle_info/3:170)
2022-06-15 12:07:22.077992+00:00 [debug] No NOTIFY_SOCKET, dropping STOPPING=1 notification (eturnal_systemd:handle_cast/2:109)
2022-06-15 12:07:22.078033+00:00 [debug] Terminating eturnal (shutdown) (eturnal:terminate/2:200)
2022-06-15 12:07:22.078183+00:00 [debug] Watchdog interval is undefined, hibernating (eturnal_systemd:get_timeout/1:162)
2022-06-15 12:07:22.078362+00:00 [info] Stopped listening on 127.0.0.1:34780 (udp) (eturnal:stop_listeners/1:395)
2022-06-15 12:07:22.078490+00:00 [info] Stopped listening on 127.0.0.1:34780 (tcp) (eturnal:stop_listeners/1:395)
2022-06-15 12:07:22.078674+00:00 [info] Stopped listening on 127.0.0.1:53490 (tls) (eturnal:stop_listeners/1:395)
2022-06-15 12:07:22.078829+00:00 [info] Stopped listening on 127.0.0.1:34781 (auto) (eturnal:stop_listeners/1:395)
2022-06-15 12:07:22.079389+00:00 [debug] Calling mod_log_stun:stop/1 (eturnal_module:stop/1:162)
2022-06-15 12:07:22.079535+00:00 [debug] Stopping mod_log_stun (mod_log_stun:stop/0:50)
2022-06-15 12:07:22.079713+00:00 [info] Stopped mod_log_stun (eturnal:stop_modules/1:343)
2022-06-15 12:07:22.082017+00:00 [debug] Calling mod_stats_influx:stop/1 (eturnal_module:stop/1:162)
2022-06-15 12:07:22.082172+00:00 [debug] Stopping mod_stats_influx (mod_stats_influx:stop/0:55)
2022-06-15 12:07:22.082327+00:00 [info] Stopped mod_stats_influx (eturnal:stop_modules/1:343)
2022-06-15 12:07:22.082790+00:00 [debug] Removed run/cert.pem (eturnal:clean_run_dir/0:728)
2022-06-15 12:07:22.082974+00:00 [debug] Terminating eturnal_systemd (shutdown) (eturnal_systemd:terminate/2:136)
2022-06-15 12:07:22.083272+00:00 [notice] Stopping eturnal 1.8.3 on Erlang/OTP 25 (ERTS 13.0) (eturnal_app:stop/1:54)
