2022-02-15 21:05:27.639780+00:00 [notice] Starting eturnal 1.8.1 on Erlang/OTP 24 (ERTS 12.2) (eturnal_app:start/2:35)
2022-02-15 21:05:27.640024+00:00 [debug] Starting supervisor: eturnal_sup (eturnal_sup:start_link/0:32)
2022-02-15 21:05:27.640146+00:00 [debug] Configuring eturnal_sup supervisor: [#{id => systemd,
                                       start =>
                                           {eturnal_systemd,start_link,[]}},
                                     #{id => eturnal,
                                       start => {eturnal,start_link,[]}}] (eturnal_sup:init/0:40)
2022-02-15 21:05:27.642114+00:00 [info] Got no NOTIFY_SOCKET, notifications disabled (eturnal_systemd:init/1:95)
2022-02-15 21:05:27.642301+00:00 [debug] PROGRESS REPORT:
    supervisor: {local,eturnal_sup}
    started: [{pid,<0.715.0>},
              {id,systemd},
              {mfargs,{eturnal_systemd,start_link,[]}},
              {restart_type,permanent},
              {significant,false},
              {shutdown,5000},
              {child_type,worker}]
 (supervisor:report_progress/2:1562)
2022-02-15 21:05:27.653828+00:00 [info] Cannot determine control query port: noport (eturnal:log_control_listener/0:289)
2022-02-15 21:05:27.654042+00:00 [debug] TURN configuration seems fine (eturnal:check_turn_config/1:501)
2022-02-15 21:05:27.654427+00:00 [debug] Using run directory run (eturnal:ensure_run_dir/0:693)
2022-02-15 21:05:27.654708+00:00 [warning] TLS enabled without 'tls_crt_file', creating self-signed certificate (eturnal:check_pem_file/0:624)
2022-02-15 21:05:28.426329+00:00 [debug] Calling mod_log_stun:start/0 (eturnal_module:start/1:139)
2022-02-15 21:05:28.426632+00:00 [debug] Starting mod_log_stun (mod_log_stun:start/0:39)
2022-02-15 21:05:28.426985+00:00 [info] Started mod_log_stun (eturnal:start_modules/0:300)
2022-02-15 21:05:28.427128+00:00 [debug] Calling mod_stats_influx:start/0 (eturnal_module:start/1:139)
2022-02-15 21:05:28.427209+00:00 [debug] Starting mod_stats_influx (mod_stats_influx:start/0:38)
2022-02-15 21:05:28.430994+00:00 [debug] PROGRESS REPORT:
    application: ulitos
    started_at: nonode@nohost
 (application_controller:info_started/2:2107)
2022-02-15 21:05:28.433331+00:00 [debug] PROGRESS REPORT:
    application: poolboy
    started_at: nonode@nohost
 (application_controller:info_started/2:2107)
2022-02-15 21:05:28.434710+00:00 [info]     msg: Starting application: influx_udp (influx_udp_app:start/2:10)
2022-02-15 21:05:28.437004+00:00 [debug] PROGRESS REPORT:
    supervisor: {local,influx_udp_sup}
    started: [{pid,<0.735.0>},
              {id,influx_udp},
              {mfargs,{influx_udp,start_link,[]}},
              {restart_type,permanent},
              {significant,false},
              {shutdown,5000},
              {child_type,worker}]
 (supervisor:report_progress/2:1562)
2022-02-15 21:05:28.437148+00:00 [debug] PROGRESS REPORT:
    application: influx_udp
    started_at: nonode@nohost
 (application_controller:info_started/2:2107)
2022-02-15 21:05:28.437204+00:00 [debug] Dependency influx_udp was available already (eturnal_module:ensure_dep/2:280)
2022-02-15 21:05:28.440334+00:00 [info]     host: {127,0,0,1}
    msg: Start clients pool
    options: #{host => "localhost",max_overflow => 1,pool_size => 1,
               port => 8089} (influx_udp:start_pool_/2:239)
2022-02-15 21:05:28.447597+00:00 [info]     msg: Open UDP socket on port
    port: 60371 (influx_udp_worker:init/1:43)
2022-02-15 21:05:28.447768+00:00 [debug] PROGRESS REPORT:
    supervisor: {local,influx_udp_sup}
    started: [{pid,<0.738.0>},
              {id,stats_influx_pool},
              {mfargs,
                  {poolboy,start_link,
                      [[{name,{local,stats_influx_pool}},
                        {worker_module,influx_udp_worker},
                        {size,1},
                        {max_overflow,1}],
                       [{options,
                            #{host => {127,0,0,1},
                              max_overflow => 1,pool_size => 1,
                              port => 8089}}]]}},
              {restart_type,permanent},
              {significant,false},
              {shutdown,5000},
              {child_type,worker}]
 (supervisor:report_progress/2:1562)
2022-02-15 21:05:28.447956+00:00 [info] Started mod_stats_influx (eturnal:start_modules/0:300)
2022-02-15 21:05:28.448074+00:00 [debug] Started 2 modules (eturnal:init/1:109)
2022-02-15 21:05:28.448179+00:00 [debug] Starting listener 127.0.0.1:34780 (udp) with options:
[{use_turn,true},
 {auth_type,user},
 {turn_ipv4_address,{10,1,0,130}},
 {turn_ipv6_address,{0,0,0,0,0,0,0,1}},
 {turn_min_port,49152},
 {turn_max_port,65535},
 {turn_max_allocations,10},
 {turn_max_permissions,10},
 {shaper,100000},
 {turn_blacklist,[{{203,0,113,0},24},{{8193,3512,0,0,0,0,0,0},32}]},
 {turn_whitelist,[{{203,0,113,113},32},{{8193,3512,0,0,0,0,0,0},64}]},
 {auth_realm,<<"eturnal.net">>},
 {server_name,<<"eturnal">>},
 {auth_fun,fun eturnal:get_password/2},
 {hook_fun,fun eturnal:run_hook/2}] (eturnal:start_listeners/0:344)
2022-02-15 21:05:28.448602+00:00 [info] Listening on 127.0.0.1:34780 (udp) (STUN/TURN) (eturnal:start_listeners/0:349)
2022-02-15 21:05:28.448703+00:00 [debug] Starting listener 127.0.0.1:34780 (tcp) with options:
[{use_turn,false},
 {auth_type,anonymous},
 {turn_ipv4_address,{10,1,0,130}},
 {turn_ipv6_address,{0,0,0,0,0,0,0,1}},
 {turn_min_port,49152},
 {turn_max_port,65535},
 {turn_max_allocations,10},
 {turn_max_permissions,10},
 {shaper,100000},
 {turn_blacklist,[{{203,0,113,0},24},{{8193,3512,0,0,0,0,0,0},32}]},
 {turn_whitelist,[{{203,0,113,113},32},{{8193,3512,0,0,0,0,0,0},64}]},
 {auth_realm,<<"eturnal.net">>},
 {server_name,<<"eturnal">>},
 {auth_fun,fun eturnal:get_password/2},
 {hook_fun,fun eturnal:run_hook/2}] (eturnal:start_listeners/0:344)
2022-02-15 21:05:28.460041+00:00 [info] Listening on 127.0.0.1:34780 (tcp) (STUN only) (eturnal:start_listeners/0:349)
2022-02-15 21:05:28.460224+00:00 [debug] Starting listener 127.0.0.1:53490 (tls) with options:
[{use_turn,false},
 {auth_type,anonymous},
 {tls,true},
 {certfile,<<"run/cert.pem">>},
 {ciphers,<<"HIGH:!aNULL:@STRENGTH">>},
 {protocol_options,<<"no_tlsv1|no_tlsv1_1|cipher_server_preference">>},
 {turn_ipv4_address,{10,1,0,130}},
 {turn_ipv6_address,{0,0,0,0,0,0,0,1}},
 {turn_min_port,49152},
 {turn_max_port,65535},
 {turn_max_allocations,10},
 {turn_max_permissions,10},
 {shaper,100000},
 {turn_blacklist,[{{203,0,113,0},24},{{8193,3512,0,0,0,0,0,0},32}]},
 {turn_whitelist,[{{203,0,113,113},32},{{8193,3512,0,0,0,0,0,0},64}]},
 {auth_realm,<<"eturnal.net">>},
 {server_name,<<"eturnal">>},
 {auth_fun,fun eturnal:get_password/2},
 {hook_fun,fun eturnal:run_hook/2}] (eturnal:start_listeners/0:344)
2022-02-15 21:05:28.460704+00:00 [info] Listening on 127.0.0.1:53490 (tls) (STUN only) (eturnal:start_listeners/0:349)
2022-02-15 21:05:28.460821+00:00 [debug] Starting listener 127.0.0.1:34781 (auto) with options:
[{use_turn,false},
 {auth_type,anonymous},
 {tls,optional},
 {certfile,<<"run/cert.pem">>},
 {ciphers,<<"HIGH:!aNULL:@STRENGTH">>},
 {protocol_options,<<"no_tlsv1|no_tlsv1_1|cipher_server_preference">>},
 {turn_ipv4_address,{10,1,0,130}},
 {turn_ipv6_address,{0,0,0,0,0,0,0,1}},
 {turn_min_port,49152},
 {turn_max_port,65535},
 {turn_max_allocations,10},
 {turn_max_permissions,10},
 {shaper,100000},
 {turn_blacklist,[{{203,0,113,0},24},{{8193,3512,0,0,0,0,0,0},32}]},
 {turn_whitelist,[{{203,0,113,113},32},{{8193,3512,0,0,0,0,0,0},64}]},
 {auth_realm,<<"eturnal.net">>},
 {server_name,<<"eturnal">>},
 {auth_fun,fun eturnal:get_password/2},
 {hook_fun,fun eturnal:run_hook/2}] (eturnal:start_listeners/0:344)
2022-02-15 21:05:28.475740+00:00 [info] Listening on 127.0.0.1:34781 (auto) (STUN only) (eturnal:start_listeners/0:349)
2022-02-15 21:05:28.475958+00:00 [debug] Started 4 listeners (eturnal:init/1:117)
2022-02-15 21:05:28.476291+00:00 [debug] PROGRESS REPORT:
    supervisor: {local,eturnal_sup}
    started: [{pid,<0.717.0>},
              {id,eturnal},
              {mfargs,{eturnal,start_link,[]}},
              {restart_type,permanent},
              {significant,false},
              {shutdown,5000},
              {child_type,worker}]
 (supervisor:report_progress/2:1562)
2022-02-15 21:05:28.476473+00:00 [debug] No NOTIFY_SOCKET, dropping READY=1 notification (eturnal_systemd:handle_cast/2:109)
2022-02-15 21:05:28.476581+00:00 [debug] PROGRESS REPORT:
    application: eturnal
    started_at: nonode@nohost
 (application_controller:info_started/2:2107)
2022-02-15 21:05:28.476622+00:00 [debug] Watchdog interval is undefined, hibernating (eturnal_systemd:get_timeout/1:162)
2022-02-15 21:05:28.511894+00:00 [debug] Handling API call: get_info() (eturnal_ctl:get_info/0:143)
2022-02-15 21:05:28.512478+00:00 [debug] eturnal call (get_info) returned {ok,
                                  {eturnal_node_info,<<"1.8.1">>,
                                   {"24","12.2"},
                                   3544,0,136,91271994,3,38793504}} (eturnal_ctl:call/1:456)
2022-02-15 21:05:28.537505+00:00 [debug] Handling API call: get_sessions() (eturnal_ctl:get_sessions/0:106)
2022-02-15 21:05:28.561249+00:00 [debug] Handling API call: get_sessions("alice") (eturnal_ctl:get_sessions/1:120)
2022-02-15 21:05:28.561591+00:00 [debug] Handling API call: disconnect(alice) (eturnal_ctl:disconnect/1:192)
2022-02-15 21:05:28.561700+00:00 [debug] Cannot convert user name to binary: alice (eturnal_ctl:disconnect/1:202)
2022-02-15 21:05:28.585275+00:00 [debug] Handling API call: disconnect("alice") (eturnal_ctl:disconnect/1:192)
2022-02-15 21:05:28.585472+00:00 [debug] Handling API call: disconnect(alice) (eturnal_ctl:disconnect/1:192)
2022-02-15 21:05:28.585599+00:00 [debug] Cannot convert user name to binary: alice (eturnal_ctl:disconnect/1:202)
2022-02-15 21:05:28.609294+00:00 [debug] Handling API call: get_credentials("2009-10-30 11:00:00Z", []) (eturnal_ctl:get_credentials/2:60)
2022-02-15 21:05:28.609464+00:00 [debug] eturnal call ({get_password,<<"1256900400">>}) returned {ok,
                                                         <<"uEKlpcME7MNMMVRV8rUFPCTIFEs=">>} (eturnal_ctl:call/1:456)
2022-02-15 21:05:28.617563+00:00 [debug] Handling API call: get_credentials("86400", "alice") (eturnal_ctl:get_credentials/2:60)
2022-02-15 21:05:28.617812+00:00 [debug] eturnal call ({get_password,<<"1645045528:alice">>}) returned {ok,
                                                               <<"gKTr2J5A1n0OBKlxg/YJbJKXic8=">>} (eturnal_ctl:call/1:456)
2022-02-15 21:05:28.617961+00:00 [debug] Handling API call: get_password("1645045528:alice") (eturnal_ctl:get_password/1:79)
2022-02-15 21:05:28.618081+00:00 [debug] eturnal call ({get_password,<<"1645045528:alice">>}) returned {ok,
                                                               <<"gKTr2J5A1n0OBKlxg/YJbJKXic8=">>} (eturnal_ctl:call/1:456)
2022-02-15 21:05:28.618304+00:00 [debug] Handling API call: get_credentials("86400s", "alice") (eturnal_ctl:get_credentials/2:60)
2022-02-15 21:05:28.618478+00:00 [debug] eturnal call ({get_password,<<"1645045528:alice">>}) returned {ok,
                                                               <<"gKTr2J5A1n0OBKlxg/YJbJKXic8=">>} (eturnal_ctl:call/1:456)
2022-02-15 21:05:28.618648+00:00 [debug] Handling API call: get_password("1645045528:alice") (eturnal_ctl:get_password/1:79)
2022-02-15 21:05:28.618785+00:00 [debug] eturnal call ({get_password,<<"1645045528:alice">>}) returned {ok,
                                                               <<"gKTr2J5A1n0OBKlxg/YJbJKXic8=">>} (eturnal_ctl:call/1:456)
2022-02-15 21:05:28.618983+00:00 [debug] Handling API call: get_credentials("1440m", "alice") (eturnal_ctl:get_credentials/2:60)
2022-02-15 21:05:28.619130+00:00 [debug] eturnal call ({get_password,<<"1645045528:alice">>}) returned {ok,
                                                               <<"gKTr2J5A1n0OBKlxg/YJbJKXic8=">>} (eturnal_ctl:call/1:456)
2022-02-15 21:05:28.619264+00:00 [debug] Handling API call: get_password("1645045528:alice") (eturnal_ctl:get_password/1:79)
2022-02-15 21:05:28.619401+00:00 [debug] eturnal call ({get_password,<<"1645045528:alice">>}) returned {ok,
                                                               <<"gKTr2J5A1n0OBKlxg/YJbJKXic8=">>} (eturnal_ctl:call/1:456)
2022-02-15 21:05:28.619559+00:00 [debug] Handling API call: get_credentials("24h", "alice") (eturnal_ctl:get_credentials/2:60)
2022-02-15 21:05:28.619705+00:00 [debug] eturnal call ({get_password,<<"1645045528:alice">>}) returned {ok,
                                                               <<"gKTr2J5A1n0OBKlxg/YJbJKXic8=">>} (eturnal_ctl:call/1:456)
2022-02-15 21:05:28.619839+00:00 [debug] Handling API call: get_password("1645045528:alice") (eturnal_ctl:get_password/1:79)
2022-02-15 21:05:28.620264+00:00 [debug] eturnal call ({get_password,<<"1645045528:alice">>}) returned {ok,
                                                               <<"gKTr2J5A1n0OBKlxg/YJbJKXic8=">>} (eturnal_ctl:call/1:456)
2022-02-15 21:05:28.620546+00:00 [debug] Handling API call: get_credentials("1d", "alice") (eturnal_ctl:get_credentials/2:60)
2022-02-15 21:05:28.620711+00:00 [debug] eturnal call ({get_password,<<"1645045528:alice">>}) returned {ok,
                                                               <<"gKTr2J5A1n0OBKlxg/YJbJKXic8=">>} (eturnal_ctl:call/1:456)
2022-02-15 21:05:28.620840+00:00 [debug] Handling API call: get_password("1645045528:alice") (eturnal_ctl:get_password/1:79)
2022-02-15 21:05:28.620968+00:00 [debug] eturnal call ({get_password,<<"1645045528:alice">>}) returned {ok,
                                                               <<"gKTr2J5A1n0OBKlxg/YJbJKXic8=">>} (eturnal_ctl:call/1:456)
2022-02-15 21:05:28.621154+00:00 [debug] Handling API call: get_password("Invalid") (eturnal_ctl:get_password/1:79)
2022-02-15 21:05:28.621255+00:00 [debug] Invalid user name: Invalid (eturnal_ctl:get_password/1:93)
2022-02-15 21:05:28.621323+00:00 [debug] Handling API call: get_credentials("Invalid", []) (eturnal_ctl:get_credentials/2:60)
2022-02-15 21:05:28.621424+00:00 [debug] Invalid argument(s): "Invalid":[] (eturnal_ctl:get_credentials/2:73)
2022-02-15 21:05:28.621492+00:00 [debug] Handling API call: get_password(invalid) (eturnal_ctl:get_password/1:79)
2022-02-15 21:05:28.621582+00:00 [debug] Cannot convert user name to binary: invalid (eturnal_ctl:get_password/1:100)
2022-02-15 21:05:28.621655+00:00 [debug] Handling API call: get_credentials(invalid, []) (eturnal_ctl:get_credentials/2:60)
2022-02-15 21:05:28.621726+00:00 [debug] Invalid argument(s): invalid:[] (eturnal_ctl:get_credentials/2:73)
2022-02-15 21:05:28.621802+00:00 [debug] Handling API call: get_password([invalid]) (eturnal_ctl:get_password/1:79)
2022-02-15 21:05:28.621870+00:00 [debug] Cannot convert user name to binary: [invalid] (eturnal_ctl:get_password/1:100)
2022-02-15 21:05:28.621930+00:00 [debug] Handling API call: get_credentials([invalid], []) (eturnal_ctl:get_credentials/2:60)
2022-02-15 21:05:28.621993+00:00 [debug] Invalid argument(s): [invalid]:[] (eturnal_ctl:get_credentials/2:73)
2022-02-15 21:05:28.622092+00:00 [debug] Handling API call: get_credentials(1256900400, invalid) (eturnal_ctl:get_credentials/2:60)
2022-02-15 21:05:28.622166+00:00 [debug] Invalid argument(s): 1256900400:invalid (eturnal_ctl:get_credentials/2:73)
2022-02-15 21:05:28.646488+00:00 [debug] Handling API call: set_loglevel(debug) (eturnal_ctl:set_loglevel/1:173)
2022-02-15 21:05:28.646739+00:00 [debug] eturnal call ({set_loglevel,debug}) returned ok (eturnal_ctl:call/1:453)
2022-02-15 21:05:28.646927+00:00 [debug] Handling API call: get_loglevel() (eturnal_ctl:get_loglevel/0:163)
2022-02-15 21:05:28.647013+00:00 [debug] eturnal call (get_loglevel) returned {ok,debug} (eturnal_ctl:call/1:456)
2022-02-15 21:05:28.647141+00:00 [debug] Handling API call: set_loglevel(invalid) (eturnal_ctl:set_loglevel/1:173)
2022-02-15 21:05:28.647223+00:00 [debug] Invalid log level: invalid (eturnal_ctl:set_loglevel/1:183)
2022-02-15 21:05:28.647364+00:00 [debug] Handling API call: get_loglevel() (eturnal_ctl:get_loglevel/0:163)
2022-02-15 21:05:28.647490+00:00 [debug] eturnal call (get_loglevel) returned {ok,debug} (eturnal_ctl:call/1:456)
2022-02-15 21:05:28.673680+00:00 [debug] Handling API call: get_version() (eturnal_ctl:get_version/0:153)
2022-02-15 21:05:28.673811+00:00 [debug] eturnal call (get_version) returned {ok,<<"1.8.1">>} (eturnal_ctl:call/1:456)
2022-02-15 21:05:28.699453+00:00 [debug] Handling API call: reload() (eturnal_ctl:reload/0:208)
2022-02-15 21:05:28.701220+00:00 [debug] Calling mod_log_stun:options/0 (eturnal_module:options/1:188)
2022-02-15 21:05:28.701420+00:00 [debug] Calling mod_stats_influx:options/0 (eturnal_module:options/1:188)
2022-02-15 21:05:28.702069+00:00 [warning] TLS enabled without 'tls_crt_file', creating self-signed certificate (eturnal:check_pem_file/0:624)
2022-02-15 21:05:29.271484+00:00 [info] Using new TLS certificate (eturnal:handle_call/3:136)
2022-02-15 21:05:29.271679+00:00 [debug] Reloaded configuration (eturnal:handle_call/3:142)
2022-02-15 21:05:29.271782+00:00 [debug] eturnal call (reload) returned ok (eturnal_ctl:call/1:453)
2022-02-15 21:05:29.272429+00:00 [debug] Handling API call: reload() (eturnal_ctl:reload/0:208)
2022-02-15 21:05:29.273834+00:00 [debug] Calling mod_log_stun:options/0 (eturnal_module:options/1:188)
2022-02-15 21:05:29.273992+00:00 [debug] Calling mod_stats_influx:options/0 (eturnal_module:options/1:188)
2022-02-15 21:05:29.274602+00:00 [debug] Keeping PEM file (run/cert.pem) (eturnal:check_pem_file/0:621)
2022-02-15 21:05:29.274698+00:00 [debug] TLS certificate unchanged (eturnal:handle_call/3:138)
2022-02-15 21:05:29.274769+00:00 [debug] Reloaded configuration (eturnal:handle_call/3:142)
2022-02-15 21:05:29.274835+00:00 [debug] eturnal call (reload) returned ok (eturnal_ctl:call/1:453)
2022-02-15 21:05:29.299149+00:00 [info] Accepting connection: 127.0.0.1:50612 -> 127.0.0.1:34780 [TCP, session 1e] (stun_listener:accept/3:221)
2022-02-15 21:05:29.325768+00:00 [info] Accepting connection: 127.0.0.1:34314 -> 127.0.0.1:53490 [TLS, session 1u] (stun_listener:accept/3:221)
2022-02-15 21:05:29.326585+00:00 [info] Connection reset by peer [TLS, session 1u, anonymous, client 127.0.0.1:34314] (stun:handle_info/3:170)
2022-02-15 21:05:29.357107+00:00 [debug] Received:
#stun{class = request,method = 3,magic = 554869826,
      trid = 28002535400883379791291760741,raw = <<>>,unsupported = [],
      'ALTERNATE-SERVER' = undefined,'CHANNEL-NUMBER' = undefined,
      'DATA' = undefined,'DONT-FRAGMENT' = false,'ERROR-CODE' = undefined,
      'LIFETIME' = undefined,'MAPPED-ADDRESS' = undefined,
      'MESSAGE-INTEGRITY' = undefined,'NONCE' = undefined,'REALM' = undefined,
      'REQUESTED-ADDRESS-FAMILY' = undefined,
      'REQUESTED-TRANSPORT' = undefined,'SOFTWARE' = undefined,
      'UNKNOWN-ATTRIBUTES' = [],'USERNAME' = undefined,
      'XOR-MAPPED-ADDRESS' = undefined,'XOR-PEER-ADDRESS' = [],
      'XOR-RELAYED-ADDRESS' = undefined} (stun:udp_recv/5:111)
2022-02-15 21:05:29.357305+00:00 [debug] Sending:
#stun{class = error,method = 3,magic = 554869826,
      trid = 28002535400883379791291760741,raw = <<>>,unsupported = [],
      'ALTERNATE-SERVER' = undefined,'CHANNEL-NUMBER' = undefined,
      'DATA' = undefined,'DONT-FRAGMENT' = false,
      'ERROR-CODE' = {401,<<"Unauthorized">>},
      'LIFETIME' = undefined,'MAPPED-ADDRESS' = undefined,
      'MESSAGE-INTEGRITY' = undefined,'NONCE' = <<"19365755">>,
      'REALM' = <<"eturnal.net">>,'REQUESTED-ADDRESS-FAMILY' = undefined,
      'REQUESTED-TRANSPORT' = undefined,'SOFTWARE' = <<"eturnal">>,
      'UNKNOWN-ATTRIBUTES' = [],'USERNAME' = undefined,
      'XOR-MAPPED-ADDRESS' = undefined,'XOR-PEER-ADDRESS' = [],
      'XOR-RELAYED-ADDRESS' = undefined} (stun:send/3:445)
2022-02-15 21:05:29.357627+00:00 [debug] Received:
#stun{class = request,method = 3,magic = 554869826,
      trid = 30615912099592035590903814697,
      raw = <<0,3,0,76,33,18,164,66,98,236,227,144,140,214,99,159,126,225,218,
              41,0,25,0,4,17,0,0,0,0,6,0,10,50,49,52,53,57,49,51,50,48,48,0,0,
              0,20,0,11,101,116,117,114,110,97,108,46,110,101,116,0,0,21,0,8,
              49,57,51,54,53,55,53,53>>,
      unsupported = [],'ALTERNATE-SERVER' = undefined,
      'CHANNEL-NUMBER' = undefined,'DATA' = undefined,'DONT-FRAGMENT' = false,
      'ERROR-CODE' = undefined,'LIFETIME' = undefined,
      'MAPPED-ADDRESS' = undefined,
      'MESSAGE-INTEGRITY' = <<246,60,85,127,155,160,157,95,252,25,169,108,180,
                              175,183,247,137,104,243,201>>,
      'NONCE' = <<"19365755">>,'REALM' = <<"eturnal.net">>,
      'REQUESTED-ADDRESS-FAMILY' = undefined,'REQUESTED-TRANSPORT' = udp,
      'SOFTWARE' = undefined,'UNKNOWN-ATTRIBUTES' = [],
      'USERNAME' = <<"2145913200">>,'XOR-MAPPED-ADDRESS' = undefined,
      'XOR-PEER-ADDRESS' = [],'XOR-RELAYED-ADDRESS' = undefined} (stun:udp_recv/5:111)
2022-02-15 21:05:29.357759+00:00 [debug] Looking up password for: 2145913200 [UDP, session 4i, user 2145913200, client 127.0.0.1:58483] (eturnal:get_password/2:221)
2022-02-15 21:05:29.357830+00:00 [info] Accepting long-term STUN/TURN authentication [UDP, session 4i, user 2145913200, client 127.0.0.1:58483] (stun:process/2:249)
2022-02-15 21:05:29.361378+00:00 [debug] Running 'turn_session_start' hook [UDP, session 4i, user 2145913200, client 127.0.0.1:58483] (turn:run_hook/2:711)
2022-02-15 21:05:29.361462+00:00 [debug] Got 'turn_session_start' event [UDP, session 4i, user 2145913200, client 127.0.0.1:58483] (eturnal_module:handle_event/2:173)
2022-02-15 21:05:29.361842+00:00 [notice] Creating TURN allocation (lifetime: 600 seconds) [UDP, session 4i, user 2145913200, client 127.0.0.1:58483, relay 10.1.0.130:52471] (turn:wait_for_allocate/2:207)
2022-02-15 21:05:29.362024+00:00 [debug] Sending:
#stun{class = response,method = 3,magic = 554869826,
      trid = 30615912099592035590903814697,raw = <<>>,unsupported = [],
      'ALTERNATE-SERVER' = undefined,'CHANNEL-NUMBER' = undefined,
      'DATA' = undefined,'DONT-FRAGMENT' = false,'ERROR-CODE' = undefined,
      'LIFETIME' = 600,'MAPPED-ADDRESS' = undefined,
      'MESSAGE-INTEGRITY' = undefined,'NONCE' = undefined,'REALM' = undefined,
      'REQUESTED-ADDRESS-FAMILY' = undefined,
      'REQUESTED-TRANSPORT' = undefined,'SOFTWARE' = undefined,
      'UNKNOWN-ATTRIBUTES' = [],'USERNAME' = undefined,
      'XOR-MAPPED-ADDRESS' = {{127,0,0,1},58483},
      'XOR-PEER-ADDRESS' = [],
      'XOR-RELAYED-ADDRESS' = {{10,1,0,130},52471}} (turn:send/2:521)
2022-02-15 21:05:29.362364+00:00 [debug] Received:
#stun{class = request,method = 4,magic = 554869826,
      trid = 45512742015103003876271967200,
      raw = <<0,4,0,76,33,18,164,66,147,15,66,0,109,102,183,123,170,73,203,224,
              0,6,0,10,50,49,52,53,57,49,51,50,48,48,0,0,0,20,0,11,101,116,117,
              114,110,97,108,46,110,101,116,0,0,21,0,8,49,57,51,54,53,55,53,53,
              0,13,0,4,0,0,0,0>>,
      unsupported = [],'ALTERNATE-SERVER' = undefined,
      'CHANNEL-NUMBER' = undefined,'DATA' = undefined,'DONT-FRAGMENT' = false,
      'ERROR-CODE' = undefined,'LIFETIME' = 0,'MAPPED-ADDRESS' = undefined,
      'MESSAGE-INTEGRITY' = <<144,132,240,177,70,242,14,162,112,105,229,80,172,
                              75,93,9,20,219,202,84>>,
      'NONCE' = <<"19365755">>,'REALM' = <<"eturnal.net">>,
      'REQUESTED-ADDRESS-FAMILY' = undefined,
      'REQUESTED-TRANSPORT' = undefined,'SOFTWARE' = undefined,
      'UNKNOWN-ATTRIBUTES' = [],'USERNAME' = <<"2145913200">>,
      'XOR-MAPPED-ADDRESS' = undefined,'XOR-PEER-ADDRESS' = [],
      'XOR-RELAYED-ADDRESS' = undefined} (stun:udp_recv/5:111)
2022-02-15 21:05:29.362484+00:00 [debug] Looking up password for: 2145913200 [UDP, session j, user 2145913200, client 127.0.0.1:58483] (eturnal:get_password/2:221)
2022-02-15 21:05:29.362577+00:00 [info] Accepting long-term STUN/TURN authentication [UDP, session j, user 2145913200, client 127.0.0.1:58483] (stun:process/2:249)
2022-02-15 21:05:29.362642+00:00 [info] Client requested closing the TURN session [UDP, session 4i, user 2145913200, client 127.0.0.1:58483, relay 10.1.0.130:52471] (turn:active/2:262)
2022-02-15 21:05:29.362745+00:00 [debug] Sending:
#stun{class = response,method = 4,magic = 554869826,
      trid = 45512742015103003876271967200,raw = <<>>,unsupported = [],
      'ALTERNATE-SERVER' = undefined,'CHANNEL-NUMBER' = undefined,
      'DATA' = undefined,'DONT-FRAGMENT' = false,'ERROR-CODE' = undefined,
      'LIFETIME' = 0,'MAPPED-ADDRESS' = undefined,
      'MESSAGE-INTEGRITY' = undefined,'NONCE' = undefined,'REALM' = undefined,
      'REQUESTED-ADDRESS-FAMILY' = undefined,
      'REQUESTED-TRANSPORT' = undefined,'SOFTWARE' = undefined,
      'UNKNOWN-ATTRIBUTES' = [],'USERNAME' = undefined,
      'XOR-MAPPED-ADDRESS' = undefined,'XOR-PEER-ADDRESS' = [],
      'XOR-RELAYED-ADDRESS' = undefined} (turn:send/2:521)
2022-02-15 21:05:29.362918+00:00 [info] Deleting TURN allocation [UDP, session 4i, user 2145913200, client 127.0.0.1:58483, relay 10.1.0.130:52471] (turn:terminate/3:454)
2022-02-15 21:05:29.362980+00:00 [notice] Relayed 0 KiB (in 0 B / 0 packets, out 0 B / 0 packets), duration: 0 seconds [UDP, session 4i, user 2145913200, client 127.0.0.1:58483, relay 10.1.0.130:52471] (turn:terminate/3:461)
2022-02-15 21:05:29.363019+00:00 [debug] Running 'turn_session_stop' hook [UDP, session 4i, user 2145913200, client 127.0.0.1:58483, relay 10.1.0.130:52471] (turn:run_hook/2:711)
2022-02-15 21:05:29.363056+00:00 [debug] Got 'turn_session_stop' event [UDP, session 4i, user 2145913200, client 127.0.0.1:58483, relay 10.1.0.130:52471] (eturnal_module:handle_event/2:173)
2022-02-15 21:05:29.363101+00:00 [debug] Calling mod_stats_influx:handle_event/2 [UDP, session 4i, user 2145913200, client 127.0.0.1:58483, relay 10.1.0.130:52471] (eturnal_module:handle_event/2:176)
2022-02-15 21:05:29.363131+00:00 [debug] Writing stats of TURN session 4i to InfluxDB [UDP, session 4i, user 2145913200, client 127.0.0.1:58483, relay 10.1.0.130:52471] (mod_stats_influx:on_turn_session_stop/1:81)
2022-02-15 21:05:29.388388+00:00 [debug] Received:
#stun{class = request,method = 1,magic = 554869826,
      trid = 5754458631346155648705353798,raw = <<>>,unsupported = [],
      'ALTERNATE-SERVER' = undefined,'CHANNEL-NUMBER' = undefined,
      'DATA' = undefined,'DONT-FRAGMENT' = false,'ERROR-CODE' = undefined,
      'LIFETIME' = undefined,'MAPPED-ADDRESS' = undefined,
      'MESSAGE-INTEGRITY' = undefined,'NONCE' = undefined,'REALM' = undefined,
      'REQUESTED-ADDRESS-FAMILY' = undefined,
      'REQUESTED-TRANSPORT' = undefined,'SOFTWARE' = undefined,
      'UNKNOWN-ATTRIBUTES' = [],'USERNAME' = undefined,
      'XOR-MAPPED-ADDRESS' = undefined,'XOR-PEER-ADDRESS' = [],
      'XOR-RELAYED-ADDRESS' = undefined} (stun:udp_recv/5:111)
2022-02-15 21:05:29.388507+00:00 [debug] Responding to STUN request [UDP, session z, anonymous, client 127.0.0.1:52361] (stun:process/4:312)
2022-02-15 21:05:29.388550+00:00 [debug] Running 'stun_query' hook [UDP, session z, anonymous, client 127.0.0.1:52361] (stun:run_hook/3:818)
2022-02-15 21:05:29.388592+00:00 [debug] Got 'stun_query' event [UDP, session z, anonymous, client 127.0.0.1:52361] (eturnal_module:handle_event/2:173)
2022-02-15 21:05:29.388653+00:00 [debug] Calling mod_log_stun:handle_event/2 [UDP, session z, anonymous, client 127.0.0.1:52361] (eturnal_module:handle_event/2:176)
2022-02-15 21:05:29.388700+00:00 [info] Responding to STUN request [UDP, session z, anonymous, client 127.0.0.1:52361] (mod_log_stun:handle_event/2:45)
2022-02-15 21:05:29.388739+00:00 [debug] Calling mod_stats_influx:handle_event/2 [UDP, session z, anonymous, client 127.0.0.1:52361] (eturnal_module:handle_event/2:176)
2022-02-15 21:05:29.388780+00:00 [debug] Writing STUN query event to InfluxDB [UDP, session z, anonymous, client 127.0.0.1:52361] (mod_stats_influx:on_stun_query/1:70)
2022-02-15 21:05:29.388959+00:00 [debug] Sending:
#stun{class = response,method = 1,magic = 554869826,
      trid = 5754458631346155648705353798,raw = <<>>,unsupported = [],
      'ALTERNATE-SERVER' = undefined,'CHANNEL-NUMBER' = undefined,
      'DATA' = undefined,'DONT-FRAGMENT' = false,'ERROR-CODE' = undefined,
      'LIFETIME' = undefined,'MAPPED-ADDRESS' = undefined,
      'MESSAGE-INTEGRITY' = undefined,'NONCE' = undefined,'REALM' = undefined,
      'REQUESTED-ADDRESS-FAMILY' = undefined,
      'REQUESTED-TRANSPORT' = undefined,'SOFTWARE' = <<"eturnal">>,
      'UNKNOWN-ATTRIBUTES' = [],'USERNAME' = undefined,
      'XOR-MAPPED-ADDRESS' = {{127,0,0,1},52361},
      'XOR-PEER-ADDRESS' = [],'XOR-RELAYED-ADDRESS' = undefined} (stun:send/3:445)
2022-02-15 21:05:29.413808+00:00 [info] Accepting connection: 127.0.0.1:50616 -> 127.0.0.1:34780 [TCP, session 2q] (stun_listener:accept/3:221)
2022-02-15 21:05:29.414106+00:00 [debug] Received:
#stun{class = request,method = 1,magic = 554869826,
      trid = 2370379398704473574738126946,raw = <<>>,unsupported = [],
      'ALTERNATE-SERVER' = undefined,'CHANNEL-NUMBER' = undefined,
      'DATA' = undefined,'DONT-FRAGMENT' = false,'ERROR-CODE' = undefined,
      'LIFETIME' = undefined,'MAPPED-ADDRESS' = undefined,
      'MESSAGE-INTEGRITY' = undefined,'NONCE' = undefined,'REALM' = undefined,
      'REQUESTED-ADDRESS-FAMILY' = undefined,
      'REQUESTED-TRANSPORT' = undefined,'SOFTWARE' = undefined,
      'UNKNOWN-ATTRIBUTES' = [],'USERNAME' = undefined,
      'XOR-MAPPED-ADDRESS' = undefined,'XOR-PEER-ADDRESS' = [],
      'XOR-RELAYED-ADDRESS' = undefined} (stun:process_data/3:404)
2022-02-15 21:05:29.414219+00:00 [debug] Responding to STUN request [TCP, session 2q, anonymous, client 127.0.0.1:50616] (stun:process/4:312)
2022-02-15 21:05:29.414273+00:00 [debug] Running 'stun_query' hook [TCP, session 2q, anonymous, client 127.0.0.1:50616] (stun:run_hook/3:818)
2022-02-15 21:05:29.414351+00:00 [debug] Got 'stun_query' event [TCP, session 2q, anonymous, client 127.0.0.1:50616] (eturnal_module:handle_event/2:173)
2022-02-15 21:05:29.414376+00:00 [debug] Calling mod_log_stun:handle_event/2 [TCP, session 2q, anonymous, client 127.0.0.1:50616] (eturnal_module:handle_event/2:176)
2022-02-15 21:05:29.414451+00:00 [info] Responding to STUN request [TCP, session 2q, anonymous, client 127.0.0.1:50616] (mod_log_stun:handle_event/2:45)
2022-02-15 21:05:29.414489+00:00 [debug] Calling mod_stats_influx:handle_event/2 [TCP, session 2q, anonymous, client 127.0.0.1:50616] (eturnal_module:handle_event/2:176)
2022-02-15 21:05:29.414516+00:00 [debug] Writing STUN query event to InfluxDB [TCP, session 2q, anonymous, client 127.0.0.1:50616] (mod_stats_influx:on_stun_query/1:70)
2022-02-15 21:05:29.414826+00:00 [debug] Sending:
#stun{class = response,method = 1,magic = 554869826,
      trid = 2370379398704473574738126946,raw = <<>>,unsupported = [],
      'ALTERNATE-SERVER' = undefined,'CHANNEL-NUMBER' = undefined,
      'DATA' = undefined,'DONT-FRAGMENT' = false,'ERROR-CODE' = undefined,
      'LIFETIME' = undefined,'MAPPED-ADDRESS' = undefined,
      'MESSAGE-INTEGRITY' = undefined,'NONCE' = undefined,'REALM' = undefined,
      'REQUESTED-ADDRESS-FAMILY' = undefined,
      'REQUESTED-TRANSPORT' = undefined,'SOFTWARE' = <<"P1 STUN library">>,
      'UNKNOWN-ATTRIBUTES' = [],'USERNAME' = undefined,
      'XOR-MAPPED-ADDRESS' = {{127,0,0,1},50616},
      'XOR-PEER-ADDRESS' = [],'XOR-RELAYED-ADDRESS' = undefined} (stun:send/3:445)
2022-02-15 21:05:29.415085+00:00 [info] Connection reset by peer [TCP, session 2q, anonymous, client 127.0.0.1:50616] (stun:handle_info/3:170)
2022-02-15 21:05:29.439585+00:00 [info] Accepting connection: 127.0.0.1:34318 -> 127.0.0.1:53490 [TLS, session 36] (stun_listener:accept/3:221)
2022-02-15 21:05:29.547536+00:00 [debug] Received:
#stun{class = request,method = 1,magic = 554869826,
      trid = 11435403610252295951696874063,raw = <<>>,unsupported = [],
      'ALTERNATE-SERVER' = undefined,'CHANNEL-NUMBER' = undefined,
      'DATA' = undefined,'DONT-FRAGMENT' = false,'ERROR-CODE' = undefined,
      'LIFETIME' = undefined,'MAPPED-ADDRESS' = undefined,
      'MESSAGE-INTEGRITY' = undefined,'NONCE' = undefined,'REALM' = undefined,
      'REQUESTED-ADDRESS-FAMILY' = undefined,
      'REQUESTED-TRANSPORT' = undefined,'SOFTWARE' = undefined,
      'UNKNOWN-ATTRIBUTES' = [],'USERNAME' = undefined,
      'XOR-MAPPED-ADDRESS' = undefined,'XOR-PEER-ADDRESS' = [],
      'XOR-RELAYED-ADDRESS' = undefined} (stun:process_data/3:404)
2022-02-15 21:05:29.547694+00:00 [debug] Responding to STUN request [TLS, session 36, anonymous, client 127.0.0.1:34318] (stun:process/4:312)
2022-02-15 21:05:29.547730+00:00 [debug] Running 'stun_query' hook [TLS, session 36, anonymous, client 127.0.0.1:34318] (stun:run_hook/3:818)
2022-02-15 21:05:29.547798+00:00 [debug] Got 'stun_query' event [TLS, session 36, anonymous, client 127.0.0.1:34318] (eturnal_module:handle_event/2:173)
2022-02-15 21:05:29.547834+00:00 [debug] Calling mod_log_stun:handle_event/2 [TLS, session 36, anonymous, client 127.0.0.1:34318] (eturnal_module:handle_event/2:176)
2022-02-15 21:05:29.547893+00:00 [info] Responding to STUN request [TLS, session 36, anonymous, client 127.0.0.1:34318] (mod_log_stun:handle_event/2:45)
2022-02-15 21:05:29.547928+00:00 [debug] Calling mod_stats_influx:handle_event/2 [TLS, session 36, anonymous, client 127.0.0.1:34318] (eturnal_module:handle_event/2:176)
2022-02-15 21:05:29.547957+00:00 [debug] Writing STUN query event to InfluxDB [TLS, session 36, anonymous, client 127.0.0.1:34318] (mod_stats_influx:on_stun_query/1:70)
2022-02-15 21:05:29.548197+00:00 [debug] Sending:
#stun{class = response,method = 1,magic = 554869826,
      trid = 11435403610252295951696874063,raw = <<>>,unsupported = [],
      'ALTERNATE-SERVER' = undefined,'CHANNEL-NUMBER' = undefined,
      'DATA' = undefined,'DONT-FRAGMENT' = false,'ERROR-CODE' = undefined,
      'LIFETIME' = undefined,'MAPPED-ADDRESS' = undefined,
      'MESSAGE-INTEGRITY' = undefined,'NONCE' = undefined,'REALM' = undefined,
      'REQUESTED-ADDRESS-FAMILY' = undefined,
      'REQUESTED-TRANSPORT' = undefined,'SOFTWARE' = <<"P1 STUN library">>,
      'UNKNOWN-ATTRIBUTES' = [],'USERNAME' = undefined,
      'XOR-MAPPED-ADDRESS' = {{127,0,0,1},34318},
      'XOR-PEER-ADDRESS' = [],'XOR-RELAYED-ADDRESS' = undefined} (stun:send/3:445)
2022-02-15 21:05:29.548473+00:00 [info] Connection reset by peer [TLS, session 36, anonymous, client 127.0.0.1:34318] (stun:handle_info/3:170)
2022-02-15 21:05:29.573545+00:00 [info] Accepting connection: 127.0.0.1:39176 -> 127.0.0.1:34781 [TCP|TLS, session 2a] (stun_listener:accept/3:221)
2022-02-15 21:05:29.573790+00:00 [debug] Determined transport protocol: TCP (stun:is_tls_handshake/1:766)
2022-02-15 21:05:29.574290+00:00 [debug] Received:
#stun{class = request,method = 1,magic = 554869826,
      trid = 64287149987948309195786236709,raw = <<>>,unsupported = [],
      'ALTERNATE-SERVER' = undefined,'CHANNEL-NUMBER' = undefined,
      'DATA' = undefined,'DONT-FRAGMENT' = false,'ERROR-CODE' = undefined,
      'LIFETIME' = undefined,'MAPPED-ADDRESS' = undefined,
      'MESSAGE-INTEGRITY' = undefined,'NONCE' = undefined,'REALM' = undefined,
      'REQUESTED-ADDRESS-FAMILY' = undefined,
      'REQUESTED-TRANSPORT' = undefined,'SOFTWARE' = undefined,
      'UNKNOWN-ATTRIBUTES' = [],'USERNAME' = undefined,
      'XOR-MAPPED-ADDRESS' = undefined,'XOR-PEER-ADDRESS' = [],
      'XOR-RELAYED-ADDRESS' = undefined} (stun:process_data/3:404)
2022-02-15 21:05:29.574427+00:00 [debug] Responding to STUN request [TCP, session 2a, anonymous, client 127.0.0.1:39176] (stun:process/4:312)
2022-02-15 21:05:29.574474+00:00 [debug] Running 'stun_query' hook [TCP, session 2a, anonymous, client 127.0.0.1:39176] (stun:run_hook/3:818)
2022-02-15 21:05:29.574539+00:00 [debug] Got 'stun_query' event [TCP, session 2a, anonymous, client 127.0.0.1:39176] (eturnal_module:handle_event/2:173)
2022-02-15 21:05:29.574580+00:00 [debug] Calling mod_log_stun:handle_event/2 [TCP, session 2a, anonymous, client 127.0.0.1:39176] (eturnal_module:handle_event/2:176)
2022-02-15 21:05:29.574643+00:00 [info] Responding to STUN request [TCP, session 2a, anonymous, client 127.0.0.1:39176] (mod_log_stun:handle_event/2:45)
2022-02-15 21:05:29.574966+00:00 [debug] Calling mod_stats_influx:handle_event/2 [TCP, session 2a, anonymous, client 127.0.0.1:39176] (eturnal_module:handle_event/2:176)
2022-02-15 21:05:29.575038+00:00 [debug] Writing STUN query event to InfluxDB [TCP, session 2a, anonymous, client 127.0.0.1:39176] (mod_stats_influx:on_stun_query/1:70)
2022-02-15 21:05:29.575233+00:00 [debug] Sending:
#stun{class = response,method = 1,magic = 554869826,
      trid = 64287149987948309195786236709,raw = <<>>,unsupported = [],
      'ALTERNATE-SERVER' = undefined,'CHANNEL-NUMBER' = undefined,
      'DATA' = undefined,'DONT-FRAGMENT' = false,'ERROR-CODE' = undefined,
      'LIFETIME' = undefined,'MAPPED-ADDRESS' = undefined,
      'MESSAGE-INTEGRITY' = undefined,'NONCE' = undefined,'REALM' = undefined,
      'REQUESTED-ADDRESS-FAMILY' = undefined,
      'REQUESTED-TRANSPORT' = undefined,'SOFTWARE' = <<"P1 STUN library">>,
      'UNKNOWN-ATTRIBUTES' = [],'USERNAME' = undefined,
      'XOR-MAPPED-ADDRESS' = {{127,0,0,1},39176},
      'XOR-PEER-ADDRESS' = [],'XOR-RELAYED-ADDRESS' = undefined} (stun:send/3:445)
2022-02-15 21:05:29.575494+00:00 [info] Connection reset by peer [TCP, session 2a, anonymous, client 127.0.0.1:39176] (stun:handle_info/3:170)
2022-02-15 21:05:29.599643+00:00 [info] Accepting connection: 127.0.0.1:39178 -> 127.0.0.1:34781 [TCP|TLS, session 1v] (stun_listener:accept/3:221)
2022-02-15 21:05:29.599998+00:00 [debug] Determined transport protocol: TLS (stun:is_tls_handshake/1:763)
2022-02-15 21:05:29.706530+00:00 [debug] Received:
#stun{class = request,method = 1,magic = 554869826,
      trid = 11485775677420486586317914008,raw = <<>>,unsupported = [],
      'ALTERNATE-SERVER' = undefined,'CHANNEL-NUMBER' = undefined,
      'DATA' = undefined,'DONT-FRAGMENT' = false,'ERROR-CODE' = undefined,
      'LIFETIME' = undefined,'MAPPED-ADDRESS' = undefined,
      'MESSAGE-INTEGRITY' = undefined,'NONCE' = undefined,'REALM' = undefined,
      'REQUESTED-ADDRESS-FAMILY' = undefined,
      'REQUESTED-TRANSPORT' = undefined,'SOFTWARE' = undefined,
      'UNKNOWN-ATTRIBUTES' = [],'USERNAME' = undefined,
      'XOR-MAPPED-ADDRESS' = undefined,'XOR-PEER-ADDRESS' = [],
      'XOR-RELAYED-ADDRESS' = undefined} (stun:process_data/3:404)
2022-02-15 21:05:29.706658+00:00 [debug] Responding to STUN request [TLS, session 1v, anonymous, client 127.0.0.1:39178] (stun:process/4:312)
2022-02-15 21:05:29.706695+00:00 [debug] Running 'stun_query' hook [TLS, session 1v, anonymous, client 127.0.0.1:39178] (stun:run_hook/3:818)
2022-02-15 21:05:29.706761+00:00 [debug] Got 'stun_query' event [TLS, session 1v, anonymous, client 127.0.0.1:39178] (eturnal_module:handle_event/2:173)
2022-02-15 21:05:29.706788+00:00 [debug] Calling mod_log_stun:handle_event/2 [TLS, session 1v, anonymous, client 127.0.0.1:39178] (eturnal_module:handle_event/2:176)
2022-02-15 21:05:29.706816+00:00 [info] Responding to STUN request [TLS, session 1v, anonymous, client 127.0.0.1:39178] (mod_log_stun:handle_event/2:45)
2022-02-15 21:05:29.706908+00:00 [debug] Calling mod_stats_influx:handle_event/2 [TLS, session 1v, anonymous, client 127.0.0.1:39178] (eturnal_module:handle_event/2:176)
2022-02-15 21:05:29.706935+00:00 [debug] Writing STUN query event to InfluxDB [TLS, session 1v, anonymous, client 127.0.0.1:39178] (mod_stats_influx:on_stun_query/1:70)
2022-02-15 21:05:29.707168+00:00 [debug] Sending:
#stun{class = response,method = 1,magic = 554869826,
      trid = 11485775677420486586317914008,raw = <<>>,unsupported = [],
      'ALTERNATE-SERVER' = undefined,'CHANNEL-NUMBER' = undefined,
      'DATA' = undefined,'DONT-FRAGMENT' = false,'ERROR-CODE' = undefined,
      'LIFETIME' = undefined,'MAPPED-ADDRESS' = undefined,
      'MESSAGE-INTEGRITY' = undefined,'NONCE' = undefined,'REALM' = undefined,
      'REQUESTED-ADDRESS-FAMILY' = undefined,
      'REQUESTED-TRANSPORT' = undefined,'SOFTWARE' = <<"P1 STUN library">>,
      'UNKNOWN-ATTRIBUTES' = [],'USERNAME' = undefined,
      'XOR-MAPPED-ADDRESS' = {{127,0,0,1},39178},
      'XOR-PEER-ADDRESS' = [],'XOR-RELAYED-ADDRESS' = undefined} (stun:send/3:445)
2022-02-15 21:05:29.707478+00:00 [info] Connection reset by peer [TLS, session 1v, anonymous, client 127.0.0.1:39178] (stun:handle_info/3:170)
2022-02-15 21:05:29.731231+00:00 [debug] No NOTIFY_SOCKET, dropping STOPPING=1 notification (eturnal_systemd:handle_cast/2:109)
2022-02-15 21:05:29.731340+00:00 [debug] Watchdog interval is undefined, hibernating (eturnal_systemd:get_timeout/1:162)
2022-02-15 21:05:29.731576+00:00 [debug] Terminating eturnal (shutdown) (eturnal:terminate/2:196)
2022-02-15 21:05:29.731771+00:00 [info] Stopped listening on 127.0.0.1:34780 (udp) (eturnal:stop_listeners/1:372)
2022-02-15 21:05:29.731914+00:00 [info] Stopped listening on 127.0.0.1:34780 (tcp) (eturnal:stop_listeners/1:372)
2022-02-15 21:05:29.732068+00:00 [info] Stopped listening on 127.0.0.1:53490 (tls) (eturnal:stop_listeners/1:372)
2022-02-15 21:05:29.732183+00:00 [info] Stopped listening on 127.0.0.1:34781 (auto) (eturnal:stop_listeners/1:372)
2022-02-15 21:05:29.732448+00:00 [debug] Calling mod_log_stun:stop/1 (eturnal_module:stop/1:159)
2022-02-15 21:05:29.732834+00:00 [debug] Stopping mod_log_stun (mod_log_stun:stop/0:50)
2022-02-15 21:05:29.732934+00:00 [info] Stopped mod_log_stun (eturnal:stop_modules/1:320)
2022-02-15 21:05:29.733085+00:00 [debug] Calling mod_stats_influx:stop/1 (eturnal_module:stop/1:159)
2022-02-15 21:05:29.733181+00:00 [debug] Stopping mod_stats_influx (mod_stats_influx:stop/0:55)
2022-02-15 21:05:29.733290+00:00 [info] Stopped mod_stats_influx (eturnal:stop_modules/1:320)
2022-02-15 21:05:29.734164+00:00 [debug] Removed run/cert.pem (eturnal:clean_run_dir/0:708)
2022-02-15 21:05:29.734352+00:00 [debug] Terminating eturnal_systemd (shutdown) (eturnal_systemd:terminate/2:136)
2022-02-15 21:05:29.734581+00:00 [notice] Stopping eturnal 1.8.1 on Erlang/OTP 24 (ERTS 12.2) (eturnal_app:stop/1:54)
2022-02-15 21:05:29.735180+00:00 [notice]     application: eturnal
    exited: stopped
    type: temporary
 (application_controller:info_exited/3:2119)
