2023-09-27 17:53:20.551175+00:00 [notice] Starting eturnal 1.11.1 on Erlang/OTP 26 (ERTS 14.1) (eturnal_app:start/2:34)
2023-09-27 17:53:20.551357+00:00 [debug] Starting supervisor: eturnal_sup (eturnal_sup:start_link/0:31)
2023-09-27 17:53:20.551495+00:00 [debug] Configuring eturnal_sup supervisor: [#{id => systemd,
                                       start =>
                                           {eturnal_systemd,start_link,[]}},
                                     #{id => eturnal,
                                       start => {eturnal,start_link,[]}}] (eturnal_sup:init/0:39)
2023-09-27 17:53:20.553116+00:00 [info] Got no NOTIFY_SOCKET, notifications disabled (eturnal_systemd:init/1:86)
2023-09-27 17:53:20.553309+00:00 [debug] PROGRESS REPORT:
    supervisor: {local,eturnal_sup}
    started: [{pid,<0.1020.0>},
              {id,systemd},
              {mfargs,{eturnal_systemd,start_link,[]}},
              {restart_type,permanent},
              {significant,false},
              {shutdown,5000},
              {child_type,worker}]
 (supervisor:report_progress/2:1565)
2023-09-27 17:53:20.553466+00:00 [info] Relay IPv4 address: 127.0.0.1 (port range: 49152-65535) (eturnal:log_relay_addresses/0:347)
2023-09-27 17:53:20.553600+00:00 [info] Relay IPv6 address not configured (eturnal:log_relay_addresses/0:357)
2023-09-27 17:53:20.564509+00:00 [info] Cannot determine control query port: noport (eturnal:log_control_listener/0:372)
2023-09-27 17:53:20.564884+00:00 [debug] Using run directory run (eturnal:ensure_run_dir/0:858)
2023-09-27 17:53:20.564996+00:00 [debug] TURN configuration seems fine (eturnal:check_turn_config/0:602)
2023-09-27 17:53:20.565099+00:00 [warning] TLS enabled without 'tls_crt_file', creating self-signed certificate (eturnal:check_pem_file/0:804)
2023-09-27 17:53:22.340097+00:00 [debug] Calling mod_stats_influx:start/0 (eturnal_module:start/1:143)
2023-09-27 17:53:22.340388+00:00 [debug] Starting mod_stats_influx (mod_stats_influx:start/0:37)
2023-09-27 17:53:22.342829+00:00 [debug] PROGRESS REPORT:
    application: ulitos
    started_at: nonode@nohost
 (application_controller:info_started/2:2117)
2023-09-27 17:53:22.344199+00:00 [debug] PROGRESS REPORT:
    application: poolboy
    started_at: nonode@nohost
 (application_controller:info_started/2:2117)
2023-09-27 17:53:22.349617+00:00 [info]     msg: Starting application: influx_udp (influx_udp_app:start/2:10)
2023-09-27 17:53:22.352114+00:00 [debug] PROGRESS REPORT:
    supervisor: {local,influx_udp_sup}
    started: [{pid,<0.1039.0>},
              {id,influx_udp},
              {mfargs,{influx_udp,start_link,[]}},
              {restart_type,permanent},
              {significant,false},
              {shutdown,5000},
              {child_type,worker}]
 (supervisor:report_progress/2:1565)
2023-09-27 17:53:22.352283+00:00 [debug] PROGRESS REPORT:
    application: influx_udp
    started_at: nonode@nohost
 (application_controller:info_started/2:2117)
2023-09-27 17:53:22.352343+00:00 [debug] Dependency influx_udp was available already (eturnal_module:ensure_dep/2:284)
2023-09-27 17:53:22.355743+00:00 [info]     options: #{port => 8089,host => "localhost",pool_size => 1,
               max_overflow => 1}
    msg: Start clients pool
    host: {127,0,0,1} (influx_udp:start_pool_/2:239)
2023-09-27 17:53:22.365807+00:00 [info]     port: 57778
    msg: Open UDP socket on port (influx_udp_worker:init/1:43)
2023-09-27 17:53:22.366021+00:00 [debug] PROGRESS REPORT:
    supervisor: {local,influx_udp_sup}
    started: [{pid,<0.1042.0>},
              {id,stats_influx_pool},
              {mfargs,
                  {poolboy,start_link,
                      [[{name,{local,stats_influx_pool}},
                        {worker_module,influx_udp_worker},
                        {size,1},
                        {max_overflow,1}],
                       [{options,
                            #{port => 8089,
                              host => {127,0,0,1},
                              pool_size => 1,max_overflow => 1}}]]}},
              {restart_type,permanent},
              {significant,false},
              {shutdown,5000},
              {child_type,worker}]
 (supervisor:report_progress/2:1565)
2023-09-27 17:53:22.366336+00:00 [info] Started mod_stats_influx (eturnal:start_modules/0:383)
2023-09-27 17:53:22.366439+00:00 [debug] Calling mod_stats_prometheus:start/0 (eturnal_module:start/1:143)
2023-09-27 17:53:22.366691+00:00 [debug] Starting mod_stats_prometheus (mod_stats_prometheus:start/0:56)
2023-09-27 17:53:24.065316+00:00 [debug] PROGRESS REPORT:
    application: prometheus
    started_at: nonode@nohost
 (application_controller:info_started/2:2117)
2023-09-27 17:53:24.067980+00:00 [debug] PROGRESS REPORT:
    application: accept
    started_at: nonode@nohost
 (application_controller:info_started/2:2117)
2023-09-27 17:53:24.068253+00:00 [debug] PROGRESS REPORT:
    application: prometheus_httpd
    started_at: nonode@nohost
 (application_controller:info_started/2:2117)
2023-09-27 17:53:24.068335+00:00 [debug] Dependency prometheus_httpd was available already (eturnal_module:ensure_dep/2:284)
2023-09-27 17:53:24.069236+00:00 [debug] PROGRESS REPORT:
    supervisor: {local,httpd_instance_sup__127_0_0_1__9081default}
    started: [{pid,<0.1064.0>},
              {id,{httpd_connection_sup,{127,0,0,1},9081,default}},
              {mfargs,{httpd_connection_sup,start_link,[[{127,0,0,1},9081]]}},
              {restart_type,permanent},
              {significant,false},
              {shutdown,5000},
              {child_type,supervisor}]
 (supervisor:report_progress/2:1565)
2023-09-27 17:53:24.069603+00:00 [debug] PROGRESS REPORT:
    supervisor: {local,httpd_acceptor_sup__127_0_0_1__9081default}
    started: [{pid,<0.1066.0>},
              {id,{httpd_acceptor_sup,{127,0,0,1},9081,default}},
              {mfargs,{httpd_acceptor,start_link,
                                      [httpd__127_0_0_1__9081default,ip_comm,
                                       {127,0,0,1},
                                       9081,inet,
                                       httpd_conf__127_0_0_1__9081default,
                                       15000]}},
              {restart_type,transient},
              {significant,false},
              {shutdown,brutal_kill},
              {child_type,worker}]
 (supervisor:report_progress/2:1565)
2023-09-27 17:53:24.069758+00:00 [debug] PROGRESS REPORT:
    supervisor: {local,httpd_instance_sup__127_0_0_1__9081default}
    started: [{pid,<0.1065.0>},
              {id,{httpd_acceptor_sup,{127,0,0,1},9081,default}},
              {mfargs,
                  {httpd_acceptor_sup,start_link,
                      [[{127,0,0,1},
                        9081,
                        [{bind_address,{127,0,0,1}},
                         {socket_type,ip_comm},
                         {port,9081},
                         {server_root,"run/mod_stats_prometheus/doc"},
                         {document_root,"run/mod_stats_prometheus/doc"},
                         {server_name,"Prometheus Exporter"},
                         {modules,[prometheus_httpd]}],
                        15000,undefined]]}},
              {restart_type,permanent},
              {significant,false},
              {shutdown,infinity},
              {child_type,supervisor}]
 (supervisor:report_progress/2:1565)
2023-09-27 17:53:24.069912+00:00 [debug] PROGRESS REPORT:
    supervisor: {local,httpd_instance_sup__127_0_0_1__9081default}
    started: [{pid,<0.1067.0>},
              {id,{httpd_misc_sup,{127,0,0,1},9081,default}},
              {mfargs,{httpd_misc_sup,start_link,[{127,0,0,1},9081,default]}},
              {restart_type,permanent},
              {significant,false},
              {shutdown,infinity},
              {child_type,supervisor}]
 (supervisor:report_progress/2:1565)
2023-09-27 17:53:24.070178+00:00 [debug] PROGRESS REPORT:
    supervisor: {local,httpd_instance_sup__127_0_0_1__9081default}
    started: [{pid,<0.1068.0>},
              {id,{httpd_manager,{127,0,0,1},9081,default}},
              {mfargs,
                  {httpd_manager,start_link,
                      [undefined,
                       [{bind_address,{127,0,0,1}},
                        {socket_type,ip_comm},
                        {port,9081},
                        {server_root,"run/mod_stats_prometheus/doc"},
                        {document_root,"run/mod_stats_prometheus/doc"},
                        {server_name,"Prometheus Exporter"},
                        {modules,[prometheus_httpd]}],
                       15000]}},
              {restart_type,permanent},
              {significant,false},
              {shutdown,4000},
              {child_type,worker}]
 (supervisor:report_progress/2:1565)
2023-09-27 17:53:24.070296+00:00 [debug] PROGRESS REPORT:
    supervisor: {local,httpd_sup}
    started: [{pid,<0.1063.0>},
              {id,{httpd_instance_sup,{127,0,0,1},9081,default}},
              {mfargs,
                  {httpd_instance_sup,start_link,
                      [[{bind_address,{127,0,0,1}},
                        {socket_type,ip_comm},
                        {port,9081},
                        {server_root,"run/mod_stats_prometheus/doc"},
                        {document_root,"run/mod_stats_prometheus/doc"},
                        {server_name,"Prometheus Exporter"},
                        {modules,[prometheus_httpd]}],
                       15000,[]]}},
              {restart_type,permanent},
              {significant,false},
              {shutdown,infinity},
              {child_type,supervisor}]
 (supervisor:report_progress/2:1565)
2023-09-27 17:53:24.070809+00:00 [info] Started mod_stats_prometheus (eturnal:start_modules/0:383)
2023-09-27 17:53:24.071148+00:00 [debug] Calling mod_log_stun:start/0 (eturnal_module:start/1:143)
2023-09-27 17:53:24.071900+00:00 [debug] Starting mod_log_stun (mod_log_stun:start/0:38)
2023-09-27 17:53:24.072137+00:00 [info] Started mod_log_stun (eturnal:start_modules/0:383)
2023-09-27 17:53:24.072322+00:00 [warning] The 'blacklist' option is deprecated (eturnal:blacklist_opts/0:502)
2023-09-27 17:53:24.072563+00:00 [warning] Use 'blacklist_clients' and/or 'blacklist_peers' (eturnal:blacklist_opts/0:503)
2023-09-27 17:53:24.072654+00:00 [warning] The 'whitelist' option is deprecated (eturnal:whitelist_opts/0:519)
2023-09-27 17:53:24.072767+00:00 [warning] Use 'whitelist_clients' and/or 'whitelist_peers' (eturnal:whitelist_opts/0:520)
2023-09-27 17:53:24.072852+00:00 [debug] Starting listener 127.0.0.1:34780 (udp) with options:
[{use_turn,true},
 {auth_type,user},
 {turn_ipv4_address,{127,0,0,1}},
 {turn_min_port,49152},
 {turn_max_port,65535},
 {turn_max_allocations,10},
 {turn_max_permissions,10},
 {shaper,100000},
 {auth_realm,<<"eturnal.net">>},
 {server_name,<<"eturnal">>},
 {auth_fun,fun eturnal:get_password/2},
 {hook_fun,fun eturnal:run_hook/2},
 {turn_blacklist_clients,[{{10,0,0,0},8},
                          {{100,64,0,0},10},
                          {{127,0,0,0},8},
                          {{169,254,0,0},16},
                          {{172,16,0,0},12},
                          {{192,0,0,0},24},
                          {{192,0,2,0},24},
                          {{192,88,99,0},24},
                          {{192,168,0,0},16},
                          {{198,18,0,0},15},
                          {{198,51,100,0},24},
                          {{203,0,113,0},24},
                          {{224,0,0,0},4},
                          {{240,0,0,0},4},
                          {{0,0,0,0,0,0,0,1},128},
                          {{0,0,0,0,0,65535,0,0},96},
                          {{100,65435,0,0,0,0,0,0},96},
                          {{256,0,0,0,0,0,0,0},64},
                          {{8193,3512,0,0,0,0,0,0},32},
                          {{64512,0,0,0,0,0,0,0},7},
                          {{65152,0,0,0,0,0,0,0},10},
                          {{65280,0,0,0,0,0,0,0},8}]},
 {turn_blacklist_peers,[{{10,0,0,0},8},
                        {{100,64,0,0},10},
                        {{127,0,0,0},8},
                        {{169,254,0,0},16},
                        {{172,16,0,0},12},
                        {{192,0,0,0},24},
                        {{192,0,2,0},24},
                        {{192,88,99,0},24},
                        {{192,168,0,0},16},
                        {{198,18,0,0},15},
                        {{198,51,100,0},24},
                        {{203,0,113,0},24},
                        {{224,0,0,0},4},
                        {{240,0,0,0},4},
                        {{0,0,0,0,0,0,0,1},128},
                        {{0,0,0,0,0,65535,0,0},96},
                        {{100,65435,0,0,0,0,0,0},96},
                        {{256,0,0,0,0,0,0,0},64},
                        {{8193,3512,0,0,0,0,0,0},32},
                        {{64512,0,0,0,0,0,0,0},7},
                        {{65152,0,0,0,0,0,0,0},10},
                        {{65280,0,0,0,0,0,0,0},8}]},
 {turn_whitelist_clients,[{{127,0,0,1},32},
                          {{203,0,113,113},32},
                          {{8193,3512,0,0,0,0,0,0},64}]},
 {turn_whitelist_peers,[{{127,0,0,1},32},
                        {{203,0,113,113},32},
                        {{8193,3512,0,0,0,0,0,0},64}]}] (eturnal:start_listeners/0:418)
2023-09-27 17:53:24.074774+00:00 [info] Listening on 127.0.0.1:34780 (udp) (STUN/TURN) (eturnal:start_listeners/0:425)
2023-09-27 17:53:24.074917+00:00 [debug] Starting listener 127.0.0.1:34780 (tcp) with options:
[{use_turn,false},
 {auth_type,anonymous},
 {turn_ipv4_address,{127,0,0,1}},
 {turn_min_port,49152},
 {turn_max_port,65535},
 {turn_max_allocations,10},
 {turn_max_permissions,10},
 {shaper,100000},
 {auth_realm,<<"eturnal.net">>},
 {server_name,<<"eturnal">>},
 {auth_fun,fun eturnal:get_password/2},
 {hook_fun,fun eturnal:run_hook/2},
 {turn_blacklist_clients,[{{10,0,0,0},8},
                          {{100,64,0,0},10},
                          {{127,0,0,0},8},
                          {{169,254,0,0},16},
                          {{172,16,0,0},12},
                          {{192,0,0,0},24},
                          {{192,0,2,0},24},
                          {{192,88,99,0},24},
                          {{192,168,0,0},16},
                          {{198,18,0,0},15},
                          {{198,51,100,0},24},
                          {{203,0,113,0},24},
                          {{224,0,0,0},4},
                          {{240,0,0,0},4},
                          {{0,0,0,0,0,0,0,1},128},
                          {{0,0,0,0,0,65535,0,0},96},
                          {{100,65435,0,0,0,0,0,0},96},
                          {{256,0,0,0,0,0,0,0},64},
                          {{8193,3512,0,0,0,0,0,0},32},
                          {{64512,0,0,0,0,0,0,0},7},
                          {{65152,0,0,0,0,0,0,0},10},
                          {{65280,0,0,0,0,0,0,0},8}]},
 {turn_blacklist_peers,[{{10,0,0,0},8},
                        {{100,64,0,0},10},
                        {{127,0,0,0},8},
                        {{169,254,0,0},16},
                        {{172,16,0,0},12},
                        {{192,0,0,0},24},
                        {{192,0,2,0},24},
                        {{192,88,99,0},24},
                        {{192,168,0,0},16},
                        {{198,18,0,0},15},
                        {{198,51,100,0},24},
                        {{203,0,113,0},24},
                        {{224,0,0,0},4},
                        {{240,0,0,0},4},
                        {{0,0,0,0,0,0,0,1},128},
                        {{0,0,0,0,0,65535,0,0},96},
                        {{100,65435,0,0,0,0,0,0},96},
                        {{256,0,0,0,0,0,0,0},64},
                        {{8193,3512,0,0,0,0,0,0},32},
                        {{64512,0,0,0,0,0,0,0},7},
                        {{65152,0,0,0,0,0,0,0},10},
                        {{65280,0,0,0,0,0,0,0},8}]},
 {turn_whitelist_clients,[{{127,0,0,1},32},
                          {{203,0,113,113},32},
                          {{8193,3512,0,0,0,0,0,0},64}]},
 {turn_whitelist_peers,[{{127,0,0,1},32},
                        {{203,0,113,113},32},
                        {{8193,3512,0,0,0,0,0,0},64}]}] (eturnal:start_listeners/0:418)
2023-09-27 17:53:24.076132+00:00 [info] Listening on 127.0.0.1:34780 (tcp) (STUN only) (eturnal:start_listeners/0:425)
2023-09-27 17:53:24.076312+00:00 [debug] Starting listener 127.0.0.1:53490 (tls) with options:
[{use_turn,false},
 {auth_type,anonymous},
 {tls,true},
 {certfile,<<"run/cert.pem">>},
 {ciphers,<<"HIGH:!aNULL:@STRENGTH">>},
 {protocol_options,<<"no_tlsv1|no_tlsv1_1|cipher_server_preference">>},
 {turn_ipv4_address,{127,0,0,1}},
 {turn_min_port,49152},
 {turn_max_port,65535},
 {turn_max_allocations,10},
 {turn_max_permissions,10},
 {shaper,100000},
 {auth_realm,<<"eturnal.net">>},
 {server_name,<<"eturnal">>},
 {auth_fun,fun eturnal:get_password/2},
 {hook_fun,fun eturnal:run_hook/2},
 {turn_blacklist_clients,[{{10,0,0,0},8},
                          {{100,64,0,0},10},
                          {{127,0,0,0},8},
                          {{169,254,0,0},16},
                          {{172,16,0,0},12},
                          {{192,0,0,0},24},
                          {{192,0,2,0},24},
                          {{192,88,99,0},24},
                          {{192,168,0,0},16},
                          {{198,18,0,0},15},
                          {{198,51,100,0},24},
                          {{203,0,113,0},24},
                          {{224,0,0,0},4},
                          {{240,0,0,0},4},
                          {{0,0,0,0,0,0,0,1},128},
                          {{0,0,0,0,0,65535,0,0},96},
                          {{100,65435,0,0,0,0,0,0},96},
                          {{256,0,0,0,0,0,0,0},64},
                          {{8193,3512,0,0,0,0,0,0},32},
                          {{64512,0,0,0,0,0,0,0},7},
                          {{65152,0,0,0,0,0,0,0},10},
                          {{65280,0,0,0,0,0,0,0},8}]},
 {turn_blacklist_peers,[{{10,0,0,0},8},
                        {{100,64,0,0},10},
                        {{127,0,0,0},8},
                        {{169,254,0,0},16},
                        {{172,16,0,0},12},
                        {{192,0,0,0},24},
                        {{192,0,2,0},24},
                        {{192,88,99,0},24},
                        {{192,168,0,0},16},
                        {{198,18,0,0},15},
                        {{198,51,100,0},24},
                        {{203,0,113,0},24},
                        {{224,0,0,0},4},
                        {{240,0,0,0},4},
                        {{0,0,0,0,0,0,0,1},128},
                        {{0,0,0,0,0,65535,0,0},96},
                        {{100,65435,0,0,0,0,0,0},96},
                        {{256,0,0,0,0,0,0,0},64},
                        {{8193,3512,0,0,0,0,0,0},32},
                        {{64512,0,0,0,0,0,0,0},7},
                        {{65152,0,0,0,0,0,0,0},10},
                        {{65280,0,0,0,0,0,0,0},8}]},
 {turn_whitelist_clients,[{{127,0,0,1},32},
                          {{203,0,113,113},32},
                          {{8193,3512,0,0,0,0,0,0},64}]},
 {turn_whitelist_peers,[{{127,0,0,1},32},
                        {{203,0,113,113},32},
                        {{8193,3512,0,0,0,0,0,0},64}]}] (eturnal:start_listeners/0:418)
2023-09-27 17:53:24.078285+00:00 [info] Listening on 127.0.0.1:53490 (tls) (STUN only) (eturnal:start_listeners/0:425)
2023-09-27 17:53:24.078440+00:00 [debug] Starting listener 127.0.0.1:34781 (auto) with options:
[{use_turn,false},
 {auth_type,anonymous},
 {tls,optional},
 {certfile,<<"run/cert.pem">>},
 {ciphers,<<"HIGH:!aNULL:@STRENGTH">>},
 {protocol_options,<<"no_tlsv1|no_tlsv1_1|cipher_server_preference">>},
 {turn_ipv4_address,{127,0,0,1}},
 {turn_min_port,49152},
 {turn_max_port,65535},
 {turn_max_allocations,10},
 {turn_max_permissions,10},
 {shaper,100000},
 {auth_realm,<<"eturnal.net">>},
 {server_name,<<"eturnal">>},
 {auth_fun,fun eturnal:get_password/2},
 {hook_fun,fun eturnal:run_hook/2},
 {turn_blacklist_clients,[{{10,0,0,0},8},
                          {{100,64,0,0},10},
                          {{127,0,0,0},8},
                          {{169,254,0,0},16},
                          {{172,16,0,0},12},
                          {{192,0,0,0},24},
                          {{192,0,2,0},24},
                          {{192,88,99,0},24},
                          {{192,168,0,0},16},
                          {{198,18,0,0},15},
                          {{198,51,100,0},24},
                          {{203,0,113,0},24},
                          {{224,0,0,0},4},
                          {{240,0,0,0},4},
                          {{0,0,0,0,0,0,0,1},128},
                          {{0,0,0,0,0,65535,0,0},96},
                          {{100,65435,0,0,0,0,0,0},96},
                          {{256,0,0,0,0,0,0,0},64},
                          {{8193,3512,0,0,0,0,0,0},32},
                          {{64512,0,0,0,0,0,0,0},7},
                          {{65152,0,0,0,0,0,0,0},10},
                          {{65280,0,0,0,0,0,0,0},8}]},
 {turn_blacklist_peers,[{{10,0,0,0},8},
                        {{100,64,0,0},10},
                        {{127,0,0,0},8},
                        {{169,254,0,0},16},
                        {{172,16,0,0},12},
                        {{192,0,0,0},24},
                        {{192,0,2,0},24},
                        {{192,88,99,0},24},
                        {{192,168,0,0},16},
                        {{198,18,0,0},15},
                        {{198,51,100,0},24},
                        {{203,0,113,0},24},
                        {{224,0,0,0},4},
                        {{240,0,0,0},4},
                        {{0,0,0,0,0,0,0,1},128},
                        {{0,0,0,0,0,65535,0,0},96},
                        {{100,65435,0,0,0,0,0,0},96},
                        {{256,0,0,0,0,0,0,0},64},
                        {{8193,3512,0,0,0,0,0,0},32},
                        {{64512,0,0,0,0,0,0,0},7},
                        {{65152,0,0,0,0,0,0,0},10},
                        {{65280,0,0,0,0,0,0,0},8}]},
 {turn_whitelist_clients,[{{127,0,0,1},32},
                          {{203,0,113,113},32},
                          {{8193,3512,0,0,0,0,0,0},64}]},
 {turn_whitelist_peers,[{{127,0,0,1},32},
                        {{203,0,113,113},32},
                        {{8193,3512,0,0,0,0,0,0},64}]}] (eturnal:start_listeners/0:418)
2023-09-27 17:53:24.079617+00:00 [info] Listening on 127.0.0.1:34781 (auto) (STUN only) (eturnal:start_listeners/0:425)
2023-09-27 17:53:24.079764+00:00 [debug] Started 3 modules (eturnal:init/1:105)
2023-09-27 17:53:24.080108+00:00 [debug] Started 4 listeners (eturnal:init/1:106)
2023-09-27 17:53:24.080370+00:00 [debug] PROGRESS REPORT:
    supervisor: {local,eturnal_sup}
    started: [{pid,<0.1022.0>},
              {id,eturnal},
              {mfargs,{eturnal,start_link,[]}},
              {restart_type,permanent},
              {significant,false},
              {shutdown,5000},
              {child_type,worker}]
 (supervisor:report_progress/2:1565)
2023-09-27 17:53:24.080496+00:00 [debug] No NOTIFY_SOCKET, dropping READY=1 notification (eturnal_systemd:handle_cast/2:99)
2023-09-27 17:53:24.080645+00:00 [debug] PROGRESS REPORT:
    application: eturnal
    started_at: nonode@nohost
 (application_controller:info_started/2:2117)
2023-09-27 17:53:24.115330+00:00 [debug] Handling API call: get_info() (eturnal_ctl:get_info/0:128)
2023-09-27 17:53:24.115953+00:00 [debug] eturnal call (get_info) returned {ok,
                                  {eturnal_node_info,<<"1.11.1">>,
                                   {"26","14.1"},
                                   7089,0,164,150193019,2,62114336}} (eturnal_ctl:call/1:434)
2023-09-27 17:53:24.140926+00:00 [debug] Handling API call: get_sessions() (eturnal_ctl:get_sessions/0:99)
2023-09-27 17:53:24.164548+00:00 [debug] Handling API call: get_sessions("alice") (eturnal_ctl:get_sessions/1:109)
2023-09-27 17:53:24.164913+00:00 [debug] Handling API call: disconnect(alice) (eturnal_ctl:disconnect/1:177)
2023-09-27 17:53:24.165059+00:00 [debug] Cannot convert user name to binary: alice (eturnal_ctl:disconnect/1:187)
2023-09-27 17:53:24.188857+00:00 [debug] Handling API call: disconnect("alice") (eturnal_ctl:disconnect/1:177)
2023-09-27 17:53:24.189133+00:00 [debug] Handling API call: disconnect(alice) (eturnal_ctl:disconnect/1:177)
2023-09-27 17:53:24.189256+00:00 [debug] Cannot convert user name to binary: alice (eturnal_ctl:disconnect/1:187)
2023-09-27 17:53:24.213762+00:00 [debug] Handling API call: get_credentials("2009-10-30 11:00:00Z", []) (eturnal_ctl:get_credentials/2:59)
2023-09-27 17:53:24.213999+00:00 [debug] eturnal call ({get_password,<<"1256900400">>}) returned {ok,
                                                         <<"uEKlpcME7MNMMVRV8rUFPCTIFEs=">>} (eturnal_ctl:call/1:434)
2023-09-27 17:53:24.214286+00:00 [debug] Handling API call: get_credentials("86400", "alice") (eturnal_ctl:get_credentials/2:59)
2023-09-27 17:53:24.214454+00:00 [debug] eturnal call ({get_password,<<"1695923604:alice">>}) returned {ok,
                                                               <<"QVo58o/SHjFhTsOMKPQstzqOsUU=">>} (eturnal_ctl:call/1:434)
2023-09-27 17:53:24.214621+00:00 [debug] Handling API call: get_password("1695923604:alice") (eturnal_ctl:get_password/1:78)
2023-09-27 17:53:24.214762+00:00 [debug] eturnal call ({get_password,<<"1695923604:alice">>}) returned {ok,
                                                               <<"QVo58o/SHjFhTsOMKPQstzqOsUU=">>} (eturnal_ctl:call/1:434)
2023-09-27 17:53:24.214968+00:00 [debug] Handling API call: get_credentials("86400s", "alice") (eturnal_ctl:get_credentials/2:59)
2023-09-27 17:53:24.215143+00:00 [debug] eturnal call ({get_password,<<"1695923604:alice">>}) returned {ok,
                                                               <<"QVo58o/SHjFhTsOMKPQstzqOsUU=">>} (eturnal_ctl:call/1:434)
2023-09-27 17:53:24.215325+00:00 [debug] Handling API call: get_password("1695923604:alice") (eturnal_ctl:get_password/1:78)
2023-09-27 17:53:24.215459+00:00 [debug] eturnal call ({get_password,<<"1695923604:alice">>}) returned {ok,
                                                               <<"QVo58o/SHjFhTsOMKPQstzqOsUU=">>} (eturnal_ctl:call/1:434)
2023-09-27 17:53:24.215640+00:00 [debug] Handling API call: get_credentials("1440m", "alice") (eturnal_ctl:get_credentials/2:59)
2023-09-27 17:53:24.215781+00:00 [debug] eturnal call ({get_password,<<"1695923604:alice">>}) returned {ok,
                                                               <<"QVo58o/SHjFhTsOMKPQstzqOsUU=">>} (eturnal_ctl:call/1:434)
2023-09-27 17:53:24.215926+00:00 [debug] Handling API call: get_password("1695923604:alice") (eturnal_ctl:get_password/1:78)
2023-09-27 17:53:24.216061+00:00 [debug] eturnal call ({get_password,<<"1695923604:alice">>}) returned {ok,
                                                               <<"QVo58o/SHjFhTsOMKPQstzqOsUU=">>} (eturnal_ctl:call/1:434)
2023-09-27 17:53:24.216239+00:00 [debug] Handling API call: get_credentials("24h", "alice") (eturnal_ctl:get_credentials/2:59)
2023-09-27 17:53:24.216384+00:00 [debug] eturnal call ({get_password,<<"1695923604:alice">>}) returned {ok,
                                                               <<"QVo58o/SHjFhTsOMKPQstzqOsUU=">>} (eturnal_ctl:call/1:434)
2023-09-27 17:53:24.216584+00:00 [debug] Handling API call: get_password("1695923604:alice") (eturnal_ctl:get_password/1:78)
2023-09-27 17:53:24.216725+00:00 [debug] eturnal call ({get_password,<<"1695923604:alice">>}) returned {ok,
                                                               <<"QVo58o/SHjFhTsOMKPQstzqOsUU=">>} (eturnal_ctl:call/1:434)
2023-09-27 17:53:24.216930+00:00 [debug] Handling API call: get_credentials("1d", "alice") (eturnal_ctl:get_credentials/2:59)
2023-09-27 17:53:24.218666+00:00 [debug] eturnal call ({get_password,<<"1695923604:alice">>}) returned {ok,
                                                               <<"QVo58o/SHjFhTsOMKPQstzqOsUU=">>} (eturnal_ctl:call/1:434)
2023-09-27 17:53:24.218837+00:00 [debug] Handling API call: get_password("1695923604:alice") (eturnal_ctl:get_password/1:78)
2023-09-27 17:53:24.218996+00:00 [debug] eturnal call ({get_password,<<"1695923604:alice">>}) returned {ok,
                                                               <<"QVo58o/SHjFhTsOMKPQstzqOsUU=">>} (eturnal_ctl:call/1:434)
2023-09-27 17:53:24.219202+00:00 [debug] Handling API call: get_password("Invalid") (eturnal_ctl:get_password/1:78)
2023-09-27 17:53:24.219325+00:00 [debug] eturnal call ({get_password,<<"Invalid">>}) returned {error,no_credentials} (eturnal_ctl:call/1:437)
2023-09-27 17:53:24.219455+00:00 [debug] Handling API call: get_credentials("Invalid", []) (eturnal_ctl:get_credentials/2:59)
2023-09-27 17:53:24.219562+00:00 [debug] Invalid argument(s): "Invalid":[] (eturnal_ctl:get_credentials/2:72)
2023-09-27 17:53:24.219644+00:00 [debug] Handling API call: get_password(invalid) (eturnal_ctl:get_password/1:78)
2023-09-27 17:53:24.219725+00:00 [debug] Cannot convert user name to binary: invalid (eturnal_ctl:get_password/1:93)
2023-09-27 17:53:24.219793+00:00 [debug] Handling API call: get_credentials(invalid, []) (eturnal_ctl:get_credentials/2:59)
2023-09-27 17:53:24.219898+00:00 [debug] Invalid argument(s): invalid:[] (eturnal_ctl:get_credentials/2:72)
2023-09-27 17:53:24.220001+00:00 [debug] Handling API call: get_password([invalid]) (eturnal_ctl:get_password/1:78)
2023-09-27 17:53:24.220094+00:00 [debug] Cannot convert user name to binary: [invalid] (eturnal_ctl:get_password/1:93)
2023-09-27 17:53:24.220176+00:00 [debug] Handling API call: get_credentials([invalid], []) (eturnal_ctl:get_credentials/2:59)
2023-09-27 17:53:24.220258+00:00 [debug] Invalid argument(s): [invalid]:[] (eturnal_ctl:get_credentials/2:72)
2023-09-27 17:53:24.220376+00:00 [debug] Handling API call: get_credentials(1256900400, invalid) (eturnal_ctl:get_credentials/2:59)
2023-09-27 17:53:24.220449+00:00 [debug] Invalid argument(s): 1256900400:invalid (eturnal_ctl:get_credentials/2:72)
2023-09-27 17:53:24.220550+00:00 [debug] Handling API call: get_password("alice") (eturnal_ctl:get_password/1:78)
2023-09-27 17:53:24.220636+00:00 [debug] eturnal call ({get_password,<<"alice">>}) returned {ok,<<"l0vesBob">>} (eturnal_ctl:call/1:434)
2023-09-27 17:53:24.249546+00:00 [debug] Handling API call: set_loglevel(debug) (eturnal_ctl:set_loglevel/1:158)
2023-09-27 17:53:24.249769+00:00 [debug] eturnal call ({set_loglevel,debug}) returned ok (eturnal_ctl:call/1:431)
2023-09-27 17:53:24.250094+00:00 [debug] Handling API call: get_loglevel() (eturnal_ctl:get_loglevel/0:148)
2023-09-27 17:53:24.250201+00:00 [debug] eturnal call (get_loglevel) returned {ok,debug} (eturnal_ctl:call/1:434)
2023-09-27 17:53:24.250369+00:00 [debug] Handling API call: set_loglevel(invalid) (eturnal_ctl:set_loglevel/1:158)
2023-09-27 17:53:24.250461+00:00 [debug] Invalid log level: invalid (eturnal_ctl:set_loglevel/1:168)
2023-09-27 17:53:24.250612+00:00 [debug] Handling API call: get_loglevel() (eturnal_ctl:get_loglevel/0:148)
2023-09-27 17:53:24.250742+00:00 [debug] eturnal call (get_loglevel) returned {ok,debug} (eturnal_ctl:call/1:434)
2023-09-27 17:53:24.274713+00:00 [debug] Handling API call: get_version() (eturnal_ctl:get_version/0:138)
2023-09-27 17:53:24.274860+00:00 [debug] eturnal call (get_version) returned {ok,<<"1.11.1">>} (eturnal_ctl:call/1:434)
2023-09-27 17:53:24.299797+00:00 [debug] Handling API call: reload() (eturnal_ctl:reload/0:193)
2023-09-27 17:53:24.301744+00:00 [debug] Calling mod_log_stun:options/0 (eturnal_module:options/1:192)
2023-09-27 17:53:24.301917+00:00 [debug] Calling mod_stats_influx:options/0 (eturnal_module:options/1:192)
2023-09-27 17:53:24.302191+00:00 [debug] Calling mod_stats_prometheus:options/0 (eturnal_module:options/1:192)
2023-09-27 17:53:24.302713+00:00 [warning] TLS enabled without 'tls_crt_file', creating self-signed certificate (eturnal:check_pem_file/0:804)
2023-09-27 17:53:25.211971+00:00 [info] Using new TLS certificate (eturnal:reload/1:629)
2023-09-27 17:53:25.212804+00:00 [debug] Calling mod_stats_influx:stop/1 (eturnal_module:stop/1:163)
2023-09-27 17:53:25.212973+00:00 [debug] Stopping mod_stats_influx (mod_stats_influx:stop/0:61)
2023-09-27 17:53:25.213646+00:00 [info] Stopped mod_stats_influx (eturnal:stop_modules/1:396)
2023-09-27 17:53:25.213934+00:00 [debug] Calling mod_stats_prometheus:stop/1 (eturnal_module:stop/1:163)
2023-09-27 17:53:25.214115+00:00 [debug] Stopping mod_stats_prometheus (mod_stats_prometheus:stop/0:110)
2023-09-27 17:53:25.214579+00:00 [info] Stopped mod_stats_prometheus (eturnal:stop_modules/1:396)
2023-09-27 17:53:25.214967+00:00 [debug] Calling mod_log_stun:stop/1 (eturnal_module:stop/1:163)
2023-09-27 17:53:25.215204+00:00 [debug] Stopping mod_log_stun (mod_log_stun:stop/0:49)
2023-09-27 17:53:25.215814+00:00 [info] Stopped mod_log_stun (eturnal:stop_modules/1:396)
2023-09-27 17:53:25.215933+00:00 [debug] Calling mod_stats_influx:start/0 (eturnal_module:start/1:143)
2023-09-27 17:53:25.216026+00:00 [debug] Starting mod_stats_influx (mod_stats_influx:start/0:37)
2023-09-27 17:53:25.216094+00:00 [debug] Dependency influx_udp was available already (eturnal_module:ensure_dep/2:284)
2023-09-27 17:53:25.216433+00:00 [info]     options: #{port => 8089,host => "localhost",pool_size => 1,
               max_overflow => 1}
    msg: Start clients pool
    host: {127,0,0,1} (influx_udp:start_pool_/2:239)
2023-09-27 17:53:25.218367+00:00 [info] Started mod_stats_influx (eturnal:start_modules/0:383)
2023-09-27 17:53:25.218524+00:00 [debug] Calling mod_stats_prometheus:start/0 (eturnal_module:start/1:143)
2023-09-27 17:53:25.218604+00:00 [debug] Starting mod_stats_prometheus (mod_stats_prometheus:start/0:56)
2023-09-27 17:53:25.218694+00:00 [debug] Dependency prometheus_httpd was available already (eturnal_module:ensure_dep/2:284)
2023-09-27 17:53:25.219738+00:00 [debug] PROGRESS REPORT:
    supervisor: {local,httpd_instance_sup__127_0_0_1__9081default}
    started: [{pid,<0.1196.0>},
              {id,{httpd_connection_sup,{127,0,0,1},9081,default}},
              {mfargs,{httpd_connection_sup,start_link,[[{127,0,0,1},9081]]}},
              {restart_type,permanent},
              {significant,false},
              {shutdown,5000},
              {child_type,supervisor}]
 (supervisor:report_progress/2:1565)
2023-09-27 17:53:25.220162+00:00 [debug] PROGRESS REPORT:
    supervisor: {local,httpd_acceptor_sup__127_0_0_1__9081default}
    started: [{pid,<0.1198.0>},
              {id,{httpd_acceptor_sup,{127,0,0,1},9081,default}},
              {mfargs,{httpd_acceptor,start_link,
                                      [httpd__127_0_0_1__9081default,ip_comm,
                                       {127,0,0,1},
                                       9081,inet,
                                       httpd_conf__127_0_0_1__9081default,
                                       15000]}},
              {restart_type,transient},
              {significant,false},
              {shutdown,brutal_kill},
              {child_type,worker}]
 (supervisor:report_progress/2:1565)
2023-09-27 17:53:25.220422+00:00 [debug] PROGRESS REPORT:
    supervisor: {local,httpd_instance_sup__127_0_0_1__9081default}
    started: [{pid,<0.1197.0>},
              {id,{httpd_acceptor_sup,{127,0,0,1},9081,default}},
              {mfargs,
                  {httpd_acceptor_sup,start_link,
                      [[{127,0,0,1},
                        9081,
                        [{bind_address,{127,0,0,1}},
                         {socket_type,ip_comm},
                         {port,9081},
                         {server_root,"run/mod_stats_prometheus/doc"},
                         {document_root,"run/mod_stats_prometheus/doc"},
                         {server_name,"Prometheus Exporter"},
                         {modules,[prometheus_httpd]}],
                        15000,undefined]]}},
              {restart_type,permanent},
              {significant,false},
              {shutdown,infinity},
              {child_type,supervisor}]
 (supervisor:report_progress/2:1565)
2023-09-27 17:53:25.220593+00:00 [debug] PROGRESS REPORT:
    supervisor: {local,httpd_instance_sup__127_0_0_1__9081default}
    started: [{pid,<0.1201.0>},
              {id,{httpd_misc_sup,{127,0,0,1},9081,default}},
              {mfargs,{httpd_misc_sup,start_link,[{127,0,0,1},9081,default]}},
              {restart_type,permanent},
              {significant,false},
              {shutdown,infinity},
              {child_type,supervisor}]
 (supervisor:report_progress/2:1565)
2023-09-27 17:53:25.221048+00:00 [debug] PROGRESS REPORT:
    supervisor: {local,httpd_instance_sup__127_0_0_1__9081default}
    started: [{pid,<0.1203.0>},
              {id,{httpd_manager,{127,0,0,1},9081,default}},
              {mfargs,
                  {httpd_manager,start_link,
                      [undefined,
                       [{bind_address,{127,0,0,1}},
                        {socket_type,ip_comm},
                        {port,9081},
                        {server_root,"run/mod_stats_prometheus/doc"},
                        {document_root,"run/mod_stats_prometheus/doc"},
                        {server_name,"Prometheus Exporter"},
                        {modules,[prometheus_httpd]}],
                       15000]}},
              {restart_type,permanent},
              {significant,false},
              {shutdown,4000},
              {child_type,worker}]
 (supervisor:report_progress/2:1565)
2023-09-27 17:53:25.221170+00:00 [debug] PROGRESS REPORT:
    supervisor: {local,httpd_sup}
    started: [{pid,<0.1195.0>},
              {id,{httpd_instance_sup,{127,0,0,1},9081,default}},
              {mfargs,
                  {httpd_instance_sup,start_link,
                      [[{bind_address,{127,0,0,1}},
                        {socket_type,ip_comm},
                        {port,9081},
                        {server_root,"run/mod_stats_prometheus/doc"},
                        {document_root,"run/mod_stats_prometheus/doc"},
                        {server_name,"Prometheus Exporter"},
                        {modules,[prometheus_httpd]}],
                       15000,[]]}},
              {restart_type,permanent},
              {significant,false},
              {shutdown,infinity},
              {child_type,supervisor}]
 (supervisor:report_progress/2:1565)
2023-09-27 17:53:25.222155+00:00 [info] Started mod_stats_prometheus (eturnal:start_modules/0:383)
2023-09-27 17:53:25.222270+00:00 [debug] Calling mod_log_stun:start/0 (eturnal_module:start/1:143)
2023-09-27 17:53:25.222372+00:00 [debug] Starting mod_log_stun (mod_log_stun:start/0:38)
2023-09-27 17:53:25.223339+00:00 [info] Started mod_log_stun (eturnal:start_modules/0:383)
2023-09-27 17:53:25.223753+00:00 [debug] Restarted modules (eturnal:reload/1:637)
2023-09-27 17:53:25.224052+00:00 [debug] eturnal call (reload) returned ok (eturnal_ctl:call/1:431)
2023-09-27 17:53:25.224990+00:00 [debug] Handling API call: reload() (eturnal_ctl:reload/0:193)
2023-09-27 17:53:25.227000+00:00 [debug] Calling mod_log_stun:options/0 (eturnal_module:options/1:192)
2023-09-27 17:53:25.227127+00:00 [debug] Calling mod_stats_influx:options/0 (eturnal_module:options/1:192)
2023-09-27 17:53:25.227675+00:00 [debug] Calling mod_stats_prometheus:options/0 (eturnal_module:options/1:192)
2023-09-27 17:53:25.228584+00:00 [debug] Keeping PEM file (run/cert.pem) (eturnal:check_pem_file/0:801)
2023-09-27 17:53:25.228689+00:00 [debug] TLS certificate unchanged (eturnal:reload/1:631)
2023-09-27 17:53:25.229958+00:00 [debug] Calling mod_stats_influx:stop/1 (eturnal_module:stop/1:163)
2023-09-27 17:53:25.230158+00:00 [debug] Stopping mod_stats_influx (mod_stats_influx:stop/0:61)
2023-09-27 17:53:25.230284+00:00 [info] Stopped mod_stats_influx (eturnal:stop_modules/1:396)
2023-09-27 17:53:25.231775+00:00 [debug] Calling mod_stats_prometheus:stop/1 (eturnal_module:stop/1:163)
2023-09-27 17:53:25.231917+00:00 [debug] Stopping mod_stats_prometheus (mod_stats_prometheus:stop/0:110)
2023-09-27 17:53:25.233277+00:00 [info] Stopped mod_stats_prometheus (eturnal:stop_modules/1:396)
2023-09-27 17:53:25.234433+00:00 [debug] Calling mod_log_stun:stop/1 (eturnal_module:stop/1:163)
2023-09-27 17:53:25.234617+00:00 [debug] Stopping mod_log_stun (mod_log_stun:stop/0:49)
2023-09-27 17:53:25.234963+00:00 [info] Stopped mod_log_stun (eturnal:stop_modules/1:396)
2023-09-27 17:53:25.235084+00:00 [debug] Calling mod_stats_influx:start/0 (eturnal_module:start/1:143)
2023-09-27 17:53:25.235153+00:00 [debug] Starting mod_stats_influx (mod_stats_influx:start/0:37)
2023-09-27 17:53:25.235355+00:00 [debug] Dependency influx_udp was available already (eturnal_module:ensure_dep/2:284)
2023-09-27 17:53:25.235656+00:00 [info]     options: #{port => 8089,host => "localhost",pool_size => 1,
               max_overflow => 1}
    msg: Start clients pool
    host: {127,0,0,1} (influx_udp:start_pool_/2:239)
2023-09-27 17:53:25.236446+00:00 [info] Started mod_stats_influx (eturnal:start_modules/0:383)
2023-09-27 17:53:25.236575+00:00 [debug] Calling mod_stats_prometheus:start/0 (eturnal_module:start/1:143)
2023-09-27 17:53:25.236674+00:00 [debug] Starting mod_stats_prometheus (mod_stats_prometheus:start/0:56)
2023-09-27 17:53:25.236857+00:00 [debug] Dependency prometheus_httpd was available already (eturnal_module:ensure_dep/2:284)
2023-09-27 17:53:25.237437+00:00 [debug] PROGRESS REPORT:
    supervisor: {local,httpd_instance_sup__127_0_0_1__9081default}
    started: [{pid,<0.1231.0>},
              {id,{httpd_connection_sup,{127,0,0,1},9081,default}},
              {mfargs,{httpd_connection_sup,start_link,[[{127,0,0,1},9081]]}},
              {restart_type,permanent},
              {significant,false},
              {shutdown,5000},
              {child_type,supervisor}]
 (supervisor:report_progress/2:1565)
2023-09-27 17:53:25.237810+00:00 [debug] PROGRESS REPORT:
    supervisor: {local,httpd_acceptor_sup__127_0_0_1__9081default}
    started: [{pid,<0.1234.0>},
              {id,{httpd_acceptor_sup,{127,0,0,1},9081,default}},
              {mfargs,{httpd_acceptor,start_link,
                                      [httpd__127_0_0_1__9081default,ip_comm,
                                       {127,0,0,1},
                                       9081,inet,
                                       httpd_conf__127_0_0_1__9081default,
                                       15000]}},
              {restart_type,transient},
              {significant,false},
              {shutdown,brutal_kill},
              {child_type,worker}]
 (supervisor:report_progress/2:1565)
2023-09-27 17:53:25.238235+00:00 [debug] PROGRESS REPORT:
    supervisor: {local,httpd_instance_sup__127_0_0_1__9081default}
    started: [{pid,<0.1233.0>},
              {id,{httpd_acceptor_sup,{127,0,0,1},9081,default}},
              {mfargs,
                  {httpd_acceptor_sup,start_link,
                      [[{127,0,0,1},
                        9081,
                        [{bind_address,{127,0,0,1}},
                         {socket_type,ip_comm},
                         {port,9081},
                         {server_root,"run/mod_stats_prometheus/doc"},
                         {document_root,"run/mod_stats_prometheus/doc"},
                         {server_name,"Prometheus Exporter"},
                         {modules,[prometheus_httpd]}],
                        15000,undefined]]}},
              {restart_type,permanent},
              {significant,false},
              {shutdown,infinity},
              {child_type,supervisor}]
 (supervisor:report_progress/2:1565)
2023-09-27 17:53:25.238796+00:00 [debug] PROGRESS REPORT:
    supervisor: {local,httpd_instance_sup__127_0_0_1__9081default}
    started: [{pid,<0.1237.0>},
              {id,{httpd_misc_sup,{127,0,0,1},9081,default}},
              {mfargs,{httpd_misc_sup,start_link,[{127,0,0,1},9081,default]}},
              {restart_type,permanent},
              {significant,false},
              {shutdown,infinity},
              {child_type,supervisor}]
 (supervisor:report_progress/2:1565)
2023-09-27 17:53:25.239774+00:00 [debug] PROGRESS REPORT:
    supervisor: {local,httpd_instance_sup__127_0_0_1__9081default}
    started: [{pid,<0.1238.0>},
              {id,{httpd_manager,{127,0,0,1},9081,default}},
              {mfargs,
                  {httpd_manager,start_link,
                      [undefined,
                       [{bind_address,{127,0,0,1}},
                        {socket_type,ip_comm},
                        {port,9081},
                        {server_root,"run/mod_stats_prometheus/doc"},
                        {document_root,"run/mod_stats_prometheus/doc"},
                        {server_name,"Prometheus Exporter"},
                        {modules,[prometheus_httpd]}],
                       15000]}},
              {restart_type,permanent},
              {significant,false},
              {shutdown,4000},
              {child_type,worker}]
 (supervisor:report_progress/2:1565)
2023-09-27 17:53:25.239926+00:00 [debug] PROGRESS REPORT:
    supervisor: {local,httpd_sup}
    started: [{pid,<0.1230.0>},
              {id,{httpd_instance_sup,{127,0,0,1},9081,default}},
              {mfargs,
                  {httpd_instance_sup,start_link,
                      [[{bind_address,{127,0,0,1}},
                        {socket_type,ip_comm},
                        {port,9081},
                        {server_root,"run/mod_stats_prometheus/doc"},
                        {document_root,"run/mod_stats_prometheus/doc"},
                        {server_name,"Prometheus Exporter"},
                        {modules,[prometheus_httpd]}],
                       15000,[]]}},
              {restart_type,permanent},
              {significant,false},
              {shutdown,infinity},
              {child_type,supervisor}]
 (supervisor:report_progress/2:1565)
2023-09-27 17:53:25.241205+00:00 [info] Started mod_stats_prometheus (eturnal:start_modules/0:383)
2023-09-27 17:53:25.241356+00:00 [debug] Calling mod_log_stun:start/0 (eturnal_module:start/1:143)
2023-09-27 17:53:25.241483+00:00 [debug] Starting mod_log_stun (mod_log_stun:start/0:38)
2023-09-27 17:53:25.242775+00:00 [info] Started mod_log_stun (eturnal:start_modules/0:383)
2023-09-27 17:53:25.242952+00:00 [debug] Restarted modules (eturnal:reload/1:637)
2023-09-27 17:53:25.243332+00:00 [debug] eturnal call (reload) returned ok (eturnal_ctl:call/1:431)
2023-09-27 17:53:25.270562+00:00 [info] Accepting connection: 127.0.0.1:42562 -> 127.0.0.1:34780 [TCP, session nuo37w0qyvfx] (stun_acceptor:accept/3:158)
2023-09-27 17:53:25.294934+00:00 [info] Accepting connection: 127.0.0.1:38490 -> 127.0.0.1:53490 [TLS, session 5hi36av6gltu] (stun_acceptor:accept/3:158)
2023-09-27 17:53:25.320249+00:00 [debug] Received:
#stun{class = request,method = 3,magic = 554869826,
      trid = 9334590902286031856357848204,raw = <<>>,unsupported = [],
      'ALTERNATE-SERVER' = undefined,'CHANNEL-NUMBER' = undefined,
      'DATA' = undefined,'DONT-FRAGMENT' = false,'ERROR-CODE' = undefined,
      'LIFETIME' = undefined,'MAPPED-ADDRESS' = undefined,
      'MESSAGE-INTEGRITY' = undefined,'NONCE' = undefined,'REALM' = undefined,
      'REQUESTED-ADDRESS-FAMILY' = undefined,
      'REQUESTED-TRANSPORT' = undefined,'SOFTWARE' = undefined,
      'UNKNOWN-ATTRIBUTES' = [],'USERNAME' = undefined,
      'XOR-MAPPED-ADDRESS' = undefined,'XOR-PEER-ADDRESS' = [],
      'XOR-RELAYED-ADDRESS' = undefined} (stun:udp_recv/5:114)
2023-09-27 17:53:25.320432+00:00 [debug] Sending:
#stun{class = error,method = 3,magic = 554869826,
      trid = 9334590902286031856357848204,raw = <<>>,unsupported = [],
      'ALTERNATE-SERVER' = undefined,'CHANNEL-NUMBER' = undefined,
      'DATA' = undefined,'DONT-FRAGMENT' = false,
      'ERROR-CODE' = {401,<<"Unauthorized">>},
      'LIFETIME' = undefined,'MAPPED-ADDRESS' = undefined,
      'MESSAGE-INTEGRITY' = undefined,'NONCE' = <<"3214755653">>,
      'REALM' = <<"eturnal.net">>,'REQUESTED-ADDRESS-FAMILY' = undefined,
      'REQUESTED-TRANSPORT' = undefined,'SOFTWARE' = <<"eturnal">>,
      'UNKNOWN-ATTRIBUTES' = [],'USERNAME' = undefined,
      'XOR-MAPPED-ADDRESS' = undefined,'XOR-PEER-ADDRESS' = [],
      'XOR-RELAYED-ADDRESS' = undefined} (stun:send/3:466)
2023-09-27 17:53:25.320772+00:00 [debug] Received:
#stun{class = request,method = 3,magic = 554869826,
      trid = 60551123432321476665664678649,
      raw = <<0,3,0,76,33,18,164,66,195,166,183,34,150,138,12,75,83,37,42,249,
              0,25,0,4,17,0,0,0,0,6,0,5,97,108,105,99,101,0,0,0,0,20,0,11,101,
              116,117,114,110,97,108,46,110,101,116,0,0,21,0,10,51,50,49,52,55,
              53,53,54,53,51,0,0>>,
      unsupported = [],'ALTERNATE-SERVER' = undefined,
      'CHANNEL-NUMBER' = undefined,'DATA' = undefined,'DONT-FRAGMENT' = false,
      'ERROR-CODE' = undefined,'LIFETIME' = undefined,
      'MAPPED-ADDRESS' = undefined,
      'MESSAGE-INTEGRITY' = <<93,104,89,128,63,3,64,244,51,140,156,214,84,66,
                              119,98,232,221,127,60>>,
      'NONCE' = <<"3214755653">>,'REALM' = <<"eturnal.net">>,
      'REQUESTED-ADDRESS-FAMILY' = undefined,'REQUESTED-TRANSPORT' = udp,
      'SOFTWARE' = undefined,'UNKNOWN-ATTRIBUTES' = [],
      'USERNAME' = <<"alice">>,'XOR-MAPPED-ADDRESS' = undefined,
      'XOR-PEER-ADDRESS' = [],'XOR-RELAYED-ADDRESS' = undefined} (stun:udp_recv/5:114)
2023-09-27 17:53:25.320925+00:00 [debug] Looking up password for: alice [UDP, session jwtu7673ru86, user alice, client 127.0.0.1:45028] (eturnal:get_password/2:257)
2023-09-27 17:53:25.321055+00:00 [info] Accepting long-term STUN/TURN authentication [UDP, session jwtu7673ru86, user alice, client 127.0.0.1:45028] (stun:process/2:255)
2023-09-27 17:53:25.321226+00:00 [debug] Running 'turn_session_start' hook [UDP, session jwtu7673ru86, user alice, client 127.0.0.1:45028] (turn:run_hook/3:753)
2023-09-27 17:53:25.321291+00:00 [debug] Got 'turn_session_start' event [UDP, session jwtu7673ru86, user alice, client 127.0.0.1:45028] (eturnal_module:handle_event/2:177)
2023-09-27 17:53:25.321370+00:00 [debug] Calling mod_stats_prometheus:handle_event/2 [UDP, session jwtu7673ru86, user alice, client 127.0.0.1:45028] (eturnal_module:handle_event/2:180)
2023-09-27 17:53:25.321436+00:00 [debug] Observing started TURN session jwtu7673ru86 for Prometheus [UDP, session jwtu7673ru86, user alice, client 127.0.0.1:45028] (mod_stats_prometheus:on_turn_session_start/1:174)
2023-09-27 17:53:25.321660+00:00 [notice] Creating TURN allocation (lifetime: 599 seconds) [UDP, session jwtu7673ru86, user alice, client 127.0.0.1:45028, relay 127.0.0.1:51646] (turn:wait_for_allocate/2:226)
2023-09-27 17:53:25.321790+00:00 [debug] Sending:
#stun{class = response,method = 3,magic = 554869826,
      trid = 60551123432321476665664678649,raw = <<>>,unsupported = [],
      'ALTERNATE-SERVER' = undefined,'CHANNEL-NUMBER' = undefined,
      'DATA' = undefined,'DONT-FRAGMENT' = false,'ERROR-CODE' = undefined,
      'LIFETIME' = 599,'MAPPED-ADDRESS' = undefined,
      'MESSAGE-INTEGRITY' = undefined,'NONCE' = undefined,'REALM' = undefined,
      'REQUESTED-ADDRESS-FAMILY' = undefined,
      'REQUESTED-TRANSPORT' = undefined,'SOFTWARE' = <<"eturnal">>,
      'UNKNOWN-ATTRIBUTES' = [],'USERNAME' = undefined,
      'XOR-MAPPED-ADDRESS' = {{127,0,0,1},45028},
      'XOR-PEER-ADDRESS' = [],
      'XOR-RELAYED-ADDRESS' = {{127,0,0,1},51646}} (turn:send/2:549)
2023-09-27 17:53:25.322120+00:00 [debug] Received:
#stun{class = request,method = 4,magic = 554869826,
      trid = 29414093624623287997699095384,
      raw = <<0,4,0,76,33,18,164,66,95,10,196,154,121,181,195,28,57,126,123,88,
              0,6,0,5,97,108,105,99,101,0,0,0,0,20,0,11,101,116,117,114,110,97,
              108,46,110,101,116,0,0,21,0,10,51,50,49,52,55,53,53,54,53,51,0,0,
              0,13,0,4,0,0,0,0>>,
      unsupported = [],'ALTERNATE-SERVER' = undefined,
      'CHANNEL-NUMBER' = undefined,'DATA' = undefined,'DONT-FRAGMENT' = false,
      'ERROR-CODE' = undefined,'LIFETIME' = 0,'MAPPED-ADDRESS' = undefined,
      'MESSAGE-INTEGRITY' = <<240,245,247,26,101,115,184,236,51,206,238,169,97,
                              208,112,213,144,250,214,27>>,
      'NONCE' = <<"3214755653">>,'REALM' = <<"eturnal.net">>,
      'REQUESTED-ADDRESS-FAMILY' = undefined,
      'REQUESTED-TRANSPORT' = undefined,'SOFTWARE' = undefined,
      'UNKNOWN-ATTRIBUTES' = [],'USERNAME' = <<"alice">>,
      'XOR-MAPPED-ADDRESS' = undefined,'XOR-PEER-ADDRESS' = [],
      'XOR-RELAYED-ADDRESS' = undefined} (stun:udp_recv/5:114)
2023-09-27 17:53:25.322253+00:00 [debug] Looking up password for: alice [UDP, session ublm7z6b44kx, user alice, client 127.0.0.1:45028] (eturnal:get_password/2:257)
2023-09-27 17:53:25.322332+00:00 [info] Accepting long-term STUN/TURN authentication [UDP, session ublm7z6b44kx, user alice, client 127.0.0.1:45028] (stun:process/2:255)
2023-09-27 17:53:25.322463+00:00 [info] Client requested closing the TURN session [UDP, session jwtu7673ru86, user alice, client 127.0.0.1:45028, relay 127.0.0.1:51646] (turn:active/2:285)
2023-09-27 17:53:25.322547+00:00 [debug] Sending:
#stun{class = response,method = 4,magic = 554869826,
      trid = 29414093624623287997699095384,raw = <<>>,unsupported = [],
      'ALTERNATE-SERVER' = undefined,'CHANNEL-NUMBER' = undefined,
      'DATA' = undefined,'DONT-FRAGMENT' = false,'ERROR-CODE' = undefined,
      'LIFETIME' = 0,'MAPPED-ADDRESS' = undefined,
      'MESSAGE-INTEGRITY' = undefined,'NONCE' = undefined,'REALM' = undefined,
      'REQUESTED-ADDRESS-FAMILY' = undefined,
      'REQUESTED-TRANSPORT' = undefined,'SOFTWARE' = <<"eturnal">>,
      'UNKNOWN-ATTRIBUTES' = [],'USERNAME' = undefined,
      'XOR-MAPPED-ADDRESS' = undefined,'XOR-PEER-ADDRESS' = [],
      'XOR-RELAYED-ADDRESS' = undefined} (turn:send/2:549)
2023-09-27 17:53:25.322687+00:00 [info] Deleting TURN allocation [UDP, session jwtu7673ru86, user alice, client 127.0.0.1:45028, relay 127.0.0.1:51646] (turn:terminate/3:482)
2023-09-27 17:53:25.322735+00:00 [notice] Relayed 0 KiB (in 0 B / 0 packets, out 0 B / 0 packets), duration: 0 seconds [UDP, session jwtu7673ru86, user alice, client 127.0.0.1:45028, relay 127.0.0.1:51646] (turn:terminate/3:489)
2023-09-27 17:53:25.322854+00:00 [debug] Running 'turn_session_stop' hook [UDP, session jwtu7673ru86, user alice, client 127.0.0.1:45028, relay 127.0.0.1:51646] (turn:run_hook/3:753)
2023-09-27 17:53:25.322926+00:00 [debug] Got 'turn_session_stop' event [UDP, session jwtu7673ru86, user alice, client 127.0.0.1:45028, relay 127.0.0.1:51646] (eturnal_module:handle_event/2:177)
2023-09-27 17:53:25.322980+00:00 [debug] Calling mod_stats_influx:handle_event/2 [UDP, session jwtu7673ru86, user alice, client 127.0.0.1:45028, relay 127.0.0.1:51646] (eturnal_module:handle_event/2:180)
2023-09-27 17:53:25.323037+00:00 [debug] Writing stats of TURN session jwtu7673ru86 to InfluxDB [UDP, session jwtu7673ru86, user alice, client 127.0.0.1:45028, relay 127.0.0.1:51646] (mod_stats_influx:on_turn_session_stop/1:87)
2023-09-27 17:53:25.323020+00:00 [debug] Received:
#stun{class = request,method = 3,magic = 554869826,
      trid = 49463315400280768395559904401,raw = <<>>,unsupported = [],
      'ALTERNATE-SERVER' = undefined,'CHANNEL-NUMBER' = undefined,
      'DATA' = undefined,'DONT-FRAGMENT' = false,'ERROR-CODE' = undefined,
      'LIFETIME' = undefined,'MAPPED-ADDRESS' = undefined,
      'MESSAGE-INTEGRITY' = undefined,'NONCE' = undefined,'REALM' = undefined,
      'REQUESTED-ADDRESS-FAMILY' = undefined,
      'REQUESTED-TRANSPORT' = undefined,'SOFTWARE' = undefined,
      'UNKNOWN-ATTRIBUTES' = [],'USERNAME' = undefined,
      'XOR-MAPPED-ADDRESS' = undefined,'XOR-PEER-ADDRESS' = [],
      'XOR-RELAYED-ADDRESS' = undefined} (stun:udp_recv/5:114)
2023-09-27 17:53:25.323185+00:00 [debug] Sending:
#stun{class = error,method = 3,magic = 554869826,
      trid = 49463315400280768395559904401,raw = <<>>,unsupported = [],
      'ALTERNATE-SERVER' = undefined,'CHANNEL-NUMBER' = undefined,
      'DATA' = undefined,'DONT-FRAGMENT' = false,
      'ERROR-CODE' = {401,<<"Unauthorized">>},
      'LIFETIME' = undefined,'MAPPED-ADDRESS' = undefined,
      'MESSAGE-INTEGRITY' = undefined,'NONCE' = <<"1666511588">>,
      'REALM' = <<"eturnal.net">>,'REQUESTED-ADDRESS-FAMILY' = undefined,
      'REQUESTED-TRANSPORT' = undefined,'SOFTWARE' = <<"eturnal">>,
      'UNKNOWN-ATTRIBUTES' = [],'USERNAME' = undefined,
      'XOR-MAPPED-ADDRESS' = undefined,'XOR-PEER-ADDRESS' = [],
      'XOR-RELAYED-ADDRESS' = undefined} (stun:send/3:466)
2023-09-27 17:53:25.323237+00:00 [debug] Calling mod_stats_prometheus:handle_event/2 [UDP, session jwtu7673ru86, user alice, client 127.0.0.1:45028, relay 127.0.0.1:51646] (eturnal_module:handle_event/2:180)
2023-09-27 17:53:25.323446+00:00 [debug] Received:
#stun{class = request,method = 3,magic = 554869826,
      trid = 32901083283844314284913183980,
      raw = <<0,3,0,80,33,18,164,66,106,79,35,98,172,108,51,20,69,117,204,236,
              0,25,0,4,17,0,0,0,0,6,0,10,50,49,52,53,57,49,51,50,48,48,0,0,0,
              20,0,11,101,116,117,114,110,97,108,46,110,101,116,0,0,21,0,10,49,
              54,54,54,53,49,49,53,56,56,0,0>>,
      unsupported = [],'ALTERNATE-SERVER' = undefined,
      'CHANNEL-NUMBER' = undefined,'DATA' = undefined,'DONT-FRAGMENT' = false,
      'ERROR-CODE' = undefined,'LIFETIME' = undefined,
      'MAPPED-ADDRESS' = undefined,
      'MESSAGE-INTEGRITY' = <<99,227,239,224,112,64,6,137,210,215,119,167,160,
                              58,34,233,255,138,10,89>>,
      'NONCE' = <<"1666511588">>,'REALM' = <<"eturnal.net">>,
      'REQUESTED-ADDRESS-FAMILY' = undefined,'REQUESTED-TRANSPORT' = udp,
      'SOFTWARE' = undefined,'UNKNOWN-ATTRIBUTES' = [],
      'USERNAME' = <<"2145913200">>,'XOR-MAPPED-ADDRESS' = undefined,
      'XOR-PEER-ADDRESS' = [],'XOR-RELAYED-ADDRESS' = undefined} (stun:udp_recv/5:114)
2023-09-27 17:53:25.323292+00:00 [debug] Observing stopped TURN session jwtu7673ru86 for Prometheus [UDP, session jwtu7673ru86, user alice, client 127.0.0.1:45028, relay 127.0.0.1:51646] (mod_stats_prometheus:on_turn_session_stop/1:187)
2023-09-27 17:53:25.323569+00:00 [debug] Deriving password for: 2145913200 [UDP, session k50poh5jcfqf, user 2145913200, client 127.0.0.1:37950] (eturnal:get_password/2:243)
2023-09-27 17:53:25.323680+00:00 [info] Accepting long-term STUN/TURN authentication [UDP, session k50poh5jcfqf, user 2145913200, client 127.0.0.1:37950] (stun:process/2:255)
2023-09-27 17:53:25.323814+00:00 [debug] Running 'turn_session_start' hook [UDP, session k50poh5jcfqf, user 2145913200, client 127.0.0.1:37950] (turn:run_hook/3:753)
2023-09-27 17:53:25.323872+00:00 [debug] Got 'turn_session_start' event [UDP, session k50poh5jcfqf, user 2145913200, client 127.0.0.1:37950] (eturnal_module:handle_event/2:177)
2023-09-27 17:53:25.323954+00:00 [debug] Calling mod_stats_prometheus:handle_event/2 [UDP, session k50poh5jcfqf, user 2145913200, client 127.0.0.1:37950] (eturnal_module:handle_event/2:180)
2023-09-27 17:53:25.324015+00:00 [debug] Observing started TURN session k50poh5jcfqf for Prometheus [UDP, session k50poh5jcfqf, user 2145913200, client 127.0.0.1:37950] (mod_stats_prometheus:on_turn_session_start/1:174)
2023-09-27 17:53:25.324241+00:00 [notice] Creating TURN allocation (lifetime: 600 seconds) [UDP, session k50poh5jcfqf, user 2145913200, client 127.0.0.1:37950, relay 127.0.0.1:54246] (turn:wait_for_allocate/2:226)
2023-09-27 17:53:25.324355+00:00 [debug] Sending:
#stun{class = response,method = 3,magic = 554869826,
      trid = 32901083283844314284913183980,raw = <<>>,unsupported = [],
      'ALTERNATE-SERVER' = undefined,'CHANNEL-NUMBER' = undefined,
      'DATA' = undefined,'DONT-FRAGMENT' = false,'ERROR-CODE' = undefined,
      'LIFETIME' = 600,'MAPPED-ADDRESS' = undefined,
      'MESSAGE-INTEGRITY' = undefined,'NONCE' = undefined,'REALM' = undefined,
      'REQUESTED-ADDRESS-FAMILY' = undefined,
      'REQUESTED-TRANSPORT' = undefined,'SOFTWARE' = <<"eturnal">>,
      'UNKNOWN-ATTRIBUTES' = [],'USERNAME' = undefined,
      'XOR-MAPPED-ADDRESS' = {{127,0,0,1},37950},
      'XOR-PEER-ADDRESS' = [],
      'XOR-RELAYED-ADDRESS' = {{127,0,0,1},54246}} (turn:send/2:549)
2023-09-27 17:53:25.324713+00:00 [debug] Received:
#stun{class = request,method = 4,magic = 554869826,
      trid = 42596923630745112062182776408,
      raw = <<0,4,0,80,33,18,164,66,137,163,89,113,21,40,117,57,135,59,94,88,0,
              6,0,10,50,49,52,53,57,49,51,50,48,48,0,0,0,20,0,11,101,116,117,
              114,110,97,108,46,110,101,116,0,0,21,0,10,49,54,54,54,53,49,49,
              53,56,56,0,0,0,13,0,4,0,0,0,0>>,
      unsupported = [],'ALTERNATE-SERVER' = undefined,
      'CHANNEL-NUMBER' = undefined,'DATA' = undefined,'DONT-FRAGMENT' = false,
      'ERROR-CODE' = undefined,'LIFETIME' = 0,'MAPPED-ADDRESS' = undefined,
      'MESSAGE-INTEGRITY' = <<208,250,247,174,126,108,182,58,188,58,255,247,
                              151,94,220,200,186,252,29,138>>,
      'NONCE' = <<"1666511588">>,'REALM' = <<"eturnal.net">>,
      'REQUESTED-ADDRESS-FAMILY' = undefined,
      'REQUESTED-TRANSPORT' = undefined,'SOFTWARE' = undefined,
      'UNKNOWN-ATTRIBUTES' = [],'USERNAME' = <<"2145913200">>,
      'XOR-MAPPED-ADDRESS' = undefined,'XOR-PEER-ADDRESS' = [],
      'XOR-RELAYED-ADDRESS' = undefined} (stun:udp_recv/5:114)
2023-09-27 17:53:25.324882+00:00 [debug] Deriving password for: 2145913200 [UDP, session 1uuq4pnijcxl, user 2145913200, client 127.0.0.1:37950] (eturnal:get_password/2:243)
2023-09-27 17:53:25.324948+00:00 [info] Accepting long-term STUN/TURN authentication [UDP, session 1uuq4pnijcxl, user 2145913200, client 127.0.0.1:37950] (stun:process/2:255)
2023-09-27 17:53:25.325002+00:00 [info] Client requested closing the TURN session [UDP, session k50poh5jcfqf, user 2145913200, client 127.0.0.1:37950, relay 127.0.0.1:54246] (turn:active/2:285)
2023-09-27 17:53:25.325107+00:00 [debug] Sending:
#stun{class = response,method = 4,magic = 554869826,
      trid = 42596923630745112062182776408,raw = <<>>,unsupported = [],
      'ALTERNATE-SERVER' = undefined,'CHANNEL-NUMBER' = undefined,
      'DATA' = undefined,'DONT-FRAGMENT' = false,'ERROR-CODE' = undefined,
      'LIFETIME' = 0,'MAPPED-ADDRESS' = undefined,
      'MESSAGE-INTEGRITY' = undefined,'NONCE' = undefined,'REALM' = undefined,
      'REQUESTED-ADDRESS-FAMILY' = undefined,
      'REQUESTED-TRANSPORT' = undefined,'SOFTWARE' = <<"eturnal">>,
      'UNKNOWN-ATTRIBUTES' = [],'USERNAME' = undefined,
      'XOR-MAPPED-ADDRESS' = undefined,'XOR-PEER-ADDRESS' = [],
      'XOR-RELAYED-ADDRESS' = undefined} (turn:send/2:549)
2023-09-27 17:53:25.325240+00:00 [info] Deleting TURN allocation [UDP, session k50poh5jcfqf, user 2145913200, client 127.0.0.1:37950, relay 127.0.0.1:54246] (turn:terminate/3:482)
2023-09-27 17:53:25.325290+00:00 [notice] Relayed 0 KiB (in 0 B / 0 packets, out 0 B / 0 packets), duration: 0 seconds [UDP, session k50poh5jcfqf, user 2145913200, client 127.0.0.1:37950, relay 127.0.0.1:54246] (turn:terminate/3:489)
2023-09-27 17:53:25.325346+00:00 [debug] Running 'turn_session_stop' hook [UDP, session k50poh5jcfqf, user 2145913200, client 127.0.0.1:37950, relay 127.0.0.1:54246] (turn:run_hook/3:753)
2023-09-27 17:53:25.325396+00:00 [debug] Got 'turn_session_stop' event [UDP, session k50poh5jcfqf, user 2145913200, client 127.0.0.1:37950, relay 127.0.0.1:54246] (eturnal_module:handle_event/2:177)
2023-09-27 17:53:25.325443+00:00 [debug] Calling mod_stats_influx:handle_event/2 [UDP, session k50poh5jcfqf, user 2145913200, client 127.0.0.1:37950, relay 127.0.0.1:54246] (eturnal_module:handle_event/2:180)
2023-09-27 17:53:25.325512+00:00 [debug] Writing stats of TURN session k50poh5jcfqf to InfluxDB [UDP, session k50poh5jcfqf, user 2145913200, client 127.0.0.1:37950, relay 127.0.0.1:54246] (mod_stats_influx:on_turn_session_stop/1:87)
2023-09-27 17:53:25.325784+00:00 [debug] Calling mod_stats_prometheus:handle_event/2 [UDP, session k50poh5jcfqf, user 2145913200, client 127.0.0.1:37950, relay 127.0.0.1:54246] (eturnal_module:handle_event/2:180)
2023-09-27 17:53:25.325851+00:00 [debug] Observing stopped TURN session k50poh5jcfqf for Prometheus [UDP, session k50poh5jcfqf, user 2145913200, client 127.0.0.1:37950, relay 127.0.0.1:54246] (mod_stats_prometheus:on_turn_session_stop/1:187)
2023-09-27 17:53:25.352581+00:00 [debug] Received:
#stun{class = request,method = 1,magic = 554869826,
      trid = 15951182706483859151752946073,raw = <<>>,unsupported = [],
      'ALTERNATE-SERVER' = undefined,'CHANNEL-NUMBER' = undefined,
      'DATA' = undefined,'DONT-FRAGMENT' = false,'ERROR-CODE' = undefined,
      'LIFETIME' = undefined,'MAPPED-ADDRESS' = undefined,
      'MESSAGE-INTEGRITY' = undefined,'NONCE' = undefined,'REALM' = undefined,
      'REQUESTED-ADDRESS-FAMILY' = undefined,
      'REQUESTED-TRANSPORT' = undefined,'SOFTWARE' = undefined,
      'UNKNOWN-ATTRIBUTES' = [],'USERNAME' = undefined,
      'XOR-MAPPED-ADDRESS' = undefined,'XOR-PEER-ADDRESS' = [],
      'XOR-RELAYED-ADDRESS' = undefined} (stun:udp_recv/5:114)
2023-09-27 17:53:25.352680+00:00 [debug] Responding to STUN request [UDP, session 2z7l1lktz0kn, anonymous, client 127.0.0.1:40675] (stun:process/4:323)
2023-09-27 17:53:25.352746+00:00 [debug] Running 'stun_query' hook [UDP, session 2z7l1lktz0kn, anonymous, client 127.0.0.1:40675] (stun:run_hook/3:889)
2023-09-27 17:53:25.352799+00:00 [debug] Got 'stun_query' event [UDP, session 2z7l1lktz0kn, anonymous, client 127.0.0.1:40675] (eturnal_module:handle_event/2:177)
2023-09-27 17:53:25.352847+00:00 [debug] Calling mod_log_stun:handle_event/2 [UDP, session 2z7l1lktz0kn, anonymous, client 127.0.0.1:40675] (eturnal_module:handle_event/2:180)
2023-09-27 17:53:25.352900+00:00 [info] Responding to STUN request [UDP, session 2z7l1lktz0kn, anonymous, client 127.0.0.1:40675] (mod_log_stun:handle_event/2:44)
2023-09-27 17:53:25.352946+00:00 [debug] Calling mod_stats_influx:handle_event/2 [UDP, session 2z7l1lktz0kn, anonymous, client 127.0.0.1:40675] (eturnal_module:handle_event/2:180)
2023-09-27 17:53:25.352996+00:00 [debug] Writing STUN query event to InfluxDB [UDP, session 2z7l1lktz0kn, anonymous, client 127.0.0.1:40675] (mod_stats_influx:on_stun_query/1:76)
2023-09-27 17:53:25.353131+00:00 [debug] Calling mod_stats_prometheus:handle_event/2 [UDP, session 2z7l1lktz0kn, anonymous, client 127.0.0.1:40675] (eturnal_module:handle_event/2:180)
2023-09-27 17:53:25.353177+00:00 [debug] Observing STUN query for Prometheus [UDP, session 2z7l1lktz0kn, anonymous, client 127.0.0.1:40675] (mod_stats_prometheus:on_stun_query/1:166)
2023-09-27 17:53:25.353275+00:00 [debug] Sending:
#stun{class = response,method = 1,magic = 554869826,
      trid = 15951182706483859151752946073,raw = <<>>,unsupported = [],
      'ALTERNATE-SERVER' = undefined,'CHANNEL-NUMBER' = undefined,
      'DATA' = undefined,'DONT-FRAGMENT' = false,'ERROR-CODE' = undefined,
      'LIFETIME' = undefined,'MAPPED-ADDRESS' = undefined,
      'MESSAGE-INTEGRITY' = undefined,'NONCE' = undefined,'REALM' = undefined,
      'REQUESTED-ADDRESS-FAMILY' = undefined,
      'REQUESTED-TRANSPORT' = undefined,'SOFTWARE' = <<"eturnal">>,
      'UNKNOWN-ATTRIBUTES' = [],'USERNAME' = undefined,
      'XOR-MAPPED-ADDRESS' = {{127,0,0,1},40675},
      'XOR-PEER-ADDRESS' = [],'XOR-RELAYED-ADDRESS' = undefined} (stun:send/3:466)
2023-09-27 17:53:25.378577+00:00 [info] Accepting connection: 127.0.0.1:42570 -> 127.0.0.1:34780 [TCP, session e8q2mrwgo3x0] (stun_acceptor:accept/3:158)
2023-09-27 17:53:25.378822+00:00 [debug] Received:
#stun{class = request,method = 1,magic = 554869826,
      trid = 40541571341673488167544300121,raw = <<>>,unsupported = [],
      'ALTERNATE-SERVER' = undefined,'CHANNEL-NUMBER' = undefined,
      'DATA' = undefined,'DONT-FRAGMENT' = false,'ERROR-CODE' = undefined,
      'LIFETIME' = undefined,'MAPPED-ADDRESS' = undefined,
      'MESSAGE-INTEGRITY' = undefined,'NONCE' = undefined,'REALM' = undefined,
      'REQUESTED-ADDRESS-FAMILY' = undefined,
      'REQUESTED-TRANSPORT' = undefined,'SOFTWARE' = undefined,
      'UNKNOWN-ATTRIBUTES' = [],'USERNAME' = undefined,
      'XOR-MAPPED-ADDRESS' = undefined,'XOR-PEER-ADDRESS' = [],
      'XOR-RELAYED-ADDRESS' = undefined} (stun:process_data/3:423)
2023-09-27 17:53:25.378962+00:00 [debug] Responding to STUN request [TCP, session e8q2mrwgo3x0, anonymous, client 127.0.0.1:42570] (stun:process/4:323)
2023-09-27 17:53:25.379024+00:00 [debug] Running 'stun_query' hook [TCP, session e8q2mrwgo3x0, anonymous, client 127.0.0.1:42570] (stun:run_hook/3:889)
2023-09-27 17:53:25.379096+00:00 [debug] Got 'stun_query' event [TCP, session e8q2mrwgo3x0, anonymous, client 127.0.0.1:42570] (eturnal_module:handle_event/2:177)
2023-09-27 17:53:25.379142+00:00 [debug] Calling mod_log_stun:handle_event/2 [TCP, session e8q2mrwgo3x0, anonymous, client 127.0.0.1:42570] (eturnal_module:handle_event/2:180)
2023-09-27 17:53:25.379211+00:00 [info] Responding to STUN request [TCP, session e8q2mrwgo3x0, anonymous, client 127.0.0.1:42570] (mod_log_stun:handle_event/2:44)
2023-09-27 17:53:25.379314+00:00 [debug] Calling mod_stats_influx:handle_event/2 [TCP, session e8q2mrwgo3x0, anonymous, client 127.0.0.1:42570] (eturnal_module:handle_event/2:180)
2023-09-27 17:53:25.379360+00:00 [debug] Writing STUN query event to InfluxDB [TCP, session e8q2mrwgo3x0, anonymous, client 127.0.0.1:42570] (mod_stats_influx:on_stun_query/1:76)
2023-09-27 17:53:25.379506+00:00 [debug] Calling mod_stats_prometheus:handle_event/2 [TCP, session e8q2mrwgo3x0, anonymous, client 127.0.0.1:42570] (eturnal_module:handle_event/2:180)
2023-09-27 17:53:25.379562+00:00 [debug] Observing STUN query for Prometheus [TCP, session e8q2mrwgo3x0, anonymous, client 127.0.0.1:42570] (mod_stats_prometheus:on_stun_query/1:166)
2023-09-27 17:53:25.379653+00:00 [debug] Sending:
#stun{class = response,method = 1,magic = 554869826,
      trid = 40541571341673488167544300121,raw = <<>>,unsupported = [],
      'ALTERNATE-SERVER' = undefined,'CHANNEL-NUMBER' = undefined,
      'DATA' = undefined,'DONT-FRAGMENT' = false,'ERROR-CODE' = undefined,
      'LIFETIME' = undefined,'MAPPED-ADDRESS' = undefined,
      'MESSAGE-INTEGRITY' = undefined,'NONCE' = undefined,'REALM' = undefined,
      'REQUESTED-ADDRESS-FAMILY' = undefined,
      'REQUESTED-TRANSPORT' = undefined,'SOFTWARE' = <<"P1 STUN library">>,
      'UNKNOWN-ATTRIBUTES' = [],'USERNAME' = undefined,
      'XOR-MAPPED-ADDRESS' = {{127,0,0,1},42570},
      'XOR-PEER-ADDRESS' = [],'XOR-RELAYED-ADDRESS' = undefined} (stun:send/3:466)
2023-09-27 17:53:25.379937+00:00 [info] Connection reset by peer [TCP, session e8q2mrwgo3x0, anonymous, client 127.0.0.1:42570] (stun:handle_info/3:174)
2023-09-27 17:53:25.404027+00:00 [info] Accepting connection: 127.0.0.1:38492 -> 127.0.0.1:53490 [TLS, session v3zojpb7qaon] (stun_acceptor:accept/3:158)
2023-09-27 17:53:26.412170+00:00 [debug] Received:
#stun{class = request,method = 1,magic = 554869826,
      trid = 5490572563281768428406764669,raw = <<>>,unsupported = [],
      'ALTERNATE-SERVER' = undefined,'CHANNEL-NUMBER' = undefined,
      'DATA' = undefined,'DONT-FRAGMENT' = false,'ERROR-CODE' = undefined,
      'LIFETIME' = undefined,'MAPPED-ADDRESS' = undefined,
      'MESSAGE-INTEGRITY' = undefined,'NONCE' = undefined,'REALM' = undefined,
      'REQUESTED-ADDRESS-FAMILY' = undefined,
      'REQUESTED-TRANSPORT' = undefined,'SOFTWARE' = undefined,
      'UNKNOWN-ATTRIBUTES' = [],'USERNAME' = undefined,
      'XOR-MAPPED-ADDRESS' = undefined,'XOR-PEER-ADDRESS' = [],
      'XOR-RELAYED-ADDRESS' = undefined} (stun:process_data/3:423)
2023-09-27 17:53:26.412340+00:00 [debug] Responding to STUN request [TLS, session v3zojpb7qaon, anonymous, client 127.0.0.1:38492] (stun:process/4:323)
2023-09-27 17:53:26.412442+00:00 [debug] Running 'stun_query' hook [TLS, session v3zojpb7qaon, anonymous, client 127.0.0.1:38492] (stun:run_hook/3:889)
2023-09-27 17:53:26.412503+00:00 [debug] Got 'stun_query' event [TLS, session v3zojpb7qaon, anonymous, client 127.0.0.1:38492] (eturnal_module:handle_event/2:177)
2023-09-27 17:53:26.412552+00:00 [debug] Calling mod_log_stun:handle_event/2 [TLS, session v3zojpb7qaon, anonymous, client 127.0.0.1:38492] (eturnal_module:handle_event/2:180)
2023-09-27 17:53:26.412626+00:00 [info] Responding to STUN request [TLS, session v3zojpb7qaon, anonymous, client 127.0.0.1:38492] (mod_log_stun:handle_event/2:44)
2023-09-27 17:53:26.412675+00:00 [debug] Calling mod_stats_influx:handle_event/2 [TLS, session v3zojpb7qaon, anonymous, client 127.0.0.1:38492] (eturnal_module:handle_event/2:180)
2023-09-27 17:53:26.412732+00:00 [debug] Writing STUN query event to InfluxDB [TLS, session v3zojpb7qaon, anonymous, client 127.0.0.1:38492] (mod_stats_influx:on_stun_query/1:76)
2023-09-27 17:53:26.412920+00:00 [debug] Calling mod_stats_prometheus:handle_event/2 [TLS, session v3zojpb7qaon, anonymous, client 127.0.0.1:38492] (eturnal_module:handle_event/2:180)
2023-09-27 17:53:26.412974+00:00 [debug] Observing STUN query for Prometheus [TLS, session v3zojpb7qaon, anonymous, client 127.0.0.1:38492] (mod_stats_prometheus:on_stun_query/1:166)
2023-09-27 17:53:26.413086+00:00 [debug] Sending:
#stun{class = response,method = 1,magic = 554869826,
      trid = 5490572563281768428406764669,raw = <<>>,unsupported = [],
      'ALTERNATE-SERVER' = undefined,'CHANNEL-NUMBER' = undefined,
      'DATA' = undefined,'DONT-FRAGMENT' = false,'ERROR-CODE' = undefined,
      'LIFETIME' = undefined,'MAPPED-ADDRESS' = undefined,
      'MESSAGE-INTEGRITY' = undefined,'NONCE' = undefined,'REALM' = undefined,
      'REQUESTED-ADDRESS-FAMILY' = undefined,
      'REQUESTED-TRANSPORT' = undefined,'SOFTWARE' = <<"P1 STUN library">>,
      'UNKNOWN-ATTRIBUTES' = [],'USERNAME' = undefined,
      'XOR-MAPPED-ADDRESS' = {{127,0,0,1},38492},
      'XOR-PEER-ADDRESS' = [],'XOR-RELAYED-ADDRESS' = undefined} (stun:send/3:466)
2023-09-27 17:53:26.413519+00:00 [info] Connection reset by peer [TLS, session v3zojpb7qaon, anonymous, client 127.0.0.1:38492] (stun:handle_info/3:174)
2023-09-27 17:53:26.438388+00:00 [info] Accepting connection: 127.0.0.1:48720 -> 127.0.0.1:34781 [TCP|TLS, session man6bpf0suk2] (stun_acceptor:accept/3:158)
2023-09-27 17:53:26.438576+00:00 [debug] Determined transport protocol: TCP (stun:is_tls_handshake/1:835)
2023-09-27 17:53:26.438951+00:00 [debug] Received:
#stun{class = request,method = 1,magic = 554869826,
      trid = 62496138140396979633345800722,raw = <<>>,unsupported = [],
      'ALTERNATE-SERVER' = undefined,'CHANNEL-NUMBER' = undefined,
      'DATA' = undefined,'DONT-FRAGMENT' = false,'ERROR-CODE' = undefined,
      'LIFETIME' = undefined,'MAPPED-ADDRESS' = undefined,
      'MESSAGE-INTEGRITY' = undefined,'NONCE' = undefined,'REALM' = undefined,
      'REQUESTED-ADDRESS-FAMILY' = undefined,
      'REQUESTED-TRANSPORT' = undefined,'SOFTWARE' = undefined,
      'UNKNOWN-ATTRIBUTES' = [],'USERNAME' = undefined,
      'XOR-MAPPED-ADDRESS' = undefined,'XOR-PEER-ADDRESS' = [],
      'XOR-RELAYED-ADDRESS' = undefined} (stun:process_data/3:423)
2023-09-27 17:53:26.439085+00:00 [debug] Responding to STUN request [TCP, session man6bpf0suk2, anonymous, client 127.0.0.1:48720] (stun:process/4:323)
2023-09-27 17:53:26.439192+00:00 [debug] Running 'stun_query' hook [TCP, session man6bpf0suk2, anonymous, client 127.0.0.1:48720] (stun:run_hook/3:889)
2023-09-27 17:53:26.439287+00:00 [debug] Got 'stun_query' event [TCP, session man6bpf0suk2, anonymous, client 127.0.0.1:48720] (eturnal_module:handle_event/2:177)
2023-09-27 17:53:26.439352+00:00 [debug] Calling mod_log_stun:handle_event/2 [TCP, session man6bpf0suk2, anonymous, client 127.0.0.1:48720] (eturnal_module:handle_event/2:180)
2023-09-27 17:53:26.439405+00:00 [info] Responding to STUN request [TCP, session man6bpf0suk2, anonymous, client 127.0.0.1:48720] (mod_log_stun:handle_event/2:44)
2023-09-27 17:53:26.439460+00:00 [debug] Calling mod_stats_influx:handle_event/2 [TCP, session man6bpf0suk2, anonymous, client 127.0.0.1:48720] (eturnal_module:handle_event/2:180)
2023-09-27 17:53:26.439513+00:00 [debug] Writing STUN query event to InfluxDB [TCP, session man6bpf0suk2, anonymous, client 127.0.0.1:48720] (mod_stats_influx:on_stun_query/1:76)
2023-09-27 17:53:26.439698+00:00 [debug] Calling mod_stats_prometheus:handle_event/2 [TCP, session man6bpf0suk2, anonymous, client 127.0.0.1:48720] (eturnal_module:handle_event/2:180)
2023-09-27 17:53:26.439763+00:00 [debug] Observing STUN query for Prometheus [TCP, session man6bpf0suk2, anonymous, client 127.0.0.1:48720] (mod_stats_prometheus:on_stun_query/1:166)
2023-09-27 17:53:26.439900+00:00 [debug] Sending:
#stun{class = response,method = 1,magic = 554869826,
      trid = 62496138140396979633345800722,raw = <<>>,unsupported = [],
      'ALTERNATE-SERVER' = undefined,'CHANNEL-NUMBER' = undefined,
      'DATA' = undefined,'DONT-FRAGMENT' = false,'ERROR-CODE' = undefined,
      'LIFETIME' = undefined,'MAPPED-ADDRESS' = undefined,
      'MESSAGE-INTEGRITY' = undefined,'NONCE' = undefined,'REALM' = undefined,
      'REQUESTED-ADDRESS-FAMILY' = undefined,
      'REQUESTED-TRANSPORT' = undefined,'SOFTWARE' = <<"P1 STUN library">>,
      'UNKNOWN-ATTRIBUTES' = [],'USERNAME' = undefined,
      'XOR-MAPPED-ADDRESS' = {{127,0,0,1},48720},
      'XOR-PEER-ADDRESS' = [],'XOR-RELAYED-ADDRESS' = undefined} (stun:send/3:466)
2023-09-27 17:53:26.440146+00:00 [info] Connection reset by peer [TCP, session man6bpf0suk2, anonymous, client 127.0.0.1:48720] (stun:handle_info/3:174)
2023-09-27 17:53:26.464702+00:00 [info] Accepting connection: 127.0.0.1:48732 -> 127.0.0.1:34781 [TCP|TLS, session gmbh3hhjpm1n] (stun_acceptor:accept/3:158)
2023-09-27 17:53:26.464903+00:00 [debug] Determined transport protocol: TLS (stun:is_tls_handshake/1:832)
2023-09-27 17:53:27.472063+00:00 [debug] Received:
#stun{class = request,method = 1,magic = 554869826,
      trid = 72628315504155070525227806123,raw = <<>>,unsupported = [],
      'ALTERNATE-SERVER' = undefined,'CHANNEL-NUMBER' = undefined,
      'DATA' = undefined,'DONT-FRAGMENT' = false,'ERROR-CODE' = undefined,
      'LIFETIME' = undefined,'MAPPED-ADDRESS' = undefined,
      'MESSAGE-INTEGRITY' = undefined,'NONCE' = undefined,'REALM' = undefined,
      'REQUESTED-ADDRESS-FAMILY' = undefined,
      'REQUESTED-TRANSPORT' = undefined,'SOFTWARE' = undefined,
      'UNKNOWN-ATTRIBUTES' = [],'USERNAME' = undefined,
      'XOR-MAPPED-ADDRESS' = undefined,'XOR-PEER-ADDRESS' = [],
      'XOR-RELAYED-ADDRESS' = undefined} (stun:process_data/3:423)
2023-09-27 17:53:27.472234+00:00 [debug] Responding to STUN request [TLS, session gmbh3hhjpm1n, anonymous, client 127.0.0.1:48732] (stun:process/4:323)
2023-09-27 17:53:27.472305+00:00 [debug] Running 'stun_query' hook [TLS, session gmbh3hhjpm1n, anonymous, client 127.0.0.1:48732] (stun:run_hook/3:889)
2023-09-27 17:53:27.472370+00:00 [debug] Got 'stun_query' event [TLS, session gmbh3hhjpm1n, anonymous, client 127.0.0.1:48732] (eturnal_module:handle_event/2:177)
2023-09-27 17:53:27.472419+00:00 [debug] Calling mod_log_stun:handle_event/2 [TLS, session gmbh3hhjpm1n, anonymous, client 127.0.0.1:48732] (eturnal_module:handle_event/2:180)
2023-09-27 17:53:27.472481+00:00 [info] Responding to STUN request [TLS, session gmbh3hhjpm1n, anonymous, client 127.0.0.1:48732] (mod_log_stun:handle_event/2:44)
2023-09-27 17:53:27.472603+00:00 [debug] Calling mod_stats_influx:handle_event/2 [TLS, session gmbh3hhjpm1n, anonymous, client 127.0.0.1:48732] (eturnal_module:handle_event/2:180)
2023-09-27 17:53:27.472676+00:00 [debug] Writing STUN query event to InfluxDB [TLS, session gmbh3hhjpm1n, anonymous, client 127.0.0.1:48732] (mod_stats_influx:on_stun_query/1:76)
2023-09-27 17:53:27.472869+00:00 [debug] Calling mod_stats_prometheus:handle_event/2 [TLS, session gmbh3hhjpm1n, anonymous, client 127.0.0.1:48732] (eturnal_module:handle_event/2:180)
2023-09-27 17:53:27.472934+00:00 [debug] Observing STUN query for Prometheus [TLS, session gmbh3hhjpm1n, anonymous, client 127.0.0.1:48732] (mod_stats_prometheus:on_stun_query/1:166)
2023-09-27 17:53:27.473038+00:00 [debug] Sending:
#stun{class = response,method = 1,magic = 554869826,
      trid = 72628315504155070525227806123,raw = <<>>,unsupported = [],
      'ALTERNATE-SERVER' = undefined,'CHANNEL-NUMBER' = undefined,
      'DATA' = undefined,'DONT-FRAGMENT' = false,'ERROR-CODE' = undefined,
      'LIFETIME' = undefined,'MAPPED-ADDRESS' = undefined,
      'MESSAGE-INTEGRITY' = undefined,'NONCE' = undefined,'REALM' = undefined,
      'REQUESTED-ADDRESS-FAMILY' = undefined,
      'REQUESTED-TRANSPORT' = undefined,'SOFTWARE' = <<"P1 STUN library">>,
      'UNKNOWN-ATTRIBUTES' = [],'USERNAME' = undefined,
      'XOR-MAPPED-ADDRESS' = {{127,0,0,1},48732},
      'XOR-PEER-ADDRESS' = [],'XOR-RELAYED-ADDRESS' = undefined} (stun:send/3:466)
2023-09-27 17:53:27.473426+00:00 [info] Connection reset by peer [TLS, session gmbh3hhjpm1n, anonymous, client 127.0.0.1:48732] (stun:handle_info/3:174)
2023-09-27 17:53:27.498076+00:00 [debug] No NOTIFY_SOCKET, dropping STOPPING=1 notification (eturnal_systemd:handle_cast/2:99)
2023-09-27 17:53:27.498110+00:00 [debug] Terminating eturnal (shutdown) (eturnal:terminate/2:184)
2023-09-27 17:53:27.498326+00:00 [info] Stopped listening on 127.0.0.1:34780 (udp) (eturnal:stop_listeners/1:441)
2023-09-27 17:53:27.498479+00:00 [info] Stopped listening on 127.0.0.1:34780 (tcp) (eturnal:stop_listeners/1:441)
2023-09-27 17:53:27.498589+00:00 [info] Stopped listening on 127.0.0.1:53490 (tls) (eturnal:stop_listeners/1:441)
2023-09-27 17:53:27.498730+00:00 [info] Stopped listening on 127.0.0.1:34781 (auto) (eturnal:stop_listeners/1:441)
2023-09-27 17:53:27.499502+00:00 [debug] Calling mod_stats_influx:stop/1 (eturnal_module:stop/1:163)
2023-09-27 17:53:27.500333+00:00 [debug] Stopping mod_stats_influx (mod_stats_influx:stop/0:61)
2023-09-27 17:53:27.500589+00:00 [info] Stopped mod_stats_influx (eturnal:stop_modules/1:396)
2023-09-27 17:53:27.502540+00:00 [debug] Calling mod_stats_prometheus:stop/1 (eturnal_module:stop/1:163)
2023-09-27 17:53:27.502666+00:00 [debug] Stopping mod_stats_prometheus (mod_stats_prometheus:stop/0:110)
2023-09-27 17:53:27.503040+00:00 [info] Stopped mod_stats_prometheus (eturnal:stop_modules/1:396)
2023-09-27 17:53:27.504588+00:00 [debug] Calling mod_log_stun:stop/1 (eturnal_module:stop/1:163)
2023-09-27 17:53:27.504749+00:00 [debug] Stopping mod_log_stun (mod_log_stun:stop/0:49)
2023-09-27 17:53:27.504884+00:00 [info] Stopped mod_log_stun (eturnal:stop_modules/1:396)
2023-09-27 17:53:27.505741+00:00 [debug] Removed run/cert.pem (eturnal:clean_run_dir/0:870)
2023-09-27 17:53:27.506290+00:00 [debug] Terminating eturnal_systemd (shutdown) (eturnal_systemd:terminate/2:125)
2023-09-27 17:53:27.506908+00:00 [notice] Stopping eturnal 1.11.1 on Erlang/OTP 26 (ERTS 14.1) (eturnal_app:stop/1:53)
