2023-08-06 19:48:16.701044+00:00 [notice] Starting eturnal 1.11.1 on Erlang/OTP 26 (ERTS 14.0) (eturnal_app:start/2:34)
2023-08-06 19:48:16.701262+00:00 [debug] Starting supervisor: eturnal_sup (eturnal_sup:start_link/0:31)
2023-08-06 19:48:16.701398+00:00 [debug] Configuring eturnal_sup supervisor: [#{id => systemd,
                                       start =>
                                           {eturnal_systemd,start_link,[]}},
                                     #{id => eturnal,
                                       start => {eturnal,start_link,[]}}] (eturnal_sup:init/0:39)
2023-08-06 19:48:16.702912+00:00 [info] Got no NOTIFY_SOCKET, notifications disabled (eturnal_systemd:init/1:96)
2023-08-06 19:48:16.703064+00:00 [debug] PROGRESS REPORT:
    supervisor: {local,eturnal_sup}
    started: [{pid,<0.1019.0>},
              {id,systemd},
              {mfargs,{eturnal_systemd,start_link,[]}},
              {restart_type,permanent},
              {significant,false},
              {shutdown,5000},
              {child_type,worker}]
 (supervisor:report_progress/2:1563)
2023-08-06 19:48:16.703175+00:00 [info] Relay IPv4 address: 127.0.0.1 (port range: 49152-65535) (eturnal:log_relay_addresses/0:347)
2023-08-06 19:48:16.703286+00:00 [info] Relay IPv6 address not configured (eturnal:log_relay_addresses/0:357)
2023-08-06 19:48:16.716688+00:00 [info] Cannot determine control query port: noport (eturnal:log_control_listener/0:372)
2023-08-06 19:48:16.717056+00:00 [debug] Using run directory run (eturnal:ensure_run_dir/0:820)
2023-08-06 19:48:16.717202+00:00 [debug] TURN configuration seems fine (eturnal:check_turn_config/0:568)
2023-08-06 19:48:16.717403+00:00 [warning] TLS enabled without 'tls_crt_file', creating self-signed certificate (eturnal:check_pem_file/0:766)
2023-08-06 19:48:18.107117+00:00 [debug] Calling mod_stats_influx:start/0 (eturnal_module:start/1:143)
2023-08-06 19:48:18.107402+00:00 [debug] Starting mod_stats_influx (mod_stats_influx:start/0:37)
2023-08-06 19:48:18.109733+00:00 [debug] PROGRESS REPORT:
    application: ulitos
    started_at: nonode@nohost
 (application_controller:info_started/2:2117)
2023-08-06 19:48:18.111066+00:00 [debug] PROGRESS REPORT:
    application: poolboy
    started_at: nonode@nohost
 (application_controller:info_started/2:2117)
2023-08-06 19:48:18.112322+00:00 [info]     msg: Starting application: influx_udp (influx_udp_app:start/2:10)
2023-08-06 19:48:18.116325+00:00 [debug] PROGRESS REPORT:
    supervisor: {local,influx_udp_sup}
    started: [{pid,<0.1038.0>},
              {id,influx_udp},
              {mfargs,{influx_udp,start_link,[]}},
              {restart_type,permanent},
              {significant,false},
              {shutdown,5000},
              {child_type,worker}]
 (supervisor:report_progress/2:1563)
2023-08-06 19:48:18.116507+00:00 [debug] PROGRESS REPORT:
    application: influx_udp
    started_at: nonode@nohost
 (application_controller:info_started/2:2117)
2023-08-06 19:48:18.116574+00:00 [debug] Dependency influx_udp was available already (eturnal_module:ensure_dep/2:284)
2023-08-06 19:48:18.118944+00:00 [info]     options: #{port => 8089,host => "localhost",pool_size => 1,
               max_overflow => 1}
    msg: Start clients pool
    host: {127,0,0,1} (influx_udp:start_pool_/2:239)
2023-08-06 19:48:18.130923+00:00 [info]     port: 57050
    msg: Open UDP socket on port (influx_udp_worker:init/1:43)
2023-08-06 19:48:18.131116+00:00 [debug] PROGRESS REPORT:
    supervisor: {local,influx_udp_sup}
    started: [{pid,<0.1041.0>},
              {id,stats_influx_pool},
              {mfargs,
                  {poolboy,start_link,
                      [[{name,{local,stats_influx_pool}},
                        {worker_module,influx_udp_worker},
                        {size,1},
                        {max_overflow,1}],
                       [{options,
                            #{port => 8089,
                              host => {127,0,0,1},
                              pool_size => 1,max_overflow => 1}}]]}},
              {restart_type,permanent},
              {significant,false},
              {shutdown,5000},
              {child_type,worker}]
 (supervisor:report_progress/2:1563)
2023-08-06 19:48:18.131363+00:00 [info] Started mod_stats_influx (eturnal:start_modules/0:383)
2023-08-06 19:48:18.131471+00:00 [debug] Calling mod_stats_prometheus:start/0 (eturnal_module:start/1:143)
2023-08-06 19:48:18.131584+00:00 [debug] Starting mod_stats_prometheus (mod_stats_prometheus:start/0:56)
2023-08-06 19:48:19.570967+00:00 [debug] PROGRESS REPORT:
    application: prometheus
    started_at: nonode@nohost
 (application_controller:info_started/2:2117)
2023-08-06 19:48:19.572225+00:00 [debug] PROGRESS REPORT:
    application: accept
    started_at: nonode@nohost
 (application_controller:info_started/2:2117)
2023-08-06 19:48:19.572491+00:00 [debug] PROGRESS REPORT:
    application: prometheus_httpd
    started_at: nonode@nohost
 (application_controller:info_started/2:2117)
2023-08-06 19:48:19.572561+00:00 [debug] Dependency prometheus_httpd was available already (eturnal_module:ensure_dep/2:284)
2023-08-06 19:48:19.573421+00:00 [debug] PROGRESS REPORT:
    supervisor: {local,httpd_instance_sup__127_0_0_1__9081default}
    started: [{pid,<0.1063.0>},
              {id,{httpd_connection_sup,{127,0,0,1},9081,default}},
              {mfargs,{httpd_connection_sup,start_link,[[{127,0,0,1},9081]]}},
              {restart_type,permanent},
              {significant,false},
              {shutdown,5000},
              {child_type,supervisor}]
 (supervisor:report_progress/2:1563)
2023-08-06 19:48:19.573780+00:00 [debug] PROGRESS REPORT:
    supervisor: {local,httpd_acceptor_sup__127_0_0_1__9081default}
    started: [{pid,<0.1065.0>},
              {id,{httpd_acceptor_sup,{127,0,0,1},9081,default}},
              {mfargs,{httpd_acceptor,start_link,
                                      [httpd__127_0_0_1__9081default,ip_comm,
                                       {127,0,0,1},
                                       9081,inet,
                                       httpd_conf__127_0_0_1__9081default,
                                       15000]}},
              {restart_type,transient},
              {significant,false},
              {shutdown,brutal_kill},
              {child_type,worker}]
 (supervisor:report_progress/2:1563)
2023-08-06 19:48:19.573952+00:00 [debug] PROGRESS REPORT:
    supervisor: {local,httpd_instance_sup__127_0_0_1__9081default}
    started: [{pid,<0.1064.0>},
              {id,{httpd_acceptor_sup,{127,0,0,1},9081,default}},
              {mfargs,
                  {httpd_acceptor_sup,start_link,
                      [[{127,0,0,1},
                        9081,
                        [{bind_address,{127,0,0,1}},
                         {socket_type,ip_comm},
                         {port,9081},
                         {server_root,"run/mod_stats_prometheus/doc"},
                         {document_root,"run/mod_stats_prometheus/doc"},
                         {server_name,"Prometheus Exporter"},
                         {modules,[prometheus_httpd]}],
                        15000,undefined]]}},
              {restart_type,permanent},
              {significant,false},
              {shutdown,infinity},
              {child_type,supervisor}]
 (supervisor:report_progress/2:1563)
2023-08-06 19:48:19.574138+00:00 [debug] PROGRESS REPORT:
    supervisor: {local,httpd_instance_sup__127_0_0_1__9081default}
    started: [{pid,<0.1066.0>},
              {id,{httpd_misc_sup,{127,0,0,1},9081,default}},
              {mfargs,{httpd_misc_sup,start_link,[{127,0,0,1},9081,default]}},
              {restart_type,permanent},
              {significant,false},
              {shutdown,infinity},
              {child_type,supervisor}]
 (supervisor:report_progress/2:1563)
2023-08-06 19:48:19.574652+00:00 [debug] PROGRESS REPORT:
    supervisor: {local,httpd_instance_sup__127_0_0_1__9081default}
    started: [{pid,<0.1067.0>},
              {id,{httpd_manager,{127,0,0,1},9081,default}},
              {mfargs,
                  {httpd_manager,start_link,
                      [undefined,
                       [{bind_address,{127,0,0,1}},
                        {socket_type,ip_comm},
                        {port,9081},
                        {server_root,"run/mod_stats_prometheus/doc"},
                        {document_root,"run/mod_stats_prometheus/doc"},
                        {server_name,"Prometheus Exporter"},
                        {modules,[prometheus_httpd]}],
                       15000]}},
              {restart_type,permanent},
              {significant,false},
              {shutdown,4000},
              {child_type,worker}]
 (supervisor:report_progress/2:1563)
2023-08-06 19:48:19.574867+00:00 [debug] PROGRESS REPORT:
    supervisor: {local,httpd_sup}
    started: [{pid,<0.1062.0>},
              {id,{httpd_instance_sup,{127,0,0,1},9081,default}},
              {mfargs,
                  {httpd_instance_sup,start_link,
                      [[{bind_address,{127,0,0,1}},
                        {socket_type,ip_comm},
                        {port,9081},
                        {server_root,"run/mod_stats_prometheus/doc"},
                        {document_root,"run/mod_stats_prometheus/doc"},
                        {server_name,"Prometheus Exporter"},
                        {modules,[prometheus_httpd]}],
                       15000,[]]}},
              {restart_type,permanent},
              {significant,false},
              {shutdown,infinity},
              {child_type,supervisor}]
 (supervisor:report_progress/2:1563)
2023-08-06 19:48:19.576068+00:00 [info] Started mod_stats_prometheus (eturnal:start_modules/0:383)
2023-08-06 19:48:19.576310+00:00 [debug] Calling mod_log_stun:start/0 (eturnal_module:start/1:143)
2023-08-06 19:48:19.576432+00:00 [debug] Starting mod_log_stun (mod_log_stun:start/0:38)
2023-08-06 19:48:19.576691+00:00 [info] Started mod_log_stun (eturnal:start_modules/0:383)
2023-08-06 19:48:19.576840+00:00 [debug] Starting listener 127.0.0.1:34780 (udp) with options:
[{use_turn,true},
 {auth_type,user},
 {turn_ipv4_address,{127,0,0,1}},
 {turn_min_port,49152},
 {turn_max_port,65535},
 {turn_max_allocations,10},
 {turn_max_permissions,10},
 {shaper,100000},
 {turn_blacklist,[{{10,0,0,0},8},
                  {{100,64,0,0},10},
                  {{127,0,0,0},8},
                  {{169,254,0,0},16},
                  {{172,16,0,0},12},
                  {{192,0,0,0},24},
                  {{192,0,2,0},24},
                  {{192,88,99,0},24},
                  {{192,168,0,0},16},
                  {{198,18,0,0},15},
                  {{198,51,100,0},24},
                  {{203,0,113,0},24},
                  {{224,0,0,0},4},
                  {{240,0,0,0},4},
                  {{0,0,0,0,0,0,0,1},128},
                  {{0,0,0,0,0,65535,0,0},96},
                  {{100,65435,0,0,0,0,0,0},96},
                  {{256,0,0,0,0,0,0,0},64},
                  {{8193,3512,0,0,0,0,0,0},32},
                  {{64512,0,0,0,0,0,0,0},7},
                  {{65152,0,0,0,0,0,0,0},10},
                  {{65280,0,0,0,0,0,0,0},8}]},
 {turn_whitelist,[{{127,0,0,1},32},
                  {{203,0,113,113},32},
                  {{8193,3512,0,0,0,0,0,0},64}]},
 {auth_realm,<<"eturnal.net">>},
 {server_name,<<"eturnal">>},
 {auth_fun,fun eturnal:get_password/2},
 {hook_fun,fun eturnal:run_hook/2}] (eturnal:start_listeners/0:416)
2023-08-06 19:48:19.578199+00:00 [info] Listening on 127.0.0.1:34780 (udp) (STUN/TURN) (eturnal:start_listeners/0:423)
2023-08-06 19:48:19.578393+00:00 [debug] Starting listener 127.0.0.1:34780 (tcp) with options:
[{use_turn,false},
 {auth_type,anonymous},
 {turn_ipv4_address,{127,0,0,1}},
 {turn_min_port,49152},
 {turn_max_port,65535},
 {turn_max_allocations,10},
 {turn_max_permissions,10},
 {shaper,100000},
 {turn_blacklist,[{{10,0,0,0},8},
                  {{100,64,0,0},10},
                  {{127,0,0,0},8},
                  {{169,254,0,0},16},
                  {{172,16,0,0},12},
                  {{192,0,0,0},24},
                  {{192,0,2,0},24},
                  {{192,88,99,0},24},
                  {{192,168,0,0},16},
                  {{198,18,0,0},15},
                  {{198,51,100,0},24},
                  {{203,0,113,0},24},
                  {{224,0,0,0},4},
                  {{240,0,0,0},4},
                  {{0,0,0,0,0,0,0,1},128},
                  {{0,0,0,0,0,65535,0,0},96},
                  {{100,65435,0,0,0,0,0,0},96},
                  {{256,0,0,0,0,0,0,0},64},
                  {{8193,3512,0,0,0,0,0,0},32},
                  {{64512,0,0,0,0,0,0,0},7},
                  {{65152,0,0,0,0,0,0,0},10},
                  {{65280,0,0,0,0,0,0,0},8}]},
 {turn_whitelist,[{{127,0,0,1},32},
                  {{203,0,113,113},32},
                  {{8193,3512,0,0,0,0,0,0},64}]},
 {auth_realm,<<"eturnal.net">>},
 {server_name,<<"eturnal">>},
 {auth_fun,fun eturnal:get_password/2},
 {hook_fun,fun eturnal:run_hook/2}] (eturnal:start_listeners/0:416)
2023-08-06 19:48:19.579473+00:00 [info] Listening on 127.0.0.1:34780 (tcp) (STUN only) (eturnal:start_listeners/0:423)
2023-08-06 19:48:19.579602+00:00 [debug] Starting listener 127.0.0.1:53490 (tls) with options:
[{use_turn,false},
 {auth_type,anonymous},
 {tls,true},
 {certfile,<<"run/cert.pem">>},
 {ciphers,<<"HIGH:!aNULL:@STRENGTH">>},
 {protocol_options,<<"no_tlsv1|no_tlsv1_1|cipher_server_preference">>},
 {turn_ipv4_address,{127,0,0,1}},
 {turn_min_port,49152},
 {turn_max_port,65535},
 {turn_max_allocations,10},
 {turn_max_permissions,10},
 {shaper,100000},
 {turn_blacklist,[{{10,0,0,0},8},
                  {{100,64,0,0},10},
                  {{127,0,0,0},8},
                  {{169,254,0,0},16},
                  {{172,16,0,0},12},
                  {{192,0,0,0},24},
                  {{192,0,2,0},24},
                  {{192,88,99,0},24},
                  {{192,168,0,0},16},
                  {{198,18,0,0},15},
                  {{198,51,100,0},24},
                  {{203,0,113,0},24},
                  {{224,0,0,0},4},
                  {{240,0,0,0},4},
                  {{0,0,0,0,0,0,0,1},128},
                  {{0,0,0,0,0,65535,0,0},96},
                  {{100,65435,0,0,0,0,0,0},96},
                  {{256,0,0,0,0,0,0,0},64},
                  {{8193,3512,0,0,0,0,0,0},32},
                  {{64512,0,0,0,0,0,0,0},7},
                  {{65152,0,0,0,0,0,0,0},10},
                  {{65280,0,0,0,0,0,0,0},8}]},
 {turn_whitelist,[{{127,0,0,1},32},
                  {{203,0,113,113},32},
                  {{8193,3512,0,0,0,0,0,0},64}]},
 {auth_realm,<<"eturnal.net">>},
 {server_name,<<"eturnal">>},
 {auth_fun,fun eturnal:get_password/2},
 {hook_fun,fun eturnal:run_hook/2}] (eturnal:start_listeners/0:416)
2023-08-06 19:48:19.580708+00:00 [info] Listening on 127.0.0.1:53490 (tls) (STUN only) (eturnal:start_listeners/0:423)
2023-08-06 19:48:19.580911+00:00 [debug] Starting listener 127.0.0.1:34781 (auto) with options:
[{use_turn,false},
 {auth_type,anonymous},
 {tls,optional},
 {certfile,<<"run/cert.pem">>},
 {ciphers,<<"HIGH:!aNULL:@STRENGTH">>},
 {protocol_options,<<"no_tlsv1|no_tlsv1_1|cipher_server_preference">>},
 {turn_ipv4_address,{127,0,0,1}},
 {turn_min_port,49152},
 {turn_max_port,65535},
 {turn_max_allocations,10},
 {turn_max_permissions,10},
 {shaper,100000},
 {turn_blacklist,[{{10,0,0,0},8},
                  {{100,64,0,0},10},
                  {{127,0,0,0},8},
                  {{169,254,0,0},16},
                  {{172,16,0,0},12},
                  {{192,0,0,0},24},
                  {{192,0,2,0},24},
                  {{192,88,99,0},24},
                  {{192,168,0,0},16},
                  {{198,18,0,0},15},
                  {{198,51,100,0},24},
                  {{203,0,113,0},24},
                  {{224,0,0,0},4},
                  {{240,0,0,0},4},
                  {{0,0,0,0,0,0,0,1},128},
                  {{0,0,0,0,0,65535,0,0},96},
                  {{100,65435,0,0,0,0,0,0},96},
                  {{256,0,0,0,0,0,0,0},64},
                  {{8193,3512,0,0,0,0,0,0},32},
                  {{64512,0,0,0,0,0,0,0},7},
                  {{65152,0,0,0,0,0,0,0},10},
                  {{65280,0,0,0,0,0,0,0},8}]},
 {turn_whitelist,[{{127,0,0,1},32},
                  {{203,0,113,113},32},
                  {{8193,3512,0,0,0,0,0,0},64}]},
 {auth_realm,<<"eturnal.net">>},
 {server_name,<<"eturnal">>},
 {auth_fun,fun eturnal:get_password/2},
 {hook_fun,fun eturnal:run_hook/2}] (eturnal:start_listeners/0:416)
2023-08-06 19:48:19.582208+00:00 [info] Listening on 127.0.0.1:34781 (auto) (STUN only) (eturnal:start_listeners/0:423)
2023-08-06 19:48:19.582305+00:00 [debug] Started 3 modules (eturnal:init/1:105)
2023-08-06 19:48:19.582371+00:00 [debug] Started 4 listeners (eturnal:init/1:106)
2023-08-06 19:48:19.582433+00:00 [debug] PROGRESS REPORT:
    supervisor: {local,eturnal_sup}
    started: [{pid,<0.1021.0>},
              {id,eturnal},
              {mfargs,{eturnal,start_link,[]}},
              {restart_type,permanent},
              {significant,false},
              {shutdown,5000},
              {child_type,worker}]
 (supervisor:report_progress/2:1563)
2023-08-06 19:48:19.582511+00:00 [debug] No NOTIFY_SOCKET, dropping READY=1 notification (eturnal_systemd:handle_cast/2:110)
2023-08-06 19:48:19.582607+00:00 [debug] Watchdog interval is undefined, hibernating (eturnal_systemd:get_timeout/1:163)
2023-08-06 19:48:19.582645+00:00 [debug] PROGRESS REPORT:
    application: eturnal
    started_at: nonode@nohost
 (application_controller:info_started/2:2117)
2023-08-06 19:48:19.613844+00:00 [debug] Handling API call: get_info() (eturnal_ctl:get_info/0:128)
2023-08-06 19:48:19.614571+00:00 [debug] eturnal call (get_info) returned {ok,
                                  {eturnal_node_info,<<"1.11.1">>,
                                   {"26","14.0"},
                                   6309,0,165,148672175,1,61110080}} (eturnal_ctl:call/1:434)
2023-08-06 19:48:19.639133+00:00 [debug] Handling API call: get_sessions() (eturnal_ctl:get_sessions/0:99)
2023-08-06 19:48:19.667442+00:00 [debug] Handling API call: get_sessions("alice") (eturnal_ctl:get_sessions/1:109)
2023-08-06 19:48:19.667669+00:00 [debug] Handling API call: disconnect(alice) (eturnal_ctl:disconnect/1:177)
2023-08-06 19:48:19.667794+00:00 [debug] Cannot convert user name to binary: alice (eturnal_ctl:disconnect/1:187)
2023-08-06 19:48:19.692480+00:00 [debug] Handling API call: disconnect("alice") (eturnal_ctl:disconnect/1:177)
2023-08-06 19:48:19.692792+00:00 [debug] Handling API call: disconnect(alice) (eturnal_ctl:disconnect/1:177)
2023-08-06 19:48:19.692966+00:00 [debug] Cannot convert user name to binary: alice (eturnal_ctl:disconnect/1:187)
2023-08-06 19:48:19.719610+00:00 [debug] Handling API call: get_credentials("2009-10-30 11:00:00Z", []) (eturnal_ctl:get_credentials/2:59)
2023-08-06 19:48:19.719855+00:00 [debug] eturnal call ({get_password,<<"1256900400">>}) returned {ok,
                                                         <<"uEKlpcME7MNMMVRV8rUFPCTIFEs=">>} (eturnal_ctl:call/1:434)
2023-08-06 19:48:19.720044+00:00 [debug] Handling API call: get_credentials("86400", "alice") (eturnal_ctl:get_credentials/2:59)
2023-08-06 19:48:19.720201+00:00 [debug] eturnal call ({get_password,<<"1691437699:alice">>}) returned {ok,
                                                               <<"sKf9EXpUm6KTEpGYDWtfEoJRKJw=">>} (eturnal_ctl:call/1:434)
2023-08-06 19:48:19.720363+00:00 [debug] Handling API call: get_password("1691437699:alice") (eturnal_ctl:get_password/1:78)
2023-08-06 19:48:19.720493+00:00 [debug] eturnal call ({get_password,<<"1691437699:alice">>}) returned {ok,
                                                               <<"sKf9EXpUm6KTEpGYDWtfEoJRKJw=">>} (eturnal_ctl:call/1:434)
2023-08-06 19:48:19.720725+00:00 [debug] Handling API call: get_credentials("86400s", "alice") (eturnal_ctl:get_credentials/2:59)
2023-08-06 19:48:19.720886+00:00 [debug] eturnal call ({get_password,<<"1691437699:alice">>}) returned {ok,
                                                               <<"sKf9EXpUm6KTEpGYDWtfEoJRKJw=">>} (eturnal_ctl:call/1:434)
2023-08-06 19:48:19.720992+00:00 [debug] Handling API call: get_password("1691437699:alice") (eturnal_ctl:get_password/1:78)
2023-08-06 19:48:19.721142+00:00 [debug] eturnal call ({get_password,<<"1691437699:alice">>}) returned {ok,
                                                               <<"sKf9EXpUm6KTEpGYDWtfEoJRKJw=">>} (eturnal_ctl:call/1:434)
2023-08-06 19:48:19.721288+00:00 [debug] Handling API call: get_credentials("1440m", "alice") (eturnal_ctl:get_credentials/2:59)
2023-08-06 19:48:19.721431+00:00 [debug] eturnal call ({get_password,<<"1691437699:alice">>}) returned {ok,
                                                               <<"sKf9EXpUm6KTEpGYDWtfEoJRKJw=">>} (eturnal_ctl:call/1:434)
2023-08-06 19:48:19.721619+00:00 [debug] Handling API call: get_password("1691437699:alice") (eturnal_ctl:get_password/1:78)
2023-08-06 19:48:19.721783+00:00 [debug] eturnal call ({get_password,<<"1691437699:alice">>}) returned {ok,
                                                               <<"sKf9EXpUm6KTEpGYDWtfEoJRKJw=">>} (eturnal_ctl:call/1:434)
2023-08-06 19:48:19.721987+00:00 [debug] Handling API call: get_credentials("24h", "alice") (eturnal_ctl:get_credentials/2:59)
2023-08-06 19:48:19.722139+00:00 [debug] eturnal call ({get_password,<<"1691437699:alice">>}) returned {ok,
                                                               <<"sKf9EXpUm6KTEpGYDWtfEoJRKJw=">>} (eturnal_ctl:call/1:434)
2023-08-06 19:48:19.722244+00:00 [debug] Handling API call: get_password("1691437699:alice") (eturnal_ctl:get_password/1:78)
2023-08-06 19:48:19.722415+00:00 [debug] eturnal call ({get_password,<<"1691437699:alice">>}) returned {ok,
                                                               <<"sKf9EXpUm6KTEpGYDWtfEoJRKJw=">>} (eturnal_ctl:call/1:434)
2023-08-06 19:48:19.722566+00:00 [debug] Handling API call: get_credentials("1d", "alice") (eturnal_ctl:get_credentials/2:59)
2023-08-06 19:48:19.722822+00:00 [debug] eturnal call ({get_password,<<"1691437699:alice">>}) returned {ok,
                                                               <<"sKf9EXpUm6KTEpGYDWtfEoJRKJw=">>} (eturnal_ctl:call/1:434)
2023-08-06 19:48:19.722978+00:00 [debug] Handling API call: get_password("1691437699:alice") (eturnal_ctl:get_password/1:78)
2023-08-06 19:48:19.723103+00:00 [debug] eturnal call ({get_password,<<"1691437699:alice">>}) returned {ok,
                                                               <<"sKf9EXpUm6KTEpGYDWtfEoJRKJw=">>} (eturnal_ctl:call/1:434)
2023-08-06 19:48:19.723254+00:00 [debug] Handling API call: get_password("Invalid") (eturnal_ctl:get_password/1:78)
2023-08-06 19:48:19.723347+00:00 [debug] eturnal call ({get_password,<<"Invalid">>}) returned {error,no_credentials} (eturnal_ctl:call/1:437)
2023-08-06 19:48:19.723441+00:00 [debug] Handling API call: get_credentials("Invalid", []) (eturnal_ctl:get_credentials/2:59)
2023-08-06 19:48:19.723528+00:00 [debug] Invalid argument(s): "Invalid":[] (eturnal_ctl:get_credentials/2:72)
2023-08-06 19:48:19.723594+00:00 [debug] Handling API call: get_password(invalid) (eturnal_ctl:get_password/1:78)
2023-08-06 19:48:19.723654+00:00 [debug] Cannot convert user name to binary: invalid (eturnal_ctl:get_password/1:93)
2023-08-06 19:48:19.723726+00:00 [debug] Handling API call: get_credentials(invalid, []) (eturnal_ctl:get_credentials/2:59)
2023-08-06 19:48:19.723972+00:00 [debug] Invalid argument(s): invalid:[] (eturnal_ctl:get_credentials/2:72)
2023-08-06 19:48:19.724055+00:00 [debug] Handling API call: get_password([invalid]) (eturnal_ctl:get_password/1:78)
2023-08-06 19:48:19.724139+00:00 [debug] Cannot convert user name to binary: [invalid] (eturnal_ctl:get_password/1:93)
2023-08-06 19:48:19.724210+00:00 [debug] Handling API call: get_credentials([invalid], []) (eturnal_ctl:get_credentials/2:59)
2023-08-06 19:48:19.724279+00:00 [debug] Invalid argument(s): [invalid]:[] (eturnal_ctl:get_credentials/2:72)
2023-08-06 19:48:19.724383+00:00 [debug] Handling API call: get_credentials(1256900400, invalid) (eturnal_ctl:get_credentials/2:59)
2023-08-06 19:48:19.724452+00:00 [debug] Invalid argument(s): 1256900400:invalid (eturnal_ctl:get_credentials/2:72)
2023-08-06 19:48:19.724546+00:00 [debug] Handling API call: get_password("alice") (eturnal_ctl:get_password/1:78)
2023-08-06 19:48:19.724625+00:00 [debug] eturnal call ({get_password,<<"alice">>}) returned {ok,<<"l0vesBob">>} (eturnal_ctl:call/1:434)
2023-08-06 19:48:19.753353+00:00 [debug] Handling API call: set_loglevel(debug) (eturnal_ctl:set_loglevel/1:158)
2023-08-06 19:48:19.753530+00:00 [debug] eturnal call ({set_loglevel,debug}) returned ok (eturnal_ctl:call/1:431)
2023-08-06 19:48:19.753687+00:00 [debug] Handling API call: get_loglevel() (eturnal_ctl:get_loglevel/0:148)
2023-08-06 19:48:19.753818+00:00 [debug] eturnal call (get_loglevel) returned {ok,debug} (eturnal_ctl:call/1:434)
2023-08-06 19:48:19.753983+00:00 [debug] Handling API call: set_loglevel(invalid) (eturnal_ctl:set_loglevel/1:158)
2023-08-06 19:48:19.754283+00:00 [debug] Invalid log level: invalid (eturnal_ctl:set_loglevel/1:168)
2023-08-06 19:48:19.754449+00:00 [debug] Handling API call: get_loglevel() (eturnal_ctl:get_loglevel/0:148)
2023-08-06 19:48:19.754545+00:00 [debug] eturnal call (get_loglevel) returned {ok,debug} (eturnal_ctl:call/1:434)
2023-08-06 19:48:19.779878+00:00 [debug] Handling API call: get_version() (eturnal_ctl:get_version/0:138)
2023-08-06 19:48:19.780021+00:00 [debug] eturnal call (get_version) returned {ok,<<"1.11.1">>} (eturnal_ctl:call/1:434)
2023-08-06 19:48:19.804527+00:00 [debug] Handling API call: reload() (eturnal_ctl:reload/0:193)
2023-08-06 19:48:19.813949+00:00 [debug] Calling mod_log_stun:options/0 (eturnal_module:options/1:192)
2023-08-06 19:48:19.814082+00:00 [debug] Calling mod_stats_influx:options/0 (eturnal_module:options/1:192)
2023-08-06 19:48:19.814210+00:00 [debug] Calling mod_stats_prometheus:options/0 (eturnal_module:options/1:192)
2023-08-06 19:48:19.814920+00:00 [warning] TLS enabled without 'tls_crt_file', creating self-signed certificate (eturnal:check_pem_file/0:766)
2023-08-06 19:48:20.534168+00:00 [info] Using new TLS certificate (eturnal:reload/1:595)
2023-08-06 19:48:20.534469+00:00 [debug] Calling mod_stats_influx:stop/1 (eturnal_module:stop/1:163)
2023-08-06 19:48:20.534663+00:00 [debug] Stopping mod_stats_influx (mod_stats_influx:stop/0:61)
2023-08-06 19:48:20.534790+00:00 [info] Stopped mod_stats_influx (eturnal:stop_modules/1:396)
2023-08-06 19:48:20.536214+00:00 [debug] Calling mod_stats_prometheus:stop/1 (eturnal_module:stop/1:163)
2023-08-06 19:48:20.536430+00:00 [debug] Stopping mod_stats_prometheus (mod_stats_prometheus:stop/0:110)
2023-08-06 19:48:20.536952+00:00 [info] Stopped mod_stats_prometheus (eturnal:stop_modules/1:396)
2023-08-06 19:48:20.537553+00:00 [debug] Calling mod_log_stun:stop/1 (eturnal_module:stop/1:163)
2023-08-06 19:48:20.538109+00:00 [debug] Stopping mod_log_stun (mod_log_stun:stop/0:49)
2023-08-06 19:48:20.538298+00:00 [info] Stopped mod_log_stun (eturnal:stop_modules/1:396)
2023-08-06 19:48:20.538387+00:00 [debug] Calling mod_stats_influx:start/0 (eturnal_module:start/1:143)
2023-08-06 19:48:20.538475+00:00 [debug] Starting mod_stats_influx (mod_stats_influx:start/0:37)
2023-08-06 19:48:20.538645+00:00 [debug] Dependency influx_udp was available already (eturnal_module:ensure_dep/2:284)
2023-08-06 19:48:20.539011+00:00 [info]     options: #{port => 8089,host => "localhost",pool_size => 1,
               max_overflow => 1}
    msg: Start clients pool
    host: {127,0,0,1} (influx_udp:start_pool_/2:239)
2023-08-06 19:48:20.540470+00:00 [info] Started mod_stats_influx (eturnal:start_modules/0:383)
2023-08-06 19:48:20.540586+00:00 [debug] Calling mod_stats_prometheus:start/0 (eturnal_module:start/1:143)
2023-08-06 19:48:20.540775+00:00 [debug] Starting mod_stats_prometheus (mod_stats_prometheus:start/0:56)
2023-08-06 19:48:20.540882+00:00 [debug] Dependency prometheus_httpd was available already (eturnal_module:ensure_dep/2:284)
2023-08-06 19:48:20.541370+00:00 [debug] PROGRESS REPORT:
    supervisor: {local,httpd_instance_sup__127_0_0_1__9081default}
    started: [{pid,<0.1193.0>},
              {id,{httpd_connection_sup,{127,0,0,1},9081,default}},
              {mfargs,{httpd_connection_sup,start_link,[[{127,0,0,1},9081]]}},
              {restart_type,permanent},
              {significant,false},
              {shutdown,5000},
              {child_type,supervisor}]
 (supervisor:report_progress/2:1563)
2023-08-06 19:48:20.541703+00:00 [debug] PROGRESS REPORT:
    supervisor: {local,httpd_acceptor_sup__127_0_0_1__9081default}
    started: [{pid,<0.1196.0>},
              {id,{httpd_acceptor_sup,{127,0,0,1},9081,default}},
              {mfargs,{httpd_acceptor,start_link,
                                      [httpd__127_0_0_1__9081default,ip_comm,
                                       {127,0,0,1},
                                       9081,inet,
                                       httpd_conf__127_0_0_1__9081default,
                                       15000]}},
              {restart_type,transient},
              {significant,false},
              {shutdown,brutal_kill},
              {child_type,worker}]
 (supervisor:report_progress/2:1563)
2023-08-06 19:48:20.541833+00:00 [debug] PROGRESS REPORT:
    supervisor: {local,httpd_instance_sup__127_0_0_1__9081default}
    started: [{pid,<0.1195.0>},
              {id,{httpd_acceptor_sup,{127,0,0,1},9081,default}},
              {mfargs,
                  {httpd_acceptor_sup,start_link,
                      [[{127,0,0,1},
                        9081,
                        [{bind_address,{127,0,0,1}},
                         {socket_type,ip_comm},
                         {port,9081},
                         {server_root,"run/mod_stats_prometheus/doc"},
                         {document_root,"run/mod_stats_prometheus/doc"},
                         {server_name,"Prometheus Exporter"},
                         {modules,[prometheus_httpd]}],
                        15000,undefined]]}},
              {restart_type,permanent},
              {significant,false},
              {shutdown,infinity},
              {child_type,supervisor}]
 (supervisor:report_progress/2:1563)
2023-08-06 19:48:20.542734+00:00 [debug] PROGRESS REPORT:
    supervisor: {local,httpd_instance_sup__127_0_0_1__9081default}
    started: [{pid,<0.1198.0>},
              {id,{httpd_misc_sup,{127,0,0,1},9081,default}},
              {mfargs,{httpd_misc_sup,start_link,[{127,0,0,1},9081,default]}},
              {restart_type,permanent},
              {significant,false},
              {shutdown,infinity},
              {child_type,supervisor}]
 (supervisor:report_progress/2:1563)
2023-08-06 19:48:20.543117+00:00 [debug] PROGRESS REPORT:
    supervisor: {local,httpd_instance_sup__127_0_0_1__9081default}
    started: [{pid,<0.1199.0>},
              {id,{httpd_manager,{127,0,0,1},9081,default}},
              {mfargs,
                  {httpd_manager,start_link,
                      [undefined,
                       [{bind_address,{127,0,0,1}},
                        {socket_type,ip_comm},
                        {port,9081},
                        {server_root,"run/mod_stats_prometheus/doc"},
                        {document_root,"run/mod_stats_prometheus/doc"},
                        {server_name,"Prometheus Exporter"},
                        {modules,[prometheus_httpd]}],
                       15000]}},
              {restart_type,permanent},
              {significant,false},
              {shutdown,4000},
              {child_type,worker}]
 (supervisor:report_progress/2:1563)
2023-08-06 19:48:20.543296+00:00 [debug] PROGRESS REPORT:
    supervisor: {local,httpd_sup}
    started: [{pid,<0.1192.0>},
              {id,{httpd_instance_sup,{127,0,0,1},9081,default}},
              {mfargs,
                  {httpd_instance_sup,start_link,
                      [[{bind_address,{127,0,0,1}},
                        {socket_type,ip_comm},
                        {port,9081},
                        {server_root,"run/mod_stats_prometheus/doc"},
                        {document_root,"run/mod_stats_prometheus/doc"},
                        {server_name,"Prometheus Exporter"},
                        {modules,[prometheus_httpd]}],
                       15000,[]]}},
              {restart_type,permanent},
              {significant,false},
              {shutdown,infinity},
              {child_type,supervisor}]
 (supervisor:report_progress/2:1563)
2023-08-06 19:48:20.544244+00:00 [info] Started mod_stats_prometheus (eturnal:start_modules/0:383)
2023-08-06 19:48:20.544373+00:00 [debug] Calling mod_log_stun:start/0 (eturnal_module:start/1:143)
2023-08-06 19:48:20.544696+00:00 [debug] Starting mod_log_stun (mod_log_stun:start/0:38)
2023-08-06 19:48:20.544893+00:00 [info] Started mod_log_stun (eturnal:start_modules/0:383)
2023-08-06 19:48:20.545002+00:00 [debug] Restarted modules (eturnal:reload/1:603)
2023-08-06 19:48:20.545082+00:00 [debug] eturnal call (reload) returned ok (eturnal_ctl:call/1:431)
2023-08-06 19:48:20.545307+00:00 [debug] Handling API call: reload() (eturnal_ctl:reload/0:193)
2023-08-06 19:48:20.553656+00:00 [debug] Calling mod_log_stun:options/0 (eturnal_module:options/1:192)
2023-08-06 19:48:20.553799+00:00 [debug] Calling mod_stats_influx:options/0 (eturnal_module:options/1:192)
2023-08-06 19:48:20.554133+00:00 [debug] Calling mod_stats_prometheus:options/0 (eturnal_module:options/1:192)
2023-08-06 19:48:20.555318+00:00 [debug] Keeping PEM file (run/cert.pem) (eturnal:check_pem_file/0:763)
2023-08-06 19:48:20.555409+00:00 [debug] TLS certificate unchanged (eturnal:reload/1:597)
2023-08-06 19:48:20.556270+00:00 [debug] Calling mod_stats_influx:stop/1 (eturnal_module:stop/1:163)
2023-08-06 19:48:20.556387+00:00 [debug] Stopping mod_stats_influx (mod_stats_influx:stop/0:61)
2023-08-06 19:48:20.556672+00:00 [info] Stopped mod_stats_influx (eturnal:stop_modules/1:396)
2023-08-06 19:48:20.557748+00:00 [debug] Calling mod_stats_prometheus:stop/1 (eturnal_module:stop/1:163)
2023-08-06 19:48:20.557876+00:00 [debug] Stopping mod_stats_prometheus (mod_stats_prometheus:stop/0:110)
2023-08-06 19:48:20.558544+00:00 [info] Stopped mod_stats_prometheus (eturnal:stop_modules/1:396)
2023-08-06 19:48:20.559338+00:00 [debug] Calling mod_log_stun:stop/1 (eturnal_module:stop/1:163)
2023-08-06 19:48:20.559462+00:00 [debug] Stopping mod_log_stun (mod_log_stun:stop/0:49)
2023-08-06 19:48:20.559591+00:00 [info] Stopped mod_log_stun (eturnal:stop_modules/1:396)
2023-08-06 19:48:20.559669+00:00 [debug] Calling mod_stats_influx:start/0 (eturnal_module:start/1:143)
2023-08-06 19:48:20.560053+00:00 [debug] Starting mod_stats_influx (mod_stats_influx:start/0:37)
2023-08-06 19:48:20.560723+00:00 [debug] Dependency influx_udp was available already (eturnal_module:ensure_dep/2:284)
2023-08-06 19:48:20.561422+00:00 [info]     options: #{port => 8089,host => "localhost",pool_size => 1,
               max_overflow => 1}
    msg: Start clients pool
    host: {127,0,0,1} (influx_udp:start_pool_/2:239)
2023-08-06 19:48:20.562346+00:00 [info] Started mod_stats_influx (eturnal:start_modules/0:383)
2023-08-06 19:48:20.562454+00:00 [debug] Calling mod_stats_prometheus:start/0 (eturnal_module:start/1:143)
2023-08-06 19:48:20.562531+00:00 [debug] Starting mod_stats_prometheus (mod_stats_prometheus:start/0:56)
2023-08-06 19:48:20.562655+00:00 [debug] Dependency prometheus_httpd was available already (eturnal_module:ensure_dep/2:284)
2023-08-06 19:48:20.563783+00:00 [debug] PROGRESS REPORT:
    supervisor: {local,httpd_instance_sup__127_0_0_1__9081default}
    started: [{pid,<0.1229.0>},
              {id,{httpd_connection_sup,{127,0,0,1},9081,default}},
              {mfargs,{httpd_connection_sup,start_link,[[{127,0,0,1},9081]]}},
              {restart_type,permanent},
              {significant,false},
              {shutdown,5000},
              {child_type,supervisor}]
 (supervisor:report_progress/2:1563)
2023-08-06 19:48:20.564107+00:00 [debug] PROGRESS REPORT:
    supervisor: {local,httpd_acceptor_sup__127_0_0_1__9081default}
    started: [{pid,<0.1231.0>},
              {id,{httpd_acceptor_sup,{127,0,0,1},9081,default}},
              {mfargs,{httpd_acceptor,start_link,
                                      [httpd__127_0_0_1__9081default,ip_comm,
                                       {127,0,0,1},
                                       9081,inet,
                                       httpd_conf__127_0_0_1__9081default,
                                       15000]}},
              {restart_type,transient},
              {significant,false},
              {shutdown,brutal_kill},
              {child_type,worker}]
 (supervisor:report_progress/2:1563)
2023-08-06 19:48:20.564286+00:00 [debug] PROGRESS REPORT:
    supervisor: {local,httpd_instance_sup__127_0_0_1__9081default}
    started: [{pid,<0.1230.0>},
              {id,{httpd_acceptor_sup,{127,0,0,1},9081,default}},
              {mfargs,
                  {httpd_acceptor_sup,start_link,
                      [[{127,0,0,1},
                        9081,
                        [{bind_address,{127,0,0,1}},
                         {socket_type,ip_comm},
                         {port,9081},
                         {server_root,"run/mod_stats_prometheus/doc"},
                         {document_root,"run/mod_stats_prometheus/doc"},
                         {server_name,"Prometheus Exporter"},
                         {modules,[prometheus_httpd]}],
                        15000,undefined]]}},
              {restart_type,permanent},
              {significant,false},
              {shutdown,infinity},
              {child_type,supervisor}]
 (supervisor:report_progress/2:1563)
2023-08-06 19:48:20.564569+00:00 [debug] PROGRESS REPORT:
    supervisor: {local,httpd_instance_sup__127_0_0_1__9081default}
    started: [{pid,<0.1233.0>},
              {id,{httpd_misc_sup,{127,0,0,1},9081,default}},
              {mfargs,{httpd_misc_sup,start_link,[{127,0,0,1},9081,default]}},
              {restart_type,permanent},
              {significant,false},
              {shutdown,infinity},
              {child_type,supervisor}]
 (supervisor:report_progress/2:1563)
2023-08-06 19:48:20.565702+00:00 [debug] PROGRESS REPORT:
    supervisor: {local,httpd_instance_sup__127_0_0_1__9081default}
    started: [{pid,<0.1234.0>},
              {id,{httpd_manager,{127,0,0,1},9081,default}},
              {mfargs,
                  {httpd_manager,start_link,
                      [undefined,
                       [{bind_address,{127,0,0,1}},
                        {socket_type,ip_comm},
                        {port,9081},
                        {server_root,"run/mod_stats_prometheus/doc"},
                        {document_root,"run/mod_stats_prometheus/doc"},
                        {server_name,"Prometheus Exporter"},
                        {modules,[prometheus_httpd]}],
                       15000]}},
              {restart_type,permanent},
              {significant,false},
              {shutdown,4000},
              {child_type,worker}]
 (supervisor:report_progress/2:1563)
2023-08-06 19:48:20.565886+00:00 [debug] PROGRESS REPORT:
    supervisor: {local,httpd_sup}
    started: [{pid,<0.1227.0>},
              {id,{httpd_instance_sup,{127,0,0,1},9081,default}},
              {mfargs,
                  {httpd_instance_sup,start_link,
                      [[{bind_address,{127,0,0,1}},
                        {socket_type,ip_comm},
                        {port,9081},
                        {server_root,"run/mod_stats_prometheus/doc"},
                        {document_root,"run/mod_stats_prometheus/doc"},
                        {server_name,"Prometheus Exporter"},
                        {modules,[prometheus_httpd]}],
                       15000,[]]}},
              {restart_type,permanent},
              {significant,false},
              {shutdown,infinity},
              {child_type,supervisor}]
 (supervisor:report_progress/2:1563)
2023-08-06 19:48:20.566991+00:00 [info] Started mod_stats_prometheus (eturnal:start_modules/0:383)
2023-08-06 19:48:20.567131+00:00 [debug] Calling mod_log_stun:start/0 (eturnal_module:start/1:143)
2023-08-06 19:48:20.567279+00:00 [debug] Starting mod_log_stun (mod_log_stun:start/0:38)
2023-08-06 19:48:20.568055+00:00 [info] Started mod_log_stun (eturnal:start_modules/0:383)
2023-08-06 19:48:20.568186+00:00 [debug] Restarted modules (eturnal:reload/1:603)
2023-08-06 19:48:20.568336+00:00 [debug] eturnal call (reload) returned ok (eturnal_ctl:call/1:431)
2023-08-06 19:48:20.593438+00:00 [info] Accepting connection: 127.0.0.1:44834 -> 127.0.0.1:34780 [TCP, session bcvpdq6th0rx] (stun_acceptor:accept/3:158)
2023-08-06 19:48:20.618189+00:00 [info] Accepting connection: 127.0.0.1:59040 -> 127.0.0.1:53490 [TLS, session fv5px0h3duz7] (stun_acceptor:accept/3:158)
2023-08-06 19:48:20.642772+00:00 [debug] Received:
#stun{class = request,method = 3,magic = 554869826,
      trid = 72194586541668766758550607892,raw = <<>>,unsupported = [],
      'ALTERNATE-SERVER' = undefined,'CHANNEL-NUMBER' = undefined,
      'DATA' = undefined,'DONT-FRAGMENT' = false,'ERROR-CODE' = undefined,
      'LIFETIME' = undefined,'MAPPED-ADDRESS' = undefined,
      'MESSAGE-INTEGRITY' = undefined,'NONCE' = undefined,'REALM' = undefined,
      'REQUESTED-ADDRESS-FAMILY' = undefined,
      'REQUESTED-TRANSPORT' = undefined,'SOFTWARE' = undefined,
      'UNKNOWN-ATTRIBUTES' = [],'USERNAME' = undefined,
      'XOR-MAPPED-ADDRESS' = undefined,'XOR-PEER-ADDRESS' = [],
      'XOR-RELAYED-ADDRESS' = undefined} (stun:udp_recv/5:112)
2023-08-06 19:48:20.643028+00:00 [debug] Sending:
#stun{class = error,method = 3,magic = 554869826,
      trid = 72194586541668766758550607892,raw = <<>>,unsupported = [],
      'ALTERNATE-SERVER' = undefined,'CHANNEL-NUMBER' = undefined,
      'DATA' = undefined,'DONT-FRAGMENT' = false,
      'ERROR-CODE' = {401,<<"Unauthorized">>},
      'LIFETIME' = undefined,'MAPPED-ADDRESS' = undefined,
      'MESSAGE-INTEGRITY' = undefined,'NONCE' = <<"3264839959">>,
      'REALM' = <<"eturnal.net">>,'REQUESTED-ADDRESS-FAMILY' = undefined,
      'REQUESTED-TRANSPORT' = undefined,'SOFTWARE' = <<"eturnal">>,
      'UNKNOWN-ATTRIBUTES' = [],'USERNAME' = undefined,
      'XOR-MAPPED-ADDRESS' = undefined,'XOR-PEER-ADDRESS' = [],
      'XOR-RELAYED-ADDRESS' = undefined} (stun:send/3:462)
2023-08-06 19:48:20.643393+00:00 [debug] Received:
#stun{class = request,method = 3,magic = 554869826,
      trid = 2250992486313124226794647831,
      raw = <<0,3,0,76,33,18,164,66,7,69,250,51,50,9,201,42,194,129,241,23,0,
              25,0,4,17,0,0,0,0,6,0,5,97,108,105,99,101,0,0,0,0,20,0,11,101,
              116,117,114,110,97,108,46,110,101,116,0,0,21,0,10,51,50,54,52,56,
              51,57,57,53,57,0,0>>,
      unsupported = [],'ALTERNATE-SERVER' = undefined,
      'CHANNEL-NUMBER' = undefined,'DATA' = undefined,'DONT-FRAGMENT' = false,
      'ERROR-CODE' = undefined,'LIFETIME' = undefined,
      'MAPPED-ADDRESS' = undefined,
      'MESSAGE-INTEGRITY' = <<155,126,231,168,137,236,179,178,71,66,177,35,193,
                              151,185,2,88,232,70,128>>,
      'NONCE' = <<"3264839959">>,'REALM' = <<"eturnal.net">>,
      'REQUESTED-ADDRESS-FAMILY' = undefined,'REQUESTED-TRANSPORT' = udp,
      'SOFTWARE' = undefined,'UNKNOWN-ATTRIBUTES' = [],
      'USERNAME' = <<"alice">>,'XOR-MAPPED-ADDRESS' = undefined,
      'XOR-PEER-ADDRESS' = [],'XOR-RELAYED-ADDRESS' = undefined} (stun:udp_recv/5:112)
2023-08-06 19:48:20.643562+00:00 [debug] Looking up password for: alice [UDP, session pgtdzrxffau7, user alice, client 127.0.0.1:39560] (eturnal:get_password/2:257)
2023-08-06 19:48:20.643630+00:00 [info] Accepting long-term STUN/TURN authentication [UDP, session pgtdzrxffau7, user alice, client 127.0.0.1:39560] (stun:process/2:253)
2023-08-06 19:48:20.643803+00:00 [debug] Running 'turn_session_start' hook [UDP, session pgtdzrxffau7, user alice, client 127.0.0.1:39560] (turn:run_hook/3:740)
2023-08-06 19:48:20.643869+00:00 [debug] Got 'turn_session_start' event [UDP, session pgtdzrxffau7, user alice, client 127.0.0.1:39560] (eturnal_module:handle_event/2:177)
2023-08-06 19:48:20.643918+00:00 [debug] Calling mod_stats_prometheus:handle_event/2 [UDP, session pgtdzrxffau7, user alice, client 127.0.0.1:39560] (eturnal_module:handle_event/2:180)
2023-08-06 19:48:20.643996+00:00 [debug] Observing started TURN session pgtdzrxffau7 for Prometheus [UDP, session pgtdzrxffau7, user alice, client 127.0.0.1:39560] (mod_stats_prometheus:on_turn_session_start/1:174)
2023-08-06 19:48:20.644231+00:00 [notice] Creating TURN allocation (lifetime: 600 seconds) [UDP, session pgtdzrxffau7, user alice, client 127.0.0.1:39560, relay 127.0.0.1:62265] (turn:wait_for_allocate/2:219)
2023-08-06 19:48:20.644369+00:00 [debug] Sending:
#stun{class = response,method = 3,magic = 554869826,
      trid = 2250992486313124226794647831,raw = <<>>,unsupported = [],
      'ALTERNATE-SERVER' = undefined,'CHANNEL-NUMBER' = undefined,
      'DATA' = undefined,'DONT-FRAGMENT' = false,'ERROR-CODE' = undefined,
      'LIFETIME' = 600,'MAPPED-ADDRESS' = undefined,
      'MESSAGE-INTEGRITY' = undefined,'NONCE' = undefined,'REALM' = undefined,
      'REQUESTED-ADDRESS-FAMILY' = undefined,
      'REQUESTED-TRANSPORT' = undefined,'SOFTWARE' = <<"eturnal">>,
      'UNKNOWN-ATTRIBUTES' = [],'USERNAME' = undefined,
      'XOR-MAPPED-ADDRESS' = {{127,0,0,1},39560},
      'XOR-PEER-ADDRESS' = [],
      'XOR-RELAYED-ADDRESS' = {{127,0,0,1},62265}} (turn:send/2:542)
2023-08-06 19:48:20.644672+00:00 [debug] Received:
#stun{class = request,method = 4,magic = 554869826,
      trid = 37217167788427837978041966088,
      raw = <<0,4,0,76,33,18,164,66,120,65,81,212,127,160,247,174,73,204,222,8,
              0,6,0,5,97,108,105,99,101,0,0,0,0,20,0,11,101,116,117,114,110,97,
              108,46,110,101,116,0,0,21,0,10,51,50,54,52,56,51,57,57,53,57,0,0,
              0,13,0,4,0,0,0,0>>,
      unsupported = [],'ALTERNATE-SERVER' = undefined,
      'CHANNEL-NUMBER' = undefined,'DATA' = undefined,'DONT-FRAGMENT' = false,
      'ERROR-CODE' = undefined,'LIFETIME' = 0,'MAPPED-ADDRESS' = undefined,
      'MESSAGE-INTEGRITY' = <<2,158,94,71,94,106,27,164,86,224,150,104,109,235,
                              3,234,20,34,149,136>>,
      'NONCE' = <<"3264839959">>,'REALM' = <<"eturnal.net">>,
      'REQUESTED-ADDRESS-FAMILY' = undefined,
      'REQUESTED-TRANSPORT' = undefined,'SOFTWARE' = undefined,
      'UNKNOWN-ATTRIBUTES' = [],'USERNAME' = <<"alice">>,
      'XOR-MAPPED-ADDRESS' = undefined,'XOR-PEER-ADDRESS' = [],
      'XOR-RELAYED-ADDRESS' = undefined} (stun:udp_recv/5:112)
2023-08-06 19:48:20.644849+00:00 [debug] Looking up password for: alice [UDP, session 4z7ck9pbt8pl, user alice, client 127.0.0.1:39560] (eturnal:get_password/2:257)
2023-08-06 19:48:20.644911+00:00 [info] Accepting long-term STUN/TURN authentication [UDP, session 4z7ck9pbt8pl, user alice, client 127.0.0.1:39560] (stun:process/2:253)
2023-08-06 19:48:20.644975+00:00 [info] Client requested closing the TURN session [UDP, session pgtdzrxffau7, user alice, client 127.0.0.1:39560, relay 127.0.0.1:62265] (turn:active/2:278)
2023-08-06 19:48:20.645044+00:00 [debug] Sending:
#stun{class = response,method = 4,magic = 554869826,
      trid = 37217167788427837978041966088,raw = <<>>,unsupported = [],
      'ALTERNATE-SERVER' = undefined,'CHANNEL-NUMBER' = undefined,
      'DATA' = undefined,'DONT-FRAGMENT' = false,'ERROR-CODE' = undefined,
      'LIFETIME' = 0,'MAPPED-ADDRESS' = undefined,
      'MESSAGE-INTEGRITY' = undefined,'NONCE' = undefined,'REALM' = undefined,
      'REQUESTED-ADDRESS-FAMILY' = undefined,
      'REQUESTED-TRANSPORT' = undefined,'SOFTWARE' = <<"eturnal">>,
      'UNKNOWN-ATTRIBUTES' = [],'USERNAME' = undefined,
      'XOR-MAPPED-ADDRESS' = undefined,'XOR-PEER-ADDRESS' = [],
      'XOR-RELAYED-ADDRESS' = undefined} (turn:send/2:542)
2023-08-06 19:48:20.645139+00:00 [info] Deleting TURN allocation [UDP, session pgtdzrxffau7, user alice, client 127.0.0.1:39560, relay 127.0.0.1:62265] (turn:terminate/3:475)
2023-08-06 19:48:20.645196+00:00 [notice] Relayed 0 KiB (in 0 B / 0 packets, out 0 B / 0 packets), duration: 0 seconds [UDP, session pgtdzrxffau7, user alice, client 127.0.0.1:39560, relay 127.0.0.1:62265] (turn:terminate/3:482)
2023-08-06 19:48:20.645248+00:00 [debug] Running 'turn_session_stop' hook [UDP, session pgtdzrxffau7, user alice, client 127.0.0.1:39560, relay 127.0.0.1:62265] (turn:run_hook/3:740)
2023-08-06 19:48:20.645319+00:00 [debug] Got 'turn_session_stop' event [UDP, session pgtdzrxffau7, user alice, client 127.0.0.1:39560, relay 127.0.0.1:62265] (eturnal_module:handle_event/2:177)
2023-08-06 19:48:20.645352+00:00 [debug] Calling mod_stats_influx:handle_event/2 [UDP, session pgtdzrxffau7, user alice, client 127.0.0.1:39560, relay 127.0.0.1:62265] (eturnal_module:handle_event/2:180)
2023-08-06 19:48:20.645424+00:00 [debug] Writing stats of TURN session pgtdzrxffau7 to InfluxDB [UDP, session pgtdzrxffau7, user alice, client 127.0.0.1:39560, relay 127.0.0.1:62265] (mod_stats_influx:on_turn_session_stop/1:87)
2023-08-06 19:48:20.645744+00:00 [debug] Received:
#stun{class = request,method = 3,magic = 554869826,
      trid = 52977931293839502817333018,raw = <<>>,unsupported = [],
      'ALTERNATE-SERVER' = undefined,'CHANNEL-NUMBER' = undefined,
      'DATA' = undefined,'DONT-FRAGMENT' = false,'ERROR-CODE' = undefined,
      'LIFETIME' = undefined,'MAPPED-ADDRESS' = undefined,
      'MESSAGE-INTEGRITY' = undefined,'NONCE' = undefined,'REALM' = undefined,
      'REQUESTED-ADDRESS-FAMILY' = undefined,
      'REQUESTED-TRANSPORT' = undefined,'SOFTWARE' = undefined,
      'UNKNOWN-ATTRIBUTES' = [],'USERNAME' = undefined,
      'XOR-MAPPED-ADDRESS' = undefined,'XOR-PEER-ADDRESS' = [],
      'XOR-RELAYED-ADDRESS' = undefined} (stun:udp_recv/5:112)
2023-08-06 19:48:20.645790+00:00 [debug] Calling mod_stats_prometheus:handle_event/2 [UDP, session pgtdzrxffau7, user alice, client 127.0.0.1:39560, relay 127.0.0.1:62265] (eturnal_module:handle_event/2:180)
2023-08-06 19:48:20.645846+00:00 [debug] Observing stopped TURN session pgtdzrxffau7 for Prometheus [UDP, session pgtdzrxffau7, user alice, client 127.0.0.1:39560, relay 127.0.0.1:62265] (mod_stats_prometheus:on_turn_session_stop/1:187)
2023-08-06 19:48:20.645858+00:00 [debug] Sending:
#stun{class = error,method = 3,magic = 554869826,
      trid = 52977931293839502817333018,raw = <<>>,unsupported = [],
      'ALTERNATE-SERVER' = undefined,'CHANNEL-NUMBER' = undefined,
      'DATA' = undefined,'DONT-FRAGMENT' = false,
      'ERROR-CODE' = {401,<<"Unauthorized">>},
      'LIFETIME' = undefined,'MAPPED-ADDRESS' = undefined,
      'MESSAGE-INTEGRITY' = undefined,'NONCE' = <<"3808877407">>,
      'REALM' = <<"eturnal.net">>,'REQUESTED-ADDRESS-FAMILY' = undefined,
      'REQUESTED-TRANSPORT' = undefined,'SOFTWARE' = <<"eturnal">>,
      'UNKNOWN-ATTRIBUTES' = [],'USERNAME' = undefined,
      'XOR-MAPPED-ADDRESS' = undefined,'XOR-PEER-ADDRESS' = [],
      'XOR-RELAYED-ADDRESS' = undefined} (stun:send/3:462)
2023-08-06 19:48:20.646132+00:00 [debug] Received:
#stun{class = request,method = 3,magic = 554869826,
      trid = 2974201831108266238035804510,
      raw = <<0,3,0,80,33,18,164,66,9,156,51,188,85,187,213,174,106,134,193,94,
              0,25,0,4,17,0,0,0,0,6,0,10,50,49,52,53,57,49,51,50,48,48,0,0,0,
              20,0,11,101,116,117,114,110,97,108,46,110,101,116,0,0,21,0,10,51,
              56,48,56,56,55,55,52,48,55,0,0>>,
      unsupported = [],'ALTERNATE-SERVER' = undefined,
      'CHANNEL-NUMBER' = undefined,'DATA' = undefined,'DONT-FRAGMENT' = false,
      'ERROR-CODE' = undefined,'LIFETIME' = undefined,
      'MAPPED-ADDRESS' = undefined,
      'MESSAGE-INTEGRITY' = <<35,102,75,215,8,43,6,216,24,52,152,86,251,220,20,
                              57,229,37,33,31>>,
      'NONCE' = <<"3808877407">>,'REALM' = <<"eturnal.net">>,
      'REQUESTED-ADDRESS-FAMILY' = undefined,'REQUESTED-TRANSPORT' = udp,
      'SOFTWARE' = undefined,'UNKNOWN-ATTRIBUTES' = [],
      'USERNAME' = <<"2145913200">>,'XOR-MAPPED-ADDRESS' = undefined,
      'XOR-PEER-ADDRESS' = [],'XOR-RELAYED-ADDRESS' = undefined} (stun:udp_recv/5:112)
2023-08-06 19:48:20.646249+00:00 [debug] Deriving password for: 2145913200 [UDP, session 1djs470er0qy, user 2145913200, client 127.0.0.1:50915] (eturnal:get_password/2:243)
2023-08-06 19:48:20.646313+00:00 [info] Accepting long-term STUN/TURN authentication [UDP, session 1djs470er0qy, user 2145913200, client 127.0.0.1:50915] (stun:process/2:253)
2023-08-06 19:48:20.646421+00:00 [debug] Running 'turn_session_start' hook [UDP, session 1djs470er0qy, user 2145913200, client 127.0.0.1:50915] (turn:run_hook/3:740)
2023-08-06 19:48:20.646473+00:00 [debug] Got 'turn_session_start' event [UDP, session 1djs470er0qy, user 2145913200, client 127.0.0.1:50915] (eturnal_module:handle_event/2:177)
2023-08-06 19:48:20.646522+00:00 [debug] Calling mod_stats_prometheus:handle_event/2 [UDP, session 1djs470er0qy, user 2145913200, client 127.0.0.1:50915] (eturnal_module:handle_event/2:180)
2023-08-06 19:48:20.646584+00:00 [debug] Observing started TURN session 1djs470er0qy for Prometheus [UDP, session 1djs470er0qy, user 2145913200, client 127.0.0.1:50915] (mod_stats_prometheus:on_turn_session_start/1:174)
2023-08-06 19:48:20.646853+00:00 [notice] Creating TURN allocation (lifetime: 600 seconds) [UDP, session 1djs470er0qy, user 2145913200, client 127.0.0.1:50915, relay 127.0.0.1:64284] (turn:wait_for_allocate/2:219)
2023-08-06 19:48:20.646965+00:00 [debug] Sending:
#stun{class = response,method = 3,magic = 554869826,
      trid = 2974201831108266238035804510,raw = <<>>,unsupported = [],
      'ALTERNATE-SERVER' = undefined,'CHANNEL-NUMBER' = undefined,
      'DATA' = undefined,'DONT-FRAGMENT' = false,'ERROR-CODE' = undefined,
      'LIFETIME' = 600,'MAPPED-ADDRESS' = undefined,
      'MESSAGE-INTEGRITY' = undefined,'NONCE' = undefined,'REALM' = undefined,
      'REQUESTED-ADDRESS-FAMILY' = undefined,
      'REQUESTED-TRANSPORT' = undefined,'SOFTWARE' = <<"eturnal">>,
      'UNKNOWN-ATTRIBUTES' = [],'USERNAME' = undefined,
      'XOR-MAPPED-ADDRESS' = {{127,0,0,1},50915},
      'XOR-PEER-ADDRESS' = [],
      'XOR-RELAYED-ADDRESS' = {{127,0,0,1},64284}} (turn:send/2:542)
2023-08-06 19:48:20.647218+00:00 [debug] Received:
#stun{class = request,method = 4,magic = 554869826,
      trid = 27844465451863068973014052002,
      raw = <<0,4,0,80,33,18,164,66,89,248,102,232,186,249,229,109,10,245,236,
              162,0,6,0,10,50,49,52,53,57,49,51,50,48,48,0,0,0,20,0,11,101,116,
              117,114,110,97,108,46,110,101,116,0,0,21,0,10,51,56,48,56,56,55,
              55,52,48,55,0,0,0,13,0,4,0,0,0,0>>,
      unsupported = [],'ALTERNATE-SERVER' = undefined,
      'CHANNEL-NUMBER' = undefined,'DATA' = undefined,'DONT-FRAGMENT' = false,
      'ERROR-CODE' = undefined,'LIFETIME' = 0,'MAPPED-ADDRESS' = undefined,
      'MESSAGE-INTEGRITY' = <<217,9,234,153,152,1,193,239,246,179,111,124,245,
                              140,63,185,6,36,194,101>>,
      'NONCE' = <<"3808877407">>,'REALM' = <<"eturnal.net">>,
      'REQUESTED-ADDRESS-FAMILY' = undefined,
      'REQUESTED-TRANSPORT' = undefined,'SOFTWARE' = undefined,
      'UNKNOWN-ATTRIBUTES' = [],'USERNAME' = <<"2145913200">>,
      'XOR-MAPPED-ADDRESS' = undefined,'XOR-PEER-ADDRESS' = [],
      'XOR-RELAYED-ADDRESS' = undefined} (stun:udp_recv/5:112)
2023-08-06 19:48:20.647350+00:00 [debug] Deriving password for: 2145913200 [UDP, session 2otbdxba6k1e, user 2145913200, client 127.0.0.1:50915] (eturnal:get_password/2:243)
2023-08-06 19:48:20.647412+00:00 [info] Accepting long-term STUN/TURN authentication [UDP, session 2otbdxba6k1e, user 2145913200, client 127.0.0.1:50915] (stun:process/2:253)
2023-08-06 19:48:20.647460+00:00 [info] Client requested closing the TURN session [UDP, session 1djs470er0qy, user 2145913200, client 127.0.0.1:50915, relay 127.0.0.1:64284] (turn:active/2:278)
2023-08-06 19:48:20.647596+00:00 [debug] Sending:
#stun{class = response,method = 4,magic = 554869826,
      trid = 27844465451863068973014052002,raw = <<>>,unsupported = [],
      'ALTERNATE-SERVER' = undefined,'CHANNEL-NUMBER' = undefined,
      'DATA' = undefined,'DONT-FRAGMENT' = false,'ERROR-CODE' = undefined,
      'LIFETIME' = 0,'MAPPED-ADDRESS' = undefined,
      'MESSAGE-INTEGRITY' = undefined,'NONCE' = undefined,'REALM' = undefined,
      'REQUESTED-ADDRESS-FAMILY' = undefined,
      'REQUESTED-TRANSPORT' = undefined,'SOFTWARE' = <<"eturnal">>,
      'UNKNOWN-ATTRIBUTES' = [],'USERNAME' = undefined,
      'XOR-MAPPED-ADDRESS' = undefined,'XOR-PEER-ADDRESS' = [],
      'XOR-RELAYED-ADDRESS' = undefined} (turn:send/2:542)
2023-08-06 19:48:20.647710+00:00 [info] Deleting TURN allocation [UDP, session 1djs470er0qy, user 2145913200, client 127.0.0.1:50915, relay 127.0.0.1:64284] (turn:terminate/3:475)
2023-08-06 19:48:20.647762+00:00 [notice] Relayed 0 KiB (in 0 B / 0 packets, out 0 B / 0 packets), duration: 0 seconds [UDP, session 1djs470er0qy, user 2145913200, client 127.0.0.1:50915, relay 127.0.0.1:64284] (turn:terminate/3:482)
2023-08-06 19:48:20.647816+00:00 [debug] Running 'turn_session_stop' hook [UDP, session 1djs470er0qy, user 2145913200, client 127.0.0.1:50915, relay 127.0.0.1:64284] (turn:run_hook/3:740)
2023-08-06 19:48:20.647856+00:00 [debug] Got 'turn_session_stop' event [UDP, session 1djs470er0qy, user 2145913200, client 127.0.0.1:50915, relay 127.0.0.1:64284] (eturnal_module:handle_event/2:177)
2023-08-06 19:48:20.647889+00:00 [debug] Calling mod_stats_influx:handle_event/2 [UDP, session 1djs470er0qy, user 2145913200, client 127.0.0.1:50915, relay 127.0.0.1:64284] (eturnal_module:handle_event/2:180)
2023-08-06 19:48:20.647923+00:00 [debug] Writing stats of TURN session 1djs470er0qy to InfluxDB [UDP, session 1djs470er0qy, user 2145913200, client 127.0.0.1:50915, relay 127.0.0.1:64284] (mod_stats_influx:on_turn_session_stop/1:87)
2023-08-06 19:48:20.648278+00:00 [debug] Calling mod_stats_prometheus:handle_event/2 [UDP, session 1djs470er0qy, user 2145913200, client 127.0.0.1:50915, relay 127.0.0.1:64284] (eturnal_module:handle_event/2:180)
2023-08-06 19:48:20.648329+00:00 [debug] Observing stopped TURN session 1djs470er0qy for Prometheus [UDP, session 1djs470er0qy, user 2145913200, client 127.0.0.1:50915, relay 127.0.0.1:64284] (mod_stats_prometheus:on_turn_session_stop/1:187)
2023-08-06 19:48:20.672892+00:00 [debug] Received:
#stun{class = request,method = 1,magic = 554869826,
      trid = 8455567294253136150930118410,raw = <<>>,unsupported = [],
      'ALTERNATE-SERVER' = undefined,'CHANNEL-NUMBER' = undefined,
      'DATA' = undefined,'DONT-FRAGMENT' = false,'ERROR-CODE' = undefined,
      'LIFETIME' = undefined,'MAPPED-ADDRESS' = undefined,
      'MESSAGE-INTEGRITY' = undefined,'NONCE' = undefined,'REALM' = undefined,
      'REQUESTED-ADDRESS-FAMILY' = undefined,
      'REQUESTED-TRANSPORT' = undefined,'SOFTWARE' = undefined,
      'UNKNOWN-ATTRIBUTES' = [],'USERNAME' = undefined,
      'XOR-MAPPED-ADDRESS' = undefined,'XOR-PEER-ADDRESS' = [],
      'XOR-RELAYED-ADDRESS' = undefined} (stun:udp_recv/5:112)
2023-08-06 19:48:20.673021+00:00 [debug] Responding to STUN request [UDP, session ac9qtfztus7y, anonymous, client 127.0.0.1:51950] (stun:process/4:321)
2023-08-06 19:48:20.673064+00:00 [debug] Running 'stun_query' hook [UDP, session ac9qtfztus7y, anonymous, client 127.0.0.1:51950] (stun:run_hook/3:839)
2023-08-06 19:48:20.673136+00:00 [debug] Got 'stun_query' event [UDP, session ac9qtfztus7y, anonymous, client 127.0.0.1:51950] (eturnal_module:handle_event/2:177)
2023-08-06 19:48:20.673176+00:00 [debug] Calling mod_log_stun:handle_event/2 [UDP, session ac9qtfztus7y, anonymous, client 127.0.0.1:51950] (eturnal_module:handle_event/2:180)
2023-08-06 19:48:20.673234+00:00 [info] Responding to STUN request [UDP, session ac9qtfztus7y, anonymous, client 127.0.0.1:51950] (mod_log_stun:handle_event/2:44)
2023-08-06 19:48:20.673282+00:00 [debug] Calling mod_stats_influx:handle_event/2 [UDP, session ac9qtfztus7y, anonymous, client 127.0.0.1:51950] (eturnal_module:handle_event/2:180)
2023-08-06 19:48:20.673318+00:00 [debug] Writing STUN query event to InfluxDB [UDP, session ac9qtfztus7y, anonymous, client 127.0.0.1:51950] (mod_stats_influx:on_stun_query/1:76)
2023-08-06 19:48:20.673499+00:00 [debug] Calling mod_stats_prometheus:handle_event/2 [UDP, session ac9qtfztus7y, anonymous, client 127.0.0.1:51950] (eturnal_module:handle_event/2:180)
2023-08-06 19:48:20.673587+00:00 [debug] Observing STUN query for Prometheus [UDP, session ac9qtfztus7y, anonymous, client 127.0.0.1:51950] (mod_stats_prometheus:on_stun_query/1:166)
2023-08-06 19:48:20.673683+00:00 [debug] Sending:
#stun{class = response,method = 1,magic = 554869826,
      trid = 8455567294253136150930118410,raw = <<>>,unsupported = [],
      'ALTERNATE-SERVER' = undefined,'CHANNEL-NUMBER' = undefined,
      'DATA' = undefined,'DONT-FRAGMENT' = false,'ERROR-CODE' = undefined,
      'LIFETIME' = undefined,'MAPPED-ADDRESS' = undefined,
      'MESSAGE-INTEGRITY' = undefined,'NONCE' = undefined,'REALM' = undefined,
      'REQUESTED-ADDRESS-FAMILY' = undefined,
      'REQUESTED-TRANSPORT' = undefined,'SOFTWARE' = <<"eturnal">>,
      'UNKNOWN-ATTRIBUTES' = [],'USERNAME' = undefined,
      'XOR-MAPPED-ADDRESS' = {{127,0,0,1},51950},
      'XOR-PEER-ADDRESS' = [],'XOR-RELAYED-ADDRESS' = undefined} (stun:send/3:462)
2023-08-06 19:48:20.699055+00:00 [info] Accepting connection: 127.0.0.1:44850 -> 127.0.0.1:34780 [TCP, session d88tb86oq6fe] (stun_acceptor:accept/3:158)
2023-08-06 19:48:20.699375+00:00 [debug] Received:
#stun{class = request,method = 1,magic = 554869826,
      trid = 14997445379893265520575475513,raw = <<>>,unsupported = [],
      'ALTERNATE-SERVER' = undefined,'CHANNEL-NUMBER' = undefined,
      'DATA' = undefined,'DONT-FRAGMENT' = false,'ERROR-CODE' = undefined,
      'LIFETIME' = undefined,'MAPPED-ADDRESS' = undefined,
      'MESSAGE-INTEGRITY' = undefined,'NONCE' = undefined,'REALM' = undefined,
      'REQUESTED-ADDRESS-FAMILY' = undefined,
      'REQUESTED-TRANSPORT' = undefined,'SOFTWARE' = undefined,
      'UNKNOWN-ATTRIBUTES' = [],'USERNAME' = undefined,
      'XOR-MAPPED-ADDRESS' = undefined,'XOR-PEER-ADDRESS' = [],
      'XOR-RELAYED-ADDRESS' = undefined} (stun:process_data/3:419)
2023-08-06 19:48:20.699475+00:00 [debug] Responding to STUN request [TCP, session d88tb86oq6fe, anonymous, client 127.0.0.1:44850] (stun:process/4:321)
2023-08-06 19:48:20.699530+00:00 [debug] Running 'stun_query' hook [TCP, session d88tb86oq6fe, anonymous, client 127.0.0.1:44850] (stun:run_hook/3:839)
2023-08-06 19:48:20.699582+00:00 [debug] Got 'stun_query' event [TCP, session d88tb86oq6fe, anonymous, client 127.0.0.1:44850] (eturnal_module:handle_event/2:177)
2023-08-06 19:48:20.699634+00:00 [debug] Calling mod_log_stun:handle_event/2 [TCP, session d88tb86oq6fe, anonymous, client 127.0.0.1:44850] (eturnal_module:handle_event/2:180)
2023-08-06 19:48:20.699682+00:00 [info] Responding to STUN request [TCP, session d88tb86oq6fe, anonymous, client 127.0.0.1:44850] (mod_log_stun:handle_event/2:44)
2023-08-06 19:48:20.699718+00:00 [debug] Calling mod_stats_influx:handle_event/2 [TCP, session d88tb86oq6fe, anonymous, client 127.0.0.1:44850] (eturnal_module:handle_event/2:180)
2023-08-06 19:48:20.699753+00:00 [debug] Writing STUN query event to InfluxDB [TCP, session d88tb86oq6fe, anonymous, client 127.0.0.1:44850] (mod_stats_influx:on_stun_query/1:76)
2023-08-06 19:48:20.699919+00:00 [debug] Calling mod_stats_prometheus:handle_event/2 [TCP, session d88tb86oq6fe, anonymous, client 127.0.0.1:44850] (eturnal_module:handle_event/2:180)
2023-08-06 19:48:20.699971+00:00 [debug] Observing STUN query for Prometheus [TCP, session d88tb86oq6fe, anonymous, client 127.0.0.1:44850] (mod_stats_prometheus:on_stun_query/1:166)
2023-08-06 19:48:20.700075+00:00 [debug] Sending:
#stun{class = response,method = 1,magic = 554869826,
      trid = 14997445379893265520575475513,raw = <<>>,unsupported = [],
      'ALTERNATE-SERVER' = undefined,'CHANNEL-NUMBER' = undefined,
      'DATA' = undefined,'DONT-FRAGMENT' = false,'ERROR-CODE' = undefined,
      'LIFETIME' = undefined,'MAPPED-ADDRESS' = undefined,
      'MESSAGE-INTEGRITY' = undefined,'NONCE' = undefined,'REALM' = undefined,
      'REQUESTED-ADDRESS-FAMILY' = undefined,
      'REQUESTED-TRANSPORT' = undefined,'SOFTWARE' = <<"P1 STUN library">>,
      'UNKNOWN-ATTRIBUTES' = [],'USERNAME' = undefined,
      'XOR-MAPPED-ADDRESS' = {{127,0,0,1},44850},
      'XOR-PEER-ADDRESS' = [],'XOR-RELAYED-ADDRESS' = undefined} (stun:send/3:462)
2023-08-06 19:48:20.700420+00:00 [info] Connection reset by peer [TCP, session d88tb86oq6fe, anonymous, client 127.0.0.1:44850] (stun:handle_info/3:172)
2023-08-06 19:48:20.724777+00:00 [info] Accepting connection: 127.0.0.1:59052 -> 127.0.0.1:53490 [TLS, session aqdgbcpmsnqu] (stun_acceptor:accept/3:158)
2023-08-06 19:48:21.732787+00:00 [debug] Received:
#stun{class = request,method = 1,magic = 554869826,
      trid = 30359745925508748720716822003,raw = <<>>,unsupported = [],
      'ALTERNATE-SERVER' = undefined,'CHANNEL-NUMBER' = undefined,
      'DATA' = undefined,'DONT-FRAGMENT' = false,'ERROR-CODE' = undefined,
      'LIFETIME' = undefined,'MAPPED-ADDRESS' = undefined,
      'MESSAGE-INTEGRITY' = undefined,'NONCE' = undefined,'REALM' = undefined,
      'REQUESTED-ADDRESS-FAMILY' = undefined,
      'REQUESTED-TRANSPORT' = undefined,'SOFTWARE' = undefined,
      'UNKNOWN-ATTRIBUTES' = [],'USERNAME' = undefined,
      'XOR-MAPPED-ADDRESS' = undefined,'XOR-PEER-ADDRESS' = [],
      'XOR-RELAYED-ADDRESS' = undefined} (stun:process_data/3:419)
2023-08-06 19:48:21.732940+00:00 [debug] Responding to STUN request [TLS, session aqdgbcpmsnqu, anonymous, client 127.0.0.1:59052] (stun:process/4:321)
2023-08-06 19:48:21.733061+00:00 [debug] Running 'stun_query' hook [TLS, session aqdgbcpmsnqu, anonymous, client 127.0.0.1:59052] (stun:run_hook/3:839)
2023-08-06 19:48:21.733138+00:00 [debug] Got 'stun_query' event [TLS, session aqdgbcpmsnqu, anonymous, client 127.0.0.1:59052] (eturnal_module:handle_event/2:177)
2023-08-06 19:48:21.733186+00:00 [debug] Calling mod_log_stun:handle_event/2 [TLS, session aqdgbcpmsnqu, anonymous, client 127.0.0.1:59052] (eturnal_module:handle_event/2:180)
2023-08-06 19:48:21.733239+00:00 [info] Responding to STUN request [TLS, session aqdgbcpmsnqu, anonymous, client 127.0.0.1:59052] (mod_log_stun:handle_event/2:44)
2023-08-06 19:48:21.733279+00:00 [debug] Calling mod_stats_influx:handle_event/2 [TLS, session aqdgbcpmsnqu, anonymous, client 127.0.0.1:59052] (eturnal_module:handle_event/2:180)
2023-08-06 19:48:21.733323+00:00 [debug] Writing STUN query event to InfluxDB [TLS, session aqdgbcpmsnqu, anonymous, client 127.0.0.1:59052] (mod_stats_influx:on_stun_query/1:76)
2023-08-06 19:48:21.733508+00:00 [debug] Calling mod_stats_prometheus:handle_event/2 [TLS, session aqdgbcpmsnqu, anonymous, client 127.0.0.1:59052] (eturnal_module:handle_event/2:180)
2023-08-06 19:48:21.733567+00:00 [debug] Observing STUN query for Prometheus [TLS, session aqdgbcpmsnqu, anonymous, client 127.0.0.1:59052] (mod_stats_prometheus:on_stun_query/1:166)
2023-08-06 19:48:21.733677+00:00 [debug] Sending:
#stun{class = response,method = 1,magic = 554869826,
      trid = 30359745925508748720716822003,raw = <<>>,unsupported = [],
      'ALTERNATE-SERVER' = undefined,'CHANNEL-NUMBER' = undefined,
      'DATA' = undefined,'DONT-FRAGMENT' = false,'ERROR-CODE' = undefined,
      'LIFETIME' = undefined,'MAPPED-ADDRESS' = undefined,
      'MESSAGE-INTEGRITY' = undefined,'NONCE' = undefined,'REALM' = undefined,
      'REQUESTED-ADDRESS-FAMILY' = undefined,
      'REQUESTED-TRANSPORT' = undefined,'SOFTWARE' = <<"P1 STUN library">>,
      'UNKNOWN-ATTRIBUTES' = [],'USERNAME' = undefined,
      'XOR-MAPPED-ADDRESS' = {{127,0,0,1},59052},
      'XOR-PEER-ADDRESS' = [],'XOR-RELAYED-ADDRESS' = undefined} (stun:send/3:462)
2023-08-06 19:48:21.734090+00:00 [info] Connection reset by peer [TLS, session aqdgbcpmsnqu, anonymous, client 127.0.0.1:59052] (stun:handle_info/3:172)
2023-08-06 19:48:21.758466+00:00 [info] Accepting connection: 127.0.0.1:57388 -> 127.0.0.1:34781 [TCP|TLS, session t3tw9kwxuokh] (stun_acceptor:accept/3:158)
2023-08-06 19:48:21.758633+00:00 [debug] Determined transport protocol: TCP (stun:is_tls_handshake/1:785)
2023-08-06 19:48:21.758923+00:00 [debug] Received:
#stun{class = request,method = 1,magic = 554869826,
      trid = 33445731305984014236441996950,raw = <<>>,unsupported = [],
      'ALTERNATE-SERVER' = undefined,'CHANNEL-NUMBER' = undefined,
      'DATA' = undefined,'DONT-FRAGMENT' = false,'ERROR-CODE' = undefined,
      'LIFETIME' = undefined,'MAPPED-ADDRESS' = undefined,
      'MESSAGE-INTEGRITY' = undefined,'NONCE' = undefined,'REALM' = undefined,
      'REQUESTED-ADDRESS-FAMILY' = undefined,
      'REQUESTED-TRANSPORT' = undefined,'SOFTWARE' = undefined,
      'UNKNOWN-ATTRIBUTES' = [],'USERNAME' = undefined,
      'XOR-MAPPED-ADDRESS' = undefined,'XOR-PEER-ADDRESS' = [],
      'XOR-RELAYED-ADDRESS' = undefined} (stun:process_data/3:419)
2023-08-06 19:48:21.759029+00:00 [debug] Responding to STUN request [TCP, session t3tw9kwxuokh, anonymous, client 127.0.0.1:57388] (stun:process/4:321)
2023-08-06 19:48:21.759084+00:00 [debug] Running 'stun_query' hook [TCP, session t3tw9kwxuokh, anonymous, client 127.0.0.1:57388] (stun:run_hook/3:839)
2023-08-06 19:48:21.759137+00:00 [debug] Got 'stun_query' event [TCP, session t3tw9kwxuokh, anonymous, client 127.0.0.1:57388] (eturnal_module:handle_event/2:177)
2023-08-06 19:48:21.759178+00:00 [debug] Calling mod_log_stun:handle_event/2 [TCP, session t3tw9kwxuokh, anonymous, client 127.0.0.1:57388] (eturnal_module:handle_event/2:180)
2023-08-06 19:48:21.759421+00:00 [info] Responding to STUN request [TCP, session t3tw9kwxuokh, anonymous, client 127.0.0.1:57388] (mod_log_stun:handle_event/2:44)
2023-08-06 19:48:21.759463+00:00 [debug] Calling mod_stats_influx:handle_event/2 [TCP, session t3tw9kwxuokh, anonymous, client 127.0.0.1:57388] (eturnal_module:handle_event/2:180)
2023-08-06 19:48:21.759501+00:00 [debug] Writing STUN query event to InfluxDB [TCP, session t3tw9kwxuokh, anonymous, client 127.0.0.1:57388] (mod_stats_influx:on_stun_query/1:76)
2023-08-06 19:48:21.759684+00:00 [debug] Calling mod_stats_prometheus:handle_event/2 [TCP, session t3tw9kwxuokh, anonymous, client 127.0.0.1:57388] (eturnal_module:handle_event/2:180)
2023-08-06 19:48:21.759752+00:00 [debug] Observing STUN query for Prometheus [TCP, session t3tw9kwxuokh, anonymous, client 127.0.0.1:57388] (mod_stats_prometheus:on_stun_query/1:166)
2023-08-06 19:48:21.759885+00:00 [debug] Sending:
#stun{class = response,method = 1,magic = 554869826,
      trid = 33445731305984014236441996950,raw = <<>>,unsupported = [],
      'ALTERNATE-SERVER' = undefined,'CHANNEL-NUMBER' = undefined,
      'DATA' = undefined,'DONT-FRAGMENT' = false,'ERROR-CODE' = undefined,
      'LIFETIME' = undefined,'MAPPED-ADDRESS' = undefined,
      'MESSAGE-INTEGRITY' = undefined,'NONCE' = undefined,'REALM' = undefined,
      'REQUESTED-ADDRESS-FAMILY' = undefined,
      'REQUESTED-TRANSPORT' = undefined,'SOFTWARE' = <<"P1 STUN library">>,
      'UNKNOWN-ATTRIBUTES' = [],'USERNAME' = undefined,
      'XOR-MAPPED-ADDRESS' = {{127,0,0,1},57388},
      'XOR-PEER-ADDRESS' = [],'XOR-RELAYED-ADDRESS' = undefined} (stun:send/3:462)
2023-08-06 19:48:21.760105+00:00 [info] Connection reset by peer [TCP, session t3tw9kwxuokh, anonymous, client 127.0.0.1:57388] (stun:handle_info/3:172)
2023-08-06 19:48:21.784780+00:00 [info] Accepting connection: 127.0.0.1:57394 -> 127.0.0.1:34781 [TCP|TLS, session 26zut6i7t7kq] (stun_acceptor:accept/3:158)
2023-08-06 19:48:21.784942+00:00 [debug] Determined transport protocol: TLS (stun:is_tls_handshake/1:782)
2023-08-06 19:48:22.793812+00:00 [debug] Received:
#stun{class = request,method = 1,magic = 554869826,
      trid = 22992113863705529510579250792,raw = <<>>,unsupported = [],
      'ALTERNATE-SERVER' = undefined,'CHANNEL-NUMBER' = undefined,
      'DATA' = undefined,'DONT-FRAGMENT' = false,'ERROR-CODE' = undefined,
      'LIFETIME' = undefined,'MAPPED-ADDRESS' = undefined,
      'MESSAGE-INTEGRITY' = undefined,'NONCE' = undefined,'REALM' = undefined,
      'REQUESTED-ADDRESS-FAMILY' = undefined,
      'REQUESTED-TRANSPORT' = undefined,'SOFTWARE' = undefined,
      'UNKNOWN-ATTRIBUTES' = [],'USERNAME' = undefined,
      'XOR-MAPPED-ADDRESS' = undefined,'XOR-PEER-ADDRESS' = [],
      'XOR-RELAYED-ADDRESS' = undefined} (stun:process_data/3:419)
2023-08-06 19:48:22.793989+00:00 [debug] Responding to STUN request [TLS, session 26zut6i7t7kq, anonymous, client 127.0.0.1:57394] (stun:process/4:321)
2023-08-06 19:48:22.794056+00:00 [debug] Running 'stun_query' hook [TLS, session 26zut6i7t7kq, anonymous, client 127.0.0.1:57394] (stun:run_hook/3:839)
2023-08-06 19:48:22.794158+00:00 [debug] Got 'stun_query' event [TLS, session 26zut6i7t7kq, anonymous, client 127.0.0.1:57394] (eturnal_module:handle_event/2:177)
2023-08-06 19:48:22.794215+00:00 [debug] Calling mod_log_stun:handle_event/2 [TLS, session 26zut6i7t7kq, anonymous, client 127.0.0.1:57394] (eturnal_module:handle_event/2:180)
2023-08-06 19:48:22.794303+00:00 [info] Responding to STUN request [TLS, session 26zut6i7t7kq, anonymous, client 127.0.0.1:57394] (mod_log_stun:handle_event/2:44)
2023-08-06 19:48:22.794349+00:00 [debug] Calling mod_stats_influx:handle_event/2 [TLS, session 26zut6i7t7kq, anonymous, client 127.0.0.1:57394] (eturnal_module:handle_event/2:180)
2023-08-06 19:48:22.794388+00:00 [debug] Writing STUN query event to InfluxDB [TLS, session 26zut6i7t7kq, anonymous, client 127.0.0.1:57394] (mod_stats_influx:on_stun_query/1:76)
2023-08-06 19:48:22.794689+00:00 [debug] Calling mod_stats_prometheus:handle_event/2 [TLS, session 26zut6i7t7kq, anonymous, client 127.0.0.1:57394] (eturnal_module:handle_event/2:180)
2023-08-06 19:48:22.794841+00:00 [debug] Observing STUN query for Prometheus [TLS, session 26zut6i7t7kq, anonymous, client 127.0.0.1:57394] (mod_stats_prometheus:on_stun_query/1:166)
2023-08-06 19:48:22.794982+00:00 [debug] Sending:
#stun{class = response,method = 1,magic = 554869826,
      trid = 22992113863705529510579250792,raw = <<>>,unsupported = [],
      'ALTERNATE-SERVER' = undefined,'CHANNEL-NUMBER' = undefined,
      'DATA' = undefined,'DONT-FRAGMENT' = false,'ERROR-CODE' = undefined,
      'LIFETIME' = undefined,'MAPPED-ADDRESS' = undefined,
      'MESSAGE-INTEGRITY' = undefined,'NONCE' = undefined,'REALM' = undefined,
      'REQUESTED-ADDRESS-FAMILY' = undefined,
      'REQUESTED-TRANSPORT' = undefined,'SOFTWARE' = <<"P1 STUN library">>,
      'UNKNOWN-ATTRIBUTES' = [],'USERNAME' = undefined,
      'XOR-MAPPED-ADDRESS' = {{127,0,0,1},57394},
      'XOR-PEER-ADDRESS' = [],'XOR-RELAYED-ADDRESS' = undefined} (stun:send/3:462)
2023-08-06 19:48:22.795280+00:00 [info] Connection reset by peer [TLS, session 26zut6i7t7kq, anonymous, client 127.0.0.1:57394] (stun:handle_info/3:172)
2023-08-06 19:48:22.820169+00:00 [debug] No NOTIFY_SOCKET, dropping STOPPING=1 notification (eturnal_systemd:handle_cast/2:110)
2023-08-06 19:48:22.820191+00:00 [debug] Terminating eturnal (shutdown) (eturnal:terminate/2:184)
2023-08-06 19:48:22.820362+00:00 [debug] Watchdog interval is undefined, hibernating (eturnal_systemd:get_timeout/1:163)
2023-08-06 19:48:22.820496+00:00 [info] Stopped listening on 127.0.0.1:34780 (udp) (eturnal:stop_listeners/1:439)
2023-08-06 19:48:22.820671+00:00 [info] Stopped listening on 127.0.0.1:34780 (tcp) (eturnal:stop_listeners/1:439)
2023-08-06 19:48:22.820817+00:00 [info] Stopped listening on 127.0.0.1:53490 (tls) (eturnal:stop_listeners/1:439)
2023-08-06 19:48:22.820942+00:00 [info] Stopped listening on 127.0.0.1:34781 (auto) (eturnal:stop_listeners/1:439)
2023-08-06 19:48:22.821993+00:00 [debug] Calling mod_stats_influx:stop/1 (eturnal_module:stop/1:163)
2023-08-06 19:48:22.822130+00:00 [debug] Stopping mod_stats_influx (mod_stats_influx:stop/0:61)
2023-08-06 19:48:22.822264+00:00 [info] Stopped mod_stats_influx (eturnal:stop_modules/1:396)
2023-08-06 19:48:22.823019+00:00 [debug] Calling mod_stats_prometheus:stop/1 (eturnal_module:stop/1:163)
2023-08-06 19:48:22.823232+00:00 [debug] Stopping mod_stats_prometheus (mod_stats_prometheus:stop/0:110)
2023-08-06 19:48:22.823732+00:00 [info] Stopped mod_stats_prometheus (eturnal:stop_modules/1:396)
2023-08-06 19:48:22.824825+00:00 [debug] Calling mod_log_stun:stop/1 (eturnal_module:stop/1:163)
2023-08-06 19:48:22.825045+00:00 [debug] Stopping mod_log_stun (mod_log_stun:stop/0:49)
2023-08-06 19:48:22.825216+00:00 [info] Stopped mod_log_stun (eturnal:stop_modules/1:396)
2023-08-06 19:48:22.826310+00:00 [debug] Removed run/cert.pem (eturnal:clean_run_dir/0:832)
2023-08-06 19:48:22.826506+00:00 [debug] Terminating eturnal_systemd (shutdown) (eturnal_systemd:terminate/2:137)
2023-08-06 19:48:22.826815+00:00 [notice] Stopping eturnal 1.11.1 on Erlang/OTP 26 (ERTS 14.0) (eturnal_app:stop/1:53)
