2025-11-01 23:23:57.257143+00:00 [notice] Starting eturnal 1.12.2 on Erlang/OTP 28 (ERTS 16.1) (eturnal_app:start/2:34)
2025-11-01 23:23:57.257315+00:00 [debug] Starting supervisor: eturnal_sup (eturnal_sup:start_link/0:31)
2025-11-01 23:23:57.257449+00:00 [debug] Configuring eturnal_sup supervisor: [#{id => systemd,
                                       start =>
                                           {eturnal_systemd,start_link,[]}},
                                     #{id => eturnal,
                                       start => {eturnal,start_link,[]}}] (eturnal_sup:init/0:39)
2025-11-01 23:23:57.258731+00:00 [info] Got no NOTIFY_SOCKET, notifications disabled (eturnal_systemd:init/1:86)
2025-11-01 23:23:57.258871+00:00 [debug] PROGRESS REPORT:
    supervisor: {local,eturnal_sup}
    started: [{pid,<0.1023.0>},
              {id,systemd},
              {mfargs,{eturnal_systemd,start_link,[]}},
              {restart_type,permanent},
              {significant,false},
              {shutdown,5000},
              {child_type,worker}]
 (supervisor:report_progress/3:2240)
2025-11-01 23:23:57.258983+00:00 [info] Relay IPv4 address: 127.0.0.1 (port range: 49152-65535) (eturnal:log_relay_addresses/0:349)
2025-11-01 23:23:57.259073+00:00 [info] Relay IPv6 address not configured (eturnal:log_relay_addresses/0:359)
2025-11-01 23:23:57.274471+00:00 [info] Cannot determine control query port: noport (eturnal:log_control_listener/0:374)
2025-11-01 23:23:57.274816+00:00 [debug] Using run directory run (eturnal:ensure_run_dir/0:861)
2025-11-01 23:23:57.274924+00:00 [debug] TURN configuration seems fine (eturnal:check_turn_config/0:604)
2025-11-01 23:23:57.275025+00:00 [warning] TLS enabled without 'tls_crt_file', creating self-signed certificate (eturnal:check_pem_file/0:807)
2025-11-01 23:23:58.619871+00:00 [debug] Calling mod_log_stun:start/0 (eturnal_module:start/1:143)
2025-11-01 23:23:58.620070+00:00 [debug] Starting mod_log_stun (mod_log_stun:start/0:38)
2025-11-01 23:23:58.620211+00:00 [info] Started mod_log_stun (eturnal:start_modules/0:385)
2025-11-01 23:23:58.620305+00:00 [debug] Calling mod_stats_influx:start/0 (eturnal_module:start/1:143)
2025-11-01 23:23:58.620413+00:00 [debug] Starting mod_stats_influx (mod_stats_influx:start/0:37)
2025-11-01 23:23:58.622103+00:00 [debug] PROGRESS REPORT:
    application: ulitos
    started_at: nonode@nohost
 (application_controller:info_started/2:2117)
2025-11-01 23:23:58.623020+00:00 [debug] PROGRESS REPORT:
    application: poolboy
    started_at: nonode@nohost
 (application_controller:info_started/2:2117)
2025-11-01 23:23:58.623930+00:00 [info]     msg: Starting application: influx_udp (influx_udp_app:start/2:10)
2025-11-01 23:23:58.625969+00:00 [debug] PROGRESS REPORT:
    supervisor: {local,influx_udp_sup}
    started: [{pid,<0.1042.0>},
              {id,influx_udp},
              {mfargs,{influx_udp,start_link,[]}},
              {restart_type,permanent},
              {significant,false},
              {shutdown,5000},
              {child_type,worker}]
 (supervisor:report_progress/3:2240)
2025-11-01 23:23:58.626114+00:00 [debug] PROGRESS REPORT:
    application: influx_udp
    started_at: nonode@nohost
 (application_controller:info_started/2:2117)
2025-11-01 23:23:58.626162+00:00 [debug] Dependency influx_udp was available already (eturnal_module:ensure_dep/2:284)
2025-11-01 23:23:58.627746+00:00 [info]     options: #{port => 8089,host => "localhost",pool_size => 1,
               max_overflow => 1}
    msg: Start clients pool
    host: {127,0,0,1} (influx_udp:start_pool_/2:239)
2025-11-01 23:23:58.635650+00:00 [info]     port: 60252
    msg: Open UDP socket on port (influx_udp_worker:init/1:43)
2025-11-01 23:23:58.635864+00:00 [debug] PROGRESS REPORT:
    supervisor: {local,influx_udp_sup}
    started: [{pid,<0.1045.0>},
              {id,stats_influx_pool},
              {mfargs,
                  {poolboy,start_link,
                      [[{name,{local,stats_influx_pool}},
                        {worker_module,influx_udp_worker},
                        {size,1},
                        {max_overflow,1}],
                       [{options,
                            #{port => 8089,
                              host => {127,0,0,1},
                              pool_size => 1,max_overflow => 1}}]]}},
              {restart_type,permanent},
              {significant,false},
              {shutdown,5000},
              {child_type,worker}]
 (supervisor:report_progress/3:2250)
2025-11-01 23:23:58.636045+00:00 [info] Started mod_stats_influx (eturnal:start_modules/0:385)
2025-11-01 23:23:58.636236+00:00 [debug] Calling mod_stats_prometheus:start/0 (eturnal_module:start/1:143)
2025-11-01 23:23:58.636741+00:00 [debug] Starting mod_stats_prometheus (mod_stats_prometheus:start/0:56)
2025-11-01 23:23:58.648375+00:00 [debug] PROGRESS REPORT:
    application: prometheus
    started_at: nonode@nohost
 (application_controller:info_started/2:2117)
2025-11-01 23:23:58.649192+00:00 [debug] PROGRESS REPORT:
    application: accept
    started_at: nonode@nohost
 (application_controller:info_started/2:2117)
2025-11-01 23:23:58.659158+00:00 [debug] PROGRESS REPORT:
    application: prometheus_httpd
    started_at: nonode@nohost
 (application_controller:info_started/2:2117)
2025-11-01 23:23:58.659237+00:00 [debug] Dependency prometheus_httpd was available already (eturnal_module:ensure_dep/2:284)
2025-11-01 23:23:58.678749+00:00 [debug] PROGRESS REPORT:
    supervisor: {local,httpd_instance_sup__127_0_0_1__9081default}
    started: [{pid,<0.1060.0>},
              {id,{httpd_connection_sup,{127,0,0,1},9081,default}},
              {mfargs,{httpd_connection_sup,start_link,[[{127,0,0,1},9081]]}},
              {restart_type,permanent},
              {significant,false},
              {shutdown,5000},
              {child_type,supervisor}]
 (supervisor:report_progress/3:2240)
2025-11-01 23:23:58.680803+00:00 [debug] PROGRESS REPORT:
    supervisor: {local,httpd_instance_sup__127_0_0_1__9081default}
    started: [{pid,<0.1061.0>},
              {id,{httpd_misc_sup,{127,0,0,1},9081,default}},
              {mfargs,{httpd_misc_sup,start_link,[{127,0,0,1},9081,default]}},
              {restart_type,permanent},
              {significant,false},
              {shutdown,infinity},
              {child_type,supervisor}]
 (supervisor:report_progress/3:2240)
2025-11-01 23:23:58.683523+00:00 [debug] PROGRESS REPORT:
    supervisor: {local,httpd_instance_sup__127_0_0_1__9081default}
    started: [{pid,<0.1062.0>},
              {id,{httpd_manager,{127,0,0,1},9081,default}},
              {mfargs,
                  {httpd_manager,start_link,
                      [undefined,
                       [{bind_address,{127,0,0,1}},
                        {socket_type,ip_comm},
                        {port,9081},
                        {server_root,"run/mod_stats_prometheus/doc"},
                        {document_root,"run/mod_stats_prometheus/doc"},
                        {server_name,"Prometheus Exporter"},
                        {modules,[prometheus_httpd]}],
                       15000]}},
              {restart_type,permanent},
              {significant,false},
              {shutdown,4000},
              {child_type,worker}]
 (supervisor:report_progress/3:2240)
2025-11-01 23:23:58.696234+00:00 [debug] PROGRESS REPORT:
    supervisor: {local,httpd_acceptor_sup__127_0_0_1__9081default}
    started: [{pid,<0.1064.0>},
              {id,{httpd_acceptor_sup,{127,0,0,1},9081,default}},
              {mfargs,{httpd_acceptor,start_link,
                                      [httpd__127_0_0_1__9081default,ip_comm,
                                       {127,0,0,1},
                                       9081,inet,
                                       httpd_conf__127_0_0_1__9081default,
                                       15000]}},
              {restart_type,transient},
              {significant,false},
              {shutdown,brutal_kill},
              {child_type,worker}]
 (supervisor:report_progress/3:2240)
2025-11-01 23:23:58.696420+00:00 [debug] PROGRESS REPORT:
    supervisor: {local,httpd_instance_sup__127_0_0_1__9081default}
    started: [{pid,<0.1063.0>},
              {id,{httpd_acceptor_sup,{127,0,0,1},9081,default}},
              {mfargs,
                  {httpd_acceptor_sup,start_link,
                      [[{127,0,0,1},
                        9081,
                        [{bind_address,{127,0,0,1}},
                         {socket_type,ip_comm},
                         {port,9081},
                         {server_root,"run/mod_stats_prometheus/doc"},
                         {document_root,"run/mod_stats_prometheus/doc"},
                         {server_name,"Prometheus Exporter"},
                         {modules,[prometheus_httpd]}],
                        15000,undefined]]}},
              {restart_type,permanent},
              {significant,false},
              {shutdown,infinity},
              {child_type,supervisor}]
 (supervisor:report_progress/3:2240)
2025-11-01 23:23:58.696555+00:00 [debug] PROGRESS REPORT:
    supervisor: {local,httpd_sup}
    started: [{pid,<0.1059.0>},
              {id,{httpd_instance_sup,{127,0,0,1},9081,default}},
              {mfargs,
                  {httpd_instance_sup,start_link,
                      [[{bind_address,{127,0,0,1}},
                        {socket_type,ip_comm},
                        {port,9081},
                        {server_root,"run/mod_stats_prometheus/doc"},
                        {document_root,"run/mod_stats_prometheus/doc"},
                        {server_name,"Prometheus Exporter"},
                        {modules,[prometheus_httpd]}],
                       15000,[]]}},
              {restart_type,permanent},
              {significant,false},
              {shutdown,infinity},
              {child_type,supervisor}]
 (supervisor:report_progress/3:2250)
2025-11-01 23:23:58.697133+00:00 [info] Started mod_stats_prometheus (eturnal:start_modules/0:385)
2025-11-01 23:23:58.697306+00:00 [debug] Starting listener 127.0.0.1:34780 (udp) with options:
[{use_turn,true},
 {auth_type,user},
 {turn_ipv4_address,{127,0,0,1}},
 {turn_min_port,49152},
 {turn_max_port,65535},
 {turn_max_allocations,10},
 {turn_max_permissions,10},
 {shaper,100000},
 {auth_realm,<<"eturnal.net">>},
 {server_name,<<"eturnal">>},
 {auth_fun,fun eturnal:get_password/2},
 {hook_fun,fun eturnal:run_hook/2},
 {turn_blacklist_clients,[{{127,0,0,1},8}]},
 {turn_blacklist_peers,[{{10,0,0,0},8},
                        {{100,64,0,0},10},
                        {{127,0,0,0},8},
                        {{169,254,0,0},16},
                        {{172,16,0,0},12},
                        {{192,0,0,0},24},
                        {{192,0,2,0},24},
                        {{192,88,99,0},24},
                        {{192,168,0,0},16},
                        {{198,18,0,0},15},
                        {{198,51,100,0},24},
                        {{203,0,113,0},24},
                        {{224,0,0,0},4},
                        {{240,0,0,0},4},
                        {{0,0,0,0,0,0,0,1},128},
                        {{100,65435,0,0,0,0,0,0},96},
                        {{256,0,0,0,0,0,0,0},64},
                        {{8193,3512,0,0,0,0,0,0},32},
                        {{64512,0,0,0,0,0,0,0},7},
                        {{65152,0,0,0,0,0,0,0},10},
                        {{65280,0,0,0,0,0,0,0},8}]},
 {turn_whitelist_clients,[{{127,0,0,1},32}]},
 {turn_whitelist_peers,[{{127,0,0,1},32},
                        {{203,0,113,113},32},
                        {{8193,3512,0,0,0,0,0,0},64}]}] (eturnal:start_listeners/0:420)
2025-11-01 23:23:58.708163+00:00 [info] Listening on 127.0.0.1:34780 (udp) (STUN/TURN) (eturnal:start_listeners/0:427)
2025-11-01 23:23:58.708294+00:00 [debug] Starting listener 127.0.0.1:34780 (tcp) with options:
[{use_turn,false},
 {auth_type,anonymous},
 {turn_ipv4_address,{127,0,0,1}},
 {turn_min_port,49152},
 {turn_max_port,65535},
 {turn_max_allocations,10},
 {turn_max_permissions,10},
 {shaper,100000},
 {auth_realm,<<"eturnal.net">>},
 {server_name,<<"eturnal">>},
 {auth_fun,fun eturnal:get_password/2},
 {hook_fun,fun eturnal:run_hook/2},
 {turn_blacklist_clients,[{{127,0,0,1},8}]},
 {turn_blacklist_peers,[{{10,0,0,0},8},
                        {{100,64,0,0},10},
                        {{127,0,0,0},8},
                        {{169,254,0,0},16},
                        {{172,16,0,0},12},
                        {{192,0,0,0},24},
                        {{192,0,2,0},24},
                        {{192,88,99,0},24},
                        {{192,168,0,0},16},
                        {{198,18,0,0},15},
                        {{198,51,100,0},24},
                        {{203,0,113,0},24},
                        {{224,0,0,0},4},
                        {{240,0,0,0},4},
                        {{0,0,0,0,0,0,0,1},128},
                        {{100,65435,0,0,0,0,0,0},96},
                        {{256,0,0,0,0,0,0,0},64},
                        {{8193,3512,0,0,0,0,0,0},32},
                        {{64512,0,0,0,0,0,0,0},7},
                        {{65152,0,0,0,0,0,0,0},10},
                        {{65280,0,0,0,0,0,0,0},8}]},
 {turn_whitelist_clients,[{{127,0,0,1},32}]},
 {turn_whitelist_peers,[{{127,0,0,1},32},
                        {{203,0,113,113},32},
                        {{8193,3512,0,0,0,0,0,0},64}]}] (eturnal:start_listeners/0:420)
2025-11-01 23:23:58.708888+00:00 [info] Listening on 127.0.0.1:34780 (tcp) (STUN only) (eturnal:start_listeners/0:427)
2025-11-01 23:23:58.709005+00:00 [debug] Starting listener 127.0.0.1:53490 (tls) with options:
[{use_turn,false},
 {auth_type,anonymous},
 {tls,true},
 {certfile,<<"run/cert.pem">>},
 {ciphers,<<"HIGH:!aNULL:@STRENGTH">>},
 {protocol_options,<<"no_tlsv1|no_tlsv1_1|cipher_server_preference">>},
 {turn_ipv4_address,{127,0,0,1}},
 {turn_min_port,49152},
 {turn_max_port,65535},
 {turn_max_allocations,10},
 {turn_max_permissions,10},
 {shaper,100000},
 {auth_realm,<<"eturnal.net">>},
 {server_name,<<"eturnal">>},
 {auth_fun,fun eturnal:get_password/2},
 {hook_fun,fun eturnal:run_hook/2},
 {turn_blacklist_clients,[{{127,0,0,1},8}]},
 {turn_blacklist_peers,[{{10,0,0,0},8},
                        {{100,64,0,0},10},
                        {{127,0,0,0},8},
                        {{169,254,0,0},16},
                        {{172,16,0,0},12},
                        {{192,0,0,0},24},
                        {{192,0,2,0},24},
                        {{192,88,99,0},24},
                        {{192,168,0,0},16},
                        {{198,18,0,0},15},
                        {{198,51,100,0},24},
                        {{203,0,113,0},24},
                        {{224,0,0,0},4},
                        {{240,0,0,0},4},
                        {{0,0,0,0,0,0,0,1},128},
                        {{100,65435,0,0,0,0,0,0},96},
                        {{256,0,0,0,0,0,0,0},64},
                        {{8193,3512,0,0,0,0,0,0},32},
                        {{64512,0,0,0,0,0,0,0},7},
                        {{65152,0,0,0,0,0,0,0},10},
                        {{65280,0,0,0,0,0,0,0},8}]},
 {turn_whitelist_clients,[{{127,0,0,1},32}]},
 {turn_whitelist_peers,[{{127,0,0,1},32},
                        {{203,0,113,113},32},
                        {{8193,3512,0,0,0,0,0,0},64}]}] (eturnal:start_listeners/0:420)
2025-11-01 23:23:58.709553+00:00 [info] Listening on 127.0.0.1:53490 (tls) (STUN only) (eturnal:start_listeners/0:427)
2025-11-01 23:23:58.709673+00:00 [debug] Starting listener 127.0.0.1:34781 (auto) with options:
[{use_turn,false},
 {auth_type,anonymous},
 {tls,optional},
 {certfile,<<"run/cert.pem">>},
 {ciphers,<<"HIGH:!aNULL:@STRENGTH">>},
 {protocol_options,<<"no_tlsv1|no_tlsv1_1|cipher_server_preference">>},
 {turn_ipv4_address,{127,0,0,1}},
 {turn_min_port,49152},
 {turn_max_port,65535},
 {turn_max_allocations,10},
 {turn_max_permissions,10},
 {shaper,100000},
 {auth_realm,<<"eturnal.net">>},
 {server_name,<<"eturnal">>},
 {auth_fun,fun eturnal:get_password/2},
 {hook_fun,fun eturnal:run_hook/2},
 {turn_blacklist_clients,[{{127,0,0,1},8}]},
 {turn_blacklist_peers,[{{10,0,0,0},8},
                        {{100,64,0,0},10},
                        {{127,0,0,0},8},
                        {{169,254,0,0},16},
                        {{172,16,0,0},12},
                        {{192,0,0,0},24},
                        {{192,0,2,0},24},
                        {{192,88,99,0},24},
                        {{192,168,0,0},16},
                        {{198,18,0,0},15},
                        {{198,51,100,0},24},
                        {{203,0,113,0},24},
                        {{224,0,0,0},4},
                        {{240,0,0,0},4},
                        {{0,0,0,0,0,0,0,1},128},
                        {{100,65435,0,0,0,0,0,0},96},
                        {{256,0,0,0,0,0,0,0},64},
                        {{8193,3512,0,0,0,0,0,0},32},
                        {{64512,0,0,0,0,0,0,0},7},
                        {{65152,0,0,0,0,0,0,0},10},
                        {{65280,0,0,0,0,0,0,0},8}]},
 {turn_whitelist_clients,[{{127,0,0,1},32}]},
 {turn_whitelist_peers,[{{127,0,0,1},32},
                        {{203,0,113,113},32},
                        {{8193,3512,0,0,0,0,0,0},64}]}] (eturnal:start_listeners/0:420)
2025-11-01 23:23:58.719544+00:00 [info] Listening on 127.0.0.1:34781 (auto) (STUN only) (eturnal:start_listeners/0:427)
2025-11-01 23:23:58.719676+00:00 [debug] Started 3 modules (eturnal:init/1:105)
2025-11-01 23:23:58.719756+00:00 [debug] Started 4 listeners (eturnal:init/1:106)
2025-11-01 23:23:58.719852+00:00 [debug] PROGRESS REPORT:
    supervisor: {local,eturnal_sup}
    started: [{pid,<0.1025.0>},
              {id,eturnal},
              {mfargs,{eturnal,start_link,[]}},
              {restart_type,permanent},
              {significant,false},
              {shutdown,5000},
              {child_type,worker}]
 (supervisor:report_progress/3:2240)
2025-11-01 23:23:58.719974+00:00 [debug] No NOTIFY_SOCKET, dropping READY=1 notification (eturnal_systemd:handle_cast/2:99)
2025-11-01 23:23:58.720026+00:00 [debug] PROGRESS REPORT:
    application: eturnal
    started_at: nonode@nohost
 (application_controller:info_started/2:2117)
2025-11-01 23:23:58.747409+00:00 [debug] Handling API call: get_status() (eturnal_ctl:get_status/0:129)
2025-11-01 23:23:58.747507+00:00 [debug] eturnal call (get_status) returned ok (eturnal_ctl:call/1:444)
2025-11-01 23:23:58.770533+00:00 [debug] Handling API call: get_info() (eturnal_ctl:get_info/0:139)
2025-11-01 23:23:58.771098+00:00 [debug] eturnal call (get_info) returned {ok,
                                  {eturnal_node_info,<<"1.12.2">>,
                                   {"28","16.1"},
                                   3295,0,179,100120214,2,57069728}} (eturnal_ctl:call/1:447)
2025-11-01 23:23:58.794234+00:00 [debug] Handling API call: get_sessions() (eturnal_ctl:get_sessions/0:100)
2025-11-01 23:23:58.817436+00:00 [debug] Handling API call: get_sessions("alice") (eturnal_ctl:get_sessions/1:110)
2025-11-01 23:23:58.817675+00:00 [debug] Handling API call: get_sessions("1256900400:alice") (eturnal_ctl:get_sessions/1:110)
2025-11-01 23:23:58.817886+00:00 [debug] Handling API call: get_sessions(alice) (eturnal_ctl:get_sessions/1:110)
2025-11-01 23:23:58.817985+00:00 [debug] Cannot convert user name to binary: alice (eturnal_ctl:get_sessions/1:123)
2025-11-01 23:23:58.841293+00:00 [debug] Handling API call: disconnect("alice") (eturnal_ctl:disconnect/1:188)
2025-11-01 23:23:58.841527+00:00 [debug] Handling API call: disconnect(alice) (eturnal_ctl:disconnect/1:188)
2025-11-01 23:23:58.841648+00:00 [debug] Cannot convert user name to binary: alice (eturnal_ctl:disconnect/1:198)
2025-11-01 23:23:58.864503+00:00 [debug] Handling API call: get_credentials("2009-10-30 11:00:00Z", []) (eturnal_ctl:get_credentials/2:60)
2025-11-01 23:23:58.864723+00:00 [debug] eturnal call ({get_password,<<"1256900400">>}) returned {ok,
                                                         <<"uEKlpcME7MNMMVRV8rUFPCTIFEs=">>} (eturnal_ctl:call/1:447)
2025-11-01 23:23:58.867869+00:00 [debug] Handling API call: get_credentials("86400", "alice") (eturnal_ctl:get_credentials/2:60)
2025-11-01 23:23:58.868032+00:00 [debug] eturnal call ({get_password,<<"1762125838:alice">>}) returned {ok,
                                                               <<"BNh87gbBb59HqDNBQ4jcHE2XsWY=">>} (eturnal_ctl:call/1:447)
2025-11-01 23:23:58.868161+00:00 [debug] Handling API call: get_password("1762125838:alice") (eturnal_ctl:get_password/1:79)
2025-11-01 23:23:58.868267+00:00 [debug] eturnal call ({get_password,<<"1762125838:alice">>}) returned {ok,
                                                               <<"BNh87gbBb59HqDNBQ4jcHE2XsWY=">>} (eturnal_ctl:call/1:447)
2025-11-01 23:23:58.868410+00:00 [debug] Handling API call: get_credentials("86400s", "alice") (eturnal_ctl:get_credentials/2:60)
2025-11-01 23:23:58.868544+00:00 [debug] eturnal call ({get_password,<<"1762125838:alice">>}) returned {ok,
                                                               <<"BNh87gbBb59HqDNBQ4jcHE2XsWY=">>} (eturnal_ctl:call/1:447)
2025-11-01 23:23:58.868680+00:00 [debug] Handling API call: get_password("1762125838:alice") (eturnal_ctl:get_password/1:79)
2025-11-01 23:23:58.868774+00:00 [debug] eturnal call ({get_password,<<"1762125838:alice">>}) returned {ok,
                                                               <<"BNh87gbBb59HqDNBQ4jcHE2XsWY=">>} (eturnal_ctl:call/1:447)
2025-11-01 23:23:58.868910+00:00 [debug] Handling API call: get_credentials("1440m", "alice") (eturnal_ctl:get_credentials/2:60)
2025-11-01 23:23:58.869005+00:00 [debug] eturnal call ({get_password,<<"1762125838:alice">>}) returned {ok,
                                                               <<"BNh87gbBb59HqDNBQ4jcHE2XsWY=">>} (eturnal_ctl:call/1:447)
2025-11-01 23:23:58.869099+00:00 [debug] Handling API call: get_password("1762125838:alice") (eturnal_ctl:get_password/1:79)
2025-11-01 23:23:58.869200+00:00 [debug] eturnal call ({get_password,<<"1762125838:alice">>}) returned {ok,
                                                               <<"BNh87gbBb59HqDNBQ4jcHE2XsWY=">>} (eturnal_ctl:call/1:447)
2025-11-01 23:23:58.869380+00:00 [debug] Handling API call: get_credentials("24h", "alice") (eturnal_ctl:get_credentials/2:60)
2025-11-01 23:23:58.869496+00:00 [debug] eturnal call ({get_password,<<"1762125838:alice">>}) returned {ok,
                                                               <<"BNh87gbBb59HqDNBQ4jcHE2XsWY=">>} (eturnal_ctl:call/1:447)
2025-11-01 23:23:58.869609+00:00 [debug] Handling API call: get_password("1762125838:alice") (eturnal_ctl:get_password/1:79)
2025-11-01 23:23:58.869733+00:00 [debug] eturnal call ({get_password,<<"1762125838:alice">>}) returned {ok,
                                                               <<"BNh87gbBb59HqDNBQ4jcHE2XsWY=">>} (eturnal_ctl:call/1:447)
2025-11-01 23:23:58.869900+00:00 [debug] Handling API call: get_credentials("1d", "alice") (eturnal_ctl:get_credentials/2:60)
2025-11-01 23:23:58.870015+00:00 [debug] eturnal call ({get_password,<<"1762125838:alice">>}) returned {ok,
                                                               <<"BNh87gbBb59HqDNBQ4jcHE2XsWY=">>} (eturnal_ctl:call/1:447)
2025-11-01 23:23:58.870123+00:00 [debug] Handling API call: get_password("1762125838:alice") (eturnal_ctl:get_password/1:79)
2025-11-01 23:23:58.870229+00:00 [debug] eturnal call ({get_password,<<"1762125838:alice">>}) returned {ok,
                                                               <<"BNh87gbBb59HqDNBQ4jcHE2XsWY=">>} (eturnal_ctl:call/1:447)
2025-11-01 23:23:58.870365+00:00 [debug] Handling API call: get_password("Invalid") (eturnal_ctl:get_password/1:79)
2025-11-01 23:23:58.870454+00:00 [debug] eturnal call ({get_password,<<"Invalid">>}) returned {error,no_credentials} (eturnal_ctl:call/1:450)
2025-11-01 23:23:58.870547+00:00 [debug] Handling API call: get_credentials("Invalid", []) (eturnal_ctl:get_credentials/2:60)
2025-11-01 23:23:58.870643+00:00 [debug] Invalid argument(s): "Invalid":[] (eturnal_ctl:get_credentials/2:73)
2025-11-01 23:23:58.870721+00:00 [debug] Handling API call: get_password(invalid) (eturnal_ctl:get_password/1:79)
2025-11-01 23:23:58.870788+00:00 [debug] Cannot convert user name to binary: invalid (eturnal_ctl:get_password/1:94)
2025-11-01 23:23:58.870858+00:00 [debug] Handling API call: get_credentials(invalid, []) (eturnal_ctl:get_credentials/2:60)
2025-11-01 23:23:58.870930+00:00 [debug] Invalid argument(s): invalid:[] (eturnal_ctl:get_credentials/2:73)
2025-11-01 23:23:58.870992+00:00 [debug] Handling API call: get_password([invalid]) (eturnal_ctl:get_password/1:79)
2025-11-01 23:23:58.871055+00:00 [debug] Cannot convert user name to binary: [invalid] (eturnal_ctl:get_password/1:94)
2025-11-01 23:23:58.871135+00:00 [debug] Handling API call: get_credentials([invalid], []) (eturnal_ctl:get_credentials/2:60)
2025-11-01 23:23:58.871214+00:00 [debug] Invalid argument(s): [invalid]:[] (eturnal_ctl:get_credentials/2:73)
2025-11-01 23:23:58.871328+00:00 [debug] Handling API call: get_credentials(1256900400, invalid) (eturnal_ctl:get_credentials/2:60)
2025-11-01 23:23:58.871403+00:00 [debug] Invalid argument(s): 1256900400:invalid (eturnal_ctl:get_credentials/2:73)
2025-11-01 23:23:58.871514+00:00 [debug] Handling API call: get_password("alice") (eturnal_ctl:get_password/1:79)
2025-11-01 23:23:58.871600+00:00 [debug] eturnal call ({get_password,<<"alice">>}) returned {ok,<<"l0vesBob">>} (eturnal_ctl:call/1:447)
2025-11-01 23:23:58.895167+00:00 [debug] Handling API call: set_loglevel(debug) (eturnal_ctl:set_loglevel/1:169)
2025-11-01 23:23:58.895343+00:00 [debug] eturnal call ({set_loglevel,debug}) returned ok (eturnal_ctl:call/1:444)
2025-11-01 23:23:58.895480+00:00 [debug] Handling API call: get_loglevel() (eturnal_ctl:get_loglevel/0:159)
2025-11-01 23:23:58.895571+00:00 [debug] eturnal call (get_loglevel) returned {ok,debug} (eturnal_ctl:call/1:447)
2025-11-01 23:23:58.895740+00:00 [debug] Handling API call: set_loglevel(invalid) (eturnal_ctl:set_loglevel/1:169)
2025-11-01 23:23:58.895832+00:00 [debug] Invalid log level: invalid (eturnal_ctl:set_loglevel/1:179)
2025-11-01 23:23:58.895945+00:00 [debug] Handling API call: get_loglevel() (eturnal_ctl:get_loglevel/0:159)
2025-11-01 23:23:58.896037+00:00 [debug] eturnal call (get_loglevel) returned {ok,debug} (eturnal_ctl:call/1:447)
2025-11-01 23:23:58.919499+00:00 [debug] Handling API call: get_version() (eturnal_ctl:get_version/0:149)
2025-11-01 23:23:58.919651+00:00 [debug] eturnal call (get_version) returned {ok,<<"1.12.2">>} (eturnal_ctl:call/1:447)
2025-11-01 23:23:58.942306+00:00 [debug] Handling API call: reload() (eturnal_ctl:reload/0:204)
2025-11-01 23:23:58.949850+00:00 [debug] Calling mod_log_stun:options/0 (eturnal_module:options/1:192)
2025-11-01 23:23:58.949997+00:00 [debug] Calling mod_stats_influx:options/0 (eturnal_module:options/1:192)
2025-11-01 23:23:58.950084+00:00 [debug] Calling mod_stats_prometheus:options/0 (eturnal_module:options/1:192)
2025-11-01 23:23:58.950604+00:00 [info] Reloading configuration (eturnal:reload/1:628)
2025-11-01 23:23:58.950727+00:00 [warning] TLS enabled without 'tls_crt_file', creating self-signed certificate (eturnal:check_pem_file/0:807)
2025-11-01 23:23:59.512788+00:00 [info] Using new TLS certificate (eturnal:reload/1:632)
2025-11-01 23:23:59.513072+00:00 [debug] Calling mod_log_stun:stop/1 (eturnal_module:stop/1:163)
2025-11-01 23:23:59.513174+00:00 [debug] Stopping mod_log_stun (mod_log_stun:stop/0:49)
2025-11-01 23:23:59.513250+00:00 [info] Stopped mod_log_stun (eturnal:stop_modules/1:398)
2025-11-01 23:23:59.513903+00:00 [debug] Calling mod_stats_influx:stop/1 (eturnal_module:stop/1:163)
2025-11-01 23:23:59.514074+00:00 [debug] Stopping mod_stats_influx (mod_stats_influx:stop/0:61)
2025-11-01 23:23:59.514268+00:00 [info] Stopped mod_stats_influx (eturnal:stop_modules/1:398)
2025-11-01 23:23:59.516273+00:00 [debug] Calling mod_stats_prometheus:stop/1 (eturnal_module:stop/1:163)
2025-11-01 23:23:59.516397+00:00 [debug] Stopping mod_stats_prometheus (mod_stats_prometheus:stop/0:110)
2025-11-01 23:23:59.516772+00:00 [info] Stopped mod_stats_prometheus (eturnal:stop_modules/1:398)
2025-11-01 23:23:59.516891+00:00 [debug] Calling mod_log_stun:start/0 (eturnal_module:start/1:143)
2025-11-01 23:23:59.516990+00:00 [debug] Starting mod_log_stun (mod_log_stun:start/0:38)
2025-11-01 23:23:59.517830+00:00 [info] Started mod_log_stun (eturnal:start_modules/0:385)
2025-11-01 23:23:59.517946+00:00 [debug] Calling mod_stats_influx:start/0 (eturnal_module:start/1:143)
2025-11-01 23:23:59.518022+00:00 [debug] Starting mod_stats_influx (mod_stats_influx:start/0:37)
2025-11-01 23:23:59.518338+00:00 [debug] Dependency influx_udp was available already (eturnal_module:ensure_dep/2:284)
2025-11-01 23:23:59.518997+00:00 [info]     options: #{port => 8089,host => "localhost",pool_size => 1,
               max_overflow => 1}
    msg: Start clients pool
    host: {127,0,0,1} (influx_udp:start_pool_/2:239)
2025-11-01 23:23:59.519921+00:00 [info] Started mod_stats_influx (eturnal:start_modules/0:385)
2025-11-01 23:23:59.520016+00:00 [debug] Calling mod_stats_prometheus:start/0 (eturnal_module:start/1:143)
2025-11-01 23:23:59.520175+00:00 [debug] Starting mod_stats_prometheus (mod_stats_prometheus:start/0:56)
2025-11-01 23:23:59.520351+00:00 [debug] Dependency prometheus_httpd was available already (eturnal_module:ensure_dep/2:284)
2025-11-01 23:23:59.520949+00:00 [debug] PROGRESS REPORT:
    supervisor: {local,httpd_instance_sup__127_0_0_1__9081default}
    started: [{pid,<0.1198.0>},
              {id,{httpd_connection_sup,{127,0,0,1},9081,default}},
              {mfargs,{httpd_connection_sup,start_link,[[{127,0,0,1},9081]]}},
              {restart_type,permanent},
              {significant,false},
              {shutdown,5000},
              {child_type,supervisor}]
 (supervisor:report_progress/3:2240)
2025-11-01 23:23:59.521094+00:00 [debug] PROGRESS REPORT:
    supervisor: {local,httpd_instance_sup__127_0_0_1__9081default}
    started: [{pid,<0.1200.0>},
              {id,{httpd_misc_sup,{127,0,0,1},9081,default}},
              {mfargs,{httpd_misc_sup,start_link,[{127,0,0,1},9081,default]}},
              {restart_type,permanent},
              {significant,false},
              {shutdown,infinity},
              {child_type,supervisor}]
 (supervisor:report_progress/3:2240)
2025-11-01 23:23:59.521326+00:00 [debug] PROGRESS REPORT:
    supervisor: {local,httpd_instance_sup__127_0_0_1__9081default}
    started: [{pid,<0.1201.0>},
              {id,{httpd_manager,{127,0,0,1},9081,default}},
              {mfargs,
                  {httpd_manager,start_link,
                      [undefined,
                       [{bind_address,{127,0,0,1}},
                        {socket_type,ip_comm},
                        {port,9081},
                        {server_root,"run/mod_stats_prometheus/doc"},
                        {document_root,"run/mod_stats_prometheus/doc"},
                        {server_name,"Prometheus Exporter"},
                        {modules,[prometheus_httpd]}],
                       15000]}},
              {restart_type,permanent},
              {significant,false},
              {shutdown,4000},
              {child_type,worker}]
 (supervisor:report_progress/3:2240)
2025-11-01 23:23:59.521588+00:00 [debug] PROGRESS REPORT:
    supervisor: {local,httpd_acceptor_sup__127_0_0_1__9081default}
    started: [{pid,<0.1203.0>},
              {id,{httpd_acceptor_sup,{127,0,0,1},9081,default}},
              {mfargs,{httpd_acceptor,start_link,
                                      [httpd__127_0_0_1__9081default,ip_comm,
                                       {127,0,0,1},
                                       9081,inet,
                                       httpd_conf__127_0_0_1__9081default,
                                       15000]}},
              {restart_type,transient},
              {significant,false},
              {shutdown,brutal_kill},
              {child_type,worker}]
 (supervisor:report_progress/3:2240)
2025-11-01 23:23:59.521718+00:00 [debug] PROGRESS REPORT:
    supervisor: {local,httpd_instance_sup__127_0_0_1__9081default}
    started: [{pid,<0.1202.0>},
              {id,{httpd_acceptor_sup,{127,0,0,1},9081,default}},
              {mfargs,
                  {httpd_acceptor_sup,start_link,
                      [[{127,0,0,1},
                        9081,
                        [{bind_address,{127,0,0,1}},
                         {socket_type,ip_comm},
                         {port,9081},
                         {server_root,"run/mod_stats_prometheus/doc"},
                         {document_root,"run/mod_stats_prometheus/doc"},
                         {server_name,"Prometheus Exporter"},
                         {modules,[prometheus_httpd]}],
                        15000,undefined]]}},
              {restart_type,permanent},
              {significant,false},
              {shutdown,infinity},
              {child_type,supervisor}]
 (supervisor:report_progress/3:2240)
2025-11-01 23:23:59.521805+00:00 [debug] PROGRESS REPORT:
    supervisor: {local,httpd_sup}
    started: [{pid,<0.1196.0>},
              {id,{httpd_instance_sup,{127,0,0,1},9081,default}},
              {mfargs,
                  {httpd_instance_sup,start_link,
                      [[{bind_address,{127,0,0,1}},
                        {socket_type,ip_comm},
                        {port,9081},
                        {server_root,"run/mod_stats_prometheus/doc"},
                        {document_root,"run/mod_stats_prometheus/doc"},
                        {server_name,"Prometheus Exporter"},
                        {modules,[prometheus_httpd]}],
                       15000,[]]}},
              {restart_type,permanent},
              {significant,false},
              {shutdown,infinity},
              {child_type,supervisor}]
 (supervisor:report_progress/3:2250)
2025-11-01 23:23:59.522610+00:00 [info] Started mod_stats_prometheus (eturnal:start_modules/0:385)
2025-11-01 23:23:59.522726+00:00 [debug] Restarted modules (eturnal:reload/1:640)
2025-11-01 23:23:59.522794+00:00 [debug] eturnal call (reload) returned ok (eturnal_ctl:call/1:444)
2025-11-01 23:23:59.523013+00:00 [debug] Handling API call: reload() (eturnal_ctl:reload/0:204)
2025-11-01 23:23:59.530519+00:00 [debug] Calling mod_log_stun:options/0 (eturnal_module:options/1:192)
2025-11-01 23:23:59.530681+00:00 [debug] Calling mod_stats_influx:options/0 (eturnal_module:options/1:192)
2025-11-01 23:23:59.530770+00:00 [debug] Calling mod_stats_prometheus:options/0 (eturnal_module:options/1:192)
2025-11-01 23:23:59.531396+00:00 [info] Reloading configuration (eturnal:reload/1:628)
2025-11-01 23:23:59.531718+00:00 [debug] Keeping PEM file (run/cert.pem) (eturnal:check_pem_file/0:804)
2025-11-01 23:23:59.531852+00:00 [debug] TLS certificate unchanged (eturnal:reload/1:634)
2025-11-01 23:23:59.532483+00:00 [debug] Calling mod_log_stun:stop/1 (eturnal_module:stop/1:163)
2025-11-01 23:23:59.532593+00:00 [debug] Stopping mod_log_stun (mod_log_stun:stop/0:49)
2025-11-01 23:23:59.532680+00:00 [info] Stopped mod_log_stun (eturnal:stop_modules/1:398)
2025-11-01 23:23:59.533394+00:00 [debug] Calling mod_stats_influx:stop/1 (eturnal_module:stop/1:163)
2025-11-01 23:23:59.533513+00:00 [debug] Stopping mod_stats_influx (mod_stats_influx:stop/0:61)
2025-11-01 23:23:59.533635+00:00 [info] Stopped mod_stats_influx (eturnal:stop_modules/1:398)
2025-11-01 23:23:59.535202+00:00 [debug] Calling mod_stats_prometheus:stop/1 (eturnal_module:stop/1:163)
2025-11-01 23:23:59.535307+00:00 [debug] Stopping mod_stats_prometheus (mod_stats_prometheus:stop/0:110)
2025-11-01 23:23:59.535521+00:00 [info] Stopped mod_stats_prometheus (eturnal:stop_modules/1:398)
2025-11-01 23:23:59.535603+00:00 [debug] Calling mod_log_stun:start/0 (eturnal_module:start/1:143)
2025-11-01 23:23:59.535715+00:00 [debug] Starting mod_log_stun (mod_log_stun:start/0:38)
2025-11-01 23:23:59.536463+00:00 [info] Started mod_log_stun (eturnal:start_modules/0:385)
2025-11-01 23:23:59.536546+00:00 [debug] Calling mod_stats_influx:start/0 (eturnal_module:start/1:143)
2025-11-01 23:23:59.536612+00:00 [debug] Starting mod_stats_influx (mod_stats_influx:start/0:37)
2025-11-01 23:23:59.536708+00:00 [debug] Dependency influx_udp was available already (eturnal_module:ensure_dep/2:284)
2025-11-01 23:23:59.537209+00:00 [info]     options: #{port => 8089,host => "localhost",pool_size => 1,
               max_overflow => 1}
    msg: Start clients pool
    host: {127,0,0,1} (influx_udp:start_pool_/2:239)
2025-11-01 23:23:59.538355+00:00 [info] Started mod_stats_influx (eturnal:start_modules/0:385)
2025-11-01 23:23:59.538445+00:00 [debug] Calling mod_stats_prometheus:start/0 (eturnal_module:start/1:143)
2025-11-01 23:23:59.538565+00:00 [debug] Starting mod_stats_prometheus (mod_stats_prometheus:start/0:56)
2025-11-01 23:23:59.538773+00:00 [debug] Dependency prometheus_httpd was available already (eturnal_module:ensure_dep/2:284)
2025-11-01 23:23:59.539265+00:00 [debug] PROGRESS REPORT:
    supervisor: {local,httpd_instance_sup__127_0_0_1__9081default}
    started: [{pid,<0.1235.0>},
              {id,{httpd_connection_sup,{127,0,0,1},9081,default}},
              {mfargs,{httpd_connection_sup,start_link,[[{127,0,0,1},9081]]}},
              {restart_type,permanent},
              {significant,false},
              {shutdown,5000},
              {child_type,supervisor}]
 (supervisor:report_progress/3:2240)
2025-11-01 23:23:59.539417+00:00 [debug] PROGRESS REPORT:
    supervisor: {local,httpd_instance_sup__127_0_0_1__9081default}
    started: [{pid,<0.1236.0>},
              {id,{httpd_misc_sup,{127,0,0,1},9081,default}},
              {mfargs,{httpd_misc_sup,start_link,[{127,0,0,1},9081,default]}},
              {restart_type,permanent},
              {significant,false},
              {shutdown,infinity},
              {child_type,supervisor}]
 (supervisor:report_progress/3:2240)
2025-11-01 23:23:59.539706+00:00 [debug] PROGRESS REPORT:
    supervisor: {local,httpd_instance_sup__127_0_0_1__9081default}
    started: [{pid,<0.1237.0>},
              {id,{httpd_manager,{127,0,0,1},9081,default}},
              {mfargs,
                  {httpd_manager,start_link,
                      [undefined,
                       [{bind_address,{127,0,0,1}},
                        {socket_type,ip_comm},
                        {port,9081},
                        {server_root,"run/mod_stats_prometheus/doc"},
                        {document_root,"run/mod_stats_prometheus/doc"},
                        {server_name,"Prometheus Exporter"},
                        {modules,[prometheus_httpd]}],
                       15000]}},
              {restart_type,permanent},
              {significant,false},
              {shutdown,4000},
              {child_type,worker}]
 (supervisor:report_progress/3:2240)
2025-11-01 23:23:59.540038+00:00 [debug] PROGRESS REPORT:
    supervisor: {local,httpd_acceptor_sup__127_0_0_1__9081default}
    started: [{pid,<0.1239.0>},
              {id,{httpd_acceptor_sup,{127,0,0,1},9081,default}},
              {mfargs,{httpd_acceptor,start_link,
                                      [httpd__127_0_0_1__9081default,ip_comm,
                                       {127,0,0,1},
                                       9081,inet,
                                       httpd_conf__127_0_0_1__9081default,
                                       15000]}},
              {restart_type,transient},
              {significant,false},
              {shutdown,brutal_kill},
              {child_type,worker}]
 (supervisor:report_progress/3:2240)
2025-11-01 23:23:59.540189+00:00 [debug] PROGRESS REPORT:
    supervisor: {local,httpd_instance_sup__127_0_0_1__9081default}
    started: [{pid,<0.1238.0>},
              {id,{httpd_acceptor_sup,{127,0,0,1},9081,default}},
              {mfargs,
                  {httpd_acceptor_sup,start_link,
                      [[{127,0,0,1},
                        9081,
                        [{bind_address,{127,0,0,1}},
                         {socket_type,ip_comm},
                         {port,9081},
                         {server_root,"run/mod_stats_prometheus/doc"},
                         {document_root,"run/mod_stats_prometheus/doc"},
                         {server_name,"Prometheus Exporter"},
                         {modules,[prometheus_httpd]}],
                        15000,undefined]]}},
              {restart_type,permanent},
              {significant,false},
              {shutdown,infinity},
              {child_type,supervisor}]
 (supervisor:report_progress/3:2240)
2025-11-01 23:23:59.540324+00:00 [debug] PROGRESS REPORT:
    supervisor: {local,httpd_sup}
    started: [{pid,<0.1234.0>},
              {id,{httpd_instance_sup,{127,0,0,1},9081,default}},
              {mfargs,
                  {httpd_instance_sup,start_link,
                      [[{bind_address,{127,0,0,1}},
                        {socket_type,ip_comm},
                        {port,9081},
                        {server_root,"run/mod_stats_prometheus/doc"},
                        {document_root,"run/mod_stats_prometheus/doc"},
                        {server_name,"Prometheus Exporter"},
                        {modules,[prometheus_httpd]}],
                       15000,[]]}},
              {restart_type,permanent},
              {significant,false},
              {shutdown,infinity},
              {child_type,supervisor}]
 (supervisor:report_progress/3:2250)
2025-11-01 23:23:59.541419+00:00 [info] Started mod_stats_prometheus (eturnal:start_modules/0:385)
2025-11-01 23:23:59.541514+00:00 [debug] Restarted modules (eturnal:reload/1:640)
2025-11-01 23:23:59.541594+00:00 [debug] eturnal call (reload) returned ok (eturnal_ctl:call/1:444)
2025-11-01 23:23:59.564571+00:00 [info] Accepting connection: 127.0.0.1:52576 -> 127.0.0.1:34780 [TCP, session 8h7dzbiblold] (stun_acceptor:accept/3:158)
2025-11-01 23:23:59.587409+00:00 [info] Accepting connection: 127.0.0.1:35760 -> 127.0.0.1:53490 [TLS, session 3eaj03ch5hld] (stun_acceptor:accept/3:158)
2025-11-01 23:23:59.615538+00:00 [debug] Received:
#stun{class = request,method = 3,magic = 554869826,
      trid = 9577660643267578650929193635,raw = <<>>,unsupported = [],
      'ALTERNATE-SERVER' = undefined,'CHANNEL-NUMBER' = undefined,
      'DATA' = undefined,'DONT-FRAGMENT' = false,'ERROR-CODE' = undefined,
      'LIFETIME' = undefined,'MAPPED-ADDRESS' = undefined,
      'MESSAGE-INTEGRITY' = undefined,'NONCE' = undefined,'REALM' = undefined,
      'REQUESTED-ADDRESS-FAMILY' = undefined,
      'REQUESTED-TRANSPORT' = undefined,'SOFTWARE' = undefined,
      'UNKNOWN-ATTRIBUTES' = [],'USERNAME' = undefined,
      'XOR-MAPPED-ADDRESS' = undefined,'XOR-PEER-ADDRESS' = [],
      'XOR-RELAYED-ADDRESS' = undefined} (stun:udp_recv/5:146)
2025-11-01 23:23:59.615685+00:00 [debug] Sending:
#stun{class = error,method = 3,magic = 554869826,
      trid = 9577660643267578650929193635,raw = <<>>,unsupported = [],
      'ALTERNATE-SERVER' = undefined,'CHANNEL-NUMBER' = undefined,
      'DATA' = undefined,'DONT-FRAGMENT' = false,
      'ERROR-CODE' = {401,<<"Unauthorized">>},
      'LIFETIME' = undefined,'MAPPED-ADDRESS' = undefined,
      'MESSAGE-INTEGRITY' = undefined,'NONCE' = <<"1190682864">>,
      'REALM' = <<"eturnal.net">>,'REQUESTED-ADDRESS-FAMILY' = undefined,
      'REQUESTED-TRANSPORT' = undefined,'SOFTWARE' = <<"eturnal">>,
      'UNKNOWN-ATTRIBUTES' = [],'USERNAME' = undefined,
      'XOR-MAPPED-ADDRESS' = undefined,'XOR-PEER-ADDRESS' = [],
      'XOR-RELAYED-ADDRESS' = undefined} (stun:send/3:498)
2025-11-01 23:23:59.615979+00:00 [debug] Received:
#stun{class = request,method = 3,magic = 554869826,
      trid = 53269332496984850046258987678,
      raw = <<0,3,0,76,33,18,164,66,172,31,91,237,1,18,30,229,106,139,66,158,0,
              25,0,4,17,0,0,0,0,6,0,5,97,108,105,99,101,0,0,0,0,20,0,11,101,
              116,117,114,110,97,108,46,110,101,116,0,0,21,0,10,49,49,57,48,54,
              56,50,56,54,52,0,0>>,
      unsupported = [],'ALTERNATE-SERVER' = undefined,
      'CHANNEL-NUMBER' = undefined,'DATA' = undefined,'DONT-FRAGMENT' = false,
      'ERROR-CODE' = undefined,'LIFETIME' = undefined,
      'MAPPED-ADDRESS' = undefined,
      'MESSAGE-INTEGRITY' = <<181,134,180,92,137,95,226,13,16,188,19,240,211,
                              39,68,150,131,26,99,227>>,
      'NONCE' = <<"1190682864">>,'REALM' = <<"eturnal.net">>,
      'REQUESTED-ADDRESS-FAMILY' = undefined,'REQUESTED-TRANSPORT' = udp,
      'SOFTWARE' = undefined,'UNKNOWN-ATTRIBUTES' = [],
      'USERNAME' = <<"alice">>,'XOR-MAPPED-ADDRESS' = undefined,
      'XOR-PEER-ADDRESS' = [],'XOR-RELAYED-ADDRESS' = undefined} (stun:udp_recv/5:146)
2025-11-01 23:23:59.616092+00:00 [debug] Looking up password for: alice [UDP, session f532krx4uif7, user alice, client 127.0.0.1:40287] (eturnal:get_password/2:259)
2025-11-01 23:23:59.616176+00:00 [info] Accepting long-term STUN/TURN authentication [UDP, session f532krx4uif7, user alice, client 127.0.0.1:40287] (stun:process/2:287)
2025-11-01 23:23:59.618466+00:00 [debug] Running 'turn_session_start' hook [UDP, session f532krx4uif7, user alice, client 127.0.0.1:40287] (turn:run_hook/3:753)
2025-11-01 23:23:59.618545+00:00 [debug] Got 'turn_session_start' event [UDP, session f532krx4uif7, user alice, client 127.0.0.1:40287] (eturnal_module:handle_event/2:177)
2025-11-01 23:23:59.618608+00:00 [debug] Calling mod_stats_prometheus:handle_event/2 [UDP, session f532krx4uif7, user alice, client 127.0.0.1:40287] (eturnal_module:handle_event/2:180)
2025-11-01 23:23:59.618683+00:00 [debug] Observing started TURN session f532krx4uif7 for Prometheus [UDP, session f532krx4uif7, user alice, client 127.0.0.1:40287] (mod_stats_prometheus:on_turn_session_start/1:174)
2025-11-01 23:23:59.618901+00:00 [notice] Creating TURN allocation (lifetime: 600 seconds) [UDP, session f532krx4uif7, user alice, client 127.0.0.1:40287, relay 127.0.0.1:64288] (turn:wait_for_allocate/2:226)
2025-11-01 23:23:59.619024+00:00 [debug] Sending:
#stun{class = response,method = 3,magic = 554869826,
      trid = 53269332496984850046258987678,raw = <<>>,unsupported = [],
      'ALTERNATE-SERVER' = undefined,'CHANNEL-NUMBER' = undefined,
      'DATA' = undefined,'DONT-FRAGMENT' = false,'ERROR-CODE' = undefined,
      'LIFETIME' = 600,'MAPPED-ADDRESS' = undefined,
      'MESSAGE-INTEGRITY' = undefined,'NONCE' = undefined,'REALM' = undefined,
      'REQUESTED-ADDRESS-FAMILY' = undefined,
      'REQUESTED-TRANSPORT' = undefined,'SOFTWARE' = <<"eturnal">>,
      'UNKNOWN-ATTRIBUTES' = [],'USERNAME' = undefined,
      'XOR-MAPPED-ADDRESS' = {{127,0,0,1},40287},
      'XOR-PEER-ADDRESS' = [],
      'XOR-RELAYED-ADDRESS' = {{127,0,0,1},64288}} (turn:send/2:549)
2025-11-01 23:23:59.619301+00:00 [debug] Received:
#stun{class = request,method = 4,magic = 554869826,
      trid = 74879031728685715870373167137,
      raw = <<0,4,0,76,33,18,164,66,241,242,123,187,177,78,118,84,79,48,192,33,
              0,6,0,5,97,108,105,99,101,0,0,0,0,20,0,11,101,116,117,114,110,97,
              108,46,110,101,116,0,0,21,0,10,49,49,57,48,54,56,50,56,54,52,0,0,
              0,13,0,4,0,0,0,0>>,
      unsupported = [],'ALTERNATE-SERVER' = undefined,
      'CHANNEL-NUMBER' = undefined,'DATA' = undefined,'DONT-FRAGMENT' = false,
      'ERROR-CODE' = undefined,'LIFETIME' = 0,'MAPPED-ADDRESS' = undefined,
      'MESSAGE-INTEGRITY' = <<154,201,71,10,104,98,121,254,123,58,191,135,102,
                              5,28,78,82,0,25,249>>,
      'NONCE' = <<"1190682864">>,'REALM' = <<"eturnal.net">>,
      'REQUESTED-ADDRESS-FAMILY' = undefined,
      'REQUESTED-TRANSPORT' = undefined,'SOFTWARE' = undefined,
      'UNKNOWN-ATTRIBUTES' = [],'USERNAME' = <<"alice">>,
      'XOR-MAPPED-ADDRESS' = undefined,'XOR-PEER-ADDRESS' = [],
      'XOR-RELAYED-ADDRESS' = undefined} (stun:udp_recv/5:146)
2025-11-01 23:23:59.619399+00:00 [debug] Looking up password for: alice [UDP, session 9o0ilz6r6zxp, user alice, client 127.0.0.1:40287] (eturnal:get_password/2:259)
2025-11-01 23:23:59.619473+00:00 [info] Accepting long-term STUN/TURN authentication [UDP, session 9o0ilz6r6zxp, user alice, client 127.0.0.1:40287] (stun:process/2:287)
2025-11-01 23:23:59.619519+00:00 [info] Client requested closing the TURN session [UDP, session f532krx4uif7, user alice, client 127.0.0.1:40287, relay 127.0.0.1:64288] (turn:active/2:285)
2025-11-01 23:23:59.619597+00:00 [debug] Sending:
#stun{class = response,method = 4,magic = 554869826,
      trid = 74879031728685715870373167137,raw = <<>>,unsupported = [],
      'ALTERNATE-SERVER' = undefined,'CHANNEL-NUMBER' = undefined,
      'DATA' = undefined,'DONT-FRAGMENT' = false,'ERROR-CODE' = undefined,
      'LIFETIME' = 0,'MAPPED-ADDRESS' = undefined,
      'MESSAGE-INTEGRITY' = undefined,'NONCE' = undefined,'REALM' = undefined,
      'REQUESTED-ADDRESS-FAMILY' = undefined,
      'REQUESTED-TRANSPORT' = undefined,'SOFTWARE' = <<"eturnal">>,
      'UNKNOWN-ATTRIBUTES' = [],'USERNAME' = undefined,
      'XOR-MAPPED-ADDRESS' = undefined,'XOR-PEER-ADDRESS' = [],
      'XOR-RELAYED-ADDRESS' = undefined} (turn:send/2:549)
2025-11-01 23:23:59.619713+00:00 [info] Deleting TURN allocation [UDP, session f532krx4uif7, user alice, client 127.0.0.1:40287, relay 127.0.0.1:64288] (turn:terminate/3:482)
2025-11-01 23:23:59.619748+00:00 [notice] Relayed 0 KiB (in 0 B / 0 packets, out 0 B / 0 packets), duration: 0 seconds [UDP, session f532krx4uif7, user alice, client 127.0.0.1:40287, relay 127.0.0.1:64288] (turn:terminate/3:489)
2025-11-01 23:23:59.619782+00:00 [debug] Running 'turn_session_stop' hook [UDP, session f532krx4uif7, user alice, client 127.0.0.1:40287, relay 127.0.0.1:64288] (turn:run_hook/3:753)
2025-11-01 23:23:59.619835+00:00 [debug] Got 'turn_session_stop' event [UDP, session f532krx4uif7, user alice, client 127.0.0.1:40287, relay 127.0.0.1:64288] (eturnal_module:handle_event/2:177)
2025-11-01 23:23:59.619884+00:00 [debug] Calling mod_stats_influx:handle_event/2 [UDP, session f532krx4uif7, user alice, client 127.0.0.1:40287, relay 127.0.0.1:64288] (eturnal_module:handle_event/2:180)
2025-11-01 23:23:59.619926+00:00 [debug] Writing stats of TURN session f532krx4uif7 to InfluxDB [UDP, session f532krx4uif7, user alice, client 127.0.0.1:40287, relay 127.0.0.1:64288] (mod_stats_influx:on_turn_session_stop/1:87)
2025-11-01 23:23:59.620008+00:00 [debug] Received:
#stun{class = request,method = 3,magic = 554869826,
      trid = 44471269640457565809277689901,raw = <<>>,unsupported = [],
      'ALTERNATE-SERVER' = undefined,'CHANNEL-NUMBER' = undefined,
      'DATA' = undefined,'DONT-FRAGMENT' = false,'ERROR-CODE' = undefined,
      'LIFETIME' = undefined,'MAPPED-ADDRESS' = undefined,
      'MESSAGE-INTEGRITY' = undefined,'NONCE' = undefined,'REALM' = undefined,
      'REQUESTED-ADDRESS-FAMILY' = undefined,
      'REQUESTED-TRANSPORT' = undefined,'SOFTWARE' = undefined,
      'UNKNOWN-ATTRIBUTES' = [],'USERNAME' = undefined,
      'XOR-MAPPED-ADDRESS' = undefined,'XOR-PEER-ADDRESS' = [],
      'XOR-RELAYED-ADDRESS' = undefined} (stun:udp_recv/5:146)
2025-11-01 23:23:59.620123+00:00 [debug] Sending:
#stun{class = error,method = 3,magic = 554869826,
      trid = 44471269640457565809277689901,raw = <<>>,unsupported = [],
      'ALTERNATE-SERVER' = undefined,'CHANNEL-NUMBER' = undefined,
      'DATA' = undefined,'DONT-FRAGMENT' = false,
      'ERROR-CODE' = {401,<<"Unauthorized">>},
      'LIFETIME' = undefined,'MAPPED-ADDRESS' = undefined,
      'MESSAGE-INTEGRITY' = undefined,'NONCE' = <<"3057544211">>,
      'REALM' = <<"eturnal.net">>,'REQUESTED-ADDRESS-FAMILY' = undefined,
      'REQUESTED-TRANSPORT' = undefined,'SOFTWARE' = <<"eturnal">>,
      'UNKNOWN-ATTRIBUTES' = [],'USERNAME' = undefined,
      'XOR-MAPPED-ADDRESS' = undefined,'XOR-PEER-ADDRESS' = [],
      'XOR-RELAYED-ADDRESS' = undefined} (stun:send/3:498)
2025-11-01 23:23:59.620364+00:00 [debug] Received:
#stun{class = request,method = 3,magic = 554869826,
      trid = 50778480320694387340723332953,
      raw = <<0,3,0,80,33,18,164,66,164,18,249,117,245,224,255,62,191,87,167,
              89,0,25,0,4,17,0,0,0,0,6,0,10,50,49,52,53,57,49,51,50,48,48,0,0,
              0,20,0,11,101,116,117,114,110,97,108,46,110,101,116,0,0,21,0,10,
              51,48,53,55,53,52,52,50,49,49,0,0>>,
      unsupported = [],'ALTERNATE-SERVER' = undefined,
      'CHANNEL-NUMBER' = undefined,'DATA' = undefined,'DONT-FRAGMENT' = false,
      'ERROR-CODE' = undefined,'LIFETIME' = undefined,
      'MAPPED-ADDRESS' = undefined,
      'MESSAGE-INTEGRITY' = <<94,255,82,76,85,205,247,108,194,73,1,230,142,91,
                              236,27,0,19,65,136>>,
      'NONCE' = <<"3057544211">>,'REALM' = <<"eturnal.net">>,
      'REQUESTED-ADDRESS-FAMILY' = undefined,'REQUESTED-TRANSPORT' = udp,
      'SOFTWARE' = undefined,'UNKNOWN-ATTRIBUTES' = [],
      'USERNAME' = <<"2145913200">>,'XOR-MAPPED-ADDRESS' = undefined,
      'XOR-PEER-ADDRESS' = [],'XOR-RELAYED-ADDRESS' = undefined} (stun:udp_recv/5:146)
2025-11-01 23:23:59.620491+00:00 [debug] Deriving password for: 2145913200 [UDP, session ueuinr4ws55y, user 2145913200, client 127.0.0.1:37068] (eturnal:get_password/2:245)
2025-11-01 23:23:59.620585+00:00 [info] Accepting long-term STUN/TURN authentication [UDP, session ueuinr4ws55y, user 2145913200, client 127.0.0.1:37068] (stun:process/2:287)
2025-11-01 23:23:59.620697+00:00 [debug] Running 'turn_session_start' hook [UDP, session ueuinr4ws55y, user 2145913200, client 127.0.0.1:37068] (turn:run_hook/3:753)
2025-11-01 23:23:59.620745+00:00 [debug] Got 'turn_session_start' event [UDP, session ueuinr4ws55y, user 2145913200, client 127.0.0.1:37068] (eturnal_module:handle_event/2:177)
2025-11-01 23:23:59.620787+00:00 [debug] Calling mod_stats_prometheus:handle_event/2 [UDP, session ueuinr4ws55y, user 2145913200, client 127.0.0.1:37068] (eturnal_module:handle_event/2:180)
2025-11-01 23:23:59.620828+00:00 [debug] Observing started TURN session ueuinr4ws55y for Prometheus [UDP, session ueuinr4ws55y, user 2145913200, client 127.0.0.1:37068] (mod_stats_prometheus:on_turn_session_start/1:174)
2025-11-01 23:23:59.620972+00:00 [notice] Creating TURN allocation (lifetime: 600 seconds) [UDP, session ueuinr4ws55y, user 2145913200, client 127.0.0.1:37068, relay 127.0.0.1:57556] (turn:wait_for_allocate/2:226)
2025-11-01 23:23:59.621057+00:00 [debug] Sending:
#stun{class = response,method = 3,magic = 554869826,
      trid = 50778480320694387340723332953,raw = <<>>,unsupported = [],
      'ALTERNATE-SERVER' = undefined,'CHANNEL-NUMBER' = undefined,
      'DATA' = undefined,'DONT-FRAGMENT' = false,'ERROR-CODE' = undefined,
      'LIFETIME' = 600,'MAPPED-ADDRESS' = undefined,
      'MESSAGE-INTEGRITY' = undefined,'NONCE' = undefined,'REALM' = undefined,
      'REQUESTED-ADDRESS-FAMILY' = undefined,
      'REQUESTED-TRANSPORT' = undefined,'SOFTWARE' = <<"eturnal">>,
      'UNKNOWN-ATTRIBUTES' = [],'USERNAME' = undefined,
      'XOR-MAPPED-ADDRESS' = {{127,0,0,1},37068},
      'XOR-PEER-ADDRESS' = [],
      'XOR-RELAYED-ADDRESS' = {{127,0,0,1},57556}} (turn:send/2:549)
2025-11-01 23:23:59.621296+00:00 [debug] Received:
#stun{class = request,method = 4,magic = 554869826,
      trid = 58489348740354494792737287975,
      raw = <<0,4,0,80,33,18,164,66,188,253,65,92,147,230,67,34,91,100,239,39,
              0,6,0,10,50,49,52,53,57,49,51,50,48,48,0,0,0,20,0,11,101,116,117,
              114,110,97,108,46,110,101,116,0,0,21,0,10,51,48,53,55,53,52,52,
              50,49,49,0,0,0,13,0,4,0,0,0,0>>,
      unsupported = [],'ALTERNATE-SERVER' = undefined,
      'CHANNEL-NUMBER' = undefined,'DATA' = undefined,'DONT-FRAGMENT' = false,
      'ERROR-CODE' = undefined,'LIFETIME' = 0,'MAPPED-ADDRESS' = undefined,
      'MESSAGE-INTEGRITY' = <<252,185,103,45,76,233,1,15,17,205,44,34,157,255,
                              170,99,50,71,88,63>>,
      'NONCE' = <<"3057544211">>,'REALM' = <<"eturnal.net">>,
      'REQUESTED-ADDRESS-FAMILY' = undefined,
      'REQUESTED-TRANSPORT' = undefined,'SOFTWARE' = undefined,
      'UNKNOWN-ATTRIBUTES' = [],'USERNAME' = <<"2145913200">>,
      'XOR-MAPPED-ADDRESS' = undefined,'XOR-PEER-ADDRESS' = [],
      'XOR-RELAYED-ADDRESS' = undefined} (stun:udp_recv/5:146)
2025-11-01 23:23:59.621396+00:00 [debug] Deriving password for: 2145913200 [UDP, session nitiqi1xjvci, user 2145913200, client 127.0.0.1:37068] (eturnal:get_password/2:245)
2025-11-01 23:23:59.621468+00:00 [info] Accepting long-term STUN/TURN authentication [UDP, session nitiqi1xjvci, user 2145913200, client 127.0.0.1:37068] (stun:process/2:287)
2025-11-01 23:23:59.621531+00:00 [info] Client requested closing the TURN session [UDP, session ueuinr4ws55y, user 2145913200, client 127.0.0.1:37068, relay 127.0.0.1:57556] (turn:active/2:285)
2025-11-01 23:23:59.621604+00:00 [debug] Sending:
#stun{class = response,method = 4,magic = 554869826,
      trid = 58489348740354494792737287975,raw = <<>>,unsupported = [],
      'ALTERNATE-SERVER' = undefined,'CHANNEL-NUMBER' = undefined,
      'DATA' = undefined,'DONT-FRAGMENT' = false,'ERROR-CODE' = undefined,
      'LIFETIME' = 0,'MAPPED-ADDRESS' = undefined,
      'MESSAGE-INTEGRITY' = undefined,'NONCE' = undefined,'REALM' = undefined,
      'REQUESTED-ADDRESS-FAMILY' = undefined,
      'REQUESTED-TRANSPORT' = undefined,'SOFTWARE' = <<"eturnal">>,
      'UNKNOWN-ATTRIBUTES' = [],'USERNAME' = undefined,
      'XOR-MAPPED-ADDRESS' = undefined,'XOR-PEER-ADDRESS' = [],
      'XOR-RELAYED-ADDRESS' = undefined} (turn:send/2:549)
2025-11-01 23:23:59.621725+00:00 [info] Deleting TURN allocation [UDP, session ueuinr4ws55y, user 2145913200, client 127.0.0.1:37068, relay 127.0.0.1:57556] (turn:terminate/3:482)
2025-11-01 23:23:59.621773+00:00 [notice] Relayed 0 KiB (in 0 B / 0 packets, out 0 B / 0 packets), duration: 0 seconds [UDP, session ueuinr4ws55y, user 2145913200, client 127.0.0.1:37068, relay 127.0.0.1:57556] (turn:terminate/3:489)
2025-11-01 23:23:59.621843+00:00 [debug] Running 'turn_session_stop' hook [UDP, session ueuinr4ws55y, user 2145913200, client 127.0.0.1:37068, relay 127.0.0.1:57556] (turn:run_hook/3:753)
2025-11-01 23:23:59.621885+00:00 [debug] Got 'turn_session_stop' event [UDP, session ueuinr4ws55y, user 2145913200, client 127.0.0.1:37068, relay 127.0.0.1:57556] (eturnal_module:handle_event/2:177)
2025-11-01 23:23:59.621927+00:00 [debug] Calling mod_stats_influx:handle_event/2 [UDP, session ueuinr4ws55y, user 2145913200, client 127.0.0.1:37068, relay 127.0.0.1:57556] (eturnal_module:handle_event/2:180)
2025-11-01 23:23:59.621959+00:00 [debug] Writing stats of TURN session ueuinr4ws55y to InfluxDB [UDP, session ueuinr4ws55y, user 2145913200, client 127.0.0.1:37068, relay 127.0.0.1:57556] (mod_stats_influx:on_turn_session_stop/1:87)
2025-11-01 23:23:59.622539+00:00 [debug] Calling mod_stats_prometheus:handle_event/2 [UDP, session f532krx4uif7, user alice, client 127.0.0.1:40287, relay 127.0.0.1:64288] (eturnal_module:handle_event/2:180)
2025-11-01 23:23:59.622602+00:00 [debug] Observing stopped TURN session f532krx4uif7 for Prometheus [UDP, session f532krx4uif7, user alice, client 127.0.0.1:40287, relay 127.0.0.1:64288] (mod_stats_prometheus:on_turn_session_stop/1:187)
2025-11-01 23:23:59.622590+00:00 [debug] Calling mod_stats_prometheus:handle_event/2 [UDP, session ueuinr4ws55y, user 2145913200, client 127.0.0.1:37068, relay 127.0.0.1:57556] (eturnal_module:handle_event/2:180)
2025-11-01 23:23:59.622661+00:00 [debug] Observing stopped TURN session ueuinr4ws55y for Prometheus [UDP, session ueuinr4ws55y, user 2145913200, client 127.0.0.1:37068, relay 127.0.0.1:57556] (mod_stats_prometheus:on_turn_session_stop/1:187)
2025-11-01 23:23:59.645739+00:00 [debug] Received:
#stun{class = request,method = 1,magic = 554869826,
      trid = 73425607140996541332651917240,raw = <<>>,unsupported = [],
      'ALTERNATE-SERVER' = undefined,'CHANNEL-NUMBER' = undefined,
      'DATA' = undefined,'DONT-FRAGMENT' = false,'ERROR-CODE' = undefined,
      'LIFETIME' = undefined,'MAPPED-ADDRESS' = undefined,
      'MESSAGE-INTEGRITY' = undefined,'NONCE' = undefined,'REALM' = undefined,
      'REQUESTED-ADDRESS-FAMILY' = undefined,
      'REQUESTED-TRANSPORT' = undefined,'SOFTWARE' = undefined,
      'UNKNOWN-ATTRIBUTES' = [],'USERNAME' = undefined,
      'XOR-MAPPED-ADDRESS' = undefined,'XOR-PEER-ADDRESS' = [],
      'XOR-RELAYED-ADDRESS' = undefined} (stun:udp_recv/5:146)
2025-11-01 23:23:59.645826+00:00 [debug] Responding to STUN request [UDP, session aohq9jgj3ybj, anonymous, client 127.0.0.1:48068] (stun:process/4:355)
2025-11-01 23:23:59.645912+00:00 [debug] Running 'stun_query' hook [UDP, session aohq9jgj3ybj, anonymous, client 127.0.0.1:48068] (stun:run_hook/3:742)
2025-11-01 23:23:59.645951+00:00 [debug] Got 'stun_query' event [UDP, session aohq9jgj3ybj, anonymous, client 127.0.0.1:48068] (eturnal_module:handle_event/2:177)
2025-11-01 23:23:59.645986+00:00 [debug] Calling mod_log_stun:handle_event/2 [UDP, session aohq9jgj3ybj, anonymous, client 127.0.0.1:48068] (eturnal_module:handle_event/2:180)
2025-11-01 23:23:59.646025+00:00 [info] Responding to STUN request [UDP, session aohq9jgj3ybj, anonymous, client 127.0.0.1:48068] (mod_log_stun:handle_event/2:44)
2025-11-01 23:23:59.646052+00:00 [debug] Calling mod_stats_influx:handle_event/2 [UDP, session aohq9jgj3ybj, anonymous, client 127.0.0.1:48068] (eturnal_module:handle_event/2:180)
2025-11-01 23:23:59.646089+00:00 [debug] Writing STUN query event to InfluxDB [UDP, session aohq9jgj3ybj, anonymous, client 127.0.0.1:48068] (mod_stats_influx:on_stun_query/1:76)
2025-11-01 23:23:59.646211+00:00 [debug] Calling mod_stats_prometheus:handle_event/2 [UDP, session aohq9jgj3ybj, anonymous, client 127.0.0.1:48068] (eturnal_module:handle_event/2:180)
2025-11-01 23:23:59.646257+00:00 [debug] Observing STUN query for Prometheus [UDP, session aohq9jgj3ybj, anonymous, client 127.0.0.1:48068] (mod_stats_prometheus:on_stun_query/1:166)
2025-11-01 23:23:59.646326+00:00 [debug] Sending:
#stun{class = response,method = 1,magic = 554869826,
      trid = 73425607140996541332651917240,raw = <<>>,unsupported = [],
      'ALTERNATE-SERVER' = undefined,'CHANNEL-NUMBER' = undefined,
      'DATA' = undefined,'DONT-FRAGMENT' = false,'ERROR-CODE' = undefined,
      'LIFETIME' = undefined,'MAPPED-ADDRESS' = undefined,
      'MESSAGE-INTEGRITY' = undefined,'NONCE' = undefined,'REALM' = undefined,
      'REQUESTED-ADDRESS-FAMILY' = undefined,
      'REQUESTED-TRANSPORT' = undefined,'SOFTWARE' = <<"eturnal">>,
      'UNKNOWN-ATTRIBUTES' = [],'USERNAME' = undefined,
      'XOR-MAPPED-ADDRESS' = {{127,0,0,1},48068},
      'XOR-PEER-ADDRESS' = [],'XOR-RELAYED-ADDRESS' = undefined} (stun:send/3:498)
2025-11-01 23:23:59.669599+00:00 [info] Accepting connection: 127.0.0.1:52588 -> 127.0.0.1:34780 [TCP, session 4f5felitkc8j] (stun_acceptor:accept/3:158)
2025-11-01 23:23:59.669855+00:00 [debug] Received:
#stun{class = request,method = 1,magic = 554869826,
      trid = 60148225482417238502249896172,raw = <<>>,unsupported = [],
      'ALTERNATE-SERVER' = undefined,'CHANNEL-NUMBER' = undefined,
      'DATA' = undefined,'DONT-FRAGMENT' = false,'ERROR-CODE' = undefined,
      'LIFETIME' = undefined,'MAPPED-ADDRESS' = undefined,
      'MESSAGE-INTEGRITY' = undefined,'NONCE' = undefined,'REALM' = undefined,
      'REQUESTED-ADDRESS-FAMILY' = undefined,
      'REQUESTED-TRANSPORT' = undefined,'SOFTWARE' = undefined,
      'UNKNOWN-ATTRIBUTES' = [],'USERNAME' = undefined,
      'XOR-MAPPED-ADDRESS' = undefined,'XOR-PEER-ADDRESS' = [],
      'XOR-RELAYED-ADDRESS' = undefined} (stun:process_data/3:455)
2025-11-01 23:23:59.669946+00:00 [debug] Responding to STUN request [TCP, session 4f5felitkc8j, anonymous, client 127.0.0.1:52588] (stun:process/4:355)
2025-11-01 23:23:59.669974+00:00 [debug] Running 'stun_query' hook [TCP, session 4f5felitkc8j, anonymous, client 127.0.0.1:52588] (stun:run_hook/3:742)
2025-11-01 23:23:59.670001+00:00 [debug] Got 'stun_query' event [TCP, session 4f5felitkc8j, anonymous, client 127.0.0.1:52588] (eturnal_module:handle_event/2:177)
2025-11-01 23:23:59.670025+00:00 [debug] Calling mod_log_stun:handle_event/2 [TCP, session 4f5felitkc8j, anonymous, client 127.0.0.1:52588] (eturnal_module:handle_event/2:180)
2025-11-01 23:23:59.670065+00:00 [info] Responding to STUN request [TCP, session 4f5felitkc8j, anonymous, client 127.0.0.1:52588] (mod_log_stun:handle_event/2:44)
2025-11-01 23:23:59.670090+00:00 [debug] Calling mod_stats_influx:handle_event/2 [TCP, session 4f5felitkc8j, anonymous, client 127.0.0.1:52588] (eturnal_module:handle_event/2:180)
2025-11-01 23:23:59.670118+00:00 [debug] Writing STUN query event to InfluxDB [TCP, session 4f5felitkc8j, anonymous, client 127.0.0.1:52588] (mod_stats_influx:on_stun_query/1:76)
2025-11-01 23:23:59.670301+00:00 [debug] Calling mod_stats_prometheus:handle_event/2 [TCP, session 4f5felitkc8j, anonymous, client 127.0.0.1:52588] (eturnal_module:handle_event/2:180)
2025-11-01 23:23:59.670352+00:00 [debug] Observing STUN query for Prometheus [TCP, session 4f5felitkc8j, anonymous, client 127.0.0.1:52588] (mod_stats_prometheus:on_stun_query/1:166)
2025-11-01 23:23:59.670409+00:00 [debug] Sending:
#stun{class = response,method = 1,magic = 554869826,
      trid = 60148225482417238502249896172,raw = <<>>,unsupported = [],
      'ALTERNATE-SERVER' = undefined,'CHANNEL-NUMBER' = undefined,
      'DATA' = undefined,'DONT-FRAGMENT' = false,'ERROR-CODE' = undefined,
      'LIFETIME' = undefined,'MAPPED-ADDRESS' = undefined,
      'MESSAGE-INTEGRITY' = undefined,'NONCE' = undefined,'REALM' = undefined,
      'REQUESTED-ADDRESS-FAMILY' = undefined,
      'REQUESTED-TRANSPORT' = undefined,'SOFTWARE' = <<"eturnal">>,
      'UNKNOWN-ATTRIBUTES' = [],'USERNAME' = undefined,
      'XOR-MAPPED-ADDRESS' = {{127,0,0,1},52588},
      'XOR-PEER-ADDRESS' = [],'XOR-RELAYED-ADDRESS' = undefined} (stun:send/3:498)
2025-11-01 23:23:59.671355+00:00 [info] Connection reset by peer [TCP, session 4f5felitkc8j, anonymous, client 127.0.0.1:52588] (stun:handle_info/3:206)
2025-11-01 23:23:59.693783+00:00 [info] Accepting connection: 127.0.0.1:35762 -> 127.0.0.1:53490 [TLS, session akv012mzt98y] (stun_acceptor:accept/3:158)
2025-11-01 23:24:00.702588+00:00 [debug] Received:
#stun{class = request,method = 1,magic = 554869826,
      trid = 64757190775072337184145937266,raw = <<>>,unsupported = [],
      'ALTERNATE-SERVER' = undefined,'CHANNEL-NUMBER' = undefined,
      'DATA' = undefined,'DONT-FRAGMENT' = false,'ERROR-CODE' = undefined,
      'LIFETIME' = undefined,'MAPPED-ADDRESS' = undefined,
      'MESSAGE-INTEGRITY' = undefined,'NONCE' = undefined,'REALM' = undefined,
      'REQUESTED-ADDRESS-FAMILY' = undefined,
      'REQUESTED-TRANSPORT' = undefined,'SOFTWARE' = undefined,
      'UNKNOWN-ATTRIBUTES' = [],'USERNAME' = undefined,
      'XOR-MAPPED-ADDRESS' = undefined,'XOR-PEER-ADDRESS' = [],
      'XOR-RELAYED-ADDRESS' = undefined} (stun:process_data/3:455)
2025-11-01 23:24:00.702743+00:00 [debug] Responding to STUN request [TLS, session akv012mzt98y, anonymous, client 127.0.0.1:35762] (stun:process/4:355)
2025-11-01 23:24:00.702776+00:00 [debug] Running 'stun_query' hook [TLS, session akv012mzt98y, anonymous, client 127.0.0.1:35762] (stun:run_hook/3:742)
2025-11-01 23:24:00.702810+00:00 [debug] Got 'stun_query' event [TLS, session akv012mzt98y, anonymous, client 127.0.0.1:35762] (eturnal_module:handle_event/2:177)
2025-11-01 23:24:00.702850+00:00 [debug] Calling mod_log_stun:handle_event/2 [TLS, session akv012mzt98y, anonymous, client 127.0.0.1:35762] (eturnal_module:handle_event/2:180)
2025-11-01 23:24:00.702883+00:00 [info] Responding to STUN request [TLS, session akv012mzt98y, anonymous, client 127.0.0.1:35762] (mod_log_stun:handle_event/2:44)
2025-11-01 23:24:00.702919+00:00 [debug] Calling mod_stats_influx:handle_event/2 [TLS, session akv012mzt98y, anonymous, client 127.0.0.1:35762] (eturnal_module:handle_event/2:180)
2025-11-01 23:24:00.702947+00:00 [debug] Writing STUN query event to InfluxDB [TLS, session akv012mzt98y, anonymous, client 127.0.0.1:35762] (mod_stats_influx:on_stun_query/1:76)
2025-11-01 23:24:00.703096+00:00 [debug] Calling mod_stats_prometheus:handle_event/2 [TLS, session akv012mzt98y, anonymous, client 127.0.0.1:35762] (eturnal_module:handle_event/2:180)
2025-11-01 23:24:00.703128+00:00 [debug] Observing STUN query for Prometheus [TLS, session akv012mzt98y, anonymous, client 127.0.0.1:35762] (mod_stats_prometheus:on_stun_query/1:166)
2025-11-01 23:24:00.703188+00:00 [debug] Sending:
#stun{class = response,method = 1,magic = 554869826,
      trid = 64757190775072337184145937266,raw = <<>>,unsupported = [],
      'ALTERNATE-SERVER' = undefined,'CHANNEL-NUMBER' = undefined,
      'DATA' = undefined,'DONT-FRAGMENT' = false,'ERROR-CODE' = undefined,
      'LIFETIME' = undefined,'MAPPED-ADDRESS' = undefined,
      'MESSAGE-INTEGRITY' = undefined,'NONCE' = undefined,'REALM' = undefined,
      'REQUESTED-ADDRESS-FAMILY' = undefined,
      'REQUESTED-TRANSPORT' = undefined,'SOFTWARE' = <<"eturnal">>,
      'UNKNOWN-ATTRIBUTES' = [],'USERNAME' = undefined,
      'XOR-MAPPED-ADDRESS' = {{127,0,0,1},35762},
      'XOR-PEER-ADDRESS' = [],'XOR-RELAYED-ADDRESS' = undefined} (stun:send/3:498)
2025-11-01 23:24:00.703490+00:00 [info] Connection reset by peer [TLS, session akv012mzt98y, anonymous, client 127.0.0.1:35762] (stun:handle_info/3:206)
2025-11-01 23:24:00.727090+00:00 [info] Accepting connection: 127.0.0.1:57604 -> 127.0.0.1:34781 [TCP|TLS, session lw4tuz87apwd] (stun_acceptor:accept/3:158)
2025-11-01 23:24:00.727218+00:00 [debug] Determined transport protocol: TCP (stun:is_tls_handshake/1:688)
2025-11-01 23:24:00.727461+00:00 [debug] Received:
#stun{class = request,method = 1,magic = 554869826,
      trid = 61720071534938454154553483472,raw = <<>>,unsupported = [],
      'ALTERNATE-SERVER' = undefined,'CHANNEL-NUMBER' = undefined,
      'DATA' = undefined,'DONT-FRAGMENT' = false,'ERROR-CODE' = undefined,
      'LIFETIME' = undefined,'MAPPED-ADDRESS' = undefined,
      'MESSAGE-INTEGRITY' = undefined,'NONCE' = undefined,'REALM' = undefined,
      'REQUESTED-ADDRESS-FAMILY' = undefined,
      'REQUESTED-TRANSPORT' = undefined,'SOFTWARE' = undefined,
      'UNKNOWN-ATTRIBUTES' = [],'USERNAME' = undefined,
      'XOR-MAPPED-ADDRESS' = undefined,'XOR-PEER-ADDRESS' = [],
      'XOR-RELAYED-ADDRESS' = undefined} (stun:process_data/3:455)
2025-11-01 23:24:00.727546+00:00 [debug] Responding to STUN request [TCP, session lw4tuz87apwd, anonymous, client 127.0.0.1:57604] (stun:process/4:355)
2025-11-01 23:24:00.727575+00:00 [debug] Running 'stun_query' hook [TCP, session lw4tuz87apwd, anonymous, client 127.0.0.1:57604] (stun:run_hook/3:742)
2025-11-01 23:24:00.727678+00:00 [debug] Got 'stun_query' event [TCP, session lw4tuz87apwd, anonymous, client 127.0.0.1:57604] (eturnal_module:handle_event/2:177)
2025-11-01 23:24:00.727721+00:00 [debug] Calling mod_log_stun:handle_event/2 [TCP, session lw4tuz87apwd, anonymous, client 127.0.0.1:57604] (eturnal_module:handle_event/2:180)
2025-11-01 23:24:00.727771+00:00 [info] Responding to STUN request [TCP, session lw4tuz87apwd, anonymous, client 127.0.0.1:57604] (mod_log_stun:handle_event/2:44)
2025-11-01 23:24:00.727811+00:00 [debug] Calling mod_stats_influx:handle_event/2 [TCP, session lw4tuz87apwd, anonymous, client 127.0.0.1:57604] (eturnal_module:handle_event/2:180)
2025-11-01 23:24:00.727868+00:00 [debug] Writing STUN query event to InfluxDB [TCP, session lw4tuz87apwd, anonymous, client 127.0.0.1:57604] (mod_stats_influx:on_stun_query/1:76)
2025-11-01 23:24:00.728042+00:00 [debug] Calling mod_stats_prometheus:handle_event/2 [TCP, session lw4tuz87apwd, anonymous, client 127.0.0.1:57604] (eturnal_module:handle_event/2:180)
2025-11-01 23:24:00.728102+00:00 [debug] Observing STUN query for Prometheus [TCP, session lw4tuz87apwd, anonymous, client 127.0.0.1:57604] (mod_stats_prometheus:on_stun_query/1:166)
2025-11-01 23:24:00.728186+00:00 [debug] Sending:
#stun{class = response,method = 1,magic = 554869826,
      trid = 61720071534938454154553483472,raw = <<>>,unsupported = [],
      'ALTERNATE-SERVER' = undefined,'CHANNEL-NUMBER' = undefined,
      'DATA' = undefined,'DONT-FRAGMENT' = false,'ERROR-CODE' = undefined,
      'LIFETIME' = undefined,'MAPPED-ADDRESS' = undefined,
      'MESSAGE-INTEGRITY' = undefined,'NONCE' = undefined,'REALM' = undefined,
      'REQUESTED-ADDRESS-FAMILY' = undefined,
      'REQUESTED-TRANSPORT' = undefined,'SOFTWARE' = <<"eturnal">>,
      'UNKNOWN-ATTRIBUTES' = [],'USERNAME' = undefined,
      'XOR-MAPPED-ADDRESS' = {{127,0,0,1},57604},
      'XOR-PEER-ADDRESS' = [],'XOR-RELAYED-ADDRESS' = undefined} (stun:send/3:498)
2025-11-01 23:24:00.729378+00:00 [info] Connection reset by peer [TCP, session lw4tuz87apwd, anonymous, client 127.0.0.1:57604] (stun:handle_info/3:206)
2025-11-01 23:24:00.751922+00:00 [info] Accepting connection: 127.0.0.1:57610 -> 127.0.0.1:34781 [TCP|TLS, session lyns1062djk6] (stun_acceptor:accept/3:158)
2025-11-01 23:24:00.752167+00:00 [debug] Determined transport protocol: TLS (stun:is_tls_handshake/1:685)
2025-11-01 23:24:01.760751+00:00 [debug] Received:
#stun{class = request,method = 1,magic = 554869826,
      trid = 6280133397807857006476424534,raw = <<>>,unsupported = [],
      'ALTERNATE-SERVER' = undefined,'CHANNEL-NUMBER' = undefined,
      'DATA' = undefined,'DONT-FRAGMENT' = false,'ERROR-CODE' = undefined,
      'LIFETIME' = undefined,'MAPPED-ADDRESS' = undefined,
      'MESSAGE-INTEGRITY' = undefined,'NONCE' = undefined,'REALM' = undefined,
      'REQUESTED-ADDRESS-FAMILY' = undefined,
      'REQUESTED-TRANSPORT' = undefined,'SOFTWARE' = undefined,
      'UNKNOWN-ATTRIBUTES' = [],'USERNAME' = undefined,
      'XOR-MAPPED-ADDRESS' = undefined,'XOR-PEER-ADDRESS' = [],
      'XOR-RELAYED-ADDRESS' = undefined} (stun:process_data/3:455)
2025-11-01 23:24:01.760878+00:00 [debug] Responding to STUN request [TLS, session lyns1062djk6, anonymous, client 127.0.0.1:57610] (stun:process/4:355)
2025-11-01 23:24:01.760920+00:00 [debug] Running 'stun_query' hook [TLS, session lyns1062djk6, anonymous, client 127.0.0.1:57610] (stun:run_hook/3:742)
2025-11-01 23:24:01.760953+00:00 [debug] Got 'stun_query' event [TLS, session lyns1062djk6, anonymous, client 127.0.0.1:57610] (eturnal_module:handle_event/2:177)
2025-11-01 23:24:01.760989+00:00 [debug] Calling mod_log_stun:handle_event/2 [TLS, session lyns1062djk6, anonymous, client 127.0.0.1:57610] (eturnal_module:handle_event/2:180)
2025-11-01 23:24:01.761040+00:00 [info] Responding to STUN request [TLS, session lyns1062djk6, anonymous, client 127.0.0.1:57610] (mod_log_stun:handle_event/2:44)
2025-11-01 23:24:01.761068+00:00 [debug] Calling mod_stats_influx:handle_event/2 [TLS, session lyns1062djk6, anonymous, client 127.0.0.1:57610] (eturnal_module:handle_event/2:180)
2025-11-01 23:24:01.761100+00:00 [debug] Writing STUN query event to InfluxDB [TLS, session lyns1062djk6, anonymous, client 127.0.0.1:57610] (mod_stats_influx:on_stun_query/1:76)
2025-11-01 23:24:01.761261+00:00 [debug] Calling mod_stats_prometheus:handle_event/2 [TLS, session lyns1062djk6, anonymous, client 127.0.0.1:57610] (eturnal_module:handle_event/2:180)
2025-11-01 23:24:01.761296+00:00 [debug] Observing STUN query for Prometheus [TLS, session lyns1062djk6, anonymous, client 127.0.0.1:57610] (mod_stats_prometheus:on_stun_query/1:166)
2025-11-01 23:24:01.761364+00:00 [debug] Sending:
#stun{class = response,method = 1,magic = 554869826,
      trid = 6280133397807857006476424534,raw = <<>>,unsupported = [],
      'ALTERNATE-SERVER' = undefined,'CHANNEL-NUMBER' = undefined,
      'DATA' = undefined,'DONT-FRAGMENT' = false,'ERROR-CODE' = undefined,
      'LIFETIME' = undefined,'MAPPED-ADDRESS' = undefined,
      'MESSAGE-INTEGRITY' = undefined,'NONCE' = undefined,'REALM' = undefined,
      'REQUESTED-ADDRESS-FAMILY' = undefined,
      'REQUESTED-TRANSPORT' = undefined,'SOFTWARE' = <<"eturnal">>,
      'UNKNOWN-ATTRIBUTES' = [],'USERNAME' = undefined,
      'XOR-MAPPED-ADDRESS' = {{127,0,0,1},57610},
      'XOR-PEER-ADDRESS' = [],'XOR-RELAYED-ADDRESS' = undefined} (stun:send/3:498)
2025-11-01 23:24:01.761577+00:00 [info] Connection reset by peer [TLS, session lyns1062djk6, anonymous, client 127.0.0.1:57610] (stun:handle_info/3:206)
2025-11-01 23:24:01.784673+00:00 [debug] Terminating eturnal (shutdown) (eturnal:terminate/2:186)
2025-11-01 23:24:01.784670+00:00 [debug] No NOTIFY_SOCKET, dropping STOPPING=1 notification (eturnal_systemd:handle_cast/2:99)
2025-11-01 23:24:01.784890+00:00 [info] Stopped listening on 127.0.0.1:34780 (udp) (eturnal:stop_listeners/1:443)
2025-11-01 23:24:01.785036+00:00 [info] Stopped listening on 127.0.0.1:34780 (tcp) (eturnal:stop_listeners/1:443)
2025-11-01 23:24:01.785213+00:00 [info] Stopped listening on 127.0.0.1:53490 (tls) (eturnal:stop_listeners/1:443)
2025-11-01 23:24:01.785369+00:00 [info] Stopped listening on 127.0.0.1:34781 (auto) (eturnal:stop_listeners/1:443)
2025-11-01 23:24:01.785598+00:00 [debug] Calling mod_log_stun:stop/1 (eturnal_module:stop/1:163)
2025-11-01 23:24:01.785713+00:00 [debug] Stopping mod_log_stun (mod_log_stun:stop/0:49)
2025-11-01 23:24:01.785791+00:00 [info] Stopped mod_log_stun (eturnal:stop_modules/1:398)
2025-11-01 23:24:01.786258+00:00 [debug] Calling mod_stats_influx:stop/1 (eturnal_module:stop/1:163)
2025-11-01 23:24:01.786471+00:00 [debug] Stopping mod_stats_influx (mod_stats_influx:stop/0:61)
2025-11-01 23:24:01.786590+00:00 [info] Stopped mod_stats_influx (eturnal:stop_modules/1:398)
2025-11-01 23:24:01.788573+00:00 [debug] Calling mod_stats_prometheus:stop/1 (eturnal_module:stop/1:163)
2025-11-01 23:24:01.788727+00:00 [debug] Stopping mod_stats_prometheus (mod_stats_prometheus:stop/0:110)
2025-11-01 23:24:01.789012+00:00 [info] Stopped mod_stats_prometheus (eturnal:stop_modules/1:398)
2025-11-01 23:24:01.789209+00:00 [debug] Removed run/cert.pem (eturnal:clean_run_dir/0:873)
2025-11-01 23:24:01.789367+00:00 [debug] Terminating eturnal_systemd (shutdown) (eturnal_systemd:terminate/2:125)
2025-11-01 23:24:01.789528+00:00 [notice] Stopping eturnal 1.12.2 on Erlang/OTP 28 (ERTS 16.1) (eturnal_app:stop/1:53)
