2021-12-09 09:50:22.354218+00:00 [notice] Starting eturnal 1.6.0 on Erlang/OTP 24 (ERTS 12.1.5) (eturnal_app:start/2:34)
2021-12-09 09:50:22.354523+00:00 [debug] Starting supervisor: eturnal_sup (eturnal_sup:start_link/0:32)
2021-12-09 09:50:22.354703+00:00 [debug] Configuring eturnal_sup supervisor: [#{id => systemd,
                                       start =>
                                           {eturnal_systemd,start_link,[]}},
                                     #{id => eturnal,
                                       start => {eturnal,start_link,[]}}] (eturnal_sup:init/0:40)
2021-12-09 09:50:22.356548+00:00 [info] Got no NOTIFY_SOCKET, notifications disabled (eturnal_systemd:init/1:93)
2021-12-09 09:50:22.356840+00:00 [debug] PROGRESS REPORT:
    supervisor: {local,eturnal_sup}
    started: [{pid,<0.714.0>},
              {id,systemd},
              {mfargs,{eturnal_systemd,start_link,[]}},
              {restart_type,permanent},
              {significant,false},
              {shutdown,5000},
              {child_type,worker}]
 (supervisor:report_progress/2:1554)
2021-12-09 09:50:22.357292+00:00 [debug] Using run directory run (eturnal:ensure_run_dir/0:556)
2021-12-09 09:50:22.357419+00:00 [debug] TURN configuration seems fine (eturnal:check_turn_config/2:590)
2021-12-09 09:50:22.357579+00:00 [warning] TLS enabled without 'tls_crt_file', creating self-signed certificate (eturnal:check_pem_file/0:495)
2021-12-09 09:50:22.843136+00:00 [debug] Calling mod_log_stun:start/0 (eturnal_module:start/1:116)
2021-12-09 09:50:22.843364+00:00 [debug] Starting mod_log_stun (mod_log_stun:start/0:39)
2021-12-09 09:50:22.843573+00:00 [info] Started mod_log_stun (eturnal:start_modules/0:244)
2021-12-09 09:50:22.843718+00:00 [debug] Calling mod_stats_influx:start/0 (eturnal_module:start/1:116)
2021-12-09 09:50:22.843862+00:00 [debug] Starting mod_stats_influx (mod_stats_influx:start/0:38)
2021-12-09 09:50:22.847052+00:00 [debug] PROGRESS REPORT:
    application: ulitos
    started_at: nonode@nohost
 (application_controller:info_started/2:2107)
2021-12-09 09:50:22.848484+00:00 [debug] PROGRESS REPORT:
    application: poolboy
    started_at: nonode@nohost
 (application_controller:info_started/2:2107)
2021-12-09 09:50:22.849861+00:00 [info]     msg: Starting application: influx_udp (influx_udp_app:start/2:10)
2021-12-09 09:50:22.853097+00:00 [debug] PROGRESS REPORT:
    supervisor: {local,influx_udp_sup}
    started: [{pid,<0.733.0>},
              {id,influx_udp},
              {mfargs,{influx_udp,start_link,[]}},
              {restart_type,permanent},
              {significant,false},
              {shutdown,5000},
              {child_type,worker}]
 (supervisor:report_progress/2:1554)
2021-12-09 09:50:22.853335+00:00 [debug] PROGRESS REPORT:
    application: influx_udp
    started_at: nonode@nohost
 (application_controller:info_started/2:2107)
2021-12-09 09:50:22.853355+00:00 [debug] Dependency influx_udp was available already (eturnal_module:ensure_dep/2:264)
2021-12-09 09:50:22.856490+00:00 [info]     host: {127,0,0,1}
    msg: Start clients pool
    options: #{host => "localhost",max_overflow => 1,pool_size => 1,
               port => 8089} (influx_udp:start_pool_/2:239)
2021-12-09 09:50:22.871419+00:00 [info]     msg: Open UDP socket on port
    port: 44108 (influx_udp_worker:init/1:43)
2021-12-09 09:50:22.871699+00:00 [debug] PROGRESS REPORT:
    supervisor: {local,influx_udp_sup}
    started: [{pid,<0.736.0>},
              {id,stats_influx_pool},
              {mfargs,
                  {poolboy,start_link,
                      [[{name,{local,stats_influx_pool}},
                        {worker_module,influx_udp_worker},
                        {size,1},
                        {max_overflow,1}],
                       [{options,
                            #{host => {127,0,0,1},
                              max_overflow => 1,pool_size => 1,
                              port => 8089}}]]}},
              {restart_type,permanent},
              {significant,false},
              {shutdown,5000},
              {child_type,worker}]
 (supervisor:report_progress/2:1554)
2021-12-09 09:50:22.871953+00:00 [info] Started mod_stats_influx (eturnal:start_modules/0:244)
2021-12-09 09:50:22.872139+00:00 [debug] Started 2 modules (eturnal:init/1:138)
2021-12-09 09:50:22.872360+00:00 [debug] Starting listener 127.0.0.1:34780 (udp) with options:
[{use_turn,true},
 {auth_type,user},
 {turn_ipv4_address,{10,1,0,61}},
 {turn_ipv6_address,{0,0,0,0,0,0,0,1}},
 {turn_min_port,49152},
 {turn_max_port,65535},
 {turn_max_allocations,10},
 {turn_max_permissions,10},
 {shaper,100000},
 {turn_blacklist,[{{203,0,113,4},32},{{8193,3512,0,0,0,0,0,4},128}]},
 {auth_realm,<<"eturnal.net">>},
 {server_name,<<"eturnal">>},
 {auth_fun,fun eturnal:get_password/2},
 {hook_fun,fun eturnal:run_hook/2}] (eturnal:start_listeners/0:285)
2021-12-09 09:50:22.873387+00:00 [info] Listening on 127.0.0.1:34780 (udp) (STUN/TURN) (eturnal:start_listeners/0:290)
2021-12-09 09:50:22.873543+00:00 [debug] Starting listener 127.0.0.1:34780 (tcp) with options:
[{use_turn,false},
 {auth_type,anonymous},
 {turn_ipv4_address,{10,1,0,61}},
 {turn_ipv6_address,{0,0,0,0,0,0,0,1}},
 {turn_min_port,49152},
 {turn_max_port,65535},
 {turn_max_allocations,10},
 {turn_max_permissions,10},
 {shaper,100000},
 {turn_blacklist,[{{203,0,113,4},32},{{8193,3512,0,0,0,0,0,4},128}]},
 {auth_realm,<<"eturnal.net">>},
 {server_name,<<"eturnal">>},
 {auth_fun,fun eturnal:get_password/2},
 {hook_fun,fun eturnal:run_hook/2}] (eturnal:start_listeners/0:285)
2021-12-09 09:50:22.915019+00:00 [info] Listening on 127.0.0.1:34780 (tcp) (STUN only) (eturnal:start_listeners/0:290)
2021-12-09 09:50:22.915237+00:00 [debug] Starting listener 127.0.0.1:53490 (tls) with options:
[{use_turn,false},
 {auth_type,anonymous},
 {tls,true},
 {certfile,<<"run/cert.pem">>},
 {turn_ipv4_address,{10,1,0,61}},
 {turn_ipv6_address,{0,0,0,0,0,0,0,1}},
 {turn_min_port,49152},
 {turn_max_port,65535},
 {turn_max_allocations,10},
 {turn_max_permissions,10},
 {shaper,100000},
 {turn_blacklist,[{{203,0,113,4},32},{{8193,3512,0,0,0,0,0,4},128}]},
 {auth_realm,<<"eturnal.net">>},
 {server_name,<<"eturnal">>},
 {auth_fun,fun eturnal:get_password/2},
 {hook_fun,fun eturnal:run_hook/2}] (eturnal:start_listeners/0:285)
2021-12-09 09:50:22.915950+00:00 [info] Listening on 127.0.0.1:53490 (tls) (STUN only) (eturnal:start_listeners/0:290)
2021-12-09 09:50:22.916139+00:00 [debug] Starting listener 127.0.0.1:34781 (auto) with options:
[{use_turn,false},
 {auth_type,anonymous},
 {tls,optional},
 {certfile,<<"run/cert.pem">>},
 {turn_ipv4_address,{10,1,0,61}},
 {turn_ipv6_address,{0,0,0,0,0,0,0,1}},
 {turn_min_port,49152},
 {turn_max_port,65535},
 {turn_max_allocations,10},
 {turn_max_permissions,10},
 {shaper,100000},
 {turn_blacklist,[{{203,0,113,4},32},{{8193,3512,0,0,0,0,0,4},128}]},
 {auth_realm,<<"eturnal.net">>},
 {server_name,<<"eturnal">>},
 {auth_fun,fun eturnal:get_password/2},
 {hook_fun,fun eturnal:run_hook/2}] (eturnal:start_listeners/0:285)
2021-12-09 09:50:22.916738+00:00 [info] Listening on 127.0.0.1:34781 (auto) (STUN only) (eturnal:start_listeners/0:290)
2021-12-09 09:50:22.916887+00:00 [debug] Started 4 listeners (eturnal:init/1:146)
2021-12-09 09:50:22.917048+00:00 [debug] PROGRESS REPORT:
    supervisor: {local,eturnal_sup}
    started: [{pid,<0.716.0>},
              {id,eturnal},
              {mfargs,{eturnal,start_link,[]}},
              {restart_type,permanent},
              {significant,false},
              {shutdown,5000},
              {child_type,worker}]
 (supervisor:report_progress/2:1554)
2021-12-09 09:50:22.917156+00:00 [debug] No NOTIFY_SOCKET, dropping READY=1 notification (eturnal_systemd:handle_cast/2:107)
2021-12-09 09:50:22.917361+00:00 [debug] Watchdog interval is undefined, hibernating (eturnal_systemd:get_timeout/1:160)
2021-12-09 09:50:22.917471+00:00 [debug] PROGRESS REPORT:
    application: eturnal
    started_at: nonode@nohost
 (application_controller:info_started/2:2107)
2021-12-09 09:50:22.961574+00:00 [debug] Handling API call: get_info() (eturnal_ctl:get_info/0:119)
2021-12-09 09:50:22.962274+00:00 [debug] eturnal call (get_info) returned {ok,
                                  {eturnal_node_info,<<"1.6.0">>,
                                   {"24","12.1.5"},
                                   3802,0,140,83108072,2,38671680}} (eturnal_ctl:call/1:387)
2021-12-09 09:50:22.987003+00:00 [debug] Handling API call: get_sessions() (eturnal_ctl:get_sessions/0:105)
2021-12-09 09:50:23.013163+00:00 [debug] Handling API call: get_credentials("2009-10-30 11:00:00Z", []) (eturnal_ctl:get_credentials/2:56)
2021-12-09 09:50:23.013404+00:00 [debug] eturnal call ({get_password,<<"1256900400">>}) returned {ok,
                                                         <<"uEKlpcME7MNMMVRV8rUFPCTIFEs=">>} (eturnal_ctl:call/1:387)
2021-12-09 09:50:23.019538+00:00 [debug] Handling API call: get_credentials("86400", "alice") (eturnal_ctl:get_credentials/2:56)
2021-12-09 09:50:23.019789+00:00 [debug] eturnal call ({get_password,<<"1639129823:alice">>}) returned {ok,
                                                               <<"Q7tQ0ntfoKdmaZWNdzHEhHK+lEg=">>} (eturnal_ctl:call/1:387)
2021-12-09 09:50:23.019966+00:00 [debug] Handling API call: get_password("1639129823:alice") (eturnal_ctl:get_password/1:78)
2021-12-09 09:50:23.020128+00:00 [debug] eturnal call ({get_password,<<"1639129823:alice">>}) returned {ok,
                                                               <<"Q7tQ0ntfoKdmaZWNdzHEhHK+lEg=">>} (eturnal_ctl:call/1:387)
2021-12-09 09:50:23.020316+00:00 [debug] Handling API call: get_credentials("86400s", "alice") (eturnal_ctl:get_credentials/2:56)
2021-12-09 09:50:23.020520+00:00 [debug] eturnal call ({get_password,<<"1639129823:alice">>}) returned {ok,
                                                               <<"Q7tQ0ntfoKdmaZWNdzHEhHK+lEg=">>} (eturnal_ctl:call/1:387)
2021-12-09 09:50:23.020662+00:00 [debug] Handling API call: get_password("1639129823:alice") (eturnal_ctl:get_password/1:78)
2021-12-09 09:50:23.020916+00:00 [debug] eturnal call ({get_password,<<"1639129823:alice">>}) returned {ok,
                                                               <<"Q7tQ0ntfoKdmaZWNdzHEhHK+lEg=">>} (eturnal_ctl:call/1:387)
2021-12-09 09:50:23.021128+00:00 [debug] Handling API call: get_credentials("1440m", "alice") (eturnal_ctl:get_credentials/2:56)
2021-12-09 09:50:23.021261+00:00 [debug] eturnal call ({get_password,<<"1639129823:alice">>}) returned {ok,
                                                               <<"Q7tQ0ntfoKdmaZWNdzHEhHK+lEg=">>} (eturnal_ctl:call/1:387)
2021-12-09 09:50:23.021416+00:00 [debug] Handling API call: get_password("1639129823:alice") (eturnal_ctl:get_password/1:78)
2021-12-09 09:50:23.021538+00:00 [debug] eturnal call ({get_password,<<"1639129823:alice">>}) returned {ok,
                                                               <<"Q7tQ0ntfoKdmaZWNdzHEhHK+lEg=">>} (eturnal_ctl:call/1:387)
2021-12-09 09:50:23.021743+00:00 [debug] Handling API call: get_credentials("24h", "alice") (eturnal_ctl:get_credentials/2:56)
2021-12-09 09:50:23.021879+00:00 [debug] eturnal call ({get_password,<<"1639129823:alice">>}) returned {ok,
                                                               <<"Q7tQ0ntfoKdmaZWNdzHEhHK+lEg=">>} (eturnal_ctl:call/1:387)
2021-12-09 09:50:23.022039+00:00 [debug] Handling API call: get_password("1639129823:alice") (eturnal_ctl:get_password/1:78)
2021-12-09 09:50:23.022185+00:00 [debug] eturnal call ({get_password,<<"1639129823:alice">>}) returned {ok,
                                                               <<"Q7tQ0ntfoKdmaZWNdzHEhHK+lEg=">>} (eturnal_ctl:call/1:387)
2021-12-09 09:50:23.022344+00:00 [debug] Handling API call: get_credentials("1d", "alice") (eturnal_ctl:get_credentials/2:56)
2021-12-09 09:50:23.022466+00:00 [debug] eturnal call ({get_password,<<"1639129823:alice">>}) returned {ok,
                                                               <<"Q7tQ0ntfoKdmaZWNdzHEhHK+lEg=">>} (eturnal_ctl:call/1:387)
2021-12-09 09:50:23.022582+00:00 [debug] Handling API call: get_password("1639129823:alice") (eturnal_ctl:get_password/1:78)
2021-12-09 09:50:23.022707+00:00 [debug] eturnal call ({get_password,<<"1639129823:alice">>}) returned {ok,
                                                               <<"Q7tQ0ntfoKdmaZWNdzHEhHK+lEg=">>} (eturnal_ctl:call/1:387)
2021-12-09 09:50:23.052495+00:00 [debug] Handling API call: set_loglevel(debug) (eturnal_ctl:set_loglevel/1:149)
2021-12-09 09:50:23.052791+00:00 [debug] eturnal call ({set_loglevel,debug}) returned ok (eturnal_ctl:call/1:384)
2021-12-09 09:50:23.052961+00:00 [debug] Handling API call: get_loglevel() (eturnal_ctl:get_loglevel/0:139)
2021-12-09 09:50:23.053110+00:00 [debug] eturnal call (get_loglevel) returned {ok,debug} (eturnal_ctl:call/1:387)
2021-12-09 09:50:23.077986+00:00 [debug] Handling API call: get_version() (eturnal_ctl:get_version/0:129)
2021-12-09 09:50:23.078324+00:00 [debug] eturnal call (get_version) returned {ok,<<"1.6.0">>} (eturnal_ctl:call/1:387)
2021-12-09 09:50:23.103028+00:00 [debug] Handling API call: reload() (eturnal_ctl:reload/0:168)
2021-12-09 09:50:23.105289+00:00 [debug] Keeping PEM file (run/cert.pem) (eturnal:check_pem_file/0:492)
2021-12-09 09:50:23.105422+00:00 [debug] TLS certificate unchanged (eturnal:handle_call/3:167)
2021-12-09 09:50:23.105536+00:00 [debug] Reloaded configuration (eturnal:handle_call/3:171)
2021-12-09 09:50:23.105679+00:00 [debug] eturnal call (reload) returned ok (eturnal_ctl:call/1:384)
2021-12-09 09:50:23.130996+00:00 [info] Accepting connection: 127.0.0.1:47030 -> 127.0.0.1:34780 [TCP, session j] (stun_listener:accept/2:189)
2021-12-09 09:50:23.135116+00:00 [info] Connection reset by peer [TCP, session j, anonymous, client 127.0.0.1:47030] (stun:handle_info/3:171)
2021-12-09 09:50:23.160603+00:00 [info] Accepting connection: 127.0.0.1:36576 -> 127.0.0.1:53490 [TLS, session i] (stun_listener:accept/2:189)
2021-12-09 09:50:23.166051+00:00 [info] Connection reset by peer [TLS, session i, anonymous, client 127.0.0.1:36576] (stun:handle_info/3:171)
2021-12-09 09:50:23.201639+00:00 [debug] Received:
#stun{class = request,method = 3,magic = 554869826,
      trid = 9913400573715520089063760430,raw = <<>>,unsupported = [],
      'ALTERNATE-SERVER' = undefined,'CHANNEL-NUMBER' = undefined,
      'DATA' = undefined,'DONT-FRAGMENT' = false,'ERROR-CODE' = undefined,
      'LIFETIME' = undefined,'MAPPED-ADDRESS' = undefined,
      'MESSAGE-INTEGRITY' = undefined,'NONCE' = undefined,'REALM' = undefined,
      'REQUESTED-ADDRESS-FAMILY' = undefined,
      'REQUESTED-TRANSPORT' = undefined,'SOFTWARE' = undefined,
      'UNKNOWN-ATTRIBUTES' = [],'USERNAME' = undefined,
      'XOR-MAPPED-ADDRESS' = undefined,'XOR-PEER-ADDRESS' = [],
      'XOR-RELAYED-ADDRESS' = undefined} (stun:udp_recv/5:111)
2021-12-09 09:50:23.201912+00:00 [debug] Sending:
#stun{class = error,method = 3,magic = 554869826,
      trid = 9913400573715520089063760430,raw = <<>>,unsupported = [],
      'ALTERNATE-SERVER' = undefined,'CHANNEL-NUMBER' = undefined,
      'DATA' = undefined,'DONT-FRAGMENT' = false,
      'ERROR-CODE' = {401,<<"Unauthorized">>},
      'LIFETIME' = undefined,'MAPPED-ADDRESS' = undefined,
      'MESSAGE-INTEGRITY' = undefined,'NONCE' = <<"4205261027">>,
      'REALM' = <<"eturnal.net">>,'REQUESTED-ADDRESS-FAMILY' = undefined,
      'REQUESTED-TRANSPORT' = undefined,'SOFTWARE' = <<"eturnal">>,
      'UNKNOWN-ATTRIBUTES' = [],'USERNAME' = undefined,
      'XOR-MAPPED-ADDRESS' = undefined,'XOR-PEER-ADDRESS' = [],
      'XOR-RELAYED-ADDRESS' = undefined} (stun:send/3:433)
2021-12-09 09:50:23.202282+00:00 [debug] Received:
#stun{class = request,method = 3,magic = 554869826,
      trid = 1626443976711341692162511082,
      raw = <<0,3,0,80,33,18,164,66,5,65,92,232,166,25,17,39,17,101,144,234,0,
              25,0,4,17,0,0,0,0,6,0,10,50,49,52,53,57,49,51,50,48,48,0,0,0,20,
              0,11,101,116,117,114,110,97,108,46,110,101,116,0,0,21,0,10,52,50,
              48,53,50,54,49,48,50,55,0,0>>,
      unsupported = [],'ALTERNATE-SERVER' = undefined,
      'CHANNEL-NUMBER' = undefined,'DATA' = undefined,'DONT-FRAGMENT' = false,
      'ERROR-CODE' = undefined,'LIFETIME' = undefined,
      'MAPPED-ADDRESS' = undefined,
      'MESSAGE-INTEGRITY' = <<45,130,141,31,171,196,79,215,0,121,166,127,14,2,
                              103,135,193,166,78,186>>,
      'NONCE' = <<"4205261027">>,'REALM' = <<"eturnal.net">>,
      'REQUESTED-ADDRESS-FAMILY' = undefined,'REQUESTED-TRANSPORT' = udp,
      'SOFTWARE' = undefined,'UNKNOWN-ATTRIBUTES' = [],
      'USERNAME' = <<"2145913200">>,'XOR-MAPPED-ADDRESS' = undefined,
      'XOR-PEER-ADDRESS' = [],'XOR-RELAYED-ADDRESS' = undefined} (stun:udp_recv/5:111)
2021-12-09 09:50:23.202426+00:00 [debug] Looking up password for: 2145913200 [UDP, session 3m, user 2145913200, client 127.0.0.1:49125] (eturnal:get_password/2:81)
2021-12-09 09:50:23.202499+00:00 [info] Accepting long-term STUN/TURN authentication [UDP, session 3m, user 2145913200, client 127.0.0.1:49125] (stun:process/2:249)
2021-12-09 09:50:23.205457+00:00 [debug] Running 'turn_session_start' hook [UDP, session 3m, user 2145913200, client 127.0.0.1:49125] (turn:run_hook/2:701)
2021-12-09 09:50:23.205546+00:00 [debug] Got 'turn_session_start' event [UDP, session 3m, user 2145913200, client 127.0.0.1:49125] (eturnal_module:handle_event/2:151)
2021-12-09 09:50:23.205789+00:00 [notice] Creating TURN allocation (lifetime: 599 seconds) [UDP, session 3m, user 2145913200, client 127.0.0.1:49125, relay 10.1.0.61:55044] (turn:wait_for_allocate/2:205)
2021-12-09 09:50:23.205917+00:00 [debug] Sending:
#stun{class = response,method = 3,magic = 554869826,
      trid = 1626443976711341692162511082,raw = <<>>,unsupported = [],
      'ALTERNATE-SERVER' = undefined,'CHANNEL-NUMBER' = undefined,
      'DATA' = undefined,'DONT-FRAGMENT' = false,'ERROR-CODE' = undefined,
      'LIFETIME' = 599,'MAPPED-ADDRESS' = undefined,
      'MESSAGE-INTEGRITY' = undefined,'NONCE' = undefined,'REALM' = undefined,
      'REQUESTED-ADDRESS-FAMILY' = undefined,
      'REQUESTED-TRANSPORT' = undefined,'SOFTWARE' = undefined,
      'UNKNOWN-ATTRIBUTES' = [],'USERNAME' = undefined,
      'XOR-MAPPED-ADDRESS' = {{127,0,0,1},49125},
      'XOR-PEER-ADDRESS' = [],
      'XOR-RELAYED-ADDRESS' = {{10,1,0,61},55044}} (turn:send/2:519)
2021-12-09 09:50:23.206198+00:00 [debug] Received:
#stun{class = request,method = 4,magic = 554869826,
      trid = 35036706971343829813676045222,
      raw = <<0,4,0,80,33,18,164,66,113,53,175,74,192,226,24,63,12,229,115,166,
              0,6,0,10,50,49,52,53,57,49,51,50,48,48,0,0,0,20,0,11,101,116,117,
              114,110,97,108,46,110,101,116,0,0,21,0,10,52,50,48,53,50,54,49,
              48,50,55,0,0,0,13,0,4,0,0,0,0>>,
      unsupported = [],'ALTERNATE-SERVER' = undefined,
      'CHANNEL-NUMBER' = undefined,'DATA' = undefined,'DONT-FRAGMENT' = false,
      'ERROR-CODE' = undefined,'LIFETIME' = 0,'MAPPED-ADDRESS' = undefined,
      'MESSAGE-INTEGRITY' = <<174,39,255,152,231,220,248,138,73,177,97,224,45,
                              39,24,218,122,230,116,52>>,
      'NONCE' = <<"4205261027">>,'REALM' = <<"eturnal.net">>,
      'REQUESTED-ADDRESS-FAMILY' = undefined,
      'REQUESTED-TRANSPORT' = undefined,'SOFTWARE' = undefined,
      'UNKNOWN-ATTRIBUTES' = [],'USERNAME' = <<"2145913200">>,
      'XOR-MAPPED-ADDRESS' = undefined,'XOR-PEER-ADDRESS' = [],
      'XOR-RELAYED-ADDRESS' = undefined} (stun:udp_recv/5:111)
2021-12-09 09:50:23.206315+00:00 [debug] Looking up password for: 2145913200 [UDP, session 4i, user 2145913200, client 127.0.0.1:49125] (eturnal:get_password/2:81)
2021-12-09 09:50:23.206378+00:00 [info] Accepting long-term STUN/TURN authentication [UDP, session 4i, user 2145913200, client 127.0.0.1:49125] (stun:process/2:249)
2021-12-09 09:50:23.206457+00:00 [info] Client requested closing the TURN session [UDP, session 3m, user 2145913200, client 127.0.0.1:49125, relay 10.1.0.61:55044] (turn:active/2:260)
2021-12-09 09:50:23.206571+00:00 [debug] Sending:
#stun{class = response,method = 4,magic = 554869826,
      trid = 35036706971343829813676045222,raw = <<>>,unsupported = [],
      'ALTERNATE-SERVER' = undefined,'CHANNEL-NUMBER' = undefined,
      'DATA' = undefined,'DONT-FRAGMENT' = false,'ERROR-CODE' = undefined,
      'LIFETIME' = 0,'MAPPED-ADDRESS' = undefined,
      'MESSAGE-INTEGRITY' = undefined,'NONCE' = undefined,'REALM' = undefined,
      'REQUESTED-ADDRESS-FAMILY' = undefined,
      'REQUESTED-TRANSPORT' = undefined,'SOFTWARE' = undefined,
      'UNKNOWN-ATTRIBUTES' = [],'USERNAME' = undefined,
      'XOR-MAPPED-ADDRESS' = undefined,'XOR-PEER-ADDRESS' = [],
      'XOR-RELAYED-ADDRESS' = undefined} (turn:send/2:519)
2021-12-09 09:50:23.206677+00:00 [info] Deleting TURN allocation [UDP, session 3m, user 2145913200, client 127.0.0.1:49125, relay 10.1.0.61:55044] (turn:terminate/3:452)
2021-12-09 09:50:23.206748+00:00 [notice] Relayed 0 KiB (in 0 B / 0 packets, out 0 B / 0 packets), duration: 0 seconds [UDP, session 3m, user 2145913200, client 127.0.0.1:49125, relay 10.1.0.61:55044] (turn:terminate/3:459)
2021-12-09 09:50:23.206798+00:00 [debug] Running 'turn_session_stop' hook [UDP, session 3m, user 2145913200, client 127.0.0.1:49125, relay 10.1.0.61:55044] (turn:run_hook/2:701)
2021-12-09 09:50:23.206834+00:00 [debug] Got 'turn_session_stop' event [UDP, session 3m, user 2145913200, client 127.0.0.1:49125, relay 10.1.0.61:55044] (eturnal_module:handle_event/2:151)
2021-12-09 09:50:23.206870+00:00 [debug] Calling mod_stats_influx:handle_event/2 [UDP, session 3m, user 2145913200, client 127.0.0.1:49125, relay 10.1.0.61:55044] (eturnal_module:handle_event/2:154)
2021-12-09 09:50:23.206914+00:00 [debug] Writing stats of TURN session 3m to InfluxDB [UDP, session 3m, user 2145913200, client 127.0.0.1:49125, relay 10.1.0.61:55044] (mod_stats_influx:on_turn_session_stop/1:81)
2021-12-09 09:50:23.232488+00:00 [debug] Received:
#stun{class = request,method = 1,magic = 554869826,
      trid = 48735776259355793050560596036,raw = <<>>,unsupported = [],
      'ALTERNATE-SERVER' = undefined,'CHANNEL-NUMBER' = undefined,
      'DATA' = undefined,'DONT-FRAGMENT' = false,'ERROR-CODE' = undefined,
      'LIFETIME' = undefined,'MAPPED-ADDRESS' = undefined,
      'MESSAGE-INTEGRITY' = undefined,'NONCE' = undefined,'REALM' = undefined,
      'REQUESTED-ADDRESS-FAMILY' = undefined,
      'REQUESTED-TRANSPORT' = undefined,'SOFTWARE' = undefined,
      'UNKNOWN-ATTRIBUTES' = [],'USERNAME' = undefined,
      'XOR-MAPPED-ADDRESS' = undefined,'XOR-PEER-ADDRESS' = [],
      'XOR-RELAYED-ADDRESS' = undefined} (stun:udp_recv/5:111)
2021-12-09 09:50:23.232623+00:00 [debug] Responding to STUN request [UDP, session 4y, anonymous, client 127.0.0.1:60679] (stun:process/3:308)
2021-12-09 09:50:23.232737+00:00 [debug] Running 'stun_query' hook [UDP, session 4y, anonymous, client 127.0.0.1:60679] (stun:run_hook/3:772)
2021-12-09 09:50:23.232819+00:00 [debug] Got 'stun_query' event [UDP, session 4y, anonymous, client 127.0.0.1:60679] (eturnal_module:handle_event/2:151)
2021-12-09 09:50:23.232868+00:00 [debug] Calling mod_log_stun:handle_event/2 [UDP, session 4y, anonymous, client 127.0.0.1:60679] (eturnal_module:handle_event/2:154)
2021-12-09 09:50:23.232917+00:00 [info] Responding to STUN request [UDP, session 4y, anonymous, client 127.0.0.1:60679] (mod_log_stun:handle_event/2:45)
2021-12-09 09:50:23.232966+00:00 [debug] Calling mod_stats_influx:handle_event/2 [UDP, session 4y, anonymous, client 127.0.0.1:60679] (eturnal_module:handle_event/2:154)
2021-12-09 09:50:23.233011+00:00 [debug] Writing STUN query event to InfluxDB [UDP, session 4y, anonymous, client 127.0.0.1:60679] (mod_stats_influx:on_stun_query/1:70)
2021-12-09 09:50:23.233248+00:00 [debug] Sending:
#stun{class = response,method = 1,magic = 554869826,
      trid = 48735776259355793050560596036,raw = <<>>,unsupported = [],
      'ALTERNATE-SERVER' = undefined,'CHANNEL-NUMBER' = undefined,
      'DATA' = undefined,'DONT-FRAGMENT' = false,'ERROR-CODE' = undefined,
      'LIFETIME' = undefined,'MAPPED-ADDRESS' = undefined,
      'MESSAGE-INTEGRITY' = undefined,'NONCE' = undefined,'REALM' = undefined,
      'REQUESTED-ADDRESS-FAMILY' = undefined,
      'REQUESTED-TRANSPORT' = undefined,'SOFTWARE' = <<"eturnal">>,
      'UNKNOWN-ATTRIBUTES' = [],'USERNAME' = undefined,
      'XOR-MAPPED-ADDRESS' = {{127,0,0,1},60679},
      'XOR-PEER-ADDRESS' = [],'XOR-RELAYED-ADDRESS' = undefined} (stun:send/3:433)
2021-12-09 09:50:23.258409+00:00 [info] Accepting connection: 127.0.0.1:47034 -> 127.0.0.1:34780 [TCP, session 1e] (stun_listener:accept/2:189)
2021-12-09 09:50:23.258748+00:00 [debug] Received:
#stun{class = request,method = 1,magic = 554869826,
      trid = 62231515542243827807668573602,raw = <<>>,unsupported = [],
      'ALTERNATE-SERVER' = undefined,'CHANNEL-NUMBER' = undefined,
      'DATA' = undefined,'DONT-FRAGMENT' = false,'ERROR-CODE' = undefined,
      'LIFETIME' = undefined,'MAPPED-ADDRESS' = undefined,
      'MESSAGE-INTEGRITY' = undefined,'NONCE' = undefined,'REALM' = undefined,
      'REQUESTED-ADDRESS-FAMILY' = undefined,
      'REQUESTED-TRANSPORT' = undefined,'SOFTWARE' = undefined,
      'UNKNOWN-ATTRIBUTES' = [],'USERNAME' = undefined,
      'XOR-MAPPED-ADDRESS' = undefined,'XOR-PEER-ADDRESS' = [],
      'XOR-RELAYED-ADDRESS' = undefined} (stun:process_data/3:392)
2021-12-09 09:50:23.258900+00:00 [debug] Responding to STUN request [TCP, session 1e, anonymous, client 127.0.0.1:47034] (stun:process/3:308)
2021-12-09 09:50:23.258939+00:00 [debug] Running 'stun_query' hook [TCP, session 1e, anonymous, client 127.0.0.1:47034] (stun:run_hook/3:772)
2021-12-09 09:50:23.258993+00:00 [debug] Got 'stun_query' event [TCP, session 1e, anonymous, client 127.0.0.1:47034] (eturnal_module:handle_event/2:151)
2021-12-09 09:50:23.259042+00:00 [debug] Calling mod_log_stun:handle_event/2 [TCP, session 1e, anonymous, client 127.0.0.1:47034] (eturnal_module:handle_event/2:154)
2021-12-09 09:50:23.259091+00:00 [info] Responding to STUN request [TCP, session 1e, anonymous, client 127.0.0.1:47034] (mod_log_stun:handle_event/2:45)
2021-12-09 09:50:23.259138+00:00 [debug] Calling mod_stats_influx:handle_event/2 [TCP, session 1e, anonymous, client 127.0.0.1:47034] (eturnal_module:handle_event/2:154)
2021-12-09 09:50:23.259183+00:00 [debug] Writing STUN query event to InfluxDB [TCP, session 1e, anonymous, client 127.0.0.1:47034] (mod_stats_influx:on_stun_query/1:70)
2021-12-09 09:50:23.259412+00:00 [debug] Sending:
#stun{class = response,method = 1,magic = 554869826,
      trid = 62231515542243827807668573602,raw = <<>>,unsupported = [],
      'ALTERNATE-SERVER' = undefined,'CHANNEL-NUMBER' = undefined,
      'DATA' = undefined,'DONT-FRAGMENT' = false,'ERROR-CODE' = undefined,
      'LIFETIME' = undefined,'MAPPED-ADDRESS' = undefined,
      'MESSAGE-INTEGRITY' = undefined,'NONCE' = undefined,'REALM' = undefined,
      'REQUESTED-ADDRESS-FAMILY' = undefined,
      'REQUESTED-TRANSPORT' = undefined,'SOFTWARE' = <<"P1 STUN library">>,
      'UNKNOWN-ATTRIBUTES' = [],'USERNAME' = undefined,
      'XOR-MAPPED-ADDRESS' = {{127,0,0,1},47034},
      'XOR-PEER-ADDRESS' = [],'XOR-RELAYED-ADDRESS' = undefined} (stun:send/3:433)
2021-12-09 09:50:23.259726+00:00 [info] Connection reset by peer [TCP, session 1e, anonymous, client 127.0.0.1:47034] (stun:handle_info/3:171)
2021-12-09 09:50:23.285081+00:00 [info] Accepting connection: 127.0.0.1:36580 -> 127.0.0.1:53490 [TLS, session 1u] (stun_listener:accept/2:189)
2021-12-09 09:50:23.394986+00:00 [debug] Received:
#stun{class = request,method = 1,magic = 554869826,
      trid = 31254488604518721182391719949,raw = <<>>,unsupported = [],
      'ALTERNATE-SERVER' = undefined,'CHANNEL-NUMBER' = undefined,
      'DATA' = undefined,'DONT-FRAGMENT' = false,'ERROR-CODE' = undefined,
      'LIFETIME' = undefined,'MAPPED-ADDRESS' = undefined,
      'MESSAGE-INTEGRITY' = undefined,'NONCE' = undefined,'REALM' = undefined,
      'REQUESTED-ADDRESS-FAMILY' = undefined,
      'REQUESTED-TRANSPORT' = undefined,'SOFTWARE' = undefined,
      'UNKNOWN-ATTRIBUTES' = [],'USERNAME' = undefined,
      'XOR-MAPPED-ADDRESS' = undefined,'XOR-PEER-ADDRESS' = [],
      'XOR-RELAYED-ADDRESS' = undefined} (stun:process_data/3:392)
2021-12-09 09:50:23.395159+00:00 [debug] Responding to STUN request [TLS, session 1u, anonymous, client 127.0.0.1:36580] (stun:process/3:308)
2021-12-09 09:50:23.395215+00:00 [debug] Running 'stun_query' hook [TLS, session 1u, anonymous, client 127.0.0.1:36580] (stun:run_hook/3:772)
2021-12-09 09:50:23.395305+00:00 [debug] Got 'stun_query' event [TLS, session 1u, anonymous, client 127.0.0.1:36580] (eturnal_module:handle_event/2:151)
2021-12-09 09:50:23.395348+00:00 [debug] Calling mod_log_stun:handle_event/2 [TLS, session 1u, anonymous, client 127.0.0.1:36580] (eturnal_module:handle_event/2:154)
2021-12-09 09:50:23.395409+00:00 [info] Responding to STUN request [TLS, session 1u, anonymous, client 127.0.0.1:36580] (mod_log_stun:handle_event/2:45)
2021-12-09 09:50:23.395446+00:00 [debug] Calling mod_stats_influx:handle_event/2 [TLS, session 1u, anonymous, client 127.0.0.1:36580] (eturnal_module:handle_event/2:154)
2021-12-09 09:50:23.395477+00:00 [debug] Writing STUN query event to InfluxDB [TLS, session 1u, anonymous, client 127.0.0.1:36580] (mod_stats_influx:on_stun_query/1:70)
2021-12-09 09:50:23.395981+00:00 [debug] Sending:
#stun{class = response,method = 1,magic = 554869826,
      trid = 31254488604518721182391719949,raw = <<>>,unsupported = [],
      'ALTERNATE-SERVER' = undefined,'CHANNEL-NUMBER' = undefined,
      'DATA' = undefined,'DONT-FRAGMENT' = false,'ERROR-CODE' = undefined,
      'LIFETIME' = undefined,'MAPPED-ADDRESS' = undefined,
      'MESSAGE-INTEGRITY' = undefined,'NONCE' = undefined,'REALM' = undefined,
      'REQUESTED-ADDRESS-FAMILY' = undefined,
      'REQUESTED-TRANSPORT' = undefined,'SOFTWARE' = <<"P1 STUN library">>,
      'UNKNOWN-ATTRIBUTES' = [],'USERNAME' = undefined,
      'XOR-MAPPED-ADDRESS' = {{127,0,0,1},36580},
      'XOR-PEER-ADDRESS' = [],'XOR-RELAYED-ADDRESS' = undefined} (stun:send/3:433)
2021-12-09 09:50:23.396323+00:00 [info] Connection reset by peer [TLS, session 1u, anonymous, client 127.0.0.1:36580] (stun:handle_info/3:171)
2021-12-09 09:50:23.421636+00:00 [info] Accepting connection: 127.0.0.1:55848 -> 127.0.0.1:34781 [TCP|TLS, session y] (stun_listener:accept/2:189)
2021-12-09 09:50:23.421894+00:00 [debug] Determined transport protocol: TCP (stun:is_tls_handshake/1:736)
2021-12-09 09:50:23.422599+00:00 [debug] Received:
#stun{class = request,method = 1,magic = 554869826,
      trid = 1317371708419047577847567995,raw = <<>>,unsupported = [],
      'ALTERNATE-SERVER' = undefined,'CHANNEL-NUMBER' = undefined,
      'DATA' = undefined,'DONT-FRAGMENT' = false,'ERROR-CODE' = undefined,
      'LIFETIME' = undefined,'MAPPED-ADDRESS' = undefined,
      'MESSAGE-INTEGRITY' = undefined,'NONCE' = undefined,'REALM' = undefined,
      'REQUESTED-ADDRESS-FAMILY' = undefined,
      'REQUESTED-TRANSPORT' = undefined,'SOFTWARE' = undefined,
      'UNKNOWN-ATTRIBUTES' = [],'USERNAME' = undefined,
      'XOR-MAPPED-ADDRESS' = undefined,'XOR-PEER-ADDRESS' = [],
      'XOR-RELAYED-ADDRESS' = undefined} (stun:process_data/3:392)
2021-12-09 09:50:23.422728+00:00 [debug] Responding to STUN request [TCP, session y, anonymous, client 127.0.0.1:55848] (stun:process/3:308)
2021-12-09 09:50:23.422783+00:00 [debug] Running 'stun_query' hook [TCP, session y, anonymous, client 127.0.0.1:55848] (stun:run_hook/3:772)
2021-12-09 09:50:23.422843+00:00 [debug] Got 'stun_query' event [TCP, session y, anonymous, client 127.0.0.1:55848] (eturnal_module:handle_event/2:151)
2021-12-09 09:50:23.422892+00:00 [debug] Calling mod_log_stun:handle_event/2 [TCP, session y, anonymous, client 127.0.0.1:55848] (eturnal_module:handle_event/2:154)
2021-12-09 09:50:23.422940+00:00 [info] Responding to STUN request [TCP, session y, anonymous, client 127.0.0.1:55848] (mod_log_stun:handle_event/2:45)
2021-12-09 09:50:23.423006+00:00 [debug] Calling mod_stats_influx:handle_event/2 [TCP, session y, anonymous, client 127.0.0.1:55848] (eturnal_module:handle_event/2:154)
2021-12-09 09:50:23.423042+00:00 [debug] Writing STUN query event to InfluxDB [TCP, session y, anonymous, client 127.0.0.1:55848] (mod_stats_influx:on_stun_query/1:70)
2021-12-09 09:50:23.423294+00:00 [debug] Sending:
#stun{class = response,method = 1,magic = 554869826,
      trid = 1317371708419047577847567995,raw = <<>>,unsupported = [],
      'ALTERNATE-SERVER' = undefined,'CHANNEL-NUMBER' = undefined,
      'DATA' = undefined,'DONT-FRAGMENT' = false,'ERROR-CODE' = undefined,
      'LIFETIME' = undefined,'MAPPED-ADDRESS' = undefined,
      'MESSAGE-INTEGRITY' = undefined,'NONCE' = undefined,'REALM' = undefined,
      'REQUESTED-ADDRESS-FAMILY' = undefined,
      'REQUESTED-TRANSPORT' = undefined,'SOFTWARE' = <<"P1 STUN library">>,
      'UNKNOWN-ATTRIBUTES' = [],'USERNAME' = undefined,
      'XOR-MAPPED-ADDRESS' = {{127,0,0,1},55848},
      'XOR-PEER-ADDRESS' = [],'XOR-RELAYED-ADDRESS' = undefined} (stun:send/3:433)
2021-12-09 09:50:23.423557+00:00 [info] Connection reset by peer [TCP, session y, anonymous, client 127.0.0.1:55848] (stun:handle_info/3:171)
2021-12-09 09:50:23.448552+00:00 [info] Accepting connection: 127.0.0.1:55850 -> 127.0.0.1:34781 [TCP|TLS, session 6a] (stun_listener:accept/2:189)
2021-12-09 09:50:23.448793+00:00 [debug] Determined transport protocol: TLS (stun:is_tls_handshake/1:733)
2021-12-09 09:50:23.558022+00:00 [debug] Received:
#stun{class = request,method = 1,magic = 554869826,
      trid = 53820200932005024348027636861,raw = <<>>,unsupported = [],
      'ALTERNATE-SERVER' = undefined,'CHANNEL-NUMBER' = undefined,
      'DATA' = undefined,'DONT-FRAGMENT' = false,'ERROR-CODE' = undefined,
      'LIFETIME' = undefined,'MAPPED-ADDRESS' = undefined,
      'MESSAGE-INTEGRITY' = undefined,'NONCE' = undefined,'REALM' = undefined,
      'REQUESTED-ADDRESS-FAMILY' = undefined,
      'REQUESTED-TRANSPORT' = undefined,'SOFTWARE' = undefined,
      'UNKNOWN-ATTRIBUTES' = [],'USERNAME' = undefined,
      'XOR-MAPPED-ADDRESS' = undefined,'XOR-PEER-ADDRESS' = [],
      'XOR-RELAYED-ADDRESS' = undefined} (stun:process_data/3:392)
2021-12-09 09:50:23.558303+00:00 [debug] Responding to STUN request [TLS, session 6a, anonymous, client 127.0.0.1:55850] (stun:process/3:308)
2021-12-09 09:50:23.558370+00:00 [debug] Running 'stun_query' hook [TLS, session 6a, anonymous, client 127.0.0.1:55850] (stun:run_hook/3:772)
2021-12-09 09:50:23.558430+00:00 [debug] Got 'stun_query' event [TLS, session 6a, anonymous, client 127.0.0.1:55850] (eturnal_module:handle_event/2:151)
2021-12-09 09:50:23.558481+00:00 [debug] Calling mod_log_stun:handle_event/2 [TLS, session 6a, anonymous, client 127.0.0.1:55850] (eturnal_module:handle_event/2:154)
2021-12-09 09:50:23.558529+00:00 [info] Responding to STUN request [TLS, session 6a, anonymous, client 127.0.0.1:55850] (mod_log_stun:handle_event/2:45)
2021-12-09 09:50:23.558666+00:00 [debug] Calling mod_stats_influx:handle_event/2 [TLS, session 6a, anonymous, client 127.0.0.1:55850] (eturnal_module:handle_event/2:154)
2021-12-09 09:50:23.558709+00:00 [debug] Writing STUN query event to InfluxDB [TLS, session 6a, anonymous, client 127.0.0.1:55850] (mod_stats_influx:on_stun_query/1:70)
2021-12-09 09:50:23.559054+00:00 [debug] Sending:
#stun{class = response,method = 1,magic = 554869826,
      trid = 53820200932005024348027636861,raw = <<>>,unsupported = [],
      'ALTERNATE-SERVER' = undefined,'CHANNEL-NUMBER' = undefined,
      'DATA' = undefined,'DONT-FRAGMENT' = false,'ERROR-CODE' = undefined,
      'LIFETIME' = undefined,'MAPPED-ADDRESS' = undefined,
      'MESSAGE-INTEGRITY' = undefined,'NONCE' = undefined,'REALM' = undefined,
      'REQUESTED-ADDRESS-FAMILY' = undefined,
      'REQUESTED-TRANSPORT' = undefined,'SOFTWARE' = <<"P1 STUN library">>,
      'UNKNOWN-ATTRIBUTES' = [],'USERNAME' = undefined,
      'XOR-MAPPED-ADDRESS' = {{127,0,0,1},55850},
      'XOR-PEER-ADDRESS' = [],'XOR-RELAYED-ADDRESS' = undefined} (stun:send/3:433)
2021-12-09 09:50:23.559464+00:00 [info] Connection reset by peer [TLS, session 6a, anonymous, client 127.0.0.1:55850] (stun:handle_info/3:171)
2021-12-09 09:50:23.584495+00:00 [debug] Terminating eturnal (shutdown) (eturnal:terminate/2:225)
2021-12-09 09:50:23.584495+00:00 [debug] No NOTIFY_SOCKET, dropping STOPPING=1 notification (eturnal_systemd:handle_cast/2:107)
2021-12-09 09:50:23.584741+00:00 [debug] Watchdog interval is undefined, hibernating (eturnal_systemd:get_timeout/1:160)
2021-12-09 09:50:23.584774+00:00 [info] Stopped listening on 127.0.0.1:34780 (udp) (eturnal:stop_listeners/1:313)
2021-12-09 09:50:23.584941+00:00 [info] Stopped listening on 127.0.0.1:34780 (tcp) (eturnal:stop_listeners/1:313)
2021-12-09 09:50:23.585164+00:00 [info] Stopped listening on 127.0.0.1:53490 (tls) (eturnal:stop_listeners/1:313)
2021-12-09 09:50:23.585464+00:00 [info] Stopped listening on 127.0.0.1:34781 (auto) (eturnal:stop_listeners/1:313)
2021-12-09 09:50:23.585763+00:00 [debug] Module mod_log_stun doesn't export stop/1 (eturnal_module:stop/1:145)
2021-12-09 09:50:23.585920+00:00 [info] Stopped mod_log_stun (eturnal:stop_modules/1:264)
2021-12-09 09:50:23.587332+00:00 [debug] Module mod_stats_influx doesn't export stop/1 (eturnal_module:stop/1:145)
2021-12-09 09:50:23.587479+00:00 [info] Stopped mod_stats_influx (eturnal:stop_modules/1:264)
2021-12-09 09:50:23.588618+00:00 [debug] Removed run/cert.pem (eturnal:clean_run_dir/0:571)
2021-12-09 09:50:23.589274+00:00 [debug] Terminating eturnal_systemd (shutdown) (eturnal_systemd:terminate/2:134)
2021-12-09 09:50:23.589786+00:00 [notice] Stopping eturnal 1.6.0 on Erlang/OTP 24 (ERTS 12.1.5) (eturnal_app:stop/1:53)
2021-12-09 09:50:23.591178+00:00 [notice]     application: eturnal
    exited: stopped
    type: temporary
 (application_controller:info_exited/3:2119)
