2022-01-08 20:11:39.870112+00:00 [notice] Starting eturnal 1.7.0 on Erlang/OTP 24 (ERTS 12.2) (eturnal_app:start/2:34)
2022-01-08 20:11:39.870390+00:00 [debug] Starting supervisor: eturnal_sup (eturnal_sup:start_link/0:32)
2022-01-08 20:11:39.870572+00:00 [debug] Configuring eturnal_sup supervisor: [#{id => systemd,
                                       start =>
                                           {eturnal_systemd,start_link,[]}},
                                     #{id => eturnal,
                                       start => {eturnal,start_link,[]}}] (eturnal_sup:init/0:40)
2022-01-08 20:11:39.872530+00:00 [info] Got no NOTIFY_SOCKET, notifications disabled (eturnal_systemd:init/1:95)
2022-01-08 20:11:39.872784+00:00 [debug] PROGRESS REPORT:
    supervisor: {local,eturnal_sup}
    started: [{pid,<0.715.0>},
              {id,systemd},
              {mfargs,{eturnal_systemd,start_link,[]}},
              {restart_type,permanent},
              {significant,false},
              {shutdown,5000},
              {child_type,worker}]
 (supervisor:report_progress/2:1562)
2022-01-08 20:11:39.889858+00:00 [info] Cannot determine control query port: noport (eturnal:log_control_listener/0:289)
2022-01-08 20:11:39.890140+00:00 [debug] TURN configuration seems fine (eturnal:check_turn_config/2:492)
2022-01-08 20:11:39.890462+00:00 [debug] Using run directory run (eturnal:ensure_run_dir/0:685)
2022-01-08 20:11:39.890611+00:00 [warning] TLS enabled without 'tls_crt_file', creating self-signed certificate (eturnal:check_pem_file/0:616)
2022-01-08 20:11:41.686361+00:00 [debug] Calling mod_log_stun:start/0 (eturnal_module:start/1:138)
2022-01-08 20:11:41.686673+00:00 [debug] Starting mod_log_stun (mod_log_stun:start/0:39)
2022-01-08 20:11:41.687006+00:00 [info] Started mod_log_stun (eturnal:start_modules/0:300)
2022-01-08 20:11:41.687122+00:00 [debug] Calling mod_stats_influx:start/0 (eturnal_module:start/1:138)
2022-01-08 20:11:41.687288+00:00 [debug] Starting mod_stats_influx (mod_stats_influx:start/0:38)
2022-01-08 20:11:41.689604+00:00 [debug] PROGRESS REPORT:
    application: ulitos
    started_at: nonode@nohost
 (application_controller:info_started/2:2107)
2022-01-08 20:11:41.690879+00:00 [debug] PROGRESS REPORT:
    application: poolboy
    started_at: nonode@nohost
 (application_controller:info_started/2:2107)
2022-01-08 20:11:41.692344+00:00 [info]     msg: Starting application: influx_udp (influx_udp_app:start/2:10)
2022-01-08 20:11:41.703094+00:00 [debug] PROGRESS REPORT:
    supervisor: {local,influx_udp_sup}
    started: [{pid,<0.735.0>},
              {id,influx_udp},
              {mfargs,{influx_udp,start_link,[]}},
              {restart_type,permanent},
              {significant,false},
              {shutdown,5000},
              {child_type,worker}]
 (supervisor:report_progress/2:1562)
2022-01-08 20:11:41.703357+00:00 [debug] PROGRESS REPORT:
    application: influx_udp
    started_at: nonode@nohost
 (application_controller:info_started/2:2107)
2022-01-08 20:11:41.703486+00:00 [debug] Dependency influx_udp was available already (eturnal_module:ensure_dep/2:280)
2022-01-08 20:11:41.706197+00:00 [info]     host: {127,0,0,1}
    msg: Start clients pool
    options: #{host => "localhost",max_overflow => 1,pool_size => 1,
               port => 8089} (influx_udp:start_pool_/2:239)
2022-01-08 20:11:41.723886+00:00 [info]     msg: Open UDP socket on port
    port: 41437 (influx_udp_worker:init/1:43)
2022-01-08 20:11:41.724254+00:00 [debug] PROGRESS REPORT:
    supervisor: {local,influx_udp_sup}
    started: [{pid,<0.738.0>},
              {id,stats_influx_pool},
              {mfargs,
                  {poolboy,start_link,
                      [[{name,{local,stats_influx_pool}},
                        {worker_module,influx_udp_worker},
                        {size,1},
                        {max_overflow,1}],
                       [{options,
                            #{host => {127,0,0,1},
                              max_overflow => 1,pool_size => 1,
                              port => 8089}}]]}},
              {restart_type,permanent},
              {significant,false},
              {shutdown,5000},
              {child_type,worker}]
 (supervisor:report_progress/2:1562)
2022-01-08 20:11:41.724511+00:00 [info] Started mod_stats_influx (eturnal:start_modules/0:300)
2022-01-08 20:11:41.724657+00:00 [debug] Started 2 modules (eturnal:init/1:109)
2022-01-08 20:11:41.724843+00:00 [debug] Starting listener 127.0.0.1:34780 (udp) with options:
[{use_turn,true},
 {auth_type,user},
 {turn_ipv4_address,{10,1,0,142}},
 {turn_ipv6_address,{0,0,0,0,0,0,0,1}},
 {turn_min_port,49152},
 {turn_max_port,65535},
 {turn_max_allocations,10},
 {turn_max_permissions,10},
 {shaper,100000},
 {turn_blacklist,[{{203,0,113,4},32},{{8193,3512,0,0,0,0,0,4},128}]},
 {turn_whitelist,[]},
 {auth_realm,<<"eturnal.net">>},
 {server_name,<<"eturnal">>},
 {auth_fun,fun eturnal:get_password/2},
 {hook_fun,fun eturnal:run_hook/2}] (eturnal:start_listeners/0:344)
2022-01-08 20:11:41.725506+00:00 [info] Listening on 127.0.0.1:34780 (udp) (STUN/TURN) (eturnal:start_listeners/0:349)
2022-01-08 20:11:41.725681+00:00 [debug] Starting listener 127.0.0.1:34780 (tcp) with options:
[{use_turn,false},
 {auth_type,anonymous},
 {turn_ipv4_address,{10,1,0,142}},
 {turn_ipv6_address,{0,0,0,0,0,0,0,1}},
 {turn_min_port,49152},
 {turn_max_port,65535},
 {turn_max_allocations,10},
 {turn_max_permissions,10},
 {shaper,100000},
 {turn_blacklist,[{{203,0,113,4},32},{{8193,3512,0,0,0,0,0,4},128}]},
 {turn_whitelist,[]},
 {auth_realm,<<"eturnal.net">>},
 {server_name,<<"eturnal">>},
 {auth_fun,fun eturnal:get_password/2},
 {hook_fun,fun eturnal:run_hook/2}] (eturnal:start_listeners/0:344)
2022-01-08 20:11:41.758344+00:00 [info] Listening on 127.0.0.1:34780 (tcp) (STUN only) (eturnal:start_listeners/0:349)
2022-01-08 20:11:41.758572+00:00 [debug] Starting listener 127.0.0.1:53490 (tls) with options:
[{use_turn,false},
 {auth_type,anonymous},
 {tls,true},
 {certfile,<<"run/cert.pem">>},
 {turn_ipv4_address,{10,1,0,142}},
 {turn_ipv6_address,{0,0,0,0,0,0,0,1}},
 {turn_min_port,49152},
 {turn_max_port,65535},
 {turn_max_allocations,10},
 {turn_max_permissions,10},
 {shaper,100000},
 {turn_blacklist,[{{203,0,113,4},32},{{8193,3512,0,0,0,0,0,4},128}]},
 {turn_whitelist,[]},
 {auth_realm,<<"eturnal.net">>},
 {server_name,<<"eturnal">>},
 {auth_fun,fun eturnal:get_password/2},
 {hook_fun,fun eturnal:run_hook/2}] (eturnal:start_listeners/0:344)
2022-01-08 20:11:41.759159+00:00 [info] Listening on 127.0.0.1:53490 (tls) (STUN only) (eturnal:start_listeners/0:349)
2022-01-08 20:11:41.759334+00:00 [debug] Starting listener 127.0.0.1:34781 (auto) with options:
[{use_turn,false},
 {auth_type,anonymous},
 {tls,optional},
 {certfile,<<"run/cert.pem">>},
 {turn_ipv4_address,{10,1,0,142}},
 {turn_ipv6_address,{0,0,0,0,0,0,0,1}},
 {turn_min_port,49152},
 {turn_max_port,65535},
 {turn_max_allocations,10},
 {turn_max_permissions,10},
 {shaper,100000},
 {turn_blacklist,[{{203,0,113,4},32},{{8193,3512,0,0,0,0,0,4},128}]},
 {turn_whitelist,[]},
 {auth_realm,<<"eturnal.net">>},
 {server_name,<<"eturnal">>},
 {auth_fun,fun eturnal:get_password/2},
 {hook_fun,fun eturnal:run_hook/2}] (eturnal:start_listeners/0:344)
2022-01-08 20:11:41.786719+00:00 [info] Listening on 127.0.0.1:34781 (auto) (STUN only) (eturnal:start_listeners/0:349)
2022-01-08 20:11:41.786954+00:00 [debug] Started 4 listeners (eturnal:init/1:117)
2022-01-08 20:11:41.787195+00:00 [debug] PROGRESS REPORT:
    supervisor: {local,eturnal_sup}
    started: [{pid,<0.717.0>},
              {id,eturnal},
              {mfargs,{eturnal,start_link,[]}},
              {restart_type,permanent},
              {significant,false},
              {shutdown,5000},
              {child_type,worker}]
 (supervisor:report_progress/2:1562)
2022-01-08 20:11:41.787361+00:00 [debug] No NOTIFY_SOCKET, dropping READY=1 notification (eturnal_systemd:handle_cast/2:109)
2022-01-08 20:11:41.787399+00:00 [debug] PROGRESS REPORT:
    application: eturnal
    started_at: nonode@nohost
 (application_controller:info_started/2:2107)
2022-01-08 20:11:41.787590+00:00 [debug] Watchdog interval is undefined, hibernating (eturnal_systemd:get_timeout/1:162)
2022-01-08 20:11:41.833385+00:00 [debug] Handling API call: get_info() (eturnal_ctl:get_info/0:146)
2022-01-08 20:11:41.834317+00:00 [debug] eturnal call (get_info) returned {ok,
                                  {eturnal_node_info,<<"1.7.0">>,
                                   {"24","12.2"},
                                   5150,0,137,92907507,1,39049848}} (eturnal_ctl:call/1:464)
2022-01-08 20:11:41.860055+00:00 [debug] Handling API call: get_sessions() (eturnal_ctl:get_sessions/0:109)
2022-01-08 20:11:41.888017+00:00 [debug] Handling API call: get_sessions("alice") (eturnal_ctl:get_sessions/1:123)
2022-01-08 20:11:41.915249+00:00 [debug] Handling API call: disconnect("alice") (eturnal_ctl:disconnect/1:195)
2022-01-08 20:11:41.942494+00:00 [debug] Handling API call: get_credentials("2009-10-30 11:00:00Z", []) (eturnal_ctl:get_credentials/2:60)
2022-01-08 20:11:41.942934+00:00 [debug] eturnal call ({get_password,<<"1256900400">>}) returned {ok,
                                                         <<"uEKlpcME7MNMMVRV8rUFPCTIFEs=">>} (eturnal_ctl:call/1:464)
2022-01-08 20:11:41.948631+00:00 [debug] Handling API call: get_credentials("86400", "alice") (eturnal_ctl:get_credentials/2:60)
2022-01-08 20:11:41.949105+00:00 [debug] eturnal call ({get_password,<<"1641759101:alice">>}) returned {ok,
                                                               <<"nHcg+rIxSo3TAeVRrXhR4SPKNm0=">>} (eturnal_ctl:call/1:464)
2022-01-08 20:11:41.949442+00:00 [debug] Handling API call: get_password("1641759101:alice") (eturnal_ctl:get_password/1:82)
2022-01-08 20:11:41.949607+00:00 [debug] eturnal call ({get_password,<<"1641759101:alice">>}) returned {ok,
                                                               <<"nHcg+rIxSo3TAeVRrXhR4SPKNm0=">>} (eturnal_ctl:call/1:464)
2022-01-08 20:11:41.950201+00:00 [debug] Handling API call: get_credentials("86400s", "alice") (eturnal_ctl:get_credentials/2:60)
2022-01-08 20:11:41.950541+00:00 [debug] eturnal call ({get_password,<<"1641759101:alice">>}) returned {ok,
                                                               <<"nHcg+rIxSo3TAeVRrXhR4SPKNm0=">>} (eturnal_ctl:call/1:464)
2022-01-08 20:11:41.950879+00:00 [debug] Handling API call: get_password("1641759101:alice") (eturnal_ctl:get_password/1:82)
2022-01-08 20:11:41.951203+00:00 [debug] eturnal call ({get_password,<<"1641759101:alice">>}) returned {ok,
                                                               <<"nHcg+rIxSo3TAeVRrXhR4SPKNm0=">>} (eturnal_ctl:call/1:464)
2022-01-08 20:11:41.951373+00:00 [debug] Handling API call: get_credentials("1440m", "alice") (eturnal_ctl:get_credentials/2:60)
2022-01-08 20:11:41.951892+00:00 [debug] eturnal call ({get_password,<<"1641759101:alice">>}) returned {ok,
                                                               <<"nHcg+rIxSo3TAeVRrXhR4SPKNm0=">>} (eturnal_ctl:call/1:464)
2022-01-08 20:11:41.952087+00:00 [debug] Handling API call: get_password("1641759101:alice") (eturnal_ctl:get_password/1:82)
2022-01-08 20:11:41.952251+00:00 [debug] eturnal call ({get_password,<<"1641759101:alice">>}) returned {ok,
                                                               <<"nHcg+rIxSo3TAeVRrXhR4SPKNm0=">>} (eturnal_ctl:call/1:464)
2022-01-08 20:11:41.952439+00:00 [debug] Handling API call: get_credentials("24h", "alice") (eturnal_ctl:get_credentials/2:60)
2022-01-08 20:11:41.952582+00:00 [debug] eturnal call ({get_password,<<"1641759101:alice">>}) returned {ok,
                                                               <<"nHcg+rIxSo3TAeVRrXhR4SPKNm0=">>} (eturnal_ctl:call/1:464)
2022-01-08 20:11:41.952730+00:00 [debug] Handling API call: get_password("1641759101:alice") (eturnal_ctl:get_password/1:82)
2022-01-08 20:11:41.952845+00:00 [debug] eturnal call ({get_password,<<"1641759101:alice">>}) returned {ok,
                                                               <<"nHcg+rIxSo3TAeVRrXhR4SPKNm0=">>} (eturnal_ctl:call/1:464)
2022-01-08 20:11:41.953023+00:00 [debug] Handling API call: get_credentials("1d", "alice") (eturnal_ctl:get_credentials/2:60)
2022-01-08 20:11:41.953161+00:00 [debug] eturnal call ({get_password,<<"1641759101:alice">>}) returned {ok,
                                                               <<"nHcg+rIxSo3TAeVRrXhR4SPKNm0=">>} (eturnal_ctl:call/1:464)
2022-01-08 20:11:41.953296+00:00 [debug] Handling API call: get_password("1641759101:alice") (eturnal_ctl:get_password/1:82)
2022-01-08 20:11:41.953433+00:00 [debug] eturnal call ({get_password,<<"1641759101:alice">>}) returned {ok,
                                                               <<"nHcg+rIxSo3TAeVRrXhR4SPKNm0=">>} (eturnal_ctl:call/1:464)
2022-01-08 20:11:41.979368+00:00 [debug] Handling API call: set_loglevel(debug) (eturnal_ctl:set_loglevel/1:176)
2022-01-08 20:11:41.979658+00:00 [debug] eturnal call ({set_loglevel,debug}) returned ok (eturnal_ctl:call/1:461)
2022-01-08 20:11:41.979910+00:00 [debug] Handling API call: get_loglevel() (eturnal_ctl:get_loglevel/0:166)
2022-01-08 20:11:41.980065+00:00 [debug] eturnal call (get_loglevel) returned {ok,debug} (eturnal_ctl:call/1:464)
2022-01-08 20:11:42.005461+00:00 [debug] Handling API call: get_version() (eturnal_ctl:get_version/0:156)
2022-01-08 20:11:42.005798+00:00 [debug] eturnal call (get_version) returned {ok,<<"1.7.0">>} (eturnal_ctl:call/1:464)
2022-01-08 20:11:42.031625+00:00 [debug] Handling API call: reload() (eturnal_ctl:reload/0:211)
2022-01-08 20:11:42.033953+00:00 [warning] TLS enabled without 'tls_crt_file', creating self-signed certificate (eturnal:check_pem_file/0:616)
2022-01-08 20:11:42.885720+00:00 [info] Using new TLS certificate (eturnal:handle_call/3:136)
2022-01-08 20:11:42.885935+00:00 [debug] Reloaded configuration (eturnal:handle_call/3:142)
2022-01-08 20:11:42.886121+00:00 [debug] eturnal call (reload) returned ok (eturnal_ctl:call/1:461)
2022-01-08 20:11:42.886507+00:00 [debug] Handling API call: reload() (eturnal_ctl:reload/0:211)
2022-01-08 20:11:42.889063+00:00 [debug] Keeping PEM file (run/cert.pem) (eturnal:check_pem_file/0:613)
2022-01-08 20:11:42.889211+00:00 [debug] TLS certificate unchanged (eturnal:handle_call/3:138)
2022-01-08 20:11:42.889313+00:00 [debug] Reloaded configuration (eturnal:handle_call/3:142)
2022-01-08 20:11:42.889771+00:00 [debug] eturnal call (reload) returned ok (eturnal_ctl:call/1:461)
2022-01-08 20:11:42.916183+00:00 [info] Accepting connection: 127.0.0.1:58840 -> 127.0.0.1:34780 [TCP, session z] (stun_listener:accept/3:221)
2022-01-08 20:11:42.946415+00:00 [info] Accepting connection: 127.0.0.1:41996 -> 127.0.0.1:53490 [TLS, session 2] (stun_listener:accept/3:221)
2022-01-08 20:11:42.976533+00:00 [debug] Received:
#stun{class = request,method = 3,magic = 554869826,
      trid = 35494203101815344958150722534,raw = <<>>,unsupported = [],
      'ALTERNATE-SERVER' = undefined,'CHANNEL-NUMBER' = undefined,
      'DATA' = undefined,'DONT-FRAGMENT' = false,'ERROR-CODE' = undefined,
      'LIFETIME' = undefined,'MAPPED-ADDRESS' = undefined,
      'MESSAGE-INTEGRITY' = undefined,'NONCE' = undefined,'REALM' = undefined,
      'REQUESTED-ADDRESS-FAMILY' = undefined,
      'REQUESTED-TRANSPORT' = undefined,'SOFTWARE' = undefined,
      'UNKNOWN-ATTRIBUTES' = [],'USERNAME' = undefined,
      'XOR-MAPPED-ADDRESS' = undefined,'XOR-PEER-ADDRESS' = [],
      'XOR-RELAYED-ADDRESS' = undefined} (stun:udp_recv/5:112)
2022-01-08 20:11:42.976716+00:00 [debug] Sending:
#stun{class = error,method = 3,magic = 554869826,
      trid = 35494203101815344958150722534,raw = <<>>,unsupported = [],
      'ALTERNATE-SERVER' = undefined,'CHANNEL-NUMBER' = undefined,
      'DATA' = undefined,'DONT-FRAGMENT' = false,
      'ERROR-CODE' = {401,<<"Unauthorized">>},
      'LIFETIME' = undefined,'MAPPED-ADDRESS' = undefined,
      'MESSAGE-INTEGRITY' = undefined,'NONCE' = <<"2807343245">>,
      'REALM' = <<"eturnal.net">>,'REQUESTED-ADDRESS-FAMILY' = undefined,
      'REQUESTED-TRANSPORT' = undefined,'SOFTWARE' = <<"eturnal">>,
      'UNKNOWN-ATTRIBUTES' = [],'USERNAME' = undefined,
      'XOR-MAPPED-ADDRESS' = undefined,'XOR-PEER-ADDRESS' = [],
      'XOR-RELAYED-ADDRESS' = undefined} (stun:send/3:447)
2022-01-08 20:11:42.977006+00:00 [debug] Received:
#stun{class = request,method = 3,magic = 554869826,
      trid = 49452685300644061411200851280,
      raw = <<0,3,0,80,33,18,164,66,159,202,77,113,232,246,158,166,115,121,221,
              80,0,25,0,4,17,0,0,0,0,6,0,10,50,49,52,53,57,49,51,50,48,48,0,0,
              0,20,0,11,101,116,117,114,110,97,108,46,110,101,116,0,0,21,0,10,
              50,56,48,55,51,52,51,50,52,53,0,0>>,
      unsupported = [],'ALTERNATE-SERVER' = undefined,
      'CHANNEL-NUMBER' = undefined,'DATA' = undefined,'DONT-FRAGMENT' = false,
      'ERROR-CODE' = undefined,'LIFETIME' = undefined,
      'MAPPED-ADDRESS' = undefined,
      'MESSAGE-INTEGRITY' = <<106,144,12,57,36,217,126,51,81,2,127,178,23,92,1,
                              246,54,188,72,81>>,
      'NONCE' = <<"2807343245">>,'REALM' = <<"eturnal.net">>,
      'REQUESTED-ADDRESS-FAMILY' = undefined,'REQUESTED-TRANSPORT' = udp,
      'SOFTWARE' = undefined,'UNKNOWN-ATTRIBUTES' = [],
      'USERNAME' = <<"2145913200">>,'XOR-MAPPED-ADDRESS' = undefined,
      'XOR-PEER-ADDRESS' = [],'XOR-RELAYED-ADDRESS' = undefined} (stun:udp_recv/5:112)
2022-01-08 20:11:42.977144+00:00 [debug] Looking up password for: 2145913200 [UDP, session 2r, user 2145913200, client 127.0.0.1:41937] (eturnal:get_password/2:221)
2022-01-08 20:11:42.977227+00:00 [info] Accepting long-term STUN/TURN authentication [UDP, session 2r, user 2145913200, client 127.0.0.1:41937] (stun:process/2:251)
2022-01-08 20:11:42.982209+00:00 [debug] Running 'turn_session_start' hook [UDP, session 2r, user 2145913200, client 127.0.0.1:41937] (turn:run_hook/2:711)
2022-01-08 20:11:42.982328+00:00 [debug] Got 'turn_session_start' event [UDP, session 2r, user 2145913200, client 127.0.0.1:41937] (eturnal_module:handle_event/2:173)
2022-01-08 20:11:42.982635+00:00 [notice] Creating TURN allocation (lifetime: 600 seconds) [UDP, session 2r, user 2145913200, client 127.0.0.1:41937, relay 10.1.0.142:63473] (turn:wait_for_allocate/2:207)
2022-01-08 20:11:42.982818+00:00 [debug] Sending:
#stun{class = response,method = 3,magic = 554869826,
      trid = 49452685300644061411200851280,raw = <<>>,unsupported = [],
      'ALTERNATE-SERVER' = undefined,'CHANNEL-NUMBER' = undefined,
      'DATA' = undefined,'DONT-FRAGMENT' = false,'ERROR-CODE' = undefined,
      'LIFETIME' = 600,'MAPPED-ADDRESS' = undefined,
      'MESSAGE-INTEGRITY' = undefined,'NONCE' = undefined,'REALM' = undefined,
      'REQUESTED-ADDRESS-FAMILY' = undefined,
      'REQUESTED-TRANSPORT' = undefined,'SOFTWARE' = undefined,
      'UNKNOWN-ATTRIBUTES' = [],'USERNAME' = undefined,
      'XOR-MAPPED-ADDRESS' = {{127,0,0,1},41937},
      'XOR-PEER-ADDRESS' = [],
      'XOR-RELAYED-ADDRESS' = {{10,1,0,142},63473}} (turn:send/2:521)
2022-01-08 20:11:42.983199+00:00 [debug] Received:
#stun{class = request,method = 4,magic = 554869826,
      trid = 1374424364147311702935577770,
      raw = <<0,4,0,80,33,18,164,66,4,112,229,174,19,134,213,199,117,235,164,
              170,0,6,0,10,50,49,52,53,57,49,51,50,48,48,0,0,0,20,0,11,101,116,
              117,114,110,97,108,46,110,101,116,0,0,21,0,10,50,56,48,55,51,52,
              51,50,52,53,0,0,0,13,0,4,0,0,0,0>>,
      unsupported = [],'ALTERNATE-SERVER' = undefined,
      'CHANNEL-NUMBER' = undefined,'DATA' = undefined,'DONT-FRAGMENT' = false,
      'ERROR-CODE' = undefined,'LIFETIME' = 0,'MAPPED-ADDRESS' = undefined,
      'MESSAGE-INTEGRITY' = <<202,218,133,121,143,218,86,108,126,234,224,115,
                              212,52,6,241,69,59,10,133>>,
      'NONCE' = <<"2807343245">>,'REALM' = <<"eturnal.net">>,
      'REQUESTED-ADDRESS-FAMILY' = undefined,
      'REQUESTED-TRANSPORT' = undefined,'SOFTWARE' = undefined,
      'UNKNOWN-ATTRIBUTES' = [],'USERNAME' = <<"2145913200">>,
      'XOR-MAPPED-ADDRESS' = undefined,'XOR-PEER-ADDRESS' = [],
      'XOR-RELAYED-ADDRESS' = undefined} (stun:udp_recv/5:112)
2022-01-08 20:11:42.983340+00:00 [debug] Looking up password for: 2145913200 [UDP, session 2a, user 2145913200, client 127.0.0.1:41937] (eturnal:get_password/2:221)
2022-01-08 20:11:42.983454+00:00 [info] Accepting long-term STUN/TURN authentication [UDP, session 2a, user 2145913200, client 127.0.0.1:41937] (stun:process/2:251)
2022-01-08 20:11:42.983626+00:00 [info] Client requested closing the TURN session [UDP, session 2r, user 2145913200, client 127.0.0.1:41937, relay 10.1.0.142:63473] (turn:active/2:262)
2022-01-08 20:11:42.983727+00:00 [debug] Sending:
#stun{class = response,method = 4,magic = 554869826,
      trid = 1374424364147311702935577770,raw = <<>>,unsupported = [],
      'ALTERNATE-SERVER' = undefined,'CHANNEL-NUMBER' = undefined,
      'DATA' = undefined,'DONT-FRAGMENT' = false,'ERROR-CODE' = undefined,
      'LIFETIME' = 0,'MAPPED-ADDRESS' = undefined,
      'MESSAGE-INTEGRITY' = undefined,'NONCE' = undefined,'REALM' = undefined,
      'REQUESTED-ADDRESS-FAMILY' = undefined,
      'REQUESTED-TRANSPORT' = undefined,'SOFTWARE' = undefined,
      'UNKNOWN-ATTRIBUTES' = [],'USERNAME' = undefined,
      'XOR-MAPPED-ADDRESS' = undefined,'XOR-PEER-ADDRESS' = [],
      'XOR-RELAYED-ADDRESS' = undefined} (turn:send/2:521)
2022-01-08 20:11:42.983850+00:00 [info] Deleting TURN allocation [UDP, session 2r, user 2145913200, client 127.0.0.1:41937, relay 10.1.0.142:63473] (turn:terminate/3:454)
2022-01-08 20:11:42.983926+00:00 [notice] Relayed 0 KiB (in 0 B / 0 packets, out 0 B / 0 packets), duration: 0 seconds [UDP, session 2r, user 2145913200, client 127.0.0.1:41937, relay 10.1.0.142:63473] (turn:terminate/3:461)
2022-01-08 20:11:42.983985+00:00 [debug] Running 'turn_session_stop' hook [UDP, session 2r, user 2145913200, client 127.0.0.1:41937, relay 10.1.0.142:63473] (turn:run_hook/2:711)
2022-01-08 20:11:42.984037+00:00 [debug] Got 'turn_session_stop' event [UDP, session 2r, user 2145913200, client 127.0.0.1:41937, relay 10.1.0.142:63473] (eturnal_module:handle_event/2:173)
2022-01-08 20:11:42.984078+00:00 [debug] Calling mod_stats_influx:handle_event/2 [UDP, session 2r, user 2145913200, client 127.0.0.1:41937, relay 10.1.0.142:63473] (eturnal_module:handle_event/2:176)
2022-01-08 20:11:42.984115+00:00 [debug] Writing stats of TURN session 2r to InfluxDB [UDP, session 2r, user 2145913200, client 127.0.0.1:41937, relay 10.1.0.142:63473] (mod_stats_influx:on_turn_session_stop/1:81)
2022-01-08 20:11:43.008890+00:00 [debug] Received:
#stun{class = request,method = 1,magic = 554869826,
      trid = 49073859516628824774163241944,raw = <<>>,unsupported = [],
      'ALTERNATE-SERVER' = undefined,'CHANNEL-NUMBER' = undefined,
      'DATA' = undefined,'DONT-FRAGMENT' = false,'ERROR-CODE' = undefined,
      'LIFETIME' = undefined,'MAPPED-ADDRESS' = undefined,
      'MESSAGE-INTEGRITY' = undefined,'NONCE' = undefined,'REALM' = undefined,
      'REQUESTED-ADDRESS-FAMILY' = undefined,
      'REQUESTED-TRANSPORT' = undefined,'SOFTWARE' = undefined,
      'UNKNOWN-ATTRIBUTES' = [],'USERNAME' = undefined,
      'XOR-MAPPED-ADDRESS' = undefined,'XOR-PEER-ADDRESS' = [],
      'XOR-RELAYED-ADDRESS' = undefined} (stun:udp_recv/5:112)
2022-01-08 20:11:43.009017+00:00 [debug] Responding to STUN request [UDP, session 2q, anonymous, client 127.0.0.1:51871] (stun:process/4:314)
2022-01-08 20:11:43.009085+00:00 [debug] Running 'stun_query' hook [UDP, session 2q, anonymous, client 127.0.0.1:51871] (stun:run_hook/3:809)
2022-01-08 20:11:43.009135+00:00 [debug] Got 'stun_query' event [UDP, session 2q, anonymous, client 127.0.0.1:51871] (eturnal_module:handle_event/2:173)
2022-01-08 20:11:43.009169+00:00 [debug] Calling mod_log_stun:handle_event/2 [UDP, session 2q, anonymous, client 127.0.0.1:51871] (eturnal_module:handle_event/2:176)
2022-01-08 20:11:43.009209+00:00 [info] Responding to STUN request [UDP, session 2q, anonymous, client 127.0.0.1:51871] (mod_log_stun:handle_event/2:45)
2022-01-08 20:11:43.009240+00:00 [debug] Calling mod_stats_influx:handle_event/2 [UDP, session 2q, anonymous, client 127.0.0.1:51871] (eturnal_module:handle_event/2:176)
2022-01-08 20:11:43.009275+00:00 [debug] Writing STUN query event to InfluxDB [UDP, session 2q, anonymous, client 127.0.0.1:51871] (mod_stats_influx:on_stun_query/1:70)
2022-01-08 20:11:43.009501+00:00 [debug] Sending:
#stun{class = response,method = 1,magic = 554869826,
      trid = 49073859516628824774163241944,raw = <<>>,unsupported = [],
      'ALTERNATE-SERVER' = undefined,'CHANNEL-NUMBER' = undefined,
      'DATA' = undefined,'DONT-FRAGMENT' = false,'ERROR-CODE' = undefined,
      'LIFETIME' = undefined,'MAPPED-ADDRESS' = undefined,
      'MESSAGE-INTEGRITY' = undefined,'NONCE' = undefined,'REALM' = undefined,
      'REQUESTED-ADDRESS-FAMILY' = undefined,
      'REQUESTED-TRANSPORT' = undefined,'SOFTWARE' = <<"eturnal">>,
      'UNKNOWN-ATTRIBUTES' = [],'USERNAME' = undefined,
      'XOR-MAPPED-ADDRESS' = {{127,0,0,1},51871},
      'XOR-PEER-ADDRESS' = [],'XOR-RELAYED-ADDRESS' = undefined} (stun:send/3:447)
2022-01-08 20:11:43.036518+00:00 [info] Accepting connection: 127.0.0.1:58844 -> 127.0.0.1:34780 [TCP, session y] (stun_listener:accept/3:221)
2022-01-08 20:11:43.036823+00:00 [debug] Received:
#stun{class = request,method = 1,magic = 554869826,
      trid = 70750079391051788347176348526,raw = <<>>,unsupported = [],
      'ALTERNATE-SERVER' = undefined,'CHANNEL-NUMBER' = undefined,
      'DATA' = undefined,'DONT-FRAGMENT' = false,'ERROR-CODE' = undefined,
      'LIFETIME' = undefined,'MAPPED-ADDRESS' = undefined,
      'MESSAGE-INTEGRITY' = undefined,'NONCE' = undefined,'REALM' = undefined,
      'REQUESTED-ADDRESS-FAMILY' = undefined,
      'REQUESTED-TRANSPORT' = undefined,'SOFTWARE' = undefined,
      'UNKNOWN-ATTRIBUTES' = [],'USERNAME' = undefined,
      'XOR-MAPPED-ADDRESS' = undefined,'XOR-PEER-ADDRESS' = [],
      'XOR-RELAYED-ADDRESS' = undefined} (stun:process_data/3:406)
2022-01-08 20:11:43.036965+00:00 [debug] Responding to STUN request [TCP, session y, anonymous, client 127.0.0.1:58844] (stun:process/4:314)
2022-01-08 20:11:43.037018+00:00 [debug] Running 'stun_query' hook [TCP, session y, anonymous, client 127.0.0.1:58844] (stun:run_hook/3:809)
2022-01-08 20:11:43.037074+00:00 [debug] Got 'stun_query' event [TCP, session y, anonymous, client 127.0.0.1:58844] (eturnal_module:handle_event/2:173)
2022-01-08 20:11:43.037122+00:00 [debug] Calling mod_log_stun:handle_event/2 [TCP, session y, anonymous, client 127.0.0.1:58844] (eturnal_module:handle_event/2:176)
2022-01-08 20:11:43.037171+00:00 [info] Responding to STUN request [TCP, session y, anonymous, client 127.0.0.1:58844] (mod_log_stun:handle_event/2:45)
2022-01-08 20:11:43.037219+00:00 [debug] Calling mod_stats_influx:handle_event/2 [TCP, session y, anonymous, client 127.0.0.1:58844] (eturnal_module:handle_event/2:176)
2022-01-08 20:11:43.037263+00:00 [debug] Writing STUN query event to InfluxDB [TCP, session y, anonymous, client 127.0.0.1:58844] (mod_stats_influx:on_stun_query/1:70)
2022-01-08 20:11:43.037487+00:00 [debug] Sending:
#stun{class = response,method = 1,magic = 554869826,
      trid = 70750079391051788347176348526,raw = <<>>,unsupported = [],
      'ALTERNATE-SERVER' = undefined,'CHANNEL-NUMBER' = undefined,
      'DATA' = undefined,'DONT-FRAGMENT' = false,'ERROR-CODE' = undefined,
      'LIFETIME' = undefined,'MAPPED-ADDRESS' = undefined,
      'MESSAGE-INTEGRITY' = undefined,'NONCE' = undefined,'REALM' = undefined,
      'REQUESTED-ADDRESS-FAMILY' = undefined,
      'REQUESTED-TRANSPORT' = undefined,'SOFTWARE' = <<"P1 STUN library">>,
      'UNKNOWN-ATTRIBUTES' = [],'USERNAME' = undefined,
      'XOR-MAPPED-ADDRESS' = {{127,0,0,1},58844},
      'XOR-PEER-ADDRESS' = [],'XOR-RELAYED-ADDRESS' = undefined} (stun:send/3:447)
2022-01-08 20:11:43.037762+00:00 [info] Connection reset by peer [TCP, session y, anonymous, client 127.0.0.1:58844] (stun:handle_info/3:172)
2022-01-08 20:11:43.063608+00:00 [info] Accepting connection: 127.0.0.1:42000 -> 127.0.0.1:53490 [TLS, session 1e] (stun_listener:accept/3:221)
2022-01-08 20:11:43.174185+00:00 [debug] Received:
#stun{class = request,method = 1,magic = 554869826,
      trid = 54964823681787087206170427881,raw = <<>>,unsupported = [],
      'ALTERNATE-SERVER' = undefined,'CHANNEL-NUMBER' = undefined,
      'DATA' = undefined,'DONT-FRAGMENT' = false,'ERROR-CODE' = undefined,
      'LIFETIME' = undefined,'MAPPED-ADDRESS' = undefined,
      'MESSAGE-INTEGRITY' = undefined,'NONCE' = undefined,'REALM' = undefined,
      'REQUESTED-ADDRESS-FAMILY' = undefined,
      'REQUESTED-TRANSPORT' = undefined,'SOFTWARE' = undefined,
      'UNKNOWN-ATTRIBUTES' = [],'USERNAME' = undefined,
      'XOR-MAPPED-ADDRESS' = undefined,'XOR-PEER-ADDRESS' = [],
      'XOR-RELAYED-ADDRESS' = undefined} (stun:process_data/3:406)
2022-01-08 20:11:43.174401+00:00 [debug] Responding to STUN request [TLS, session 1e, anonymous, client 127.0.0.1:42000] (stun:process/4:314)
2022-01-08 20:11:43.174452+00:00 [debug] Running 'stun_query' hook [TLS, session 1e, anonymous, client 127.0.0.1:42000] (stun:run_hook/3:809)
2022-01-08 20:11:43.174500+00:00 [debug] Got 'stun_query' event [TLS, session 1e, anonymous, client 127.0.0.1:42000] (eturnal_module:handle_event/2:173)
2022-01-08 20:11:43.174553+00:00 [debug] Calling mod_log_stun:handle_event/2 [TLS, session 1e, anonymous, client 127.0.0.1:42000] (eturnal_module:handle_event/2:176)
2022-01-08 20:11:43.174601+00:00 [info] Responding to STUN request [TLS, session 1e, anonymous, client 127.0.0.1:42000] (mod_log_stun:handle_event/2:45)
2022-01-08 20:11:43.174646+00:00 [debug] Calling mod_stats_influx:handle_event/2 [TLS, session 1e, anonymous, client 127.0.0.1:42000] (eturnal_module:handle_event/2:176)
2022-01-08 20:11:43.174687+00:00 [debug] Writing STUN query event to InfluxDB [TLS, session 1e, anonymous, client 127.0.0.1:42000] (mod_stats_influx:on_stun_query/1:70)
2022-01-08 20:11:43.174906+00:00 [debug] Sending:
#stun{class = response,method = 1,magic = 554869826,
      trid = 54964823681787087206170427881,raw = <<>>,unsupported = [],
      'ALTERNATE-SERVER' = undefined,'CHANNEL-NUMBER' = undefined,
      'DATA' = undefined,'DONT-FRAGMENT' = false,'ERROR-CODE' = undefined,
      'LIFETIME' = undefined,'MAPPED-ADDRESS' = undefined,
      'MESSAGE-INTEGRITY' = undefined,'NONCE' = undefined,'REALM' = undefined,
      'REQUESTED-ADDRESS-FAMILY' = undefined,
      'REQUESTED-TRANSPORT' = undefined,'SOFTWARE' = <<"P1 STUN library">>,
      'UNKNOWN-ATTRIBUTES' = [],'USERNAME' = undefined,
      'XOR-MAPPED-ADDRESS' = {{127,0,0,1},42000},
      'XOR-PEER-ADDRESS' = [],'XOR-RELAYED-ADDRESS' = undefined} (stun:send/3:447)
2022-01-08 20:11:43.175228+00:00 [info] Connection reset by peer [TLS, session 1e, anonymous, client 127.0.0.1:42000] (stun:handle_info/3:172)
2022-01-08 20:11:43.200472+00:00 [info] Accepting connection: 127.0.0.1:57942 -> 127.0.0.1:34781 [TCP|TLS, session i] (stun_listener:accept/3:221)
2022-01-08 20:11:43.200681+00:00 [debug] Determined transport protocol: TCP (stun:is_tls_handshake/1:773)
2022-01-08 20:11:43.201019+00:00 [debug] Received:
#stun{class = request,method = 1,magic = 554869826,
      trid = 18989288016329647791181069890,raw = <<>>,unsupported = [],
      'ALTERNATE-SERVER' = undefined,'CHANNEL-NUMBER' = undefined,
      'DATA' = undefined,'DONT-FRAGMENT' = false,'ERROR-CODE' = undefined,
      'LIFETIME' = undefined,'MAPPED-ADDRESS' = undefined,
      'MESSAGE-INTEGRITY' = undefined,'NONCE' = undefined,'REALM' = undefined,
      'REQUESTED-ADDRESS-FAMILY' = undefined,
      'REQUESTED-TRANSPORT' = undefined,'SOFTWARE' = undefined,
      'UNKNOWN-ATTRIBUTES' = [],'USERNAME' = undefined,
      'XOR-MAPPED-ADDRESS' = undefined,'XOR-PEER-ADDRESS' = [],
      'XOR-RELAYED-ADDRESS' = undefined} (stun:process_data/3:406)
2022-01-08 20:11:43.201152+00:00 [debug] Responding to STUN request [TCP, session i, anonymous, client 127.0.0.1:57942] (stun:process/4:314)
2022-01-08 20:11:43.201202+00:00 [debug] Running 'stun_query' hook [TCP, session i, anonymous, client 127.0.0.1:57942] (stun:run_hook/3:809)
2022-01-08 20:11:43.201249+00:00 [debug] Got 'stun_query' event [TCP, session i, anonymous, client 127.0.0.1:57942] (eturnal_module:handle_event/2:173)
2022-01-08 20:11:43.201296+00:00 [debug] Calling mod_log_stun:handle_event/2 [TCP, session i, anonymous, client 127.0.0.1:57942] (eturnal_module:handle_event/2:176)
2022-01-08 20:11:43.201339+00:00 [info] Responding to STUN request [TCP, session i, anonymous, client 127.0.0.1:57942] (mod_log_stun:handle_event/2:45)
2022-01-08 20:11:43.201384+00:00 [debug] Calling mod_stats_influx:handle_event/2 [TCP, session i, anonymous, client 127.0.0.1:57942] (eturnal_module:handle_event/2:176)
2022-01-08 20:11:43.201421+00:00 [debug] Writing STUN query event to InfluxDB [TCP, session i, anonymous, client 127.0.0.1:57942] (mod_stats_influx:on_stun_query/1:70)
2022-01-08 20:11:43.201628+00:00 [debug] Sending:
#stun{class = response,method = 1,magic = 554869826,
      trid = 18989288016329647791181069890,raw = <<>>,unsupported = [],
      'ALTERNATE-SERVER' = undefined,'CHANNEL-NUMBER' = undefined,
      'DATA' = undefined,'DONT-FRAGMENT' = false,'ERROR-CODE' = undefined,
      'LIFETIME' = undefined,'MAPPED-ADDRESS' = undefined,
      'MESSAGE-INTEGRITY' = undefined,'NONCE' = undefined,'REALM' = undefined,
      'REQUESTED-ADDRESS-FAMILY' = undefined,
      'REQUESTED-TRANSPORT' = undefined,'SOFTWARE' = <<"P1 STUN library">>,
      'UNKNOWN-ATTRIBUTES' = [],'USERNAME' = undefined,
      'XOR-MAPPED-ADDRESS' = {{127,0,0,1},57942},
      'XOR-PEER-ADDRESS' = [],'XOR-RELAYED-ADDRESS' = undefined} (stun:send/3:447)
2022-01-08 20:11:43.202141+00:00 [info] Connection reset by peer [TCP, session i, anonymous, client 127.0.0.1:57942] (stun:handle_info/3:172)
2022-01-08 20:11:43.227444+00:00 [info] Accepting connection: 127.0.0.1:57944 -> 127.0.0.1:34781 [TCP|TLS, session 3m] (stun_listener:accept/3:221)
2022-01-08 20:11:43.227794+00:00 [debug] Determined transport protocol: TLS (stun:is_tls_handshake/1:770)
2022-01-08 20:11:43.336438+00:00 [debug] Received:
#stun{class = request,method = 1,magic = 554869826,
      trid = 24787973442361116127371385770,raw = <<>>,unsupported = [],
      'ALTERNATE-SERVER' = undefined,'CHANNEL-NUMBER' = undefined,
      'DATA' = undefined,'DONT-FRAGMENT' = false,'ERROR-CODE' = undefined,
      'LIFETIME' = undefined,'MAPPED-ADDRESS' = undefined,
      'MESSAGE-INTEGRITY' = undefined,'NONCE' = undefined,'REALM' = undefined,
      'REQUESTED-ADDRESS-FAMILY' = undefined,
      'REQUESTED-TRANSPORT' = undefined,'SOFTWARE' = undefined,
      'UNKNOWN-ATTRIBUTES' = [],'USERNAME' = undefined,
      'XOR-MAPPED-ADDRESS' = undefined,'XOR-PEER-ADDRESS' = [],
      'XOR-RELAYED-ADDRESS' = undefined} (stun:process_data/3:406)
2022-01-08 20:11:43.336666+00:00 [debug] Responding to STUN request [TLS, session 3m, anonymous, client 127.0.0.1:57944] (stun:process/4:314)
2022-01-08 20:11:43.336769+00:00 [debug] Running 'stun_query' hook [TLS, session 3m, anonymous, client 127.0.0.1:57944] (stun:run_hook/3:809)
2022-01-08 20:11:43.336889+00:00 [debug] Got 'stun_query' event [TLS, session 3m, anonymous, client 127.0.0.1:57944] (eturnal_module:handle_event/2:173)
2022-01-08 20:11:43.336970+00:00 [debug] Calling mod_log_stun:handle_event/2 [TLS, session 3m, anonymous, client 127.0.0.1:57944] (eturnal_module:handle_event/2:176)
2022-01-08 20:11:43.337051+00:00 [info] Responding to STUN request [TLS, session 3m, anonymous, client 127.0.0.1:57944] (mod_log_stun:handle_event/2:45)
2022-01-08 20:11:43.337115+00:00 [debug] Calling mod_stats_influx:handle_event/2 [TLS, session 3m, anonymous, client 127.0.0.1:57944] (eturnal_module:handle_event/2:176)
2022-01-08 20:11:43.337198+00:00 [debug] Writing STUN query event to InfluxDB [TLS, session 3m, anonymous, client 127.0.0.1:57944] (mod_stats_influx:on_stun_query/1:70)
2022-01-08 20:11:43.337510+00:00 [debug] Sending:
#stun{class = response,method = 1,magic = 554869826,
      trid = 24787973442361116127371385770,raw = <<>>,unsupported = [],
      'ALTERNATE-SERVER' = undefined,'CHANNEL-NUMBER' = undefined,
      'DATA' = undefined,'DONT-FRAGMENT' = false,'ERROR-CODE' = undefined,
      'LIFETIME' = undefined,'MAPPED-ADDRESS' = undefined,
      'MESSAGE-INTEGRITY' = undefined,'NONCE' = undefined,'REALM' = undefined,
      'REQUESTED-ADDRESS-FAMILY' = undefined,
      'REQUESTED-TRANSPORT' = undefined,'SOFTWARE' = <<"P1 STUN library">>,
      'UNKNOWN-ATTRIBUTES' = [],'USERNAME' = undefined,
      'XOR-MAPPED-ADDRESS' = {{127,0,0,1},57944},
      'XOR-PEER-ADDRESS' = [],'XOR-RELAYED-ADDRESS' = undefined} (stun:send/3:447)
2022-01-08 20:11:43.337919+00:00 [info] Connection reset by peer [TLS, session 3m, anonymous, client 127.0.0.1:57944] (stun:handle_info/3:172)
2022-01-08 20:11:43.362920+00:00 [debug] No NOTIFY_SOCKET, dropping STOPPING=1 notification (eturnal_systemd:handle_cast/2:109)
2022-01-08 20:11:43.363083+00:00 [debug] Watchdog interval is undefined, hibernating (eturnal_systemd:get_timeout/1:162)
2022-01-08 20:11:43.363292+00:00 [debug] Terminating eturnal (shutdown) (eturnal:terminate/2:196)
2022-01-08 20:11:43.363518+00:00 [info] Stopped listening on 127.0.0.1:34780 (udp) (eturnal:stop_listeners/1:372)
2022-01-08 20:11:43.363815+00:00 [info] Stopped listening on 127.0.0.1:34780 (tcp) (eturnal:stop_listeners/1:372)
2022-01-08 20:11:43.363980+00:00 [info] Stopped listening on 127.0.0.1:53490 (tls) (eturnal:stop_listeners/1:372)
2022-01-08 20:11:43.364145+00:00 [info] Stopped listening on 127.0.0.1:34781 (auto) (eturnal:stop_listeners/1:372)
2022-01-08 20:11:43.364852+00:00 [debug] Module mod_log_stun doesn't export stop/1 (eturnal_module:stop/1:167)
2022-01-08 20:11:43.365441+00:00 [info] Stopped mod_log_stun (eturnal:stop_modules/1:320)
2022-01-08 20:11:43.366302+00:00 [debug] Module mod_stats_influx doesn't export stop/1 (eturnal_module:stop/1:167)
2022-01-08 20:11:43.366447+00:00 [info] Stopped mod_stats_influx (eturnal:stop_modules/1:320)
2022-01-08 20:11:43.366708+00:00 [debug] Removed run/cert.pem (eturnal:clean_run_dir/0:700)
2022-01-08 20:11:43.367125+00:00 [debug] Terminating eturnal_systemd (shutdown) (eturnal_systemd:terminate/2:136)
2022-01-08 20:11:43.368143+00:00 [notice] Stopping eturnal 1.7.0 on Erlang/OTP 24 (ERTS 12.2) (eturnal_app:stop/1:53)
2022-01-08 20:11:43.370038+00:00 [notice]     application: eturnal
    exited: stopped
    type: temporary
 (application_controller:info_exited/3:2119)
