=== Suite started at 2021-12-12 13:04:13
=== Starting test, 16 test cases
=cases         16
=user          runner
=host          nohost
=hosts         nohost 
=emulator_vsn  12.1.5
=emulator      beam
=otp_release   24
=started       2021-12-12 13:04:13
=case          eturnal_SUITE:init_per_suite
=logfile       eturnal_suite.init_per_suite.html
=started       2021-12-12 13:04:13
=ended         2021-12-12 13:04:13
=result        ok
=elapsed       0.0
=case          eturnal_SUITE:start_eturnal
=logfile       eturnal_suite.start_eturnal.html
=started       2021-12-12 13:04:13
=ended         2021-12-12 13:04:15
=result        ok
=elapsed       1.085946
=case          eturnal_SUITE:check_info
=logfile       eturnal_suite.check_info.html
=started       2021-12-12 13:04:15
=ended         2021-12-12 13:04:15
=result        ok
=elapsed       9.69e-4
=case          eturnal_SUITE:check_sessions
=logfile       eturnal_suite.check_sessions.html
=started       2021-12-12 13:04:15
=ended         2021-12-12 13:04:15
=result        ok
=elapsed       0.004942
=case          eturnal_SUITE:check_credentials
=logfile       eturnal_suite.check_credentials.html
=started       2021-12-12 13:04:15
=ended         2021-12-12 13:04:15
=result        ok
=elapsed       0.032122
=case          eturnal_SUITE:check_loglevel
=logfile       eturnal_suite.check_loglevel.html
=started       2021-12-12 13:04:15
=ended         2021-12-12 13:04:15
=result        ok
=elapsed       8.14e-4
=case          eturnal_SUITE:check_version
=logfile       eturnal_suite.check_version.html
=started       2021-12-12 13:04:15
=ended         2021-12-12 13:04:15
=result        ok
=elapsed       5.6e-4
=case          eturnal_SUITE:reload
=logfile       eturnal_suite.reload.html
=started       2021-12-12 13:04:15
=ended         2021-12-12 13:04:15
=result        ok
=elapsed       0.00288
=case          eturnal_SUITE:connect_tcp
=logfile       eturnal_suite.connect_tcp.html
=started       2021-12-12 13:04:15
=ended         2021-12-12 13:04:15
=result        ok
=elapsed       4.91e-4
=case          eturnal_SUITE:connect_tls
=logfile       eturnal_suite.connect_tls.html
=started       2021-12-12 13:04:15
=ended         2021-12-12 13:04:15
=result        ok
=elapsed       0.005997
=case          eturnal_SUITE:turn_udp
=logfile       eturnal_suite.turn_udp.html
=started       2021-12-12 13:04:15
=ended         2021-12-12 13:04:15
=result        ok
=elapsed       0.013069
=case          eturnal_SUITE:stun_udp
=logfile       eturnal_suite.stun_udp.html
=started       2021-12-12 13:04:15
=ended         2021-12-12 13:04:15
=result        ok
=elapsed       0.001447
=case          eturnal_SUITE:stun_tcp
=logfile       eturnal_suite.stun_tcp.html
=started       2021-12-12 13:04:15
=ended         2021-12-12 13:04:15
=result        ok
=elapsed       0.001966
=case          eturnal_SUITE:stun_tls
=logfile       eturnal_suite.stun_tls.html
=started       2021-12-12 13:04:15
=ended         2021-12-12 13:04:15
=result        ok
=elapsed       0.112103
=case          eturnal_SUITE:stun_tcp_auto
=logfile       eturnal_suite.stun_tcp_auto.html
=started       2021-12-12 13:04:15
=ended         2021-12-12 13:04:15
=result        ok
=elapsed       0.002212
=case          eturnal_SUITE:stun_tls_auto
=logfile       eturnal_suite.stun_tls_auto.html
=started       2021-12-12 13:04:15
=ended         2021-12-12 13:04:15
=result        ok
=elapsed       0.112086
=case          eturnal_SUITE:stop_eturnal
=logfile       eturnal_suite.stop_eturnal.html
=started       2021-12-12 13:04:15
=ended         2021-12-12 13:04:15
=result        ok
=elapsed       0.004913
=case          eturnal_SUITE:end_per_suite
=logfile       eturnal_suite.end_per_suite.html
=started       2021-12-12 13:04:15
=ended         2021-12-12 13:04:15
=result        ok
=elapsed       0.0
=group_time    1.850s
=== TEST COMPLETE, 16 ok, 0 failed of 16 test cases

=finished      2021-12-12 13:04:15
=failed        0
=successful    16
=user_skipped  0
=auto_skipped  0
