=== Suite started at 2023-07-24 10:07:26
=== Starting test, 18 test cases
=cases         18
=user          runner
=host          nohost
=hosts         nohost 
=emulator_vsn  14.0
=emulator      beam
=otp_release   26
=started       2023-07-24 10:07:26
=case          eturnal_SUITE:init_per_suite
=logfile       eturnal_suite.init_per_suite.html
=started       2023-07-24 10:07:26
=ended         2023-07-24 10:07:26
=result        ok
=elapsed       0.0
=case          eturnal_SUITE:start_eturnal
=logfile       eturnal_suite.start_eturnal.html
=started       2023-07-24 10:07:26
=ended         2023-07-24 10:07:29
=result        ok
=elapsed       3.642971
=case          eturnal_SUITE:check_info
=logfile       eturnal_suite.check_info.html
=started       2023-07-24 10:07:29
=ended         2023-07-24 10:07:29
=result        ok
=elapsed       0.001637
=case          eturnal_SUITE:check_all_sessions
=logfile       eturnal_suite.check_all_sessions.html
=started       2023-07-24 10:07:29
=ended         2023-07-24 10:07:29
=result        ok
=elapsed       3.13e-4
=case          eturnal_SUITE:check_user_sessions
=logfile       eturnal_suite.check_user_sessions.html
=started       2023-07-24 10:07:29
=ended         2023-07-24 10:07:30
=result        ok
=elapsed       8.79e-4
=case          eturnal_SUITE:check_disconnect
=logfile       eturnal_suite.check_disconnect.html
=started       2023-07-24 10:07:30
=ended         2023-07-24 10:07:30
=result        ok
=elapsed       0.0009
=case          eturnal_SUITE:check_credentials
=logfile       eturnal_suite.check_credentials.html
=started       2023-07-24 10:07:30
=ended         2023-07-24 10:07:30
=result        ok
=elapsed       0.011477
=case          eturnal_SUITE:check_loglevel
=logfile       eturnal_suite.check_loglevel.html
=started       2023-07-24 10:07:30
=ended         2023-07-24 10:07:30
=result        ok
=elapsed       0.001672
=case          eturnal_SUITE:check_version
=logfile       eturnal_suite.check_version.html
=started       2023-07-24 10:07:30
=ended         2023-07-24 10:07:30
=result        ok
=elapsed       4.87e-4
=case          eturnal_SUITE:reload
=logfile       eturnal_suite.reload.html
=started       2023-07-24 10:07:30
=ended         2023-07-24 10:07:31
=result        ok
=elapsed       1.408579
=case          eturnal_SUITE:connect_tcp
=logfile       eturnal_suite.connect_tcp.html
=started       2023-07-24 10:07:31
=ended         2023-07-24 10:07:31
=result        ok
=elapsed       4.11e-4
=case          eturnal_SUITE:connect_tls
=logfile       eturnal_suite.connect_tls.html
=started       2023-07-24 10:07:31
=ended         2023-07-24 10:07:31
=result        ok
=elapsed       7.33e-4
=case          eturnal_SUITE:turn_udp
=logfile       eturnal_suite.turn_udp.html
=started       2023-07-24 10:07:31
=ended         2023-07-24 10:07:31
=result        ok
=elapsed       0.003179
=case          eturnal_SUITE:stun_udp
=logfile       eturnal_suite.stun_udp.html
=started       2023-07-24 10:07:31
=ended         2023-07-24 10:07:31
=result        ok
=elapsed       0.001706
=case          eturnal_SUITE:stun_tcp
=logfile       eturnal_suite.stun_tcp.html
=started       2023-07-24 10:07:31
=ended         2023-07-24 10:07:31
=result        ok
=elapsed       0.002303
=case          eturnal_SUITE:stun_tls
=logfile       eturnal_suite.stun_tls.html
=started       2023-07-24 10:07:31
=ended         2023-07-24 10:07:32
=result        ok
=elapsed       1.013344
=case          eturnal_SUITE:stun_tcp_auto
=logfile       eturnal_suite.stun_tcp_auto.html
=started       2023-07-24 10:07:32
=ended         2023-07-24 10:07:32
=result        ok
=elapsed       0.003154
=case          eturnal_SUITE:stun_tls_auto
=logfile       eturnal_suite.stun_tls_auto.html
=started       2023-07-24 10:07:32
=ended         2023-07-24 10:07:33
=result        ok
=elapsed       1.011191
=case          eturnal_SUITE:stop_eturnal
=logfile       eturnal_suite.stop_eturnal.html
=started       2023-07-24 10:07:33
=ended         2023-07-24 10:07:33
=result        ok
=elapsed       0.011318
=case          eturnal_SUITE:end_per_suite
=logfile       eturnal_suite.end_per_suite.html
=started       2023-07-24 10:07:33
=ended         2023-07-24 10:07:33
=result        ok
=elapsed       0.0
=group_time    7.626s
=== TEST COMPLETE, 18 ok, 0 failed of 18 test cases

=finished      2023-07-24 10:07:33
=failed        0
=successful    18
=user_skipped  0
=auto_skipped  0
