2022-07-27 13:30:55.957910+00:00 [notice] Starting eturnal 1.10.0 on Erlang/OTP 25 (ERTS 13.0) (eturnal_app:start/2:34)
2022-07-27 13:30:55.958130+00:00 [debug] Starting supervisor: eturnal_sup (eturnal_sup:start_link/0:31)
2022-07-27 13:30:55.958289+00:00 [debug] Configuring eturnal_sup supervisor: [#{id => systemd,
                                       start =>
                                           {eturnal_systemd,start_link,[]}},
                                     #{id => eturnal,
                                       start => {eturnal,start_link,[]}}] (eturnal_sup:init/0:39)
2022-07-27 13:30:55.960741+00:00 [info] Got no NOTIFY_SOCKET, notifications disabled (eturnal_systemd:init/1:94)
2022-07-27 13:30:55.960923+00:00 [debug] PROGRESS REPORT:
    supervisor: {local,eturnal_sup}
    started: [{pid,<0.1012.0>},
              {id,systemd},
              {mfargs,{eturnal_systemd,start_link,[]}},
              {restart_type,permanent},
              {significant,false},
              {shutdown,5000},
              {child_type,worker}]
 (supervisor:report_progress/2:1557)
2022-07-27 13:30:55.961105+00:00 [info] Relay IPv4 address: 127.0.0.1 (port range: 49152-65535) (eturnal:log_relay_addresses/0:277)
2022-07-27 13:30:55.961228+00:00 [info] Relay IPv6 address not configured (eturnal:log_relay_addresses/0:287)
2022-07-27 13:30:55.976009+00:00 [info] Cannot determine control query port: noport (eturnal:log_control_listener/0:302)
2022-07-27 13:30:55.976487+00:00 [debug] Using run directory run (eturnal:ensure_run_dir/0:733)
2022-07-27 13:30:55.976632+00:00 [debug] TURN configuration seems fine (eturnal:check_turn_config/0:498)
2022-07-27 13:30:55.977210+00:00 [warning] TLS enabled without 'tls_crt_file', creating self-signed certificate (eturnal:check_pem_file/0:669)
2022-07-27 13:30:56.200169+00:00 [debug] Calling mod_log_stun:start/0 (eturnal_module:start/1:142)
2022-07-27 13:30:56.200485+00:00 [debug] Starting mod_log_stun (mod_log_stun:start/0:38)
2022-07-27 13:30:56.200664+00:00 [info] Started mod_log_stun (eturnal:start_modules/0:313)
2022-07-27 13:30:56.200794+00:00 [debug] Calling mod_stats_influx:start/0 (eturnal_module:start/1:142)
2022-07-27 13:30:56.201039+00:00 [debug] Starting mod_stats_influx (mod_stats_influx:start/0:37)
2022-07-27 13:30:56.204500+00:00 [debug] PROGRESS REPORT:
    application: ulitos
    started_at: nonode@nohost
 (application_controller:info_started/2:2107)
2022-07-27 13:30:56.206677+00:00 [debug] PROGRESS REPORT:
    application: poolboy
    started_at: nonode@nohost
 (application_controller:info_started/2:2107)
2022-07-27 13:30:56.207909+00:00 [info]     msg: Starting application: influx_udp (influx_udp_app:start/2:10)
2022-07-27 13:30:56.211287+00:00 [debug] PROGRESS REPORT:
    supervisor: {local,influx_udp_sup}
    started: [{pid,<0.1034.0>},
              {id,influx_udp},
              {mfargs,{influx_udp,start_link,[]}},
              {restart_type,permanent},
              {significant,false},
              {shutdown,5000},
              {child_type,worker}]
 (supervisor:report_progress/2:1557)
2022-07-27 13:30:56.211458+00:00 [debug] PROGRESS REPORT:
    application: influx_udp
    started_at: nonode@nohost
 (application_controller:info_started/2:2107)
2022-07-27 13:30:56.211520+00:00 [debug] Dependency influx_udp was available already (eturnal_module:ensure_dep/2:283)
2022-07-27 13:30:56.213981+00:00 [info]     host: {127,0,0,1}
    msg: Start clients pool
    options: #{host => "localhost",max_overflow => 1,pool_size => 1,
               port => 8089} (influx_udp:start_pool_/2:239)
2022-07-27 13:30:56.222725+00:00 [info]     msg: Open UDP socket on port
    port: 38335 (influx_udp_worker:init/1:43)
2022-07-27 13:30:56.222990+00:00 [debug] PROGRESS REPORT:
    supervisor: {local,influx_udp_sup}
    started: [{pid,<0.1037.0>},
              {id,stats_influx_pool},
              {mfargs,
                  {poolboy,start_link,
                      [[{name,{local,stats_influx_pool}},
                        {worker_module,influx_udp_worker},
                        {size,1},
                        {max_overflow,1}],
                       [{options,
                            #{host => {127,0,0,1},
                              max_overflow => 1,pool_size => 1,
                              port => 8089}}]]}},
              {restart_type,permanent},
              {significant,false},
              {shutdown,5000},
              {child_type,worker}]
 (supervisor:report_progress/2:1557)
2022-07-27 13:30:56.223173+00:00 [info] Started mod_stats_influx (eturnal:start_modules/0:313)
2022-07-27 13:30:56.223288+00:00 [debug] Calling mod_stats_prometheus:start/0 (eturnal_module:start/1:142)
2022-07-27 13:30:56.223872+00:00 [debug] Starting mod_stats_prometheus (mod_stats_prometheus:start/0:56)
2022-07-27 13:30:58.245670+00:00 [debug] PROGRESS REPORT:
    application: prometheus
    started_at: nonode@nohost
 (application_controller:info_started/2:2107)
2022-07-27 13:30:58.246804+00:00 [debug] PROGRESS REPORT:
    application: accept
    started_at: nonode@nohost
 (application_controller:info_started/2:2107)
2022-07-27 13:30:58.247059+00:00 [debug] PROGRESS REPORT:
    application: prometheus_httpd
    started_at: nonode@nohost
 (application_controller:info_started/2:2107)
2022-07-27 13:30:58.247115+00:00 [debug] Dependency prometheus_httpd was available already (eturnal_module:ensure_dep/2:283)
2022-07-27 13:30:58.247809+00:00 [debug] PROGRESS REPORT:
    supervisor: {local,httpd_instance_sup__127_0_0_1__9081default}
    started: [{pid,<0.1059.0>},
              {id,{httpd_connection_sup,{127,0,0,1},9081,default}},
              {mfargs,{httpd_connection_sup,start_link,[[{127,0,0,1},9081]]}},
              {restart_type,permanent},
              {significant,false},
              {shutdown,5000},
              {child_type,supervisor}]
 (supervisor:report_progress/2:1557)
2022-07-27 13:30:58.248097+00:00 [debug] PROGRESS REPORT:
    supervisor: {local,httpd_acceptor_sup__127_0_0_1__9081default}
    started: [{pid,<0.1061.0>},
              {id,{httpd_acceptor_sup,{127,0,0,1},9081,default}},
              {mfargs,{httpd_acceptor,start_link,
                                      [httpd__127_0_0_1__9081default,ip_comm,
                                       {127,0,0,1},
                                       9081,inet,
                                       httpd_conf__127_0_0_1__9081default,
                                       15000]}},
              {restart_type,transient},
              {significant,false},
              {shutdown,brutal_kill},
              {child_type,worker}]
 (supervisor:report_progress/2:1557)
2022-07-27 13:30:58.248243+00:00 [debug] PROGRESS REPORT:
    supervisor: {local,httpd_instance_sup__127_0_0_1__9081default}
    started: [{pid,<0.1060.0>},
              {id,{httpd_acceptor_sup,{127,0,0,1},9081,default}},
              {mfargs,
                  {httpd_acceptor_sup,start_link,
                      [[{127,0,0,1},
                        9081,
                        [{bind_address,{127,0,0,1}},
                         {socket_type,ip_comm},
                         {port,9081},
                         {server_root,"run/mod_stats_prometheus/doc"},
                         {document_root,"run/mod_stats_prometheus/doc"},
                         {server_name,"Prometheus Exporter"},
                         {modules,[prometheus_httpd]}],
                        15000,undefined]]}},
              {restart_type,permanent},
              {significant,false},
              {shutdown,infinity},
              {child_type,supervisor}]
 (supervisor:report_progress/2:1557)
2022-07-27 13:30:58.248392+00:00 [debug] PROGRESS REPORT:
    supervisor: {local,httpd_instance_sup__127_0_0_1__9081default}
    started: [{pid,<0.1062.0>},
              {id,{httpd_misc_sup,{127,0,0,1},9081,default}},
              {mfargs,{httpd_misc_sup,start_link,[{127,0,0,1},9081,default]}},
              {restart_type,permanent},
              {significant,false},
              {shutdown,infinity},
              {child_type,supervisor}]
 (supervisor:report_progress/2:1557)
2022-07-27 13:30:58.248994+00:00 [debug] PROGRESS REPORT:
    supervisor: {local,httpd_instance_sup__127_0_0_1__9081default}
    started: [{pid,<0.1063.0>},
              {id,{httpd_manager,{127,0,0,1},9081,default}},
              {mfargs,
                  {httpd_manager,start_link,
                      [undefined,
                       [{bind_address,{127,0,0,1}},
                        {socket_type,ip_comm},
                        {port,9081},
                        {server_root,"run/mod_stats_prometheus/doc"},
                        {document_root,"run/mod_stats_prometheus/doc"},
                        {server_name,"Prometheus Exporter"},
                        {modules,[prometheus_httpd]}],
                       15000]}},
              {restart_type,permanent},
              {significant,false},
              {shutdown,4000},
              {child_type,worker}]
 (supervisor:report_progress/2:1557)
2022-07-27 13:30:58.249126+00:00 [debug] PROGRESS REPORT:
    supervisor: {local,httpd_sup}
    started: [{pid,<0.1058.0>},
              {id,{httpd_instance_sup,{127,0,0,1},9081,default}},
              {mfargs,
                  {httpd_instance_sup,start_link,
                      [[{bind_address,{127,0,0,1}},
                        {socket_type,ip_comm},
                        {port,9081},
                        {server_root,"run/mod_stats_prometheus/doc"},
                        {document_root,"run/mod_stats_prometheus/doc"},
                        {server_name,"Prometheus Exporter"},
                        {modules,[prometheus_httpd]}],
                       15000,[]]}},
              {restart_type,permanent},
              {significant,false},
              {shutdown,infinity},
              {child_type,supervisor}]
 (supervisor:report_progress/2:1557)
2022-07-27 13:30:58.250847+00:00 [info] Started mod_stats_prometheus (eturnal:start_modules/0:313)
2022-07-27 13:30:58.251063+00:00 [debug] Starting listener 127.0.0.1:34780 (udp) with options:
[{use_turn,true},
 {auth_type,user},
 {turn_ipv4_address,{127,0,0,1}},
 {turn_min_port,49152},
 {turn_max_port,65535},
 {turn_max_allocations,10},
 {turn_max_permissions,10},
 {shaper,100000},
 {turn_blacklist,[{{10,0,0,0},8},
                  {{100,64,0,0},10},
                  {{127,0,0,0},8},
                  {{169,254,0,0},16},
                  {{172,16,0,0},12},
                  {{192,0,0,0},24},
                  {{192,0,2,0},24},
                  {{192,88,99,0},24},
                  {{192,168,0,0},16},
                  {{198,18,0,0},15},
                  {{198,51,100,0},24},
                  {{203,0,113,0},24},
                  {{224,0,0,0},4},
                  {{240,0,0,0},4},
                  {{0,0,0,0,0,0,0,1},128},
                  {{0,0,0,0,0,65535,0,0},96},
                  {{100,65435,0,0,0,0,0,0},96},
                  {{256,0,0,0,0,0,0,0},64},
                  {{8193,3512,0,0,0,0,0,0},32},
                  {{64512,0,0,0,0,0,0,0},7},
                  {{65152,0,0,0,0,0,0,0},10},
                  {{65280,0,0,0,0,0,0,0},8}]},
 {turn_whitelist,[{{127,0,0,1},32},
                  {{203,0,113,113},32},
                  {{8193,3512,0,0,0,0,0,0},64}]},
 {auth_realm,<<"eturnal.net">>},
 {server_name,<<"eturnal">>},
 {auth_fun,fun eturnal:get_password/2},
 {hook_fun,fun eturnal:run_hook/2}] (eturnal:start_listeners/0:346)
2022-07-27 13:30:58.251930+00:00 [info] Listening on 127.0.0.1:34780 (udp) (STUN/TURN) (eturnal:start_listeners/0:353)
2022-07-27 13:30:58.252063+00:00 [debug] Starting listener 127.0.0.1:34780 (tcp) with options:
[{use_turn,false},
 {auth_type,anonymous},
 {turn_ipv4_address,{127,0,0,1}},
 {turn_min_port,49152},
 {turn_max_port,65535},
 {turn_max_allocations,10},
 {turn_max_permissions,10},
 {shaper,100000},
 {turn_blacklist,[{{10,0,0,0},8},
                  {{100,64,0,0},10},
                  {{127,0,0,0},8},
                  {{169,254,0,0},16},
                  {{172,16,0,0},12},
                  {{192,0,0,0},24},
                  {{192,0,2,0},24},
                  {{192,88,99,0},24},
                  {{192,168,0,0},16},
                  {{198,18,0,0},15},
                  {{198,51,100,0},24},
                  {{203,0,113,0},24},
                  {{224,0,0,0},4},
                  {{240,0,0,0},4},
                  {{0,0,0,0,0,0,0,1},128},
                  {{0,0,0,0,0,65535,0,0},96},
                  {{100,65435,0,0,0,0,0,0},96},
                  {{256,0,0,0,0,0,0,0},64},
                  {{8193,3512,0,0,0,0,0,0},32},
                  {{64512,0,0,0,0,0,0,0},7},
                  {{65152,0,0,0,0,0,0,0},10},
                  {{65280,0,0,0,0,0,0,0},8}]},
 {turn_whitelist,[{{127,0,0,1},32},
                  {{203,0,113,113},32},
                  {{8193,3512,0,0,0,0,0,0},64}]},
 {auth_realm,<<"eturnal.net">>},
 {server_name,<<"eturnal">>},
 {auth_fun,fun eturnal:get_password/2},
 {hook_fun,fun eturnal:run_hook/2}] (eturnal:start_listeners/0:346)
2022-07-27 13:30:58.252614+00:00 [info] Listening on 127.0.0.1:34780 (tcp) (STUN only) (eturnal:start_listeners/0:353)
2022-07-27 13:30:58.252738+00:00 [debug] Starting listener 127.0.0.1:53490 (tls) with options:
[{use_turn,false},
 {auth_type,anonymous},
 {tls,true},
 {certfile,<<"run/cert.pem">>},
 {ciphers,<<"HIGH:!aNULL:@STRENGTH">>},
 {protocol_options,<<"no_tlsv1|no_tlsv1_1|cipher_server_preference">>},
 {turn_ipv4_address,{127,0,0,1}},
 {turn_min_port,49152},
 {turn_max_port,65535},
 {turn_max_allocations,10},
 {turn_max_permissions,10},
 {shaper,100000},
 {turn_blacklist,[{{10,0,0,0},8},
                  {{100,64,0,0},10},
                  {{127,0,0,0},8},
                  {{169,254,0,0},16},
                  {{172,16,0,0},12},
                  {{192,0,0,0},24},
                  {{192,0,2,0},24},
                  {{192,88,99,0},24},
                  {{192,168,0,0},16},
                  {{198,18,0,0},15},
                  {{198,51,100,0},24},
                  {{203,0,113,0},24},
                  {{224,0,0,0},4},
                  {{240,0,0,0},4},
                  {{0,0,0,0,0,0,0,1},128},
                  {{0,0,0,0,0,65535,0,0},96},
                  {{100,65435,0,0,0,0,0,0},96},
                  {{256,0,0,0,0,0,0,0},64},
                  {{8193,3512,0,0,0,0,0,0},32},
                  {{64512,0,0,0,0,0,0,0},7},
                  {{65152,0,0,0,0,0,0,0},10},
                  {{65280,0,0,0,0,0,0,0},8}]},
 {turn_whitelist,[{{127,0,0,1},32},
                  {{203,0,113,113},32},
                  {{8193,3512,0,0,0,0,0,0},64}]},
 {auth_realm,<<"eturnal.net">>},
 {server_name,<<"eturnal">>},
 {auth_fun,fun eturnal:get_password/2},
 {hook_fun,fun eturnal:run_hook/2}] (eturnal:start_listeners/0:346)
2022-07-27 13:30:58.253256+00:00 [info] Listening on 127.0.0.1:53490 (tls) (STUN only) (eturnal:start_listeners/0:353)
2022-07-27 13:30:58.253357+00:00 [debug] Starting listener 127.0.0.1:34781 (auto) with options:
[{use_turn,false},
 {auth_type,anonymous},
 {tls,optional},
 {certfile,<<"run/cert.pem">>},
 {ciphers,<<"HIGH:!aNULL:@STRENGTH">>},
 {protocol_options,<<"no_tlsv1|no_tlsv1_1|cipher_server_preference">>},
 {turn_ipv4_address,{127,0,0,1}},
 {turn_min_port,49152},
 {turn_max_port,65535},
 {turn_max_allocations,10},
 {turn_max_permissions,10},
 {shaper,100000},
 {turn_blacklist,[{{10,0,0,0},8},
                  {{100,64,0,0},10},
                  {{127,0,0,0},8},
                  {{169,254,0,0},16},
                  {{172,16,0,0},12},
                  {{192,0,0,0},24},
                  {{192,0,2,0},24},
                  {{192,88,99,0},24},
                  {{192,168,0,0},16},
                  {{198,18,0,0},15},
                  {{198,51,100,0},24},
                  {{203,0,113,0},24},
                  {{224,0,0,0},4},
                  {{240,0,0,0},4},
                  {{0,0,0,0,0,0,0,1},128},
                  {{0,0,0,0,0,65535,0,0},96},
                  {{100,65435,0,0,0,0,0,0},96},
                  {{256,0,0,0,0,0,0,0},64},
                  {{8193,3512,0,0,0,0,0,0},32},
                  {{64512,0,0,0,0,0,0,0},7},
                  {{65152,0,0,0,0,0,0,0},10},
                  {{65280,0,0,0,0,0,0,0},8}]},
 {turn_whitelist,[{{127,0,0,1},32},
                  {{203,0,113,113},32},
                  {{8193,3512,0,0,0,0,0,0},64}]},
 {auth_realm,<<"eturnal.net">>},
 {server_name,<<"eturnal">>},
 {auth_fun,fun eturnal:get_password/2},
 {hook_fun,fun eturnal:run_hook/2}] (eturnal:start_listeners/0:346)
2022-07-27 13:30:58.253874+00:00 [info] Listening on 127.0.0.1:34781 (auto) (STUN only) (eturnal:start_listeners/0:353)
2022-07-27 13:30:58.254018+00:00 [debug] Started 3 modules (eturnal:init/1:96)
2022-07-27 13:30:58.254109+00:00 [debug] Started 4 listeners (eturnal:init/1:97)
2022-07-27 13:30:58.254178+00:00 [debug] PROGRESS REPORT:
    supervisor: {local,eturnal_sup}
    started: [{pid,<0.1014.0>},
              {id,eturnal},
              {mfargs,{eturnal,start_link,[]}},
              {restart_type,permanent},
              {significant,false},
              {shutdown,5000},
              {child_type,worker}]
 (supervisor:report_progress/2:1557)
2022-07-27 13:30:58.254704+00:00 [debug] No NOTIFY_SOCKET, dropping READY=1 notification (eturnal_systemd:handle_cast/2:108)
2022-07-27 13:30:58.254845+00:00 [debug] Watchdog interval is undefined, hibernating (eturnal_systemd:get_timeout/1:161)
2022-07-27 13:30:58.254879+00:00 [debug] PROGRESS REPORT:
    application: eturnal
    started_at: nonode@nohost
 (application_controller:info_started/2:2107)
2022-07-27 13:30:58.291188+00:00 [debug] Handling API call: get_info() (eturnal_ctl:get_info/0:134)
2022-07-27 13:30:58.291739+00:00 [debug] eturnal call (get_info) returned {ok,
                                  {eturnal_node_info,<<"1.10.0">>,
                                   {"25","13.0"},
                                   5376,0,150,141029356,2,55515784}} (eturnal_ctl:call/1:451)
2022-07-27 13:30:58.316282+00:00 [debug] Handling API call: get_sessions() (eturnal_ctl:get_sessions/0:105)
2022-07-27 13:30:58.340548+00:00 [debug] Handling API call: get_sessions("alice") (eturnal_ctl:get_sessions/1:115)
2022-07-27 13:30:58.340827+00:00 [debug] Handling API call: disconnect(alice) (eturnal_ctl:disconnect/1:183)
2022-07-27 13:30:58.340947+00:00 [debug] Cannot convert user name to binary: alice (eturnal_ctl:disconnect/1:193)
2022-07-27 13:30:58.365262+00:00 [debug] Handling API call: disconnect("alice") (eturnal_ctl:disconnect/1:183)
2022-07-27 13:30:58.365429+00:00 [debug] Handling API call: disconnect(alice) (eturnal_ctl:disconnect/1:183)
2022-07-27 13:30:58.365501+00:00 [debug] Cannot convert user name to binary: alice (eturnal_ctl:disconnect/1:193)
2022-07-27 13:30:58.390376+00:00 [debug] Handling API call: get_credentials("2009-10-30 11:00:00Z", []) (eturnal_ctl:get_credentials/2:59)
2022-07-27 13:30:58.390693+00:00 [debug] eturnal call ({get_password,<<"1256900400">>}) returned {ok,
                                                         <<"uEKlpcME7MNMMVRV8rUFPCTIFEs=">>} (eturnal_ctl:call/1:451)
2022-07-27 13:30:58.390945+00:00 [debug] Handling API call: get_credentials("86400", "alice") (eturnal_ctl:get_credentials/2:59)
2022-07-27 13:30:58.391084+00:00 [debug] eturnal call ({get_password,<<"1659015058:alice">>}) returned {ok,
                                                               <<"1niU7riN0k5L/6tv8NJNkhtmNkM=">>} (eturnal_ctl:call/1:451)
2022-07-27 13:30:58.391193+00:00 [debug] Handling API call: get_password("1659015058:alice") (eturnal_ctl:get_password/1:78)
2022-07-27 13:30:58.391291+00:00 [debug] eturnal call ({get_password,<<"1659015058:alice">>}) returned {ok,
                                                               <<"1niU7riN0k5L/6tv8NJNkhtmNkM=">>} (eturnal_ctl:call/1:451)
2022-07-27 13:30:58.391428+00:00 [debug] Handling API call: get_credentials("86400s", "alice") (eturnal_ctl:get_credentials/2:59)
2022-07-27 13:30:58.391534+00:00 [debug] eturnal call ({get_password,<<"1659015058:alice">>}) returned {ok,
                                                               <<"1niU7riN0k5L/6tv8NJNkhtmNkM=">>} (eturnal_ctl:call/1:451)
2022-07-27 13:30:58.391630+00:00 [debug] Handling API call: get_password("1659015058:alice") (eturnal_ctl:get_password/1:78)
2022-07-27 13:30:58.391715+00:00 [debug] eturnal call ({get_password,<<"1659015058:alice">>}) returned {ok,
                                                               <<"1niU7riN0k5L/6tv8NJNkhtmNkM=">>} (eturnal_ctl:call/1:451)
2022-07-27 13:30:58.391852+00:00 [debug] Handling API call: get_credentials("1440m", "alice") (eturnal_ctl:get_credentials/2:59)
2022-07-27 13:30:58.391969+00:00 [debug] eturnal call ({get_password,<<"1659015058:alice">>}) returned {ok,
                                                               <<"1niU7riN0k5L/6tv8NJNkhtmNkM=">>} (eturnal_ctl:call/1:451)
2022-07-27 13:30:58.392066+00:00 [debug] Handling API call: get_password("1659015058:alice") (eturnal_ctl:get_password/1:78)
2022-07-27 13:30:58.392157+00:00 [debug] eturnal call ({get_password,<<"1659015058:alice">>}) returned {ok,
                                                               <<"1niU7riN0k5L/6tv8NJNkhtmNkM=">>} (eturnal_ctl:call/1:451)
2022-07-27 13:30:58.392297+00:00 [debug] Handling API call: get_credentials("24h", "alice") (eturnal_ctl:get_credentials/2:59)
2022-07-27 13:30:58.392385+00:00 [debug] eturnal call ({get_password,<<"1659015058:alice">>}) returned {ok,
                                                               <<"1niU7riN0k5L/6tv8NJNkhtmNkM=">>} (eturnal_ctl:call/1:451)
2022-07-27 13:30:58.392478+00:00 [debug] Handling API call: get_password("1659015058:alice") (eturnal_ctl:get_password/1:78)
2022-07-27 13:30:58.392568+00:00 [debug] eturnal call ({get_password,<<"1659015058:alice">>}) returned {ok,
                                                               <<"1niU7riN0k5L/6tv8NJNkhtmNkM=">>} (eturnal_ctl:call/1:451)
2022-07-27 13:30:58.392682+00:00 [debug] Handling API call: get_credentials("1d", "alice") (eturnal_ctl:get_credentials/2:59)
2022-07-27 13:30:58.392772+00:00 [debug] eturnal call ({get_password,<<"1659015058:alice">>}) returned {ok,
                                                               <<"1niU7riN0k5L/6tv8NJNkhtmNkM=">>} (eturnal_ctl:call/1:451)
2022-07-27 13:30:58.392859+00:00 [debug] Handling API call: get_password("1659015058:alice") (eturnal_ctl:get_password/1:78)
2022-07-27 13:30:58.392949+00:00 [debug] eturnal call ({get_password,<<"1659015058:alice">>}) returned {ok,
                                                               <<"1niU7riN0k5L/6tv8NJNkhtmNkM=">>} (eturnal_ctl:call/1:451)
2022-07-27 13:30:58.393110+00:00 [debug] Handling API call: get_password("Invalid") (eturnal_ctl:get_password/1:78)
2022-07-27 13:30:58.393186+00:00 [debug] Invalid user name: Invalid (eturnal_ctl:get_password/1:92)
2022-07-27 13:30:58.393244+00:00 [debug] Handling API call: get_credentials("Invalid", []) (eturnal_ctl:get_credentials/2:59)
2022-07-27 13:30:58.393327+00:00 [debug] Invalid argument(s): "Invalid":[] (eturnal_ctl:get_credentials/2:72)
2022-07-27 13:30:58.393395+00:00 [debug] Handling API call: get_password(invalid) (eturnal_ctl:get_password/1:78)
2022-07-27 13:30:58.393466+00:00 [debug] Cannot convert user name to binary: invalid (eturnal_ctl:get_password/1:99)
2022-07-27 13:30:58.393531+00:00 [debug] Handling API call: get_credentials(invalid, []) (eturnal_ctl:get_credentials/2:59)
2022-07-27 13:30:58.393601+00:00 [debug] Invalid argument(s): invalid:[] (eturnal_ctl:get_credentials/2:72)
2022-07-27 13:30:58.393674+00:00 [debug] Handling API call: get_password([invalid]) (eturnal_ctl:get_password/1:78)
2022-07-27 13:30:58.393745+00:00 [debug] Cannot convert user name to binary: [invalid] (eturnal_ctl:get_password/1:99)
2022-07-27 13:30:58.393809+00:00 [debug] Handling API call: get_credentials([invalid], []) (eturnal_ctl:get_credentials/2:59)
2022-07-27 13:30:58.393877+00:00 [debug] Invalid argument(s): [invalid]:[] (eturnal_ctl:get_credentials/2:72)
2022-07-27 13:30:58.393971+00:00 [debug] Handling API call: get_credentials(1256900400, invalid) (eturnal_ctl:get_credentials/2:59)
2022-07-27 13:30:58.394043+00:00 [debug] Invalid argument(s): 1256900400:invalid (eturnal_ctl:get_credentials/2:72)
2022-07-27 13:30:58.418998+00:00 [debug] Handling API call: set_loglevel(debug) (eturnal_ctl:set_loglevel/1:164)
2022-07-27 13:30:58.419197+00:00 [debug] eturnal call ({set_loglevel,debug}) returned ok (eturnal_ctl:call/1:448)
2022-07-27 13:30:58.419386+00:00 [debug] Handling API call: get_loglevel() (eturnal_ctl:get_loglevel/0:154)
2022-07-27 13:30:58.419491+00:00 [debug] eturnal call (get_loglevel) returned {ok,debug} (eturnal_ctl:call/1:451)
2022-07-27 13:30:58.419643+00:00 [debug] Handling API call: set_loglevel(invalid) (eturnal_ctl:set_loglevel/1:164)
2022-07-27 13:30:58.419709+00:00 [debug] Invalid log level: invalid (eturnal_ctl:set_loglevel/1:174)
2022-07-27 13:30:58.419808+00:00 [debug] Handling API call: get_loglevel() (eturnal_ctl:get_loglevel/0:154)
2022-07-27 13:30:58.419874+00:00 [debug] eturnal call (get_loglevel) returned {ok,debug} (eturnal_ctl:call/1:451)
2022-07-27 13:30:58.443802+00:00 [debug] Handling API call: get_version() (eturnal_ctl:get_version/0:144)
2022-07-27 13:30:58.444028+00:00 [debug] eturnal call (get_version) returned {ok,<<"1.10.0">>} (eturnal_ctl:call/1:451)
2022-07-27 13:30:58.468484+00:00 [debug] Handling API call: reload() (eturnal_ctl:reload/0:199)
2022-07-27 13:30:58.470131+00:00 [debug] Calling mod_log_stun:options/0 (eturnal_module:options/1:191)
2022-07-27 13:30:58.470298+00:00 [debug] Calling mod_stats_influx:options/0 (eturnal_module:options/1:191)
2022-07-27 13:30:58.470475+00:00 [debug] Calling mod_stats_prometheus:options/0 (eturnal_module:options/1:191)
2022-07-27 13:30:58.471407+00:00 [warning] TLS enabled without 'tls_crt_file', creating self-signed certificate (eturnal:check_pem_file/0:669)
2022-07-27 13:30:59.002385+00:00 [info] Using new TLS certificate (eturnal:handle_call/3:114)
2022-07-27 13:30:59.002710+00:00 [debug] Calling mod_log_stun:stop/1 (eturnal_module:stop/1:162)
2022-07-27 13:30:59.003346+00:00 [debug] Stopping mod_log_stun (mod_log_stun:stop/0:49)
2022-07-27 13:30:59.003440+00:00 [info] Stopped mod_log_stun (eturnal:stop_modules/1:326)
2022-07-27 13:30:59.004372+00:00 [debug] Calling mod_stats_influx:stop/1 (eturnal_module:stop/1:162)
2022-07-27 13:30:59.004529+00:00 [debug] Stopping mod_stats_influx (mod_stats_influx:stop/0:61)
2022-07-27 13:30:59.004645+00:00 [info] Stopped mod_stats_influx (eturnal:stop_modules/1:326)
2022-07-27 13:30:59.006264+00:00 [debug] Calling mod_stats_prometheus:stop/1 (eturnal_module:stop/1:162)
2022-07-27 13:30:59.007173+00:00 [debug] Stopping mod_stats_prometheus (mod_stats_prometheus:stop/0:118)
2022-07-27 13:30:59.007827+00:00 [info] Stopped mod_stats_prometheus (eturnal:stop_modules/1:326)
2022-07-27 13:30:59.007944+00:00 [debug] Calling mod_log_stun:start/0 (eturnal_module:start/1:142)
2022-07-27 13:30:59.008028+00:00 [debug] Starting mod_log_stun (mod_log_stun:start/0:38)
2022-07-27 13:30:59.010296+00:00 [info] Started mod_log_stun (eturnal:start_modules/0:313)
2022-07-27 13:30:59.010950+00:00 [debug] Calling mod_stats_influx:start/0 (eturnal_module:start/1:142)
2022-07-27 13:30:59.011046+00:00 [debug] Starting mod_stats_influx (mod_stats_influx:start/0:37)
2022-07-27 13:30:59.011168+00:00 [debug] Dependency influx_udp was available already (eturnal_module:ensure_dep/2:283)
2022-07-27 13:30:59.011674+00:00 [info]     host: {127,0,0,1}
    msg: Start clients pool
    options: #{host => "localhost",max_overflow => 1,pool_size => 1,
               port => 8089} (influx_udp:start_pool_/2:239)
2022-07-27 13:30:59.013088+00:00 [info] Started mod_stats_influx (eturnal:start_modules/0:313)
2022-07-27 13:30:59.013206+00:00 [debug] Calling mod_stats_prometheus:start/0 (eturnal_module:start/1:142)
2022-07-27 13:30:59.013345+00:00 [debug] Starting mod_stats_prometheus (mod_stats_prometheus:start/0:56)
2022-07-27 13:30:59.013693+00:00 [debug] Dependency prometheus_httpd was available already (eturnal_module:ensure_dep/2:283)
2022-07-27 13:30:59.014597+00:00 [debug] PROGRESS REPORT:
    supervisor: {local,httpd_instance_sup__127_0_0_1__9081default}
    started: [{pid,<0.1189.0>},
              {id,{httpd_connection_sup,{127,0,0,1},9081,default}},
              {mfargs,{httpd_connection_sup,start_link,[[{127,0,0,1},9081]]}},
              {restart_type,permanent},
              {significant,false},
              {shutdown,5000},
              {child_type,supervisor}]
 (supervisor:report_progress/2:1557)
2022-07-27 13:30:59.014894+00:00 [debug] PROGRESS REPORT:
    supervisor: {local,httpd_acceptor_sup__127_0_0_1__9081default}
    started: [{pid,<0.1191.0>},
              {id,{httpd_acceptor_sup,{127,0,0,1},9081,default}},
              {mfargs,{httpd_acceptor,start_link,
                                      [httpd__127_0_0_1__9081default,ip_comm,
                                       {127,0,0,1},
                                       9081,inet,
                                       httpd_conf__127_0_0_1__9081default,
                                       15000]}},
              {restart_type,transient},
              {significant,false},
              {shutdown,brutal_kill},
              {child_type,worker}]
 (supervisor:report_progress/2:1557)
2022-07-27 13:30:59.015024+00:00 [debug] PROGRESS REPORT:
    supervisor: {local,httpd_instance_sup__127_0_0_1__9081default}
    started: [{pid,<0.1190.0>},
              {id,{httpd_acceptor_sup,{127,0,0,1},9081,default}},
              {mfargs,
                  {httpd_acceptor_sup,start_link,
                      [[{127,0,0,1},
                        9081,
                        [{bind_address,{127,0,0,1}},
                         {socket_type,ip_comm},
                         {port,9081},
                         {server_root,"run/mod_stats_prometheus/doc"},
                         {document_root,"run/mod_stats_prometheus/doc"},
                         {server_name,"Prometheus Exporter"},
                         {modules,[prometheus_httpd]}],
                        15000,undefined]]}},
              {restart_type,permanent},
              {significant,false},
              {shutdown,infinity},
              {child_type,supervisor}]
 (supervisor:report_progress/2:1557)
2022-07-27 13:30:59.015244+00:00 [debug] PROGRESS REPORT:
    supervisor: {local,httpd_instance_sup__127_0_0_1__9081default}
    started: [{pid,<0.1192.0>},
              {id,{httpd_misc_sup,{127,0,0,1},9081,default}},
              {mfargs,{httpd_misc_sup,start_link,[{127,0,0,1},9081,default]}},
              {restart_type,permanent},
              {significant,false},
              {shutdown,infinity},
              {child_type,supervisor}]
 (supervisor:report_progress/2:1557)
2022-07-27 13:30:59.016864+00:00 [debug] PROGRESS REPORT:
    supervisor: {local,httpd_instance_sup__127_0_0_1__9081default}
    started: [{pid,<0.1193.0>},
              {id,{httpd_manager,{127,0,0,1},9081,default}},
              {mfargs,
                  {httpd_manager,start_link,
                      [undefined,
                       [{bind_address,{127,0,0,1}},
                        {socket_type,ip_comm},
                        {port,9081},
                        {server_root,"run/mod_stats_prometheus/doc"},
                        {document_root,"run/mod_stats_prometheus/doc"},
                        {server_name,"Prometheus Exporter"},
                        {modules,[prometheus_httpd]}],
                       15000]}},
              {restart_type,permanent},
              {significant,false},
              {shutdown,4000},
              {child_type,worker}]
 (supervisor:report_progress/2:1557)
2022-07-27 13:30:59.017017+00:00 [debug] PROGRESS REPORT:
    supervisor: {local,httpd_sup}
    started: [{pid,<0.1188.0>},
              {id,{httpd_instance_sup,{127,0,0,1},9081,default}},
              {mfargs,
                  {httpd_instance_sup,start_link,
                      [[{bind_address,{127,0,0,1}},
                        {socket_type,ip_comm},
                        {port,9081},
                        {server_root,"run/mod_stats_prometheus/doc"},
                        {document_root,"run/mod_stats_prometheus/doc"},
                        {server_name,"Prometheus Exporter"},
                        {modules,[prometheus_httpd]}],
                       15000,[]]}},
              {restart_type,permanent},
              {significant,false},
              {shutdown,infinity},
              {child_type,supervisor}]
 (supervisor:report_progress/2:1557)
2022-07-27 13:30:59.017562+00:00 [info] Started mod_stats_prometheus (eturnal:start_modules/0:313)
2022-07-27 13:30:59.017690+00:00 [debug] Restarted modules (eturnal:handle_call/3:122)
2022-07-27 13:30:59.017843+00:00 [debug] eturnal call (reload) returned ok (eturnal_ctl:call/1:448)
2022-07-27 13:30:59.018669+00:00 [debug] Handling API call: reload() (eturnal_ctl:reload/0:199)
2022-07-27 13:30:59.020858+00:00 [debug] Calling mod_log_stun:options/0 (eturnal_module:options/1:191)
2022-07-27 13:30:59.021006+00:00 [debug] Calling mod_stats_influx:options/0 (eturnal_module:options/1:191)
2022-07-27 13:30:59.021143+00:00 [debug] Calling mod_stats_prometheus:options/0 (eturnal_module:options/1:191)
2022-07-27 13:30:59.022008+00:00 [debug] Keeping PEM file (run/cert.pem) (eturnal:check_pem_file/0:666)
2022-07-27 13:30:59.022113+00:00 [debug] TLS certificate unchanged (eturnal:handle_call/3:116)
2022-07-27 13:30:59.023020+00:00 [debug] Calling mod_log_stun:stop/1 (eturnal_module:stop/1:162)
2022-07-27 13:30:59.023183+00:00 [debug] Stopping mod_log_stun (mod_log_stun:stop/0:49)
2022-07-27 13:30:59.023280+00:00 [info] Stopped mod_log_stun (eturnal:stop_modules/1:326)
2022-07-27 13:30:59.025097+00:00 [debug] Calling mod_stats_influx:stop/1 (eturnal_module:stop/1:162)
2022-07-27 13:30:59.025246+00:00 [debug] Stopping mod_stats_influx (mod_stats_influx:stop/0:61)
2022-07-27 13:30:59.025366+00:00 [info] Stopped mod_stats_influx (eturnal:stop_modules/1:326)
2022-07-27 13:30:59.027748+00:00 [debug] Calling mod_stats_prometheus:stop/1 (eturnal_module:stop/1:162)
2022-07-27 13:30:59.027900+00:00 [debug] Stopping mod_stats_prometheus (mod_stats_prometheus:stop/0:118)
2022-07-27 13:30:59.029146+00:00 [info] Stopped mod_stats_prometheus (eturnal:stop_modules/1:326)
2022-07-27 13:30:59.029263+00:00 [debug] Calling mod_log_stun:start/0 (eturnal_module:start/1:142)
2022-07-27 13:30:59.029331+00:00 [debug] Starting mod_log_stun (mod_log_stun:start/0:38)
2022-07-27 13:30:59.031096+00:00 [info] Started mod_log_stun (eturnal:start_modules/0:313)
2022-07-27 13:30:59.031220+00:00 [debug] Calling mod_stats_influx:start/0 (eturnal_module:start/1:142)
2022-07-27 13:30:59.031344+00:00 [debug] Starting mod_stats_influx (mod_stats_influx:start/0:37)
2022-07-27 13:30:59.031698+00:00 [debug] Dependency influx_udp was available already (eturnal_module:ensure_dep/2:283)
2022-07-27 13:30:59.032068+00:00 [info]     host: {127,0,0,1}
    msg: Start clients pool
    options: #{host => "localhost",max_overflow => 1,pool_size => 1,
               port => 8089} (influx_udp:start_pool_/2:239)
2022-07-27 13:30:59.034045+00:00 [info] Started mod_stats_influx (eturnal:start_modules/0:313)
2022-07-27 13:30:59.034166+00:00 [debug] Calling mod_stats_prometheus:start/0 (eturnal_module:start/1:142)
2022-07-27 13:30:59.034283+00:00 [debug] Starting mod_stats_prometheus (mod_stats_prometheus:start/0:56)
2022-07-27 13:30:59.034402+00:00 [debug] Dependency prometheus_httpd was available already (eturnal_module:ensure_dep/2:283)
2022-07-27 13:30:59.035787+00:00 [debug] PROGRESS REPORT:
    supervisor: {local,httpd_instance_sup__127_0_0_1__9081default}
    started: [{pid,<0.1224.0>},
              {id,{httpd_connection_sup,{127,0,0,1},9081,default}},
              {mfargs,{httpd_connection_sup,start_link,[[{127,0,0,1},9081]]}},
              {restart_type,permanent},
              {significant,false},
              {shutdown,5000},
              {child_type,supervisor}]
 (supervisor:report_progress/2:1557)
2022-07-27 13:30:59.036112+00:00 [debug] PROGRESS REPORT:
    supervisor: {local,httpd_acceptor_sup__127_0_0_1__9081default}
    started: [{pid,<0.1226.0>},
              {id,{httpd_acceptor_sup,{127,0,0,1},9081,default}},
              {mfargs,{httpd_acceptor,start_link,
                                      [httpd__127_0_0_1__9081default,ip_comm,
                                       {127,0,0,1},
                                       9081,inet,
                                       httpd_conf__127_0_0_1__9081default,
                                       15000]}},
              {restart_type,transient},
              {significant,false},
              {shutdown,brutal_kill},
              {child_type,worker}]
 (supervisor:report_progress/2:1557)
2022-07-27 13:30:59.036266+00:00 [debug] PROGRESS REPORT:
    supervisor: {local,httpd_instance_sup__127_0_0_1__9081default}
    started: [{pid,<0.1225.0>},
              {id,{httpd_acceptor_sup,{127,0,0,1},9081,default}},
              {mfargs,
                  {httpd_acceptor_sup,start_link,
                      [[{127,0,0,1},
                        9081,
                        [{bind_address,{127,0,0,1}},
                         {socket_type,ip_comm},
                         {port,9081},
                         {server_root,"run/mod_stats_prometheus/doc"},
                         {document_root,"run/mod_stats_prometheus/doc"},
                         {server_name,"Prometheus Exporter"},
                         {modules,[prometheus_httpd]}],
                        15000,undefined]]}},
              {restart_type,permanent},
              {significant,false},
              {shutdown,infinity},
              {child_type,supervisor}]
 (supervisor:report_progress/2:1557)
2022-07-27 13:30:59.036424+00:00 [debug] PROGRESS REPORT:
    supervisor: {local,httpd_instance_sup__127_0_0_1__9081default}
    started: [{pid,<0.1227.0>},
              {id,{httpd_misc_sup,{127,0,0,1},9081,default}},
              {mfargs,{httpd_misc_sup,start_link,[{127,0,0,1},9081,default]}},
              {restart_type,permanent},
              {significant,false},
              {shutdown,infinity},
              {child_type,supervisor}]
 (supervisor:report_progress/2:1557)
2022-07-27 13:30:59.036777+00:00 [debug] PROGRESS REPORT:
    supervisor: {local,httpd_instance_sup__127_0_0_1__9081default}
    started: [{pid,<0.1228.0>},
              {id,{httpd_manager,{127,0,0,1},9081,default}},
              {mfargs,
                  {httpd_manager,start_link,
                      [undefined,
                       [{bind_address,{127,0,0,1}},
                        {socket_type,ip_comm},
                        {port,9081},
                        {server_root,"run/mod_stats_prometheus/doc"},
                        {document_root,"run/mod_stats_prometheus/doc"},
                        {server_name,"Prometheus Exporter"},
                        {modules,[prometheus_httpd]}],
                       15000]}},
              {restart_type,permanent},
              {significant,false},
              {shutdown,4000},
              {child_type,worker}]
 (supervisor:report_progress/2:1557)
2022-07-27 13:30:59.036909+00:00 [debug] PROGRESS REPORT:
    supervisor: {local,httpd_sup}
    started: [{pid,<0.1223.0>},
              {id,{httpd_instance_sup,{127,0,0,1},9081,default}},
              {mfargs,
                  {httpd_instance_sup,start_link,
                      [[{bind_address,{127,0,0,1}},
                        {socket_type,ip_comm},
                        {port,9081},
                        {server_root,"run/mod_stats_prometheus/doc"},
                        {document_root,"run/mod_stats_prometheus/doc"},
                        {server_name,"Prometheus Exporter"},
                        {modules,[prometheus_httpd]}],
                       15000,[]]}},
              {restart_type,permanent},
              {significant,false},
              {shutdown,infinity},
              {child_type,supervisor}]
 (supervisor:report_progress/2:1557)
2022-07-27 13:30:59.039617+00:00 [info] Started mod_stats_prometheus (eturnal:start_modules/0:313)
2022-07-27 13:30:59.040560+00:00 [debug] Restarted modules (eturnal:handle_call/3:122)
2022-07-27 13:30:59.040763+00:00 [debug] eturnal call (reload) returned ok (eturnal_ctl:call/1:448)
2022-07-27 13:30:59.066349+00:00 [info] Accepting connection: 127.0.0.1:52596 -> 127.0.0.1:34780 [TCP, session fjpat7afboo0] (stun_acceptor:accept/3:158)
2022-07-27 13:30:59.089733+00:00 [info] Accepting connection: 127.0.0.1:45726 -> 127.0.0.1:53490 [TLS, session k8pgdazi6ib1] (stun_acceptor:accept/3:158)
2022-07-27 13:30:59.114966+00:00 [debug] Received:
#stun{class = request,method = 3,magic = 554869826,
      trid = 50770075105057184473225892920,raw = <<>>,unsupported = [],
      'ALTERNATE-SERVER' = undefined,'CHANNEL-NUMBER' = undefined,
      'DATA' = undefined,'DONT-FRAGMENT' = false,'ERROR-CODE' = undefined,
      'LIFETIME' = undefined,'MAPPED-ADDRESS' = undefined,
      'MESSAGE-INTEGRITY' = undefined,'NONCE' = undefined,'REALM' = undefined,
      'REQUESTED-ADDRESS-FAMILY' = undefined,
      'REQUESTED-TRANSPORT' = undefined,'SOFTWARE' = undefined,
      'UNKNOWN-ATTRIBUTES' = [],'USERNAME' = undefined,
      'XOR-MAPPED-ADDRESS' = undefined,'XOR-PEER-ADDRESS' = [],
      'XOR-RELAYED-ADDRESS' = undefined} (stun:udp_recv/5:111)
2022-07-27 13:30:59.115131+00:00 [debug] Sending:
#stun{class = error,method = 3,magic = 554869826,
      trid = 50770075105057184473225892920,raw = <<>>,unsupported = [],
      'ALTERNATE-SERVER' = undefined,'CHANNEL-NUMBER' = undefined,
      'DATA' = undefined,'DONT-FRAGMENT' = false,
      'ERROR-CODE' = {401,<<"Unauthorized">>},
      'LIFETIME' = undefined,'MAPPED-ADDRESS' = undefined,
      'MESSAGE-INTEGRITY' = undefined,'NONCE' = <<"1415115986">>,
      'REALM' = <<"eturnal.net">>,'REQUESTED-ADDRESS-FAMILY' = undefined,
      'REQUESTED-TRANSPORT' = undefined,'SOFTWARE' = <<"eturnal">>,
      'UNKNOWN-ATTRIBUTES' = [],'USERNAME' = undefined,
      'XOR-MAPPED-ADDRESS' = undefined,'XOR-PEER-ADDRESS' = [],
      'XOR-RELAYED-ADDRESS' = undefined} (stun:send/3:445)
2022-07-27 13:30:59.115454+00:00 [debug] Received:
#stun{class = request,method = 3,magic = 554869826,
      trid = 59469658175161565253607541778,
      raw = <<0,3,0,80,33,18,164,66,192,40,37,245,134,38,135,133,14,238,204,18,
              0,25,0,4,17,0,0,0,0,6,0,10,50,49,52,53,57,49,51,50,48,48,0,0,0,
              20,0,11,101,116,117,114,110,97,108,46,110,101,116,0,0,21,0,10,49,
              52,49,53,49,49,53,57,56,54,0,0>>,
      unsupported = [],'ALTERNATE-SERVER' = undefined,
      'CHANNEL-NUMBER' = undefined,'DATA' = undefined,'DONT-FRAGMENT' = false,
      'ERROR-CODE' = undefined,'LIFETIME' = undefined,
      'MAPPED-ADDRESS' = undefined,
      'MESSAGE-INTEGRITY' = <<194,9,176,150,245,26,11,85,127,81,237,219,9,202,
                              4,86,249,223,236,97>>,
      'NONCE' = <<"1415115986">>,'REALM' = <<"eturnal.net">>,
      'REQUESTED-ADDRESS-FAMILY' = undefined,'REQUESTED-TRANSPORT' = udp,
      'SOFTWARE' = undefined,'UNKNOWN-ATTRIBUTES' = [],
      'USERNAME' = <<"2145913200">>,'XOR-MAPPED-ADDRESS' = undefined,
      'XOR-PEER-ADDRESS' = [],'XOR-RELAYED-ADDRESS' = undefined} (stun:udp_recv/5:111)
2022-07-27 13:30:59.115582+00:00 [debug] Looking up password for: 2145913200 [UDP, session acx9w6h86l0z, user 2145913200, client 127.0.0.1:58319] (eturnal:get_password/2:215)
2022-07-27 13:30:59.115682+00:00 [info] Accepting long-term STUN/TURN authentication [UDP, session acx9w6h86l0z, user 2145913200, client 127.0.0.1:58319] (stun:process/2:249)
2022-07-27 13:30:59.115827+00:00 [debug] Running 'turn_session_start' hook [UDP, session acx9w6h86l0z, user 2145913200, client 127.0.0.1:58319] (turn:run_hook/2:717)
2022-07-27 13:30:59.115883+00:00 [debug] Got 'turn_session_start' event [UDP, session acx9w6h86l0z, user 2145913200, client 127.0.0.1:58319] (eturnal_module:handle_event/2:176)
2022-07-27 13:30:59.115930+00:00 [debug] Calling mod_stats_prometheus:handle_event/2 [UDP, session acx9w6h86l0z, user 2145913200, client 127.0.0.1:58319] (eturnal_module:handle_event/2:179)
2022-07-27 13:30:59.115994+00:00 [debug] Observing started TURN session acx9w6h86l0z for Prometheus [UDP, session acx9w6h86l0z, user 2145913200, client 127.0.0.1:58319] (mod_stats_prometheus:on_turn_session_start/1:190)
2022-07-27 13:30:59.116230+00:00 [notice] Creating TURN allocation (lifetime: 599 seconds) [UDP, session acx9w6h86l0z, user 2145913200, client 127.0.0.1:58319, relay 127.0.0.1:62337] (turn:wait_for_allocate/2:213)
2022-07-27 13:30:59.116366+00:00 [debug] Sending:
#stun{class = response,method = 3,magic = 554869826,
      trid = 59469658175161565253607541778,raw = <<>>,unsupported = [],
      'ALTERNATE-SERVER' = undefined,'CHANNEL-NUMBER' = undefined,
      'DATA' = undefined,'DONT-FRAGMENT' = false,'ERROR-CODE' = undefined,
      'LIFETIME' = 599,'MAPPED-ADDRESS' = undefined,
      'MESSAGE-INTEGRITY' = undefined,'NONCE' = undefined,'REALM' = undefined,
      'REQUESTED-ADDRESS-FAMILY' = undefined,
      'REQUESTED-TRANSPORT' = undefined,'SOFTWARE' = <<"eturnal">>,
      'UNKNOWN-ATTRIBUTES' = [],'USERNAME' = undefined,
      'XOR-MAPPED-ADDRESS' = {{127,0,0,1},58319},
      'XOR-PEER-ADDRESS' = [],
      'XOR-RELAYED-ADDRESS' = {{127,0,0,1},62337}} (turn:send/2:527)
2022-07-27 13:30:59.116646+00:00 [debug] Received:
#stun{class = request,method = 4,magic = 554869826,
      trid = 40175086820406166342749355775,
      raw = <<0,4,0,80,33,18,164,66,129,208,13,140,134,30,182,5,72,91,126,255,
              0,6,0,10,50,49,52,53,57,49,51,50,48,48,0,0,0,20,0,11,101,116,117,
              114,110,97,108,46,110,101,116,0,0,21,0,10,49,52,49,53,49,49,53,
              57,56,54,0,0,0,13,0,4,0,0,0,0>>,
      unsupported = [],'ALTERNATE-SERVER' = undefined,
      'CHANNEL-NUMBER' = undefined,'DATA' = undefined,'DONT-FRAGMENT' = false,
      'ERROR-CODE' = undefined,'LIFETIME' = 0,'MAPPED-ADDRESS' = undefined,
      'MESSAGE-INTEGRITY' = <<193,88,33,159,181,54,56,105,95,168,72,47,84,77,
                              235,117,241,163,215,253>>,
      'NONCE' = <<"1415115986">>,'REALM' = <<"eturnal.net">>,
      'REQUESTED-ADDRESS-FAMILY' = undefined,
      'REQUESTED-TRANSPORT' = undefined,'SOFTWARE' = undefined,
      'UNKNOWN-ATTRIBUTES' = [],'USERNAME' = <<"2145913200">>,
      'XOR-MAPPED-ADDRESS' = undefined,'XOR-PEER-ADDRESS' = [],
      'XOR-RELAYED-ADDRESS' = undefined} (stun:udp_recv/5:111)
2022-07-27 13:30:59.116755+00:00 [debug] Looking up password for: 2145913200 [UDP, session g7kx6wgtwz3d, user 2145913200, client 127.0.0.1:58319] (eturnal:get_password/2:215)
2022-07-27 13:30:59.116812+00:00 [info] Accepting long-term STUN/TURN authentication [UDP, session g7kx6wgtwz3d, user 2145913200, client 127.0.0.1:58319] (stun:process/2:249)
2022-07-27 13:30:59.116934+00:00 [info] Client requested closing the TURN session [UDP, session acx9w6h86l0z, user 2145913200, client 127.0.0.1:58319, relay 127.0.0.1:62337] (turn:active/2:268)
2022-07-27 13:30:59.117027+00:00 [debug] Sending:
#stun{class = response,method = 4,magic = 554869826,
      trid = 40175086820406166342749355775,raw = <<>>,unsupported = [],
      'ALTERNATE-SERVER' = undefined,'CHANNEL-NUMBER' = undefined,
      'DATA' = undefined,'DONT-FRAGMENT' = false,'ERROR-CODE' = undefined,
      'LIFETIME' = 0,'MAPPED-ADDRESS' = undefined,
      'MESSAGE-INTEGRITY' = undefined,'NONCE' = undefined,'REALM' = undefined,
      'REQUESTED-ADDRESS-FAMILY' = undefined,
      'REQUESTED-TRANSPORT' = undefined,'SOFTWARE' = <<"eturnal">>,
      'UNKNOWN-ATTRIBUTES' = [],'USERNAME' = undefined,
      'XOR-MAPPED-ADDRESS' = undefined,'XOR-PEER-ADDRESS' = [],
      'XOR-RELAYED-ADDRESS' = undefined} (turn:send/2:527)
2022-07-27 13:30:59.117126+00:00 [info] Deleting TURN allocation [UDP, session acx9w6h86l0z, user 2145913200, client 127.0.0.1:58319, relay 127.0.0.1:62337] (turn:terminate/3:460)
2022-07-27 13:30:59.117207+00:00 [notice] Relayed 0 KiB (in 0 B / 0 packets, out 0 B / 0 packets), duration: 0 seconds [UDP, session acx9w6h86l0z, user 2145913200, client 127.0.0.1:58319, relay 127.0.0.1:62337] (turn:terminate/3:467)
2022-07-27 13:30:59.117279+00:00 [debug] Running 'turn_session_stop' hook [UDP, session acx9w6h86l0z, user 2145913200, client 127.0.0.1:58319, relay 127.0.0.1:62337] (turn:run_hook/2:717)
2022-07-27 13:30:59.117321+00:00 [debug] Got 'turn_session_stop' event [UDP, session acx9w6h86l0z, user 2145913200, client 127.0.0.1:58319, relay 127.0.0.1:62337] (eturnal_module:handle_event/2:176)
2022-07-27 13:30:59.117355+00:00 [debug] Calling mod_stats_influx:handle_event/2 [UDP, session acx9w6h86l0z, user 2145913200, client 127.0.0.1:58319, relay 127.0.0.1:62337] (eturnal_module:handle_event/2:179)
2022-07-27 13:30:59.117392+00:00 [debug] Writing stats of TURN session acx9w6h86l0z to InfluxDB [UDP, session acx9w6h86l0z, user 2145913200, client 127.0.0.1:58319, relay 127.0.0.1:62337] (mod_stats_influx:on_turn_session_stop/1:87)
2022-07-27 13:30:59.117552+00:00 [debug] Calling mod_stats_prometheus:handle_event/2 [UDP, session acx9w6h86l0z, user 2145913200, client 127.0.0.1:58319, relay 127.0.0.1:62337] (eturnal_module:handle_event/2:179)
2022-07-27 13:30:59.117601+00:00 [debug] Observing stopped TURN session acx9w6h86l0z for Prometheus [UDP, session acx9w6h86l0z, user 2145913200, client 127.0.0.1:58319, relay 127.0.0.1:62337] (mod_stats_prometheus:on_turn_session_stop/1:203)
2022-07-27 13:30:59.140822+00:00 [debug] Received:
#stun{class = request,method = 1,magic = 554869826,
      trid = 56899362353670055813619997224,raw = <<>>,unsupported = [],
      'ALTERNATE-SERVER' = undefined,'CHANNEL-NUMBER' = undefined,
      'DATA' = undefined,'DONT-FRAGMENT' = false,'ERROR-CODE' = undefined,
      'LIFETIME' = undefined,'MAPPED-ADDRESS' = undefined,
      'MESSAGE-INTEGRITY' = undefined,'NONCE' = undefined,'REALM' = undefined,
      'REQUESTED-ADDRESS-FAMILY' = undefined,
      'REQUESTED-TRANSPORT' = undefined,'SOFTWARE' = undefined,
      'UNKNOWN-ATTRIBUTES' = [],'USERNAME' = undefined,
      'XOR-MAPPED-ADDRESS' = undefined,'XOR-PEER-ADDRESS' = [],
      'XOR-RELAYED-ADDRESS' = undefined} (stun:udp_recv/5:111)
2022-07-27 13:30:59.140921+00:00 [debug] Responding to STUN request [UDP, session fxxo5uhie7pw, anonymous, client 127.0.0.1:49926] (stun:process/4:312)
2022-07-27 13:30:59.140985+00:00 [debug] Running 'stun_query' hook [UDP, session fxxo5uhie7pw, anonymous, client 127.0.0.1:49926] (stun:run_hook/3:820)
2022-07-27 13:30:59.141023+00:00 [debug] Got 'stun_query' event [UDP, session fxxo5uhie7pw, anonymous, client 127.0.0.1:49926] (eturnal_module:handle_event/2:176)
2022-07-27 13:30:59.141061+00:00 [debug] Calling mod_log_stun:handle_event/2 [UDP, session fxxo5uhie7pw, anonymous, client 127.0.0.1:49926] (eturnal_module:handle_event/2:179)
2022-07-27 13:30:59.141099+00:00 [info] Responding to STUN request [UDP, session fxxo5uhie7pw, anonymous, client 127.0.0.1:49926] (mod_log_stun:handle_event/2:44)
2022-07-27 13:30:59.141135+00:00 [debug] Calling mod_stats_influx:handle_event/2 [UDP, session fxxo5uhie7pw, anonymous, client 127.0.0.1:49926] (eturnal_module:handle_event/2:179)
2022-07-27 13:30:59.141163+00:00 [debug] Writing STUN query event to InfluxDB [UDP, session fxxo5uhie7pw, anonymous, client 127.0.0.1:49926] (mod_stats_influx:on_stun_query/1:76)
2022-07-27 13:30:59.141296+00:00 [debug] Calling mod_stats_prometheus:handle_event/2 [UDP, session fxxo5uhie7pw, anonymous, client 127.0.0.1:49926] (eturnal_module:handle_event/2:179)
2022-07-27 13:30:59.141338+00:00 [debug] Observing STUN query for Prometheus [UDP, session fxxo5uhie7pw, anonymous, client 127.0.0.1:49926] (mod_stats_prometheus:on_stun_query/1:182)
2022-07-27 13:30:59.141415+00:00 [debug] Sending:
#stun{class = response,method = 1,magic = 554869826,
      trid = 56899362353670055813619997224,raw = <<>>,unsupported = [],
      'ALTERNATE-SERVER' = undefined,'CHANNEL-NUMBER' = undefined,
      'DATA' = undefined,'DONT-FRAGMENT' = false,'ERROR-CODE' = undefined,
      'LIFETIME' = undefined,'MAPPED-ADDRESS' = undefined,
      'MESSAGE-INTEGRITY' = undefined,'NONCE' = undefined,'REALM' = undefined,
      'REQUESTED-ADDRESS-FAMILY' = undefined,
      'REQUESTED-TRANSPORT' = undefined,'SOFTWARE' = <<"eturnal">>,
      'UNKNOWN-ATTRIBUTES' = [],'USERNAME' = undefined,
      'XOR-MAPPED-ADDRESS' = {{127,0,0,1},49926},
      'XOR-PEER-ADDRESS' = [],'XOR-RELAYED-ADDRESS' = undefined} (stun:send/3:445)
2022-07-27 13:30:59.164772+00:00 [info] Accepting connection: 127.0.0.1:52598 -> 127.0.0.1:34780 [TCP, session q6c7w0cn6dtt] (stun_acceptor:accept/3:158)
2022-07-27 13:30:59.165035+00:00 [debug] Received:
#stun{class = request,method = 1,magic = 554869826,
      trid = 2857476256319713201803425785,raw = <<>>,unsupported = [],
      'ALTERNATE-SERVER' = undefined,'CHANNEL-NUMBER' = undefined,
      'DATA' = undefined,'DONT-FRAGMENT' = false,'ERROR-CODE' = undefined,
      'LIFETIME' = undefined,'MAPPED-ADDRESS' = undefined,
      'MESSAGE-INTEGRITY' = undefined,'NONCE' = undefined,'REALM' = undefined,
      'REQUESTED-ADDRESS-FAMILY' = undefined,
      'REQUESTED-TRANSPORT' = undefined,'SOFTWARE' = undefined,
      'UNKNOWN-ATTRIBUTES' = [],'USERNAME' = undefined,
      'XOR-MAPPED-ADDRESS' = undefined,'XOR-PEER-ADDRESS' = [],
      'XOR-RELAYED-ADDRESS' = undefined} (stun:process_data/3:404)
2022-07-27 13:30:59.165141+00:00 [debug] Responding to STUN request [TCP, session q6c7w0cn6dtt, anonymous, client 127.0.0.1:52598] (stun:process/4:312)
2022-07-27 13:30:59.165196+00:00 [debug] Running 'stun_query' hook [TCP, session q6c7w0cn6dtt, anonymous, client 127.0.0.1:52598] (stun:run_hook/3:820)
2022-07-27 13:30:59.165246+00:00 [debug] Got 'stun_query' event [TCP, session q6c7w0cn6dtt, anonymous, client 127.0.0.1:52598] (eturnal_module:handle_event/2:176)
2022-07-27 13:30:59.165282+00:00 [debug] Calling mod_log_stun:handle_event/2 [TCP, session q6c7w0cn6dtt, anonymous, client 127.0.0.1:52598] (eturnal_module:handle_event/2:179)
2022-07-27 13:30:59.165325+00:00 [info] Responding to STUN request [TCP, session q6c7w0cn6dtt, anonymous, client 127.0.0.1:52598] (mod_log_stun:handle_event/2:44)
2022-07-27 13:30:59.165360+00:00 [debug] Calling mod_stats_influx:handle_event/2 [TCP, session q6c7w0cn6dtt, anonymous, client 127.0.0.1:52598] (eturnal_module:handle_event/2:179)
2022-07-27 13:30:59.165394+00:00 [debug] Writing STUN query event to InfluxDB [TCP, session q6c7w0cn6dtt, anonymous, client 127.0.0.1:52598] (mod_stats_influx:on_stun_query/1:76)
2022-07-27 13:30:59.165529+00:00 [debug] Calling mod_stats_prometheus:handle_event/2 [TCP, session q6c7w0cn6dtt, anonymous, client 127.0.0.1:52598] (eturnal_module:handle_event/2:179)
2022-07-27 13:30:59.165575+00:00 [debug] Observing STUN query for Prometheus [TCP, session q6c7w0cn6dtt, anonymous, client 127.0.0.1:52598] (mod_stats_prometheus:on_stun_query/1:182)
2022-07-27 13:30:59.165668+00:00 [debug] Sending:
#stun{class = response,method = 1,magic = 554869826,
      trid = 2857476256319713201803425785,raw = <<>>,unsupported = [],
      'ALTERNATE-SERVER' = undefined,'CHANNEL-NUMBER' = undefined,
      'DATA' = undefined,'DONT-FRAGMENT' = false,'ERROR-CODE' = undefined,
      'LIFETIME' = undefined,'MAPPED-ADDRESS' = undefined,
      'MESSAGE-INTEGRITY' = undefined,'NONCE' = undefined,'REALM' = undefined,
      'REQUESTED-ADDRESS-FAMILY' = undefined,
      'REQUESTED-TRANSPORT' = undefined,'SOFTWARE' = <<"P1 STUN library">>,
      'UNKNOWN-ATTRIBUTES' = [],'USERNAME' = undefined,
      'XOR-MAPPED-ADDRESS' = {{127,0,0,1},52598},
      'XOR-PEER-ADDRESS' = [],'XOR-RELAYED-ADDRESS' = undefined} (stun:send/3:445)
2022-07-27 13:30:59.165871+00:00 [info] Connection reset by peer [TCP, session q6c7w0cn6dtt, anonymous, client 127.0.0.1:52598] (stun:handle_info/3:170)
2022-07-27 13:30:59.189609+00:00 [info] Accepting connection: 127.0.0.1:45728 -> 127.0.0.1:53490 [TLS, session mj7hoo4dfsyl] (stun_acceptor:accept/3:158)
2022-07-27 13:30:59.299157+00:00 [debug] Received:
#stun{class = request,method = 1,magic = 554869826,
      trid = 44327552471212521083248990722,raw = <<>>,unsupported = [],
      'ALTERNATE-SERVER' = undefined,'CHANNEL-NUMBER' = undefined,
      'DATA' = undefined,'DONT-FRAGMENT' = false,'ERROR-CODE' = undefined,
      'LIFETIME' = undefined,'MAPPED-ADDRESS' = undefined,
      'MESSAGE-INTEGRITY' = undefined,'NONCE' = undefined,'REALM' = undefined,
      'REQUESTED-ADDRESS-FAMILY' = undefined,
      'REQUESTED-TRANSPORT' = undefined,'SOFTWARE' = undefined,
      'UNKNOWN-ATTRIBUTES' = [],'USERNAME' = undefined,
      'XOR-MAPPED-ADDRESS' = undefined,'XOR-PEER-ADDRESS' = [],
      'XOR-RELAYED-ADDRESS' = undefined} (stun:process_data/3:404)
2022-07-27 13:30:59.299304+00:00 [debug] Responding to STUN request [TLS, session mj7hoo4dfsyl, anonymous, client 127.0.0.1:45728] (stun:process/4:312)
2022-07-27 13:30:59.299360+00:00 [debug] Running 'stun_query' hook [TLS, session mj7hoo4dfsyl, anonymous, client 127.0.0.1:45728] (stun:run_hook/3:820)
2022-07-27 13:30:59.299446+00:00 [debug] Got 'stun_query' event [TLS, session mj7hoo4dfsyl, anonymous, client 127.0.0.1:45728] (eturnal_module:handle_event/2:176)
2022-07-27 13:30:59.299482+00:00 [debug] Calling mod_log_stun:handle_event/2 [TLS, session mj7hoo4dfsyl, anonymous, client 127.0.0.1:45728] (eturnal_module:handle_event/2:179)
2022-07-27 13:30:59.299570+00:00 [info] Responding to STUN request [TLS, session mj7hoo4dfsyl, anonymous, client 127.0.0.1:45728] (mod_log_stun:handle_event/2:44)
2022-07-27 13:30:59.299606+00:00 [debug] Calling mod_stats_influx:handle_event/2 [TLS, session mj7hoo4dfsyl, anonymous, client 127.0.0.1:45728] (eturnal_module:handle_event/2:179)
2022-07-27 13:30:59.299636+00:00 [debug] Writing STUN query event to InfluxDB [TLS, session mj7hoo4dfsyl, anonymous, client 127.0.0.1:45728] (mod_stats_influx:on_stun_query/1:76)
2022-07-27 13:30:59.299808+00:00 [debug] Calling mod_stats_prometheus:handle_event/2 [TLS, session mj7hoo4dfsyl, anonymous, client 127.0.0.1:45728] (eturnal_module:handle_event/2:179)
2022-07-27 13:30:59.299856+00:00 [debug] Observing STUN query for Prometheus [TLS, session mj7hoo4dfsyl, anonymous, client 127.0.0.1:45728] (mod_stats_prometheus:on_stun_query/1:182)
2022-07-27 13:30:59.299946+00:00 [debug] Sending:
#stun{class = response,method = 1,magic = 554869826,
      trid = 44327552471212521083248990722,raw = <<>>,unsupported = [],
      'ALTERNATE-SERVER' = undefined,'CHANNEL-NUMBER' = undefined,
      'DATA' = undefined,'DONT-FRAGMENT' = false,'ERROR-CODE' = undefined,
      'LIFETIME' = undefined,'MAPPED-ADDRESS' = undefined,
      'MESSAGE-INTEGRITY' = undefined,'NONCE' = undefined,'REALM' = undefined,
      'REQUESTED-ADDRESS-FAMILY' = undefined,
      'REQUESTED-TRANSPORT' = undefined,'SOFTWARE' = <<"P1 STUN library">>,
      'UNKNOWN-ATTRIBUTES' = [],'USERNAME' = undefined,
      'XOR-MAPPED-ADDRESS' = {{127,0,0,1},45728},
      'XOR-PEER-ADDRESS' = [],'XOR-RELAYED-ADDRESS' = undefined} (stun:send/3:445)
2022-07-27 13:30:59.300292+00:00 [info] Connection reset by peer [TLS, session mj7hoo4dfsyl, anonymous, client 127.0.0.1:45728] (stun:handle_info/3:170)
2022-07-27 13:30:59.324273+00:00 [info] Accepting connection: 127.0.0.1:39860 -> 127.0.0.1:34781 [TCP|TLS, session ofz7fkg5ul0d] (stun_acceptor:accept/3:158)
2022-07-27 13:30:59.324398+00:00 [debug] Determined transport protocol: TCP (stun:is_tls_handshake/1:768)
2022-07-27 13:30:59.324673+00:00 [debug] Received:
#stun{class = request,method = 1,magic = 554869826,
      trid = 50350214916663356530462326677,raw = <<>>,unsupported = [],
      'ALTERNATE-SERVER' = undefined,'CHANNEL-NUMBER' = undefined,
      'DATA' = undefined,'DONT-FRAGMENT' = false,'ERROR-CODE' = undefined,
      'LIFETIME' = undefined,'MAPPED-ADDRESS' = undefined,
      'MESSAGE-INTEGRITY' = undefined,'NONCE' = undefined,'REALM' = undefined,
      'REQUESTED-ADDRESS-FAMILY' = undefined,
      'REQUESTED-TRANSPORT' = undefined,'SOFTWARE' = undefined,
      'UNKNOWN-ATTRIBUTES' = [],'USERNAME' = undefined,
      'XOR-MAPPED-ADDRESS' = undefined,'XOR-PEER-ADDRESS' = [],
      'XOR-RELAYED-ADDRESS' = undefined} (stun:process_data/3:404)
2022-07-27 13:30:59.324804+00:00 [debug] Responding to STUN request [TCP, session ofz7fkg5ul0d, anonymous, client 127.0.0.1:39860] (stun:process/4:312)
2022-07-27 13:30:59.324845+00:00 [debug] Running 'stun_query' hook [TCP, session ofz7fkg5ul0d, anonymous, client 127.0.0.1:39860] (stun:run_hook/3:820)
2022-07-27 13:30:59.324901+00:00 [debug] Got 'stun_query' event [TCP, session ofz7fkg5ul0d, anonymous, client 127.0.0.1:39860] (eturnal_module:handle_event/2:176)
2022-07-27 13:30:59.324930+00:00 [debug] Calling mod_log_stun:handle_event/2 [TCP, session ofz7fkg5ul0d, anonymous, client 127.0.0.1:39860] (eturnal_module:handle_event/2:179)
2022-07-27 13:30:59.325040+00:00 [info] Responding to STUN request [TCP, session ofz7fkg5ul0d, anonymous, client 127.0.0.1:39860] (mod_log_stun:handle_event/2:44)
2022-07-27 13:30:59.325074+00:00 [debug] Calling mod_stats_influx:handle_event/2 [TCP, session ofz7fkg5ul0d, anonymous, client 127.0.0.1:39860] (eturnal_module:handle_event/2:179)
2022-07-27 13:30:59.325099+00:00 [debug] Writing STUN query event to InfluxDB [TCP, session ofz7fkg5ul0d, anonymous, client 127.0.0.1:39860] (mod_stats_influx:on_stun_query/1:76)
2022-07-27 13:30:59.325275+00:00 [debug] Calling mod_stats_prometheus:handle_event/2 [TCP, session ofz7fkg5ul0d, anonymous, client 127.0.0.1:39860] (eturnal_module:handle_event/2:179)
2022-07-27 13:30:59.325316+00:00 [debug] Observing STUN query for Prometheus [TCP, session ofz7fkg5ul0d, anonymous, client 127.0.0.1:39860] (mod_stats_prometheus:on_stun_query/1:182)
2022-07-27 13:30:59.325434+00:00 [debug] Sending:
#stun{class = response,method = 1,magic = 554869826,
      trid = 50350214916663356530462326677,raw = <<>>,unsupported = [],
      'ALTERNATE-SERVER' = undefined,'CHANNEL-NUMBER' = undefined,
      'DATA' = undefined,'DONT-FRAGMENT' = false,'ERROR-CODE' = undefined,
      'LIFETIME' = undefined,'MAPPED-ADDRESS' = undefined,
      'MESSAGE-INTEGRITY' = undefined,'NONCE' = undefined,'REALM' = undefined,
      'REQUESTED-ADDRESS-FAMILY' = undefined,
      'REQUESTED-TRANSPORT' = undefined,'SOFTWARE' = <<"P1 STUN library">>,
      'UNKNOWN-ATTRIBUTES' = [],'USERNAME' = undefined,
      'XOR-MAPPED-ADDRESS' = {{127,0,0,1},39860},
      'XOR-PEER-ADDRESS' = [],'XOR-RELAYED-ADDRESS' = undefined} (stun:send/3:445)
2022-07-27 13:30:59.325699+00:00 [info] Connection reset by peer [TCP, session ofz7fkg5ul0d, anonymous, client 127.0.0.1:39860] (stun:handle_info/3:170)
2022-07-27 13:30:59.350047+00:00 [info] Accepting connection: 127.0.0.1:39862 -> 127.0.0.1:34781 [TCP|TLS, session agzc9texv1xf] (stun_acceptor:accept/3:158)
2022-07-27 13:30:59.350522+00:00 [debug] Determined transport protocol: TLS (stun:is_tls_handshake/1:765)
2022-07-27 13:30:59.460259+00:00 [debug] Received:
#stun{class = request,method = 1,magic = 554869826,
      trid = 37763279842712638106926814029,raw = <<>>,unsupported = [],
      'ALTERNATE-SERVER' = undefined,'CHANNEL-NUMBER' = undefined,
      'DATA' = undefined,'DONT-FRAGMENT' = false,'ERROR-CODE' = undefined,
      'LIFETIME' = undefined,'MAPPED-ADDRESS' = undefined,
      'MESSAGE-INTEGRITY' = undefined,'NONCE' = undefined,'REALM' = undefined,
      'REQUESTED-ADDRESS-FAMILY' = undefined,
      'REQUESTED-TRANSPORT' = undefined,'SOFTWARE' = undefined,
      'UNKNOWN-ATTRIBUTES' = [],'USERNAME' = undefined,
      'XOR-MAPPED-ADDRESS' = undefined,'XOR-PEER-ADDRESS' = [],
      'XOR-RELAYED-ADDRESS' = undefined} (stun:process_data/3:404)
2022-07-27 13:30:59.460410+00:00 [debug] Responding to STUN request [TLS, session agzc9texv1xf, anonymous, client 127.0.0.1:39862] (stun:process/4:312)
2022-07-27 13:30:59.460451+00:00 [debug] Running 'stun_query' hook [TLS, session agzc9texv1xf, anonymous, client 127.0.0.1:39862] (stun:run_hook/3:820)
2022-07-27 13:30:59.460494+00:00 [debug] Got 'stun_query' event [TLS, session agzc9texv1xf, anonymous, client 127.0.0.1:39862] (eturnal_module:handle_event/2:176)
2022-07-27 13:30:59.460530+00:00 [debug] Calling mod_log_stun:handle_event/2 [TLS, session agzc9texv1xf, anonymous, client 127.0.0.1:39862] (eturnal_module:handle_event/2:179)
2022-07-27 13:30:59.460567+00:00 [info] Responding to STUN request [TLS, session agzc9texv1xf, anonymous, client 127.0.0.1:39862] (mod_log_stun:handle_event/2:44)
2022-07-27 13:30:59.460598+00:00 [debug] Calling mod_stats_influx:handle_event/2 [TLS, session agzc9texv1xf, anonymous, client 127.0.0.1:39862] (eturnal_module:handle_event/2:179)
2022-07-27 13:30:59.460633+00:00 [debug] Writing STUN query event to InfluxDB [TLS, session agzc9texv1xf, anonymous, client 127.0.0.1:39862] (mod_stats_influx:on_stun_query/1:76)
2022-07-27 13:30:59.460791+00:00 [debug] Calling mod_stats_prometheus:handle_event/2 [TLS, session agzc9texv1xf, anonymous, client 127.0.0.1:39862] (eturnal_module:handle_event/2:179)
2022-07-27 13:30:59.460848+00:00 [debug] Observing STUN query for Prometheus [TLS, session agzc9texv1xf, anonymous, client 127.0.0.1:39862] (mod_stats_prometheus:on_stun_query/1:182)
2022-07-27 13:30:59.460924+00:00 [debug] Sending:
#stun{class = response,method = 1,magic = 554869826,
      trid = 37763279842712638106926814029,raw = <<>>,unsupported = [],
      'ALTERNATE-SERVER' = undefined,'CHANNEL-NUMBER' = undefined,
      'DATA' = undefined,'DONT-FRAGMENT' = false,'ERROR-CODE' = undefined,
      'LIFETIME' = undefined,'MAPPED-ADDRESS' = undefined,
      'MESSAGE-INTEGRITY' = undefined,'NONCE' = undefined,'REALM' = undefined,
      'REQUESTED-ADDRESS-FAMILY' = undefined,
      'REQUESTED-TRANSPORT' = undefined,'SOFTWARE' = <<"P1 STUN library">>,
      'UNKNOWN-ATTRIBUTES' = [],'USERNAME' = undefined,
      'XOR-MAPPED-ADDRESS' = {{127,0,0,1},39862},
      'XOR-PEER-ADDRESS' = [],'XOR-RELAYED-ADDRESS' = undefined} (stun:send/3:445)
2022-07-27 13:30:59.461208+00:00 [info] Connection reset by peer [TLS, session agzc9texv1xf, anonymous, client 127.0.0.1:39862] (stun:handle_info/3:170)
2022-07-27 13:30:59.485798+00:00 [debug] No NOTIFY_SOCKET, dropping STOPPING=1 notification (eturnal_systemd:handle_cast/2:108)
2022-07-27 13:30:59.485900+00:00 [debug] Terminating eturnal (shutdown) (eturnal:terminate/2:180)
2022-07-27 13:30:59.485945+00:00 [debug] Watchdog interval is undefined, hibernating (eturnal_systemd:get_timeout/1:161)
2022-07-27 13:30:59.486107+00:00 [info] Stopped listening on 127.0.0.1:34780 (udp) (eturnal:stop_listeners/1:369)
2022-07-27 13:30:59.486883+00:00 [info] Stopped listening on 127.0.0.1:34780 (tcp) (eturnal:stop_listeners/1:369)
2022-07-27 13:30:59.487016+00:00 [info] Stopped listening on 127.0.0.1:53490 (tls) (eturnal:stop_listeners/1:369)
2022-07-27 13:30:59.487484+00:00 [info] Stopped listening on 127.0.0.1:34781 (auto) (eturnal:stop_listeners/1:369)
2022-07-27 13:30:59.488480+00:00 [debug] Calling mod_log_stun:stop/1 (eturnal_module:stop/1:162)
2022-07-27 13:30:59.488600+00:00 [debug] Stopping mod_log_stun (mod_log_stun:stop/0:49)
2022-07-27 13:30:59.488732+00:00 [info] Stopped mod_log_stun (eturnal:stop_modules/1:326)
2022-07-27 13:30:59.489686+00:00 [debug] Calling mod_stats_influx:stop/1 (eturnal_module:stop/1:162)
2022-07-27 13:30:59.489824+00:00 [debug] Stopping mod_stats_influx (mod_stats_influx:stop/0:61)
2022-07-27 13:30:59.489891+00:00 [info] Stopped mod_stats_influx (eturnal:stop_modules/1:326)
2022-07-27 13:30:59.491980+00:00 [debug] Calling mod_stats_prometheus:stop/1 (eturnal_module:stop/1:162)
2022-07-27 13:30:59.492119+00:00 [debug] Stopping mod_stats_prometheus (mod_stats_prometheus:stop/0:118)
2022-07-27 13:30:59.492773+00:00 [info] Stopped mod_stats_prometheus (eturnal:stop_modules/1:326)
2022-07-27 13:30:59.493080+00:00 [debug] Removed run/cert.pem (eturnal:clean_run_dir/0:745)
2022-07-27 13:30:59.493312+00:00 [debug] Terminating eturnal_systemd (shutdown) (eturnal_systemd:terminate/2:135)
2022-07-27 13:30:59.493504+00:00 [notice] Stopping eturnal 1.10.0 on Erlang/OTP 25 (ERTS 13.0) (eturnal_app:stop/1:53)
