=== Suite started at 2022-07-15 20:16:38
=== Starting test, 18 test cases
=cases         18
=user          runner
=host          nohost
=hosts         nohost 
=emulator_vsn  13.0
=emulator      beam
=otp_release   25
=started       2022-07-15 20:16:38
=case          eturnal_SUITE:init_per_suite
=logfile       eturnal_suite.init_per_suite.html
=started       2022-07-15 20:16:38
=ended         2022-07-15 20:16:38
=result        ok
=elapsed       0.0
=case          eturnal_SUITE:start_eturnal
=logfile       eturnal_suite.start_eturnal.html
=started       2022-07-15 20:16:38
=ended         2022-07-15 20:16:40
=result        ok
=elapsed       1.241131
=case          eturnal_SUITE:check_info
=logfile       eturnal_suite.check_info.html
=started       2022-07-15 20:16:40
=ended         2022-07-15 20:16:40
=result        ok
=elapsed       0.001054
=case          eturnal_SUITE:check_all_sessions
=logfile       eturnal_suite.check_all_sessions.html
=started       2022-07-15 20:16:40
=ended         2022-07-15 20:16:40
=result        ok
=elapsed       3.01e-4
=case          eturnal_SUITE:check_user_sessions
=logfile       eturnal_suite.check_user_sessions.html
=started       2022-07-15 20:16:40
=ended         2022-07-15 20:16:40
=result        ok
=elapsed       6.42e-4
=case          eturnal_SUITE:check_disconnect
=logfile       eturnal_suite.check_disconnect.html
=started       2022-07-15 20:16:40
=ended         2022-07-15 20:16:40
=result        ok
=elapsed       0.001074
=case          eturnal_SUITE:check_credentials
=logfile       eturnal_suite.check_credentials.html
=started       2022-07-15 20:16:40
=ended         2022-07-15 20:16:40
=result        ok
=elapsed       0.011249
=case          eturnal_SUITE:check_loglevel
=logfile       eturnal_suite.check_loglevel.html
=started       2022-07-15 20:16:40
=ended         2022-07-15 20:16:40
=result        ok
=elapsed       0.002119
=case          eturnal_SUITE:check_version
=logfile       eturnal_suite.check_version.html
=started       2022-07-15 20:16:40
=ended         2022-07-15 20:16:40
=result        ok
=elapsed       4.23e-4
=case          eturnal_SUITE:reload
=logfile       eturnal_suite.reload.html
=started       2022-07-15 20:16:40
=ended         2022-07-15 20:16:41
=result        ok
=elapsed       0.714533
=case          eturnal_SUITE:connect_tcp
=logfile       eturnal_suite.connect_tcp.html
=started       2022-07-15 20:16:41
=ended         2022-07-15 20:16:41
=result        ok
=elapsed       3.65e-4
=case          eturnal_SUITE:connect_tls
=logfile       eturnal_suite.connect_tls.html
=started       2022-07-15 20:16:41
=ended         2022-07-15 20:16:41
=result        ok
=elapsed       6.99e-4
=case          eturnal_SUITE:turn_udp
=logfile       eturnal_suite.turn_udp.html
=started       2022-07-15 20:16:41
=ended         2022-07-15 20:16:41
=result        ok
=elapsed       0.011147
=case          eturnal_SUITE:stun_udp
=logfile       eturnal_suite.stun_udp.html
=started       2022-07-15 20:16:41
=ended         2022-07-15 20:16:41
=result        ok
=elapsed       0.001101
=case          eturnal_SUITE:stun_tcp
=logfile       eturnal_suite.stun_tcp.html
=started       2022-07-15 20:16:41
=ended         2022-07-15 20:16:41
=result        ok
=elapsed       0.001285
=case          eturnal_SUITE:stun_tls
=logfile       eturnal_suite.stun_tls.html
=started       2022-07-15 20:16:41
=ended         2022-07-15 20:16:41
=result        ok
=elapsed       0.109677
=case          eturnal_SUITE:stun_tcp_auto
=logfile       eturnal_suite.stun_tcp_auto.html
=started       2022-07-15 20:16:41
=ended         2022-07-15 20:16:41
=result        ok
=elapsed       0.001581
=case          eturnal_SUITE:stun_tls_auto
=logfile       eturnal_suite.stun_tls_auto.html
=started       2022-07-15 20:16:41
=ended         2022-07-15 20:16:41
=result        ok
=elapsed       0.109594
=case          eturnal_SUITE:stop_eturnal
=logfile       eturnal_suite.stop_eturnal.html
=started       2022-07-15 20:16:41
=ended         2022-07-15 20:16:41
=result        ok
=elapsed       0.009181
=case          eturnal_SUITE:end_per_suite
=logfile       eturnal_suite.end_per_suite.html
=started       2022-07-15 20:16:41
=ended         2022-07-15 20:16:41
=result        ok
=elapsed       0.0
=group_time    2.686s
=== TEST COMPLETE, 18 ok, 0 failed of 18 test cases

=finished      2022-07-15 20:16:41
=failed        0
=successful    18
=user_skipped  0
=auto_skipped  0
