2025-08-24 16:36:59.201693+00:00 [notice] Starting eturnal 1.12.2 on Erlang/OTP 28 (ERTS 16.0) (eturnal_app:start/2:34)
2025-08-24 16:36:59.201862+00:00 [debug] Starting supervisor: eturnal_sup (eturnal_sup:start_link/0:31)
2025-08-24 16:36:59.201983+00:00 [debug] Configuring eturnal_sup supervisor: [#{id => systemd,
                                       start =>
                                           {eturnal_systemd,start_link,[]}},
                                     #{id => eturnal,
                                       start => {eturnal,start_link,[]}}] (eturnal_sup:init/0:39)
2025-08-24 16:36:59.203310+00:00 [info] Got no NOTIFY_SOCKET, notifications disabled (eturnal_systemd:init/1:86)
2025-08-24 16:36:59.203443+00:00 [debug] PROGRESS REPORT:
    supervisor: {local,eturnal_sup}
    started: [{pid,<0.1023.0>},
              {id,systemd},
              {mfargs,{eturnal_systemd,start_link,[]}},
              {restart_type,permanent},
              {significant,false},
              {shutdown,5000},
              {child_type,worker}]
 (supervisor:report_progress/3:2240)
2025-08-24 16:36:59.203570+00:00 [info] Relay IPv4 address: 127.0.0.1 (port range: 49152-65535) (eturnal:log_relay_addresses/0:349)
2025-08-24 16:36:59.203720+00:00 [info] Relay IPv6 address not configured (eturnal:log_relay_addresses/0:359)
2025-08-24 16:36:59.221371+00:00 [info] Cannot determine control query port: noport (eturnal:log_control_listener/0:374)
2025-08-24 16:36:59.221736+00:00 [debug] Using run directory run (eturnal:ensure_run_dir/0:861)
2025-08-24 16:36:59.221851+00:00 [debug] TURN configuration seems fine (eturnal:check_turn_config/0:604)
2025-08-24 16:36:59.221957+00:00 [warning] TLS enabled without 'tls_crt_file', creating self-signed certificate (eturnal:check_pem_file/0:807)
2025-08-24 16:37:03.127045+00:00 [debug] Calling mod_stats_prometheus:start/0 (eturnal_module:start/1:143)
2025-08-24 16:37:03.127277+00:00 [debug] Starting mod_stats_prometheus (mod_stats_prometheus:start/0:56)
2025-08-24 16:37:03.139902+00:00 [debug] PROGRESS REPORT:
    application: prometheus
    started_at: nonode@nohost
 (application_controller:info_started/2:2117)
2025-08-24 16:37:03.141119+00:00 [debug] PROGRESS REPORT:
    application: accept
    started_at: nonode@nohost
 (application_controller:info_started/2:2117)
2025-08-24 16:37:03.151800+00:00 [debug] Dependency prometheus_httpd was available already (eturnal_module:ensure_dep/2:284)
2025-08-24 16:37:03.151798+00:00 [debug] PROGRESS REPORT:
    application: prometheus_httpd
    started_at: nonode@nohost
 (application_controller:info_started/2:2117)
2025-08-24 16:37:03.173270+00:00 [debug] PROGRESS REPORT:
    supervisor: {local,httpd_instance_sup__127_0_0_1__9081default}
    started: [{pid,<0.1043.0>},
              {id,{httpd_connection_sup,{127,0,0,1},9081,default}},
              {mfargs,{httpd_connection_sup,start_link,[[{127,0,0,1},9081]]}},
              {restart_type,permanent},
              {significant,false},
              {shutdown,5000},
              {child_type,supervisor}]
 (supervisor:report_progress/3:2240)
2025-08-24 16:37:03.175515+00:00 [debug] PROGRESS REPORT:
    supervisor: {local,httpd_instance_sup__127_0_0_1__9081default}
    started: [{pid,<0.1044.0>},
              {id,{httpd_misc_sup,{127,0,0,1},9081,default}},
              {mfargs,{httpd_misc_sup,start_link,[{127,0,0,1},9081,default]}},
              {restart_type,permanent},
              {significant,false},
              {shutdown,infinity},
              {child_type,supervisor}]
 (supervisor:report_progress/3:2240)
2025-08-24 16:37:03.178755+00:00 [debug] PROGRESS REPORT:
    supervisor: {local,httpd_instance_sup__127_0_0_1__9081default}
    started: [{pid,<0.1045.0>},
              {id,{httpd_manager,{127,0,0,1},9081,default}},
              {mfargs,
                  {httpd_manager,start_link,
                      [undefined,
                       [{bind_address,{127,0,0,1}},
                        {socket_type,ip_comm},
                        {port,9081},
                        {server_root,"run/mod_stats_prometheus/doc"},
                        {document_root,"run/mod_stats_prometheus/doc"},
                        {server_name,"Prometheus Exporter"},
                        {modules,[prometheus_httpd]}],
                       15000]}},
              {restart_type,permanent},
              {significant,false},
              {shutdown,4000},
              {child_type,worker}]
 (supervisor:report_progress/3:2240)
2025-08-24 16:37:03.191432+00:00 [debug] PROGRESS REPORT:
    supervisor: {local,httpd_acceptor_sup__127_0_0_1__9081default}
    started: [{pid,<0.1047.0>},
              {id,{httpd_acceptor_sup,{127,0,0,1},9081,default}},
              {mfargs,{httpd_acceptor,start_link,
                                      [httpd__127_0_0_1__9081default,ip_comm,
                                       {127,0,0,1},
                                       9081,inet,
                                       httpd_conf__127_0_0_1__9081default,
                                       15000]}},
              {restart_type,transient},
              {significant,false},
              {shutdown,brutal_kill},
              {child_type,worker}]
 (supervisor:report_progress/3:2240)
2025-08-24 16:37:03.191609+00:00 [debug] PROGRESS REPORT:
    supervisor: {local,httpd_instance_sup__127_0_0_1__9081default}
    started: [{pid,<0.1046.0>},
              {id,{httpd_acceptor_sup,{127,0,0,1},9081,default}},
              {mfargs,
                  {httpd_acceptor_sup,start_link,
                      [[{127,0,0,1},
                        9081,
                        [{bind_address,{127,0,0,1}},
                         {socket_type,ip_comm},
                         {port,9081},
                         {server_root,"run/mod_stats_prometheus/doc"},
                         {document_root,"run/mod_stats_prometheus/doc"},
                         {server_name,"Prometheus Exporter"},
                         {modules,[prometheus_httpd]}],
                        15000,undefined]]}},
              {restart_type,permanent},
              {significant,false},
              {shutdown,infinity},
              {child_type,supervisor}]
 (supervisor:report_progress/3:2240)
2025-08-24 16:37:03.191799+00:00 [debug] PROGRESS REPORT:
    supervisor: {local,httpd_sup}
    started: [{pid,<0.1042.0>},
              {id,{httpd_instance_sup,{127,0,0,1},9081,default}},
              {mfargs,
                  {httpd_instance_sup,start_link,
                      [[{bind_address,{127,0,0,1}},
                        {socket_type,ip_comm},
                        {port,9081},
                        {server_root,"run/mod_stats_prometheus/doc"},
                        {document_root,"run/mod_stats_prometheus/doc"},
                        {server_name,"Prometheus Exporter"},
                        {modules,[prometheus_httpd]}],
                       15000,[]]}},
              {restart_type,permanent},
              {significant,false},
              {shutdown,infinity},
              {child_type,supervisor}]
 (supervisor:report_progress/3:2250)
2025-08-24 16:37:03.191978+00:00 [info] Started mod_stats_prometheus (eturnal:start_modules/0:385)
2025-08-24 16:37:03.192084+00:00 [debug] Calling mod_log_stun:start/0 (eturnal_module:start/1:143)
2025-08-24 16:37:03.192193+00:00 [debug] Starting mod_log_stun (mod_log_stun:start/0:38)
2025-08-24 16:37:03.192329+00:00 [info] Started mod_log_stun (eturnal:start_modules/0:385)
2025-08-24 16:37:03.192422+00:00 [debug] Calling mod_stats_influx:start/0 (eturnal_module:start/1:143)
2025-08-24 16:37:03.192689+00:00 [debug] Starting mod_stats_influx (mod_stats_influx:start/0:37)
2025-08-24 16:37:03.195413+00:00 [debug] PROGRESS REPORT:
    application: ulitos
    started_at: nonode@nohost
 (application_controller:info_started/2:2117)
2025-08-24 16:37:03.196452+00:00 [debug] PROGRESS REPORT:
    application: poolboy
    started_at: nonode@nohost
 (application_controller:info_started/2:2117)
2025-08-24 16:37:03.197435+00:00 [info]     msg: Starting application: influx_udp (influx_udp_app:start/2:10)
2025-08-24 16:37:03.199652+00:00 [debug] PROGRESS REPORT:
    supervisor: {local,influx_udp_sup}
    started: [{pid,<0.1058.0>},
              {id,influx_udp},
              {mfargs,{influx_udp,start_link,[]}},
              {restart_type,permanent},
              {significant,false},
              {shutdown,5000},
              {child_type,worker}]
 (supervisor:report_progress/3:2240)
2025-08-24 16:37:03.199826+00:00 [debug] Dependency influx_udp was available already (eturnal_module:ensure_dep/2:284)
2025-08-24 16:37:03.199825+00:00 [debug] PROGRESS REPORT:
    application: influx_udp
    started_at: nonode@nohost
 (application_controller:info_started/2:2117)
2025-08-24 16:37:03.201835+00:00 [info]     options: #{port => 8089,host => "localhost",pool_size => 1,
               max_overflow => 1}
    msg: Start clients pool
    host: {127,0,0,1} (influx_udp:start_pool_/2:239)
2025-08-24 16:37:03.209602+00:00 [info]     port: 54646
    msg: Open UDP socket on port (influx_udp_worker:init/1:43)
2025-08-24 16:37:03.209802+00:00 [debug] PROGRESS REPORT:
    supervisor: {local,influx_udp_sup}
    started: [{pid,<0.1061.0>},
              {id,stats_influx_pool},
              {mfargs,
                  {poolboy,start_link,
                      [[{name,{local,stats_influx_pool}},
                        {worker_module,influx_udp_worker},
                        {size,1},
                        {max_overflow,1}],
                       [{options,
                            #{port => 8089,
                              host => {127,0,0,1},
                              pool_size => 1,max_overflow => 1}}]]}},
              {restart_type,permanent},
              {significant,false},
              {shutdown,5000},
              {child_type,worker}]
 (supervisor:report_progress/3:2250)
2025-08-24 16:37:03.210116+00:00 [info] Started mod_stats_influx (eturnal:start_modules/0:385)
2025-08-24 16:37:03.210250+00:00 [debug] Starting listener 127.0.0.1:34780 (udp) with options:
[{use_turn,true},
 {auth_type,user},
 {turn_ipv4_address,{127,0,0,1}},
 {turn_min_port,49152},
 {turn_max_port,65535},
 {turn_max_allocations,10},
 {turn_max_permissions,10},
 {shaper,100000},
 {auth_realm,<<"eturnal.net">>},
 {server_name,<<"eturnal">>},
 {auth_fun,fun eturnal:get_password/2},
 {hook_fun,fun eturnal:run_hook/2},
 {turn_blacklist_clients,[{{127,0,0,1},8}]},
 {turn_blacklist_peers,[{{10,0,0,0},8},
                        {{100,64,0,0},10},
                        {{127,0,0,0},8},
                        {{169,254,0,0},16},
                        {{172,16,0,0},12},
                        {{192,0,0,0},24},
                        {{192,0,2,0},24},
                        {{192,88,99,0},24},
                        {{192,168,0,0},16},
                        {{198,18,0,0},15},
                        {{198,51,100,0},24},
                        {{203,0,113,0},24},
                        {{224,0,0,0},4},
                        {{240,0,0,0},4},
                        {{0,0,0,0,0,0,0,1},128},
                        {{100,65435,0,0,0,0,0,0},96},
                        {{256,0,0,0,0,0,0,0},64},
                        {{8193,3512,0,0,0,0,0,0},32},
                        {{64512,0,0,0,0,0,0,0},7},
                        {{65152,0,0,0,0,0,0,0},10},
                        {{65280,0,0,0,0,0,0,0},8}]},
 {turn_whitelist_clients,[{{127,0,0,1},32}]},
 {turn_whitelist_peers,[{{127,0,0,1},32},
                        {{203,0,113,113},32},
                        {{8193,3512,0,0,0,0,0,0},64}]}] (eturnal:start_listeners/0:420)
2025-08-24 16:37:03.222762+00:00 [info] Listening on 127.0.0.1:34780 (udp) (STUN/TURN) (eturnal:start_listeners/0:427)
2025-08-24 16:37:03.222919+00:00 [debug] Starting listener 127.0.0.1:34780 (tcp) with options:
[{use_turn,false},
 {auth_type,anonymous},
 {turn_ipv4_address,{127,0,0,1}},
 {turn_min_port,49152},
 {turn_max_port,65535},
 {turn_max_allocations,10},
 {turn_max_permissions,10},
 {shaper,100000},
 {auth_realm,<<"eturnal.net">>},
 {server_name,<<"eturnal">>},
 {auth_fun,fun eturnal:get_password/2},
 {hook_fun,fun eturnal:run_hook/2},
 {turn_blacklist_clients,[{{127,0,0,1},8}]},
 {turn_blacklist_peers,[{{10,0,0,0},8},
                        {{100,64,0,0},10},
                        {{127,0,0,0},8},
                        {{169,254,0,0},16},
                        {{172,16,0,0},12},
                        {{192,0,0,0},24},
                        {{192,0,2,0},24},
                        {{192,88,99,0},24},
                        {{192,168,0,0},16},
                        {{198,18,0,0},15},
                        {{198,51,100,0},24},
                        {{203,0,113,0},24},
                        {{224,0,0,0},4},
                        {{240,0,0,0},4},
                        {{0,0,0,0,0,0,0,1},128},
                        {{100,65435,0,0,0,0,0,0},96},
                        {{256,0,0,0,0,0,0,0},64},
                        {{8193,3512,0,0,0,0,0,0},32},
                        {{64512,0,0,0,0,0,0,0},7},
                        {{65152,0,0,0,0,0,0,0},10},
                        {{65280,0,0,0,0,0,0,0},8}]},
 {turn_whitelist_clients,[{{127,0,0,1},32}]},
 {turn_whitelist_peers,[{{127,0,0,1},32},
                        {{203,0,113,113},32},
                        {{8193,3512,0,0,0,0,0,0},64}]}] (eturnal:start_listeners/0:420)
2025-08-24 16:37:03.223503+00:00 [info] Listening on 127.0.0.1:34780 (tcp) (STUN only) (eturnal:start_listeners/0:427)
2025-08-24 16:37:03.223636+00:00 [debug] Starting listener 127.0.0.1:53490 (tls) with options:
[{use_turn,false},
 {auth_type,anonymous},
 {tls,true},
 {certfile,<<"run/cert.pem">>},
 {ciphers,<<"HIGH:!aNULL:@STRENGTH">>},
 {protocol_options,<<"no_tlsv1|no_tlsv1_1|cipher_server_preference">>},
 {turn_ipv4_address,{127,0,0,1}},
 {turn_min_port,49152},
 {turn_max_port,65535},
 {turn_max_allocations,10},
 {turn_max_permissions,10},
 {shaper,100000},
 {auth_realm,<<"eturnal.net">>},
 {server_name,<<"eturnal">>},
 {auth_fun,fun eturnal:get_password/2},
 {hook_fun,fun eturnal:run_hook/2},
 {turn_blacklist_clients,[{{127,0,0,1},8}]},
 {turn_blacklist_peers,[{{10,0,0,0},8},
                        {{100,64,0,0},10},
                        {{127,0,0,0},8},
                        {{169,254,0,0},16},
                        {{172,16,0,0},12},
                        {{192,0,0,0},24},
                        {{192,0,2,0},24},
                        {{192,88,99,0},24},
                        {{192,168,0,0},16},
                        {{198,18,0,0},15},
                        {{198,51,100,0},24},
                        {{203,0,113,0},24},
                        {{224,0,0,0},4},
                        {{240,0,0,0},4},
                        {{0,0,0,0,0,0,0,1},128},
                        {{100,65435,0,0,0,0,0,0},96},
                        {{256,0,0,0,0,0,0,0},64},
                        {{8193,3512,0,0,0,0,0,0},32},
                        {{64512,0,0,0,0,0,0,0},7},
                        {{65152,0,0,0,0,0,0,0},10},
                        {{65280,0,0,0,0,0,0,0},8}]},
 {turn_whitelist_clients,[{{127,0,0,1},32}]},
 {turn_whitelist_peers,[{{127,0,0,1},32},
                        {{203,0,113,113},32},
                        {{8193,3512,0,0,0,0,0,0},64}]}] (eturnal:start_listeners/0:420)
2025-08-24 16:37:03.224248+00:00 [info] Listening on 127.0.0.1:53490 (tls) (STUN only) (eturnal:start_listeners/0:427)
2025-08-24 16:37:03.224366+00:00 [debug] Starting listener 127.0.0.1:34781 (auto) with options:
[{use_turn,false},
 {auth_type,anonymous},
 {tls,optional},
 {certfile,<<"run/cert.pem">>},
 {ciphers,<<"HIGH:!aNULL:@STRENGTH">>},
 {protocol_options,<<"no_tlsv1|no_tlsv1_1|cipher_server_preference">>},
 {turn_ipv4_address,{127,0,0,1}},
 {turn_min_port,49152},
 {turn_max_port,65535},
 {turn_max_allocations,10},
 {turn_max_permissions,10},
 {shaper,100000},
 {auth_realm,<<"eturnal.net">>},
 {server_name,<<"eturnal">>},
 {auth_fun,fun eturnal:get_password/2},
 {hook_fun,fun eturnal:run_hook/2},
 {turn_blacklist_clients,[{{127,0,0,1},8}]},
 {turn_blacklist_peers,[{{10,0,0,0},8},
                        {{100,64,0,0},10},
                        {{127,0,0,0},8},
                        {{169,254,0,0},16},
                        {{172,16,0,0},12},
                        {{192,0,0,0},24},
                        {{192,0,2,0},24},
                        {{192,88,99,0},24},
                        {{192,168,0,0},16},
                        {{198,18,0,0},15},
                        {{198,51,100,0},24},
                        {{203,0,113,0},24},
                        {{224,0,0,0},4},
                        {{240,0,0,0},4},
                        {{0,0,0,0,0,0,0,1},128},
                        {{100,65435,0,0,0,0,0,0},96},
                        {{256,0,0,0,0,0,0,0},64},
                        {{8193,3512,0,0,0,0,0,0},32},
                        {{64512,0,0,0,0,0,0,0},7},
                        {{65152,0,0,0,0,0,0,0},10},
                        {{65280,0,0,0,0,0,0,0},8}]},
 {turn_whitelist_clients,[{{127,0,0,1},32}]},
 {turn_whitelist_peers,[{{127,0,0,1},32},
                        {{203,0,113,113},32},
                        {{8193,3512,0,0,0,0,0,0},64}]}] (eturnal:start_listeners/0:420)
2025-08-24 16:37:03.235245+00:00 [info] Listening on 127.0.0.1:34781 (auto) (STUN only) (eturnal:start_listeners/0:427)
2025-08-24 16:37:03.235363+00:00 [debug] Started 3 modules (eturnal:init/1:105)
2025-08-24 16:37:03.235464+00:00 [debug] Started 4 listeners (eturnal:init/1:106)
2025-08-24 16:37:03.235581+00:00 [debug] PROGRESS REPORT:
    supervisor: {local,eturnal_sup}
    started: [{pid,<0.1025.0>},
              {id,eturnal},
              {mfargs,{eturnal,start_link,[]}},
              {restart_type,permanent},
              {significant,false},
              {shutdown,5000},
              {child_type,worker}]
 (supervisor:report_progress/3:2240)
2025-08-24 16:37:03.235701+00:00 [debug] No NOTIFY_SOCKET, dropping READY=1 notification (eturnal_systemd:handle_cast/2:99)
2025-08-24 16:37:03.235730+00:00 [debug] PROGRESS REPORT:
    application: eturnal
    started_at: nonode@nohost
 (application_controller:info_started/2:2117)
2025-08-24 16:37:03.262360+00:00 [debug] Handling API call: get_status() (eturnal_ctl:get_status/0:129)
2025-08-24 16:37:03.262481+00:00 [debug] eturnal call (get_status) returned ok (eturnal_ctl:call/1:444)
2025-08-24 16:37:03.285924+00:00 [debug] Handling API call: get_info() (eturnal_ctl:get_info/0:139)
2025-08-24 16:37:03.286437+00:00 [debug] eturnal call (get_info) returned {ok,
                                  {eturnal_node_info,<<"1.12.2">>,
                                   {"28","16.0"},
                                   5942,0,180,110027311,1,57255200}} (eturnal_ctl:call/1:447)
2025-08-24 16:37:03.309761+00:00 [debug] Handling API call: get_sessions() (eturnal_ctl:get_sessions/0:100)
2025-08-24 16:37:03.333291+00:00 [debug] Handling API call: get_sessions("alice") (eturnal_ctl:get_sessions/1:110)
2025-08-24 16:37:03.333567+00:00 [debug] Handling API call: get_sessions("1256900400:alice") (eturnal_ctl:get_sessions/1:110)
2025-08-24 16:37:03.333791+00:00 [debug] Handling API call: get_sessions(alice) (eturnal_ctl:get_sessions/1:110)
2025-08-24 16:37:03.333887+00:00 [debug] Cannot convert user name to binary: alice (eturnal_ctl:get_sessions/1:123)
2025-08-24 16:37:03.356781+00:00 [debug] Handling API call: disconnect("alice") (eturnal_ctl:disconnect/1:188)
2025-08-24 16:37:03.356984+00:00 [debug] Handling API call: disconnect(alice) (eturnal_ctl:disconnect/1:188)
2025-08-24 16:37:03.357077+00:00 [debug] Cannot convert user name to binary: alice (eturnal_ctl:disconnect/1:198)
2025-08-24 16:37:03.380244+00:00 [debug] Handling API call: get_credentials("2009-10-30 11:00:00Z", []) (eturnal_ctl:get_credentials/2:60)
2025-08-24 16:37:03.380451+00:00 [debug] eturnal call ({get_password,<<"1256900400">>}) returned {ok,
                                                         <<"uEKlpcME7MNMMVRV8rUFPCTIFEs=">>} (eturnal_ctl:call/1:447)
2025-08-24 16:37:03.384001+00:00 [debug] Handling API call: get_credentials("86400", "alice") (eturnal_ctl:get_credentials/2:60)
2025-08-24 16:37:03.384190+00:00 [debug] eturnal call ({get_password,<<"1756139823:alice">>}) returned {ok,
                                                               <<"8sXthkkZXmgqyMwe/WVJo8K5cq0=">>} (eturnal_ctl:call/1:447)
2025-08-24 16:37:03.384335+00:00 [debug] Handling API call: get_password("1756139823:alice") (eturnal_ctl:get_password/1:79)
2025-08-24 16:37:03.384469+00:00 [debug] eturnal call ({get_password,<<"1756139823:alice">>}) returned {ok,
                                                               <<"8sXthkkZXmgqyMwe/WVJo8K5cq0=">>} (eturnal_ctl:call/1:447)
2025-08-24 16:37:03.384654+00:00 [debug] Handling API call: get_credentials("86400s", "alice") (eturnal_ctl:get_credentials/2:60)
2025-08-24 16:37:03.384800+00:00 [debug] eturnal call ({get_password,<<"1756139823:alice">>}) returned {ok,
                                                               <<"8sXthkkZXmgqyMwe/WVJo8K5cq0=">>} (eturnal_ctl:call/1:447)
2025-08-24 16:37:03.384934+00:00 [debug] Handling API call: get_password("1756139823:alice") (eturnal_ctl:get_password/1:79)
2025-08-24 16:37:03.385044+00:00 [debug] eturnal call ({get_password,<<"1756139823:alice">>}) returned {ok,
                                                               <<"8sXthkkZXmgqyMwe/WVJo8K5cq0=">>} (eturnal_ctl:call/1:447)
2025-08-24 16:37:03.385205+00:00 [debug] Handling API call: get_credentials("1440m", "alice") (eturnal_ctl:get_credentials/2:60)
2025-08-24 16:37:03.385357+00:00 [debug] eturnal call ({get_password,<<"1756139823:alice">>}) returned {ok,
                                                               <<"8sXthkkZXmgqyMwe/WVJo8K5cq0=">>} (eturnal_ctl:call/1:447)
2025-08-24 16:37:03.385493+00:00 [debug] Handling API call: get_password("1756139823:alice") (eturnal_ctl:get_password/1:79)
2025-08-24 16:37:03.385618+00:00 [debug] eturnal call ({get_password,<<"1756139823:alice">>}) returned {ok,
                                                               <<"8sXthkkZXmgqyMwe/WVJo8K5cq0=">>} (eturnal_ctl:call/1:447)
2025-08-24 16:37:03.385816+00:00 [debug] Handling API call: get_credentials("24h", "alice") (eturnal_ctl:get_credentials/2:60)
2025-08-24 16:37:03.385936+00:00 [debug] eturnal call ({get_password,<<"1756139823:alice">>}) returned {ok,
                                                               <<"8sXthkkZXmgqyMwe/WVJo8K5cq0=">>} (eturnal_ctl:call/1:447)
2025-08-24 16:37:03.386083+00:00 [debug] Handling API call: get_password("1756139823:alice") (eturnal_ctl:get_password/1:79)
2025-08-24 16:37:03.386210+00:00 [debug] eturnal call ({get_password,<<"1756139823:alice">>}) returned {ok,
                                                               <<"8sXthkkZXmgqyMwe/WVJo8K5cq0=">>} (eturnal_ctl:call/1:447)
2025-08-24 16:37:03.386399+00:00 [debug] Handling API call: get_credentials("1d", "alice") (eturnal_ctl:get_credentials/2:60)
2025-08-24 16:37:03.386584+00:00 [debug] eturnal call ({get_password,<<"1756139823:alice">>}) returned {ok,
                                                               <<"8sXthkkZXmgqyMwe/WVJo8K5cq0=">>} (eturnal_ctl:call/1:447)
2025-08-24 16:37:03.386760+00:00 [debug] Handling API call: get_password("1756139823:alice") (eturnal_ctl:get_password/1:79)
2025-08-24 16:37:03.386902+00:00 [debug] eturnal call ({get_password,<<"1756139823:alice">>}) returned {ok,
                                                               <<"8sXthkkZXmgqyMwe/WVJo8K5cq0=">>} (eturnal_ctl:call/1:447)
2025-08-24 16:37:03.387083+00:00 [debug] Handling API call: get_password("Invalid") (eturnal_ctl:get_password/1:79)
2025-08-24 16:37:03.387213+00:00 [debug] eturnal call ({get_password,<<"Invalid">>}) returned {error,no_credentials} (eturnal_ctl:call/1:450)
2025-08-24 16:37:03.387324+00:00 [debug] Handling API call: get_credentials("Invalid", []) (eturnal_ctl:get_credentials/2:60)
2025-08-24 16:37:03.387416+00:00 [debug] Invalid argument(s): "Invalid":[] (eturnal_ctl:get_credentials/2:73)
2025-08-24 16:37:03.387507+00:00 [debug] Handling API call: get_password(invalid) (eturnal_ctl:get_password/1:79)
2025-08-24 16:37:03.387591+00:00 [debug] Cannot convert user name to binary: invalid (eturnal_ctl:get_password/1:94)
2025-08-24 16:37:03.387669+00:00 [debug] Handling API call: get_credentials(invalid, []) (eturnal_ctl:get_credentials/2:60)
2025-08-24 16:37:03.387767+00:00 [debug] Invalid argument(s): invalid:[] (eturnal_ctl:get_credentials/2:73)
2025-08-24 16:37:03.387859+00:00 [debug] Handling API call: get_password([invalid]) (eturnal_ctl:get_password/1:79)
2025-08-24 16:37:03.387943+00:00 [debug] Cannot convert user name to binary: [invalid] (eturnal_ctl:get_password/1:94)
2025-08-24 16:37:03.388020+00:00 [debug] Handling API call: get_credentials([invalid], []) (eturnal_ctl:get_credentials/2:60)
2025-08-24 16:37:03.388112+00:00 [debug] Invalid argument(s): [invalid]:[] (eturnal_ctl:get_credentials/2:73)
2025-08-24 16:37:03.388210+00:00 [debug] Handling API call: get_credentials(1256900400, invalid) (eturnal_ctl:get_credentials/2:60)
2025-08-24 16:37:03.388280+00:00 [debug] Invalid argument(s): 1256900400:invalid (eturnal_ctl:get_credentials/2:73)
2025-08-24 16:37:03.388367+00:00 [debug] Handling API call: get_password("alice") (eturnal_ctl:get_password/1:79)
2025-08-24 16:37:03.388446+00:00 [debug] eturnal call ({get_password,<<"alice">>}) returned {ok,<<"l0vesBob">>} (eturnal_ctl:call/1:447)
2025-08-24 16:37:03.412250+00:00 [debug] Handling API call: set_loglevel(debug) (eturnal_ctl:set_loglevel/1:169)
2025-08-24 16:37:03.412430+00:00 [debug] eturnal call ({set_loglevel,debug}) returned ok (eturnal_ctl:call/1:444)
2025-08-24 16:37:03.412575+00:00 [debug] Handling API call: get_loglevel() (eturnal_ctl:get_loglevel/0:159)
2025-08-24 16:37:03.412700+00:00 [debug] eturnal call (get_loglevel) returned {ok,debug} (eturnal_ctl:call/1:447)
2025-08-24 16:37:03.412875+00:00 [debug] Handling API call: set_loglevel(invalid) (eturnal_ctl:set_loglevel/1:169)
2025-08-24 16:37:03.412981+00:00 [debug] Invalid log level: invalid (eturnal_ctl:set_loglevel/1:179)
2025-08-24 16:37:03.413107+00:00 [debug] Handling API call: get_loglevel() (eturnal_ctl:get_loglevel/0:159)
2025-08-24 16:37:03.413201+00:00 [debug] eturnal call (get_loglevel) returned {ok,debug} (eturnal_ctl:call/1:447)
2025-08-24 16:37:03.436116+00:00 [debug] Handling API call: get_version() (eturnal_ctl:get_version/0:149)
2025-08-24 16:37:03.436262+00:00 [debug] eturnal call (get_version) returned {ok,<<"1.12.2">>} (eturnal_ctl:call/1:447)
2025-08-24 16:37:03.459324+00:00 [debug] Handling API call: reload() (eturnal_ctl:reload/0:204)
2025-08-24 16:37:03.460957+00:00 [debug] Calling mod_log_stun:options/0 (eturnal_module:options/1:192)
2025-08-24 16:37:03.461087+00:00 [debug] Calling mod_stats_influx:options/0 (eturnal_module:options/1:192)
2025-08-24 16:37:03.461163+00:00 [debug] Calling mod_stats_prometheus:options/0 (eturnal_module:options/1:192)
2025-08-24 16:37:03.461573+00:00 [info] Reloading configuration (eturnal:reload/1:628)
2025-08-24 16:37:03.461695+00:00 [warning] TLS enabled without 'tls_crt_file', creating self-signed certificate (eturnal:check_pem_file/0:807)
2025-08-24 16:37:05.396888+00:00 [info] Using new TLS certificate (eturnal:reload/1:632)
2025-08-24 16:37:05.397683+00:00 [debug] Calling mod_stats_prometheus:stop/1 (eturnal_module:stop/1:163)
2025-08-24 16:37:05.397860+00:00 [debug] Stopping mod_stats_prometheus (mod_stats_prometheus:stop/0:110)
2025-08-24 16:37:05.398154+00:00 [info] Stopped mod_stats_prometheus (eturnal:stop_modules/1:398)
2025-08-24 16:37:05.398918+00:00 [debug] Calling mod_log_stun:stop/1 (eturnal_module:stop/1:163)
2025-08-24 16:37:05.399030+00:00 [debug] Stopping mod_log_stun (mod_log_stun:stop/0:49)
2025-08-24 16:37:05.399126+00:00 [info] Stopped mod_log_stun (eturnal:stop_modules/1:398)
2025-08-24 16:37:05.400760+00:00 [debug] Calling mod_stats_influx:stop/1 (eturnal_module:stop/1:163)
2025-08-24 16:37:05.400893+00:00 [debug] Stopping mod_stats_influx (mod_stats_influx:stop/0:61)
2025-08-24 16:37:05.400983+00:00 [info] Stopped mod_stats_influx (eturnal:stop_modules/1:398)
2025-08-24 16:37:05.401065+00:00 [debug] Calling mod_stats_prometheus:start/0 (eturnal_module:start/1:143)
2025-08-24 16:37:05.401234+00:00 [debug] Starting mod_stats_prometheus (mod_stats_prometheus:start/0:56)
2025-08-24 16:37:05.401362+00:00 [debug] Dependency prometheus_httpd was available already (eturnal_module:ensure_dep/2:284)
2025-08-24 16:37:05.401898+00:00 [debug] PROGRESS REPORT:
    supervisor: {local,httpd_instance_sup__127_0_0_1__9081default}
    started: [{pid,<0.1191.0>},
              {id,{httpd_connection_sup,{127,0,0,1},9081,default}},
              {mfargs,{httpd_connection_sup,start_link,[[{127,0,0,1},9081]]}},
              {restart_type,permanent},
              {significant,false},
              {shutdown,5000},
              {child_type,supervisor}]
 (supervisor:report_progress/3:2240)
2025-08-24 16:37:05.402065+00:00 [debug] PROGRESS REPORT:
    supervisor: {local,httpd_instance_sup__127_0_0_1__9081default}
    started: [{pid,<0.1192.0>},
              {id,{httpd_misc_sup,{127,0,0,1},9081,default}},
              {mfargs,{httpd_misc_sup,start_link,[{127,0,0,1},9081,default]}},
              {restart_type,permanent},
              {significant,false},
              {shutdown,infinity},
              {child_type,supervisor}]
 (supervisor:report_progress/3:2240)
2025-08-24 16:37:05.402366+00:00 [debug] PROGRESS REPORT:
    supervisor: {local,httpd_instance_sup__127_0_0_1__9081default}
    started: [{pid,<0.1193.0>},
              {id,{httpd_manager,{127,0,0,1},9081,default}},
              {mfargs,
                  {httpd_manager,start_link,
                      [undefined,
                       [{bind_address,{127,0,0,1}},
                        {socket_type,ip_comm},
                        {port,9081},
                        {server_root,"run/mod_stats_prometheus/doc"},
                        {document_root,"run/mod_stats_prometheus/doc"},
                        {server_name,"Prometheus Exporter"},
                        {modules,[prometheus_httpd]}],
                       15000]}},
              {restart_type,permanent},
              {significant,false},
              {shutdown,4000},
              {child_type,worker}]
 (supervisor:report_progress/3:2240)
2025-08-24 16:37:05.402700+00:00 [debug] PROGRESS REPORT:
    supervisor: {local,httpd_acceptor_sup__127_0_0_1__9081default}
    started: [{pid,<0.1195.0>},
              {id,{httpd_acceptor_sup,{127,0,0,1},9081,default}},
              {mfargs,{httpd_acceptor,start_link,
                                      [httpd__127_0_0_1__9081default,ip_comm,
                                       {127,0,0,1},
                                       9081,inet,
                                       httpd_conf__127_0_0_1__9081default,
                                       15000]}},
              {restart_type,transient},
              {significant,false},
              {shutdown,brutal_kill},
              {child_type,worker}]
 (supervisor:report_progress/3:2240)
2025-08-24 16:37:05.402826+00:00 [debug] PROGRESS REPORT:
    supervisor: {local,httpd_instance_sup__127_0_0_1__9081default}
    started: [{pid,<0.1194.0>},
              {id,{httpd_acceptor_sup,{127,0,0,1},9081,default}},
              {mfargs,
                  {httpd_acceptor_sup,start_link,
                      [[{127,0,0,1},
                        9081,
                        [{bind_address,{127,0,0,1}},
                         {socket_type,ip_comm},
                         {port,9081},
                         {server_root,"run/mod_stats_prometheus/doc"},
                         {document_root,"run/mod_stats_prometheus/doc"},
                         {server_name,"Prometheus Exporter"},
                         {modules,[prometheus_httpd]}],
                        15000,undefined]]}},
              {restart_type,permanent},
              {significant,false},
              {shutdown,infinity},
              {child_type,supervisor}]
 (supervisor:report_progress/3:2240)
2025-08-24 16:37:05.402931+00:00 [debug] PROGRESS REPORT:
    supervisor: {local,httpd_sup}
    started: [{pid,<0.1190.0>},
              {id,{httpd_instance_sup,{127,0,0,1},9081,default}},
              {mfargs,
                  {httpd_instance_sup,start_link,
                      [[{bind_address,{127,0,0,1}},
                        {socket_type,ip_comm},
                        {port,9081},
                        {server_root,"run/mod_stats_prometheus/doc"},
                        {document_root,"run/mod_stats_prometheus/doc"},
                        {server_name,"Prometheus Exporter"},
                        {modules,[prometheus_httpd]}],
                       15000,[]]}},
              {restart_type,permanent},
              {significant,false},
              {shutdown,infinity},
              {child_type,supervisor}]
 (supervisor:report_progress/3:2250)
2025-08-24 16:37:05.404242+00:00 [info] Started mod_stats_prometheus (eturnal:start_modules/0:385)
2025-08-24 16:37:05.404383+00:00 [debug] Calling mod_log_stun:start/0 (eturnal_module:start/1:143)
2025-08-24 16:37:05.404459+00:00 [debug] Starting mod_log_stun (mod_log_stun:start/0:38)
2025-08-24 16:37:05.404817+00:00 [info] Started mod_log_stun (eturnal:start_modules/0:385)
2025-08-24 16:37:05.404916+00:00 [debug] Calling mod_stats_influx:start/0 (eturnal_module:start/1:143)
2025-08-24 16:37:05.404999+00:00 [debug] Starting mod_stats_influx (mod_stats_influx:start/0:37)
2025-08-24 16:37:05.405091+00:00 [debug] Dependency influx_udp was available already (eturnal_module:ensure_dep/2:284)
2025-08-24 16:37:05.405393+00:00 [info]     options: #{port => 8089,host => "localhost",pool_size => 1,
               max_overflow => 1}
    msg: Start clients pool
    host: {127,0,0,1} (influx_udp:start_pool_/2:239)
2025-08-24 16:37:05.406364+00:00 [info] Started mod_stats_influx (eturnal:start_modules/0:385)
2025-08-24 16:37:05.406464+00:00 [debug] Restarted modules (eturnal:reload/1:640)
2025-08-24 16:37:05.406551+00:00 [debug] eturnal call (reload) returned ok (eturnal_ctl:call/1:444)
2025-08-24 16:37:05.406832+00:00 [debug] Handling API call: reload() (eturnal_ctl:reload/0:204)
2025-08-24 16:37:05.408605+00:00 [debug] Calling mod_log_stun:options/0 (eturnal_module:options/1:192)
2025-08-24 16:37:05.408745+00:00 [debug] Calling mod_stats_influx:options/0 (eturnal_module:options/1:192)
2025-08-24 16:37:05.408859+00:00 [debug] Calling mod_stats_prometheus:options/0 (eturnal_module:options/1:192)
2025-08-24 16:37:05.409477+00:00 [info] Reloading configuration (eturnal:reload/1:628)
2025-08-24 16:37:05.409755+00:00 [debug] Keeping PEM file (run/cert.pem) (eturnal:check_pem_file/0:804)
2025-08-24 16:37:05.409861+00:00 [debug] TLS certificate unchanged (eturnal:reload/1:634)
2025-08-24 16:37:05.411053+00:00 [debug] Calling mod_stats_prometheus:stop/1 (eturnal_module:stop/1:163)
2025-08-24 16:37:05.411184+00:00 [debug] Stopping mod_stats_prometheus (mod_stats_prometheus:stop/0:110)
2025-08-24 16:37:05.411428+00:00 [info] Stopped mod_stats_prometheus (eturnal:stop_modules/1:398)
2025-08-24 16:37:05.412298+00:00 [debug] Calling mod_log_stun:stop/1 (eturnal_module:stop/1:163)
2025-08-24 16:37:05.412431+00:00 [debug] Stopping mod_log_stun (mod_log_stun:stop/0:49)
2025-08-24 16:37:05.412484+00:00 [info] Stopped mod_log_stun (eturnal:stop_modules/1:398)
2025-08-24 16:37:05.413452+00:00 [debug] Calling mod_stats_influx:stop/1 (eturnal_module:stop/1:163)
2025-08-24 16:37:05.413656+00:00 [debug] Stopping mod_stats_influx (mod_stats_influx:stop/0:61)
2025-08-24 16:37:05.413848+00:00 [info] Stopped mod_stats_influx (eturnal:stop_modules/1:398)
2025-08-24 16:37:05.413973+00:00 [debug] Calling mod_stats_prometheus:start/0 (eturnal_module:start/1:143)
2025-08-24 16:37:05.414056+00:00 [debug] Starting mod_stats_prometheus (mod_stats_prometheus:start/0:56)
2025-08-24 16:37:05.414154+00:00 [debug] Dependency prometheus_httpd was available already (eturnal_module:ensure_dep/2:284)
2025-08-24 16:37:05.414634+00:00 [debug] PROGRESS REPORT:
    supervisor: {local,httpd_instance_sup__127_0_0_1__9081default}
    started: [{pid,<0.1227.0>},
              {id,{httpd_connection_sup,{127,0,0,1},9081,default}},
              {mfargs,{httpd_connection_sup,start_link,[[{127,0,0,1},9081]]}},
              {restart_type,permanent},
              {significant,false},
              {shutdown,5000},
              {child_type,supervisor}]
 (supervisor:report_progress/3:2240)
2025-08-24 16:37:05.414796+00:00 [debug] PROGRESS REPORT:
    supervisor: {local,httpd_instance_sup__127_0_0_1__9081default}
    started: [{pid,<0.1228.0>},
              {id,{httpd_misc_sup,{127,0,0,1},9081,default}},
              {mfargs,{httpd_misc_sup,start_link,[{127,0,0,1},9081,default]}},
              {restart_type,permanent},
              {significant,false},
              {shutdown,infinity},
              {child_type,supervisor}]
 (supervisor:report_progress/3:2240)
2025-08-24 16:37:05.415071+00:00 [debug] PROGRESS REPORT:
    supervisor: {local,httpd_instance_sup__127_0_0_1__9081default}
    started: [{pid,<0.1229.0>},
              {id,{httpd_manager,{127,0,0,1},9081,default}},
              {mfargs,
                  {httpd_manager,start_link,
                      [undefined,
                       [{bind_address,{127,0,0,1}},
                        {socket_type,ip_comm},
                        {port,9081},
                        {server_root,"run/mod_stats_prometheus/doc"},
                        {document_root,"run/mod_stats_prometheus/doc"},
                        {server_name,"Prometheus Exporter"},
                        {modules,[prometheus_httpd]}],
                       15000]}},
              {restart_type,permanent},
              {significant,false},
              {shutdown,4000},
              {child_type,worker}]
 (supervisor:report_progress/3:2240)
2025-08-24 16:37:05.415334+00:00 [debug] PROGRESS REPORT:
    supervisor: {local,httpd_acceptor_sup__127_0_0_1__9081default}
    started: [{pid,<0.1231.0>},
              {id,{httpd_acceptor_sup,{127,0,0,1},9081,default}},
              {mfargs,{httpd_acceptor,start_link,
                                      [httpd__127_0_0_1__9081default,ip_comm,
                                       {127,0,0,1},
                                       9081,inet,
                                       httpd_conf__127_0_0_1__9081default,
                                       15000]}},
              {restart_type,transient},
              {significant,false},
              {shutdown,brutal_kill},
              {child_type,worker}]
 (supervisor:report_progress/3:2240)
2025-08-24 16:37:05.415461+00:00 [debug] PROGRESS REPORT:
    supervisor: {local,httpd_instance_sup__127_0_0_1__9081default}
    started: [{pid,<0.1230.0>},
              {id,{httpd_acceptor_sup,{127,0,0,1},9081,default}},
              {mfargs,
                  {httpd_acceptor_sup,start_link,
                      [[{127,0,0,1},
                        9081,
                        [{bind_address,{127,0,0,1}},
                         {socket_type,ip_comm},
                         {port,9081},
                         {server_root,"run/mod_stats_prometheus/doc"},
                         {document_root,"run/mod_stats_prometheus/doc"},
                         {server_name,"Prometheus Exporter"},
                         {modules,[prometheus_httpd]}],
                        15000,undefined]]}},
              {restart_type,permanent},
              {significant,false},
              {shutdown,infinity},
              {child_type,supervisor}]
 (supervisor:report_progress/3:2240)
2025-08-24 16:37:05.415590+00:00 [debug] PROGRESS REPORT:
    supervisor: {local,httpd_sup}
    started: [{pid,<0.1226.0>},
              {id,{httpd_instance_sup,{127,0,0,1},9081,default}},
              {mfargs,
                  {httpd_instance_sup,start_link,
                      [[{bind_address,{127,0,0,1}},
                        {socket_type,ip_comm},
                        {port,9081},
                        {server_root,"run/mod_stats_prometheus/doc"},
                        {document_root,"run/mod_stats_prometheus/doc"},
                        {server_name,"Prometheus Exporter"},
                        {modules,[prometheus_httpd]}],
                       15000,[]]}},
              {restart_type,permanent},
              {significant,false},
              {shutdown,infinity},
              {child_type,supervisor}]
 (supervisor:report_progress/3:2250)
2025-08-24 16:37:05.416537+00:00 [info] Started mod_stats_prometheus (eturnal:start_modules/0:385)
2025-08-24 16:37:05.416659+00:00 [debug] Calling mod_log_stun:start/0 (eturnal_module:start/1:143)
2025-08-24 16:37:05.416770+00:00 [debug] Starting mod_log_stun (mod_log_stun:start/0:38)
2025-08-24 16:37:05.417657+00:00 [info] Started mod_log_stun (eturnal:start_modules/0:385)
2025-08-24 16:37:05.417783+00:00 [debug] Calling mod_stats_influx:start/0 (eturnal_module:start/1:143)
2025-08-24 16:37:05.417915+00:00 [debug] Starting mod_stats_influx (mod_stats_influx:start/0:37)
2025-08-24 16:37:05.418033+00:00 [debug] Dependency influx_udp was available already (eturnal_module:ensure_dep/2:284)
2025-08-24 16:37:05.418382+00:00 [info]     options: #{port => 8089,host => "localhost",pool_size => 1,
               max_overflow => 1}
    msg: Start clients pool
    host: {127,0,0,1} (influx_udp:start_pool_/2:239)
2025-08-24 16:37:05.419421+00:00 [info] Started mod_stats_influx (eturnal:start_modules/0:385)
2025-08-24 16:37:05.419550+00:00 [debug] Restarted modules (eturnal:reload/1:640)
2025-08-24 16:37:05.419636+00:00 [debug] eturnal call (reload) returned ok (eturnal_ctl:call/1:444)
2025-08-24 16:37:05.443373+00:00 [info] Accepting connection: 127.0.0.1:51742 -> 127.0.0.1:34780 [TCP, session 7jl7bmii88g7] (stun_acceptor:accept/3:158)
2025-08-24 16:37:05.466289+00:00 [info] Accepting connection: 127.0.0.1:44526 -> 127.0.0.1:53490 [TLS, session ymz3knikpmz7] (stun_acceptor:accept/3:158)
2025-08-24 16:37:05.494639+00:00 [debug] Received:
#stun{class = request,method = 3,magic = 554869826,
      trid = 62069322780938265685928742104,raw = <<>>,unsupported = [],
      'ALTERNATE-SERVER' = undefined,'CHANNEL-NUMBER' = undefined,
      'DATA' = undefined,'DONT-FRAGMENT' = false,'ERROR-CODE' = undefined,
      'LIFETIME' = undefined,'MAPPED-ADDRESS' = undefined,
      'MESSAGE-INTEGRITY' = undefined,'NONCE' = undefined,'REALM' = undefined,
      'REQUESTED-ADDRESS-FAMILY' = undefined,
      'REQUESTED-TRANSPORT' = undefined,'SOFTWARE' = undefined,
      'UNKNOWN-ATTRIBUTES' = [],'USERNAME' = undefined,
      'XOR-MAPPED-ADDRESS' = undefined,'XOR-PEER-ADDRESS' = [],
      'XOR-RELAYED-ADDRESS' = undefined} (stun:udp_recv/5:146)
2025-08-24 16:37:05.494789+00:00 [debug] Sending:
#stun{class = error,method = 3,magic = 554869826,
      trid = 62069322780938265685928742104,raw = <<>>,unsupported = [],
      'ALTERNATE-SERVER' = undefined,'CHANNEL-NUMBER' = undefined,
      'DATA' = undefined,'DONT-FRAGMENT' = false,
      'ERROR-CODE' = {401,<<"Unauthorized">>},
      'LIFETIME' = undefined,'MAPPED-ADDRESS' = undefined,
      'MESSAGE-INTEGRITY' = undefined,'NONCE' = <<"586075480">>,
      'REALM' = <<"eturnal.net">>,'REQUESTED-ADDRESS-FAMILY' = undefined,
      'REQUESTED-TRANSPORT' = undefined,'SOFTWARE' = <<"eturnal">>,
      'UNKNOWN-ATTRIBUTES' = [],'USERNAME' = undefined,
      'XOR-MAPPED-ADDRESS' = undefined,'XOR-PEER-ADDRESS' = [],
      'XOR-RELAYED-ADDRESS' = undefined} (stun:send/3:498)
2025-08-24 16:37:05.495066+00:00 [debug] Received:
#stun{class = request,method = 3,magic = 554869826,
      trid = 13335834420455321368296980210,
      raw = <<0,3,0,76,33,18,164,66,43,23,36,200,135,58,43,202,156,76,126,242,
              0,25,0,4,17,0,0,0,0,6,0,5,97,108,105,99,101,0,0,0,0,20,0,11,101,
              116,117,114,110,97,108,46,110,101,116,0,0,21,0,9,53,56,54,48,55,
              53,52,56,48,0,0,0>>,
      unsupported = [],'ALTERNATE-SERVER' = undefined,
      'CHANNEL-NUMBER' = undefined,'DATA' = undefined,'DONT-FRAGMENT' = false,
      'ERROR-CODE' = undefined,'LIFETIME' = undefined,
      'MAPPED-ADDRESS' = undefined,
      'MESSAGE-INTEGRITY' = <<137,233,102,101,239,113,254,192,85,107,144,105,
                              239,195,27,154,238,34,74,91>>,
      'NONCE' = <<"586075480">>,'REALM' = <<"eturnal.net">>,
      'REQUESTED-ADDRESS-FAMILY' = undefined,'REQUESTED-TRANSPORT' = udp,
      'SOFTWARE' = undefined,'UNKNOWN-ATTRIBUTES' = [],
      'USERNAME' = <<"alice">>,'XOR-MAPPED-ADDRESS' = undefined,
      'XOR-PEER-ADDRESS' = [],'XOR-RELAYED-ADDRESS' = undefined} (stun:udp_recv/5:146)
2025-08-24 16:37:05.495198+00:00 [debug] Looking up password for: alice [UDP, session 5fa7a7qvziu0, user alice, client 127.0.0.1:53527] (eturnal:get_password/2:259)
2025-08-24 16:37:05.495258+00:00 [info] Accepting long-term STUN/TURN authentication [UDP, session 5fa7a7qvziu0, user alice, client 127.0.0.1:53527] (stun:process/2:287)
2025-08-24 16:37:05.497616+00:00 [debug] Running 'turn_session_start' hook [UDP, session 5fa7a7qvziu0, user alice, client 127.0.0.1:53527] (turn:run_hook/3:753)
2025-08-24 16:37:05.497688+00:00 [debug] Got 'turn_session_start' event [UDP, session 5fa7a7qvziu0, user alice, client 127.0.0.1:53527] (eturnal_module:handle_event/2:177)
2025-08-24 16:37:05.497762+00:00 [debug] Calling mod_stats_prometheus:handle_event/2 [UDP, session 5fa7a7qvziu0, user alice, client 127.0.0.1:53527] (eturnal_module:handle_event/2:180)
2025-08-24 16:37:05.497827+00:00 [debug] Observing started TURN session 5fa7a7qvziu0 for Prometheus [UDP, session 5fa7a7qvziu0, user alice, client 127.0.0.1:53527] (mod_stats_prometheus:on_turn_session_start/1:174)
2025-08-24 16:37:05.498008+00:00 [notice] Creating TURN allocation (lifetime: 599 seconds) [UDP, session 5fa7a7qvziu0, user alice, client 127.0.0.1:53527, relay 127.0.0.1:53336] (turn:wait_for_allocate/2:226)
2025-08-24 16:37:05.498150+00:00 [debug] Sending:
#stun{class = response,method = 3,magic = 554869826,
      trid = 13335834420455321368296980210,raw = <<>>,unsupported = [],
      'ALTERNATE-SERVER' = undefined,'CHANNEL-NUMBER' = undefined,
      'DATA' = undefined,'DONT-FRAGMENT' = false,'ERROR-CODE' = undefined,
      'LIFETIME' = 599,'MAPPED-ADDRESS' = undefined,
      'MESSAGE-INTEGRITY' = undefined,'NONCE' = undefined,'REALM' = undefined,
      'REQUESTED-ADDRESS-FAMILY' = undefined,
      'REQUESTED-TRANSPORT' = undefined,'SOFTWARE' = <<"eturnal">>,
      'UNKNOWN-ATTRIBUTES' = [],'USERNAME' = undefined,
      'XOR-MAPPED-ADDRESS' = {{127,0,0,1},53527},
      'XOR-PEER-ADDRESS' = [],
      'XOR-RELAYED-ADDRESS' = {{127,0,0,1},53336}} (turn:send/2:549)
2025-08-24 16:37:05.498449+00:00 [debug] Received:
#stun{class = request,method = 4,magic = 554869826,
      trid = 59408708836741489807476535982,
      raw = <<0,4,0,76,33,18,164,66,191,245,187,111,68,135,175,185,136,70,50,
              174,0,6,0,5,97,108,105,99,101,0,0,0,0,20,0,11,101,116,117,114,
              110,97,108,46,110,101,116,0,0,21,0,9,53,56,54,48,55,53,52,56,48,
              0,0,0,0,13,0,4,0,0,0,0>>,
      unsupported = [],'ALTERNATE-SERVER' = undefined,
      'CHANNEL-NUMBER' = undefined,'DATA' = undefined,'DONT-FRAGMENT' = false,
      'ERROR-CODE' = undefined,'LIFETIME' = 0,'MAPPED-ADDRESS' = undefined,
      'MESSAGE-INTEGRITY' = <<92,99,235,122,52,253,3,49,161,7,191,60,166,206,
                              66,91,196,10,223,227>>,
      'NONCE' = <<"586075480">>,'REALM' = <<"eturnal.net">>,
      'REQUESTED-ADDRESS-FAMILY' = undefined,
      'REQUESTED-TRANSPORT' = undefined,'SOFTWARE' = undefined,
      'UNKNOWN-ATTRIBUTES' = [],'USERNAME' = <<"alice">>,
      'XOR-MAPPED-ADDRESS' = undefined,'XOR-PEER-ADDRESS' = [],
      'XOR-RELAYED-ADDRESS' = undefined} (stun:udp_recv/5:146)
2025-08-24 16:37:05.498538+00:00 [debug] Looking up password for: alice [UDP, session mw0v97kgh8dy, user alice, client 127.0.0.1:53527] (eturnal:get_password/2:259)
2025-08-24 16:37:05.498609+00:00 [info] Accepting long-term STUN/TURN authentication [UDP, session mw0v97kgh8dy, user alice, client 127.0.0.1:53527] (stun:process/2:287)
2025-08-24 16:37:05.498637+00:00 [info] Client requested closing the TURN session [UDP, session 5fa7a7qvziu0, user alice, client 127.0.0.1:53527, relay 127.0.0.1:53336] (turn:active/2:285)
2025-08-24 16:37:05.498738+00:00 [debug] Sending:
#stun{class = response,method = 4,magic = 554869826,
      trid = 59408708836741489807476535982,raw = <<>>,unsupported = [],
      'ALTERNATE-SERVER' = undefined,'CHANNEL-NUMBER' = undefined,
      'DATA' = undefined,'DONT-FRAGMENT' = false,'ERROR-CODE' = undefined,
      'LIFETIME' = 0,'MAPPED-ADDRESS' = undefined,
      'MESSAGE-INTEGRITY' = undefined,'NONCE' = undefined,'REALM' = undefined,
      'REQUESTED-ADDRESS-FAMILY' = undefined,
      'REQUESTED-TRANSPORT' = undefined,'SOFTWARE' = <<"eturnal">>,
      'UNKNOWN-ATTRIBUTES' = [],'USERNAME' = undefined,
      'XOR-MAPPED-ADDRESS' = undefined,'XOR-PEER-ADDRESS' = [],
      'XOR-RELAYED-ADDRESS' = undefined} (turn:send/2:549)
2025-08-24 16:37:05.498854+00:00 [info] Deleting TURN allocation [UDP, session 5fa7a7qvziu0, user alice, client 127.0.0.1:53527, relay 127.0.0.1:53336] (turn:terminate/3:482)
2025-08-24 16:37:05.498893+00:00 [notice] Relayed 0 KiB (in 0 B / 0 packets, out 0 B / 0 packets), duration: 0 seconds [UDP, session 5fa7a7qvziu0, user alice, client 127.0.0.1:53527, relay 127.0.0.1:53336] (turn:terminate/3:489)
2025-08-24 16:37:05.498938+00:00 [debug] Running 'turn_session_stop' hook [UDP, session 5fa7a7qvziu0, user alice, client 127.0.0.1:53527, relay 127.0.0.1:53336] (turn:run_hook/3:753)
2025-08-24 16:37:05.498974+00:00 [debug] Got 'turn_session_stop' event [UDP, session 5fa7a7qvziu0, user alice, client 127.0.0.1:53527, relay 127.0.0.1:53336] (eturnal_module:handle_event/2:177)
2025-08-24 16:37:05.499020+00:00 [debug] Calling mod_stats_influx:handle_event/2 [UDP, session 5fa7a7qvziu0, user alice, client 127.0.0.1:53527, relay 127.0.0.1:53336] (eturnal_module:handle_event/2:180)
2025-08-24 16:37:05.499073+00:00 [debug] Writing stats of TURN session 5fa7a7qvziu0 to InfluxDB [UDP, session 5fa7a7qvziu0, user alice, client 127.0.0.1:53527, relay 127.0.0.1:53336] (mod_stats_influx:on_turn_session_stop/1:87)
2025-08-24 16:37:05.499034+00:00 [debug] Received:
#stun{class = request,method = 3,magic = 554869826,
      trid = 51540873396998995211331729966,raw = <<>>,unsupported = [],
      'ALTERNATE-SERVER' = undefined,'CHANNEL-NUMBER' = undefined,
      'DATA' = undefined,'DONT-FRAGMENT' = false,'ERROR-CODE' = undefined,
      'LIFETIME' = undefined,'MAPPED-ADDRESS' = undefined,
      'MESSAGE-INTEGRITY' = undefined,'NONCE' = undefined,'REALM' = undefined,
      'REQUESTED-ADDRESS-FAMILY' = undefined,
      'REQUESTED-TRANSPORT' = undefined,'SOFTWARE' = undefined,
      'UNKNOWN-ATTRIBUTES' = [],'USERNAME' = undefined,
      'XOR-MAPPED-ADDRESS' = undefined,'XOR-PEER-ADDRESS' = [],
      'XOR-RELAYED-ADDRESS' = undefined} (stun:udp_recv/5:146)
2025-08-24 16:37:05.499210+00:00 [debug] Sending:
#stun{class = error,method = 3,magic = 554869826,
      trid = 51540873396998995211331729966,raw = <<>>,unsupported = [],
      'ALTERNATE-SERVER' = undefined,'CHANNEL-NUMBER' = undefined,
      'DATA' = undefined,'DONT-FRAGMENT' = false,
      'ERROR-CODE' = {401,<<"Unauthorized">>},
      'LIFETIME' = undefined,'MAPPED-ADDRESS' = undefined,
      'MESSAGE-INTEGRITY' = undefined,'NONCE' = <<"2735347526">>,
      'REALM' = <<"eturnal.net">>,'REQUESTED-ADDRESS-FAMILY' = undefined,
      'REQUESTED-TRANSPORT' = undefined,'SOFTWARE' = <<"eturnal">>,
      'UNKNOWN-ATTRIBUTES' = [],'USERNAME' = undefined,
      'XOR-MAPPED-ADDRESS' = undefined,'XOR-PEER-ADDRESS' = [],
      'XOR-RELAYED-ADDRESS' = undefined} (stun:send/3:498)
2025-08-24 16:37:05.499505+00:00 [debug] Received:
#stun{class = request,method = 3,magic = 554869826,
      trid = 69691765206533451301874393160,
      raw = <<0,3,0,80,33,18,164,66,225,47,173,82,16,76,53,209,10,201,96,72,0,
              25,0,4,17,0,0,0,0,6,0,10,50,49,52,53,57,49,51,50,48,48,0,0,0,20,
              0,11,101,116,117,114,110,97,108,46,110,101,116,0,0,21,0,10,50,55,
              51,53,51,52,55,53,50,54,0,0>>,
      unsupported = [],'ALTERNATE-SERVER' = undefined,
      'CHANNEL-NUMBER' = undefined,'DATA' = undefined,'DONT-FRAGMENT' = false,
      'ERROR-CODE' = undefined,'LIFETIME' = undefined,
      'MAPPED-ADDRESS' = undefined,
      'MESSAGE-INTEGRITY' = <<173,157,224,141,107,173,229,106,117,58,223,72,36,
                              252,206,53,88,29,179,66>>,
      'NONCE' = <<"2735347526">>,'REALM' = <<"eturnal.net">>,
      'REQUESTED-ADDRESS-FAMILY' = undefined,'REQUESTED-TRANSPORT' = udp,
      'SOFTWARE' = undefined,'UNKNOWN-ATTRIBUTES' = [],
      'USERNAME' = <<"2145913200">>,'XOR-MAPPED-ADDRESS' = undefined,
      'XOR-PEER-ADDRESS' = [],'XOR-RELAYED-ADDRESS' = undefined} (stun:udp_recv/5:146)
2025-08-24 16:37:05.499628+00:00 [debug] Deriving password for: 2145913200 [UDP, session xwl6nnapc0oa, user 2145913200, client 127.0.0.1:51738] (eturnal:get_password/2:245)
2025-08-24 16:37:05.499797+00:00 [info] Accepting long-term STUN/TURN authentication [UDP, session xwl6nnapc0oa, user 2145913200, client 127.0.0.1:51738] (stun:process/2:287)
2025-08-24 16:37:05.499934+00:00 [debug] Running 'turn_session_start' hook [UDP, session xwl6nnapc0oa, user 2145913200, client 127.0.0.1:51738] (turn:run_hook/3:753)
2025-08-24 16:37:05.499981+00:00 [debug] Got 'turn_session_start' event [UDP, session xwl6nnapc0oa, user 2145913200, client 127.0.0.1:51738] (eturnal_module:handle_event/2:177)
2025-08-24 16:37:05.500058+00:00 [debug] Calling mod_stats_prometheus:handle_event/2 [UDP, session xwl6nnapc0oa, user 2145913200, client 127.0.0.1:51738] (eturnal_module:handle_event/2:180)
2025-08-24 16:37:05.500129+00:00 [debug] Observing started TURN session xwl6nnapc0oa for Prometheus [UDP, session xwl6nnapc0oa, user 2145913200, client 127.0.0.1:51738] (mod_stats_prometheus:on_turn_session_start/1:174)
2025-08-24 16:37:05.500332+00:00 [notice] Creating TURN allocation (lifetime: 600 seconds) [UDP, session xwl6nnapc0oa, user 2145913200, client 127.0.0.1:51738, relay 127.0.0.1:62400] (turn:wait_for_allocate/2:226)
2025-08-24 16:37:05.500437+00:00 [debug] Sending:
#stun{class = response,method = 3,magic = 554869826,
      trid = 69691765206533451301874393160,raw = <<>>,unsupported = [],
      'ALTERNATE-SERVER' = undefined,'CHANNEL-NUMBER' = undefined,
      'DATA' = undefined,'DONT-FRAGMENT' = false,'ERROR-CODE' = undefined,
      'LIFETIME' = 600,'MAPPED-ADDRESS' = undefined,
      'MESSAGE-INTEGRITY' = undefined,'NONCE' = undefined,'REALM' = undefined,
      'REQUESTED-ADDRESS-FAMILY' = undefined,
      'REQUESTED-TRANSPORT' = undefined,'SOFTWARE' = <<"eturnal">>,
      'UNKNOWN-ATTRIBUTES' = [],'USERNAME' = undefined,
      'XOR-MAPPED-ADDRESS' = {{127,0,0,1},51738},
      'XOR-PEER-ADDRESS' = [],
      'XOR-RELAYED-ADDRESS' = {{127,0,0,1},62400}} (turn:send/2:549)
2025-08-24 16:37:05.500731+00:00 [debug] Received:
#stun{class = request,method = 4,magic = 554869826,
      trid = 72093101132035021781776893627,
      raw = <<0,4,0,80,33,18,164,66,232,242,3,251,109,176,179,71,223,230,134,
              187,0,6,0,10,50,49,52,53,57,49,51,50,48,48,0,0,0,20,0,11,101,116,
              117,114,110,97,108,46,110,101,116,0,0,21,0,10,50,55,51,53,51,52,
              55,53,50,54,0,0,0,13,0,4,0,0,0,0>>,
      unsupported = [],'ALTERNATE-SERVER' = undefined,
      'CHANNEL-NUMBER' = undefined,'DATA' = undefined,'DONT-FRAGMENT' = false,
      'ERROR-CODE' = undefined,'LIFETIME' = 0,'MAPPED-ADDRESS' = undefined,
      'MESSAGE-INTEGRITY' = <<111,54,143,81,111,76,155,246,95,114,55,84,49,250,
                              27,14,67,207,13,127>>,
      'NONCE' = <<"2735347526">>,'REALM' = <<"eturnal.net">>,
      'REQUESTED-ADDRESS-FAMILY' = undefined,
      'REQUESTED-TRANSPORT' = undefined,'SOFTWARE' = undefined,
      'UNKNOWN-ATTRIBUTES' = [],'USERNAME' = <<"2145913200">>,
      'XOR-MAPPED-ADDRESS' = undefined,'XOR-PEER-ADDRESS' = [],
      'XOR-RELAYED-ADDRESS' = undefined} (stun:udp_recv/5:146)
2025-08-24 16:37:05.500826+00:00 [debug] Deriving password for: 2145913200 [UDP, session ifm2v7e1cueg, user 2145913200, client 127.0.0.1:51738] (eturnal:get_password/2:245)
2025-08-24 16:37:05.500883+00:00 [info] Accepting long-term STUN/TURN authentication [UDP, session ifm2v7e1cueg, user 2145913200, client 127.0.0.1:51738] (stun:process/2:287)
2025-08-24 16:37:05.500972+00:00 [info] Client requested closing the TURN session [UDP, session xwl6nnapc0oa, user 2145913200, client 127.0.0.1:51738, relay 127.0.0.1:62400] (turn:active/2:285)
2025-08-24 16:37:05.501057+00:00 [debug] Sending:
#stun{class = response,method = 4,magic = 554869826,
      trid = 72093101132035021781776893627,raw = <<>>,unsupported = [],
      'ALTERNATE-SERVER' = undefined,'CHANNEL-NUMBER' = undefined,
      'DATA' = undefined,'DONT-FRAGMENT' = false,'ERROR-CODE' = undefined,
      'LIFETIME' = 0,'MAPPED-ADDRESS' = undefined,
      'MESSAGE-INTEGRITY' = undefined,'NONCE' = undefined,'REALM' = undefined,
      'REQUESTED-ADDRESS-FAMILY' = undefined,
      'REQUESTED-TRANSPORT' = undefined,'SOFTWARE' = <<"eturnal">>,
      'UNKNOWN-ATTRIBUTES' = [],'USERNAME' = undefined,
      'XOR-MAPPED-ADDRESS' = undefined,'XOR-PEER-ADDRESS' = [],
      'XOR-RELAYED-ADDRESS' = undefined} (turn:send/2:549)
2025-08-24 16:37:05.501076+00:00 [debug] Calling mod_stats_prometheus:handle_event/2 [UDP, session 5fa7a7qvziu0, user alice, client 127.0.0.1:53527, relay 127.0.0.1:53336] (eturnal_module:handle_event/2:180)
2025-08-24 16:37:05.501120+00:00 [debug] Observing stopped TURN session 5fa7a7qvziu0 for Prometheus [UDP, session 5fa7a7qvziu0, user alice, client 127.0.0.1:53527, relay 127.0.0.1:53336] (mod_stats_prometheus:on_turn_session_stop/1:187)
2025-08-24 16:37:05.501175+00:00 [info] Deleting TURN allocation [UDP, session xwl6nnapc0oa, user 2145913200, client 127.0.0.1:51738, relay 127.0.0.1:62400] (turn:terminate/3:482)
2025-08-24 16:37:05.501221+00:00 [notice] Relayed 0 KiB (in 0 B / 0 packets, out 0 B / 0 packets), duration: 0 seconds [UDP, session xwl6nnapc0oa, user 2145913200, client 127.0.0.1:51738, relay 127.0.0.1:62400] (turn:terminate/3:489)
2025-08-24 16:37:05.501314+00:00 [debug] Running 'turn_session_stop' hook [UDP, session xwl6nnapc0oa, user 2145913200, client 127.0.0.1:51738, relay 127.0.0.1:62400] (turn:run_hook/3:753)
2025-08-24 16:37:05.501365+00:00 [debug] Got 'turn_session_stop' event [UDP, session xwl6nnapc0oa, user 2145913200, client 127.0.0.1:51738, relay 127.0.0.1:62400] (eturnal_module:handle_event/2:177)
2025-08-24 16:37:05.501409+00:00 [debug] Calling mod_stats_influx:handle_event/2 [UDP, session xwl6nnapc0oa, user 2145913200, client 127.0.0.1:51738, relay 127.0.0.1:62400] (eturnal_module:handle_event/2:180)
2025-08-24 16:37:05.501448+00:00 [debug] Writing stats of TURN session xwl6nnapc0oa to InfluxDB [UDP, session xwl6nnapc0oa, user 2145913200, client 127.0.0.1:51738, relay 127.0.0.1:62400] (mod_stats_influx:on_turn_session_stop/1:87)
2025-08-24 16:37:05.501579+00:00 [debug] Calling mod_stats_prometheus:handle_event/2 [UDP, session xwl6nnapc0oa, user 2145913200, client 127.0.0.1:51738, relay 127.0.0.1:62400] (eturnal_module:handle_event/2:180)
2025-08-24 16:37:05.501640+00:00 [debug] Observing stopped TURN session xwl6nnapc0oa for Prometheus [UDP, session xwl6nnapc0oa, user 2145913200, client 127.0.0.1:51738, relay 127.0.0.1:62400] (mod_stats_prometheus:on_turn_session_stop/1:187)
2025-08-24 16:37:05.524059+00:00 [debug] Received:
#stun{class = request,method = 1,magic = 554869826,
      trid = 1375850569323912781988662509,raw = <<>>,unsupported = [],
      'ALTERNATE-SERVER' = undefined,'CHANNEL-NUMBER' = undefined,
      'DATA' = undefined,'DONT-FRAGMENT' = false,'ERROR-CODE' = undefined,
      'LIFETIME' = undefined,'MAPPED-ADDRESS' = undefined,
      'MESSAGE-INTEGRITY' = undefined,'NONCE' = undefined,'REALM' = undefined,
      'REQUESTED-ADDRESS-FAMILY' = undefined,
      'REQUESTED-TRANSPORT' = undefined,'SOFTWARE' = undefined,
      'UNKNOWN-ATTRIBUTES' = [],'USERNAME' = undefined,
      'XOR-MAPPED-ADDRESS' = undefined,'XOR-PEER-ADDRESS' = [],
      'XOR-RELAYED-ADDRESS' = undefined} (stun:udp_recv/5:146)
2025-08-24 16:37:05.524137+00:00 [debug] Responding to STUN request [UDP, session v99zmx5k9ny5, anonymous, client 127.0.0.1:52872] (stun:process/4:355)
2025-08-24 16:37:05.524212+00:00 [debug] Running 'stun_query' hook [UDP, session v99zmx5k9ny5, anonymous, client 127.0.0.1:52872] (stun:run_hook/3:742)
2025-08-24 16:37:05.524281+00:00 [debug] Got 'stun_query' event [UDP, session v99zmx5k9ny5, anonymous, client 127.0.0.1:52872] (eturnal_module:handle_event/2:177)
2025-08-24 16:37:05.524339+00:00 [debug] Calling mod_log_stun:handle_event/2 [UDP, session v99zmx5k9ny5, anonymous, client 127.0.0.1:52872] (eturnal_module:handle_event/2:180)
2025-08-24 16:37:05.524385+00:00 [info] Responding to STUN request [UDP, session v99zmx5k9ny5, anonymous, client 127.0.0.1:52872] (mod_log_stun:handle_event/2:44)
2025-08-24 16:37:05.524421+00:00 [debug] Calling mod_stats_influx:handle_event/2 [UDP, session v99zmx5k9ny5, anonymous, client 127.0.0.1:52872] (eturnal_module:handle_event/2:180)
2025-08-24 16:37:05.524461+00:00 [debug] Writing STUN query event to InfluxDB [UDP, session v99zmx5k9ny5, anonymous, client 127.0.0.1:52872] (mod_stats_influx:on_stun_query/1:76)
2025-08-24 16:37:05.524570+00:00 [debug] Calling mod_stats_prometheus:handle_event/2 [UDP, session v99zmx5k9ny5, anonymous, client 127.0.0.1:52872] (eturnal_module:handle_event/2:180)
2025-08-24 16:37:05.524605+00:00 [debug] Observing STUN query for Prometheus [UDP, session v99zmx5k9ny5, anonymous, client 127.0.0.1:52872] (mod_stats_prometheus:on_stun_query/1:166)
2025-08-24 16:37:05.524677+00:00 [debug] Sending:
#stun{class = response,method = 1,magic = 554869826,
      trid = 1375850569323912781988662509,raw = <<>>,unsupported = [],
      'ALTERNATE-SERVER' = undefined,'CHANNEL-NUMBER' = undefined,
      'DATA' = undefined,'DONT-FRAGMENT' = false,'ERROR-CODE' = undefined,
      'LIFETIME' = undefined,'MAPPED-ADDRESS' = undefined,
      'MESSAGE-INTEGRITY' = undefined,'NONCE' = undefined,'REALM' = undefined,
      'REQUESTED-ADDRESS-FAMILY' = undefined,
      'REQUESTED-TRANSPORT' = undefined,'SOFTWARE' = <<"eturnal">>,
      'UNKNOWN-ATTRIBUTES' = [],'USERNAME' = undefined,
      'XOR-MAPPED-ADDRESS' = {{127,0,0,1},52872},
      'XOR-PEER-ADDRESS' = [],'XOR-RELAYED-ADDRESS' = undefined} (stun:send/3:498)
2025-08-24 16:37:05.548129+00:00 [info] Accepting connection: 127.0.0.1:51758 -> 127.0.0.1:34780 [TCP, session i67bmcdkh940] (stun_acceptor:accept/3:158)
2025-08-24 16:37:05.548313+00:00 [debug] Received:
#stun{class = request,method = 1,magic = 554869826,
      trid = 71320588917838241384820946281,raw = <<>>,unsupported = [],
      'ALTERNATE-SERVER' = undefined,'CHANNEL-NUMBER' = undefined,
      'DATA' = undefined,'DONT-FRAGMENT' = false,'ERROR-CODE' = undefined,
      'LIFETIME' = undefined,'MAPPED-ADDRESS' = undefined,
      'MESSAGE-INTEGRITY' = undefined,'NONCE' = undefined,'REALM' = undefined,
      'REQUESTED-ADDRESS-FAMILY' = undefined,
      'REQUESTED-TRANSPORT' = undefined,'SOFTWARE' = undefined,
      'UNKNOWN-ATTRIBUTES' = [],'USERNAME' = undefined,
      'XOR-MAPPED-ADDRESS' = undefined,'XOR-PEER-ADDRESS' = [],
      'XOR-RELAYED-ADDRESS' = undefined} (stun:process_data/3:455)
2025-08-24 16:37:05.548401+00:00 [debug] Responding to STUN request [TCP, session i67bmcdkh940, anonymous, client 127.0.0.1:51758] (stun:process/4:355)
2025-08-24 16:37:05.548436+00:00 [debug] Running 'stun_query' hook [TCP, session i67bmcdkh940, anonymous, client 127.0.0.1:51758] (stun:run_hook/3:742)
2025-08-24 16:37:05.548470+00:00 [debug] Got 'stun_query' event [TCP, session i67bmcdkh940, anonymous, client 127.0.0.1:51758] (eturnal_module:handle_event/2:177)
2025-08-24 16:37:05.548502+00:00 [debug] Calling mod_log_stun:handle_event/2 [TCP, session i67bmcdkh940, anonymous, client 127.0.0.1:51758] (eturnal_module:handle_event/2:180)
2025-08-24 16:37:05.548538+00:00 [info] Responding to STUN request [TCP, session i67bmcdkh940, anonymous, client 127.0.0.1:51758] (mod_log_stun:handle_event/2:44)
2025-08-24 16:37:05.548572+00:00 [debug] Calling mod_stats_influx:handle_event/2 [TCP, session i67bmcdkh940, anonymous, client 127.0.0.1:51758] (eturnal_module:handle_event/2:180)
2025-08-24 16:37:05.548606+00:00 [debug] Writing STUN query event to InfluxDB [TCP, session i67bmcdkh940, anonymous, client 127.0.0.1:51758] (mod_stats_influx:on_stun_query/1:76)
2025-08-24 16:37:05.548777+00:00 [debug] Calling mod_stats_prometheus:handle_event/2 [TCP, session i67bmcdkh940, anonymous, client 127.0.0.1:51758] (eturnal_module:handle_event/2:180)
2025-08-24 16:37:05.548858+00:00 [debug] Observing STUN query for Prometheus [TCP, session i67bmcdkh940, anonymous, client 127.0.0.1:51758] (mod_stats_prometheus:on_stun_query/1:166)
2025-08-24 16:37:05.548972+00:00 [debug] Sending:
#stun{class = response,method = 1,magic = 554869826,
      trid = 71320588917838241384820946281,raw = <<>>,unsupported = [],
      'ALTERNATE-SERVER' = undefined,'CHANNEL-NUMBER' = undefined,
      'DATA' = undefined,'DONT-FRAGMENT' = false,'ERROR-CODE' = undefined,
      'LIFETIME' = undefined,'MAPPED-ADDRESS' = undefined,
      'MESSAGE-INTEGRITY' = undefined,'NONCE' = undefined,'REALM' = undefined,
      'REQUESTED-ADDRESS-FAMILY' = undefined,
      'REQUESTED-TRANSPORT' = undefined,'SOFTWARE' = <<"eturnal">>,
      'UNKNOWN-ATTRIBUTES' = [],'USERNAME' = undefined,
      'XOR-MAPPED-ADDRESS' = {{127,0,0,1},51758},
      'XOR-PEER-ADDRESS' = [],'XOR-RELAYED-ADDRESS' = undefined} (stun:send/3:498)
2025-08-24 16:37:05.549933+00:00 [info] Connection reset by peer [TCP, session i67bmcdkh940, anonymous, client 127.0.0.1:51758] (stun:handle_info/3:206)
2025-08-24 16:37:05.572139+00:00 [info] Accepting connection: 127.0.0.1:44538 -> 127.0.0.1:53490 [TLS, session 4yq8ipvp34mq] (stun_acceptor:accept/3:158)
2025-08-24 16:37:06.581133+00:00 [debug] Received:
#stun{class = request,method = 1,magic = 554869826,
      trid = 10368649870489416354988029521,raw = <<>>,unsupported = [],
      'ALTERNATE-SERVER' = undefined,'CHANNEL-NUMBER' = undefined,
      'DATA' = undefined,'DONT-FRAGMENT' = false,'ERROR-CODE' = undefined,
      'LIFETIME' = undefined,'MAPPED-ADDRESS' = undefined,
      'MESSAGE-INTEGRITY' = undefined,'NONCE' = undefined,'REALM' = undefined,
      'REQUESTED-ADDRESS-FAMILY' = undefined,
      'REQUESTED-TRANSPORT' = undefined,'SOFTWARE' = undefined,
      'UNKNOWN-ATTRIBUTES' = [],'USERNAME' = undefined,
      'XOR-MAPPED-ADDRESS' = undefined,'XOR-PEER-ADDRESS' = [],
      'XOR-RELAYED-ADDRESS' = undefined} (stun:process_data/3:455)
2025-08-24 16:37:06.581291+00:00 [debug] Responding to STUN request [TLS, session 4yq8ipvp34mq, anonymous, client 127.0.0.1:44538] (stun:process/4:355)
2025-08-24 16:37:06.581338+00:00 [debug] Running 'stun_query' hook [TLS, session 4yq8ipvp34mq, anonymous, client 127.0.0.1:44538] (stun:run_hook/3:742)
2025-08-24 16:37:06.581400+00:00 [debug] Got 'stun_query' event [TLS, session 4yq8ipvp34mq, anonymous, client 127.0.0.1:44538] (eturnal_module:handle_event/2:177)
2025-08-24 16:37:06.581432+00:00 [debug] Calling mod_log_stun:handle_event/2 [TLS, session 4yq8ipvp34mq, anonymous, client 127.0.0.1:44538] (eturnal_module:handle_event/2:180)
2025-08-24 16:37:06.581467+00:00 [info] Responding to STUN request [TLS, session 4yq8ipvp34mq, anonymous, client 127.0.0.1:44538] (mod_log_stun:handle_event/2:44)
2025-08-24 16:37:06.581508+00:00 [debug] Calling mod_stats_influx:handle_event/2 [TLS, session 4yq8ipvp34mq, anonymous, client 127.0.0.1:44538] (eturnal_module:handle_event/2:180)
2025-08-24 16:37:06.581541+00:00 [debug] Writing STUN query event to InfluxDB [TLS, session 4yq8ipvp34mq, anonymous, client 127.0.0.1:44538] (mod_stats_influx:on_stun_query/1:76)
2025-08-24 16:37:06.581725+00:00 [debug] Calling mod_stats_prometheus:handle_event/2 [TLS, session 4yq8ipvp34mq, anonymous, client 127.0.0.1:44538] (eturnal_module:handle_event/2:180)
2025-08-24 16:37:06.581777+00:00 [debug] Observing STUN query for Prometheus [TLS, session 4yq8ipvp34mq, anonymous, client 127.0.0.1:44538] (mod_stats_prometheus:on_stun_query/1:166)
2025-08-24 16:37:06.581843+00:00 [debug] Sending:
#stun{class = response,method = 1,magic = 554869826,
      trid = 10368649870489416354988029521,raw = <<>>,unsupported = [],
      'ALTERNATE-SERVER' = undefined,'CHANNEL-NUMBER' = undefined,
      'DATA' = undefined,'DONT-FRAGMENT' = false,'ERROR-CODE' = undefined,
      'LIFETIME' = undefined,'MAPPED-ADDRESS' = undefined,
      'MESSAGE-INTEGRITY' = undefined,'NONCE' = undefined,'REALM' = undefined,
      'REQUESTED-ADDRESS-FAMILY' = undefined,
      'REQUESTED-TRANSPORT' = undefined,'SOFTWARE' = <<"eturnal">>,
      'UNKNOWN-ATTRIBUTES' = [],'USERNAME' = undefined,
      'XOR-MAPPED-ADDRESS' = {{127,0,0,1},44538},
      'XOR-PEER-ADDRESS' = [],'XOR-RELAYED-ADDRESS' = undefined} (stun:send/3:498)
2025-08-24 16:37:06.582204+00:00 [info] Connection reset by peer [TLS, session 4yq8ipvp34mq, anonymous, client 127.0.0.1:44538] (stun:handle_info/3:206)
2025-08-24 16:37:06.605332+00:00 [info] Accepting connection: 127.0.0.1:52602 -> 127.0.0.1:34781 [TCP|TLS, session 2i0ls6prrfgt] (stun_acceptor:accept/3:158)
2025-08-24 16:37:06.605444+00:00 [debug] Determined transport protocol: TCP (stun:is_tls_handshake/1:688)
2025-08-24 16:37:06.605644+00:00 [debug] Received:
#stun{class = request,method = 1,magic = 554869826,
      trid = 73649226610097000199077810784,raw = <<>>,unsupported = [],
      'ALTERNATE-SERVER' = undefined,'CHANNEL-NUMBER' = undefined,
      'DATA' = undefined,'DONT-FRAGMENT' = false,'ERROR-CODE' = undefined,
      'LIFETIME' = undefined,'MAPPED-ADDRESS' = undefined,
      'MESSAGE-INTEGRITY' = undefined,'NONCE' = undefined,'REALM' = undefined,
      'REQUESTED-ADDRESS-FAMILY' = undefined,
      'REQUESTED-TRANSPORT' = undefined,'SOFTWARE' = undefined,
      'UNKNOWN-ATTRIBUTES' = [],'USERNAME' = undefined,
      'XOR-MAPPED-ADDRESS' = undefined,'XOR-PEER-ADDRESS' = [],
      'XOR-RELAYED-ADDRESS' = undefined} (stun:process_data/3:455)
2025-08-24 16:37:06.605753+00:00 [debug] Responding to STUN request [TCP, session 2i0ls6prrfgt, anonymous, client 127.0.0.1:52602] (stun:process/4:355)
2025-08-24 16:37:06.605795+00:00 [debug] Running 'stun_query' hook [TCP, session 2i0ls6prrfgt, anonymous, client 127.0.0.1:52602] (stun:run_hook/3:742)
2025-08-24 16:37:06.605865+00:00 [debug] Got 'stun_query' event [TCP, session 2i0ls6prrfgt, anonymous, client 127.0.0.1:52602] (eturnal_module:handle_event/2:177)
2025-08-24 16:37:06.605908+00:00 [debug] Calling mod_log_stun:handle_event/2 [TCP, session 2i0ls6prrfgt, anonymous, client 127.0.0.1:52602] (eturnal_module:handle_event/2:180)
2025-08-24 16:37:06.605945+00:00 [info] Responding to STUN request [TCP, session 2i0ls6prrfgt, anonymous, client 127.0.0.1:52602] (mod_log_stun:handle_event/2:44)
2025-08-24 16:37:06.605980+00:00 [debug] Calling mod_stats_influx:handle_event/2 [TCP, session 2i0ls6prrfgt, anonymous, client 127.0.0.1:52602] (eturnal_module:handle_event/2:180)
2025-08-24 16:37:06.606032+00:00 [debug] Writing STUN query event to InfluxDB [TCP, session 2i0ls6prrfgt, anonymous, client 127.0.0.1:52602] (mod_stats_influx:on_stun_query/1:76)
2025-08-24 16:37:06.606145+00:00 [debug] Calling mod_stats_prometheus:handle_event/2 [TCP, session 2i0ls6prrfgt, anonymous, client 127.0.0.1:52602] (eturnal_module:handle_event/2:180)
2025-08-24 16:37:06.606206+00:00 [debug] Observing STUN query for Prometheus [TCP, session 2i0ls6prrfgt, anonymous, client 127.0.0.1:52602] (mod_stats_prometheus:on_stun_query/1:166)
2025-08-24 16:37:06.606306+00:00 [debug] Sending:
#stun{class = response,method = 1,magic = 554869826,
      trid = 73649226610097000199077810784,raw = <<>>,unsupported = [],
      'ALTERNATE-SERVER' = undefined,'CHANNEL-NUMBER' = undefined,
      'DATA' = undefined,'DONT-FRAGMENT' = false,'ERROR-CODE' = undefined,
      'LIFETIME' = undefined,'MAPPED-ADDRESS' = undefined,
      'MESSAGE-INTEGRITY' = undefined,'NONCE' = undefined,'REALM' = undefined,
      'REQUESTED-ADDRESS-FAMILY' = undefined,
      'REQUESTED-TRANSPORT' = undefined,'SOFTWARE' = <<"eturnal">>,
      'UNKNOWN-ATTRIBUTES' = [],'USERNAME' = undefined,
      'XOR-MAPPED-ADDRESS' = {{127,0,0,1},52602},
      'XOR-PEER-ADDRESS' = [],'XOR-RELAYED-ADDRESS' = undefined} (stun:send/3:498)
2025-08-24 16:37:06.606922+00:00 [info] Connection reset by peer [TCP, session 2i0ls6prrfgt, anonymous, client 127.0.0.1:52602] (stun:handle_info/3:206)
2025-08-24 16:37:06.630522+00:00 [info] Accepting connection: 127.0.0.1:52604 -> 127.0.0.1:34781 [TCP|TLS, session 5d120d81d3e2] (stun_acceptor:accept/3:158)
2025-08-24 16:37:06.630745+00:00 [debug] Determined transport protocol: TLS (stun:is_tls_handshake/1:685)
2025-08-24 16:37:07.638290+00:00 [debug] Received:
#stun{class = request,method = 1,magic = 554869826,
      trid = 45815658332338496812390452356,raw = <<>>,unsupported = [],
      'ALTERNATE-SERVER' = undefined,'CHANNEL-NUMBER' = undefined,
      'DATA' = undefined,'DONT-FRAGMENT' = false,'ERROR-CODE' = undefined,
      'LIFETIME' = undefined,'MAPPED-ADDRESS' = undefined,
      'MESSAGE-INTEGRITY' = undefined,'NONCE' = undefined,'REALM' = undefined,
      'REQUESTED-ADDRESS-FAMILY' = undefined,
      'REQUESTED-TRANSPORT' = undefined,'SOFTWARE' = undefined,
      'UNKNOWN-ATTRIBUTES' = [],'USERNAME' = undefined,
      'XOR-MAPPED-ADDRESS' = undefined,'XOR-PEER-ADDRESS' = [],
      'XOR-RELAYED-ADDRESS' = undefined} (stun:process_data/3:455)
2025-08-24 16:37:07.638443+00:00 [debug] Responding to STUN request [TLS, session 5d120d81d3e2, anonymous, client 127.0.0.1:52604] (stun:process/4:355)
2025-08-24 16:37:07.638500+00:00 [debug] Running 'stun_query' hook [TLS, session 5d120d81d3e2, anonymous, client 127.0.0.1:52604] (stun:run_hook/3:742)
2025-08-24 16:37:07.638570+00:00 [debug] Got 'stun_query' event [TLS, session 5d120d81d3e2, anonymous, client 127.0.0.1:52604] (eturnal_module:handle_event/2:177)
2025-08-24 16:37:07.638613+00:00 [debug] Calling mod_log_stun:handle_event/2 [TLS, session 5d120d81d3e2, anonymous, client 127.0.0.1:52604] (eturnal_module:handle_event/2:180)
2025-08-24 16:37:07.638648+00:00 [info] Responding to STUN request [TLS, session 5d120d81d3e2, anonymous, client 127.0.0.1:52604] (mod_log_stun:handle_event/2:44)
2025-08-24 16:37:07.638679+00:00 [debug] Calling mod_stats_influx:handle_event/2 [TLS, session 5d120d81d3e2, anonymous, client 127.0.0.1:52604] (eturnal_module:handle_event/2:180)
2025-08-24 16:37:07.638749+00:00 [debug] Writing STUN query event to InfluxDB [TLS, session 5d120d81d3e2, anonymous, client 127.0.0.1:52604] (mod_stats_influx:on_stun_query/1:76)
2025-08-24 16:37:07.638924+00:00 [debug] Calling mod_stats_prometheus:handle_event/2 [TLS, session 5d120d81d3e2, anonymous, client 127.0.0.1:52604] (eturnal_module:handle_event/2:180)
2025-08-24 16:37:07.638962+00:00 [debug] Observing STUN query for Prometheus [TLS, session 5d120d81d3e2, anonymous, client 127.0.0.1:52604] (mod_stats_prometheus:on_stun_query/1:166)
2025-08-24 16:37:07.639044+00:00 [debug] Sending:
#stun{class = response,method = 1,magic = 554869826,
      trid = 45815658332338496812390452356,raw = <<>>,unsupported = [],
      'ALTERNATE-SERVER' = undefined,'CHANNEL-NUMBER' = undefined,
      'DATA' = undefined,'DONT-FRAGMENT' = false,'ERROR-CODE' = undefined,
      'LIFETIME' = undefined,'MAPPED-ADDRESS' = undefined,
      'MESSAGE-INTEGRITY' = undefined,'NONCE' = undefined,'REALM' = undefined,
      'REQUESTED-ADDRESS-FAMILY' = undefined,
      'REQUESTED-TRANSPORT' = undefined,'SOFTWARE' = <<"eturnal">>,
      'UNKNOWN-ATTRIBUTES' = [],'USERNAME' = undefined,
      'XOR-MAPPED-ADDRESS' = {{127,0,0,1},52604},
      'XOR-PEER-ADDRESS' = [],'XOR-RELAYED-ADDRESS' = undefined} (stun:send/3:498)
2025-08-24 16:37:07.639437+00:00 [info] Connection reset by peer [TLS, session 5d120d81d3e2, anonymous, client 127.0.0.1:52604] (stun:handle_info/3:206)
2025-08-24 16:37:07.663129+00:00 [debug] No NOTIFY_SOCKET, dropping STOPPING=1 notification (eturnal_systemd:handle_cast/2:99)
2025-08-24 16:37:07.663151+00:00 [debug] Terminating eturnal (shutdown) (eturnal:terminate/2:186)
2025-08-24 16:37:07.663348+00:00 [info] Stopped listening on 127.0.0.1:34780 (udp) (eturnal:stop_listeners/1:443)
2025-08-24 16:37:07.663504+00:00 [info] Stopped listening on 127.0.0.1:34780 (tcp) (eturnal:stop_listeners/1:443)
2025-08-24 16:37:07.663649+00:00 [info] Stopped listening on 127.0.0.1:53490 (tls) (eturnal:stop_listeners/1:443)
2025-08-24 16:37:07.663814+00:00 [info] Stopped listening on 127.0.0.1:34781 (auto) (eturnal:stop_listeners/1:443)
2025-08-24 16:37:07.664589+00:00 [debug] Calling mod_stats_prometheus:stop/1 (eturnal_module:stop/1:163)
2025-08-24 16:37:07.664688+00:00 [debug] Stopping mod_stats_prometheus (mod_stats_prometheus:stop/0:110)
2025-08-24 16:37:07.664986+00:00 [info] Stopped mod_stats_prometheus (eturnal:stop_modules/1:398)
2025-08-24 16:37:07.665965+00:00 [debug] Calling mod_log_stun:stop/1 (eturnal_module:stop/1:163)
2025-08-24 16:37:07.666135+00:00 [debug] Stopping mod_log_stun (mod_log_stun:stop/0:49)
2025-08-24 16:37:07.666258+00:00 [info] Stopped mod_log_stun (eturnal:stop_modules/1:398)
2025-08-24 16:37:07.667456+00:00 [debug] Calling mod_stats_influx:stop/1 (eturnal_module:stop/1:163)
2025-08-24 16:37:07.667560+00:00 [debug] Stopping mod_stats_influx (mod_stats_influx:stop/0:61)
2025-08-24 16:37:07.667639+00:00 [info] Stopped mod_stats_influx (eturnal:stop_modules/1:398)
2025-08-24 16:37:07.667963+00:00 [debug] Removed run/cert.pem (eturnal:clean_run_dir/0:873)
2025-08-24 16:37:07.668250+00:00 [debug] Terminating eturnal_systemd (shutdown) (eturnal_systemd:terminate/2:125)
2025-08-24 16:37:07.668405+00:00 [notice] Stopping eturnal 1.12.2 on Erlang/OTP 28 (ERTS 16.0) (eturnal_app:stop/1:53)
