2025-03-24 12:16:56.768100+00:00 [notice] Starting eturnal 1.12.1 on Erlang/OTP 27 (ERTS 15.2.3) (eturnal_app:start/2:34)
2025-03-24 12:16:56.768267+00:00 [debug] Starting supervisor: eturnal_sup (eturnal_sup:start_link/0:31)
2025-03-24 12:16:56.768380+00:00 [debug] Configuring eturnal_sup supervisor: [#{id => systemd,
                                       start =>
                                           {eturnal_systemd,start_link,[]}},
                                     #{id => eturnal,
                                       start => {eturnal,start_link,[]}}] (eturnal_sup:init/0:39)
2025-03-24 12:16:56.769836+00:00 [info] Got no NOTIFY_SOCKET, notifications disabled (eturnal_systemd:init/1:86)
2025-03-24 12:16:56.769993+00:00 [debug] PROGRESS REPORT:
    supervisor: {local,eturnal_sup}
    started: [{pid,<0.1027.0>},
              {id,systemd},
              {mfargs,{eturnal_systemd,start_link,[]}},
              {restart_type,permanent},
              {significant,false},
              {shutdown,5000},
              {child_type,worker}]
 (supervisor:report_progress/3:2135)
2025-03-24 12:16:56.770099+00:00 [info] Relay IPv4 address: 127.0.0.1 (port range: 49152-65535) (eturnal:log_relay_addresses/0:349)
2025-03-24 12:16:56.770247+00:00 [info] Relay IPv6 address not configured (eturnal:log_relay_addresses/0:359)
2025-03-24 12:16:56.783410+00:00 [info] Cannot determine control query port: noport (eturnal:log_control_listener/0:374)
2025-03-24 12:16:56.783762+00:00 [debug] Using run directory run (eturnal:ensure_run_dir/0:860)
2025-03-24 12:16:56.783869+00:00 [debug] TURN configuration seems fine (eturnal:check_turn_config/0:604)
2025-03-24 12:16:56.784001+00:00 [warning] TLS enabled without 'tls_crt_file', creating self-signed certificate (eturnal:check_pem_file/0:806)
2025-03-24 12:16:57.368310+00:00 [debug] Calling mod_stats_influx:start/0 (eturnal_module:start/1:143)
2025-03-24 12:16:57.368549+00:00 [debug] Starting mod_stats_influx (mod_stats_influx:start/0:37)
2025-03-24 12:16:57.370252+00:00 [debug] PROGRESS REPORT:
    application: ulitos
    started_at: nonode@nohost
 (application_controller:info_started/2:2113)
2025-03-24 12:16:57.371202+00:00 [debug] PROGRESS REPORT:
    application: poolboy
    started_at: nonode@nohost
 (application_controller:info_started/2:2113)
2025-03-24 12:16:57.372003+00:00 [info]     msg: Starting application: influx_udp (influx_udp_app:start/2:10)
2025-03-24 12:16:57.378321+00:00 [debug] PROGRESS REPORT:
    supervisor: {local,influx_udp_sup}
    started: [{pid,<0.1043.0>},
              {id,influx_udp},
              {mfargs,{influx_udp,start_link,[]}},
              {restart_type,permanent},
              {significant,false},
              {shutdown,5000},
              {child_type,worker}]
 (supervisor:report_progress/3:2135)
2025-03-24 12:16:57.378469+00:00 [debug] PROGRESS REPORT:
    application: influx_udp
    started_at: nonode@nohost
 (application_controller:info_started/2:2113)
2025-03-24 12:16:57.378516+00:00 [debug] Dependency influx_udp was available already (eturnal_module:ensure_dep/2:284)
2025-03-24 12:16:57.380569+00:00 [info]     options: #{port => 8089,host => "localhost",pool_size => 1,
               max_overflow => 1}
    msg: Start clients pool
    host: {127,0,0,1} (influx_udp:start_pool_/2:239)
2025-03-24 12:16:57.388598+00:00 [info]     port: 60551
    msg: Open UDP socket on port (influx_udp_worker:init/1:43)
2025-03-24 12:16:57.388771+00:00 [debug] PROGRESS REPORT:
    supervisor: {local,influx_udp_sup}
    started: [{pid,<0.1046.0>},
              {id,stats_influx_pool},
              {mfargs,
                  {poolboy,start_link,
                      [[{name,{local,stats_influx_pool}},
                        {worker_module,influx_udp_worker},
                        {size,1},
                        {max_overflow,1}],
                       [{options,
                            #{port => 8089,
                              host => {127,0,0,1},
                              pool_size => 1,max_overflow => 1}}]]}},
              {restart_type,permanent},
              {significant,false},
              {shutdown,5000},
              {child_type,worker}]
 (supervisor:report_progress/3:2145)
2025-03-24 12:16:57.388966+00:00 [info] Started mod_stats_influx (eturnal:start_modules/0:385)
2025-03-24 12:16:57.389094+00:00 [debug] Calling mod_log_stun:start/0 (eturnal_module:start/1:143)
2025-03-24 12:16:57.389211+00:00 [debug] Starting mod_log_stun (mod_log_stun:start/0:38)
2025-03-24 12:16:57.389314+00:00 [info] Started mod_log_stun (eturnal:start_modules/0:385)
2025-03-24 12:16:57.389383+00:00 [debug] Calling mod_stats_prometheus:start/0 (eturnal_module:start/1:143)
2025-03-24 12:16:57.389589+00:00 [debug] Starting mod_stats_prometheus (mod_stats_prometheus:start/0:56)
2025-03-24 12:16:57.401914+00:00 [debug] PROGRESS REPORT:
    application: prometheus
    started_at: nonode@nohost
 (application_controller:info_started/2:2113)
2025-03-24 12:16:57.402791+00:00 [debug] PROGRESS REPORT:
    application: accept
    started_at: nonode@nohost
 (application_controller:info_started/2:2113)
2025-03-24 12:16:57.416136+00:00 [debug] Dependency prometheus_httpd was available already (eturnal_module:ensure_dep/2:284)
2025-03-24 12:16:57.416133+00:00 [debug] PROGRESS REPORT:
    application: prometheus_httpd
    started_at: nonode@nohost
 (application_controller:info_started/2:2113)
2025-03-24 12:16:57.443085+00:00 [debug] PROGRESS REPORT:
    supervisor: {local,httpd_instance_sup__127_0_0_1__9081default}
    started: [{pid,<0.1064.0>},
              {id,{httpd_connection_sup,{127,0,0,1},9081,default}},
              {mfargs,{httpd_connection_sup,start_link,[[{127,0,0,1},9081]]}},
              {restart_type,permanent},
              {significant,false},
              {shutdown,5000},
              {child_type,supervisor}]
 (supervisor:report_progress/3:2135)
2025-03-24 12:16:57.448741+00:00 [debug] PROGRESS REPORT:
    supervisor: {local,httpd_instance_sup__127_0_0_1__9081default}
    started: [{pid,<0.1065.0>},
              {id,{httpd_misc_sup,{127,0,0,1},9081,default}},
              {mfargs,{httpd_misc_sup,start_link,[{127,0,0,1},9081,default]}},
              {restart_type,permanent},
              {significant,false},
              {shutdown,infinity},
              {child_type,supervisor}]
 (supervisor:report_progress/3:2135)
2025-03-24 12:16:57.452884+00:00 [debug] PROGRESS REPORT:
    supervisor: {local,httpd_instance_sup__127_0_0_1__9081default}
    started: [{pid,<0.1066.0>},
              {id,{httpd_manager,{127,0,0,1},9081,default}},
              {mfargs,
                  {httpd_manager,start_link,
                      [undefined,
                       [{bind_address,{127,0,0,1}},
                        {socket_type,ip_comm},
                        {port,9081},
                        {server_root,"run/mod_stats_prometheus/doc"},
                        {document_root,"run/mod_stats_prometheus/doc"},
                        {server_name,"Prometheus Exporter"},
                        {modules,[prometheus_httpd]}],
                       15000]}},
              {restart_type,permanent},
              {significant,false},
              {shutdown,4000},
              {child_type,worker}]
 (supervisor:report_progress/3:2135)
2025-03-24 12:16:57.468299+00:00 [debug] PROGRESS REPORT:
    supervisor: {local,httpd_acceptor_sup__127_0_0_1__9081default}
    started: [{pid,<0.1068.0>},
              {id,{httpd_acceptor_sup,{127,0,0,1},9081,default}},
              {mfargs,{httpd_acceptor,start_link,
                                      [httpd__127_0_0_1__9081default,ip_comm,
                                       {127,0,0,1},
                                       9081,inet,
                                       httpd_conf__127_0_0_1__9081default,
                                       15000]}},
              {restart_type,transient},
              {significant,false},
              {shutdown,brutal_kill},
              {child_type,worker}]
 (supervisor:report_progress/3:2135)
2025-03-24 12:16:57.468481+00:00 [debug] PROGRESS REPORT:
    supervisor: {local,httpd_instance_sup__127_0_0_1__9081default}
    started: [{pid,<0.1067.0>},
              {id,{httpd_acceptor_sup,{127,0,0,1},9081,default}},
              {mfargs,
                  {httpd_acceptor_sup,start_link,
                      [[{127,0,0,1},
                        9081,
                        [{bind_address,{127,0,0,1}},
                         {socket_type,ip_comm},
                         {port,9081},
                         {server_root,"run/mod_stats_prometheus/doc"},
                         {document_root,"run/mod_stats_prometheus/doc"},
                         {server_name,"Prometheus Exporter"},
                         {modules,[prometheus_httpd]}],
                        15000,undefined]]}},
              {restart_type,permanent},
              {significant,false},
              {shutdown,infinity},
              {child_type,supervisor}]
 (supervisor:report_progress/3:2135)
2025-03-24 12:16:57.468645+00:00 [debug] PROGRESS REPORT:
    supervisor: {local,httpd_sup}
    started: [{pid,<0.1063.0>},
              {id,{httpd_instance_sup,{127,0,0,1},9081,default}},
              {mfargs,
                  {httpd_instance_sup,start_link,
                      [[{bind_address,{127,0,0,1}},
                        {socket_type,ip_comm},
                        {port,9081},
                        {server_root,"run/mod_stats_prometheus/doc"},
                        {document_root,"run/mod_stats_prometheus/doc"},
                        {server_name,"Prometheus Exporter"},
                        {modules,[prometheus_httpd]}],
                       15000,[]]}},
              {restart_type,permanent},
              {significant,false},
              {shutdown,infinity},
              {child_type,supervisor}]
 (supervisor:report_progress/3:2145)
2025-03-24 12:16:57.469938+00:00 [info] Started mod_stats_prometheus (eturnal:start_modules/0:385)
2025-03-24 12:16:57.470259+00:00 [debug] Starting listener 127.0.0.1:34780 (udp) with options:
[{use_turn,true},
 {auth_type,user},
 {turn_ipv4_address,{127,0,0,1}},
 {turn_min_port,49152},
 {turn_max_port,65535},
 {turn_max_allocations,10},
 {turn_max_permissions,10},
 {shaper,100000},
 {auth_realm,<<"eturnal.net">>},
 {server_name,<<"eturnal">>},
 {auth_fun,fun eturnal:get_password/2},
 {hook_fun,fun eturnal:run_hook/2},
 {turn_blacklist_clients,[{{127,0,0,1},8}]},
 {turn_blacklist_peers,[{{10,0,0,0},8},
                        {{100,64,0,0},10},
                        {{127,0,0,0},8},
                        {{169,254,0,0},16},
                        {{172,16,0,0},12},
                        {{192,0,0,0},24},
                        {{192,0,2,0},24},
                        {{192,88,99,0},24},
                        {{192,168,0,0},16},
                        {{198,18,0,0},15},
                        {{198,51,100,0},24},
                        {{203,0,113,0},24},
                        {{224,0,0,0},4},
                        {{240,0,0,0},4},
                        {{0,0,0,0,0,0,0,1},128},
                        {{100,65435,0,0,0,0,0,0},96},
                        {{256,0,0,0,0,0,0,0},64},
                        {{8193,3512,0,0,0,0,0,0},32},
                        {{64512,0,0,0,0,0,0,0},7},
                        {{65152,0,0,0,0,0,0,0},10},
                        {{65280,0,0,0,0,0,0,0},8}]},
 {turn_whitelist_clients,[{{127,0,0,1},32}]},
 {turn_whitelist_peers,[{{127,0,0,1},32},
                        {{203,0,113,113},32},
                        {{8193,3512,0,0,0,0,0,0},64}]}] (eturnal:start_listeners/0:420)
2025-03-24 12:16:57.486066+00:00 [info] Listening on 127.0.0.1:34780 (udp) (STUN/TURN) (eturnal:start_listeners/0:427)
2025-03-24 12:16:57.486214+00:00 [debug] Starting listener 127.0.0.1:34780 (tcp) with options:
[{use_turn,false},
 {auth_type,anonymous},
 {turn_ipv4_address,{127,0,0,1}},
 {turn_min_port,49152},
 {turn_max_port,65535},
 {turn_max_allocations,10},
 {turn_max_permissions,10},
 {shaper,100000},
 {auth_realm,<<"eturnal.net">>},
 {server_name,<<"eturnal">>},
 {auth_fun,fun eturnal:get_password/2},
 {hook_fun,fun eturnal:run_hook/2},
 {turn_blacklist_clients,[{{127,0,0,1},8}]},
 {turn_blacklist_peers,[{{10,0,0,0},8},
                        {{100,64,0,0},10},
                        {{127,0,0,0},8},
                        {{169,254,0,0},16},
                        {{172,16,0,0},12},
                        {{192,0,0,0},24},
                        {{192,0,2,0},24},
                        {{192,88,99,0},24},
                        {{192,168,0,0},16},
                        {{198,18,0,0},15},
                        {{198,51,100,0},24},
                        {{203,0,113,0},24},
                        {{224,0,0,0},4},
                        {{240,0,0,0},4},
                        {{0,0,0,0,0,0,0,1},128},
                        {{100,65435,0,0,0,0,0,0},96},
                        {{256,0,0,0,0,0,0,0},64},
                        {{8193,3512,0,0,0,0,0,0},32},
                        {{64512,0,0,0,0,0,0,0},7},
                        {{65152,0,0,0,0,0,0,0},10},
                        {{65280,0,0,0,0,0,0,0},8}]},
 {turn_whitelist_clients,[{{127,0,0,1},32}]},
 {turn_whitelist_peers,[{{127,0,0,1},32},
                        {{203,0,113,113},32},
                        {{8193,3512,0,0,0,0,0,0},64}]}] (eturnal:start_listeners/0:420)
2025-03-24 12:16:57.486811+00:00 [info] Listening on 127.0.0.1:34780 (tcp) (STUN only) (eturnal:start_listeners/0:427)
2025-03-24 12:16:57.486928+00:00 [debug] Starting listener 127.0.0.1:53490 (tls) with options:
[{use_turn,false},
 {auth_type,anonymous},
 {tls,true},
 {certfile,<<"run/cert.pem">>},
 {ciphers,<<"HIGH:!aNULL:@STRENGTH">>},
 {protocol_options,<<"no_tlsv1|no_tlsv1_1|cipher_server_preference">>},
 {turn_ipv4_address,{127,0,0,1}},
 {turn_min_port,49152},
 {turn_max_port,65535},
 {turn_max_allocations,10},
 {turn_max_permissions,10},
 {shaper,100000},
 {auth_realm,<<"eturnal.net">>},
 {server_name,<<"eturnal">>},
 {auth_fun,fun eturnal:get_password/2},
 {hook_fun,fun eturnal:run_hook/2},
 {turn_blacklist_clients,[{{127,0,0,1},8}]},
 {turn_blacklist_peers,[{{10,0,0,0},8},
                        {{100,64,0,0},10},
                        {{127,0,0,0},8},
                        {{169,254,0,0},16},
                        {{172,16,0,0},12},
                        {{192,0,0,0},24},
                        {{192,0,2,0},24},
                        {{192,88,99,0},24},
                        {{192,168,0,0},16},
                        {{198,18,0,0},15},
                        {{198,51,100,0},24},
                        {{203,0,113,0},24},
                        {{224,0,0,0},4},
                        {{240,0,0,0},4},
                        {{0,0,0,0,0,0,0,1},128},
                        {{100,65435,0,0,0,0,0,0},96},
                        {{256,0,0,0,0,0,0,0},64},
                        {{8193,3512,0,0,0,0,0,0},32},
                        {{64512,0,0,0,0,0,0,0},7},
                        {{65152,0,0,0,0,0,0,0},10},
                        {{65280,0,0,0,0,0,0,0},8}]},
 {turn_whitelist_clients,[{{127,0,0,1},32}]},
 {turn_whitelist_peers,[{{127,0,0,1},32},
                        {{203,0,113,113},32},
                        {{8193,3512,0,0,0,0,0,0},64}]}] (eturnal:start_listeners/0:420)
2025-03-24 12:16:57.487544+00:00 [info] Listening on 127.0.0.1:53490 (tls) (STUN only) (eturnal:start_listeners/0:427)
2025-03-24 12:16:57.487669+00:00 [debug] Starting listener 127.0.0.1:34781 (auto) with options:
[{use_turn,false},
 {auth_type,anonymous},
 {tls,optional},
 {certfile,<<"run/cert.pem">>},
 {ciphers,<<"HIGH:!aNULL:@STRENGTH">>},
 {protocol_options,<<"no_tlsv1|no_tlsv1_1|cipher_server_preference">>},
 {turn_ipv4_address,{127,0,0,1}},
 {turn_min_port,49152},
 {turn_max_port,65535},
 {turn_max_allocations,10},
 {turn_max_permissions,10},
 {shaper,100000},
 {auth_realm,<<"eturnal.net">>},
 {server_name,<<"eturnal">>},
 {auth_fun,fun eturnal:get_password/2},
 {hook_fun,fun eturnal:run_hook/2},
 {turn_blacklist_clients,[{{127,0,0,1},8}]},
 {turn_blacklist_peers,[{{10,0,0,0},8},
                        {{100,64,0,0},10},
                        {{127,0,0,0},8},
                        {{169,254,0,0},16},
                        {{172,16,0,0},12},
                        {{192,0,0,0},24},
                        {{192,0,2,0},24},
                        {{192,88,99,0},24},
                        {{192,168,0,0},16},
                        {{198,18,0,0},15},
                        {{198,51,100,0},24},
                        {{203,0,113,0},24},
                        {{224,0,0,0},4},
                        {{240,0,0,0},4},
                        {{0,0,0,0,0,0,0,1},128},
                        {{100,65435,0,0,0,0,0,0},96},
                        {{256,0,0,0,0,0,0,0},64},
                        {{8193,3512,0,0,0,0,0,0},32},
                        {{64512,0,0,0,0,0,0,0},7},
                        {{65152,0,0,0,0,0,0,0},10},
                        {{65280,0,0,0,0,0,0,0},8}]},
 {turn_whitelist_clients,[{{127,0,0,1},32}]},
 {turn_whitelist_peers,[{{127,0,0,1},32},
                        {{203,0,113,113},32},
                        {{8193,3512,0,0,0,0,0,0},64}]}] (eturnal:start_listeners/0:420)
2025-03-24 12:16:57.501413+00:00 [info] Listening on 127.0.0.1:34781 (auto) (STUN only) (eturnal:start_listeners/0:427)
2025-03-24 12:16:57.501538+00:00 [debug] Started 3 modules (eturnal:init/1:105)
2025-03-24 12:16:57.501622+00:00 [debug] Started 4 listeners (eturnal:init/1:106)
2025-03-24 12:16:57.501711+00:00 [debug] PROGRESS REPORT:
    supervisor: {local,eturnal_sup}
    started: [{pid,<0.1029.0>},
              {id,eturnal},
              {mfargs,{eturnal,start_link,[]}},
              {restart_type,permanent},
              {significant,false},
              {shutdown,5000},
              {child_type,worker}]
 (supervisor:report_progress/3:2135)
2025-03-24 12:16:57.501820+00:00 [debug] PROGRESS REPORT:
    application: eturnal
    started_at: nonode@nohost
 (application_controller:info_started/2:2113)
2025-03-24 12:16:57.501818+00:00 [debug] No NOTIFY_SOCKET, dropping READY=1 notification (eturnal_systemd:handle_cast/2:99)
2025-03-24 12:16:57.527726+00:00 [debug] Handling API call: get_info() (eturnal_ctl:get_info/0:139)
2025-03-24 12:16:57.528281+00:00 [debug] eturnal call (get_info) returned {ok,
                                  {eturnal_node_info,<<"1.12.1">>,
                                   {"27","15.2.3"},
                                   2727,0,178,103413377,1,62591592}} (eturnal_ctl:call/1:445)
2025-03-24 12:16:57.551942+00:00 [debug] Handling API call: get_sessions() (eturnal_ctl:get_sessions/0:100)
2025-03-24 12:16:57.575245+00:00 [debug] Handling API call: get_sessions("alice") (eturnal_ctl:get_sessions/1:110)
2025-03-24 12:16:57.575469+00:00 [debug] Handling API call: disconnect(alice) (eturnal_ctl:disconnect/1:188)
2025-03-24 12:16:57.575579+00:00 [debug] Cannot convert user name to binary: alice (eturnal_ctl:disconnect/1:198)
2025-03-24 12:16:57.599127+00:00 [debug] Handling API call: disconnect("alice") (eturnal_ctl:disconnect/1:188)
2025-03-24 12:16:57.599345+00:00 [debug] Handling API call: disconnect(alice) (eturnal_ctl:disconnect/1:188)
2025-03-24 12:16:57.599425+00:00 [debug] Cannot convert user name to binary: alice (eturnal_ctl:disconnect/1:198)
2025-03-24 12:16:57.623241+00:00 [debug] Handling API call: get_credentials("2009-10-30 11:00:00Z", []) (eturnal_ctl:get_credentials/2:60)
2025-03-24 12:16:57.623417+00:00 [debug] eturnal call ({get_password,<<"1256900400">>}) returned {ok,
                                                         <<"uEKlpcME7MNMMVRV8rUFPCTIFEs=">>} (eturnal_ctl:call/1:445)
2025-03-24 12:16:57.630506+00:00 [debug] Handling API call: get_credentials("86400", "alice") (eturnal_ctl:get_credentials/2:60)
2025-03-24 12:16:57.630689+00:00 [debug] eturnal call ({get_password,<<"1742905017:alice">>}) returned {ok,
                                                               <<"KSyuq865cnaEutV4ddujoWPLyZQ=">>} (eturnal_ctl:call/1:445)
2025-03-24 12:16:57.630856+00:00 [debug] Handling API call: get_password("1742905017:alice") (eturnal_ctl:get_password/1:79)
2025-03-24 12:16:57.630997+00:00 [debug] eturnal call ({get_password,<<"1742905017:alice">>}) returned {ok,
                                                               <<"KSyuq865cnaEutV4ddujoWPLyZQ=">>} (eturnal_ctl:call/1:445)
2025-03-24 12:16:57.631195+00:00 [debug] Handling API call: get_credentials("86400s", "alice") (eturnal_ctl:get_credentials/2:60)
2025-03-24 12:16:57.631332+00:00 [debug] eturnal call ({get_password,<<"1742905017:alice">>}) returned {ok,
                                                               <<"KSyuq865cnaEutV4ddujoWPLyZQ=">>} (eturnal_ctl:call/1:445)
2025-03-24 12:16:57.631459+00:00 [debug] Handling API call: get_password("1742905017:alice") (eturnal_ctl:get_password/1:79)
2025-03-24 12:16:57.631577+00:00 [debug] eturnal call ({get_password,<<"1742905017:alice">>}) returned {ok,
                                                               <<"KSyuq865cnaEutV4ddujoWPLyZQ=">>} (eturnal_ctl:call/1:445)
2025-03-24 12:16:57.631729+00:00 [debug] Handling API call: get_credentials("1440m", "alice") (eturnal_ctl:get_credentials/2:60)
2025-03-24 12:16:57.631861+00:00 [debug] eturnal call ({get_password,<<"1742905017:alice">>}) returned {ok,
                                                               <<"KSyuq865cnaEutV4ddujoWPLyZQ=">>} (eturnal_ctl:call/1:445)
2025-03-24 12:16:57.631966+00:00 [debug] Handling API call: get_password("1742905017:alice") (eturnal_ctl:get_password/1:79)
2025-03-24 12:16:57.632049+00:00 [debug] eturnal call ({get_password,<<"1742905017:alice">>}) returned {ok,
                                                               <<"KSyuq865cnaEutV4ddujoWPLyZQ=">>} (eturnal_ctl:call/1:445)
2025-03-24 12:16:57.632175+00:00 [debug] Handling API call: get_credentials("24h", "alice") (eturnal_ctl:get_credentials/2:60)
2025-03-24 12:16:57.632348+00:00 [debug] eturnal call ({get_password,<<"1742905017:alice">>}) returned {ok,
                                                               <<"KSyuq865cnaEutV4ddujoWPLyZQ=">>} (eturnal_ctl:call/1:445)
2025-03-24 12:16:57.632502+00:00 [debug] Handling API call: get_password("1742905017:alice") (eturnal_ctl:get_password/1:79)
2025-03-24 12:16:57.632637+00:00 [debug] eturnal call ({get_password,<<"1742905017:alice">>}) returned {ok,
                                                               <<"KSyuq865cnaEutV4ddujoWPLyZQ=">>} (eturnal_ctl:call/1:445)
2025-03-24 12:16:57.632825+00:00 [debug] Handling API call: get_credentials("1d", "alice") (eturnal_ctl:get_credentials/2:60)
2025-03-24 12:16:57.632943+00:00 [debug] eturnal call ({get_password,<<"1742905017:alice">>}) returned {ok,
                                                               <<"KSyuq865cnaEutV4ddujoWPLyZQ=">>} (eturnal_ctl:call/1:445)
2025-03-24 12:16:57.633091+00:00 [debug] Handling API call: get_password("1742905017:alice") (eturnal_ctl:get_password/1:79)
2025-03-24 12:16:57.633216+00:00 [debug] eturnal call ({get_password,<<"1742905017:alice">>}) returned {ok,
                                                               <<"KSyuq865cnaEutV4ddujoWPLyZQ=">>} (eturnal_ctl:call/1:445)
2025-03-24 12:16:57.633393+00:00 [debug] Handling API call: get_password("Invalid") (eturnal_ctl:get_password/1:79)
2025-03-24 12:16:57.633518+00:00 [debug] eturnal call ({get_password,<<"Invalid">>}) returned {error,no_credentials} (eturnal_ctl:call/1:448)
2025-03-24 12:16:57.633645+00:00 [debug] Handling API call: get_credentials("Invalid", []) (eturnal_ctl:get_credentials/2:60)
2025-03-24 12:16:57.633735+00:00 [debug] Invalid argument(s): "Invalid":[] (eturnal_ctl:get_credentials/2:73)
2025-03-24 12:16:57.633845+00:00 [debug] Handling API call: get_password(invalid) (eturnal_ctl:get_password/1:79)
2025-03-24 12:16:57.633944+00:00 [debug] Cannot convert user name to binary: invalid (eturnal_ctl:get_password/1:94)
2025-03-24 12:16:57.634011+00:00 [debug] Handling API call: get_credentials(invalid, []) (eturnal_ctl:get_credentials/2:60)
2025-03-24 12:16:57.634114+00:00 [debug] Invalid argument(s): invalid:[] (eturnal_ctl:get_credentials/2:73)
2025-03-24 12:16:57.634190+00:00 [debug] Handling API call: get_password([invalid]) (eturnal_ctl:get_password/1:79)
2025-03-24 12:16:57.634275+00:00 [debug] Cannot convert user name to binary: [invalid] (eturnal_ctl:get_password/1:94)
2025-03-24 12:16:57.634353+00:00 [debug] Handling API call: get_credentials([invalid], []) (eturnal_ctl:get_credentials/2:60)
2025-03-24 12:16:57.634449+00:00 [debug] Invalid argument(s): [invalid]:[] (eturnal_ctl:get_credentials/2:73)
2025-03-24 12:16:57.634567+00:00 [debug] Handling API call: get_credentials(1256900400, invalid) (eturnal_ctl:get_credentials/2:60)
2025-03-24 12:16:57.634665+00:00 [debug] Invalid argument(s): 1256900400:invalid (eturnal_ctl:get_credentials/2:73)
2025-03-24 12:16:57.634770+00:00 [debug] Handling API call: get_password("alice") (eturnal_ctl:get_password/1:79)
2025-03-24 12:16:57.634851+00:00 [debug] eturnal call ({get_password,<<"alice">>}) returned {ok,<<"l0vesBob">>} (eturnal_ctl:call/1:445)
2025-03-24 12:16:57.658410+00:00 [debug] Handling API call: set_loglevel(debug) (eturnal_ctl:set_loglevel/1:169)
2025-03-24 12:16:57.658639+00:00 [debug] eturnal call ({set_loglevel,debug}) returned ok (eturnal_ctl:call/1:442)
2025-03-24 12:16:57.658855+00:00 [debug] Handling API call: get_loglevel() (eturnal_ctl:get_loglevel/0:159)
2025-03-24 12:16:57.658958+00:00 [debug] eturnal call (get_loglevel) returned {ok,debug} (eturnal_ctl:call/1:445)
2025-03-24 12:16:57.659110+00:00 [debug] Handling API call: set_loglevel(invalid) (eturnal_ctl:set_loglevel/1:169)
2025-03-24 12:16:57.659193+00:00 [debug] Invalid log level: invalid (eturnal_ctl:set_loglevel/1:179)
2025-03-24 12:16:57.659330+00:00 [debug] Handling API call: get_loglevel() (eturnal_ctl:get_loglevel/0:159)
2025-03-24 12:16:57.659465+00:00 [debug] eturnal call (get_loglevel) returned {ok,debug} (eturnal_ctl:call/1:445)
2025-03-24 12:16:57.683287+00:00 [debug] Handling API call: get_version() (eturnal_ctl:get_version/0:149)
2025-03-24 12:16:57.683442+00:00 [debug] eturnal call (get_version) returned {ok,<<"1.12.1">>} (eturnal_ctl:call/1:445)
2025-03-24 12:16:57.707267+00:00 [debug] Handling API call: reload() (eturnal_ctl:reload/0:204)
2025-03-24 12:16:57.709258+00:00 [debug] Calling mod_log_stun:options/0 (eturnal_module:options/1:192)
2025-03-24 12:16:57.709360+00:00 [debug] Calling mod_stats_influx:options/0 (eturnal_module:options/1:192)
2025-03-24 12:16:57.709453+00:00 [debug] Calling mod_stats_prometheus:options/0 (eturnal_module:options/1:192)
2025-03-24 12:16:57.710022+00:00 [warning] TLS enabled without 'tls_crt_file', creating self-signed certificate (eturnal:check_pem_file/0:806)
2025-03-24 12:16:57.883306+00:00 [info] Using new TLS certificate (eturnal:reload/1:631)
2025-03-24 12:16:57.884698+00:00 [debug] Calling mod_stats_influx:stop/1 (eturnal_module:stop/1:163)
2025-03-24 12:16:57.884849+00:00 [debug] Stopping mod_stats_influx (mod_stats_influx:stop/0:61)
2025-03-24 12:16:57.884946+00:00 [info] Stopped mod_stats_influx (eturnal:stop_modules/1:398)
2025-03-24 12:16:57.886750+00:00 [debug] Calling mod_log_stun:stop/1 (eturnal_module:stop/1:163)
2025-03-24 12:16:57.886867+00:00 [debug] Stopping mod_log_stun (mod_log_stun:stop/0:49)
2025-03-24 12:16:57.886954+00:00 [info] Stopped mod_log_stun (eturnal:stop_modules/1:398)
2025-03-24 12:16:57.890318+00:00 [debug] Calling mod_stats_prometheus:stop/1 (eturnal_module:stop/1:163)
2025-03-24 12:16:57.890469+00:00 [debug] Stopping mod_stats_prometheus (mod_stats_prometheus:stop/0:110)
2025-03-24 12:16:57.890844+00:00 [info] Stopped mod_stats_prometheus (eturnal:stop_modules/1:398)
2025-03-24 12:16:57.890947+00:00 [debug] Calling mod_stats_influx:start/0 (eturnal_module:start/1:143)
2025-03-24 12:16:57.891013+00:00 [debug] Starting mod_stats_influx (mod_stats_influx:start/0:37)
2025-03-24 12:16:57.891140+00:00 [debug] Dependency influx_udp was available already (eturnal_module:ensure_dep/2:284)
2025-03-24 12:16:57.891438+00:00 [info]     options: #{port => 8089,host => "localhost",pool_size => 1,
               max_overflow => 1}
    msg: Start clients pool
    host: {127,0,0,1} (influx_udp:start_pool_/2:239)
2025-03-24 12:16:57.893119+00:00 [info] Started mod_stats_influx (eturnal:start_modules/0:385)
2025-03-24 12:16:57.893239+00:00 [debug] Calling mod_log_stun:start/0 (eturnal_module:start/1:143)
2025-03-24 12:16:57.893322+00:00 [debug] Starting mod_log_stun (mod_log_stun:start/0:38)
2025-03-24 12:16:57.894278+00:00 [info] Started mod_log_stun (eturnal:start_modules/0:385)
2025-03-24 12:16:57.894380+00:00 [debug] Calling mod_stats_prometheus:start/0 (eturnal_module:start/1:143)
2025-03-24 12:16:57.894466+00:00 [debug] Starting mod_stats_prometheus (mod_stats_prometheus:start/0:56)
2025-03-24 12:16:57.894713+00:00 [debug] Dependency prometheus_httpd was available already (eturnal_module:ensure_dep/2:284)
2025-03-24 12:16:57.895249+00:00 [debug] PROGRESS REPORT:
    supervisor: {local,httpd_instance_sup__127_0_0_1__9081default}
    started: [{pid,<0.1196.0>},
              {id,{httpd_connection_sup,{127,0,0,1},9081,default}},
              {mfargs,{httpd_connection_sup,start_link,[[{127,0,0,1},9081]]}},
              {restart_type,permanent},
              {significant,false},
              {shutdown,5000},
              {child_type,supervisor}]
 (supervisor:report_progress/3:2135)
2025-03-24 12:16:57.895405+00:00 [debug] PROGRESS REPORT:
    supervisor: {local,httpd_instance_sup__127_0_0_1__9081default}
    started: [{pid,<0.1197.0>},
              {id,{httpd_misc_sup,{127,0,0,1},9081,default}},
              {mfargs,{httpd_misc_sup,start_link,[{127,0,0,1},9081,default]}},
              {restart_type,permanent},
              {significant,false},
              {shutdown,infinity},
              {child_type,supervisor}]
 (supervisor:report_progress/3:2135)
2025-03-24 12:16:57.895672+00:00 [debug] PROGRESS REPORT:
    supervisor: {local,httpd_instance_sup__127_0_0_1__9081default}
    started: [{pid,<0.1198.0>},
              {id,{httpd_manager,{127,0,0,1},9081,default}},
              {mfargs,
                  {httpd_manager,start_link,
                      [undefined,
                       [{bind_address,{127,0,0,1}},
                        {socket_type,ip_comm},
                        {port,9081},
                        {server_root,"run/mod_stats_prometheus/doc"},
                        {document_root,"run/mod_stats_prometheus/doc"},
                        {server_name,"Prometheus Exporter"},
                        {modules,[prometheus_httpd]}],
                       15000]}},
              {restart_type,permanent},
              {significant,false},
              {shutdown,4000},
              {child_type,worker}]
 (supervisor:report_progress/3:2135)
2025-03-24 12:16:57.896010+00:00 [debug] PROGRESS REPORT:
    supervisor: {local,httpd_acceptor_sup__127_0_0_1__9081default}
    started: [{pid,<0.1200.0>},
              {id,{httpd_acceptor_sup,{127,0,0,1},9081,default}},
              {mfargs,{httpd_acceptor,start_link,
                                      [httpd__127_0_0_1__9081default,ip_comm,
                                       {127,0,0,1},
                                       9081,inet,
                                       httpd_conf__127_0_0_1__9081default,
                                       15000]}},
              {restart_type,transient},
              {significant,false},
              {shutdown,brutal_kill},
              {child_type,worker}]
 (supervisor:report_progress/3:2135)
2025-03-24 12:16:57.896160+00:00 [debug] PROGRESS REPORT:
    supervisor: {local,httpd_instance_sup__127_0_0_1__9081default}
    started: [{pid,<0.1199.0>},
              {id,{httpd_acceptor_sup,{127,0,0,1},9081,default}},
              {mfargs,
                  {httpd_acceptor_sup,start_link,
                      [[{127,0,0,1},
                        9081,
                        [{bind_address,{127,0,0,1}},
                         {socket_type,ip_comm},
                         {port,9081},
                         {server_root,"run/mod_stats_prometheus/doc"},
                         {document_root,"run/mod_stats_prometheus/doc"},
                         {server_name,"Prometheus Exporter"},
                         {modules,[prometheus_httpd]}],
                        15000,undefined]]}},
              {restart_type,permanent},
              {significant,false},
              {shutdown,infinity},
              {child_type,supervisor}]
 (supervisor:report_progress/3:2135)
2025-03-24 12:16:57.896288+00:00 [debug] PROGRESS REPORT:
    supervisor: {local,httpd_sup}
    started: [{pid,<0.1195.0>},
              {id,{httpd_instance_sup,{127,0,0,1},9081,default}},
              {mfargs,
                  {httpd_instance_sup,start_link,
                      [[{bind_address,{127,0,0,1}},
                        {socket_type,ip_comm},
                        {port,9081},
                        {server_root,"run/mod_stats_prometheus/doc"},
                        {document_root,"run/mod_stats_prometheus/doc"},
                        {server_name,"Prometheus Exporter"},
                        {modules,[prometheus_httpd]}],
                       15000,[]]}},
              {restart_type,permanent},
              {significant,false},
              {shutdown,infinity},
              {child_type,supervisor}]
 (supervisor:report_progress/3:2145)
2025-03-24 12:16:57.899814+00:00 [info] Started mod_stats_prometheus (eturnal:start_modules/0:385)
2025-03-24 12:16:57.900008+00:00 [debug] Restarted modules (eturnal:reload/1:639)
2025-03-24 12:16:57.900096+00:00 [debug] eturnal call (reload) returned ok (eturnal_ctl:call/1:442)
2025-03-24 12:16:57.900455+00:00 [debug] Handling API call: reload() (eturnal_ctl:reload/0:204)
2025-03-24 12:16:57.902366+00:00 [debug] Calling mod_log_stun:options/0 (eturnal_module:options/1:192)
2025-03-24 12:16:57.902492+00:00 [debug] Calling mod_stats_influx:options/0 (eturnal_module:options/1:192)
2025-03-24 12:16:57.902993+00:00 [debug] Calling mod_stats_prometheus:options/0 (eturnal_module:options/1:192)
2025-03-24 12:16:57.903716+00:00 [debug] Keeping PEM file (run/cert.pem) (eturnal:check_pem_file/0:803)
2025-03-24 12:16:57.903848+00:00 [debug] TLS certificate unchanged (eturnal:reload/1:633)
2025-03-24 12:16:57.905988+00:00 [debug] Calling mod_stats_influx:stop/1 (eturnal_module:stop/1:163)
2025-03-24 12:16:57.906109+00:00 [debug] Stopping mod_stats_influx (mod_stats_influx:stop/0:61)
2025-03-24 12:16:57.906220+00:00 [info] Stopped mod_stats_influx (eturnal:stop_modules/1:398)
2025-03-24 12:16:57.907871+00:00 [debug] Calling mod_log_stun:stop/1 (eturnal_module:stop/1:163)
2025-03-24 12:16:57.907987+00:00 [debug] Stopping mod_log_stun (mod_log_stun:stop/0:49)
2025-03-24 12:16:57.908081+00:00 [info] Stopped mod_log_stun (eturnal:stop_modules/1:398)
2025-03-24 12:16:57.912405+00:00 [debug] Calling mod_stats_prometheus:stop/1 (eturnal_module:stop/1:163)
2025-03-24 12:16:57.912596+00:00 [debug] Stopping mod_stats_prometheus (mod_stats_prometheus:stop/0:110)
2025-03-24 12:16:57.912991+00:00 [info] Stopped mod_stats_prometheus (eturnal:stop_modules/1:398)
2025-03-24 12:16:57.913159+00:00 [debug] Calling mod_stats_influx:start/0 (eturnal_module:start/1:143)
2025-03-24 12:16:57.913293+00:00 [debug] Starting mod_stats_influx (mod_stats_influx:start/0:37)
2025-03-24 12:16:57.913388+00:00 [debug] Dependency influx_udp was available already (eturnal_module:ensure_dep/2:284)
2025-03-24 12:16:57.913649+00:00 [info]     options: #{port => 8089,host => "localhost",pool_size => 1,
               max_overflow => 1}
    msg: Start clients pool
    host: {127,0,0,1} (influx_udp:start_pool_/2:239)
2025-03-24 12:16:57.915581+00:00 [info] Started mod_stats_influx (eturnal:start_modules/0:385)
2025-03-24 12:16:57.915689+00:00 [debug] Calling mod_log_stun:start/0 (eturnal_module:start/1:143)
2025-03-24 12:16:57.915763+00:00 [debug] Starting mod_log_stun (mod_log_stun:start/0:38)
2025-03-24 12:16:57.916649+00:00 [info] Started mod_log_stun (eturnal:start_modules/0:385)
2025-03-24 12:16:57.916762+00:00 [debug] Calling mod_stats_prometheus:start/0 (eturnal_module:start/1:143)
2025-03-24 12:16:57.916905+00:00 [debug] Starting mod_stats_prometheus (mod_stats_prometheus:start/0:56)
2025-03-24 12:16:57.917017+00:00 [debug] Dependency prometheus_httpd was available already (eturnal_module:ensure_dep/2:284)
2025-03-24 12:16:57.917539+00:00 [debug] PROGRESS REPORT:
    supervisor: {local,httpd_instance_sup__127_0_0_1__9081default}
    started: [{pid,<0.1231.0>},
              {id,{httpd_connection_sup,{127,0,0,1},9081,default}},
              {mfargs,{httpd_connection_sup,start_link,[[{127,0,0,1},9081]]}},
              {restart_type,permanent},
              {significant,false},
              {shutdown,5000},
              {child_type,supervisor}]
 (supervisor:report_progress/3:2135)
2025-03-24 12:16:57.917689+00:00 [debug] PROGRESS REPORT:
    supervisor: {local,httpd_instance_sup__127_0_0_1__9081default}
    started: [{pid,<0.1232.0>},
              {id,{httpd_misc_sup,{127,0,0,1},9081,default}},
              {mfargs,{httpd_misc_sup,start_link,[{127,0,0,1},9081,default]}},
              {restart_type,permanent},
              {significant,false},
              {shutdown,infinity},
              {child_type,supervisor}]
 (supervisor:report_progress/3:2135)
2025-03-24 12:16:57.918001+00:00 [debug] PROGRESS REPORT:
    supervisor: {local,httpd_instance_sup__127_0_0_1__9081default}
    started: [{pid,<0.1233.0>},
              {id,{httpd_manager,{127,0,0,1},9081,default}},
              {mfargs,
                  {httpd_manager,start_link,
                      [undefined,
                       [{bind_address,{127,0,0,1}},
                        {socket_type,ip_comm},
                        {port,9081},
                        {server_root,"run/mod_stats_prometheus/doc"},
                        {document_root,"run/mod_stats_prometheus/doc"},
                        {server_name,"Prometheus Exporter"},
                        {modules,[prometheus_httpd]}],
                       15000]}},
              {restart_type,permanent},
              {significant,false},
              {shutdown,4000},
              {child_type,worker}]
 (supervisor:report_progress/3:2135)
2025-03-24 12:16:57.918393+00:00 [debug] PROGRESS REPORT:
    supervisor: {local,httpd_acceptor_sup__127_0_0_1__9081default}
    started: [{pid,<0.1235.0>},
              {id,{httpd_acceptor_sup,{127,0,0,1},9081,default}},
              {mfargs,{httpd_acceptor,start_link,
                                      [httpd__127_0_0_1__9081default,ip_comm,
                                       {127,0,0,1},
                                       9081,inet,
                                       httpd_conf__127_0_0_1__9081default,
                                       15000]}},
              {restart_type,transient},
              {significant,false},
              {shutdown,brutal_kill},
              {child_type,worker}]
 (supervisor:report_progress/3:2135)
2025-03-24 12:16:57.918528+00:00 [debug] PROGRESS REPORT:
    supervisor: {local,httpd_instance_sup__127_0_0_1__9081default}
    started: [{pid,<0.1234.0>},
              {id,{httpd_acceptor_sup,{127,0,0,1},9081,default}},
              {mfargs,
                  {httpd_acceptor_sup,start_link,
                      [[{127,0,0,1},
                        9081,
                        [{bind_address,{127,0,0,1}},
                         {socket_type,ip_comm},
                         {port,9081},
                         {server_root,"run/mod_stats_prometheus/doc"},
                         {document_root,"run/mod_stats_prometheus/doc"},
                         {server_name,"Prometheus Exporter"},
                         {modules,[prometheus_httpd]}],
                        15000,undefined]]}},
              {restart_type,permanent},
              {significant,false},
              {shutdown,infinity},
              {child_type,supervisor}]
 (supervisor:report_progress/3:2135)
2025-03-24 12:16:57.918671+00:00 [debug] PROGRESS REPORT:
    supervisor: {local,httpd_sup}
    started: [{pid,<0.1230.0>},
              {id,{httpd_instance_sup,{127,0,0,1},9081,default}},
              {mfargs,
                  {httpd_instance_sup,start_link,
                      [[{bind_address,{127,0,0,1}},
                        {socket_type,ip_comm},
                        {port,9081},
                        {server_root,"run/mod_stats_prometheus/doc"},
                        {document_root,"run/mod_stats_prometheus/doc"},
                        {server_name,"Prometheus Exporter"},
                        {modules,[prometheus_httpd]}],
                       15000,[]]}},
              {restart_type,permanent},
              {significant,false},
              {shutdown,infinity},
              {child_type,supervisor}]
 (supervisor:report_progress/3:2145)
2025-03-24 12:16:57.920512+00:00 [info] Started mod_stats_prometheus (eturnal:start_modules/0:385)
2025-03-24 12:16:57.920730+00:00 [debug] Restarted modules (eturnal:reload/1:639)
2025-03-24 12:16:57.920827+00:00 [debug] eturnal call (reload) returned ok (eturnal_ctl:call/1:442)
2025-03-24 12:16:57.945458+00:00 [info] Accepting connection: 127.0.0.1:44722 -> 127.0.0.1:34780 [TCP, session ljt12x9k1enn] (stun_acceptor:accept/3:158)
2025-03-24 12:16:57.968912+00:00 [info] Accepting connection: 127.0.0.1:57488 -> 127.0.0.1:53490 [TLS, session exqqd8ylqawf] (stun_acceptor:accept/3:158)
2025-03-24 12:16:58.001298+00:00 [debug] Received:
#stun{class = request,method = 3,magic = 554869826,
      trid = 38407485336987913853852348167,raw = <<>>,unsupported = [],
      'ALTERNATE-SERVER' = undefined,'CHANNEL-NUMBER' = undefined,
      'DATA' = undefined,'DONT-FRAGMENT' = false,'ERROR-CODE' = undefined,
      'LIFETIME' = undefined,'MAPPED-ADDRESS' = undefined,
      'MESSAGE-INTEGRITY' = undefined,'NONCE' = undefined,'REALM' = undefined,
      'REQUESTED-ADDRESS-FAMILY' = undefined,
      'REQUESTED-TRANSPORT' = undefined,'SOFTWARE' = undefined,
      'UNKNOWN-ATTRIBUTES' = [],'USERNAME' = undefined,
      'XOR-MAPPED-ADDRESS' = undefined,'XOR-PEER-ADDRESS' = [],
      'XOR-RELAYED-ADDRESS' = undefined} (stun:udp_recv/5:114)
2025-03-24 12:16:58.001508+00:00 [debug] Sending:
#stun{class = error,method = 3,magic = 554869826,
      trid = 38407485336987913853852348167,raw = <<>>,unsupported = [],
      'ALTERNATE-SERVER' = undefined,'CHANNEL-NUMBER' = undefined,
      'DATA' = undefined,'DONT-FRAGMENT' = false,
      'ERROR-CODE' = {401,<<"Unauthorized">>},
      'LIFETIME' = undefined,'MAPPED-ADDRESS' = undefined,
      'MESSAGE-INTEGRITY' = undefined,'NONCE' = <<"2595666423">>,
      'REALM' = <<"eturnal.net">>,'REQUESTED-ADDRESS-FAMILY' = undefined,
      'REQUESTED-TRANSPORT' = undefined,'SOFTWARE' = <<"eturnal">>,
      'UNKNOWN-ATTRIBUTES' = [],'USERNAME' = undefined,
      'XOR-MAPPED-ADDRESS' = undefined,'XOR-PEER-ADDRESS' = [],
      'XOR-RELAYED-ADDRESS' = undefined} (stun:send/3:466)
2025-03-24 12:16:58.001816+00:00 [debug] Received:
#stun{class = request,method = 3,magic = 554869826,
      trid = 40372701310248026451677568320,
      raw = <<0,3,0,76,33,18,164,66,130,115,132,11,123,229,17,239,230,92,93,64,
              0,25,0,4,17,0,0,0,0,6,0,5,97,108,105,99,101,0,0,0,0,20,0,11,101,
              116,117,114,110,97,108,46,110,101,116,0,0,21,0,10,50,53,57,53,54,
              54,54,52,50,51,0,0>>,
      unsupported = [],'ALTERNATE-SERVER' = undefined,
      'CHANNEL-NUMBER' = undefined,'DATA' = undefined,'DONT-FRAGMENT' = false,
      'ERROR-CODE' = undefined,'LIFETIME' = undefined,
      'MAPPED-ADDRESS' = undefined,
      'MESSAGE-INTEGRITY' = <<43,217,2,21,172,151,147,3,48,113,102,42,94,226,
                              217,8,41,64,25,114>>,
      'NONCE' = <<"2595666423">>,'REALM' = <<"eturnal.net">>,
      'REQUESTED-ADDRESS-FAMILY' = undefined,'REQUESTED-TRANSPORT' = udp,
      'SOFTWARE' = undefined,'UNKNOWN-ATTRIBUTES' = [],
      'USERNAME' = <<"alice">>,'XOR-MAPPED-ADDRESS' = undefined,
      'XOR-PEER-ADDRESS' = [],'XOR-RELAYED-ADDRESS' = undefined} (stun:udp_recv/5:114)
2025-03-24 12:16:58.001961+00:00 [debug] Looking up password for: alice [UDP, session wvdz237h9l6p, user alice, client 127.0.0.1:34599] (eturnal:get_password/2:259)
2025-03-24 12:16:58.002014+00:00 [info] Accepting long-term STUN/TURN authentication [UDP, session wvdz237h9l6p, user alice, client 127.0.0.1:34599] (stun:process/2:255)
2025-03-24 12:16:58.004537+00:00 [debug] Running 'turn_session_start' hook [UDP, session wvdz237h9l6p, user alice, client 127.0.0.1:34599] (turn:run_hook/3:753)
2025-03-24 12:16:58.004609+00:00 [debug] Got 'turn_session_start' event [UDP, session wvdz237h9l6p, user alice, client 127.0.0.1:34599] (eturnal_module:handle_event/2:177)
2025-03-24 12:16:58.004643+00:00 [debug] Calling mod_stats_prometheus:handle_event/2 [UDP, session wvdz237h9l6p, user alice, client 127.0.0.1:34599] (eturnal_module:handle_event/2:180)
2025-03-24 12:16:58.004695+00:00 [debug] Observing started TURN session wvdz237h9l6p for Prometheus [UDP, session wvdz237h9l6p, user alice, client 127.0.0.1:34599] (mod_stats_prometheus:on_turn_session_start/1:174)
2025-03-24 12:16:58.004900+00:00 [notice] Creating TURN allocation (lifetime: 600 seconds) [UDP, session wvdz237h9l6p, user alice, client 127.0.0.1:34599, relay 127.0.0.1:61552] (turn:wait_for_allocate/2:226)
2025-03-24 12:16:58.005008+00:00 [debug] Sending:
#stun{class = response,method = 3,magic = 554869826,
      trid = 40372701310248026451677568320,raw = <<>>,unsupported = [],
      'ALTERNATE-SERVER' = undefined,'CHANNEL-NUMBER' = undefined,
      'DATA' = undefined,'DONT-FRAGMENT' = false,'ERROR-CODE' = undefined,
      'LIFETIME' = 600,'MAPPED-ADDRESS' = undefined,
      'MESSAGE-INTEGRITY' = undefined,'NONCE' = undefined,'REALM' = undefined,
      'REQUESTED-ADDRESS-FAMILY' = undefined,
      'REQUESTED-TRANSPORT' = undefined,'SOFTWARE' = <<"eturnal">>,
      'UNKNOWN-ATTRIBUTES' = [],'USERNAME' = undefined,
      'XOR-MAPPED-ADDRESS' = {{127,0,0,1},34599},
      'XOR-PEER-ADDRESS' = [],
      'XOR-RELAYED-ADDRESS' = {{127,0,0,1},61552}} (turn:send/2:549)
2025-03-24 12:16:58.005333+00:00 [debug] Received:
#stun{class = request,method = 4,magic = 554869826,
      trid = 31084773467254708206457896259,
      raw = <<0,4,0,76,33,18,164,66,100,112,184,210,56,138,173,80,39,216,189,
              67,0,6,0,5,97,108,105,99,101,0,0,0,0,20,0,11,101,116,117,114,110,
              97,108,46,110,101,116,0,0,21,0,10,50,53,57,53,54,54,54,52,50,51,
              0,0,0,13,0,4,0,0,0,0>>,
      unsupported = [],'ALTERNATE-SERVER' = undefined,
      'CHANNEL-NUMBER' = undefined,'DATA' = undefined,'DONT-FRAGMENT' = false,
      'ERROR-CODE' = undefined,'LIFETIME' = 0,'MAPPED-ADDRESS' = undefined,
      'MESSAGE-INTEGRITY' = <<4,19,231,146,28,85,121,200,205,236,149,85,242,
                              228,189,67,136,87,206,50>>,
      'NONCE' = <<"2595666423">>,'REALM' = <<"eturnal.net">>,
      'REQUESTED-ADDRESS-FAMILY' = undefined,
      'REQUESTED-TRANSPORT' = undefined,'SOFTWARE' = undefined,
      'UNKNOWN-ATTRIBUTES' = [],'USERNAME' = <<"alice">>,
      'XOR-MAPPED-ADDRESS' = undefined,'XOR-PEER-ADDRESS' = [],
      'XOR-RELAYED-ADDRESS' = undefined} (stun:udp_recv/5:114)
2025-03-24 12:16:58.005452+00:00 [debug] Looking up password for: alice [UDP, session 2tb137kh6p14, user alice, client 127.0.0.1:34599] (eturnal:get_password/2:259)
2025-03-24 12:16:58.005525+00:00 [info] Accepting long-term STUN/TURN authentication [UDP, session 2tb137kh6p14, user alice, client 127.0.0.1:34599] (stun:process/2:255)
2025-03-24 12:16:58.005592+00:00 [info] Client requested closing the TURN session [UDP, session wvdz237h9l6p, user alice, client 127.0.0.1:34599, relay 127.0.0.1:61552] (turn:active/2:285)
2025-03-24 12:16:58.005658+00:00 [debug] Sending:
#stun{class = response,method = 4,magic = 554869826,
      trid = 31084773467254708206457896259,raw = <<>>,unsupported = [],
      'ALTERNATE-SERVER' = undefined,'CHANNEL-NUMBER' = undefined,
      'DATA' = undefined,'DONT-FRAGMENT' = false,'ERROR-CODE' = undefined,
      'LIFETIME' = 0,'MAPPED-ADDRESS' = undefined,
      'MESSAGE-INTEGRITY' = undefined,'NONCE' = undefined,'REALM' = undefined,
      'REQUESTED-ADDRESS-FAMILY' = undefined,
      'REQUESTED-TRANSPORT' = undefined,'SOFTWARE' = <<"eturnal">>,
      'UNKNOWN-ATTRIBUTES' = [],'USERNAME' = undefined,
      'XOR-MAPPED-ADDRESS' = undefined,'XOR-PEER-ADDRESS' = [],
      'XOR-RELAYED-ADDRESS' = undefined} (turn:send/2:549)
2025-03-24 12:16:58.005774+00:00 [info] Deleting TURN allocation [UDP, session wvdz237h9l6p, user alice, client 127.0.0.1:34599, relay 127.0.0.1:61552] (turn:terminate/3:482)
2025-03-24 12:16:58.005858+00:00 [notice] Relayed 0 KiB (in 0 B / 0 packets, out 0 B / 0 packets), duration: 0 seconds [UDP, session wvdz237h9l6p, user alice, client 127.0.0.1:34599, relay 127.0.0.1:61552] (turn:terminate/3:489)
2025-03-24 12:16:58.005948+00:00 [debug] Running 'turn_session_stop' hook [UDP, session wvdz237h9l6p, user alice, client 127.0.0.1:34599, relay 127.0.0.1:61552] (turn:run_hook/3:753)
2025-03-24 12:16:58.006033+00:00 [debug] Got 'turn_session_stop' event [UDP, session wvdz237h9l6p, user alice, client 127.0.0.1:34599, relay 127.0.0.1:61552] (eturnal_module:handle_event/2:177)
2025-03-24 12:16:58.006098+00:00 [debug] Calling mod_stats_influx:handle_event/2 [UDP, session wvdz237h9l6p, user alice, client 127.0.0.1:34599, relay 127.0.0.1:61552] (eturnal_module:handle_event/2:180)
2025-03-24 12:16:58.006150+00:00 [debug] Writing stats of TURN session wvdz237h9l6p to InfluxDB [UDP, session wvdz237h9l6p, user alice, client 127.0.0.1:34599, relay 127.0.0.1:61552] (mod_stats_influx:on_turn_session_stop/1:87)
2025-03-24 12:16:58.006168+00:00 [debug] Received:
#stun{class = request,method = 3,magic = 554869826,
      trid = 70825862990800346834931128776,raw = <<>>,unsupported = [],
      'ALTERNATE-SERVER' = undefined,'CHANNEL-NUMBER' = undefined,
      'DATA' = undefined,'DONT-FRAGMENT' = false,'ERROR-CODE' = undefined,
      'LIFETIME' = undefined,'MAPPED-ADDRESS' = undefined,
      'MESSAGE-INTEGRITY' = undefined,'NONCE' = undefined,'REALM' = undefined,
      'REQUESTED-ADDRESS-FAMILY' = undefined,
      'REQUESTED-TRANSPORT' = undefined,'SOFTWARE' = undefined,
      'UNKNOWN-ATTRIBUTES' = [],'USERNAME' = undefined,
      'XOR-MAPPED-ADDRESS' = undefined,'XOR-PEER-ADDRESS' = [],
      'XOR-RELAYED-ADDRESS' = undefined} (stun:udp_recv/5:114)
2025-03-24 12:16:58.006315+00:00 [debug] Sending:
#stun{class = error,method = 3,magic = 554869826,
      trid = 70825862990800346834931128776,raw = <<>>,unsupported = [],
      'ALTERNATE-SERVER' = undefined,'CHANNEL-NUMBER' = undefined,
      'DATA' = undefined,'DONT-FRAGMENT' = false,
      'ERROR-CODE' = {401,<<"Unauthorized">>},
      'LIFETIME' = undefined,'MAPPED-ADDRESS' = undefined,
      'MESSAGE-INTEGRITY' = undefined,'NONCE' = <<"4215229500">>,
      'REALM' = <<"eturnal.net">>,'REQUESTED-ADDRESS-FAMILY' = undefined,
      'REQUESTED-TRANSPORT' = undefined,'SOFTWARE' = <<"eturnal">>,
      'UNKNOWN-ATTRIBUTES' = [],'USERNAME' = undefined,
      'XOR-MAPPED-ADDRESS' = undefined,'XOR-PEER-ADDRESS' = [],
      'XOR-RELAYED-ADDRESS' = undefined} (stun:send/3:466)
2025-03-24 12:16:58.006637+00:00 [debug] Received:
#stun{class = request,method = 3,magic = 554869826,
      trid = 18262337612977181290368225222,
      raw = <<0,3,0,80,33,18,164,66,59,2,64,105,187,144,235,166,31,62,79,198,0,
              25,0,4,17,0,0,0,0,6,0,10,50,49,52,53,57,49,51,50,48,48,0,0,0,20,
              0,11,101,116,117,114,110,97,108,46,110,101,116,0,0,21,0,10,52,50,
              49,53,50,50,57,53,48,48,0,0>>,
      unsupported = [],'ALTERNATE-SERVER' = undefined,
      'CHANNEL-NUMBER' = undefined,'DATA' = undefined,'DONT-FRAGMENT' = false,
      'ERROR-CODE' = undefined,'LIFETIME' = undefined,
      'MAPPED-ADDRESS' = undefined,
      'MESSAGE-INTEGRITY' = <<25,109,132,173,24,27,28,199,205,190,155,81,219,
                              122,166,84,126,202,229,29>>,
      'NONCE' = <<"4215229500">>,'REALM' = <<"eturnal.net">>,
      'REQUESTED-ADDRESS-FAMILY' = undefined,'REQUESTED-TRANSPORT' = udp,
      'SOFTWARE' = undefined,'UNKNOWN-ATTRIBUTES' = [],
      'USERNAME' = <<"2145913200">>,'XOR-MAPPED-ADDRESS' = undefined,
      'XOR-PEER-ADDRESS' = [],'XOR-RELAYED-ADDRESS' = undefined} (stun:udp_recv/5:114)
2025-03-24 12:16:58.006777+00:00 [debug] Deriving password for: 2145913200 [UDP, session s220bxum2g4w, user 2145913200, client 127.0.0.1:52918] (eturnal:get_password/2:245)
2025-03-24 12:16:58.006850+00:00 [info] Accepting long-term STUN/TURN authentication [UDP, session s220bxum2g4w, user 2145913200, client 127.0.0.1:52918] (stun:process/2:255)
2025-03-24 12:16:58.006964+00:00 [debug] Running 'turn_session_start' hook [UDP, session s220bxum2g4w, user 2145913200, client 127.0.0.1:52918] (turn:run_hook/3:753)
2025-03-24 12:16:58.007042+00:00 [debug] Got 'turn_session_start' event [UDP, session s220bxum2g4w, user 2145913200, client 127.0.0.1:52918] (eturnal_module:handle_event/2:177)
2025-03-24 12:16:58.007095+00:00 [debug] Calling mod_stats_prometheus:handle_event/2 [UDP, session s220bxum2g4w, user 2145913200, client 127.0.0.1:52918] (eturnal_module:handle_event/2:180)
2025-03-24 12:16:58.007153+00:00 [debug] Observing started TURN session s220bxum2g4w for Prometheus [UDP, session s220bxum2g4w, user 2145913200, client 127.0.0.1:52918] (mod_stats_prometheus:on_turn_session_start/1:174)
2025-03-24 12:16:58.007365+00:00 [notice] Creating TURN allocation (lifetime: 600 seconds) [UDP, session s220bxum2g4w, user 2145913200, client 127.0.0.1:52918, relay 127.0.0.1:60295] (turn:wait_for_allocate/2:226)
2025-03-24 12:16:58.007496+00:00 [debug] Sending:
#stun{class = response,method = 3,magic = 554869826,
      trid = 18262337612977181290368225222,raw = <<>>,unsupported = [],
      'ALTERNATE-SERVER' = undefined,'CHANNEL-NUMBER' = undefined,
      'DATA' = undefined,'DONT-FRAGMENT' = false,'ERROR-CODE' = undefined,
      'LIFETIME' = 600,'MAPPED-ADDRESS' = undefined,
      'MESSAGE-INTEGRITY' = undefined,'NONCE' = undefined,'REALM' = undefined,
      'REQUESTED-ADDRESS-FAMILY' = undefined,
      'REQUESTED-TRANSPORT' = undefined,'SOFTWARE' = <<"eturnal">>,
      'UNKNOWN-ATTRIBUTES' = [],'USERNAME' = undefined,
      'XOR-MAPPED-ADDRESS' = {{127,0,0,1},52918},
      'XOR-PEER-ADDRESS' = [],
      'XOR-RELAYED-ADDRESS' = {{127,0,0,1},60295}} (turn:send/2:549)
2025-03-24 12:16:58.007839+00:00 [debug] Received:
#stun{class = request,method = 4,magic = 554869826,
      trid = 30552218451185190672647329911,
      raw = <<0,4,0,80,33,18,164,66,98,184,51,232,243,138,174,117,84,72,24,119,
              0,6,0,10,50,49,52,53,57,49,51,50,48,48,0,0,0,20,0,11,101,116,117,
              114,110,97,108,46,110,101,116,0,0,21,0,10,52,50,49,53,50,50,57,
              53,48,48,0,0,0,13,0,4,0,0,0,0>>,
      unsupported = [],'ALTERNATE-SERVER' = undefined,
      'CHANNEL-NUMBER' = undefined,'DATA' = undefined,'DONT-FRAGMENT' = false,
      'ERROR-CODE' = undefined,'LIFETIME' = 0,'MAPPED-ADDRESS' = undefined,
      'MESSAGE-INTEGRITY' = <<151,178,220,150,179,76,225,102,111,187,54,193,13,
                              26,95,145,166,189,75,80>>,
      'NONCE' = <<"4215229500">>,'REALM' = <<"eturnal.net">>,
      'REQUESTED-ADDRESS-FAMILY' = undefined,
      'REQUESTED-TRANSPORT' = undefined,'SOFTWARE' = undefined,
      'UNKNOWN-ATTRIBUTES' = [],'USERNAME' = <<"2145913200">>,
      'XOR-MAPPED-ADDRESS' = undefined,'XOR-PEER-ADDRESS' = [],
      'XOR-RELAYED-ADDRESS' = undefined} (stun:udp_recv/5:114)
2025-03-24 12:16:58.007958+00:00 [debug] Deriving password for: 2145913200 [UDP, session 1dqxbclfk39e, user 2145913200, client 127.0.0.1:52918] (eturnal:get_password/2:245)
2025-03-24 12:16:58.008024+00:00 [info] Accepting long-term STUN/TURN authentication [UDP, session 1dqxbclfk39e, user 2145913200, client 127.0.0.1:52918] (stun:process/2:255)
2025-03-24 12:16:58.008091+00:00 [info] Client requested closing the TURN session [UDP, session s220bxum2g4w, user 2145913200, client 127.0.0.1:52918, relay 127.0.0.1:60295] (turn:active/2:285)
2025-03-24 12:16:58.008201+00:00 [debug] Sending:
#stun{class = response,method = 4,magic = 554869826,
      trid = 30552218451185190672647329911,raw = <<>>,unsupported = [],
      'ALTERNATE-SERVER' = undefined,'CHANNEL-NUMBER' = undefined,
      'DATA' = undefined,'DONT-FRAGMENT' = false,'ERROR-CODE' = undefined,
      'LIFETIME' = 0,'MAPPED-ADDRESS' = undefined,
      'MESSAGE-INTEGRITY' = undefined,'NONCE' = undefined,'REALM' = undefined,
      'REQUESTED-ADDRESS-FAMILY' = undefined,
      'REQUESTED-TRANSPORT' = undefined,'SOFTWARE' = <<"eturnal">>,
      'UNKNOWN-ATTRIBUTES' = [],'USERNAME' = undefined,
      'XOR-MAPPED-ADDRESS' = undefined,'XOR-PEER-ADDRESS' = [],
      'XOR-RELAYED-ADDRESS' = undefined} (turn:send/2:549)
2025-03-24 12:16:58.008363+00:00 [info] Deleting TURN allocation [UDP, session s220bxum2g4w, user 2145913200, client 127.0.0.1:52918, relay 127.0.0.1:60295] (turn:terminate/3:482)
2025-03-24 12:16:58.008426+00:00 [notice] Relayed 0 KiB (in 0 B / 0 packets, out 0 B / 0 packets), duration: 0 seconds [UDP, session s220bxum2g4w, user 2145913200, client 127.0.0.1:52918, relay 127.0.0.1:60295] (turn:terminate/3:489)
2025-03-24 12:16:58.008509+00:00 [debug] Running 'turn_session_stop' hook [UDP, session s220bxum2g4w, user 2145913200, client 127.0.0.1:52918, relay 127.0.0.1:60295] (turn:run_hook/3:753)
2025-03-24 12:16:58.008560+00:00 [debug] Got 'turn_session_stop' event [UDP, session s220bxum2g4w, user 2145913200, client 127.0.0.1:52918, relay 127.0.0.1:60295] (eturnal_module:handle_event/2:177)
2025-03-24 12:16:58.008616+00:00 [debug] Calling mod_stats_influx:handle_event/2 [UDP, session s220bxum2g4w, user 2145913200, client 127.0.0.1:52918, relay 127.0.0.1:60295] (eturnal_module:handle_event/2:180)
2025-03-24 12:16:58.008676+00:00 [debug] Writing stats of TURN session s220bxum2g4w to InfluxDB [UDP, session s220bxum2g4w, user 2145913200, client 127.0.0.1:52918, relay 127.0.0.1:60295] (mod_stats_influx:on_turn_session_stop/1:87)
2025-03-24 12:16:58.008853+00:00 [debug] Calling mod_stats_prometheus:handle_event/2 [UDP, session wvdz237h9l6p, user alice, client 127.0.0.1:34599, relay 127.0.0.1:61552] (eturnal_module:handle_event/2:180)
2025-03-24 12:16:58.008921+00:00 [debug] Calling mod_stats_prometheus:handle_event/2 [UDP, session s220bxum2g4w, user 2145913200, client 127.0.0.1:52918, relay 127.0.0.1:60295] (eturnal_module:handle_event/2:180)
2025-03-24 12:16:58.008934+00:00 [debug] Observing stopped TURN session wvdz237h9l6p for Prometheus [UDP, session wvdz237h9l6p, user alice, client 127.0.0.1:34599, relay 127.0.0.1:61552] (mod_stats_prometheus:on_turn_session_stop/1:187)
2025-03-24 12:16:58.008973+00:00 [debug] Observing stopped TURN session s220bxum2g4w for Prometheus [UDP, session s220bxum2g4w, user 2145913200, client 127.0.0.1:52918, relay 127.0.0.1:60295] (mod_stats_prometheus:on_turn_session_stop/1:187)
2025-03-24 12:16:58.032661+00:00 [debug] Received:
#stun{class = request,method = 1,magic = 554869826,
      trid = 1429829737792693987988268907,raw = <<>>,unsupported = [],
      'ALTERNATE-SERVER' = undefined,'CHANNEL-NUMBER' = undefined,
      'DATA' = undefined,'DONT-FRAGMENT' = false,'ERROR-CODE' = undefined,
      'LIFETIME' = undefined,'MAPPED-ADDRESS' = undefined,
      'MESSAGE-INTEGRITY' = undefined,'NONCE' = undefined,'REALM' = undefined,
      'REQUESTED-ADDRESS-FAMILY' = undefined,
      'REQUESTED-TRANSPORT' = undefined,'SOFTWARE' = undefined,
      'UNKNOWN-ATTRIBUTES' = [],'USERNAME' = undefined,
      'XOR-MAPPED-ADDRESS' = undefined,'XOR-PEER-ADDRESS' = [],
      'XOR-RELAYED-ADDRESS' = undefined} (stun:udp_recv/5:114)
2025-03-24 12:16:58.032752+00:00 [debug] Responding to STUN request [UDP, session cnhv1rmtw0gw, anonymous, client 127.0.0.1:45330] (stun:process/4:323)
2025-03-24 12:16:58.032785+00:00 [debug] Running 'stun_query' hook [UDP, session cnhv1rmtw0gw, anonymous, client 127.0.0.1:45330] (stun:run_hook/3:891)
2025-03-24 12:16:58.032817+00:00 [debug] Got 'stun_query' event [UDP, session cnhv1rmtw0gw, anonymous, client 127.0.0.1:45330] (eturnal_module:handle_event/2:177)
2025-03-24 12:16:58.032859+00:00 [debug] Calling mod_log_stun:handle_event/2 [UDP, session cnhv1rmtw0gw, anonymous, client 127.0.0.1:45330] (eturnal_module:handle_event/2:180)
2025-03-24 12:16:58.032903+00:00 [info] Responding to STUN request [UDP, session cnhv1rmtw0gw, anonymous, client 127.0.0.1:45330] (mod_log_stun:handle_event/2:44)
2025-03-24 12:16:58.032936+00:00 [debug] Calling mod_stats_influx:handle_event/2 [UDP, session cnhv1rmtw0gw, anonymous, client 127.0.0.1:45330] (eturnal_module:handle_event/2:180)
2025-03-24 12:16:58.032969+00:00 [debug] Writing STUN query event to InfluxDB [UDP, session cnhv1rmtw0gw, anonymous, client 127.0.0.1:45330] (mod_stats_influx:on_stun_query/1:76)
2025-03-24 12:16:58.033118+00:00 [debug] Calling mod_stats_prometheus:handle_event/2 [UDP, session cnhv1rmtw0gw, anonymous, client 127.0.0.1:45330] (eturnal_module:handle_event/2:180)
2025-03-24 12:16:58.033161+00:00 [debug] Observing STUN query for Prometheus [UDP, session cnhv1rmtw0gw, anonymous, client 127.0.0.1:45330] (mod_stats_prometheus:on_stun_query/1:166)
2025-03-24 12:16:58.033230+00:00 [debug] Sending:
#stun{class = response,method = 1,magic = 554869826,
      trid = 1429829737792693987988268907,raw = <<>>,unsupported = [],
      'ALTERNATE-SERVER' = undefined,'CHANNEL-NUMBER' = undefined,
      'DATA' = undefined,'DONT-FRAGMENT' = false,'ERROR-CODE' = undefined,
      'LIFETIME' = undefined,'MAPPED-ADDRESS' = undefined,
      'MESSAGE-INTEGRITY' = undefined,'NONCE' = undefined,'REALM' = undefined,
      'REQUESTED-ADDRESS-FAMILY' = undefined,
      'REQUESTED-TRANSPORT' = undefined,'SOFTWARE' = <<"eturnal">>,
      'UNKNOWN-ATTRIBUTES' = [],'USERNAME' = undefined,
      'XOR-MAPPED-ADDRESS' = {{127,0,0,1},45330},
      'XOR-PEER-ADDRESS' = [],'XOR-RELAYED-ADDRESS' = undefined} (stun:send/3:466)
2025-03-24 12:16:58.057455+00:00 [info] Accepting connection: 127.0.0.1:44726 -> 127.0.0.1:34780 [TCP, session wznrxl14tk41] (stun_acceptor:accept/3:158)
2025-03-24 12:16:58.057713+00:00 [debug] Received:
#stun{class = request,method = 1,magic = 554869826,
      trid = 76019207998538956696748574925,raw = <<>>,unsupported = [],
      'ALTERNATE-SERVER' = undefined,'CHANNEL-NUMBER' = undefined,
      'DATA' = undefined,'DONT-FRAGMENT' = false,'ERROR-CODE' = undefined,
      'LIFETIME' = undefined,'MAPPED-ADDRESS' = undefined,
      'MESSAGE-INTEGRITY' = undefined,'NONCE' = undefined,'REALM' = undefined,
      'REQUESTED-ADDRESS-FAMILY' = undefined,
      'REQUESTED-TRANSPORT' = undefined,'SOFTWARE' = undefined,
      'UNKNOWN-ATTRIBUTES' = [],'USERNAME' = undefined,
      'XOR-MAPPED-ADDRESS' = undefined,'XOR-PEER-ADDRESS' = [],
      'XOR-RELAYED-ADDRESS' = undefined} (stun:process_data/3:423)
2025-03-24 12:16:58.057807+00:00 [debug] Responding to STUN request [TCP, session wznrxl14tk41, anonymous, client 127.0.0.1:44726] (stun:process/4:323)
2025-03-24 12:16:58.057877+00:00 [debug] Running 'stun_query' hook [TCP, session wznrxl14tk41, anonymous, client 127.0.0.1:44726] (stun:run_hook/3:891)
2025-03-24 12:16:58.057926+00:00 [debug] Got 'stun_query' event [TCP, session wznrxl14tk41, anonymous, client 127.0.0.1:44726] (eturnal_module:handle_event/2:177)
2025-03-24 12:16:58.057967+00:00 [debug] Calling mod_log_stun:handle_event/2 [TCP, session wznrxl14tk41, anonymous, client 127.0.0.1:44726] (eturnal_module:handle_event/2:180)
2025-03-24 12:16:58.058014+00:00 [info] Responding to STUN request [TCP, session wznrxl14tk41, anonymous, client 127.0.0.1:44726] (mod_log_stun:handle_event/2:44)
2025-03-24 12:16:58.058053+00:00 [debug] Calling mod_stats_influx:handle_event/2 [TCP, session wznrxl14tk41, anonymous, client 127.0.0.1:44726] (eturnal_module:handle_event/2:180)
2025-03-24 12:16:58.058095+00:00 [debug] Writing STUN query event to InfluxDB [TCP, session wznrxl14tk41, anonymous, client 127.0.0.1:44726] (mod_stats_influx:on_stun_query/1:76)
2025-03-24 12:16:58.058251+00:00 [debug] Calling mod_stats_prometheus:handle_event/2 [TCP, session wznrxl14tk41, anonymous, client 127.0.0.1:44726] (eturnal_module:handle_event/2:180)
2025-03-24 12:16:58.058335+00:00 [debug] Observing STUN query for Prometheus [TCP, session wznrxl14tk41, anonymous, client 127.0.0.1:44726] (mod_stats_prometheus:on_stun_query/1:166)
2025-03-24 12:16:58.058479+00:00 [debug] Sending:
#stun{class = response,method = 1,magic = 554869826,
      trid = 76019207998538956696748574925,raw = <<>>,unsupported = [],
      'ALTERNATE-SERVER' = undefined,'CHANNEL-NUMBER' = undefined,
      'DATA' = undefined,'DONT-FRAGMENT' = false,'ERROR-CODE' = undefined,
      'LIFETIME' = undefined,'MAPPED-ADDRESS' = undefined,
      'MESSAGE-INTEGRITY' = undefined,'NONCE' = undefined,'REALM' = undefined,
      'REQUESTED-ADDRESS-FAMILY' = undefined,
      'REQUESTED-TRANSPORT' = undefined,'SOFTWARE' = <<"P1 STUN library">>,
      'UNKNOWN-ATTRIBUTES' = [],'USERNAME' = undefined,
      'XOR-MAPPED-ADDRESS' = {{127,0,0,1},44726},
      'XOR-PEER-ADDRESS' = [],'XOR-RELAYED-ADDRESS' = undefined} (stun:send/3:466)
2025-03-24 12:16:58.058713+00:00 [info] Connection reset by peer [TCP, session wznrxl14tk41, anonymous, client 127.0.0.1:44726] (stun:handle_info/3:174)
2025-03-24 12:16:58.082797+00:00 [info] Accepting connection: 127.0.0.1:57496 -> 127.0.0.1:53490 [TLS, session 1xr55yrpj4pd] (stun_acceptor:accept/3:158)
2025-03-24 12:16:59.090904+00:00 [debug] Received:
#stun{class = request,method = 1,magic = 554869826,
      trid = 18579260238205783525971304343,raw = <<>>,unsupported = [],
      'ALTERNATE-SERVER' = undefined,'CHANNEL-NUMBER' = undefined,
      'DATA' = undefined,'DONT-FRAGMENT' = false,'ERROR-CODE' = undefined,
      'LIFETIME' = undefined,'MAPPED-ADDRESS' = undefined,
      'MESSAGE-INTEGRITY' = undefined,'NONCE' = undefined,'REALM' = undefined,
      'REQUESTED-ADDRESS-FAMILY' = undefined,
      'REQUESTED-TRANSPORT' = undefined,'SOFTWARE' = undefined,
      'UNKNOWN-ATTRIBUTES' = [],'USERNAME' = undefined,
      'XOR-MAPPED-ADDRESS' = undefined,'XOR-PEER-ADDRESS' = [],
      'XOR-RELAYED-ADDRESS' = undefined} (stun:process_data/3:423)
2025-03-24 12:16:59.091064+00:00 [debug] Responding to STUN request [TLS, session 1xr55yrpj4pd, anonymous, client 127.0.0.1:57496] (stun:process/4:323)
2025-03-24 12:16:59.091162+00:00 [debug] Running 'stun_query' hook [TLS, session 1xr55yrpj4pd, anonymous, client 127.0.0.1:57496] (stun:run_hook/3:891)
2025-03-24 12:16:59.091214+00:00 [debug] Got 'stun_query' event [TLS, session 1xr55yrpj4pd, anonymous, client 127.0.0.1:57496] (eturnal_module:handle_event/2:177)
2025-03-24 12:16:59.091269+00:00 [debug] Calling mod_log_stun:handle_event/2 [TLS, session 1xr55yrpj4pd, anonymous, client 127.0.0.1:57496] (eturnal_module:handle_event/2:180)
2025-03-24 12:16:59.091341+00:00 [info] Responding to STUN request [TLS, session 1xr55yrpj4pd, anonymous, client 127.0.0.1:57496] (mod_log_stun:handle_event/2:44)
2025-03-24 12:16:59.091432+00:00 [debug] Calling mod_stats_influx:handle_event/2 [TLS, session 1xr55yrpj4pd, anonymous, client 127.0.0.1:57496] (eturnal_module:handle_event/2:180)
2025-03-24 12:16:59.091490+00:00 [debug] Writing STUN query event to InfluxDB [TLS, session 1xr55yrpj4pd, anonymous, client 127.0.0.1:57496] (mod_stats_influx:on_stun_query/1:76)
2025-03-24 12:16:59.091643+00:00 [debug] Calling mod_stats_prometheus:handle_event/2 [TLS, session 1xr55yrpj4pd, anonymous, client 127.0.0.1:57496] (eturnal_module:handle_event/2:180)
2025-03-24 12:16:59.091730+00:00 [debug] Observing STUN query for Prometheus [TLS, session 1xr55yrpj4pd, anonymous, client 127.0.0.1:57496] (mod_stats_prometheus:on_stun_query/1:166)
2025-03-24 12:16:59.091852+00:00 [debug] Sending:
#stun{class = response,method = 1,magic = 554869826,
      trid = 18579260238205783525971304343,raw = <<>>,unsupported = [],
      'ALTERNATE-SERVER' = undefined,'CHANNEL-NUMBER' = undefined,
      'DATA' = undefined,'DONT-FRAGMENT' = false,'ERROR-CODE' = undefined,
      'LIFETIME' = undefined,'MAPPED-ADDRESS' = undefined,
      'MESSAGE-INTEGRITY' = undefined,'NONCE' = undefined,'REALM' = undefined,
      'REQUESTED-ADDRESS-FAMILY' = undefined,
      'REQUESTED-TRANSPORT' = undefined,'SOFTWARE' = <<"P1 STUN library">>,
      'UNKNOWN-ATTRIBUTES' = [],'USERNAME' = undefined,
      'XOR-MAPPED-ADDRESS' = {{127,0,0,1},57496},
      'XOR-PEER-ADDRESS' = [],'XOR-RELAYED-ADDRESS' = undefined} (stun:send/3:466)
2025-03-24 12:16:59.092150+00:00 [info] Connection reset by peer [TLS, session 1xr55yrpj4pd, anonymous, client 127.0.0.1:57496] (stun:handle_info/3:174)
2025-03-24 12:16:59.116354+00:00 [info] Accepting connection: 127.0.0.1:51476 -> 127.0.0.1:34781 [TCP|TLS, session 8tjvjglwyog8] (stun_acceptor:accept/3:158)
2025-03-24 12:16:59.116515+00:00 [debug] Determined transport protocol: TCP (stun:is_tls_handshake/1:837)
2025-03-24 12:16:59.116718+00:00 [debug] Received:
#stun{class = request,method = 1,magic = 554869826,
      trid = 20040683661225070531214840266,raw = <<>>,unsupported = [],
      'ALTERNATE-SERVER' = undefined,'CHANNEL-NUMBER' = undefined,
      'DATA' = undefined,'DONT-FRAGMENT' = false,'ERROR-CODE' = undefined,
      'LIFETIME' = undefined,'MAPPED-ADDRESS' = undefined,
      'MESSAGE-INTEGRITY' = undefined,'NONCE' = undefined,'REALM' = undefined,
      'REQUESTED-ADDRESS-FAMILY' = undefined,
      'REQUESTED-TRANSPORT' = undefined,'SOFTWARE' = undefined,
      'UNKNOWN-ATTRIBUTES' = [],'USERNAME' = undefined,
      'XOR-MAPPED-ADDRESS' = undefined,'XOR-PEER-ADDRESS' = [],
      'XOR-RELAYED-ADDRESS' = undefined} (stun:process_data/3:423)
2025-03-24 12:16:59.116805+00:00 [debug] Responding to STUN request [TCP, session 8tjvjglwyog8, anonymous, client 127.0.0.1:51476] (stun:process/4:323)
2025-03-24 12:16:59.116838+00:00 [debug] Running 'stun_query' hook [TCP, session 8tjvjglwyog8, anonymous, client 127.0.0.1:51476] (stun:run_hook/3:891)
2025-03-24 12:16:59.116871+00:00 [debug] Got 'stun_query' event [TCP, session 8tjvjglwyog8, anonymous, client 127.0.0.1:51476] (eturnal_module:handle_event/2:177)
2025-03-24 12:16:59.116906+00:00 [debug] Calling mod_log_stun:handle_event/2 [TCP, session 8tjvjglwyog8, anonymous, client 127.0.0.1:51476] (eturnal_module:handle_event/2:180)
2025-03-24 12:16:59.116940+00:00 [info] Responding to STUN request [TCP, session 8tjvjglwyog8, anonymous, client 127.0.0.1:51476] (mod_log_stun:handle_event/2:44)
2025-03-24 12:16:59.116976+00:00 [debug] Calling mod_stats_influx:handle_event/2 [TCP, session 8tjvjglwyog8, anonymous, client 127.0.0.1:51476] (eturnal_module:handle_event/2:180)
2025-03-24 12:16:59.117067+00:00 [debug] Writing STUN query event to InfluxDB [TCP, session 8tjvjglwyog8, anonymous, client 127.0.0.1:51476] (mod_stats_influx:on_stun_query/1:76)
2025-03-24 12:16:59.117331+00:00 [debug] Calling mod_stats_prometheus:handle_event/2 [TCP, session 8tjvjglwyog8, anonymous, client 127.0.0.1:51476] (eturnal_module:handle_event/2:180)
2025-03-24 12:16:59.117394+00:00 [debug] Observing STUN query for Prometheus [TCP, session 8tjvjglwyog8, anonymous, client 127.0.0.1:51476] (mod_stats_prometheus:on_stun_query/1:166)
2025-03-24 12:16:59.117456+00:00 [debug] Sending:
#stun{class = response,method = 1,magic = 554869826,
      trid = 20040683661225070531214840266,raw = <<>>,unsupported = [],
      'ALTERNATE-SERVER' = undefined,'CHANNEL-NUMBER' = undefined,
      'DATA' = undefined,'DONT-FRAGMENT' = false,'ERROR-CODE' = undefined,
      'LIFETIME' = undefined,'MAPPED-ADDRESS' = undefined,
      'MESSAGE-INTEGRITY' = undefined,'NONCE' = undefined,'REALM' = undefined,
      'REQUESTED-ADDRESS-FAMILY' = undefined,
      'REQUESTED-TRANSPORT' = undefined,'SOFTWARE' = <<"P1 STUN library">>,
      'UNKNOWN-ATTRIBUTES' = [],'USERNAME' = undefined,
      'XOR-MAPPED-ADDRESS' = {{127,0,0,1},51476},
      'XOR-PEER-ADDRESS' = [],'XOR-RELAYED-ADDRESS' = undefined} (stun:send/3:466)
2025-03-24 12:16:59.117640+00:00 [info] Connection reset by peer [TCP, session 8tjvjglwyog8, anonymous, client 127.0.0.1:51476] (stun:handle_info/3:174)
2025-03-24 12:16:59.142166+00:00 [info] Accepting connection: 127.0.0.1:51492 -> 127.0.0.1:34781 [TCP|TLS, session sg5v95o58ojg] (stun_acceptor:accept/3:158)
2025-03-24 12:16:59.142382+00:00 [debug] Determined transport protocol: TLS (stun:is_tls_handshake/1:834)
2025-03-24 12:17:00.149890+00:00 [debug] Received:
#stun{class = request,method = 1,magic = 554869826,
      trid = 19107706186747253751852449993,raw = <<>>,unsupported = [],
      'ALTERNATE-SERVER' = undefined,'CHANNEL-NUMBER' = undefined,
      'DATA' = undefined,'DONT-FRAGMENT' = false,'ERROR-CODE' = undefined,
      'LIFETIME' = undefined,'MAPPED-ADDRESS' = undefined,
      'MESSAGE-INTEGRITY' = undefined,'NONCE' = undefined,'REALM' = undefined,
      'REQUESTED-ADDRESS-FAMILY' = undefined,
      'REQUESTED-TRANSPORT' = undefined,'SOFTWARE' = undefined,
      'UNKNOWN-ATTRIBUTES' = [],'USERNAME' = undefined,
      'XOR-MAPPED-ADDRESS' = undefined,'XOR-PEER-ADDRESS' = [],
      'XOR-RELAYED-ADDRESS' = undefined} (stun:process_data/3:423)
2025-03-24 12:17:00.150021+00:00 [debug] Responding to STUN request [TLS, session sg5v95o58ojg, anonymous, client 127.0.0.1:51492] (stun:process/4:323)
2025-03-24 12:17:00.150086+00:00 [debug] Running 'stun_query' hook [TLS, session sg5v95o58ojg, anonymous, client 127.0.0.1:51492] (stun:run_hook/3:891)
2025-03-24 12:17:00.150124+00:00 [debug] Got 'stun_query' event [TLS, session sg5v95o58ojg, anonymous, client 127.0.0.1:51492] (eturnal_module:handle_event/2:177)
2025-03-24 12:17:00.150184+00:00 [debug] Calling mod_log_stun:handle_event/2 [TLS, session sg5v95o58ojg, anonymous, client 127.0.0.1:51492] (eturnal_module:handle_event/2:180)
2025-03-24 12:17:00.150224+00:00 [info] Responding to STUN request [TLS, session sg5v95o58ojg, anonymous, client 127.0.0.1:51492] (mod_log_stun:handle_event/2:44)
2025-03-24 12:17:00.150262+00:00 [debug] Calling mod_stats_influx:handle_event/2 [TLS, session sg5v95o58ojg, anonymous, client 127.0.0.1:51492] (eturnal_module:handle_event/2:180)
2025-03-24 12:17:00.150298+00:00 [debug] Writing STUN query event to InfluxDB [TLS, session sg5v95o58ojg, anonymous, client 127.0.0.1:51492] (mod_stats_influx:on_stun_query/1:76)
2025-03-24 12:17:00.150488+00:00 [debug] Calling mod_stats_prometheus:handle_event/2 [TLS, session sg5v95o58ojg, anonymous, client 127.0.0.1:51492] (eturnal_module:handle_event/2:180)
2025-03-24 12:17:00.150576+00:00 [debug] Observing STUN query for Prometheus [TLS, session sg5v95o58ojg, anonymous, client 127.0.0.1:51492] (mod_stats_prometheus:on_stun_query/1:166)
2025-03-24 12:17:00.150736+00:00 [debug] Sending:
#stun{class = response,method = 1,magic = 554869826,
      trid = 19107706186747253751852449993,raw = <<>>,unsupported = [],
      'ALTERNATE-SERVER' = undefined,'CHANNEL-NUMBER' = undefined,
      'DATA' = undefined,'DONT-FRAGMENT' = false,'ERROR-CODE' = undefined,
      'LIFETIME' = undefined,'MAPPED-ADDRESS' = undefined,
      'MESSAGE-INTEGRITY' = undefined,'NONCE' = undefined,'REALM' = undefined,
      'REQUESTED-ADDRESS-FAMILY' = undefined,
      'REQUESTED-TRANSPORT' = undefined,'SOFTWARE' = <<"P1 STUN library">>,
      'UNKNOWN-ATTRIBUTES' = [],'USERNAME' = undefined,
      'XOR-MAPPED-ADDRESS' = {{127,0,0,1},51492},
      'XOR-PEER-ADDRESS' = [],'XOR-RELAYED-ADDRESS' = undefined} (stun:send/3:466)
2025-03-24 12:17:00.151052+00:00 [info] Connection reset by peer [TLS, session sg5v95o58ojg, anonymous, client 127.0.0.1:51492] (stun:handle_info/3:174)
2025-03-24 12:17:00.175476+00:00 [debug] No NOTIFY_SOCKET, dropping STOPPING=1 notification (eturnal_systemd:handle_cast/2:99)
2025-03-24 12:17:00.175505+00:00 [debug] Terminating eturnal (shutdown) (eturnal:terminate/2:186)
2025-03-24 12:17:00.175687+00:00 [info] Stopped listening on 127.0.0.1:34780 (udp) (eturnal:stop_listeners/1:443)
2025-03-24 12:17:00.176259+00:00 [info] Stopped listening on 127.0.0.1:34780 (tcp) (eturnal:stop_listeners/1:443)
2025-03-24 12:17:00.176434+00:00 [info] Stopped listening on 127.0.0.1:53490 (tls) (eturnal:stop_listeners/1:443)
2025-03-24 12:17:00.176623+00:00 [info] Stopped listening on 127.0.0.1:34781 (auto) (eturnal:stop_listeners/1:443)
2025-03-24 12:17:00.176876+00:00 [debug] Calling mod_stats_influx:stop/1 (eturnal_module:stop/1:163)
2025-03-24 12:17:00.176981+00:00 [debug] Stopping mod_stats_influx (mod_stats_influx:stop/0:61)
2025-03-24 12:17:00.177111+00:00 [info] Stopped mod_stats_influx (eturnal:stop_modules/1:398)
2025-03-24 12:17:00.178514+00:00 [debug] Calling mod_log_stun:stop/1 (eturnal_module:stop/1:163)
2025-03-24 12:17:00.178617+00:00 [debug] Stopping mod_log_stun (mod_log_stun:stop/0:49)
2025-03-24 12:17:00.178703+00:00 [info] Stopped mod_log_stun (eturnal:stop_modules/1:398)
2025-03-24 12:17:00.179979+00:00 [debug] Calling mod_stats_prometheus:stop/1 (eturnal_module:stop/1:163)
2025-03-24 12:17:00.180082+00:00 [debug] Stopping mod_stats_prometheus (mod_stats_prometheus:stop/0:110)
2025-03-24 12:17:00.180367+00:00 [info] Stopped mod_stats_prometheus (eturnal:stop_modules/1:398)
2025-03-24 12:17:00.180652+00:00 [debug] Removed run/cert.pem (eturnal:clean_run_dir/0:872)
2025-03-24 12:17:00.180777+00:00 [debug] Terminating eturnal_systemd (shutdown) (eturnal_systemd:terminate/2:125)
2025-03-24 12:17:00.180935+00:00 [notice] Stopping eturnal 1.12.1 on Erlang/OTP 27 (ERTS 15.2.3) (eturnal_app:stop/1:53)
