2023-07-21 14:11:19.995044+00:00 [notice] Starting eturnal 1.10.1 on Erlang/OTP 26 (ERTS 14.0) (eturnal_app:start/2:34)
2023-07-21 14:11:19.995260+00:00 [debug] Starting supervisor: eturnal_sup (eturnal_sup:start_link/0:31)
2023-07-21 14:11:19.995417+00:00 [debug] Configuring eturnal_sup supervisor: [#{id => systemd,
                                       start =>
                                           {eturnal_systemd,start_link,[]}},
                                     #{id => eturnal,
                                       start => {eturnal,start_link,[]}}] (eturnal_sup:init/0:39)
2023-07-21 14:11:19.997130+00:00 [info] Got no NOTIFY_SOCKET, notifications disabled (eturnal_systemd:init/1:96)
2023-07-21 14:11:19.997321+00:00 [debug] PROGRESS REPORT:
    supervisor: {local,eturnal_sup}
    started: [{pid,<0.1202.0>},
              {id,systemd},
              {mfargs,{eturnal_systemd,start_link,[]}},
              {restart_type,permanent},
              {significant,false},
              {shutdown,5000},
              {child_type,worker}]
 (supervisor:report_progress/2:1563)
2023-07-21 14:11:19.997436+00:00 [info] Relay IPv4 address: 127.0.0.1 (port range: 49152-65535) (eturnal:log_relay_addresses/0:325)
2023-07-21 14:11:19.997573+00:00 [info] Relay IPv6 address not configured (eturnal:log_relay_addresses/0:335)
2023-07-21 14:11:20.011881+00:00 [info] Cannot determine control query port: noport (eturnal:log_control_listener/0:350)
2023-07-21 14:11:20.012269+00:00 [debug] Using run directory run (eturnal:ensure_run_dir/0:798)
2023-07-21 14:11:20.012390+00:00 [debug] TURN configuration seems fine (eturnal:check_turn_config/0:546)
2023-07-21 14:11:20.012654+00:00 [warning] TLS enabled without 'tls_crt_file', creating self-signed certificate (eturnal:check_pem_file/0:744)
2023-07-21 14:11:20.302799+00:00 [debug] Calling mod_log_stun:start/0 (eturnal_module:start/1:143)
2023-07-21 14:11:20.303081+00:00 [debug] Starting mod_log_stun (mod_log_stun:start/0:38)
2023-07-21 14:11:20.303364+00:00 [info] Started mod_log_stun (eturnal:start_modules/0:361)
2023-07-21 14:11:20.303448+00:00 [debug] Calling mod_stats_influx:start/0 (eturnal_module:start/1:143)
2023-07-21 14:11:20.303590+00:00 [debug] Starting mod_stats_influx (mod_stats_influx:start/0:37)
2023-07-21 14:11:20.306734+00:00 [debug] PROGRESS REPORT:
    application: ulitos
    started_at: nonode@nohost
 (application_controller:info_started/2:2117)
2023-07-21 14:11:20.308004+00:00 [debug] PROGRESS REPORT:
    application: poolboy
    started_at: nonode@nohost
 (application_controller:info_started/2:2117)
2023-07-21 14:11:20.309158+00:00 [info]     msg: Starting application: influx_udp (influx_udp_app:start/2:10)
2023-07-21 14:11:20.313057+00:00 [debug] PROGRESS REPORT:
    supervisor: {local,influx_udp_sup}
    started: [{pid,<0.1224.0>},
              {id,influx_udp},
              {mfargs,{influx_udp,start_link,[]}},
              {restart_type,permanent},
              {significant,false},
              {shutdown,5000},
              {child_type,worker}]
 (supervisor:report_progress/2:1563)
2023-07-21 14:11:20.313242+00:00 [debug] Dependency influx_udp was available already (eturnal_module:ensure_dep/2:284)
2023-07-21 14:11:20.313243+00:00 [debug] PROGRESS REPORT:
    application: influx_udp
    started_at: nonode@nohost
 (application_controller:info_started/2:2117)
2023-07-21 14:11:20.317404+00:00 [info]     options: #{port => 8089,host => "localhost",pool_size => 1,
               max_overflow => 1}
    msg: Start clients pool
    host: {127,0,0,1} (influx_udp:start_pool_/2:239)
2023-07-21 14:11:20.335114+00:00 [info]     port: 53932
    msg: Open UDP socket on port (influx_udp_worker:init/1:43)
2023-07-21 14:11:20.335326+00:00 [debug] PROGRESS REPORT:
    supervisor: {local,influx_udp_sup}
    started: [{pid,<0.1227.0>},
              {id,stats_influx_pool},
              {mfargs,
                  {poolboy,start_link,
                      [[{name,{local,stats_influx_pool}},
                        {worker_module,influx_udp_worker},
                        {size,1},
                        {max_overflow,1}],
                       [{options,
                            #{port => 8089,
                              host => {127,0,0,1},
                              pool_size => 1,max_overflow => 1}}]]}},
              {restart_type,permanent},
              {significant,false},
              {shutdown,5000},
              {child_type,worker}]
 (supervisor:report_progress/2:1563)
2023-07-21 14:11:20.335562+00:00 [info] Started mod_stats_influx (eturnal:start_modules/0:361)
2023-07-21 14:11:20.335730+00:00 [debug] Calling mod_stats_prometheus:start/0 (eturnal_module:start/1:143)
2023-07-21 14:11:20.336730+00:00 [debug] Starting mod_stats_prometheus (mod_stats_prometheus:start/0:56)
2023-07-21 14:11:21.989169+00:00 [debug] PROGRESS REPORT:
    application: prometheus
    started_at: nonode@nohost
 (application_controller:info_started/2:2117)
2023-07-21 14:11:21.991750+00:00 [debug] PROGRESS REPORT:
    application: accept
    started_at: nonode@nohost
 (application_controller:info_started/2:2117)
2023-07-21 14:11:21.992043+00:00 [debug] PROGRESS REPORT:
    application: prometheus_httpd
    started_at: nonode@nohost
 (application_controller:info_started/2:2117)
2023-07-21 14:11:21.992115+00:00 [debug] Dependency prometheus_httpd was available already (eturnal_module:ensure_dep/2:284)
2023-07-21 14:11:21.992894+00:00 [debug] PROGRESS REPORT:
    supervisor: {local,httpd_instance_sup__127_0_0_1__9081default}
    started: [{pid,<0.1249.0>},
              {id,{httpd_connection_sup,{127,0,0,1},9081,default}},
              {mfargs,{httpd_connection_sup,start_link,[[{127,0,0,1},9081]]}},
              {restart_type,permanent},
              {significant,false},
              {shutdown,5000},
              {child_type,supervisor}]
 (supervisor:report_progress/2:1563)
2023-07-21 14:11:21.993235+00:00 [debug] PROGRESS REPORT:
    supervisor: {local,httpd_acceptor_sup__127_0_0_1__9081default}
    started: [{pid,<0.1251.0>},
              {id,{httpd_acceptor_sup,{127,0,0,1},9081,default}},
              {mfargs,{httpd_acceptor,start_link,
                                      [httpd__127_0_0_1__9081default,ip_comm,
                                       {127,0,0,1},
                                       9081,inet,
                                       httpd_conf__127_0_0_1__9081default,
                                       15000]}},
              {restart_type,transient},
              {significant,false},
              {shutdown,brutal_kill},
              {child_type,worker}]
 (supervisor:report_progress/2:1563)
2023-07-21 14:11:21.993382+00:00 [debug] PROGRESS REPORT:
    supervisor: {local,httpd_instance_sup__127_0_0_1__9081default}
    started: [{pid,<0.1250.0>},
              {id,{httpd_acceptor_sup,{127,0,0,1},9081,default}},
              {mfargs,
                  {httpd_acceptor_sup,start_link,
                      [[{127,0,0,1},
                        9081,
                        [{bind_address,{127,0,0,1}},
                         {socket_type,ip_comm},
                         {port,9081},
                         {server_root,"run/mod_stats_prometheus/doc"},
                         {document_root,"run/mod_stats_prometheus/doc"},
                         {server_name,"Prometheus Exporter"},
                         {modules,[prometheus_httpd]}],
                        15000,undefined]]}},
              {restart_type,permanent},
              {significant,false},
              {shutdown,infinity},
              {child_type,supervisor}]
 (supervisor:report_progress/2:1563)
2023-07-21 14:11:21.993544+00:00 [debug] PROGRESS REPORT:
    supervisor: {local,httpd_instance_sup__127_0_0_1__9081default}
    started: [{pid,<0.1252.0>},
              {id,{httpd_misc_sup,{127,0,0,1},9081,default}},
              {mfargs,{httpd_misc_sup,start_link,[{127,0,0,1},9081,default]}},
              {restart_type,permanent},
              {significant,false},
              {shutdown,infinity},
              {child_type,supervisor}]
 (supervisor:report_progress/2:1563)
2023-07-21 14:11:21.993851+00:00 [debug] PROGRESS REPORT:
    supervisor: {local,httpd_instance_sup__127_0_0_1__9081default}
    started: [{pid,<0.1253.0>},
              {id,{httpd_manager,{127,0,0,1},9081,default}},
              {mfargs,
                  {httpd_manager,start_link,
                      [undefined,
                       [{bind_address,{127,0,0,1}},
                        {socket_type,ip_comm},
                        {port,9081},
                        {server_root,"run/mod_stats_prometheus/doc"},
                        {document_root,"run/mod_stats_prometheus/doc"},
                        {server_name,"Prometheus Exporter"},
                        {modules,[prometheus_httpd]}],
                       15000]}},
              {restart_type,permanent},
              {significant,false},
              {shutdown,4000},
              {child_type,worker}]
 (supervisor:report_progress/2:1563)
2023-07-21 14:11:21.993981+00:00 [debug] PROGRESS REPORT:
    supervisor: {local,httpd_sup}
    started: [{pid,<0.1248.0>},
              {id,{httpd_instance_sup,{127,0,0,1},9081,default}},
              {mfargs,
                  {httpd_instance_sup,start_link,
                      [[{bind_address,{127,0,0,1}},
                        {socket_type,ip_comm},
                        {port,9081},
                        {server_root,"run/mod_stats_prometheus/doc"},
                        {document_root,"run/mod_stats_prometheus/doc"},
                        {server_name,"Prometheus Exporter"},
                        {modules,[prometheus_httpd]}],
                       15000,[]]}},
              {restart_type,permanent},
              {significant,false},
              {shutdown,infinity},
              {child_type,supervisor}]
 (supervisor:report_progress/2:1563)
2023-07-21 14:11:21.995168+00:00 [info] Started mod_stats_prometheus (eturnal:start_modules/0:361)
2023-07-21 14:11:21.995389+00:00 [debug] Starting listener 127.0.0.1:34780 (udp) with options:
[{use_turn,true},
 {auth_type,user},
 {turn_ipv4_address,{127,0,0,1}},
 {turn_min_port,49152},
 {turn_max_port,65535},
 {turn_max_allocations,10},
 {turn_max_permissions,10},
 {shaper,100000},
 {turn_blacklist,[{{10,0,0,0},8},
                  {{100,64,0,0},10},
                  {{127,0,0,0},8},
                  {{169,254,0,0},16},
                  {{172,16,0,0},12},
                  {{192,0,0,0},24},
                  {{192,0,2,0},24},
                  {{192,88,99,0},24},
                  {{192,168,0,0},16},
                  {{198,18,0,0},15},
                  {{198,51,100,0},24},
                  {{203,0,113,0},24},
                  {{224,0,0,0},4},
                  {{240,0,0,0},4},
                  {{0,0,0,0,0,0,0,1},128},
                  {{0,0,0,0,0,65535,0,0},96},
                  {{100,65435,0,0,0,0,0,0},96},
                  {{256,0,0,0,0,0,0,0},64},
                  {{8193,3512,0,0,0,0,0,0},32},
                  {{64512,0,0,0,0,0,0,0},7},
                  {{65152,0,0,0,0,0,0,0},10},
                  {{65280,0,0,0,0,0,0,0},8}]},
 {turn_whitelist,[{{127,0,0,1},32},
                  {{203,0,113,113},32},
                  {{8193,3512,0,0,0,0,0,0},64}]},
 {auth_realm,<<"eturnal.net">>},
 {server_name,<<"eturnal">>},
 {auth_fun,fun eturnal:get_password/2},
 {hook_fun,fun eturnal:run_hook/2}] (eturnal:start_listeners/0:394)
2023-07-21 14:11:21.996255+00:00 [info] Listening on 127.0.0.1:34780 (udp) (STUN/TURN) (eturnal:start_listeners/0:401)
2023-07-21 14:11:21.996388+00:00 [debug] Starting listener 127.0.0.1:34780 (tcp) with options:
[{use_turn,false},
 {auth_type,anonymous},
 {turn_ipv4_address,{127,0,0,1}},
 {turn_min_port,49152},
 {turn_max_port,65535},
 {turn_max_allocations,10},
 {turn_max_permissions,10},
 {shaper,100000},
 {turn_blacklist,[{{10,0,0,0},8},
                  {{100,64,0,0},10},
                  {{127,0,0,0},8},
                  {{169,254,0,0},16},
                  {{172,16,0,0},12},
                  {{192,0,0,0},24},
                  {{192,0,2,0},24},
                  {{192,88,99,0},24},
                  {{192,168,0,0},16},
                  {{198,18,0,0},15},
                  {{198,51,100,0},24},
                  {{203,0,113,0},24},
                  {{224,0,0,0},4},
                  {{240,0,0,0},4},
                  {{0,0,0,0,0,0,0,1},128},
                  {{0,0,0,0,0,65535,0,0},96},
                  {{100,65435,0,0,0,0,0,0},96},
                  {{256,0,0,0,0,0,0,0},64},
                  {{8193,3512,0,0,0,0,0,0},32},
                  {{64512,0,0,0,0,0,0,0},7},
                  {{65152,0,0,0,0,0,0,0},10},
                  {{65280,0,0,0,0,0,0,0},8}]},
 {turn_whitelist,[{{127,0,0,1},32},
                  {{203,0,113,113},32},
                  {{8193,3512,0,0,0,0,0,0},64}]},
 {auth_realm,<<"eturnal.net">>},
 {server_name,<<"eturnal">>},
 {auth_fun,fun eturnal:get_password/2},
 {hook_fun,fun eturnal:run_hook/2}] (eturnal:start_listeners/0:394)
2023-07-21 14:11:21.997162+00:00 [info] Listening on 127.0.0.1:34780 (tcp) (STUN only) (eturnal:start_listeners/0:401)
2023-07-21 14:11:21.997289+00:00 [debug] Starting listener 127.0.0.1:53490 (tls) with options:
[{use_turn,false},
 {auth_type,anonymous},
 {tls,true},
 {certfile,<<"run/cert.pem">>},
 {ciphers,<<"HIGH:!aNULL:@STRENGTH">>},
 {protocol_options,<<"no_tlsv1|no_tlsv1_1|cipher_server_preference">>},
 {turn_ipv4_address,{127,0,0,1}},
 {turn_min_port,49152},
 {turn_max_port,65535},
 {turn_max_allocations,10},
 {turn_max_permissions,10},
 {shaper,100000},
 {turn_blacklist,[{{10,0,0,0},8},
                  {{100,64,0,0},10},
                  {{127,0,0,0},8},
                  {{169,254,0,0},16},
                  {{172,16,0,0},12},
                  {{192,0,0,0},24},
                  {{192,0,2,0},24},
                  {{192,88,99,0},24},
                  {{192,168,0,0},16},
                  {{198,18,0,0},15},
                  {{198,51,100,0},24},
                  {{203,0,113,0},24},
                  {{224,0,0,0},4},
                  {{240,0,0,0},4},
                  {{0,0,0,0,0,0,0,1},128},
                  {{0,0,0,0,0,65535,0,0},96},
                  {{100,65435,0,0,0,0,0,0},96},
                  {{256,0,0,0,0,0,0,0},64},
                  {{8193,3512,0,0,0,0,0,0},32},
                  {{64512,0,0,0,0,0,0,0},7},
                  {{65152,0,0,0,0,0,0,0},10},
                  {{65280,0,0,0,0,0,0,0},8}]},
 {turn_whitelist,[{{127,0,0,1},32},
                  {{203,0,113,113},32},
                  {{8193,3512,0,0,0,0,0,0},64}]},
 {auth_realm,<<"eturnal.net">>},
 {server_name,<<"eturnal">>},
 {auth_fun,fun eturnal:get_password/2},
 {hook_fun,fun eturnal:run_hook/2}] (eturnal:start_listeners/0:394)
2023-07-21 14:11:21.998036+00:00 [info] Listening on 127.0.0.1:53490 (tls) (STUN only) (eturnal:start_listeners/0:401)
2023-07-21 14:11:21.998178+00:00 [debug] Starting listener 127.0.0.1:34781 (auto) with options:
[{use_turn,false},
 {auth_type,anonymous},
 {tls,optional},
 {certfile,<<"run/cert.pem">>},
 {ciphers,<<"HIGH:!aNULL:@STRENGTH">>},
 {protocol_options,<<"no_tlsv1|no_tlsv1_1|cipher_server_preference">>},
 {turn_ipv4_address,{127,0,0,1}},
 {turn_min_port,49152},
 {turn_max_port,65535},
 {turn_max_allocations,10},
 {turn_max_permissions,10},
 {shaper,100000},
 {turn_blacklist,[{{10,0,0,0},8},
                  {{100,64,0,0},10},
                  {{127,0,0,0},8},
                  {{169,254,0,0},16},
                  {{172,16,0,0},12},
                  {{192,0,0,0},24},
                  {{192,0,2,0},24},
                  {{192,88,99,0},24},
                  {{192,168,0,0},16},
                  {{198,18,0,0},15},
                  {{198,51,100,0},24},
                  {{203,0,113,0},24},
                  {{224,0,0,0},4},
                  {{240,0,0,0},4},
                  {{0,0,0,0,0,0,0,1},128},
                  {{0,0,0,0,0,65535,0,0},96},
                  {{100,65435,0,0,0,0,0,0},96},
                  {{256,0,0,0,0,0,0,0},64},
                  {{8193,3512,0,0,0,0,0,0},32},
                  {{64512,0,0,0,0,0,0,0},7},
                  {{65152,0,0,0,0,0,0,0},10},
                  {{65280,0,0,0,0,0,0,0},8}]},
 {turn_whitelist,[{{127,0,0,1},32},
                  {{203,0,113,113},32},
                  {{8193,3512,0,0,0,0,0,0},64}]},
 {auth_realm,<<"eturnal.net">>},
 {server_name,<<"eturnal">>},
 {auth_fun,fun eturnal:get_password/2},
 {hook_fun,fun eturnal:run_hook/2}] (eturnal:start_listeners/0:394)
2023-07-21 14:11:21.998825+00:00 [info] Listening on 127.0.0.1:34781 (auto) (STUN only) (eturnal:start_listeners/0:401)
2023-07-21 14:11:21.998955+00:00 [debug] Started 3 modules (eturnal:init/1:105)
2023-07-21 14:11:21.999040+00:00 [debug] Started 4 listeners (eturnal:init/1:106)
2023-07-21 14:11:21.999151+00:00 [debug] PROGRESS REPORT:
    supervisor: {local,eturnal_sup}
    started: [{pid,<0.1204.0>},
              {id,eturnal},
              {mfargs,{eturnal,start_link,[]}},
              {restart_type,permanent},
              {significant,false},
              {shutdown,5000},
              {child_type,worker}]
 (supervisor:report_progress/2:1563)
2023-07-21 14:11:21.999261+00:00 [debug] No NOTIFY_SOCKET, dropping READY=1 notification (eturnal_systemd:handle_cast/2:110)
2023-07-21 14:11:21.999272+00:00 [debug] PROGRESS REPORT:
    application: eturnal
    started_at: nonode@nohost
 (application_controller:info_started/2:2117)
2023-07-21 14:11:21.999371+00:00 [debug] Watchdog interval is undefined, hibernating (eturnal_systemd:get_timeout/1:163)
2023-07-21 14:11:22.032676+00:00 [debug] Handling API call: get_info() (eturnal_ctl:get_info/0:134)
2023-07-21 14:11:22.033274+00:00 [debug] eturnal call (get_info) returned {ok,
                                  {eturnal_node_info,<<"1.10.1">>,
                                   {"26","14.0"},
                                   5514,0,165,147541661,1,61305808}} (eturnal_ctl:call/1:451)
2023-07-21 14:11:22.058606+00:00 [debug] Handling API call: get_sessions() (eturnal_ctl:get_sessions/0:105)
2023-07-21 14:11:22.083633+00:00 [debug] Handling API call: get_sessions("alice") (eturnal_ctl:get_sessions/1:115)
2023-07-21 14:11:22.083996+00:00 [debug] Handling API call: disconnect(alice) (eturnal_ctl:disconnect/1:183)
2023-07-21 14:11:22.084124+00:00 [debug] Cannot convert user name to binary: alice (eturnal_ctl:disconnect/1:193)
2023-07-21 14:11:22.108590+00:00 [debug] Handling API call: disconnect("alice") (eturnal_ctl:disconnect/1:183)
2023-07-21 14:11:22.108994+00:00 [debug] Handling API call: disconnect(alice) (eturnal_ctl:disconnect/1:183)
2023-07-21 14:11:22.109089+00:00 [debug] Cannot convert user name to binary: alice (eturnal_ctl:disconnect/1:193)
2023-07-21 14:11:22.133901+00:00 [debug] Handling API call: get_credentials("2009-10-30 11:00:00Z", []) (eturnal_ctl:get_credentials/2:59)
2023-07-21 14:11:22.134164+00:00 [debug] eturnal call ({get_password,<<"1256900400">>}) returned {ok,
                                                         <<"uEKlpcME7MNMMVRV8rUFPCTIFEs=">>} (eturnal_ctl:call/1:451)
2023-07-21 14:11:22.134406+00:00 [debug] Handling API call: get_credentials("86400", "alice") (eturnal_ctl:get_credentials/2:59)
2023-07-21 14:11:22.134562+00:00 [debug] eturnal call ({get_password,<<"1690035082:alice">>}) returned {ok,
                                                               <<"PpwKTvwW/qlCSi+DKBfO6tJs+FM=">>} (eturnal_ctl:call/1:451)
2023-07-21 14:11:22.134689+00:00 [debug] Handling API call: get_password("1690035082:alice") (eturnal_ctl:get_password/1:78)
2023-07-21 14:11:22.134840+00:00 [debug] eturnal call ({get_password,<<"1690035082:alice">>}) returned {ok,
                                                               <<"PpwKTvwW/qlCSi+DKBfO6tJs+FM=">>} (eturnal_ctl:call/1:451)
2023-07-21 14:11:22.135028+00:00 [debug] Handling API call: get_credentials("86400s", "alice") (eturnal_ctl:get_credentials/2:59)
2023-07-21 14:11:22.135153+00:00 [debug] eturnal call ({get_password,<<"1690035082:alice">>}) returned {ok,
                                                               <<"PpwKTvwW/qlCSi+DKBfO6tJs+FM=">>} (eturnal_ctl:call/1:451)
2023-07-21 14:11:22.135282+00:00 [debug] Handling API call: get_password("1690035082:alice") (eturnal_ctl:get_password/1:78)
2023-07-21 14:11:22.135386+00:00 [debug] eturnal call ({get_password,<<"1690035082:alice">>}) returned {ok,
                                                               <<"PpwKTvwW/qlCSi+DKBfO6tJs+FM=">>} (eturnal_ctl:call/1:451)
2023-07-21 14:11:22.135535+00:00 [debug] Handling API call: get_credentials("1440m", "alice") (eturnal_ctl:get_credentials/2:59)
2023-07-21 14:11:22.135653+00:00 [debug] eturnal call ({get_password,<<"1690035082:alice">>}) returned {ok,
                                                               <<"PpwKTvwW/qlCSi+DKBfO6tJs+FM=">>} (eturnal_ctl:call/1:451)
2023-07-21 14:11:22.135765+00:00 [debug] Handling API call: get_password("1690035082:alice") (eturnal_ctl:get_password/1:78)
2023-07-21 14:11:22.135864+00:00 [debug] eturnal call ({get_password,<<"1690035082:alice">>}) returned {ok,
                                                               <<"PpwKTvwW/qlCSi+DKBfO6tJs+FM=">>} (eturnal_ctl:call/1:451)
2023-07-21 14:11:22.136013+00:00 [debug] Handling API call: get_credentials("24h", "alice") (eturnal_ctl:get_credentials/2:59)
2023-07-21 14:11:22.136121+00:00 [debug] eturnal call ({get_password,<<"1690035082:alice">>}) returned {ok,
                                                               <<"PpwKTvwW/qlCSi+DKBfO6tJs+FM=">>} (eturnal_ctl:call/1:451)
2023-07-21 14:11:22.136242+00:00 [debug] Handling API call: get_password("1690035082:alice") (eturnal_ctl:get_password/1:78)
2023-07-21 14:11:22.136341+00:00 [debug] eturnal call ({get_password,<<"1690035082:alice">>}) returned {ok,
                                                               <<"PpwKTvwW/qlCSi+DKBfO6tJs+FM=">>} (eturnal_ctl:call/1:451)
2023-07-21 14:11:22.136502+00:00 [debug] Handling API call: get_credentials("1d", "alice") (eturnal_ctl:get_credentials/2:59)
2023-07-21 14:11:22.136619+00:00 [debug] eturnal call ({get_password,<<"1690035082:alice">>}) returned {ok,
                                                               <<"PpwKTvwW/qlCSi+DKBfO6tJs+FM=">>} (eturnal_ctl:call/1:451)
2023-07-21 14:11:22.136729+00:00 [debug] Handling API call: get_password("1690035082:alice") (eturnal_ctl:get_password/1:78)
2023-07-21 14:11:22.136821+00:00 [debug] eturnal call ({get_password,<<"1690035082:alice">>}) returned {ok,
                                                               <<"PpwKTvwW/qlCSi+DKBfO6tJs+FM=">>} (eturnal_ctl:call/1:451)
2023-07-21 14:11:22.137019+00:00 [debug] Handling API call: get_password("Invalid") (eturnal_ctl:get_password/1:78)
2023-07-21 14:11:22.137104+00:00 [debug] Invalid user name: Invalid (eturnal_ctl:get_password/1:92)
2023-07-21 14:11:22.137187+00:00 [debug] Handling API call: get_credentials("Invalid", []) (eturnal_ctl:get_credentials/2:59)
2023-07-21 14:11:22.137283+00:00 [debug] Invalid argument(s): "Invalid":[] (eturnal_ctl:get_credentials/2:72)
2023-07-21 14:11:22.137357+00:00 [debug] Handling API call: get_password(invalid) (eturnal_ctl:get_password/1:78)
2023-07-21 14:11:22.137448+00:00 [debug] Cannot convert user name to binary: invalid (eturnal_ctl:get_password/1:99)
2023-07-21 14:11:22.137563+00:00 [debug] Handling API call: get_credentials(invalid, []) (eturnal_ctl:get_credentials/2:59)
2023-07-21 14:11:22.137646+00:00 [debug] Invalid argument(s): invalid:[] (eturnal_ctl:get_credentials/2:72)
2023-07-21 14:11:22.137747+00:00 [debug] Handling API call: get_password([invalid]) (eturnal_ctl:get_password/1:78)
2023-07-21 14:11:22.137833+00:00 [debug] Cannot convert user name to binary: [invalid] (eturnal_ctl:get_password/1:99)
2023-07-21 14:11:22.137906+00:00 [debug] Handling API call: get_credentials([invalid], []) (eturnal_ctl:get_credentials/2:59)
2023-07-21 14:11:22.137987+00:00 [debug] Invalid argument(s): [invalid]:[] (eturnal_ctl:get_credentials/2:72)
2023-07-21 14:11:22.138106+00:00 [debug] Handling API call: get_credentials(1256900400, invalid) (eturnal_ctl:get_credentials/2:59)
2023-07-21 14:11:22.138184+00:00 [debug] Invalid argument(s): 1256900400:invalid (eturnal_ctl:get_credentials/2:72)
2023-07-21 14:11:22.162575+00:00 [debug] Handling API call: set_loglevel(debug) (eturnal_ctl:set_loglevel/1:164)
2023-07-21 14:11:22.162828+00:00 [debug] eturnal call ({set_loglevel,debug}) returned ok (eturnal_ctl:call/1:448)
2023-07-21 14:11:22.162999+00:00 [debug] Handling API call: get_loglevel() (eturnal_ctl:get_loglevel/0:154)
2023-07-21 14:11:22.163103+00:00 [debug] eturnal call (get_loglevel) returned {ok,debug} (eturnal_ctl:call/1:451)
2023-07-21 14:11:22.163298+00:00 [debug] Handling API call: set_loglevel(invalid) (eturnal_ctl:set_loglevel/1:164)
2023-07-21 14:11:22.163451+00:00 [debug] Invalid log level: invalid (eturnal_ctl:set_loglevel/1:174)
2023-07-21 14:11:22.163624+00:00 [debug] Handling API call: get_loglevel() (eturnal_ctl:get_loglevel/0:154)
2023-07-21 14:11:22.164245+00:00 [debug] eturnal call (get_loglevel) returned {ok,debug} (eturnal_ctl:call/1:451)
2023-07-21 14:11:22.188189+00:00 [debug] Handling API call: get_version() (eturnal_ctl:get_version/0:144)
2023-07-21 14:11:22.188397+00:00 [debug] eturnal call (get_version) returned {ok,<<"1.10.1">>} (eturnal_ctl:call/1:451)
2023-07-21 14:11:22.213497+00:00 [debug] Handling API call: reload() (eturnal_ctl:reload/0:199)
2023-07-21 14:11:22.215473+00:00 [debug] Calling mod_log_stun:options/0 (eturnal_module:options/1:192)
2023-07-21 14:11:22.215623+00:00 [debug] Calling mod_stats_influx:options/0 (eturnal_module:options/1:192)
2023-07-21 14:11:22.215705+00:00 [debug] Calling mod_stats_prometheus:options/0 (eturnal_module:options/1:192)
2023-07-21 14:11:22.216414+00:00 [warning] TLS enabled without 'tls_crt_file', creating self-signed certificate (eturnal:check_pem_file/0:744)
2023-07-21 14:11:23.160327+00:00 [info] Using new TLS certificate (eturnal:reload/1:573)
2023-07-21 14:11:23.160873+00:00 [debug] Calling mod_log_stun:stop/1 (eturnal_module:stop/1:163)
2023-07-21 14:11:23.160984+00:00 [debug] Stopping mod_log_stun (mod_log_stun:stop/0:49)
2023-07-21 14:11:23.161082+00:00 [info] Stopped mod_log_stun (eturnal:stop_modules/1:374)
2023-07-21 14:11:23.162269+00:00 [debug] Calling mod_stats_influx:stop/1 (eturnal_module:stop/1:163)
2023-07-21 14:11:23.162587+00:00 [debug] Stopping mod_stats_influx (mod_stats_influx:stop/0:61)
2023-07-21 14:11:23.162703+00:00 [info] Stopped mod_stats_influx (eturnal:stop_modules/1:374)
2023-07-21 14:11:23.164378+00:00 [debug] Calling mod_stats_prometheus:stop/1 (eturnal_module:stop/1:163)
2023-07-21 14:11:23.164765+00:00 [debug] Stopping mod_stats_prometheus (mod_stats_prometheus:stop/0:110)
2023-07-21 14:11:23.165971+00:00 [info] Stopped mod_stats_prometheus (eturnal:stop_modules/1:374)
2023-07-21 14:11:23.166122+00:00 [debug] Calling mod_log_stun:start/0 (eturnal_module:start/1:143)
2023-07-21 14:11:23.166268+00:00 [debug] Starting mod_log_stun (mod_log_stun:start/0:38)
2023-07-21 14:11:23.167686+00:00 [info] Started mod_log_stun (eturnal:start_modules/0:361)
2023-07-21 14:11:23.167984+00:00 [debug] Calling mod_stats_influx:start/0 (eturnal_module:start/1:143)
2023-07-21 14:11:23.168377+00:00 [debug] Starting mod_stats_influx (mod_stats_influx:start/0:37)
2023-07-21 14:11:23.169038+00:00 [debug] Dependency influx_udp was available already (eturnal_module:ensure_dep/2:284)
2023-07-21 14:11:23.169507+00:00 [info]     options: #{port => 8089,host => "localhost",pool_size => 1,
               max_overflow => 1}
    msg: Start clients pool
    host: {127,0,0,1} (influx_udp:start_pool_/2:239)
2023-07-21 14:11:23.170423+00:00 [info] Started mod_stats_influx (eturnal:start_modules/0:361)
2023-07-21 14:11:23.170954+00:00 [debug] Calling mod_stats_prometheus:start/0 (eturnal_module:start/1:143)
2023-07-21 14:11:23.171059+00:00 [debug] Starting mod_stats_prometheus (mod_stats_prometheus:start/0:56)
2023-07-21 14:11:23.171218+00:00 [debug] Dependency prometheus_httpd was available already (eturnal_module:ensure_dep/2:284)
2023-07-21 14:11:23.171898+00:00 [debug] PROGRESS REPORT:
    supervisor: {local,httpd_instance_sup__127_0_0_1__9081default}
    started: [{pid,<0.1377.0>},
              {id,{httpd_connection_sup,{127,0,0,1},9081,default}},
              {mfargs,{httpd_connection_sup,start_link,[[{127,0,0,1},9081]]}},
              {restart_type,permanent},
              {significant,false},
              {shutdown,5000},
              {child_type,supervisor}]
 (supervisor:report_progress/2:1563)
2023-07-21 14:11:23.172609+00:00 [debug] PROGRESS REPORT:
    supervisor: {local,httpd_acceptor_sup__127_0_0_1__9081default}
    started: [{pid,<0.1381.0>},
              {id,{httpd_acceptor_sup,{127,0,0,1},9081,default}},
              {mfargs,{httpd_acceptor,start_link,
                                      [httpd__127_0_0_1__9081default,ip_comm,
                                       {127,0,0,1},
                                       9081,inet,
                                       httpd_conf__127_0_0_1__9081default,
                                       15000]}},
              {restart_type,transient},
              {significant,false},
              {shutdown,brutal_kill},
              {child_type,worker}]
 (supervisor:report_progress/2:1563)
2023-07-21 14:11:23.172756+00:00 [debug] PROGRESS REPORT:
    supervisor: {local,httpd_instance_sup__127_0_0_1__9081default}
    started: [{pid,<0.1380.0>},
              {id,{httpd_acceptor_sup,{127,0,0,1},9081,default}},
              {mfargs,
                  {httpd_acceptor_sup,start_link,
                      [[{127,0,0,1},
                        9081,
                        [{bind_address,{127,0,0,1}},
                         {socket_type,ip_comm},
                         {port,9081},
                         {server_root,"run/mod_stats_prometheus/doc"},
                         {document_root,"run/mod_stats_prometheus/doc"},
                         {server_name,"Prometheus Exporter"},
                         {modules,[prometheus_httpd]}],
                        15000,undefined]]}},
              {restart_type,permanent},
              {significant,false},
              {shutdown,infinity},
              {child_type,supervisor}]
 (supervisor:report_progress/2:1563)
2023-07-21 14:11:23.172925+00:00 [debug] PROGRESS REPORT:
    supervisor: {local,httpd_instance_sup__127_0_0_1__9081default}
    started: [{pid,<0.1382.0>},
              {id,{httpd_misc_sup,{127,0,0,1},9081,default}},
              {mfargs,{httpd_misc_sup,start_link,[{127,0,0,1},9081,default]}},
              {restart_type,permanent},
              {significant,false},
              {shutdown,infinity},
              {child_type,supervisor}]
 (supervisor:report_progress/2:1563)
2023-07-21 14:11:23.173591+00:00 [debug] PROGRESS REPORT:
    supervisor: {local,httpd_instance_sup__127_0_0_1__9081default}
    started: [{pid,<0.1383.0>},
              {id,{httpd_manager,{127,0,0,1},9081,default}},
              {mfargs,
                  {httpd_manager,start_link,
                      [undefined,
                       [{bind_address,{127,0,0,1}},
                        {socket_type,ip_comm},
                        {port,9081},
                        {server_root,"run/mod_stats_prometheus/doc"},
                        {document_root,"run/mod_stats_prometheus/doc"},
                        {server_name,"Prometheus Exporter"},
                        {modules,[prometheus_httpd]}],
                       15000]}},
              {restart_type,permanent},
              {significant,false},
              {shutdown,4000},
              {child_type,worker}]
 (supervisor:report_progress/2:1563)
2023-07-21 14:11:23.173777+00:00 [debug] PROGRESS REPORT:
    supervisor: {local,httpd_sup}
    started: [{pid,<0.1376.0>},
              {id,{httpd_instance_sup,{127,0,0,1},9081,default}},
              {mfargs,
                  {httpd_instance_sup,start_link,
                      [[{bind_address,{127,0,0,1}},
                        {socket_type,ip_comm},
                        {port,9081},
                        {server_root,"run/mod_stats_prometheus/doc"},
                        {document_root,"run/mod_stats_prometheus/doc"},
                        {server_name,"Prometheus Exporter"},
                        {modules,[prometheus_httpd]}],
                       15000,[]]}},
              {restart_type,permanent},
              {significant,false},
              {shutdown,infinity},
              {child_type,supervisor}]
 (supervisor:report_progress/2:1563)
2023-07-21 14:11:23.174157+00:00 [info] Started mod_stats_prometheus (eturnal:start_modules/0:361)
2023-07-21 14:11:23.174293+00:00 [debug] Restarted modules (eturnal:reload/1:581)
2023-07-21 14:11:23.174461+00:00 [debug] eturnal call (reload) returned ok (eturnal_ctl:call/1:448)
2023-07-21 14:11:23.174802+00:00 [debug] Handling API call: reload() (eturnal_ctl:reload/0:199)
2023-07-21 14:11:23.177123+00:00 [debug] Calling mod_log_stun:options/0 (eturnal_module:options/1:192)
2023-07-21 14:11:23.177260+00:00 [debug] Calling mod_stats_influx:options/0 (eturnal_module:options/1:192)
2023-07-21 14:11:23.177352+00:00 [debug] Calling mod_stats_prometheus:options/0 (eturnal_module:options/1:192)
2023-07-21 14:11:23.178490+00:00 [debug] Keeping PEM file (run/cert.pem) (eturnal:check_pem_file/0:741)
2023-07-21 14:11:23.178736+00:00 [debug] TLS certificate unchanged (eturnal:reload/1:575)
2023-07-21 14:11:23.179131+00:00 [debug] Calling mod_log_stun:stop/1 (eturnal_module:stop/1:163)
2023-07-21 14:11:23.179410+00:00 [debug] Stopping mod_log_stun (mod_log_stun:stop/0:49)
2023-07-21 14:11:23.179517+00:00 [info] Stopped mod_log_stun (eturnal:stop_modules/1:374)
2023-07-21 14:11:23.180938+00:00 [debug] Calling mod_stats_influx:stop/1 (eturnal_module:stop/1:163)
2023-07-21 14:11:23.181090+00:00 [debug] Stopping mod_stats_influx (mod_stats_influx:stop/0:61)
2023-07-21 14:11:23.181404+00:00 [info] Stopped mod_stats_influx (eturnal:stop_modules/1:374)
2023-07-21 14:11:23.182462+00:00 [debug] Calling mod_stats_prometheus:stop/1 (eturnal_module:stop/1:163)
2023-07-21 14:11:23.182626+00:00 [debug] Stopping mod_stats_prometheus (mod_stats_prometheus:stop/0:110)
2023-07-21 14:11:23.182851+00:00 [info] Stopped mod_stats_prometheus (eturnal:stop_modules/1:374)
2023-07-21 14:11:23.183008+00:00 [debug] Calling mod_log_stun:start/0 (eturnal_module:start/1:143)
2023-07-21 14:11:23.183098+00:00 [debug] Starting mod_log_stun (mod_log_stun:start/0:38)
2023-07-21 14:11:23.183295+00:00 [info] Started mod_log_stun (eturnal:start_modules/0:361)
2023-07-21 14:11:23.183373+00:00 [debug] Calling mod_stats_influx:start/0 (eturnal_module:start/1:143)
2023-07-21 14:11:23.183453+00:00 [debug] Starting mod_stats_influx (mod_stats_influx:start/0:37)
2023-07-21 14:11:23.183531+00:00 [debug] Dependency influx_udp was available already (eturnal_module:ensure_dep/2:284)
2023-07-21 14:11:23.184069+00:00 [info]     options: #{port => 8089,host => "localhost",pool_size => 1,
               max_overflow => 1}
    msg: Start clients pool
    host: {127,0,0,1} (influx_udp:start_pool_/2:239)
2023-07-21 14:11:23.185611+00:00 [info] Started mod_stats_influx (eturnal:start_modules/0:361)
2023-07-21 14:11:23.185832+00:00 [debug] Calling mod_stats_prometheus:start/0 (eturnal_module:start/1:143)
2023-07-21 14:11:23.185928+00:00 [debug] Starting mod_stats_prometheus (mod_stats_prometheus:start/0:56)
2023-07-21 14:11:23.186357+00:00 [debug] Dependency prometheus_httpd was available already (eturnal_module:ensure_dep/2:284)
2023-07-21 14:11:23.187666+00:00 [debug] PROGRESS REPORT:
    supervisor: {local,httpd_instance_sup__127_0_0_1__9081default}
    started: [{pid,<0.1414.0>},
              {id,{httpd_connection_sup,{127,0,0,1},9081,default}},
              {mfargs,{httpd_connection_sup,start_link,[[{127,0,0,1},9081]]}},
              {restart_type,permanent},
              {significant,false},
              {shutdown,5000},
              {child_type,supervisor}]
 (supervisor:report_progress/2:1563)
2023-07-21 14:11:23.188001+00:00 [debug] PROGRESS REPORT:
    supervisor: {local,httpd_acceptor_sup__127_0_0_1__9081default}
    started: [{pid,<0.1416.0>},
              {id,{httpd_acceptor_sup,{127,0,0,1},9081,default}},
              {mfargs,{httpd_acceptor,start_link,
                                      [httpd__127_0_0_1__9081default,ip_comm,
                                       {127,0,0,1},
                                       9081,inet,
                                       httpd_conf__127_0_0_1__9081default,
                                       15000]}},
              {restart_type,transient},
              {significant,false},
              {shutdown,brutal_kill},
              {child_type,worker}]
 (supervisor:report_progress/2:1563)
2023-07-21 14:11:23.188131+00:00 [debug] PROGRESS REPORT:
    supervisor: {local,httpd_instance_sup__127_0_0_1__9081default}
    started: [{pid,<0.1415.0>},
              {id,{httpd_acceptor_sup,{127,0,0,1},9081,default}},
              {mfargs,
                  {httpd_acceptor_sup,start_link,
                      [[{127,0,0,1},
                        9081,
                        [{bind_address,{127,0,0,1}},
                         {socket_type,ip_comm},
                         {port,9081},
                         {server_root,"run/mod_stats_prometheus/doc"},
                         {document_root,"run/mod_stats_prometheus/doc"},
                         {server_name,"Prometheus Exporter"},
                         {modules,[prometheus_httpd]}],
                        15000,undefined]]}},
              {restart_type,permanent},
              {significant,false},
              {shutdown,infinity},
              {child_type,supervisor}]
 (supervisor:report_progress/2:1563)
2023-07-21 14:11:23.188267+00:00 [debug] PROGRESS REPORT:
    supervisor: {local,httpd_instance_sup__127_0_0_1__9081default}
    started: [{pid,<0.1417.0>},
              {id,{httpd_misc_sup,{127,0,0,1},9081,default}},
              {mfargs,{httpd_misc_sup,start_link,[{127,0,0,1},9081,default]}},
              {restart_type,permanent},
              {significant,false},
              {shutdown,infinity},
              {child_type,supervisor}]
 (supervisor:report_progress/2:1563)
2023-07-21 14:11:23.188968+00:00 [debug] PROGRESS REPORT:
    supervisor: {local,httpd_instance_sup__127_0_0_1__9081default}
    started: [{pid,<0.1418.0>},
              {id,{httpd_manager,{127,0,0,1},9081,default}},
              {mfargs,
                  {httpd_manager,start_link,
                      [undefined,
                       [{bind_address,{127,0,0,1}},
                        {socket_type,ip_comm},
                        {port,9081},
                        {server_root,"run/mod_stats_prometheus/doc"},
                        {document_root,"run/mod_stats_prometheus/doc"},
                        {server_name,"Prometheus Exporter"},
                        {modules,[prometheus_httpd]}],
                       15000]}},
              {restart_type,permanent},
              {significant,false},
              {shutdown,4000},
              {child_type,worker}]
 (supervisor:report_progress/2:1563)
2023-07-21 14:11:23.189138+00:00 [debug] PROGRESS REPORT:
    supervisor: {local,httpd_sup}
    started: [{pid,<0.1413.0>},
              {id,{httpd_instance_sup,{127,0,0,1},9081,default}},
              {mfargs,
                  {httpd_instance_sup,start_link,
                      [[{bind_address,{127,0,0,1}},
                        {socket_type,ip_comm},
                        {port,9081},
                        {server_root,"run/mod_stats_prometheus/doc"},
                        {document_root,"run/mod_stats_prometheus/doc"},
                        {server_name,"Prometheus Exporter"},
                        {modules,[prometheus_httpd]}],
                       15000,[]]}},
              {restart_type,permanent},
              {significant,false},
              {shutdown,infinity},
              {child_type,supervisor}]
 (supervisor:report_progress/2:1563)
2023-07-21 14:11:23.189356+00:00 [info] Started mod_stats_prometheus (eturnal:start_modules/0:361)
2023-07-21 14:11:23.189484+00:00 [debug] Restarted modules (eturnal:reload/1:581)
2023-07-21 14:11:23.189621+00:00 [debug] eturnal call (reload) returned ok (eturnal_ctl:call/1:448)
2023-07-21 14:11:23.217810+00:00 [info] Accepting connection: 127.0.0.1:47604 -> 127.0.0.1:34780 [TCP, session 2fvkhyyt6vdn] (stun_acceptor:accept/3:158)
2023-07-21 14:11:23.241609+00:00 [info] Accepting connection: 127.0.0.1:48280 -> 127.0.0.1:53490 [TLS, session 80exra7tr1lg] (stun_acceptor:accept/3:158)
2023-07-21 14:11:23.266850+00:00 [debug] Received:
#stun{class = request,method = 3,magic = 554869826,
      trid = 45499641489242711788915683725,raw = <<>>,unsupported = [],
      'ALTERNATE-SERVER' = undefined,'CHANNEL-NUMBER' = undefined,
      'DATA' = undefined,'DONT-FRAGMENT' = false,'ERROR-CODE' = undefined,
      'LIFETIME' = undefined,'MAPPED-ADDRESS' = undefined,
      'MESSAGE-INTEGRITY' = undefined,'NONCE' = undefined,'REALM' = undefined,
      'REQUESTED-ADDRESS-FAMILY' = undefined,
      'REQUESTED-TRANSPORT' = undefined,'SOFTWARE' = undefined,
      'UNKNOWN-ATTRIBUTES' = [],'USERNAME' = undefined,
      'XOR-MAPPED-ADDRESS' = undefined,'XOR-PEER-ADDRESS' = [],
      'XOR-RELAYED-ADDRESS' = undefined} (stun:udp_recv/5:112)
2023-07-21 14:11:23.267032+00:00 [debug] Sending:
#stun{class = error,method = 3,magic = 554869826,
      trid = 45499641489242711788915683725,raw = <<>>,unsupported = [],
      'ALTERNATE-SERVER' = undefined,'CHANNEL-NUMBER' = undefined,
      'DATA' = undefined,'DONT-FRAGMENT' = false,
      'ERROR-CODE' = {401,<<"Unauthorized">>},
      'LIFETIME' = undefined,'MAPPED-ADDRESS' = undefined,
      'MESSAGE-INTEGRITY' = undefined,'NONCE' = <<"3899468064">>,
      'REALM' = <<"eturnal.net">>,'REQUESTED-ADDRESS-FAMILY' = undefined,
      'REQUESTED-TRANSPORT' = undefined,'SOFTWARE' = <<"eturnal">>,
      'UNKNOWN-ATTRIBUTES' = [],'USERNAME' = undefined,
      'XOR-MAPPED-ADDRESS' = undefined,'XOR-PEER-ADDRESS' = [],
      'XOR-RELAYED-ADDRESS' = undefined} (stun:send/3:462)
2023-07-21 14:11:23.267301+00:00 [debug] Received:
#stun{class = request,method = 3,magic = 554869826,
      trid = 56928876036329450869431040185,
      raw = <<0,3,0,80,33,18,164,66,183,242,118,105,201,141,174,229,176,241,
              120,185,0,25,0,4,17,0,0,0,0,6,0,10,50,49,52,53,57,49,51,50,48,48,
              0,0,0,20,0,11,101,116,117,114,110,97,108,46,110,101,116,0,0,21,0,
              10,51,56,57,57,52,54,56,48,54,52,0,0>>,
      unsupported = [],'ALTERNATE-SERVER' = undefined,
      'CHANNEL-NUMBER' = undefined,'DATA' = undefined,'DONT-FRAGMENT' = false,
      'ERROR-CODE' = undefined,'LIFETIME' = undefined,
      'MAPPED-ADDRESS' = undefined,
      'MESSAGE-INTEGRITY' = <<139,212,239,143,99,103,95,105,210,7,153,46,1,75,
                              249,130,21,103,62,43>>,
      'NONCE' = <<"3899468064">>,'REALM' = <<"eturnal.net">>,
      'REQUESTED-ADDRESS-FAMILY' = undefined,'REQUESTED-TRANSPORT' = udp,
      'SOFTWARE' = undefined,'UNKNOWN-ATTRIBUTES' = [],
      'USERNAME' = <<"2145913200">>,'XOR-MAPPED-ADDRESS' = undefined,
      'XOR-PEER-ADDRESS' = [],'XOR-RELAYED-ADDRESS' = undefined} (stun:udp_recv/5:112)
2023-07-21 14:11:23.267461+00:00 [debug] Looking up password for: 2145913200 [UDP, session 398mvfl5ei98, user 2145913200, client 127.0.0.1:38783] (eturnal:get_password/2:238)
2023-07-21 14:11:23.267544+00:00 [info] Accepting long-term STUN/TURN authentication [UDP, session 398mvfl5ei98, user 2145913200, client 127.0.0.1:38783] (stun:process/2:253)
2023-07-21 14:11:23.267669+00:00 [debug] Running 'turn_session_start' hook [UDP, session 398mvfl5ei98, user 2145913200, client 127.0.0.1:38783] (turn:run_hook/3:740)
2023-07-21 14:11:23.267728+00:00 [debug] Got 'turn_session_start' event [UDP, session 398mvfl5ei98, user 2145913200, client 127.0.0.1:38783] (eturnal_module:handle_event/2:177)
2023-07-21 14:11:23.267777+00:00 [debug] Calling mod_stats_prometheus:handle_event/2 [UDP, session 398mvfl5ei98, user 2145913200, client 127.0.0.1:38783] (eturnal_module:handle_event/2:180)
2023-07-21 14:11:23.267838+00:00 [debug] Observing started TURN session 398mvfl5ei98 for Prometheus [UDP, session 398mvfl5ei98, user 2145913200, client 127.0.0.1:38783] (mod_stats_prometheus:on_turn_session_start/1:174)
2023-07-21 14:11:23.268034+00:00 [notice] Creating TURN allocation (lifetime: 600 seconds) [UDP, session 398mvfl5ei98, user 2145913200, client 127.0.0.1:38783, relay 127.0.0.1:51256] (turn:wait_for_allocate/2:219)
2023-07-21 14:11:23.268141+00:00 [debug] Sending:
#stun{class = response,method = 3,magic = 554869826,
      trid = 56928876036329450869431040185,raw = <<>>,unsupported = [],
      'ALTERNATE-SERVER' = undefined,'CHANNEL-NUMBER' = undefined,
      'DATA' = undefined,'DONT-FRAGMENT' = false,'ERROR-CODE' = undefined,
      'LIFETIME' = 600,'MAPPED-ADDRESS' = undefined,
      'MESSAGE-INTEGRITY' = undefined,'NONCE' = undefined,'REALM' = undefined,
      'REQUESTED-ADDRESS-FAMILY' = undefined,
      'REQUESTED-TRANSPORT' = undefined,'SOFTWARE' = <<"eturnal">>,
      'UNKNOWN-ATTRIBUTES' = [],'USERNAME' = undefined,
      'XOR-MAPPED-ADDRESS' = {{127,0,0,1},38783},
      'XOR-PEER-ADDRESS' = [],
      'XOR-RELAYED-ADDRESS' = {{127,0,0,1},51256}} (turn:send/2:542)
2023-07-21 14:11:23.268381+00:00 [debug] Received:
#stun{class = request,method = 4,magic = 554869826,
      trid = 32973796528755446251726058086,
      raw = <<0,4,0,80,33,18,164,66,106,139,73,3,148,29,242,240,109,200,50,102,
              0,6,0,10,50,49,52,53,57,49,51,50,48,48,0,0,0,20,0,11,101,116,117,
              114,110,97,108,46,110,101,116,0,0,21,0,10,51,56,57,57,52,54,56,
              48,54,52,0,0,0,13,0,4,0,0,0,0>>,
      unsupported = [],'ALTERNATE-SERVER' = undefined,
      'CHANNEL-NUMBER' = undefined,'DATA' = undefined,'DONT-FRAGMENT' = false,
      'ERROR-CODE' = undefined,'LIFETIME' = 0,'MAPPED-ADDRESS' = undefined,
      'MESSAGE-INTEGRITY' = <<176,122,20,131,193,121,228,175,193,41,203,185,
                              117,130,15,28,170,109,238,230>>,
      'NONCE' = <<"3899468064">>,'REALM' = <<"eturnal.net">>,
      'REQUESTED-ADDRESS-FAMILY' = undefined,
      'REQUESTED-TRANSPORT' = undefined,'SOFTWARE' = undefined,
      'UNKNOWN-ATTRIBUTES' = [],'USERNAME' = <<"2145913200">>,
      'XOR-MAPPED-ADDRESS' = undefined,'XOR-PEER-ADDRESS' = [],
      'XOR-RELAYED-ADDRESS' = undefined} (stun:udp_recv/5:112)
2023-07-21 14:11:23.268505+00:00 [debug] Looking up password for: 2145913200 [UDP, session yv3yzke8gugl, user 2145913200, client 127.0.0.1:38783] (eturnal:get_password/2:238)
2023-07-21 14:11:23.268566+00:00 [info] Accepting long-term STUN/TURN authentication [UDP, session yv3yzke8gugl, user 2145913200, client 127.0.0.1:38783] (stun:process/2:253)
2023-07-21 14:11:23.268616+00:00 [info] Client requested closing the TURN session [UDP, session 398mvfl5ei98, user 2145913200, client 127.0.0.1:38783, relay 127.0.0.1:51256] (turn:active/2:278)
2023-07-21 14:11:23.268745+00:00 [debug] Sending:
#stun{class = response,method = 4,magic = 554869826,
      trid = 32973796528755446251726058086,raw = <<>>,unsupported = [],
      'ALTERNATE-SERVER' = undefined,'CHANNEL-NUMBER' = undefined,
      'DATA' = undefined,'DONT-FRAGMENT' = false,'ERROR-CODE' = undefined,
      'LIFETIME' = 0,'MAPPED-ADDRESS' = undefined,
      'MESSAGE-INTEGRITY' = undefined,'NONCE' = undefined,'REALM' = undefined,
      'REQUESTED-ADDRESS-FAMILY' = undefined,
      'REQUESTED-TRANSPORT' = undefined,'SOFTWARE' = <<"eturnal">>,
      'UNKNOWN-ATTRIBUTES' = [],'USERNAME' = undefined,
      'XOR-MAPPED-ADDRESS' = undefined,'XOR-PEER-ADDRESS' = [],
      'XOR-RELAYED-ADDRESS' = undefined} (turn:send/2:542)
2023-07-21 14:11:23.268879+00:00 [info] Deleting TURN allocation [UDP, session 398mvfl5ei98, user 2145913200, client 127.0.0.1:38783, relay 127.0.0.1:51256] (turn:terminate/3:475)
2023-07-21 14:11:23.268942+00:00 [notice] Relayed 0 KiB (in 0 B / 0 packets, out 0 B / 0 packets), duration: 0 seconds [UDP, session 398mvfl5ei98, user 2145913200, client 127.0.0.1:38783, relay 127.0.0.1:51256] (turn:terminate/3:482)
2023-07-21 14:11:23.268996+00:00 [debug] Running 'turn_session_stop' hook [UDP, session 398mvfl5ei98, user 2145913200, client 127.0.0.1:38783, relay 127.0.0.1:51256] (turn:run_hook/3:740)
2023-07-21 14:11:23.269040+00:00 [debug] Got 'turn_session_stop' event [UDP, session 398mvfl5ei98, user 2145913200, client 127.0.0.1:38783, relay 127.0.0.1:51256] (eturnal_module:handle_event/2:177)
2023-07-21 14:11:23.269072+00:00 [debug] Calling mod_stats_influx:handle_event/2 [UDP, session 398mvfl5ei98, user 2145913200, client 127.0.0.1:38783, relay 127.0.0.1:51256] (eturnal_module:handle_event/2:180)
2023-07-21 14:11:23.269108+00:00 [debug] Writing stats of TURN session 398mvfl5ei98 to InfluxDB [UDP, session 398mvfl5ei98, user 2145913200, client 127.0.0.1:38783, relay 127.0.0.1:51256] (mod_stats_influx:on_turn_session_stop/1:87)
2023-07-21 14:11:23.269317+00:00 [debug] Calling mod_stats_prometheus:handle_event/2 [UDP, session 398mvfl5ei98, user 2145913200, client 127.0.0.1:38783, relay 127.0.0.1:51256] (eturnal_module:handle_event/2:180)
2023-07-21 14:11:23.269378+00:00 [debug] Observing stopped TURN session 398mvfl5ei98 for Prometheus [UDP, session 398mvfl5ei98, user 2145913200, client 127.0.0.1:38783, relay 127.0.0.1:51256] (mod_stats_prometheus:on_turn_session_stop/1:187)
2023-07-21 14:11:23.293933+00:00 [debug] Received:
#stun{class = request,method = 1,magic = 554869826,
      trid = 73646449718347780927682676011,raw = <<>>,unsupported = [],
      'ALTERNATE-SERVER' = undefined,'CHANNEL-NUMBER' = undefined,
      'DATA' = undefined,'DONT-FRAGMENT' = false,'ERROR-CODE' = undefined,
      'LIFETIME' = undefined,'MAPPED-ADDRESS' = undefined,
      'MESSAGE-INTEGRITY' = undefined,'NONCE' = undefined,'REALM' = undefined,
      'REQUESTED-ADDRESS-FAMILY' = undefined,
      'REQUESTED-TRANSPORT' = undefined,'SOFTWARE' = undefined,
      'UNKNOWN-ATTRIBUTES' = [],'USERNAME' = undefined,
      'XOR-MAPPED-ADDRESS' = undefined,'XOR-PEER-ADDRESS' = [],
      'XOR-RELAYED-ADDRESS' = undefined} (stun:udp_recv/5:112)
2023-07-21 14:11:23.294051+00:00 [debug] Responding to STUN request [UDP, session 870ue9kpfsdj, anonymous, client 127.0.0.1:57208] (stun:process/4:321)
2023-07-21 14:11:23.294096+00:00 [debug] Running 'stun_query' hook [UDP, session 870ue9kpfsdj, anonymous, client 127.0.0.1:57208] (stun:run_hook/3:839)
2023-07-21 14:11:23.294166+00:00 [debug] Got 'stun_query' event [UDP, session 870ue9kpfsdj, anonymous, client 127.0.0.1:57208] (eturnal_module:handle_event/2:177)
2023-07-21 14:11:23.294205+00:00 [debug] Calling mod_log_stun:handle_event/2 [UDP, session 870ue9kpfsdj, anonymous, client 127.0.0.1:57208] (eturnal_module:handle_event/2:180)
2023-07-21 14:11:23.294290+00:00 [info] Responding to STUN request [UDP, session 870ue9kpfsdj, anonymous, client 127.0.0.1:57208] (mod_log_stun:handle_event/2:44)
2023-07-21 14:11:23.294331+00:00 [debug] Calling mod_stats_influx:handle_event/2 [UDP, session 870ue9kpfsdj, anonymous, client 127.0.0.1:57208] (eturnal_module:handle_event/2:180)
2023-07-21 14:11:23.294362+00:00 [debug] Writing STUN query event to InfluxDB [UDP, session 870ue9kpfsdj, anonymous, client 127.0.0.1:57208] (mod_stats_influx:on_stun_query/1:76)
2023-07-21 14:11:23.294738+00:00 [debug] Calling mod_stats_prometheus:handle_event/2 [UDP, session 870ue9kpfsdj, anonymous, client 127.0.0.1:57208] (eturnal_module:handle_event/2:180)
2023-07-21 14:11:23.294818+00:00 [debug] Observing STUN query for Prometheus [UDP, session 870ue9kpfsdj, anonymous, client 127.0.0.1:57208] (mod_stats_prometheus:on_stun_query/1:166)
2023-07-21 14:11:23.294937+00:00 [debug] Sending:
#stun{class = response,method = 1,magic = 554869826,
      trid = 73646449718347780927682676011,raw = <<>>,unsupported = [],
      'ALTERNATE-SERVER' = undefined,'CHANNEL-NUMBER' = undefined,
      'DATA' = undefined,'DONT-FRAGMENT' = false,'ERROR-CODE' = undefined,
      'LIFETIME' = undefined,'MAPPED-ADDRESS' = undefined,
      'MESSAGE-INTEGRITY' = undefined,'NONCE' = undefined,'REALM' = undefined,
      'REQUESTED-ADDRESS-FAMILY' = undefined,
      'REQUESTED-TRANSPORT' = undefined,'SOFTWARE' = <<"eturnal">>,
      'UNKNOWN-ATTRIBUTES' = [],'USERNAME' = undefined,
      'XOR-MAPPED-ADDRESS' = {{127,0,0,1},57208},
      'XOR-PEER-ADDRESS' = [],'XOR-RELAYED-ADDRESS' = undefined} (stun:send/3:462)
2023-07-21 14:11:23.319864+00:00 [info] Accepting connection: 127.0.0.1:59182 -> 127.0.0.1:34780 [TCP, session 7gl9ss9h6cw0] (stun_acceptor:accept/3:158)
2023-07-21 14:11:23.320149+00:00 [debug] Received:
#stun{class = request,method = 1,magic = 554869826,
      trid = 42341694177988873568107980595,raw = <<>>,unsupported = [],
      'ALTERNATE-SERVER' = undefined,'CHANNEL-NUMBER' = undefined,
      'DATA' = undefined,'DONT-FRAGMENT' = false,'ERROR-CODE' = undefined,
      'LIFETIME' = undefined,'MAPPED-ADDRESS' = undefined,
      'MESSAGE-INTEGRITY' = undefined,'NONCE' = undefined,'REALM' = undefined,
      'REQUESTED-ADDRESS-FAMILY' = undefined,
      'REQUESTED-TRANSPORT' = undefined,'SOFTWARE' = undefined,
      'UNKNOWN-ATTRIBUTES' = [],'USERNAME' = undefined,
      'XOR-MAPPED-ADDRESS' = undefined,'XOR-PEER-ADDRESS' = [],
      'XOR-RELAYED-ADDRESS' = undefined} (stun:process_data/3:419)
2023-07-21 14:11:23.320247+00:00 [debug] Responding to STUN request [TCP, session 7gl9ss9h6cw0, anonymous, client 127.0.0.1:59182] (stun:process/4:321)
2023-07-21 14:11:23.320295+00:00 [debug] Running 'stun_query' hook [TCP, session 7gl9ss9h6cw0, anonymous, client 127.0.0.1:59182] (stun:run_hook/3:839)
2023-07-21 14:11:23.320361+00:00 [debug] Got 'stun_query' event [TCP, session 7gl9ss9h6cw0, anonymous, client 127.0.0.1:59182] (eturnal_module:handle_event/2:177)
2023-07-21 14:11:23.320397+00:00 [debug] Calling mod_log_stun:handle_event/2 [TCP, session 7gl9ss9h6cw0, anonymous, client 127.0.0.1:59182] (eturnal_module:handle_event/2:180)
2023-07-21 14:11:23.320456+00:00 [info] Responding to STUN request [TCP, session 7gl9ss9h6cw0, anonymous, client 127.0.0.1:59182] (mod_log_stun:handle_event/2:44)
2023-07-21 14:11:23.320489+00:00 [debug] Calling mod_stats_influx:handle_event/2 [TCP, session 7gl9ss9h6cw0, anonymous, client 127.0.0.1:59182] (eturnal_module:handle_event/2:180)
2023-07-21 14:11:23.320521+00:00 [debug] Writing STUN query event to InfluxDB [TCP, session 7gl9ss9h6cw0, anonymous, client 127.0.0.1:59182] (mod_stats_influx:on_stun_query/1:76)
2023-07-21 14:11:23.320779+00:00 [debug] Calling mod_stats_prometheus:handle_event/2 [TCP, session 7gl9ss9h6cw0, anonymous, client 127.0.0.1:59182] (eturnal_module:handle_event/2:180)
2023-07-21 14:11:23.320845+00:00 [debug] Observing STUN query for Prometheus [TCP, session 7gl9ss9h6cw0, anonymous, client 127.0.0.1:59182] (mod_stats_prometheus:on_stun_query/1:166)
2023-07-21 14:11:23.320959+00:00 [debug] Sending:
#stun{class = response,method = 1,magic = 554869826,
      trid = 42341694177988873568107980595,raw = <<>>,unsupported = [],
      'ALTERNATE-SERVER' = undefined,'CHANNEL-NUMBER' = undefined,
      'DATA' = undefined,'DONT-FRAGMENT' = false,'ERROR-CODE' = undefined,
      'LIFETIME' = undefined,'MAPPED-ADDRESS' = undefined,
      'MESSAGE-INTEGRITY' = undefined,'NONCE' = undefined,'REALM' = undefined,
      'REQUESTED-ADDRESS-FAMILY' = undefined,
      'REQUESTED-TRANSPORT' = undefined,'SOFTWARE' = <<"P1 STUN library">>,
      'UNKNOWN-ATTRIBUTES' = [],'USERNAME' = undefined,
      'XOR-MAPPED-ADDRESS' = {{127,0,0,1},59182},
      'XOR-PEER-ADDRESS' = [],'XOR-RELAYED-ADDRESS' = undefined} (stun:send/3:462)
2023-07-21 14:11:23.321263+00:00 [info] Connection reset by peer [TCP, session 7gl9ss9h6cw0, anonymous, client 127.0.0.1:59182] (stun:handle_info/3:172)
2023-07-21 14:11:23.345976+00:00 [info] Accepting connection: 127.0.0.1:39312 -> 127.0.0.1:53490 [TLS, session kn7fpcwmb2lv] (stun_acceptor:accept/3:158)
2023-07-21 14:11:24.354746+00:00 [debug] Received:
#stun{class = request,method = 1,magic = 554869826,
      trid = 4912672716931178148277610889,raw = <<>>,unsupported = [],
      'ALTERNATE-SERVER' = undefined,'CHANNEL-NUMBER' = undefined,
      'DATA' = undefined,'DONT-FRAGMENT' = false,'ERROR-CODE' = undefined,
      'LIFETIME' = undefined,'MAPPED-ADDRESS' = undefined,
      'MESSAGE-INTEGRITY' = undefined,'NONCE' = undefined,'REALM' = undefined,
      'REQUESTED-ADDRESS-FAMILY' = undefined,
      'REQUESTED-TRANSPORT' = undefined,'SOFTWARE' = undefined,
      'UNKNOWN-ATTRIBUTES' = [],'USERNAME' = undefined,
      'XOR-MAPPED-ADDRESS' = undefined,'XOR-PEER-ADDRESS' = [],
      'XOR-RELAYED-ADDRESS' = undefined} (stun:process_data/3:419)
2023-07-21 14:11:24.354902+00:00 [debug] Responding to STUN request [TLS, session kn7fpcwmb2lv, anonymous, client 127.0.0.1:39312] (stun:process/4:321)
2023-07-21 14:11:24.354962+00:00 [debug] Running 'stun_query' hook [TLS, session kn7fpcwmb2lv, anonymous, client 127.0.0.1:39312] (stun:run_hook/3:839)
2023-07-21 14:11:24.355065+00:00 [debug] Got 'stun_query' event [TLS, session kn7fpcwmb2lv, anonymous, client 127.0.0.1:39312] (eturnal_module:handle_event/2:177)
2023-07-21 14:11:24.355106+00:00 [debug] Calling mod_log_stun:handle_event/2 [TLS, session kn7fpcwmb2lv, anonymous, client 127.0.0.1:39312] (eturnal_module:handle_event/2:180)
2023-07-21 14:11:24.355203+00:00 [info] Responding to STUN request [TLS, session kn7fpcwmb2lv, anonymous, client 127.0.0.1:39312] (mod_log_stun:handle_event/2:44)
2023-07-21 14:11:24.355244+00:00 [debug] Calling mod_stats_influx:handle_event/2 [TLS, session kn7fpcwmb2lv, anonymous, client 127.0.0.1:39312] (eturnal_module:handle_event/2:180)
2023-07-21 14:11:24.355280+00:00 [debug] Writing STUN query event to InfluxDB [TLS, session kn7fpcwmb2lv, anonymous, client 127.0.0.1:39312] (mod_stats_influx:on_stun_query/1:76)
2023-07-21 14:11:24.355559+00:00 [debug] Calling mod_stats_prometheus:handle_event/2 [TLS, session kn7fpcwmb2lv, anonymous, client 127.0.0.1:39312] (eturnal_module:handle_event/2:180)
2023-07-21 14:11:24.355679+00:00 [debug] Observing STUN query for Prometheus [TLS, session kn7fpcwmb2lv, anonymous, client 127.0.0.1:39312] (mod_stats_prometheus:on_stun_query/1:166)
2023-07-21 14:11:24.355811+00:00 [debug] Sending:
#stun{class = response,method = 1,magic = 554869826,
      trid = 4912672716931178148277610889,raw = <<>>,unsupported = [],
      'ALTERNATE-SERVER' = undefined,'CHANNEL-NUMBER' = undefined,
      'DATA' = undefined,'DONT-FRAGMENT' = false,'ERROR-CODE' = undefined,
      'LIFETIME' = undefined,'MAPPED-ADDRESS' = undefined,
      'MESSAGE-INTEGRITY' = undefined,'NONCE' = undefined,'REALM' = undefined,
      'REQUESTED-ADDRESS-FAMILY' = undefined,
      'REQUESTED-TRANSPORT' = undefined,'SOFTWARE' = <<"P1 STUN library">>,
      'UNKNOWN-ATTRIBUTES' = [],'USERNAME' = undefined,
      'XOR-MAPPED-ADDRESS' = {{127,0,0,1},39312},
      'XOR-PEER-ADDRESS' = [],'XOR-RELAYED-ADDRESS' = undefined} (stun:send/3:462)
2023-07-21 14:11:24.356167+00:00 [info] Connection reset by peer [TLS, session kn7fpcwmb2lv, anonymous, client 127.0.0.1:39312] (stun:handle_info/3:172)
2023-07-21 14:11:24.380794+00:00 [info] Accepting connection: 127.0.0.1:57982 -> 127.0.0.1:34781 [TCP|TLS, session b4to301ghq3q] (stun_acceptor:accept/3:158)
2023-07-21 14:11:24.380943+00:00 [debug] Determined transport protocol: TCP (stun:is_tls_handshake/1:785)
2023-07-21 14:11:24.381207+00:00 [debug] Received:
#stun{class = request,method = 1,magic = 554869826,
      trid = 3273531264111431938735393579,raw = <<>>,unsupported = [],
      'ALTERNATE-SERVER' = undefined,'CHANNEL-NUMBER' = undefined,
      'DATA' = undefined,'DONT-FRAGMENT' = false,'ERROR-CODE' = undefined,
      'LIFETIME' = undefined,'MAPPED-ADDRESS' = undefined,
      'MESSAGE-INTEGRITY' = undefined,'NONCE' = undefined,'REALM' = undefined,
      'REQUESTED-ADDRESS-FAMILY' = undefined,
      'REQUESTED-TRANSPORT' = undefined,'SOFTWARE' = undefined,
      'UNKNOWN-ATTRIBUTES' = [],'USERNAME' = undefined,
      'XOR-MAPPED-ADDRESS' = undefined,'XOR-PEER-ADDRESS' = [],
      'XOR-RELAYED-ADDRESS' = undefined} (stun:process_data/3:419)
2023-07-21 14:11:24.381316+00:00 [debug] Responding to STUN request [TCP, session b4to301ghq3q, anonymous, client 127.0.0.1:57982] (stun:process/4:321)
2023-07-21 14:11:24.381368+00:00 [debug] Running 'stun_query' hook [TCP, session b4to301ghq3q, anonymous, client 127.0.0.1:57982] (stun:run_hook/3:839)
2023-07-21 14:11:24.381417+00:00 [debug] Got 'stun_query' event [TCP, session b4to301ghq3q, anonymous, client 127.0.0.1:57982] (eturnal_module:handle_event/2:177)
2023-07-21 14:11:24.381458+00:00 [debug] Calling mod_log_stun:handle_event/2 [TCP, session b4to301ghq3q, anonymous, client 127.0.0.1:57982] (eturnal_module:handle_event/2:180)
2023-07-21 14:11:24.381518+00:00 [info] Responding to STUN request [TCP, session b4to301ghq3q, anonymous, client 127.0.0.1:57982] (mod_log_stun:handle_event/2:44)
2023-07-21 14:11:24.381555+00:00 [debug] Calling mod_stats_influx:handle_event/2 [TCP, session b4to301ghq3q, anonymous, client 127.0.0.1:57982] (eturnal_module:handle_event/2:180)
2023-07-21 14:11:24.381594+00:00 [debug] Writing STUN query event to InfluxDB [TCP, session b4to301ghq3q, anonymous, client 127.0.0.1:57982] (mod_stats_influx:on_stun_query/1:76)
2023-07-21 14:11:24.381775+00:00 [debug] Calling mod_stats_prometheus:handle_event/2 [TCP, session b4to301ghq3q, anonymous, client 127.0.0.1:57982] (eturnal_module:handle_event/2:180)
2023-07-21 14:11:24.381832+00:00 [debug] Observing STUN query for Prometheus [TCP, session b4to301ghq3q, anonymous, client 127.0.0.1:57982] (mod_stats_prometheus:on_stun_query/1:166)
2023-07-21 14:11:24.381901+00:00 [debug] Sending:
#stun{class = response,method = 1,magic = 554869826,
      trid = 3273531264111431938735393579,raw = <<>>,unsupported = [],
      'ALTERNATE-SERVER' = undefined,'CHANNEL-NUMBER' = undefined,
      'DATA' = undefined,'DONT-FRAGMENT' = false,'ERROR-CODE' = undefined,
      'LIFETIME' = undefined,'MAPPED-ADDRESS' = undefined,
      'MESSAGE-INTEGRITY' = undefined,'NONCE' = undefined,'REALM' = undefined,
      'REQUESTED-ADDRESS-FAMILY' = undefined,
      'REQUESTED-TRANSPORT' = undefined,'SOFTWARE' = <<"P1 STUN library">>,
      'UNKNOWN-ATTRIBUTES' = [],'USERNAME' = undefined,
      'XOR-MAPPED-ADDRESS' = {{127,0,0,1},57982},
      'XOR-PEER-ADDRESS' = [],'XOR-RELAYED-ADDRESS' = undefined} (stun:send/3:462)
2023-07-21 14:11:24.382212+00:00 [info] Connection reset by peer [TCP, session b4to301ghq3q, anonymous, client 127.0.0.1:57982] (stun:handle_info/3:172)
2023-07-21 14:11:24.410716+00:00 [info] Accepting connection: 127.0.0.1:57996 -> 127.0.0.1:34781 [TCP|TLS, session lflzfmyoz6wh] (stun_acceptor:accept/3:158)
2023-07-21 14:11:24.411007+00:00 [debug] Determined transport protocol: TLS (stun:is_tls_handshake/1:782)
2023-07-21 14:11:25.419767+00:00 [debug] Received:
#stun{class = request,method = 1,magic = 554869826,
      trid = 70361942548918284138611513859,raw = <<>>,unsupported = [],
      'ALTERNATE-SERVER' = undefined,'CHANNEL-NUMBER' = undefined,
      'DATA' = undefined,'DONT-FRAGMENT' = false,'ERROR-CODE' = undefined,
      'LIFETIME' = undefined,'MAPPED-ADDRESS' = undefined,
      'MESSAGE-INTEGRITY' = undefined,'NONCE' = undefined,'REALM' = undefined,
      'REQUESTED-ADDRESS-FAMILY' = undefined,
      'REQUESTED-TRANSPORT' = undefined,'SOFTWARE' = undefined,
      'UNKNOWN-ATTRIBUTES' = [],'USERNAME' = undefined,
      'XOR-MAPPED-ADDRESS' = undefined,'XOR-PEER-ADDRESS' = [],
      'XOR-RELAYED-ADDRESS' = undefined} (stun:process_data/3:419)
2023-07-21 14:11:25.419943+00:00 [debug] Responding to STUN request [TLS, session lflzfmyoz6wh, anonymous, client 127.0.0.1:57996] (stun:process/4:321)
2023-07-21 14:11:25.420061+00:00 [debug] Running 'stun_query' hook [TLS, session lflzfmyoz6wh, anonymous, client 127.0.0.1:57996] (stun:run_hook/3:839)
2023-07-21 14:11:25.420122+00:00 [debug] Got 'stun_query' event [TLS, session lflzfmyoz6wh, anonymous, client 127.0.0.1:57996] (eturnal_module:handle_event/2:177)
2023-07-21 14:11:25.420179+00:00 [debug] Calling mod_log_stun:handle_event/2 [TLS, session lflzfmyoz6wh, anonymous, client 127.0.0.1:57996] (eturnal_module:handle_event/2:180)
2023-07-21 14:11:25.420231+00:00 [info] Responding to STUN request [TLS, session lflzfmyoz6wh, anonymous, client 127.0.0.1:57996] (mod_log_stun:handle_event/2:44)
2023-07-21 14:11:25.420295+00:00 [debug] Calling mod_stats_influx:handle_event/2 [TLS, session lflzfmyoz6wh, anonymous, client 127.0.0.1:57996] (eturnal_module:handle_event/2:180)
2023-07-21 14:11:25.420340+00:00 [debug] Writing STUN query event to InfluxDB [TLS, session lflzfmyoz6wh, anonymous, client 127.0.0.1:57996] (mod_stats_influx:on_stun_query/1:76)
2023-07-21 14:11:25.420540+00:00 [debug] Calling mod_stats_prometheus:handle_event/2 [TLS, session lflzfmyoz6wh, anonymous, client 127.0.0.1:57996] (eturnal_module:handle_event/2:180)
2023-07-21 14:11:25.420595+00:00 [debug] Observing STUN query for Prometheus [TLS, session lflzfmyoz6wh, anonymous, client 127.0.0.1:57996] (mod_stats_prometheus:on_stun_query/1:166)
2023-07-21 14:11:25.420714+00:00 [debug] Sending:
#stun{class = response,method = 1,magic = 554869826,
      trid = 70361942548918284138611513859,raw = <<>>,unsupported = [],
      'ALTERNATE-SERVER' = undefined,'CHANNEL-NUMBER' = undefined,
      'DATA' = undefined,'DONT-FRAGMENT' = false,'ERROR-CODE' = undefined,
      'LIFETIME' = undefined,'MAPPED-ADDRESS' = undefined,
      'MESSAGE-INTEGRITY' = undefined,'NONCE' = undefined,'REALM' = undefined,
      'REQUESTED-ADDRESS-FAMILY' = undefined,
      'REQUESTED-TRANSPORT' = undefined,'SOFTWARE' = <<"P1 STUN library">>,
      'UNKNOWN-ATTRIBUTES' = [],'USERNAME' = undefined,
      'XOR-MAPPED-ADDRESS' = {{127,0,0,1},57996},
      'XOR-PEER-ADDRESS' = [],'XOR-RELAYED-ADDRESS' = undefined} (stun:send/3:462)
2023-07-21 14:11:25.421100+00:00 [info] Connection reset by peer [TLS, session lflzfmyoz6wh, anonymous, client 127.0.0.1:57996] (stun:handle_info/3:172)
2023-07-21 14:11:25.445844+00:00 [debug] Terminating eturnal (shutdown) (eturnal:terminate/2:179)
2023-07-21 14:11:25.445836+00:00 [debug] No NOTIFY_SOCKET, dropping STOPPING=1 notification (eturnal_systemd:handle_cast/2:110)
2023-07-21 14:11:25.446013+00:00 [debug] Watchdog interval is undefined, hibernating (eturnal_systemd:get_timeout/1:163)
2023-07-21 14:11:25.446026+00:00 [info] Stopped listening on 127.0.0.1:34780 (udp) (eturnal:stop_listeners/1:417)
2023-07-21 14:11:25.446525+00:00 [info] Stopped listening on 127.0.0.1:34780 (tcp) (eturnal:stop_listeners/1:417)
2023-07-21 14:11:25.446744+00:00 [info] Stopped listening on 127.0.0.1:53490 (tls) (eturnal:stop_listeners/1:417)
2023-07-21 14:11:25.447163+00:00 [info] Stopped listening on 127.0.0.1:34781 (auto) (eturnal:stop_listeners/1:417)
2023-07-21 14:11:25.447432+00:00 [debug] Calling mod_log_stun:stop/1 (eturnal_module:stop/1:163)
2023-07-21 14:11:25.448055+00:00 [debug] Stopping mod_log_stun (mod_log_stun:stop/0:49)
2023-07-21 14:11:25.448167+00:00 [info] Stopped mod_log_stun (eturnal:stop_modules/1:374)
2023-07-21 14:11:25.449166+00:00 [debug] Calling mod_stats_influx:stop/1 (eturnal_module:stop/1:163)
2023-07-21 14:11:25.449325+00:00 [debug] Stopping mod_stats_influx (mod_stats_influx:stop/0:61)
2023-07-21 14:11:25.449467+00:00 [info] Stopped mod_stats_influx (eturnal:stop_modules/1:374)
2023-07-21 14:11:25.451847+00:00 [debug] Calling mod_stats_prometheus:stop/1 (eturnal_module:stop/1:163)
2023-07-21 14:11:25.452015+00:00 [debug] Stopping mod_stats_prometheus (mod_stats_prometheus:stop/0:110)
2023-07-21 14:11:25.452310+00:00 [info] Stopped mod_stats_prometheus (eturnal:stop_modules/1:374)
2023-07-21 14:11:25.453412+00:00 [debug] Removed run/cert.pem (eturnal:clean_run_dir/0:810)
2023-07-21 14:11:25.453733+00:00 [debug] Terminating eturnal_systemd (shutdown) (eturnal_systemd:terminate/2:137)
2023-07-21 14:11:25.454127+00:00 [notice] Stopping eturnal 1.10.1 on Erlang/OTP 26 (ERTS 14.0) (eturnal_app:stop/1:53)
