=== Suite started at 2026-06-24 18:27:48
=== Starting test, 19 test cases
=cases         19
=user          runner
=host          nohost
=hosts         nohost 
=emulator_vsn  16.4.0.2
=emulator      beam
=otp_release   28
=started       2026-06-24 18:27:48
=case          eturnal_SUITE:init_per_suite
=logfile       eturnal_suite.init_per_suite.html
=started       2026-06-24 18:27:48
=ended         2026-06-24 18:27:48
=result        ok
=elapsed       0.000007s
=case          eturnal_SUITE:start_eturnal
=logfile       eturnal_suite.start_eturnal.html
=started       2026-06-24 18:27:48
=ended         2026-06-24 18:27:49
=result        ok
=elapsed       0.741405s
=case          eturnal_SUITE:check_status
=logfile       eturnal_suite.check_status.html
=started       2026-06-24 18:27:49
=ended         2026-06-24 18:27:49
=result        ok
=elapsed       0.000407s
=case          eturnal_SUITE:check_info
=logfile       eturnal_suite.check_info.html
=started       2026-06-24 18:27:49
=ended         2026-06-24 18:27:49
=result        ok
=elapsed       0.000993s
=case          eturnal_SUITE:check_all_sessions
=logfile       eturnal_suite.check_all_sessions.html
=started       2026-06-24 18:27:49
=ended         2026-06-24 18:27:49
=result        ok
=elapsed       0.000185s
=case          eturnal_SUITE:check_user_sessions
=logfile       eturnal_suite.check_user_sessions.html
=started       2026-06-24 18:27:49
=ended         2026-06-24 18:27:49
=result        ok
=elapsed       0.000927s
=case          eturnal_SUITE:check_disconnect
=logfile       eturnal_suite.check_disconnect.html
=started       2026-06-24 18:27:49
=ended         2026-06-24 18:27:49
=result        ok
=elapsed       0.000644s
=case          eturnal_SUITE:check_credentials
=logfile       eturnal_suite.check_credentials.html
=started       2026-06-24 18:27:49
=ended         2026-06-24 18:27:49
=result        ok
=elapsed       0.012567s
=case          eturnal_SUITE:check_loglevel
=logfile       eturnal_suite.check_loglevel.html
=started       2026-06-24 18:27:49
=ended         2026-06-24 18:27:49
=result        ok
=elapsed       0.000995s
=case          eturnal_SUITE:check_version
=logfile       eturnal_suite.check_version.html
=started       2026-06-24 18:27:49
=ended         2026-06-24 18:27:49
=result        ok
=elapsed       0.000411s
=case          eturnal_SUITE:reload
=logfile       eturnal_suite.reload.html
=started       2026-06-24 18:27:49
=ended         2026-06-24 18:27:50
=result        ok
=elapsed       1.090412s
=case          eturnal_SUITE:connect_tcp
=logfile       eturnal_suite.connect_tcp.html
=started       2026-06-24 18:27:50
=ended         2026-06-24 18:27:50
=result        ok
=elapsed       0.000399s
=case          eturnal_SUITE:connect_tls
=logfile       eturnal_suite.connect_tls.html
=started       2026-06-24 18:27:50
=ended         2026-06-24 18:27:51
=result        ok
=elapsed       0.000926s
=case          eturnal_SUITE:turn_udp
=logfile       eturnal_suite.turn_udp.html
=started       2026-06-24 18:27:51
=ended         2026-06-24 18:27:51
=result        ok
=elapsed       0.013355s
=case          eturnal_SUITE:stun_udp
=logfile       eturnal_suite.stun_udp.html
=started       2026-06-24 18:27:51
=ended         2026-06-24 18:27:51
=result        ok
=elapsed       0.001438s
=case          eturnal_SUITE:stun_tcp
=logfile       eturnal_suite.stun_tcp.html
=started       2026-06-24 18:27:51
=ended         2026-06-24 18:27:51
=result        ok
=elapsed       0.001728s
=case          eturnal_SUITE:stun_tls
=logfile       eturnal_suite.stun_tls.html
=started       2026-06-24 18:27:51
=ended         2026-06-24 18:27:52
=result        ok
=elapsed       1.010408s
=case          eturnal_SUITE:stun_tcp_auto
=logfile       eturnal_suite.stun_tcp_auto.html
=started       2026-06-24 18:27:52
=ended         2026-06-24 18:27:52
=result        ok
=elapsed       0.001815s
=case          eturnal_SUITE:stun_tls_auto
=logfile       eturnal_suite.stun_tls_auto.html
=started       2026-06-24 18:27:52
=ended         2026-06-24 18:27:53
=result        ok
=elapsed       1.010130s
=case          eturnal_SUITE:stop_eturnal
=logfile       eturnal_suite.stop_eturnal.html
=started       2026-06-24 18:27:53
=ended         2026-06-24 18:27:53
=result        ok
=elapsed       0.009173s
=case          eturnal_SUITE:end_per_suite
=logfile       eturnal_suite.end_per_suite.html
=started       2026-06-24 18:27:53
=ended         2026-06-24 18:27:53
=result        ok
=elapsed       0.000001s
=group_time    4.372s
=== TEST COMPLETE, 19 ok, 0 failed of 19 test cases

=finished      2026-06-24 18:27:53
=failed        0
=successful    19
=user_skipped  0
=auto_skipped  0
=elapsed_time  4423103
