=== Suite started at 2025-08-24 16:36:59
=== Starting test, 19 test cases
=cases         19
=user          runner
=host          nohost
=hosts         nohost 
=emulator_vsn  16.0
=emulator      beam
=otp_release   28
=started       2025-08-24 16:36:59
=case          eturnal_SUITE:init_per_suite
=logfile       eturnal_suite.init_per_suite.html
=started       2025-08-24 16:36:59
=ended         2025-08-24 16:36:59
=result        ok
=elapsed       0.000007s
=case          eturnal_SUITE:start_eturnal
=logfile       eturnal_suite.start_eturnal.html
=started       2025-08-24 16:36:59
=ended         2025-08-24 16:37:03
=result        ok
=elapsed       4.081739s
=case          eturnal_SUITE:check_status
=logfile       eturnal_suite.check_status.html
=started       2025-08-24 16:37:03
=ended         2025-08-24 16:37:03
=result        ok
=elapsed       0.000354s
=case          eturnal_SUITE:check_info
=logfile       eturnal_suite.check_info.html
=started       2025-08-24 16:37:03
=ended         2025-08-24 16:37:03
=result        ok
=elapsed       0.000816s
=case          eturnal_SUITE:check_all_sessions
=logfile       eturnal_suite.check_all_sessions.html
=started       2025-08-24 16:37:03
=ended         2025-08-24 16:37:03
=result        ok
=elapsed       0.000238s
=case          eturnal_SUITE:check_user_sessions
=logfile       eturnal_suite.check_user_sessions.html
=started       2025-08-24 16:37:03
=ended         2025-08-24 16:37:03
=result        ok
=elapsed       0.000800s
=case          eturnal_SUITE:check_disconnect
=logfile       eturnal_suite.check_disconnect.html
=started       2025-08-24 16:37:03
=ended         2025-08-24 16:37:03
=result        ok
=elapsed       0.000494s
=case          eturnal_SUITE:check_credentials
=logfile       eturnal_suite.check_credentials.html
=started       2025-08-24 16:37:03
=ended         2025-08-24 16:37:03
=result        ok
=elapsed       0.008367s
=case          eturnal_SUITE:check_loglevel
=logfile       eturnal_suite.check_loglevel.html
=started       2025-08-24 16:37:03
=ended         2025-08-24 16:37:03
=result        ok
=elapsed       0.001120s
=case          eturnal_SUITE:check_version
=logfile       eturnal_suite.check_version.html
=started       2025-08-24 16:37:03
=ended         2025-08-24 16:37:03
=result        ok
=elapsed       0.000391s
=case          eturnal_SUITE:reload
=logfile       eturnal_suite.reload.html
=started       2025-08-24 16:37:03
=ended         2025-08-24 16:37:05
=result        ok
=elapsed       1.960608s
=case          eturnal_SUITE:connect_tcp
=logfile       eturnal_suite.connect_tcp.html
=started       2025-08-24 16:37:05
=ended         2025-08-24 16:37:05
=result        ok
=elapsed       0.000284s
=case          eturnal_SUITE:connect_tls
=logfile       eturnal_suite.connect_tls.html
=started       2025-08-24 16:37:05
=ended         2025-08-24 16:37:05
=result        ok
=elapsed       0.000823s
=case          eturnal_SUITE:turn_udp
=logfile       eturnal_suite.turn_udp.html
=started       2025-08-24 16:37:05
=ended         2025-08-24 16:37:05
=result        ok
=elapsed       0.011407s
=case          eturnal_SUITE:stun_udp
=logfile       eturnal_suite.stun_udp.html
=started       2025-08-24 16:37:05
=ended         2025-08-24 16:37:05
=result        ok
=elapsed       0.001087s
=case          eturnal_SUITE:stun_tcp
=logfile       eturnal_suite.stun_tcp.html
=started       2025-08-24 16:37:05
=ended         2025-08-24 16:37:05
=result        ok
=elapsed       0.001381s
=case          eturnal_SUITE:stun_tls
=logfile       eturnal_suite.stun_tls.html
=started       2025-08-24 16:37:05
=ended         2025-08-24 16:37:06
=result        ok
=elapsed       1.010328s
=case          eturnal_SUITE:stun_tcp_auto
=logfile       eturnal_suite.stun_tcp_auto.html
=started       2025-08-24 16:37:06
=ended         2025-08-24 16:37:06
=result        ok
=elapsed       0.001615s
=case          eturnal_SUITE:stun_tls_auto
=logfile       eturnal_suite.stun_tls_auto.html
=started       2025-08-24 16:37:06
=ended         2025-08-24 16:37:07
=result        ok
=elapsed       1.009228s
=case          eturnal_SUITE:stop_eturnal
=logfile       eturnal_suite.stop_eturnal.html
=started       2025-08-24 16:37:07
=ended         2025-08-24 16:37:07
=result        ok
=elapsed       0.010226s
=case          eturnal_SUITE:end_per_suite
=logfile       eturnal_suite.end_per_suite.html
=started       2025-08-24 16:37:07
=ended         2025-08-24 16:37:07
=result        ok
=elapsed       0.000000s
=group_time    8.565s
=== TEST COMPLETE, 19 ok, 0 failed of 19 test cases

=finished      2025-08-24 16:37:07
=failed        0
=successful    19
=user_skipped  0
=auto_skipped  0
=elapsed_time  8602651
