=== Suite started at 2022-01-03 11:07:59
=== Starting test, 16 test cases
=cases         16
=user          runner
=host          nohost
=hosts         nohost 
=emulator_vsn  12.2
=emulator      beam
=otp_release   24
=started       2022-01-03 11:07:59
=case          eturnal_SUITE:init_per_suite
=logfile       eturnal_suite.init_per_suite.html
=started       2022-01-03 11:07:59
=ended         2022-01-03 11:07:59
=result        ok
=elapsed       0.0
=case          eturnal_SUITE:start_eturnal
=logfile       eturnal_suite.start_eturnal.html
=started       2022-01-03 11:07:59
=ended         2022-01-03 11:08:00
=result        ok
=elapsed       0.446047
=case          eturnal_SUITE:check_info
=logfile       eturnal_suite.check_info.html
=started       2022-01-03 11:08:00
=ended         2022-01-03 11:08:00
=result        ok
=elapsed       8.71e-4
=case          eturnal_SUITE:check_sessions
=logfile       eturnal_suite.check_sessions.html
=started       2022-01-03 11:08:00
=ended         2022-01-03 11:08:00
=result        ok
=elapsed       2.01e-4
=case          eturnal_SUITE:check_credentials
=logfile       eturnal_suite.check_credentials.html
=started       2022-01-03 11:08:00
=ended         2022-01-03 11:08:00
=result        ok
=elapsed       0.009837
=case          eturnal_SUITE:check_loglevel
=logfile       eturnal_suite.check_loglevel.html
=started       2022-01-03 11:08:00
=ended         2022-01-03 11:08:00
=result        ok
=elapsed       0.001312
=case          eturnal_SUITE:check_version
=logfile       eturnal_suite.check_version.html
=started       2022-01-03 11:08:00
=ended         2022-01-03 11:08:00
=result        ok
=elapsed       4.87e-4
=case          eturnal_SUITE:reload
=logfile       eturnal_suite.reload.html
=started       2022-01-03 11:08:00
=ended         2022-01-03 11:08:02
=result        ok
=elapsed       1.734312
=case          eturnal_SUITE:connect_tcp
=logfile       eturnal_suite.connect_tcp.html
=started       2022-01-03 11:08:02
=ended         2022-01-03 11:08:02
=result        ok
=elapsed       4.7e-4
=case          eturnal_SUITE:connect_tls
=logfile       eturnal_suite.connect_tls.html
=started       2022-01-03 11:08:02
=ended         2022-01-03 11:08:02
=result        ok
=elapsed       8.03e-4
=case          eturnal_SUITE:turn_udp
=logfile       eturnal_suite.turn_udp.html
=started       2022-01-03 11:08:02
=ended         2022-01-03 11:08:02
=result        ok
=elapsed       0.010441
=case          eturnal_SUITE:stun_udp
=logfile       eturnal_suite.stun_udp.html
=started       2022-01-03 11:08:02
=ended         2022-01-03 11:08:02
=result        ok
=elapsed       8.93e-4
=case          eturnal_SUITE:stun_tcp
=logfile       eturnal_suite.stun_tcp.html
=started       2022-01-03 11:08:02
=ended         2022-01-03 11:08:02
=result        ok
=elapsed       0.001612
=case          eturnal_SUITE:stun_tls
=logfile       eturnal_suite.stun_tls.html
=started       2022-01-03 11:08:02
=ended         2022-01-03 11:08:02
=result        ok
=elapsed       0.110551
=case          eturnal_SUITE:stun_tcp_auto
=logfile       eturnal_suite.stun_tcp_auto.html
=started       2022-01-03 11:08:02
=ended         2022-01-03 11:08:02
=result        failed: {{badmatch,false},
                        [{eturnal_SUITE,stun_tcp_auto,1,
                             [{file,
                                  "/home/runner/work/eturnal/eturnal/test/eturnal_SUITE.erl"},
                              {line,222}]},
                         {test_server,ts_tc,3,
                             [{file,"test_server.erl"},{line,1783}]},
                         {test_server,run_test_case_eval1,6,
                             [{file,"test_server.erl"},{line,1292}]},
                         {test_server,run_test_case_eval,9,
                             [{file,"test_server.erl"},{line,1224}]}]}, [{eturnal_SUITE,
                                                                          stun_tcp_auto,
                                                                          222},
                                                                         {test_server,
                                                                          ts_tc,
                                                                          1783},
                                                                         {test_server,
                                                                          run_test_case_eval1,
                                                                          1292},
                                                                         {test_server,
                                                                          run_test_case_eval,
                                                                          1224}]
=== *** FAILED test case 14 of 16 ***
=case          eturnal_SUITE:stun_tls_auto
=logfile       eturnal_suite.stun_tls_auto.html
=started       2022-01-03 11:08:02
=ended         2022-01-03 11:08:02
=result        failed: {{badmatch,false},
                        [{eturnal_SUITE,stun_tls_auto,1,
                             [{file,
                                  "/home/runner/work/eturnal/eturnal/test/eturnal_SUITE.erl"},
                              {line,231}]},
                         {test_server,ts_tc,3,
                             [{file,"test_server.erl"},{line,1783}]},
                         {test_server,run_test_case_eval1,6,
                             [{file,"test_server.erl"},{line,1292}]},
                         {test_server,run_test_case_eval,9,
                             [{file,"test_server.erl"},{line,1224}]}]}, [{eturnal_SUITE,
                                                                          stun_tls_auto,
                                                                          231},
                                                                         {test_server,
                                                                          ts_tc,
                                                                          1783},
                                                                         {test_server,
                                                                          run_test_case_eval1,
                                                                          1292},
                                                                         {test_server,
                                                                          run_test_case_eval,
                                                                          1224}]
=== *** FAILED test case 15 of 16 ***
=case          eturnal_SUITE:stop_eturnal
=logfile       eturnal_suite.stop_eturnal.html
=started       2022-01-03 11:08:02
=ended         2022-01-03 11:08:02
=result        ok
=elapsed       0.005871
=case          eturnal_SUITE:end_per_suite
=logfile       eturnal_suite.end_per_suite.html
=started       2022-01-03 11:08:02
=ended         2022-01-03 11:08:02
=result        ok
=elapsed       0.0
=group_time    2.772s
=== TEST COMPLETE, 14 ok, 2 failed of 16 test cases

=finished      2022-01-03 11:08:02
=failed        2
=successful    14
=user_skipped  0
=auto_skipped  0
