2022-07-11 21:38:59.061281+00:00 [notice] Starting eturnal 1.9.0 on Erlang/OTP 25 (ERTS 13.0) (eturnal_app:start/2:35)
2022-07-11 21:38:59.061557+00:00 [debug] Starting supervisor: eturnal_sup (eturnal_sup:start_link/0:32)
2022-07-11 21:38:59.061765+00:00 [debug] Configuring eturnal_sup supervisor: [#{id => systemd,
                                       start =>
                                           {eturnal_systemd,start_link,[]}},
                                     #{id => eturnal,
                                       start => {eturnal,start_link,[]}}] (eturnal_sup:init/0:40)
2022-07-11 21:38:59.063467+00:00 [info] Got no NOTIFY_SOCKET, notifications disabled (eturnal_systemd:init/1:95)
2022-07-11 21:38:59.063701+00:00 [debug] PROGRESS REPORT:
    supervisor: {local,eturnal_sup}
    started: [{pid,<0.941.0>},
              {id,systemd},
              {mfargs,{eturnal_systemd,start_link,[]}},
              {restart_type,permanent},
              {significant,false},
              {shutdown,5000},
              {child_type,worker}]
 (supervisor:report_progress/2:1557)
2022-07-11 21:38:59.063854+00:00 [info] Relay IPv4 address: 127.0.0.1 (port range: 49152-65535) (eturnal:log_relay_addresses/0:271)
2022-07-11 21:38:59.064040+00:00 [info] Relay IPv6 address not configured (eturnal:log_relay_addresses/0:281)
2022-07-11 21:38:59.076400+00:00 [info] Cannot determine control query port: noport (eturnal:log_control_listener/0:296)
2022-07-11 21:38:59.076889+00:00 [debug] Using run directory run (eturnal:ensure_run_dir/0:678)
2022-07-11 21:38:59.077047+00:00 [debug] TURN configuration seems fine (eturnal:check_turn_config/0:490)
2022-07-11 21:38:59.077254+00:00 [warning] TLS enabled without 'tls_crt_file', creating self-signed certificate (eturnal:check_pem_file/0:614)
2022-07-11 21:38:59.860011+00:00 [debug] Calling mod_log_stun:start/0 (eturnal_module:start/1:142)
2022-07-11 21:38:59.860346+00:00 [debug] Starting mod_log_stun (mod_log_stun:start/0:39)
2022-07-11 21:38:59.860633+00:00 [info] Started mod_log_stun (eturnal:start_modules/0:307)
2022-07-11 21:38:59.860774+00:00 [debug] Calling mod_stats_influx:start/0 (eturnal_module:start/1:142)
2022-07-11 21:38:59.860965+00:00 [debug] Starting mod_stats_influx (mod_stats_influx:start/0:38)
2022-07-11 21:38:59.864853+00:00 [debug] PROGRESS REPORT:
    application: ulitos
    started_at: nonode@nohost
 (application_controller:info_started/2:2107)
2022-07-11 21:38:59.867358+00:00 [debug] PROGRESS REPORT:
    application: poolboy
    started_at: nonode@nohost
 (application_controller:info_started/2:2107)
2022-07-11 21:38:59.868672+00:00 [info]     msg: Starting application: influx_udp (influx_udp_app:start/2:10)
2022-07-11 21:38:59.871616+00:00 [debug] PROGRESS REPORT:
    supervisor: {local,influx_udp_sup}
    started: [{pid,<0.963.0>},
              {id,influx_udp},
              {mfargs,{influx_udp,start_link,[]}},
              {restart_type,permanent},
              {significant,false},
              {shutdown,5000},
              {child_type,worker}]
 (supervisor:report_progress/2:1557)
2022-07-11 21:38:59.871825+00:00 [debug] PROGRESS REPORT:
    application: influx_udp
    started_at: nonode@nohost
 (application_controller:info_started/2:2107)
2022-07-11 21:38:59.871915+00:00 [debug] Dependency influx_udp was available already (eturnal_module:ensure_dep/2:283)
2022-07-11 21:38:59.874433+00:00 [info]     host: {127,0,0,1}
    msg: Start clients pool
    options: #{host => "localhost",max_overflow => 1,pool_size => 1,
               port => 8089} (influx_udp:start_pool_/2:239)
2022-07-11 21:38:59.888421+00:00 [info]     msg: Open UDP socket on port
    port: 58211 (influx_udp_worker:init/1:43)
2022-07-11 21:38:59.888709+00:00 [debug] PROGRESS REPORT:
    supervisor: {local,influx_udp_sup}
    started: [{pid,<0.966.0>},
              {id,stats_influx_pool},
              {mfargs,
                  {poolboy,start_link,
                      [[{name,{local,stats_influx_pool}},
                        {worker_module,influx_udp_worker},
                        {size,1},
                        {max_overflow,1}],
                       [{options,
                            #{host => {127,0,0,1},
                              max_overflow => 1,pool_size => 1,
                              port => 8089}}]]}},
              {restart_type,permanent},
              {significant,false},
              {shutdown,5000},
              {child_type,worker}]
 (supervisor:report_progress/2:1557)
2022-07-11 21:38:59.888915+00:00 [info] Started mod_stats_influx (eturnal:start_modules/0:307)
2022-07-11 21:38:59.889078+00:00 [debug] Starting listener 127.0.0.1:34780 (udp) with options:
[{use_turn,true},
 {auth_type,user},
 {turn_ipv4_address,{127,0,0,1}},
 {turn_min_port,49152},
 {turn_max_port,65535},
 {turn_max_allocations,10},
 {turn_max_permissions,10},
 {shaper,100000},
 {turn_blacklist,[{{10,0,0,0},8},
                  {{100,64,0,0},10},
                  {{127,0,0,0},8},
                  {{169,254,0,0},16},
                  {{172,16,0,0},12},
                  {{192,0,0,0},24},
                  {{192,0,2,0},24},
                  {{192,88,99,0},24},
                  {{192,168,0,0},16},
                  {{198,18,0,0},15},
                  {{198,51,100,0},24},
                  {{203,0,113,0},24},
                  {{224,0,0,0},4},
                  {{240,0,0,0},4},
                  {{0,0,0,0,0,0,0,1},128},
                  {{0,0,0,0,0,65535,0,0},96},
                  {{100,65435,0,0,0,0,0,0},96},
                  {{256,0,0,0,0,0,0,0},64},
                  {{8193,3512,0,0,0,0,0,0},32},
                  {{64512,0,0,0,0,0,0,0},7},
                  {{65152,0,0,0,0,0,0,0},10},
                  {{65280,0,0,0,0,0,0,0},8}]},
 {turn_whitelist,[{{127,0,0,1},32},
                  {{203,0,113,113},32},
                  {{8193,3512,0,0,0,0,0,0},64}]},
 {auth_realm,<<"eturnal.net">>},
 {server_name,<<"eturnal">>},
 {auth_fun,fun eturnal:get_password/2},
 {hook_fun,fun eturnal:run_hook/2}] (eturnal:start_listeners/0:340)
2022-07-11 21:38:59.902639+00:00 [info] Listening on 127.0.0.1:34780 (udp) (STUN/TURN) (eturnal:start_listeners/0:345)
2022-07-11 21:38:59.902849+00:00 [debug] Starting listener 127.0.0.1:34780 (tcp) with options:
[{use_turn,false},
 {auth_type,anonymous},
 {turn_ipv4_address,{127,0,0,1}},
 {turn_min_port,49152},
 {turn_max_port,65535},
 {turn_max_allocations,10},
 {turn_max_permissions,10},
 {shaper,100000},
 {turn_blacklist,[{{10,0,0,0},8},
                  {{100,64,0,0},10},
                  {{127,0,0,0},8},
                  {{169,254,0,0},16},
                  {{172,16,0,0},12},
                  {{192,0,0,0},24},
                  {{192,0,2,0},24},
                  {{192,88,99,0},24},
                  {{192,168,0,0},16},
                  {{198,18,0,0},15},
                  {{198,51,100,0},24},
                  {{203,0,113,0},24},
                  {{224,0,0,0},4},
                  {{240,0,0,0},4},
                  {{0,0,0,0,0,0,0,1},128},
                  {{0,0,0,0,0,65535,0,0},96},
                  {{100,65435,0,0,0,0,0,0},96},
                  {{256,0,0,0,0,0,0,0},64},
                  {{8193,3512,0,0,0,0,0,0},32},
                  {{64512,0,0,0,0,0,0,0},7},
                  {{65152,0,0,0,0,0,0,0},10},
                  {{65280,0,0,0,0,0,0,0},8}]},
 {turn_whitelist,[{{127,0,0,1},32},
                  {{203,0,113,113},32},
                  {{8193,3512,0,0,0,0,0,0},64}]},
 {auth_realm,<<"eturnal.net">>},
 {server_name,<<"eturnal">>},
 {auth_fun,fun eturnal:get_password/2},
 {hook_fun,fun eturnal:run_hook/2}] (eturnal:start_listeners/0:340)
2022-07-11 21:38:59.916429+00:00 [info] Listening on 127.0.0.1:34780 (tcp) (STUN only) (eturnal:start_listeners/0:345)
2022-07-11 21:38:59.916647+00:00 [debug] Starting listener 127.0.0.1:53490 (tls) with options:
[{use_turn,false},
 {auth_type,anonymous},
 {tls,true},
 {certfile,<<"run/cert.pem">>},
 {ciphers,<<"HIGH:!aNULL:@STRENGTH">>},
 {protocol_options,<<"no_tlsv1|no_tlsv1_1|cipher_server_preference">>},
 {turn_ipv4_address,{127,0,0,1}},
 {turn_min_port,49152},
 {turn_max_port,65535},
 {turn_max_allocations,10},
 {turn_max_permissions,10},
 {shaper,100000},
 {turn_blacklist,[{{10,0,0,0},8},
                  {{100,64,0,0},10},
                  {{127,0,0,0},8},
                  {{169,254,0,0},16},
                  {{172,16,0,0},12},
                  {{192,0,0,0},24},
                  {{192,0,2,0},24},
                  {{192,88,99,0},24},
                  {{192,168,0,0},16},
                  {{198,18,0,0},15},
                  {{198,51,100,0},24},
                  {{203,0,113,0},24},
                  {{224,0,0,0},4},
                  {{240,0,0,0},4},
                  {{0,0,0,0,0,0,0,1},128},
                  {{0,0,0,0,0,65535,0,0},96},
                  {{100,65435,0,0,0,0,0,0},96},
                  {{256,0,0,0,0,0,0,0},64},
                  {{8193,3512,0,0,0,0,0,0},32},
                  {{64512,0,0,0,0,0,0,0},7},
                  {{65152,0,0,0,0,0,0,0},10},
                  {{65280,0,0,0,0,0,0,0},8}]},
 {turn_whitelist,[{{127,0,0,1},32},
                  {{203,0,113,113},32},
                  {{8193,3512,0,0,0,0,0,0},64}]},
 {auth_realm,<<"eturnal.net">>},
 {server_name,<<"eturnal">>},
 {auth_fun,fun eturnal:get_password/2},
 {hook_fun,fun eturnal:run_hook/2}] (eturnal:start_listeners/0:340)
2022-07-11 21:38:59.917379+00:00 [info] Listening on 127.0.0.1:53490 (tls) (STUN only) (eturnal:start_listeners/0:345)
2022-07-11 21:38:59.917539+00:00 [debug] Starting listener 127.0.0.1:34781 (auto) with options:
[{use_turn,false},
 {auth_type,anonymous},
 {tls,optional},
 {certfile,<<"run/cert.pem">>},
 {ciphers,<<"HIGH:!aNULL:@STRENGTH">>},
 {protocol_options,<<"no_tlsv1|no_tlsv1_1|cipher_server_preference">>},
 {turn_ipv4_address,{127,0,0,1}},
 {turn_min_port,49152},
 {turn_max_port,65535},
 {turn_max_allocations,10},
 {turn_max_permissions,10},
 {shaper,100000},
 {turn_blacklist,[{{10,0,0,0},8},
                  {{100,64,0,0},10},
                  {{127,0,0,0},8},
                  {{169,254,0,0},16},
                  {{172,16,0,0},12},
                  {{192,0,0,0},24},
                  {{192,0,2,0},24},
                  {{192,88,99,0},24},
                  {{192,168,0,0},16},
                  {{198,18,0,0},15},
                  {{198,51,100,0},24},
                  {{203,0,113,0},24},
                  {{224,0,0,0},4},
                  {{240,0,0,0},4},
                  {{0,0,0,0,0,0,0,1},128},
                  {{0,0,0,0,0,65535,0,0},96},
                  {{100,65435,0,0,0,0,0,0},96},
                  {{256,0,0,0,0,0,0,0},64},
                  {{8193,3512,0,0,0,0,0,0},32},
                  {{64512,0,0,0,0,0,0,0},7},
                  {{65152,0,0,0,0,0,0,0},10},
                  {{65280,0,0,0,0,0,0,0},8}]},
 {turn_whitelist,[{{127,0,0,1},32},
                  {{203,0,113,113},32},
                  {{8193,3512,0,0,0,0,0,0},64}]},
 {auth_realm,<<"eturnal.net">>},
 {server_name,<<"eturnal">>},
 {auth_fun,fun eturnal:get_password/2},
 {hook_fun,fun eturnal:run_hook/2}] (eturnal:start_listeners/0:340)
2022-07-11 21:38:59.937156+00:00 [info] Listening on 127.0.0.1:34781 (auto) (STUN only) (eturnal:start_listeners/0:345)
2022-07-11 21:38:59.937387+00:00 [debug] Started 2 modules (eturnal:init/1:96)
2022-07-11 21:38:59.937541+00:00 [debug] Started 4 listeners (eturnal:init/1:97)
2022-07-11 21:38:59.937715+00:00 [debug] PROGRESS REPORT:
    supervisor: {local,eturnal_sup}
    started: [{pid,<0.943.0>},
              {id,eturnal},
              {mfargs,{eturnal,start_link,[]}},
              {restart_type,permanent},
              {significant,false},
              {shutdown,5000},
              {child_type,worker}]
 (supervisor:report_progress/2:1557)
2022-07-11 21:38:59.937868+00:00 [debug] No NOTIFY_SOCKET, dropping READY=1 notification (eturnal_systemd:handle_cast/2:109)
2022-07-11 21:38:59.937981+00:00 [debug] PROGRESS REPORT:
    application: eturnal
    started_at: nonode@nohost
 (application_controller:info_started/2:2107)
2022-07-11 21:38:59.938022+00:00 [debug] Watchdog interval is undefined, hibernating (eturnal_systemd:get_timeout/1:162)
2022-07-11 21:38:59.970476+00:00 [debug] Handling API call: get_info() (eturnal_ctl:get_info/0:135)
2022-07-11 21:38:59.971160+00:00 [debug] eturnal call (get_info) returned {ok,
                                  {eturnal_node_info,<<"1.9.0">>,
                                   {"25","13.0"},
                                   4635,0,137,116989303,1,40231176}} (eturnal_ctl:call/1:452)
2022-07-11 21:38:59.996911+00:00 [debug] Handling API call: get_sessions() (eturnal_ctl:get_sessions/0:106)
2022-07-11 21:39:00.022101+00:00 [debug] Handling API call: get_sessions("alice") (eturnal_ctl:get_sessions/1:116)
2022-07-11 21:39:00.022365+00:00 [debug] Handling API call: disconnect(alice) (eturnal_ctl:disconnect/1:184)
2022-07-11 21:39:00.022500+00:00 [debug] Cannot convert user name to binary: alice (eturnal_ctl:disconnect/1:194)
2022-07-11 21:39:00.049712+00:00 [debug] Handling API call: disconnect("alice") (eturnal_ctl:disconnect/1:184)
2022-07-11 21:39:00.049957+00:00 [debug] Handling API call: disconnect(alice) (eturnal_ctl:disconnect/1:184)
2022-07-11 21:39:00.050088+00:00 [debug] Cannot convert user name to binary: alice (eturnal_ctl:disconnect/1:194)
2022-07-11 21:39:00.076834+00:00 [debug] Handling API call: get_credentials("2009-10-30 11:00:00Z", []) (eturnal_ctl:get_credentials/2:60)
2022-07-11 21:39:00.077131+00:00 [debug] eturnal call ({get_password,<<"1256900400">>}) returned {ok,
                                                         <<"uEKlpcME7MNMMVRV8rUFPCTIFEs=">>} (eturnal_ctl:call/1:452)
2022-07-11 21:39:00.090191+00:00 [debug] Handling API call: get_credentials("86400", "alice") (eturnal_ctl:get_credentials/2:60)
2022-07-11 21:39:00.090482+00:00 [debug] eturnal call ({get_password,<<"1657661940:alice">>}) returned {ok,
                                                               <<"lqkM8o2VgIRhzw1ydxASoIDkgXI=">>} (eturnal_ctl:call/1:452)
2022-07-11 21:39:00.090674+00:00 [debug] Handling API call: get_password("1657661940:alice") (eturnal_ctl:get_password/1:79)
2022-07-11 21:39:00.090823+00:00 [debug] eturnal call ({get_password,<<"1657661940:alice">>}) returned {ok,
                                                               <<"lqkM8o2VgIRhzw1ydxASoIDkgXI=">>} (eturnal_ctl:call/1:452)
2022-07-11 21:39:00.091057+00:00 [debug] Handling API call: get_credentials("86400s", "alice") (eturnal_ctl:get_credentials/2:60)
2022-07-11 21:39:00.091204+00:00 [debug] eturnal call ({get_password,<<"1657661940:alice">>}) returned {ok,
                                                               <<"lqkM8o2VgIRhzw1ydxASoIDkgXI=">>} (eturnal_ctl:call/1:452)
2022-07-11 21:39:00.091355+00:00 [debug] Handling API call: get_password("1657661940:alice") (eturnal_ctl:get_password/1:79)
2022-07-11 21:39:00.091480+00:00 [debug] eturnal call ({get_password,<<"1657661940:alice">>}) returned {ok,
                                                               <<"lqkM8o2VgIRhzw1ydxASoIDkgXI=">>} (eturnal_ctl:call/1:452)
2022-07-11 21:39:00.091660+00:00 [debug] Handling API call: get_credentials("1440m", "alice") (eturnal_ctl:get_credentials/2:60)
2022-07-11 21:39:00.091803+00:00 [debug] eturnal call ({get_password,<<"1657661940:alice">>}) returned {ok,
                                                               <<"lqkM8o2VgIRhzw1ydxASoIDkgXI=">>} (eturnal_ctl:call/1:452)
2022-07-11 21:39:00.091940+00:00 [debug] Handling API call: get_password("1657661940:alice") (eturnal_ctl:get_password/1:79)
2022-07-11 21:39:00.092088+00:00 [debug] eturnal call ({get_password,<<"1657661940:alice">>}) returned {ok,
                                                               <<"lqkM8o2VgIRhzw1ydxASoIDkgXI=">>} (eturnal_ctl:call/1:452)
2022-07-11 21:39:00.092273+00:00 [debug] Handling API call: get_credentials("24h", "alice") (eturnal_ctl:get_credentials/2:60)
2022-07-11 21:39:00.092414+00:00 [debug] eturnal call ({get_password,<<"1657661940:alice">>}) returned {ok,
                                                               <<"lqkM8o2VgIRhzw1ydxASoIDkgXI=">>} (eturnal_ctl:call/1:452)
2022-07-11 21:39:00.092542+00:00 [debug] Handling API call: get_password("1657661940:alice") (eturnal_ctl:get_password/1:79)
2022-07-11 21:39:00.092654+00:00 [debug] eturnal call ({get_password,<<"1657661940:alice">>}) returned {ok,
                                                               <<"lqkM8o2VgIRhzw1ydxASoIDkgXI=">>} (eturnal_ctl:call/1:452)
2022-07-11 21:39:00.092829+00:00 [debug] Handling API call: get_credentials("1d", "alice") (eturnal_ctl:get_credentials/2:60)
2022-07-11 21:39:00.092977+00:00 [debug] eturnal call ({get_password,<<"1657661940:alice">>}) returned {ok,
                                                               <<"lqkM8o2VgIRhzw1ydxASoIDkgXI=">>} (eturnal_ctl:call/1:452)
2022-07-11 21:39:00.093125+00:00 [debug] Handling API call: get_password("1657661940:alice") (eturnal_ctl:get_password/1:79)
2022-07-11 21:39:00.093378+00:00 [debug] eturnal call ({get_password,<<"1657661940:alice">>}) returned {ok,
                                                               <<"lqkM8o2VgIRhzw1ydxASoIDkgXI=">>} (eturnal_ctl:call/1:452)
2022-07-11 21:39:00.093810+00:00 [debug] Handling API call: get_password("Invalid") (eturnal_ctl:get_password/1:79)
2022-07-11 21:39:00.093980+00:00 [debug] Invalid user name: Invalid (eturnal_ctl:get_password/1:93)
2022-07-11 21:39:00.094138+00:00 [debug] Handling API call: get_credentials("Invalid", []) (eturnal_ctl:get_credentials/2:60)
2022-07-11 21:39:00.094270+00:00 [debug] Invalid argument(s): "Invalid":[] (eturnal_ctl:get_credentials/2:73)
2022-07-11 21:39:00.094408+00:00 [debug] Handling API call: get_password(invalid) (eturnal_ctl:get_password/1:79)
2022-07-11 21:39:00.094510+00:00 [debug] Cannot convert user name to binary: invalid (eturnal_ctl:get_password/1:100)
2022-07-11 21:39:00.094608+00:00 [debug] Handling API call: get_credentials(invalid, []) (eturnal_ctl:get_credentials/2:60)
2022-07-11 21:39:00.094760+00:00 [debug] Invalid argument(s): invalid:[] (eturnal_ctl:get_credentials/2:73)
2022-07-11 21:39:00.094889+00:00 [debug] Handling API call: get_password([invalid]) (eturnal_ctl:get_password/1:79)
2022-07-11 21:39:00.095091+00:00 [debug] Cannot convert user name to binary: [invalid] (eturnal_ctl:get_password/1:100)
2022-07-11 21:39:00.095264+00:00 [debug] Handling API call: get_credentials([invalid], []) (eturnal_ctl:get_credentials/2:60)
2022-07-11 21:39:00.095398+00:00 [debug] Invalid argument(s): [invalid]:[] (eturnal_ctl:get_credentials/2:73)
2022-07-11 21:39:00.095558+00:00 [debug] Handling API call: get_credentials(1256900400, invalid) (eturnal_ctl:get_credentials/2:60)
2022-07-11 21:39:00.095732+00:00 [debug] Invalid argument(s): 1256900400:invalid (eturnal_ctl:get_credentials/2:73)
2022-07-11 21:39:00.122765+00:00 [debug] Handling API call: set_loglevel(debug) (eturnal_ctl:set_loglevel/1:165)
2022-07-11 21:39:00.122977+00:00 [debug] eturnal call ({set_loglevel,debug}) returned ok (eturnal_ctl:call/1:449)
2022-07-11 21:39:00.123181+00:00 [debug] Handling API call: get_loglevel() (eturnal_ctl:get_loglevel/0:155)
2022-07-11 21:39:00.123343+00:00 [debug] eturnal call (get_loglevel) returned {ok,debug} (eturnal_ctl:call/1:452)
2022-07-11 21:39:00.123572+00:00 [debug] Handling API call: set_loglevel(invalid) (eturnal_ctl:set_loglevel/1:165)
2022-07-11 21:39:00.123856+00:00 [debug] Invalid log level: invalid (eturnal_ctl:set_loglevel/1:175)
2022-07-11 21:39:00.124041+00:00 [debug] Handling API call: get_loglevel() (eturnal_ctl:get_loglevel/0:155)
2022-07-11 21:39:00.124152+00:00 [debug] eturnal call (get_loglevel) returned {ok,debug} (eturnal_ctl:call/1:452)
2022-07-11 21:39:00.148331+00:00 [debug] Handling API call: get_version() (eturnal_ctl:get_version/0:145)
2022-07-11 21:39:00.148528+00:00 [debug] eturnal call (get_version) returned {ok,<<"1.9.0">>} (eturnal_ctl:call/1:452)
2022-07-11 21:39:00.173166+00:00 [debug] Handling API call: reload() (eturnal_ctl:reload/0:200)
2022-07-11 21:39:00.175781+00:00 [debug] Calling mod_log_stun:options/0 (eturnal_module:options/1:191)
2022-07-11 21:39:00.175968+00:00 [debug] Calling mod_stats_influx:options/0 (eturnal_module:options/1:191)
2022-07-11 21:39:00.176622+00:00 [warning] TLS enabled without 'tls_crt_file', creating self-signed certificate (eturnal:check_pem_file/0:614)
2022-07-11 21:39:00.932170+00:00 [info] Using new TLS certificate (eturnal:handle_call/3:114)
2022-07-11 21:39:00.932424+00:00 [debug] Reloaded configuration (eturnal:handle_call/3:120)
2022-07-11 21:39:00.932655+00:00 [debug] eturnal call (reload) returned ok (eturnal_ctl:call/1:449)
2022-07-11 21:39:00.934084+00:00 [debug] Handling API call: reload() (eturnal_ctl:reload/0:200)
2022-07-11 21:39:00.937124+00:00 [debug] Calling mod_log_stun:options/0 (eturnal_module:options/1:191)
2022-07-11 21:39:00.937664+00:00 [debug] Calling mod_stats_influx:options/0 (eturnal_module:options/1:191)
2022-07-11 21:39:00.938822+00:00 [debug] Keeping PEM file (run/cert.pem) (eturnal:check_pem_file/0:611)
2022-07-11 21:39:00.938990+00:00 [debug] TLS certificate unchanged (eturnal:handle_call/3:116)
2022-07-11 21:39:00.939102+00:00 [debug] Reloaded configuration (eturnal:handle_call/3:120)
2022-07-11 21:39:00.940300+00:00 [debug] eturnal call (reload) returned ok (eturnal_ctl:call/1:449)
2022-07-11 21:39:00.968890+00:00 [info] Accepting connection: 127.0.0.1:34236 -> 127.0.0.1:34780 [TCP, session yjv8vgylf70e] (stun_acceptor:accept/3:148)
2022-07-11 21:39:01.000438+00:00 [info] Accepting connection: 127.0.0.1:46950 -> 127.0.0.1:53490 [TLS, session j0bmsa1mhx5t] (stun_acceptor:accept/3:148)
2022-07-11 21:39:01.043257+00:00 [debug] Received:
#stun{class = request,method = 3,magic = 554869826,
      trid = 75365400100758160750257895536,raw = <<>>,unsupported = [],
      'ALTERNATE-SERVER' = undefined,'CHANNEL-NUMBER' = undefined,
      'DATA' = undefined,'DONT-FRAGMENT' = false,'ERROR-CODE' = undefined,
      'LIFETIME' = undefined,'MAPPED-ADDRESS' = undefined,
      'MESSAGE-INTEGRITY' = undefined,'NONCE' = undefined,'REALM' = undefined,
      'REQUESTED-ADDRESS-FAMILY' = undefined,
      'REQUESTED-TRANSPORT' = undefined,'SOFTWARE' = undefined,
      'UNKNOWN-ATTRIBUTES' = [],'USERNAME' = undefined,
      'XOR-MAPPED-ADDRESS' = undefined,'XOR-PEER-ADDRESS' = [],
      'XOR-RELAYED-ADDRESS' = undefined} (stun:udp_recv/5:111)
2022-07-11 21:39:01.043410+00:00 [debug] Sending:
#stun{class = error,method = 3,magic = 554869826,
      trid = 75365400100758160750257895536,raw = <<>>,unsupported = [],
      'ALTERNATE-SERVER' = undefined,'CHANNEL-NUMBER' = undefined,
      'DATA' = undefined,'DONT-FRAGMENT' = false,
      'ERROR-CODE' = {401,<<"Unauthorized">>},
      'LIFETIME' = undefined,'MAPPED-ADDRESS' = undefined,
      'MESSAGE-INTEGRITY' = undefined,'NONCE' = <<"1593002366">>,
      'REALM' = <<"eturnal.net">>,'REQUESTED-ADDRESS-FAMILY' = undefined,
      'REQUESTED-TRANSPORT' = undefined,'SOFTWARE' = <<"eturnal">>,
      'UNKNOWN-ATTRIBUTES' = [],'USERNAME' = undefined,
      'XOR-MAPPED-ADDRESS' = undefined,'XOR-PEER-ADDRESS' = [],
      'XOR-RELAYED-ADDRESS' = undefined} (stun:send/3:445)
2022-07-11 21:39:01.043840+00:00 [debug] Received:
#stun{class = request,method = 3,magic = 554869826,
      trid = 57255877637849044760731896116,
      raw = <<0,3,0,80,33,18,164,66,185,0,243,178,32,66,3,220,86,200,201,52,0,
              25,0,4,17,0,0,0,0,6,0,10,50,49,52,53,57,49,51,50,48,48,0,0,0,20,
              0,11,101,116,117,114,110,97,108,46,110,101,116,0,0,21,0,10,49,53,
              57,51,48,48,50,51,54,54,0,0>>,
      unsupported = [],'ALTERNATE-SERVER' = undefined,
      'CHANNEL-NUMBER' = undefined,'DATA' = undefined,'DONT-FRAGMENT' = false,
      'ERROR-CODE' = undefined,'LIFETIME' = undefined,
      'MAPPED-ADDRESS' = undefined,
      'MESSAGE-INTEGRITY' = <<116,233,88,250,42,189,77,100,253,6,6,3,59,145,
                              138,192,150,27,175,23>>,
      'NONCE' = <<"1593002366">>,'REALM' = <<"eturnal.net">>,
      'REQUESTED-ADDRESS-FAMILY' = undefined,'REQUESTED-TRANSPORT' = udp,
      'SOFTWARE' = undefined,'UNKNOWN-ATTRIBUTES' = [],
      'USERNAME' = <<"2145913200">>,'XOR-MAPPED-ADDRESS' = undefined,
      'XOR-PEER-ADDRESS' = [],'XOR-RELAYED-ADDRESS' = undefined} (stun:udp_recv/5:111)
2022-07-11 21:39:01.043991+00:00 [debug] Looking up password for: 2145913200 [UDP, session 56muumbos1ks, user 2145913200, client 127.0.0.1:46255] (eturnal:get_password/2:209)
2022-07-11 21:39:01.044080+00:00 [info] Accepting long-term STUN/TURN authentication [UDP, session 56muumbos1ks, user 2145913200, client 127.0.0.1:46255] (stun:process/2:249)
2022-07-11 21:39:01.048790+00:00 [debug] Running 'turn_session_start' hook [UDP, session 56muumbos1ks, user 2145913200, client 127.0.0.1:46255] (turn:run_hook/2:717)
2022-07-11 21:39:01.048906+00:00 [debug] Got 'turn_session_start' event [UDP, session 56muumbos1ks, user 2145913200, client 127.0.0.1:46255] (eturnal_module:handle_event/2:176)
2022-07-11 21:39:01.049268+00:00 [notice] Creating TURN allocation (lifetime: 599 seconds) [UDP, session 56muumbos1ks, user 2145913200, client 127.0.0.1:46255, relay 127.0.0.1:56427] (turn:wait_for_allocate/2:213)
2022-07-11 21:39:01.049401+00:00 [debug] Sending:
#stun{class = response,method = 3,magic = 554869826,
      trid = 57255877637849044760731896116,raw = <<>>,unsupported = [],
      'ALTERNATE-SERVER' = undefined,'CHANNEL-NUMBER' = undefined,
      'DATA' = undefined,'DONT-FRAGMENT' = false,'ERROR-CODE' = undefined,
      'LIFETIME' = 599,'MAPPED-ADDRESS' = undefined,
      'MESSAGE-INTEGRITY' = undefined,'NONCE' = undefined,'REALM' = undefined,
      'REQUESTED-ADDRESS-FAMILY' = undefined,
      'REQUESTED-TRANSPORT' = undefined,'SOFTWARE' = <<"eturnal">>,
      'UNKNOWN-ATTRIBUTES' = [],'USERNAME' = undefined,
      'XOR-MAPPED-ADDRESS' = {{127,0,0,1},46255},
      'XOR-PEER-ADDRESS' = [],
      'XOR-RELAYED-ADDRESS' = {{127,0,0,1},56427}} (turn:send/2:527)
2022-07-11 21:39:01.049772+00:00 [debug] Received:
#stun{class = request,method = 4,magic = 554869826,
      trid = 47984175535974557025946583417,
      raw = <<0,4,0,80,33,18,164,66,155,11,148,104,13,45,42,187,18,68,65,121,0,
              6,0,10,50,49,52,53,57,49,51,50,48,48,0,0,0,20,0,11,101,116,117,
              114,110,97,108,46,110,101,116,0,0,21,0,10,49,53,57,51,48,48,50,
              51,54,54,0,0,0,13,0,4,0,0,0,0>>,
      unsupported = [],'ALTERNATE-SERVER' = undefined,
      'CHANNEL-NUMBER' = undefined,'DATA' = undefined,'DONT-FRAGMENT' = false,
      'ERROR-CODE' = undefined,'LIFETIME' = 0,'MAPPED-ADDRESS' = undefined,
      'MESSAGE-INTEGRITY' = <<47,121,107,175,253,178,241,37,21,185,32,211,163,
                              186,49,169,179,33,124,115>>,
      'NONCE' = <<"1593002366">>,'REALM' = <<"eturnal.net">>,
      'REQUESTED-ADDRESS-FAMILY' = undefined,
      'REQUESTED-TRANSPORT' = undefined,'SOFTWARE' = undefined,
      'UNKNOWN-ATTRIBUTES' = [],'USERNAME' = <<"2145913200">>,
      'XOR-MAPPED-ADDRESS' = undefined,'XOR-PEER-ADDRESS' = [],
      'XOR-RELAYED-ADDRESS' = undefined} (stun:udp_recv/5:111)
2022-07-11 21:39:01.049902+00:00 [debug] Looking up password for: 2145913200 [UDP, session 89p7fw8hhqae, user 2145913200, client 127.0.0.1:46255] (eturnal:get_password/2:209)
2022-07-11 21:39:01.050005+00:00 [info] Accepting long-term STUN/TURN authentication [UDP, session 89p7fw8hhqae, user 2145913200, client 127.0.0.1:46255] (stun:process/2:249)
2022-07-11 21:39:01.050459+00:00 [info] Client requested closing the TURN session [UDP, session 56muumbos1ks, user 2145913200, client 127.0.0.1:46255, relay 127.0.0.1:56427] (turn:active/2:268)
2022-07-11 21:39:01.050574+00:00 [debug] Sending:
#stun{class = response,method = 4,magic = 554869826,
      trid = 47984175535974557025946583417,raw = <<>>,unsupported = [],
      'ALTERNATE-SERVER' = undefined,'CHANNEL-NUMBER' = undefined,
      'DATA' = undefined,'DONT-FRAGMENT' = false,'ERROR-CODE' = undefined,
      'LIFETIME' = 0,'MAPPED-ADDRESS' = undefined,
      'MESSAGE-INTEGRITY' = undefined,'NONCE' = undefined,'REALM' = undefined,
      'REQUESTED-ADDRESS-FAMILY' = undefined,
      'REQUESTED-TRANSPORT' = undefined,'SOFTWARE' = <<"eturnal">>,
      'UNKNOWN-ATTRIBUTES' = [],'USERNAME' = undefined,
      'XOR-MAPPED-ADDRESS' = undefined,'XOR-PEER-ADDRESS' = [],
      'XOR-RELAYED-ADDRESS' = undefined} (turn:send/2:527)
2022-07-11 21:39:01.050717+00:00 [info] Deleting TURN allocation [UDP, session 56muumbos1ks, user 2145913200, client 127.0.0.1:46255, relay 127.0.0.1:56427] (turn:terminate/3:460)
2022-07-11 21:39:01.050885+00:00 [notice] Relayed 0 KiB (in 0 B / 0 packets, out 0 B / 0 packets), duration: 0 seconds [UDP, session 56muumbos1ks, user 2145913200, client 127.0.0.1:46255, relay 127.0.0.1:56427] (turn:terminate/3:467)
2022-07-11 21:39:01.050963+00:00 [debug] Running 'turn_session_stop' hook [UDP, session 56muumbos1ks, user 2145913200, client 127.0.0.1:46255, relay 127.0.0.1:56427] (turn:run_hook/2:717)
2022-07-11 21:39:01.051084+00:00 [debug] Got 'turn_session_stop' event [UDP, session 56muumbos1ks, user 2145913200, client 127.0.0.1:46255, relay 127.0.0.1:56427] (eturnal_module:handle_event/2:176)
2022-07-11 21:39:01.051146+00:00 [debug] Calling mod_stats_influx:handle_event/2 [UDP, session 56muumbos1ks, user 2145913200, client 127.0.0.1:46255, relay 127.0.0.1:56427] (eturnal_module:handle_event/2:179)
2022-07-11 21:39:01.051404+00:00 [debug] Writing stats of TURN session 56muumbos1ks to InfluxDB [UDP, session 56muumbos1ks, user 2145913200, client 127.0.0.1:46255, relay 127.0.0.1:56427] (mod_stats_influx:on_turn_session_stop/1:81)
2022-07-11 21:39:01.085121+00:00 [debug] Received:
#stun{class = request,method = 1,magic = 554869826,
      trid = 53588592366241325390234831246,raw = <<>>,unsupported = [],
      'ALTERNATE-SERVER' = undefined,'CHANNEL-NUMBER' = undefined,
      'DATA' = undefined,'DONT-FRAGMENT' = false,'ERROR-CODE' = undefined,
      'LIFETIME' = undefined,'MAPPED-ADDRESS' = undefined,
      'MESSAGE-INTEGRITY' = undefined,'NONCE' = undefined,'REALM' = undefined,
      'REQUESTED-ADDRESS-FAMILY' = undefined,
      'REQUESTED-TRANSPORT' = undefined,'SOFTWARE' = undefined,
      'UNKNOWN-ATTRIBUTES' = [],'USERNAME' = undefined,
      'XOR-MAPPED-ADDRESS' = undefined,'XOR-PEER-ADDRESS' = [],
      'XOR-RELAYED-ADDRESS' = undefined} (stun:udp_recv/5:111)
2022-07-11 21:39:01.085270+00:00 [debug] Responding to STUN request [UDP, session ohp1smb47gad, anonymous, client 127.0.0.1:50212] (stun:process/4:312)
2022-07-11 21:39:01.085332+00:00 [debug] Running 'stun_query' hook [UDP, session ohp1smb47gad, anonymous, client 127.0.0.1:50212] (stun:run_hook/3:820)
2022-07-11 21:39:01.085400+00:00 [debug] Got 'stun_query' event [UDP, session ohp1smb47gad, anonymous, client 127.0.0.1:50212] (eturnal_module:handle_event/2:176)
2022-07-11 21:39:01.085444+00:00 [debug] Calling mod_log_stun:handle_event/2 [UDP, session ohp1smb47gad, anonymous, client 127.0.0.1:50212] (eturnal_module:handle_event/2:179)
2022-07-11 21:39:01.085478+00:00 [info] Responding to STUN request [UDP, session ohp1smb47gad, anonymous, client 127.0.0.1:50212] (mod_log_stun:handle_event/2:45)
2022-07-11 21:39:01.085558+00:00 [debug] Calling mod_stats_influx:handle_event/2 [UDP, session ohp1smb47gad, anonymous, client 127.0.0.1:50212] (eturnal_module:handle_event/2:179)
2022-07-11 21:39:01.085601+00:00 [debug] Writing STUN query event to InfluxDB [UDP, session ohp1smb47gad, anonymous, client 127.0.0.1:50212] (mod_stats_influx:on_stun_query/1:70)
2022-07-11 21:39:01.085814+00:00 [debug] Sending:
#stun{class = response,method = 1,magic = 554869826,
      trid = 53588592366241325390234831246,raw = <<>>,unsupported = [],
      'ALTERNATE-SERVER' = undefined,'CHANNEL-NUMBER' = undefined,
      'DATA' = undefined,'DONT-FRAGMENT' = false,'ERROR-CODE' = undefined,
      'LIFETIME' = undefined,'MAPPED-ADDRESS' = undefined,
      'MESSAGE-INTEGRITY' = undefined,'NONCE' = undefined,'REALM' = undefined,
      'REQUESTED-ADDRESS-FAMILY' = undefined,
      'REQUESTED-TRANSPORT' = undefined,'SOFTWARE' = <<"eturnal">>,
      'UNKNOWN-ATTRIBUTES' = [],'USERNAME' = undefined,
      'XOR-MAPPED-ADDRESS' = {{127,0,0,1},50212},
      'XOR-PEER-ADDRESS' = [],'XOR-RELAYED-ADDRESS' = undefined} (stun:send/3:445)
2022-07-11 21:39:01.113893+00:00 [info] Accepting connection: 127.0.0.1:34238 -> 127.0.0.1:34780 [TCP, session 4jy627yyifwo] (stun_acceptor:accept/3:148)
2022-07-11 21:39:01.114454+00:00 [debug] Received:
#stun{class = request,method = 1,magic = 554869826,
      trid = 56620569851533916790530320548,raw = <<>>,unsupported = [],
      'ALTERNATE-SERVER' = undefined,'CHANNEL-NUMBER' = undefined,
      'DATA' = undefined,'DONT-FRAGMENT' = false,'ERROR-CODE' = undefined,
      'LIFETIME' = undefined,'MAPPED-ADDRESS' = undefined,
      'MESSAGE-INTEGRITY' = undefined,'NONCE' = undefined,'REALM' = undefined,
      'REQUESTED-ADDRESS-FAMILY' = undefined,
      'REQUESTED-TRANSPORT' = undefined,'SOFTWARE' = undefined,
      'UNKNOWN-ATTRIBUTES' = [],'USERNAME' = undefined,
      'XOR-MAPPED-ADDRESS' = undefined,'XOR-PEER-ADDRESS' = [],
      'XOR-RELAYED-ADDRESS' = undefined} (stun:process_data/3:404)
2022-07-11 21:39:01.114566+00:00 [debug] Responding to STUN request [TCP, session 4jy627yyifwo, anonymous, client 127.0.0.1:34238] (stun:process/4:312)
2022-07-11 21:39:01.114632+00:00 [debug] Running 'stun_query' hook [TCP, session 4jy627yyifwo, anonymous, client 127.0.0.1:34238] (stun:run_hook/3:820)
2022-07-11 21:39:01.114716+00:00 [debug] Got 'stun_query' event [TCP, session 4jy627yyifwo, anonymous, client 127.0.0.1:34238] (eturnal_module:handle_event/2:176)
2022-07-11 21:39:01.114764+00:00 [debug] Calling mod_log_stun:handle_event/2 [TCP, session 4jy627yyifwo, anonymous, client 127.0.0.1:34238] (eturnal_module:handle_event/2:179)
2022-07-11 21:39:01.114883+00:00 [info] Responding to STUN request [TCP, session 4jy627yyifwo, anonymous, client 127.0.0.1:34238] (mod_log_stun:handle_event/2:45)
2022-07-11 21:39:01.114945+00:00 [debug] Calling mod_stats_influx:handle_event/2 [TCP, session 4jy627yyifwo, anonymous, client 127.0.0.1:34238] (eturnal_module:handle_event/2:179)
2022-07-11 21:39:01.114985+00:00 [debug] Writing STUN query event to InfluxDB [TCP, session 4jy627yyifwo, anonymous, client 127.0.0.1:34238] (mod_stats_influx:on_stun_query/1:70)
2022-07-11 21:39:01.115283+00:00 [debug] Sending:
#stun{class = response,method = 1,magic = 554869826,
      trid = 56620569851533916790530320548,raw = <<>>,unsupported = [],
      'ALTERNATE-SERVER' = undefined,'CHANNEL-NUMBER' = undefined,
      'DATA' = undefined,'DONT-FRAGMENT' = false,'ERROR-CODE' = undefined,
      'LIFETIME' = undefined,'MAPPED-ADDRESS' = undefined,
      'MESSAGE-INTEGRITY' = undefined,'NONCE' = undefined,'REALM' = undefined,
      'REQUESTED-ADDRESS-FAMILY' = undefined,
      'REQUESTED-TRANSPORT' = undefined,'SOFTWARE' = <<"P1 STUN library">>,
      'UNKNOWN-ATTRIBUTES' = [],'USERNAME' = undefined,
      'XOR-MAPPED-ADDRESS' = {{127,0,0,1},34238},
      'XOR-PEER-ADDRESS' = [],'XOR-RELAYED-ADDRESS' = undefined} (stun:send/3:445)
2022-07-11 21:39:01.115863+00:00 [info] Connection reset by peer [TCP, session 4jy627yyifwo, anonymous, client 127.0.0.1:34238] (stun:handle_info/3:170)
2022-07-11 21:39:01.143121+00:00 [info] Accepting connection: 127.0.0.1:46954 -> 127.0.0.1:53490 [TLS, session wsr1rn5o7t7a] (stun_acceptor:accept/3:148)
2022-07-11 21:39:01.257698+00:00 [debug] Received:
#stun{class = request,method = 1,magic = 554869826,
      trid = 68981730517146145508821981690,raw = <<>>,unsupported = [],
      'ALTERNATE-SERVER' = undefined,'CHANNEL-NUMBER' = undefined,
      'DATA' = undefined,'DONT-FRAGMENT' = false,'ERROR-CODE' = undefined,
      'LIFETIME' = undefined,'MAPPED-ADDRESS' = undefined,
      'MESSAGE-INTEGRITY' = undefined,'NONCE' = undefined,'REALM' = undefined,
      'REQUESTED-ADDRESS-FAMILY' = undefined,
      'REQUESTED-TRANSPORT' = undefined,'SOFTWARE' = undefined,
      'UNKNOWN-ATTRIBUTES' = [],'USERNAME' = undefined,
      'XOR-MAPPED-ADDRESS' = undefined,'XOR-PEER-ADDRESS' = [],
      'XOR-RELAYED-ADDRESS' = undefined} (stun:process_data/3:404)
2022-07-11 21:39:01.257861+00:00 [debug] Responding to STUN request [TLS, session wsr1rn5o7t7a, anonymous, client 127.0.0.1:46954] (stun:process/4:312)
2022-07-11 21:39:01.257931+00:00 [debug] Running 'stun_query' hook [TLS, session wsr1rn5o7t7a, anonymous, client 127.0.0.1:46954] (stun:run_hook/3:820)
2022-07-11 21:39:01.258037+00:00 [debug] Got 'stun_query' event [TLS, session wsr1rn5o7t7a, anonymous, client 127.0.0.1:46954] (eturnal_module:handle_event/2:176)
2022-07-11 21:39:01.258088+00:00 [debug] Calling mod_log_stun:handle_event/2 [TLS, session wsr1rn5o7t7a, anonymous, client 127.0.0.1:46954] (eturnal_module:handle_event/2:179)
2022-07-11 21:39:01.258171+00:00 [info] Responding to STUN request [TLS, session wsr1rn5o7t7a, anonymous, client 127.0.0.1:46954] (mod_log_stun:handle_event/2:45)
2022-07-11 21:39:01.258226+00:00 [debug] Calling mod_stats_influx:handle_event/2 [TLS, session wsr1rn5o7t7a, anonymous, client 127.0.0.1:46954] (eturnal_module:handle_event/2:179)
2022-07-11 21:39:01.258273+00:00 [debug] Writing STUN query event to InfluxDB [TLS, session wsr1rn5o7t7a, anonymous, client 127.0.0.1:46954] (mod_stats_influx:on_stun_query/1:70)
2022-07-11 21:39:01.258592+00:00 [debug] Sending:
#stun{class = response,method = 1,magic = 554869826,
      trid = 68981730517146145508821981690,raw = <<>>,unsupported = [],
      'ALTERNATE-SERVER' = undefined,'CHANNEL-NUMBER' = undefined,
      'DATA' = undefined,'DONT-FRAGMENT' = false,'ERROR-CODE' = undefined,
      'LIFETIME' = undefined,'MAPPED-ADDRESS' = undefined,
      'MESSAGE-INTEGRITY' = undefined,'NONCE' = undefined,'REALM' = undefined,
      'REQUESTED-ADDRESS-FAMILY' = undefined,
      'REQUESTED-TRANSPORT' = undefined,'SOFTWARE' = <<"P1 STUN library">>,
      'UNKNOWN-ATTRIBUTES' = [],'USERNAME' = undefined,
      'XOR-MAPPED-ADDRESS' = {{127,0,0,1},46954},
      'XOR-PEER-ADDRESS' = [],'XOR-RELAYED-ADDRESS' = undefined} (stun:send/3:445)
2022-07-11 21:39:01.259786+00:00 [info] Connection reset by peer [TLS, session wsr1rn5o7t7a, anonymous, client 127.0.0.1:46954] (stun:handle_info/3:170)
2022-07-11 21:39:01.285272+00:00 [info] Accepting connection: 127.0.0.1:55882 -> 127.0.0.1:34781 [TCP|TLS, session mwjjbc8pgdgk] (stun_acceptor:accept/3:148)
2022-07-11 21:39:01.285493+00:00 [debug] Determined transport protocol: TCP (stun:is_tls_handshake/1:768)
2022-07-11 21:39:01.285916+00:00 [debug] Received:
#stun{class = request,method = 1,magic = 554869826,
      trid = 70983075285773424060569374466,raw = <<>>,unsupported = [],
      'ALTERNATE-SERVER' = undefined,'CHANNEL-NUMBER' = undefined,
      'DATA' = undefined,'DONT-FRAGMENT' = false,'ERROR-CODE' = undefined,
      'LIFETIME' = undefined,'MAPPED-ADDRESS' = undefined,
      'MESSAGE-INTEGRITY' = undefined,'NONCE' = undefined,'REALM' = undefined,
      'REQUESTED-ADDRESS-FAMILY' = undefined,
      'REQUESTED-TRANSPORT' = undefined,'SOFTWARE' = undefined,
      'UNKNOWN-ATTRIBUTES' = [],'USERNAME' = undefined,
      'XOR-MAPPED-ADDRESS' = undefined,'XOR-PEER-ADDRESS' = [],
      'XOR-RELAYED-ADDRESS' = undefined} (stun:process_data/3:404)
2022-07-11 21:39:01.286047+00:00 [debug] Responding to STUN request [TCP, session mwjjbc8pgdgk, anonymous, client 127.0.0.1:55882] (stun:process/4:312)
2022-07-11 21:39:01.286097+00:00 [debug] Running 'stun_query' hook [TCP, session mwjjbc8pgdgk, anonymous, client 127.0.0.1:55882] (stun:run_hook/3:820)
2022-07-11 21:39:01.286189+00:00 [debug] Got 'stun_query' event [TCP, session mwjjbc8pgdgk, anonymous, client 127.0.0.1:55882] (eturnal_module:handle_event/2:176)
2022-07-11 21:39:01.286228+00:00 [debug] Calling mod_log_stun:handle_event/2 [TCP, session mwjjbc8pgdgk, anonymous, client 127.0.0.1:55882] (eturnal_module:handle_event/2:179)
2022-07-11 21:39:01.286311+00:00 [info] Responding to STUN request [TCP, session mwjjbc8pgdgk, anonymous, client 127.0.0.1:55882] (mod_log_stun:handle_event/2:45)
2022-07-11 21:39:01.286367+00:00 [debug] Calling mod_stats_influx:handle_event/2 [TCP, session mwjjbc8pgdgk, anonymous, client 127.0.0.1:55882] (eturnal_module:handle_event/2:179)
2022-07-11 21:39:01.286400+00:00 [debug] Writing STUN query event to InfluxDB [TCP, session mwjjbc8pgdgk, anonymous, client 127.0.0.1:55882] (mod_stats_influx:on_stun_query/1:70)
2022-07-11 21:39:01.286722+00:00 [debug] Sending:
#stun{class = response,method = 1,magic = 554869826,
      trid = 70983075285773424060569374466,raw = <<>>,unsupported = [],
      'ALTERNATE-SERVER' = undefined,'CHANNEL-NUMBER' = undefined,
      'DATA' = undefined,'DONT-FRAGMENT' = false,'ERROR-CODE' = undefined,
      'LIFETIME' = undefined,'MAPPED-ADDRESS' = undefined,
      'MESSAGE-INTEGRITY' = undefined,'NONCE' = undefined,'REALM' = undefined,
      'REQUESTED-ADDRESS-FAMILY' = undefined,
      'REQUESTED-TRANSPORT' = undefined,'SOFTWARE' = <<"P1 STUN library">>,
      'UNKNOWN-ATTRIBUTES' = [],'USERNAME' = undefined,
      'XOR-MAPPED-ADDRESS' = {{127,0,0,1},55882},
      'XOR-PEER-ADDRESS' = [],'XOR-RELAYED-ADDRESS' = undefined} (stun:send/3:445)
2022-07-11 21:39:01.287007+00:00 [info] Connection reset by peer [TCP, session mwjjbc8pgdgk, anonymous, client 127.0.0.1:55882] (stun:handle_info/3:170)
2022-07-11 21:39:01.334136+00:00 [info] Accepting connection: 127.0.0.1:55886 -> 127.0.0.1:34781 [TCP|TLS, session 95jvibfjt1lu] (stun_acceptor:accept/3:148)
2022-07-11 21:39:01.334922+00:00 [debug] Determined transport protocol: TLS (stun:is_tls_handshake/1:765)
2022-07-11 21:39:01.453796+00:00 [debug] Received:
#stun{class = request,method = 1,magic = 554869826,
      trid = 77372449376757430808908877887,raw = <<>>,unsupported = [],
      'ALTERNATE-SERVER' = undefined,'CHANNEL-NUMBER' = undefined,
      'DATA' = undefined,'DONT-FRAGMENT' = false,'ERROR-CODE' = undefined,
      'LIFETIME' = undefined,'MAPPED-ADDRESS' = undefined,
      'MESSAGE-INTEGRITY' = undefined,'NONCE' = undefined,'REALM' = undefined,
      'REQUESTED-ADDRESS-FAMILY' = undefined,
      'REQUESTED-TRANSPORT' = undefined,'SOFTWARE' = undefined,
      'UNKNOWN-ATTRIBUTES' = [],'USERNAME' = undefined,
      'XOR-MAPPED-ADDRESS' = undefined,'XOR-PEER-ADDRESS' = [],
      'XOR-RELAYED-ADDRESS' = undefined} (stun:process_data/3:404)
2022-07-11 21:39:01.454024+00:00 [debug] Responding to STUN request [TLS, session 95jvibfjt1lu, anonymous, client 127.0.0.1:55886] (stun:process/4:312)
2022-07-11 21:39:01.454095+00:00 [debug] Running 'stun_query' hook [TLS, session 95jvibfjt1lu, anonymous, client 127.0.0.1:55886] (stun:run_hook/3:820)
2022-07-11 21:39:01.454186+00:00 [debug] Got 'stun_query' event [TLS, session 95jvibfjt1lu, anonymous, client 127.0.0.1:55886] (eturnal_module:handle_event/2:176)
2022-07-11 21:39:01.454250+00:00 [debug] Calling mod_log_stun:handle_event/2 [TLS, session 95jvibfjt1lu, anonymous, client 127.0.0.1:55886] (eturnal_module:handle_event/2:179)
2022-07-11 21:39:01.454301+00:00 [info] Responding to STUN request [TLS, session 95jvibfjt1lu, anonymous, client 127.0.0.1:55886] (mod_log_stun:handle_event/2:45)
2022-07-11 21:39:01.454432+00:00 [debug] Calling mod_stats_influx:handle_event/2 [TLS, session 95jvibfjt1lu, anonymous, client 127.0.0.1:55886] (eturnal_module:handle_event/2:179)
2022-07-11 21:39:01.454469+00:00 [debug] Writing STUN query event to InfluxDB [TLS, session 95jvibfjt1lu, anonymous, client 127.0.0.1:55886] (mod_stats_influx:on_stun_query/1:70)
2022-07-11 21:39:01.454742+00:00 [debug] Sending:
#stun{class = response,method = 1,magic = 554869826,
      trid = 77372449376757430808908877887,raw = <<>>,unsupported = [],
      'ALTERNATE-SERVER' = undefined,'CHANNEL-NUMBER' = undefined,
      'DATA' = undefined,'DONT-FRAGMENT' = false,'ERROR-CODE' = undefined,
      'LIFETIME' = undefined,'MAPPED-ADDRESS' = undefined,
      'MESSAGE-INTEGRITY' = undefined,'NONCE' = undefined,'REALM' = undefined,
      'REQUESTED-ADDRESS-FAMILY' = undefined,
      'REQUESTED-TRANSPORT' = undefined,'SOFTWARE' = <<"P1 STUN library">>,
      'UNKNOWN-ATTRIBUTES' = [],'USERNAME' = undefined,
      'XOR-MAPPED-ADDRESS' = {{127,0,0,1},55886},
      'XOR-PEER-ADDRESS' = [],'XOR-RELAYED-ADDRESS' = undefined} (stun:send/3:445)
2022-07-11 21:39:01.455108+00:00 [info] Connection reset by peer [TLS, session 95jvibfjt1lu, anonymous, client 127.0.0.1:55886] (stun:handle_info/3:170)
2022-07-11 21:39:01.480610+00:00 [debug] No NOTIFY_SOCKET, dropping STOPPING=1 notification (eturnal_systemd:handle_cast/2:109)
2022-07-11 21:39:01.480824+00:00 [debug] Watchdog interval is undefined, hibernating (eturnal_systemd:get_timeout/1:162)
2022-07-11 21:39:01.481043+00:00 [debug] Terminating eturnal (shutdown) (eturnal:terminate/2:174)
2022-07-11 21:39:01.482171+00:00 [info] Stopped listening on 127.0.0.1:34780 (udp) (eturnal:stop_listeners/1:361)
2022-07-11 21:39:01.482397+00:00 [info] Stopped listening on 127.0.0.1:34780 (tcp) (eturnal:stop_listeners/1:361)
2022-07-11 21:39:01.482722+00:00 [info] Stopped listening on 127.0.0.1:53490 (tls) (eturnal:stop_listeners/1:361)
2022-07-11 21:39:01.482996+00:00 [info] Stopped listening on 127.0.0.1:34781 (auto) (eturnal:stop_listeners/1:361)
2022-07-11 21:39:01.484018+00:00 [debug] Calling mod_log_stun:stop/1 (eturnal_module:stop/1:162)
2022-07-11 21:39:01.484320+00:00 [debug] Stopping mod_log_stun (mod_log_stun:stop/0:50)
2022-07-11 21:39:01.484492+00:00 [info] Stopped mod_log_stun (eturnal:stop_modules/1:320)
2022-07-11 21:39:01.487496+00:00 [debug] Calling mod_stats_influx:stop/1 (eturnal_module:stop/1:162)
2022-07-11 21:39:01.487656+00:00 [debug] Stopping mod_stats_influx (mod_stats_influx:stop/0:55)
2022-07-11 21:39:01.487824+00:00 [info] Stopped mod_stats_influx (eturnal:stop_modules/1:320)
2022-07-11 21:39:01.488394+00:00 [debug] Removed run/cert.pem (eturnal:clean_run_dir/0:690)
2022-07-11 21:39:01.488670+00:00 [debug] Terminating eturnal_systemd (shutdown) (eturnal_systemd:terminate/2:136)
2022-07-11 21:39:01.488984+00:00 [notice] Stopping eturnal 1.9.0 on Erlang/OTP 25 (ERTS 13.0) (eturnal_app:stop/1:54)
