2022-01-03 21:47:06.710645+00:00 [notice] Starting eturnal 1.7.0 on Erlang/OTP 24 (ERTS 12.2) (eturnal_app:start/2:34)
2022-01-03 21:47:06.710874+00:00 [debug] Starting supervisor: eturnal_sup (eturnal_sup:start_link/0:32)
2022-01-03 21:47:06.711036+00:00 [debug] Configuring eturnal_sup supervisor: [#{id => systemd,
                                       start =>
                                           {eturnal_systemd,start_link,[]}},
                                     #{id => eturnal,
                                       start => {eturnal,start_link,[]}}] (eturnal_sup:init/0:40)
2022-01-03 21:47:06.712988+00:00 [info] Got no NOTIFY_SOCKET, notifications disabled (eturnal_systemd:init/1:95)
2022-01-03 21:47:06.713223+00:00 [debug] PROGRESS REPORT:
    supervisor: {local,eturnal_sup}
    started: [{pid,<0.715.0>},
              {id,systemd},
              {mfargs,{eturnal_systemd,start_link,[]}},
              {restart_type,permanent},
              {significant,false},
              {shutdown,5000},
              {child_type,worker}]
 (supervisor:report_progress/2:1562)
2022-01-03 21:47:06.726882+00:00 [info] Cannot determine control query port: noport (eturnal:log_control_listener/0:282)
2022-01-03 21:47:06.727084+00:00 [debug] TURN configuration seems fine (eturnal:check_turn_config/2:484)
2022-01-03 21:47:06.727343+00:00 [debug] Using run directory run (eturnal:ensure_run_dir/0:676)
2022-01-03 21:47:06.727939+00:00 [warning] TLS enabled without 'tls_crt_file', creating self-signed certificate (eturnal:check_pem_file/0:607)
2022-01-03 21:47:08.290841+00:00 [debug] Calling mod_log_stun:start/0 (eturnal_module:start/1:138)
2022-01-03 21:47:08.291516+00:00 [debug] Starting mod_log_stun (mod_log_stun:start/0:39)
2022-01-03 21:47:08.291816+00:00 [info] Started mod_log_stun (eturnal:start_modules/0:293)
2022-01-03 21:47:08.291959+00:00 [debug] Calling mod_stats_influx:start/0 (eturnal_module:start/1:138)
2022-01-03 21:47:08.292515+00:00 [debug] Starting mod_stats_influx (mod_stats_influx:start/0:38)
2022-01-03 21:47:08.297950+00:00 [debug] PROGRESS REPORT:
    application: ulitos
    started_at: nonode@nohost
 (application_controller:info_started/2:2107)
2022-01-03 21:47:08.299772+00:00 [debug] PROGRESS REPORT:
    application: poolboy
    started_at: nonode@nohost
 (application_controller:info_started/2:2107)
2022-01-03 21:47:08.301669+00:00 [info]     msg: Starting application: influx_udp (influx_udp_app:start/2:10)
2022-01-03 21:47:08.304124+00:00 [debug] PROGRESS REPORT:
    supervisor: {local,influx_udp_sup}
    started: [{pid,<0.735.0>},
              {id,influx_udp},
              {mfargs,{influx_udp,start_link,[]}},
              {restart_type,permanent},
              {significant,false},
              {shutdown,5000},
              {child_type,worker}]
 (supervisor:report_progress/2:1562)
2022-01-03 21:47:08.304328+00:00 [debug] PROGRESS REPORT:
    application: influx_udp
    started_at: nonode@nohost
 (application_controller:info_started/2:2107)
2022-01-03 21:47:08.304413+00:00 [debug] Dependency influx_udp was available already (eturnal_module:ensure_dep/2:280)
2022-01-03 21:47:08.308128+00:00 [info]     host: {127,0,0,1}
    msg: Start clients pool
    options: #{host => "localhost",max_overflow => 1,pool_size => 1,
               port => 8089} (influx_udp:start_pool_/2:239)
2022-01-03 21:47:08.328793+00:00 [info]     msg: Open UDP socket on port
    port: 41807 (influx_udp_worker:init/1:43)
2022-01-03 21:47:08.329091+00:00 [debug] PROGRESS REPORT:
    supervisor: {local,influx_udp_sup}
    started: [{pid,<0.738.0>},
              {id,stats_influx_pool},
              {mfargs,
                  {poolboy,start_link,
                      [[{name,{local,stats_influx_pool}},
                        {worker_module,influx_udp_worker},
                        {size,1},
                        {max_overflow,1}],
                       [{options,
                            #{host => {127,0,0,1},
                              max_overflow => 1,pool_size => 1,
                              port => 8089}}]]}},
              {restart_type,permanent},
              {significant,false},
              {shutdown,5000},
              {child_type,worker}]
 (supervisor:report_progress/2:1562)
2022-01-03 21:47:08.329376+00:00 [info] Started mod_stats_influx (eturnal:start_modules/0:293)
2022-01-03 21:47:08.329559+00:00 [debug] Started 2 modules (eturnal:init/1:109)
2022-01-03 21:47:08.329778+00:00 [debug] Starting listener 127.0.0.1:34780 (udp) with options:
[{use_turn,true},
 {auth_type,user},
 {turn_ipv4_address,{10,1,0,137}},
 {turn_ipv6_address,{0,0,0,0,0,0,0,1}},
 {turn_min_port,49152},
 {turn_max_port,65535},
 {turn_max_allocations,10},
 {turn_max_permissions,10},
 {shaper,100000},
 {turn_blacklist,[{{203,0,113,4},32},{{8193,3512,0,0,0,0,0,4},128}]},
 {auth_realm,<<"eturnal.net">>},
 {server_name,<<"eturnal">>},
 {auth_fun,fun eturnal:get_password/2},
 {hook_fun,fun eturnal:run_hook/2}] (eturnal:start_listeners/0:337)
2022-01-03 21:47:08.330382+00:00 [info] Listening on 127.0.0.1:34780 (udp) (STUN/TURN) (eturnal:start_listeners/0:342)
2022-01-03 21:47:08.331073+00:00 [debug] Starting listener 127.0.0.1:34780 (tcp) with options:
[{use_turn,false},
 {auth_type,anonymous},
 {turn_ipv4_address,{10,1,0,137}},
 {turn_ipv6_address,{0,0,0,0,0,0,0,1}},
 {turn_min_port,49152},
 {turn_max_port,65535},
 {turn_max_allocations,10},
 {turn_max_permissions,10},
 {shaper,100000},
 {turn_blacklist,[{{203,0,113,4},32},{{8193,3512,0,0,0,0,0,4},128}]},
 {auth_realm,<<"eturnal.net">>},
 {server_name,<<"eturnal">>},
 {auth_fun,fun eturnal:get_password/2},
 {hook_fun,fun eturnal:run_hook/2}] (eturnal:start_listeners/0:337)
2022-01-03 21:47:08.351731+00:00 [info] Listening on 127.0.0.1:34780 (tcp) (STUN only) (eturnal:start_listeners/0:342)
2022-01-03 21:47:08.351974+00:00 [debug] Starting listener 127.0.0.1:53490 (tls) with options:
[{use_turn,false},
 {auth_type,anonymous},
 {tls,true},
 {certfile,<<"run/cert.pem">>},
 {turn_ipv4_address,{10,1,0,137}},
 {turn_ipv6_address,{0,0,0,0,0,0,0,1}},
 {turn_min_port,49152},
 {turn_max_port,65535},
 {turn_max_allocations,10},
 {turn_max_permissions,10},
 {shaper,100000},
 {turn_blacklist,[{{203,0,113,4},32},{{8193,3512,0,0,0,0,0,4},128}]},
 {auth_realm,<<"eturnal.net">>},
 {server_name,<<"eturnal">>},
 {auth_fun,fun eturnal:get_password/2},
 {hook_fun,fun eturnal:run_hook/2}] (eturnal:start_listeners/0:337)
2022-01-03 21:47:08.352546+00:00 [info] Listening on 127.0.0.1:53490 (tls) (STUN only) (eturnal:start_listeners/0:342)
2022-01-03 21:47:08.354492+00:00 [debug] Starting listener 127.0.0.1:34781 (auto) with options:
[{use_turn,false},
 {auth_type,anonymous},
 {tls,optional},
 {certfile,<<"run/cert.pem">>},
 {turn_ipv4_address,{10,1,0,137}},
 {turn_ipv6_address,{0,0,0,0,0,0,0,1}},
 {turn_min_port,49152},
 {turn_max_port,65535},
 {turn_max_allocations,10},
 {turn_max_permissions,10},
 {shaper,100000},
 {turn_blacklist,[{{203,0,113,4},32},{{8193,3512,0,0,0,0,0,4},128}]},
 {auth_realm,<<"eturnal.net">>},
 {server_name,<<"eturnal">>},
 {auth_fun,fun eturnal:get_password/2},
 {hook_fun,fun eturnal:run_hook/2}] (eturnal:start_listeners/0:337)
2022-01-03 21:47:08.388604+00:00 [info] Listening on 127.0.0.1:34781 (auto) (STUN only) (eturnal:start_listeners/0:342)
2022-01-03 21:47:08.388834+00:00 [debug] Started 4 listeners (eturnal:init/1:117)
2022-01-03 21:47:08.389118+00:00 [debug] PROGRESS REPORT:
    supervisor: {local,eturnal_sup}
    started: [{pid,<0.717.0>},
              {id,eturnal},
              {mfargs,{eturnal,start_link,[]}},
              {restart_type,permanent},
              {significant,false},
              {shutdown,5000},
              {child_type,worker}]
 (supervisor:report_progress/2:1562)
2022-01-03 21:47:08.389270+00:00 [debug] No NOTIFY_SOCKET, dropping READY=1 notification (eturnal_systemd:handle_cast/2:109)
2022-01-03 21:47:08.389347+00:00 [debug] PROGRESS REPORT:
    application: eturnal
    started_at: nonode@nohost
 (application_controller:info_started/2:2107)
2022-01-03 21:47:08.389533+00:00 [debug] Watchdog interval is undefined, hibernating (eturnal_systemd:get_timeout/1:162)
2022-01-03 21:47:08.429404+00:00 [debug] Handling API call: get_info() (eturnal_ctl:get_info/0:119)
2022-01-03 21:47:08.430121+00:00 [debug] eturnal call (get_info) returned {ok,
                                  {eturnal_node_info,<<"1.7.0">>,
                                   {"24","12.2"},
                                   4839,0,137,89088252,1,39014936}} (eturnal_ctl:call/1:388)
2022-01-03 21:47:08.454672+00:00 [debug] Handling API call: get_sessions() (eturnal_ctl:get_sessions/0:105)
2022-01-03 21:47:08.479678+00:00 [debug] Handling API call: get_credentials("2009-10-30 11:00:00Z", []) (eturnal_ctl:get_credentials/2:56)
2022-01-03 21:47:08.479910+00:00 [debug] eturnal call ({get_password,<<"1256900400">>}) returned {ok,
                                                         <<"uEKlpcME7MNMMVRV8rUFPCTIFEs=">>} (eturnal_ctl:call/1:388)
2022-01-03 21:47:08.486629+00:00 [debug] Handling API call: get_credentials("86400", "alice") (eturnal_ctl:get_credentials/2:56)
2022-01-03 21:47:08.486880+00:00 [debug] eturnal call ({get_password,<<"1641332828:alice">>}) returned {ok,
                                                               <<"A5kTr8zY5hsjGSnusOisn63LaDM=">>} (eturnal_ctl:call/1:388)
2022-01-03 21:47:08.487046+00:00 [debug] Handling API call: get_password("1641332828:alice") (eturnal_ctl:get_password/1:78)
2022-01-03 21:47:08.487185+00:00 [debug] eturnal call ({get_password,<<"1641332828:alice">>}) returned {ok,
                                                               <<"A5kTr8zY5hsjGSnusOisn63LaDM=">>} (eturnal_ctl:call/1:388)
2022-01-03 21:47:08.487377+00:00 [debug] Handling API call: get_credentials("86400s", "alice") (eturnal_ctl:get_credentials/2:56)
2022-01-03 21:47:08.487613+00:00 [debug] eturnal call ({get_password,<<"1641332828:alice">>}) returned {ok,
                                                               <<"A5kTr8zY5hsjGSnusOisn63LaDM=">>} (eturnal_ctl:call/1:388)
2022-01-03 21:47:08.487759+00:00 [debug] Handling API call: get_password("1641332828:alice") (eturnal_ctl:get_password/1:78)
2022-01-03 21:47:08.487946+00:00 [debug] eturnal call ({get_password,<<"1641332828:alice">>}) returned {ok,
                                                               <<"A5kTr8zY5hsjGSnusOisn63LaDM=">>} (eturnal_ctl:call/1:388)
2022-01-03 21:47:08.488166+00:00 [debug] Handling API call: get_credentials("1440m", "alice") (eturnal_ctl:get_credentials/2:56)
2022-01-03 21:47:08.488352+00:00 [debug] eturnal call ({get_password,<<"1641332828:alice">>}) returned {ok,
                                                               <<"A5kTr8zY5hsjGSnusOisn63LaDM=">>} (eturnal_ctl:call/1:388)
2022-01-03 21:47:08.488509+00:00 [debug] Handling API call: get_password("1641332828:alice") (eturnal_ctl:get_password/1:78)
2022-01-03 21:47:08.488678+00:00 [debug] eturnal call ({get_password,<<"1641332828:alice">>}) returned {ok,
                                                               <<"A5kTr8zY5hsjGSnusOisn63LaDM=">>} (eturnal_ctl:call/1:388)
2022-01-03 21:47:08.488875+00:00 [debug] Handling API call: get_credentials("24h", "alice") (eturnal_ctl:get_credentials/2:56)
2022-01-03 21:47:08.489074+00:00 [debug] eturnal call ({get_password,<<"1641332828:alice">>}) returned {ok,
                                                               <<"A5kTr8zY5hsjGSnusOisn63LaDM=">>} (eturnal_ctl:call/1:388)
2022-01-03 21:47:08.489222+00:00 [debug] Handling API call: get_password("1641332828:alice") (eturnal_ctl:get_password/1:78)
2022-01-03 21:47:08.489391+00:00 [debug] eturnal call ({get_password,<<"1641332828:alice">>}) returned {ok,
                                                               <<"A5kTr8zY5hsjGSnusOisn63LaDM=">>} (eturnal_ctl:call/1:388)
2022-01-03 21:47:08.489630+00:00 [debug] Handling API call: get_credentials("1d", "alice") (eturnal_ctl:get_credentials/2:56)
2022-01-03 21:47:08.489802+00:00 [debug] eturnal call ({get_password,<<"1641332828:alice">>}) returned {ok,
                                                               <<"A5kTr8zY5hsjGSnusOisn63LaDM=">>} (eturnal_ctl:call/1:388)
2022-01-03 21:47:08.489961+00:00 [debug] Handling API call: get_password("1641332828:alice") (eturnal_ctl:get_password/1:78)
2022-01-03 21:47:08.490193+00:00 [debug] eturnal call ({get_password,<<"1641332828:alice">>}) returned {ok,
                                                               <<"A5kTr8zY5hsjGSnusOisn63LaDM=">>} (eturnal_ctl:call/1:388)
2022-01-03 21:47:08.519122+00:00 [debug] Handling API call: set_loglevel(debug) (eturnal_ctl:set_loglevel/1:149)
2022-01-03 21:47:08.519446+00:00 [debug] eturnal call ({set_loglevel,debug}) returned ok (eturnal_ctl:call/1:385)
2022-01-03 21:47:08.519622+00:00 [debug] Handling API call: get_loglevel() (eturnal_ctl:get_loglevel/0:139)
2022-01-03 21:47:08.519793+00:00 [debug] eturnal call (get_loglevel) returned {ok,debug} (eturnal_ctl:call/1:388)
2022-01-03 21:47:08.545294+00:00 [debug] Handling API call: get_version() (eturnal_ctl:get_version/0:129)
2022-01-03 21:47:08.545498+00:00 [debug] eturnal call (get_version) returned {ok,<<"1.7.0">>} (eturnal_ctl:call/1:388)
2022-01-03 21:47:08.570782+00:00 [debug] Handling API call: reload() (eturnal_ctl:reload/0:168)
2022-01-03 21:47:08.572918+00:00 [warning] TLS enabled without 'tls_crt_file', creating self-signed certificate (eturnal:check_pem_file/0:607)
2022-01-03 21:47:09.358198+00:00 [info] Using new TLS certificate (eturnal:handle_call/3:136)
2022-01-03 21:47:09.358400+00:00 [debug] Reloaded configuration (eturnal:handle_call/3:142)
2022-01-03 21:47:09.358552+00:00 [debug] eturnal call (reload) returned ok (eturnal_ctl:call/1:385)
2022-01-03 21:47:09.359042+00:00 [debug] Handling API call: reload() (eturnal_ctl:reload/0:168)
2022-01-03 21:47:09.361531+00:00 [debug] Keeping PEM file (run/cert.pem) (eturnal:check_pem_file/0:604)
2022-01-03 21:47:09.361708+00:00 [debug] TLS certificate unchanged (eturnal:handle_call/3:138)
2022-01-03 21:47:09.361806+00:00 [debug] Reloaded configuration (eturnal:handle_call/3:142)
2022-01-03 21:47:09.361924+00:00 [debug] eturnal call (reload) returned ok (eturnal_ctl:call/1:385)
2022-01-03 21:47:09.388833+00:00 [info] Accepting connection: 127.0.0.1:43452 -> 127.0.0.1:34780 [TCP, session j] (stun_listener:accept/3:221)
2022-01-03 21:47:09.414468+00:00 [info] Accepting connection: 127.0.0.1:51726 -> 127.0.0.1:53490 [TLS, session z] (stun_listener:accept/3:221)
2022-01-03 21:47:09.451268+00:00 [debug] Received:
#stun{class = request,method = 3,magic = 554869826,
      trid = 36809825488702042911591549221,raw = <<>>,unsupported = [],
      'ALTERNATE-SERVER' = undefined,'CHANNEL-NUMBER' = undefined,
      'DATA' = undefined,'DONT-FRAGMENT' = false,'ERROR-CODE' = undefined,
      'LIFETIME' = undefined,'MAPPED-ADDRESS' = undefined,
      'MESSAGE-INTEGRITY' = undefined,'NONCE' = undefined,'REALM' = undefined,
      'REQUESTED-ADDRESS-FAMILY' = undefined,
      'REQUESTED-TRANSPORT' = undefined,'SOFTWARE' = undefined,
      'UNKNOWN-ATTRIBUTES' = [],'USERNAME' = undefined,
      'XOR-MAPPED-ADDRESS' = undefined,'XOR-PEER-ADDRESS' = [],
      'XOR-RELAYED-ADDRESS' = undefined} (stun:udp_recv/5:111)
2022-01-03 21:47:09.451474+00:00 [debug] Sending:
#stun{class = error,method = 3,magic = 554869826,
      trid = 36809825488702042911591549221,raw = <<>>,unsupported = [],
      'ALTERNATE-SERVER' = undefined,'CHANNEL-NUMBER' = undefined,
      'DATA' = undefined,'DONT-FRAGMENT' = false,
      'ERROR-CODE' = {401,<<"Unauthorized">>},
      'LIFETIME' = undefined,'MAPPED-ADDRESS' = undefined,
      'MESSAGE-INTEGRITY' = undefined,'NONCE' = <<"530684121">>,
      'REALM' = <<"eturnal.net">>,'REQUESTED-ADDRESS-FAMILY' = undefined,
      'REQUESTED-TRANSPORT' = undefined,'SOFTWARE' = <<"eturnal">>,
      'UNKNOWN-ATTRIBUTES' = [],'USERNAME' = undefined,
      'XOR-MAPPED-ADDRESS' = undefined,'XOR-PEER-ADDRESS' = [],
      'XOR-RELAYED-ADDRESS' = undefined} (stun:send/3:433)
2022-01-03 21:47:09.451838+00:00 [debug] Received:
#stun{class = request,method = 3,magic = 554869826,
      trid = 883726082842659946625168274,
      raw = <<0,3,0,80,33,18,164,66,2,219,0,70,241,235,231,21,11,210,243,146,0,
              25,0,4,17,0,0,0,0,6,0,10,50,49,52,53,57,49,51,50,48,48,0,0,0,20,
              0,11,101,116,117,114,110,97,108,46,110,101,116,0,0,21,0,9,53,51,
              48,54,56,52,49,50,49,0,0,0>>,
      unsupported = [],'ALTERNATE-SERVER' = undefined,
      'CHANNEL-NUMBER' = undefined,'DATA' = undefined,'DONT-FRAGMENT' = false,
      'ERROR-CODE' = undefined,'LIFETIME' = undefined,
      'MAPPED-ADDRESS' = undefined,
      'MESSAGE-INTEGRITY' = <<217,95,95,179,215,93,236,105,46,201,94,109,239,
                              156,133,139,79,157,146,125>>,
      'NONCE' = <<"530684121">>,'REALM' = <<"eturnal.net">>,
      'REQUESTED-ADDRESS-FAMILY' = undefined,'REQUESTED-TRANSPORT' = udp,
      'SOFTWARE' = undefined,'UNKNOWN-ATTRIBUTES' = [],
      'USERNAME' = <<"2145913200">>,'XOR-MAPPED-ADDRESS' = undefined,
      'XOR-PEER-ADDRESS' = [],'XOR-RELAYED-ADDRESS' = undefined} (stun:udp_recv/5:111)
2022-01-03 21:47:09.451965+00:00 [debug] Looking up password for: 2145913200 [UDP, session 2a, user 2145913200, client 127.0.0.1:59114] (eturnal:get_password/2:221)
2022-01-03 21:47:09.452062+00:00 [info] Accepting long-term STUN/TURN authentication [UDP, session 2a, user 2145913200, client 127.0.0.1:59114] (stun:process/2:249)
2022-01-03 21:47:09.456706+00:00 [debug] Running 'turn_session_start' hook [UDP, session 2a, user 2145913200, client 127.0.0.1:59114] (turn:run_hook/2:701)
2022-01-03 21:47:09.456778+00:00 [debug] Got 'turn_session_start' event [UDP, session 2a, user 2145913200, client 127.0.0.1:59114] (eturnal_module:handle_event/2:173)
2022-01-03 21:47:09.456984+00:00 [notice] Creating TURN allocation (lifetime: 600 seconds) [UDP, session 2a, user 2145913200, client 127.0.0.1:59114, relay 10.1.0.137:61297] (turn:wait_for_allocate/2:205)
2022-01-03 21:47:09.457095+00:00 [debug] Sending:
#stun{class = response,method = 3,magic = 554869826,
      trid = 883726082842659946625168274,raw = <<>>,unsupported = [],
      'ALTERNATE-SERVER' = undefined,'CHANNEL-NUMBER' = undefined,
      'DATA' = undefined,'DONT-FRAGMENT' = false,'ERROR-CODE' = undefined,
      'LIFETIME' = 600,'MAPPED-ADDRESS' = undefined,
      'MESSAGE-INTEGRITY' = undefined,'NONCE' = undefined,'REALM' = undefined,
      'REQUESTED-ADDRESS-FAMILY' = undefined,
      'REQUESTED-TRANSPORT' = undefined,'SOFTWARE' = undefined,
      'UNKNOWN-ATTRIBUTES' = [],'USERNAME' = undefined,
      'XOR-MAPPED-ADDRESS' = {{127,0,0,1},59114},
      'XOR-PEER-ADDRESS' = [],
      'XOR-RELAYED-ADDRESS' = {{10,1,0,137},61297}} (turn:send/2:519)
2022-01-03 21:47:09.457418+00:00 [debug] Received:
#stun{class = request,method = 4,magic = 554869826,
      trid = 78877333238541218694177946952,
      raw = <<0,4,0,80,33,18,164,66,254,221,205,2,218,190,205,144,94,94,253,72,
              0,6,0,10,50,49,52,53,57,49,51,50,48,48,0,0,0,20,0,11,101,116,117,
              114,110,97,108,46,110,101,116,0,0,21,0,9,53,51,48,54,56,52,49,50,
              49,0,0,0,0,13,0,4,0,0,0,0>>,
      unsupported = [],'ALTERNATE-SERVER' = undefined,
      'CHANNEL-NUMBER' = undefined,'DATA' = undefined,'DONT-FRAGMENT' = false,
      'ERROR-CODE' = undefined,'LIFETIME' = 0,'MAPPED-ADDRESS' = undefined,
      'MESSAGE-INTEGRITY' = <<0,56,182,164,167,129,206,50,4,86,42,239,178,213,
                              123,221,60,201,83,195>>,
      'NONCE' = <<"530684121">>,'REALM' = <<"eturnal.net">>,
      'REQUESTED-ADDRESS-FAMILY' = undefined,
      'REQUESTED-TRANSPORT' = undefined,'SOFTWARE' = undefined,
      'UNKNOWN-ATTRIBUTES' = [],'USERNAME' = <<"2145913200">>,
      'XOR-MAPPED-ADDRESS' = undefined,'XOR-PEER-ADDRESS' = [],
      'XOR-RELAYED-ADDRESS' = undefined} (stun:udp_recv/5:111)
2022-01-03 21:47:09.457536+00:00 [debug] Looking up password for: 2145913200 [UDP, session 36, user 2145913200, client 127.0.0.1:59114] (eturnal:get_password/2:221)
2022-01-03 21:47:09.457615+00:00 [info] Accepting long-term STUN/TURN authentication [UDP, session 36, user 2145913200, client 127.0.0.1:59114] (stun:process/2:249)
2022-01-03 21:47:09.457687+00:00 [info] Client requested closing the TURN session [UDP, session 2a, user 2145913200, client 127.0.0.1:59114, relay 10.1.0.137:61297] (turn:active/2:260)
2022-01-03 21:47:09.457768+00:00 [debug] Sending:
#stun{class = response,method = 4,magic = 554869826,
      trid = 78877333238541218694177946952,raw = <<>>,unsupported = [],
      'ALTERNATE-SERVER' = undefined,'CHANNEL-NUMBER' = undefined,
      'DATA' = undefined,'DONT-FRAGMENT' = false,'ERROR-CODE' = undefined,
      'LIFETIME' = 0,'MAPPED-ADDRESS' = undefined,
      'MESSAGE-INTEGRITY' = undefined,'NONCE' = undefined,'REALM' = undefined,
      'REQUESTED-ADDRESS-FAMILY' = undefined,
      'REQUESTED-TRANSPORT' = undefined,'SOFTWARE' = undefined,
      'UNKNOWN-ATTRIBUTES' = [],'USERNAME' = undefined,
      'XOR-MAPPED-ADDRESS' = undefined,'XOR-PEER-ADDRESS' = [],
      'XOR-RELAYED-ADDRESS' = undefined} (turn:send/2:519)
2022-01-03 21:47:09.457871+00:00 [info] Deleting TURN allocation [UDP, session 2a, user 2145913200, client 127.0.0.1:59114, relay 10.1.0.137:61297] (turn:terminate/3:452)
2022-01-03 21:47:09.458024+00:00 [notice] Relayed 0 KiB (in 0 B / 0 packets, out 0 B / 0 packets), duration: 0 seconds [UDP, session 2a, user 2145913200, client 127.0.0.1:59114, relay 10.1.0.137:61297] (turn:terminate/3:459)
2022-01-03 21:47:09.458106+00:00 [debug] Running 'turn_session_stop' hook [UDP, session 2a, user 2145913200, client 127.0.0.1:59114, relay 10.1.0.137:61297] (turn:run_hook/2:701)
2022-01-03 21:47:09.458159+00:00 [debug] Got 'turn_session_stop' event [UDP, session 2a, user 2145913200, client 127.0.0.1:59114, relay 10.1.0.137:61297] (eturnal_module:handle_event/2:173)
2022-01-03 21:47:09.458233+00:00 [debug] Calling mod_stats_influx:handle_event/2 [UDP, session 2a, user 2145913200, client 127.0.0.1:59114, relay 10.1.0.137:61297] (eturnal_module:handle_event/2:176)
2022-01-03 21:47:09.458321+00:00 [debug] Writing stats of TURN session 2a to InfluxDB [UDP, session 2a, user 2145913200, client 127.0.0.1:59114, relay 10.1.0.137:61297] (mod_stats_influx:on_turn_session_stop/1:81)
2022-01-03 21:47:09.483492+00:00 [debug] Received:
#stun{class = request,method = 1,magic = 554869826,
      trid = 5531311457143536127544737445,raw = <<>>,unsupported = [],
      'ALTERNATE-SERVER' = undefined,'CHANNEL-NUMBER' = undefined,
      'DATA' = undefined,'DONT-FRAGMENT' = false,'ERROR-CODE' = undefined,
      'LIFETIME' = undefined,'MAPPED-ADDRESS' = undefined,
      'MESSAGE-INTEGRITY' = undefined,'NONCE' = undefined,'REALM' = undefined,
      'REQUESTED-ADDRESS-FAMILY' = undefined,
      'REQUESTED-TRANSPORT' = undefined,'SOFTWARE' = undefined,
      'UNKNOWN-ATTRIBUTES' = [],'USERNAME' = undefined,
      'XOR-MAPPED-ADDRESS' = undefined,'XOR-PEER-ADDRESS' = [],
      'XOR-RELAYED-ADDRESS' = undefined} (stun:udp_recv/5:111)
2022-01-03 21:47:09.483623+00:00 [debug] Responding to STUN request [UDP, session 42, anonymous, client 127.0.0.1:46354] (stun:process/3:308)
2022-01-03 21:47:09.483677+00:00 [debug] Running 'stun_query' hook [UDP, session 42, anonymous, client 127.0.0.1:46354] (stun:run_hook/3:781)
2022-01-03 21:47:09.483764+00:00 [debug] Got 'stun_query' event [UDP, session 42, anonymous, client 127.0.0.1:46354] (eturnal_module:handle_event/2:173)
2022-01-03 21:47:09.483825+00:00 [debug] Calling mod_log_stun:handle_event/2 [UDP, session 42, anonymous, client 127.0.0.1:46354] (eturnal_module:handle_event/2:176)
2022-01-03 21:47:09.483882+00:00 [info] Responding to STUN request [UDP, session 42, anonymous, client 127.0.0.1:46354] (mod_log_stun:handle_event/2:45)
2022-01-03 21:47:09.483952+00:00 [debug] Calling mod_stats_influx:handle_event/2 [UDP, session 42, anonymous, client 127.0.0.1:46354] (eturnal_module:handle_event/2:176)
2022-01-03 21:47:09.484008+00:00 [debug] Writing STUN query event to InfluxDB [UDP, session 42, anonymous, client 127.0.0.1:46354] (mod_stats_influx:on_stun_query/1:70)
2022-01-03 21:47:09.484262+00:00 [debug] Sending:
#stun{class = response,method = 1,magic = 554869826,
      trid = 5531311457143536127544737445,raw = <<>>,unsupported = [],
      'ALTERNATE-SERVER' = undefined,'CHANNEL-NUMBER' = undefined,
      'DATA' = undefined,'DONT-FRAGMENT' = false,'ERROR-CODE' = undefined,
      'LIFETIME' = undefined,'MAPPED-ADDRESS' = undefined,
      'MESSAGE-INTEGRITY' = undefined,'NONCE' = undefined,'REALM' = undefined,
      'REQUESTED-ADDRESS-FAMILY' = undefined,
      'REQUESTED-TRANSPORT' = undefined,'SOFTWARE' = <<"eturnal">>,
      'UNKNOWN-ATTRIBUTES' = [],'USERNAME' = undefined,
      'XOR-MAPPED-ADDRESS' = {{127,0,0,1},46354},
      'XOR-PEER-ADDRESS' = [],'XOR-RELAYED-ADDRESS' = undefined} (stun:send/3:433)
2022-01-03 21:47:09.509349+00:00 [info] Accepting connection: 127.0.0.1:43456 -> 127.0.0.1:34780 [TCP, session 1f] (stun_listener:accept/3:221)
2022-01-03 21:47:09.509616+00:00 [debug] Received:
#stun{class = request,method = 1,magic = 554869826,
      trid = 2984276392671742914389158726,raw = <<>>,unsupported = [],
      'ALTERNATE-SERVER' = undefined,'CHANNEL-NUMBER' = undefined,
      'DATA' = undefined,'DONT-FRAGMENT' = false,'ERROR-CODE' = undefined,
      'LIFETIME' = undefined,'MAPPED-ADDRESS' = undefined,
      'MESSAGE-INTEGRITY' = undefined,'NONCE' = undefined,'REALM' = undefined,
      'REQUESTED-ADDRESS-FAMILY' = undefined,
      'REQUESTED-TRANSPORT' = undefined,'SOFTWARE' = undefined,
      'UNKNOWN-ATTRIBUTES' = [],'USERNAME' = undefined,
      'XOR-MAPPED-ADDRESS' = undefined,'XOR-PEER-ADDRESS' = [],
      'XOR-RELAYED-ADDRESS' = undefined} (stun:process_data/3:392)
2022-01-03 21:47:09.509738+00:00 [debug] Responding to STUN request [TCP, session 1f, anonymous, client 127.0.0.1:43456] (stun:process/3:308)
2022-01-03 21:47:09.509794+00:00 [debug] Running 'stun_query' hook [TCP, session 1f, anonymous, client 127.0.0.1:43456] (stun:run_hook/3:781)
2022-01-03 21:47:09.509855+00:00 [debug] Got 'stun_query' event [TCP, session 1f, anonymous, client 127.0.0.1:43456] (eturnal_module:handle_event/2:173)
2022-01-03 21:47:09.509908+00:00 [debug] Calling mod_log_stun:handle_event/2 [TCP, session 1f, anonymous, client 127.0.0.1:43456] (eturnal_module:handle_event/2:176)
2022-01-03 21:47:09.509962+00:00 [info] Responding to STUN request [TCP, session 1f, anonymous, client 127.0.0.1:43456] (mod_log_stun:handle_event/2:45)
2022-01-03 21:47:09.510013+00:00 [debug] Calling mod_stats_influx:handle_event/2 [TCP, session 1f, anonymous, client 127.0.0.1:43456] (eturnal_module:handle_event/2:176)
2022-01-03 21:47:09.510053+00:00 [debug] Writing STUN query event to InfluxDB [TCP, session 1f, anonymous, client 127.0.0.1:43456] (mod_stats_influx:on_stun_query/1:70)
2022-01-03 21:47:09.510305+00:00 [debug] Sending:
#stun{class = response,method = 1,magic = 554869826,
      trid = 2984276392671742914389158726,raw = <<>>,unsupported = [],
      'ALTERNATE-SERVER' = undefined,'CHANNEL-NUMBER' = undefined,
      'DATA' = undefined,'DONT-FRAGMENT' = false,'ERROR-CODE' = undefined,
      'LIFETIME' = undefined,'MAPPED-ADDRESS' = undefined,
      'MESSAGE-INTEGRITY' = undefined,'NONCE' = undefined,'REALM' = undefined,
      'REQUESTED-ADDRESS-FAMILY' = undefined,
      'REQUESTED-TRANSPORT' = undefined,'SOFTWARE' = <<"P1 STUN library">>,
      'UNKNOWN-ATTRIBUTES' = [],'USERNAME' = undefined,
      'XOR-MAPPED-ADDRESS' = {{127,0,0,1},43456},
      'XOR-PEER-ADDRESS' = [],'XOR-RELAYED-ADDRESS' = undefined} (stun:send/3:433)
2022-01-03 21:47:09.510615+00:00 [info] Connection reset by peer [TCP, session 1f, anonymous, client 127.0.0.1:43456] (stun:handle_info/3:171)
2022-01-03 21:47:09.535162+00:00 [info] Accepting connection: 127.0.0.1:51730 -> 127.0.0.1:53490 [TLS, session 1v] (stun_listener:accept/3:221)
2022-01-03 21:47:09.644707+00:00 [debug] Received:
#stun{class = request,method = 1,magic = 554869826,
      trid = 20698572587545299692709701411,raw = <<>>,unsupported = [],
      'ALTERNATE-SERVER' = undefined,'CHANNEL-NUMBER' = undefined,
      'DATA' = undefined,'DONT-FRAGMENT' = false,'ERROR-CODE' = undefined,
      'LIFETIME' = undefined,'MAPPED-ADDRESS' = undefined,
      'MESSAGE-INTEGRITY' = undefined,'NONCE' = undefined,'REALM' = undefined,
      'REQUESTED-ADDRESS-FAMILY' = undefined,
      'REQUESTED-TRANSPORT' = undefined,'SOFTWARE' = undefined,
      'UNKNOWN-ATTRIBUTES' = [],'USERNAME' = undefined,
      'XOR-MAPPED-ADDRESS' = undefined,'XOR-PEER-ADDRESS' = [],
      'XOR-RELAYED-ADDRESS' = undefined} (stun:process_data/3:392)
2022-01-03 21:47:09.644986+00:00 [debug] Responding to STUN request [TLS, session 1v, anonymous, client 127.0.0.1:51730] (stun:process/3:308)
2022-01-03 21:47:09.645059+00:00 [debug] Running 'stun_query' hook [TLS, session 1v, anonymous, client 127.0.0.1:51730] (stun:run_hook/3:781)
2022-01-03 21:47:09.645124+00:00 [debug] Got 'stun_query' event [TLS, session 1v, anonymous, client 127.0.0.1:51730] (eturnal_module:handle_event/2:173)
2022-01-03 21:47:09.645170+00:00 [debug] Calling mod_log_stun:handle_event/2 [TLS, session 1v, anonymous, client 127.0.0.1:51730] (eturnal_module:handle_event/2:176)
2022-01-03 21:47:09.645218+00:00 [info] Responding to STUN request [TLS, session 1v, anonymous, client 127.0.0.1:51730] (mod_log_stun:handle_event/2:45)
2022-01-03 21:47:09.645258+00:00 [debug] Calling mod_stats_influx:handle_event/2 [TLS, session 1v, anonymous, client 127.0.0.1:51730] (eturnal_module:handle_event/2:176)
2022-01-03 21:47:09.645310+00:00 [debug] Writing STUN query event to InfluxDB [TLS, session 1v, anonymous, client 127.0.0.1:51730] (mod_stats_influx:on_stun_query/1:70)
2022-01-03 21:47:09.645614+00:00 [debug] Sending:
#stun{class = response,method = 1,magic = 554869826,
      trid = 20698572587545299692709701411,raw = <<>>,unsupported = [],
      'ALTERNATE-SERVER' = undefined,'CHANNEL-NUMBER' = undefined,
      'DATA' = undefined,'DONT-FRAGMENT' = false,'ERROR-CODE' = undefined,
      'LIFETIME' = undefined,'MAPPED-ADDRESS' = undefined,
      'MESSAGE-INTEGRITY' = undefined,'NONCE' = undefined,'REALM' = undefined,
      'REQUESTED-ADDRESS-FAMILY' = undefined,
      'REQUESTED-TRANSPORT' = undefined,'SOFTWARE' = <<"P1 STUN library">>,
      'UNKNOWN-ATTRIBUTES' = [],'USERNAME' = undefined,
      'XOR-MAPPED-ADDRESS' = {{127,0,0,1},51730},
      'XOR-PEER-ADDRESS' = [],'XOR-RELAYED-ADDRESS' = undefined} (stun:send/3:433)
2022-01-03 21:47:09.645934+00:00 [info] Connection reset by peer [TLS, session 1v, anonymous, client 127.0.0.1:51730] (stun:handle_info/3:171)
2022-01-03 21:47:09.671877+00:00 [info] Accepting connection: 127.0.0.1:34612 -> 127.0.0.1:34781 [TCP|TLS, session i] (stun_listener:accept/3:221)
2022-01-03 21:47:09.672029+00:00 [debug] Determined transport protocol: TCP (stun:is_tls_handshake/1:745)
2022-01-03 21:47:09.672371+00:00 [debug] Received:
#stun{class = request,method = 1,magic = 554869826,
      trid = 29736672617170233543467399482,raw = <<>>,unsupported = [],
      'ALTERNATE-SERVER' = undefined,'CHANNEL-NUMBER' = undefined,
      'DATA' = undefined,'DONT-FRAGMENT' = false,'ERROR-CODE' = undefined,
      'LIFETIME' = undefined,'MAPPED-ADDRESS' = undefined,
      'MESSAGE-INTEGRITY' = undefined,'NONCE' = undefined,'REALM' = undefined,
      'REQUESTED-ADDRESS-FAMILY' = undefined,
      'REQUESTED-TRANSPORT' = undefined,'SOFTWARE' = undefined,
      'UNKNOWN-ATTRIBUTES' = [],'USERNAME' = undefined,
      'XOR-MAPPED-ADDRESS' = undefined,'XOR-PEER-ADDRESS' = [],
      'XOR-RELAYED-ADDRESS' = undefined} (stun:process_data/3:392)
2022-01-03 21:47:09.672528+00:00 [debug] Responding to STUN request [TCP, session i, anonymous, client 127.0.0.1:34612] (stun:process/3:308)
2022-01-03 21:47:09.672633+00:00 [debug] Running 'stun_query' hook [TCP, session i, anonymous, client 127.0.0.1:34612] (stun:run_hook/3:781)
2022-01-03 21:47:09.672707+00:00 [debug] Got 'stun_query' event [TCP, session i, anonymous, client 127.0.0.1:34612] (eturnal_module:handle_event/2:173)
2022-01-03 21:47:09.672750+00:00 [debug] Calling mod_log_stun:handle_event/2 [TCP, session i, anonymous, client 127.0.0.1:34612] (eturnal_module:handle_event/2:176)
2022-01-03 21:47:09.672805+00:00 [info] Responding to STUN request [TCP, session i, anonymous, client 127.0.0.1:34612] (mod_log_stun:handle_event/2:45)
2022-01-03 21:47:09.672862+00:00 [debug] Calling mod_stats_influx:handle_event/2 [TCP, session i, anonymous, client 127.0.0.1:34612] (eturnal_module:handle_event/2:176)
2022-01-03 21:47:09.672912+00:00 [debug] Writing STUN query event to InfluxDB [TCP, session i, anonymous, client 127.0.0.1:34612] (mod_stats_influx:on_stun_query/1:70)
2022-01-03 21:47:09.673110+00:00 [debug] Sending:
#stun{class = response,method = 1,magic = 554869826,
      trid = 29736672617170233543467399482,raw = <<>>,unsupported = [],
      'ALTERNATE-SERVER' = undefined,'CHANNEL-NUMBER' = undefined,
      'DATA' = undefined,'DONT-FRAGMENT' = false,'ERROR-CODE' = undefined,
      'LIFETIME' = undefined,'MAPPED-ADDRESS' = undefined,
      'MESSAGE-INTEGRITY' = undefined,'NONCE' = undefined,'REALM' = undefined,
      'REQUESTED-ADDRESS-FAMILY' = undefined,
      'REQUESTED-TRANSPORT' = undefined,'SOFTWARE' = <<"P1 STUN library">>,
      'UNKNOWN-ATTRIBUTES' = [],'USERNAME' = undefined,
      'XOR-MAPPED-ADDRESS' = {{127,0,0,1},34612},
      'XOR-PEER-ADDRESS' = [],'XOR-RELAYED-ADDRESS' = undefined} (stun:send/3:433)
2022-01-03 21:47:09.673437+00:00 [info] Connection reset by peer [TCP, session i, anonymous, client 127.0.0.1:34612] (stun:handle_info/3:171)
2022-01-03 21:47:09.701572+00:00 [info] Accepting connection: 127.0.0.1:34614 -> 127.0.0.1:34781 [TCP|TLS, session 5u] (stun_listener:accept/3:221)
2022-01-03 21:47:09.701881+00:00 [debug] Determined transport protocol: TLS (stun:is_tls_handshake/1:742)
2022-01-03 21:47:09.811722+00:00 [debug] Received:
#stun{class = request,method = 1,magic = 554869826,
      trid = 11229749370610946787526784956,raw = <<>>,unsupported = [],
      'ALTERNATE-SERVER' = undefined,'CHANNEL-NUMBER' = undefined,
      'DATA' = undefined,'DONT-FRAGMENT' = false,'ERROR-CODE' = undefined,
      'LIFETIME' = undefined,'MAPPED-ADDRESS' = undefined,
      'MESSAGE-INTEGRITY' = undefined,'NONCE' = undefined,'REALM' = undefined,
      'REQUESTED-ADDRESS-FAMILY' = undefined,
      'REQUESTED-TRANSPORT' = undefined,'SOFTWARE' = undefined,
      'UNKNOWN-ATTRIBUTES' = [],'USERNAME' = undefined,
      'XOR-MAPPED-ADDRESS' = undefined,'XOR-PEER-ADDRESS' = [],
      'XOR-RELAYED-ADDRESS' = undefined} (stun:process_data/3:392)
2022-01-03 21:47:09.811891+00:00 [debug] Responding to STUN request [TLS, session 5u, anonymous, client 127.0.0.1:34614] (stun:process/3:308)
2022-01-03 21:47:09.811943+00:00 [debug] Running 'stun_query' hook [TLS, session 5u, anonymous, client 127.0.0.1:34614] (stun:run_hook/3:781)
2022-01-03 21:47:09.812012+00:00 [debug] Got 'stun_query' event [TLS, session 5u, anonymous, client 127.0.0.1:34614] (eturnal_module:handle_event/2:173)
2022-01-03 21:47:09.812053+00:00 [debug] Calling mod_log_stun:handle_event/2 [TLS, session 5u, anonymous, client 127.0.0.1:34614] (eturnal_module:handle_event/2:176)
2022-01-03 21:47:09.812116+00:00 [info] Responding to STUN request [TLS, session 5u, anonymous, client 127.0.0.1:34614] (mod_log_stun:handle_event/2:45)
2022-01-03 21:47:09.812202+00:00 [debug] Calling mod_stats_influx:handle_event/2 [TLS, session 5u, anonymous, client 127.0.0.1:34614] (eturnal_module:handle_event/2:176)
2022-01-03 21:47:09.812249+00:00 [debug] Writing STUN query event to InfluxDB [TLS, session 5u, anonymous, client 127.0.0.1:34614] (mod_stats_influx:on_stun_query/1:70)
2022-01-03 21:47:09.812643+00:00 [debug] Sending:
#stun{class = response,method = 1,magic = 554869826,
      trid = 11229749370610946787526784956,raw = <<>>,unsupported = [],
      'ALTERNATE-SERVER' = undefined,'CHANNEL-NUMBER' = undefined,
      'DATA' = undefined,'DONT-FRAGMENT' = false,'ERROR-CODE' = undefined,
      'LIFETIME' = undefined,'MAPPED-ADDRESS' = undefined,
      'MESSAGE-INTEGRITY' = undefined,'NONCE' = undefined,'REALM' = undefined,
      'REQUESTED-ADDRESS-FAMILY' = undefined,
      'REQUESTED-TRANSPORT' = undefined,'SOFTWARE' = <<"P1 STUN library">>,
      'UNKNOWN-ATTRIBUTES' = [],'USERNAME' = undefined,
      'XOR-MAPPED-ADDRESS' = {{127,0,0,1},34614},
      'XOR-PEER-ADDRESS' = [],'XOR-RELAYED-ADDRESS' = undefined} (stun:send/3:433)
2022-01-03 21:47:09.812974+00:00 [info] Connection reset by peer [TLS, session 5u, anonymous, client 127.0.0.1:34614] (stun:handle_info/3:171)
2022-01-03 21:47:09.838180+00:00 [debug] Terminating eturnal (shutdown) (eturnal:terminate/2:196)
2022-01-03 21:47:09.838397+00:00 [debug] No NOTIFY_SOCKET, dropping STOPPING=1 notification (eturnal_systemd:handle_cast/2:109)
2022-01-03 21:47:09.838547+00:00 [debug] Watchdog interval is undefined, hibernating (eturnal_systemd:get_timeout/1:162)
2022-01-03 21:47:09.838910+00:00 [info] Stopped listening on 127.0.0.1:34780 (udp) (eturnal:stop_listeners/1:365)
2022-01-03 21:47:09.839127+00:00 [info] Stopped listening on 127.0.0.1:34780 (tcp) (eturnal:stop_listeners/1:365)
2022-01-03 21:47:09.839384+00:00 [info] Stopped listening on 127.0.0.1:53490 (tls) (eturnal:stop_listeners/1:365)
2022-01-03 21:47:09.839575+00:00 [info] Stopped listening on 127.0.0.1:34781 (auto) (eturnal:stop_listeners/1:365)
2022-01-03 21:47:09.839722+00:00 [debug] Module mod_log_stun doesn't export stop/1 (eturnal_module:stop/1:167)
2022-01-03 21:47:09.840165+00:00 [info] Stopped mod_log_stun (eturnal:stop_modules/1:313)
2022-01-03 21:47:09.840303+00:00 [debug] Module mod_stats_influx doesn't export stop/1 (eturnal_module:stop/1:167)
2022-01-03 21:47:09.840391+00:00 [info] Stopped mod_stats_influx (eturnal:stop_modules/1:313)
2022-01-03 21:47:09.841560+00:00 [debug] Removed run/cert.pem (eturnal:clean_run_dir/0:691)
2022-01-03 21:47:09.841917+00:00 [debug] Terminating eturnal_systemd (shutdown) (eturnal_systemd:terminate/2:136)
2022-01-03 21:47:09.842148+00:00 [notice] Stopping eturnal 1.7.0 on Erlang/OTP 24 (ERTS 12.2) (eturnal_app:stop/1:53)
2022-01-03 21:47:09.843909+00:00 [notice]     application: eturnal
    exited: stopped
    type: temporary
 (application_controller:info_exited/3:2119)
