2022-07-10 21:48:30.888092+00:00 [notice] Starting eturnal 1.9.0 on Erlang/OTP 25 (ERTS 13.0) (eturnal_app:start/2:35)
2022-07-10 21:48:30.888318+00:00 [debug] Starting supervisor: eturnal_sup (eturnal_sup:start_link/0:32)
2022-07-10 21:48:30.888470+00:00 [debug] Configuring eturnal_sup supervisor: [#{id => systemd,
                                       start =>
                                           {eturnal_systemd,start_link,[]}},
                                     #{id => eturnal,
                                       start => {eturnal,start_link,[]}}] (eturnal_sup:init/0:40)
2022-07-10 21:48:30.890560+00:00 [info] Got no NOTIFY_SOCKET, notifications disabled (eturnal_systemd:init/1:95)
2022-07-10 21:48:30.890753+00:00 [debug] PROGRESS REPORT:
    supervisor: {local,eturnal_sup}
    started: [{pid,<0.930.0>},
              {id,systemd},
              {mfargs,{eturnal_systemd,start_link,[]}},
              {restart_type,permanent},
              {significant,false},
              {shutdown,5000},
              {child_type,worker}]
 (supervisor:report_progress/2:1557)
2022-07-10 21:48:30.890964+00:00 [info] Relay IPv4 address: 127.0.0.1 (port range: 49152-65535) (eturnal:log_relay_addresses/0:271)
2022-07-10 21:48:30.891088+00:00 [info] Relay IPv6 address not configured (eturnal:log_relay_addresses/0:281)
2022-07-10 21:48:30.905064+00:00 [info] Cannot determine control query port: noport (eturnal:log_control_listener/0:296)
2022-07-10 21:48:30.905515+00:00 [debug] Using run directory run (eturnal:ensure_run_dir/0:678)
2022-07-10 21:48:30.905624+00:00 [debug] TURN configuration seems fine (eturnal:check_turn_config/0:490)
2022-07-10 21:48:30.905738+00:00 [warning] TLS enabled without 'tls_crt_file', creating self-signed certificate (eturnal:check_pem_file/0:614)
2022-07-10 21:48:31.452254+00:00 [debug] Calling mod_log_stun:start/0 (eturnal_module:start/1:142)
2022-07-10 21:48:31.452527+00:00 [debug] Starting mod_log_stun (mod_log_stun:start/0:39)
2022-07-10 21:48:31.452748+00:00 [info] Started mod_log_stun (eturnal:start_modules/0:307)
2022-07-10 21:48:31.452866+00:00 [debug] Calling mod_stats_influx:start/0 (eturnal_module:start/1:142)
2022-07-10 21:48:31.453005+00:00 [debug] Starting mod_stats_influx (mod_stats_influx:start/0:38)
2022-07-10 21:48:31.455328+00:00 [debug] PROGRESS REPORT:
    application: ulitos
    started_at: nonode@nohost
 (application_controller:info_started/2:2107)
2022-07-10 21:48:31.458467+00:00 [debug] PROGRESS REPORT:
    application: poolboy
    started_at: nonode@nohost
 (application_controller:info_started/2:2107)
2022-07-10 21:48:31.459849+00:00 [info]     msg: Starting application: influx_udp (influx_udp_app:start/2:10)
2022-07-10 21:48:31.462933+00:00 [debug] PROGRESS REPORT:
    supervisor: {local,influx_udp_sup}
    started: [{pid,<0.952.0>},
              {id,influx_udp},
              {mfargs,{influx_udp,start_link,[]}},
              {restart_type,permanent},
              {significant,false},
              {shutdown,5000},
              {child_type,worker}]
 (supervisor:report_progress/2:1557)
2022-07-10 21:48:31.463082+00:00 [debug] PROGRESS REPORT:
    application: influx_udp
    started_at: nonode@nohost
 (application_controller:info_started/2:2107)
2022-07-10 21:48:31.463144+00:00 [debug] Dependency influx_udp was available already (eturnal_module:ensure_dep/2:283)
2022-07-10 21:48:31.467155+00:00 [info]     host: {127,0,0,1}
    msg: Start clients pool
    options: #{host => "localhost",max_overflow => 1,pool_size => 1,
               port => 8089} (influx_udp:start_pool_/2:239)
2022-07-10 21:48:31.475373+00:00 [info]     msg: Open UDP socket on port
    port: 35367 (influx_udp_worker:init/1:43)
2022-07-10 21:48:31.475553+00:00 [debug] PROGRESS REPORT:
    supervisor: {local,influx_udp_sup}
    started: [{pid,<0.955.0>},
              {id,stats_influx_pool},
              {mfargs,
                  {poolboy,start_link,
                      [[{name,{local,stats_influx_pool}},
                        {worker_module,influx_udp_worker},
                        {size,1},
                        {max_overflow,1}],
                       [{options,
                            #{host => {127,0,0,1},
                              max_overflow => 1,pool_size => 1,
                              port => 8089}}]]}},
              {restart_type,permanent},
              {significant,false},
              {shutdown,5000},
              {child_type,worker}]
 (supervisor:report_progress/2:1557)
2022-07-10 21:48:31.475775+00:00 [info] Started mod_stats_influx (eturnal:start_modules/0:307)
2022-07-10 21:48:31.475980+00:00 [debug] Starting listener 127.0.0.1:34780 (udp) with options:
[{use_turn,true},
 {auth_type,user},
 {turn_ipv4_address,{127,0,0,1}},
 {turn_min_port,49152},
 {turn_max_port,65535},
 {turn_max_allocations,10},
 {turn_max_permissions,10},
 {shaper,100000},
 {turn_blacklist,[{{10,0,0,0},8},
                  {{100,64,0,0},10},
                  {{127,0,0,0},8},
                  {{169,254,0,0},16},
                  {{172,16,0,0},12},
                  {{192,0,0,0},24},
                  {{192,0,2,0},24},
                  {{192,88,99,0},24},
                  {{192,168,0,0},16},
                  {{198,18,0,0},15},
                  {{198,51,100,0},24},
                  {{203,0,113,0},24},
                  {{240,0,0,0},4},
                  {{0,0,0,0,0,0,0,1},128},
                  {{0,0,0,0,0,65535,0,0},96},
                  {{100,65435,0,0,0,0,0,0},96},
                  {{256,0,0,0,0,0,0,0},64},
                  {{8193,3512,0,0,0,0,0,0},32},
                  {{64512,0,0,0,0,0,0,0},7},
                  {{65152,0,0,0,0,0,0,0},10},
                  {{65280,0,0,0,0,0,0,0},8}]},
 {turn_whitelist,[{{127,0,0,1},32},
                  {{203,0,113,113},32},
                  {{8193,3512,0,0,0,0,0,0},64}]},
 {auth_realm,<<"eturnal.net">>},
 {server_name,<<"eturnal">>},
 {auth_fun,fun eturnal:get_password/2},
 {hook_fun,fun eturnal:run_hook/2}] (eturnal:start_listeners/0:340)
2022-07-10 21:48:31.492777+00:00 [info] Listening on 127.0.0.1:34780 (udp) (STUN/TURN) (eturnal:start_listeners/0:345)
2022-07-10 21:48:31.492952+00:00 [debug] Starting listener 127.0.0.1:34780 (tcp) with options:
[{use_turn,false},
 {auth_type,anonymous},
 {turn_ipv4_address,{127,0,0,1}},
 {turn_min_port,49152},
 {turn_max_port,65535},
 {turn_max_allocations,10},
 {turn_max_permissions,10},
 {shaper,100000},
 {turn_blacklist,[{{10,0,0,0},8},
                  {{100,64,0,0},10},
                  {{127,0,0,0},8},
                  {{169,254,0,0},16},
                  {{172,16,0,0},12},
                  {{192,0,0,0},24},
                  {{192,0,2,0},24},
                  {{192,88,99,0},24},
                  {{192,168,0,0},16},
                  {{198,18,0,0},15},
                  {{198,51,100,0},24},
                  {{203,0,113,0},24},
                  {{240,0,0,0},4},
                  {{0,0,0,0,0,0,0,1},128},
                  {{0,0,0,0,0,65535,0,0},96},
                  {{100,65435,0,0,0,0,0,0},96},
                  {{256,0,0,0,0,0,0,0},64},
                  {{8193,3512,0,0,0,0,0,0},32},
                  {{64512,0,0,0,0,0,0,0},7},
                  {{65152,0,0,0,0,0,0,0},10},
                  {{65280,0,0,0,0,0,0,0},8}]},
 {turn_whitelist,[{{127,0,0,1},32},
                  {{203,0,113,113},32},
                  {{8193,3512,0,0,0,0,0,0},64}]},
 {auth_realm,<<"eturnal.net">>},
 {server_name,<<"eturnal">>},
 {auth_fun,fun eturnal:get_password/2},
 {hook_fun,fun eturnal:run_hook/2}] (eturnal:start_listeners/0:340)
2022-07-10 21:48:31.507362+00:00 [info] Listening on 127.0.0.1:34780 (tcp) (STUN only) (eturnal:start_listeners/0:345)
2022-07-10 21:48:31.507546+00:00 [debug] Starting listener 127.0.0.1:53490 (tls) with options:
[{use_turn,false},
 {auth_type,anonymous},
 {tls,true},
 {certfile,<<"run/cert.pem">>},
 {ciphers,<<"HIGH:!aNULL:@STRENGTH">>},
 {protocol_options,<<"no_tlsv1|no_tlsv1_1|cipher_server_preference">>},
 {turn_ipv4_address,{127,0,0,1}},
 {turn_min_port,49152},
 {turn_max_port,65535},
 {turn_max_allocations,10},
 {turn_max_permissions,10},
 {shaper,100000},
 {turn_blacklist,[{{10,0,0,0},8},
                  {{100,64,0,0},10},
                  {{127,0,0,0},8},
                  {{169,254,0,0},16},
                  {{172,16,0,0},12},
                  {{192,0,0,0},24},
                  {{192,0,2,0},24},
                  {{192,88,99,0},24},
                  {{192,168,0,0},16},
                  {{198,18,0,0},15},
                  {{198,51,100,0},24},
                  {{203,0,113,0},24},
                  {{240,0,0,0},4},
                  {{0,0,0,0,0,0,0,1},128},
                  {{0,0,0,0,0,65535,0,0},96},
                  {{100,65435,0,0,0,0,0,0},96},
                  {{256,0,0,0,0,0,0,0},64},
                  {{8193,3512,0,0,0,0,0,0},32},
                  {{64512,0,0,0,0,0,0,0},7},
                  {{65152,0,0,0,0,0,0,0},10},
                  {{65280,0,0,0,0,0,0,0},8}]},
 {turn_whitelist,[{{127,0,0,1},32},
                  {{203,0,113,113},32},
                  {{8193,3512,0,0,0,0,0,0},64}]},
 {auth_realm,<<"eturnal.net">>},
 {server_name,<<"eturnal">>},
 {auth_fun,fun eturnal:get_password/2},
 {hook_fun,fun eturnal:run_hook/2}] (eturnal:start_listeners/0:340)
2022-07-10 21:48:31.508216+00:00 [info] Listening on 127.0.0.1:53490 (tls) (STUN only) (eturnal:start_listeners/0:345)
2022-07-10 21:48:31.508368+00:00 [debug] Starting listener 127.0.0.1:34781 (auto) with options:
[{use_turn,false},
 {auth_type,anonymous},
 {tls,optional},
 {certfile,<<"run/cert.pem">>},
 {ciphers,<<"HIGH:!aNULL:@STRENGTH">>},
 {protocol_options,<<"no_tlsv1|no_tlsv1_1|cipher_server_preference">>},
 {turn_ipv4_address,{127,0,0,1}},
 {turn_min_port,49152},
 {turn_max_port,65535},
 {turn_max_allocations,10},
 {turn_max_permissions,10},
 {shaper,100000},
 {turn_blacklist,[{{10,0,0,0},8},
                  {{100,64,0,0},10},
                  {{127,0,0,0},8},
                  {{169,254,0,0},16},
                  {{172,16,0,0},12},
                  {{192,0,0,0},24},
                  {{192,0,2,0},24},
                  {{192,88,99,0},24},
                  {{192,168,0,0},16},
                  {{198,18,0,0},15},
                  {{198,51,100,0},24},
                  {{203,0,113,0},24},
                  {{240,0,0,0},4},
                  {{0,0,0,0,0,0,0,1},128},
                  {{0,0,0,0,0,65535,0,0},96},
                  {{100,65435,0,0,0,0,0,0},96},
                  {{256,0,0,0,0,0,0,0},64},
                  {{8193,3512,0,0,0,0,0,0},32},
                  {{64512,0,0,0,0,0,0,0},7},
                  {{65152,0,0,0,0,0,0,0},10},
                  {{65280,0,0,0,0,0,0,0},8}]},
 {turn_whitelist,[{{127,0,0,1},32},
                  {{203,0,113,113},32},
                  {{8193,3512,0,0,0,0,0,0},64}]},
 {auth_realm,<<"eturnal.net">>},
 {server_name,<<"eturnal">>},
 {auth_fun,fun eturnal:get_password/2},
 {hook_fun,fun eturnal:run_hook/2}] (eturnal:start_listeners/0:340)
2022-07-10 21:48:31.523358+00:00 [info] Listening on 127.0.0.1:34781 (auto) (STUN only) (eturnal:start_listeners/0:345)
2022-07-10 21:48:31.523564+00:00 [debug] Started 2 modules (eturnal:init/1:96)
2022-07-10 21:48:31.523664+00:00 [debug] Started 4 listeners (eturnal:init/1:97)
2022-07-10 21:48:31.523800+00:00 [debug] PROGRESS REPORT:
    supervisor: {local,eturnal_sup}
    started: [{pid,<0.932.0>},
              {id,eturnal},
              {mfargs,{eturnal,start_link,[]}},
              {restart_type,permanent},
              {significant,false},
              {shutdown,5000},
              {child_type,worker}]
 (supervisor:report_progress/2:1557)
2022-07-10 21:48:31.523906+00:00 [debug] No NOTIFY_SOCKET, dropping READY=1 notification (eturnal_systemd:handle_cast/2:109)
2022-07-10 21:48:31.523950+00:00 [debug] PROGRESS REPORT:
    application: eturnal
    started_at: nonode@nohost
 (application_controller:info_started/2:2107)
2022-07-10 21:48:31.524029+00:00 [debug] Watchdog interval is undefined, hibernating (eturnal_systemd:get_timeout/1:162)
2022-07-10 21:48:31.551363+00:00 [debug] Handling API call: get_info() (eturnal_ctl:get_info/0:135)
2022-07-10 21:48:31.551996+00:00 [debug] eturnal call (get_info) returned {ok,
                                  {eturnal_node_info,<<"1.9.0">>,
                                   {"25","13.0"},
                                   3624,0,138,116137692,2,40257712}} (eturnal_ctl:call/1:452)
2022-07-10 21:48:31.576212+00:00 [debug] Handling API call: get_sessions() (eturnal_ctl:get_sessions/0:106)
2022-07-10 21:48:31.599843+00:00 [debug] Handling API call: get_sessions("alice") (eturnal_ctl:get_sessions/1:116)
2022-07-10 21:48:31.600053+00:00 [debug] Handling API call: disconnect(alice) (eturnal_ctl:disconnect/1:184)
2022-07-10 21:48:31.600162+00:00 [debug] Cannot convert user name to binary: alice (eturnal_ctl:disconnect/1:194)
2022-07-10 21:48:31.624128+00:00 [debug] Handling API call: disconnect("alice") (eturnal_ctl:disconnect/1:184)
2022-07-10 21:48:31.624387+00:00 [debug] Handling API call: disconnect(alice) (eturnal_ctl:disconnect/1:184)
2022-07-10 21:48:31.624520+00:00 [debug] Cannot convert user name to binary: alice (eturnal_ctl:disconnect/1:194)
2022-07-10 21:48:31.649786+00:00 [debug] Handling API call: get_credentials("2009-10-30 11:00:00Z", []) (eturnal_ctl:get_credentials/2:60)
2022-07-10 21:48:31.650033+00:00 [debug] eturnal call ({get_password,<<"1256900400">>}) returned {ok,
                                                         <<"uEKlpcME7MNMMVRV8rUFPCTIFEs=">>} (eturnal_ctl:call/1:452)
2022-07-10 21:48:31.654905+00:00 [debug] Handling API call: get_credentials("86400", "alice") (eturnal_ctl:get_credentials/2:60)
2022-07-10 21:48:31.655131+00:00 [debug] eturnal call ({get_password,<<"1657576111:alice">>}) returned {ok,
                                                               <<"/E1jidwGpkc0LtdDO8BFgRl7c8g=">>} (eturnal_ctl:call/1:452)
2022-07-10 21:48:31.655292+00:00 [debug] Handling API call: get_password("1657576111:alice") (eturnal_ctl:get_password/1:79)
2022-07-10 21:48:31.655422+00:00 [debug] eturnal call ({get_password,<<"1657576111:alice">>}) returned {ok,
                                                               <<"/E1jidwGpkc0LtdDO8BFgRl7c8g=">>} (eturnal_ctl:call/1:452)
2022-07-10 21:48:31.655598+00:00 [debug] Handling API call: get_credentials("86400s", "alice") (eturnal_ctl:get_credentials/2:60)
2022-07-10 21:48:31.655765+00:00 [debug] eturnal call ({get_password,<<"1657576111:alice">>}) returned {ok,
                                                               <<"/E1jidwGpkc0LtdDO8BFgRl7c8g=">>} (eturnal_ctl:call/1:452)
2022-07-10 21:48:31.655919+00:00 [debug] Handling API call: get_password("1657576111:alice") (eturnal_ctl:get_password/1:79)
2022-07-10 21:48:31.656043+00:00 [debug] eturnal call ({get_password,<<"1657576111:alice">>}) returned {ok,
                                                               <<"/E1jidwGpkc0LtdDO8BFgRl7c8g=">>} (eturnal_ctl:call/1:452)
2022-07-10 21:48:31.656231+00:00 [debug] Handling API call: get_credentials("1440m", "alice") (eturnal_ctl:get_credentials/2:60)
2022-07-10 21:48:31.656392+00:00 [debug] eturnal call ({get_password,<<"1657576111:alice">>}) returned {ok,
                                                               <<"/E1jidwGpkc0LtdDO8BFgRl7c8g=">>} (eturnal_ctl:call/1:452)
2022-07-10 21:48:31.656524+00:00 [debug] Handling API call: get_password("1657576111:alice") (eturnal_ctl:get_password/1:79)
2022-07-10 21:48:31.656635+00:00 [debug] eturnal call ({get_password,<<"1657576111:alice">>}) returned {ok,
                                                               <<"/E1jidwGpkc0LtdDO8BFgRl7c8g=">>} (eturnal_ctl:call/1:452)
2022-07-10 21:48:31.656770+00:00 [debug] Handling API call: get_credentials("24h", "alice") (eturnal_ctl:get_credentials/2:60)
2022-07-10 21:48:31.657770+00:00 [debug] eturnal call ({get_password,<<"1657576111:alice">>}) returned {ok,
                                                               <<"/E1jidwGpkc0LtdDO8BFgRl7c8g=">>} (eturnal_ctl:call/1:452)
2022-07-10 21:48:31.657900+00:00 [debug] Handling API call: get_password("1657576111:alice") (eturnal_ctl:get_password/1:79)
2022-07-10 21:48:31.658020+00:00 [debug] eturnal call ({get_password,<<"1657576111:alice">>}) returned {ok,
                                                               <<"/E1jidwGpkc0LtdDO8BFgRl7c8g=">>} (eturnal_ctl:call/1:452)
2022-07-10 21:48:31.658161+00:00 [debug] Handling API call: get_credentials("1d", "alice") (eturnal_ctl:get_credentials/2:60)
2022-07-10 21:48:31.658340+00:00 [debug] eturnal call ({get_password,<<"1657576111:alice">>}) returned {ok,
                                                               <<"/E1jidwGpkc0LtdDO8BFgRl7c8g=">>} (eturnal_ctl:call/1:452)
2022-07-10 21:48:31.658443+00:00 [debug] Handling API call: get_password("1657576111:alice") (eturnal_ctl:get_password/1:79)
2022-07-10 21:48:31.658557+00:00 [debug] eturnal call ({get_password,<<"1657576111:alice">>}) returned {ok,
                                                               <<"/E1jidwGpkc0LtdDO8BFgRl7c8g=">>} (eturnal_ctl:call/1:452)
2022-07-10 21:48:31.658725+00:00 [debug] Handling API call: get_password("Invalid") (eturnal_ctl:get_password/1:79)
2022-07-10 21:48:31.658823+00:00 [debug] Invalid user name: Invalid (eturnal_ctl:get_password/1:93)
2022-07-10 21:48:31.658893+00:00 [debug] Handling API call: get_credentials("Invalid", []) (eturnal_ctl:get_credentials/2:60)
2022-07-10 21:48:31.658976+00:00 [debug] Invalid argument(s): "Invalid":[] (eturnal_ctl:get_credentials/2:73)
2022-07-10 21:48:31.659045+00:00 [debug] Handling API call: get_password(invalid) (eturnal_ctl:get_password/1:79)
2022-07-10 21:48:31.659115+00:00 [debug] Cannot convert user name to binary: invalid (eturnal_ctl:get_password/1:100)
2022-07-10 21:48:31.659181+00:00 [debug] Handling API call: get_credentials(invalid, []) (eturnal_ctl:get_credentials/2:60)
2022-07-10 21:48:31.659255+00:00 [debug] Invalid argument(s): invalid:[] (eturnal_ctl:get_credentials/2:73)
2022-07-10 21:48:31.659361+00:00 [debug] Handling API call: get_password([invalid]) (eturnal_ctl:get_password/1:79)
2022-07-10 21:48:31.659442+00:00 [debug] Cannot convert user name to binary: [invalid] (eturnal_ctl:get_password/1:100)
2022-07-10 21:48:31.659530+00:00 [debug] Handling API call: get_credentials([invalid], []) (eturnal_ctl:get_credentials/2:60)
2022-07-10 21:48:31.659606+00:00 [debug] Invalid argument(s): [invalid]:[] (eturnal_ctl:get_credentials/2:73)
2022-07-10 21:48:31.659714+00:00 [debug] Handling API call: get_credentials(1256900400, invalid) (eturnal_ctl:get_credentials/2:60)
2022-07-10 21:48:31.659781+00:00 [debug] Invalid argument(s): 1256900400:invalid (eturnal_ctl:get_credentials/2:73)
2022-07-10 21:48:31.684347+00:00 [debug] Handling API call: set_loglevel(debug) (eturnal_ctl:set_loglevel/1:165)
2022-07-10 21:48:31.684512+00:00 [debug] eturnal call ({set_loglevel,debug}) returned ok (eturnal_ctl:call/1:449)
2022-07-10 21:48:31.684652+00:00 [debug] Handling API call: get_loglevel() (eturnal_ctl:get_loglevel/0:155)
2022-07-10 21:48:31.684734+00:00 [debug] eturnal call (get_loglevel) returned {ok,debug} (eturnal_ctl:call/1:452)
2022-07-10 21:48:31.684868+00:00 [debug] Handling API call: set_loglevel(invalid) (eturnal_ctl:set_loglevel/1:165)
2022-07-10 21:48:31.684947+00:00 [debug] Invalid log level: invalid (eturnal_ctl:set_loglevel/1:175)
2022-07-10 21:48:31.685060+00:00 [debug] Handling API call: get_loglevel() (eturnal_ctl:get_loglevel/0:155)
2022-07-10 21:48:31.685133+00:00 [debug] eturnal call (get_loglevel) returned {ok,debug} (eturnal_ctl:call/1:452)
2022-07-10 21:48:31.709356+00:00 [debug] Handling API call: get_version() (eturnal_ctl:get_version/0:145)
2022-07-10 21:48:31.709606+00:00 [debug] eturnal call (get_version) returned {ok,<<"1.9.0">>} (eturnal_ctl:call/1:452)
2022-07-10 21:48:31.733417+00:00 [debug] Handling API call: reload() (eturnal_ctl:reload/0:200)
2022-07-10 21:48:31.735184+00:00 [debug] Calling mod_log_stun:options/0 (eturnal_module:options/1:191)
2022-07-10 21:48:31.735351+00:00 [debug] Calling mod_stats_influx:options/0 (eturnal_module:options/1:191)
2022-07-10 21:48:31.735878+00:00 [warning] TLS enabled without 'tls_crt_file', creating self-signed certificate (eturnal:check_pem_file/0:614)
2022-07-10 21:48:32.115700+00:00 [info] Using new TLS certificate (eturnal:handle_call/3:114)
2022-07-10 21:48:32.115878+00:00 [debug] Reloaded configuration (eturnal:handle_call/3:120)
2022-07-10 21:48:32.116177+00:00 [debug] eturnal call (reload) returned ok (eturnal_ctl:call/1:449)
2022-07-10 21:48:32.116499+00:00 [debug] Handling API call: reload() (eturnal_ctl:reload/0:200)
2022-07-10 21:48:32.118089+00:00 [debug] Calling mod_log_stun:options/0 (eturnal_module:options/1:191)
2022-07-10 21:48:32.118223+00:00 [debug] Calling mod_stats_influx:options/0 (eturnal_module:options/1:191)
2022-07-10 21:48:32.118806+00:00 [debug] Keeping PEM file (run/cert.pem) (eturnal:check_pem_file/0:611)
2022-07-10 21:48:32.118904+00:00 [debug] TLS certificate unchanged (eturnal:handle_call/3:116)
2022-07-10 21:48:32.118994+00:00 [debug] Reloaded configuration (eturnal:handle_call/3:120)
2022-07-10 21:48:32.119121+00:00 [debug] eturnal call (reload) returned ok (eturnal_ctl:call/1:449)
2022-07-10 21:48:32.143998+00:00 [info] Accepting connection: 127.0.0.1:45674 -> 127.0.0.1:34780 [TCP, session o4x6itf6x5c3] (stun_acceptor:accept/3:148)
2022-07-10 21:48:32.168118+00:00 [info] Accepting connection: 127.0.0.1:36084 -> 127.0.0.1:53490 [TLS, session xhx086l7zdwt] (stun_acceptor:accept/3:148)
2022-07-10 21:48:32.196713+00:00 [debug] Received:
#stun{class = request,method = 3,magic = 554869826,
      trid = 23683072992683246954241455079,raw = <<>>,unsupported = [],
      'ALTERNATE-SERVER' = undefined,'CHANNEL-NUMBER' = undefined,
      'DATA' = undefined,'DONT-FRAGMENT' = false,'ERROR-CODE' = undefined,
      'LIFETIME' = undefined,'MAPPED-ADDRESS' = undefined,
      'MESSAGE-INTEGRITY' = undefined,'NONCE' = undefined,'REALM' = undefined,
      'REQUESTED-ADDRESS-FAMILY' = undefined,
      'REQUESTED-TRANSPORT' = undefined,'SOFTWARE' = undefined,
      'UNKNOWN-ATTRIBUTES' = [],'USERNAME' = undefined,
      'XOR-MAPPED-ADDRESS' = undefined,'XOR-PEER-ADDRESS' = [],
      'XOR-RELAYED-ADDRESS' = undefined} (stun:udp_recv/5:111)
2022-07-10 21:48:32.196882+00:00 [debug] Sending:
#stun{class = error,method = 3,magic = 554869826,
      trid = 23683072992683246954241455079,raw = <<>>,unsupported = [],
      'ALTERNATE-SERVER' = undefined,'CHANNEL-NUMBER' = undefined,
      'DATA' = undefined,'DONT-FRAGMENT' = false,
      'ERROR-CODE' = {401,<<"Unauthorized">>},
      'LIFETIME' = undefined,'MAPPED-ADDRESS' = undefined,
      'MESSAGE-INTEGRITY' = undefined,'NONCE' = <<"693556272">>,
      'REALM' = <<"eturnal.net">>,'REQUESTED-ADDRESS-FAMILY' = undefined,
      'REQUESTED-TRANSPORT' = undefined,'SOFTWARE' = <<"eturnal">>,
      'UNKNOWN-ATTRIBUTES' = [],'USERNAME' = undefined,
      'XOR-MAPPED-ADDRESS' = undefined,'XOR-PEER-ADDRESS' = [],
      'XOR-RELAYED-ADDRESS' = undefined} (stun:send/3:445)
2022-07-10 21:48:32.197242+00:00 [debug] Received:
#stun{class = request,method = 3,magic = 554869826,
      trid = 64298532210724422828821915681,
      raw = <<0,3,0,80,33,18,164,66,207,194,127,207,134,91,69,34,225,165,40,33,
              0,25,0,4,17,0,0,0,0,6,0,10,50,49,52,53,57,49,51,50,48,48,0,0,0,
              20,0,11,101,116,117,114,110,97,108,46,110,101,116,0,0,21,0,9,54,
              57,51,53,53,54,50,55,50,0,0,0>>,
      unsupported = [],'ALTERNATE-SERVER' = undefined,
      'CHANNEL-NUMBER' = undefined,'DATA' = undefined,'DONT-FRAGMENT' = false,
      'ERROR-CODE' = undefined,'LIFETIME' = undefined,
      'MAPPED-ADDRESS' = undefined,
      'MESSAGE-INTEGRITY' = <<219,34,164,48,27,247,99,22,12,168,200,249,59,138,
                              41,236,5,164,36,79>>,
      'NONCE' = <<"693556272">>,'REALM' = <<"eturnal.net">>,
      'REQUESTED-ADDRESS-FAMILY' = undefined,'REQUESTED-TRANSPORT' = udp,
      'SOFTWARE' = undefined,'UNKNOWN-ATTRIBUTES' = [],
      'USERNAME' = <<"2145913200">>,'XOR-MAPPED-ADDRESS' = undefined,
      'XOR-PEER-ADDRESS' = [],'XOR-RELAYED-ADDRESS' = undefined} (stun:udp_recv/5:111)
2022-07-10 21:48:32.197399+00:00 [debug] Looking up password for: 2145913200 [UDP, session 32jt0jan79fa, user 2145913200, client 127.0.0.1:33691] (eturnal:get_password/2:209)
2022-07-10 21:48:32.197475+00:00 [info] Accepting long-term STUN/TURN authentication [UDP, session 32jt0jan79fa, user 2145913200, client 127.0.0.1:33691] (stun:process/2:249)
2022-07-10 21:48:32.200177+00:00 [debug] Running 'turn_session_start' hook [UDP, session 32jt0jan79fa, user 2145913200, client 127.0.0.1:33691] (turn:run_hook/2:711)
2022-07-10 21:48:32.200275+00:00 [debug] Got 'turn_session_start' event [UDP, session 32jt0jan79fa, user 2145913200, client 127.0.0.1:33691] (eturnal_module:handle_event/2:176)
2022-07-10 21:48:32.200476+00:00 [notice] Creating TURN allocation (lifetime: 599 seconds) [UDP, session 32jt0jan79fa, user 2145913200, client 127.0.0.1:33691, relay 127.0.0.1:52437] (turn:wait_for_allocate/2:207)
2022-07-10 21:48:32.200583+00:00 [debug] Sending:
#stun{class = response,method = 3,magic = 554869826,
      trid = 64298532210724422828821915681,raw = <<>>,unsupported = [],
      'ALTERNATE-SERVER' = undefined,'CHANNEL-NUMBER' = undefined,
      'DATA' = undefined,'DONT-FRAGMENT' = false,'ERROR-CODE' = undefined,
      'LIFETIME' = 599,'MAPPED-ADDRESS' = undefined,
      'MESSAGE-INTEGRITY' = undefined,'NONCE' = undefined,'REALM' = undefined,
      'REQUESTED-ADDRESS-FAMILY' = undefined,
      'REQUESTED-TRANSPORT' = undefined,'SOFTWARE' = <<"eturnal">>,
      'UNKNOWN-ATTRIBUTES' = [],'USERNAME' = undefined,
      'XOR-MAPPED-ADDRESS' = {{127,0,0,1},33691},
      'XOR-PEER-ADDRESS' = [],
      'XOR-RELAYED-ADDRESS' = {{127,0,0,1},52437}} (turn:send/2:521)
2022-07-10 21:48:32.200872+00:00 [debug] Received:
#stun{class = request,method = 4,magic = 554869826,
      trid = 19998419039032176391750860058,
      raw = <<0,4,0,80,33,18,164,66,64,158,77,244,107,113,251,98,190,146,189,
              26,0,6,0,10,50,49,52,53,57,49,51,50,48,48,0,0,0,20,0,11,101,116,
              117,114,110,97,108,46,110,101,116,0,0,21,0,9,54,57,51,53,53,54,
              50,55,50,0,0,0,0,13,0,4,0,0,0,0>>,
      unsupported = [],'ALTERNATE-SERVER' = undefined,
      'CHANNEL-NUMBER' = undefined,'DATA' = undefined,'DONT-FRAGMENT' = false,
      'ERROR-CODE' = undefined,'LIFETIME' = 0,'MAPPED-ADDRESS' = undefined,
      'MESSAGE-INTEGRITY' = <<27,249,36,9,170,36,205,54,132,105,180,195,101,
                              131,19,64,87,187,64,250>>,
      'NONCE' = <<"693556272">>,'REALM' = <<"eturnal.net">>,
      'REQUESTED-ADDRESS-FAMILY' = undefined,
      'REQUESTED-TRANSPORT' = undefined,'SOFTWARE' = undefined,
      'UNKNOWN-ATTRIBUTES' = [],'USERNAME' = <<"2145913200">>,
      'XOR-MAPPED-ADDRESS' = undefined,'XOR-PEER-ADDRESS' = [],
      'XOR-RELAYED-ADDRESS' = undefined} (stun:udp_recv/5:111)
2022-07-10 21:48:32.201014+00:00 [debug] Looking up password for: 2145913200 [UDP, session 3vqlzl2onogz, user 2145913200, client 127.0.0.1:33691] (eturnal:get_password/2:209)
2022-07-10 21:48:32.201074+00:00 [info] Accepting long-term STUN/TURN authentication [UDP, session 3vqlzl2onogz, user 2145913200, client 127.0.0.1:33691] (stun:process/2:249)
2022-07-10 21:48:32.201128+00:00 [info] Client requested closing the TURN session [UDP, session 32jt0jan79fa, user 2145913200, client 127.0.0.1:33691, relay 127.0.0.1:52437] (turn:active/2:262)
2022-07-10 21:48:32.201253+00:00 [debug] Sending:
#stun{class = response,method = 4,magic = 554869826,
      trid = 19998419039032176391750860058,raw = <<>>,unsupported = [],
      'ALTERNATE-SERVER' = undefined,'CHANNEL-NUMBER' = undefined,
      'DATA' = undefined,'DONT-FRAGMENT' = false,'ERROR-CODE' = undefined,
      'LIFETIME' = 0,'MAPPED-ADDRESS' = undefined,
      'MESSAGE-INTEGRITY' = undefined,'NONCE' = undefined,'REALM' = undefined,
      'REQUESTED-ADDRESS-FAMILY' = undefined,
      'REQUESTED-TRANSPORT' = undefined,'SOFTWARE' = <<"eturnal">>,
      'UNKNOWN-ATTRIBUTES' = [],'USERNAME' = undefined,
      'XOR-MAPPED-ADDRESS' = undefined,'XOR-PEER-ADDRESS' = [],
      'XOR-RELAYED-ADDRESS' = undefined} (turn:send/2:521)
2022-07-10 21:48:32.201380+00:00 [info] Deleting TURN allocation [UDP, session 32jt0jan79fa, user 2145913200, client 127.0.0.1:33691, relay 127.0.0.1:52437] (turn:terminate/3:454)
2022-07-10 21:48:32.201545+00:00 [notice] Relayed 0 KiB (in 0 B / 0 packets, out 0 B / 0 packets), duration: 0 seconds [UDP, session 32jt0jan79fa, user 2145913200, client 127.0.0.1:33691, relay 127.0.0.1:52437] (turn:terminate/3:461)
2022-07-10 21:48:32.201595+00:00 [debug] Running 'turn_session_stop' hook [UDP, session 32jt0jan79fa, user 2145913200, client 127.0.0.1:33691, relay 127.0.0.1:52437] (turn:run_hook/2:711)
2022-07-10 21:48:32.201679+00:00 [debug] Got 'turn_session_stop' event [UDP, session 32jt0jan79fa, user 2145913200, client 127.0.0.1:33691, relay 127.0.0.1:52437] (eturnal_module:handle_event/2:176)
2022-07-10 21:48:32.201722+00:00 [debug] Calling mod_stats_influx:handle_event/2 [UDP, session 32jt0jan79fa, user 2145913200, client 127.0.0.1:33691, relay 127.0.0.1:52437] (eturnal_module:handle_event/2:179)
2022-07-10 21:48:32.201768+00:00 [debug] Writing stats of TURN session 32jt0jan79fa to InfluxDB [UDP, session 32jt0jan79fa, user 2145913200, client 127.0.0.1:33691, relay 127.0.0.1:52437] (mod_stats_influx:on_turn_session_stop/1:81)
2022-07-10 21:48:32.225882+00:00 [debug] Received:
#stun{class = request,method = 1,magic = 554869826,
      trid = 77225806163227139482197041839,raw = <<>>,unsupported = [],
      'ALTERNATE-SERVER' = undefined,'CHANNEL-NUMBER' = undefined,
      'DATA' = undefined,'DONT-FRAGMENT' = false,'ERROR-CODE' = undefined,
      'LIFETIME' = undefined,'MAPPED-ADDRESS' = undefined,
      'MESSAGE-INTEGRITY' = undefined,'NONCE' = undefined,'REALM' = undefined,
      'REQUESTED-ADDRESS-FAMILY' = undefined,
      'REQUESTED-TRANSPORT' = undefined,'SOFTWARE' = undefined,
      'UNKNOWN-ATTRIBUTES' = [],'USERNAME' = undefined,
      'XOR-MAPPED-ADDRESS' = undefined,'XOR-PEER-ADDRESS' = [],
      'XOR-RELAYED-ADDRESS' = undefined} (stun:udp_recv/5:111)
2022-07-10 21:48:32.225995+00:00 [debug] Responding to STUN request [UDP, session 6vlaiezl6k3g, anonymous, client 127.0.0.1:51168] (stun:process/4:312)
2022-07-10 21:48:32.226034+00:00 [debug] Running 'stun_query' hook [UDP, session 6vlaiezl6k3g, anonymous, client 127.0.0.1:51168] (stun:run_hook/3:820)
2022-07-10 21:48:32.226137+00:00 [debug] Got 'stun_query' event [UDP, session 6vlaiezl6k3g, anonymous, client 127.0.0.1:51168] (eturnal_module:handle_event/2:176)
2022-07-10 21:48:32.226175+00:00 [debug] Calling mod_log_stun:handle_event/2 [UDP, session 6vlaiezl6k3g, anonymous, client 127.0.0.1:51168] (eturnal_module:handle_event/2:179)
2022-07-10 21:48:32.226203+00:00 [info] Responding to STUN request [UDP, session 6vlaiezl6k3g, anonymous, client 127.0.0.1:51168] (mod_log_stun:handle_event/2:45)
2022-07-10 21:48:32.226237+00:00 [debug] Calling mod_stats_influx:handle_event/2 [UDP, session 6vlaiezl6k3g, anonymous, client 127.0.0.1:51168] (eturnal_module:handle_event/2:179)
2022-07-10 21:48:32.226264+00:00 [debug] Writing STUN query event to InfluxDB [UDP, session 6vlaiezl6k3g, anonymous, client 127.0.0.1:51168] (mod_stats_influx:on_stun_query/1:70)
2022-07-10 21:48:32.226458+00:00 [debug] Sending:
#stun{class = response,method = 1,magic = 554869826,
      trid = 77225806163227139482197041839,raw = <<>>,unsupported = [],
      'ALTERNATE-SERVER' = undefined,'CHANNEL-NUMBER' = undefined,
      'DATA' = undefined,'DONT-FRAGMENT' = false,'ERROR-CODE' = undefined,
      'LIFETIME' = undefined,'MAPPED-ADDRESS' = undefined,
      'MESSAGE-INTEGRITY' = undefined,'NONCE' = undefined,'REALM' = undefined,
      'REQUESTED-ADDRESS-FAMILY' = undefined,
      'REQUESTED-TRANSPORT' = undefined,'SOFTWARE' = <<"eturnal">>,
      'UNKNOWN-ATTRIBUTES' = [],'USERNAME' = undefined,
      'XOR-MAPPED-ADDRESS' = {{127,0,0,1},51168},
      'XOR-PEER-ADDRESS' = [],'XOR-RELAYED-ADDRESS' = undefined} (stun:send/3:445)
2022-07-10 21:48:32.251673+00:00 [info] Accepting connection: 127.0.0.1:45676 -> 127.0.0.1:34780 [TCP, session 348eq00p1h6z] (stun_acceptor:accept/3:148)
2022-07-10 21:48:32.251932+00:00 [debug] Received:
#stun{class = request,method = 1,magic = 554869826,
      trid = 51690248407807914648520800424,raw = <<>>,unsupported = [],
      'ALTERNATE-SERVER' = undefined,'CHANNEL-NUMBER' = undefined,
      'DATA' = undefined,'DONT-FRAGMENT' = false,'ERROR-CODE' = undefined,
      'LIFETIME' = undefined,'MAPPED-ADDRESS' = undefined,
      'MESSAGE-INTEGRITY' = undefined,'NONCE' = undefined,'REALM' = undefined,
      'REQUESTED-ADDRESS-FAMILY' = undefined,
      'REQUESTED-TRANSPORT' = undefined,'SOFTWARE' = undefined,
      'UNKNOWN-ATTRIBUTES' = [],'USERNAME' = undefined,
      'XOR-MAPPED-ADDRESS' = undefined,'XOR-PEER-ADDRESS' = [],
      'XOR-RELAYED-ADDRESS' = undefined} (stun:process_data/3:404)
2022-07-10 21:48:32.252034+00:00 [debug] Responding to STUN request [TCP, session 348eq00p1h6z, anonymous, client 127.0.0.1:45676] (stun:process/4:312)
2022-07-10 21:48:32.252091+00:00 [debug] Running 'stun_query' hook [TCP, session 348eq00p1h6z, anonymous, client 127.0.0.1:45676] (stun:run_hook/3:820)
2022-07-10 21:48:32.252144+00:00 [debug] Got 'stun_query' event [TCP, session 348eq00p1h6z, anonymous, client 127.0.0.1:45676] (eturnal_module:handle_event/2:176)
2022-07-10 21:48:32.252183+00:00 [debug] Calling mod_log_stun:handle_event/2 [TCP, session 348eq00p1h6z, anonymous, client 127.0.0.1:45676] (eturnal_module:handle_event/2:179)
2022-07-10 21:48:32.252230+00:00 [info] Responding to STUN request [TCP, session 348eq00p1h6z, anonymous, client 127.0.0.1:45676] (mod_log_stun:handle_event/2:45)
2022-07-10 21:48:32.252269+00:00 [debug] Calling mod_stats_influx:handle_event/2 [TCP, session 348eq00p1h6z, anonymous, client 127.0.0.1:45676] (eturnal_module:handle_event/2:179)
2022-07-10 21:48:32.252306+00:00 [debug] Writing STUN query event to InfluxDB [TCP, session 348eq00p1h6z, anonymous, client 127.0.0.1:45676] (mod_stats_influx:on_stun_query/1:70)
2022-07-10 21:48:32.252536+00:00 [debug] Sending:
#stun{class = response,method = 1,magic = 554869826,
      trid = 51690248407807914648520800424,raw = <<>>,unsupported = [],
      'ALTERNATE-SERVER' = undefined,'CHANNEL-NUMBER' = undefined,
      'DATA' = undefined,'DONT-FRAGMENT' = false,'ERROR-CODE' = undefined,
      'LIFETIME' = undefined,'MAPPED-ADDRESS' = undefined,
      'MESSAGE-INTEGRITY' = undefined,'NONCE' = undefined,'REALM' = undefined,
      'REQUESTED-ADDRESS-FAMILY' = undefined,
      'REQUESTED-TRANSPORT' = undefined,'SOFTWARE' = <<"P1 STUN library">>,
      'UNKNOWN-ATTRIBUTES' = [],'USERNAME' = undefined,
      'XOR-MAPPED-ADDRESS' = {{127,0,0,1},45676},
      'XOR-PEER-ADDRESS' = [],'XOR-RELAYED-ADDRESS' = undefined} (stun:send/3:445)
2022-07-10 21:48:32.252759+00:00 [info] Connection reset by peer [TCP, session 348eq00p1h6z, anonymous, client 127.0.0.1:45676] (stun:handle_info/3:170)
2022-07-10 21:48:32.276784+00:00 [info] Accepting connection: 127.0.0.1:36086 -> 127.0.0.1:53490 [TLS, session qg9uhuu6rx67] (stun_acceptor:accept/3:148)
2022-07-10 21:48:32.385736+00:00 [debug] Received:
#stun{class = request,method = 1,magic = 554869826,
      trid = 23138434314327507142172102622,raw = <<>>,unsupported = [],
      'ALTERNATE-SERVER' = undefined,'CHANNEL-NUMBER' = undefined,
      'DATA' = undefined,'DONT-FRAGMENT' = false,'ERROR-CODE' = undefined,
      'LIFETIME' = undefined,'MAPPED-ADDRESS' = undefined,
      'MESSAGE-INTEGRITY' = undefined,'NONCE' = undefined,'REALM' = undefined,
      'REQUESTED-ADDRESS-FAMILY' = undefined,
      'REQUESTED-TRANSPORT' = undefined,'SOFTWARE' = undefined,
      'UNKNOWN-ATTRIBUTES' = [],'USERNAME' = undefined,
      'XOR-MAPPED-ADDRESS' = undefined,'XOR-PEER-ADDRESS' = [],
      'XOR-RELAYED-ADDRESS' = undefined} (stun:process_data/3:404)
2022-07-10 21:48:32.385906+00:00 [debug] Responding to STUN request [TLS, session qg9uhuu6rx67, anonymous, client 127.0.0.1:36086] (stun:process/4:312)
2022-07-10 21:48:32.385971+00:00 [debug] Running 'stun_query' hook [TLS, session qg9uhuu6rx67, anonymous, client 127.0.0.1:36086] (stun:run_hook/3:820)
2022-07-10 21:48:32.386028+00:00 [debug] Got 'stun_query' event [TLS, session qg9uhuu6rx67, anonymous, client 127.0.0.1:36086] (eturnal_module:handle_event/2:176)
2022-07-10 21:48:32.386070+00:00 [debug] Calling mod_log_stun:handle_event/2 [TLS, session qg9uhuu6rx67, anonymous, client 127.0.0.1:36086] (eturnal_module:handle_event/2:179)
2022-07-10 21:48:32.386114+00:00 [info] Responding to STUN request [TLS, session qg9uhuu6rx67, anonymous, client 127.0.0.1:36086] (mod_log_stun:handle_event/2:45)
2022-07-10 21:48:32.386153+00:00 [debug] Calling mod_stats_influx:handle_event/2 [TLS, session qg9uhuu6rx67, anonymous, client 127.0.0.1:36086] (eturnal_module:handle_event/2:179)
2022-07-10 21:48:32.386190+00:00 [debug] Writing STUN query event to InfluxDB [TLS, session qg9uhuu6rx67, anonymous, client 127.0.0.1:36086] (mod_stats_influx:on_stun_query/1:70)
2022-07-10 21:48:32.386387+00:00 [debug] Sending:
#stun{class = response,method = 1,magic = 554869826,
      trid = 23138434314327507142172102622,raw = <<>>,unsupported = [],
      'ALTERNATE-SERVER' = undefined,'CHANNEL-NUMBER' = undefined,
      'DATA' = undefined,'DONT-FRAGMENT' = false,'ERROR-CODE' = undefined,
      'LIFETIME' = undefined,'MAPPED-ADDRESS' = undefined,
      'MESSAGE-INTEGRITY' = undefined,'NONCE' = undefined,'REALM' = undefined,
      'REQUESTED-ADDRESS-FAMILY' = undefined,
      'REQUESTED-TRANSPORT' = undefined,'SOFTWARE' = <<"P1 STUN library">>,
      'UNKNOWN-ATTRIBUTES' = [],'USERNAME' = undefined,
      'XOR-MAPPED-ADDRESS' = {{127,0,0,1},36086},
      'XOR-PEER-ADDRESS' = [],'XOR-RELAYED-ADDRESS' = undefined} (stun:send/3:445)
2022-07-10 21:48:32.386674+00:00 [info] Connection reset by peer [TLS, session qg9uhuu6rx67, anonymous, client 127.0.0.1:36086] (stun:handle_info/3:170)
2022-07-10 21:48:32.410594+00:00 [info] Accepting connection: 127.0.0.1:42928 -> 127.0.0.1:34781 [TCP|TLS, session rjht0w7xhhht] (stun_acceptor:accept/3:148)
2022-07-10 21:48:32.410727+00:00 [debug] Determined transport protocol: TCP (stun:is_tls_handshake/1:768)
2022-07-10 21:48:32.410996+00:00 [debug] Received:
#stun{class = request,method = 1,magic = 554869826,
      trid = 29917113503302387749126935091,raw = <<>>,unsupported = [],
      'ALTERNATE-SERVER' = undefined,'CHANNEL-NUMBER' = undefined,
      'DATA' = undefined,'DONT-FRAGMENT' = false,'ERROR-CODE' = undefined,
      'LIFETIME' = undefined,'MAPPED-ADDRESS' = undefined,
      'MESSAGE-INTEGRITY' = undefined,'NONCE' = undefined,'REALM' = undefined,
      'REQUESTED-ADDRESS-FAMILY' = undefined,
      'REQUESTED-TRANSPORT' = undefined,'SOFTWARE' = undefined,
      'UNKNOWN-ATTRIBUTES' = [],'USERNAME' = undefined,
      'XOR-MAPPED-ADDRESS' = undefined,'XOR-PEER-ADDRESS' = [],
      'XOR-RELAYED-ADDRESS' = undefined} (stun:process_data/3:404)
2022-07-10 21:48:32.411076+00:00 [debug] Responding to STUN request [TCP, session rjht0w7xhhht, anonymous, client 127.0.0.1:42928] (stun:process/4:312)
2022-07-10 21:48:32.411113+00:00 [debug] Running 'stun_query' hook [TCP, session rjht0w7xhhht, anonymous, client 127.0.0.1:42928] (stun:run_hook/3:820)
2022-07-10 21:48:32.411145+00:00 [debug] Got 'stun_query' event [TCP, session rjht0w7xhhht, anonymous, client 127.0.0.1:42928] (eturnal_module:handle_event/2:176)
2022-07-10 21:48:32.411181+00:00 [debug] Calling mod_log_stun:handle_event/2 [TCP, session rjht0w7xhhht, anonymous, client 127.0.0.1:42928] (eturnal_module:handle_event/2:179)
2022-07-10 21:48:32.411214+00:00 [info] Responding to STUN request [TCP, session rjht0w7xhhht, anonymous, client 127.0.0.1:42928] (mod_log_stun:handle_event/2:45)
2022-07-10 21:48:32.411245+00:00 [debug] Calling mod_stats_influx:handle_event/2 [TCP, session rjht0w7xhhht, anonymous, client 127.0.0.1:42928] (eturnal_module:handle_event/2:179)
2022-07-10 21:48:32.411273+00:00 [debug] Writing STUN query event to InfluxDB [TCP, session rjht0w7xhhht, anonymous, client 127.0.0.1:42928] (mod_stats_influx:on_stun_query/1:70)
2022-07-10 21:48:32.411453+00:00 [debug] Sending:
#stun{class = response,method = 1,magic = 554869826,
      trid = 29917113503302387749126935091,raw = <<>>,unsupported = [],
      'ALTERNATE-SERVER' = undefined,'CHANNEL-NUMBER' = undefined,
      'DATA' = undefined,'DONT-FRAGMENT' = false,'ERROR-CODE' = undefined,
      'LIFETIME' = undefined,'MAPPED-ADDRESS' = undefined,
      'MESSAGE-INTEGRITY' = undefined,'NONCE' = undefined,'REALM' = undefined,
      'REQUESTED-ADDRESS-FAMILY' = undefined,
      'REQUESTED-TRANSPORT' = undefined,'SOFTWARE' = <<"P1 STUN library">>,
      'UNKNOWN-ATTRIBUTES' = [],'USERNAME' = undefined,
      'XOR-MAPPED-ADDRESS' = {{127,0,0,1},42928},
      'XOR-PEER-ADDRESS' = [],'XOR-RELAYED-ADDRESS' = undefined} (stun:send/3:445)
2022-07-10 21:48:32.411639+00:00 [info] Connection reset by peer [TCP, session rjht0w7xhhht, anonymous, client 127.0.0.1:42928] (stun:handle_info/3:170)
2022-07-10 21:48:32.435791+00:00 [info] Accepting connection: 127.0.0.1:42930 -> 127.0.0.1:34781 [TCP|TLS, session 9oqf34qtvzfp] (stun_acceptor:accept/3:148)
2022-07-10 21:48:32.435997+00:00 [debug] Determined transport protocol: TLS (stun:is_tls_handshake/1:765)
2022-07-10 21:48:32.543769+00:00 [debug] Received:
#stun{class = request,method = 1,magic = 554869826,
      trid = 51125403848847475284287934593,raw = <<>>,unsupported = [],
      'ALTERNATE-SERVER' = undefined,'CHANNEL-NUMBER' = undefined,
      'DATA' = undefined,'DONT-FRAGMENT' = false,'ERROR-CODE' = undefined,
      'LIFETIME' = undefined,'MAPPED-ADDRESS' = undefined,
      'MESSAGE-INTEGRITY' = undefined,'NONCE' = undefined,'REALM' = undefined,
      'REQUESTED-ADDRESS-FAMILY' = undefined,
      'REQUESTED-TRANSPORT' = undefined,'SOFTWARE' = undefined,
      'UNKNOWN-ATTRIBUTES' = [],'USERNAME' = undefined,
      'XOR-MAPPED-ADDRESS' = undefined,'XOR-PEER-ADDRESS' = [],
      'XOR-RELAYED-ADDRESS' = undefined} (stun:process_data/3:404)
2022-07-10 21:48:32.543910+00:00 [debug] Responding to STUN request [TLS, session 9oqf34qtvzfp, anonymous, client 127.0.0.1:42930] (stun:process/4:312)
2022-07-10 21:48:32.543950+00:00 [debug] Running 'stun_query' hook [TLS, session 9oqf34qtvzfp, anonymous, client 127.0.0.1:42930] (stun:run_hook/3:820)
2022-07-10 21:48:32.543985+00:00 [debug] Got 'stun_query' event [TLS, session 9oqf34qtvzfp, anonymous, client 127.0.0.1:42930] (eturnal_module:handle_event/2:176)
2022-07-10 21:48:32.544025+00:00 [debug] Calling mod_log_stun:handle_event/2 [TLS, session 9oqf34qtvzfp, anonymous, client 127.0.0.1:42930] (eturnal_module:handle_event/2:179)
2022-07-10 21:48:32.544059+00:00 [info] Responding to STUN request [TLS, session 9oqf34qtvzfp, anonymous, client 127.0.0.1:42930] (mod_log_stun:handle_event/2:45)
2022-07-10 21:48:32.544099+00:00 [debug] Calling mod_stats_influx:handle_event/2 [TLS, session 9oqf34qtvzfp, anonymous, client 127.0.0.1:42930] (eturnal_module:handle_event/2:179)
2022-07-10 21:48:32.544130+00:00 [debug] Writing STUN query event to InfluxDB [TLS, session 9oqf34qtvzfp, anonymous, client 127.0.0.1:42930] (mod_stats_influx:on_stun_query/1:70)
2022-07-10 21:48:32.544326+00:00 [debug] Sending:
#stun{class = response,method = 1,magic = 554869826,
      trid = 51125403848847475284287934593,raw = <<>>,unsupported = [],
      'ALTERNATE-SERVER' = undefined,'CHANNEL-NUMBER' = undefined,
      'DATA' = undefined,'DONT-FRAGMENT' = false,'ERROR-CODE' = undefined,
      'LIFETIME' = undefined,'MAPPED-ADDRESS' = undefined,
      'MESSAGE-INTEGRITY' = undefined,'NONCE' = undefined,'REALM' = undefined,
      'REQUESTED-ADDRESS-FAMILY' = undefined,
      'REQUESTED-TRANSPORT' = undefined,'SOFTWARE' = <<"P1 STUN library">>,
      'UNKNOWN-ATTRIBUTES' = [],'USERNAME' = undefined,
      'XOR-MAPPED-ADDRESS' = {{127,0,0,1},42930},
      'XOR-PEER-ADDRESS' = [],'XOR-RELAYED-ADDRESS' = undefined} (stun:send/3:445)
2022-07-10 21:48:32.544579+00:00 [info] Connection reset by peer [TLS, session 9oqf34qtvzfp, anonymous, client 127.0.0.1:42930] (stun:handle_info/3:170)
2022-07-10 21:48:32.568746+00:00 [debug] Terminating eturnal (shutdown) (eturnal:terminate/2:174)
2022-07-10 21:48:32.568735+00:00 [debug] No NOTIFY_SOCKET, dropping STOPPING=1 notification (eturnal_systemd:handle_cast/2:109)
2022-07-10 21:48:32.568940+00:00 [debug] Watchdog interval is undefined, hibernating (eturnal_systemd:get_timeout/1:162)
2022-07-10 21:48:32.569001+00:00 [info] Stopped listening on 127.0.0.1:34780 (udp) (eturnal:stop_listeners/1:361)
2022-07-10 21:48:32.569262+00:00 [info] Stopped listening on 127.0.0.1:34780 (tcp) (eturnal:stop_listeners/1:361)
2022-07-10 21:48:32.569516+00:00 [info] Stopped listening on 127.0.0.1:53490 (tls) (eturnal:stop_listeners/1:361)
2022-07-10 21:48:32.569695+00:00 [info] Stopped listening on 127.0.0.1:34781 (auto) (eturnal:stop_listeners/1:361)
2022-07-10 21:48:32.570702+00:00 [debug] Calling mod_log_stun:stop/1 (eturnal_module:stop/1:162)
2022-07-10 21:48:32.570839+00:00 [debug] Stopping mod_log_stun (mod_log_stun:stop/0:50)
2022-07-10 21:48:32.570979+00:00 [info] Stopped mod_log_stun (eturnal:stop_modules/1:320)
2022-07-10 21:48:32.572164+00:00 [debug] Calling mod_stats_influx:stop/1 (eturnal_module:stop/1:162)
2022-07-10 21:48:32.572807+00:00 [debug] Stopping mod_stats_influx (mod_stats_influx:stop/0:55)
2022-07-10 21:48:32.572946+00:00 [info] Stopped mod_stats_influx (eturnal:stop_modules/1:320)
2022-07-10 21:48:32.573815+00:00 [debug] Removed run/cert.pem (eturnal:clean_run_dir/0:690)
2022-07-10 21:48:32.574676+00:00 [debug] Terminating eturnal_systemd (shutdown) (eturnal_systemd:terminate/2:136)
2022-07-10 21:48:32.574851+00:00 [notice] Stopping eturnal 1.9.0 on Erlang/OTP 25 (ERTS 13.0) (eturnal_app:stop/1:54)
