2022-07-22 00:24:20.797499+00:00 [notice] Starting eturnal 1.9.1 on Erlang/OTP 25 (ERTS 13.0) (eturnal_app:start/2:35)
2022-07-22 00:24:20.797736+00:00 [debug] Starting supervisor: eturnal_sup (eturnal_sup:start_link/0:32)
2022-07-22 00:24:20.797909+00:00 [debug] Configuring eturnal_sup supervisor: [#{id => systemd,
                                       start =>
                                           {eturnal_systemd,start_link,[]}},
                                     #{id => eturnal,
                                       start => {eturnal,start_link,[]}}] (eturnal_sup:init/0:40)
2022-07-22 00:24:20.800335+00:00 [info] Got no NOTIFY_SOCKET, notifications disabled (eturnal_systemd:init/1:95)
2022-07-22 00:24:20.800524+00:00 [debug] PROGRESS REPORT:
    supervisor: {local,eturnal_sup}
    started: [{pid,<0.941.0>},
              {id,systemd},
              {mfargs,{eturnal_systemd,start_link,[]}},
              {restart_type,permanent},
              {significant,false},
              {shutdown,5000},
              {child_type,worker}]
 (supervisor:report_progress/2:1557)
2022-07-22 00:24:20.800688+00:00 [info] Relay IPv4 address: 127.0.0.1 (port range: 49152-65535) (eturnal:log_relay_addresses/0:271)
2022-07-22 00:24:20.800813+00:00 [info] Relay IPv6 address not configured (eturnal:log_relay_addresses/0:281)
2022-07-22 00:24:20.824871+00:00 [info] Cannot determine control query port: noport (eturnal:log_control_listener/0:296)
2022-07-22 00:24:20.825543+00:00 [debug] Using run directory run (eturnal:ensure_run_dir/0:752)
2022-07-22 00:24:20.825684+00:00 [debug] TURN configuration seems fine (eturnal:check_turn_config/0:492)
2022-07-22 00:24:20.825890+00:00 [warning] TLS enabled without 'tls_crt_file', creating self-signed certificate (eturnal:check_pem_file/0:688)
2022-07-22 00:24:21.134372+00:00 [debug] Calling mod_log_stun:start/0 (eturnal_module:start/1:142)
2022-07-22 00:24:21.134698+00:00 [debug] Starting mod_log_stun (mod_log_stun:start/0:39)
2022-07-22 00:24:21.134918+00:00 [info] Started mod_log_stun (eturnal:start_modules/0:307)
2022-07-22 00:24:21.135065+00:00 [debug] Calling mod_stats_influx:start/0 (eturnal_module:start/1:142)
2022-07-22 00:24:21.135220+00:00 [debug] Starting mod_stats_influx (mod_stats_influx:start/0:38)
2022-07-22 00:24:21.139530+00:00 [debug] PROGRESS REPORT:
    application: ulitos
    started_at: nonode@nohost
 (application_controller:info_started/2:2107)
2022-07-22 00:24:21.142021+00:00 [debug] PROGRESS REPORT:
    application: poolboy
    started_at: nonode@nohost
 (application_controller:info_started/2:2107)
2022-07-22 00:24:21.143825+00:00 [info]     msg: Starting application: influx_udp (influx_udp_app:start/2:10)
2022-07-22 00:24:21.148298+00:00 [debug] PROGRESS REPORT:
    supervisor: {local,influx_udp_sup}
    started: [{pid,<0.963.0>},
              {id,influx_udp},
              {mfargs,{influx_udp,start_link,[]}},
              {restart_type,permanent},
              {significant,false},
              {shutdown,5000},
              {child_type,worker}]
 (supervisor:report_progress/2:1557)
2022-07-22 00:24:21.148515+00:00 [debug] PROGRESS REPORT:
    application: influx_udp
    started_at: nonode@nohost
 (application_controller:info_started/2:2107)
2022-07-22 00:24:21.148594+00:00 [debug] Dependency influx_udp was available already (eturnal_module:ensure_dep/2:283)
2022-07-22 00:24:21.150945+00:00 [info]     host: {127,0,0,1}
    msg: Start clients pool
    options: #{host => "localhost",max_overflow => 1,pool_size => 1,
               port => 8089} (influx_udp:start_pool_/2:239)
2022-07-22 00:24:21.161195+00:00 [info]     msg: Open UDP socket on port
    port: 48708 (influx_udp_worker:init/1:43)
2022-07-22 00:24:21.161511+00:00 [debug] PROGRESS REPORT:
    supervisor: {local,influx_udp_sup}
    started: [{pid,<0.966.0>},
              {id,stats_influx_pool},
              {mfargs,
                  {poolboy,start_link,
                      [[{name,{local,stats_influx_pool}},
                        {worker_module,influx_udp_worker},
                        {size,1},
                        {max_overflow,1}],
                       [{options,
                            #{host => {127,0,0,1},
                              max_overflow => 1,pool_size => 1,
                              port => 8089}}]]}},
              {restart_type,permanent},
              {significant,false},
              {shutdown,5000},
              {child_type,worker}]
 (supervisor:report_progress/2:1557)
2022-07-22 00:24:21.161720+00:00 [info] Started mod_stats_influx (eturnal:start_modules/0:307)
2022-07-22 00:24:21.161894+00:00 [debug] Starting listener 127.0.0.1:34780 (udp) with options:
[{use_turn,true},
 {auth_type,user},
 {turn_ipv4_address,{127,0,0,1}},
 {turn_min_port,49152},
 {turn_max_port,65535},
 {turn_max_allocations,10},
 {turn_max_permissions,10},
 {shaper,100000},
 {turn_blacklist,[{{10,0,0,0},8},
                  {{100,64,0,0},10},
                  {{127,0,0,0},8},
                  {{169,254,0,0},16},
                  {{172,16,0,0},12},
                  {{192,0,0,0},24},
                  {{192,0,2,0},24},
                  {{192,88,99,0},24},
                  {{192,168,0,0},16},
                  {{198,18,0,0},15},
                  {{198,51,100,0},24},
                  {{203,0,113,0},24},
                  {{224,0,0,0},4},
                  {{240,0,0,0},4},
                  {{0,0,0,0,0,0,0,1},128},
                  {{0,0,0,0,0,65535,0,0},96},
                  {{100,65435,0,0,0,0,0,0},96},
                  {{256,0,0,0,0,0,0,0},64},
                  {{8193,3512,0,0,0,0,0,0},32},
                  {{64512,0,0,0,0,0,0,0},7},
                  {{65152,0,0,0,0,0,0,0},10},
                  {{65280,0,0,0,0,0,0,0},8}]},
 {turn_whitelist,[{{127,0,0,1},32},
                  {{203,0,113,113},32},
                  {{8193,3512,0,0,0,0,0,0},64}]},
 {auth_realm,<<"eturnal.net">>},
 {server_name,<<"eturnal">>},
 {auth_fun,fun eturnal:get_password/2},
 {hook_fun,fun eturnal:run_hook/2}] (eturnal:start_listeners/0:340)
2022-07-22 00:24:21.175599+00:00 [info] Listening on 127.0.0.1:34780 (udp) (STUN/TURN) (eturnal:start_listeners/0:347)
2022-07-22 00:24:21.175758+00:00 [debug] Starting listener 127.0.0.1:34780 (tcp) with options:
[{use_turn,false},
 {auth_type,anonymous},
 {turn_ipv4_address,{127,0,0,1}},
 {turn_min_port,49152},
 {turn_max_port,65535},
 {turn_max_allocations,10},
 {turn_max_permissions,10},
 {shaper,100000},
 {turn_blacklist,[{{10,0,0,0},8},
                  {{100,64,0,0},10},
                  {{127,0,0,0},8},
                  {{169,254,0,0},16},
                  {{172,16,0,0},12},
                  {{192,0,0,0},24},
                  {{192,0,2,0},24},
                  {{192,88,99,0},24},
                  {{192,168,0,0},16},
                  {{198,18,0,0},15},
                  {{198,51,100,0},24},
                  {{203,0,113,0},24},
                  {{224,0,0,0},4},
                  {{240,0,0,0},4},
                  {{0,0,0,0,0,0,0,1},128},
                  {{0,0,0,0,0,65535,0,0},96},
                  {{100,65435,0,0,0,0,0,0},96},
                  {{256,0,0,0,0,0,0,0},64},
                  {{8193,3512,0,0,0,0,0,0},32},
                  {{64512,0,0,0,0,0,0,0},7},
                  {{65152,0,0,0,0,0,0,0},10},
                  {{65280,0,0,0,0,0,0,0},8}]},
 {turn_whitelist,[{{127,0,0,1},32},
                  {{203,0,113,113},32},
                  {{8193,3512,0,0,0,0,0,0},64}]},
 {auth_realm,<<"eturnal.net">>},
 {server_name,<<"eturnal">>},
 {auth_fun,fun eturnal:get_password/2},
 {hook_fun,fun eturnal:run_hook/2}] (eturnal:start_listeners/0:340)
2022-07-22 00:24:21.187877+00:00 [info] Listening on 127.0.0.1:34780 (tcp) (STUN only) (eturnal:start_listeners/0:347)
2022-07-22 00:24:21.188069+00:00 [debug] Starting listener 127.0.0.1:53490 (tls) with options:
[{use_turn,false},
 {auth_type,anonymous},
 {tls,true},
 {certfile,<<"run/cert.pem">>},
 {ciphers,<<"HIGH:!aNULL:@STRENGTH">>},
 {protocol_options,<<"no_tlsv1|no_tlsv1_1|cipher_server_preference">>},
 {turn_ipv4_address,{127,0,0,1}},
 {turn_min_port,49152},
 {turn_max_port,65535},
 {turn_max_allocations,10},
 {turn_max_permissions,10},
 {shaper,100000},
 {turn_blacklist,[{{10,0,0,0},8},
                  {{100,64,0,0},10},
                  {{127,0,0,0},8},
                  {{169,254,0,0},16},
                  {{172,16,0,0},12},
                  {{192,0,0,0},24},
                  {{192,0,2,0},24},
                  {{192,88,99,0},24},
                  {{192,168,0,0},16},
                  {{198,18,0,0},15},
                  {{198,51,100,0},24},
                  {{203,0,113,0},24},
                  {{224,0,0,0},4},
                  {{240,0,0,0},4},
                  {{0,0,0,0,0,0,0,1},128},
                  {{0,0,0,0,0,65535,0,0},96},
                  {{100,65435,0,0,0,0,0,0},96},
                  {{256,0,0,0,0,0,0,0},64},
                  {{8193,3512,0,0,0,0,0,0},32},
                  {{64512,0,0,0,0,0,0,0},7},
                  {{65152,0,0,0,0,0,0,0},10},
                  {{65280,0,0,0,0,0,0,0},8}]},
 {turn_whitelist,[{{127,0,0,1},32},
                  {{203,0,113,113},32},
                  {{8193,3512,0,0,0,0,0,0},64}]},
 {auth_realm,<<"eturnal.net">>},
 {server_name,<<"eturnal">>},
 {auth_fun,fun eturnal:get_password/2},
 {hook_fun,fun eturnal:run_hook/2}] (eturnal:start_listeners/0:340)
2022-07-22 00:24:21.188746+00:00 [info] Listening on 127.0.0.1:53490 (tls) (STUN only) (eturnal:start_listeners/0:347)
2022-07-22 00:24:21.188899+00:00 [debug] Starting listener 127.0.0.1:34781 (auto) with options:
[{use_turn,false},
 {auth_type,anonymous},
 {tls,optional},
 {certfile,<<"run/cert.pem">>},
 {ciphers,<<"HIGH:!aNULL:@STRENGTH">>},
 {protocol_options,<<"no_tlsv1|no_tlsv1_1|cipher_server_preference">>},
 {turn_ipv4_address,{127,0,0,1}},
 {turn_min_port,49152},
 {turn_max_port,65535},
 {turn_max_allocations,10},
 {turn_max_permissions,10},
 {shaper,100000},
 {turn_blacklist,[{{10,0,0,0},8},
                  {{100,64,0,0},10},
                  {{127,0,0,0},8},
                  {{169,254,0,0},16},
                  {{172,16,0,0},12},
                  {{192,0,0,0},24},
                  {{192,0,2,0},24},
                  {{192,88,99,0},24},
                  {{192,168,0,0},16},
                  {{198,18,0,0},15},
                  {{198,51,100,0},24},
                  {{203,0,113,0},24},
                  {{224,0,0,0},4},
                  {{240,0,0,0},4},
                  {{0,0,0,0,0,0,0,1},128},
                  {{0,0,0,0,0,65535,0,0},96},
                  {{100,65435,0,0,0,0,0,0},96},
                  {{256,0,0,0,0,0,0,0},64},
                  {{8193,3512,0,0,0,0,0,0},32},
                  {{64512,0,0,0,0,0,0,0},7},
                  {{65152,0,0,0,0,0,0,0},10},
                  {{65280,0,0,0,0,0,0,0},8}]},
 {turn_whitelist,[{{127,0,0,1},32},
                  {{203,0,113,113},32},
                  {{8193,3512,0,0,0,0,0,0},64}]},
 {auth_realm,<<"eturnal.net">>},
 {server_name,<<"eturnal">>},
 {auth_fun,fun eturnal:get_password/2},
 {hook_fun,fun eturnal:run_hook/2}] (eturnal:start_listeners/0:340)
2022-07-22 00:24:21.212724+00:00 [info] Listening on 127.0.0.1:34781 (auto) (STUN only) (eturnal:start_listeners/0:347)
2022-07-22 00:24:21.213337+00:00 [debug] Started 2 modules (eturnal:init/1:96)
2022-07-22 00:24:21.213910+00:00 [debug] Started 4 listeners (eturnal:init/1:97)
2022-07-22 00:24:21.214538+00:00 [debug] PROGRESS REPORT:
    supervisor: {local,eturnal_sup}
    started: [{pid,<0.943.0>},
              {id,eturnal},
              {mfargs,{eturnal,start_link,[]}},
              {restart_type,permanent},
              {significant,false},
              {shutdown,5000},
              {child_type,worker}]
 (supervisor:report_progress/2:1557)
2022-07-22 00:24:21.214667+00:00 [debug] No NOTIFY_SOCKET, dropping READY=1 notification (eturnal_systemd:handle_cast/2:109)
2022-07-22 00:24:21.214810+00:00 [debug] Watchdog interval is undefined, hibernating (eturnal_systemd:get_timeout/1:162)
2022-07-22 00:24:21.214849+00:00 [debug] PROGRESS REPORT:
    application: eturnal
    started_at: nonode@nohost
 (application_controller:info_started/2:2107)
2022-07-22 00:24:21.248432+00:00 [debug] Handling API call: get_info() (eturnal_ctl:get_info/0:135)
2022-07-22 00:24:21.249064+00:00 [debug] eturnal call (get_info) returned {ok,
                                  {eturnal_node_info,<<"1.9.1">>,
                                   {"25","13.0"},
                                   4010,0,138,117430966,2,41522904}} (eturnal_ctl:call/1:452)
2022-07-22 00:24:21.274843+00:00 [debug] Handling API call: get_sessions() (eturnal_ctl:get_sessions/0:106)
2022-07-22 00:24:21.299676+00:00 [debug] Handling API call: get_sessions("alice") (eturnal_ctl:get_sessions/1:116)
2022-07-22 00:24:21.299941+00:00 [debug] Handling API call: disconnect(alice) (eturnal_ctl:disconnect/1:184)
2022-07-22 00:24:21.300059+00:00 [debug] Cannot convert user name to binary: alice (eturnal_ctl:disconnect/1:194)
2022-07-22 00:24:21.325714+00:00 [debug] Handling API call: disconnect("alice") (eturnal_ctl:disconnect/1:184)
2022-07-22 00:24:21.326175+00:00 [debug] Handling API call: disconnect(alice) (eturnal_ctl:disconnect/1:184)
2022-07-22 00:24:21.326333+00:00 [debug] Cannot convert user name to binary: alice (eturnal_ctl:disconnect/1:194)
2022-07-22 00:24:21.351361+00:00 [debug] Handling API call: get_credentials("2009-10-30 11:00:00Z", []) (eturnal_ctl:get_credentials/2:60)
2022-07-22 00:24:21.351642+00:00 [debug] eturnal call ({get_password,<<"1256900400">>}) returned {ok,
                                                         <<"uEKlpcME7MNMMVRV8rUFPCTIFEs=">>} (eturnal_ctl:call/1:452)
2022-07-22 00:24:21.360792+00:00 [debug] Handling API call: get_credentials("86400", "alice") (eturnal_ctl:get_credentials/2:60)
2022-07-22 00:24:21.361136+00:00 [debug] eturnal call ({get_password,<<"1658535861:alice">>}) returned {ok,
                                                               <<"ac6voEZGqBDCS+6VW5cVwHqs6/E=">>} (eturnal_ctl:call/1:452)
2022-07-22 00:24:21.361491+00:00 [debug] Handling API call: get_password("1658535861:alice") (eturnal_ctl:get_password/1:79)
2022-07-22 00:24:21.361772+00:00 [debug] eturnal call ({get_password,<<"1658535861:alice">>}) returned {ok,
                                                               <<"ac6voEZGqBDCS+6VW5cVwHqs6/E=">>} (eturnal_ctl:call/1:452)
2022-07-22 00:24:21.361976+00:00 [debug] Handling API call: get_credentials("86400s", "alice") (eturnal_ctl:get_credentials/2:60)
2022-07-22 00:24:21.362220+00:00 [debug] eturnal call ({get_password,<<"1658535861:alice">>}) returned {ok,
                                                               <<"ac6voEZGqBDCS+6VW5cVwHqs6/E=">>} (eturnal_ctl:call/1:452)
2022-07-22 00:24:21.362364+00:00 [debug] Handling API call: get_password("1658535861:alice") (eturnal_ctl:get_password/1:79)
2022-07-22 00:24:21.362608+00:00 [debug] eturnal call ({get_password,<<"1658535861:alice">>}) returned {ok,
                                                               <<"ac6voEZGqBDCS+6VW5cVwHqs6/E=">>} (eturnal_ctl:call/1:452)
2022-07-22 00:24:21.362925+00:00 [debug] Handling API call: get_credentials("1440m", "alice") (eturnal_ctl:get_credentials/2:60)
2022-07-22 00:24:21.363115+00:00 [debug] eturnal call ({get_password,<<"1658535861:alice">>}) returned {ok,
                                                               <<"ac6voEZGqBDCS+6VW5cVwHqs6/E=">>} (eturnal_ctl:call/1:452)
2022-07-22 00:24:21.363269+00:00 [debug] Handling API call: get_password("1658535861:alice") (eturnal_ctl:get_password/1:79)
2022-07-22 00:24:21.363528+00:00 [debug] eturnal call ({get_password,<<"1658535861:alice">>}) returned {ok,
                                                               <<"ac6voEZGqBDCS+6VW5cVwHqs6/E=">>} (eturnal_ctl:call/1:452)
2022-07-22 00:24:21.363927+00:00 [debug] Handling API call: get_credentials("24h", "alice") (eturnal_ctl:get_credentials/2:60)
2022-07-22 00:24:21.364128+00:00 [debug] eturnal call ({get_password,<<"1658535861:alice">>}) returned {ok,
                                                               <<"ac6voEZGqBDCS+6VW5cVwHqs6/E=">>} (eturnal_ctl:call/1:452)
2022-07-22 00:24:21.364296+00:00 [debug] Handling API call: get_password("1658535861:alice") (eturnal_ctl:get_password/1:79)
2022-07-22 00:24:21.364454+00:00 [debug] eturnal call ({get_password,<<"1658535861:alice">>}) returned {ok,
                                                               <<"ac6voEZGqBDCS+6VW5cVwHqs6/E=">>} (eturnal_ctl:call/1:452)
2022-07-22 00:24:21.364655+00:00 [debug] Handling API call: get_credentials("1d", "alice") (eturnal_ctl:get_credentials/2:60)
2022-07-22 00:24:21.364958+00:00 [debug] eturnal call ({get_password,<<"1658535861:alice">>}) returned {ok,
                                                               <<"ac6voEZGqBDCS+6VW5cVwHqs6/E=">>} (eturnal_ctl:call/1:452)
2022-07-22 00:24:21.365107+00:00 [debug] Handling API call: get_password("1658535861:alice") (eturnal_ctl:get_password/1:79)
2022-07-22 00:24:21.365223+00:00 [debug] eturnal call ({get_password,<<"1658535861:alice">>}) returned {ok,
                                                               <<"ac6voEZGqBDCS+6VW5cVwHqs6/E=">>} (eturnal_ctl:call/1:452)
2022-07-22 00:24:21.365377+00:00 [debug] Handling API call: get_password("Invalid") (eturnal_ctl:get_password/1:79)
2022-07-22 00:24:21.365465+00:00 [debug] Invalid user name: Invalid (eturnal_ctl:get_password/1:93)
2022-07-22 00:24:21.365603+00:00 [debug] Handling API call: get_credentials("Invalid", []) (eturnal_ctl:get_credentials/2:60)
2022-07-22 00:24:21.365706+00:00 [debug] Invalid argument(s): "Invalid":[] (eturnal_ctl:get_credentials/2:73)
2022-07-22 00:24:21.365794+00:00 [debug] Handling API call: get_password(invalid) (eturnal_ctl:get_password/1:79)
2022-07-22 00:24:21.365884+00:00 [debug] Cannot convert user name to binary: invalid (eturnal_ctl:get_password/1:100)
2022-07-22 00:24:21.365962+00:00 [debug] Handling API call: get_credentials(invalid, []) (eturnal_ctl:get_credentials/2:60)
2022-07-22 00:24:21.366033+00:00 [debug] Invalid argument(s): invalid:[] (eturnal_ctl:get_credentials/2:73)
2022-07-22 00:24:21.366118+00:00 [debug] Handling API call: get_password([invalid]) (eturnal_ctl:get_password/1:79)
2022-07-22 00:24:21.366214+00:00 [debug] Cannot convert user name to binary: [invalid] (eturnal_ctl:get_password/1:100)
2022-07-22 00:24:21.366316+00:00 [debug] Handling API call: get_credentials([invalid], []) (eturnal_ctl:get_credentials/2:60)
2022-07-22 00:24:21.366395+00:00 [debug] Invalid argument(s): [invalid]:[] (eturnal_ctl:get_credentials/2:73)
2022-07-22 00:24:21.368029+00:00 [debug] Handling API call: get_credentials(1256900400, invalid) (eturnal_ctl:get_credentials/2:60)
2022-07-22 00:24:21.368167+00:00 [debug] Invalid argument(s): 1256900400:invalid (eturnal_ctl:get_credentials/2:73)
2022-07-22 00:24:21.394801+00:00 [debug] Handling API call: set_loglevel(debug) (eturnal_ctl:set_loglevel/1:165)
2022-07-22 00:24:21.395217+00:00 [debug] eturnal call ({set_loglevel,debug}) returned ok (eturnal_ctl:call/1:449)
2022-07-22 00:24:21.395538+00:00 [debug] Handling API call: get_loglevel() (eturnal_ctl:get_loglevel/0:155)
2022-07-22 00:24:21.395797+00:00 [debug] eturnal call (get_loglevel) returned {ok,debug} (eturnal_ctl:call/1:452)
2022-07-22 00:24:21.396031+00:00 [debug] Handling API call: set_loglevel(invalid) (eturnal_ctl:set_loglevel/1:165)
2022-07-22 00:24:21.396168+00:00 [debug] Invalid log level: invalid (eturnal_ctl:set_loglevel/1:175)
2022-07-22 00:24:21.396409+00:00 [debug] Handling API call: get_loglevel() (eturnal_ctl:get_loglevel/0:155)
2022-07-22 00:24:21.396575+00:00 [debug] eturnal call (get_loglevel) returned {ok,debug} (eturnal_ctl:call/1:452)
2022-07-22 00:24:21.421392+00:00 [debug] Handling API call: get_version() (eturnal_ctl:get_version/0:145)
2022-07-22 00:24:21.421525+00:00 [debug] eturnal call (get_version) returned {ok,<<"1.9.1">>} (eturnal_ctl:call/1:452)
2022-07-22 00:24:21.446929+00:00 [debug] Handling API call: reload() (eturnal_ctl:reload/0:200)
2022-07-22 00:24:21.449440+00:00 [debug] Calling mod_log_stun:options/0 (eturnal_module:options/1:191)
2022-07-22 00:24:21.449664+00:00 [debug] Calling mod_stats_influx:options/0 (eturnal_module:options/1:191)
2022-07-22 00:24:21.450451+00:00 [warning] TLS enabled without 'tls_crt_file', creating self-signed certificate (eturnal:check_pem_file/0:688)
2022-07-22 00:24:22.543085+00:00 [info] Using new TLS certificate (eturnal:handle_call/3:114)
2022-07-22 00:24:22.543348+00:00 [debug] Reloaded configuration (eturnal:handle_call/3:120)
2022-07-22 00:24:22.543658+00:00 [debug] eturnal call (reload) returned ok (eturnal_ctl:call/1:449)
2022-07-22 00:24:22.544071+00:00 [debug] Handling API call: reload() (eturnal_ctl:reload/0:200)
2022-07-22 00:24:22.546187+00:00 [debug] Calling mod_log_stun:options/0 (eturnal_module:options/1:191)
2022-07-22 00:24:22.546372+00:00 [debug] Calling mod_stats_influx:options/0 (eturnal_module:options/1:191)
2022-07-22 00:24:22.547010+00:00 [debug] Keeping PEM file (run/cert.pem) (eturnal:check_pem_file/0:685)
2022-07-22 00:24:22.547107+00:00 [debug] TLS certificate unchanged (eturnal:handle_call/3:116)
2022-07-22 00:24:22.547186+00:00 [debug] Reloaded configuration (eturnal:handle_call/3:120)
2022-07-22 00:24:22.547271+00:00 [debug] eturnal call (reload) returned ok (eturnal_ctl:call/1:449)
2022-07-22 00:24:22.574862+00:00 [info] Accepting connection: 127.0.0.1:45448 -> 127.0.0.1:34780 [TCP, session jx07yvma5el0] (stun_acceptor:accept/3:158)
2022-07-22 00:24:22.599800+00:00 [info] Accepting connection: 127.0.0.1:60352 -> 127.0.0.1:53490 [TLS, session rwjg320b3gu2] (stun_acceptor:accept/3:158)
2022-07-22 00:24:22.632802+00:00 [debug] Received:
#stun{class = request,method = 3,magic = 554869826,
      trid = 13182456867367225608902456037,raw = <<>>,unsupported = [],
      'ALTERNATE-SERVER' = undefined,'CHANNEL-NUMBER' = undefined,
      'DATA' = undefined,'DONT-FRAGMENT' = false,'ERROR-CODE' = undefined,
      'LIFETIME' = undefined,'MAPPED-ADDRESS' = undefined,
      'MESSAGE-INTEGRITY' = undefined,'NONCE' = undefined,'REALM' = undefined,
      'REQUESTED-ADDRESS-FAMILY' = undefined,
      'REQUESTED-TRANSPORT' = undefined,'SOFTWARE' = undefined,
      'UNKNOWN-ATTRIBUTES' = [],'USERNAME' = undefined,
      'XOR-MAPPED-ADDRESS' = undefined,'XOR-PEER-ADDRESS' = [],
      'XOR-RELAYED-ADDRESS' = undefined} (stun:udp_recv/5:111)
2022-07-22 00:24:22.632977+00:00 [debug] Sending:
#stun{class = error,method = 3,magic = 554869826,
      trid = 13182456867367225608902456037,raw = <<>>,unsupported = [],
      'ALTERNATE-SERVER' = undefined,'CHANNEL-NUMBER' = undefined,
      'DATA' = undefined,'DONT-FRAGMENT' = false,
      'ERROR-CODE' = {401,<<"Unauthorized">>},
      'LIFETIME' = undefined,'MAPPED-ADDRESS' = undefined,
      'MESSAGE-INTEGRITY' = undefined,'NONCE' = <<"2694520061">>,
      'REALM' = <<"eturnal.net">>,'REQUESTED-ADDRESS-FAMILY' = undefined,
      'REQUESTED-TRANSPORT' = undefined,'SOFTWARE' = <<"eturnal">>,
      'UNKNOWN-ATTRIBUTES' = [],'USERNAME' = undefined,
      'XOR-MAPPED-ADDRESS' = undefined,'XOR-PEER-ADDRESS' = [],
      'XOR-RELAYED-ADDRESS' = undefined} (stun:send/3:445)
2022-07-22 00:24:22.633314+00:00 [debug] Received:
#stun{class = request,method = 3,magic = 554869826,
      trid = 68774937676295990633739625276,
      raw = <<0,3,0,80,33,18,164,66,222,57,75,138,15,76,180,46,6,148,163,60,0,
              25,0,4,17,0,0,0,0,6,0,10,50,49,52,53,57,49,51,50,48,48,0,0,0,20,
              0,11,101,116,117,114,110,97,108,46,110,101,116,0,0,21,0,10,50,54,
              57,52,53,50,48,48,54,49,0,0>>,
      unsupported = [],'ALTERNATE-SERVER' = undefined,
      'CHANNEL-NUMBER' = undefined,'DATA' = undefined,'DONT-FRAGMENT' = false,
      'ERROR-CODE' = undefined,'LIFETIME' = undefined,
      'MAPPED-ADDRESS' = undefined,
      'MESSAGE-INTEGRITY' = <<175,151,46,39,110,251,196,150,142,134,160,46,31,
                              39,40,129,174,179,216,120>>,
      'NONCE' = <<"2694520061">>,'REALM' = <<"eturnal.net">>,
      'REQUESTED-ADDRESS-FAMILY' = undefined,'REQUESTED-TRANSPORT' = udp,
      'SOFTWARE' = undefined,'UNKNOWN-ATTRIBUTES' = [],
      'USERNAME' = <<"2145913200">>,'XOR-MAPPED-ADDRESS' = undefined,
      'XOR-PEER-ADDRESS' = [],'XOR-RELAYED-ADDRESS' = undefined} (stun:udp_recv/5:111)
2022-07-22 00:24:22.633494+00:00 [debug] Looking up password for: 2145913200 [UDP, session e7iy9ydxu3dy, user 2145913200, client 127.0.0.1:38104] (eturnal:get_password/2:209)
2022-07-22 00:24:22.633583+00:00 [info] Accepting long-term STUN/TURN authentication [UDP, session e7iy9ydxu3dy, user 2145913200, client 127.0.0.1:38104] (stun:process/2:249)
2022-07-22 00:24:22.636896+00:00 [debug] Running 'turn_session_start' hook [UDP, session e7iy9ydxu3dy, user 2145913200, client 127.0.0.1:38104] (turn:run_hook/2:717)
2022-07-22 00:24:22.636999+00:00 [debug] Got 'turn_session_start' event [UDP, session e7iy9ydxu3dy, user 2145913200, client 127.0.0.1:38104] (eturnal_module:handle_event/2:176)
2022-07-22 00:24:22.637252+00:00 [notice] Creating TURN allocation (lifetime: 599 seconds) [UDP, session e7iy9ydxu3dy, user 2145913200, client 127.0.0.1:38104, relay 127.0.0.1:54142] (turn:wait_for_allocate/2:213)
2022-07-22 00:24:22.637416+00:00 [debug] Sending:
#stun{class = response,method = 3,magic = 554869826,
      trid = 68774937676295990633739625276,raw = <<>>,unsupported = [],
      'ALTERNATE-SERVER' = undefined,'CHANNEL-NUMBER' = undefined,
      'DATA' = undefined,'DONT-FRAGMENT' = false,'ERROR-CODE' = undefined,
      'LIFETIME' = 599,'MAPPED-ADDRESS' = undefined,
      'MESSAGE-INTEGRITY' = undefined,'NONCE' = undefined,'REALM' = undefined,
      'REQUESTED-ADDRESS-FAMILY' = undefined,
      'REQUESTED-TRANSPORT' = undefined,'SOFTWARE' = <<"eturnal">>,
      'UNKNOWN-ATTRIBUTES' = [],'USERNAME' = undefined,
      'XOR-MAPPED-ADDRESS' = {{127,0,0,1},38104},
      'XOR-PEER-ADDRESS' = [],
      'XOR-RELAYED-ADDRESS' = {{127,0,0,1},54142}} (turn:send/2:527)
2022-07-22 00:24:22.637804+00:00 [debug] Received:
#stun{class = request,method = 4,magic = 554869826,
      trid = 4699164676533287779577372897,
      raw = <<0,4,0,80,33,18,164,66,15,47,14,211,142,231,241,91,214,84,32,225,
              0,6,0,10,50,49,52,53,57,49,51,50,48,48,0,0,0,20,0,11,101,116,117,
              114,110,97,108,46,110,101,116,0,0,21,0,10,50,54,57,52,53,50,48,
              48,54,49,0,0,0,13,0,4,0,0,0,0>>,
      unsupported = [],'ALTERNATE-SERVER' = undefined,
      'CHANNEL-NUMBER' = undefined,'DATA' = undefined,'DONT-FRAGMENT' = false,
      'ERROR-CODE' = undefined,'LIFETIME' = 0,'MAPPED-ADDRESS' = undefined,
      'MESSAGE-INTEGRITY' = <<116,118,1,137,21,35,1,130,65,65,172,212,120,184,
                              198,70,66,119,42,162>>,
      'NONCE' = <<"2694520061">>,'REALM' = <<"eturnal.net">>,
      'REQUESTED-ADDRESS-FAMILY' = undefined,
      'REQUESTED-TRANSPORT' = undefined,'SOFTWARE' = undefined,
      'UNKNOWN-ATTRIBUTES' = [],'USERNAME' = <<"2145913200">>,
      'XOR-MAPPED-ADDRESS' = undefined,'XOR-PEER-ADDRESS' = [],
      'XOR-RELAYED-ADDRESS' = undefined} (stun:udp_recv/5:111)
2022-07-22 00:24:22.637963+00:00 [debug] Looking up password for: 2145913200 [UDP, session i8khd47geecp, user 2145913200, client 127.0.0.1:38104] (eturnal:get_password/2:209)
2022-07-22 00:24:22.638064+00:00 [info] Accepting long-term STUN/TURN authentication [UDP, session i8khd47geecp, user 2145913200, client 127.0.0.1:38104] (stun:process/2:249)
2022-07-22 00:24:22.638142+00:00 [info] Client requested closing the TURN session [UDP, session e7iy9ydxu3dy, user 2145913200, client 127.0.0.1:38104, relay 127.0.0.1:54142] (turn:active/2:268)
2022-07-22 00:24:22.638251+00:00 [debug] Sending:
#stun{class = response,method = 4,magic = 554869826,
      trid = 4699164676533287779577372897,raw = <<>>,unsupported = [],
      'ALTERNATE-SERVER' = undefined,'CHANNEL-NUMBER' = undefined,
      'DATA' = undefined,'DONT-FRAGMENT' = false,'ERROR-CODE' = undefined,
      'LIFETIME' = 0,'MAPPED-ADDRESS' = undefined,
      'MESSAGE-INTEGRITY' = undefined,'NONCE' = undefined,'REALM' = undefined,
      'REQUESTED-ADDRESS-FAMILY' = undefined,
      'REQUESTED-TRANSPORT' = undefined,'SOFTWARE' = <<"eturnal">>,
      'UNKNOWN-ATTRIBUTES' = [],'USERNAME' = undefined,
      'XOR-MAPPED-ADDRESS' = undefined,'XOR-PEER-ADDRESS' = [],
      'XOR-RELAYED-ADDRESS' = undefined} (turn:send/2:527)
2022-07-22 00:24:22.638381+00:00 [info] Deleting TURN allocation [UDP, session e7iy9ydxu3dy, user 2145913200, client 127.0.0.1:38104, relay 127.0.0.1:54142] (turn:terminate/3:460)
2022-07-22 00:24:22.638453+00:00 [notice] Relayed 0 KiB (in 0 B / 0 packets, out 0 B / 0 packets), duration: 0 seconds [UDP, session e7iy9ydxu3dy, user 2145913200, client 127.0.0.1:38104, relay 127.0.0.1:54142] (turn:terminate/3:467)
2022-07-22 00:24:22.638525+00:00 [debug] Running 'turn_session_stop' hook [UDP, session e7iy9ydxu3dy, user 2145913200, client 127.0.0.1:38104, relay 127.0.0.1:54142] (turn:run_hook/2:717)
2022-07-22 00:24:22.638588+00:00 [debug] Got 'turn_session_stop' event [UDP, session e7iy9ydxu3dy, user 2145913200, client 127.0.0.1:38104, relay 127.0.0.1:54142] (eturnal_module:handle_event/2:176)
2022-07-22 00:24:22.638641+00:00 [debug] Calling mod_stats_influx:handle_event/2 [UDP, session e7iy9ydxu3dy, user 2145913200, client 127.0.0.1:38104, relay 127.0.0.1:54142] (eturnal_module:handle_event/2:179)
2022-07-22 00:24:22.638789+00:00 [debug] Writing stats of TURN session e7iy9ydxu3dy to InfluxDB [UDP, session e7iy9ydxu3dy, user 2145913200, client 127.0.0.1:38104, relay 127.0.0.1:54142] (mod_stats_influx:on_turn_session_stop/1:88)
2022-07-22 00:24:22.663590+00:00 [debug] Received:
#stun{class = request,method = 1,magic = 554869826,
      trid = 41228741736282208722706212498,raw = <<>>,unsupported = [],
      'ALTERNATE-SERVER' = undefined,'CHANNEL-NUMBER' = undefined,
      'DATA' = undefined,'DONT-FRAGMENT' = false,'ERROR-CODE' = undefined,
      'LIFETIME' = undefined,'MAPPED-ADDRESS' = undefined,
      'MESSAGE-INTEGRITY' = undefined,'NONCE' = undefined,'REALM' = undefined,
      'REQUESTED-ADDRESS-FAMILY' = undefined,
      'REQUESTED-TRANSPORT' = undefined,'SOFTWARE' = undefined,
      'UNKNOWN-ATTRIBUTES' = [],'USERNAME' = undefined,
      'XOR-MAPPED-ADDRESS' = undefined,'XOR-PEER-ADDRESS' = [],
      'XOR-RELAYED-ADDRESS' = undefined} (stun:udp_recv/5:111)
2022-07-22 00:24:22.663699+00:00 [debug] Responding to STUN request [UDP, session nz7936v9lohx, anonymous, client 127.0.0.1:44916] (stun:process/4:312)
2022-07-22 00:24:22.663750+00:00 [debug] Running 'stun_query' hook [UDP, session nz7936v9lohx, anonymous, client 127.0.0.1:44916] (stun:run_hook/3:820)
2022-07-22 00:24:22.663843+00:00 [debug] Got 'stun_query' event [UDP, session nz7936v9lohx, anonymous, client 127.0.0.1:44916] (eturnal_module:handle_event/2:176)
2022-07-22 00:24:22.663888+00:00 [debug] Calling mod_log_stun:handle_event/2 [UDP, session nz7936v9lohx, anonymous, client 127.0.0.1:44916] (eturnal_module:handle_event/2:179)
2022-07-22 00:24:22.663924+00:00 [info] Responding to STUN request [UDP, session nz7936v9lohx, anonymous, client 127.0.0.1:44916] (mod_log_stun:handle_event/2:45)
2022-07-22 00:24:22.664004+00:00 [debug] Calling mod_stats_influx:handle_event/2 [UDP, session nz7936v9lohx, anonymous, client 127.0.0.1:44916] (eturnal_module:handle_event/2:179)
2022-07-22 00:24:22.664046+00:00 [debug] Writing STUN query event to InfluxDB [UDP, session nz7936v9lohx, anonymous, client 127.0.0.1:44916] (mod_stats_influx:on_stun_query/1:77)
2022-07-22 00:24:22.664326+00:00 [debug] Sending:
#stun{class = response,method = 1,magic = 554869826,
      trid = 41228741736282208722706212498,raw = <<>>,unsupported = [],
      'ALTERNATE-SERVER' = undefined,'CHANNEL-NUMBER' = undefined,
      'DATA' = undefined,'DONT-FRAGMENT' = false,'ERROR-CODE' = undefined,
      'LIFETIME' = undefined,'MAPPED-ADDRESS' = undefined,
      'MESSAGE-INTEGRITY' = undefined,'NONCE' = undefined,'REALM' = undefined,
      'REQUESTED-ADDRESS-FAMILY' = undefined,
      'REQUESTED-TRANSPORT' = undefined,'SOFTWARE' = <<"eturnal">>,
      'UNKNOWN-ATTRIBUTES' = [],'USERNAME' = undefined,
      'XOR-MAPPED-ADDRESS' = {{127,0,0,1},44916},
      'XOR-PEER-ADDRESS' = [],'XOR-RELAYED-ADDRESS' = undefined} (stun:send/3:445)
2022-07-22 00:24:22.689379+00:00 [info] Accepting connection: 127.0.0.1:45450 -> 127.0.0.1:34780 [TCP, session sl4efgpyvwnc] (stun_acceptor:accept/3:158)
2022-07-22 00:24:22.689657+00:00 [debug] Received:
#stun{class = request,method = 1,magic = 554869826,
      trid = 20846177769649758794711191965,raw = <<>>,unsupported = [],
      'ALTERNATE-SERVER' = undefined,'CHANNEL-NUMBER' = undefined,
      'DATA' = undefined,'DONT-FRAGMENT' = false,'ERROR-CODE' = undefined,
      'LIFETIME' = undefined,'MAPPED-ADDRESS' = undefined,
      'MESSAGE-INTEGRITY' = undefined,'NONCE' = undefined,'REALM' = undefined,
      'REQUESTED-ADDRESS-FAMILY' = undefined,
      'REQUESTED-TRANSPORT' = undefined,'SOFTWARE' = undefined,
      'UNKNOWN-ATTRIBUTES' = [],'USERNAME' = undefined,
      'XOR-MAPPED-ADDRESS' = undefined,'XOR-PEER-ADDRESS' = [],
      'XOR-RELAYED-ADDRESS' = undefined} (stun:process_data/3:404)
2022-07-22 00:24:22.689762+00:00 [debug] Responding to STUN request [TCP, session sl4efgpyvwnc, anonymous, client 127.0.0.1:45450] (stun:process/4:312)
2022-07-22 00:24:22.689821+00:00 [debug] Running 'stun_query' hook [TCP, session sl4efgpyvwnc, anonymous, client 127.0.0.1:45450] (stun:run_hook/3:820)
2022-07-22 00:24:22.689894+00:00 [debug] Got 'stun_query' event [TCP, session sl4efgpyvwnc, anonymous, client 127.0.0.1:45450] (eturnal_module:handle_event/2:176)
2022-07-22 00:24:22.689935+00:00 [debug] Calling mod_log_stun:handle_event/2 [TCP, session sl4efgpyvwnc, anonymous, client 127.0.0.1:45450] (eturnal_module:handle_event/2:179)
2022-07-22 00:24:22.690008+00:00 [info] Responding to STUN request [TCP, session sl4efgpyvwnc, anonymous, client 127.0.0.1:45450] (mod_log_stun:handle_event/2:45)
2022-07-22 00:24:22.690049+00:00 [debug] Calling mod_stats_influx:handle_event/2 [TCP, session sl4efgpyvwnc, anonymous, client 127.0.0.1:45450] (eturnal_module:handle_event/2:179)
2022-07-22 00:24:22.690087+00:00 [debug] Writing STUN query event to InfluxDB [TCP, session sl4efgpyvwnc, anonymous, client 127.0.0.1:45450] (mod_stats_influx:on_stun_query/1:77)
2022-07-22 00:24:22.690370+00:00 [debug] Sending:
#stun{class = response,method = 1,magic = 554869826,
      trid = 20846177769649758794711191965,raw = <<>>,unsupported = [],
      'ALTERNATE-SERVER' = undefined,'CHANNEL-NUMBER' = undefined,
      'DATA' = undefined,'DONT-FRAGMENT' = false,'ERROR-CODE' = undefined,
      'LIFETIME' = undefined,'MAPPED-ADDRESS' = undefined,
      'MESSAGE-INTEGRITY' = undefined,'NONCE' = undefined,'REALM' = undefined,
      'REQUESTED-ADDRESS-FAMILY' = undefined,
      'REQUESTED-TRANSPORT' = undefined,'SOFTWARE' = <<"P1 STUN library">>,
      'UNKNOWN-ATTRIBUTES' = [],'USERNAME' = undefined,
      'XOR-MAPPED-ADDRESS' = {{127,0,0,1},45450},
      'XOR-PEER-ADDRESS' = [],'XOR-RELAYED-ADDRESS' = undefined} (stun:send/3:445)
2022-07-22 00:24:22.690609+00:00 [info] Connection reset by peer [TCP, session sl4efgpyvwnc, anonymous, client 127.0.0.1:45450] (stun:handle_info/3:170)
2022-07-22 00:24:22.721279+00:00 [info] Accepting connection: 127.0.0.1:60354 -> 127.0.0.1:53490 [TLS, session g4h9i8mr8t6g] (stun_acceptor:accept/3:158)
2022-07-22 00:24:22.831481+00:00 [debug] Received:
#stun{class = request,method = 1,magic = 554869826,
      trid = 23871027393158849525562413434,raw = <<>>,unsupported = [],
      'ALTERNATE-SERVER' = undefined,'CHANNEL-NUMBER' = undefined,
      'DATA' = undefined,'DONT-FRAGMENT' = false,'ERROR-CODE' = undefined,
      'LIFETIME' = undefined,'MAPPED-ADDRESS' = undefined,
      'MESSAGE-INTEGRITY' = undefined,'NONCE' = undefined,'REALM' = undefined,
      'REQUESTED-ADDRESS-FAMILY' = undefined,
      'REQUESTED-TRANSPORT' = undefined,'SOFTWARE' = undefined,
      'UNKNOWN-ATTRIBUTES' = [],'USERNAME' = undefined,
      'XOR-MAPPED-ADDRESS' = undefined,'XOR-PEER-ADDRESS' = [],
      'XOR-RELAYED-ADDRESS' = undefined} (stun:process_data/3:404)
2022-07-22 00:24:22.831646+00:00 [debug] Responding to STUN request [TLS, session g4h9i8mr8t6g, anonymous, client 127.0.0.1:60354] (stun:process/4:312)
2022-07-22 00:24:22.831708+00:00 [debug] Running 'stun_query' hook [TLS, session g4h9i8mr8t6g, anonymous, client 127.0.0.1:60354] (stun:run_hook/3:820)
2022-07-22 00:24:22.831767+00:00 [debug] Got 'stun_query' event [TLS, session g4h9i8mr8t6g, anonymous, client 127.0.0.1:60354] (eturnal_module:handle_event/2:176)
2022-07-22 00:24:22.831810+00:00 [debug] Calling mod_log_stun:handle_event/2 [TLS, session g4h9i8mr8t6g, anonymous, client 127.0.0.1:60354] (eturnal_module:handle_event/2:179)
2022-07-22 00:24:22.831859+00:00 [info] Responding to STUN request [TLS, session g4h9i8mr8t6g, anonymous, client 127.0.0.1:60354] (mod_log_stun:handle_event/2:45)
2022-07-22 00:24:22.831898+00:00 [debug] Calling mod_stats_influx:handle_event/2 [TLS, session g4h9i8mr8t6g, anonymous, client 127.0.0.1:60354] (eturnal_module:handle_event/2:179)
2022-07-22 00:24:22.831935+00:00 [debug] Writing STUN query event to InfluxDB [TLS, session g4h9i8mr8t6g, anonymous, client 127.0.0.1:60354] (mod_stats_influx:on_stun_query/1:77)
2022-07-22 00:24:22.832146+00:00 [debug] Sending:
#stun{class = response,method = 1,magic = 554869826,
      trid = 23871027393158849525562413434,raw = <<>>,unsupported = [],
      'ALTERNATE-SERVER' = undefined,'CHANNEL-NUMBER' = undefined,
      'DATA' = undefined,'DONT-FRAGMENT' = false,'ERROR-CODE' = undefined,
      'LIFETIME' = undefined,'MAPPED-ADDRESS' = undefined,
      'MESSAGE-INTEGRITY' = undefined,'NONCE' = undefined,'REALM' = undefined,
      'REQUESTED-ADDRESS-FAMILY' = undefined,
      'REQUESTED-TRANSPORT' = undefined,'SOFTWARE' = <<"P1 STUN library">>,
      'UNKNOWN-ATTRIBUTES' = [],'USERNAME' = undefined,
      'XOR-MAPPED-ADDRESS' = {{127,0,0,1},60354},
      'XOR-PEER-ADDRESS' = [],'XOR-RELAYED-ADDRESS' = undefined} (stun:send/3:445)
2022-07-22 00:24:22.832935+00:00 [info] Connection reset by peer [TLS, session g4h9i8mr8t6g, anonymous, client 127.0.0.1:60354] (stun:handle_info/3:170)
2022-07-22 00:24:22.858317+00:00 [info] Accepting connection: 127.0.0.1:58162 -> 127.0.0.1:34781 [TCP|TLS, session r5uhpa4t7i55] (stun_acceptor:accept/3:158)
2022-07-22 00:24:22.858515+00:00 [debug] Determined transport protocol: TCP (stun:is_tls_handshake/1:768)
2022-07-22 00:24:22.859260+00:00 [debug] Received:
#stun{class = request,method = 1,magic = 554869826,
      trid = 18602413006996319081358921246,raw = <<>>,unsupported = [],
      'ALTERNATE-SERVER' = undefined,'CHANNEL-NUMBER' = undefined,
      'DATA' = undefined,'DONT-FRAGMENT' = false,'ERROR-CODE' = undefined,
      'LIFETIME' = undefined,'MAPPED-ADDRESS' = undefined,
      'MESSAGE-INTEGRITY' = undefined,'NONCE' = undefined,'REALM' = undefined,
      'REQUESTED-ADDRESS-FAMILY' = undefined,
      'REQUESTED-TRANSPORT' = undefined,'SOFTWARE' = undefined,
      'UNKNOWN-ATTRIBUTES' = [],'USERNAME' = undefined,
      'XOR-MAPPED-ADDRESS' = undefined,'XOR-PEER-ADDRESS' = [],
      'XOR-RELAYED-ADDRESS' = undefined} (stun:process_data/3:404)
2022-07-22 00:24:22.859422+00:00 [debug] Responding to STUN request [TCP, session r5uhpa4t7i55, anonymous, client 127.0.0.1:58162] (stun:process/4:312)
2022-07-22 00:24:22.859501+00:00 [debug] Running 'stun_query' hook [TCP, session r5uhpa4t7i55, anonymous, client 127.0.0.1:58162] (stun:run_hook/3:820)
2022-07-22 00:24:22.859611+00:00 [debug] Got 'stun_query' event [TCP, session r5uhpa4t7i55, anonymous, client 127.0.0.1:58162] (eturnal_module:handle_event/2:176)
2022-07-22 00:24:22.859653+00:00 [debug] Calling mod_log_stun:handle_event/2 [TCP, session r5uhpa4t7i55, anonymous, client 127.0.0.1:58162] (eturnal_module:handle_event/2:179)
2022-07-22 00:24:22.859737+00:00 [info] Responding to STUN request [TCP, session r5uhpa4t7i55, anonymous, client 127.0.0.1:58162] (mod_log_stun:handle_event/2:45)
2022-07-22 00:24:22.859785+00:00 [debug] Calling mod_stats_influx:handle_event/2 [TCP, session r5uhpa4t7i55, anonymous, client 127.0.0.1:58162] (eturnal_module:handle_event/2:179)
2022-07-22 00:24:22.859822+00:00 [debug] Writing STUN query event to InfluxDB [TCP, session r5uhpa4t7i55, anonymous, client 127.0.0.1:58162] (mod_stats_influx:on_stun_query/1:77)
2022-07-22 00:24:22.860076+00:00 [debug] Sending:
#stun{class = response,method = 1,magic = 554869826,
      trid = 18602413006996319081358921246,raw = <<>>,unsupported = [],
      'ALTERNATE-SERVER' = undefined,'CHANNEL-NUMBER' = undefined,
      'DATA' = undefined,'DONT-FRAGMENT' = false,'ERROR-CODE' = undefined,
      'LIFETIME' = undefined,'MAPPED-ADDRESS' = undefined,
      'MESSAGE-INTEGRITY' = undefined,'NONCE' = undefined,'REALM' = undefined,
      'REQUESTED-ADDRESS-FAMILY' = undefined,
      'REQUESTED-TRANSPORT' = undefined,'SOFTWARE' = <<"P1 STUN library">>,
      'UNKNOWN-ATTRIBUTES' = [],'USERNAME' = undefined,
      'XOR-MAPPED-ADDRESS' = {{127,0,0,1},58162},
      'XOR-PEER-ADDRESS' = [],'XOR-RELAYED-ADDRESS' = undefined} (stun:send/3:445)
2022-07-22 00:24:22.860363+00:00 [info] Connection reset by peer [TCP, session r5uhpa4t7i55, anonymous, client 127.0.0.1:58162] (stun:handle_info/3:170)
2022-07-22 00:24:22.884939+00:00 [info] Accepting connection: 127.0.0.1:58164 -> 127.0.0.1:34781 [TCP|TLS, session k4jedbuiq1k5] (stun_acceptor:accept/3:158)
2022-07-22 00:24:22.885115+00:00 [debug] Determined transport protocol: TLS (stun:is_tls_handshake/1:765)
2022-07-22 00:24:22.993517+00:00 [debug] Received:
#stun{class = request,method = 1,magic = 554869826,
      trid = 32423700464811234245035690750,raw = <<>>,unsupported = [],
      'ALTERNATE-SERVER' = undefined,'CHANNEL-NUMBER' = undefined,
      'DATA' = undefined,'DONT-FRAGMENT' = false,'ERROR-CODE' = undefined,
      'LIFETIME' = undefined,'MAPPED-ADDRESS' = undefined,
      'MESSAGE-INTEGRITY' = undefined,'NONCE' = undefined,'REALM' = undefined,
      'REQUESTED-ADDRESS-FAMILY' = undefined,
      'REQUESTED-TRANSPORT' = undefined,'SOFTWARE' = undefined,
      'UNKNOWN-ATTRIBUTES' = [],'USERNAME' = undefined,
      'XOR-MAPPED-ADDRESS' = undefined,'XOR-PEER-ADDRESS' = [],
      'XOR-RELAYED-ADDRESS' = undefined} (stun:process_data/3:404)
2022-07-22 00:24:22.993672+00:00 [debug] Responding to STUN request [TLS, session k4jedbuiq1k5, anonymous, client 127.0.0.1:58164] (stun:process/4:312)
2022-07-22 00:24:22.993714+00:00 [debug] Running 'stun_query' hook [TLS, session k4jedbuiq1k5, anonymous, client 127.0.0.1:58164] (stun:run_hook/3:820)
2022-07-22 00:24:22.993819+00:00 [debug] Got 'stun_query' event [TLS, session k4jedbuiq1k5, anonymous, client 127.0.0.1:58164] (eturnal_module:handle_event/2:176)
2022-07-22 00:24:22.993872+00:00 [debug] Calling mod_log_stun:handle_event/2 [TLS, session k4jedbuiq1k5, anonymous, client 127.0.0.1:58164] (eturnal_module:handle_event/2:179)
2022-07-22 00:24:22.993942+00:00 [info] Responding to STUN request [TLS, session k4jedbuiq1k5, anonymous, client 127.0.0.1:58164] (mod_log_stun:handle_event/2:45)
2022-07-22 00:24:22.993973+00:00 [debug] Calling mod_stats_influx:handle_event/2 [TLS, session k4jedbuiq1k5, anonymous, client 127.0.0.1:58164] (eturnal_module:handle_event/2:179)
2022-07-22 00:24:22.994007+00:00 [debug] Writing STUN query event to InfluxDB [TLS, session k4jedbuiq1k5, anonymous, client 127.0.0.1:58164] (mod_stats_influx:on_stun_query/1:77)
2022-07-22 00:24:22.994272+00:00 [debug] Sending:
#stun{class = response,method = 1,magic = 554869826,
      trid = 32423700464811234245035690750,raw = <<>>,unsupported = [],
      'ALTERNATE-SERVER' = undefined,'CHANNEL-NUMBER' = undefined,
      'DATA' = undefined,'DONT-FRAGMENT' = false,'ERROR-CODE' = undefined,
      'LIFETIME' = undefined,'MAPPED-ADDRESS' = undefined,
      'MESSAGE-INTEGRITY' = undefined,'NONCE' = undefined,'REALM' = undefined,
      'REQUESTED-ADDRESS-FAMILY' = undefined,
      'REQUESTED-TRANSPORT' = undefined,'SOFTWARE' = <<"P1 STUN library">>,
      'UNKNOWN-ATTRIBUTES' = [],'USERNAME' = undefined,
      'XOR-MAPPED-ADDRESS' = {{127,0,0,1},58164},
      'XOR-PEER-ADDRESS' = [],'XOR-RELAYED-ADDRESS' = undefined} (stun:send/3:445)
2022-07-22 00:24:22.994574+00:00 [info] Connection reset by peer [TLS, session k4jedbuiq1k5, anonymous, client 127.0.0.1:58164] (stun:handle_info/3:170)
2022-07-22 00:24:23.021528+00:00 [debug] No NOTIFY_SOCKET, dropping STOPPING=1 notification (eturnal_systemd:handle_cast/2:109)
2022-07-22 00:24:23.021748+00:00 [debug] Terminating eturnal (shutdown) (eturnal:terminate/2:174)
2022-07-22 00:24:23.021814+00:00 [debug] Watchdog interval is undefined, hibernating (eturnal_systemd:get_timeout/1:162)
2022-07-22 00:24:23.022032+00:00 [info] Stopped listening on 127.0.0.1:34780 (udp) (eturnal:stop_listeners/1:363)
2022-07-22 00:24:23.022201+00:00 [info] Stopped listening on 127.0.0.1:34780 (tcp) (eturnal:stop_listeners/1:363)
2022-07-22 00:24:23.022324+00:00 [info] Stopped listening on 127.0.0.1:53490 (tls) (eturnal:stop_listeners/1:363)
2022-07-22 00:24:23.022439+00:00 [info] Stopped listening on 127.0.0.1:34781 (auto) (eturnal:stop_listeners/1:363)
2022-07-22 00:24:23.023415+00:00 [debug] Calling mod_log_stun:stop/1 (eturnal_module:stop/1:162)
2022-07-22 00:24:23.024208+00:00 [debug] Stopping mod_log_stun (mod_log_stun:stop/0:50)
2022-07-22 00:24:23.024575+00:00 [info] Stopped mod_log_stun (eturnal:stop_modules/1:320)
2022-07-22 00:24:23.025333+00:00 [debug] Calling mod_stats_influx:stop/1 (eturnal_module:stop/1:162)
2022-07-22 00:24:23.025482+00:00 [debug] Stopping mod_stats_influx (mod_stats_influx:stop/0:62)
2022-07-22 00:24:23.025567+00:00 [info] Stopped mod_stats_influx (eturnal:stop_modules/1:320)
2022-07-22 00:24:23.026200+00:00 [debug] Removed run/cert.pem (eturnal:clean_run_dir/0:764)
2022-07-22 00:24:23.026407+00:00 [debug] Terminating eturnal_systemd (shutdown) (eturnal_systemd:terminate/2:136)
2022-07-22 00:24:23.026708+00:00 [notice] Stopping eturnal 1.9.1 on Erlang/OTP 25 (ERTS 13.0) (eturnal_app:stop/1:54)
