2022-08-04 09:45:08.666376+00:00 [notice] Starting eturnal 1.10.1 on Erlang/OTP 25 (ERTS 13.0) (eturnal_app:start/2:34)
2022-08-04 09:45:08.666615+00:00 [debug] Starting supervisor: eturnal_sup (eturnal_sup:start_link/0:31)
2022-08-04 09:45:08.666779+00:00 [debug] Configuring eturnal_sup supervisor: [#{id => systemd,
                                       start =>
                                           {eturnal_systemd,start_link,[]}},
                                     #{id => eturnal,
                                       start => {eturnal,start_link,[]}}] (eturnal_sup:init/0:39)
2022-08-04 09:45:08.668228+00:00 [info] Got no NOTIFY_SOCKET, notifications disabled (eturnal_systemd:init/1:94)
2022-08-04 09:45:08.668392+00:00 [debug] PROGRESS REPORT:
    supervisor: {local,eturnal_sup}
    started: [{pid,<0.1027.0>},
              {id,systemd},
              {mfargs,{eturnal_systemd,start_link,[]}},
              {restart_type,permanent},
              {significant,false},
              {shutdown,5000},
              {child_type,worker}]
 (supervisor:report_progress/2:1557)
2022-08-04 09:45:08.668712+00:00 [info] Relay IPv4 address: 127.0.0.1 (port range: 49152-65535) (eturnal:log_relay_addresses/0:278)
2022-08-04 09:45:08.668847+00:00 [info] Relay IPv6 address not configured (eturnal:log_relay_addresses/0:288)
2022-08-04 09:45:08.683143+00:00 [info] Cannot determine control query port: noport (eturnal:log_control_listener/0:303)
2022-08-04 09:45:08.683477+00:00 [debug] Using run directory run (eturnal:ensure_run_dir/0:742)
2022-08-04 09:45:08.683578+00:00 [debug] TURN configuration seems fine (eturnal:check_turn_config/0:499)
2022-08-04 09:45:08.683692+00:00 [warning] TLS enabled without 'tls_crt_file', creating self-signed certificate (eturnal:check_pem_file/0:670)
2022-08-04 09:45:08.683762+00:00 [notice] Going to create PEM data for run/cert.pem (eturnal:create_self_signed/1:707)
2022-08-04 09:45:08.683834+00:00 [notice] Realm: eturnal.net (eturnal:create_self_signed/1:708)
2022-08-04 09:45:10.118474+00:00 [notice] Got PEM data (4969) (eturnal:create_self_signed/1:710)
2022-08-04 09:45:10.118703+00:00 [notice] Opening run/cert.pem (eturnal:touch/1:728)
2022-08-04 09:45:10.118927+00:00 [notice] Closing run/cert.pem (eturnal:touch/1:730)
2022-08-04 09:45:10.119136+00:00 [notice] Changing mode of run/cert.pem (eturnal:touch/1:732)
2022-08-04 09:45:10.119314+00:00 [notice] Touched run/cert.pem (eturnal:create_self_signed/1:712)
2022-08-04 09:45:10.119584+00:00 [notice] Wrote run/cert.pem (eturnal:create_self_signed/1:714)
2022-08-04 09:45:10.119684+00:00 [debug] Calling mod_log_stun:start/0 (eturnal_module:start/1:142)
2022-08-04 09:45:10.119853+00:00 [debug] Starting mod_log_stun (mod_log_stun:start/0:38)
2022-08-04 09:45:10.119980+00:00 [info] Started mod_log_stun (eturnal:start_modules/0:314)
2022-08-04 09:45:10.120490+00:00 [debug] Calling mod_stats_influx:start/0 (eturnal_module:start/1:142)
2022-08-04 09:45:10.120627+00:00 [debug] Starting mod_stats_influx (mod_stats_influx:start/0:37)
2022-08-04 09:45:10.123599+00:00 [debug] PROGRESS REPORT:
    application: ulitos
    started_at: nonode@nohost
 (application_controller:info_started/2:2107)
2022-08-04 09:45:10.126920+00:00 [debug] PROGRESS REPORT:
    application: poolboy
    started_at: nonode@nohost
 (application_controller:info_started/2:2107)
2022-08-04 09:45:10.127993+00:00 [info]     msg: Starting application: influx_udp (influx_udp_app:start/2:10)
2022-08-04 09:45:10.130261+00:00 [debug] PROGRESS REPORT:
    supervisor: {local,influx_udp_sup}
    started: [{pid,<0.1057.0>},
              {id,influx_udp},
              {mfargs,{influx_udp,start_link,[]}},
              {restart_type,permanent},
              {significant,false},
              {shutdown,5000},
              {child_type,worker}]
 (supervisor:report_progress/2:1557)
2022-08-04 09:45:10.130415+00:00 [debug] PROGRESS REPORT:
    application: influx_udp
    started_at: nonode@nohost
 (application_controller:info_started/2:2107)
2022-08-04 09:45:10.130483+00:00 [debug] Dependency influx_udp was available already (eturnal_module:ensure_dep/2:283)
2022-08-04 09:45:10.134753+00:00 [info]     host: {127,0,0,1}
    msg: Start clients pool
    options: #{host => "localhost",max_overflow => 1,pool_size => 1,
               port => 8089} (influx_udp:start_pool_/2:239)
2022-08-04 09:45:10.143563+00:00 [info]     msg: Open UDP socket on port
    port: 35014 (influx_udp_worker:init/1:43)
2022-08-04 09:45:10.143736+00:00 [debug] PROGRESS REPORT:
    supervisor: {local,influx_udp_sup}
    started: [{pid,<0.1060.0>},
              {id,stats_influx_pool},
              {mfargs,
                  {poolboy,start_link,
                      [[{name,{local,stats_influx_pool}},
                        {worker_module,influx_udp_worker},
                        {size,1},
                        {max_overflow,1}],
                       [{options,
                            #{host => {127,0,0,1},
                              max_overflow => 1,pool_size => 1,
                              port => 8089}}]]}},
              {restart_type,permanent},
              {significant,false},
              {shutdown,5000},
              {child_type,worker}]
 (supervisor:report_progress/2:1557)
2022-08-04 09:45:10.143932+00:00 [info] Started mod_stats_influx (eturnal:start_modules/0:314)
2022-08-04 09:45:10.144079+00:00 [debug] Calling mod_stats_prometheus:start/0 (eturnal_module:start/1:142)
2022-08-04 09:45:10.144498+00:00 [debug] Starting mod_stats_prometheus (mod_stats_prometheus:start/0:56)
2022-08-04 09:45:11.965497+00:00 [debug] PROGRESS REPORT:
    application: prometheus
    started_at: nonode@nohost
 (application_controller:info_started/2:2107)
2022-08-04 09:45:11.966717+00:00 [debug] PROGRESS REPORT:
    application: accept
    started_at: nonode@nohost
 (application_controller:info_started/2:2107)
2022-08-04 09:45:11.966985+00:00 [debug] PROGRESS REPORT:
    application: prometheus_httpd
    started_at: nonode@nohost
 (application_controller:info_started/2:2107)
2022-08-04 09:45:11.967049+00:00 [debug] Dependency prometheus_httpd was available already (eturnal_module:ensure_dep/2:283)
2022-08-04 09:45:11.967838+00:00 [debug] PROGRESS REPORT:
    supervisor: {local,httpd_instance_sup__127_0_0_1__9081default}
    started: [{pid,<0.1082.0>},
              {id,{httpd_connection_sup,{127,0,0,1},9081,default}},
              {mfargs,{httpd_connection_sup,start_link,[[{127,0,0,1},9081]]}},
              {restart_type,permanent},
              {significant,false},
              {shutdown,5000},
              {child_type,supervisor}]
 (supervisor:report_progress/2:1557)
2022-08-04 09:45:11.968171+00:00 [debug] PROGRESS REPORT:
    supervisor: {local,httpd_acceptor_sup__127_0_0_1__9081default}
    started: [{pid,<0.1084.0>},
              {id,{httpd_acceptor_sup,{127,0,0,1},9081,default}},
              {mfargs,{httpd_acceptor,start_link,
                                      [httpd__127_0_0_1__9081default,ip_comm,
                                       {127,0,0,1},
                                       9081,inet,
                                       httpd_conf__127_0_0_1__9081default,
                                       15000]}},
              {restart_type,transient},
              {significant,false},
              {shutdown,brutal_kill},
              {child_type,worker}]
 (supervisor:report_progress/2:1557)
2022-08-04 09:45:11.968322+00:00 [debug] PROGRESS REPORT:
    supervisor: {local,httpd_instance_sup__127_0_0_1__9081default}
    started: [{pid,<0.1083.0>},
              {id,{httpd_acceptor_sup,{127,0,0,1},9081,default}},
              {mfargs,
                  {httpd_acceptor_sup,start_link,
                      [[{127,0,0,1},
                        9081,
                        [{bind_address,{127,0,0,1}},
                         {socket_type,ip_comm},
                         {port,9081},
                         {server_root,"run/mod_stats_prometheus/doc"},
                         {document_root,"run/mod_stats_prometheus/doc"},
                         {server_name,"Prometheus Exporter"},
                         {modules,[prometheus_httpd]}],
                        15000,undefined]]}},
              {restart_type,permanent},
              {significant,false},
              {shutdown,infinity},
              {child_type,supervisor}]
 (supervisor:report_progress/2:1557)
2022-08-04 09:45:11.968524+00:00 [debug] PROGRESS REPORT:
    supervisor: {local,httpd_instance_sup__127_0_0_1__9081default}
    started: [{pid,<0.1085.0>},
              {id,{httpd_misc_sup,{127,0,0,1},9081,default}},
              {mfargs,{httpd_misc_sup,start_link,[{127,0,0,1},9081,default]}},
              {restart_type,permanent},
              {significant,false},
              {shutdown,infinity},
              {child_type,supervisor}]
 (supervisor:report_progress/2:1557)
2022-08-04 09:45:11.968810+00:00 [debug] PROGRESS REPORT:
    supervisor: {local,httpd_instance_sup__127_0_0_1__9081default}
    started: [{pid,<0.1086.0>},
              {id,{httpd_manager,{127,0,0,1},9081,default}},
              {mfargs,
                  {httpd_manager,start_link,
                      [undefined,
                       [{bind_address,{127,0,0,1}},
                        {socket_type,ip_comm},
                        {port,9081},
                        {server_root,"run/mod_stats_prometheus/doc"},
                        {document_root,"run/mod_stats_prometheus/doc"},
                        {server_name,"Prometheus Exporter"},
                        {modules,[prometheus_httpd]}],
                       15000]}},
              {restart_type,permanent},
              {significant,false},
              {shutdown,4000},
              {child_type,worker}]
 (supervisor:report_progress/2:1557)
2022-08-04 09:45:11.968938+00:00 [debug] PROGRESS REPORT:
    supervisor: {local,httpd_sup}
    started: [{pid,<0.1081.0>},
              {id,{httpd_instance_sup,{127,0,0,1},9081,default}},
              {mfargs,
                  {httpd_instance_sup,start_link,
                      [[{bind_address,{127,0,0,1}},
                        {socket_type,ip_comm},
                        {port,9081},
                        {server_root,"run/mod_stats_prometheus/doc"},
                        {document_root,"run/mod_stats_prometheus/doc"},
                        {server_name,"Prometheus Exporter"},
                        {modules,[prometheus_httpd]}],
                       15000,[]]}},
              {restart_type,permanent},
              {significant,false},
              {shutdown,infinity},
              {child_type,supervisor}]
 (supervisor:report_progress/2:1557)
2022-08-04 09:45:11.969540+00:00 [info] Started mod_stats_prometheus (eturnal:start_modules/0:314)
2022-08-04 09:45:11.970004+00:00 [debug] Starting listener 127.0.0.1:34780 (udp) with options:
[{use_turn,true},
 {auth_type,user},
 {turn_ipv4_address,{127,0,0,1}},
 {turn_min_port,49152},
 {turn_max_port,65535},
 {turn_max_allocations,10},
 {turn_max_permissions,10},
 {shaper,100000},
 {turn_blacklist,[{{10,0,0,0},8},
                  {{100,64,0,0},10},
                  {{127,0,0,0},8},
                  {{169,254,0,0},16},
                  {{172,16,0,0},12},
                  {{192,0,0,0},24},
                  {{192,0,2,0},24},
                  {{192,88,99,0},24},
                  {{192,168,0,0},16},
                  {{198,18,0,0},15},
                  {{198,51,100,0},24},
                  {{203,0,113,0},24},
                  {{224,0,0,0},4},
                  {{240,0,0,0},4},
                  {{0,0,0,0,0,0,0,1},128},
                  {{0,0,0,0,0,65535,0,0},96},
                  {{100,65435,0,0,0,0,0,0},96},
                  {{256,0,0,0,0,0,0,0},64},
                  {{8193,3512,0,0,0,0,0,0},32},
                  {{64512,0,0,0,0,0,0,0},7},
                  {{65152,0,0,0,0,0,0,0},10},
                  {{65280,0,0,0,0,0,0,0},8}]},
 {turn_whitelist,[{{127,0,0,1},32},
                  {{203,0,113,113},32},
                  {{8193,3512,0,0,0,0,0,0},64}]},
 {auth_realm,<<"eturnal.net">>},
 {server_name,<<"eturnal">>},
 {auth_fun,fun eturnal:get_password/2},
 {hook_fun,fun eturnal:run_hook/2}] (eturnal:start_listeners/0:347)
2022-08-04 09:45:11.970868+00:00 [info] Listening on 127.0.0.1:34780 (udp) (STUN/TURN) (eturnal:start_listeners/0:354)
2022-08-04 09:45:11.971003+00:00 [debug] Starting listener 127.0.0.1:34780 (tcp) with options:
[{use_turn,false},
 {auth_type,anonymous},
 {turn_ipv4_address,{127,0,0,1}},
 {turn_min_port,49152},
 {turn_max_port,65535},
 {turn_max_allocations,10},
 {turn_max_permissions,10},
 {shaper,100000},
 {turn_blacklist,[{{10,0,0,0},8},
                  {{100,64,0,0},10},
                  {{127,0,0,0},8},
                  {{169,254,0,0},16},
                  {{172,16,0,0},12},
                  {{192,0,0,0},24},
                  {{192,0,2,0},24},
                  {{192,88,99,0},24},
                  {{192,168,0,0},16},
                  {{198,18,0,0},15},
                  {{198,51,100,0},24},
                  {{203,0,113,0},24},
                  {{224,0,0,0},4},
                  {{240,0,0,0},4},
                  {{0,0,0,0,0,0,0,1},128},
                  {{0,0,0,0,0,65535,0,0},96},
                  {{100,65435,0,0,0,0,0,0},96},
                  {{256,0,0,0,0,0,0,0},64},
                  {{8193,3512,0,0,0,0,0,0},32},
                  {{64512,0,0,0,0,0,0,0},7},
                  {{65152,0,0,0,0,0,0,0},10},
                  {{65280,0,0,0,0,0,0,0},8}]},
 {turn_whitelist,[{{127,0,0,1},32},
                  {{203,0,113,113},32},
                  {{8193,3512,0,0,0,0,0,0},64}]},
 {auth_realm,<<"eturnal.net">>},
 {server_name,<<"eturnal">>},
 {auth_fun,fun eturnal:get_password/2},
 {hook_fun,fun eturnal:run_hook/2}] (eturnal:start_listeners/0:347)
2022-08-04 09:45:11.972970+00:00 [info] Listening on 127.0.0.1:34780 (tcp) (STUN only) (eturnal:start_listeners/0:354)
2022-08-04 09:45:11.973138+00:00 [debug] Starting listener 127.0.0.1:53490 (tls) with options:
[{use_turn,false},
 {auth_type,anonymous},
 {tls,true},
 {certfile,<<"run/cert.pem">>},
 {ciphers,<<"HIGH:!aNULL:@STRENGTH">>},
 {protocol_options,<<"no_tlsv1|no_tlsv1_1|cipher_server_preference">>},
 {turn_ipv4_address,{127,0,0,1}},
 {turn_min_port,49152},
 {turn_max_port,65535},
 {turn_max_allocations,10},
 {turn_max_permissions,10},
 {shaper,100000},
 {turn_blacklist,[{{10,0,0,0},8},
                  {{100,64,0,0},10},
                  {{127,0,0,0},8},
                  {{169,254,0,0},16},
                  {{172,16,0,0},12},
                  {{192,0,0,0},24},
                  {{192,0,2,0},24},
                  {{192,88,99,0},24},
                  {{192,168,0,0},16},
                  {{198,18,0,0},15},
                  {{198,51,100,0},24},
                  {{203,0,113,0},24},
                  {{224,0,0,0},4},
                  {{240,0,0,0},4},
                  {{0,0,0,0,0,0,0,1},128},
                  {{0,0,0,0,0,65535,0,0},96},
                  {{100,65435,0,0,0,0,0,0},96},
                  {{256,0,0,0,0,0,0,0},64},
                  {{8193,3512,0,0,0,0,0,0},32},
                  {{64512,0,0,0,0,0,0,0},7},
                  {{65152,0,0,0,0,0,0,0},10},
                  {{65280,0,0,0,0,0,0,0},8}]},
 {turn_whitelist,[{{127,0,0,1},32},
                  {{203,0,113,113},32},
                  {{8193,3512,0,0,0,0,0,0},64}]},
 {auth_realm,<<"eturnal.net">>},
 {server_name,<<"eturnal">>},
 {auth_fun,fun eturnal:get_password/2},
 {hook_fun,fun eturnal:run_hook/2}] (eturnal:start_listeners/0:347)
2022-08-04 09:45:11.973713+00:00 [info] Listening on 127.0.0.1:53490 (tls) (STUN only) (eturnal:start_listeners/0:354)
2022-08-04 09:45:11.973830+00:00 [debug] Starting listener 127.0.0.1:34781 (auto) with options:
[{use_turn,false},
 {auth_type,anonymous},
 {tls,optional},
 {certfile,<<"run/cert.pem">>},
 {ciphers,<<"HIGH:!aNULL:@STRENGTH">>},
 {protocol_options,<<"no_tlsv1|no_tlsv1_1|cipher_server_preference">>},
 {turn_ipv4_address,{127,0,0,1}},
 {turn_min_port,49152},
 {turn_max_port,65535},
 {turn_max_allocations,10},
 {turn_max_permissions,10},
 {shaper,100000},
 {turn_blacklist,[{{10,0,0,0},8},
                  {{100,64,0,0},10},
                  {{127,0,0,0},8},
                  {{169,254,0,0},16},
                  {{172,16,0,0},12},
                  {{192,0,0,0},24},
                  {{192,0,2,0},24},
                  {{192,88,99,0},24},
                  {{192,168,0,0},16},
                  {{198,18,0,0},15},
                  {{198,51,100,0},24},
                  {{203,0,113,0},24},
                  {{224,0,0,0},4},
                  {{240,0,0,0},4},
                  {{0,0,0,0,0,0,0,1},128},
                  {{0,0,0,0,0,65535,0,0},96},
                  {{100,65435,0,0,0,0,0,0},96},
                  {{256,0,0,0,0,0,0,0},64},
                  {{8193,3512,0,0,0,0,0,0},32},
                  {{64512,0,0,0,0,0,0,0},7},
                  {{65152,0,0,0,0,0,0,0},10},
                  {{65280,0,0,0,0,0,0,0},8}]},
 {turn_whitelist,[{{127,0,0,1},32},
                  {{203,0,113,113},32},
                  {{8193,3512,0,0,0,0,0,0},64}]},
 {auth_realm,<<"eturnal.net">>},
 {server_name,<<"eturnal">>},
 {auth_fun,fun eturnal:get_password/2},
 {hook_fun,fun eturnal:run_hook/2}] (eturnal:start_listeners/0:347)
2022-08-04 09:45:11.974375+00:00 [info] Listening on 127.0.0.1:34781 (auto) (STUN only) (eturnal:start_listeners/0:354)
2022-08-04 09:45:11.974487+00:00 [debug] Started 3 modules (eturnal:init/1:97)
2022-08-04 09:45:11.974573+00:00 [debug] Started 4 listeners (eturnal:init/1:98)
2022-08-04 09:45:11.974643+00:00 [debug] PROGRESS REPORT:
    supervisor: {local,eturnal_sup}
    started: [{pid,<0.1029.0>},
              {id,eturnal},
              {mfargs,{eturnal,start_link,[]}},
              {restart_type,permanent},
              {significant,false},
              {shutdown,5000},
              {child_type,worker}]
 (supervisor:report_progress/2:1557)
2022-08-04 09:45:11.974722+00:00 [debug] No NOTIFY_SOCKET, dropping READY=1 notification (eturnal_systemd:handle_cast/2:108)
2022-08-04 09:45:11.974819+00:00 [debug] Watchdog interval is undefined, hibernating (eturnal_systemd:get_timeout/1:161)
2022-08-04 09:45:11.974838+00:00 [debug] PROGRESS REPORT:
    application: eturnal
    started_at: nonode@nohost
 (application_controller:info_started/2:2107)
2022-08-04 09:45:12.010236+00:00 [debug] Handling API call: get_info() (eturnal_ctl:get_info/0:134)
2022-08-04 09:45:12.010855+00:00 [debug] eturnal call (get_info) returned {ok,
                                  {eturnal_node_info,<<"1.10.1">>,
                                   {"25","13.0"},
                                   6713,0,149,148059274,1,55848904}} (eturnal_ctl:call/1:451)
2022-08-04 09:45:12.035234+00:00 [debug] Handling API call: get_sessions() (eturnal_ctl:get_sessions/0:105)
2022-08-04 09:45:12.059219+00:00 [debug] Handling API call: get_sessions("alice") (eturnal_ctl:get_sessions/1:115)
2022-08-04 09:45:12.059437+00:00 [debug] Handling API call: disconnect(alice) (eturnal_ctl:disconnect/1:183)
2022-08-04 09:45:12.059594+00:00 [debug] Cannot convert user name to binary: alice (eturnal_ctl:disconnect/1:193)
2022-08-04 09:45:12.083713+00:00 [debug] Handling API call: disconnect("alice") (eturnal_ctl:disconnect/1:183)
2022-08-04 09:45:12.083977+00:00 [debug] Handling API call: disconnect(alice) (eturnal_ctl:disconnect/1:183)
2022-08-04 09:45:12.084109+00:00 [debug] Cannot convert user name to binary: alice (eturnal_ctl:disconnect/1:193)
2022-08-04 09:45:12.109022+00:00 [debug] Handling API call: get_credentials("2009-10-30 11:00:00Z", []) (eturnal_ctl:get_credentials/2:59)
2022-08-04 09:45:12.109265+00:00 [debug] eturnal call ({get_password,<<"1256900400">>}) returned {ok,
                                                         <<"uEKlpcME7MNMMVRV8rUFPCTIFEs=">>} (eturnal_ctl:call/1:451)
2022-08-04 09:45:12.109531+00:00 [debug] Handling API call: get_credentials("86400", "alice") (eturnal_ctl:get_credentials/2:59)
2022-08-04 09:45:12.109731+00:00 [debug] eturnal call ({get_password,<<"1659692712:alice">>}) returned {ok,
                                                               <<"gMK8iJnl0yQ11tHny5lBI64ykUA=">>} (eturnal_ctl:call/1:451)
2022-08-04 09:45:12.109877+00:00 [debug] Handling API call: get_password("1659692712:alice") (eturnal_ctl:get_password/1:78)
2022-08-04 09:45:12.110004+00:00 [debug] eturnal call ({get_password,<<"1659692712:alice">>}) returned {ok,
                                                               <<"gMK8iJnl0yQ11tHny5lBI64ykUA=">>} (eturnal_ctl:call/1:451)
2022-08-04 09:45:12.110220+00:00 [debug] Handling API call: get_credentials("86400s", "alice") (eturnal_ctl:get_credentials/2:59)
2022-08-04 09:45:12.110420+00:00 [debug] eturnal call ({get_password,<<"1659692712:alice">>}) returned {ok,
                                                               <<"gMK8iJnl0yQ11tHny5lBI64ykUA=">>} (eturnal_ctl:call/1:451)
2022-08-04 09:45:12.110583+00:00 [debug] Handling API call: get_password("1659692712:alice") (eturnal_ctl:get_password/1:78)
2022-08-04 09:45:12.110753+00:00 [debug] eturnal call ({get_password,<<"1659692712:alice">>}) returned {ok,
                                                               <<"gMK8iJnl0yQ11tHny5lBI64ykUA=">>} (eturnal_ctl:call/1:451)
2022-08-04 09:45:12.111023+00:00 [debug] Handling API call: get_credentials("1440m", "alice") (eturnal_ctl:get_credentials/2:59)
2022-08-04 09:45:12.111188+00:00 [debug] eturnal call ({get_password,<<"1659692712:alice">>}) returned {ok,
                                                               <<"gMK8iJnl0yQ11tHny5lBI64ykUA=">>} (eturnal_ctl:call/1:451)
2022-08-04 09:45:12.111319+00:00 [debug] Handling API call: get_password("1659692712:alice") (eturnal_ctl:get_password/1:78)
2022-08-04 09:45:12.111445+00:00 [debug] eturnal call ({get_password,<<"1659692712:alice">>}) returned {ok,
                                                               <<"gMK8iJnl0yQ11tHny5lBI64ykUA=">>} (eturnal_ctl:call/1:451)
2022-08-04 09:45:12.111784+00:00 [debug] Handling API call: get_credentials("24h", "alice") (eturnal_ctl:get_credentials/2:59)
2022-08-04 09:45:12.111907+00:00 [debug] eturnal call ({get_password,<<"1659692712:alice">>}) returned {ok,
                                                               <<"gMK8iJnl0yQ11tHny5lBI64ykUA=">>} (eturnal_ctl:call/1:451)
2022-08-04 09:45:12.112018+00:00 [debug] Handling API call: get_password("1659692712:alice") (eturnal_ctl:get_password/1:78)
2022-08-04 09:45:12.112108+00:00 [debug] eturnal call ({get_password,<<"1659692712:alice">>}) returned {ok,
                                                               <<"gMK8iJnl0yQ11tHny5lBI64ykUA=">>} (eturnal_ctl:call/1:451)
2022-08-04 09:45:12.112239+00:00 [debug] Handling API call: get_credentials("1d", "alice") (eturnal_ctl:get_credentials/2:59)
2022-08-04 09:45:12.112332+00:00 [debug] eturnal call ({get_password,<<"1659692712:alice">>}) returned {ok,
                                                               <<"gMK8iJnl0yQ11tHny5lBI64ykUA=">>} (eturnal_ctl:call/1:451)
2022-08-04 09:45:12.112426+00:00 [debug] Handling API call: get_password("1659692712:alice") (eturnal_ctl:get_password/1:78)
2022-08-04 09:45:12.112558+00:00 [debug] eturnal call ({get_password,<<"1659692712:alice">>}) returned {ok,
                                                               <<"gMK8iJnl0yQ11tHny5lBI64ykUA=">>} (eturnal_ctl:call/1:451)
2022-08-04 09:45:12.112697+00:00 [debug] Handling API call: get_password("Invalid") (eturnal_ctl:get_password/1:78)
2022-08-04 09:45:12.112763+00:00 [debug] Invalid user name: Invalid (eturnal_ctl:get_password/1:92)
2022-08-04 09:45:12.112842+00:00 [debug] Handling API call: get_credentials("Invalid", []) (eturnal_ctl:get_credentials/2:59)
2022-08-04 09:45:12.112937+00:00 [debug] Invalid argument(s): "Invalid":[] (eturnal_ctl:get_credentials/2:72)
2022-08-04 09:45:12.113010+00:00 [debug] Handling API call: get_password(invalid) (eturnal_ctl:get_password/1:78)
2022-08-04 09:45:12.113093+00:00 [debug] Cannot convert user name to binary: invalid (eturnal_ctl:get_password/1:99)
2022-08-04 09:45:12.113169+00:00 [debug] Handling API call: get_credentials(invalid, []) (eturnal_ctl:get_credentials/2:59)
2022-08-04 09:45:12.113231+00:00 [debug] Invalid argument(s): invalid:[] (eturnal_ctl:get_credentials/2:72)
2022-08-04 09:45:12.113318+00:00 [debug] Handling API call: get_password([invalid]) (eturnal_ctl:get_password/1:78)
2022-08-04 09:45:12.113391+00:00 [debug] Cannot convert user name to binary: [invalid] (eturnal_ctl:get_password/1:99)
2022-08-04 09:45:12.113455+00:00 [debug] Handling API call: get_credentials([invalid], []) (eturnal_ctl:get_credentials/2:59)
2022-08-04 09:45:12.113526+00:00 [debug] Invalid argument(s): [invalid]:[] (eturnal_ctl:get_credentials/2:72)
2022-08-04 09:45:12.113624+00:00 [debug] Handling API call: get_credentials(1256900400, invalid) (eturnal_ctl:get_credentials/2:59)
2022-08-04 09:45:12.113685+00:00 [debug] Invalid argument(s): 1256900400:invalid (eturnal_ctl:get_credentials/2:72)
2022-08-04 09:45:12.139843+00:00 [debug] Handling API call: set_loglevel(debug) (eturnal_ctl:set_loglevel/1:164)
2022-08-04 09:45:12.140188+00:00 [debug] eturnal call ({set_loglevel,debug}) returned ok (eturnal_ctl:call/1:448)
2022-08-04 09:45:12.140433+00:00 [debug] Handling API call: get_loglevel() (eturnal_ctl:get_loglevel/0:154)
2022-08-04 09:45:12.140600+00:00 [debug] eturnal call (get_loglevel) returned {ok,debug} (eturnal_ctl:call/1:451)
2022-08-04 09:45:12.140761+00:00 [debug] Handling API call: set_loglevel(invalid) (eturnal_ctl:set_loglevel/1:164)
2022-08-04 09:45:12.140861+00:00 [debug] Invalid log level: invalid (eturnal_ctl:set_loglevel/1:174)
2022-08-04 09:45:12.140997+00:00 [debug] Handling API call: get_loglevel() (eturnal_ctl:get_loglevel/0:154)
2022-08-04 09:45:12.141096+00:00 [debug] eturnal call (get_loglevel) returned {ok,debug} (eturnal_ctl:call/1:451)
2022-08-04 09:45:12.166327+00:00 [debug] Handling API call: get_version() (eturnal_ctl:get_version/0:144)
2022-08-04 09:45:12.166581+00:00 [debug] eturnal call (get_version) returned {ok,<<"1.10.1">>} (eturnal_ctl:call/1:451)
2022-08-04 09:45:12.191795+00:00 [debug] Handling API call: reload() (eturnal_ctl:reload/0:199)
2022-08-04 09:45:12.194103+00:00 [debug] Calling mod_log_stun:options/0 (eturnal_module:options/1:191)
2022-08-04 09:45:12.194273+00:00 [debug] Calling mod_stats_influx:options/0 (eturnal_module:options/1:191)
2022-08-04 09:45:12.194534+00:00 [debug] Calling mod_stats_prometheus:options/0 (eturnal_module:options/1:191)
2022-08-04 09:45:12.195373+00:00 [warning] TLS enabled without 'tls_crt_file', creating self-signed certificate (eturnal:check_pem_file/0:670)
2022-08-04 09:45:12.195466+00:00 [notice] Going to create PEM data for run/cert.pem (eturnal:create_self_signed/1:707)
2022-08-04 09:45:12.195536+00:00 [notice] Realm: eturnal.net (eturnal:create_self_signed/1:708)
2022-08-04 09:45:12.531237+00:00 [notice] Got PEM data (4969) (eturnal:create_self_signed/1:710)
2022-08-04 09:45:12.531459+00:00 [notice] Opening run/cert.pem (eturnal:touch/1:728)
2022-08-04 09:45:12.531783+00:00 [notice] Closing run/cert.pem (eturnal:touch/1:730)
2022-08-04 09:45:12.531999+00:00 [notice] Changing mode of run/cert.pem (eturnal:touch/1:732)
2022-08-04 09:45:12.532195+00:00 [notice] Touched run/cert.pem (eturnal:create_self_signed/1:712)
2022-08-04 09:45:12.532465+00:00 [notice] Wrote run/cert.pem (eturnal:create_self_signed/1:714)
2022-08-04 09:45:12.532636+00:00 [info] Using new TLS certificate (eturnal:handle_call/3:115)
2022-08-04 09:45:12.532853+00:00 [debug] Calling mod_log_stun:stop/1 (eturnal_module:stop/1:162)
2022-08-04 09:45:12.533394+00:00 [debug] Stopping mod_log_stun (mod_log_stun:stop/0:49)
2022-08-04 09:45:12.533884+00:00 [info] Stopped mod_log_stun (eturnal:stop_modules/1:327)
2022-08-04 09:45:12.534510+00:00 [debug] Calling mod_stats_influx:stop/1 (eturnal_module:stop/1:162)
2022-08-04 09:45:12.534821+00:00 [debug] Stopping mod_stats_influx (mod_stats_influx:stop/0:61)
2022-08-04 09:45:12.534932+00:00 [info] Stopped mod_stats_influx (eturnal:stop_modules/1:327)
2022-08-04 09:45:12.535429+00:00 [debug] Calling mod_stats_prometheus:stop/1 (eturnal_module:stop/1:162)
2022-08-04 09:45:12.535540+00:00 [debug] Stopping mod_stats_prometheus (mod_stats_prometheus:stop/0:110)
2022-08-04 09:45:12.536168+00:00 [info] Stopped mod_stats_prometheus (eturnal:stop_modules/1:327)
2022-08-04 09:45:12.536435+00:00 [debug] Calling mod_log_stun:start/0 (eturnal_module:start/1:142)
2022-08-04 09:45:12.536537+00:00 [debug] Starting mod_log_stun (mod_log_stun:start/0:38)
2022-08-04 09:45:12.537465+00:00 [info] Started mod_log_stun (eturnal:start_modules/0:314)
2022-08-04 09:45:12.537612+00:00 [debug] Calling mod_stats_influx:start/0 (eturnal_module:start/1:142)
2022-08-04 09:45:12.537701+00:00 [debug] Starting mod_stats_influx (mod_stats_influx:start/0:37)
2022-08-04 09:45:12.538162+00:00 [debug] Dependency influx_udp was available already (eturnal_module:ensure_dep/2:283)
2022-08-04 09:45:12.538619+00:00 [info]     host: {127,0,0,1}
    msg: Start clients pool
    options: #{host => "localhost",max_overflow => 1,pool_size => 1,
               port => 8089} (influx_udp:start_pool_/2:239)
2022-08-04 09:45:12.539846+00:00 [info] Started mod_stats_influx (eturnal:start_modules/0:314)
2022-08-04 09:45:12.540145+00:00 [debug] Calling mod_stats_prometheus:start/0 (eturnal_module:start/1:142)
2022-08-04 09:45:12.540259+00:00 [debug] Starting mod_stats_prometheus (mod_stats_prometheus:start/0:56)
2022-08-04 09:45:12.540338+00:00 [debug] Dependency prometheus_httpd was available already (eturnal_module:ensure_dep/2:283)
2022-08-04 09:45:12.541319+00:00 [debug] PROGRESS REPORT:
    supervisor: {local,httpd_instance_sup__127_0_0_1__9081default}
    started: [{pid,<0.1217.0>},
              {id,{httpd_connection_sup,{127,0,0,1},9081,default}},
              {mfargs,{httpd_connection_sup,start_link,[[{127,0,0,1},9081]]}},
              {restart_type,permanent},
              {significant,false},
              {shutdown,5000},
              {child_type,supervisor}]
 (supervisor:report_progress/2:1557)
2022-08-04 09:45:12.541854+00:00 [debug] PROGRESS REPORT:
    supervisor: {local,httpd_acceptor_sup__127_0_0_1__9081default}
    started: [{pid,<0.1220.0>},
              {id,{httpd_acceptor_sup,{127,0,0,1},9081,default}},
              {mfargs,{httpd_acceptor,start_link,
                                      [httpd__127_0_0_1__9081default,ip_comm,
                                       {127,0,0,1},
                                       9081,inet,
                                       httpd_conf__127_0_0_1__9081default,
                                       15000]}},
              {restart_type,transient},
              {significant,false},
              {shutdown,brutal_kill},
              {child_type,worker}]
 (supervisor:report_progress/2:1557)
2022-08-04 09:45:12.542049+00:00 [debug] PROGRESS REPORT:
    supervisor: {local,httpd_instance_sup__127_0_0_1__9081default}
    started: [{pid,<0.1218.0>},
              {id,{httpd_acceptor_sup,{127,0,0,1},9081,default}},
              {mfargs,
                  {httpd_acceptor_sup,start_link,
                      [[{127,0,0,1},
                        9081,
                        [{bind_address,{127,0,0,1}},
                         {socket_type,ip_comm},
                         {port,9081},
                         {server_root,"run/mod_stats_prometheus/doc"},
                         {document_root,"run/mod_stats_prometheus/doc"},
                         {server_name,"Prometheus Exporter"},
                         {modules,[prometheus_httpd]}],
                        15000,undefined]]}},
              {restart_type,permanent},
              {significant,false},
              {shutdown,infinity},
              {child_type,supervisor}]
 (supervisor:report_progress/2:1557)
2022-08-04 09:45:12.542309+00:00 [debug] PROGRESS REPORT:
    supervisor: {local,httpd_instance_sup__127_0_0_1__9081default}
    started: [{pid,<0.1221.0>},
              {id,{httpd_misc_sup,{127,0,0,1},9081,default}},
              {mfargs,{httpd_misc_sup,start_link,[{127,0,0,1},9081,default]}},
              {restart_type,permanent},
              {significant,false},
              {shutdown,infinity},
              {child_type,supervisor}]
 (supervisor:report_progress/2:1557)
2022-08-04 09:45:12.542698+00:00 [debug] PROGRESS REPORT:
    supervisor: {local,httpd_instance_sup__127_0_0_1__9081default}
    started: [{pid,<0.1223.0>},
              {id,{httpd_manager,{127,0,0,1},9081,default}},
              {mfargs,
                  {httpd_manager,start_link,
                      [undefined,
                       [{bind_address,{127,0,0,1}},
                        {socket_type,ip_comm},
                        {port,9081},
                        {server_root,"run/mod_stats_prometheus/doc"},
                        {document_root,"run/mod_stats_prometheus/doc"},
                        {server_name,"Prometheus Exporter"},
                        {modules,[prometheus_httpd]}],
                       15000]}},
              {restart_type,permanent},
              {significant,false},
              {shutdown,4000},
              {child_type,worker}]
 (supervisor:report_progress/2:1557)
2022-08-04 09:45:12.543102+00:00 [debug] PROGRESS REPORT:
    supervisor: {local,httpd_sup}
    started: [{pid,<0.1216.0>},
              {id,{httpd_instance_sup,{127,0,0,1},9081,default}},
              {mfargs,
                  {httpd_instance_sup,start_link,
                      [[{bind_address,{127,0,0,1}},
                        {socket_type,ip_comm},
                        {port,9081},
                        {server_root,"run/mod_stats_prometheus/doc"},
                        {document_root,"run/mod_stats_prometheus/doc"},
                        {server_name,"Prometheus Exporter"},
                        {modules,[prometheus_httpd]}],
                       15000,[]]}},
              {restart_type,permanent},
              {significant,false},
              {shutdown,infinity},
              {child_type,supervisor}]
 (supervisor:report_progress/2:1557)
2022-08-04 09:45:12.544353+00:00 [info] Started mod_stats_prometheus (eturnal:start_modules/0:314)
2022-08-04 09:45:12.544513+00:00 [debug] Restarted modules (eturnal:handle_call/3:123)
2022-08-04 09:45:12.544695+00:00 [debug] eturnal call (reload) returned ok (eturnal_ctl:call/1:448)
2022-08-04 09:45:12.545866+00:00 [debug] Handling API call: reload() (eturnal_ctl:reload/0:199)
2022-08-04 09:45:12.548853+00:00 [debug] Calling mod_log_stun:options/0 (eturnal_module:options/1:191)
2022-08-04 09:45:12.549032+00:00 [debug] Calling mod_stats_influx:options/0 (eturnal_module:options/1:191)
2022-08-04 09:45:12.549164+00:00 [debug] Calling mod_stats_prometheus:options/0 (eturnal_module:options/1:191)
2022-08-04 09:45:12.549693+00:00 [debug] Keeping PEM file (run/cert.pem) (eturnal:check_pem_file/0:667)
2022-08-04 09:45:12.549782+00:00 [debug] TLS certificate unchanged (eturnal:handle_call/3:117)
2022-08-04 09:45:12.549881+00:00 [debug] Calling mod_log_stun:stop/1 (eturnal_module:stop/1:162)
2022-08-04 09:45:12.549956+00:00 [debug] Stopping mod_log_stun (mod_log_stun:stop/0:49)
2022-08-04 09:45:12.550047+00:00 [info] Stopped mod_log_stun (eturnal:stop_modules/1:327)
2022-08-04 09:45:12.550222+00:00 [debug] Calling mod_stats_influx:stop/1 (eturnal_module:stop/1:162)
2022-08-04 09:45:12.550330+00:00 [debug] Stopping mod_stats_influx (mod_stats_influx:stop/0:61)
2022-08-04 09:45:12.550440+00:00 [info] Stopped mod_stats_influx (eturnal:stop_modules/1:327)
2022-08-04 09:45:12.550599+00:00 [debug] Calling mod_stats_prometheus:stop/1 (eturnal_module:stop/1:162)
2022-08-04 09:45:12.550711+00:00 [debug] Stopping mod_stats_prometheus (mod_stats_prometheus:stop/0:110)
2022-08-04 09:45:12.551241+00:00 [info] Stopped mod_stats_prometheus (eturnal:stop_modules/1:327)
2022-08-04 09:45:12.551345+00:00 [debug] Calling mod_log_stun:start/0 (eturnal_module:start/1:142)
2022-08-04 09:45:12.551416+00:00 [debug] Starting mod_log_stun (mod_log_stun:start/0:38)
2022-08-04 09:45:12.551590+00:00 [info] Started mod_log_stun (eturnal:start_modules/0:314)
2022-08-04 09:45:12.551678+00:00 [debug] Calling mod_stats_influx:start/0 (eturnal_module:start/1:142)
2022-08-04 09:45:12.551754+00:00 [debug] Starting mod_stats_influx (mod_stats_influx:start/0:37)
2022-08-04 09:45:12.551901+00:00 [debug] Dependency influx_udp was available already (eturnal_module:ensure_dep/2:283)
2022-08-04 09:45:12.552303+00:00 [info]     host: {127,0,0,1}
    msg: Start clients pool
    options: #{host => "localhost",max_overflow => 1,pool_size => 1,
               port => 8089} (influx_udp:start_pool_/2:239)
2022-08-04 09:45:12.553524+00:00 [info] Started mod_stats_influx (eturnal:start_modules/0:314)
2022-08-04 09:45:12.553662+00:00 [debug] Calling mod_stats_prometheus:start/0 (eturnal_module:start/1:142)
2022-08-04 09:45:12.553743+00:00 [debug] Starting mod_stats_prometheus (mod_stats_prometheus:start/0:56)
2022-08-04 09:45:12.553827+00:00 [debug] Dependency prometheus_httpd was available already (eturnal_module:ensure_dep/2:283)
2022-08-04 09:45:12.554410+00:00 [debug] PROGRESS REPORT:
    supervisor: {local,httpd_instance_sup__127_0_0_1__9081default}
    started: [{pid,<0.1248.0>},
              {id,{httpd_connection_sup,{127,0,0,1},9081,default}},
              {mfargs,{httpd_connection_sup,start_link,[[{127,0,0,1},9081]]}},
              {restart_type,permanent},
              {significant,false},
              {shutdown,5000},
              {child_type,supervisor}]
 (supervisor:report_progress/2:1557)
2022-08-04 09:45:12.554753+00:00 [debug] PROGRESS REPORT:
    supervisor: {local,httpd_acceptor_sup__127_0_0_1__9081default}
    started: [{pid,<0.1251.0>},
              {id,{httpd_acceptor_sup,{127,0,0,1},9081,default}},
              {mfargs,{httpd_acceptor,start_link,
                                      [httpd__127_0_0_1__9081default,ip_comm,
                                       {127,0,0,1},
                                       9081,inet,
                                       httpd_conf__127_0_0_1__9081default,
                                       15000]}},
              {restart_type,transient},
              {significant,false},
              {shutdown,brutal_kill},
              {child_type,worker}]
 (supervisor:report_progress/2:1557)
2022-08-04 09:45:12.554908+00:00 [debug] PROGRESS REPORT:
    supervisor: {local,httpd_instance_sup__127_0_0_1__9081default}
    started: [{pid,<0.1249.0>},
              {id,{httpd_acceptor_sup,{127,0,0,1},9081,default}},
              {mfargs,
                  {httpd_acceptor_sup,start_link,
                      [[{127,0,0,1},
                        9081,
                        [{bind_address,{127,0,0,1}},
                         {socket_type,ip_comm},
                         {port,9081},
                         {server_root,"run/mod_stats_prometheus/doc"},
                         {document_root,"run/mod_stats_prometheus/doc"},
                         {server_name,"Prometheus Exporter"},
                         {modules,[prometheus_httpd]}],
                        15000,undefined]]}},
              {restart_type,permanent},
              {significant,false},
              {shutdown,infinity},
              {child_type,supervisor}]
 (supervisor:report_progress/2:1557)
2022-08-04 09:45:12.555069+00:00 [debug] PROGRESS REPORT:
    supervisor: {local,httpd_instance_sup__127_0_0_1__9081default}
    started: [{pid,<0.1252.0>},
              {id,{httpd_misc_sup,{127,0,0,1},9081,default}},
              {mfargs,{httpd_misc_sup,start_link,[{127,0,0,1},9081,default]}},
              {restart_type,permanent},
              {significant,false},
              {shutdown,infinity},
              {child_type,supervisor}]
 (supervisor:report_progress/2:1557)
2022-08-04 09:45:12.555554+00:00 [debug] PROGRESS REPORT:
    supervisor: {local,httpd_instance_sup__127_0_0_1__9081default}
    started: [{pid,<0.1253.0>},
              {id,{httpd_manager,{127,0,0,1},9081,default}},
              {mfargs,
                  {httpd_manager,start_link,
                      [undefined,
                       [{bind_address,{127,0,0,1}},
                        {socket_type,ip_comm},
                        {port,9081},
                        {server_root,"run/mod_stats_prometheus/doc"},
                        {document_root,"run/mod_stats_prometheus/doc"},
                        {server_name,"Prometheus Exporter"},
                        {modules,[prometheus_httpd]}],
                       15000]}},
              {restart_type,permanent},
              {significant,false},
              {shutdown,4000},
              {child_type,worker}]
 (supervisor:report_progress/2:1557)
2022-08-04 09:45:12.555690+00:00 [debug] PROGRESS REPORT:
    supervisor: {local,httpd_sup}
    started: [{pid,<0.1247.0>},
              {id,{httpd_instance_sup,{127,0,0,1},9081,default}},
              {mfargs,
                  {httpd_instance_sup,start_link,
                      [[{bind_address,{127,0,0,1}},
                        {socket_type,ip_comm},
                        {port,9081},
                        {server_root,"run/mod_stats_prometheus/doc"},
                        {document_root,"run/mod_stats_prometheus/doc"},
                        {server_name,"Prometheus Exporter"},
                        {modules,[prometheus_httpd]}],
                       15000,[]]}},
              {restart_type,permanent},
              {significant,false},
              {shutdown,infinity},
              {child_type,supervisor}]
 (supervisor:report_progress/2:1557)
2022-08-04 09:45:12.555935+00:00 [info] Started mod_stats_prometheus (eturnal:start_modules/0:314)
2022-08-04 09:45:12.556089+00:00 [debug] Restarted modules (eturnal:handle_call/3:123)
2022-08-04 09:45:12.556277+00:00 [debug] eturnal call (reload) returned ok (eturnal_ctl:call/1:448)
2022-08-04 09:45:12.583090+00:00 [info] Accepting connection: 127.0.0.1:37564 -> 127.0.0.1:34780 [TCP, session 8hc58a20h4yq] (stun_acceptor:accept/3:158)
2022-08-04 09:45:12.607729+00:00 [info] Accepting connection: 127.0.0.1:53566 -> 127.0.0.1:53490 [TLS, session siqcx5waz8pc] (stun_acceptor:accept/3:158)
2022-08-04 09:45:12.633311+00:00 [debug] Received:
#stun{class = request,method = 3,magic = 554869826,
      trid = 20621452935967656008997991146,raw = <<>>,unsupported = [],
      'ALTERNATE-SERVER' = undefined,'CHANNEL-NUMBER' = undefined,
      'DATA' = undefined,'DONT-FRAGMENT' = false,'ERROR-CODE' = undefined,
      'LIFETIME' = undefined,'MAPPED-ADDRESS' = undefined,
      'MESSAGE-INTEGRITY' = undefined,'NONCE' = undefined,'REALM' = undefined,
      'REQUESTED-ADDRESS-FAMILY' = undefined,
      'REQUESTED-TRANSPORT' = undefined,'SOFTWARE' = undefined,
      'UNKNOWN-ATTRIBUTES' = [],'USERNAME' = undefined,
      'XOR-MAPPED-ADDRESS' = undefined,'XOR-PEER-ADDRESS' = [],
      'XOR-RELAYED-ADDRESS' = undefined} (stun:udp_recv/5:112)
2022-08-04 09:45:12.633473+00:00 [debug] Sending:
#stun{class = error,method = 3,magic = 554869826,
      trid = 20621452935967656008997991146,raw = <<>>,unsupported = [],
      'ALTERNATE-SERVER' = undefined,'CHANNEL-NUMBER' = undefined,
      'DATA' = undefined,'DONT-FRAGMENT' = false,
      'ERROR-CODE' = {401,<<"Unauthorized">>},
      'LIFETIME' = undefined,'MAPPED-ADDRESS' = undefined,
      'MESSAGE-INTEGRITY' = undefined,'NONCE' = <<"714218306">>,
      'REALM' = <<"eturnal.net">>,'REQUESTED-ADDRESS-FAMILY' = undefined,
      'REQUESTED-TRANSPORT' = undefined,'SOFTWARE' = <<"eturnal">>,
      'UNKNOWN-ATTRIBUTES' = [],'USERNAME' = undefined,
      'XOR-MAPPED-ADDRESS' = undefined,'XOR-PEER-ADDRESS' = [],
      'XOR-RELAYED-ADDRESS' = undefined} (stun:send/3:464)
2022-08-04 09:45:12.633765+00:00 [debug] Received:
#stun{class = request,method = 3,magic = 554869826,
      trid = 67031757022907002840623813929,
      raw = <<0,3,0,80,33,18,164,66,216,151,94,173,124,225,64,138,22,95,21,41,
              0,25,0,4,17,0,0,0,0,6,0,10,50,49,52,53,57,49,51,50,48,48,0,0,0,
              20,0,11,101,116,117,114,110,97,108,46,110,101,116,0,0,21,0,9,55,
              49,52,50,49,56,51,48,54,0,0,0>>,
      unsupported = [],'ALTERNATE-SERVER' = undefined,
      'CHANNEL-NUMBER' = undefined,'DATA' = undefined,'DONT-FRAGMENT' = false,
      'ERROR-CODE' = undefined,'LIFETIME' = undefined,
      'MAPPED-ADDRESS' = undefined,
      'MESSAGE-INTEGRITY' = <<155,250,163,88,49,213,112,26,235,179,109,32,91,
                              141,253,52,0,79,188,230>>,
      'NONCE' = <<"714218306">>,'REALM' = <<"eturnal.net">>,
      'REQUESTED-ADDRESS-FAMILY' = undefined,'REQUESTED-TRANSPORT' = udp,
      'SOFTWARE' = undefined,'UNKNOWN-ATTRIBUTES' = [],
      'USERNAME' = <<"2145913200">>,'XOR-MAPPED-ADDRESS' = undefined,
      'XOR-PEER-ADDRESS' = [],'XOR-RELAYED-ADDRESS' = undefined} (stun:udp_recv/5:112)
2022-08-04 09:45:12.633910+00:00 [debug] Looking up password for: 2145913200 [UDP, session vsbjwd0vify5, user 2145913200, client 127.0.0.1:49284] (eturnal:get_password/2:216)
2022-08-04 09:45:12.633982+00:00 [info] Accepting long-term STUN/TURN authentication [UDP, session vsbjwd0vify5, user 2145913200, client 127.0.0.1:49284] (stun:process/2:255)
2022-08-04 09:45:12.634104+00:00 [debug] Running 'turn_session_start' hook [UDP, session vsbjwd0vify5, user 2145913200, client 127.0.0.1:49284] (turn:run_hook/3:740)
2022-08-04 09:45:12.634167+00:00 [debug] Got 'turn_session_start' event [UDP, session vsbjwd0vify5, user 2145913200, client 127.0.0.1:49284] (eturnal_module:handle_event/2:176)
2022-08-04 09:45:12.634224+00:00 [debug] Calling mod_stats_prometheus:handle_event/2 [UDP, session vsbjwd0vify5, user 2145913200, client 127.0.0.1:49284] (eturnal_module:handle_event/2:179)
2022-08-04 09:45:12.634275+00:00 [debug] Observing started TURN session vsbjwd0vify5 for Prometheus [UDP, session vsbjwd0vify5, user 2145913200, client 127.0.0.1:49284] (mod_stats_prometheus:on_turn_session_start/1:174)
2022-08-04 09:45:12.634493+00:00 [notice] Creating TURN allocation (lifetime: 599 seconds) [UDP, session vsbjwd0vify5, user 2145913200, client 127.0.0.1:49284, relay 127.0.0.1:60577] (turn:wait_for_allocate/2:219)
2022-08-04 09:45:12.634622+00:00 [debug] Sending:
#stun{class = response,method = 3,magic = 554869826,
      trid = 67031757022907002840623813929,raw = <<>>,unsupported = [],
      'ALTERNATE-SERVER' = undefined,'CHANNEL-NUMBER' = undefined,
      'DATA' = undefined,'DONT-FRAGMENT' = false,'ERROR-CODE' = undefined,
      'LIFETIME' = 599,'MAPPED-ADDRESS' = undefined,
      'MESSAGE-INTEGRITY' = undefined,'NONCE' = undefined,'REALM' = undefined,
      'REQUESTED-ADDRESS-FAMILY' = undefined,
      'REQUESTED-TRANSPORT' = undefined,'SOFTWARE' = <<"eturnal">>,
      'UNKNOWN-ATTRIBUTES' = [],'USERNAME' = undefined,
      'XOR-MAPPED-ADDRESS' = {{127,0,0,1},49284},
      'XOR-PEER-ADDRESS' = [],
      'XOR-RELAYED-ADDRESS' = {{127,0,0,1},60577}} (turn:send/2:542)
2022-08-04 09:45:12.634901+00:00 [debug] Received:
#stun{class = request,method = 4,magic = 554869826,
      trid = 38622118064791349154972541233,
      raw = <<0,4,0,80,33,18,164,66,124,203,119,159,151,136,40,99,48,49,161,49,
              0,6,0,10,50,49,52,53,57,49,51,50,48,48,0,0,0,20,0,11,101,116,117,
              114,110,97,108,46,110,101,116,0,0,21,0,9,55,49,52,50,49,56,51,48,
              54,0,0,0,0,13,0,4,0,0,0,0>>,
      unsupported = [],'ALTERNATE-SERVER' = undefined,
      'CHANNEL-NUMBER' = undefined,'DATA' = undefined,'DONT-FRAGMENT' = false,
      'ERROR-CODE' = undefined,'LIFETIME' = 0,'MAPPED-ADDRESS' = undefined,
      'MESSAGE-INTEGRITY' = <<138,120,141,190,78,113,231,207,200,43,139,129,
                              173,81,100,70,55,94,89,124>>,
      'NONCE' = <<"714218306">>,'REALM' = <<"eturnal.net">>,
      'REQUESTED-ADDRESS-FAMILY' = undefined,
      'REQUESTED-TRANSPORT' = undefined,'SOFTWARE' = undefined,
      'UNKNOWN-ATTRIBUTES' = [],'USERNAME' = <<"2145913200">>,
      'XOR-MAPPED-ADDRESS' = undefined,'XOR-PEER-ADDRESS' = [],
      'XOR-RELAYED-ADDRESS' = undefined} (stun:udp_recv/5:112)
2022-08-04 09:45:12.635029+00:00 [debug] Looking up password for: 2145913200 [UDP, session 66978t4n9o68, user 2145913200, client 127.0.0.1:49284] (eturnal:get_password/2:216)
2022-08-04 09:45:12.635087+00:00 [info] Accepting long-term STUN/TURN authentication [UDP, session 66978t4n9o68, user 2145913200, client 127.0.0.1:49284] (stun:process/2:255)
2022-08-04 09:45:12.635136+00:00 [info] Client requested closing the TURN session [UDP, session vsbjwd0vify5, user 2145913200, client 127.0.0.1:49284, relay 127.0.0.1:60577] (turn:active/2:278)
2022-08-04 09:45:12.635245+00:00 [debug] Sending:
#stun{class = response,method = 4,magic = 554869826,
      trid = 38622118064791349154972541233,raw = <<>>,unsupported = [],
      'ALTERNATE-SERVER' = undefined,'CHANNEL-NUMBER' = undefined,
      'DATA' = undefined,'DONT-FRAGMENT' = false,'ERROR-CODE' = undefined,
      'LIFETIME' = 0,'MAPPED-ADDRESS' = undefined,
      'MESSAGE-INTEGRITY' = undefined,'NONCE' = undefined,'REALM' = undefined,
      'REQUESTED-ADDRESS-FAMILY' = undefined,
      'REQUESTED-TRANSPORT' = undefined,'SOFTWARE' = <<"eturnal">>,
      'UNKNOWN-ATTRIBUTES' = [],'USERNAME' = undefined,
      'XOR-MAPPED-ADDRESS' = undefined,'XOR-PEER-ADDRESS' = [],
      'XOR-RELAYED-ADDRESS' = undefined} (turn:send/2:542)
2022-08-04 09:45:12.635348+00:00 [info] Deleting TURN allocation [UDP, session vsbjwd0vify5, user 2145913200, client 127.0.0.1:49284, relay 127.0.0.1:60577] (turn:terminate/3:475)
2022-08-04 09:45:12.635449+00:00 [notice] Relayed 0 KiB (in 0 B / 0 packets, out 0 B / 0 packets), duration: 0 seconds [UDP, session vsbjwd0vify5, user 2145913200, client 127.0.0.1:49284, relay 127.0.0.1:60577] (turn:terminate/3:482)
2022-08-04 09:45:12.635511+00:00 [debug] Running 'turn_session_stop' hook [UDP, session vsbjwd0vify5, user 2145913200, client 127.0.0.1:49284, relay 127.0.0.1:60577] (turn:run_hook/3:740)
2022-08-04 09:45:12.635557+00:00 [debug] Got 'turn_session_stop' event [UDP, session vsbjwd0vify5, user 2145913200, client 127.0.0.1:49284, relay 127.0.0.1:60577] (eturnal_module:handle_event/2:176)
2022-08-04 09:45:12.635597+00:00 [debug] Calling mod_stats_influx:handle_event/2 [UDP, session vsbjwd0vify5, user 2145913200, client 127.0.0.1:49284, relay 127.0.0.1:60577] (eturnal_module:handle_event/2:179)
2022-08-04 09:45:12.635635+00:00 [debug] Writing stats of TURN session vsbjwd0vify5 to InfluxDB [UDP, session vsbjwd0vify5, user 2145913200, client 127.0.0.1:49284, relay 127.0.0.1:60577] (mod_stats_influx:on_turn_session_stop/1:87)
2022-08-04 09:45:12.635831+00:00 [debug] Calling mod_stats_prometheus:handle_event/2 [UDP, session vsbjwd0vify5, user 2145913200, client 127.0.0.1:49284, relay 127.0.0.1:60577] (eturnal_module:handle_event/2:179)
2022-08-04 09:45:12.635895+00:00 [debug] Observing stopped TURN session vsbjwd0vify5 for Prometheus [UDP, session vsbjwd0vify5, user 2145913200, client 127.0.0.1:49284, relay 127.0.0.1:60577] (mod_stats_prometheus:on_turn_session_stop/1:187)
2022-08-04 09:45:12.660124+00:00 [debug] Received:
#stun{class = request,method = 1,magic = 554869826,
      trid = 58857338787682506956704487533,raw = <<>>,unsupported = [],
      'ALTERNATE-SERVER' = undefined,'CHANNEL-NUMBER' = undefined,
      'DATA' = undefined,'DONT-FRAGMENT' = false,'ERROR-CODE' = undefined,
      'LIFETIME' = undefined,'MAPPED-ADDRESS' = undefined,
      'MESSAGE-INTEGRITY' = undefined,'NONCE' = undefined,'REALM' = undefined,
      'REQUESTED-ADDRESS-FAMILY' = undefined,
      'REQUESTED-TRANSPORT' = undefined,'SOFTWARE' = undefined,
      'UNKNOWN-ATTRIBUTES' = [],'USERNAME' = undefined,
      'XOR-MAPPED-ADDRESS' = undefined,'XOR-PEER-ADDRESS' = [],
      'XOR-RELAYED-ADDRESS' = undefined} (stun:udp_recv/5:112)
2022-08-04 09:45:12.660245+00:00 [debug] Responding to STUN request [UDP, session c7h6hgrez57o, anonymous, client 127.0.0.1:60236] (stun:process/4:323)
2022-08-04 09:45:12.660300+00:00 [debug] Running 'stun_query' hook [UDP, session c7h6hgrez57o, anonymous, client 127.0.0.1:60236] (stun:run_hook/3:843)
2022-08-04 09:45:12.660364+00:00 [debug] Got 'stun_query' event [UDP, session c7h6hgrez57o, anonymous, client 127.0.0.1:60236] (eturnal_module:handle_event/2:176)
2022-08-04 09:45:12.660424+00:00 [debug] Calling mod_log_stun:handle_event/2 [UDP, session c7h6hgrez57o, anonymous, client 127.0.0.1:60236] (eturnal_module:handle_event/2:179)
2022-08-04 09:45:12.660480+00:00 [info] Responding to STUN request [UDP, session c7h6hgrez57o, anonymous, client 127.0.0.1:60236] (mod_log_stun:handle_event/2:44)
2022-08-04 09:45:12.660571+00:00 [debug] Calling mod_stats_influx:handle_event/2 [UDP, session c7h6hgrez57o, anonymous, client 127.0.0.1:60236] (eturnal_module:handle_event/2:179)
2022-08-04 09:45:12.660624+00:00 [debug] Writing STUN query event to InfluxDB [UDP, session c7h6hgrez57o, anonymous, client 127.0.0.1:60236] (mod_stats_influx:on_stun_query/1:76)
2022-08-04 09:45:12.660805+00:00 [debug] Calling mod_stats_prometheus:handle_event/2 [UDP, session c7h6hgrez57o, anonymous, client 127.0.0.1:60236] (eturnal_module:handle_event/2:179)
2022-08-04 09:45:12.660869+00:00 [debug] Observing STUN query for Prometheus [UDP, session c7h6hgrez57o, anonymous, client 127.0.0.1:60236] (mod_stats_prometheus:on_stun_query/1:166)
2022-08-04 09:45:12.660968+00:00 [debug] Sending:
#stun{class = response,method = 1,magic = 554869826,
      trid = 58857338787682506956704487533,raw = <<>>,unsupported = [],
      'ALTERNATE-SERVER' = undefined,'CHANNEL-NUMBER' = undefined,
      'DATA' = undefined,'DONT-FRAGMENT' = false,'ERROR-CODE' = undefined,
      'LIFETIME' = undefined,'MAPPED-ADDRESS' = undefined,
      'MESSAGE-INTEGRITY' = undefined,'NONCE' = undefined,'REALM' = undefined,
      'REQUESTED-ADDRESS-FAMILY' = undefined,
      'REQUESTED-TRANSPORT' = undefined,'SOFTWARE' = <<"eturnal">>,
      'UNKNOWN-ATTRIBUTES' = [],'USERNAME' = undefined,
      'XOR-MAPPED-ADDRESS' = {{127,0,0,1},60236},
      'XOR-PEER-ADDRESS' = [],'XOR-RELAYED-ADDRESS' = undefined} (stun:send/3:464)
2022-08-04 09:45:12.685938+00:00 [info] Accepting connection: 127.0.0.1:37566 -> 127.0.0.1:34780 [TCP, session 7yxs7thnazr7] (stun_acceptor:accept/3:158)
2022-08-04 09:45:12.686367+00:00 [debug] Received:
#stun{class = request,method = 1,magic = 554869826,
      trid = 31244759818654868365792060161,raw = <<>>,unsupported = [],
      'ALTERNATE-SERVER' = undefined,'CHANNEL-NUMBER' = undefined,
      'DATA' = undefined,'DONT-FRAGMENT' = false,'ERROR-CODE' = undefined,
      'LIFETIME' = undefined,'MAPPED-ADDRESS' = undefined,
      'MESSAGE-INTEGRITY' = undefined,'NONCE' = undefined,'REALM' = undefined,
      'REQUESTED-ADDRESS-FAMILY' = undefined,
      'REQUESTED-TRANSPORT' = undefined,'SOFTWARE' = undefined,
      'UNKNOWN-ATTRIBUTES' = [],'USERNAME' = undefined,
      'XOR-MAPPED-ADDRESS' = undefined,'XOR-PEER-ADDRESS' = [],
      'XOR-RELAYED-ADDRESS' = undefined} (stun:process_data/3:421)
2022-08-04 09:45:12.686472+00:00 [debug] Responding to STUN request [TCP, session 7yxs7thnazr7, anonymous, client 127.0.0.1:37566] (stun:process/4:323)
2022-08-04 09:45:12.686525+00:00 [debug] Running 'stun_query' hook [TCP, session 7yxs7thnazr7, anonymous, client 127.0.0.1:37566] (stun:run_hook/3:843)
2022-08-04 09:45:12.686609+00:00 [debug] Got 'stun_query' event [TCP, session 7yxs7thnazr7, anonymous, client 127.0.0.1:37566] (eturnal_module:handle_event/2:176)
2022-08-04 09:45:12.686646+00:00 [debug] Calling mod_log_stun:handle_event/2 [TCP, session 7yxs7thnazr7, anonymous, client 127.0.0.1:37566] (eturnal_module:handle_event/2:179)
2022-08-04 09:45:12.686718+00:00 [info] Responding to STUN request [TCP, session 7yxs7thnazr7, anonymous, client 127.0.0.1:37566] (mod_log_stun:handle_event/2:44)
2022-08-04 09:45:12.686753+00:00 [debug] Calling mod_stats_influx:handle_event/2 [TCP, session 7yxs7thnazr7, anonymous, client 127.0.0.1:37566] (eturnal_module:handle_event/2:179)
2022-08-04 09:45:12.686786+00:00 [debug] Writing STUN query event to InfluxDB [TCP, session 7yxs7thnazr7, anonymous, client 127.0.0.1:37566] (mod_stats_influx:on_stun_query/1:76)
2022-08-04 09:45:12.686971+00:00 [debug] Calling mod_stats_prometheus:handle_event/2 [TCP, session 7yxs7thnazr7, anonymous, client 127.0.0.1:37566] (eturnal_module:handle_event/2:179)
2022-08-04 09:45:12.687020+00:00 [debug] Observing STUN query for Prometheus [TCP, session 7yxs7thnazr7, anonymous, client 127.0.0.1:37566] (mod_stats_prometheus:on_stun_query/1:166)
2022-08-04 09:45:12.687137+00:00 [debug] Sending:
#stun{class = response,method = 1,magic = 554869826,
      trid = 31244759818654868365792060161,raw = <<>>,unsupported = [],
      'ALTERNATE-SERVER' = undefined,'CHANNEL-NUMBER' = undefined,
      'DATA' = undefined,'DONT-FRAGMENT' = false,'ERROR-CODE' = undefined,
      'LIFETIME' = undefined,'MAPPED-ADDRESS' = undefined,
      'MESSAGE-INTEGRITY' = undefined,'NONCE' = undefined,'REALM' = undefined,
      'REQUESTED-ADDRESS-FAMILY' = undefined,
      'REQUESTED-TRANSPORT' = undefined,'SOFTWARE' = <<"P1 STUN library">>,
      'UNKNOWN-ATTRIBUTES' = [],'USERNAME' = undefined,
      'XOR-MAPPED-ADDRESS' = {{127,0,0,1},37566},
      'XOR-PEER-ADDRESS' = [],'XOR-RELAYED-ADDRESS' = undefined} (stun:send/3:464)
2022-08-04 09:45:12.687369+00:00 [info] Connection reset by peer [TCP, session 7yxs7thnazr7, anonymous, client 127.0.0.1:37566] (stun:handle_info/3:174)
2022-08-04 09:45:12.711829+00:00 [info] Accepting connection: 127.0.0.1:53568 -> 127.0.0.1:53490 [TLS, session wyyyv23nadqr] (stun_acceptor:accept/3:158)
2022-08-04 09:45:12.820748+00:00 [debug] Received:
#stun{class = request,method = 1,magic = 554869826,
      trid = 62983449720300996413887782349,raw = <<>>,unsupported = [],
      'ALTERNATE-SERVER' = undefined,'CHANNEL-NUMBER' = undefined,
      'DATA' = undefined,'DONT-FRAGMENT' = false,'ERROR-CODE' = undefined,
      'LIFETIME' = undefined,'MAPPED-ADDRESS' = undefined,
      'MESSAGE-INTEGRITY' = undefined,'NONCE' = undefined,'REALM' = undefined,
      'REQUESTED-ADDRESS-FAMILY' = undefined,
      'REQUESTED-TRANSPORT' = undefined,'SOFTWARE' = undefined,
      'UNKNOWN-ATTRIBUTES' = [],'USERNAME' = undefined,
      'XOR-MAPPED-ADDRESS' = undefined,'XOR-PEER-ADDRESS' = [],
      'XOR-RELAYED-ADDRESS' = undefined} (stun:process_data/3:421)
2022-08-04 09:45:12.820914+00:00 [debug] Responding to STUN request [TLS, session wyyyv23nadqr, anonymous, client 127.0.0.1:53568] (stun:process/4:323)
2022-08-04 09:45:12.820973+00:00 [debug] Running 'stun_query' hook [TLS, session wyyyv23nadqr, anonymous, client 127.0.0.1:53568] (stun:run_hook/3:843)
2022-08-04 09:45:12.821036+00:00 [debug] Got 'stun_query' event [TLS, session wyyyv23nadqr, anonymous, client 127.0.0.1:53568] (eturnal_module:handle_event/2:176)
2022-08-04 09:45:12.821082+00:00 [debug] Calling mod_log_stun:handle_event/2 [TLS, session wyyyv23nadqr, anonymous, client 127.0.0.1:53568] (eturnal_module:handle_event/2:179)
2022-08-04 09:45:12.821132+00:00 [info] Responding to STUN request [TLS, session wyyyv23nadqr, anonymous, client 127.0.0.1:53568] (mod_log_stun:handle_event/2:44)
2022-08-04 09:45:12.821176+00:00 [debug] Calling mod_stats_influx:handle_event/2 [TLS, session wyyyv23nadqr, anonymous, client 127.0.0.1:53568] (eturnal_module:handle_event/2:179)
2022-08-04 09:45:12.821215+00:00 [debug] Writing STUN query event to InfluxDB [TLS, session wyyyv23nadqr, anonymous, client 127.0.0.1:53568] (mod_stats_influx:on_stun_query/1:76)
2022-08-04 09:45:12.821385+00:00 [debug] Calling mod_stats_prometheus:handle_event/2 [TLS, session wyyyv23nadqr, anonymous, client 127.0.0.1:53568] (eturnal_module:handle_event/2:179)
2022-08-04 09:45:12.821440+00:00 [debug] Observing STUN query for Prometheus [TLS, session wyyyv23nadqr, anonymous, client 127.0.0.1:53568] (mod_stats_prometheus:on_stun_query/1:166)
2022-08-04 09:45:12.821545+00:00 [debug] Sending:
#stun{class = response,method = 1,magic = 554869826,
      trid = 62983449720300996413887782349,raw = <<>>,unsupported = [],
      'ALTERNATE-SERVER' = undefined,'CHANNEL-NUMBER' = undefined,
      'DATA' = undefined,'DONT-FRAGMENT' = false,'ERROR-CODE' = undefined,
      'LIFETIME' = undefined,'MAPPED-ADDRESS' = undefined,
      'MESSAGE-INTEGRITY' = undefined,'NONCE' = undefined,'REALM' = undefined,
      'REQUESTED-ADDRESS-FAMILY' = undefined,
      'REQUESTED-TRANSPORT' = undefined,'SOFTWARE' = <<"P1 STUN library">>,
      'UNKNOWN-ATTRIBUTES' = [],'USERNAME' = undefined,
      'XOR-MAPPED-ADDRESS' = {{127,0,0,1},53568},
      'XOR-PEER-ADDRESS' = [],'XOR-RELAYED-ADDRESS' = undefined} (stun:send/3:464)
2022-08-04 09:45:12.821856+00:00 [info] Connection reset by peer [TLS, session wyyyv23nadqr, anonymous, client 127.0.0.1:53568] (stun:handle_info/3:174)
2022-08-04 09:45:12.847499+00:00 [info] Accepting connection: 127.0.0.1:43668 -> 127.0.0.1:34781 [TCP|TLS, session tlg6wl8tbrbm] (stun_acceptor:accept/3:158)
2022-08-04 09:45:12.847657+00:00 [debug] Determined transport protocol: TCP (stun:is_tls_handshake/1:789)
2022-08-04 09:45:12.847943+00:00 [debug] Received:
#stun{class = request,method = 1,magic = 554869826,
      trid = 43114656231632685148932364435,raw = <<>>,unsupported = [],
      'ALTERNATE-SERVER' = undefined,'CHANNEL-NUMBER' = undefined,
      'DATA' = undefined,'DONT-FRAGMENT' = false,'ERROR-CODE' = undefined,
      'LIFETIME' = undefined,'MAPPED-ADDRESS' = undefined,
      'MESSAGE-INTEGRITY' = undefined,'NONCE' = undefined,'REALM' = undefined,
      'REQUESTED-ADDRESS-FAMILY' = undefined,
      'REQUESTED-TRANSPORT' = undefined,'SOFTWARE' = undefined,
      'UNKNOWN-ATTRIBUTES' = [],'USERNAME' = undefined,
      'XOR-MAPPED-ADDRESS' = undefined,'XOR-PEER-ADDRESS' = [],
      'XOR-RELAYED-ADDRESS' = undefined} (stun:process_data/3:421)
2022-08-04 09:45:12.848049+00:00 [debug] Responding to STUN request [TCP, session tlg6wl8tbrbm, anonymous, client 127.0.0.1:43668] (stun:process/4:323)
2022-08-04 09:45:12.848089+00:00 [debug] Running 'stun_query' hook [TCP, session tlg6wl8tbrbm, anonymous, client 127.0.0.1:43668] (stun:run_hook/3:843)
2022-08-04 09:45:12.848157+00:00 [debug] Got 'stun_query' event [TCP, session tlg6wl8tbrbm, anonymous, client 127.0.0.1:43668] (eturnal_module:handle_event/2:176)
2022-08-04 09:45:12.848192+00:00 [debug] Calling mod_log_stun:handle_event/2 [TCP, session tlg6wl8tbrbm, anonymous, client 127.0.0.1:43668] (eturnal_module:handle_event/2:179)
2022-08-04 09:45:12.848237+00:00 [info] Responding to STUN request [TCP, session tlg6wl8tbrbm, anonymous, client 127.0.0.1:43668] (mod_log_stun:handle_event/2:44)
2022-08-04 09:45:12.848276+00:00 [debug] Calling mod_stats_influx:handle_event/2 [TCP, session tlg6wl8tbrbm, anonymous, client 127.0.0.1:43668] (eturnal_module:handle_event/2:179)
2022-08-04 09:45:12.848309+00:00 [debug] Writing STUN query event to InfluxDB [TCP, session tlg6wl8tbrbm, anonymous, client 127.0.0.1:43668] (mod_stats_influx:on_stun_query/1:76)
2022-08-04 09:45:12.848489+00:00 [debug] Calling mod_stats_prometheus:handle_event/2 [TCP, session tlg6wl8tbrbm, anonymous, client 127.0.0.1:43668] (eturnal_module:handle_event/2:179)
2022-08-04 09:45:12.848576+00:00 [debug] Observing STUN query for Prometheus [TCP, session tlg6wl8tbrbm, anonymous, client 127.0.0.1:43668] (mod_stats_prometheus:on_stun_query/1:166)
2022-08-04 09:45:12.848674+00:00 [debug] Sending:
#stun{class = response,method = 1,magic = 554869826,
      trid = 43114656231632685148932364435,raw = <<>>,unsupported = [],
      'ALTERNATE-SERVER' = undefined,'CHANNEL-NUMBER' = undefined,
      'DATA' = undefined,'DONT-FRAGMENT' = false,'ERROR-CODE' = undefined,
      'LIFETIME' = undefined,'MAPPED-ADDRESS' = undefined,
      'MESSAGE-INTEGRITY' = undefined,'NONCE' = undefined,'REALM' = undefined,
      'REQUESTED-ADDRESS-FAMILY' = undefined,
      'REQUESTED-TRANSPORT' = undefined,'SOFTWARE' = <<"P1 STUN library">>,
      'UNKNOWN-ATTRIBUTES' = [],'USERNAME' = undefined,
      'XOR-MAPPED-ADDRESS' = {{127,0,0,1},43668},
      'XOR-PEER-ADDRESS' = [],'XOR-RELAYED-ADDRESS' = undefined} (stun:send/3:464)
2022-08-04 09:45:12.848912+00:00 [info] Connection reset by peer [TCP, session tlg6wl8tbrbm, anonymous, client 127.0.0.1:43668] (stun:handle_info/3:174)
2022-08-04 09:45:12.874829+00:00 [info] Accepting connection: 127.0.0.1:43670 -> 127.0.0.1:34781 [TCP|TLS, session ivbmtt57xukj] (stun_acceptor:accept/3:158)
2022-08-04 09:45:12.875161+00:00 [debug] Determined transport protocol: TLS (stun:is_tls_handshake/1:786)
2022-08-04 09:45:12.984893+00:00 [debug] Received:
#stun{class = request,method = 1,magic = 554869826,
      trid = 67078921594179510963609698431,raw = <<>>,unsupported = [],
      'ALTERNATE-SERVER' = undefined,'CHANNEL-NUMBER' = undefined,
      'DATA' = undefined,'DONT-FRAGMENT' = false,'ERROR-CODE' = undefined,
      'LIFETIME' = undefined,'MAPPED-ADDRESS' = undefined,
      'MESSAGE-INTEGRITY' = undefined,'NONCE' = undefined,'REALM' = undefined,
      'REQUESTED-ADDRESS-FAMILY' = undefined,
      'REQUESTED-TRANSPORT' = undefined,'SOFTWARE' = undefined,
      'UNKNOWN-ATTRIBUTES' = [],'USERNAME' = undefined,
      'XOR-MAPPED-ADDRESS' = undefined,'XOR-PEER-ADDRESS' = [],
      'XOR-RELAYED-ADDRESS' = undefined} (stun:process_data/3:421)
2022-08-04 09:45:12.985085+00:00 [debug] Responding to STUN request [TLS, session ivbmtt57xukj, anonymous, client 127.0.0.1:43670] (stun:process/4:323)
2022-08-04 09:45:12.985135+00:00 [debug] Running 'stun_query' hook [TLS, session ivbmtt57xukj, anonymous, client 127.0.0.1:43670] (stun:run_hook/3:843)
2022-08-04 09:45:12.985221+00:00 [debug] Got 'stun_query' event [TLS, session ivbmtt57xukj, anonymous, client 127.0.0.1:43670] (eturnal_module:handle_event/2:176)
2022-08-04 09:45:12.985263+00:00 [debug] Calling mod_log_stun:handle_event/2 [TLS, session ivbmtt57xukj, anonymous, client 127.0.0.1:43670] (eturnal_module:handle_event/2:179)
2022-08-04 09:45:12.985375+00:00 [info] Responding to STUN request [TLS, session ivbmtt57xukj, anonymous, client 127.0.0.1:43670] (mod_log_stun:handle_event/2:44)
2022-08-04 09:45:12.985411+00:00 [debug] Calling mod_stats_influx:handle_event/2 [TLS, session ivbmtt57xukj, anonymous, client 127.0.0.1:43670] (eturnal_module:handle_event/2:179)
2022-08-04 09:45:12.985449+00:00 [debug] Writing STUN query event to InfluxDB [TLS, session ivbmtt57xukj, anonymous, client 127.0.0.1:43670] (mod_stats_influx:on_stun_query/1:76)
2022-08-04 09:45:12.985702+00:00 [debug] Calling mod_stats_prometheus:handle_event/2 [TLS, session ivbmtt57xukj, anonymous, client 127.0.0.1:43670] (eturnal_module:handle_event/2:179)
2022-08-04 09:45:12.985796+00:00 [debug] Observing STUN query for Prometheus [TLS, session ivbmtt57xukj, anonymous, client 127.0.0.1:43670] (mod_stats_prometheus:on_stun_query/1:166)
2022-08-04 09:45:12.985901+00:00 [debug] Sending:
#stun{class = response,method = 1,magic = 554869826,
      trid = 67078921594179510963609698431,raw = <<>>,unsupported = [],
      'ALTERNATE-SERVER' = undefined,'CHANNEL-NUMBER' = undefined,
      'DATA' = undefined,'DONT-FRAGMENT' = false,'ERROR-CODE' = undefined,
      'LIFETIME' = undefined,'MAPPED-ADDRESS' = undefined,
      'MESSAGE-INTEGRITY' = undefined,'NONCE' = undefined,'REALM' = undefined,
      'REQUESTED-ADDRESS-FAMILY' = undefined,
      'REQUESTED-TRANSPORT' = undefined,'SOFTWARE' = <<"P1 STUN library">>,
      'UNKNOWN-ATTRIBUTES' = [],'USERNAME' = undefined,
      'XOR-MAPPED-ADDRESS' = {{127,0,0,1},43670},
      'XOR-PEER-ADDRESS' = [],'XOR-RELAYED-ADDRESS' = undefined} (stun:send/3:464)
2022-08-04 09:45:12.986211+00:00 [info] Connection reset by peer [TLS, session ivbmtt57xukj, anonymous, client 127.0.0.1:43670] (stun:handle_info/3:174)
2022-08-04 09:45:13.011130+00:00 [debug] Terminating eturnal (shutdown) (eturnal:terminate/2:181)
2022-08-04 09:45:13.011119+00:00 [debug] No NOTIFY_SOCKET, dropping STOPPING=1 notification (eturnal_systemd:handle_cast/2:108)
2022-08-04 09:45:13.011341+00:00 [debug] Watchdog interval is undefined, hibernating (eturnal_systemd:get_timeout/1:161)
2022-08-04 09:45:13.011379+00:00 [info] Stopped listening on 127.0.0.1:34780 (udp) (eturnal:stop_listeners/1:370)
2022-08-04 09:45:13.011620+00:00 [info] Stopped listening on 127.0.0.1:34780 (tcp) (eturnal:stop_listeners/1:370)
2022-08-04 09:45:13.011877+00:00 [info] Stopped listening on 127.0.0.1:53490 (tls) (eturnal:stop_listeners/1:370)
2022-08-04 09:45:13.012018+00:00 [info] Stopped listening on 127.0.0.1:34781 (auto) (eturnal:stop_listeners/1:370)
2022-08-04 09:45:13.012629+00:00 [debug] Calling mod_log_stun:stop/1 (eturnal_module:stop/1:162)
2022-08-04 09:45:13.013617+00:00 [debug] Stopping mod_log_stun (mod_log_stun:stop/0:49)
2022-08-04 09:45:13.014156+00:00 [info] Stopped mod_log_stun (eturnal:stop_modules/1:327)
2022-08-04 09:45:13.014716+00:00 [debug] Calling mod_stats_influx:stop/1 (eturnal_module:stop/1:162)
2022-08-04 09:45:13.014833+00:00 [debug] Stopping mod_stats_influx (mod_stats_influx:stop/0:61)
2022-08-04 09:45:13.014924+00:00 [info] Stopped mod_stats_influx (eturnal:stop_modules/1:327)
2022-08-04 09:45:13.017112+00:00 [debug] Calling mod_stats_prometheus:stop/1 (eturnal_module:stop/1:162)
2022-08-04 09:45:13.017273+00:00 [debug] Stopping mod_stats_prometheus (mod_stats_prometheus:stop/0:110)
2022-08-04 09:45:13.018685+00:00 [info] Stopped mod_stats_prometheus (eturnal:stop_modules/1:327)
2022-08-04 09:45:13.019144+00:00 [debug] Removed run/cert.pem (eturnal:clean_run_dir/0:754)
2022-08-04 09:45:13.019276+00:00 [debug] Terminating eturnal_systemd (shutdown) (eturnal_systemd:terminate/2:135)
2022-08-04 09:45:13.019428+00:00 [notice] Stopping eturnal 1.10.1 on Erlang/OTP 25 (ERTS 13.0) (eturnal_app:stop/1:53)
