2022-07-16 15:23:02.401484+00:00 [notice] Starting eturnal 1.9.0 on Erlang/OTP 25 (ERTS 13.0) (eturnal_app:start/2:35)
2022-07-16 15:23:02.401706+00:00 [debug] Starting supervisor: eturnal_sup (eturnal_sup:start_link/0:32)
2022-07-16 15:23:02.401854+00:00 [debug] Configuring eturnal_sup supervisor: [#{id => systemd,
                                       start =>
                                           {eturnal_systemd,start_link,[]}},
                                     #{id => eturnal,
                                       start => {eturnal,start_link,[]}}] (eturnal_sup:init/0:40)
2022-07-16 15:23:02.403341+00:00 [info] Got no NOTIFY_SOCKET, notifications disabled (eturnal_systemd:init/1:95)
2022-07-16 15:23:02.403571+00:00 [debug] PROGRESS REPORT:
    supervisor: {local,eturnal_sup}
    started: [{pid,<0.930.0>},
              {id,systemd},
              {mfargs,{eturnal_systemd,start_link,[]}},
              {restart_type,permanent},
              {significant,false},
              {shutdown,5000},
              {child_type,worker}]
 (supervisor:report_progress/2:1557)
2022-07-16 15:23:02.403803+00:00 [info] Relay IPv4 address: 127.0.0.1 (port range: 49152-65535) (eturnal:log_relay_addresses/0:271)
2022-07-16 15:23:02.403934+00:00 [info] Relay IPv6 address not configured (eturnal:log_relay_addresses/0:281)
2022-07-16 15:23:02.425417+00:00 [info] Cannot determine control query port: noport (eturnal:log_control_listener/0:296)
2022-07-16 15:23:02.425815+00:00 [debug] Using run directory run (eturnal:ensure_run_dir/0:750)
2022-07-16 15:23:02.425908+00:00 [debug] TURN configuration seems fine (eturnal:check_turn_config/0:490)
2022-07-16 15:23:02.426004+00:00 [warning] TLS enabled without 'tls_crt_file', creating self-signed certificate (eturnal:check_pem_file/0:686)
2022-07-16 15:23:03.123281+00:00 [debug] Calling mod_log_stun:start/0 (eturnal_module:start/1:142)
2022-07-16 15:23:03.123554+00:00 [debug] Starting mod_log_stun (mod_log_stun:start/0:39)
2022-07-16 15:23:03.123800+00:00 [info] Started mod_log_stun (eturnal:start_modules/0:307)
2022-07-16 15:23:03.123948+00:00 [debug] Calling mod_stats_influx:start/0 (eturnal_module:start/1:142)
2022-07-16 15:23:03.124193+00:00 [debug] Starting mod_stats_influx (mod_stats_influx:start/0:38)
2022-07-16 15:23:03.127172+00:00 [debug] PROGRESS REPORT:
    application: ulitos
    started_at: nonode@nohost
 (application_controller:info_started/2:2107)
2022-07-16 15:23:03.129108+00:00 [debug] PROGRESS REPORT:
    application: poolboy
    started_at: nonode@nohost
 (application_controller:info_started/2:2107)
2022-07-16 15:23:03.130408+00:00 [info]     msg: Starting application: influx_udp (influx_udp_app:start/2:10)
2022-07-16 15:23:03.133254+00:00 [debug] PROGRESS REPORT:
    supervisor: {local,influx_udp_sup}
    started: [{pid,<0.952.0>},
              {id,influx_udp},
              {mfargs,{influx_udp,start_link,[]}},
              {restart_type,permanent},
              {significant,false},
              {shutdown,5000},
              {child_type,worker}]
 (supervisor:report_progress/2:1557)
2022-07-16 15:23:03.133475+00:00 [debug] PROGRESS REPORT:
    application: influx_udp
    started_at: nonode@nohost
 (application_controller:info_started/2:2107)
2022-07-16 15:23:03.133552+00:00 [debug] Dependency influx_udp was available already (eturnal_module:ensure_dep/2:283)
2022-07-16 15:23:03.137282+00:00 [info]     host: {127,0,0,1}
    msg: Start clients pool
    options: #{host => "localhost",max_overflow => 1,pool_size => 1,
               port => 8089} (influx_udp:start_pool_/2:239)
2022-07-16 15:23:03.145492+00:00 [info]     msg: Open UDP socket on port
    port: 55425 (influx_udp_worker:init/1:43)
2022-07-16 15:23:03.145755+00:00 [debug] PROGRESS REPORT:
    supervisor: {local,influx_udp_sup}
    started: [{pid,<0.955.0>},
              {id,stats_influx_pool},
              {mfargs,
                  {poolboy,start_link,
                      [[{name,{local,stats_influx_pool}},
                        {worker_module,influx_udp_worker},
                        {size,1},
                        {max_overflow,1}],
                       [{options,
                            #{host => {127,0,0,1},
                              max_overflow => 1,pool_size => 1,
                              port => 8089}}]]}},
              {restart_type,permanent},
              {significant,false},
              {shutdown,5000},
              {child_type,worker}]
 (supervisor:report_progress/2:1557)
2022-07-16 15:23:03.145942+00:00 [info] Started mod_stats_influx (eturnal:start_modules/0:307)
2022-07-16 15:23:03.146101+00:00 [debug] Starting listener 127.0.0.1:34780 (udp) with options:
[{use_turn,true},
 {auth_type,user},
 {turn_ipv4_address,{127,0,0,1}},
 {turn_min_port,49152},
 {turn_max_port,65535},
 {turn_max_allocations,10},
 {turn_max_permissions,10},
 {shaper,100000},
 {turn_blacklist,[{{10,0,0,0},8},
                  {{100,64,0,0},10},
                  {{127,0,0,0},8},
                  {{169,254,0,0},16},
                  {{172,16,0,0},12},
                  {{192,0,0,0},24},
                  {{192,0,2,0},24},
                  {{192,88,99,0},24},
                  {{192,168,0,0},16},
                  {{198,18,0,0},15},
                  {{198,51,100,0},24},
                  {{203,0,113,0},24},
                  {{224,0,0,0},4},
                  {{240,0,0,0},4},
                  {{0,0,0,0,0,0,0,1},128},
                  {{0,0,0,0,0,65535,0,0},96},
                  {{100,65435,0,0,0,0,0,0},96},
                  {{256,0,0,0,0,0,0,0},64},
                  {{8193,3512,0,0,0,0,0,0},32},
                  {{64512,0,0,0,0,0,0,0},7},
                  {{65152,0,0,0,0,0,0,0},10},
                  {{65280,0,0,0,0,0,0,0},8}]},
 {turn_whitelist,[{{127,0,0,1},32},
                  {{203,0,113,113},32},
                  {{8193,3512,0,0,0,0,0,0},64}]},
 {auth_realm,<<"eturnal.net">>},
 {server_name,<<"eturnal">>},
 {auth_fun,fun eturnal:get_password/2},
 {hook_fun,fun eturnal:run_hook/2}] (eturnal:start_listeners/0:340)
2022-07-16 15:23:03.157461+00:00 [info] Listening on 127.0.0.1:34780 (udp) (STUN/TURN) (eturnal:start_listeners/0:345)
2022-07-16 15:23:03.157605+00:00 [debug] Starting listener 127.0.0.1:34780 (tcp) with options:
[{use_turn,false},
 {auth_type,anonymous},
 {turn_ipv4_address,{127,0,0,1}},
 {turn_min_port,49152},
 {turn_max_port,65535},
 {turn_max_allocations,10},
 {turn_max_permissions,10},
 {shaper,100000},
 {turn_blacklist,[{{10,0,0,0},8},
                  {{100,64,0,0},10},
                  {{127,0,0,0},8},
                  {{169,254,0,0},16},
                  {{172,16,0,0},12},
                  {{192,0,0,0},24},
                  {{192,0,2,0},24},
                  {{192,88,99,0},24},
                  {{192,168,0,0},16},
                  {{198,18,0,0},15},
                  {{198,51,100,0},24},
                  {{203,0,113,0},24},
                  {{224,0,0,0},4},
                  {{240,0,0,0},4},
                  {{0,0,0,0,0,0,0,1},128},
                  {{0,0,0,0,0,65535,0,0},96},
                  {{100,65435,0,0,0,0,0,0},96},
                  {{256,0,0,0,0,0,0,0},64},
                  {{8193,3512,0,0,0,0,0,0},32},
                  {{64512,0,0,0,0,0,0,0},7},
                  {{65152,0,0,0,0,0,0,0},10},
                  {{65280,0,0,0,0,0,0,0},8}]},
 {turn_whitelist,[{{127,0,0,1},32},
                  {{203,0,113,113},32},
                  {{8193,3512,0,0,0,0,0,0},64}]},
 {auth_realm,<<"eturnal.net">>},
 {server_name,<<"eturnal">>},
 {auth_fun,fun eturnal:get_password/2},
 {hook_fun,fun eturnal:run_hook/2}] (eturnal:start_listeners/0:340)
2022-07-16 15:23:03.167926+00:00 [info] Listening on 127.0.0.1:34780 (tcp) (STUN only) (eturnal:start_listeners/0:345)
2022-07-16 15:23:03.168106+00:00 [debug] Starting listener 127.0.0.1:53490 (tls) with options:
[{use_turn,false},
 {auth_type,anonymous},
 {tls,true},
 {certfile,<<"run/cert.pem">>},
 {ciphers,<<"HIGH:!aNULL:@STRENGTH">>},
 {protocol_options,<<"no_tlsv1|no_tlsv1_1|cipher_server_preference">>},
 {turn_ipv4_address,{127,0,0,1}},
 {turn_min_port,49152},
 {turn_max_port,65535},
 {turn_max_allocations,10},
 {turn_max_permissions,10},
 {shaper,100000},
 {turn_blacklist,[{{10,0,0,0},8},
                  {{100,64,0,0},10},
                  {{127,0,0,0},8},
                  {{169,254,0,0},16},
                  {{172,16,0,0},12},
                  {{192,0,0,0},24},
                  {{192,0,2,0},24},
                  {{192,88,99,0},24},
                  {{192,168,0,0},16},
                  {{198,18,0,0},15},
                  {{198,51,100,0},24},
                  {{203,0,113,0},24},
                  {{224,0,0,0},4},
                  {{240,0,0,0},4},
                  {{0,0,0,0,0,0,0,1},128},
                  {{0,0,0,0,0,65535,0,0},96},
                  {{100,65435,0,0,0,0,0,0},96},
                  {{256,0,0,0,0,0,0,0},64},
                  {{8193,3512,0,0,0,0,0,0},32},
                  {{64512,0,0,0,0,0,0,0},7},
                  {{65152,0,0,0,0,0,0,0},10},
                  {{65280,0,0,0,0,0,0,0},8}]},
 {turn_whitelist,[{{127,0,0,1},32},
                  {{203,0,113,113},32},
                  {{8193,3512,0,0,0,0,0,0},64}]},
 {auth_realm,<<"eturnal.net">>},
 {server_name,<<"eturnal">>},
 {auth_fun,fun eturnal:get_password/2},
 {hook_fun,fun eturnal:run_hook/2}] (eturnal:start_listeners/0:340)
2022-07-16 15:23:03.168671+00:00 [info] Listening on 127.0.0.1:53490 (tls) (STUN only) (eturnal:start_listeners/0:345)
2022-07-16 15:23:03.168754+00:00 [debug] Starting listener 127.0.0.1:34781 (auto) with options:
[{use_turn,false},
 {auth_type,anonymous},
 {tls,optional},
 {certfile,<<"run/cert.pem">>},
 {ciphers,<<"HIGH:!aNULL:@STRENGTH">>},
 {protocol_options,<<"no_tlsv1|no_tlsv1_1|cipher_server_preference">>},
 {turn_ipv4_address,{127,0,0,1}},
 {turn_min_port,49152},
 {turn_max_port,65535},
 {turn_max_allocations,10},
 {turn_max_permissions,10},
 {shaper,100000},
 {turn_blacklist,[{{10,0,0,0},8},
                  {{100,64,0,0},10},
                  {{127,0,0,0},8},
                  {{169,254,0,0},16},
                  {{172,16,0,0},12},
                  {{192,0,0,0},24},
                  {{192,0,2,0},24},
                  {{192,88,99,0},24},
                  {{192,168,0,0},16},
                  {{198,18,0,0},15},
                  {{198,51,100,0},24},
                  {{203,0,113,0},24},
                  {{224,0,0,0},4},
                  {{240,0,0,0},4},
                  {{0,0,0,0,0,0,0,1},128},
                  {{0,0,0,0,0,65535,0,0},96},
                  {{100,65435,0,0,0,0,0,0},96},
                  {{256,0,0,0,0,0,0,0},64},
                  {{8193,3512,0,0,0,0,0,0},32},
                  {{64512,0,0,0,0,0,0,0},7},
                  {{65152,0,0,0,0,0,0,0},10},
                  {{65280,0,0,0,0,0,0,0},8}]},
 {turn_whitelist,[{{127,0,0,1},32},
                  {{203,0,113,113},32},
                  {{8193,3512,0,0,0,0,0,0},64}]},
 {auth_realm,<<"eturnal.net">>},
 {server_name,<<"eturnal">>},
 {auth_fun,fun eturnal:get_password/2},
 {hook_fun,fun eturnal:run_hook/2}] (eturnal:start_listeners/0:340)
2022-07-16 15:23:03.182567+00:00 [info] Listening on 127.0.0.1:34781 (auto) (STUN only) (eturnal:start_listeners/0:345)
2022-07-16 15:23:03.182727+00:00 [debug] Started 2 modules (eturnal:init/1:96)
2022-07-16 15:23:03.182827+00:00 [debug] Started 4 listeners (eturnal:init/1:97)
2022-07-16 15:23:03.182914+00:00 [debug] PROGRESS REPORT:
    supervisor: {local,eturnal_sup}
    started: [{pid,<0.932.0>},
              {id,eturnal},
              {mfargs,{eturnal,start_link,[]}},
              {restart_type,permanent},
              {significant,false},
              {shutdown,5000},
              {child_type,worker}]
 (supervisor:report_progress/2:1557)
2022-07-16 15:23:03.183009+00:00 [debug] No NOTIFY_SOCKET, dropping READY=1 notification (eturnal_systemd:handle_cast/2:109)
2022-07-16 15:23:03.183108+00:00 [debug] Watchdog interval is undefined, hibernating (eturnal_systemd:get_timeout/1:162)
2022-07-16 15:23:03.183089+00:00 [debug] PROGRESS REPORT:
    application: eturnal
    started_at: nonode@nohost
 (application_controller:info_started/2:2107)
2022-07-16 15:23:03.211259+00:00 [debug] Handling API call: get_info() (eturnal_ctl:get_info/0:135)
2022-07-16 15:23:03.211810+00:00 [debug] eturnal call (get_info) returned {ok,
                                  {eturnal_node_info,<<"1.9.0">>,
                                   {"25","13.0"},
                                   4054,0,137,118804584,2,40468048}} (eturnal_ctl:call/1:452)
2022-07-16 15:23:03.235328+00:00 [debug] Handling API call: get_sessions() (eturnal_ctl:get_sessions/0:106)
2022-07-16 15:23:03.259211+00:00 [debug] Handling API call: get_sessions("alice") (eturnal_ctl:get_sessions/1:116)
2022-07-16 15:23:03.259397+00:00 [debug] Handling API call: disconnect(alice) (eturnal_ctl:disconnect/1:184)
2022-07-16 15:23:03.259475+00:00 [debug] Cannot convert user name to binary: alice (eturnal_ctl:disconnect/1:194)
2022-07-16 15:23:03.284042+00:00 [debug] Handling API call: disconnect("alice") (eturnal_ctl:disconnect/1:184)
2022-07-16 15:23:03.284222+00:00 [debug] Handling API call: disconnect(alice) (eturnal_ctl:disconnect/1:184)
2022-07-16 15:23:03.284295+00:00 [debug] Cannot convert user name to binary: alice (eturnal_ctl:disconnect/1:194)
2022-07-16 15:23:03.308780+00:00 [debug] Handling API call: get_credentials("2009-10-30 11:00:00Z", []) (eturnal_ctl:get_credentials/2:60)
2022-07-16 15:23:03.309003+00:00 [debug] eturnal call ({get_password,<<"1256900400">>}) returned {ok,
                                                         <<"uEKlpcME7MNMMVRV8rUFPCTIFEs=">>} (eturnal_ctl:call/1:452)
2022-07-16 15:23:03.313617+00:00 [debug] Handling API call: get_credentials("86400", "alice") (eturnal_ctl:get_credentials/2:60)
2022-07-16 15:23:03.313836+00:00 [debug] eturnal call ({get_password,<<"1658071383:alice">>}) returned {ok,
                                                               <<"TJ0ghQGByQ6eCAyYCXX4VA/n82I=">>} (eturnal_ctl:call/1:452)
2022-07-16 15:23:03.313997+00:00 [debug] Handling API call: get_password("1658071383:alice") (eturnal_ctl:get_password/1:79)
2022-07-16 15:23:03.314126+00:00 [debug] eturnal call ({get_password,<<"1658071383:alice">>}) returned {ok,
                                                               <<"TJ0ghQGByQ6eCAyYCXX4VA/n82I=">>} (eturnal_ctl:call/1:452)
2022-07-16 15:23:03.314312+00:00 [debug] Handling API call: get_credentials("86400s", "alice") (eturnal_ctl:get_credentials/2:60)
2022-07-16 15:23:03.314444+00:00 [debug] eturnal call ({get_password,<<"1658071383:alice">>}) returned {ok,
                                                               <<"TJ0ghQGByQ6eCAyYCXX4VA/n82I=">>} (eturnal_ctl:call/1:452)
2022-07-16 15:23:03.314581+00:00 [debug] Handling API call: get_password("1658071383:alice") (eturnal_ctl:get_password/1:79)
2022-07-16 15:23:03.314713+00:00 [debug] eturnal call ({get_password,<<"1658071383:alice">>}) returned {ok,
                                                               <<"TJ0ghQGByQ6eCAyYCXX4VA/n82I=">>} (eturnal_ctl:call/1:452)
2022-07-16 15:23:03.314878+00:00 [debug] Handling API call: get_credentials("1440m", "alice") (eturnal_ctl:get_credentials/2:60)
2022-07-16 15:23:03.315024+00:00 [debug] eturnal call ({get_password,<<"1658071383:alice">>}) returned {ok,
                                                               <<"TJ0ghQGByQ6eCAyYCXX4VA/n82I=">>} (eturnal_ctl:call/1:452)
2022-07-16 15:23:03.315140+00:00 [debug] Handling API call: get_password("1658071383:alice") (eturnal_ctl:get_password/1:79)
2022-07-16 15:23:03.315251+00:00 [debug] eturnal call ({get_password,<<"1658071383:alice">>}) returned {ok,
                                                               <<"TJ0ghQGByQ6eCAyYCXX4VA/n82I=">>} (eturnal_ctl:call/1:452)
2022-07-16 15:23:03.315697+00:00 [debug] Handling API call: get_credentials("24h", "alice") (eturnal_ctl:get_credentials/2:60)
2022-07-16 15:23:03.315859+00:00 [debug] eturnal call ({get_password,<<"1658071383:alice">>}) returned {ok,
                                                               <<"TJ0ghQGByQ6eCAyYCXX4VA/n82I=">>} (eturnal_ctl:call/1:452)
2022-07-16 15:23:03.315980+00:00 [debug] Handling API call: get_password("1658071383:alice") (eturnal_ctl:get_password/1:79)
2022-07-16 15:23:03.316105+00:00 [debug] eturnal call ({get_password,<<"1658071383:alice">>}) returned {ok,
                                                               <<"TJ0ghQGByQ6eCAyYCXX4VA/n82I=">>} (eturnal_ctl:call/1:452)
2022-07-16 15:23:03.316240+00:00 [debug] Handling API call: get_credentials("1d", "alice") (eturnal_ctl:get_credentials/2:60)
2022-07-16 15:23:03.316374+00:00 [debug] eturnal call ({get_password,<<"1658071383:alice">>}) returned {ok,
                                                               <<"TJ0ghQGByQ6eCAyYCXX4VA/n82I=">>} (eturnal_ctl:call/1:452)
2022-07-16 15:23:03.316510+00:00 [debug] Handling API call: get_password("1658071383:alice") (eturnal_ctl:get_password/1:79)
2022-07-16 15:23:03.316626+00:00 [debug] eturnal call ({get_password,<<"1658071383:alice">>}) returned {ok,
                                                               <<"TJ0ghQGByQ6eCAyYCXX4VA/n82I=">>} (eturnal_ctl:call/1:452)
2022-07-16 15:23:03.316788+00:00 [debug] Handling API call: get_password("Invalid") (eturnal_ctl:get_password/1:79)
2022-07-16 15:23:03.316873+00:00 [debug] Invalid user name: Invalid (eturnal_ctl:get_password/1:93)
2022-07-16 15:23:03.316970+00:00 [debug] Handling API call: get_credentials("Invalid", []) (eturnal_ctl:get_credentials/2:60)
2022-07-16 15:23:03.317079+00:00 [debug] Invalid argument(s): "Invalid":[] (eturnal_ctl:get_credentials/2:73)
2022-07-16 15:23:03.317173+00:00 [debug] Handling API call: get_password(invalid) (eturnal_ctl:get_password/1:79)
2022-07-16 15:23:03.317270+00:00 [debug] Cannot convert user name to binary: invalid (eturnal_ctl:get_password/1:100)
2022-07-16 15:23:03.317361+00:00 [debug] Handling API call: get_credentials(invalid, []) (eturnal_ctl:get_credentials/2:60)
2022-07-16 15:23:03.317447+00:00 [debug] Invalid argument(s): invalid:[] (eturnal_ctl:get_credentials/2:73)
2022-07-16 15:23:03.317554+00:00 [debug] Handling API call: get_password([invalid]) (eturnal_ctl:get_password/1:79)
2022-07-16 15:23:03.317645+00:00 [debug] Cannot convert user name to binary: [invalid] (eturnal_ctl:get_password/1:100)
2022-07-16 15:23:03.317783+00:00 [debug] Handling API call: get_credentials([invalid], []) (eturnal_ctl:get_credentials/2:60)
2022-07-16 15:23:03.317873+00:00 [debug] Invalid argument(s): [invalid]:[] (eturnal_ctl:get_credentials/2:73)
2022-07-16 15:23:03.317991+00:00 [debug] Handling API call: get_credentials(1256900400, invalid) (eturnal_ctl:get_credentials/2:60)
2022-07-16 15:23:03.318061+00:00 [debug] Invalid argument(s): 1256900400:invalid (eturnal_ctl:get_credentials/2:73)
2022-07-16 15:23:03.342544+00:00 [debug] Handling API call: set_loglevel(debug) (eturnal_ctl:set_loglevel/1:165)
2022-07-16 15:23:03.342829+00:00 [debug] eturnal call ({set_loglevel,debug}) returned ok (eturnal_ctl:call/1:449)
2022-07-16 15:23:03.343094+00:00 [debug] Handling API call: get_loglevel() (eturnal_ctl:get_loglevel/0:155)
2022-07-16 15:23:03.343178+00:00 [debug] eturnal call (get_loglevel) returned {ok,debug} (eturnal_ctl:call/1:452)
2022-07-16 15:23:03.343350+00:00 [debug] Handling API call: set_loglevel(invalid) (eturnal_ctl:set_loglevel/1:165)
2022-07-16 15:23:03.343423+00:00 [debug] Invalid log level: invalid (eturnal_ctl:set_loglevel/1:175)
2022-07-16 15:23:03.343520+00:00 [debug] Handling API call: get_loglevel() (eturnal_ctl:get_loglevel/0:155)
2022-07-16 15:23:03.343611+00:00 [debug] eturnal call (get_loglevel) returned {ok,debug} (eturnal_ctl:call/1:452)
2022-07-16 15:23:03.367151+00:00 [debug] Handling API call: get_version() (eturnal_ctl:get_version/0:145)
2022-07-16 15:23:03.367320+00:00 [debug] eturnal call (get_version) returned {ok,<<"1.9.0">>} (eturnal_ctl:call/1:452)
2022-07-16 15:23:03.391813+00:00 [debug] Handling API call: reload() (eturnal_ctl:reload/0:200)
2022-07-16 15:23:03.393475+00:00 [debug] Calling mod_log_stun:options/0 (eturnal_module:options/1:191)
2022-07-16 15:23:03.393630+00:00 [debug] Calling mod_stats_influx:options/0 (eturnal_module:options/1:191)
2022-07-16 15:23:03.394530+00:00 [warning] TLS enabled without 'tls_crt_file', creating self-signed certificate (eturnal:check_pem_file/0:686)
2022-07-16 15:23:03.998968+00:00 [info] Using new TLS certificate (eturnal:handle_call/3:114)
2022-07-16 15:23:03.999138+00:00 [debug] Reloaded configuration (eturnal:handle_call/3:120)
2022-07-16 15:23:03.999212+00:00 [debug] eturnal call (reload) returned ok (eturnal_ctl:call/1:449)
2022-07-16 15:23:03.999502+00:00 [debug] Handling API call: reload() (eturnal_ctl:reload/0:200)
2022-07-16 15:23:04.001780+00:00 [debug] Calling mod_log_stun:options/0 (eturnal_module:options/1:191)
2022-07-16 15:23:04.001910+00:00 [debug] Calling mod_stats_influx:options/0 (eturnal_module:options/1:191)
2022-07-16 15:23:04.002610+00:00 [debug] Keeping PEM file (run/cert.pem) (eturnal:check_pem_file/0:683)
2022-07-16 15:23:04.002692+00:00 [debug] TLS certificate unchanged (eturnal:handle_call/3:116)
2022-07-16 15:23:04.002749+00:00 [debug] Reloaded configuration (eturnal:handle_call/3:120)
2022-07-16 15:23:04.002888+00:00 [debug] eturnal call (reload) returned ok (eturnal_ctl:call/1:449)
2022-07-16 15:23:04.028626+00:00 [info] Accepting connection: 127.0.0.1:43524 -> 127.0.0.1:34780 [TCP, session 7fq6rw98p6ve] (stun_acceptor:accept/3:158)
2022-07-16 15:23:04.055923+00:00 [info] Accepting connection: 127.0.0.1:34748 -> 127.0.0.1:53490 [TLS, session 0po8si083pqz] (stun_acceptor:accept/3:158)
2022-07-16 15:23:04.084321+00:00 [debug] Received:
#stun{class = request,method = 3,magic = 554869826,
      trid = 76197955675422071590826608381,raw = <<>>,unsupported = [],
      'ALTERNATE-SERVER' = undefined,'CHANNEL-NUMBER' = undefined,
      'DATA' = undefined,'DONT-FRAGMENT' = false,'ERROR-CODE' = undefined,
      'LIFETIME' = undefined,'MAPPED-ADDRESS' = undefined,
      'MESSAGE-INTEGRITY' = undefined,'NONCE' = undefined,'REALM' = undefined,
      'REQUESTED-ADDRESS-FAMILY' = undefined,
      'REQUESTED-TRANSPORT' = undefined,'SOFTWARE' = undefined,
      'UNKNOWN-ATTRIBUTES' = [],'USERNAME' = undefined,
      'XOR-MAPPED-ADDRESS' = undefined,'XOR-PEER-ADDRESS' = [],
      'XOR-RELAYED-ADDRESS' = undefined} (stun:udp_recv/5:111)
2022-07-16 15:23:04.084550+00:00 [debug] Sending:
#stun{class = error,method = 3,magic = 554869826,
      trid = 76197955675422071590826608381,raw = <<>>,unsupported = [],
      'ALTERNATE-SERVER' = undefined,'CHANNEL-NUMBER' = undefined,
      'DATA' = undefined,'DONT-FRAGMENT' = false,
      'ERROR-CODE' = {401,<<"Unauthorized">>},
      'LIFETIME' = undefined,'MAPPED-ADDRESS' = undefined,
      'MESSAGE-INTEGRITY' = undefined,'NONCE' = <<"556485090">>,
      'REALM' = <<"eturnal.net">>,'REQUESTED-ADDRESS-FAMILY' = undefined,
      'REQUESTED-TRANSPORT' = undefined,'SOFTWARE' = <<"eturnal">>,
      'UNKNOWN-ATTRIBUTES' = [],'USERNAME' = undefined,
      'XOR-MAPPED-ADDRESS' = undefined,'XOR-PEER-ADDRESS' = [],
      'XOR-RELAYED-ADDRESS' = undefined} (stun:send/3:445)
2022-07-16 15:23:04.085043+00:00 [debug] Received:
#stun{class = request,method = 3,magic = 554869826,
      trid = 23489690773496765556378294274,
      raw = <<0,3,0,80,33,18,164,66,75,230,55,128,97,195,224,208,25,199,216,2,
              0,25,0,4,17,0,0,0,0,6,0,10,50,49,52,53,57,49,51,50,48,48,0,0,0,
              20,0,11,101,116,117,114,110,97,108,46,110,101,116,0,0,21,0,9,53,
              53,54,52,56,53,48,57,48,0,0,0>>,
      unsupported = [],'ALTERNATE-SERVER' = undefined,
      'CHANNEL-NUMBER' = undefined,'DATA' = undefined,'DONT-FRAGMENT' = false,
      'ERROR-CODE' = undefined,'LIFETIME' = undefined,
      'MAPPED-ADDRESS' = undefined,
      'MESSAGE-INTEGRITY' = <<5,141,104,123,134,115,199,251,130,253,246,209,
                              190,57,151,210,79,245,158,174>>,
      'NONCE' = <<"556485090">>,'REALM' = <<"eturnal.net">>,
      'REQUESTED-ADDRESS-FAMILY' = undefined,'REQUESTED-TRANSPORT' = udp,
      'SOFTWARE' = undefined,'UNKNOWN-ATTRIBUTES' = [],
      'USERNAME' = <<"2145913200">>,'XOR-MAPPED-ADDRESS' = undefined,
      'XOR-PEER-ADDRESS' = [],'XOR-RELAYED-ADDRESS' = undefined} (stun:udp_recv/5:111)
2022-07-16 15:23:04.085283+00:00 [debug] Looking up password for: 2145913200 [UDP, session j7ze0hueylwq, user 2145913200, client 127.0.0.1:49312] (eturnal:get_password/2:209)
2022-07-16 15:23:04.085348+00:00 [info] Accepting long-term STUN/TURN authentication [UDP, session j7ze0hueylwq, user 2145913200, client 127.0.0.1:49312] (stun:process/2:249)
2022-07-16 15:23:04.088140+00:00 [debug] Running 'turn_session_start' hook [UDP, session j7ze0hueylwq, user 2145913200, client 127.0.0.1:49312] (turn:run_hook/2:717)
2022-07-16 15:23:04.088236+00:00 [debug] Got 'turn_session_start' event [UDP, session j7ze0hueylwq, user 2145913200, client 127.0.0.1:49312] (eturnal_module:handle_event/2:176)
2022-07-16 15:23:04.088505+00:00 [notice] Creating TURN allocation (lifetime: 600 seconds) [UDP, session j7ze0hueylwq, user 2145913200, client 127.0.0.1:49312, relay 127.0.0.1:63758] (turn:wait_for_allocate/2:213)
2022-07-16 15:23:04.088612+00:00 [debug] Sending:
#stun{class = response,method = 3,magic = 554869826,
      trid = 23489690773496765556378294274,raw = <<>>,unsupported = [],
      'ALTERNATE-SERVER' = undefined,'CHANNEL-NUMBER' = undefined,
      'DATA' = undefined,'DONT-FRAGMENT' = false,'ERROR-CODE' = undefined,
      'LIFETIME' = 600,'MAPPED-ADDRESS' = undefined,
      'MESSAGE-INTEGRITY' = undefined,'NONCE' = undefined,'REALM' = undefined,
      'REQUESTED-ADDRESS-FAMILY' = undefined,
      'REQUESTED-TRANSPORT' = undefined,'SOFTWARE' = <<"eturnal">>,
      'UNKNOWN-ATTRIBUTES' = [],'USERNAME' = undefined,
      'XOR-MAPPED-ADDRESS' = {{127,0,0,1},49312},
      'XOR-PEER-ADDRESS' = [],
      'XOR-RELAYED-ADDRESS' = {{127,0,0,1},63758}} (turn:send/2:527)
2022-07-16 15:23:04.088933+00:00 [debug] Received:
#stun{class = request,method = 4,magic = 554869826,
      trid = 49751098201701916200644846701,
      raw = <<0,4,0,80,33,18,164,66,160,193,36,213,176,245,102,162,39,75,36,
              109,0,6,0,10,50,49,52,53,57,49,51,50,48,48,0,0,0,20,0,11,101,116,
              117,114,110,97,108,46,110,101,116,0,0,21,0,9,53,53,54,52,56,53,
              48,57,48,0,0,0,0,13,0,4,0,0,0,0>>,
      unsupported = [],'ALTERNATE-SERVER' = undefined,
      'CHANNEL-NUMBER' = undefined,'DATA' = undefined,'DONT-FRAGMENT' = false,
      'ERROR-CODE' = undefined,'LIFETIME' = 0,'MAPPED-ADDRESS' = undefined,
      'MESSAGE-INTEGRITY' = <<208,24,194,60,150,203,19,138,10,129,240,38,66,5,
                              66,82,223,15,123,67>>,
      'NONCE' = <<"556485090">>,'REALM' = <<"eturnal.net">>,
      'REQUESTED-ADDRESS-FAMILY' = undefined,
      'REQUESTED-TRANSPORT' = undefined,'SOFTWARE' = undefined,
      'UNKNOWN-ATTRIBUTES' = [],'USERNAME' = <<"2145913200">>,
      'XOR-MAPPED-ADDRESS' = undefined,'XOR-PEER-ADDRESS' = [],
      'XOR-RELAYED-ADDRESS' = undefined} (stun:udp_recv/5:111)
2022-07-16 15:23:04.089088+00:00 [debug] Looking up password for: 2145913200 [UDP, session 9zdj318cjflw, user 2145913200, client 127.0.0.1:49312] (eturnal:get_password/2:209)
2022-07-16 15:23:04.089170+00:00 [info] Accepting long-term STUN/TURN authentication [UDP, session 9zdj318cjflw, user 2145913200, client 127.0.0.1:49312] (stun:process/2:249)
2022-07-16 15:23:04.089272+00:00 [info] Client requested closing the TURN session [UDP, session j7ze0hueylwq, user 2145913200, client 127.0.0.1:49312, relay 127.0.0.1:63758] (turn:active/2:268)
2022-07-16 15:23:04.089355+00:00 [debug] Sending:
#stun{class = response,method = 4,magic = 554869826,
      trid = 49751098201701916200644846701,raw = <<>>,unsupported = [],
      'ALTERNATE-SERVER' = undefined,'CHANNEL-NUMBER' = undefined,
      'DATA' = undefined,'DONT-FRAGMENT' = false,'ERROR-CODE' = undefined,
      'LIFETIME' = 0,'MAPPED-ADDRESS' = undefined,
      'MESSAGE-INTEGRITY' = undefined,'NONCE' = undefined,'REALM' = undefined,
      'REQUESTED-ADDRESS-FAMILY' = undefined,
      'REQUESTED-TRANSPORT' = undefined,'SOFTWARE' = <<"eturnal">>,
      'UNKNOWN-ATTRIBUTES' = [],'USERNAME' = undefined,
      'XOR-MAPPED-ADDRESS' = undefined,'XOR-PEER-ADDRESS' = [],
      'XOR-RELAYED-ADDRESS' = undefined} (turn:send/2:527)
2022-07-16 15:23:04.089457+00:00 [info] Deleting TURN allocation [UDP, session j7ze0hueylwq, user 2145913200, client 127.0.0.1:49312, relay 127.0.0.1:63758] (turn:terminate/3:460)
2022-07-16 15:23:04.089509+00:00 [notice] Relayed 0 KiB (in 0 B / 0 packets, out 0 B / 0 packets), duration: 0 seconds [UDP, session j7ze0hueylwq, user 2145913200, client 127.0.0.1:49312, relay 127.0.0.1:63758] (turn:terminate/3:467)
2022-07-16 15:23:04.089569+00:00 [debug] Running 'turn_session_stop' hook [UDP, session j7ze0hueylwq, user 2145913200, client 127.0.0.1:49312, relay 127.0.0.1:63758] (turn:run_hook/2:717)
2022-07-16 15:23:04.090134+00:00 [debug] Got 'turn_session_stop' event [UDP, session j7ze0hueylwq, user 2145913200, client 127.0.0.1:49312, relay 127.0.0.1:63758] (eturnal_module:handle_event/2:176)
2022-07-16 15:23:04.090217+00:00 [debug] Calling mod_stats_influx:handle_event/2 [UDP, session j7ze0hueylwq, user 2145913200, client 127.0.0.1:49312, relay 127.0.0.1:63758] (eturnal_module:handle_event/2:179)
2022-07-16 15:23:04.090299+00:00 [debug] Writing stats of TURN session j7ze0hueylwq to InfluxDB [UDP, session j7ze0hueylwq, user 2145913200, client 127.0.0.1:49312, relay 127.0.0.1:63758] (mod_stats_influx:on_turn_session_stop/1:81)
2022-07-16 15:23:04.113515+00:00 [debug] Received:
#stun{class = request,method = 1,magic = 554869826,
      trid = 18387185108923812250556806959,raw = <<>>,unsupported = [],
      'ALTERNATE-SERVER' = undefined,'CHANNEL-NUMBER' = undefined,
      'DATA' = undefined,'DONT-FRAGMENT' = false,'ERROR-CODE' = undefined,
      'LIFETIME' = undefined,'MAPPED-ADDRESS' = undefined,
      'MESSAGE-INTEGRITY' = undefined,'NONCE' = undefined,'REALM' = undefined,
      'REQUESTED-ADDRESS-FAMILY' = undefined,
      'REQUESTED-TRANSPORT' = undefined,'SOFTWARE' = undefined,
      'UNKNOWN-ATTRIBUTES' = [],'USERNAME' = undefined,
      'XOR-MAPPED-ADDRESS' = undefined,'XOR-PEER-ADDRESS' = [],
      'XOR-RELAYED-ADDRESS' = undefined} (stun:udp_recv/5:111)
2022-07-16 15:23:04.113648+00:00 [debug] Responding to STUN request [UDP, session ktth1o0mwnf5, anonymous, client 127.0.0.1:36970] (stun:process/4:312)
2022-07-16 15:23:04.113695+00:00 [debug] Running 'stun_query' hook [UDP, session ktth1o0mwnf5, anonymous, client 127.0.0.1:36970] (stun:run_hook/3:820)
2022-07-16 15:23:04.113741+00:00 [debug] Got 'stun_query' event [UDP, session ktth1o0mwnf5, anonymous, client 127.0.0.1:36970] (eturnal_module:handle_event/2:176)
2022-07-16 15:23:04.113782+00:00 [debug] Calling mod_log_stun:handle_event/2 [UDP, session ktth1o0mwnf5, anonymous, client 127.0.0.1:36970] (eturnal_module:handle_event/2:179)
2022-07-16 15:23:04.113826+00:00 [info] Responding to STUN request [UDP, session ktth1o0mwnf5, anonymous, client 127.0.0.1:36970] (mod_log_stun:handle_event/2:45)
2022-07-16 15:23:04.113864+00:00 [debug] Calling mod_stats_influx:handle_event/2 [UDP, session ktth1o0mwnf5, anonymous, client 127.0.0.1:36970] (eturnal_module:handle_event/2:179)
2022-07-16 15:23:04.113896+00:00 [debug] Writing STUN query event to InfluxDB [UDP, session ktth1o0mwnf5, anonymous, client 127.0.0.1:36970] (mod_stats_influx:on_stun_query/1:70)
2022-07-16 15:23:04.114087+00:00 [debug] Sending:
#stun{class = response,method = 1,magic = 554869826,
      trid = 18387185108923812250556806959,raw = <<>>,unsupported = [],
      'ALTERNATE-SERVER' = undefined,'CHANNEL-NUMBER' = undefined,
      'DATA' = undefined,'DONT-FRAGMENT' = false,'ERROR-CODE' = undefined,
      'LIFETIME' = undefined,'MAPPED-ADDRESS' = undefined,
      'MESSAGE-INTEGRITY' = undefined,'NONCE' = undefined,'REALM' = undefined,
      'REQUESTED-ADDRESS-FAMILY' = undefined,
      'REQUESTED-TRANSPORT' = undefined,'SOFTWARE' = <<"eturnal">>,
      'UNKNOWN-ATTRIBUTES' = [],'USERNAME' = undefined,
      'XOR-MAPPED-ADDRESS' = {{127,0,0,1},36970},
      'XOR-PEER-ADDRESS' = [],'XOR-RELAYED-ADDRESS' = undefined} (stun:send/3:445)
2022-07-16 15:23:04.138105+00:00 [info] Accepting connection: 127.0.0.1:43526 -> 127.0.0.1:34780 [TCP, session hz9y68s7m1xu] (stun_acceptor:accept/3:158)
2022-07-16 15:23:04.138435+00:00 [debug] Received:
#stun{class = request,method = 1,magic = 554869826,
      trid = 60946720699958116449927838573,raw = <<>>,unsupported = [],
      'ALTERNATE-SERVER' = undefined,'CHANNEL-NUMBER' = undefined,
      'DATA' = undefined,'DONT-FRAGMENT' = false,'ERROR-CODE' = undefined,
      'LIFETIME' = undefined,'MAPPED-ADDRESS' = undefined,
      'MESSAGE-INTEGRITY' = undefined,'NONCE' = undefined,'REALM' = undefined,
      'REQUESTED-ADDRESS-FAMILY' = undefined,
      'REQUESTED-TRANSPORT' = undefined,'SOFTWARE' = undefined,
      'UNKNOWN-ATTRIBUTES' = [],'USERNAME' = undefined,
      'XOR-MAPPED-ADDRESS' = undefined,'XOR-PEER-ADDRESS' = [],
      'XOR-RELAYED-ADDRESS' = undefined} (stun:process_data/3:404)
2022-07-16 15:23:04.138528+00:00 [debug] Responding to STUN request [TCP, session hz9y68s7m1xu, anonymous, client 127.0.0.1:43526] (stun:process/4:312)
2022-07-16 15:23:04.138579+00:00 [debug] Running 'stun_query' hook [TCP, session hz9y68s7m1xu, anonymous, client 127.0.0.1:43526] (stun:run_hook/3:820)
2022-07-16 15:23:04.138703+00:00 [debug] Got 'stun_query' event [TCP, session hz9y68s7m1xu, anonymous, client 127.0.0.1:43526] (eturnal_module:handle_event/2:176)
2022-07-16 15:23:04.138749+00:00 [debug] Calling mod_log_stun:handle_event/2 [TCP, session hz9y68s7m1xu, anonymous, client 127.0.0.1:43526] (eturnal_module:handle_event/2:179)
2022-07-16 15:23:04.138798+00:00 [info] Responding to STUN request [TCP, session hz9y68s7m1xu, anonymous, client 127.0.0.1:43526] (mod_log_stun:handle_event/2:45)
2022-07-16 15:23:04.138839+00:00 [debug] Calling mod_stats_influx:handle_event/2 [TCP, session hz9y68s7m1xu, anonymous, client 127.0.0.1:43526] (eturnal_module:handle_event/2:179)
2022-07-16 15:23:04.138877+00:00 [debug] Writing STUN query event to InfluxDB [TCP, session hz9y68s7m1xu, anonymous, client 127.0.0.1:43526] (mod_stats_influx:on_stun_query/1:70)
2022-07-16 15:23:04.139079+00:00 [debug] Sending:
#stun{class = response,method = 1,magic = 554869826,
      trid = 60946720699958116449927838573,raw = <<>>,unsupported = [],
      'ALTERNATE-SERVER' = undefined,'CHANNEL-NUMBER' = undefined,
      'DATA' = undefined,'DONT-FRAGMENT' = false,'ERROR-CODE' = undefined,
      'LIFETIME' = undefined,'MAPPED-ADDRESS' = undefined,
      'MESSAGE-INTEGRITY' = undefined,'NONCE' = undefined,'REALM' = undefined,
      'REQUESTED-ADDRESS-FAMILY' = undefined,
      'REQUESTED-TRANSPORT' = undefined,'SOFTWARE' = <<"P1 STUN library">>,
      'UNKNOWN-ATTRIBUTES' = [],'USERNAME' = undefined,
      'XOR-MAPPED-ADDRESS' = {{127,0,0,1},43526},
      'XOR-PEER-ADDRESS' = [],'XOR-RELAYED-ADDRESS' = undefined} (stun:send/3:445)
2022-07-16 15:23:04.139297+00:00 [info] Connection reset by peer [TCP, session hz9y68s7m1xu, anonymous, client 127.0.0.1:43526] (stun:handle_info/3:170)
2022-07-16 15:23:04.163440+00:00 [info] Accepting connection: 127.0.0.1:34750 -> 127.0.0.1:53490 [TLS, session ckpd4cf7kz7g] (stun_acceptor:accept/3:158)
2022-07-16 15:23:04.272876+00:00 [debug] Received:
#stun{class = request,method = 1,magic = 554869826,
      trid = 33717898185800123050304528470,raw = <<>>,unsupported = [],
      'ALTERNATE-SERVER' = undefined,'CHANNEL-NUMBER' = undefined,
      'DATA' = undefined,'DONT-FRAGMENT' = false,'ERROR-CODE' = undefined,
      'LIFETIME' = undefined,'MAPPED-ADDRESS' = undefined,
      'MESSAGE-INTEGRITY' = undefined,'NONCE' = undefined,'REALM' = undefined,
      'REQUESTED-ADDRESS-FAMILY' = undefined,
      'REQUESTED-TRANSPORT' = undefined,'SOFTWARE' = undefined,
      'UNKNOWN-ATTRIBUTES' = [],'USERNAME' = undefined,
      'XOR-MAPPED-ADDRESS' = undefined,'XOR-PEER-ADDRESS' = [],
      'XOR-RELAYED-ADDRESS' = undefined} (stun:process_data/3:404)
2022-07-16 15:23:04.273023+00:00 [debug] Responding to STUN request [TLS, session ckpd4cf7kz7g, anonymous, client 127.0.0.1:34750] (stun:process/4:312)
2022-07-16 15:23:04.273079+00:00 [debug] Running 'stun_query' hook [TLS, session ckpd4cf7kz7g, anonymous, client 127.0.0.1:34750] (stun:run_hook/3:820)
2022-07-16 15:23:04.273133+00:00 [debug] Got 'stun_query' event [TLS, session ckpd4cf7kz7g, anonymous, client 127.0.0.1:34750] (eturnal_module:handle_event/2:176)
2022-07-16 15:23:04.273173+00:00 [debug] Calling mod_log_stun:handle_event/2 [TLS, session ckpd4cf7kz7g, anonymous, client 127.0.0.1:34750] (eturnal_module:handle_event/2:179)
2022-07-16 15:23:04.273218+00:00 [info] Responding to STUN request [TLS, session ckpd4cf7kz7g, anonymous, client 127.0.0.1:34750] (mod_log_stun:handle_event/2:45)
2022-07-16 15:23:04.273256+00:00 [debug] Calling mod_stats_influx:handle_event/2 [TLS, session ckpd4cf7kz7g, anonymous, client 127.0.0.1:34750] (eturnal_module:handle_event/2:179)
2022-07-16 15:23:04.273293+00:00 [debug] Writing STUN query event to InfluxDB [TLS, session ckpd4cf7kz7g, anonymous, client 127.0.0.1:34750] (mod_stats_influx:on_stun_query/1:70)
2022-07-16 15:23:04.273517+00:00 [debug] Sending:
#stun{class = response,method = 1,magic = 554869826,
      trid = 33717898185800123050304528470,raw = <<>>,unsupported = [],
      'ALTERNATE-SERVER' = undefined,'CHANNEL-NUMBER' = undefined,
      'DATA' = undefined,'DONT-FRAGMENT' = false,'ERROR-CODE' = undefined,
      'LIFETIME' = undefined,'MAPPED-ADDRESS' = undefined,
      'MESSAGE-INTEGRITY' = undefined,'NONCE' = undefined,'REALM' = undefined,
      'REQUESTED-ADDRESS-FAMILY' = undefined,
      'REQUESTED-TRANSPORT' = undefined,'SOFTWARE' = <<"P1 STUN library">>,
      'UNKNOWN-ATTRIBUTES' = [],'USERNAME' = undefined,
      'XOR-MAPPED-ADDRESS' = {{127,0,0,1},34750},
      'XOR-PEER-ADDRESS' = [],'XOR-RELAYED-ADDRESS' = undefined} (stun:send/3:445)
2022-07-16 15:23:04.273835+00:00 [info] Connection reset by peer [TLS, session ckpd4cf7kz7g, anonymous, client 127.0.0.1:34750] (stun:handle_info/3:170)
2022-07-16 15:23:04.297474+00:00 [info] Accepting connection: 127.0.0.1:45614 -> 127.0.0.1:34781 [TCP|TLS, session winbp88s8g2d] (stun_acceptor:accept/3:158)
2022-07-16 15:23:04.297599+00:00 [debug] Determined transport protocol: TCP (stun:is_tls_handshake/1:768)
2022-07-16 15:23:04.297881+00:00 [debug] Received:
#stun{class = request,method = 1,magic = 554869826,
      trid = 57583109118061870015111848738,raw = <<>>,unsupported = [],
      'ALTERNATE-SERVER' = undefined,'CHANNEL-NUMBER' = undefined,
      'DATA' = undefined,'DONT-FRAGMENT' = false,'ERROR-CODE' = undefined,
      'LIFETIME' = undefined,'MAPPED-ADDRESS' = undefined,
      'MESSAGE-INTEGRITY' = undefined,'NONCE' = undefined,'REALM' = undefined,
      'REQUESTED-ADDRESS-FAMILY' = undefined,
      'REQUESTED-TRANSPORT' = undefined,'SOFTWARE' = undefined,
      'UNKNOWN-ATTRIBUTES' = [],'USERNAME' = undefined,
      'XOR-MAPPED-ADDRESS' = undefined,'XOR-PEER-ADDRESS' = [],
      'XOR-RELAYED-ADDRESS' = undefined} (stun:process_data/3:404)
2022-07-16 15:23:04.297980+00:00 [debug] Responding to STUN request [TCP, session winbp88s8g2d, anonymous, client 127.0.0.1:45614] (stun:process/4:312)
2022-07-16 15:23:04.298021+00:00 [debug] Running 'stun_query' hook [TCP, session winbp88s8g2d, anonymous, client 127.0.0.1:45614] (stun:run_hook/3:820)
2022-07-16 15:23:04.298061+00:00 [debug] Got 'stun_query' event [TCP, session winbp88s8g2d, anonymous, client 127.0.0.1:45614] (eturnal_module:handle_event/2:176)
2022-07-16 15:23:04.298096+00:00 [debug] Calling mod_log_stun:handle_event/2 [TCP, session winbp88s8g2d, anonymous, client 127.0.0.1:45614] (eturnal_module:handle_event/2:179)
2022-07-16 15:23:04.298126+00:00 [info] Responding to STUN request [TCP, session winbp88s8g2d, anonymous, client 127.0.0.1:45614] (mod_log_stun:handle_event/2:45)
2022-07-16 15:23:04.298157+00:00 [debug] Calling mod_stats_influx:handle_event/2 [TCP, session winbp88s8g2d, anonymous, client 127.0.0.1:45614] (eturnal_module:handle_event/2:179)
2022-07-16 15:23:04.298182+00:00 [debug] Writing STUN query event to InfluxDB [TCP, session winbp88s8g2d, anonymous, client 127.0.0.1:45614] (mod_stats_influx:on_stun_query/1:70)
2022-07-16 15:23:04.298372+00:00 [debug] Sending:
#stun{class = response,method = 1,magic = 554869826,
      trid = 57583109118061870015111848738,raw = <<>>,unsupported = [],
      'ALTERNATE-SERVER' = undefined,'CHANNEL-NUMBER' = undefined,
      'DATA' = undefined,'DONT-FRAGMENT' = false,'ERROR-CODE' = undefined,
      'LIFETIME' = undefined,'MAPPED-ADDRESS' = undefined,
      'MESSAGE-INTEGRITY' = undefined,'NONCE' = undefined,'REALM' = undefined,
      'REQUESTED-ADDRESS-FAMILY' = undefined,
      'REQUESTED-TRANSPORT' = undefined,'SOFTWARE' = <<"P1 STUN library">>,
      'UNKNOWN-ATTRIBUTES' = [],'USERNAME' = undefined,
      'XOR-MAPPED-ADDRESS' = {{127,0,0,1},45614},
      'XOR-PEER-ADDRESS' = [],'XOR-RELAYED-ADDRESS' = undefined} (stun:send/3:445)
2022-07-16 15:23:04.298564+00:00 [info] Connection reset by peer [TCP, session winbp88s8g2d, anonymous, client 127.0.0.1:45614] (stun:handle_info/3:170)
2022-07-16 15:23:04.322719+00:00 [info] Accepting connection: 127.0.0.1:45616 -> 127.0.0.1:34781 [TCP|TLS, session ct8owdrofwyz] (stun_acceptor:accept/3:158)
2022-07-16 15:23:04.322918+00:00 [debug] Determined transport protocol: TLS (stun:is_tls_handshake/1:765)
2022-07-16 15:23:04.431929+00:00 [debug] Received:
#stun{class = request,method = 1,magic = 554869826,
      trid = 31203344885481308568070344076,raw = <<>>,unsupported = [],
      'ALTERNATE-SERVER' = undefined,'CHANNEL-NUMBER' = undefined,
      'DATA' = undefined,'DONT-FRAGMENT' = false,'ERROR-CODE' = undefined,
      'LIFETIME' = undefined,'MAPPED-ADDRESS' = undefined,
      'MESSAGE-INTEGRITY' = undefined,'NONCE' = undefined,'REALM' = undefined,
      'REQUESTED-ADDRESS-FAMILY' = undefined,
      'REQUESTED-TRANSPORT' = undefined,'SOFTWARE' = undefined,
      'UNKNOWN-ATTRIBUTES' = [],'USERNAME' = undefined,
      'XOR-MAPPED-ADDRESS' = undefined,'XOR-PEER-ADDRESS' = [],
      'XOR-RELAYED-ADDRESS' = undefined} (stun:process_data/3:404)
2022-07-16 15:23:04.432060+00:00 [debug] Responding to STUN request [TLS, session ct8owdrofwyz, anonymous, client 127.0.0.1:45616] (stun:process/4:312)
2022-07-16 15:23:04.432100+00:00 [debug] Running 'stun_query' hook [TLS, session ct8owdrofwyz, anonymous, client 127.0.0.1:45616] (stun:run_hook/3:820)
2022-07-16 15:23:04.432157+00:00 [debug] Got 'stun_query' event [TLS, session ct8owdrofwyz, anonymous, client 127.0.0.1:45616] (eturnal_module:handle_event/2:176)
2022-07-16 15:23:04.432187+00:00 [debug] Calling mod_log_stun:handle_event/2 [TLS, session ct8owdrofwyz, anonymous, client 127.0.0.1:45616] (eturnal_module:handle_event/2:179)
2022-07-16 15:23:04.432259+00:00 [info] Responding to STUN request [TLS, session ct8owdrofwyz, anonymous, client 127.0.0.1:45616] (mod_log_stun:handle_event/2:45)
2022-07-16 15:23:04.432288+00:00 [debug] Calling mod_stats_influx:handle_event/2 [TLS, session ct8owdrofwyz, anonymous, client 127.0.0.1:45616] (eturnal_module:handle_event/2:179)
2022-07-16 15:23:04.432319+00:00 [debug] Writing STUN query event to InfluxDB [TLS, session ct8owdrofwyz, anonymous, client 127.0.0.1:45616] (mod_stats_influx:on_stun_query/1:70)
2022-07-16 15:23:04.432530+00:00 [debug] Sending:
#stun{class = response,method = 1,magic = 554869826,
      trid = 31203344885481308568070344076,raw = <<>>,unsupported = [],
      'ALTERNATE-SERVER' = undefined,'CHANNEL-NUMBER' = undefined,
      'DATA' = undefined,'DONT-FRAGMENT' = false,'ERROR-CODE' = undefined,
      'LIFETIME' = undefined,'MAPPED-ADDRESS' = undefined,
      'MESSAGE-INTEGRITY' = undefined,'NONCE' = undefined,'REALM' = undefined,
      'REQUESTED-ADDRESS-FAMILY' = undefined,
      'REQUESTED-TRANSPORT' = undefined,'SOFTWARE' = <<"P1 STUN library">>,
      'UNKNOWN-ATTRIBUTES' = [],'USERNAME' = undefined,
      'XOR-MAPPED-ADDRESS' = {{127,0,0,1},45616},
      'XOR-PEER-ADDRESS' = [],'XOR-RELAYED-ADDRESS' = undefined} (stun:send/3:445)
2022-07-16 15:23:04.432812+00:00 [info] Connection reset by peer [TLS, session ct8owdrofwyz, anonymous, client 127.0.0.1:45616] (stun:handle_info/3:170)
2022-07-16 15:23:04.456847+00:00 [debug] Terminating eturnal (shutdown) (eturnal:terminate/2:174)
2022-07-16 15:23:04.456840+00:00 [debug] No NOTIFY_SOCKET, dropping STOPPING=1 notification (eturnal_systemd:handle_cast/2:109)
2022-07-16 15:23:04.457011+00:00 [debug] Watchdog interval is undefined, hibernating (eturnal_systemd:get_timeout/1:162)
2022-07-16 15:23:04.457129+00:00 [info] Stopped listening on 127.0.0.1:34780 (udp) (eturnal:stop_listeners/1:361)
2022-07-16 15:23:04.457248+00:00 [info] Stopped listening on 127.0.0.1:34780 (tcp) (eturnal:stop_listeners/1:361)
2022-07-16 15:23:04.457409+00:00 [info] Stopped listening on 127.0.0.1:53490 (tls) (eturnal:stop_listeners/1:361)
2022-07-16 15:23:04.457593+00:00 [info] Stopped listening on 127.0.0.1:34781 (auto) (eturnal:stop_listeners/1:361)
2022-07-16 15:23:04.458618+00:00 [debug] Calling mod_log_stun:stop/1 (eturnal_module:stop/1:162)
2022-07-16 15:23:04.459278+00:00 [debug] Stopping mod_log_stun (mod_log_stun:stop/0:50)
2022-07-16 15:23:04.459422+00:00 [info] Stopped mod_log_stun (eturnal:stop_modules/1:320)
2022-07-16 15:23:04.460549+00:00 [debug] Calling mod_stats_influx:stop/1 (eturnal_module:stop/1:162)
2022-07-16 15:23:04.460653+00:00 [debug] Stopping mod_stats_influx (mod_stats_influx:stop/0:55)
2022-07-16 15:23:04.460780+00:00 [info] Stopped mod_stats_influx (eturnal:stop_modules/1:320)
2022-07-16 15:23:04.461561+00:00 [debug] Removed run/cert.pem (eturnal:clean_run_dir/0:762)
2022-07-16 15:23:04.462688+00:00 [debug] Terminating eturnal_systemd (shutdown) (eturnal_systemd:terminate/2:136)
2022-07-16 15:23:04.462905+00:00 [notice] Stopping eturnal 1.9.0 on Erlang/OTP 25 (ERTS 13.0) (eturnal_app:stop/1:54)
