2025-04-03 10:43:01.114240+00:00 [notice] Starting eturnal 1.12.1 on Erlang/OTP 27 (ERTS 15.2.3) (eturnal_app:start/2:34)
2025-04-03 10:43:01.114389+00:00 [debug] Starting supervisor: eturnal_sup (eturnal_sup:start_link/0:31)
2025-04-03 10:43:01.114507+00:00 [debug] Configuring eturnal_sup supervisor: [#{id => systemd,
                                       start =>
                                           {eturnal_systemd,start_link,[]}},
                                     #{id => eturnal,
                                       start => {eturnal,start_link,[]}}] (eturnal_sup:init/0:39)
2025-04-03 10:43:01.115960+00:00 [info] Got no NOTIFY_SOCKET, notifications disabled (eturnal_systemd:init/1:86)
2025-04-03 10:43:01.116121+00:00 [debug] PROGRESS REPORT:
    supervisor: {local,eturnal_sup}
    started: [{pid,<0.1027.0>},
              {id,systemd},
              {mfargs,{eturnal_systemd,start_link,[]}},
              {restart_type,permanent},
              {significant,false},
              {shutdown,5000},
              {child_type,worker}]
 (supervisor:report_progress/3:2135)
2025-04-03 10:43:01.116236+00:00 [info] Relay IPv4 address: 127.0.0.1 (port range: 49152-65535) (eturnal:log_relay_addresses/0:349)
2025-04-03 10:43:01.116371+00:00 [info] Relay IPv6 address not configured (eturnal:log_relay_addresses/0:359)
2025-04-03 10:43:01.127177+00:00 [info] Cannot determine control query port: noport (eturnal:log_control_listener/0:374)
2025-04-03 10:43:01.127504+00:00 [debug] Using run directory run (eturnal:ensure_run_dir/0:860)
2025-04-03 10:43:01.127614+00:00 [debug] TURN configuration seems fine (eturnal:check_turn_config/0:604)
2025-04-03 10:43:01.127789+00:00 [warning] TLS enabled without 'tls_crt_file', creating self-signed certificate (eturnal:check_pem_file/0:806)
2025-04-03 10:43:02.201633+00:00 [debug] Calling mod_log_stun:start/0 (eturnal_module:start/1:143)
2025-04-03 10:43:02.201899+00:00 [debug] Starting mod_log_stun (mod_log_stun:start/0:38)
2025-04-03 10:43:02.202102+00:00 [info] Started mod_log_stun (eturnal:start_modules/0:385)
2025-04-03 10:43:02.202201+00:00 [debug] Calling mod_stats_influx:start/0 (eturnal_module:start/1:143)
2025-04-03 10:43:02.202293+00:00 [debug] Starting mod_stats_influx (mod_stats_influx:start/0:37)
2025-04-03 10:43:02.207124+00:00 [debug] PROGRESS REPORT:
    application: ulitos
    started_at: nonode@nohost
 (application_controller:info_started/2:2113)
2025-04-03 10:43:02.208322+00:00 [debug] PROGRESS REPORT:
    application: poolboy
    started_at: nonode@nohost
 (application_controller:info_started/2:2113)
2025-04-03 10:43:02.209607+00:00 [info]     msg: Starting application: influx_udp (influx_udp_app:start/2:10)
2025-04-03 10:43:02.211906+00:00 [debug] PROGRESS REPORT:
    supervisor: {local,influx_udp_sup}
    started: [{pid,<0.1046.0>},
              {id,influx_udp},
              {mfargs,{influx_udp,start_link,[]}},
              {restart_type,permanent},
              {significant,false},
              {shutdown,5000},
              {child_type,worker}]
 (supervisor:report_progress/3:2135)
2025-04-03 10:43:02.212050+00:00 [debug] PROGRESS REPORT:
    application: influx_udp
    started_at: nonode@nohost
 (application_controller:info_started/2:2113)
2025-04-03 10:43:02.212065+00:00 [debug] Dependency influx_udp was available already (eturnal_module:ensure_dep/2:284)
2025-04-03 10:43:02.214145+00:00 [info]     options: #{port => 8089,host => "localhost",pool_size => 1,
               max_overflow => 1}
    msg: Start clients pool
    host: {127,0,0,1} (influx_udp:start_pool_/2:239)
2025-04-03 10:43:02.222569+00:00 [info]     port: 50893
    msg: Open UDP socket on port (influx_udp_worker:init/1:43)
2025-04-03 10:43:02.222798+00:00 [debug] PROGRESS REPORT:
    supervisor: {local,influx_udp_sup}
    started: [{pid,<0.1049.0>},
              {id,stats_influx_pool},
              {mfargs,
                  {poolboy,start_link,
                      [[{name,{local,stats_influx_pool}},
                        {worker_module,influx_udp_worker},
                        {size,1},
                        {max_overflow,1}],
                       [{options,
                            #{port => 8089,
                              host => {127,0,0,1},
                              pool_size => 1,max_overflow => 1}}]]}},
              {restart_type,permanent},
              {significant,false},
              {shutdown,5000},
              {child_type,worker}]
 (supervisor:report_progress/3:2145)
2025-04-03 10:43:02.223062+00:00 [info] Started mod_stats_influx (eturnal:start_modules/0:385)
2025-04-03 10:43:02.223252+00:00 [debug] Calling mod_stats_prometheus:start/0 (eturnal_module:start/1:143)
2025-04-03 10:43:02.223587+00:00 [debug] Starting mod_stats_prometheus (mod_stats_prometheus:start/0:56)
2025-04-03 10:43:02.240336+00:00 [debug] PROGRESS REPORT:
    application: prometheus
    started_at: nonode@nohost
 (application_controller:info_started/2:2113)
2025-04-03 10:43:02.241512+00:00 [debug] PROGRESS REPORT:
    application: accept
    started_at: nonode@nohost
 (application_controller:info_started/2:2113)
2025-04-03 10:43:02.255812+00:00 [debug] PROGRESS REPORT:
    application: prometheus_httpd
    started_at: nonode@nohost
 (application_controller:info_started/2:2113)
2025-04-03 10:43:02.255933+00:00 [debug] Dependency prometheus_httpd was available already (eturnal_module:ensure_dep/2:284)
2025-04-03 10:43:02.283042+00:00 [debug] PROGRESS REPORT:
    supervisor: {local,httpd_instance_sup__127_0_0_1__9081default}
    started: [{pid,<0.1064.0>},
              {id,{httpd_connection_sup,{127,0,0,1},9081,default}},
              {mfargs,{httpd_connection_sup,start_link,[[{127,0,0,1},9081]]}},
              {restart_type,permanent},
              {significant,false},
              {shutdown,5000},
              {child_type,supervisor}]
 (supervisor:report_progress/3:2135)
2025-04-03 10:43:02.285686+00:00 [debug] PROGRESS REPORT:
    supervisor: {local,httpd_instance_sup__127_0_0_1__9081default}
    started: [{pid,<0.1065.0>},
              {id,{httpd_misc_sup,{127,0,0,1},9081,default}},
              {mfargs,{httpd_misc_sup,start_link,[{127,0,0,1},9081,default]}},
              {restart_type,permanent},
              {significant,false},
              {shutdown,infinity},
              {child_type,supervisor}]
 (supervisor:report_progress/3:2135)
2025-04-03 10:43:02.288667+00:00 [debug] PROGRESS REPORT:
    supervisor: {local,httpd_instance_sup__127_0_0_1__9081default}
    started: [{pid,<0.1066.0>},
              {id,{httpd_manager,{127,0,0,1},9081,default}},
              {mfargs,
                  {httpd_manager,start_link,
                      [undefined,
                       [{bind_address,{127,0,0,1}},
                        {socket_type,ip_comm},
                        {port,9081},
                        {server_root,"run/mod_stats_prometheus/doc"},
                        {document_root,"run/mod_stats_prometheus/doc"},
                        {server_name,"Prometheus Exporter"},
                        {modules,[prometheus_httpd]}],
                       15000]}},
              {restart_type,permanent},
              {significant,false},
              {shutdown,4000},
              {child_type,worker}]
 (supervisor:report_progress/3:2135)
2025-04-03 10:43:02.307546+00:00 [debug] PROGRESS REPORT:
    supervisor: {local,httpd_acceptor_sup__127_0_0_1__9081default}
    started: [{pid,<0.1068.0>},
              {id,{httpd_acceptor_sup,{127,0,0,1},9081,default}},
              {mfargs,{httpd_acceptor,start_link,
                                      [httpd__127_0_0_1__9081default,ip_comm,
                                       {127,0,0,1},
                                       9081,inet,
                                       httpd_conf__127_0_0_1__9081default,
                                       15000]}},
              {restart_type,transient},
              {significant,false},
              {shutdown,brutal_kill},
              {child_type,worker}]
 (supervisor:report_progress/3:2135)
2025-04-03 10:43:02.307761+00:00 [debug] PROGRESS REPORT:
    supervisor: {local,httpd_instance_sup__127_0_0_1__9081default}
    started: [{pid,<0.1067.0>},
              {id,{httpd_acceptor_sup,{127,0,0,1},9081,default}},
              {mfargs,
                  {httpd_acceptor_sup,start_link,
                      [[{127,0,0,1},
                        9081,
                        [{bind_address,{127,0,0,1}},
                         {socket_type,ip_comm},
                         {port,9081},
                         {server_root,"run/mod_stats_prometheus/doc"},
                         {document_root,"run/mod_stats_prometheus/doc"},
                         {server_name,"Prometheus Exporter"},
                         {modules,[prometheus_httpd]}],
                        15000,undefined]]}},
              {restart_type,permanent},
              {significant,false},
              {shutdown,infinity},
              {child_type,supervisor}]
 (supervisor:report_progress/3:2135)
2025-04-03 10:43:02.307952+00:00 [debug] PROGRESS REPORT:
    supervisor: {local,httpd_sup}
    started: [{pid,<0.1063.0>},
              {id,{httpd_instance_sup,{127,0,0,1},9081,default}},
              {mfargs,
                  {httpd_instance_sup,start_link,
                      [[{bind_address,{127,0,0,1}},
                        {socket_type,ip_comm},
                        {port,9081},
                        {server_root,"run/mod_stats_prometheus/doc"},
                        {document_root,"run/mod_stats_prometheus/doc"},
                        {server_name,"Prometheus Exporter"},
                        {modules,[prometheus_httpd]}],
                       15000,[]]}},
              {restart_type,permanent},
              {significant,false},
              {shutdown,infinity},
              {child_type,supervisor}]
 (supervisor:report_progress/3:2145)
2025-04-03 10:43:02.309221+00:00 [info] Started mod_stats_prometheus (eturnal:start_modules/0:385)
2025-04-03 10:43:02.309660+00:00 [debug] Starting listener 127.0.0.1:34780 (udp) with options:
[{use_turn,true},
 {auth_type,user},
 {turn_ipv4_address,{127,0,0,1}},
 {turn_min_port,49152},
 {turn_max_port,65535},
 {turn_max_allocations,10},
 {turn_max_permissions,10},
 {shaper,100000},
 {auth_realm,<<"eturnal.net">>},
 {server_name,<<"eturnal">>},
 {auth_fun,fun eturnal:get_password/2},
 {hook_fun,fun eturnal:run_hook/2},
 {turn_blacklist_clients,[{{127,0,0,1},8}]},
 {turn_blacklist_peers,[{{10,0,0,0},8},
                        {{100,64,0,0},10},
                        {{127,0,0,0},8},
                        {{169,254,0,0},16},
                        {{172,16,0,0},12},
                        {{192,0,0,0},24},
                        {{192,0,2,0},24},
                        {{192,88,99,0},24},
                        {{192,168,0,0},16},
                        {{198,18,0,0},15},
                        {{198,51,100,0},24},
                        {{203,0,113,0},24},
                        {{224,0,0,0},4},
                        {{240,0,0,0},4},
                        {{0,0,0,0,0,0,0,1},128},
                        {{100,65435,0,0,0,0,0,0},96},
                        {{256,0,0,0,0,0,0,0},64},
                        {{8193,3512,0,0,0,0,0,0},32},
                        {{64512,0,0,0,0,0,0,0},7},
                        {{65152,0,0,0,0,0,0,0},10},
                        {{65280,0,0,0,0,0,0,0},8}]},
 {turn_whitelist_clients,[{{127,0,0,1},32}]},
 {turn_whitelist_peers,[{{127,0,0,1},32},
                        {{203,0,113,113},32},
                        {{8193,3512,0,0,0,0,0,0},64}]}] (eturnal:start_listeners/0:420)
2025-04-03 10:43:02.323620+00:00 [info] Listening on 127.0.0.1:34780 (udp) (STUN/TURN) (eturnal:start_listeners/0:427)
2025-04-03 10:43:02.323760+00:00 [debug] Starting listener 127.0.0.1:34780 (tcp) with options:
[{use_turn,false},
 {auth_type,anonymous},
 {turn_ipv4_address,{127,0,0,1}},
 {turn_min_port,49152},
 {turn_max_port,65535},
 {turn_max_allocations,10},
 {turn_max_permissions,10},
 {shaper,100000},
 {auth_realm,<<"eturnal.net">>},
 {server_name,<<"eturnal">>},
 {auth_fun,fun eturnal:get_password/2},
 {hook_fun,fun eturnal:run_hook/2},
 {turn_blacklist_clients,[{{127,0,0,1},8}]},
 {turn_blacklist_peers,[{{10,0,0,0},8},
                        {{100,64,0,0},10},
                        {{127,0,0,0},8},
                        {{169,254,0,0},16},
                        {{172,16,0,0},12},
                        {{192,0,0,0},24},
                        {{192,0,2,0},24},
                        {{192,88,99,0},24},
                        {{192,168,0,0},16},
                        {{198,18,0,0},15},
                        {{198,51,100,0},24},
                        {{203,0,113,0},24},
                        {{224,0,0,0},4},
                        {{240,0,0,0},4},
                        {{0,0,0,0,0,0,0,1},128},
                        {{100,65435,0,0,0,0,0,0},96},
                        {{256,0,0,0,0,0,0,0},64},
                        {{8193,3512,0,0,0,0,0,0},32},
                        {{64512,0,0,0,0,0,0,0},7},
                        {{65152,0,0,0,0,0,0,0},10},
                        {{65280,0,0,0,0,0,0,0},8}]},
 {turn_whitelist_clients,[{{127,0,0,1},32}]},
 {turn_whitelist_peers,[{{127,0,0,1},32},
                        {{203,0,113,113},32},
                        {{8193,3512,0,0,0,0,0,0},64}]}] (eturnal:start_listeners/0:420)
2025-04-03 10:43:02.324366+00:00 [info] Listening on 127.0.0.1:34780 (tcp) (STUN only) (eturnal:start_listeners/0:427)
2025-04-03 10:43:02.324493+00:00 [debug] Starting listener 127.0.0.1:53490 (tls) with options:
[{use_turn,false},
 {auth_type,anonymous},
 {tls,true},
 {certfile,<<"run/cert.pem">>},
 {ciphers,<<"HIGH:!aNULL:@STRENGTH">>},
 {protocol_options,<<"no_tlsv1|no_tlsv1_1|cipher_server_preference">>},
 {turn_ipv4_address,{127,0,0,1}},
 {turn_min_port,49152},
 {turn_max_port,65535},
 {turn_max_allocations,10},
 {turn_max_permissions,10},
 {shaper,100000},
 {auth_realm,<<"eturnal.net">>},
 {server_name,<<"eturnal">>},
 {auth_fun,fun eturnal:get_password/2},
 {hook_fun,fun eturnal:run_hook/2},
 {turn_blacklist_clients,[{{127,0,0,1},8}]},
 {turn_blacklist_peers,[{{10,0,0,0},8},
                        {{100,64,0,0},10},
                        {{127,0,0,0},8},
                        {{169,254,0,0},16},
                        {{172,16,0,0},12},
                        {{192,0,0,0},24},
                        {{192,0,2,0},24},
                        {{192,88,99,0},24},
                        {{192,168,0,0},16},
                        {{198,18,0,0},15},
                        {{198,51,100,0},24},
                        {{203,0,113,0},24},
                        {{224,0,0,0},4},
                        {{240,0,0,0},4},
                        {{0,0,0,0,0,0,0,1},128},
                        {{100,65435,0,0,0,0,0,0},96},
                        {{256,0,0,0,0,0,0,0},64},
                        {{8193,3512,0,0,0,0,0,0},32},
                        {{64512,0,0,0,0,0,0,0},7},
                        {{65152,0,0,0,0,0,0,0},10},
                        {{65280,0,0,0,0,0,0,0},8}]},
 {turn_whitelist_clients,[{{127,0,0,1},32}]},
 {turn_whitelist_peers,[{{127,0,0,1},32},
                        {{203,0,113,113},32},
                        {{8193,3512,0,0,0,0,0,0},64}]}] (eturnal:start_listeners/0:420)
2025-04-03 10:43:02.325057+00:00 [info] Listening on 127.0.0.1:53490 (tls) (STUN only) (eturnal:start_listeners/0:427)
2025-04-03 10:43:02.325150+00:00 [debug] Starting listener 127.0.0.1:34781 (auto) with options:
[{use_turn,false},
 {auth_type,anonymous},
 {tls,optional},
 {certfile,<<"run/cert.pem">>},
 {ciphers,<<"HIGH:!aNULL:@STRENGTH">>},
 {protocol_options,<<"no_tlsv1|no_tlsv1_1|cipher_server_preference">>},
 {turn_ipv4_address,{127,0,0,1}},
 {turn_min_port,49152},
 {turn_max_port,65535},
 {turn_max_allocations,10},
 {turn_max_permissions,10},
 {shaper,100000},
 {auth_realm,<<"eturnal.net">>},
 {server_name,<<"eturnal">>},
 {auth_fun,fun eturnal:get_password/2},
 {hook_fun,fun eturnal:run_hook/2},
 {turn_blacklist_clients,[{{127,0,0,1},8}]},
 {turn_blacklist_peers,[{{10,0,0,0},8},
                        {{100,64,0,0},10},
                        {{127,0,0,0},8},
                        {{169,254,0,0},16},
                        {{172,16,0,0},12},
                        {{192,0,0,0},24},
                        {{192,0,2,0},24},
                        {{192,88,99,0},24},
                        {{192,168,0,0},16},
                        {{198,18,0,0},15},
                        {{198,51,100,0},24},
                        {{203,0,113,0},24},
                        {{224,0,0,0},4},
                        {{240,0,0,0},4},
                        {{0,0,0,0,0,0,0,1},128},
                        {{100,65435,0,0,0,0,0,0},96},
                        {{256,0,0,0,0,0,0,0},64},
                        {{8193,3512,0,0,0,0,0,0},32},
                        {{64512,0,0,0,0,0,0,0},7},
                        {{65152,0,0,0,0,0,0,0},10},
                        {{65280,0,0,0,0,0,0,0},8}]},
 {turn_whitelist_clients,[{{127,0,0,1},32}]},
 {turn_whitelist_peers,[{{127,0,0,1},32},
                        {{203,0,113,113},32},
                        {{8193,3512,0,0,0,0,0,0},64}]}] (eturnal:start_listeners/0:420)
2025-04-03 10:43:02.337988+00:00 [info] Listening on 127.0.0.1:34781 (auto) (STUN only) (eturnal:start_listeners/0:427)
2025-04-03 10:43:02.338115+00:00 [debug] Started 3 modules (eturnal:init/1:105)
2025-04-03 10:43:02.338179+00:00 [debug] Started 4 listeners (eturnal:init/1:106)
2025-04-03 10:43:02.338241+00:00 [debug] PROGRESS REPORT:
    supervisor: {local,eturnal_sup}
    started: [{pid,<0.1029.0>},
              {id,eturnal},
              {mfargs,{eturnal,start_link,[]}},
              {restart_type,permanent},
              {significant,false},
              {shutdown,5000},
              {child_type,worker}]
 (supervisor:report_progress/3:2135)
2025-04-03 10:43:02.338356+00:00 [debug] PROGRESS REPORT:
    application: eturnal
    started_at: nonode@nohost
 (application_controller:info_started/2:2113)
2025-04-03 10:43:02.338347+00:00 [debug] No NOTIFY_SOCKET, dropping READY=1 notification (eturnal_systemd:handle_cast/2:99)
2025-04-03 10:43:02.365463+00:00 [debug] Handling API call: get_status() (eturnal_ctl:get_status/0:129)
2025-04-03 10:43:02.365651+00:00 [debug] eturnal call (get_status) returned ok (eturnal_ctl:call/1:442)
2025-04-03 10:43:02.389262+00:00 [debug] Handling API call: get_info() (eturnal_ctl:get_info/0:139)
2025-04-03 10:43:02.389896+00:00 [debug] eturnal call (get_info) returned {ok,
                                  {eturnal_node_info,<<"1.12.1">>,
                                   {"27","15.2.3"},
                                   3269,0,177,105855104,1,61409400}} (eturnal_ctl:call/1:445)
2025-04-03 10:43:02.414207+00:00 [debug] Handling API call: get_sessions() (eturnal_ctl:get_sessions/0:100)
2025-04-03 10:43:02.438310+00:00 [debug] Handling API call: get_sessions("alice") (eturnal_ctl:get_sessions/1:110)
2025-04-03 10:43:02.438687+00:00 [debug] Handling API call: get_sessions("1256900400:alice") (eturnal_ctl:get_sessions/1:110)
2025-04-03 10:43:02.438948+00:00 [debug] Handling API call: get_sessions(alice) (eturnal_ctl:get_sessions/1:110)
2025-04-03 10:43:02.439072+00:00 [debug] Cannot convert user name to binary: alice (eturnal_ctl:get_sessions/1:123)
2025-04-03 10:43:02.463152+00:00 [debug] Handling API call: disconnect("alice") (eturnal_ctl:disconnect/1:188)
2025-04-03 10:43:02.463355+00:00 [debug] Handling API call: disconnect(alice) (eturnal_ctl:disconnect/1:188)
2025-04-03 10:43:02.463451+00:00 [debug] Cannot convert user name to binary: alice (eturnal_ctl:disconnect/1:198)
2025-04-03 10:43:02.487193+00:00 [debug] Handling API call: get_credentials("2009-10-30 11:00:00Z", []) (eturnal_ctl:get_credentials/2:60)
2025-04-03 10:43:02.487427+00:00 [debug] eturnal call ({get_password,<<"1256900400">>}) returned {ok,
                                                         <<"uEKlpcME7MNMMVRV8rUFPCTIFEs=">>} (eturnal_ctl:call/1:445)
2025-04-03 10:43:02.491029+00:00 [debug] Handling API call: get_credentials("86400", "alice") (eturnal_ctl:get_credentials/2:60)
2025-04-03 10:43:02.491234+00:00 [debug] eturnal call ({get_password,<<"1743763382:alice">>}) returned {ok,
                                                               <<"MZ/+cshIl+xYhcE16Avo7aMG3fM=">>} (eturnal_ctl:call/1:445)
2025-04-03 10:43:02.491381+00:00 [debug] Handling API call: get_password("1743763382:alice") (eturnal_ctl:get_password/1:79)
2025-04-03 10:43:02.491523+00:00 [debug] eturnal call ({get_password,<<"1743763382:alice">>}) returned {ok,
                                                               <<"MZ/+cshIl+xYhcE16Avo7aMG3fM=">>} (eturnal_ctl:call/1:445)
2025-04-03 10:43:02.491719+00:00 [debug] Handling API call: get_credentials("86400s", "alice") (eturnal_ctl:get_credentials/2:60)
2025-04-03 10:43:02.491888+00:00 [debug] eturnal call ({get_password,<<"1743763382:alice">>}) returned {ok,
                                                               <<"MZ/+cshIl+xYhcE16Avo7aMG3fM=">>} (eturnal_ctl:call/1:445)
2025-04-03 10:43:02.492014+00:00 [debug] Handling API call: get_password("1743763382:alice") (eturnal_ctl:get_password/1:79)
2025-04-03 10:43:02.492126+00:00 [debug] eturnal call ({get_password,<<"1743763382:alice">>}) returned {ok,
                                                               <<"MZ/+cshIl+xYhcE16Avo7aMG3fM=">>} (eturnal_ctl:call/1:445)
2025-04-03 10:43:02.492295+00:00 [debug] Handling API call: get_credentials("1440m", "alice") (eturnal_ctl:get_credentials/2:60)
2025-04-03 10:43:02.492418+00:00 [debug] eturnal call ({get_password,<<"1743763382:alice">>}) returned {ok,
                                                               <<"MZ/+cshIl+xYhcE16Avo7aMG3fM=">>} (eturnal_ctl:call/1:445)
2025-04-03 10:43:02.492543+00:00 [debug] Handling API call: get_password("1743763382:alice") (eturnal_ctl:get_password/1:79)
2025-04-03 10:43:02.492676+00:00 [debug] eturnal call ({get_password,<<"1743763382:alice">>}) returned {ok,
                                                               <<"MZ/+cshIl+xYhcE16Avo7aMG3fM=">>} (eturnal_ctl:call/1:445)
2025-04-03 10:43:02.492883+00:00 [debug] Handling API call: get_credentials("24h", "alice") (eturnal_ctl:get_credentials/2:60)
2025-04-03 10:43:02.493016+00:00 [debug] eturnal call ({get_password,<<"1743763382:alice">>}) returned {ok,
                                                               <<"MZ/+cshIl+xYhcE16Avo7aMG3fM=">>} (eturnal_ctl:call/1:445)
2025-04-03 10:43:02.493155+00:00 [debug] Handling API call: get_password("1743763382:alice") (eturnal_ctl:get_password/1:79)
2025-04-03 10:43:02.493274+00:00 [debug] eturnal call ({get_password,<<"1743763382:alice">>}) returned {ok,
                                                               <<"MZ/+cshIl+xYhcE16Avo7aMG3fM=">>} (eturnal_ctl:call/1:445)
2025-04-03 10:43:02.493460+00:00 [debug] Handling API call: get_credentials("1d", "alice") (eturnal_ctl:get_credentials/2:60)
2025-04-03 10:43:02.493591+00:00 [debug] eturnal call ({get_password,<<"1743763382:alice">>}) returned {ok,
                                                               <<"MZ/+cshIl+xYhcE16Avo7aMG3fM=">>} (eturnal_ctl:call/1:445)
2025-04-03 10:43:02.493723+00:00 [debug] Handling API call: get_password("1743763382:alice") (eturnal_ctl:get_password/1:79)
2025-04-03 10:43:02.493861+00:00 [debug] eturnal call ({get_password,<<"1743763382:alice">>}) returned {ok,
                                                               <<"MZ/+cshIl+xYhcE16Avo7aMG3fM=">>} (eturnal_ctl:call/1:445)
2025-04-03 10:43:02.494051+00:00 [debug] Handling API call: get_password("Invalid") (eturnal_ctl:get_password/1:79)
2025-04-03 10:43:02.494169+00:00 [debug] eturnal call ({get_password,<<"Invalid">>}) returned {error,no_credentials} (eturnal_ctl:call/1:448)
2025-04-03 10:43:02.494263+00:00 [debug] Handling API call: get_credentials("Invalid", []) (eturnal_ctl:get_credentials/2:60)
2025-04-03 10:43:02.494369+00:00 [debug] Invalid argument(s): "Invalid":[] (eturnal_ctl:get_credentials/2:73)
2025-04-03 10:43:02.494458+00:00 [debug] Handling API call: get_password(invalid) (eturnal_ctl:get_password/1:79)
2025-04-03 10:43:02.494561+00:00 [debug] Cannot convert user name to binary: invalid (eturnal_ctl:get_password/1:94)
2025-04-03 10:43:02.494656+00:00 [debug] Handling API call: get_credentials(invalid, []) (eturnal_ctl:get_credentials/2:60)
2025-04-03 10:43:02.494742+00:00 [debug] Invalid argument(s): invalid:[] (eturnal_ctl:get_credentials/2:73)
2025-04-03 10:43:02.494878+00:00 [debug] Handling API call: get_password([invalid]) (eturnal_ctl:get_password/1:79)
2025-04-03 10:43:02.494988+00:00 [debug] Cannot convert user name to binary: [invalid] (eturnal_ctl:get_password/1:94)
2025-04-03 10:43:02.495090+00:00 [debug] Handling API call: get_credentials([invalid], []) (eturnal_ctl:get_credentials/2:60)
2025-04-03 10:43:02.495194+00:00 [debug] Invalid argument(s): [invalid]:[] (eturnal_ctl:get_credentials/2:73)
2025-04-03 10:43:02.495328+00:00 [debug] Handling API call: get_credentials(1256900400, invalid) (eturnal_ctl:get_credentials/2:60)
2025-04-03 10:43:02.495418+00:00 [debug] Invalid argument(s): 1256900400:invalid (eturnal_ctl:get_credentials/2:73)
2025-04-03 10:43:02.495539+00:00 [debug] Handling API call: get_password("alice") (eturnal_ctl:get_password/1:79)
2025-04-03 10:43:02.495639+00:00 [debug] eturnal call ({get_password,<<"alice">>}) returned {ok,<<"l0vesBob">>} (eturnal_ctl:call/1:445)
2025-04-03 10:43:02.519262+00:00 [debug] Handling API call: set_loglevel(debug) (eturnal_ctl:set_loglevel/1:169)
2025-04-03 10:43:02.519446+00:00 [debug] eturnal call ({set_loglevel,debug}) returned ok (eturnal_ctl:call/1:442)
2025-04-03 10:43:02.519620+00:00 [debug] Handling API call: get_loglevel() (eturnal_ctl:get_loglevel/0:159)
2025-04-03 10:43:02.519712+00:00 [debug] eturnal call (get_loglevel) returned {ok,debug} (eturnal_ctl:call/1:445)
2025-04-03 10:43:02.519892+00:00 [debug] Handling API call: set_loglevel(invalid) (eturnal_ctl:set_loglevel/1:169)
2025-04-03 10:43:02.520000+00:00 [debug] Invalid log level: invalid (eturnal_ctl:set_loglevel/1:179)
2025-04-03 10:43:02.520148+00:00 [debug] Handling API call: get_loglevel() (eturnal_ctl:get_loglevel/0:159)
2025-04-03 10:43:02.520257+00:00 [debug] eturnal call (get_loglevel) returned {ok,debug} (eturnal_ctl:call/1:445)
2025-04-03 10:43:02.544170+00:00 [debug] Handling API call: get_version() (eturnal_ctl:get_version/0:149)
2025-04-03 10:43:02.544331+00:00 [debug] eturnal call (get_version) returned {ok,<<"1.12.1">>} (eturnal_ctl:call/1:445)
2025-04-03 10:43:02.567984+00:00 [debug] Handling API call: reload() (eturnal_ctl:reload/0:204)
2025-04-03 10:43:02.569973+00:00 [debug] Calling mod_log_stun:options/0 (eturnal_module:options/1:192)
2025-04-03 10:43:02.570075+00:00 [debug] Calling mod_stats_influx:options/0 (eturnal_module:options/1:192)
2025-04-03 10:43:02.570153+00:00 [debug] Calling mod_stats_prometheus:options/0 (eturnal_module:options/1:192)
2025-04-03 10:43:02.570661+00:00 [warning] TLS enabled without 'tls_crt_file', creating self-signed certificate (eturnal:check_pem_file/0:806)
2025-04-03 10:43:03.328057+00:00 [info] Using new TLS certificate (eturnal:reload/1:631)
2025-04-03 10:43:03.328340+00:00 [debug] Calling mod_log_stun:stop/1 (eturnal_module:stop/1:163)
2025-04-03 10:43:03.328490+00:00 [debug] Stopping mod_log_stun (mod_log_stun:stop/0:49)
2025-04-03 10:43:03.328581+00:00 [info] Stopped mod_log_stun (eturnal:stop_modules/1:398)
2025-04-03 10:43:03.328689+00:00 [debug] Calling mod_stats_influx:stop/1 (eturnal_module:stop/1:163)
2025-04-03 10:43:03.328817+00:00 [debug] Stopping mod_stats_influx (mod_stats_influx:stop/0:61)
2025-04-03 10:43:03.328920+00:00 [info] Stopped mod_stats_influx (eturnal:stop_modules/1:398)
2025-04-03 10:43:03.330998+00:00 [debug] Calling mod_stats_prometheus:stop/1 (eturnal_module:stop/1:163)
2025-04-03 10:43:03.331086+00:00 [debug] Stopping mod_stats_prometheus (mod_stats_prometheus:stop/0:110)
2025-04-03 10:43:03.331396+00:00 [info] Stopped mod_stats_prometheus (eturnal:stop_modules/1:398)
2025-04-03 10:43:03.331494+00:00 [debug] Calling mod_log_stun:start/0 (eturnal_module:start/1:143)
2025-04-03 10:43:03.331578+00:00 [debug] Starting mod_log_stun (mod_log_stun:start/0:38)
2025-04-03 10:43:03.332755+00:00 [info] Started mod_log_stun (eturnal:start_modules/0:385)
2025-04-03 10:43:03.332911+00:00 [debug] Calling mod_stats_influx:start/0 (eturnal_module:start/1:143)
2025-04-03 10:43:03.332992+00:00 [debug] Starting mod_stats_influx (mod_stats_influx:start/0:37)
2025-04-03 10:43:03.333180+00:00 [debug] Dependency influx_udp was available already (eturnal_module:ensure_dep/2:284)
2025-04-03 10:43:03.333522+00:00 [info]     options: #{port => 8089,host => "localhost",pool_size => 1,
               max_overflow => 1}
    msg: Start clients pool
    host: {127,0,0,1} (influx_udp:start_pool_/2:239)
2025-04-03 10:43:03.334947+00:00 [info] Started mod_stats_influx (eturnal:start_modules/0:385)
2025-04-03 10:43:03.335189+00:00 [debug] Calling mod_stats_prometheus:start/0 (eturnal_module:start/1:143)
2025-04-03 10:43:03.335320+00:00 [debug] Starting mod_stats_prometheus (mod_stats_prometheus:start/0:56)
2025-04-03 10:43:03.335536+00:00 [debug] Dependency prometheus_httpd was available already (eturnal_module:ensure_dep/2:284)
2025-04-03 10:43:03.336126+00:00 [debug] PROGRESS REPORT:
    supervisor: {local,httpd_instance_sup__127_0_0_1__9081default}
    started: [{pid,<0.1202.0>},
              {id,{httpd_connection_sup,{127,0,0,1},9081,default}},
              {mfargs,{httpd_connection_sup,start_link,[[{127,0,0,1},9081]]}},
              {restart_type,permanent},
              {significant,false},
              {shutdown,5000},
              {child_type,supervisor}]
 (supervisor:report_progress/3:2135)
2025-04-03 10:43:03.336295+00:00 [debug] PROGRESS REPORT:
    supervisor: {local,httpd_instance_sup__127_0_0_1__9081default}
    started: [{pid,<0.1203.0>},
              {id,{httpd_misc_sup,{127,0,0,1},9081,default}},
              {mfargs,{httpd_misc_sup,start_link,[{127,0,0,1},9081,default]}},
              {restart_type,permanent},
              {significant,false},
              {shutdown,infinity},
              {child_type,supervisor}]
 (supervisor:report_progress/3:2135)
2025-04-03 10:43:03.336595+00:00 [debug] PROGRESS REPORT:
    supervisor: {local,httpd_instance_sup__127_0_0_1__9081default}
    started: [{pid,<0.1204.0>},
              {id,{httpd_manager,{127,0,0,1},9081,default}},
              {mfargs,
                  {httpd_manager,start_link,
                      [undefined,
                       [{bind_address,{127,0,0,1}},
                        {socket_type,ip_comm},
                        {port,9081},
                        {server_root,"run/mod_stats_prometheus/doc"},
                        {document_root,"run/mod_stats_prometheus/doc"},
                        {server_name,"Prometheus Exporter"},
                        {modules,[prometheus_httpd]}],
                       15000]}},
              {restart_type,permanent},
              {significant,false},
              {shutdown,4000},
              {child_type,worker}]
 (supervisor:report_progress/3:2135)
2025-04-03 10:43:03.336990+00:00 [debug] PROGRESS REPORT:
    supervisor: {local,httpd_acceptor_sup__127_0_0_1__9081default}
    started: [{pid,<0.1206.0>},
              {id,{httpd_acceptor_sup,{127,0,0,1},9081,default}},
              {mfargs,{httpd_acceptor,start_link,
                                      [httpd__127_0_0_1__9081default,ip_comm,
                                       {127,0,0,1},
                                       9081,inet,
                                       httpd_conf__127_0_0_1__9081default,
                                       15000]}},
              {restart_type,transient},
              {significant,false},
              {shutdown,brutal_kill},
              {child_type,worker}]
 (supervisor:report_progress/3:2135)
2025-04-03 10:43:03.337124+00:00 [debug] PROGRESS REPORT:
    supervisor: {local,httpd_instance_sup__127_0_0_1__9081default}
    started: [{pid,<0.1205.0>},
              {id,{httpd_acceptor_sup,{127,0,0,1},9081,default}},
              {mfargs,
                  {httpd_acceptor_sup,start_link,
                      [[{127,0,0,1},
                        9081,
                        [{bind_address,{127,0,0,1}},
                         {socket_type,ip_comm},
                         {port,9081},
                         {server_root,"run/mod_stats_prometheus/doc"},
                         {document_root,"run/mod_stats_prometheus/doc"},
                         {server_name,"Prometheus Exporter"},
                         {modules,[prometheus_httpd]}],
                        15000,undefined]]}},
              {restart_type,permanent},
              {significant,false},
              {shutdown,infinity},
              {child_type,supervisor}]
 (supervisor:report_progress/3:2135)
2025-04-03 10:43:03.337299+00:00 [debug] PROGRESS REPORT:
    supervisor: {local,httpd_sup}
    started: [{pid,<0.1201.0>},
              {id,{httpd_instance_sup,{127,0,0,1},9081,default}},
              {mfargs,
                  {httpd_instance_sup,start_link,
                      [[{bind_address,{127,0,0,1}},
                        {socket_type,ip_comm},
                        {port,9081},
                        {server_root,"run/mod_stats_prometheus/doc"},
                        {document_root,"run/mod_stats_prometheus/doc"},
                        {server_name,"Prometheus Exporter"},
                        {modules,[prometheus_httpd]}],
                       15000,[]]}},
              {restart_type,permanent},
              {significant,false},
              {shutdown,infinity},
              {child_type,supervisor}]
 (supervisor:report_progress/3:2145)
2025-04-03 10:43:03.341193+00:00 [info] Started mod_stats_prometheus (eturnal:start_modules/0:385)
2025-04-03 10:43:03.341322+00:00 [debug] Restarted modules (eturnal:reload/1:639)
2025-04-03 10:43:03.341567+00:00 [debug] eturnal call (reload) returned ok (eturnal_ctl:call/1:442)
2025-04-03 10:43:03.341990+00:00 [debug] Handling API call: reload() (eturnal_ctl:reload/0:204)
2025-04-03 10:43:03.344552+00:00 [debug] Calling mod_log_stun:options/0 (eturnal_module:options/1:192)
2025-04-03 10:43:03.344667+00:00 [debug] Calling mod_stats_influx:options/0 (eturnal_module:options/1:192)
2025-04-03 10:43:03.344751+00:00 [debug] Calling mod_stats_prometheus:options/0 (eturnal_module:options/1:192)
2025-04-03 10:43:03.345636+00:00 [debug] Keeping PEM file (run/cert.pem) (eturnal:check_pem_file/0:803)
2025-04-03 10:43:03.345735+00:00 [debug] TLS certificate unchanged (eturnal:reload/1:633)
2025-04-03 10:43:03.347542+00:00 [debug] Calling mod_log_stun:stop/1 (eturnal_module:stop/1:163)
2025-04-03 10:43:03.347768+00:00 [debug] Stopping mod_log_stun (mod_log_stun:stop/0:49)
2025-04-03 10:43:03.347897+00:00 [info] Stopped mod_log_stun (eturnal:stop_modules/1:398)
2025-04-03 10:43:03.348921+00:00 [debug] Calling mod_stats_influx:stop/1 (eturnal_module:stop/1:163)
2025-04-03 10:43:03.349045+00:00 [debug] Stopping mod_stats_influx (mod_stats_influx:stop/0:61)
2025-04-03 10:43:03.349181+00:00 [info] Stopped mod_stats_influx (eturnal:stop_modules/1:398)
2025-04-03 10:43:03.351405+00:00 [debug] Calling mod_stats_prometheus:stop/1 (eturnal_module:stop/1:163)
2025-04-03 10:43:03.351522+00:00 [debug] Stopping mod_stats_prometheus (mod_stats_prometheus:stop/0:110)
2025-04-03 10:43:03.352073+00:00 [info] Stopped mod_stats_prometheus (eturnal:stop_modules/1:398)
2025-04-03 10:43:03.352183+00:00 [debug] Calling mod_log_stun:start/0 (eturnal_module:start/1:143)
2025-04-03 10:43:03.352372+00:00 [debug] Starting mod_log_stun (mod_log_stun:start/0:38)
2025-04-03 10:43:03.353354+00:00 [info] Started mod_log_stun (eturnal:start_modules/0:385)
2025-04-03 10:43:03.353474+00:00 [debug] Calling mod_stats_influx:start/0 (eturnal_module:start/1:143)
2025-04-03 10:43:03.353567+00:00 [debug] Starting mod_stats_influx (mod_stats_influx:start/0:37)
2025-04-03 10:43:03.353670+00:00 [debug] Dependency influx_udp was available already (eturnal_module:ensure_dep/2:284)
2025-04-03 10:43:03.354122+00:00 [info]     options: #{port => 8089,host => "localhost",pool_size => 1,
               max_overflow => 1}
    msg: Start clients pool
    host: {127,0,0,1} (influx_udp:start_pool_/2:239)
2025-04-03 10:43:03.356898+00:00 [info] Started mod_stats_influx (eturnal:start_modules/0:385)
2025-04-03 10:43:03.357046+00:00 [debug] Calling mod_stats_prometheus:start/0 (eturnal_module:start/1:143)
2025-04-03 10:43:03.357190+00:00 [debug] Starting mod_stats_prometheus (mod_stats_prometheus:start/0:56)
2025-04-03 10:43:03.357300+00:00 [debug] Dependency prometheus_httpd was available already (eturnal_module:ensure_dep/2:284)
2025-04-03 10:43:03.357874+00:00 [debug] PROGRESS REPORT:
    supervisor: {local,httpd_instance_sup__127_0_0_1__9081default}
    started: [{pid,<0.1237.0>},
              {id,{httpd_connection_sup,{127,0,0,1},9081,default}},
              {mfargs,{httpd_connection_sup,start_link,[[{127,0,0,1},9081]]}},
              {restart_type,permanent},
              {significant,false},
              {shutdown,5000},
              {child_type,supervisor}]
 (supervisor:report_progress/3:2135)
2025-04-03 10:43:03.358055+00:00 [debug] PROGRESS REPORT:
    supervisor: {local,httpd_instance_sup__127_0_0_1__9081default}
    started: [{pid,<0.1238.0>},
              {id,{httpd_misc_sup,{127,0,0,1},9081,default}},
              {mfargs,{httpd_misc_sup,start_link,[{127,0,0,1},9081,default]}},
              {restart_type,permanent},
              {significant,false},
              {shutdown,infinity},
              {child_type,supervisor}]
 (supervisor:report_progress/3:2135)
2025-04-03 10:43:03.358340+00:00 [debug] PROGRESS REPORT:
    supervisor: {local,httpd_instance_sup__127_0_0_1__9081default}
    started: [{pid,<0.1239.0>},
              {id,{httpd_manager,{127,0,0,1},9081,default}},
              {mfargs,
                  {httpd_manager,start_link,
                      [undefined,
                       [{bind_address,{127,0,0,1}},
                        {socket_type,ip_comm},
                        {port,9081},
                        {server_root,"run/mod_stats_prometheus/doc"},
                        {document_root,"run/mod_stats_prometheus/doc"},
                        {server_name,"Prometheus Exporter"},
                        {modules,[prometheus_httpd]}],
                       15000]}},
              {restart_type,permanent},
              {significant,false},
              {shutdown,4000},
              {child_type,worker}]
 (supervisor:report_progress/3:2135)
2025-04-03 10:43:03.358719+00:00 [debug] PROGRESS REPORT:
    supervisor: {local,httpd_acceptor_sup__127_0_0_1__9081default}
    started: [{pid,<0.1241.0>},
              {id,{httpd_acceptor_sup,{127,0,0,1},9081,default}},
              {mfargs,{httpd_acceptor,start_link,
                                      [httpd__127_0_0_1__9081default,ip_comm,
                                       {127,0,0,1},
                                       9081,inet,
                                       httpd_conf__127_0_0_1__9081default,
                                       15000]}},
              {restart_type,transient},
              {significant,false},
              {shutdown,brutal_kill},
              {child_type,worker}]
 (supervisor:report_progress/3:2135)
2025-04-03 10:43:03.358899+00:00 [debug] PROGRESS REPORT:
    supervisor: {local,httpd_instance_sup__127_0_0_1__9081default}
    started: [{pid,<0.1240.0>},
              {id,{httpd_acceptor_sup,{127,0,0,1},9081,default}},
              {mfargs,
                  {httpd_acceptor_sup,start_link,
                      [[{127,0,0,1},
                        9081,
                        [{bind_address,{127,0,0,1}},
                         {socket_type,ip_comm},
                         {port,9081},
                         {server_root,"run/mod_stats_prometheus/doc"},
                         {document_root,"run/mod_stats_prometheus/doc"},
                         {server_name,"Prometheus Exporter"},
                         {modules,[prometheus_httpd]}],
                        15000,undefined]]}},
              {restart_type,permanent},
              {significant,false},
              {shutdown,infinity},
              {child_type,supervisor}]
 (supervisor:report_progress/3:2135)
2025-04-03 10:43:03.359038+00:00 [debug] PROGRESS REPORT:
    supervisor: {local,httpd_sup}
    started: [{pid,<0.1236.0>},
              {id,{httpd_instance_sup,{127,0,0,1},9081,default}},
              {mfargs,
                  {httpd_instance_sup,start_link,
                      [[{bind_address,{127,0,0,1}},
                        {socket_type,ip_comm},
                        {port,9081},
                        {server_root,"run/mod_stats_prometheus/doc"},
                        {document_root,"run/mod_stats_prometheus/doc"},
                        {server_name,"Prometheus Exporter"},
                        {modules,[prometheus_httpd]}],
                       15000,[]]}},
              {restart_type,permanent},
              {significant,false},
              {shutdown,infinity},
              {child_type,supervisor}]
 (supervisor:report_progress/3:2145)
2025-04-03 10:43:03.363139+00:00 [info] Started mod_stats_prometheus (eturnal:start_modules/0:385)
2025-04-03 10:43:03.363256+00:00 [debug] Restarted modules (eturnal:reload/1:639)
2025-04-03 10:43:03.363374+00:00 [debug] eturnal call (reload) returned ok (eturnal_ctl:call/1:442)
2025-04-03 10:43:03.388950+00:00 [info] Accepting connection: 127.0.0.1:48640 -> 127.0.0.1:34780 [TCP, session prw1515k5qfc] (stun_acceptor:accept/3:158)
2025-04-03 10:43:03.412364+00:00 [info] Accepting connection: 127.0.0.1:49632 -> 127.0.0.1:53490 [TLS, session 7522340c7gi0] (stun_acceptor:accept/3:158)
2025-04-03 10:43:03.441041+00:00 [debug] Received:
#stun{class = request,method = 3,magic = 554869826,
      trid = 12075124516797011781070899444,raw = <<>>,unsupported = [],
      'ALTERNATE-SERVER' = undefined,'CHANNEL-NUMBER' = undefined,
      'DATA' = undefined,'DONT-FRAGMENT' = false,'ERROR-CODE' = undefined,
      'LIFETIME' = undefined,'MAPPED-ADDRESS' = undefined,
      'MESSAGE-INTEGRITY' = undefined,'NONCE' = undefined,'REALM' = undefined,
      'REQUESTED-ADDRESS-FAMILY' = undefined,
      'REQUESTED-TRANSPORT' = undefined,'SOFTWARE' = undefined,
      'UNKNOWN-ATTRIBUTES' = [],'USERNAME' = undefined,
      'XOR-MAPPED-ADDRESS' = undefined,'XOR-PEER-ADDRESS' = [],
      'XOR-RELAYED-ADDRESS' = undefined} (stun:udp_recv/5:146)
2025-04-03 10:43:03.441197+00:00 [debug] Sending:
#stun{class = error,method = 3,magic = 554869826,
      trid = 12075124516797011781070899444,raw = <<>>,unsupported = [],
      'ALTERNATE-SERVER' = undefined,'CHANNEL-NUMBER' = undefined,
      'DATA' = undefined,'DONT-FRAGMENT' = false,
      'ERROR-CODE' = {401,<<"Unauthorized">>},
      'LIFETIME' = undefined,'MAPPED-ADDRESS' = undefined,
      'MESSAGE-INTEGRITY' = undefined,'NONCE' = <<"3344456723">>,
      'REALM' = <<"eturnal.net">>,'REQUESTED-ADDRESS-FAMILY' = undefined,
      'REQUESTED-TRANSPORT' = undefined,'SOFTWARE' = <<"eturnal">>,
      'UNKNOWN-ATTRIBUTES' = [],'USERNAME' = undefined,
      'XOR-MAPPED-ADDRESS' = undefined,'XOR-PEER-ADDRESS' = [],
      'XOR-RELAYED-ADDRESS' = undefined} (stun:send/3:498)
2025-04-03 10:43:03.441456+00:00 [debug] Received:
#stun{class = request,method = 3,magic = 554869826,
      trid = 45786437927649965613482413208,
      raw = <<0,3,0,76,33,18,164,66,147,241,167,93,147,152,23,229,104,18,140,
              152,0,25,0,4,17,0,0,0,0,6,0,5,97,108,105,99,101,0,0,0,0,20,0,11,
              101,116,117,114,110,97,108,46,110,101,116,0,0,21,0,10,51,51,52,
              52,52,53,54,55,50,51,0,0>>,
      unsupported = [],'ALTERNATE-SERVER' = undefined,
      'CHANNEL-NUMBER' = undefined,'DATA' = undefined,'DONT-FRAGMENT' = false,
      'ERROR-CODE' = undefined,'LIFETIME' = undefined,
      'MAPPED-ADDRESS' = undefined,
      'MESSAGE-INTEGRITY' = <<174,88,222,126,65,3,86,8,16,198,75,32,161,156,
                              127,163,111,218,158,179>>,
      'NONCE' = <<"3344456723">>,'REALM' = <<"eturnal.net">>,
      'REQUESTED-ADDRESS-FAMILY' = undefined,'REQUESTED-TRANSPORT' = udp,
      'SOFTWARE' = undefined,'UNKNOWN-ATTRIBUTES' = [],
      'USERNAME' = <<"alice">>,'XOR-MAPPED-ADDRESS' = undefined,
      'XOR-PEER-ADDRESS' = [],'XOR-RELAYED-ADDRESS' = undefined} (stun:udp_recv/5:146)
2025-04-03 10:43:03.441559+00:00 [debug] Looking up password for: alice [UDP, session r8pocirwoq8p, user alice, client 127.0.0.1:34904] (eturnal:get_password/2:259)
2025-04-03 10:43:03.441612+00:00 [info] Accepting long-term STUN/TURN authentication [UDP, session r8pocirwoq8p, user alice, client 127.0.0.1:34904] (stun:process/2:287)
2025-04-03 10:43:03.444451+00:00 [debug] Running 'turn_session_start' hook [UDP, session r8pocirwoq8p, user alice, client 127.0.0.1:34904] (turn:run_hook/3:753)
2025-04-03 10:43:03.444527+00:00 [debug] Got 'turn_session_start' event [UDP, session r8pocirwoq8p, user alice, client 127.0.0.1:34904] (eturnal_module:handle_event/2:177)
2025-04-03 10:43:03.444574+00:00 [debug] Calling mod_stats_prometheus:handle_event/2 [UDP, session r8pocirwoq8p, user alice, client 127.0.0.1:34904] (eturnal_module:handle_event/2:180)
2025-04-03 10:43:03.444643+00:00 [debug] Observing started TURN session r8pocirwoq8p for Prometheus [UDP, session r8pocirwoq8p, user alice, client 127.0.0.1:34904] (mod_stats_prometheus:on_turn_session_start/1:174)
2025-04-03 10:43:03.444855+00:00 [notice] Creating TURN allocation (lifetime: 600 seconds) [UDP, session r8pocirwoq8p, user alice, client 127.0.0.1:34904, relay 127.0.0.1:59022] (turn:wait_for_allocate/2:226)
2025-04-03 10:43:03.444971+00:00 [debug] Sending:
#stun{class = response,method = 3,magic = 554869826,
      trid = 45786437927649965613482413208,raw = <<>>,unsupported = [],
      'ALTERNATE-SERVER' = undefined,'CHANNEL-NUMBER' = undefined,
      'DATA' = undefined,'DONT-FRAGMENT' = false,'ERROR-CODE' = undefined,
      'LIFETIME' = 600,'MAPPED-ADDRESS' = undefined,
      'MESSAGE-INTEGRITY' = undefined,'NONCE' = undefined,'REALM' = undefined,
      'REQUESTED-ADDRESS-FAMILY' = undefined,
      'REQUESTED-TRANSPORT' = undefined,'SOFTWARE' = <<"eturnal">>,
      'UNKNOWN-ATTRIBUTES' = [],'USERNAME' = undefined,
      'XOR-MAPPED-ADDRESS' = {{127,0,0,1},34904},
      'XOR-PEER-ADDRESS' = [],
      'XOR-RELAYED-ADDRESS' = {{127,0,0,1},59022}} (turn:send/2:549)
2025-04-03 10:43:03.445269+00:00 [debug] Received:
#stun{class = request,method = 4,magic = 554869826,
      trid = 37512549962720429745779594649,
      raw = <<0,4,0,76,33,18,164,66,121,53,167,112,64,172,23,138,101,185,85,
              153,0,6,0,5,97,108,105,99,101,0,0,0,0,20,0,11,101,116,117,114,
              110,97,108,46,110,101,116,0,0,21,0,10,51,51,52,52,52,53,54,55,50,
              51,0,0,0,13,0,4,0,0,0,0>>,
      unsupported = [],'ALTERNATE-SERVER' = undefined,
      'CHANNEL-NUMBER' = undefined,'DATA' = undefined,'DONT-FRAGMENT' = false,
      'ERROR-CODE' = undefined,'LIFETIME' = 0,'MAPPED-ADDRESS' = undefined,
      'MESSAGE-INTEGRITY' = <<44,232,251,157,237,209,237,44,67,69,214,129,43,
                              95,100,23,161,206,231,68>>,
      'NONCE' = <<"3344456723">>,'REALM' = <<"eturnal.net">>,
      'REQUESTED-ADDRESS-FAMILY' = undefined,
      'REQUESTED-TRANSPORT' = undefined,'SOFTWARE' = undefined,
      'UNKNOWN-ATTRIBUTES' = [],'USERNAME' = <<"alice">>,
      'XOR-MAPPED-ADDRESS' = undefined,'XOR-PEER-ADDRESS' = [],
      'XOR-RELAYED-ADDRESS' = undefined} (stun:udp_recv/5:146)
2025-04-03 10:43:03.445389+00:00 [debug] Looking up password for: alice [UDP, session bl5lb251bpv7, user alice, client 127.0.0.1:34904] (eturnal:get_password/2:259)
2025-04-03 10:43:03.445493+00:00 [info] Accepting long-term STUN/TURN authentication [UDP, session bl5lb251bpv7, user alice, client 127.0.0.1:34904] (stun:process/2:287)
2025-04-03 10:43:03.445602+00:00 [info] Client requested closing the TURN session [UDP, session r8pocirwoq8p, user alice, client 127.0.0.1:34904, relay 127.0.0.1:59022] (turn:active/2:285)
2025-04-03 10:43:03.445683+00:00 [debug] Sending:
#stun{class = response,method = 4,magic = 554869826,
      trid = 37512549962720429745779594649,raw = <<>>,unsupported = [],
      'ALTERNATE-SERVER' = undefined,'CHANNEL-NUMBER' = undefined,
      'DATA' = undefined,'DONT-FRAGMENT' = false,'ERROR-CODE' = undefined,
      'LIFETIME' = 0,'MAPPED-ADDRESS' = undefined,
      'MESSAGE-INTEGRITY' = undefined,'NONCE' = undefined,'REALM' = undefined,
      'REQUESTED-ADDRESS-FAMILY' = undefined,
      'REQUESTED-TRANSPORT' = undefined,'SOFTWARE' = <<"eturnal">>,
      'UNKNOWN-ATTRIBUTES' = [],'USERNAME' = undefined,
      'XOR-MAPPED-ADDRESS' = undefined,'XOR-PEER-ADDRESS' = [],
      'XOR-RELAYED-ADDRESS' = undefined} (turn:send/2:549)
2025-04-03 10:43:03.445807+00:00 [info] Deleting TURN allocation [UDP, session r8pocirwoq8p, user alice, client 127.0.0.1:34904, relay 127.0.0.1:59022] (turn:terminate/3:482)
2025-04-03 10:43:03.445905+00:00 [notice] Relayed 0 KiB (in 0 B / 0 packets, out 0 B / 0 packets), duration: 0 seconds [UDP, session r8pocirwoq8p, user alice, client 127.0.0.1:34904, relay 127.0.0.1:59022] (turn:terminate/3:489)
2025-04-03 10:43:03.445985+00:00 [debug] Running 'turn_session_stop' hook [UDP, session r8pocirwoq8p, user alice, client 127.0.0.1:34904, relay 127.0.0.1:59022] (turn:run_hook/3:753)
2025-04-03 10:43:03.446058+00:00 [debug] Got 'turn_session_stop' event [UDP, session r8pocirwoq8p, user alice, client 127.0.0.1:34904, relay 127.0.0.1:59022] (eturnal_module:handle_event/2:177)
2025-04-03 10:43:03.446115+00:00 [debug] Calling mod_stats_influx:handle_event/2 [UDP, session r8pocirwoq8p, user alice, client 127.0.0.1:34904, relay 127.0.0.1:59022] (eturnal_module:handle_event/2:180)
2025-04-03 10:43:03.446091+00:00 [debug] Received:
#stun{class = request,method = 3,magic = 554869826,
      trid = 35949222302265934422699229888,raw = <<>>,unsupported = [],
      'ALTERNATE-SERVER' = undefined,'CHANNEL-NUMBER' = undefined,
      'DATA' = undefined,'DONT-FRAGMENT' = false,'ERROR-CODE' = undefined,
      'LIFETIME' = undefined,'MAPPED-ADDRESS' = undefined,
      'MESSAGE-INTEGRITY' = undefined,'NONCE' = undefined,'REALM' = undefined,
      'REQUESTED-ADDRESS-FAMILY' = undefined,
      'REQUESTED-TRANSPORT' = undefined,'SOFTWARE' = undefined,
      'UNKNOWN-ATTRIBUTES' = [],'USERNAME' = undefined,
      'XOR-MAPPED-ADDRESS' = undefined,'XOR-PEER-ADDRESS' = [],
      'XOR-RELAYED-ADDRESS' = undefined} (stun:udp_recv/5:146)
2025-04-03 10:43:03.446170+00:00 [debug] Writing stats of TURN session r8pocirwoq8p to InfluxDB [UDP, session r8pocirwoq8p, user alice, client 127.0.0.1:34904, relay 127.0.0.1:59022] (mod_stats_influx:on_turn_session_stop/1:87)
2025-04-03 10:43:03.446247+00:00 [debug] Sending:
#stun{class = error,method = 3,magic = 554869826,
      trid = 35949222302265934422699229888,raw = <<>>,unsupported = [],
      'ALTERNATE-SERVER' = undefined,'CHANNEL-NUMBER' = undefined,
      'DATA' = undefined,'DONT-FRAGMENT' = false,
      'ERROR-CODE' = {401,<<"Unauthorized">>},
      'LIFETIME' = undefined,'MAPPED-ADDRESS' = undefined,
      'MESSAGE-INTEGRITY' = undefined,'NONCE' = <<"2753618370">>,
      'REALM' = <<"eturnal.net">>,'REQUESTED-ADDRESS-FAMILY' = undefined,
      'REQUESTED-TRANSPORT' = undefined,'SOFTWARE' = <<"eturnal">>,
      'UNKNOWN-ATTRIBUTES' = [],'USERNAME' = undefined,
      'XOR-MAPPED-ADDRESS' = undefined,'XOR-PEER-ADDRESS' = [],
      'XOR-RELAYED-ADDRESS' = undefined} (stun:send/3:498)
2025-04-03 10:43:03.446539+00:00 [debug] Received:
#stun{class = request,method = 3,magic = 554869826,
      trid = 65806294851586795767425578074,
      raw = <<0,3,0,80,33,18,164,66,212,161,176,248,16,203,99,183,36,70,180,90,
              0,25,0,4,17,0,0,0,0,6,0,10,50,49,52,53,57,49,51,50,48,48,0,0,0,
              20,0,11,101,116,117,114,110,97,108,46,110,101,116,0,0,21,0,10,50,
              55,53,51,54,49,56,51,55,48,0,0>>,
      unsupported = [],'ALTERNATE-SERVER' = undefined,
      'CHANNEL-NUMBER' = undefined,'DATA' = undefined,'DONT-FRAGMENT' = false,
      'ERROR-CODE' = undefined,'LIFETIME' = undefined,
      'MAPPED-ADDRESS' = undefined,
      'MESSAGE-INTEGRITY' = <<109,11,99,101,215,24,61,111,127,75,28,10,55,125,
                              12,85,82,160,34,25>>,
      'NONCE' = <<"2753618370">>,'REALM' = <<"eturnal.net">>,
      'REQUESTED-ADDRESS-FAMILY' = undefined,'REQUESTED-TRANSPORT' = udp,
      'SOFTWARE' = undefined,'UNKNOWN-ATTRIBUTES' = [],
      'USERNAME' = <<"2145913200">>,'XOR-MAPPED-ADDRESS' = undefined,
      'XOR-PEER-ADDRESS' = [],'XOR-RELAYED-ADDRESS' = undefined} (stun:udp_recv/5:146)
2025-04-03 10:43:03.446659+00:00 [debug] Deriving password for: 2145913200 [UDP, session putkgrcgt7wc, user 2145913200, client 127.0.0.1:59011] (eturnal:get_password/2:245)
2025-04-03 10:43:03.446724+00:00 [info] Accepting long-term STUN/TURN authentication [UDP, session putkgrcgt7wc, user 2145913200, client 127.0.0.1:59011] (stun:process/2:287)
2025-04-03 10:43:03.446813+00:00 [debug] Running 'turn_session_start' hook [UDP, session putkgrcgt7wc, user 2145913200, client 127.0.0.1:59011] (turn:run_hook/3:753)
2025-04-03 10:43:03.446889+00:00 [debug] Got 'turn_session_start' event [UDP, session putkgrcgt7wc, user 2145913200, client 127.0.0.1:59011] (eturnal_module:handle_event/2:177)
2025-04-03 10:43:03.446931+00:00 [debug] Calling mod_stats_prometheus:handle_event/2 [UDP, session putkgrcgt7wc, user 2145913200, client 127.0.0.1:59011] (eturnal_module:handle_event/2:180)
2025-04-03 10:43:03.446976+00:00 [debug] Observing started TURN session putkgrcgt7wc for Prometheus [UDP, session putkgrcgt7wc, user 2145913200, client 127.0.0.1:59011] (mod_stats_prometheus:on_turn_session_start/1:174)
2025-04-03 10:43:03.447141+00:00 [notice] Creating TURN allocation (lifetime: 600 seconds) [UDP, session putkgrcgt7wc, user 2145913200, client 127.0.0.1:59011, relay 127.0.0.1:50444] (turn:wait_for_allocate/2:226)
2025-04-03 10:43:03.447242+00:00 [debug] Sending:
#stun{class = response,method = 3,magic = 554869826,
      trid = 65806294851586795767425578074,raw = <<>>,unsupported = [],
      'ALTERNATE-SERVER' = undefined,'CHANNEL-NUMBER' = undefined,
      'DATA' = undefined,'DONT-FRAGMENT' = false,'ERROR-CODE' = undefined,
      'LIFETIME' = 600,'MAPPED-ADDRESS' = undefined,
      'MESSAGE-INTEGRITY' = undefined,'NONCE' = undefined,'REALM' = undefined,
      'REQUESTED-ADDRESS-FAMILY' = undefined,
      'REQUESTED-TRANSPORT' = undefined,'SOFTWARE' = <<"eturnal">>,
      'UNKNOWN-ATTRIBUTES' = [],'USERNAME' = undefined,
      'XOR-MAPPED-ADDRESS' = {{127,0,0,1},59011},
      'XOR-PEER-ADDRESS' = [],
      'XOR-RELAYED-ADDRESS' = {{127,0,0,1},50444}} (turn:send/2:549)
2025-04-03 10:43:03.447538+00:00 [debug] Received:
#stun{class = request,method = 4,magic = 554869826,
      trid = 66996127931599521626920164231,
      raw = <<0,4,0,80,33,18,164,66,216,121,229,236,147,237,238,123,173,201,
              155,135,0,6,0,10,50,49,52,53,57,49,51,50,48,48,0,0,0,20,0,11,101,
              116,117,114,110,97,108,46,110,101,116,0,0,21,0,10,50,55,53,51,54,
              49,56,51,55,48,0,0,0,13,0,4,0,0,0,0>>,
      unsupported = [],'ALTERNATE-SERVER' = undefined,
      'CHANNEL-NUMBER' = undefined,'DATA' = undefined,'DONT-FRAGMENT' = false,
      'ERROR-CODE' = undefined,'LIFETIME' = 0,'MAPPED-ADDRESS' = undefined,
      'MESSAGE-INTEGRITY' = <<3,216,86,37,143,31,243,83,103,92,252,75,8,147,
                              111,177,48,76,63,186>>,
      'NONCE' = <<"2753618370">>,'REALM' = <<"eturnal.net">>,
      'REQUESTED-ADDRESS-FAMILY' = undefined,
      'REQUESTED-TRANSPORT' = undefined,'SOFTWARE' = undefined,
      'UNKNOWN-ATTRIBUTES' = [],'USERNAME' = <<"2145913200">>,
      'XOR-MAPPED-ADDRESS' = undefined,'XOR-PEER-ADDRESS' = [],
      'XOR-RELAYED-ADDRESS' = undefined} (stun:udp_recv/5:146)
2025-04-03 10:43:03.447652+00:00 [debug] Deriving password for: 2145913200 [UDP, session 0d9ylgzjnoiy, user 2145913200, client 127.0.0.1:59011] (eturnal:get_password/2:245)
2025-04-03 10:43:03.447732+00:00 [info] Accepting long-term STUN/TURN authentication [UDP, session 0d9ylgzjnoiy, user 2145913200, client 127.0.0.1:59011] (stun:process/2:287)
2025-04-03 10:43:03.447790+00:00 [info] Client requested closing the TURN session [UDP, session putkgrcgt7wc, user 2145913200, client 127.0.0.1:59011, relay 127.0.0.1:50444] (turn:active/2:285)
2025-04-03 10:43:03.447890+00:00 [debug] Sending:
#stun{class = response,method = 4,magic = 554869826,
      trid = 66996127931599521626920164231,raw = <<>>,unsupported = [],
      'ALTERNATE-SERVER' = undefined,'CHANNEL-NUMBER' = undefined,
      'DATA' = undefined,'DONT-FRAGMENT' = false,'ERROR-CODE' = undefined,
      'LIFETIME' = 0,'MAPPED-ADDRESS' = undefined,
      'MESSAGE-INTEGRITY' = undefined,'NONCE' = undefined,'REALM' = undefined,
      'REQUESTED-ADDRESS-FAMILY' = undefined,
      'REQUESTED-TRANSPORT' = undefined,'SOFTWARE' = <<"eturnal">>,
      'UNKNOWN-ATTRIBUTES' = [],'USERNAME' = undefined,
      'XOR-MAPPED-ADDRESS' = undefined,'XOR-PEER-ADDRESS' = [],
      'XOR-RELAYED-ADDRESS' = undefined} (turn:send/2:549)
2025-04-03 10:43:03.448024+00:00 [info] Deleting TURN allocation [UDP, session putkgrcgt7wc, user 2145913200, client 127.0.0.1:59011, relay 127.0.0.1:50444] (turn:terminate/3:482)
2025-04-03 10:43:03.448076+00:00 [notice] Relayed 0 KiB (in 0 B / 0 packets, out 0 B / 0 packets), duration: 0 seconds [UDP, session putkgrcgt7wc, user 2145913200, client 127.0.0.1:59011, relay 127.0.0.1:50444] (turn:terminate/3:489)
2025-04-03 10:43:03.448146+00:00 [debug] Running 'turn_session_stop' hook [UDP, session putkgrcgt7wc, user 2145913200, client 127.0.0.1:59011, relay 127.0.0.1:50444] (turn:run_hook/3:753)
2025-04-03 10:43:03.448202+00:00 [debug] Got 'turn_session_stop' event [UDP, session putkgrcgt7wc, user 2145913200, client 127.0.0.1:59011, relay 127.0.0.1:50444] (eturnal_module:handle_event/2:177)
2025-04-03 10:43:03.448281+00:00 [debug] Calling mod_stats_influx:handle_event/2 [UDP, session putkgrcgt7wc, user 2145913200, client 127.0.0.1:59011, relay 127.0.0.1:50444] (eturnal_module:handle_event/2:180)
2025-04-03 10:43:03.448256+00:00 [debug] Calling mod_stats_prometheus:handle_event/2 [UDP, session r8pocirwoq8p, user alice, client 127.0.0.1:34904, relay 127.0.0.1:59022] (eturnal_module:handle_event/2:180)
2025-04-03 10:43:03.448321+00:00 [debug] Observing stopped TURN session r8pocirwoq8p for Prometheus [UDP, session r8pocirwoq8p, user alice, client 127.0.0.1:34904, relay 127.0.0.1:59022] (mod_stats_prometheus:on_turn_session_stop/1:187)
2025-04-03 10:43:03.448320+00:00 [debug] Writing stats of TURN session putkgrcgt7wc to InfluxDB [UDP, session putkgrcgt7wc, user 2145913200, client 127.0.0.1:59011, relay 127.0.0.1:50444] (mod_stats_influx:on_turn_session_stop/1:87)
2025-04-03 10:43:03.448505+00:00 [debug] Calling mod_stats_prometheus:handle_event/2 [UDP, session putkgrcgt7wc, user 2145913200, client 127.0.0.1:59011, relay 127.0.0.1:50444] (eturnal_module:handle_event/2:180)
2025-04-03 10:43:03.448556+00:00 [debug] Observing stopped TURN session putkgrcgt7wc for Prometheus [UDP, session putkgrcgt7wc, user 2145913200, client 127.0.0.1:59011, relay 127.0.0.1:50444] (mod_stats_prometheus:on_turn_session_stop/1:187)
2025-04-03 10:43:03.471499+00:00 [debug] Received:
#stun{class = request,method = 1,magic = 554869826,
      trid = 33959600896409442532500472835,raw = <<>>,unsupported = [],
      'ALTERNATE-SERVER' = undefined,'CHANNEL-NUMBER' = undefined,
      'DATA' = undefined,'DONT-FRAGMENT' = false,'ERROR-CODE' = undefined,
      'LIFETIME' = undefined,'MAPPED-ADDRESS' = undefined,
      'MESSAGE-INTEGRITY' = undefined,'NONCE' = undefined,'REALM' = undefined,
      'REQUESTED-ADDRESS-FAMILY' = undefined,
      'REQUESTED-TRANSPORT' = undefined,'SOFTWARE' = undefined,
      'UNKNOWN-ATTRIBUTES' = [],'USERNAME' = undefined,
      'XOR-MAPPED-ADDRESS' = undefined,'XOR-PEER-ADDRESS' = [],
      'XOR-RELAYED-ADDRESS' = undefined} (stun:udp_recv/5:146)
2025-04-03 10:43:03.471571+00:00 [debug] Responding to STUN request [UDP, session jzr0anm3zhyw, anonymous, client 127.0.0.1:45755] (stun:process/4:355)
2025-04-03 10:43:03.471612+00:00 [debug] Running 'stun_query' hook [UDP, session jzr0anm3zhyw, anonymous, client 127.0.0.1:45755] (stun:run_hook/3:742)
2025-04-03 10:43:03.471644+00:00 [debug] Got 'stun_query' event [UDP, session jzr0anm3zhyw, anonymous, client 127.0.0.1:45755] (eturnal_module:handle_event/2:177)
2025-04-03 10:43:03.471677+00:00 [debug] Calling mod_log_stun:handle_event/2 [UDP, session jzr0anm3zhyw, anonymous, client 127.0.0.1:45755] (eturnal_module:handle_event/2:180)
2025-04-03 10:43:03.471714+00:00 [info] Responding to STUN request [UDP, session jzr0anm3zhyw, anonymous, client 127.0.0.1:45755] (mod_log_stun:handle_event/2:44)
2025-04-03 10:43:03.471743+00:00 [debug] Calling mod_stats_influx:handle_event/2 [UDP, session jzr0anm3zhyw, anonymous, client 127.0.0.1:45755] (eturnal_module:handle_event/2:180)
2025-04-03 10:43:03.471763+00:00 [debug] Writing STUN query event to InfluxDB [UDP, session jzr0anm3zhyw, anonymous, client 127.0.0.1:45755] (mod_stats_influx:on_stun_query/1:76)
2025-04-03 10:43:03.471907+00:00 [debug] Calling mod_stats_prometheus:handle_event/2 [UDP, session jzr0anm3zhyw, anonymous, client 127.0.0.1:45755] (eturnal_module:handle_event/2:180)
2025-04-03 10:43:03.471946+00:00 [debug] Observing STUN query for Prometheus [UDP, session jzr0anm3zhyw, anonymous, client 127.0.0.1:45755] (mod_stats_prometheus:on_stun_query/1:166)
2025-04-03 10:43:03.472004+00:00 [debug] Sending:
#stun{class = response,method = 1,magic = 554869826,
      trid = 33959600896409442532500472835,raw = <<>>,unsupported = [],
      'ALTERNATE-SERVER' = undefined,'CHANNEL-NUMBER' = undefined,
      'DATA' = undefined,'DONT-FRAGMENT' = false,'ERROR-CODE' = undefined,
      'LIFETIME' = undefined,'MAPPED-ADDRESS' = undefined,
      'MESSAGE-INTEGRITY' = undefined,'NONCE' = undefined,'REALM' = undefined,
      'REQUESTED-ADDRESS-FAMILY' = undefined,
      'REQUESTED-TRANSPORT' = undefined,'SOFTWARE' = <<"eturnal">>,
      'UNKNOWN-ATTRIBUTES' = [],'USERNAME' = undefined,
      'XOR-MAPPED-ADDRESS' = {{127,0,0,1},45755},
      'XOR-PEER-ADDRESS' = [],'XOR-RELAYED-ADDRESS' = undefined} (stun:send/3:498)
2025-04-03 10:43:03.496224+00:00 [info] Accepting connection: 127.0.0.1:48654 -> 127.0.0.1:34780 [TCP, session gptq47gdvnih] (stun_acceptor:accept/3:158)
2025-04-03 10:43:03.496448+00:00 [debug] Received:
#stun{class = request,method = 1,magic = 554869826,
      trid = 73236186600479904308339865445,raw = <<>>,unsupported = [],
      'ALTERNATE-SERVER' = undefined,'CHANNEL-NUMBER' = undefined,
      'DATA' = undefined,'DONT-FRAGMENT' = false,'ERROR-CODE' = undefined,
      'LIFETIME' = undefined,'MAPPED-ADDRESS' = undefined,
      'MESSAGE-INTEGRITY' = undefined,'NONCE' = undefined,'REALM' = undefined,
      'REQUESTED-ADDRESS-FAMILY' = undefined,
      'REQUESTED-TRANSPORT' = undefined,'SOFTWARE' = undefined,
      'UNKNOWN-ATTRIBUTES' = [],'USERNAME' = undefined,
      'XOR-MAPPED-ADDRESS' = undefined,'XOR-PEER-ADDRESS' = [],
      'XOR-RELAYED-ADDRESS' = undefined} (stun:process_data/3:455)
2025-04-03 10:43:03.496530+00:00 [debug] Responding to STUN request [TCP, session gptq47gdvnih, anonymous, client 127.0.0.1:48654] (stun:process/4:355)
2025-04-03 10:43:03.496562+00:00 [debug] Running 'stun_query' hook [TCP, session gptq47gdvnih, anonymous, client 127.0.0.1:48654] (stun:run_hook/3:742)
2025-04-03 10:43:03.496600+00:00 [debug] Got 'stun_query' event [TCP, session gptq47gdvnih, anonymous, client 127.0.0.1:48654] (eturnal_module:handle_event/2:177)
2025-04-03 10:43:03.496633+00:00 [debug] Calling mod_log_stun:handle_event/2 [TCP, session gptq47gdvnih, anonymous, client 127.0.0.1:48654] (eturnal_module:handle_event/2:180)
2025-04-03 10:43:03.496686+00:00 [info] Responding to STUN request [TCP, session gptq47gdvnih, anonymous, client 127.0.0.1:48654] (mod_log_stun:handle_event/2:44)
2025-04-03 10:43:03.496722+00:00 [debug] Calling mod_stats_influx:handle_event/2 [TCP, session gptq47gdvnih, anonymous, client 127.0.0.1:48654] (eturnal_module:handle_event/2:180)
2025-04-03 10:43:03.496757+00:00 [debug] Writing STUN query event to InfluxDB [TCP, session gptq47gdvnih, anonymous, client 127.0.0.1:48654] (mod_stats_influx:on_stun_query/1:76)
2025-04-03 10:43:03.496894+00:00 [debug] Calling mod_stats_prometheus:handle_event/2 [TCP, session gptq47gdvnih, anonymous, client 127.0.0.1:48654] (eturnal_module:handle_event/2:180)
2025-04-03 10:43:03.496967+00:00 [debug] Observing STUN query for Prometheus [TCP, session gptq47gdvnih, anonymous, client 127.0.0.1:48654] (mod_stats_prometheus:on_stun_query/1:166)
2025-04-03 10:43:03.497057+00:00 [debug] Sending:
#stun{class = response,method = 1,magic = 554869826,
      trid = 73236186600479904308339865445,raw = <<>>,unsupported = [],
      'ALTERNATE-SERVER' = undefined,'CHANNEL-NUMBER' = undefined,
      'DATA' = undefined,'DONT-FRAGMENT' = false,'ERROR-CODE' = undefined,
      'LIFETIME' = undefined,'MAPPED-ADDRESS' = undefined,
      'MESSAGE-INTEGRITY' = undefined,'NONCE' = undefined,'REALM' = undefined,
      'REQUESTED-ADDRESS-FAMILY' = undefined,
      'REQUESTED-TRANSPORT' = undefined,'SOFTWARE' = <<"eturnal">>,
      'UNKNOWN-ATTRIBUTES' = [],'USERNAME' = undefined,
      'XOR-MAPPED-ADDRESS' = {{127,0,0,1},48654},
      'XOR-PEER-ADDRESS' = [],'XOR-RELAYED-ADDRESS' = undefined} (stun:send/3:498)
2025-04-03 10:43:03.498486+00:00 [info] Connection reset by peer [TCP, session gptq47gdvnih, anonymous, client 127.0.0.1:48654] (stun:handle_info/3:206)
2025-04-03 10:43:03.521421+00:00 [info] Accepting connection: 127.0.0.1:49648 -> 127.0.0.1:53490 [TLS, session d0feqqg422qa] (stun_acceptor:accept/3:158)
2025-04-03 10:43:04.530820+00:00 [debug] Received:
#stun{class = request,method = 1,magic = 554869826,
      trid = 30047908610789938684613697527,raw = <<>>,unsupported = [],
      'ALTERNATE-SERVER' = undefined,'CHANNEL-NUMBER' = undefined,
      'DATA' = undefined,'DONT-FRAGMENT' = false,'ERROR-CODE' = undefined,
      'LIFETIME' = undefined,'MAPPED-ADDRESS' = undefined,
      'MESSAGE-INTEGRITY' = undefined,'NONCE' = undefined,'REALM' = undefined,
      'REQUESTED-ADDRESS-FAMILY' = undefined,
      'REQUESTED-TRANSPORT' = undefined,'SOFTWARE' = undefined,
      'UNKNOWN-ATTRIBUTES' = [],'USERNAME' = undefined,
      'XOR-MAPPED-ADDRESS' = undefined,'XOR-PEER-ADDRESS' = [],
      'XOR-RELAYED-ADDRESS' = undefined} (stun:process_data/3:455)
2025-04-03 10:43:04.531021+00:00 [debug] Responding to STUN request [TLS, session d0feqqg422qa, anonymous, client 127.0.0.1:49648] (stun:process/4:355)
2025-04-03 10:43:04.531076+00:00 [debug] Running 'stun_query' hook [TLS, session d0feqqg422qa, anonymous, client 127.0.0.1:49648] (stun:run_hook/3:742)
2025-04-03 10:43:04.531127+00:00 [debug] Got 'stun_query' event [TLS, session d0feqqg422qa, anonymous, client 127.0.0.1:49648] (eturnal_module:handle_event/2:177)
2025-04-03 10:43:04.531166+00:00 [debug] Calling mod_log_stun:handle_event/2 [TLS, session d0feqqg422qa, anonymous, client 127.0.0.1:49648] (eturnal_module:handle_event/2:180)
2025-04-03 10:43:04.531208+00:00 [info] Responding to STUN request [TLS, session d0feqqg422qa, anonymous, client 127.0.0.1:49648] (mod_log_stun:handle_event/2:44)
2025-04-03 10:43:04.531279+00:00 [debug] Calling mod_stats_influx:handle_event/2 [TLS, session d0feqqg422qa, anonymous, client 127.0.0.1:49648] (eturnal_module:handle_event/2:180)
2025-04-03 10:43:04.531326+00:00 [debug] Writing STUN query event to InfluxDB [TLS, session d0feqqg422qa, anonymous, client 127.0.0.1:49648] (mod_stats_influx:on_stun_query/1:76)
2025-04-03 10:43:04.531484+00:00 [debug] Calling mod_stats_prometheus:handle_event/2 [TLS, session d0feqqg422qa, anonymous, client 127.0.0.1:49648] (eturnal_module:handle_event/2:180)
2025-04-03 10:43:04.531545+00:00 [debug] Observing STUN query for Prometheus [TLS, session d0feqqg422qa, anonymous, client 127.0.0.1:49648] (mod_stats_prometheus:on_stun_query/1:166)
2025-04-03 10:43:04.531655+00:00 [debug] Sending:
#stun{class = response,method = 1,magic = 554869826,
      trid = 30047908610789938684613697527,raw = <<>>,unsupported = [],
      'ALTERNATE-SERVER' = undefined,'CHANNEL-NUMBER' = undefined,
      'DATA' = undefined,'DONT-FRAGMENT' = false,'ERROR-CODE' = undefined,
      'LIFETIME' = undefined,'MAPPED-ADDRESS' = undefined,
      'MESSAGE-INTEGRITY' = undefined,'NONCE' = undefined,'REALM' = undefined,
      'REQUESTED-ADDRESS-FAMILY' = undefined,
      'REQUESTED-TRANSPORT' = undefined,'SOFTWARE' = <<"eturnal">>,
      'UNKNOWN-ATTRIBUTES' = [],'USERNAME' = undefined,
      'XOR-MAPPED-ADDRESS' = {{127,0,0,1},49648},
      'XOR-PEER-ADDRESS' = [],'XOR-RELAYED-ADDRESS' = undefined} (stun:send/3:498)
2025-04-03 10:43:04.531901+00:00 [info] Connection reset by peer [TLS, session d0feqqg422qa, anonymous, client 127.0.0.1:49648] (stun:handle_info/3:206)
2025-04-03 10:43:04.556424+00:00 [info] Accepting connection: 127.0.0.1:56934 -> 127.0.0.1:34781 [TCP|TLS, session 0cy5la0jm0wt] (stun_acceptor:accept/3:158)
2025-04-03 10:43:04.556578+00:00 [debug] Determined transport protocol: TCP (stun:is_tls_handshake/1:688)
2025-04-03 10:43:04.556865+00:00 [debug] Received:
#stun{class = request,method = 1,magic = 554869826,
      trid = 27347788209264772587201882135,raw = <<>>,unsupported = [],
      'ALTERNATE-SERVER' = undefined,'CHANNEL-NUMBER' = undefined,
      'DATA' = undefined,'DONT-FRAGMENT' = false,'ERROR-CODE' = undefined,
      'LIFETIME' = undefined,'MAPPED-ADDRESS' = undefined,
      'MESSAGE-INTEGRITY' = undefined,'NONCE' = undefined,'REALM' = undefined,
      'REQUESTED-ADDRESS-FAMILY' = undefined,
      'REQUESTED-TRANSPORT' = undefined,'SOFTWARE' = undefined,
      'UNKNOWN-ATTRIBUTES' = [],'USERNAME' = undefined,
      'XOR-MAPPED-ADDRESS' = undefined,'XOR-PEER-ADDRESS' = [],
      'XOR-RELAYED-ADDRESS' = undefined} (stun:process_data/3:455)
2025-04-03 10:43:04.556982+00:00 [debug] Responding to STUN request [TCP, session 0cy5la0jm0wt, anonymous, client 127.0.0.1:56934] (stun:process/4:355)
2025-04-03 10:43:04.557280+00:00 [debug] Running 'stun_query' hook [TCP, session 0cy5la0jm0wt, anonymous, client 127.0.0.1:56934] (stun:run_hook/3:742)
2025-04-03 10:43:04.557349+00:00 [debug] Got 'stun_query' event [TCP, session 0cy5la0jm0wt, anonymous, client 127.0.0.1:56934] (eturnal_module:handle_event/2:177)
2025-04-03 10:43:04.557426+00:00 [debug] Calling mod_log_stun:handle_event/2 [TCP, session 0cy5la0jm0wt, anonymous, client 127.0.0.1:56934] (eturnal_module:handle_event/2:180)
2025-04-03 10:43:04.557477+00:00 [info] Responding to STUN request [TCP, session 0cy5la0jm0wt, anonymous, client 127.0.0.1:56934] (mod_log_stun:handle_event/2:44)
2025-04-03 10:43:04.557514+00:00 [debug] Calling mod_stats_influx:handle_event/2 [TCP, session 0cy5la0jm0wt, anonymous, client 127.0.0.1:56934] (eturnal_module:handle_event/2:180)
2025-04-03 10:43:04.557562+00:00 [debug] Writing STUN query event to InfluxDB [TCP, session 0cy5la0jm0wt, anonymous, client 127.0.0.1:56934] (mod_stats_influx:on_stun_query/1:76)
2025-04-03 10:43:04.557711+00:00 [debug] Calling mod_stats_prometheus:handle_event/2 [TCP, session 0cy5la0jm0wt, anonymous, client 127.0.0.1:56934] (eturnal_module:handle_event/2:180)
2025-04-03 10:43:04.557758+00:00 [debug] Observing STUN query for Prometheus [TCP, session 0cy5la0jm0wt, anonymous, client 127.0.0.1:56934] (mod_stats_prometheus:on_stun_query/1:166)
2025-04-03 10:43:04.557916+00:00 [debug] Sending:
#stun{class = response,method = 1,magic = 554869826,
      trid = 27347788209264772587201882135,raw = <<>>,unsupported = [],
      'ALTERNATE-SERVER' = undefined,'CHANNEL-NUMBER' = undefined,
      'DATA' = undefined,'DONT-FRAGMENT' = false,'ERROR-CODE' = undefined,
      'LIFETIME' = undefined,'MAPPED-ADDRESS' = undefined,
      'MESSAGE-INTEGRITY' = undefined,'NONCE' = undefined,'REALM' = undefined,
      'REQUESTED-ADDRESS-FAMILY' = undefined,
      'REQUESTED-TRANSPORT' = undefined,'SOFTWARE' = <<"eturnal">>,
      'UNKNOWN-ATTRIBUTES' = [],'USERNAME' = undefined,
      'XOR-MAPPED-ADDRESS' = {{127,0,0,1},56934},
      'XOR-PEER-ADDRESS' = [],'XOR-RELAYED-ADDRESS' = undefined} (stun:send/3:498)
2025-04-03 10:43:04.558483+00:00 [info] Connection reset by peer [TCP, session 0cy5la0jm0wt, anonymous, client 127.0.0.1:56934] (stun:handle_info/3:206)
2025-04-03 10:43:04.583167+00:00 [info] Accepting connection: 127.0.0.1:56940 -> 127.0.0.1:34781 [TCP|TLS, session 33b03dhxmp29] (stun_acceptor:accept/3:158)
2025-04-03 10:43:04.583402+00:00 [debug] Determined transport protocol: TLS (stun:is_tls_handshake/1:685)
2025-04-03 10:43:05.592807+00:00 [debug] Received:
#stun{class = request,method = 1,magic = 554869826,
      trid = 14394445283689213077325621385,raw = <<>>,unsupported = [],
      'ALTERNATE-SERVER' = undefined,'CHANNEL-NUMBER' = undefined,
      'DATA' = undefined,'DONT-FRAGMENT' = false,'ERROR-CODE' = undefined,
      'LIFETIME' = undefined,'MAPPED-ADDRESS' = undefined,
      'MESSAGE-INTEGRITY' = undefined,'NONCE' = undefined,'REALM' = undefined,
      'REQUESTED-ADDRESS-FAMILY' = undefined,
      'REQUESTED-TRANSPORT' = undefined,'SOFTWARE' = undefined,
      'UNKNOWN-ATTRIBUTES' = [],'USERNAME' = undefined,
      'XOR-MAPPED-ADDRESS' = undefined,'XOR-PEER-ADDRESS' = [],
      'XOR-RELAYED-ADDRESS' = undefined} (stun:process_data/3:455)
2025-04-03 10:43:05.592989+00:00 [debug] Responding to STUN request [TLS, session 33b03dhxmp29, anonymous, client 127.0.0.1:56940] (stun:process/4:355)
2025-04-03 10:43:05.593117+00:00 [debug] Running 'stun_query' hook [TLS, session 33b03dhxmp29, anonymous, client 127.0.0.1:56940] (stun:run_hook/3:742)
2025-04-03 10:43:05.593257+00:00 [debug] Got 'stun_query' event [TLS, session 33b03dhxmp29, anonymous, client 127.0.0.1:56940] (eturnal_module:handle_event/2:177)
2025-04-03 10:43:05.593366+00:00 [debug] Calling mod_log_stun:handle_event/2 [TLS, session 33b03dhxmp29, anonymous, client 127.0.0.1:56940] (eturnal_module:handle_event/2:180)
2025-04-03 10:43:05.593421+00:00 [info] Responding to STUN request [TLS, session 33b03dhxmp29, anonymous, client 127.0.0.1:56940] (mod_log_stun:handle_event/2:44)
2025-04-03 10:43:05.593468+00:00 [debug] Calling mod_stats_influx:handle_event/2 [TLS, session 33b03dhxmp29, anonymous, client 127.0.0.1:56940] (eturnal_module:handle_event/2:180)
2025-04-03 10:43:05.593508+00:00 [debug] Writing STUN query event to InfluxDB [TLS, session 33b03dhxmp29, anonymous, client 127.0.0.1:56940] (mod_stats_influx:on_stun_query/1:76)
2025-04-03 10:43:05.593682+00:00 [debug] Calling mod_stats_prometheus:handle_event/2 [TLS, session 33b03dhxmp29, anonymous, client 127.0.0.1:56940] (eturnal_module:handle_event/2:180)
2025-04-03 10:43:05.593729+00:00 [debug] Observing STUN query for Prometheus [TLS, session 33b03dhxmp29, anonymous, client 127.0.0.1:56940] (mod_stats_prometheus:on_stun_query/1:166)
2025-04-03 10:43:05.593874+00:00 [debug] Sending:
#stun{class = response,method = 1,magic = 554869826,
      trid = 14394445283689213077325621385,raw = <<>>,unsupported = [],
      'ALTERNATE-SERVER' = undefined,'CHANNEL-NUMBER' = undefined,
      'DATA' = undefined,'DONT-FRAGMENT' = false,'ERROR-CODE' = undefined,
      'LIFETIME' = undefined,'MAPPED-ADDRESS' = undefined,
      'MESSAGE-INTEGRITY' = undefined,'NONCE' = undefined,'REALM' = undefined,
      'REQUESTED-ADDRESS-FAMILY' = undefined,
      'REQUESTED-TRANSPORT' = undefined,'SOFTWARE' = <<"eturnal">>,
      'UNKNOWN-ATTRIBUTES' = [],'USERNAME' = undefined,
      'XOR-MAPPED-ADDRESS' = {{127,0,0,1},56940},
      'XOR-PEER-ADDRESS' = [],'XOR-RELAYED-ADDRESS' = undefined} (stun:send/3:498)
2025-04-03 10:43:05.594306+00:00 [info] Connection reset by peer [TLS, session 33b03dhxmp29, anonymous, client 127.0.0.1:56940] (stun:handle_info/3:206)
2025-04-03 10:43:05.618340+00:00 [debug] No NOTIFY_SOCKET, dropping STOPPING=1 notification (eturnal_systemd:handle_cast/2:99)
2025-04-03 10:43:05.618345+00:00 [debug] Terminating eturnal (shutdown) (eturnal:terminate/2:186)
2025-04-03 10:43:05.618592+00:00 [info] Stopped listening on 127.0.0.1:34780 (udp) (eturnal:stop_listeners/1:443)
2025-04-03 10:43:05.618743+00:00 [info] Stopped listening on 127.0.0.1:34780 (tcp) (eturnal:stop_listeners/1:443)
2025-04-03 10:43:05.618926+00:00 [info] Stopped listening on 127.0.0.1:53490 (tls) (eturnal:stop_listeners/1:443)
2025-04-03 10:43:05.619124+00:00 [info] Stopped listening on 127.0.0.1:34781 (auto) (eturnal:stop_listeners/1:443)
2025-04-03 10:43:05.619341+00:00 [debug] Calling mod_log_stun:stop/1 (eturnal_module:stop/1:163)
2025-04-03 10:43:05.619462+00:00 [debug] Stopping mod_log_stun (mod_log_stun:stop/0:49)
2025-04-03 10:43:05.619539+00:00 [info] Stopped mod_log_stun (eturnal:stop_modules/1:398)
2025-04-03 10:43:05.622858+00:00 [debug] Calling mod_stats_influx:stop/1 (eturnal_module:stop/1:163)
2025-04-03 10:43:05.622983+00:00 [debug] Stopping mod_stats_influx (mod_stats_influx:stop/0:61)
2025-04-03 10:43:05.623132+00:00 [info] Stopped mod_stats_influx (eturnal:stop_modules/1:398)
2025-04-03 10:43:05.625264+00:00 [debug] Calling mod_stats_prometheus:stop/1 (eturnal_module:stop/1:163)
2025-04-03 10:43:05.625440+00:00 [debug] Stopping mod_stats_prometheus (mod_stats_prometheus:stop/0:110)
2025-04-03 10:43:05.625772+00:00 [info] Stopped mod_stats_prometheus (eturnal:stop_modules/1:398)
2025-04-03 10:43:05.626097+00:00 [debug] Removed run/cert.pem (eturnal:clean_run_dir/0:872)
2025-04-03 10:43:05.626260+00:00 [debug] Terminating eturnal_systemd (shutdown) (eturnal_systemd:terminate/2:125)
2025-04-03 10:43:05.626621+00:00 [notice] Stopping eturnal 1.12.1 on Erlang/OTP 27 (ERTS 15.2.3) (eturnal_app:stop/1:53)
