2022-02-13 11:01:08.886138+00:00 [notice] Starting eturnal 1.8.1 on Erlang/OTP 24 (ERTS 12.2) (eturnal_app:start/2:35)
2022-02-13 11:01:08.886363+00:00 [debug] Starting supervisor: eturnal_sup (eturnal_sup:start_link/0:32)
2022-02-13 11:01:08.886529+00:00 [debug] Configuring eturnal_sup supervisor: [#{id => systemd,
                                       start =>
                                           {eturnal_systemd,start_link,[]}},
                                     #{id => eturnal,
                                       start => {eturnal,start_link,[]}}] (eturnal_sup:init/0:40)
2022-02-13 11:01:08.888499+00:00 [info] Got no NOTIFY_SOCKET, notifications disabled (eturnal_systemd:init/1:95)
2022-02-13 11:01:08.888676+00:00 [debug] PROGRESS REPORT:
    supervisor: {local,eturnal_sup}
    started: [{pid,<0.715.0>},
              {id,systemd},
              {mfargs,{eturnal_systemd,start_link,[]}},
              {restart_type,permanent},
              {significant,false},
              {shutdown,5000},
              {child_type,worker}]
 (supervisor:report_progress/2:1562)
2022-02-13 11:01:08.926801+00:00 [info] Cannot determine control query port: noport (eturnal:log_control_listener/0:289)
2022-02-13 11:01:08.926955+00:00 [debug] TURN configuration seems fine (eturnal:check_turn_config/1:501)
2022-02-13 11:01:08.927365+00:00 [debug] Using run directory run (eturnal:ensure_run_dir/0:693)
2022-02-13 11:01:08.927496+00:00 [warning] TLS enabled without 'tls_crt_file', creating self-signed certificate (eturnal:check_pem_file/0:624)
2022-02-13 11:01:10.013123+00:00 [debug] Calling mod_log_stun:start/0 (eturnal_module:start/1:139)
2022-02-13 11:01:10.013728+00:00 [debug] Starting mod_log_stun (mod_log_stun:start/0:39)
2022-02-13 11:01:10.014009+00:00 [info] Started mod_log_stun (eturnal:start_modules/0:300)
2022-02-13 11:01:10.014193+00:00 [debug] Calling mod_stats_influx:start/0 (eturnal_module:start/1:139)
2022-02-13 11:01:10.014705+00:00 [debug] Starting mod_stats_influx (mod_stats_influx:start/0:38)
2022-02-13 11:01:10.017430+00:00 [debug] PROGRESS REPORT:
    application: ulitos
    started_at: nonode@nohost
 (application_controller:info_started/2:2107)
2022-02-13 11:01:10.019206+00:00 [debug] PROGRESS REPORT:
    application: poolboy
    started_at: nonode@nohost
 (application_controller:info_started/2:2107)
2022-02-13 11:01:10.020581+00:00 [info]     msg: Starting application: influx_udp (influx_udp_app:start/2:10)
2022-02-13 11:01:10.023787+00:00 [debug] PROGRESS REPORT:
    supervisor: {local,influx_udp_sup}
    started: [{pid,<0.735.0>},
              {id,influx_udp},
              {mfargs,{influx_udp,start_link,[]}},
              {restart_type,permanent},
              {significant,false},
              {shutdown,5000},
              {child_type,worker}]
 (supervisor:report_progress/2:1562)
2022-02-13 11:01:10.023981+00:00 [debug] PROGRESS REPORT:
    application: influx_udp
    started_at: nonode@nohost
 (application_controller:info_started/2:2107)
2022-02-13 11:01:10.024048+00:00 [debug] Dependency influx_udp was available already (eturnal_module:ensure_dep/2:280)
2022-02-13 11:01:10.026336+00:00 [info]     host: {127,0,0,1}
    msg: Start clients pool
    options: #{host => "localhost",max_overflow => 1,pool_size => 1,
               port => 8089} (influx_udp:start_pool_/2:239)
2022-02-13 11:01:10.037220+00:00 [info]     msg: Open UDP socket on port
    port: 51311 (influx_udp_worker:init/1:43)
2022-02-13 11:01:10.037432+00:00 [debug] PROGRESS REPORT:
    supervisor: {local,influx_udp_sup}
    started: [{pid,<0.738.0>},
              {id,stats_influx_pool},
              {mfargs,
                  {poolboy,start_link,
                      [[{name,{local,stats_influx_pool}},
                        {worker_module,influx_udp_worker},
                        {size,1},
                        {max_overflow,1}],
                       [{options,
                            #{host => {127,0,0,1},
                              max_overflow => 1,pool_size => 1,
                              port => 8089}}]]}},
              {restart_type,permanent},
              {significant,false},
              {shutdown,5000},
              {child_type,worker}]
 (supervisor:report_progress/2:1562)
2022-02-13 11:01:10.037636+00:00 [info] Started mod_stats_influx (eturnal:start_modules/0:300)
2022-02-13 11:01:10.037933+00:00 [debug] Started 2 modules (eturnal:init/1:109)
2022-02-13 11:01:10.038175+00:00 [debug] Starting listener 127.0.0.1:34780 (udp) with options:
[{use_turn,true},
 {auth_type,user},
 {turn_ipv4_address,{10,1,0,178}},
 {turn_ipv6_address,{0,0,0,0,0,0,0,1}},
 {turn_min_port,49152},
 {turn_max_port,65535},
 {turn_max_allocations,10},
 {turn_max_permissions,10},
 {shaper,100000},
 {turn_blacklist,[{{203,0,113,0},24},{{8193,3512,0,0,0,0,0,0},32}]},
 {turn_whitelist,[{{203,0,113,113},32},{{8193,3512,0,0,0,0,0,0},64}]},
 {auth_realm,<<"eturnal.net">>},
 {server_name,<<"eturnal">>},
 {auth_fun,fun eturnal:get_password/2},
 {hook_fun,fun eturnal:run_hook/2}] (eturnal:start_listeners/0:344)
2022-02-13 11:01:10.038717+00:00 [info] Listening on 127.0.0.1:34780 (udp) (STUN/TURN) (eturnal:start_listeners/0:349)
2022-02-13 11:01:10.038895+00:00 [debug] Starting listener 127.0.0.1:34780 (tcp) with options:
[{use_turn,false},
 {auth_type,anonymous},
 {turn_ipv4_address,{10,1,0,178}},
 {turn_ipv6_address,{0,0,0,0,0,0,0,1}},
 {turn_min_port,49152},
 {turn_max_port,65535},
 {turn_max_allocations,10},
 {turn_max_permissions,10},
 {shaper,100000},
 {turn_blacklist,[{{203,0,113,0},24},{{8193,3512,0,0,0,0,0,0},32}]},
 {turn_whitelist,[{{203,0,113,113},32},{{8193,3512,0,0,0,0,0,0},64}]},
 {auth_realm,<<"eturnal.net">>},
 {server_name,<<"eturnal">>},
 {auth_fun,fun eturnal:get_password/2},
 {hook_fun,fun eturnal:run_hook/2}] (eturnal:start_listeners/0:344)
2022-02-13 11:01:10.055140+00:00 [info] Listening on 127.0.0.1:34780 (tcp) (STUN only) (eturnal:start_listeners/0:349)
2022-02-13 11:01:10.055316+00:00 [debug] Starting listener 127.0.0.1:53490 (tls) with options:
[{use_turn,false},
 {auth_type,anonymous},
 {tls,true},
 {certfile,<<"run/cert.pem">>},
 {ciphers,<<"HIGH:!aNULL:@STRENGTH">>},
 {protocol_options,<<"no_tlsv1|no_tlsv1_1|cipher_server_preference">>},
 {turn_ipv4_address,{10,1,0,178}},
 {turn_ipv6_address,{0,0,0,0,0,0,0,1}},
 {turn_min_port,49152},
 {turn_max_port,65535},
 {turn_max_allocations,10},
 {turn_max_permissions,10},
 {shaper,100000},
 {turn_blacklist,[{{203,0,113,0},24},{{8193,3512,0,0,0,0,0,0},32}]},
 {turn_whitelist,[{{203,0,113,113},32},{{8193,3512,0,0,0,0,0,0},64}]},
 {auth_realm,<<"eturnal.net">>},
 {server_name,<<"eturnal">>},
 {auth_fun,fun eturnal:get_password/2},
 {hook_fun,fun eturnal:run_hook/2}] (eturnal:start_listeners/0:344)
2022-02-13 11:01:10.055879+00:00 [info] Listening on 127.0.0.1:53490 (tls) (STUN only) (eturnal:start_listeners/0:349)
2022-02-13 11:01:10.056042+00:00 [debug] Starting listener 127.0.0.1:34781 (auto) with options:
[{use_turn,false},
 {auth_type,anonymous},
 {tls,optional},
 {certfile,<<"run/cert.pem">>},
 {ciphers,<<"HIGH:!aNULL:@STRENGTH">>},
 {protocol_options,<<"no_tlsv1|no_tlsv1_1|cipher_server_preference">>},
 {turn_ipv4_address,{10,1,0,178}},
 {turn_ipv6_address,{0,0,0,0,0,0,0,1}},
 {turn_min_port,49152},
 {turn_max_port,65535},
 {turn_max_allocations,10},
 {turn_max_permissions,10},
 {shaper,100000},
 {turn_blacklist,[{{203,0,113,0},24},{{8193,3512,0,0,0,0,0,0},32}]},
 {turn_whitelist,[{{203,0,113,113},32},{{8193,3512,0,0,0,0,0,0},64}]},
 {auth_realm,<<"eturnal.net">>},
 {server_name,<<"eturnal">>},
 {auth_fun,fun eturnal:get_password/2},
 {hook_fun,fun eturnal:run_hook/2}] (eturnal:start_listeners/0:344)
2022-02-13 11:01:10.083503+00:00 [info] Listening on 127.0.0.1:34781 (auto) (STUN only) (eturnal:start_listeners/0:349)
2022-02-13 11:01:10.083718+00:00 [debug] Started 4 listeners (eturnal:init/1:117)
2022-02-13 11:01:10.083858+00:00 [debug] PROGRESS REPORT:
    supervisor: {local,eturnal_sup}
    started: [{pid,<0.716.0>},
              {id,eturnal},
              {mfargs,{eturnal,start_link,[]}},
              {restart_type,permanent},
              {significant,false},
              {shutdown,5000},
              {child_type,worker}]
 (supervisor:report_progress/2:1562)
2022-02-13 11:01:10.083987+00:00 [debug] No NOTIFY_SOCKET, dropping READY=1 notification (eturnal_systemd:handle_cast/2:109)
2022-02-13 11:01:10.084009+00:00 [debug] PROGRESS REPORT:
    application: eturnal
    started_at: nonode@nohost
 (application_controller:info_started/2:2107)
2022-02-13 11:01:10.084174+00:00 [debug] Watchdog interval is undefined, hibernating (eturnal_systemd:get_timeout/1:162)
2022-02-13 11:01:10.124041+00:00 [debug] Handling API call: get_info() (eturnal_ctl:get_info/0:143)
2022-02-13 11:01:10.124786+00:00 [debug] eturnal call (get_info) returned {ok,
                                  {eturnal_node_info,<<"1.8.1">>,
                                   {"24","12.2"},
                                   4130,0,136,92563752,1,38890280}} (eturnal_ctl:call/1:456)
2022-02-13 11:01:10.148553+00:00 [debug] Handling API call: get_sessions() (eturnal_ctl:get_sessions/0:106)
2022-02-13 11:01:10.172063+00:00 [debug] Handling API call: get_sessions("alice") (eturnal_ctl:get_sessions/1:120)
2022-02-13 11:01:10.172305+00:00 [debug] Handling API call: disconnect(alice) (eturnal_ctl:disconnect/1:192)
2022-02-13 11:01:10.172401+00:00 [debug] Cannot convert user name to binary: alice (eturnal_ctl:disconnect/1:202)
2022-02-13 11:01:10.197049+00:00 [debug] Handling API call: disconnect("alice") (eturnal_ctl:disconnect/1:192)
2022-02-13 11:01:10.197274+00:00 [debug] Handling API call: disconnect(alice) (eturnal_ctl:disconnect/1:192)
2022-02-13 11:01:10.197377+00:00 [debug] Cannot convert user name to binary: alice (eturnal_ctl:disconnect/1:202)
2022-02-13 11:01:10.222116+00:00 [debug] Handling API call: get_credentials("2009-10-30 11:00:00Z", []) (eturnal_ctl:get_credentials/2:60)
2022-02-13 11:01:10.222302+00:00 [debug] eturnal call ({get_password,<<"1256900400">>}) returned {ok,
                                                         <<"uEKlpcME7MNMMVRV8rUFPCTIFEs=">>} (eturnal_ctl:call/1:456)
2022-02-13 11:01:10.229091+00:00 [debug] Handling API call: get_credentials("86400", "alice") (eturnal_ctl:get_credentials/2:60)
2022-02-13 11:01:10.229246+00:00 [debug] eturnal call ({get_password,<<"1644836470:alice">>}) returned {ok,
                                                               <<"vJ0gWvzXp1d0dFKaPDrZqxI5bTU=">>} (eturnal_ctl:call/1:456)
2022-02-13 11:01:10.229428+00:00 [debug] Handling API call: get_password("1644836470:alice") (eturnal_ctl:get_password/1:79)
2022-02-13 11:01:10.229559+00:00 [debug] eturnal call ({get_password,<<"1644836470:alice">>}) returned {ok,
                                                               <<"vJ0gWvzXp1d0dFKaPDrZqxI5bTU=">>} (eturnal_ctl:call/1:456)
2022-02-13 11:01:10.229739+00:00 [debug] Handling API call: get_credentials("86400s", "alice") (eturnal_ctl:get_credentials/2:60)
2022-02-13 11:01:10.229909+00:00 [debug] eturnal call ({get_password,<<"1644836470:alice">>}) returned {ok,
                                                               <<"vJ0gWvzXp1d0dFKaPDrZqxI5bTU=">>} (eturnal_ctl:call/1:456)
2022-02-13 11:01:10.230042+00:00 [debug] Handling API call: get_password("1644836470:alice") (eturnal_ctl:get_password/1:79)
2022-02-13 11:01:10.230164+00:00 [debug] eturnal call ({get_password,<<"1644836470:alice">>}) returned {ok,
                                                               <<"vJ0gWvzXp1d0dFKaPDrZqxI5bTU=">>} (eturnal_ctl:call/1:456)
2022-02-13 11:01:10.230347+00:00 [debug] Handling API call: get_credentials("1440m", "alice") (eturnal_ctl:get_credentials/2:60)
2022-02-13 11:01:10.230561+00:00 [debug] eturnal call ({get_password,<<"1644836470:alice">>}) returned {ok,
                                                               <<"vJ0gWvzXp1d0dFKaPDrZqxI5bTU=">>} (eturnal_ctl:call/1:456)
2022-02-13 11:01:10.230740+00:00 [debug] Handling API call: get_password("1644836470:alice") (eturnal_ctl:get_password/1:79)
2022-02-13 11:01:10.230986+00:00 [debug] eturnal call ({get_password,<<"1644836470:alice">>}) returned {ok,
                                                               <<"vJ0gWvzXp1d0dFKaPDrZqxI5bTU=">>} (eturnal_ctl:call/1:456)
2022-02-13 11:01:10.231203+00:00 [debug] Handling API call: get_credentials("24h", "alice") (eturnal_ctl:get_credentials/2:60)
2022-02-13 11:01:10.231367+00:00 [debug] eturnal call ({get_password,<<"1644836470:alice">>}) returned {ok,
                                                               <<"vJ0gWvzXp1d0dFKaPDrZqxI5bTU=">>} (eturnal_ctl:call/1:456)
2022-02-13 11:01:10.231506+00:00 [debug] Handling API call: get_password("1644836470:alice") (eturnal_ctl:get_password/1:79)
2022-02-13 11:01:10.231648+00:00 [debug] eturnal call ({get_password,<<"1644836470:alice">>}) returned {ok,
                                                               <<"vJ0gWvzXp1d0dFKaPDrZqxI5bTU=">>} (eturnal_ctl:call/1:456)
2022-02-13 11:01:10.231846+00:00 [debug] Handling API call: get_credentials("1d", "alice") (eturnal_ctl:get_credentials/2:60)
2022-02-13 11:01:10.232006+00:00 [debug] eturnal call ({get_password,<<"1644836470:alice">>}) returned {ok,
                                                               <<"vJ0gWvzXp1d0dFKaPDrZqxI5bTU=">>} (eturnal_ctl:call/1:456)
2022-02-13 11:01:10.232146+00:00 [debug] Handling API call: get_password("1644836470:alice") (eturnal_ctl:get_password/1:79)
2022-02-13 11:01:10.232274+00:00 [debug] eturnal call ({get_password,<<"1644836470:alice">>}) returned {ok,
                                                               <<"vJ0gWvzXp1d0dFKaPDrZqxI5bTU=">>} (eturnal_ctl:call/1:456)
2022-02-13 11:01:10.232690+00:00 [debug] Handling API call: get_password("Invalid") (eturnal_ctl:get_password/1:79)
2022-02-13 11:01:10.232805+00:00 [debug] Invalid user name: Invalid (eturnal_ctl:get_password/1:93)
2022-02-13 11:01:10.232899+00:00 [debug] Handling API call: get_credentials("Invalid", []) (eturnal_ctl:get_credentials/2:60)
2022-02-13 11:01:10.233014+00:00 [debug] Invalid argument(s): "Invalid":[] (eturnal_ctl:get_credentials/2:73)
2022-02-13 11:01:10.233115+00:00 [debug] Handling API call: get_password(invalid) (eturnal_ctl:get_password/1:79)
2022-02-13 11:01:10.233235+00:00 [debug] Cannot convert user name to binary: invalid (eturnal_ctl:get_password/1:100)
2022-02-13 11:01:10.233499+00:00 [debug] Handling API call: get_credentials(invalid, []) (eturnal_ctl:get_credentials/2:60)
2022-02-13 11:01:10.233612+00:00 [debug] Invalid argument(s): invalid:[] (eturnal_ctl:get_credentials/2:73)
2022-02-13 11:01:10.233740+00:00 [debug] Handling API call: get_password([invalid]) (eturnal_ctl:get_password/1:79)
2022-02-13 11:01:10.233874+00:00 [debug] Cannot convert user name to binary: [invalid] (eturnal_ctl:get_password/1:100)
2022-02-13 11:01:10.233978+00:00 [debug] Handling API call: get_credentials([invalid], []) (eturnal_ctl:get_credentials/2:60)
2022-02-13 11:01:10.234091+00:00 [debug] Invalid argument(s): [invalid]:[] (eturnal_ctl:get_credentials/2:73)
2022-02-13 11:01:10.234325+00:00 [debug] Handling API call: get_credentials(1256900400, invalid) (eturnal_ctl:get_credentials/2:60)
2022-02-13 11:01:10.234454+00:00 [debug] Invalid argument(s): 1256900400:invalid (eturnal_ctl:get_credentials/2:73)
2022-02-13 11:01:10.265069+00:00 [debug] Handling API call: set_loglevel(debug) (eturnal_ctl:set_loglevel/1:173)
2022-02-13 11:01:10.265321+00:00 [debug] eturnal call ({set_loglevel,debug}) returned ok (eturnal_ctl:call/1:453)
2022-02-13 11:01:10.265518+00:00 [debug] Handling API call: get_loglevel() (eturnal_ctl:get_loglevel/0:163)
2022-02-13 11:01:10.265623+00:00 [debug] eturnal call (get_loglevel) returned {ok,debug} (eturnal_ctl:call/1:456)
2022-02-13 11:01:10.265768+00:00 [debug] Handling API call: set_loglevel(invalid) (eturnal_ctl:set_loglevel/1:173)
2022-02-13 11:01:10.265856+00:00 [debug] Invalid log level: invalid (eturnal_ctl:set_loglevel/1:183)
2022-02-13 11:01:10.265959+00:00 [debug] Handling API call: get_loglevel() (eturnal_ctl:get_loglevel/0:163)
2022-02-13 11:01:10.266071+00:00 [debug] eturnal call (get_loglevel) returned {ok,debug} (eturnal_ctl:call/1:456)
2022-02-13 11:01:10.289983+00:00 [debug] Handling API call: get_version() (eturnal_ctl:get_version/0:153)
2022-02-13 11:01:10.290269+00:00 [debug] eturnal call (get_version) returned {ok,<<"1.8.1">>} (eturnal_ctl:call/1:456)
2022-02-13 11:01:10.315479+00:00 [debug] Handling API call: reload() (eturnal_ctl:reload/0:208)
2022-02-13 11:01:10.317223+00:00 [debug] Calling mod_log_stun:options/0 (eturnal_module:options/1:188)
2022-02-13 11:01:10.317424+00:00 [debug] Calling mod_stats_influx:options/0 (eturnal_module:options/1:188)
2022-02-13 11:01:10.318121+00:00 [warning] TLS enabled without 'tls_crt_file', creating self-signed certificate (eturnal:check_pem_file/0:624)
2022-02-13 11:01:10.863309+00:00 [info] Using new TLS certificate (eturnal:handle_call/3:136)
2022-02-13 11:01:10.863549+00:00 [debug] Reloaded configuration (eturnal:handle_call/3:142)
2022-02-13 11:01:10.863670+00:00 [debug] eturnal call (reload) returned ok (eturnal_ctl:call/1:453)
2022-02-13 11:01:10.864429+00:00 [debug] Handling API call: reload() (eturnal_ctl:reload/0:208)
2022-02-13 11:01:10.866311+00:00 [debug] Calling mod_log_stun:options/0 (eturnal_module:options/1:188)
2022-02-13 11:01:10.866523+00:00 [debug] Calling mod_stats_influx:options/0 (eturnal_module:options/1:188)
2022-02-13 11:01:10.867448+00:00 [debug] Keeping PEM file (run/cert.pem) (eturnal:check_pem_file/0:621)
2022-02-13 11:01:10.867560+00:00 [debug] TLS certificate unchanged (eturnal:handle_call/3:138)
2022-02-13 11:01:10.867663+00:00 [debug] Reloaded configuration (eturnal:handle_call/3:142)
2022-02-13 11:01:10.867758+00:00 [debug] eturnal call (reload) returned ok (eturnal_ctl:call/1:453)
2022-02-13 11:01:10.893749+00:00 [info] Accepting connection: 127.0.0.1:45378 -> 127.0.0.1:34780 [TCP, session j] (stun_listener:accept/3:221)
2022-02-13 11:01:10.922249+00:00 [info] Accepting connection: 127.0.0.1:45056 -> 127.0.0.1:53490 [TLS, session y] (stun_listener:accept/3:221)
2022-02-13 11:01:10.953674+00:00 [debug] Received:
#stun{class = request,method = 3,magic = 554869826,
      trid = 29894505275186018007551232256,raw = <<>>,unsupported = [],
      'ALTERNATE-SERVER' = undefined,'CHANNEL-NUMBER' = undefined,
      'DATA' = undefined,'DONT-FRAGMENT' = false,'ERROR-CODE' = undefined,
      'LIFETIME' = undefined,'MAPPED-ADDRESS' = undefined,
      'MESSAGE-INTEGRITY' = undefined,'NONCE' = undefined,'REALM' = undefined,
      'REQUESTED-ADDRESS-FAMILY' = undefined,
      'REQUESTED-TRANSPORT' = undefined,'SOFTWARE' = undefined,
      'UNKNOWN-ATTRIBUTES' = [],'USERNAME' = undefined,
      'XOR-MAPPED-ADDRESS' = undefined,'XOR-PEER-ADDRESS' = [],
      'XOR-RELAYED-ADDRESS' = undefined} (stun:udp_recv/5:111)
2022-02-13 11:01:10.953872+00:00 [debug] Sending:
#stun{class = error,method = 3,magic = 554869826,
      trid = 29894505275186018007551232256,raw = <<>>,unsupported = [],
      'ALTERNATE-SERVER' = undefined,'CHANNEL-NUMBER' = undefined,
      'DATA' = undefined,'DONT-FRAGMENT' = false,
      'ERROR-CODE' = {401,<<"Unauthorized">>},
      'LIFETIME' = undefined,'MAPPED-ADDRESS' = undefined,
      'MESSAGE-INTEGRITY' = undefined,'NONCE' = <<"575887570">>,
      'REALM' = <<"eturnal.net">>,'REQUESTED-ADDRESS-FAMILY' = undefined,
      'REQUESTED-TRANSPORT' = undefined,'SOFTWARE' = <<"eturnal">>,
      'UNKNOWN-ATTRIBUTES' = [],'USERNAME' = undefined,
      'XOR-MAPPED-ADDRESS' = undefined,'XOR-PEER-ADDRESS' = [],
      'XOR-RELAYED-ADDRESS' = undefined} (stun:send/3:445)
2022-02-13 11:01:10.954384+00:00 [debug] Received:
#stun{class = request,method = 3,magic = 554869826,
      trid = 22343719915198121872217576726,
      raw = <<0,3,0,80,33,18,164,66,72,50,74,187,172,91,137,69,60,143,149,22,0,
              25,0,4,17,0,0,0,0,6,0,10,50,49,52,53,57,49,51,50,48,48,0,0,0,20,
              0,11,101,116,117,114,110,97,108,46,110,101,116,0,0,21,0,9,53,55,
              53,56,56,55,53,55,48,0,0,0>>,
      unsupported = [],'ALTERNATE-SERVER' = undefined,
      'CHANNEL-NUMBER' = undefined,'DATA' = undefined,'DONT-FRAGMENT' = false,
      'ERROR-CODE' = undefined,'LIFETIME' = undefined,
      'MAPPED-ADDRESS' = undefined,
      'MESSAGE-INTEGRITY' = <<109,136,170,250,239,154,251,24,121,215,204,6,152,
                              81,205,206,214,243,8,213>>,
      'NONCE' = <<"575887570">>,'REALM' = <<"eturnal.net">>,
      'REQUESTED-ADDRESS-FAMILY' = undefined,'REQUESTED-TRANSPORT' = udp,
      'SOFTWARE' = undefined,'UNKNOWN-ATTRIBUTES' = [],
      'USERNAME' = <<"2145913200">>,'XOR-MAPPED-ADDRESS' = undefined,
      'XOR-PEER-ADDRESS' = [],'XOR-RELAYED-ADDRESS' = undefined} (stun:udp_recv/5:111)
2022-02-13 11:01:10.954556+00:00 [debug] Looking up password for: 2145913200 [UDP, session 1v, user 2145913200, client 127.0.0.1:60628] (eturnal:get_password/2:221)
2022-02-13 11:01:10.954638+00:00 [info] Accepting long-term STUN/TURN authentication [UDP, session 1v, user 2145913200, client 127.0.0.1:60628] (stun:process/2:249)
2022-02-13 11:01:10.959346+00:00 [debug] Running 'turn_session_start' hook [UDP, session 1v, user 2145913200, client 127.0.0.1:60628] (turn:run_hook/2:711)
2022-02-13 11:01:10.959455+00:00 [debug] Got 'turn_session_start' event [UDP, session 1v, user 2145913200, client 127.0.0.1:60628] (eturnal_module:handle_event/2:173)
2022-02-13 11:01:10.959679+00:00 [notice] Creating TURN allocation (lifetime: 599 seconds) [UDP, session 1v, user 2145913200, client 127.0.0.1:60628, relay 10.1.0.178:62820] (turn:wait_for_allocate/2:207)
2022-02-13 11:01:10.959823+00:00 [debug] Sending:
#stun{class = response,method = 3,magic = 554869826,
      trid = 22343719915198121872217576726,raw = <<>>,unsupported = [],
      'ALTERNATE-SERVER' = undefined,'CHANNEL-NUMBER' = undefined,
      'DATA' = undefined,'DONT-FRAGMENT' = false,'ERROR-CODE' = undefined,
      'LIFETIME' = 599,'MAPPED-ADDRESS' = undefined,
      'MESSAGE-INTEGRITY' = undefined,'NONCE' = undefined,'REALM' = undefined,
      'REQUESTED-ADDRESS-FAMILY' = undefined,
      'REQUESTED-TRANSPORT' = undefined,'SOFTWARE' = undefined,
      'UNKNOWN-ATTRIBUTES' = [],'USERNAME' = undefined,
      'XOR-MAPPED-ADDRESS' = {{127,0,0,1},60628},
      'XOR-PEER-ADDRESS' = [],
      'XOR-RELAYED-ADDRESS' = {{10,1,0,178},62820}} (turn:send/2:521)
2022-02-13 11:01:10.960258+00:00 [debug] Received:
#stun{class = request,method = 4,magic = 554869826,
      trid = 14382833744674258552042945676,
      raw = <<0,4,0,80,33,18,164,66,46,121,51,131,159,169,171,119,120,137,252,
              140,0,6,0,10,50,49,52,53,57,49,51,50,48,48,0,0,0,20,0,11,101,116,
              117,114,110,97,108,46,110,101,116,0,0,21,0,9,53,55,53,56,56,55,
              53,55,48,0,0,0,0,13,0,4,0,0,0,0>>,
      unsupported = [],'ALTERNATE-SERVER' = undefined,
      'CHANNEL-NUMBER' = undefined,'DATA' = undefined,'DONT-FRAGMENT' = false,
      'ERROR-CODE' = undefined,'LIFETIME' = 0,'MAPPED-ADDRESS' = undefined,
      'MESSAGE-INTEGRITY' = <<150,1,214,72,51,193,219,129,146,1,100,230,40,172,
                              161,69,71,239,42,235>>,
      'NONCE' = <<"575887570">>,'REALM' = <<"eturnal.net">>,
      'REQUESTED-ADDRESS-FAMILY' = undefined,
      'REQUESTED-TRANSPORT' = undefined,'SOFTWARE' = undefined,
      'UNKNOWN-ATTRIBUTES' = [],'USERNAME' = <<"2145913200">>,
      'XOR-MAPPED-ADDRESS' = undefined,'XOR-PEER-ADDRESS' = [],
      'XOR-RELAYED-ADDRESS' = undefined} (stun:udp_recv/5:111)
2022-02-13 11:01:10.960447+00:00 [debug] Looking up password for: 2145913200 [UDP, session 2b, user 2145913200, client 127.0.0.1:60628] (eturnal:get_password/2:221)
2022-02-13 11:01:10.960551+00:00 [info] Accepting long-term STUN/TURN authentication [UDP, session 2b, user 2145913200, client 127.0.0.1:60628] (stun:process/2:249)
2022-02-13 11:01:10.960645+00:00 [info] Client requested closing the TURN session [UDP, session 1v, user 2145913200, client 127.0.0.1:60628, relay 10.1.0.178:62820] (turn:active/2:262)
2022-02-13 11:01:10.960732+00:00 [debug] Sending:
#stun{class = response,method = 4,magic = 554869826,
      trid = 14382833744674258552042945676,raw = <<>>,unsupported = [],
      'ALTERNATE-SERVER' = undefined,'CHANNEL-NUMBER' = undefined,
      'DATA' = undefined,'DONT-FRAGMENT' = false,'ERROR-CODE' = undefined,
      'LIFETIME' = 0,'MAPPED-ADDRESS' = undefined,
      'MESSAGE-INTEGRITY' = undefined,'NONCE' = undefined,'REALM' = undefined,
      'REQUESTED-ADDRESS-FAMILY' = undefined,
      'REQUESTED-TRANSPORT' = undefined,'SOFTWARE' = undefined,
      'UNKNOWN-ATTRIBUTES' = [],'USERNAME' = undefined,
      'XOR-MAPPED-ADDRESS' = undefined,'XOR-PEER-ADDRESS' = [],
      'XOR-RELAYED-ADDRESS' = undefined} (turn:send/2:521)
2022-02-13 11:01:10.960882+00:00 [info] Deleting TURN allocation [UDP, session 1v, user 2145913200, client 127.0.0.1:60628, relay 10.1.0.178:62820] (turn:terminate/3:454)
2022-02-13 11:01:10.961012+00:00 [notice] Relayed 0 KiB (in 0 B / 0 packets, out 0 B / 0 packets), duration: 0 seconds [UDP, session 1v, user 2145913200, client 127.0.0.1:60628, relay 10.1.0.178:62820] (turn:terminate/3:461)
2022-02-13 11:01:10.961073+00:00 [debug] Running 'turn_session_stop' hook [UDP, session 1v, user 2145913200, client 127.0.0.1:60628, relay 10.1.0.178:62820] (turn:run_hook/2:711)
2022-02-13 11:01:10.961113+00:00 [debug] Got 'turn_session_stop' event [UDP, session 1v, user 2145913200, client 127.0.0.1:60628, relay 10.1.0.178:62820] (eturnal_module:handle_event/2:173)
2022-02-13 11:01:10.961143+00:00 [debug] Calling mod_stats_influx:handle_event/2 [UDP, session 1v, user 2145913200, client 127.0.0.1:60628, relay 10.1.0.178:62820] (eturnal_module:handle_event/2:176)
2022-02-13 11:01:10.961178+00:00 [debug] Writing stats of TURN session 1v to InfluxDB [UDP, session 1v, user 2145913200, client 127.0.0.1:60628, relay 10.1.0.178:62820] (mod_stats_influx:on_turn_session_stop/1:81)
2022-02-13 11:01:10.988485+00:00 [debug] Received:
#stun{class = request,method = 1,magic = 554869826,
      trid = 28777630612724016230451804642,raw = <<>>,unsupported = [],
      'ALTERNATE-SERVER' = undefined,'CHANNEL-NUMBER' = undefined,
      'DATA' = undefined,'DONT-FRAGMENT' = false,'ERROR-CODE' = undefined,
      'LIFETIME' = undefined,'MAPPED-ADDRESS' = undefined,
      'MESSAGE-INTEGRITY' = undefined,'NONCE' = undefined,'REALM' = undefined,
      'REQUESTED-ADDRESS-FAMILY' = undefined,
      'REQUESTED-TRANSPORT' = undefined,'SOFTWARE' = undefined,
      'UNKNOWN-ATTRIBUTES' = [],'USERNAME' = undefined,
      'XOR-MAPPED-ADDRESS' = undefined,'XOR-PEER-ADDRESS' = [],
      'XOR-RELAYED-ADDRESS' = undefined} (stun:udp_recv/5:111)
2022-02-13 11:01:10.988623+00:00 [debug] Responding to STUN request [UDP, session 42, anonymous, client 127.0.0.1:51682] (stun:process/4:312)
2022-02-13 11:01:10.988671+00:00 [debug] Running 'stun_query' hook [UDP, session 42, anonymous, client 127.0.0.1:51682] (stun:run_hook/3:818)
2022-02-13 11:01:10.988761+00:00 [debug] Got 'stun_query' event [UDP, session 42, anonymous, client 127.0.0.1:51682] (eturnal_module:handle_event/2:173)
2022-02-13 11:01:10.988805+00:00 [debug] Calling mod_log_stun:handle_event/2 [UDP, session 42, anonymous, client 127.0.0.1:51682] (eturnal_module:handle_event/2:176)
2022-02-13 11:01:10.988837+00:00 [info] Responding to STUN request [UDP, session 42, anonymous, client 127.0.0.1:51682] (mod_log_stun:handle_event/2:45)
2022-02-13 11:01:10.988906+00:00 [debug] Calling mod_stats_influx:handle_event/2 [UDP, session 42, anonymous, client 127.0.0.1:51682] (eturnal_module:handle_event/2:176)
2022-02-13 11:01:10.988950+00:00 [debug] Writing STUN query event to InfluxDB [UDP, session 42, anonymous, client 127.0.0.1:51682] (mod_stats_influx:on_stun_query/1:70)
2022-02-13 11:01:10.989161+00:00 [debug] Sending:
#stun{class = response,method = 1,magic = 554869826,
      trid = 28777630612724016230451804642,raw = <<>>,unsupported = [],
      'ALTERNATE-SERVER' = undefined,'CHANNEL-NUMBER' = undefined,
      'DATA' = undefined,'DONT-FRAGMENT' = false,'ERROR-CODE' = undefined,
      'LIFETIME' = undefined,'MAPPED-ADDRESS' = undefined,
      'MESSAGE-INTEGRITY' = undefined,'NONCE' = undefined,'REALM' = undefined,
      'REQUESTED-ADDRESS-FAMILY' = undefined,
      'REQUESTED-TRANSPORT' = undefined,'SOFTWARE' = <<"eturnal">>,
      'UNKNOWN-ATTRIBUTES' = [],'USERNAME' = undefined,
      'XOR-MAPPED-ADDRESS' = {{127,0,0,1},51682},
      'XOR-PEER-ADDRESS' = [],'XOR-RELAYED-ADDRESS' = undefined} (stun:send/3:445)
2022-02-13 11:01:11.016255+00:00 [info] Accepting connection: 127.0.0.1:45382 -> 127.0.0.1:34780 [TCP, session 1u] (stun_listener:accept/3:221)
2022-02-13 11:01:11.016545+00:00 [debug] Received:
#stun{class = request,method = 1,magic = 554869826,
      trid = 66556531727708435539216386048,raw = <<>>,unsupported = [],
      'ALTERNATE-SERVER' = undefined,'CHANNEL-NUMBER' = undefined,
      'DATA' = undefined,'DONT-FRAGMENT' = false,'ERROR-CODE' = undefined,
      'LIFETIME' = undefined,'MAPPED-ADDRESS' = undefined,
      'MESSAGE-INTEGRITY' = undefined,'NONCE' = undefined,'REALM' = undefined,
      'REQUESTED-ADDRESS-FAMILY' = undefined,
      'REQUESTED-TRANSPORT' = undefined,'SOFTWARE' = undefined,
      'UNKNOWN-ATTRIBUTES' = [],'USERNAME' = undefined,
      'XOR-MAPPED-ADDRESS' = undefined,'XOR-PEER-ADDRESS' = [],
      'XOR-RELAYED-ADDRESS' = undefined} (stun:process_data/3:404)
2022-02-13 11:01:11.016694+00:00 [debug] Responding to STUN request [TCP, session 1u, anonymous, client 127.0.0.1:45382] (stun:process/4:312)
2022-02-13 11:01:11.016753+00:00 [debug] Running 'stun_query' hook [TCP, session 1u, anonymous, client 127.0.0.1:45382] (stun:run_hook/3:818)
2022-02-13 11:01:11.016806+00:00 [debug] Got 'stun_query' event [TCP, session 1u, anonymous, client 127.0.0.1:45382] (eturnal_module:handle_event/2:173)
2022-02-13 11:01:11.016856+00:00 [debug] Calling mod_log_stun:handle_event/2 [TCP, session 1u, anonymous, client 127.0.0.1:45382] (eturnal_module:handle_event/2:176)
2022-02-13 11:01:11.016917+00:00 [info] Responding to STUN request [TCP, session 1u, anonymous, client 127.0.0.1:45382] (mod_log_stun:handle_event/2:45)
2022-02-13 11:01:11.016998+00:00 [debug] Calling mod_stats_influx:handle_event/2 [TCP, session 1u, anonymous, client 127.0.0.1:45382] (eturnal_module:handle_event/2:176)
2022-02-13 11:01:11.017054+00:00 [debug] Writing STUN query event to InfluxDB [TCP, session 1u, anonymous, client 127.0.0.1:45382] (mod_stats_influx:on_stun_query/1:70)
2022-02-13 11:01:11.017289+00:00 [debug] Sending:
#stun{class = response,method = 1,magic = 554869826,
      trid = 66556531727708435539216386048,raw = <<>>,unsupported = [],
      'ALTERNATE-SERVER' = undefined,'CHANNEL-NUMBER' = undefined,
      'DATA' = undefined,'DONT-FRAGMENT' = false,'ERROR-CODE' = undefined,
      'LIFETIME' = undefined,'MAPPED-ADDRESS' = undefined,
      'MESSAGE-INTEGRITY' = undefined,'NONCE' = undefined,'REALM' = undefined,
      'REQUESTED-ADDRESS-FAMILY' = undefined,
      'REQUESTED-TRANSPORT' = undefined,'SOFTWARE' = <<"P1 STUN library">>,
      'UNKNOWN-ATTRIBUTES' = [],'USERNAME' = undefined,
      'XOR-MAPPED-ADDRESS' = {{127,0,0,1},45382},
      'XOR-PEER-ADDRESS' = [],'XOR-RELAYED-ADDRESS' = undefined} (stun:send/3:445)
2022-02-13 11:01:11.017597+00:00 [info] Connection reset by peer [TCP, session 1u, anonymous, client 127.0.0.1:45382] (stun:handle_info/3:170)
2022-02-13 11:01:11.044435+00:00 [info] Accepting connection: 127.0.0.1:45060 -> 127.0.0.1:53490 [TLS, session 2a] (stun_listener:accept/3:221)
2022-02-13 11:01:11.156935+00:00 [debug] Received:
#stun{class = request,method = 1,magic = 554869826,
      trid = 46077053751923452939617763084,raw = <<>>,unsupported = [],
      'ALTERNATE-SERVER' = undefined,'CHANNEL-NUMBER' = undefined,
      'DATA' = undefined,'DONT-FRAGMENT' = false,'ERROR-CODE' = undefined,
      'LIFETIME' = undefined,'MAPPED-ADDRESS' = undefined,
      'MESSAGE-INTEGRITY' = undefined,'NONCE' = undefined,'REALM' = undefined,
      'REQUESTED-ADDRESS-FAMILY' = undefined,
      'REQUESTED-TRANSPORT' = undefined,'SOFTWARE' = undefined,
      'UNKNOWN-ATTRIBUTES' = [],'USERNAME' = undefined,
      'XOR-MAPPED-ADDRESS' = undefined,'XOR-PEER-ADDRESS' = [],
      'XOR-RELAYED-ADDRESS' = undefined} (stun:process_data/3:404)
2022-02-13 11:01:11.157110+00:00 [debug] Responding to STUN request [TLS, session 2a, anonymous, client 127.0.0.1:45060] (stun:process/4:312)
2022-02-13 11:01:11.157159+00:00 [debug] Running 'stun_query' hook [TLS, session 2a, anonymous, client 127.0.0.1:45060] (stun:run_hook/3:818)
2022-02-13 11:01:11.157217+00:00 [debug] Got 'stun_query' event [TLS, session 2a, anonymous, client 127.0.0.1:45060] (eturnal_module:handle_event/2:173)
2022-02-13 11:01:11.157274+00:00 [debug] Calling mod_log_stun:handle_event/2 [TLS, session 2a, anonymous, client 127.0.0.1:45060] (eturnal_module:handle_event/2:176)
2022-02-13 11:01:11.157334+00:00 [info] Responding to STUN request [TLS, session 2a, anonymous, client 127.0.0.1:45060] (mod_log_stun:handle_event/2:45)
2022-02-13 11:01:11.157366+00:00 [debug] Calling mod_stats_influx:handle_event/2 [TLS, session 2a, anonymous, client 127.0.0.1:45060] (eturnal_module:handle_event/2:176)
2022-02-13 11:01:11.157408+00:00 [debug] Writing STUN query event to InfluxDB [TLS, session 2a, anonymous, client 127.0.0.1:45060] (mod_stats_influx:on_stun_query/1:70)
2022-02-13 11:01:11.157619+00:00 [debug] Sending:
#stun{class = response,method = 1,magic = 554869826,
      trid = 46077053751923452939617763084,raw = <<>>,unsupported = [],
      'ALTERNATE-SERVER' = undefined,'CHANNEL-NUMBER' = undefined,
      'DATA' = undefined,'DONT-FRAGMENT' = false,'ERROR-CODE' = undefined,
      'LIFETIME' = undefined,'MAPPED-ADDRESS' = undefined,
      'MESSAGE-INTEGRITY' = undefined,'NONCE' = undefined,'REALM' = undefined,
      'REQUESTED-ADDRESS-FAMILY' = undefined,
      'REQUESTED-TRANSPORT' = undefined,'SOFTWARE' = <<"P1 STUN library">>,
      'UNKNOWN-ATTRIBUTES' = [],'USERNAME' = undefined,
      'XOR-MAPPED-ADDRESS' = {{127,0,0,1},45060},
      'XOR-PEER-ADDRESS' = [],'XOR-RELAYED-ADDRESS' = undefined} (stun:send/3:445)
2022-02-13 11:01:11.157935+00:00 [info] Connection reset by peer [TLS, session 2a, anonymous, client 127.0.0.1:45060] (stun:handle_info/3:170)
2022-02-13 11:01:11.186787+00:00 [info] Accepting connection: 127.0.0.1:36186 -> 127.0.0.1:34781 [TCP|TLS, session 1e] (stun_listener:accept/3:221)
2022-02-13 11:01:11.186961+00:00 [debug] Determined transport protocol: TCP (stun:is_tls_handshake/1:766)
2022-02-13 11:01:11.187324+00:00 [debug] Received:
#stun{class = request,method = 1,magic = 554869826,
      trid = 27882036399133876309153044499,raw = <<>>,unsupported = [],
      'ALTERNATE-SERVER' = undefined,'CHANNEL-NUMBER' = undefined,
      'DATA' = undefined,'DONT-FRAGMENT' = false,'ERROR-CODE' = undefined,
      'LIFETIME' = undefined,'MAPPED-ADDRESS' = undefined,
      'MESSAGE-INTEGRITY' = undefined,'NONCE' = undefined,'REALM' = undefined,
      'REQUESTED-ADDRESS-FAMILY' = undefined,
      'REQUESTED-TRANSPORT' = undefined,'SOFTWARE' = undefined,
      'UNKNOWN-ATTRIBUTES' = [],'USERNAME' = undefined,
      'XOR-MAPPED-ADDRESS' = undefined,'XOR-PEER-ADDRESS' = [],
      'XOR-RELAYED-ADDRESS' = undefined} (stun:process_data/3:404)
2022-02-13 11:01:11.187454+00:00 [debug] Responding to STUN request [TCP, session 1e, anonymous, client 127.0.0.1:36186] (stun:process/4:312)
2022-02-13 11:01:11.187501+00:00 [debug] Running 'stun_query' hook [TCP, session 1e, anonymous, client 127.0.0.1:36186] (stun:run_hook/3:818)
2022-02-13 11:01:11.187589+00:00 [debug] Got 'stun_query' event [TCP, session 1e, anonymous, client 127.0.0.1:36186] (eturnal_module:handle_event/2:173)
2022-02-13 11:01:11.187623+00:00 [debug] Calling mod_log_stun:handle_event/2 [TCP, session 1e, anonymous, client 127.0.0.1:36186] (eturnal_module:handle_event/2:176)
2022-02-13 11:01:11.187661+00:00 [info] Responding to STUN request [TCP, session 1e, anonymous, client 127.0.0.1:36186] (mod_log_stun:handle_event/2:45)
2022-02-13 11:01:11.187740+00:00 [debug] Calling mod_stats_influx:handle_event/2 [TCP, session 1e, anonymous, client 127.0.0.1:36186] (eturnal_module:handle_event/2:176)
2022-02-13 11:01:11.187771+00:00 [debug] Writing STUN query event to InfluxDB [TCP, session 1e, anonymous, client 127.0.0.1:36186] (mod_stats_influx:on_stun_query/1:70)
2022-02-13 11:01:11.188167+00:00 [debug] Sending:
#stun{class = response,method = 1,magic = 554869826,
      trid = 27882036399133876309153044499,raw = <<>>,unsupported = [],
      'ALTERNATE-SERVER' = undefined,'CHANNEL-NUMBER' = undefined,
      'DATA' = undefined,'DONT-FRAGMENT' = false,'ERROR-CODE' = undefined,
      'LIFETIME' = undefined,'MAPPED-ADDRESS' = undefined,
      'MESSAGE-INTEGRITY' = undefined,'NONCE' = undefined,'REALM' = undefined,
      'REQUESTED-ADDRESS-FAMILY' = undefined,
      'REQUESTED-TRANSPORT' = undefined,'SOFTWARE' = <<"P1 STUN library">>,
      'UNKNOWN-ATTRIBUTES' = [],'USERNAME' = undefined,
      'XOR-MAPPED-ADDRESS' = {{127,0,0,1},36186},
      'XOR-PEER-ADDRESS' = [],'XOR-RELAYED-ADDRESS' = undefined} (stun:send/3:445)
2022-02-13 11:01:11.188442+00:00 [info] Connection reset by peer [TCP, session 1e, anonymous, client 127.0.0.1:36186] (stun:handle_info/3:170)
2022-02-13 11:01:11.219419+00:00 [info] Accepting connection: 127.0.0.1:36188 -> 127.0.0.1:34781 [TCP|TLS, session 3n] (stun_listener:accept/3:221)
2022-02-13 11:01:11.219669+00:00 [debug] Determined transport protocol: TLS (stun:is_tls_handshake/1:763)
2022-02-13 11:01:11.331194+00:00 [debug] Received:
#stun{class = request,method = 1,magic = 554869826,
      trid = 5314396692387432861898771456,raw = <<>>,unsupported = [],
      'ALTERNATE-SERVER' = undefined,'CHANNEL-NUMBER' = undefined,
      'DATA' = undefined,'DONT-FRAGMENT' = false,'ERROR-CODE' = undefined,
      'LIFETIME' = undefined,'MAPPED-ADDRESS' = undefined,
      'MESSAGE-INTEGRITY' = undefined,'NONCE' = undefined,'REALM' = undefined,
      'REQUESTED-ADDRESS-FAMILY' = undefined,
      'REQUESTED-TRANSPORT' = undefined,'SOFTWARE' = undefined,
      'UNKNOWN-ATTRIBUTES' = [],'USERNAME' = undefined,
      'XOR-MAPPED-ADDRESS' = undefined,'XOR-PEER-ADDRESS' = [],
      'XOR-RELAYED-ADDRESS' = undefined} (stun:process_data/3:404)
2022-02-13 11:01:11.331375+00:00 [debug] Responding to STUN request [TLS, session 3n, anonymous, client 127.0.0.1:36188] (stun:process/4:312)
2022-02-13 11:01:11.331440+00:00 [debug] Running 'stun_query' hook [TLS, session 3n, anonymous, client 127.0.0.1:36188] (stun:run_hook/3:818)
2022-02-13 11:01:11.331554+00:00 [debug] Got 'stun_query' event [TLS, session 3n, anonymous, client 127.0.0.1:36188] (eturnal_module:handle_event/2:173)
2022-02-13 11:01:11.331600+00:00 [debug] Calling mod_log_stun:handle_event/2 [TLS, session 3n, anonymous, client 127.0.0.1:36188] (eturnal_module:handle_event/2:176)
2022-02-13 11:01:11.331645+00:00 [info] Responding to STUN request [TLS, session 3n, anonymous, client 127.0.0.1:36188] (mod_log_stun:handle_event/2:45)
2022-02-13 11:01:11.331750+00:00 [debug] Calling mod_stats_influx:handle_event/2 [TLS, session 3n, anonymous, client 127.0.0.1:36188] (eturnal_module:handle_event/2:176)
2022-02-13 11:01:11.331815+00:00 [debug] Writing STUN query event to InfluxDB [TLS, session 3n, anonymous, client 127.0.0.1:36188] (mod_stats_influx:on_stun_query/1:70)
2022-02-13 11:01:11.332104+00:00 [debug] Sending:
#stun{class = response,method = 1,magic = 554869826,
      trid = 5314396692387432861898771456,raw = <<>>,unsupported = [],
      'ALTERNATE-SERVER' = undefined,'CHANNEL-NUMBER' = undefined,
      'DATA' = undefined,'DONT-FRAGMENT' = false,'ERROR-CODE' = undefined,
      'LIFETIME' = undefined,'MAPPED-ADDRESS' = undefined,
      'MESSAGE-INTEGRITY' = undefined,'NONCE' = undefined,'REALM' = undefined,
      'REQUESTED-ADDRESS-FAMILY' = undefined,
      'REQUESTED-TRANSPORT' = undefined,'SOFTWARE' = <<"P1 STUN library">>,
      'UNKNOWN-ATTRIBUTES' = [],'USERNAME' = undefined,
      'XOR-MAPPED-ADDRESS' = {{127,0,0,1},36188},
      'XOR-PEER-ADDRESS' = [],'XOR-RELAYED-ADDRESS' = undefined} (stun:send/3:445)
2022-02-13 11:01:11.332461+00:00 [info] Connection reset by peer [TLS, session 3n, anonymous, client 127.0.0.1:36188] (stun:handle_info/3:170)
2022-02-13 11:01:11.357801+00:00 [debug] Terminating eturnal (shutdown) (eturnal:terminate/2:196)
2022-02-13 11:01:11.357791+00:00 [debug] No NOTIFY_SOCKET, dropping STOPPING=1 notification (eturnal_systemd:handle_cast/2:109)
2022-02-13 11:01:11.358001+00:00 [info] Stopped listening on 127.0.0.1:34780 (udp) (eturnal:stop_listeners/1:372)
2022-02-13 11:01:11.358066+00:00 [debug] Watchdog interval is undefined, hibernating (eturnal_systemd:get_timeout/1:162)
2022-02-13 11:01:11.358279+00:00 [info] Stopped listening on 127.0.0.1:34780 (tcp) (eturnal:stop_listeners/1:372)
2022-02-13 11:01:11.358450+00:00 [info] Stopped listening on 127.0.0.1:53490 (tls) (eturnal:stop_listeners/1:372)
2022-02-13 11:01:11.358560+00:00 [info] Stopped listening on 127.0.0.1:34781 (auto) (eturnal:stop_listeners/1:372)
2022-02-13 11:01:11.359247+00:00 [debug] Calling mod_log_stun:stop/1 (eturnal_module:stop/1:159)
2022-02-13 11:01:11.359372+00:00 [debug] Stopping mod_log_stun (mod_log_stun:stop/0:50)
2022-02-13 11:01:11.359584+00:00 [info] Stopped mod_log_stun (eturnal:stop_modules/1:320)
2022-02-13 11:01:11.359970+00:00 [debug] Calling mod_stats_influx:stop/1 (eturnal_module:stop/1:159)
2022-02-13 11:01:11.360105+00:00 [debug] Stopping mod_stats_influx (mod_stats_influx:stop/0:55)
2022-02-13 11:01:11.360286+00:00 [info] Stopped mod_stats_influx (eturnal:stop_modules/1:320)
2022-02-13 11:01:11.360892+00:00 [debug] Removed run/cert.pem (eturnal:clean_run_dir/0:708)
2022-02-13 11:01:11.362181+00:00 [debug] Terminating eturnal_systemd (shutdown) (eturnal_systemd:terminate/2:136)
2022-02-13 11:01:11.362430+00:00 [notice] Stopping eturnal 1.8.1 on Erlang/OTP 24 (ERTS 12.2) (eturnal_app:stop/1:54)
2022-02-13 11:01:11.363697+00:00 [notice]     application: eturnal
    exited: stopped
    type: temporary
 (application_controller:info_exited/3:2119)
