2022-07-06 16:36:49.639041+00:00 [notice] Starting eturnal 1.8.3 on Erlang/OTP 25 (ERTS 13.0) (eturnal_app:start/2:35)
2022-07-06 16:36:49.639259+00:00 [debug] Starting supervisor: eturnal_sup (eturnal_sup:start_link/0:32)
2022-07-06 16:36:49.639411+00:00 [debug] Configuring eturnal_sup supervisor: [#{id => systemd,
                                       start =>
                                           {eturnal_systemd,start_link,[]}},
                                     #{id => eturnal,
                                       start => {eturnal,start_link,[]}}] (eturnal_sup:init/0:40)
2022-07-06 16:36:49.641839+00:00 [info] Got no NOTIFY_SOCKET, notifications disabled (eturnal_systemd:init/1:95)
2022-07-06 16:36:49.641997+00:00 [debug] PROGRESS REPORT:
    supervisor: {local,eturnal_sup}
    started: [{pid,<0.930.0>},
              {id,systemd},
              {mfargs,{eturnal_systemd,start_link,[]}},
              {restart_type,permanent},
              {significant,false},
              {shutdown,5000},
              {child_type,worker}]
 (supervisor:report_progress/2:1557)
2022-07-06 16:36:49.642209+00:00 [info] Relay IPv4 address: 127.0.0.1 (port range: 49152-65535) (eturnal:log_relay_addresses/0:287)
2022-07-06 16:36:49.642337+00:00 [info] Relay IPv6 address not configured (eturnal:log_relay_addresses/0:297)
2022-07-06 16:36:49.654373+00:00 [info] Cannot determine control query port: noport (eturnal:log_control_listener/0:312)
2022-07-06 16:36:49.654510+00:00 [debug] TURN configuration seems fine (eturnal:check_turn_config/1:520)
2022-07-06 16:36:49.654793+00:00 [debug] Using run directory run (eturnal:ensure_run_dir/0:713)
2022-07-06 16:36:49.654989+00:00 [warning] TLS enabled without 'tls_crt_file', creating self-signed certificate (eturnal:check_pem_file/0:643)
2022-07-06 16:36:50.212562+00:00 [debug] Calling mod_log_stun:start/0 (eturnal_module:start/1:142)
2022-07-06 16:36:50.212881+00:00 [debug] Starting mod_log_stun (mod_log_stun:start/0:39)
2022-07-06 16:36:50.213032+00:00 [info] Started mod_log_stun (eturnal:start_modules/0:323)
2022-07-06 16:36:50.213132+00:00 [debug] Calling mod_stats_influx:start/0 (eturnal_module:start/1:142)
2022-07-06 16:36:50.213213+00:00 [debug] Starting mod_stats_influx (mod_stats_influx:start/0:38)
2022-07-06 16:36:50.219570+00:00 [debug] PROGRESS REPORT:
    application: ulitos
    started_at: nonode@nohost
 (application_controller:info_started/2:2107)
2022-07-06 16:36:50.221531+00:00 [debug] PROGRESS REPORT:
    application: poolboy
    started_at: nonode@nohost
 (application_controller:info_started/2:2107)
2022-07-06 16:36:50.222716+00:00 [info]     msg: Starting application: influx_udp (influx_udp_app:start/2:10)
2022-07-06 16:36:50.225599+00:00 [debug] PROGRESS REPORT:
    supervisor: {local,influx_udp_sup}
    started: [{pid,<0.952.0>},
              {id,influx_udp},
              {mfargs,{influx_udp,start_link,[]}},
              {restart_type,permanent},
              {significant,false},
              {shutdown,5000},
              {child_type,worker}]
 (supervisor:report_progress/2:1557)
2022-07-06 16:36:50.225747+00:00 [debug] Dependency influx_udp was available already (eturnal_module:ensure_dep/2:283)
2022-07-06 16:36:50.225747+00:00 [debug] PROGRESS REPORT:
    application: influx_udp
    started_at: nonode@nohost
 (application_controller:info_started/2:2107)
2022-07-06 16:36:50.228601+00:00 [info]     host: {127,0,0,1}
    msg: Start clients pool
    options: #{host => "localhost",max_overflow => 1,pool_size => 1,
               port => 8089} (influx_udp:start_pool_/2:239)
2022-07-06 16:36:50.238003+00:00 [info]     msg: Open UDP socket on port
    port: 45568 (influx_udp_worker:init/1:43)
2022-07-06 16:36:50.238202+00:00 [debug] PROGRESS REPORT:
    supervisor: {local,influx_udp_sup}
    started: [{pid,<0.955.0>},
              {id,stats_influx_pool},
              {mfargs,
                  {poolboy,start_link,
                      [[{name,{local,stats_influx_pool}},
                        {worker_module,influx_udp_worker},
                        {size,1},
                        {max_overflow,1}],
                       [{options,
                            #{host => {127,0,0,1},
                              max_overflow => 1,pool_size => 1,
                              port => 8089}}]]}},
              {restart_type,permanent},
              {significant,false},
              {shutdown,5000},
              {child_type,worker}]
 (supervisor:report_progress/2:1557)
2022-07-06 16:36:50.238402+00:00 [info] Started mod_stats_influx (eturnal:start_modules/0:323)
2022-07-06 16:36:50.238511+00:00 [debug] Started 2 modules (eturnal:init/1:113)
2022-07-06 16:36:50.238689+00:00 [debug] Starting listener 127.0.0.1:34780 (udp) with options:
[{use_turn,true},
 {auth_type,user},
 {turn_ipv4_address,{127,0,0,1}},
 {turn_min_port,49152},
 {turn_max_port,65535},
 {turn_max_allocations,10},
 {turn_max_permissions,10},
 {shaper,100000},
 {turn_blacklist,[{{203,0,113,0},24},{{8193,3512,0,0,0,0,0,0},32}]},
 {turn_whitelist,[{{203,0,113,113},32},{{8193,3512,0,0,0,0,0,0},64}]},
 {auth_realm,<<"eturnal.net">>},
 {server_name,<<"eturnal">>},
 {auth_fun,fun eturnal:get_password/2},
 {hook_fun,fun eturnal:run_hook/2}] (eturnal:start_listeners/0:367)
2022-07-06 16:36:50.256411+00:00 [info] Listening on 127.0.0.1:34780 (udp) (STUN/TURN) (eturnal:start_listeners/0:372)
2022-07-06 16:36:50.256597+00:00 [debug] Starting listener 127.0.0.1:34780 (tcp) with options:
[{use_turn,false},
 {auth_type,anonymous},
 {turn_ipv4_address,{127,0,0,1}},
 {turn_min_port,49152},
 {turn_max_port,65535},
 {turn_max_allocations,10},
 {turn_max_permissions,10},
 {shaper,100000},
 {turn_blacklist,[{{203,0,113,0},24},{{8193,3512,0,0,0,0,0,0},32}]},
 {turn_whitelist,[{{203,0,113,113},32},{{8193,3512,0,0,0,0,0,0},64}]},
 {auth_realm,<<"eturnal.net">>},
 {server_name,<<"eturnal">>},
 {auth_fun,fun eturnal:get_password/2},
 {hook_fun,fun eturnal:run_hook/2}] (eturnal:start_listeners/0:367)
2022-07-06 16:36:50.265161+00:00 [info] Listening on 127.0.0.1:34780 (tcp) (STUN only) (eturnal:start_listeners/0:372)
2022-07-06 16:36:50.265332+00:00 [debug] Starting listener 127.0.0.1:53490 (tls) with options:
[{use_turn,false},
 {auth_type,anonymous},
 {tls,true},
 {certfile,<<"run/cert.pem">>},
 {ciphers,<<"HIGH:!aNULL:@STRENGTH">>},
 {protocol_options,<<"no_tlsv1|no_tlsv1_1|cipher_server_preference">>},
 {turn_ipv4_address,{127,0,0,1}},
 {turn_min_port,49152},
 {turn_max_port,65535},
 {turn_max_allocations,10},
 {turn_max_permissions,10},
 {shaper,100000},
 {turn_blacklist,[{{203,0,113,0},24},{{8193,3512,0,0,0,0,0,0},32}]},
 {turn_whitelist,[{{203,0,113,113},32},{{8193,3512,0,0,0,0,0,0},64}]},
 {auth_realm,<<"eturnal.net">>},
 {server_name,<<"eturnal">>},
 {auth_fun,fun eturnal:get_password/2},
 {hook_fun,fun eturnal:run_hook/2}] (eturnal:start_listeners/0:367)
2022-07-06 16:36:50.265868+00:00 [info] Listening on 127.0.0.1:53490 (tls) (STUN only) (eturnal:start_listeners/0:372)
2022-07-06 16:36:50.266034+00:00 [debug] Starting listener 127.0.0.1:34781 (auto) with options:
[{use_turn,false},
 {auth_type,anonymous},
 {tls,optional},
 {certfile,<<"run/cert.pem">>},
 {ciphers,<<"HIGH:!aNULL:@STRENGTH">>},
 {protocol_options,<<"no_tlsv1|no_tlsv1_1|cipher_server_preference">>},
 {turn_ipv4_address,{127,0,0,1}},
 {turn_min_port,49152},
 {turn_max_port,65535},
 {turn_max_allocations,10},
 {turn_max_permissions,10},
 {shaper,100000},
 {turn_blacklist,[{{203,0,113,0},24},{{8193,3512,0,0,0,0,0,0},32}]},
 {turn_whitelist,[{{203,0,113,113},32},{{8193,3512,0,0,0,0,0,0},64}]},
 {auth_realm,<<"eturnal.net">>},
 {server_name,<<"eturnal">>},
 {auth_fun,fun eturnal:get_password/2},
 {hook_fun,fun eturnal:run_hook/2}] (eturnal:start_listeners/0:367)
2022-07-06 16:36:50.279351+00:00 [info] Listening on 127.0.0.1:34781 (auto) (STUN only) (eturnal:start_listeners/0:372)
2022-07-06 16:36:50.279538+00:00 [debug] Started 4 listeners (eturnal:init/1:121)
2022-07-06 16:36:50.279706+00:00 [debug] PROGRESS REPORT:
    supervisor: {local,eturnal_sup}
    started: [{pid,<0.932.0>},
              {id,eturnal},
              {mfargs,{eturnal,start_link,[]}},
              {restart_type,permanent},
              {significant,false},
              {shutdown,5000},
              {child_type,worker}]
 (supervisor:report_progress/2:1557)
2022-07-06 16:36:50.279808+00:00 [debug] No NOTIFY_SOCKET, dropping READY=1 notification (eturnal_systemd:handle_cast/2:109)
2022-07-06 16:36:50.279893+00:00 [debug] PROGRESS REPORT:
    application: eturnal
    started_at: nonode@nohost
 (application_controller:info_started/2:2107)
2022-07-06 16:36:50.279955+00:00 [debug] Watchdog interval is undefined, hibernating (eturnal_systemd:get_timeout/1:162)
2022-07-06 16:36:50.306776+00:00 [debug] Handling API call: get_info() (eturnal_ctl:get_info/0:135)
2022-07-06 16:36:50.307351+00:00 [debug] eturnal call (get_info) returned {ok,
                                  {eturnal_node_info,<<"1.8.3">>,
                                   {"25","13.0"},
                                   3469,0,137,110502453,1,39099408}} (eturnal_ctl:call/1:452)
2022-07-06 16:36:50.332426+00:00 [debug] Handling API call: get_sessions() (eturnal_ctl:get_sessions/0:106)
2022-07-06 16:36:50.358161+00:00 [debug] Handling API call: get_sessions("alice") (eturnal_ctl:get_sessions/1:116)
2022-07-06 16:36:50.358344+00:00 [debug] Handling API call: disconnect(alice) (eturnal_ctl:disconnect/1:184)
2022-07-06 16:36:50.358416+00:00 [debug] Cannot convert user name to binary: alice (eturnal_ctl:disconnect/1:194)
2022-07-06 16:36:50.383519+00:00 [debug] Handling API call: disconnect("alice") (eturnal_ctl:disconnect/1:184)
2022-07-06 16:36:50.383705+00:00 [debug] Handling API call: disconnect(alice) (eturnal_ctl:disconnect/1:184)
2022-07-06 16:36:50.383783+00:00 [debug] Cannot convert user name to binary: alice (eturnal_ctl:disconnect/1:194)
2022-07-06 16:36:50.412048+00:00 [debug] Handling API call: get_credentials("2009-10-30 11:00:00Z", []) (eturnal_ctl:get_credentials/2:60)
2022-07-06 16:36:50.412301+00:00 [debug] eturnal call ({get_password,<<"1256900400">>}) returned {ok,
                                                         <<"uEKlpcME7MNMMVRV8rUFPCTIFEs=">>} (eturnal_ctl:call/1:452)
2022-07-06 16:36:50.420754+00:00 [debug] Handling API call: get_credentials("86400", "alice") (eturnal_ctl:get_credentials/2:60)
2022-07-06 16:36:50.421053+00:00 [debug] eturnal call ({get_password,<<"1657211810:alice">>}) returned {ok,
                                                               <<"SvNfClQPevmvaHl48tr2YYAaZQ0=">>} (eturnal_ctl:call/1:452)
2022-07-06 16:36:50.421192+00:00 [debug] Handling API call: get_password("1657211810:alice") (eturnal_ctl:get_password/1:79)
2022-07-06 16:36:50.421501+00:00 [debug] eturnal call ({get_password,<<"1657211810:alice">>}) returned {ok,
                                                               <<"SvNfClQPevmvaHl48tr2YYAaZQ0=">>} (eturnal_ctl:call/1:452)
2022-07-06 16:36:50.421739+00:00 [debug] Handling API call: get_credentials("86400s", "alice") (eturnal_ctl:get_credentials/2:60)
2022-07-06 16:36:50.421992+00:00 [debug] eturnal call ({get_password,<<"1657211810:alice">>}) returned {ok,
                                                               <<"SvNfClQPevmvaHl48tr2YYAaZQ0=">>} (eturnal_ctl:call/1:452)
2022-07-06 16:36:50.422117+00:00 [debug] Handling API call: get_password("1657211810:alice") (eturnal_ctl:get_password/1:79)
2022-07-06 16:36:50.422246+00:00 [debug] eturnal call ({get_password,<<"1657211810:alice">>}) returned {ok,
                                                               <<"SvNfClQPevmvaHl48tr2YYAaZQ0=">>} (eturnal_ctl:call/1:452)
2022-07-06 16:36:50.422434+00:00 [debug] Handling API call: get_credentials("1440m", "alice") (eturnal_ctl:get_credentials/2:60)
2022-07-06 16:36:50.422571+00:00 [debug] eturnal call ({get_password,<<"1657211810:alice">>}) returned {ok,
                                                               <<"SvNfClQPevmvaHl48tr2YYAaZQ0=">>} (eturnal_ctl:call/1:452)
2022-07-06 16:36:50.422791+00:00 [debug] Handling API call: get_password("1657211810:alice") (eturnal_ctl:get_password/1:79)
2022-07-06 16:36:50.422934+00:00 [debug] eturnal call ({get_password,<<"1657211810:alice">>}) returned {ok,
                                                               <<"SvNfClQPevmvaHl48tr2YYAaZQ0=">>} (eturnal_ctl:call/1:452)
2022-07-06 16:36:50.423109+00:00 [debug] Handling API call: get_credentials("24h", "alice") (eturnal_ctl:get_credentials/2:60)
2022-07-06 16:36:50.423287+00:00 [debug] eturnal call ({get_password,<<"1657211810:alice">>}) returned {ok,
                                                               <<"SvNfClQPevmvaHl48tr2YYAaZQ0=">>} (eturnal_ctl:call/1:452)
2022-07-06 16:36:50.423389+00:00 [debug] Handling API call: get_password("1657211810:alice") (eturnal_ctl:get_password/1:79)
2022-07-06 16:36:50.423471+00:00 [debug] eturnal call ({get_password,<<"1657211810:alice">>}) returned {ok,
                                                               <<"SvNfClQPevmvaHl48tr2YYAaZQ0=">>} (eturnal_ctl:call/1:452)
2022-07-06 16:36:50.423603+00:00 [debug] Handling API call: get_credentials("1d", "alice") (eturnal_ctl:get_credentials/2:60)
2022-07-06 16:36:50.423691+00:00 [debug] eturnal call ({get_password,<<"1657211810:alice">>}) returned {ok,
                                                               <<"SvNfClQPevmvaHl48tr2YYAaZQ0=">>} (eturnal_ctl:call/1:452)
2022-07-06 16:36:50.423776+00:00 [debug] Handling API call: get_password("1657211810:alice") (eturnal_ctl:get_password/1:79)
2022-07-06 16:36:50.423851+00:00 [debug] eturnal call ({get_password,<<"1657211810:alice">>}) returned {ok,
                                                               <<"SvNfClQPevmvaHl48tr2YYAaZQ0=">>} (eturnal_ctl:call/1:452)
2022-07-06 16:36:50.423967+00:00 [debug] Handling API call: get_password("Invalid") (eturnal_ctl:get_password/1:79)
2022-07-06 16:36:50.424084+00:00 [debug] Invalid user name: Invalid (eturnal_ctl:get_password/1:93)
2022-07-06 16:36:50.424164+00:00 [debug] Handling API call: get_credentials("Invalid", []) (eturnal_ctl:get_credentials/2:60)
2022-07-06 16:36:50.424243+00:00 [debug] Invalid argument(s): "Invalid":[] (eturnal_ctl:get_credentials/2:73)
2022-07-06 16:36:50.424305+00:00 [debug] Handling API call: get_password(invalid) (eturnal_ctl:get_password/1:79)
2022-07-06 16:36:50.424369+00:00 [debug] Cannot convert user name to binary: invalid (eturnal_ctl:get_password/1:100)
2022-07-06 16:36:50.424461+00:00 [debug] Handling API call: get_credentials(invalid, []) (eturnal_ctl:get_credentials/2:60)
2022-07-06 16:36:50.424530+00:00 [debug] Invalid argument(s): invalid:[] (eturnal_ctl:get_credentials/2:73)
2022-07-06 16:36:50.424604+00:00 [debug] Handling API call: get_password([invalid]) (eturnal_ctl:get_password/1:79)
2022-07-06 16:36:50.424672+00:00 [debug] Cannot convert user name to binary: [invalid] (eturnal_ctl:get_password/1:100)
2022-07-06 16:36:50.424738+00:00 [debug] Handling API call: get_credentials([invalid], []) (eturnal_ctl:get_credentials/2:60)
2022-07-06 16:36:50.424829+00:00 [debug] Invalid argument(s): [invalid]:[] (eturnal_ctl:get_credentials/2:73)
2022-07-06 16:36:50.424926+00:00 [debug] Handling API call: get_credentials(1256900400, invalid) (eturnal_ctl:get_credentials/2:60)
2022-07-06 16:36:50.424992+00:00 [debug] Invalid argument(s): 1256900400:invalid (eturnal_ctl:get_credentials/2:73)
2022-07-06 16:36:50.449630+00:00 [debug] Handling API call: set_loglevel(debug) (eturnal_ctl:set_loglevel/1:165)
2022-07-06 16:36:50.449900+00:00 [debug] eturnal call ({set_loglevel,debug}) returned ok (eturnal_ctl:call/1:449)
2022-07-06 16:36:50.450094+00:00 [debug] Handling API call: get_loglevel() (eturnal_ctl:get_loglevel/0:155)
2022-07-06 16:36:50.450220+00:00 [debug] eturnal call (get_loglevel) returned {ok,debug} (eturnal_ctl:call/1:452)
2022-07-06 16:36:50.450346+00:00 [debug] Handling API call: set_loglevel(invalid) (eturnal_ctl:set_loglevel/1:165)
2022-07-06 16:36:50.450441+00:00 [debug] Invalid log level: invalid (eturnal_ctl:set_loglevel/1:175)
2022-07-06 16:36:50.450645+00:00 [debug] Handling API call: get_loglevel() (eturnal_ctl:get_loglevel/0:155)
2022-07-06 16:36:50.450770+00:00 [debug] eturnal call (get_loglevel) returned {ok,debug} (eturnal_ctl:call/1:452)
2022-07-06 16:36:50.476384+00:00 [debug] Handling API call: get_version() (eturnal_ctl:get_version/0:145)
2022-07-06 16:36:50.476569+00:00 [debug] eturnal call (get_version) returned {ok,<<"1.8.3">>} (eturnal_ctl:call/1:452)
2022-07-06 16:36:50.501359+00:00 [debug] Handling API call: reload() (eturnal_ctl:reload/0:200)
2022-07-06 16:36:50.502968+00:00 [debug] Calling mod_log_stun:options/0 (eturnal_module:options/1:191)
2022-07-06 16:36:50.503134+00:00 [debug] Calling mod_stats_influx:options/0 (eturnal_module:options/1:191)
2022-07-06 16:36:50.503574+00:00 [warning] TLS enabled without 'tls_crt_file', creating self-signed certificate (eturnal:check_pem_file/0:643)
2022-07-06 16:36:51.081128+00:00 [info] Using new TLS certificate (eturnal:handle_call/3:140)
2022-07-06 16:36:51.081323+00:00 [debug] Reloaded configuration (eturnal:handle_call/3:146)
2022-07-06 16:36:51.081847+00:00 [debug] eturnal call (reload) returned ok (eturnal_ctl:call/1:449)
2022-07-06 16:36:51.082481+00:00 [debug] Handling API call: reload() (eturnal_ctl:reload/0:200)
2022-07-06 16:36:51.084037+00:00 [debug] Calling mod_log_stun:options/0 (eturnal_module:options/1:191)
2022-07-06 16:36:51.084164+00:00 [debug] Calling mod_stats_influx:options/0 (eturnal_module:options/1:191)
2022-07-06 16:36:51.085109+00:00 [debug] Keeping PEM file (run/cert.pem) (eturnal:check_pem_file/0:640)
2022-07-06 16:36:51.085211+00:00 [debug] TLS certificate unchanged (eturnal:handle_call/3:142)
2022-07-06 16:36:51.085295+00:00 [debug] Reloaded configuration (eturnal:handle_call/3:146)
2022-07-06 16:36:51.085375+00:00 [debug] eturnal call (reload) returned ok (eturnal_ctl:call/1:449)
2022-07-06 16:36:51.110492+00:00 [info] Accepting connection: 127.0.0.1:40754 -> 127.0.0.1:34780 [TCP, session r6xmdmzybemy] (stun_acceptor:accept/3:148)
2022-07-06 16:36:51.133961+00:00 [info] Accepting connection: 127.0.0.1:60402 -> 127.0.0.1:53490 [TLS, session c0y5znf4i0rr] (stun_acceptor:accept/3:148)
2022-07-06 16:36:51.164123+00:00 [debug] Received:
#stun{class = request,method = 3,magic = 554869826,
      trid = 39969758679107081717585814986,raw = <<>>,unsupported = [],
      'ALTERNATE-SERVER' = undefined,'CHANNEL-NUMBER' = undefined,
      'DATA' = undefined,'DONT-FRAGMENT' = false,'ERROR-CODE' = undefined,
      'LIFETIME' = undefined,'MAPPED-ADDRESS' = undefined,
      'MESSAGE-INTEGRITY' = undefined,'NONCE' = undefined,'REALM' = undefined,
      'REQUESTED-ADDRESS-FAMILY' = undefined,
      'REQUESTED-TRANSPORT' = undefined,'SOFTWARE' = undefined,
      'UNKNOWN-ATTRIBUTES' = [],'USERNAME' = undefined,
      'XOR-MAPPED-ADDRESS' = undefined,'XOR-PEER-ADDRESS' = [],
      'XOR-RELAYED-ADDRESS' = undefined} (stun:udp_recv/5:111)
2022-07-06 16:36:51.164295+00:00 [debug] Sending:
#stun{class = error,method = 3,magic = 554869826,
      trid = 39969758679107081717585814986,raw = <<>>,unsupported = [],
      'ALTERNATE-SERVER' = undefined,'CHANNEL-NUMBER' = undefined,
      'DATA' = undefined,'DONT-FRAGMENT' = false,
      'ERROR-CODE' = {401,<<"Unauthorized">>},
      'LIFETIME' = undefined,'MAPPED-ADDRESS' = undefined,
      'MESSAGE-INTEGRITY' = undefined,'NONCE' = <<"2536548825">>,
      'REALM' = <<"eturnal.net">>,'REQUESTED-ADDRESS-FAMILY' = undefined,
      'REQUESTED-TRANSPORT' = undefined,'SOFTWARE' = <<"eturnal">>,
      'UNKNOWN-ATTRIBUTES' = [],'USERNAME' = undefined,
      'XOR-MAPPED-ADDRESS' = undefined,'XOR-PEER-ADDRESS' = [],
      'XOR-RELAYED-ADDRESS' = undefined} (stun:send/3:445)
2022-07-06 16:36:51.164613+00:00 [debug] Received:
#stun{class = request,method = 3,magic = 554869826,
      trid = 45937805863231649599160723153,
      raw = <<0,3,0,80,33,18,164,66,148,110,220,197,206,128,239,98,174,146,38,
              209,0,25,0,4,17,0,0,0,0,6,0,10,50,49,52,53,57,49,51,50,48,48,0,0,
              0,20,0,11,101,116,117,114,110,97,108,46,110,101,116,0,0,21,0,10,
              50,53,51,54,53,52,56,56,50,53,0,0>>,
      unsupported = [],'ALTERNATE-SERVER' = undefined,
      'CHANNEL-NUMBER' = undefined,'DATA' = undefined,'DONT-FRAGMENT' = false,
      'ERROR-CODE' = undefined,'LIFETIME' = undefined,
      'MAPPED-ADDRESS' = undefined,
      'MESSAGE-INTEGRITY' = <<2,150,36,246,112,187,68,32,139,68,20,64,109,127,
                              79,173,209,201,201,250>>,
      'NONCE' = <<"2536548825">>,'REALM' = <<"eturnal.net">>,
      'REQUESTED-ADDRESS-FAMILY' = undefined,'REQUESTED-TRANSPORT' = udp,
      'SOFTWARE' = undefined,'UNKNOWN-ATTRIBUTES' = [],
      'USERNAME' = <<"2145913200">>,'XOR-MAPPED-ADDRESS' = undefined,
      'XOR-PEER-ADDRESS' = [],'XOR-RELAYED-ADDRESS' = undefined} (stun:udp_recv/5:111)
2022-07-06 16:36:51.164753+00:00 [debug] Looking up password for: 2145913200 [UDP, session 42l49tndn6rg, user 2145913200, client 127.0.0.1:38895] (eturnal:get_password/2:225)
2022-07-06 16:36:51.164820+00:00 [info] Accepting long-term STUN/TURN authentication [UDP, session 42l49tndn6rg, user 2145913200, client 127.0.0.1:38895] (stun:process/2:249)
2022-07-06 16:36:51.167766+00:00 [debug] Running 'turn_session_start' hook [UDP, session 42l49tndn6rg, user 2145913200, client 127.0.0.1:38895] (turn:run_hook/2:711)
2022-07-06 16:36:51.167866+00:00 [debug] Got 'turn_session_start' event [UDP, session 42l49tndn6rg, user 2145913200, client 127.0.0.1:38895] (eturnal_module:handle_event/2:176)
2022-07-06 16:36:51.168063+00:00 [notice] Creating TURN allocation (lifetime: 599 seconds) [UDP, session 42l49tndn6rg, user 2145913200, client 127.0.0.1:38895, relay 127.0.0.1:56446] (turn:wait_for_allocate/2:207)
2022-07-06 16:36:51.168194+00:00 [debug] Sending:
#stun{class = response,method = 3,magic = 554869826,
      trid = 45937805863231649599160723153,raw = <<>>,unsupported = [],
      'ALTERNATE-SERVER' = undefined,'CHANNEL-NUMBER' = undefined,
      'DATA' = undefined,'DONT-FRAGMENT' = false,'ERROR-CODE' = undefined,
      'LIFETIME' = 599,'MAPPED-ADDRESS' = undefined,
      'MESSAGE-INTEGRITY' = undefined,'NONCE' = undefined,'REALM' = undefined,
      'REQUESTED-ADDRESS-FAMILY' = undefined,
      'REQUESTED-TRANSPORT' = undefined,'SOFTWARE' = <<"eturnal">>,
      'UNKNOWN-ATTRIBUTES' = [],'USERNAME' = undefined,
      'XOR-MAPPED-ADDRESS' = {{127,0,0,1},38895},
      'XOR-PEER-ADDRESS' = [],
      'XOR-RELAYED-ADDRESS' = {{127,0,0,1},56446}} (turn:send/2:521)
2022-07-06 16:36:51.168558+00:00 [debug] Received:
#stun{class = request,method = 4,magic = 554869826,
      trid = 65886175798650073089286809952,
      raw = <<0,4,0,80,33,18,164,66,212,227,196,106,226,6,162,48,228,19,41,96,
              0,6,0,10,50,49,52,53,57,49,51,50,48,48,0,0,0,20,0,11,101,116,117,
              114,110,97,108,46,110,101,116,0,0,21,0,10,50,53,51,54,53,52,56,
              56,50,53,0,0,0,13,0,4,0,0,0,0>>,
      unsupported = [],'ALTERNATE-SERVER' = undefined,
      'CHANNEL-NUMBER' = undefined,'DATA' = undefined,'DONT-FRAGMENT' = false,
      'ERROR-CODE' = undefined,'LIFETIME' = 0,'MAPPED-ADDRESS' = undefined,
      'MESSAGE-INTEGRITY' = <<204,163,48,50,243,194,125,45,127,159,163,171,66,
                              111,96,62,181,243,212,129>>,
      'NONCE' = <<"2536548825">>,'REALM' = <<"eturnal.net">>,
      'REQUESTED-ADDRESS-FAMILY' = undefined,
      'REQUESTED-TRANSPORT' = undefined,'SOFTWARE' = undefined,
      'UNKNOWN-ATTRIBUTES' = [],'USERNAME' = <<"2145913200">>,
      'XOR-MAPPED-ADDRESS' = undefined,'XOR-PEER-ADDRESS' = [],
      'XOR-RELAYED-ADDRESS' = undefined} (stun:udp_recv/5:111)
2022-07-06 16:36:51.168692+00:00 [debug] Looking up password for: 2145913200 [UDP, session cigltdmbh1e1, user 2145913200, client 127.0.0.1:38895] (eturnal:get_password/2:225)
2022-07-06 16:36:51.168750+00:00 [info] Accepting long-term STUN/TURN authentication [UDP, session cigltdmbh1e1, user 2145913200, client 127.0.0.1:38895] (stun:process/2:249)
2022-07-06 16:36:51.168793+00:00 [info] Client requested closing the TURN session [UDP, session 42l49tndn6rg, user 2145913200, client 127.0.0.1:38895, relay 127.0.0.1:56446] (turn:active/2:262)
2022-07-06 16:36:51.168885+00:00 [debug] Sending:
#stun{class = response,method = 4,magic = 554869826,
      trid = 65886175798650073089286809952,raw = <<>>,unsupported = [],
      'ALTERNATE-SERVER' = undefined,'CHANNEL-NUMBER' = undefined,
      'DATA' = undefined,'DONT-FRAGMENT' = false,'ERROR-CODE' = undefined,
      'LIFETIME' = 0,'MAPPED-ADDRESS' = undefined,
      'MESSAGE-INTEGRITY' = undefined,'NONCE' = undefined,'REALM' = undefined,
      'REQUESTED-ADDRESS-FAMILY' = undefined,
      'REQUESTED-TRANSPORT' = undefined,'SOFTWARE' = <<"eturnal">>,
      'UNKNOWN-ATTRIBUTES' = [],'USERNAME' = undefined,
      'XOR-MAPPED-ADDRESS' = undefined,'XOR-PEER-ADDRESS' = [],
      'XOR-RELAYED-ADDRESS' = undefined} (turn:send/2:521)
2022-07-06 16:36:51.168985+00:00 [info] Deleting TURN allocation [UDP, session 42l49tndn6rg, user 2145913200, client 127.0.0.1:38895, relay 127.0.0.1:56446] (turn:terminate/3:454)
2022-07-06 16:36:51.169029+00:00 [notice] Relayed 0 KiB (in 0 B / 0 packets, out 0 B / 0 packets), duration: 0 seconds [UDP, session 42l49tndn6rg, user 2145913200, client 127.0.0.1:38895, relay 127.0.0.1:56446] (turn:terminate/3:461)
2022-07-06 16:36:51.169078+00:00 [debug] Running 'turn_session_stop' hook [UDP, session 42l49tndn6rg, user 2145913200, client 127.0.0.1:38895, relay 127.0.0.1:56446] (turn:run_hook/2:711)
2022-07-06 16:36:51.169115+00:00 [debug] Got 'turn_session_stop' event [UDP, session 42l49tndn6rg, user 2145913200, client 127.0.0.1:38895, relay 127.0.0.1:56446] (eturnal_module:handle_event/2:176)
2022-07-06 16:36:51.169151+00:00 [debug] Calling mod_stats_influx:handle_event/2 [UDP, session 42l49tndn6rg, user 2145913200, client 127.0.0.1:38895, relay 127.0.0.1:56446] (eturnal_module:handle_event/2:179)
2022-07-06 16:36:51.169522+00:00 [debug] Writing stats of TURN session 42l49tndn6rg to InfluxDB [UDP, session 42l49tndn6rg, user 2145913200, client 127.0.0.1:38895, relay 127.0.0.1:56446] (mod_stats_influx:on_turn_session_stop/1:81)
2022-07-06 16:36:51.193276+00:00 [debug] Received:
#stun{class = request,method = 1,magic = 554869826,
      trid = 75842461057167989140729268507,raw = <<>>,unsupported = [],
      'ALTERNATE-SERVER' = undefined,'CHANNEL-NUMBER' = undefined,
      'DATA' = undefined,'DONT-FRAGMENT' = false,'ERROR-CODE' = undefined,
      'LIFETIME' = undefined,'MAPPED-ADDRESS' = undefined,
      'MESSAGE-INTEGRITY' = undefined,'NONCE' = undefined,'REALM' = undefined,
      'REQUESTED-ADDRESS-FAMILY' = undefined,
      'REQUESTED-TRANSPORT' = undefined,'SOFTWARE' = undefined,
      'UNKNOWN-ATTRIBUTES' = [],'USERNAME' = undefined,
      'XOR-MAPPED-ADDRESS' = undefined,'XOR-PEER-ADDRESS' = [],
      'XOR-RELAYED-ADDRESS' = undefined} (stun:udp_recv/5:111)
2022-07-06 16:36:51.193416+00:00 [debug] Responding to STUN request [UDP, session iwngg1rmebmy, anonymous, client 127.0.0.1:38170] (stun:process/4:312)
2022-07-06 16:36:51.193456+00:00 [debug] Running 'stun_query' hook [UDP, session iwngg1rmebmy, anonymous, client 127.0.0.1:38170] (stun:run_hook/3:820)
2022-07-06 16:36:51.193499+00:00 [debug] Got 'stun_query' event [UDP, session iwngg1rmebmy, anonymous, client 127.0.0.1:38170] (eturnal_module:handle_event/2:176)
2022-07-06 16:36:51.193531+00:00 [debug] Calling mod_log_stun:handle_event/2 [UDP, session iwngg1rmebmy, anonymous, client 127.0.0.1:38170] (eturnal_module:handle_event/2:179)
2022-07-06 16:36:51.193570+00:00 [info] Responding to STUN request [UDP, session iwngg1rmebmy, anonymous, client 127.0.0.1:38170] (mod_log_stun:handle_event/2:45)
2022-07-06 16:36:51.193605+00:00 [debug] Calling mod_stats_influx:handle_event/2 [UDP, session iwngg1rmebmy, anonymous, client 127.0.0.1:38170] (eturnal_module:handle_event/2:179)
2022-07-06 16:36:51.193637+00:00 [debug] Writing STUN query event to InfluxDB [UDP, session iwngg1rmebmy, anonymous, client 127.0.0.1:38170] (mod_stats_influx:on_stun_query/1:70)
2022-07-06 16:36:51.193815+00:00 [debug] Sending:
#stun{class = response,method = 1,magic = 554869826,
      trid = 75842461057167989140729268507,raw = <<>>,unsupported = [],
      'ALTERNATE-SERVER' = undefined,'CHANNEL-NUMBER' = undefined,
      'DATA' = undefined,'DONT-FRAGMENT' = false,'ERROR-CODE' = undefined,
      'LIFETIME' = undefined,'MAPPED-ADDRESS' = undefined,
      'MESSAGE-INTEGRITY' = undefined,'NONCE' = undefined,'REALM' = undefined,
      'REQUESTED-ADDRESS-FAMILY' = undefined,
      'REQUESTED-TRANSPORT' = undefined,'SOFTWARE' = <<"eturnal">>,
      'UNKNOWN-ATTRIBUTES' = [],'USERNAME' = undefined,
      'XOR-MAPPED-ADDRESS' = {{127,0,0,1},38170},
      'XOR-PEER-ADDRESS' = [],'XOR-RELAYED-ADDRESS' = undefined} (stun:send/3:445)
2022-07-06 16:36:51.217642+00:00 [info] Accepting connection: 127.0.0.1:40756 -> 127.0.0.1:34780 [TCP, session x1ed8hk5bmn9] (stun_acceptor:accept/3:148)
2022-07-06 16:36:51.217881+00:00 [debug] Received:
#stun{class = request,method = 1,magic = 554869826,
      trid = 68541699911217868665829693788,raw = <<>>,unsupported = [],
      'ALTERNATE-SERVER' = undefined,'CHANNEL-NUMBER' = undefined,
      'DATA' = undefined,'DONT-FRAGMENT' = false,'ERROR-CODE' = undefined,
      'LIFETIME' = undefined,'MAPPED-ADDRESS' = undefined,
      'MESSAGE-INTEGRITY' = undefined,'NONCE' = undefined,'REALM' = undefined,
      'REQUESTED-ADDRESS-FAMILY' = undefined,
      'REQUESTED-TRANSPORT' = undefined,'SOFTWARE' = undefined,
      'UNKNOWN-ATTRIBUTES' = [],'USERNAME' = undefined,
      'XOR-MAPPED-ADDRESS' = undefined,'XOR-PEER-ADDRESS' = [],
      'XOR-RELAYED-ADDRESS' = undefined} (stun:process_data/3:404)
2022-07-06 16:36:51.217979+00:00 [debug] Responding to STUN request [TCP, session x1ed8hk5bmn9, anonymous, client 127.0.0.1:40756] (stun:process/4:312)
2022-07-06 16:36:51.218016+00:00 [debug] Running 'stun_query' hook [TCP, session x1ed8hk5bmn9, anonymous, client 127.0.0.1:40756] (stun:run_hook/3:820)
2022-07-06 16:36:51.218057+00:00 [debug] Got 'stun_query' event [TCP, session x1ed8hk5bmn9, anonymous, client 127.0.0.1:40756] (eturnal_module:handle_event/2:176)
2022-07-06 16:36:51.218093+00:00 [debug] Calling mod_log_stun:handle_event/2 [TCP, session x1ed8hk5bmn9, anonymous, client 127.0.0.1:40756] (eturnal_module:handle_event/2:179)
2022-07-06 16:36:51.218134+00:00 [info] Responding to STUN request [TCP, session x1ed8hk5bmn9, anonymous, client 127.0.0.1:40756] (mod_log_stun:handle_event/2:45)
2022-07-06 16:36:51.218169+00:00 [debug] Calling mod_stats_influx:handle_event/2 [TCP, session x1ed8hk5bmn9, anonymous, client 127.0.0.1:40756] (eturnal_module:handle_event/2:179)
2022-07-06 16:36:51.218204+00:00 [debug] Writing STUN query event to InfluxDB [TCP, session x1ed8hk5bmn9, anonymous, client 127.0.0.1:40756] (mod_stats_influx:on_stun_query/1:70)
2022-07-06 16:36:51.218367+00:00 [debug] Sending:
#stun{class = response,method = 1,magic = 554869826,
      trid = 68541699911217868665829693788,raw = <<>>,unsupported = [],
      'ALTERNATE-SERVER' = undefined,'CHANNEL-NUMBER' = undefined,
      'DATA' = undefined,'DONT-FRAGMENT' = false,'ERROR-CODE' = undefined,
      'LIFETIME' = undefined,'MAPPED-ADDRESS' = undefined,
      'MESSAGE-INTEGRITY' = undefined,'NONCE' = undefined,'REALM' = undefined,
      'REQUESTED-ADDRESS-FAMILY' = undefined,
      'REQUESTED-TRANSPORT' = undefined,'SOFTWARE' = <<"P1 STUN library">>,
      'UNKNOWN-ATTRIBUTES' = [],'USERNAME' = undefined,
      'XOR-MAPPED-ADDRESS' = {{127,0,0,1},40756},
      'XOR-PEER-ADDRESS' = [],'XOR-RELAYED-ADDRESS' = undefined} (stun:send/3:445)
2022-07-06 16:36:51.218579+00:00 [info] Connection reset by peer [TCP, session x1ed8hk5bmn9, anonymous, client 127.0.0.1:40756] (stun:handle_info/3:170)
2022-07-06 16:36:51.242564+00:00 [info] Accepting connection: 127.0.0.1:60404 -> 127.0.0.1:53490 [TLS, session ls9zxmm4lhvx] (stun_acceptor:accept/3:148)
2022-07-06 16:36:51.352066+00:00 [debug] Received:
#stun{class = request,method = 1,magic = 554869826,
      trid = 60495328208508485189488271249,raw = <<>>,unsupported = [],
      'ALTERNATE-SERVER' = undefined,'CHANNEL-NUMBER' = undefined,
      'DATA' = undefined,'DONT-FRAGMENT' = false,'ERROR-CODE' = undefined,
      'LIFETIME' = undefined,'MAPPED-ADDRESS' = undefined,
      'MESSAGE-INTEGRITY' = undefined,'NONCE' = undefined,'REALM' = undefined,
      'REQUESTED-ADDRESS-FAMILY' = undefined,
      'REQUESTED-TRANSPORT' = undefined,'SOFTWARE' = undefined,
      'UNKNOWN-ATTRIBUTES' = [],'USERNAME' = undefined,
      'XOR-MAPPED-ADDRESS' = undefined,'XOR-PEER-ADDRESS' = [],
      'XOR-RELAYED-ADDRESS' = undefined} (stun:process_data/3:404)
2022-07-06 16:36:51.352210+00:00 [debug] Responding to STUN request [TLS, session ls9zxmm4lhvx, anonymous, client 127.0.0.1:60404] (stun:process/4:312)
2022-07-06 16:36:51.352267+00:00 [debug] Running 'stun_query' hook [TLS, session ls9zxmm4lhvx, anonymous, client 127.0.0.1:60404] (stun:run_hook/3:820)
2022-07-06 16:36:51.352322+00:00 [debug] Got 'stun_query' event [TLS, session ls9zxmm4lhvx, anonymous, client 127.0.0.1:60404] (eturnal_module:handle_event/2:176)
2022-07-06 16:36:51.352363+00:00 [debug] Calling mod_log_stun:handle_event/2 [TLS, session ls9zxmm4lhvx, anonymous, client 127.0.0.1:60404] (eturnal_module:handle_event/2:179)
2022-07-06 16:36:51.352407+00:00 [info] Responding to STUN request [TLS, session ls9zxmm4lhvx, anonymous, client 127.0.0.1:60404] (mod_log_stun:handle_event/2:45)
2022-07-06 16:36:51.352445+00:00 [debug] Calling mod_stats_influx:handle_event/2 [TLS, session ls9zxmm4lhvx, anonymous, client 127.0.0.1:60404] (eturnal_module:handle_event/2:179)
2022-07-06 16:36:51.352483+00:00 [debug] Writing STUN query event to InfluxDB [TLS, session ls9zxmm4lhvx, anonymous, client 127.0.0.1:60404] (mod_stats_influx:on_stun_query/1:70)
2022-07-06 16:36:51.352702+00:00 [debug] Sending:
#stun{class = response,method = 1,magic = 554869826,
      trid = 60495328208508485189488271249,raw = <<>>,unsupported = [],
      'ALTERNATE-SERVER' = undefined,'CHANNEL-NUMBER' = undefined,
      'DATA' = undefined,'DONT-FRAGMENT' = false,'ERROR-CODE' = undefined,
      'LIFETIME' = undefined,'MAPPED-ADDRESS' = undefined,
      'MESSAGE-INTEGRITY' = undefined,'NONCE' = undefined,'REALM' = undefined,
      'REQUESTED-ADDRESS-FAMILY' = undefined,
      'REQUESTED-TRANSPORT' = undefined,'SOFTWARE' = <<"P1 STUN library">>,
      'UNKNOWN-ATTRIBUTES' = [],'USERNAME' = undefined,
      'XOR-MAPPED-ADDRESS' = {{127,0,0,1},60404},
      'XOR-PEER-ADDRESS' = [],'XOR-RELAYED-ADDRESS' = undefined} (stun:send/3:445)
2022-07-06 16:36:51.353013+00:00 [info] Connection reset by peer [TLS, session ls9zxmm4lhvx, anonymous, client 127.0.0.1:60404] (stun:handle_info/3:170)
2022-07-06 16:36:51.377351+00:00 [info] Accepting connection: 127.0.0.1:36986 -> 127.0.0.1:34781 [TCP|TLS, session 8t3jy1u3c349] (stun_acceptor:accept/3:148)
2022-07-06 16:36:51.377492+00:00 [debug] Determined transport protocol: TCP (stun:is_tls_handshake/1:768)
2022-07-06 16:36:51.377781+00:00 [debug] Received:
#stun{class = request,method = 1,magic = 554869826,
      trid = 40497578204726581925526144307,raw = <<>>,unsupported = [],
      'ALTERNATE-SERVER' = undefined,'CHANNEL-NUMBER' = undefined,
      'DATA' = undefined,'DONT-FRAGMENT' = false,'ERROR-CODE' = undefined,
      'LIFETIME' = undefined,'MAPPED-ADDRESS' = undefined,
      'MESSAGE-INTEGRITY' = undefined,'NONCE' = undefined,'REALM' = undefined,
      'REQUESTED-ADDRESS-FAMILY' = undefined,
      'REQUESTED-TRANSPORT' = undefined,'SOFTWARE' = undefined,
      'UNKNOWN-ATTRIBUTES' = [],'USERNAME' = undefined,
      'XOR-MAPPED-ADDRESS' = undefined,'XOR-PEER-ADDRESS' = [],
      'XOR-RELAYED-ADDRESS' = undefined} (stun:process_data/3:404)
2022-07-06 16:36:51.377869+00:00 [debug] Responding to STUN request [TCP, session 8t3jy1u3c349, anonymous, client 127.0.0.1:36986] (stun:process/4:312)
2022-07-06 16:36:51.377917+00:00 [debug] Running 'stun_query' hook [TCP, session 8t3jy1u3c349, anonymous, client 127.0.0.1:36986] (stun:run_hook/3:820)
2022-07-06 16:36:51.377968+00:00 [debug] Got 'stun_query' event [TCP, session 8t3jy1u3c349, anonymous, client 127.0.0.1:36986] (eturnal_module:handle_event/2:176)
2022-07-06 16:36:51.378005+00:00 [debug] Calling mod_log_stun:handle_event/2 [TCP, session 8t3jy1u3c349, anonymous, client 127.0.0.1:36986] (eturnal_module:handle_event/2:179)
2022-07-06 16:36:51.378347+00:00 [info] Responding to STUN request [TCP, session 8t3jy1u3c349, anonymous, client 127.0.0.1:36986] (mod_log_stun:handle_event/2:45)
2022-07-06 16:36:51.378383+00:00 [debug] Calling mod_stats_influx:handle_event/2 [TCP, session 8t3jy1u3c349, anonymous, client 127.0.0.1:36986] (eturnal_module:handle_event/2:179)
2022-07-06 16:36:51.378421+00:00 [debug] Writing STUN query event to InfluxDB [TCP, session 8t3jy1u3c349, anonymous, client 127.0.0.1:36986] (mod_stats_influx:on_stun_query/1:70)
2022-07-06 16:36:51.378608+00:00 [debug] Sending:
#stun{class = response,method = 1,magic = 554869826,
      trid = 40497578204726581925526144307,raw = <<>>,unsupported = [],
      'ALTERNATE-SERVER' = undefined,'CHANNEL-NUMBER' = undefined,
      'DATA' = undefined,'DONT-FRAGMENT' = false,'ERROR-CODE' = undefined,
      'LIFETIME' = undefined,'MAPPED-ADDRESS' = undefined,
      'MESSAGE-INTEGRITY' = undefined,'NONCE' = undefined,'REALM' = undefined,
      'REQUESTED-ADDRESS-FAMILY' = undefined,
      'REQUESTED-TRANSPORT' = undefined,'SOFTWARE' = <<"P1 STUN library">>,
      'UNKNOWN-ATTRIBUTES' = [],'USERNAME' = undefined,
      'XOR-MAPPED-ADDRESS' = {{127,0,0,1},36986},
      'XOR-PEER-ADDRESS' = [],'XOR-RELAYED-ADDRESS' = undefined} (stun:send/3:445)
2022-07-06 16:36:51.378808+00:00 [info] Connection reset by peer [TCP, session 8t3jy1u3c349, anonymous, client 127.0.0.1:36986] (stun:handle_info/3:170)
2022-07-06 16:36:51.403248+00:00 [info] Accepting connection: 127.0.0.1:36988 -> 127.0.0.1:34781 [TCP|TLS, session 1c3amwt9urtq] (stun_acceptor:accept/3:148)
2022-07-06 16:36:51.403389+00:00 [debug] Determined transport protocol: TLS (stun:is_tls_handshake/1:765)
2022-07-06 16:36:51.511065+00:00 [debug] Received:
#stun{class = request,method = 1,magic = 554869826,
      trid = 59673125912622249304400431968,raw = <<>>,unsupported = [],
      'ALTERNATE-SERVER' = undefined,'CHANNEL-NUMBER' = undefined,
      'DATA' = undefined,'DONT-FRAGMENT' = false,'ERROR-CODE' = undefined,
      'LIFETIME' = undefined,'MAPPED-ADDRESS' = undefined,
      'MESSAGE-INTEGRITY' = undefined,'NONCE' = undefined,'REALM' = undefined,
      'REQUESTED-ADDRESS-FAMILY' = undefined,
      'REQUESTED-TRANSPORT' = undefined,'SOFTWARE' = undefined,
      'UNKNOWN-ATTRIBUTES' = [],'USERNAME' = undefined,
      'XOR-MAPPED-ADDRESS' = undefined,'XOR-PEER-ADDRESS' = [],
      'XOR-RELAYED-ADDRESS' = undefined} (stun:process_data/3:404)
2022-07-06 16:36:51.511223+00:00 [debug] Responding to STUN request [TLS, session 1c3amwt9urtq, anonymous, client 127.0.0.1:36988] (stun:process/4:312)
2022-07-06 16:36:51.511271+00:00 [debug] Running 'stun_query' hook [TLS, session 1c3amwt9urtq, anonymous, client 127.0.0.1:36988] (stun:run_hook/3:820)
2022-07-06 16:36:51.511315+00:00 [debug] Got 'stun_query' event [TLS, session 1c3amwt9urtq, anonymous, client 127.0.0.1:36988] (eturnal_module:handle_event/2:176)
2022-07-06 16:36:51.511351+00:00 [debug] Calling mod_log_stun:handle_event/2 [TLS, session 1c3amwt9urtq, anonymous, client 127.0.0.1:36988] (eturnal_module:handle_event/2:179)
2022-07-06 16:36:51.511388+00:00 [info] Responding to STUN request [TLS, session 1c3amwt9urtq, anonymous, client 127.0.0.1:36988] (mod_log_stun:handle_event/2:45)
2022-07-06 16:36:51.511426+00:00 [debug] Calling mod_stats_influx:handle_event/2 [TLS, session 1c3amwt9urtq, anonymous, client 127.0.0.1:36988] (eturnal_module:handle_event/2:179)
2022-07-06 16:36:51.511457+00:00 [debug] Writing STUN query event to InfluxDB [TLS, session 1c3amwt9urtq, anonymous, client 127.0.0.1:36988] (mod_stats_influx:on_stun_query/1:70)
2022-07-06 16:36:51.511690+00:00 [debug] Sending:
#stun{class = response,method = 1,magic = 554869826,
      trid = 59673125912622249304400431968,raw = <<>>,unsupported = [],
      'ALTERNATE-SERVER' = undefined,'CHANNEL-NUMBER' = undefined,
      'DATA' = undefined,'DONT-FRAGMENT' = false,'ERROR-CODE' = undefined,
      'LIFETIME' = undefined,'MAPPED-ADDRESS' = undefined,
      'MESSAGE-INTEGRITY' = undefined,'NONCE' = undefined,'REALM' = undefined,
      'REQUESTED-ADDRESS-FAMILY' = undefined,
      'REQUESTED-TRANSPORT' = undefined,'SOFTWARE' = <<"P1 STUN library">>,
      'UNKNOWN-ATTRIBUTES' = [],'USERNAME' = undefined,
      'XOR-MAPPED-ADDRESS' = {{127,0,0,1},36988},
      'XOR-PEER-ADDRESS' = [],'XOR-RELAYED-ADDRESS' = undefined} (stun:send/3:445)
2022-07-06 16:36:51.512045+00:00 [info] Connection reset by peer [TLS, session 1c3amwt9urtq, anonymous, client 127.0.0.1:36988] (stun:handle_info/3:170)
2022-07-06 16:36:51.535587+00:00 [debug] No NOTIFY_SOCKET, dropping STOPPING=1 notification (eturnal_systemd:handle_cast/2:109)
2022-07-06 16:36:51.535747+00:00 [debug] Terminating eturnal (shutdown) (eturnal:terminate/2:200)
2022-07-06 16:36:51.535804+00:00 [debug] Watchdog interval is undefined, hibernating (eturnal_systemd:get_timeout/1:162)
2022-07-06 16:36:51.536347+00:00 [info] Stopped listening on 127.0.0.1:34780 (udp) (eturnal:stop_listeners/1:395)
2022-07-06 16:36:51.536545+00:00 [info] Stopped listening on 127.0.0.1:34780 (tcp) (eturnal:stop_listeners/1:395)
2022-07-06 16:36:51.536750+00:00 [info] Stopped listening on 127.0.0.1:53490 (tls) (eturnal:stop_listeners/1:395)
2022-07-06 16:36:51.537052+00:00 [info] Stopped listening on 127.0.0.1:34781 (auto) (eturnal:stop_listeners/1:395)
2022-07-06 16:36:51.537268+00:00 [debug] Calling mod_log_stun:stop/1 (eturnal_module:stop/1:162)
2022-07-06 16:36:51.537797+00:00 [debug] Stopping mod_log_stun (mod_log_stun:stop/0:50)
2022-07-06 16:36:51.538784+00:00 [info] Stopped mod_log_stun (eturnal:stop_modules/1:343)
2022-07-06 16:36:51.539519+00:00 [debug] Calling mod_stats_influx:stop/1 (eturnal_module:stop/1:162)
2022-07-06 16:36:51.539610+00:00 [debug] Stopping mod_stats_influx (mod_stats_influx:stop/0:55)
2022-07-06 16:36:51.539715+00:00 [info] Stopped mod_stats_influx (eturnal:stop_modules/1:343)
2022-07-06 16:36:51.541594+00:00 [debug] Removed run/cert.pem (eturnal:clean_run_dir/0:728)
2022-07-06 16:36:51.541972+00:00 [debug] Terminating eturnal_systemd (shutdown) (eturnal_systemd:terminate/2:136)
2022-07-06 16:36:51.542164+00:00 [notice] Stopping eturnal 1.8.3 on Erlang/OTP 25 (ERTS 13.0) (eturnal_app:stop/1:54)
