=== Suite started at 2025-03-23 19:00:03
=== Starting test, 18 test cases
=cases         18
=user          runner
=host          nohost
=hosts         nohost 
=emulator_vsn  15.2.3
=emulator      beam
=otp_release   27
=started       2025-03-23 19:00:03
=case          eturnal_SUITE:init_per_suite
=logfile       eturnal_suite.init_per_suite.html
=started       2025-03-23 19:00:03
=ended         2025-03-23 19:00:03
=result        ok
=elapsed       0.000006s
=case          eturnal_SUITE:start_eturnal
=logfile       eturnal_suite.start_eturnal.html
=started       2025-03-23 19:00:03
=ended         2025-03-23 19:00:04
=result        ok
=elapsed       0.635466s
=case          eturnal_SUITE:check_info
=logfile       eturnal_suite.check_info.html
=started       2025-03-23 19:00:04
=ended         2025-03-23 19:00:04
=result        ok
=elapsed       0.000867s
=case          eturnal_SUITE:check_all_sessions
=logfile       eturnal_suite.check_all_sessions.html
=started       2025-03-23 19:00:04
=ended         2025-03-23 19:00:04
=result        ok
=elapsed       0.000216s
=case          eturnal_SUITE:check_user_sessions
=logfile       eturnal_suite.check_user_sessions.html
=started       2025-03-23 19:00:04
=ended         2025-03-23 19:00:04
=result        ok
=elapsed       0.000558s
=case          eturnal_SUITE:check_disconnect
=logfile       eturnal_suite.check_disconnect.html
=started       2025-03-23 19:00:04
=ended         2025-03-23 19:00:04
=result        ok
=elapsed       0.000528s
=case          eturnal_SUITE:check_credentials
=logfile       eturnal_suite.check_credentials.html
=started       2025-03-23 19:00:04
=ended         2025-03-23 19:00:04
=result        ok
=elapsed       0.008036s
=case          eturnal_SUITE:check_loglevel
=logfile       eturnal_suite.check_loglevel.html
=started       2025-03-23 19:00:04
=ended         2025-03-23 19:00:04
=result        ok
=elapsed       0.001081s
=case          eturnal_SUITE:check_version
=logfile       eturnal_suite.check_version.html
=started       2025-03-23 19:00:04
=ended         2025-03-23 19:00:04
=result        ok
=elapsed       0.000374s
=case          eturnal_SUITE:reload
=logfile       eturnal_suite.reload.html
=started       2025-03-23 19:00:04
=ended         2025-03-23 19:00:04
=result        ok
=elapsed       0.190680s
=case          eturnal_SUITE:connect_tcp
=logfile       eturnal_suite.connect_tcp.html
=started       2025-03-23 19:00:04
=ended         2025-03-23 19:00:04
=result        ok
=elapsed       0.000365s
=case          eturnal_SUITE:connect_tls
=logfile       eturnal_suite.connect_tls.html
=started       2025-03-23 19:00:04
=ended         2025-03-23 19:00:04
=result        ok
=elapsed       0.000700s
=case          eturnal_SUITE:turn_udp
=logfile       eturnal_suite.turn_udp.html
=started       2025-03-23 19:00:04
=ended         2025-03-23 19:00:04
=result        ok
=elapsed       0.011197s
=case          eturnal_SUITE:stun_udp
=logfile       eturnal_suite.stun_udp.html
=started       2025-03-23 19:00:04
=ended         2025-03-23 19:00:04
=result        ok
=elapsed       0.001244s
=case          eturnal_SUITE:stun_tcp
=logfile       eturnal_suite.stun_tcp.html
=started       2025-03-23 19:00:04
=ended         2025-03-23 19:00:04
=result        ok
=elapsed       0.001552s
=case          eturnal_SUITE:stun_tls
=logfile       eturnal_suite.stun_tls.html
=started       2025-03-23 19:00:04
=ended         2025-03-23 19:00:05
=result        ok
=elapsed       1.009167s
=case          eturnal_SUITE:stun_tcp_auto
=logfile       eturnal_suite.stun_tcp_auto.html
=started       2025-03-23 19:00:05
=ended         2025-03-23 19:00:05
=result        ok
=elapsed       0.001756s
=case          eturnal_SUITE:stun_tls_auto
=logfile       eturnal_suite.stun_tls_auto.html
=started       2025-03-23 19:00:05
=ended         2025-03-23 19:00:06
=result        ok
=elapsed       1.008924s
=case          eturnal_SUITE:stop_eturnal
=logfile       eturnal_suite.stop_eturnal.html
=started       2025-03-23 19:00:06
=ended         2025-03-23 19:00:06
=result        ok
=elapsed       0.013305s
=case          eturnal_SUITE:end_per_suite
=logfile       eturnal_suite.end_per_suite.html
=started       2025-03-23 19:00:06
=ended         2025-03-23 19:00:06
=result        ok
=elapsed       0.000000s
=group_time    3.343s
=== TEST COMPLETE, 18 ok, 0 failed of 18 test cases

=finished      2025-03-23 19:00:06
=failed        0
=successful    18
=user_skipped  0
=auto_skipped  0
=elapsed_time  3384968
