2022-07-25 13:08:55.489854+00:00 [notice] Starting eturnal 1.9.1 on Erlang/OTP 25 (ERTS 13.0) (eturnal_app:start/2:34)
2022-07-25 13:08:55.490157+00:00 [debug] Starting supervisor: eturnal_sup (eturnal_sup:start_link/0:31)
2022-07-25 13:08:55.490411+00:00 [debug] Configuring eturnal_sup supervisor: [#{id => systemd,
                                       start =>
                                           {eturnal_systemd,start_link,[]}},
                                     #{id => eturnal,
                                       start => {eturnal,start_link,[]}}] (eturnal_sup:init/0:39)
2022-07-25 13:08:55.492488+00:00 [info] Got no NOTIFY_SOCKET, notifications disabled (eturnal_systemd:init/1:94)
2022-07-25 13:08:55.492728+00:00 [debug] PROGRESS REPORT:
    supervisor: {local,eturnal_sup}
    started: [{pid,<0.940.0>},
              {id,systemd},
              {mfargs,{eturnal_systemd,start_link,[]}},
              {restart_type,permanent},
              {significant,false},
              {shutdown,5000},
              {child_type,worker}]
 (supervisor:report_progress/2:1557)
2022-07-25 13:08:55.492931+00:00 [info] Relay IPv4 address: 127.0.0.1 (port range: 49152-65535) (eturnal:log_relay_addresses/0:276)
2022-07-25 13:08:55.493136+00:00 [info] Relay IPv6 address not configured (eturnal:log_relay_addresses/0:286)
2022-07-25 13:08:55.512506+00:00 [info] Cannot determine control query port: noport (eturnal:log_control_listener/0:301)
2022-07-25 13:08:55.513569+00:00 [debug] Using run directory run (eturnal:ensure_run_dir/0:732)
2022-07-25 13:08:55.513847+00:00 [debug] TURN configuration seems fine (eturnal:check_turn_config/0:497)
2022-07-25 13:08:55.514211+00:00 [warning] TLS enabled without 'tls_crt_file', creating self-signed certificate (eturnal:check_pem_file/0:668)
2022-07-25 13:08:56.193771+00:00 [debug] Calling mod_log_stun:start/0 (eturnal_module:start/1:141)
2022-07-25 13:08:56.194032+00:00 [debug] Starting mod_log_stun (mod_log_stun:start/0:38)
2022-07-25 13:08:56.194364+00:00 [info] Started mod_log_stun (eturnal:start_modules/0:312)
2022-07-25 13:08:56.194531+00:00 [debug] Calling mod_stats_influx:start/0 (eturnal_module:start/1:141)
2022-07-25 13:08:56.194672+00:00 [debug] Starting mod_stats_influx (mod_stats_influx:start/0:37)
2022-07-25 13:08:56.200654+00:00 [debug] PROGRESS REPORT:
    application: ulitos
    started_at: nonode@nohost
 (application_controller:info_started/2:2107)
2022-07-25 13:08:56.207479+00:00 [debug] PROGRESS REPORT:
    application: poolboy
    started_at: nonode@nohost
 (application_controller:info_started/2:2107)
2022-07-25 13:08:56.210587+00:00 [info]     msg: Starting application: influx_udp (influx_udp_app:start/2:10)
2022-07-25 13:08:56.216036+00:00 [debug] PROGRESS REPORT:
    supervisor: {local,influx_udp_sup}
    started: [{pid,<0.962.0>},
              {id,influx_udp},
              {mfargs,{influx_udp,start_link,[]}},
              {restart_type,permanent},
              {significant,false},
              {shutdown,5000},
              {child_type,worker}]
 (supervisor:report_progress/2:1557)
2022-07-25 13:08:56.216281+00:00 [debug] PROGRESS REPORT:
    application: influx_udp
    started_at: nonode@nohost
 (application_controller:info_started/2:2107)
2022-07-25 13:08:56.216393+00:00 [debug] Dependency influx_udp was available already (eturnal_module:ensure_dep/2:282)
2022-07-25 13:08:56.219395+00:00 [info]     host: {127,0,0,1}
    msg: Start clients pool
    options: #{host => "localhost",max_overflow => 1,pool_size => 1,
               port => 8089} (influx_udp:start_pool_/2:239)
2022-07-25 13:08:56.233787+00:00 [info]     msg: Open UDP socket on port
    port: 39519 (influx_udp_worker:init/1:43)
2022-07-25 13:08:56.234096+00:00 [debug] PROGRESS REPORT:
    supervisor: {local,influx_udp_sup}
    started: [{pid,<0.965.0>},
              {id,stats_influx_pool},
              {mfargs,
                  {poolboy,start_link,
                      [[{name,{local,stats_influx_pool}},
                        {worker_module,influx_udp_worker},
                        {size,1},
                        {max_overflow,1}],
                       [{options,
                            #{host => {127,0,0,1},
                              max_overflow => 1,pool_size => 1,
                              port => 8089}}]]}},
              {restart_type,permanent},
              {significant,false},
              {shutdown,5000},
              {child_type,worker}]
 (supervisor:report_progress/2:1557)
2022-07-25 13:08:56.234335+00:00 [info] Started mod_stats_influx (eturnal:start_modules/0:312)
2022-07-25 13:08:56.234623+00:00 [debug] Starting listener 127.0.0.1:34780 (udp) with options:
[{use_turn,true},
 {auth_type,user},
 {turn_ipv4_address,{127,0,0,1}},
 {turn_min_port,49152},
 {turn_max_port,65535},
 {turn_max_allocations,10},
 {turn_max_permissions,10},
 {shaper,100000},
 {turn_blacklist,[{{10,0,0,0},8},
                  {{100,64,0,0},10},
                  {{127,0,0,0},8},
                  {{169,254,0,0},16},
                  {{172,16,0,0},12},
                  {{192,0,0,0},24},
                  {{192,0,2,0},24},
                  {{192,88,99,0},24},
                  {{192,168,0,0},16},
                  {{198,18,0,0},15},
                  {{198,51,100,0},24},
                  {{203,0,113,0},24},
                  {{224,0,0,0},4},
                  {{240,0,0,0},4},
                  {{0,0,0,0,0,0,0,1},128},
                  {{0,0,0,0,0,65535,0,0},96},
                  {{100,65435,0,0,0,0,0,0},96},
                  {{256,0,0,0,0,0,0,0},64},
                  {{8193,3512,0,0,0,0,0,0},32},
                  {{64512,0,0,0,0,0,0,0},7},
                  {{65152,0,0,0,0,0,0,0},10},
                  {{65280,0,0,0,0,0,0,0},8}]},
 {turn_whitelist,[{{127,0,0,1},32},
                  {{203,0,113,113},32},
                  {{8193,3512,0,0,0,0,0,0},64}]},
 {auth_realm,<<"eturnal.net">>},
 {server_name,<<"eturnal">>},
 {auth_fun,fun eturnal:get_password/2},
 {hook_fun,fun eturnal:run_hook/2}] (eturnal:start_listeners/0:345)
2022-07-25 13:08:56.249664+00:00 [info] Listening on 127.0.0.1:34780 (udp) (STUN/TURN) (eturnal:start_listeners/0:352)
2022-07-25 13:08:56.249914+00:00 [debug] Starting listener 127.0.0.1:34780 (tcp) with options:
[{use_turn,false},
 {auth_type,anonymous},
 {turn_ipv4_address,{127,0,0,1}},
 {turn_min_port,49152},
 {turn_max_port,65535},
 {turn_max_allocations,10},
 {turn_max_permissions,10},
 {shaper,100000},
 {turn_blacklist,[{{10,0,0,0},8},
                  {{100,64,0,0},10},
                  {{127,0,0,0},8},
                  {{169,254,0,0},16},
                  {{172,16,0,0},12},
                  {{192,0,0,0},24},
                  {{192,0,2,0},24},
                  {{192,88,99,0},24},
                  {{192,168,0,0},16},
                  {{198,18,0,0},15},
                  {{198,51,100,0},24},
                  {{203,0,113,0},24},
                  {{224,0,0,0},4},
                  {{240,0,0,0},4},
                  {{0,0,0,0,0,0,0,1},128},
                  {{0,0,0,0,0,65535,0,0},96},
                  {{100,65435,0,0,0,0,0,0},96},
                  {{256,0,0,0,0,0,0,0},64},
                  {{8193,3512,0,0,0,0,0,0},32},
                  {{64512,0,0,0,0,0,0,0},7},
                  {{65152,0,0,0,0,0,0,0},10},
                  {{65280,0,0,0,0,0,0,0},8}]},
 {turn_whitelist,[{{127,0,0,1},32},
                  {{203,0,113,113},32},
                  {{8193,3512,0,0,0,0,0,0},64}]},
 {auth_realm,<<"eturnal.net">>},
 {server_name,<<"eturnal">>},
 {auth_fun,fun eturnal:get_password/2},
 {hook_fun,fun eturnal:run_hook/2}] (eturnal:start_listeners/0:345)
2022-07-25 13:08:56.275477+00:00 [info] Listening on 127.0.0.1:34780 (tcp) (STUN only) (eturnal:start_listeners/0:352)
2022-07-25 13:08:56.275754+00:00 [debug] Starting listener 127.0.0.1:53490 (tls) with options:
[{use_turn,false},
 {auth_type,anonymous},
 {tls,true},
 {certfile,<<"run/cert.pem">>},
 {ciphers,<<"HIGH:!aNULL:@STRENGTH">>},
 {protocol_options,<<"no_tlsv1|no_tlsv1_1|cipher_server_preference">>},
 {turn_ipv4_address,{127,0,0,1}},
 {turn_min_port,49152},
 {turn_max_port,65535},
 {turn_max_allocations,10},
 {turn_max_permissions,10},
 {shaper,100000},
 {turn_blacklist,[{{10,0,0,0},8},
                  {{100,64,0,0},10},
                  {{127,0,0,0},8},
                  {{169,254,0,0},16},
                  {{172,16,0,0},12},
                  {{192,0,0,0},24},
                  {{192,0,2,0},24},
                  {{192,88,99,0},24},
                  {{192,168,0,0},16},
                  {{198,18,0,0},15},
                  {{198,51,100,0},24},
                  {{203,0,113,0},24},
                  {{224,0,0,0},4},
                  {{240,0,0,0},4},
                  {{0,0,0,0,0,0,0,1},128},
                  {{0,0,0,0,0,65535,0,0},96},
                  {{100,65435,0,0,0,0,0,0},96},
                  {{256,0,0,0,0,0,0,0},64},
                  {{8193,3512,0,0,0,0,0,0},32},
                  {{64512,0,0,0,0,0,0,0},7},
                  {{65152,0,0,0,0,0,0,0},10},
                  {{65280,0,0,0,0,0,0,0},8}]},
 {turn_whitelist,[{{127,0,0,1},32},
                  {{203,0,113,113},32},
                  {{8193,3512,0,0,0,0,0,0},64}]},
 {auth_realm,<<"eturnal.net">>},
 {server_name,<<"eturnal">>},
 {auth_fun,fun eturnal:get_password/2},
 {hook_fun,fun eturnal:run_hook/2}] (eturnal:start_listeners/0:345)
2022-07-25 13:08:56.276610+00:00 [info] Listening on 127.0.0.1:53490 (tls) (STUN only) (eturnal:start_listeners/0:352)
2022-07-25 13:08:56.276782+00:00 [debug] Starting listener 127.0.0.1:34781 (auto) with options:
[{use_turn,false},
 {auth_type,anonymous},
 {tls,optional},
 {certfile,<<"run/cert.pem">>},
 {ciphers,<<"HIGH:!aNULL:@STRENGTH">>},
 {protocol_options,<<"no_tlsv1|no_tlsv1_1|cipher_server_preference">>},
 {turn_ipv4_address,{127,0,0,1}},
 {turn_min_port,49152},
 {turn_max_port,65535},
 {turn_max_allocations,10},
 {turn_max_permissions,10},
 {shaper,100000},
 {turn_blacklist,[{{10,0,0,0},8},
                  {{100,64,0,0},10},
                  {{127,0,0,0},8},
                  {{169,254,0,0},16},
                  {{172,16,0,0},12},
                  {{192,0,0,0},24},
                  {{192,0,2,0},24},
                  {{192,88,99,0},24},
                  {{192,168,0,0},16},
                  {{198,18,0,0},15},
                  {{198,51,100,0},24},
                  {{203,0,113,0},24},
                  {{224,0,0,0},4},
                  {{240,0,0,0},4},
                  {{0,0,0,0,0,0,0,1},128},
                  {{0,0,0,0,0,65535,0,0},96},
                  {{100,65435,0,0,0,0,0,0},96},
                  {{256,0,0,0,0,0,0,0},64},
                  {{8193,3512,0,0,0,0,0,0},32},
                  {{64512,0,0,0,0,0,0,0},7},
                  {{65152,0,0,0,0,0,0,0},10},
                  {{65280,0,0,0,0,0,0,0},8}]},
 {turn_whitelist,[{{127,0,0,1},32},
                  {{203,0,113,113},32},
                  {{8193,3512,0,0,0,0,0,0},64}]},
 {auth_realm,<<"eturnal.net">>},
 {server_name,<<"eturnal">>},
 {auth_fun,fun eturnal:get_password/2},
 {hook_fun,fun eturnal:run_hook/2}] (eturnal:start_listeners/0:345)
2022-07-25 13:08:56.309086+00:00 [info] Listening on 127.0.0.1:34781 (auto) (STUN only) (eturnal:start_listeners/0:352)
2022-07-25 13:08:56.309302+00:00 [debug] Started 2 modules (eturnal:init/1:95)
2022-07-25 13:08:56.309493+00:00 [debug] Started 4 listeners (eturnal:init/1:96)
2022-07-25 13:08:56.309666+00:00 [debug] PROGRESS REPORT:
    supervisor: {local,eturnal_sup}
    started: [{pid,<0.942.0>},
              {id,eturnal},
              {mfargs,{eturnal,start_link,[]}},
              {restart_type,permanent},
              {significant,false},
              {shutdown,5000},
              {child_type,worker}]
 (supervisor:report_progress/2:1557)
2022-07-25 13:08:56.309807+00:00 [debug] No NOTIFY_SOCKET, dropping READY=1 notification (eturnal_systemd:handle_cast/2:108)
2022-07-25 13:08:56.309983+00:00 [debug] PROGRESS REPORT:
    application: eturnal
    started_at: nonode@nohost
 (application_controller:info_started/2:2107)
2022-07-25 13:08:56.310097+00:00 [debug] Watchdog interval is undefined, hibernating (eturnal_systemd:get_timeout/1:161)
2022-07-25 13:08:56.346802+00:00 [debug] Handling API call: get_info() (eturnal_ctl:get_info/0:134)
2022-07-25 13:08:56.347466+00:00 [debug] eturnal call (get_info) returned {ok,
                                  {eturnal_node_info,<<"1.9.1">>,
                                   {"25","13.0"},
                                   5159,0,137,118374099,3,41902048}} (eturnal_ctl:call/1:451)
2022-07-25 13:08:56.372146+00:00 [debug] Handling API call: get_sessions() (eturnal_ctl:get_sessions/0:105)
2022-07-25 13:08:56.397319+00:00 [debug] Handling API call: get_sessions("alice") (eturnal_ctl:get_sessions/1:115)
2022-07-25 13:08:56.398216+00:00 [debug] Handling API call: disconnect(alice) (eturnal_ctl:disconnect/1:183)
2022-07-25 13:08:56.398768+00:00 [debug] Cannot convert user name to binary: alice (eturnal_ctl:disconnect/1:193)
2022-07-25 13:08:56.424762+00:00 [debug] Handling API call: disconnect("alice") (eturnal_ctl:disconnect/1:183)
2022-07-25 13:08:56.425197+00:00 [debug] Handling API call: disconnect(alice) (eturnal_ctl:disconnect/1:183)
2022-07-25 13:08:56.425432+00:00 [debug] Cannot convert user name to binary: alice (eturnal_ctl:disconnect/1:193)
2022-07-25 13:08:56.450415+00:00 [debug] Handling API call: get_credentials("2009-10-30 11:00:00Z", []) (eturnal_ctl:get_credentials/2:59)
2022-07-25 13:08:56.450739+00:00 [debug] eturnal call ({get_password,<<"1256900400">>}) returned {ok,
                                                         <<"uEKlpcME7MNMMVRV8rUFPCTIFEs=">>} (eturnal_ctl:call/1:451)
2022-07-25 13:08:56.458098+00:00 [debug] Handling API call: get_credentials("86400", "alice") (eturnal_ctl:get_credentials/2:59)
2022-07-25 13:08:56.458433+00:00 [debug] eturnal call ({get_password,<<"1658840936:alice">>}) returned {ok,
                                                               <<"zjRvUNd2/SXoyGD7cCubLh2+SAc=">>} (eturnal_ctl:call/1:451)
2022-07-25 13:08:56.458704+00:00 [debug] Handling API call: get_password("1658840936:alice") (eturnal_ctl:get_password/1:78)
2022-07-25 13:08:56.458900+00:00 [debug] eturnal call ({get_password,<<"1658840936:alice">>}) returned {ok,
                                                               <<"zjRvUNd2/SXoyGD7cCubLh2+SAc=">>} (eturnal_ctl:call/1:451)
2022-07-25 13:08:56.459221+00:00 [debug] Handling API call: get_credentials("86400s", "alice") (eturnal_ctl:get_credentials/2:59)
2022-07-25 13:08:56.459455+00:00 [debug] eturnal call ({get_password,<<"1658840936:alice">>}) returned {ok,
                                                               <<"zjRvUNd2/SXoyGD7cCubLh2+SAc=">>} (eturnal_ctl:call/1:451)
2022-07-25 13:08:56.459658+00:00 [debug] Handling API call: get_password("1658840936:alice") (eturnal_ctl:get_password/1:78)
2022-07-25 13:08:56.459907+00:00 [debug] eturnal call ({get_password,<<"1658840936:alice">>}) returned {ok,
                                                               <<"zjRvUNd2/SXoyGD7cCubLh2+SAc=">>} (eturnal_ctl:call/1:451)
2022-07-25 13:08:56.460175+00:00 [debug] Handling API call: get_credentials("1440m", "alice") (eturnal_ctl:get_credentials/2:59)
2022-07-25 13:08:56.460385+00:00 [debug] eturnal call ({get_password,<<"1658840936:alice">>}) returned {ok,
                                                               <<"zjRvUNd2/SXoyGD7cCubLh2+SAc=">>} (eturnal_ctl:call/1:451)
2022-07-25 13:08:56.460551+00:00 [debug] Handling API call: get_password("1658840936:alice") (eturnal_ctl:get_password/1:78)
2022-07-25 13:08:56.460721+00:00 [debug] eturnal call ({get_password,<<"1658840936:alice">>}) returned {ok,
                                                               <<"zjRvUNd2/SXoyGD7cCubLh2+SAc=">>} (eturnal_ctl:call/1:451)
2022-07-25 13:08:56.460938+00:00 [debug] Handling API call: get_credentials("24h", "alice") (eturnal_ctl:get_credentials/2:59)
2022-07-25 13:08:56.461130+00:00 [debug] eturnal call ({get_password,<<"1658840936:alice">>}) returned {ok,
                                                               <<"zjRvUNd2/SXoyGD7cCubLh2+SAc=">>} (eturnal_ctl:call/1:451)
2022-07-25 13:08:56.461310+00:00 [debug] Handling API call: get_password("1658840936:alice") (eturnal_ctl:get_password/1:78)
2022-07-25 13:08:56.461439+00:00 [debug] eturnal call ({get_password,<<"1658840936:alice">>}) returned {ok,
                                                               <<"zjRvUNd2/SXoyGD7cCubLh2+SAc=">>} (eturnal_ctl:call/1:451)
2022-07-25 13:08:56.461647+00:00 [debug] Handling API call: get_credentials("1d", "alice") (eturnal_ctl:get_credentials/2:59)
2022-07-25 13:08:56.461784+00:00 [debug] eturnal call ({get_password,<<"1658840936:alice">>}) returned {ok,
                                                               <<"zjRvUNd2/SXoyGD7cCubLh2+SAc=">>} (eturnal_ctl:call/1:451)
2022-07-25 13:08:56.461933+00:00 [debug] Handling API call: get_password("1658840936:alice") (eturnal_ctl:get_password/1:78)
2022-07-25 13:08:56.462053+00:00 [debug] eturnal call ({get_password,<<"1658840936:alice">>}) returned {ok,
                                                               <<"zjRvUNd2/SXoyGD7cCubLh2+SAc=">>} (eturnal_ctl:call/1:451)
2022-07-25 13:08:56.462228+00:00 [debug] Handling API call: get_password("Invalid") (eturnal_ctl:get_password/1:78)
2022-07-25 13:08:56.462324+00:00 [debug] Invalid user name: Invalid (eturnal_ctl:get_password/1:92)
2022-07-25 13:08:56.462435+00:00 [debug] Handling API call: get_credentials("Invalid", []) (eturnal_ctl:get_credentials/2:59)
2022-07-25 13:08:56.462552+00:00 [debug] Invalid argument(s): "Invalid":[] (eturnal_ctl:get_credentials/2:72)
2022-07-25 13:08:56.462674+00:00 [debug] Handling API call: get_password(invalid) (eturnal_ctl:get_password/1:78)
2022-07-25 13:08:56.462781+00:00 [debug] Cannot convert user name to binary: invalid (eturnal_ctl:get_password/1:99)
2022-07-25 13:08:56.462904+00:00 [debug] Handling API call: get_credentials(invalid, []) (eturnal_ctl:get_credentials/2:59)
2022-07-25 13:08:56.463028+00:00 [debug] Invalid argument(s): invalid:[] (eturnal_ctl:get_credentials/2:72)
2022-07-25 13:08:56.463180+00:00 [debug] Handling API call: get_password([invalid]) (eturnal_ctl:get_password/1:78)
2022-07-25 13:08:56.463310+00:00 [debug] Cannot convert user name to binary: [invalid] (eturnal_ctl:get_password/1:99)
2022-07-25 13:08:56.463418+00:00 [debug] Handling API call: get_credentials([invalid], []) (eturnal_ctl:get_credentials/2:59)
2022-07-25 13:08:56.463555+00:00 [debug] Invalid argument(s): [invalid]:[] (eturnal_ctl:get_credentials/2:72)
2022-07-25 13:08:56.463697+00:00 [debug] Handling API call: get_credentials(1256900400, invalid) (eturnal_ctl:get_credentials/2:59)
2022-07-25 13:08:56.463789+00:00 [debug] Invalid argument(s): 1256900400:invalid (eturnal_ctl:get_credentials/2:72)
2022-07-25 13:08:56.490467+00:00 [debug] Handling API call: set_loglevel(debug) (eturnal_ctl:set_loglevel/1:164)
2022-07-25 13:08:56.490816+00:00 [debug] eturnal call ({set_loglevel,debug}) returned ok (eturnal_ctl:call/1:448)
2022-07-25 13:08:56.491402+00:00 [debug] Handling API call: get_loglevel() (eturnal_ctl:get_loglevel/0:154)
2022-07-25 13:08:56.491904+00:00 [debug] eturnal call (get_loglevel) returned {ok,debug} (eturnal_ctl:call/1:451)
2022-07-25 13:08:56.492172+00:00 [debug] Handling API call: set_loglevel(invalid) (eturnal_ctl:set_loglevel/1:164)
2022-07-25 13:08:56.492340+00:00 [debug] Invalid log level: invalid (eturnal_ctl:set_loglevel/1:174)
2022-07-25 13:08:56.492540+00:00 [debug] Handling API call: get_loglevel() (eturnal_ctl:get_loglevel/0:154)
2022-07-25 13:08:56.492672+00:00 [debug] eturnal call (get_loglevel) returned {ok,debug} (eturnal_ctl:call/1:451)
2022-07-25 13:08:56.520893+00:00 [debug] Handling API call: get_version() (eturnal_ctl:get_version/0:144)
2022-07-25 13:08:56.521165+00:00 [debug] eturnal call (get_version) returned {ok,<<"1.9.1">>} (eturnal_ctl:call/1:451)
2022-07-25 13:08:56.547288+00:00 [debug] Handling API call: reload() (eturnal_ctl:reload/0:199)
2022-07-25 13:08:56.549727+00:00 [debug] Calling mod_log_stun:options/0 (eturnal_module:options/1:190)
2022-07-25 13:08:56.549978+00:00 [debug] Calling mod_stats_influx:options/0 (eturnal_module:options/1:190)
2022-07-25 13:08:56.551074+00:00 [warning] TLS enabled without 'tls_crt_file', creating self-signed certificate (eturnal:check_pem_file/0:668)
2022-07-25 13:08:57.670834+00:00 [info] Using new TLS certificate (eturnal:handle_call/3:113)
2022-07-25 13:08:57.671559+00:00 [debug] Calling mod_log_stun:stop/1 (eturnal_module:stop/1:161)
2022-07-25 13:08:57.671806+00:00 [debug] Stopping mod_log_stun (mod_log_stun:stop/0:49)
2022-07-25 13:08:57.672117+00:00 [info] Stopped mod_log_stun (eturnal:stop_modules/1:325)
2022-07-25 13:08:57.673569+00:00 [debug] Calling mod_stats_influx:stop/1 (eturnal_module:stop/1:161)
2022-07-25 13:08:57.673788+00:00 [debug] Stopping mod_stats_influx (mod_stats_influx:stop/0:61)
2022-07-25 13:08:57.673960+00:00 [info] Stopped mod_stats_influx (eturnal:stop_modules/1:325)
2022-07-25 13:08:57.674114+00:00 [debug] Calling mod_log_stun:start/0 (eturnal_module:start/1:141)
2022-07-25 13:08:57.674234+00:00 [debug] Starting mod_log_stun (mod_log_stun:start/0:38)
2022-07-25 13:08:57.675893+00:00 [info] Started mod_log_stun (eturnal:start_modules/0:312)
2022-07-25 13:08:57.676150+00:00 [debug] Calling mod_stats_influx:start/0 (eturnal_module:start/1:141)
2022-07-25 13:08:57.676472+00:00 [debug] Starting mod_stats_influx (mod_stats_influx:start/0:37)
2022-07-25 13:08:57.676744+00:00 [debug] Dependency influx_udp was available already (eturnal_module:ensure_dep/2:282)
2022-07-25 13:08:57.677139+00:00 [info]     host: {127,0,0,1}
    msg: Start clients pool
    options: #{host => "localhost",max_overflow => 1,pool_size => 1,
               port => 8089} (influx_udp:start_pool_/2:239)
2022-07-25 13:08:57.679715+00:00 [info] Started mod_stats_influx (eturnal:start_modules/0:312)
2022-07-25 13:08:57.679965+00:00 [debug] Restarted modules (eturnal:handle_call/3:121)
2022-07-25 13:08:57.680920+00:00 [debug] eturnal call (reload) returned ok (eturnal_ctl:call/1:448)
2022-07-25 13:08:57.681794+00:00 [debug] Handling API call: reload() (eturnal_ctl:reload/0:199)
2022-07-25 13:08:57.685119+00:00 [debug] Calling mod_log_stun:options/0 (eturnal_module:options/1:190)
2022-07-25 13:08:57.685372+00:00 [debug] Calling mod_stats_influx:options/0 (eturnal_module:options/1:190)
2022-07-25 13:08:57.686262+00:00 [debug] Keeping PEM file (run/cert.pem) (eturnal:check_pem_file/0:665)
2022-07-25 13:08:57.686397+00:00 [debug] TLS certificate unchanged (eturnal:handle_call/3:115)
2022-07-25 13:08:57.686925+00:00 [debug] Calling mod_log_stun:stop/1 (eturnal_module:stop/1:161)
2022-07-25 13:08:57.687221+00:00 [debug] Stopping mod_log_stun (mod_log_stun:stop/0:49)
2022-07-25 13:08:57.687581+00:00 [info] Stopped mod_log_stun (eturnal:stop_modules/1:325)
2022-07-25 13:08:57.688700+00:00 [debug] Calling mod_stats_influx:stop/1 (eturnal_module:stop/1:161)
2022-07-25 13:08:57.689014+00:00 [debug] Stopping mod_stats_influx (mod_stats_influx:stop/0:61)
2022-07-25 13:08:57.689189+00:00 [info] Stopped mod_stats_influx (eturnal:stop_modules/1:325)
2022-07-25 13:08:57.689378+00:00 [debug] Calling mod_log_stun:start/0 (eturnal_module:start/1:141)
2022-07-25 13:08:57.689482+00:00 [debug] Starting mod_log_stun (mod_log_stun:start/0:38)
2022-07-25 13:08:57.693172+00:00 [info] Started mod_log_stun (eturnal:start_modules/0:312)
2022-07-25 13:08:57.693366+00:00 [debug] Calling mod_stats_influx:start/0 (eturnal_module:start/1:141)
2022-07-25 13:08:57.693571+00:00 [debug] Starting mod_stats_influx (mod_stats_influx:start/0:37)
2022-07-25 13:08:57.694044+00:00 [debug] Dependency influx_udp was available already (eturnal_module:ensure_dep/2:282)
2022-07-25 13:08:57.695107+00:00 [info]     host: {127,0,0,1}
    msg: Start clients pool
    options: #{host => "localhost",max_overflow => 1,pool_size => 1,
               port => 8089} (influx_udp:start_pool_/2:239)
2022-07-25 13:08:57.696686+00:00 [info] Started mod_stats_influx (eturnal:start_modules/0:312)
2022-07-25 13:08:57.697203+00:00 [debug] Restarted modules (eturnal:handle_call/3:121)
2022-07-25 13:08:57.697577+00:00 [debug] eturnal call (reload) returned ok (eturnal_ctl:call/1:448)
2022-07-25 13:08:57.725437+00:00 [info] Accepting connection: 127.0.0.1:33338 -> 127.0.0.1:34780 [TCP, session nvic4wmwnx06] (stun_acceptor:accept/3:158)
2022-07-25 13:08:57.754361+00:00 [info] Accepting connection: 127.0.0.1:34650 -> 127.0.0.1:53490 [TLS, session wi1pcqs92u92] (stun_acceptor:accept/3:158)
2022-07-25 13:08:57.788788+00:00 [debug] Received:
#stun{class = request,method = 3,magic = 554869826,
      trid = 75528581490850020460778918097,raw = <<>>,unsupported = [],
      'ALTERNATE-SERVER' = undefined,'CHANNEL-NUMBER' = undefined,
      'DATA' = undefined,'DONT-FRAGMENT' = false,'ERROR-CODE' = undefined,
      'LIFETIME' = undefined,'MAPPED-ADDRESS' = undefined,
      'MESSAGE-INTEGRITY' = undefined,'NONCE' = undefined,'REALM' = undefined,
      'REQUESTED-ADDRESS-FAMILY' = undefined,
      'REQUESTED-TRANSPORT' = undefined,'SOFTWARE' = undefined,
      'UNKNOWN-ATTRIBUTES' = [],'USERNAME' = undefined,
      'XOR-MAPPED-ADDRESS' = undefined,'XOR-PEER-ADDRESS' = [],
      'XOR-RELAYED-ADDRESS' = undefined} (stun:udp_recv/5:111)
2022-07-25 13:08:57.789022+00:00 [debug] Sending:
#stun{class = error,method = 3,magic = 554869826,
      trid = 75528581490850020460778918097,raw = <<>>,unsupported = [],
      'ALTERNATE-SERVER' = undefined,'CHANNEL-NUMBER' = undefined,
      'DATA' = undefined,'DONT-FRAGMENT' = false,
      'ERROR-CODE' = {401,<<"Unauthorized">>},
      'LIFETIME' = undefined,'MAPPED-ADDRESS' = undefined,
      'MESSAGE-INTEGRITY' = undefined,'NONCE' = <<"4152712677">>,
      'REALM' = <<"eturnal.net">>,'REQUESTED-ADDRESS-FAMILY' = undefined,
      'REQUESTED-TRANSPORT' = undefined,'SOFTWARE' = <<"eturnal">>,
      'UNKNOWN-ATTRIBUTES' = [],'USERNAME' = undefined,
      'XOR-MAPPED-ADDRESS' = undefined,'XOR-PEER-ADDRESS' = [],
      'XOR-RELAYED-ADDRESS' = undefined} (stun:send/3:445)
2022-07-25 13:08:57.789475+00:00 [debug] Received:
#stun{class = request,method = 3,magic = 554869826,
      trid = 66291520470522820818817893392,
      raw = <<0,3,0,80,33,18,164,66,214,51,15,125,147,77,216,87,28,105,196,16,
              0,25,0,4,17,0,0,0,0,6,0,10,50,49,52,53,57,49,51,50,48,48,0,0,0,
              20,0,11,101,116,117,114,110,97,108,46,110,101,116,0,0,21,0,10,52,
              49,53,50,55,49,50,54,55,55,0,0>>,
      unsupported = [],'ALTERNATE-SERVER' = undefined,
      'CHANNEL-NUMBER' = undefined,'DATA' = undefined,'DONT-FRAGMENT' = false,
      'ERROR-CODE' = undefined,'LIFETIME' = undefined,
      'MAPPED-ADDRESS' = undefined,
      'MESSAGE-INTEGRITY' = <<116,223,119,6,92,47,231,209,112,95,111,125,216,
                              157,98,24,87,93,198,138>>,
      'NONCE' = <<"4152712677">>,'REALM' = <<"eturnal.net">>,
      'REQUESTED-ADDRESS-FAMILY' = undefined,'REQUESTED-TRANSPORT' = udp,
      'SOFTWARE' = undefined,'UNKNOWN-ATTRIBUTES' = [],
      'USERNAME' = <<"2145913200">>,'XOR-MAPPED-ADDRESS' = undefined,
      'XOR-PEER-ADDRESS' = [],'XOR-RELAYED-ADDRESS' = undefined} (stun:udp_recv/5:111)
2022-07-25 13:08:57.789637+00:00 [debug] Looking up password for: 2145913200 [UDP, session u2fm8js6fq3f, user 2145913200, client 127.0.0.1:38216] (eturnal:get_password/2:214)
2022-07-25 13:08:57.789728+00:00 [info] Accepting long-term STUN/TURN authentication [UDP, session u2fm8js6fq3f, user 2145913200, client 127.0.0.1:38216] (stun:process/2:249)
2022-07-25 13:08:57.793281+00:00 [debug] Running 'turn_session_start' hook [UDP, session u2fm8js6fq3f, user 2145913200, client 127.0.0.1:38216] (turn:run_hook/2:717)
2022-07-25 13:08:57.793380+00:00 [debug] Got 'turn_session_start' event [UDP, session u2fm8js6fq3f, user 2145913200, client 127.0.0.1:38216] (eturnal_module:handle_event/2:175)
2022-07-25 13:08:57.793803+00:00 [notice] Creating TURN allocation (lifetime: 599 seconds) [UDP, session u2fm8js6fq3f, user 2145913200, client 127.0.0.1:38216, relay 127.0.0.1:52829] (turn:wait_for_allocate/2:213)
2022-07-25 13:08:57.793957+00:00 [debug] Sending:
#stun{class = response,method = 3,magic = 554869826,
      trid = 66291520470522820818817893392,raw = <<>>,unsupported = [],
      'ALTERNATE-SERVER' = undefined,'CHANNEL-NUMBER' = undefined,
      'DATA' = undefined,'DONT-FRAGMENT' = false,'ERROR-CODE' = undefined,
      'LIFETIME' = 599,'MAPPED-ADDRESS' = undefined,
      'MESSAGE-INTEGRITY' = undefined,'NONCE' = undefined,'REALM' = undefined,
      'REQUESTED-ADDRESS-FAMILY' = undefined,
      'REQUESTED-TRANSPORT' = undefined,'SOFTWARE' = <<"eturnal">>,
      'UNKNOWN-ATTRIBUTES' = [],'USERNAME' = undefined,
      'XOR-MAPPED-ADDRESS' = {{127,0,0,1},38216},
      'XOR-PEER-ADDRESS' = [],
      'XOR-RELAYED-ADDRESS' = {{127,0,0,1},52829}} (turn:send/2:527)
2022-07-25 13:08:57.794416+00:00 [debug] Received:
#stun{class = request,method = 4,magic = 554869826,
      trid = 78141683088933886555126877453,
      raw = <<0,4,0,80,33,18,164,66,252,125,73,8,85,181,50,250,151,25,205,13,0,
              6,0,10,50,49,52,53,57,49,51,50,48,48,0,0,0,20,0,11,101,116,117,
              114,110,97,108,46,110,101,116,0,0,21,0,10,52,49,53,50,55,49,50,
              54,55,55,0,0,0,13,0,4,0,0,0,0>>,
      unsupported = [],'ALTERNATE-SERVER' = undefined,
      'CHANNEL-NUMBER' = undefined,'DATA' = undefined,'DONT-FRAGMENT' = false,
      'ERROR-CODE' = undefined,'LIFETIME' = 0,'MAPPED-ADDRESS' = undefined,
      'MESSAGE-INTEGRITY' = <<49,211,177,191,7,109,160,197,131,106,53,94,26,53,
                              69,216,14,111,191,156>>,
      'NONCE' = <<"4152712677">>,'REALM' = <<"eturnal.net">>,
      'REQUESTED-ADDRESS-FAMILY' = undefined,
      'REQUESTED-TRANSPORT' = undefined,'SOFTWARE' = undefined,
      'UNKNOWN-ATTRIBUTES' = [],'USERNAME' = <<"2145913200">>,
      'XOR-MAPPED-ADDRESS' = undefined,'XOR-PEER-ADDRESS' = [],
      'XOR-RELAYED-ADDRESS' = undefined} (stun:udp_recv/5:111)
2022-07-25 13:08:57.794601+00:00 [debug] Looking up password for: 2145913200 [UDP, session gg6nzr8h6kca, user 2145913200, client 127.0.0.1:38216] (eturnal:get_password/2:214)
2022-07-25 13:08:57.794712+00:00 [info] Accepting long-term STUN/TURN authentication [UDP, session gg6nzr8h6kca, user 2145913200, client 127.0.0.1:38216] (stun:process/2:249)
2022-07-25 13:08:57.794820+00:00 [info] Client requested closing the TURN session [UDP, session u2fm8js6fq3f, user 2145913200, client 127.0.0.1:38216, relay 127.0.0.1:52829] (turn:active/2:268)
2022-07-25 13:08:57.794925+00:00 [debug] Sending:
#stun{class = response,method = 4,magic = 554869826,
      trid = 78141683088933886555126877453,raw = <<>>,unsupported = [],
      'ALTERNATE-SERVER' = undefined,'CHANNEL-NUMBER' = undefined,
      'DATA' = undefined,'DONT-FRAGMENT' = false,'ERROR-CODE' = undefined,
      'LIFETIME' = 0,'MAPPED-ADDRESS' = undefined,
      'MESSAGE-INTEGRITY' = undefined,'NONCE' = undefined,'REALM' = undefined,
      'REQUESTED-ADDRESS-FAMILY' = undefined,
      'REQUESTED-TRANSPORT' = undefined,'SOFTWARE' = <<"eturnal">>,
      'UNKNOWN-ATTRIBUTES' = [],'USERNAME' = undefined,
      'XOR-MAPPED-ADDRESS' = undefined,'XOR-PEER-ADDRESS' = [],
      'XOR-RELAYED-ADDRESS' = undefined} (turn:send/2:527)
2022-07-25 13:08:57.795071+00:00 [info] Deleting TURN allocation [UDP, session u2fm8js6fq3f, user 2145913200, client 127.0.0.1:38216, relay 127.0.0.1:52829] (turn:terminate/3:460)
2022-07-25 13:08:57.795190+00:00 [notice] Relayed 0 KiB (in 0 B / 0 packets, out 0 B / 0 packets), duration: 0 seconds [UDP, session u2fm8js6fq3f, user 2145913200, client 127.0.0.1:38216, relay 127.0.0.1:52829] (turn:terminate/3:467)
2022-07-25 13:08:57.795275+00:00 [debug] Running 'turn_session_stop' hook [UDP, session u2fm8js6fq3f, user 2145913200, client 127.0.0.1:38216, relay 127.0.0.1:52829] (turn:run_hook/2:717)
2022-07-25 13:08:57.795339+00:00 [debug] Got 'turn_session_stop' event [UDP, session u2fm8js6fq3f, user 2145913200, client 127.0.0.1:38216, relay 127.0.0.1:52829] (eturnal_module:handle_event/2:175)
2022-07-25 13:08:57.795398+00:00 [debug] Calling mod_stats_influx:handle_event/2 [UDP, session u2fm8js6fq3f, user 2145913200, client 127.0.0.1:38216, relay 127.0.0.1:52829] (eturnal_module:handle_event/2:178)
2022-07-25 13:08:57.795464+00:00 [debug] Writing stats of TURN session u2fm8js6fq3f to InfluxDB [UDP, session u2fm8js6fq3f, user 2145913200, client 127.0.0.1:38216, relay 127.0.0.1:52829] (mod_stats_influx:on_turn_session_stop/1:87)
2022-07-25 13:08:57.822035+00:00 [debug] Received:
#stun{class = request,method = 1,magic = 554869826,
      trid = 64515363446026824302987233457,raw = <<>>,unsupported = [],
      'ALTERNATE-SERVER' = undefined,'CHANNEL-NUMBER' = undefined,
      'DATA' = undefined,'DONT-FRAGMENT' = false,'ERROR-CODE' = undefined,
      'LIFETIME' = undefined,'MAPPED-ADDRESS' = undefined,
      'MESSAGE-INTEGRITY' = undefined,'NONCE' = undefined,'REALM' = undefined,
      'REQUESTED-ADDRESS-FAMILY' = undefined,
      'REQUESTED-TRANSPORT' = undefined,'SOFTWARE' = undefined,
      'UNKNOWN-ATTRIBUTES' = [],'USERNAME' = undefined,
      'XOR-MAPPED-ADDRESS' = undefined,'XOR-PEER-ADDRESS' = [],
      'XOR-RELAYED-ADDRESS' = undefined} (stun:udp_recv/5:111)
2022-07-25 13:08:57.822163+00:00 [debug] Responding to STUN request [UDP, session vhj087sgidbi, anonymous, client 127.0.0.1:55930] (stun:process/4:312)
2022-07-25 13:08:57.822322+00:00 [debug] Running 'stun_query' hook [UDP, session vhj087sgidbi, anonymous, client 127.0.0.1:55930] (stun:run_hook/3:820)
2022-07-25 13:08:57.822402+00:00 [debug] Got 'stun_query' event [UDP, session vhj087sgidbi, anonymous, client 127.0.0.1:55930] (eturnal_module:handle_event/2:175)
2022-07-25 13:08:57.822471+00:00 [debug] Calling mod_log_stun:handle_event/2 [UDP, session vhj087sgidbi, anonymous, client 127.0.0.1:55930] (eturnal_module:handle_event/2:178)
2022-07-25 13:08:57.822535+00:00 [info] Responding to STUN request [UDP, session vhj087sgidbi, anonymous, client 127.0.0.1:55930] (mod_log_stun:handle_event/2:44)
2022-07-25 13:08:57.822611+00:00 [debug] Calling mod_stats_influx:handle_event/2 [UDP, session vhj087sgidbi, anonymous, client 127.0.0.1:55930] (eturnal_module:handle_event/2:178)
2022-07-25 13:08:57.822682+00:00 [debug] Writing STUN query event to InfluxDB [UDP, session vhj087sgidbi, anonymous, client 127.0.0.1:55930] (mod_stats_influx:on_stun_query/1:76)
2022-07-25 13:08:57.822914+00:00 [debug] Sending:
#stun{class = response,method = 1,magic = 554869826,
      trid = 64515363446026824302987233457,raw = <<>>,unsupported = [],
      'ALTERNATE-SERVER' = undefined,'CHANNEL-NUMBER' = undefined,
      'DATA' = undefined,'DONT-FRAGMENT' = false,'ERROR-CODE' = undefined,
      'LIFETIME' = undefined,'MAPPED-ADDRESS' = undefined,
      'MESSAGE-INTEGRITY' = undefined,'NONCE' = undefined,'REALM' = undefined,
      'REQUESTED-ADDRESS-FAMILY' = undefined,
      'REQUESTED-TRANSPORT' = undefined,'SOFTWARE' = <<"eturnal">>,
      'UNKNOWN-ATTRIBUTES' = [],'USERNAME' = undefined,
      'XOR-MAPPED-ADDRESS' = {{127,0,0,1},55930},
      'XOR-PEER-ADDRESS' = [],'XOR-RELAYED-ADDRESS' = undefined} (stun:send/3:445)
2022-07-25 13:08:57.849221+00:00 [info] Accepting connection: 127.0.0.1:33340 -> 127.0.0.1:34780 [TCP, session 4vu7p2ugpbwv] (stun_acceptor:accept/3:158)
2022-07-25 13:08:57.849578+00:00 [debug] Received:
#stun{class = request,method = 1,magic = 554869826,
      trid = 56297516877404234869722257377,raw = <<>>,unsupported = [],
      'ALTERNATE-SERVER' = undefined,'CHANNEL-NUMBER' = undefined,
      'DATA' = undefined,'DONT-FRAGMENT' = false,'ERROR-CODE' = undefined,
      'LIFETIME' = undefined,'MAPPED-ADDRESS' = undefined,
      'MESSAGE-INTEGRITY' = undefined,'NONCE' = undefined,'REALM' = undefined,
      'REQUESTED-ADDRESS-FAMILY' = undefined,
      'REQUESTED-TRANSPORT' = undefined,'SOFTWARE' = undefined,
      'UNKNOWN-ATTRIBUTES' = [],'USERNAME' = undefined,
      'XOR-MAPPED-ADDRESS' = undefined,'XOR-PEER-ADDRESS' = [],
      'XOR-RELAYED-ADDRESS' = undefined} (stun:process_data/3:404)
2022-07-25 13:08:57.849717+00:00 [debug] Responding to STUN request [TCP, session 4vu7p2ugpbwv, anonymous, client 127.0.0.1:33340] (stun:process/4:312)
2022-07-25 13:08:57.849815+00:00 [debug] Running 'stun_query' hook [TCP, session 4vu7p2ugpbwv, anonymous, client 127.0.0.1:33340] (stun:run_hook/3:820)
2022-07-25 13:08:57.849906+00:00 [debug] Got 'stun_query' event [TCP, session 4vu7p2ugpbwv, anonymous, client 127.0.0.1:33340] (eturnal_module:handle_event/2:175)
2022-07-25 13:08:57.849978+00:00 [debug] Calling mod_log_stun:handle_event/2 [TCP, session 4vu7p2ugpbwv, anonymous, client 127.0.0.1:33340] (eturnal_module:handle_event/2:178)
2022-07-25 13:08:57.850051+00:00 [info] Responding to STUN request [TCP, session 4vu7p2ugpbwv, anonymous, client 127.0.0.1:33340] (mod_log_stun:handle_event/2:44)
2022-07-25 13:08:57.850122+00:00 [debug] Calling mod_stats_influx:handle_event/2 [TCP, session 4vu7p2ugpbwv, anonymous, client 127.0.0.1:33340] (eturnal_module:handle_event/2:178)
2022-07-25 13:08:57.850188+00:00 [debug] Writing STUN query event to InfluxDB [TCP, session 4vu7p2ugpbwv, anonymous, client 127.0.0.1:33340] (mod_stats_influx:on_stun_query/1:76)
2022-07-25 13:08:57.850465+00:00 [debug] Sending:
#stun{class = response,method = 1,magic = 554869826,
      trid = 56297516877404234869722257377,raw = <<>>,unsupported = [],
      'ALTERNATE-SERVER' = undefined,'CHANNEL-NUMBER' = undefined,
      'DATA' = undefined,'DONT-FRAGMENT' = false,'ERROR-CODE' = undefined,
      'LIFETIME' = undefined,'MAPPED-ADDRESS' = undefined,
      'MESSAGE-INTEGRITY' = undefined,'NONCE' = undefined,'REALM' = undefined,
      'REQUESTED-ADDRESS-FAMILY' = undefined,
      'REQUESTED-TRANSPORT' = undefined,'SOFTWARE' = <<"P1 STUN library">>,
      'UNKNOWN-ATTRIBUTES' = [],'USERNAME' = undefined,
      'XOR-MAPPED-ADDRESS' = {{127,0,0,1},33340},
      'XOR-PEER-ADDRESS' = [],'XOR-RELAYED-ADDRESS' = undefined} (stun:send/3:445)
2022-07-25 13:08:57.850738+00:00 [info] Connection reset by peer [TCP, session 4vu7p2ugpbwv, anonymous, client 127.0.0.1:33340] (stun:handle_info/3:170)
2022-07-25 13:08:57.879396+00:00 [info] Accepting connection: 127.0.0.1:34652 -> 127.0.0.1:53490 [TLS, session xwc13susbgvu] (stun_acceptor:accept/3:158)
2022-07-25 13:08:57.991931+00:00 [debug] Received:
#stun{class = request,method = 1,magic = 554869826,
      trid = 75528906285699374442003725458,raw = <<>>,unsupported = [],
      'ALTERNATE-SERVER' = undefined,'CHANNEL-NUMBER' = undefined,
      'DATA' = undefined,'DONT-FRAGMENT' = false,'ERROR-CODE' = undefined,
      'LIFETIME' = undefined,'MAPPED-ADDRESS' = undefined,
      'MESSAGE-INTEGRITY' = undefined,'NONCE' = undefined,'REALM' = undefined,
      'REQUESTED-ADDRESS-FAMILY' = undefined,
      'REQUESTED-TRANSPORT' = undefined,'SOFTWARE' = undefined,
      'UNKNOWN-ATTRIBUTES' = [],'USERNAME' = undefined,
      'XOR-MAPPED-ADDRESS' = undefined,'XOR-PEER-ADDRESS' = [],
      'XOR-RELAYED-ADDRESS' = undefined} (stun:process_data/3:404)
2022-07-25 13:08:57.992120+00:00 [debug] Responding to STUN request [TLS, session xwc13susbgvu, anonymous, client 127.0.0.1:34652] (stun:process/4:312)
2022-07-25 13:08:57.992202+00:00 [debug] Running 'stun_query' hook [TLS, session xwc13susbgvu, anonymous, client 127.0.0.1:34652] (stun:run_hook/3:820)
2022-07-25 13:08:57.992293+00:00 [debug] Got 'stun_query' event [TLS, session xwc13susbgvu, anonymous, client 127.0.0.1:34652] (eturnal_module:handle_event/2:175)
2022-07-25 13:08:57.992367+00:00 [debug] Calling mod_log_stun:handle_event/2 [TLS, session xwc13susbgvu, anonymous, client 127.0.0.1:34652] (eturnal_module:handle_event/2:178)
2022-07-25 13:08:57.992443+00:00 [info] Responding to STUN request [TLS, session xwc13susbgvu, anonymous, client 127.0.0.1:34652] (mod_log_stun:handle_event/2:44)
2022-07-25 13:08:57.992513+00:00 [debug] Calling mod_stats_influx:handle_event/2 [TLS, session xwc13susbgvu, anonymous, client 127.0.0.1:34652] (eturnal_module:handle_event/2:178)
2022-07-25 13:08:57.992584+00:00 [debug] Writing STUN query event to InfluxDB [TLS, session xwc13susbgvu, anonymous, client 127.0.0.1:34652] (mod_stats_influx:on_stun_query/1:76)
2022-07-25 13:08:57.992845+00:00 [debug] Sending:
#stun{class = response,method = 1,magic = 554869826,
      trid = 75528906285699374442003725458,raw = <<>>,unsupported = [],
      'ALTERNATE-SERVER' = undefined,'CHANNEL-NUMBER' = undefined,
      'DATA' = undefined,'DONT-FRAGMENT' = false,'ERROR-CODE' = undefined,
      'LIFETIME' = undefined,'MAPPED-ADDRESS' = undefined,
      'MESSAGE-INTEGRITY' = undefined,'NONCE' = undefined,'REALM' = undefined,
      'REQUESTED-ADDRESS-FAMILY' = undefined,
      'REQUESTED-TRANSPORT' = undefined,'SOFTWARE' = <<"P1 STUN library">>,
      'UNKNOWN-ATTRIBUTES' = [],'USERNAME' = undefined,
      'XOR-MAPPED-ADDRESS' = {{127,0,0,1},34652},
      'XOR-PEER-ADDRESS' = [],'XOR-RELAYED-ADDRESS' = undefined} (stun:send/3:445)
2022-07-25 13:08:57.993212+00:00 [info] Connection reset by peer [TLS, session xwc13susbgvu, anonymous, client 127.0.0.1:34652] (stun:handle_info/3:170)
2022-07-25 13:08:58.020490+00:00 [info] Accepting connection: 127.0.0.1:35590 -> 127.0.0.1:34781 [TCP|TLS, session ype50q9tuid2] (stun_acceptor:accept/3:158)
2022-07-25 13:08:58.020918+00:00 [debug] Determined transport protocol: TCP (stun:is_tls_handshake/1:768)
2022-07-25 13:08:58.024944+00:00 [debug] Received:
#stun{class = request,method = 1,magic = 554869826,
      trid = 35363831032620297667514497853,raw = <<>>,unsupported = [],
      'ALTERNATE-SERVER' = undefined,'CHANNEL-NUMBER' = undefined,
      'DATA' = undefined,'DONT-FRAGMENT' = false,'ERROR-CODE' = undefined,
      'LIFETIME' = undefined,'MAPPED-ADDRESS' = undefined,
      'MESSAGE-INTEGRITY' = undefined,'NONCE' = undefined,'REALM' = undefined,
      'REQUESTED-ADDRESS-FAMILY' = undefined,
      'REQUESTED-TRANSPORT' = undefined,'SOFTWARE' = undefined,
      'UNKNOWN-ATTRIBUTES' = [],'USERNAME' = undefined,
      'XOR-MAPPED-ADDRESS' = undefined,'XOR-PEER-ADDRESS' = [],
      'XOR-RELAYED-ADDRESS' = undefined} (stun:process_data/3:404)
2022-07-25 13:08:58.025107+00:00 [debug] Responding to STUN request [TCP, session ype50q9tuid2, anonymous, client 127.0.0.1:35590] (stun:process/4:312)
2022-07-25 13:08:58.025172+00:00 [debug] Running 'stun_query' hook [TCP, session ype50q9tuid2, anonymous, client 127.0.0.1:35590] (stun:run_hook/3:820)
2022-07-25 13:08:58.025242+00:00 [debug] Got 'stun_query' event [TCP, session ype50q9tuid2, anonymous, client 127.0.0.1:35590] (eturnal_module:handle_event/2:175)
2022-07-25 13:08:58.025306+00:00 [debug] Calling mod_log_stun:handle_event/2 [TCP, session ype50q9tuid2, anonymous, client 127.0.0.1:35590] (eturnal_module:handle_event/2:178)
2022-07-25 13:08:58.025370+00:00 [info] Responding to STUN request [TCP, session ype50q9tuid2, anonymous, client 127.0.0.1:35590] (mod_log_stun:handle_event/2:44)
2022-07-25 13:08:58.025434+00:00 [debug] Calling mod_stats_influx:handle_event/2 [TCP, session ype50q9tuid2, anonymous, client 127.0.0.1:35590] (eturnal_module:handle_event/2:178)
2022-07-25 13:08:58.025490+00:00 [debug] Writing STUN query event to InfluxDB [TCP, session ype50q9tuid2, anonymous, client 127.0.0.1:35590] (mod_stats_influx:on_stun_query/1:76)
2022-07-25 13:08:58.025745+00:00 [debug] Sending:
#stun{class = response,method = 1,magic = 554869826,
      trid = 35363831032620297667514497853,raw = <<>>,unsupported = [],
      'ALTERNATE-SERVER' = undefined,'CHANNEL-NUMBER' = undefined,
      'DATA' = undefined,'DONT-FRAGMENT' = false,'ERROR-CODE' = undefined,
      'LIFETIME' = undefined,'MAPPED-ADDRESS' = undefined,
      'MESSAGE-INTEGRITY' = undefined,'NONCE' = undefined,'REALM' = undefined,
      'REQUESTED-ADDRESS-FAMILY' = undefined,
      'REQUESTED-TRANSPORT' = undefined,'SOFTWARE' = <<"P1 STUN library">>,
      'UNKNOWN-ATTRIBUTES' = [],'USERNAME' = undefined,
      'XOR-MAPPED-ADDRESS' = {{127,0,0,1},35590},
      'XOR-PEER-ADDRESS' = [],'XOR-RELAYED-ADDRESS' = undefined} (stun:send/3:445)
2022-07-25 13:08:58.026071+00:00 [info] Connection reset by peer [TCP, session ype50q9tuid2, anonymous, client 127.0.0.1:35590] (stun:handle_info/3:170)
2022-07-25 13:08:58.051962+00:00 [info] Accepting connection: 127.0.0.1:35592 -> 127.0.0.1:34781 [TCP|TLS, session 97vxanzo0lp0] (stun_acceptor:accept/3:158)
2022-07-25 13:08:58.052223+00:00 [debug] Determined transport protocol: TLS (stun:is_tls_handshake/1:765)
2022-07-25 13:08:58.168052+00:00 [debug] Received:
#stun{class = request,method = 1,magic = 554869826,
      trid = 26461441012362871452368878335,raw = <<>>,unsupported = [],
      'ALTERNATE-SERVER' = undefined,'CHANNEL-NUMBER' = undefined,
      'DATA' = undefined,'DONT-FRAGMENT' = false,'ERROR-CODE' = undefined,
      'LIFETIME' = undefined,'MAPPED-ADDRESS' = undefined,
      'MESSAGE-INTEGRITY' = undefined,'NONCE' = undefined,'REALM' = undefined,
      'REQUESTED-ADDRESS-FAMILY' = undefined,
      'REQUESTED-TRANSPORT' = undefined,'SOFTWARE' = undefined,
      'UNKNOWN-ATTRIBUTES' = [],'USERNAME' = undefined,
      'XOR-MAPPED-ADDRESS' = undefined,'XOR-PEER-ADDRESS' = [],
      'XOR-RELAYED-ADDRESS' = undefined} (stun:process_data/3:404)
2022-07-25 13:08:58.168247+00:00 [debug] Responding to STUN request [TLS, session 97vxanzo0lp0, anonymous, client 127.0.0.1:35592] (stun:process/4:312)
2022-07-25 13:08:58.168315+00:00 [debug] Running 'stun_query' hook [TLS, session 97vxanzo0lp0, anonymous, client 127.0.0.1:35592] (stun:run_hook/3:820)
2022-07-25 13:08:58.168389+00:00 [debug] Got 'stun_query' event [TLS, session 97vxanzo0lp0, anonymous, client 127.0.0.1:35592] (eturnal_module:handle_event/2:175)
2022-07-25 13:08:58.168455+00:00 [debug] Calling mod_log_stun:handle_event/2 [TLS, session 97vxanzo0lp0, anonymous, client 127.0.0.1:35592] (eturnal_module:handle_event/2:178)
2022-07-25 13:08:58.168527+00:00 [info] Responding to STUN request [TLS, session 97vxanzo0lp0, anonymous, client 127.0.0.1:35592] (mod_log_stun:handle_event/2:44)
2022-07-25 13:08:58.168587+00:00 [debug] Calling mod_stats_influx:handle_event/2 [TLS, session 97vxanzo0lp0, anonymous, client 127.0.0.1:35592] (eturnal_module:handle_event/2:178)
2022-07-25 13:08:58.168655+00:00 [debug] Writing STUN query event to InfluxDB [TLS, session 97vxanzo0lp0, anonymous, client 127.0.0.1:35592] (mod_stats_influx:on_stun_query/1:76)
2022-07-25 13:08:58.168965+00:00 [debug] Sending:
#stun{class = response,method = 1,magic = 554869826,
      trid = 26461441012362871452368878335,raw = <<>>,unsupported = [],
      'ALTERNATE-SERVER' = undefined,'CHANNEL-NUMBER' = undefined,
      'DATA' = undefined,'DONT-FRAGMENT' = false,'ERROR-CODE' = undefined,
      'LIFETIME' = undefined,'MAPPED-ADDRESS' = undefined,
      'MESSAGE-INTEGRITY' = undefined,'NONCE' = undefined,'REALM' = undefined,
      'REQUESTED-ADDRESS-FAMILY' = undefined,
      'REQUESTED-TRANSPORT' = undefined,'SOFTWARE' = <<"P1 STUN library">>,
      'UNKNOWN-ATTRIBUTES' = [],'USERNAME' = undefined,
      'XOR-MAPPED-ADDRESS' = {{127,0,0,1},35592},
      'XOR-PEER-ADDRESS' = [],'XOR-RELAYED-ADDRESS' = undefined} (stun:send/3:445)
2022-07-25 13:08:58.169357+00:00 [info] Connection reset by peer [TLS, session 97vxanzo0lp0, anonymous, client 127.0.0.1:35592] (stun:handle_info/3:170)
2022-07-25 13:08:58.194815+00:00 [debug] No NOTIFY_SOCKET, dropping STOPPING=1 notification (eturnal_systemd:handle_cast/2:108)
2022-07-25 13:08:58.194855+00:00 [debug] Terminating eturnal (shutdown) (eturnal:terminate/2:179)
2022-07-25 13:08:58.195105+00:00 [debug] Watchdog interval is undefined, hibernating (eturnal_systemd:get_timeout/1:161)
2022-07-25 13:08:58.195271+00:00 [info] Stopped listening on 127.0.0.1:34780 (udp) (eturnal:stop_listeners/1:368)
2022-07-25 13:08:58.195464+00:00 [info] Stopped listening on 127.0.0.1:34780 (tcp) (eturnal:stop_listeners/1:368)
2022-07-25 13:08:58.195721+00:00 [info] Stopped listening on 127.0.0.1:53490 (tls) (eturnal:stop_listeners/1:368)
2022-07-25 13:08:58.196018+00:00 [info] Stopped listening on 127.0.0.1:34781 (auto) (eturnal:stop_listeners/1:368)
2022-07-25 13:08:58.196401+00:00 [debug] Calling mod_log_stun:stop/1 (eturnal_module:stop/1:161)
2022-07-25 13:08:58.196880+00:00 [debug] Stopping mod_log_stun (mod_log_stun:stop/0:49)
2022-07-25 13:08:58.197540+00:00 [info] Stopped mod_log_stun (eturnal:stop_modules/1:325)
2022-07-25 13:08:58.198148+00:00 [debug] Calling mod_stats_influx:stop/1 (eturnal_module:stop/1:161)
2022-07-25 13:08:58.198332+00:00 [debug] Stopping mod_stats_influx (mod_stats_influx:stop/0:61)
2022-07-25 13:08:58.198445+00:00 [info] Stopped mod_stats_influx (eturnal:stop_modules/1:325)
2022-07-25 13:08:58.199294+00:00 [debug] Removed run/cert.pem (eturnal:clean_run_dir/0:744)
2022-07-25 13:08:58.199595+00:00 [debug] Terminating eturnal_systemd (shutdown) (eturnal_systemd:terminate/2:135)
2022-07-25 13:08:58.199969+00:00 [notice] Stopping eturnal 1.9.1 on Erlang/OTP 25 (ERTS 13.0) (eturnal_app:stop/1:53)
