2025-11-03 12:42:48.611703+00:00 [notice] Starting eturnal 1.12.2 on Erlang/OTP 28 (ERTS 16.1) (eturnal_app:start/2:34)
2025-11-03 12:42:48.611875+00:00 [debug] Starting supervisor: eturnal_sup (eturnal_sup:start_link/0:31)
2025-11-03 12:42:48.611994+00:00 [debug] Configuring eturnal_sup supervisor: [#{id => systemd,
                                       start =>
                                           {eturnal_systemd,start_link,[]}},
                                     #{id => eturnal,
                                       start => {eturnal,start_link,[]}}] (eturnal_sup:init/0:39)
2025-11-03 12:42:48.613328+00:00 [info] Got no NOTIFY_SOCKET, notifications disabled (eturnal_systemd:init/1:86)
2025-11-03 12:42:48.613514+00:00 [debug] PROGRESS REPORT:
    supervisor: {local,eturnal_sup}
    started: [{pid,<0.1023.0>},
              {id,systemd},
              {mfargs,{eturnal_systemd,start_link,[]}},
              {restart_type,permanent},
              {significant,false},
              {shutdown,5000},
              {child_type,worker}]
 (supervisor:report_progress/3:2240)
2025-11-03 12:42:48.613649+00:00 [info] Relay IPv4 address: 127.0.0.1 (port range: 49152-65535) (eturnal:log_relay_addresses/0:349)
2025-11-03 12:42:48.613798+00:00 [info] Relay IPv6 address not configured (eturnal:log_relay_addresses/0:359)
2025-11-03 12:42:48.627094+00:00 [info] Cannot determine control query port: noport (eturnal:log_control_listener/0:374)
2025-11-03 12:42:48.627559+00:00 [debug] Using run directory run (eturnal:ensure_run_dir/0:861)
2025-11-03 12:42:48.627689+00:00 [debug] TURN configuration seems fine (eturnal:check_turn_config/0:604)
2025-11-03 12:42:48.627807+00:00 [warning] TLS enabled without 'tls_crt_file', creating self-signed certificate (eturnal:check_pem_file/0:807)
2025-11-03 12:42:50.394267+00:00 [debug] Calling mod_log_stun:start/0 (eturnal_module:start/1:143)
2025-11-03 12:42:50.394491+00:00 [debug] Starting mod_log_stun (mod_log_stun:start/0:38)
2025-11-03 12:42:50.394697+00:00 [info] Started mod_log_stun (eturnal:start_modules/0:385)
2025-11-03 12:42:50.394805+00:00 [debug] Calling mod_stats_influx:start/0 (eturnal_module:start/1:143)
2025-11-03 12:42:50.394896+00:00 [debug] Starting mod_stats_influx (mod_stats_influx:start/0:37)
2025-11-03 12:42:50.396799+00:00 [debug] PROGRESS REPORT:
    application: ulitos
    started_at: nonode@nohost
 (application_controller:info_started/2:2117)
2025-11-03 12:42:50.397723+00:00 [debug] PROGRESS REPORT:
    application: poolboy
    started_at: nonode@nohost
 (application_controller:info_started/2:2117)
2025-11-03 12:42:50.398528+00:00 [info]     msg: Starting application: influx_udp (influx_udp_app:start/2:10)
2025-11-03 12:42:50.400772+00:00 [debug] PROGRESS REPORT:
    supervisor: {local,influx_udp_sup}
    started: [{pid,<0.1042.0>},
              {id,influx_udp},
              {mfargs,{influx_udp,start_link,[]}},
              {restart_type,permanent},
              {significant,false},
              {shutdown,5000},
              {child_type,worker}]
 (supervisor:report_progress/3:2240)
2025-11-03 12:42:50.400928+00:00 [debug] Dependency influx_udp was available already (eturnal_module:ensure_dep/2:284)
2025-11-03 12:42:50.400920+00:00 [debug] PROGRESS REPORT:
    application: influx_udp
    started_at: nonode@nohost
 (application_controller:info_started/2:2117)
2025-11-03 12:42:50.403372+00:00 [info]     options: #{port => 8089,host => "localhost",pool_size => 1,
               max_overflow => 1}
    msg: Start clients pool
    host: {127,0,0,1} (influx_udp:start_pool_/2:239)
2025-11-03 12:42:50.410671+00:00 [info]     port: 50847
    msg: Open UDP socket on port (influx_udp_worker:init/1:43)
2025-11-03 12:42:50.410843+00:00 [debug] PROGRESS REPORT:
    supervisor: {local,influx_udp_sup}
    started: [{pid,<0.1045.0>},
              {id,stats_influx_pool},
              {mfargs,
                  {poolboy,start_link,
                      [[{name,{local,stats_influx_pool}},
                        {worker_module,influx_udp_worker},
                        {size,1},
                        {max_overflow,1}],
                       [{options,
                            #{port => 8089,
                              host => {127,0,0,1},
                              pool_size => 1,max_overflow => 1}}]]}},
              {restart_type,permanent},
              {significant,false},
              {shutdown,5000},
              {child_type,worker}]
 (supervisor:report_progress/3:2250)
2025-11-03 12:42:50.411032+00:00 [info] Started mod_stats_influx (eturnal:start_modules/0:385)
2025-11-03 12:42:50.411253+00:00 [debug] Calling mod_stats_prometheus:start/0 (eturnal_module:start/1:143)
2025-11-03 12:42:50.411628+00:00 [debug] Starting mod_stats_prometheus (mod_stats_prometheus:start/0:56)
2025-11-03 12:42:50.422323+00:00 [debug] PROGRESS REPORT:
    application: prometheus
    started_at: nonode@nohost
 (application_controller:info_started/2:2117)
2025-11-03 12:42:50.423261+00:00 [debug] PROGRESS REPORT:
    application: accept
    started_at: nonode@nohost
 (application_controller:info_started/2:2117)
2025-11-03 12:42:50.436606+00:00 [debug] PROGRESS REPORT:
    application: prometheus_httpd
    started_at: nonode@nohost
 (application_controller:info_started/2:2117)
2025-11-03 12:42:50.436675+00:00 [debug] Dependency prometheus_httpd was available already (eturnal_module:ensure_dep/2:284)
2025-11-03 12:42:50.464773+00:00 [debug] PROGRESS REPORT:
    supervisor: {local,httpd_instance_sup__127_0_0_1__9081default}
    started: [{pid,<0.1060.0>},
              {id,{httpd_connection_sup,{127,0,0,1},9081,default}},
              {mfargs,{httpd_connection_sup,start_link,[[{127,0,0,1},9081]]}},
              {restart_type,permanent},
              {significant,false},
              {shutdown,5000},
              {child_type,supervisor}]
 (supervisor:report_progress/3:2240)
2025-11-03 12:42:50.466900+00:00 [debug] PROGRESS REPORT:
    supervisor: {local,httpd_instance_sup__127_0_0_1__9081default}
    started: [{pid,<0.1061.0>},
              {id,{httpd_misc_sup,{127,0,0,1},9081,default}},
              {mfargs,{httpd_misc_sup,start_link,[{127,0,0,1},9081,default]}},
              {restart_type,permanent},
              {significant,false},
              {shutdown,infinity},
              {child_type,supervisor}]
 (supervisor:report_progress/3:2240)
2025-11-03 12:42:50.473280+00:00 [debug] PROGRESS REPORT:
    supervisor: {local,httpd_instance_sup__127_0_0_1__9081default}
    started: [{pid,<0.1062.0>},
              {id,{httpd_manager,{127,0,0,1},9081,default}},
              {mfargs,
                  {httpd_manager,start_link,
                      [undefined,
                       [{bind_address,{127,0,0,1}},
                        {socket_type,ip_comm},
                        {port,9081},
                        {server_root,"run/mod_stats_prometheus/doc"},
                        {document_root,"run/mod_stats_prometheus/doc"},
                        {server_name,"Prometheus Exporter"},
                        {modules,[prometheus_httpd]}],
                       15000]}},
              {restart_type,permanent},
              {significant,false},
              {shutdown,4000},
              {child_type,worker}]
 (supervisor:report_progress/3:2240)
2025-11-03 12:42:50.488058+00:00 [debug] PROGRESS REPORT:
    supervisor: {local,httpd_acceptor_sup__127_0_0_1__9081default}
    started: [{pid,<0.1064.0>},
              {id,{httpd_acceptor_sup,{127,0,0,1},9081,default}},
              {mfargs,{httpd_acceptor,start_link,
                                      [httpd__127_0_0_1__9081default,ip_comm,
                                       {127,0,0,1},
                                       9081,inet,
                                       httpd_conf__127_0_0_1__9081default,
                                       15000]}},
              {restart_type,transient},
              {significant,false},
              {shutdown,brutal_kill},
              {child_type,worker}]
 (supervisor:report_progress/3:2240)
2025-11-03 12:42:50.488214+00:00 [debug] PROGRESS REPORT:
    supervisor: {local,httpd_instance_sup__127_0_0_1__9081default}
    started: [{pid,<0.1063.0>},
              {id,{httpd_acceptor_sup,{127,0,0,1},9081,default}},
              {mfargs,
                  {httpd_acceptor_sup,start_link,
                      [[{127,0,0,1},
                        9081,
                        [{bind_address,{127,0,0,1}},
                         {socket_type,ip_comm},
                         {port,9081},
                         {server_root,"run/mod_stats_prometheus/doc"},
                         {document_root,"run/mod_stats_prometheus/doc"},
                         {server_name,"Prometheus Exporter"},
                         {modules,[prometheus_httpd]}],
                        15000,undefined]]}},
              {restart_type,permanent},
              {significant,false},
              {shutdown,infinity},
              {child_type,supervisor}]
 (supervisor:report_progress/3:2240)
2025-11-03 12:42:50.488353+00:00 [debug] PROGRESS REPORT:
    supervisor: {local,httpd_sup}
    started: [{pid,<0.1059.0>},
              {id,{httpd_instance_sup,{127,0,0,1},9081,default}},
              {mfargs,
                  {httpd_instance_sup,start_link,
                      [[{bind_address,{127,0,0,1}},
                        {socket_type,ip_comm},
                        {port,9081},
                        {server_root,"run/mod_stats_prometheus/doc"},
                        {document_root,"run/mod_stats_prometheus/doc"},
                        {server_name,"Prometheus Exporter"},
                        {modules,[prometheus_httpd]}],
                       15000,[]]}},
              {restart_type,permanent},
              {significant,false},
              {shutdown,infinity},
              {child_type,supervisor}]
 (supervisor:report_progress/3:2250)
2025-11-03 12:42:50.489029+00:00 [info] Started mod_stats_prometheus (eturnal:start_modules/0:385)
2025-11-03 12:42:50.489202+00:00 [debug] Starting listener 127.0.0.1:34780 (udp) with options:
[{use_turn,true},
 {auth_type,user},
 {turn_ipv4_address,{127,0,0,1}},
 {turn_min_port,49152},
 {turn_max_port,65535},
 {turn_max_allocations,10},
 {turn_max_permissions,10},
 {shaper,100000},
 {auth_realm,<<"eturnal.net">>},
 {server_name,<<"eturnal">>},
 {auth_fun,fun eturnal:get_password/2},
 {hook_fun,fun eturnal:run_hook/2},
 {turn_blacklist_clients,[{{127,0,0,1},8}]},
 {turn_blacklist_peers,[{{10,0,0,0},8},
                        {{100,64,0,0},10},
                        {{127,0,0,0},8},
                        {{169,254,0,0},16},
                        {{172,16,0,0},12},
                        {{192,0,0,0},24},
                        {{192,0,2,0},24},
                        {{192,88,99,0},24},
                        {{192,168,0,0},16},
                        {{198,18,0,0},15},
                        {{198,51,100,0},24},
                        {{203,0,113,0},24},
                        {{224,0,0,0},4},
                        {{240,0,0,0},4},
                        {{0,0,0,0,0,0,0,1},128},
                        {{100,65435,0,0,0,0,0,0},96},
                        {{256,0,0,0,0,0,0,0},64},
                        {{8193,3512,0,0,0,0,0,0},32},
                        {{64512,0,0,0,0,0,0,0},7},
                        {{65152,0,0,0,0,0,0,0},10},
                        {{65280,0,0,0,0,0,0,0},8}]},
 {turn_whitelist_clients,[{{127,0,0,1},32}]},
 {turn_whitelist_peers,[{{127,0,0,1},32},
                        {{203,0,113,113},32},
                        {{8193,3512,0,0,0,0,0,0},64}]}] (eturnal:start_listeners/0:420)
2025-11-03 12:42:50.501357+00:00 [info] Listening on 127.0.0.1:34780 (udp) (STUN/TURN) (eturnal:start_listeners/0:427)
2025-11-03 12:42:50.501491+00:00 [debug] Starting listener 127.0.0.1:34780 (tcp) with options:
[{use_turn,false},
 {auth_type,anonymous},
 {turn_ipv4_address,{127,0,0,1}},
 {turn_min_port,49152},
 {turn_max_port,65535},
 {turn_max_allocations,10},
 {turn_max_permissions,10},
 {shaper,100000},
 {auth_realm,<<"eturnal.net">>},
 {server_name,<<"eturnal">>},
 {auth_fun,fun eturnal:get_password/2},
 {hook_fun,fun eturnal:run_hook/2},
 {turn_blacklist_clients,[{{127,0,0,1},8}]},
 {turn_blacklist_peers,[{{10,0,0,0},8},
                        {{100,64,0,0},10},
                        {{127,0,0,0},8},
                        {{169,254,0,0},16},
                        {{172,16,0,0},12},
                        {{192,0,0,0},24},
                        {{192,0,2,0},24},
                        {{192,88,99,0},24},
                        {{192,168,0,0},16},
                        {{198,18,0,0},15},
                        {{198,51,100,0},24},
                        {{203,0,113,0},24},
                        {{224,0,0,0},4},
                        {{240,0,0,0},4},
                        {{0,0,0,0,0,0,0,1},128},
                        {{100,65435,0,0,0,0,0,0},96},
                        {{256,0,0,0,0,0,0,0},64},
                        {{8193,3512,0,0,0,0,0,0},32},
                        {{64512,0,0,0,0,0,0,0},7},
                        {{65152,0,0,0,0,0,0,0},10},
                        {{65280,0,0,0,0,0,0,0},8}]},
 {turn_whitelist_clients,[{{127,0,0,1},32}]},
 {turn_whitelist_peers,[{{127,0,0,1},32},
                        {{203,0,113,113},32},
                        {{8193,3512,0,0,0,0,0,0},64}]}] (eturnal:start_listeners/0:420)
2025-11-03 12:42:50.502027+00:00 [info] Listening on 127.0.0.1:34780 (tcp) (STUN only) (eturnal:start_listeners/0:427)
2025-11-03 12:42:50.502158+00:00 [debug] Starting listener 127.0.0.1:53490 (tls) with options:
[{use_turn,false},
 {auth_type,anonymous},
 {tls,true},
 {certfile,<<"run/cert.pem">>},
 {ciphers,<<"HIGH:!aNULL:@STRENGTH">>},
 {protocol_options,<<"no_tlsv1|no_tlsv1_1|cipher_server_preference">>},
 {turn_ipv4_address,{127,0,0,1}},
 {turn_min_port,49152},
 {turn_max_port,65535},
 {turn_max_allocations,10},
 {turn_max_permissions,10},
 {shaper,100000},
 {auth_realm,<<"eturnal.net">>},
 {server_name,<<"eturnal">>},
 {auth_fun,fun eturnal:get_password/2},
 {hook_fun,fun eturnal:run_hook/2},
 {turn_blacklist_clients,[{{127,0,0,1},8}]},
 {turn_blacklist_peers,[{{10,0,0,0},8},
                        {{100,64,0,0},10},
                        {{127,0,0,0},8},
                        {{169,254,0,0},16},
                        {{172,16,0,0},12},
                        {{192,0,0,0},24},
                        {{192,0,2,0},24},
                        {{192,88,99,0},24},
                        {{192,168,0,0},16},
                        {{198,18,0,0},15},
                        {{198,51,100,0},24},
                        {{203,0,113,0},24},
                        {{224,0,0,0},4},
                        {{240,0,0,0},4},
                        {{0,0,0,0,0,0,0,1},128},
                        {{100,65435,0,0,0,0,0,0},96},
                        {{256,0,0,0,0,0,0,0},64},
                        {{8193,3512,0,0,0,0,0,0},32},
                        {{64512,0,0,0,0,0,0,0},7},
                        {{65152,0,0,0,0,0,0,0},10},
                        {{65280,0,0,0,0,0,0,0},8}]},
 {turn_whitelist_clients,[{{127,0,0,1},32}]},
 {turn_whitelist_peers,[{{127,0,0,1},32},
                        {{203,0,113,113},32},
                        {{8193,3512,0,0,0,0,0,0},64}]}] (eturnal:start_listeners/0:420)
2025-11-03 12:42:50.502710+00:00 [info] Listening on 127.0.0.1:53490 (tls) (STUN only) (eturnal:start_listeners/0:427)
2025-11-03 12:42:50.502811+00:00 [debug] Starting listener 127.0.0.1:34781 (auto) with options:
[{use_turn,false},
 {auth_type,anonymous},
 {tls,optional},
 {certfile,<<"run/cert.pem">>},
 {ciphers,<<"HIGH:!aNULL:@STRENGTH">>},
 {protocol_options,<<"no_tlsv1|no_tlsv1_1|cipher_server_preference">>},
 {turn_ipv4_address,{127,0,0,1}},
 {turn_min_port,49152},
 {turn_max_port,65535},
 {turn_max_allocations,10},
 {turn_max_permissions,10},
 {shaper,100000},
 {auth_realm,<<"eturnal.net">>},
 {server_name,<<"eturnal">>},
 {auth_fun,fun eturnal:get_password/2},
 {hook_fun,fun eturnal:run_hook/2},
 {turn_blacklist_clients,[{{127,0,0,1},8}]},
 {turn_blacklist_peers,[{{10,0,0,0},8},
                        {{100,64,0,0},10},
                        {{127,0,0,0},8},
                        {{169,254,0,0},16},
                        {{172,16,0,0},12},
                        {{192,0,0,0},24},
                        {{192,0,2,0},24},
                        {{192,88,99,0},24},
                        {{192,168,0,0},16},
                        {{198,18,0,0},15},
                        {{198,51,100,0},24},
                        {{203,0,113,0},24},
                        {{224,0,0,0},4},
                        {{240,0,0,0},4},
                        {{0,0,0,0,0,0,0,1},128},
                        {{100,65435,0,0,0,0,0,0},96},
                        {{256,0,0,0,0,0,0,0},64},
                        {{8193,3512,0,0,0,0,0,0},32},
                        {{64512,0,0,0,0,0,0,0},7},
                        {{65152,0,0,0,0,0,0,0},10},
                        {{65280,0,0,0,0,0,0,0},8}]},
 {turn_whitelist_clients,[{{127,0,0,1},32}]},
 {turn_whitelist_peers,[{{127,0,0,1},32},
                        {{203,0,113,113},32},
                        {{8193,3512,0,0,0,0,0,0},64}]}] (eturnal:start_listeners/0:420)
2025-11-03 12:42:50.514606+00:00 [info] Listening on 127.0.0.1:34781 (auto) (STUN only) (eturnal:start_listeners/0:427)
2025-11-03 12:42:50.514723+00:00 [debug] Started 3 modules (eturnal:init/1:105)
2025-11-03 12:42:50.514832+00:00 [debug] Started 4 listeners (eturnal:init/1:106)
2025-11-03 12:42:50.514927+00:00 [debug] PROGRESS REPORT:
    supervisor: {local,eturnal_sup}
    started: [{pid,<0.1025.0>},
              {id,eturnal},
              {mfargs,{eturnal,start_link,[]}},
              {restart_type,permanent},
              {significant,false},
              {shutdown,5000},
              {child_type,worker}]
 (supervisor:report_progress/3:2240)
2025-11-03 12:42:50.515043+00:00 [debug] No NOTIFY_SOCKET, dropping READY=1 notification (eturnal_systemd:handle_cast/2:99)
2025-11-03 12:42:50.515049+00:00 [debug] PROGRESS REPORT:
    application: eturnal
    started_at: nonode@nohost
 (application_controller:info_started/2:2117)
2025-11-03 12:42:50.540486+00:00 [debug] Handling API call: get_status() (eturnal_ctl:get_status/0:129)
2025-11-03 12:42:50.540616+00:00 [debug] eturnal call (get_status) returned ok (eturnal_ctl:call/1:444)
2025-11-03 12:42:50.563863+00:00 [debug] Handling API call: get_info() (eturnal_ctl:get_info/0:139)
2025-11-03 12:42:50.564420+00:00 [debug] eturnal call (get_info) returned {ok,
                                  {eturnal_node_info,<<"1.12.2">>,
                                   {"28","16.1"},
                                   3829,0,180,101794798,1,57286920}} (eturnal_ctl:call/1:447)
2025-11-03 12:42:50.587462+00:00 [debug] Handling API call: get_sessions() (eturnal_ctl:get_sessions/0:100)
2025-11-03 12:42:50.610532+00:00 [debug] Handling API call: get_sessions("alice") (eturnal_ctl:get_sessions/1:110)
2025-11-03 12:42:50.610775+00:00 [debug] Handling API call: get_sessions("1256900400:alice") (eturnal_ctl:get_sessions/1:110)
2025-11-03 12:42:50.611012+00:00 [debug] Handling API call: get_sessions(alice) (eturnal_ctl:get_sessions/1:110)
2025-11-03 12:42:50.611124+00:00 [debug] Cannot convert user name to binary: alice (eturnal_ctl:get_sessions/1:123)
2025-11-03 12:42:50.634535+00:00 [debug] Handling API call: disconnect("alice") (eturnal_ctl:disconnect/1:188)
2025-11-03 12:42:50.634753+00:00 [debug] Handling API call: disconnect(alice) (eturnal_ctl:disconnect/1:188)
2025-11-03 12:42:50.634878+00:00 [debug] Cannot convert user name to binary: alice (eturnal_ctl:disconnect/1:198)
2025-11-03 12:42:50.657516+00:00 [debug] Handling API call: get_credentials("2009-10-30 11:00:00Z", []) (eturnal_ctl:get_credentials/2:60)
2025-11-03 12:42:50.657684+00:00 [debug] eturnal call ({get_password,<<"1256900400">>}) returned {ok,
                                                         <<"uEKlpcME7MNMMVRV8rUFPCTIFEs=">>} (eturnal_ctl:call/1:447)
2025-11-03 12:42:50.661558+00:00 [debug] Handling API call: get_credentials("86400", "alice") (eturnal_ctl:get_credentials/2:60)
2025-11-03 12:42:50.661686+00:00 [debug] eturnal call ({get_password,<<"1762260170:alice">>}) returned {ok,
                                                               <<"zSJaDrsuDswWTw7zI7uEc3UnwQQ=">>} (eturnal_ctl:call/1:447)
2025-11-03 12:42:50.661806+00:00 [debug] Handling API call: get_password("1762260170:alice") (eturnal_ctl:get_password/1:79)
2025-11-03 12:42:50.661900+00:00 [debug] eturnal call ({get_password,<<"1762260170:alice">>}) returned {ok,
                                                               <<"zSJaDrsuDswWTw7zI7uEc3UnwQQ=">>} (eturnal_ctl:call/1:447)
2025-11-03 12:42:50.662038+00:00 [debug] Handling API call: get_credentials("86400s", "alice") (eturnal_ctl:get_credentials/2:60)
2025-11-03 12:42:50.662190+00:00 [debug] eturnal call ({get_password,<<"1762260170:alice">>}) returned {ok,
                                                               <<"zSJaDrsuDswWTw7zI7uEc3UnwQQ=">>} (eturnal_ctl:call/1:447)
2025-11-03 12:42:50.662314+00:00 [debug] Handling API call: get_password("1762260170:alice") (eturnal_ctl:get_password/1:79)
2025-11-03 12:42:50.662414+00:00 [debug] eturnal call ({get_password,<<"1762260170:alice">>}) returned {ok,
                                                               <<"zSJaDrsuDswWTw7zI7uEc3UnwQQ=">>} (eturnal_ctl:call/1:447)
2025-11-03 12:42:50.662611+00:00 [debug] Handling API call: get_credentials("1440m", "alice") (eturnal_ctl:get_credentials/2:60)
2025-11-03 12:42:50.662758+00:00 [debug] eturnal call ({get_password,<<"1762260170:alice">>}) returned {ok,
                                                               <<"zSJaDrsuDswWTw7zI7uEc3UnwQQ=">>} (eturnal_ctl:call/1:447)
2025-11-03 12:42:50.662885+00:00 [debug] Handling API call: get_password("1762260170:alice") (eturnal_ctl:get_password/1:79)
2025-11-03 12:42:50.663014+00:00 [debug] eturnal call ({get_password,<<"1762260170:alice">>}) returned {ok,
                                                               <<"zSJaDrsuDswWTw7zI7uEc3UnwQQ=">>} (eturnal_ctl:call/1:447)
2025-11-03 12:42:50.663178+00:00 [debug] Handling API call: get_credentials("24h", "alice") (eturnal_ctl:get_credentials/2:60)
2025-11-03 12:42:50.663295+00:00 [debug] eturnal call ({get_password,<<"1762260170:alice">>}) returned {ok,
                                                               <<"zSJaDrsuDswWTw7zI7uEc3UnwQQ=">>} (eturnal_ctl:call/1:447)
2025-11-03 12:42:50.663425+00:00 [debug] Handling API call: get_password("1762260170:alice") (eturnal_ctl:get_password/1:79)
2025-11-03 12:42:50.663570+00:00 [debug] eturnal call ({get_password,<<"1762260170:alice">>}) returned {ok,
                                                               <<"zSJaDrsuDswWTw7zI7uEc3UnwQQ=">>} (eturnal_ctl:call/1:447)
2025-11-03 12:42:50.663746+00:00 [debug] Handling API call: get_credentials("1d", "alice") (eturnal_ctl:get_credentials/2:60)
2025-11-03 12:42:50.663866+00:00 [debug] eturnal call ({get_password,<<"1762260170:alice">>}) returned {ok,
                                                               <<"zSJaDrsuDswWTw7zI7uEc3UnwQQ=">>} (eturnal_ctl:call/1:447)
2025-11-03 12:42:50.663981+00:00 [debug] Handling API call: get_password("1762260170:alice") (eturnal_ctl:get_password/1:79)
2025-11-03 12:42:50.664098+00:00 [debug] eturnal call ({get_password,<<"1762260170:alice">>}) returned {ok,
                                                               <<"zSJaDrsuDswWTw7zI7uEc3UnwQQ=">>} (eturnal_ctl:call/1:447)
2025-11-03 12:42:50.664258+00:00 [debug] Handling API call: get_password("Invalid") (eturnal_ctl:get_password/1:79)
2025-11-03 12:42:50.664355+00:00 [debug] eturnal call ({get_password,<<"Invalid">>}) returned {error,no_credentials} (eturnal_ctl:call/1:450)
2025-11-03 12:42:50.664475+00:00 [debug] Handling API call: get_credentials("Invalid", []) (eturnal_ctl:get_credentials/2:60)
2025-11-03 12:42:50.664563+00:00 [debug] Invalid argument(s): "Invalid":[] (eturnal_ctl:get_credentials/2:73)
2025-11-03 12:42:50.664654+00:00 [debug] Handling API call: get_password(invalid) (eturnal_ctl:get_password/1:79)
2025-11-03 12:42:50.664733+00:00 [debug] Cannot convert user name to binary: invalid (eturnal_ctl:get_password/1:94)
2025-11-03 12:42:50.664809+00:00 [debug] Handling API call: get_credentials(invalid, []) (eturnal_ctl:get_credentials/2:60)
2025-11-03 12:42:50.664897+00:00 [debug] Invalid argument(s): invalid:[] (eturnal_ctl:get_credentials/2:73)
2025-11-03 12:42:50.664968+00:00 [debug] Handling API call: get_password([invalid]) (eturnal_ctl:get_password/1:79)
2025-11-03 12:42:50.665046+00:00 [debug] Cannot convert user name to binary: [invalid] (eturnal_ctl:get_password/1:94)
2025-11-03 12:42:50.665142+00:00 [debug] Handling API call: get_credentials([invalid], []) (eturnal_ctl:get_credentials/2:60)
2025-11-03 12:42:50.665230+00:00 [debug] Invalid argument(s): [invalid]:[] (eturnal_ctl:get_credentials/2:73)
2025-11-03 12:42:50.665368+00:00 [debug] Handling API call: get_credentials(1256900400, invalid) (eturnal_ctl:get_credentials/2:60)
2025-11-03 12:42:50.665480+00:00 [debug] Invalid argument(s): 1256900400:invalid (eturnal_ctl:get_credentials/2:73)
2025-11-03 12:42:50.665616+00:00 [debug] Handling API call: get_password("alice") (eturnal_ctl:get_password/1:79)
2025-11-03 12:42:50.665709+00:00 [debug] eturnal call ({get_password,<<"alice">>}) returned {ok,<<"l0vesBob">>} (eturnal_ctl:call/1:447)
2025-11-03 12:42:50.688674+00:00 [debug] Handling API call: set_loglevel(debug) (eturnal_ctl:set_loglevel/1:169)
2025-11-03 12:42:50.688844+00:00 [debug] eturnal call ({set_loglevel,debug}) returned ok (eturnal_ctl:call/1:444)
2025-11-03 12:42:50.688992+00:00 [debug] Handling API call: get_loglevel() (eturnal_ctl:get_loglevel/0:159)
2025-11-03 12:42:50.689081+00:00 [debug] eturnal call (get_loglevel) returned {ok,debug} (eturnal_ctl:call/1:447)
2025-11-03 12:42:50.689228+00:00 [debug] Handling API call: set_loglevel(invalid) (eturnal_ctl:set_loglevel/1:169)
2025-11-03 12:42:50.689313+00:00 [debug] Invalid log level: invalid (eturnal_ctl:set_loglevel/1:179)
2025-11-03 12:42:50.689418+00:00 [debug] Handling API call: get_loglevel() (eturnal_ctl:get_loglevel/0:159)
2025-11-03 12:42:50.689516+00:00 [debug] eturnal call (get_loglevel) returned {ok,debug} (eturnal_ctl:call/1:447)
2025-11-03 12:42:50.712476+00:00 [debug] Handling API call: get_version() (eturnal_ctl:get_version/0:149)
2025-11-03 12:42:50.712597+00:00 [debug] eturnal call (get_version) returned {ok,<<"1.12.2">>} (eturnal_ctl:call/1:447)
2025-11-03 12:42:50.735707+00:00 [debug] Handling API call: reload() (eturnal_ctl:reload/0:204)
2025-11-03 12:42:50.737345+00:00 [debug] Calling mod_log_stun:options/0 (eturnal_module:options/1:192)
2025-11-03 12:42:50.737479+00:00 [debug] Calling mod_stats_influx:options/0 (eturnal_module:options/1:192)
2025-11-03 12:42:50.737567+00:00 [debug] Calling mod_stats_prometheus:options/0 (eturnal_module:options/1:192)
2025-11-03 12:42:50.738119+00:00 [info] Reloading configuration (eturnal:reload/1:628)
2025-11-03 12:42:50.738221+00:00 [warning] TLS enabled without 'tls_crt_file', creating self-signed certificate (eturnal:check_pem_file/0:807)
2025-11-03 12:42:51.434563+00:00 [info] Using new TLS certificate (eturnal:reload/1:632)
2025-11-03 12:42:51.434886+00:00 [debug] Calling mod_log_stun:stop/1 (eturnal_module:stop/1:163)
2025-11-03 12:42:51.435009+00:00 [debug] Stopping mod_log_stun (mod_log_stun:stop/0:49)
2025-11-03 12:42:51.435165+00:00 [info] Stopped mod_log_stun (eturnal:stop_modules/1:398)
2025-11-03 12:42:51.435778+00:00 [debug] Calling mod_stats_influx:stop/1 (eturnal_module:stop/1:163)
2025-11-03 12:42:51.435903+00:00 [debug] Stopping mod_stats_influx (mod_stats_influx:stop/0:61)
2025-11-03 12:42:51.435992+00:00 [info] Stopped mod_stats_influx (eturnal:stop_modules/1:398)
2025-11-03 12:42:51.438182+00:00 [debug] Calling mod_stats_prometheus:stop/1 (eturnal_module:stop/1:163)
2025-11-03 12:42:51.438307+00:00 [debug] Stopping mod_stats_prometheus (mod_stats_prometheus:stop/0:110)
2025-11-03 12:42:51.438614+00:00 [info] Stopped mod_stats_prometheus (eturnal:stop_modules/1:398)
2025-11-03 12:42:51.438727+00:00 [debug] Calling mod_log_stun:start/0 (eturnal_module:start/1:143)
2025-11-03 12:42:51.438824+00:00 [debug] Starting mod_log_stun (mod_log_stun:start/0:38)
2025-11-03 12:42:51.439942+00:00 [info] Started mod_log_stun (eturnal:start_modules/0:385)
2025-11-03 12:42:51.440055+00:00 [debug] Calling mod_stats_influx:start/0 (eturnal_module:start/1:143)
2025-11-03 12:42:51.440138+00:00 [debug] Starting mod_stats_influx (mod_stats_influx:start/0:37)
2025-11-03 12:42:51.440237+00:00 [debug] Dependency influx_udp was available already (eturnal_module:ensure_dep/2:284)
2025-11-03 12:42:51.441153+00:00 [info]     options: #{port => 8089,host => "localhost",pool_size => 1,
               max_overflow => 1}
    msg: Start clients pool
    host: {127,0,0,1} (influx_udp:start_pool_/2:239)
2025-11-03 12:42:51.442586+00:00 [info] Started mod_stats_influx (eturnal:start_modules/0:385)
2025-11-03 12:42:51.442741+00:00 [debug] Calling mod_stats_prometheus:start/0 (eturnal_module:start/1:143)
2025-11-03 12:42:51.442828+00:00 [debug] Starting mod_stats_prometheus (mod_stats_prometheus:start/0:56)
2025-11-03 12:42:51.442951+00:00 [debug] Dependency prometheus_httpd was available already (eturnal_module:ensure_dep/2:284)
2025-11-03 12:42:51.443478+00:00 [debug] PROGRESS REPORT:
    supervisor: {local,httpd_instance_sup__127_0_0_1__9081default}
    started: [{pid,<0.1199.0>},
              {id,{httpd_connection_sup,{127,0,0,1},9081,default}},
              {mfargs,{httpd_connection_sup,start_link,[[{127,0,0,1},9081]]}},
              {restart_type,permanent},
              {significant,false},
              {shutdown,5000},
              {child_type,supervisor}]
 (supervisor:report_progress/3:2240)
2025-11-03 12:42:51.443636+00:00 [debug] PROGRESS REPORT:
    supervisor: {local,httpd_instance_sup__127_0_0_1__9081default}
    started: [{pid,<0.1200.0>},
              {id,{httpd_misc_sup,{127,0,0,1},9081,default}},
              {mfargs,{httpd_misc_sup,start_link,[{127,0,0,1},9081,default]}},
              {restart_type,permanent},
              {significant,false},
              {shutdown,infinity},
              {child_type,supervisor}]
 (supervisor:report_progress/3:2240)
2025-11-03 12:42:51.443869+00:00 [debug] PROGRESS REPORT:
    supervisor: {local,httpd_instance_sup__127_0_0_1__9081default}
    started: [{pid,<0.1201.0>},
              {id,{httpd_manager,{127,0,0,1},9081,default}},
              {mfargs,
                  {httpd_manager,start_link,
                      [undefined,
                       [{bind_address,{127,0,0,1}},
                        {socket_type,ip_comm},
                        {port,9081},
                        {server_root,"run/mod_stats_prometheus/doc"},
                        {document_root,"run/mod_stats_prometheus/doc"},
                        {server_name,"Prometheus Exporter"},
                        {modules,[prometheus_httpd]}],
                       15000]}},
              {restart_type,permanent},
              {significant,false},
              {shutdown,4000},
              {child_type,worker}]
 (supervisor:report_progress/3:2240)
2025-11-03 12:42:51.444195+00:00 [debug] PROGRESS REPORT:
    supervisor: {local,httpd_acceptor_sup__127_0_0_1__9081default}
    started: [{pid,<0.1203.0>},
              {id,{httpd_acceptor_sup,{127,0,0,1},9081,default}},
              {mfargs,{httpd_acceptor,start_link,
                                      [httpd__127_0_0_1__9081default,ip_comm,
                                       {127,0,0,1},
                                       9081,inet,
                                       httpd_conf__127_0_0_1__9081default,
                                       15000]}},
              {restart_type,transient},
              {significant,false},
              {shutdown,brutal_kill},
              {child_type,worker}]
 (supervisor:report_progress/3:2240)
2025-11-03 12:42:51.444345+00:00 [debug] PROGRESS REPORT:
    supervisor: {local,httpd_instance_sup__127_0_0_1__9081default}
    started: [{pid,<0.1202.0>},
              {id,{httpd_acceptor_sup,{127,0,0,1},9081,default}},
              {mfargs,
                  {httpd_acceptor_sup,start_link,
                      [[{127,0,0,1},
                        9081,
                        [{bind_address,{127,0,0,1}},
                         {socket_type,ip_comm},
                         {port,9081},
                         {server_root,"run/mod_stats_prometheus/doc"},
                         {document_root,"run/mod_stats_prometheus/doc"},
                         {server_name,"Prometheus Exporter"},
                         {modules,[prometheus_httpd]}],
                        15000,undefined]]}},
              {restart_type,permanent},
              {significant,false},
              {shutdown,infinity},
              {child_type,supervisor}]
 (supervisor:report_progress/3:2240)
2025-11-03 12:42:51.444529+00:00 [debug] PROGRESS REPORT:
    supervisor: {local,httpd_sup}
    started: [{pid,<0.1198.0>},
              {id,{httpd_instance_sup,{127,0,0,1},9081,default}},
              {mfargs,
                  {httpd_instance_sup,start_link,
                      [[{bind_address,{127,0,0,1}},
                        {socket_type,ip_comm},
                        {port,9081},
                        {server_root,"run/mod_stats_prometheus/doc"},
                        {document_root,"run/mod_stats_prometheus/doc"},
                        {server_name,"Prometheus Exporter"},
                        {modules,[prometheus_httpd]}],
                       15000,[]]}},
              {restart_type,permanent},
              {significant,false},
              {shutdown,infinity},
              {child_type,supervisor}]
 (supervisor:report_progress/3:2250)
2025-11-03 12:42:51.445978+00:00 [info] Started mod_stats_prometheus (eturnal:start_modules/0:385)
2025-11-03 12:42:51.446131+00:00 [debug] Restarted modules (eturnal:reload/1:640)
2025-11-03 12:42:51.446275+00:00 [debug] eturnal call (reload) returned ok (eturnal_ctl:call/1:444)
2025-11-03 12:42:51.446724+00:00 [debug] Handling API call: reload() (eturnal_ctl:reload/0:204)
2025-11-03 12:42:51.448527+00:00 [debug] Calling mod_log_stun:options/0 (eturnal_module:options/1:192)
2025-11-03 12:42:51.448647+00:00 [debug] Calling mod_stats_influx:options/0 (eturnal_module:options/1:192)
2025-11-03 12:42:51.448753+00:00 [debug] Calling mod_stats_prometheus:options/0 (eturnal_module:options/1:192)
2025-11-03 12:42:51.449434+00:00 [info] Reloading configuration (eturnal:reload/1:628)
2025-11-03 12:42:51.449611+00:00 [debug] Keeping PEM file (run/cert.pem) (eturnal:check_pem_file/0:804)
2025-11-03 12:42:51.449717+00:00 [debug] TLS certificate unchanged (eturnal:reload/1:634)
2025-11-03 12:42:51.451308+00:00 [debug] Calling mod_log_stun:stop/1 (eturnal_module:stop/1:163)
2025-11-03 12:42:51.451440+00:00 [debug] Stopping mod_log_stun (mod_log_stun:stop/0:49)
2025-11-03 12:42:51.451550+00:00 [info] Stopped mod_log_stun (eturnal:stop_modules/1:398)
2025-11-03 12:42:51.452962+00:00 [debug] Calling mod_stats_influx:stop/1 (eturnal_module:stop/1:163)
2025-11-03 12:42:51.453058+00:00 [debug] Stopping mod_stats_influx (mod_stats_influx:stop/0:61)
2025-11-03 12:42:51.453134+00:00 [info] Stopped mod_stats_influx (eturnal:stop_modules/1:398)
2025-11-03 12:42:51.453995+00:00 [debug] Calling mod_stats_prometheus:stop/1 (eturnal_module:stop/1:163)
2025-11-03 12:42:51.454085+00:00 [debug] Stopping mod_stats_prometheus (mod_stats_prometheus:stop/0:110)
2025-11-03 12:42:51.454350+00:00 [info] Stopped mod_stats_prometheus (eturnal:stop_modules/1:398)
2025-11-03 12:42:51.454478+00:00 [debug] Calling mod_log_stun:start/0 (eturnal_module:start/1:143)
2025-11-03 12:42:51.454611+00:00 [debug] Starting mod_log_stun (mod_log_stun:start/0:38)
2025-11-03 12:42:51.455429+00:00 [info] Started mod_log_stun (eturnal:start_modules/0:385)
2025-11-03 12:42:51.455824+00:00 [debug] Calling mod_stats_influx:start/0 (eturnal_module:start/1:143)
2025-11-03 12:42:51.455944+00:00 [debug] Starting mod_stats_influx (mod_stats_influx:start/0:37)
2025-11-03 12:42:51.456040+00:00 [debug] Dependency influx_udp was available already (eturnal_module:ensure_dep/2:284)
2025-11-03 12:42:51.456304+00:00 [info]     options: #{port => 8089,host => "localhost",pool_size => 1,
               max_overflow => 1}
    msg: Start clients pool
    host: {127,0,0,1} (influx_udp:start_pool_/2:239)
2025-11-03 12:42:51.458278+00:00 [info] Started mod_stats_influx (eturnal:start_modules/0:385)
2025-11-03 12:42:51.458439+00:00 [debug] Calling mod_stats_prometheus:start/0 (eturnal_module:start/1:143)
2025-11-03 12:42:51.458558+00:00 [debug] Starting mod_stats_prometheus (mod_stats_prometheus:start/0:56)
2025-11-03 12:42:51.458664+00:00 [debug] Dependency prometheus_httpd was available already (eturnal_module:ensure_dep/2:284)
2025-11-03 12:42:51.459166+00:00 [debug] PROGRESS REPORT:
    supervisor: {local,httpd_instance_sup__127_0_0_1__9081default}
    started: [{pid,<0.1234.0>},
              {id,{httpd_connection_sup,{127,0,0,1},9081,default}},
              {mfargs,{httpd_connection_sup,start_link,[[{127,0,0,1},9081]]}},
              {restart_type,permanent},
              {significant,false},
              {shutdown,5000},
              {child_type,supervisor}]
 (supervisor:report_progress/3:2240)
2025-11-03 12:42:51.459297+00:00 [debug] PROGRESS REPORT:
    supervisor: {local,httpd_instance_sup__127_0_0_1__9081default}
    started: [{pid,<0.1235.0>},
              {id,{httpd_misc_sup,{127,0,0,1},9081,default}},
              {mfargs,{httpd_misc_sup,start_link,[{127,0,0,1},9081,default]}},
              {restart_type,permanent},
              {significant,false},
              {shutdown,infinity},
              {child_type,supervisor}]
 (supervisor:report_progress/3:2240)
2025-11-03 12:42:51.459608+00:00 [debug] PROGRESS REPORT:
    supervisor: {local,httpd_instance_sup__127_0_0_1__9081default}
    started: [{pid,<0.1237.0>},
              {id,{httpd_manager,{127,0,0,1},9081,default}},
              {mfargs,
                  {httpd_manager,start_link,
                      [undefined,
                       [{bind_address,{127,0,0,1}},
                        {socket_type,ip_comm},
                        {port,9081},
                        {server_root,"run/mod_stats_prometheus/doc"},
                        {document_root,"run/mod_stats_prometheus/doc"},
                        {server_name,"Prometheus Exporter"},
                        {modules,[prometheus_httpd]}],
                       15000]}},
              {restart_type,permanent},
              {significant,false},
              {shutdown,4000},
              {child_type,worker}]
 (supervisor:report_progress/3:2240)
2025-11-03 12:42:51.459909+00:00 [debug] PROGRESS REPORT:
    supervisor: {local,httpd_acceptor_sup__127_0_0_1__9081default}
    started: [{pid,<0.1239.0>},
              {id,{httpd_acceptor_sup,{127,0,0,1},9081,default}},
              {mfargs,{httpd_acceptor,start_link,
                                      [httpd__127_0_0_1__9081default,ip_comm,
                                       {127,0,0,1},
                                       9081,inet,
                                       httpd_conf__127_0_0_1__9081default,
                                       15000]}},
              {restart_type,transient},
              {significant,false},
              {shutdown,brutal_kill},
              {child_type,worker}]
 (supervisor:report_progress/3:2240)
2025-11-03 12:42:51.460073+00:00 [debug] PROGRESS REPORT:
    supervisor: {local,httpd_instance_sup__127_0_0_1__9081default}
    started: [{pid,<0.1238.0>},
              {id,{httpd_acceptor_sup,{127,0,0,1},9081,default}},
              {mfargs,
                  {httpd_acceptor_sup,start_link,
                      [[{127,0,0,1},
                        9081,
                        [{bind_address,{127,0,0,1}},
                         {socket_type,ip_comm},
                         {port,9081},
                         {server_root,"run/mod_stats_prometheus/doc"},
                         {document_root,"run/mod_stats_prometheus/doc"},
                         {server_name,"Prometheus Exporter"},
                         {modules,[prometheus_httpd]}],
                        15000,undefined]]}},
              {restart_type,permanent},
              {significant,false},
              {shutdown,infinity},
              {child_type,supervisor}]
 (supervisor:report_progress/3:2240)
2025-11-03 12:42:51.460213+00:00 [debug] PROGRESS REPORT:
    supervisor: {local,httpd_sup}
    started: [{pid,<0.1232.0>},
              {id,{httpd_instance_sup,{127,0,0,1},9081,default}},
              {mfargs,
                  {httpd_instance_sup,start_link,
                      [[{bind_address,{127,0,0,1}},
                        {socket_type,ip_comm},
                        {port,9081},
                        {server_root,"run/mod_stats_prometheus/doc"},
                        {document_root,"run/mod_stats_prometheus/doc"},
                        {server_name,"Prometheus Exporter"},
                        {modules,[prometheus_httpd]}],
                       15000,[]]}},
              {restart_type,permanent},
              {significant,false},
              {shutdown,infinity},
              {child_type,supervisor}]
 (supervisor:report_progress/3:2250)
2025-11-03 12:42:51.461983+00:00 [info] Started mod_stats_prometheus (eturnal:start_modules/0:385)
2025-11-03 12:42:51.462122+00:00 [debug] Restarted modules (eturnal:reload/1:640)
2025-11-03 12:42:51.462209+00:00 [debug] eturnal call (reload) returned ok (eturnal_ctl:call/1:444)
2025-11-03 12:42:51.486959+00:00 [info] Accepting connection: 127.0.0.1:55872 -> 127.0.0.1:34780 [TCP, session 2lf3xpn5uq59] (stun_acceptor:accept/3:158)
2025-11-03 12:42:51.509829+00:00 [info] Accepting connection: 127.0.0.1:60060 -> 127.0.0.1:53490 [TLS, session opxeifbw89f3] (stun_acceptor:accept/3:158)
2025-11-03 12:42:51.536762+00:00 [debug] Received:
#stun{class = request,method = 3,magic = 554869826,
      trid = 63077342983219691490263750770,raw = <<>>,unsupported = [],
      'ALTERNATE-SERVER' = undefined,'CHANNEL-NUMBER' = undefined,
      'DATA' = undefined,'DONT-FRAGMENT' = false,'ERROR-CODE' = undefined,
      'LIFETIME' = undefined,'MAPPED-ADDRESS' = undefined,
      'MESSAGE-INTEGRITY' = undefined,'NONCE' = undefined,'REALM' = undefined,
      'REQUESTED-ADDRESS-FAMILY' = undefined,
      'REQUESTED-TRANSPORT' = undefined,'SOFTWARE' = undefined,
      'UNKNOWN-ATTRIBUTES' = [],'USERNAME' = undefined,
      'XOR-MAPPED-ADDRESS' = undefined,'XOR-PEER-ADDRESS' = [],
      'XOR-RELAYED-ADDRESS' = undefined} (stun:udp_recv/5:146)
2025-11-03 12:42:51.536894+00:00 [debug] Sending:
#stun{class = error,method = 3,magic = 554869826,
      trid = 63077342983219691490263750770,raw = <<>>,unsupported = [],
      'ALTERNATE-SERVER' = undefined,'CHANNEL-NUMBER' = undefined,
      'DATA' = undefined,'DONT-FRAGMENT' = false,
      'ERROR-CODE' = {401,<<"Unauthorized">>},
      'LIFETIME' = undefined,'MAPPED-ADDRESS' = undefined,
      'MESSAGE-INTEGRITY' = undefined,'NONCE' = <<"2346560908">>,
      'REALM' = <<"eturnal.net">>,'REQUESTED-ADDRESS-FAMILY' = undefined,
      'REQUESTED-TRANSPORT' = undefined,'SOFTWARE' = <<"eturnal">>,
      'UNKNOWN-ATTRIBUTES' = [],'USERNAME' = undefined,
      'XOR-MAPPED-ADDRESS' = undefined,'XOR-PEER-ADDRESS' = [],
      'XOR-RELAYED-ADDRESS' = undefined} (stun:send/3:498)
2025-11-03 12:42:51.537168+00:00 [debug] Received:
#stun{class = request,method = 3,magic = 554869826,
      trid = 6550839976653751934206932305,
      raw = <<0,3,0,76,33,18,164,66,21,42,186,82,182,242,240,75,195,64,245,81,
              0,25,0,4,17,0,0,0,0,6,0,5,97,108,105,99,101,0,0,0,0,20,0,11,101,
              116,117,114,110,97,108,46,110,101,116,0,0,21,0,10,50,51,52,54,53,
              54,48,57,48,56,0,0>>,
      unsupported = [],'ALTERNATE-SERVER' = undefined,
      'CHANNEL-NUMBER' = undefined,'DATA' = undefined,'DONT-FRAGMENT' = false,
      'ERROR-CODE' = undefined,'LIFETIME' = undefined,
      'MAPPED-ADDRESS' = undefined,
      'MESSAGE-INTEGRITY' = <<239,88,33,66,67,159,29,238,62,14,131,41,143,138,
                              36,35,241,136,202,210>>,
      'NONCE' = <<"2346560908">>,'REALM' = <<"eturnal.net">>,
      'REQUESTED-ADDRESS-FAMILY' = undefined,'REQUESTED-TRANSPORT' = udp,
      'SOFTWARE' = undefined,'UNKNOWN-ATTRIBUTES' = [],
      'USERNAME' = <<"alice">>,'XOR-MAPPED-ADDRESS' = undefined,
      'XOR-PEER-ADDRESS' = [],'XOR-RELAYED-ADDRESS' = undefined} (stun:udp_recv/5:146)
2025-11-03 12:42:51.537296+00:00 [debug] Looking up password for: alice [UDP, session uup8whper363, user alice, client 127.0.0.1:57609] (eturnal:get_password/2:259)
2025-11-03 12:42:51.537396+00:00 [info] Accepting long-term STUN/TURN authentication [UDP, session uup8whper363, user alice, client 127.0.0.1:57609] (stun:process/2:287)
2025-11-03 12:42:51.539940+00:00 [debug] Running 'turn_session_start' hook [UDP, session uup8whper363, user alice, client 127.0.0.1:57609] (turn:run_hook/3:753)
2025-11-03 12:42:51.540016+00:00 [debug] Got 'turn_session_start' event [UDP, session uup8whper363, user alice, client 127.0.0.1:57609] (eturnal_module:handle_event/2:177)
2025-11-03 12:42:51.540058+00:00 [debug] Calling mod_stats_prometheus:handle_event/2 [UDP, session uup8whper363, user alice, client 127.0.0.1:57609] (eturnal_module:handle_event/2:180)
2025-11-03 12:42:51.540119+00:00 [debug] Observing started TURN session uup8whper363 for Prometheus [UDP, session uup8whper363, user alice, client 127.0.0.1:57609] (mod_stats_prometheus:on_turn_session_start/1:174)
2025-11-03 12:42:51.540295+00:00 [notice] Creating TURN allocation (lifetime: 600 seconds) [UDP, session uup8whper363, user alice, client 127.0.0.1:57609, relay 127.0.0.1:53884] (turn:wait_for_allocate/2:226)
2025-11-03 12:42:51.540397+00:00 [debug] Sending:
#stun{class = response,method = 3,magic = 554869826,
      trid = 6550839976653751934206932305,raw = <<>>,unsupported = [],
      'ALTERNATE-SERVER' = undefined,'CHANNEL-NUMBER' = undefined,
      'DATA' = undefined,'DONT-FRAGMENT' = false,'ERROR-CODE' = undefined,
      'LIFETIME' = 600,'MAPPED-ADDRESS' = undefined,
      'MESSAGE-INTEGRITY' = undefined,'NONCE' = undefined,'REALM' = undefined,
      'REQUESTED-ADDRESS-FAMILY' = undefined,
      'REQUESTED-TRANSPORT' = undefined,'SOFTWARE' = <<"eturnal">>,
      'UNKNOWN-ATTRIBUTES' = [],'USERNAME' = undefined,
      'XOR-MAPPED-ADDRESS' = {{127,0,0,1},57609},
      'XOR-PEER-ADDRESS' = [],
      'XOR-RELAYED-ADDRESS' = {{127,0,0,1},53884}} (turn:send/2:549)
2025-11-03 12:42:51.540705+00:00 [debug] Received:
#stun{class = request,method = 4,magic = 554869826,
      trid = 7049973010320676452350000177,
      raw = <<0,4,0,76,33,18,164,66,22,199,153,218,176,12,156,194,167,47,124,
              49,0,6,0,5,97,108,105,99,101,0,0,0,0,20,0,11,101,116,117,114,110,
              97,108,46,110,101,116,0,0,21,0,10,50,51,52,54,53,54,48,57,48,56,
              0,0,0,13,0,4,0,0,0,0>>,
      unsupported = [],'ALTERNATE-SERVER' = undefined,
      'CHANNEL-NUMBER' = undefined,'DATA' = undefined,'DONT-FRAGMENT' = false,
      'ERROR-CODE' = undefined,'LIFETIME' = 0,'MAPPED-ADDRESS' = undefined,
      'MESSAGE-INTEGRITY' = <<106,164,22,151,40,9,0,196,145,99,200,145,10,253,
                              91,95,88,205,219,116>>,
      'NONCE' = <<"2346560908">>,'REALM' = <<"eturnal.net">>,
      'REQUESTED-ADDRESS-FAMILY' = undefined,
      'REQUESTED-TRANSPORT' = undefined,'SOFTWARE' = undefined,
      'UNKNOWN-ATTRIBUTES' = [],'USERNAME' = <<"alice">>,
      'XOR-MAPPED-ADDRESS' = undefined,'XOR-PEER-ADDRESS' = [],
      'XOR-RELAYED-ADDRESS' = undefined} (stun:udp_recv/5:146)
2025-11-03 12:42:51.540799+00:00 [debug] Looking up password for: alice [UDP, session xb94t1b8w582, user alice, client 127.0.0.1:57609] (eturnal:get_password/2:259)
2025-11-03 12:42:51.540899+00:00 [info] Accepting long-term STUN/TURN authentication [UDP, session xb94t1b8w582, user alice, client 127.0.0.1:57609] (stun:process/2:287)
2025-11-03 12:42:51.540977+00:00 [info] Client requested closing the TURN session [UDP, session uup8whper363, user alice, client 127.0.0.1:57609, relay 127.0.0.1:53884] (turn:active/2:285)
2025-11-03 12:42:51.541067+00:00 [debug] Sending:
#stun{class = response,method = 4,magic = 554869826,
      trid = 7049973010320676452350000177,raw = <<>>,unsupported = [],
      'ALTERNATE-SERVER' = undefined,'CHANNEL-NUMBER' = undefined,
      'DATA' = undefined,'DONT-FRAGMENT' = false,'ERROR-CODE' = undefined,
      'LIFETIME' = 0,'MAPPED-ADDRESS' = undefined,
      'MESSAGE-INTEGRITY' = undefined,'NONCE' = undefined,'REALM' = undefined,
      'REQUESTED-ADDRESS-FAMILY' = undefined,
      'REQUESTED-TRANSPORT' = undefined,'SOFTWARE' = <<"eturnal">>,
      'UNKNOWN-ATTRIBUTES' = [],'USERNAME' = undefined,
      'XOR-MAPPED-ADDRESS' = undefined,'XOR-PEER-ADDRESS' = [],
      'XOR-RELAYED-ADDRESS' = undefined} (turn:send/2:549)
2025-11-03 12:42:51.541167+00:00 [info] Deleting TURN allocation [UDP, session uup8whper363, user alice, client 127.0.0.1:57609, relay 127.0.0.1:53884] (turn:terminate/3:482)
2025-11-03 12:42:51.541213+00:00 [notice] Relayed 0 KiB (in 0 B / 0 packets, out 0 B / 0 packets), duration: 0 seconds [UDP, session uup8whper363, user alice, client 127.0.0.1:57609, relay 127.0.0.1:53884] (turn:terminate/3:489)
2025-11-03 12:42:51.541266+00:00 [debug] Running 'turn_session_stop' hook [UDP, session uup8whper363, user alice, client 127.0.0.1:57609, relay 127.0.0.1:53884] (turn:run_hook/3:753)
2025-11-03 12:42:51.541295+00:00 [debug] Got 'turn_session_stop' event [UDP, session uup8whper363, user alice, client 127.0.0.1:57609, relay 127.0.0.1:53884] (eturnal_module:handle_event/2:177)
2025-11-03 12:42:51.541339+00:00 [debug] Calling mod_stats_influx:handle_event/2 [UDP, session uup8whper363, user alice, client 127.0.0.1:57609, relay 127.0.0.1:53884] (eturnal_module:handle_event/2:180)
2025-11-03 12:42:51.541377+00:00 [debug] Writing stats of TURN session uup8whper363 to InfluxDB [UDP, session uup8whper363, user alice, client 127.0.0.1:57609, relay 127.0.0.1:53884] (mod_stats_influx:on_turn_session_stop/1:87)
2025-11-03 12:42:51.541369+00:00 [debug] Received:
#stun{class = request,method = 3,magic = 554869826,
      trid = 42566483380565170187067605045,raw = <<>>,unsupported = [],
      'ALTERNATE-SERVER' = undefined,'CHANNEL-NUMBER' = undefined,
      'DATA' = undefined,'DONT-FRAGMENT' = false,'ERROR-CODE' = undefined,
      'LIFETIME' = undefined,'MAPPED-ADDRESS' = undefined,
      'MESSAGE-INTEGRITY' = undefined,'NONCE' = undefined,'REALM' = undefined,
      'REQUESTED-ADDRESS-FAMILY' = undefined,
      'REQUESTED-TRANSPORT' = undefined,'SOFTWARE' = undefined,
      'UNKNOWN-ATTRIBUTES' = [],'USERNAME' = undefined,
      'XOR-MAPPED-ADDRESS' = undefined,'XOR-PEER-ADDRESS' = [],
      'XOR-RELAYED-ADDRESS' = undefined} (stun:udp_recv/5:146)
2025-11-03 12:42:51.541514+00:00 [debug] Sending:
#stun{class = error,method = 3,magic = 554869826,
      trid = 42566483380565170187067605045,raw = <<>>,unsupported = [],
      'ALTERNATE-SERVER' = undefined,'CHANNEL-NUMBER' = undefined,
      'DATA' = undefined,'DONT-FRAGMENT' = false,
      'ERROR-CODE' = {401,<<"Unauthorized">>},
      'LIFETIME' = undefined,'MAPPED-ADDRESS' = undefined,
      'MESSAGE-INTEGRITY' = undefined,'NONCE' = <<"1782655864">>,
      'REALM' = <<"eturnal.net">>,'REQUESTED-ADDRESS-FAMILY' = undefined,
      'REQUESTED-TRANSPORT' = undefined,'SOFTWARE' = <<"eturnal">>,
      'UNKNOWN-ATTRIBUTES' = [],'USERNAME' = undefined,
      'XOR-MAPPED-ADDRESS' = undefined,'XOR-PEER-ADDRESS' = [],
      'XOR-RELAYED-ADDRESS' = undefined} (stun:send/3:498)
2025-11-03 12:42:51.541816+00:00 [debug] Received:
#stun{class = request,method = 3,magic = 554869826,
      trid = 19789056696642228410761633072,
      raw = <<0,3,0,80,33,18,164,66,63,241,31,193,24,207,127,244,119,252,93,48,
              0,25,0,4,17,0,0,0,0,6,0,10,50,49,52,53,57,49,51,50,48,48,0,0,0,
              20,0,11,101,116,117,114,110,97,108,46,110,101,116,0,0,21,0,10,49,
              55,56,50,54,53,53,56,54,52,0,0>>,
      unsupported = [],'ALTERNATE-SERVER' = undefined,
      'CHANNEL-NUMBER' = undefined,'DATA' = undefined,'DONT-FRAGMENT' = false,
      'ERROR-CODE' = undefined,'LIFETIME' = undefined,
      'MAPPED-ADDRESS' = undefined,
      'MESSAGE-INTEGRITY' = <<4,67,108,210,32,203,212,16,164,41,233,0,213,128,
                              197,216,159,221,149,59>>,
      'NONCE' = <<"1782655864">>,'REALM' = <<"eturnal.net">>,
      'REQUESTED-ADDRESS-FAMILY' = undefined,'REQUESTED-TRANSPORT' = udp,
      'SOFTWARE' = undefined,'UNKNOWN-ATTRIBUTES' = [],
      'USERNAME' = <<"2145913200">>,'XOR-MAPPED-ADDRESS' = undefined,
      'XOR-PEER-ADDRESS' = [],'XOR-RELAYED-ADDRESS' = undefined} (stun:udp_recv/5:146)
2025-11-03 12:42:51.541944+00:00 [debug] Deriving password for: 2145913200 [UDP, session ae6fgjcetdcc, user 2145913200, client 127.0.0.1:49455] (eturnal:get_password/2:245)
2025-11-03 12:42:51.542011+00:00 [info] Accepting long-term STUN/TURN authentication [UDP, session ae6fgjcetdcc, user 2145913200, client 127.0.0.1:49455] (stun:process/2:287)
2025-11-03 12:42:51.542098+00:00 [debug] Running 'turn_session_start' hook [UDP, session ae6fgjcetdcc, user 2145913200, client 127.0.0.1:49455] (turn:run_hook/3:753)
2025-11-03 12:42:51.542163+00:00 [debug] Got 'turn_session_start' event [UDP, session ae6fgjcetdcc, user 2145913200, client 127.0.0.1:49455] (eturnal_module:handle_event/2:177)
2025-11-03 12:42:51.542205+00:00 [debug] Calling mod_stats_prometheus:handle_event/2 [UDP, session ae6fgjcetdcc, user 2145913200, client 127.0.0.1:49455] (eturnal_module:handle_event/2:180)
2025-11-03 12:42:51.542266+00:00 [debug] Observing started TURN session ae6fgjcetdcc for Prometheus [UDP, session ae6fgjcetdcc, user 2145913200, client 127.0.0.1:49455] (mod_stats_prometheus:on_turn_session_start/1:174)
2025-11-03 12:42:51.542429+00:00 [notice] Creating TURN allocation (lifetime: 600 seconds) [UDP, session ae6fgjcetdcc, user 2145913200, client 127.0.0.1:49455, relay 127.0.0.1:56410] (turn:wait_for_allocate/2:226)
2025-11-03 12:42:51.542550+00:00 [debug] Sending:
#stun{class = response,method = 3,magic = 554869826,
      trid = 19789056696642228410761633072,raw = <<>>,unsupported = [],
      'ALTERNATE-SERVER' = undefined,'CHANNEL-NUMBER' = undefined,
      'DATA' = undefined,'DONT-FRAGMENT' = false,'ERROR-CODE' = undefined,
      'LIFETIME' = 600,'MAPPED-ADDRESS' = undefined,
      'MESSAGE-INTEGRITY' = undefined,'NONCE' = undefined,'REALM' = undefined,
      'REQUESTED-ADDRESS-FAMILY' = undefined,
      'REQUESTED-TRANSPORT' = undefined,'SOFTWARE' = <<"eturnal">>,
      'UNKNOWN-ATTRIBUTES' = [],'USERNAME' = undefined,
      'XOR-MAPPED-ADDRESS' = {{127,0,0,1},49455},
      'XOR-PEER-ADDRESS' = [],
      'XOR-RELAYED-ADDRESS' = {{127,0,0,1},56410}} (turn:send/2:549)
2025-11-03 12:42:51.542813+00:00 [debug] Received:
#stun{class = request,method = 4,magic = 554869826,
      trid = 65885351813197104013956245772,
      raw = <<0,4,0,80,33,18,164,66,212,227,21,238,138,192,188,217,194,158,105,
              12,0,6,0,10,50,49,52,53,57,49,51,50,48,48,0,0,0,20,0,11,101,116,
              117,114,110,97,108,46,110,101,116,0,0,21,0,10,49,55,56,50,54,53,
              53,56,54,52,0,0,0,13,0,4,0,0,0,0>>,
      unsupported = [],'ALTERNATE-SERVER' = undefined,
      'CHANNEL-NUMBER' = undefined,'DATA' = undefined,'DONT-FRAGMENT' = false,
      'ERROR-CODE' = undefined,'LIFETIME' = 0,'MAPPED-ADDRESS' = undefined,
      'MESSAGE-INTEGRITY' = <<208,38,3,157,93,114,253,155,3,180,116,98,15,255,
                              244,241,3,132,238,5>>,
      'NONCE' = <<"1782655864">>,'REALM' = <<"eturnal.net">>,
      'REQUESTED-ADDRESS-FAMILY' = undefined,
      'REQUESTED-TRANSPORT' = undefined,'SOFTWARE' = undefined,
      'UNKNOWN-ATTRIBUTES' = [],'USERNAME' = <<"2145913200">>,
      'XOR-MAPPED-ADDRESS' = undefined,'XOR-PEER-ADDRESS' = [],
      'XOR-RELAYED-ADDRESS' = undefined} (stun:udp_recv/5:146)
2025-11-03 12:42:51.542923+00:00 [debug] Deriving password for: 2145913200 [UDP, session dqi0k0wmv6ka, user 2145913200, client 127.0.0.1:49455] (eturnal:get_password/2:245)
2025-11-03 12:42:51.542988+00:00 [info] Accepting long-term STUN/TURN authentication [UDP, session dqi0k0wmv6ka, user 2145913200, client 127.0.0.1:49455] (stun:process/2:287)
2025-11-03 12:42:51.543037+00:00 [info] Client requested closing the TURN session [UDP, session ae6fgjcetdcc, user 2145913200, client 127.0.0.1:49455, relay 127.0.0.1:56410] (turn:active/2:285)
2025-11-03 12:42:51.543099+00:00 [debug] Sending:
#stun{class = response,method = 4,magic = 554869826,
      trid = 65885351813197104013956245772,raw = <<>>,unsupported = [],
      'ALTERNATE-SERVER' = undefined,'CHANNEL-NUMBER' = undefined,
      'DATA' = undefined,'DONT-FRAGMENT' = false,'ERROR-CODE' = undefined,
      'LIFETIME' = 0,'MAPPED-ADDRESS' = undefined,
      'MESSAGE-INTEGRITY' = undefined,'NONCE' = undefined,'REALM' = undefined,
      'REQUESTED-ADDRESS-FAMILY' = undefined,
      'REQUESTED-TRANSPORT' = undefined,'SOFTWARE' = <<"eturnal">>,
      'UNKNOWN-ATTRIBUTES' = [],'USERNAME' = undefined,
      'XOR-MAPPED-ADDRESS' = undefined,'XOR-PEER-ADDRESS' = [],
      'XOR-RELAYED-ADDRESS' = undefined} (turn:send/2:549)
2025-11-03 12:42:51.543193+00:00 [info] Deleting TURN allocation [UDP, session ae6fgjcetdcc, user 2145913200, client 127.0.0.1:49455, relay 127.0.0.1:56410] (turn:terminate/3:482)
2025-11-03 12:42:51.543246+00:00 [notice] Relayed 0 KiB (in 0 B / 0 packets, out 0 B / 0 packets), duration: 0 seconds [UDP, session ae6fgjcetdcc, user 2145913200, client 127.0.0.1:49455, relay 127.0.0.1:56410] (turn:terminate/3:489)
2025-11-03 12:42:51.543329+00:00 [debug] Running 'turn_session_stop' hook [UDP, session ae6fgjcetdcc, user 2145913200, client 127.0.0.1:49455, relay 127.0.0.1:56410] (turn:run_hook/3:753)
2025-11-03 12:42:51.543370+00:00 [debug] Got 'turn_session_stop' event [UDP, session ae6fgjcetdcc, user 2145913200, client 127.0.0.1:49455, relay 127.0.0.1:56410] (eturnal_module:handle_event/2:177)
2025-11-03 12:42:51.543476+00:00 [debug] Calling mod_stats_influx:handle_event/2 [UDP, session ae6fgjcetdcc, user 2145913200, client 127.0.0.1:49455, relay 127.0.0.1:56410] (eturnal_module:handle_event/2:180)
2025-11-03 12:42:51.543540+00:00 [debug] Writing stats of TURN session ae6fgjcetdcc to InfluxDB [UDP, session ae6fgjcetdcc, user 2145913200, client 127.0.0.1:49455, relay 127.0.0.1:56410] (mod_stats_influx:on_turn_session_stop/1:87)
2025-11-03 12:42:51.543601+00:00 [debug] Calling mod_stats_prometheus:handle_event/2 [UDP, session uup8whper363, user alice, client 127.0.0.1:57609, relay 127.0.0.1:53884] (eturnal_module:handle_event/2:180)
2025-11-03 12:42:51.543687+00:00 [debug] Observing stopped TURN session uup8whper363 for Prometheus [UDP, session uup8whper363, user alice, client 127.0.0.1:57609, relay 127.0.0.1:53884] (mod_stats_prometheus:on_turn_session_stop/1:187)
2025-11-03 12:42:51.543846+00:00 [debug] Calling mod_stats_prometheus:handle_event/2 [UDP, session ae6fgjcetdcc, user 2145913200, client 127.0.0.1:49455, relay 127.0.0.1:56410] (eturnal_module:handle_event/2:180)
2025-11-03 12:42:51.543900+00:00 [debug] Observing stopped TURN session ae6fgjcetdcc for Prometheus [UDP, session ae6fgjcetdcc, user 2145913200, client 127.0.0.1:49455, relay 127.0.0.1:56410] (mod_stats_prometheus:on_turn_session_stop/1:187)
2025-11-03 12:42:51.566868+00:00 [debug] Received:
#stun{class = request,method = 1,magic = 554869826,
      trid = 14412433039900647457760402312,raw = <<>>,unsupported = [],
      'ALTERNATE-SERVER' = undefined,'CHANNEL-NUMBER' = undefined,
      'DATA' = undefined,'DONT-FRAGMENT' = false,'ERROR-CODE' = undefined,
      'LIFETIME' = undefined,'MAPPED-ADDRESS' = undefined,
      'MESSAGE-INTEGRITY' = undefined,'NONCE' = undefined,'REALM' = undefined,
      'REQUESTED-ADDRESS-FAMILY' = undefined,
      'REQUESTED-TRANSPORT' = undefined,'SOFTWARE' = undefined,
      'UNKNOWN-ATTRIBUTES' = [],'USERNAME' = undefined,
      'XOR-MAPPED-ADDRESS' = undefined,'XOR-PEER-ADDRESS' = [],
      'XOR-RELAYED-ADDRESS' = undefined} (stun:udp_recv/5:146)
2025-11-03 12:42:51.566952+00:00 [debug] Responding to STUN request [UDP, session 5d0dkhc2l0jk, anonymous, client 127.0.0.1:50093] (stun:process/4:355)
2025-11-03 12:42:51.566996+00:00 [debug] Running 'stun_query' hook [UDP, session 5d0dkhc2l0jk, anonymous, client 127.0.0.1:50093] (stun:run_hook/3:742)
2025-11-03 12:42:51.567029+00:00 [debug] Got 'stun_query' event [UDP, session 5d0dkhc2l0jk, anonymous, client 127.0.0.1:50093] (eturnal_module:handle_event/2:177)
2025-11-03 12:42:51.567075+00:00 [debug] Calling mod_log_stun:handle_event/2 [UDP, session 5d0dkhc2l0jk, anonymous, client 127.0.0.1:50093] (eturnal_module:handle_event/2:180)
2025-11-03 12:42:51.567115+00:00 [info] Responding to STUN request [UDP, session 5d0dkhc2l0jk, anonymous, client 127.0.0.1:50093] (mod_log_stun:handle_event/2:44)
2025-11-03 12:42:51.567148+00:00 [debug] Calling mod_stats_influx:handle_event/2 [UDP, session 5d0dkhc2l0jk, anonymous, client 127.0.0.1:50093] (eturnal_module:handle_event/2:180)
2025-11-03 12:42:51.567180+00:00 [debug] Writing STUN query event to InfluxDB [UDP, session 5d0dkhc2l0jk, anonymous, client 127.0.0.1:50093] (mod_stats_influx:on_stun_query/1:76)
2025-11-03 12:42:51.567278+00:00 [debug] Calling mod_stats_prometheus:handle_event/2 [UDP, session 5d0dkhc2l0jk, anonymous, client 127.0.0.1:50093] (eturnal_module:handle_event/2:180)
2025-11-03 12:42:51.567330+00:00 [debug] Observing STUN query for Prometheus [UDP, session 5d0dkhc2l0jk, anonymous, client 127.0.0.1:50093] (mod_stats_prometheus:on_stun_query/1:166)
2025-11-03 12:42:51.567400+00:00 [debug] Sending:
#stun{class = response,method = 1,magic = 554869826,
      trid = 14412433039900647457760402312,raw = <<>>,unsupported = [],
      'ALTERNATE-SERVER' = undefined,'CHANNEL-NUMBER' = undefined,
      'DATA' = undefined,'DONT-FRAGMENT' = false,'ERROR-CODE' = undefined,
      'LIFETIME' = undefined,'MAPPED-ADDRESS' = undefined,
      'MESSAGE-INTEGRITY' = undefined,'NONCE' = undefined,'REALM' = undefined,
      'REQUESTED-ADDRESS-FAMILY' = undefined,
      'REQUESTED-TRANSPORT' = undefined,'SOFTWARE' = <<"eturnal">>,
      'UNKNOWN-ATTRIBUTES' = [],'USERNAME' = undefined,
      'XOR-MAPPED-ADDRESS' = {{127,0,0,1},50093},
      'XOR-PEER-ADDRESS' = [],'XOR-RELAYED-ADDRESS' = undefined} (stun:send/3:498)
2025-11-03 12:42:51.590778+00:00 [info] Accepting connection: 127.0.0.1:55888 -> 127.0.0.1:34780 [TCP, session mj3w09vsz3vc] (stun_acceptor:accept/3:158)
2025-11-03 12:42:51.590990+00:00 [debug] Received:
#stun{class = request,method = 1,magic = 554869826,
      trid = 22962864805869215381946148077,raw = <<>>,unsupported = [],
      'ALTERNATE-SERVER' = undefined,'CHANNEL-NUMBER' = undefined,
      'DATA' = undefined,'DONT-FRAGMENT' = false,'ERROR-CODE' = undefined,
      'LIFETIME' = undefined,'MAPPED-ADDRESS' = undefined,
      'MESSAGE-INTEGRITY' = undefined,'NONCE' = undefined,'REALM' = undefined,
      'REQUESTED-ADDRESS-FAMILY' = undefined,
      'REQUESTED-TRANSPORT' = undefined,'SOFTWARE' = undefined,
      'UNKNOWN-ATTRIBUTES' = [],'USERNAME' = undefined,
      'XOR-MAPPED-ADDRESS' = undefined,'XOR-PEER-ADDRESS' = [],
      'XOR-RELAYED-ADDRESS' = undefined} (stun:process_data/3:455)
2025-11-03 12:42:51.591086+00:00 [debug] Responding to STUN request [TCP, session mj3w09vsz3vc, anonymous, client 127.0.0.1:55888] (stun:process/4:355)
2025-11-03 12:42:51.591129+00:00 [debug] Running 'stun_query' hook [TCP, session mj3w09vsz3vc, anonymous, client 127.0.0.1:55888] (stun:run_hook/3:742)
2025-11-03 12:42:51.591167+00:00 [debug] Got 'stun_query' event [TCP, session mj3w09vsz3vc, anonymous, client 127.0.0.1:55888] (eturnal_module:handle_event/2:177)
2025-11-03 12:42:51.591192+00:00 [debug] Calling mod_log_stun:handle_event/2 [TCP, session mj3w09vsz3vc, anonymous, client 127.0.0.1:55888] (eturnal_module:handle_event/2:180)
2025-11-03 12:42:51.591216+00:00 [info] Responding to STUN request [TCP, session mj3w09vsz3vc, anonymous, client 127.0.0.1:55888] (mod_log_stun:handle_event/2:44)
2025-11-03 12:42:51.591236+00:00 [debug] Calling mod_stats_influx:handle_event/2 [TCP, session mj3w09vsz3vc, anonymous, client 127.0.0.1:55888] (eturnal_module:handle_event/2:180)
2025-11-03 12:42:51.591279+00:00 [debug] Writing STUN query event to InfluxDB [TCP, session mj3w09vsz3vc, anonymous, client 127.0.0.1:55888] (mod_stats_influx:on_stun_query/1:76)
2025-11-03 12:42:51.591405+00:00 [debug] Calling mod_stats_prometheus:handle_event/2 [TCP, session mj3w09vsz3vc, anonymous, client 127.0.0.1:55888] (eturnal_module:handle_event/2:180)
2025-11-03 12:42:51.591483+00:00 [debug] Observing STUN query for Prometheus [TCP, session mj3w09vsz3vc, anonymous, client 127.0.0.1:55888] (mod_stats_prometheus:on_stun_query/1:166)
2025-11-03 12:42:51.591568+00:00 [debug] Sending:
#stun{class = response,method = 1,magic = 554869826,
      trid = 22962864805869215381946148077,raw = <<>>,unsupported = [],
      'ALTERNATE-SERVER' = undefined,'CHANNEL-NUMBER' = undefined,
      'DATA' = undefined,'DONT-FRAGMENT' = false,'ERROR-CODE' = undefined,
      'LIFETIME' = undefined,'MAPPED-ADDRESS' = undefined,
      'MESSAGE-INTEGRITY' = undefined,'NONCE' = undefined,'REALM' = undefined,
      'REQUESTED-ADDRESS-FAMILY' = undefined,
      'REQUESTED-TRANSPORT' = undefined,'SOFTWARE' = <<"eturnal">>,
      'UNKNOWN-ATTRIBUTES' = [],'USERNAME' = undefined,
      'XOR-MAPPED-ADDRESS' = {{127,0,0,1},55888},
      'XOR-PEER-ADDRESS' = [],'XOR-RELAYED-ADDRESS' = undefined} (stun:send/3:498)
2025-11-03 12:42:51.592609+00:00 [info] Connection reset by peer [TCP, session mj3w09vsz3vc, anonymous, client 127.0.0.1:55888] (stun:handle_info/3:206)
2025-11-03 12:42:51.614772+00:00 [info] Accepting connection: 127.0.0.1:60062 -> 127.0.0.1:53490 [TLS, session 2mgw4zdmgtgu] (stun_acceptor:accept/3:158)
2025-11-03 12:42:52.623888+00:00 [debug] Received:
#stun{class = request,method = 1,magic = 554869826,
      trid = 11055680933569500908102989988,raw = <<>>,unsupported = [],
      'ALTERNATE-SERVER' = undefined,'CHANNEL-NUMBER' = undefined,
      'DATA' = undefined,'DONT-FRAGMENT' = false,'ERROR-CODE' = undefined,
      'LIFETIME' = undefined,'MAPPED-ADDRESS' = undefined,
      'MESSAGE-INTEGRITY' = undefined,'NONCE' = undefined,'REALM' = undefined,
      'REQUESTED-ADDRESS-FAMILY' = undefined,
      'REQUESTED-TRANSPORT' = undefined,'SOFTWARE' = undefined,
      'UNKNOWN-ATTRIBUTES' = [],'USERNAME' = undefined,
      'XOR-MAPPED-ADDRESS' = undefined,'XOR-PEER-ADDRESS' = [],
      'XOR-RELAYED-ADDRESS' = undefined} (stun:process_data/3:455)
2025-11-03 12:42:52.624057+00:00 [debug] Responding to STUN request [TLS, session 2mgw4zdmgtgu, anonymous, client 127.0.0.1:60062] (stun:process/4:355)
2025-11-03 12:42:52.624159+00:00 [debug] Running 'stun_query' hook [TLS, session 2mgw4zdmgtgu, anonymous, client 127.0.0.1:60062] (stun:run_hook/3:742)
2025-11-03 12:42:52.624275+00:00 [debug] Got 'stun_query' event [TLS, session 2mgw4zdmgtgu, anonymous, client 127.0.0.1:60062] (eturnal_module:handle_event/2:177)
2025-11-03 12:42:52.624343+00:00 [debug] Calling mod_log_stun:handle_event/2 [TLS, session 2mgw4zdmgtgu, anonymous, client 127.0.0.1:60062] (eturnal_module:handle_event/2:180)
2025-11-03 12:42:52.624391+00:00 [info] Responding to STUN request [TLS, session 2mgw4zdmgtgu, anonymous, client 127.0.0.1:60062] (mod_log_stun:handle_event/2:44)
2025-11-03 12:42:52.624428+00:00 [debug] Calling mod_stats_influx:handle_event/2 [TLS, session 2mgw4zdmgtgu, anonymous, client 127.0.0.1:60062] (eturnal_module:handle_event/2:180)
2025-11-03 12:42:52.624503+00:00 [debug] Writing STUN query event to InfluxDB [TLS, session 2mgw4zdmgtgu, anonymous, client 127.0.0.1:60062] (mod_stats_influx:on_stun_query/1:76)
2025-11-03 12:42:52.624673+00:00 [debug] Calling mod_stats_prometheus:handle_event/2 [TLS, session 2mgw4zdmgtgu, anonymous, client 127.0.0.1:60062] (eturnal_module:handle_event/2:180)
2025-11-03 12:42:52.624703+00:00 [debug] Observing STUN query for Prometheus [TLS, session 2mgw4zdmgtgu, anonymous, client 127.0.0.1:60062] (mod_stats_prometheus:on_stun_query/1:166)
2025-11-03 12:42:52.624794+00:00 [debug] Sending:
#stun{class = response,method = 1,magic = 554869826,
      trid = 11055680933569500908102989988,raw = <<>>,unsupported = [],
      'ALTERNATE-SERVER' = undefined,'CHANNEL-NUMBER' = undefined,
      'DATA' = undefined,'DONT-FRAGMENT' = false,'ERROR-CODE' = undefined,
      'LIFETIME' = undefined,'MAPPED-ADDRESS' = undefined,
      'MESSAGE-INTEGRITY' = undefined,'NONCE' = undefined,'REALM' = undefined,
      'REQUESTED-ADDRESS-FAMILY' = undefined,
      'REQUESTED-TRANSPORT' = undefined,'SOFTWARE' = <<"eturnal">>,
      'UNKNOWN-ATTRIBUTES' = [],'USERNAME' = undefined,
      'XOR-MAPPED-ADDRESS' = {{127,0,0,1},60062},
      'XOR-PEER-ADDRESS' = [],'XOR-RELAYED-ADDRESS' = undefined} (stun:send/3:498)
2025-11-03 12:42:52.625174+00:00 [info] Connection reset by peer [TLS, session 2mgw4zdmgtgu, anonymous, client 127.0.0.1:60062] (stun:handle_info/3:206)
2025-11-03 12:42:52.649080+00:00 [info] Accepting connection: 127.0.0.1:59024 -> 127.0.0.1:34781 [TCP|TLS, session 1s3v9kmdeqr7] (stun_acceptor:accept/3:158)
2025-11-03 12:42:52.649194+00:00 [debug] Determined transport protocol: TCP (stun:is_tls_handshake/1:688)
2025-11-03 12:42:52.649412+00:00 [debug] Received:
#stun{class = request,method = 1,magic = 554869826,
      trid = 78111012050471436288282296076,raw = <<>>,unsupported = [],
      'ALTERNATE-SERVER' = undefined,'CHANNEL-NUMBER' = undefined,
      'DATA' = undefined,'DONT-FRAGMENT' = false,'ERROR-CODE' = undefined,
      'LIFETIME' = undefined,'MAPPED-ADDRESS' = undefined,
      'MESSAGE-INTEGRITY' = undefined,'NONCE' = undefined,'REALM' = undefined,
      'REQUESTED-ADDRESS-FAMILY' = undefined,
      'REQUESTED-TRANSPORT' = undefined,'SOFTWARE' = undefined,
      'UNKNOWN-ATTRIBUTES' = [],'USERNAME' = undefined,
      'XOR-MAPPED-ADDRESS' = undefined,'XOR-PEER-ADDRESS' = [],
      'XOR-RELAYED-ADDRESS' = undefined} (stun:process_data/3:455)
2025-11-03 12:42:52.649523+00:00 [debug] Responding to STUN request [TCP, session 1s3v9kmdeqr7, anonymous, client 127.0.0.1:59024] (stun:process/4:355)
2025-11-03 12:42:52.649560+00:00 [debug] Running 'stun_query' hook [TCP, session 1s3v9kmdeqr7, anonymous, client 127.0.0.1:59024] (stun:run_hook/3:742)
2025-11-03 12:42:52.649612+00:00 [debug] Got 'stun_query' event [TCP, session 1s3v9kmdeqr7, anonymous, client 127.0.0.1:59024] (eturnal_module:handle_event/2:177)
2025-11-03 12:42:52.649645+00:00 [debug] Calling mod_log_stun:handle_event/2 [TCP, session 1s3v9kmdeqr7, anonymous, client 127.0.0.1:59024] (eturnal_module:handle_event/2:180)
2025-11-03 12:42:52.649676+00:00 [info] Responding to STUN request [TCP, session 1s3v9kmdeqr7, anonymous, client 127.0.0.1:59024] (mod_log_stun:handle_event/2:44)
2025-11-03 12:42:52.649704+00:00 [debug] Calling mod_stats_influx:handle_event/2 [TCP, session 1s3v9kmdeqr7, anonymous, client 127.0.0.1:59024] (eturnal_module:handle_event/2:180)
2025-11-03 12:42:52.649771+00:00 [debug] Writing STUN query event to InfluxDB [TCP, session 1s3v9kmdeqr7, anonymous, client 127.0.0.1:59024] (mod_stats_influx:on_stun_query/1:76)
2025-11-03 12:42:52.649890+00:00 [debug] Calling mod_stats_prometheus:handle_event/2 [TCP, session 1s3v9kmdeqr7, anonymous, client 127.0.0.1:59024] (eturnal_module:handle_event/2:180)
2025-11-03 12:42:52.649933+00:00 [debug] Observing STUN query for Prometheus [TCP, session 1s3v9kmdeqr7, anonymous, client 127.0.0.1:59024] (mod_stats_prometheus:on_stun_query/1:166)
2025-11-03 12:42:52.649990+00:00 [debug] Sending:
#stun{class = response,method = 1,magic = 554869826,
      trid = 78111012050471436288282296076,raw = <<>>,unsupported = [],
      'ALTERNATE-SERVER' = undefined,'CHANNEL-NUMBER' = undefined,
      'DATA' = undefined,'DONT-FRAGMENT' = false,'ERROR-CODE' = undefined,
      'LIFETIME' = undefined,'MAPPED-ADDRESS' = undefined,
      'MESSAGE-INTEGRITY' = undefined,'NONCE' = undefined,'REALM' = undefined,
      'REQUESTED-ADDRESS-FAMILY' = undefined,
      'REQUESTED-TRANSPORT' = undefined,'SOFTWARE' = <<"eturnal">>,
      'UNKNOWN-ATTRIBUTES' = [],'USERNAME' = undefined,
      'XOR-MAPPED-ADDRESS' = {{127,0,0,1},59024},
      'XOR-PEER-ADDRESS' = [],'XOR-RELAYED-ADDRESS' = undefined} (stun:send/3:498)
2025-11-03 12:42:52.650818+00:00 [info] Connection reset by peer [TCP, session 1s3v9kmdeqr7, anonymous, client 127.0.0.1:59024] (stun:handle_info/3:206)
2025-11-03 12:42:52.673888+00:00 [info] Accepting connection: 127.0.0.1:59034 -> 127.0.0.1:34781 [TCP|TLS, session 0b3sxvn38t9e] (stun_acceptor:accept/3:158)
2025-11-03 12:42:52.674112+00:00 [debug] Determined transport protocol: TLS (stun:is_tls_handshake/1:685)
2025-11-03 12:42:53.682844+00:00 [debug] Received:
#stun{class = request,method = 1,magic = 554869826,
      trid = 7306938589740000655445082509,raw = <<>>,unsupported = [],
      'ALTERNATE-SERVER' = undefined,'CHANNEL-NUMBER' = undefined,
      'DATA' = undefined,'DONT-FRAGMENT' = false,'ERROR-CODE' = undefined,
      'LIFETIME' = undefined,'MAPPED-ADDRESS' = undefined,
      'MESSAGE-INTEGRITY' = undefined,'NONCE' = undefined,'REALM' = undefined,
      'REQUESTED-ADDRESS-FAMILY' = undefined,
      'REQUESTED-TRANSPORT' = undefined,'SOFTWARE' = undefined,
      'UNKNOWN-ATTRIBUTES' = [],'USERNAME' = undefined,
      'XOR-MAPPED-ADDRESS' = undefined,'XOR-PEER-ADDRESS' = [],
      'XOR-RELAYED-ADDRESS' = undefined} (stun:process_data/3:455)
2025-11-03 12:42:53.682971+00:00 [debug] Responding to STUN request [TLS, session 0b3sxvn38t9e, anonymous, client 127.0.0.1:59034] (stun:process/4:355)
2025-11-03 12:42:53.683013+00:00 [debug] Running 'stun_query' hook [TLS, session 0b3sxvn38t9e, anonymous, client 127.0.0.1:59034] (stun:run_hook/3:742)
2025-11-03 12:42:53.683074+00:00 [debug] Got 'stun_query' event [TLS, session 0b3sxvn38t9e, anonymous, client 127.0.0.1:59034] (eturnal_module:handle_event/2:177)
2025-11-03 12:42:53.683123+00:00 [debug] Calling mod_log_stun:handle_event/2 [TLS, session 0b3sxvn38t9e, anonymous, client 127.0.0.1:59034] (eturnal_module:handle_event/2:180)
2025-11-03 12:42:53.683164+00:00 [info] Responding to STUN request [TLS, session 0b3sxvn38t9e, anonymous, client 127.0.0.1:59034] (mod_log_stun:handle_event/2:44)
2025-11-03 12:42:53.683216+00:00 [debug] Calling mod_stats_influx:handle_event/2 [TLS, session 0b3sxvn38t9e, anonymous, client 127.0.0.1:59034] (eturnal_module:handle_event/2:180)
2025-11-03 12:42:53.683273+00:00 [debug] Writing STUN query event to InfluxDB [TLS, session 0b3sxvn38t9e, anonymous, client 127.0.0.1:59034] (mod_stats_influx:on_stun_query/1:76)
2025-11-03 12:42:53.683528+00:00 [debug] Calling mod_stats_prometheus:handle_event/2 [TLS, session 0b3sxvn38t9e, anonymous, client 127.0.0.1:59034] (eturnal_module:handle_event/2:180)
2025-11-03 12:42:53.683586+00:00 [debug] Observing STUN query for Prometheus [TLS, session 0b3sxvn38t9e, anonymous, client 127.0.0.1:59034] (mod_stats_prometheus:on_stun_query/1:166)
2025-11-03 12:42:53.683685+00:00 [debug] Sending:
#stun{class = response,method = 1,magic = 554869826,
      trid = 7306938589740000655445082509,raw = <<>>,unsupported = [],
      'ALTERNATE-SERVER' = undefined,'CHANNEL-NUMBER' = undefined,
      'DATA' = undefined,'DONT-FRAGMENT' = false,'ERROR-CODE' = undefined,
      'LIFETIME' = undefined,'MAPPED-ADDRESS' = undefined,
      'MESSAGE-INTEGRITY' = undefined,'NONCE' = undefined,'REALM' = undefined,
      'REQUESTED-ADDRESS-FAMILY' = undefined,
      'REQUESTED-TRANSPORT' = undefined,'SOFTWARE' = <<"eturnal">>,
      'UNKNOWN-ATTRIBUTES' = [],'USERNAME' = undefined,
      'XOR-MAPPED-ADDRESS' = {{127,0,0,1},59034},
      'XOR-PEER-ADDRESS' = [],'XOR-RELAYED-ADDRESS' = undefined} (stun:send/3:498)
2025-11-03 12:42:53.684244+00:00 [info] Connection reset by peer [TLS, session 0b3sxvn38t9e, anonymous, client 127.0.0.1:59034] (stun:handle_info/3:206)
2025-11-03 12:42:53.707722+00:00 [debug] No NOTIFY_SOCKET, dropping STOPPING=1 notification (eturnal_systemd:handle_cast/2:99)
2025-11-03 12:42:53.707745+00:00 [debug] Terminating eturnal (shutdown) (eturnal:terminate/2:186)
2025-11-03 12:42:53.707915+00:00 [info] Stopped listening on 127.0.0.1:34780 (udp) (eturnal:stop_listeners/1:443)
2025-11-03 12:42:53.708067+00:00 [info] Stopped listening on 127.0.0.1:34780 (tcp) (eturnal:stop_listeners/1:443)
2025-11-03 12:42:53.708207+00:00 [info] Stopped listening on 127.0.0.1:53490 (tls) (eturnal:stop_listeners/1:443)
2025-11-03 12:42:53.708381+00:00 [info] Stopped listening on 127.0.0.1:34781 (auto) (eturnal:stop_listeners/1:443)
2025-11-03 12:42:53.708625+00:00 [debug] Calling mod_log_stun:stop/1 (eturnal_module:stop/1:163)
2025-11-03 12:42:53.708711+00:00 [debug] Stopping mod_log_stun (mod_log_stun:stop/0:49)
2025-11-03 12:42:53.708835+00:00 [info] Stopped mod_log_stun (eturnal:stop_modules/1:398)
2025-11-03 12:42:53.709317+00:00 [debug] Calling mod_stats_influx:stop/1 (eturnal_module:stop/1:163)
2025-11-03 12:42:53.709484+00:00 [debug] Stopping mod_stats_influx (mod_stats_influx:stop/0:61)
2025-11-03 12:42:53.709575+00:00 [info] Stopped mod_stats_influx (eturnal:stop_modules/1:398)
2025-11-03 12:42:53.711741+00:00 [debug] Calling mod_stats_prometheus:stop/1 (eturnal_module:stop/1:163)
2025-11-03 12:42:53.711853+00:00 [debug] Stopping mod_stats_prometheus (mod_stats_prometheus:stop/0:110)
2025-11-03 12:42:53.712095+00:00 [info] Stopped mod_stats_prometheus (eturnal:stop_modules/1:398)
2025-11-03 12:42:53.712298+00:00 [debug] Removed run/cert.pem (eturnal:clean_run_dir/0:873)
2025-11-03 12:42:53.712427+00:00 [debug] Terminating eturnal_systemd (shutdown) (eturnal_systemd:terminate/2:125)
2025-11-03 12:42:53.712625+00:00 [notice] Stopping eturnal 1.12.2 on Erlang/OTP 28 (ERTS 16.1) (eturnal_app:stop/1:53)
