2023-01-30 09:56:47.175287+00:00 [notice] Starting eturnal 1.10.1 on Erlang/OTP 25 (ERTS 13.1.3) (eturnal_app:start/2:34)
2023-01-30 09:56:47.175685+00:00 [debug] Starting supervisor: eturnal_sup (eturnal_sup:start_link/0:31)
2023-01-30 09:56:47.175908+00:00 [debug] Configuring eturnal_sup supervisor: [#{id => systemd,
                                       start =>
                                           {eturnal_systemd,start_link,[]}},
                                     #{id => eturnal,
                                       start => {eturnal,start_link,[]}}] (eturnal_sup:init/0:39)
2023-01-30 09:56:47.177538+00:00 [info] Got no NOTIFY_SOCKET, notifications disabled (eturnal_systemd:init/1:94)
2023-01-30 09:56:47.177725+00:00 [debug] PROGRESS REPORT:
    supervisor: {local,eturnal_sup}
    started: [{pid,<0.1198.0>},
              {id,systemd},
              {mfargs,{eturnal_systemd,start_link,[]}},
              {restart_type,permanent},
              {significant,false},
              {shutdown,5000},
              {child_type,worker}]
 (supervisor:report_progress/2:1557)
2023-01-30 09:56:47.177839+00:00 [info] Relay IPv4 address: 127.0.0.1 (port range: 49152-65535) (eturnal:log_relay_addresses/0:319)
2023-01-30 09:56:47.177987+00:00 [info] Relay IPv6 address not configured (eturnal:log_relay_addresses/0:329)
2023-01-30 09:56:47.192928+00:00 [info] Cannot determine control query port: noport (eturnal:log_control_listener/0:344)
2023-01-30 09:56:47.193399+00:00 [debug] Using run directory run (eturnal:ensure_run_dir/0:792)
2023-01-30 09:56:47.193540+00:00 [debug] TURN configuration seems fine (eturnal:check_turn_config/0:540)
2023-01-30 09:56:47.193753+00:00 [warning] TLS enabled without 'tls_crt_file', creating self-signed certificate (eturnal:check_pem_file/0:738)
2023-01-30 09:56:48.047534+00:00 [debug] Calling mod_log_stun:start/0 (eturnal_module:start/1:143)
2023-01-30 09:56:48.047852+00:00 [debug] Starting mod_log_stun (mod_log_stun:start/0:38)
2023-01-30 09:56:48.048030+00:00 [info] Started mod_log_stun (eturnal:start_modules/0:355)
2023-01-30 09:56:48.048173+00:00 [debug] Calling mod_stats_influx:start/0 (eturnal_module:start/1:143)
2023-01-30 09:56:48.048278+00:00 [debug] Starting mod_stats_influx (mod_stats_influx:start/0:37)
2023-01-30 09:56:48.051733+00:00 [debug] PROGRESS REPORT:
    application: ulitos
    started_at: nonode@nohost
 (application_controller:info_started/2:2107)
2023-01-30 09:56:48.053735+00:00 [debug] PROGRESS REPORT:
    application: poolboy
    started_at: nonode@nohost
 (application_controller:info_started/2:2107)
2023-01-30 09:56:48.055431+00:00 [info]     msg: Starting application: influx_udp (influx_udp_app:start/2:10)
2023-01-30 09:56:48.058943+00:00 [debug] PROGRESS REPORT:
    supervisor: {local,influx_udp_sup}
    started: [{pid,<0.1220.0>},
              {id,influx_udp},
              {mfargs,{influx_udp,start_link,[]}},
              {restart_type,permanent},
              {significant,false},
              {shutdown,5000},
              {child_type,worker}]
 (supervisor:report_progress/2:1557)
2023-01-30 09:56:48.059145+00:00 [debug] PROGRESS REPORT:
    application: influx_udp
    started_at: nonode@nohost
 (application_controller:info_started/2:2107)
2023-01-30 09:56:48.059217+00:00 [debug] Dependency influx_udp was available already (eturnal_module:ensure_dep/2:284)
2023-01-30 09:56:48.063172+00:00 [info]     host: {127,0,0,1}
    msg: Start clients pool
    options: #{host => "localhost",max_overflow => 1,pool_size => 1,
               port => 8089} (influx_udp:start_pool_/2:239)
2023-01-30 09:56:48.082903+00:00 [info]     msg: Open UDP socket on port
    port: 44691 (influx_udp_worker:init/1:43)
2023-01-30 09:56:48.083259+00:00 [debug] PROGRESS REPORT:
    supervisor: {local,influx_udp_sup}
    started: [{pid,<0.1223.0>},
              {id,stats_influx_pool},
              {mfargs,
                  {poolboy,start_link,
                      [[{name,{local,stats_influx_pool}},
                        {worker_module,influx_udp_worker},
                        {size,1},
                        {max_overflow,1}],
                       [{options,
                            #{host => {127,0,0,1},
                              max_overflow => 1,pool_size => 1,
                              port => 8089}}]]}},
              {restart_type,permanent},
              {significant,false},
              {shutdown,5000},
              {child_type,worker}]
 (supervisor:report_progress/2:1557)
2023-01-30 09:56:48.083493+00:00 [info] Started mod_stats_influx (eturnal:start_modules/0:355)
2023-01-30 09:56:48.084149+00:00 [debug] Calling mod_stats_prometheus:start/0 (eturnal_module:start/1:143)
2023-01-30 09:56:48.084453+00:00 [debug] Starting mod_stats_prometheus (mod_stats_prometheus:start/0:56)
2023-01-30 09:56:49.695950+00:00 [debug] PROGRESS REPORT:
    application: prometheus
    started_at: nonode@nohost
 (application_controller:info_started/2:2107)
2023-01-30 09:56:49.697249+00:00 [debug] PROGRESS REPORT:
    application: accept
    started_at: nonode@nohost
 (application_controller:info_started/2:2107)
2023-01-30 09:56:49.697517+00:00 [debug] PROGRESS REPORT:
    application: prometheus_httpd
    started_at: nonode@nohost
 (application_controller:info_started/2:2107)
2023-01-30 09:56:49.697588+00:00 [debug] Dependency prometheus_httpd was available already (eturnal_module:ensure_dep/2:284)
2023-01-30 09:56:49.698726+00:00 [debug] PROGRESS REPORT:
    supervisor: {local,httpd_instance_sup__127_0_0_1__9081default}
    started: [{pid,<0.1245.0>},
              {id,{httpd_connection_sup,{127,0,0,1},9081,default}},
              {mfargs,{httpd_connection_sup,start_link,[[{127,0,0,1},9081]]}},
              {restart_type,permanent},
              {significant,false},
              {shutdown,5000},
              {child_type,supervisor}]
 (supervisor:report_progress/2:1557)
2023-01-30 09:56:49.699058+00:00 [debug] PROGRESS REPORT:
    supervisor: {local,httpd_acceptor_sup__127_0_0_1__9081default}
    started: [{pid,<0.1247.0>},
              {id,{httpd_acceptor_sup,{127,0,0,1},9081,default}},
              {mfargs,{httpd_acceptor,start_link,
                                      [httpd__127_0_0_1__9081default,ip_comm,
                                       {127,0,0,1},
                                       9081,inet,
                                       httpd_conf__127_0_0_1__9081default,
                                       15000]}},
              {restart_type,transient},
              {significant,false},
              {shutdown,brutal_kill},
              {child_type,worker}]
 (supervisor:report_progress/2:1557)
2023-01-30 09:56:49.699185+00:00 [debug] PROGRESS REPORT:
    supervisor: {local,httpd_instance_sup__127_0_0_1__9081default}
    started: [{pid,<0.1246.0>},
              {id,{httpd_acceptor_sup,{127,0,0,1},9081,default}},
              {mfargs,
                  {httpd_acceptor_sup,start_link,
                      [[{127,0,0,1},
                        9081,
                        [{bind_address,{127,0,0,1}},
                         {socket_type,ip_comm},
                         {port,9081},
                         {server_root,"run/mod_stats_prometheus/doc"},
                         {document_root,"run/mod_stats_prometheus/doc"},
                         {server_name,"Prometheus Exporter"},
                         {modules,[prometheus_httpd]}],
                        15000,undefined]]}},
              {restart_type,permanent},
              {significant,false},
              {shutdown,infinity},
              {child_type,supervisor}]
 (supervisor:report_progress/2:1557)
2023-01-30 09:56:49.699325+00:00 [debug] PROGRESS REPORT:
    supervisor: {local,httpd_instance_sup__127_0_0_1__9081default}
    started: [{pid,<0.1248.0>},
              {id,{httpd_misc_sup,{127,0,0,1},9081,default}},
              {mfargs,{httpd_misc_sup,start_link,[{127,0,0,1},9081,default]}},
              {restart_type,permanent},
              {significant,false},
              {shutdown,infinity},
              {child_type,supervisor}]
 (supervisor:report_progress/2:1557)
2023-01-30 09:56:49.699708+00:00 [debug] PROGRESS REPORT:
    supervisor: {local,httpd_instance_sup__127_0_0_1__9081default}
    started: [{pid,<0.1249.0>},
              {id,{httpd_manager,{127,0,0,1},9081,default}},
              {mfargs,
                  {httpd_manager,start_link,
                      [undefined,
                       [{bind_address,{127,0,0,1}},
                        {socket_type,ip_comm},
                        {port,9081},
                        {server_root,"run/mod_stats_prometheus/doc"},
                        {document_root,"run/mod_stats_prometheus/doc"},
                        {server_name,"Prometheus Exporter"},
                        {modules,[prometheus_httpd]}],
                       15000]}},
              {restart_type,permanent},
              {significant,false},
              {shutdown,4000},
              {child_type,worker}]
 (supervisor:report_progress/2:1557)
2023-01-30 09:56:49.699844+00:00 [debug] PROGRESS REPORT:
    supervisor: {local,httpd_sup}
    started: [{pid,<0.1244.0>},
              {id,{httpd_instance_sup,{127,0,0,1},9081,default}},
              {mfargs,
                  {httpd_instance_sup,start_link,
                      [[{bind_address,{127,0,0,1}},
                        {socket_type,ip_comm},
                        {port,9081},
                        {server_root,"run/mod_stats_prometheus/doc"},
                        {document_root,"run/mod_stats_prometheus/doc"},
                        {server_name,"Prometheus Exporter"},
                        {modules,[prometheus_httpd]}],
                       15000,[]]}},
              {restart_type,permanent},
              {significant,false},
              {shutdown,infinity},
              {child_type,supervisor}]
 (supervisor:report_progress/2:1557)
2023-01-30 09:56:49.702205+00:00 [info] Started mod_stats_prometheus (eturnal:start_modules/0:355)
2023-01-30 09:56:49.702379+00:00 [debug] Starting listener 127.0.0.1:34780 (udp) with options:
[{use_turn,true},
 {auth_type,user},
 {turn_ipv4_address,{127,0,0,1}},
 {turn_min_port,49152},
 {turn_max_port,65535},
 {turn_max_allocations,10},
 {turn_max_permissions,10},
 {shaper,100000},
 {turn_blacklist,[{{10,0,0,0},8},
                  {{100,64,0,0},10},
                  {{127,0,0,0},8},
                  {{169,254,0,0},16},
                  {{172,16,0,0},12},
                  {{192,0,0,0},24},
                  {{192,0,2,0},24},
                  {{192,88,99,0},24},
                  {{192,168,0,0},16},
                  {{198,18,0,0},15},
                  {{198,51,100,0},24},
                  {{203,0,113,0},24},
                  {{224,0,0,0},4},
                  {{240,0,0,0},4},
                  {{0,0,0,0,0,0,0,1},128},
                  {{0,0,0,0,0,65535,0,0},96},
                  {{100,65435,0,0,0,0,0,0},96},
                  {{256,0,0,0,0,0,0,0},64},
                  {{8193,3512,0,0,0,0,0,0},32},
                  {{64512,0,0,0,0,0,0,0},7},
                  {{65152,0,0,0,0,0,0,0},10},
                  {{65280,0,0,0,0,0,0,0},8}]},
 {turn_whitelist,[{{127,0,0,1},32},
                  {{203,0,113,113},32},
                  {{8193,3512,0,0,0,0,0,0},64}]},
 {auth_realm,<<"eturnal.net">>},
 {server_name,<<"eturnal">>},
 {auth_fun,fun eturnal:get_password/2},
 {hook_fun,fun eturnal:run_hook/2}] (eturnal:start_listeners/0:388)
2023-01-30 09:56:49.703747+00:00 [info] Listening on 127.0.0.1:34780 (udp) (STUN/TURN) (eturnal:start_listeners/0:395)
2023-01-30 09:56:49.703893+00:00 [debug] Starting listener 127.0.0.1:34780 (tcp) with options:
[{use_turn,false},
 {auth_type,anonymous},
 {turn_ipv4_address,{127,0,0,1}},
 {turn_min_port,49152},
 {turn_max_port,65535},
 {turn_max_allocations,10},
 {turn_max_permissions,10},
 {shaper,100000},
 {turn_blacklist,[{{10,0,0,0},8},
                  {{100,64,0,0},10},
                  {{127,0,0,0},8},
                  {{169,254,0,0},16},
                  {{172,16,0,0},12},
                  {{192,0,0,0},24},
                  {{192,0,2,0},24},
                  {{192,88,99,0},24},
                  {{192,168,0,0},16},
                  {{198,18,0,0},15},
                  {{198,51,100,0},24},
                  {{203,0,113,0},24},
                  {{224,0,0,0},4},
                  {{240,0,0,0},4},
                  {{0,0,0,0,0,0,0,1},128},
                  {{0,0,0,0,0,65535,0,0},96},
                  {{100,65435,0,0,0,0,0,0},96},
                  {{256,0,0,0,0,0,0,0},64},
                  {{8193,3512,0,0,0,0,0,0},32},
                  {{64512,0,0,0,0,0,0,0},7},
                  {{65152,0,0,0,0,0,0,0},10},
                  {{65280,0,0,0,0,0,0,0},8}]},
 {turn_whitelist,[{{127,0,0,1},32},
                  {{203,0,113,113},32},
                  {{8193,3512,0,0,0,0,0,0},64}]},
 {auth_realm,<<"eturnal.net">>},
 {server_name,<<"eturnal">>},
 {auth_fun,fun eturnal:get_password/2},
 {hook_fun,fun eturnal:run_hook/2}] (eturnal:start_listeners/0:388)
2023-01-30 09:56:49.705363+00:00 [info] Listening on 127.0.0.1:34780 (tcp) (STUN only) (eturnal:start_listeners/0:395)
2023-01-30 09:56:49.705501+00:00 [debug] Starting listener 127.0.0.1:53490 (tls) with options:
[{use_turn,false},
 {auth_type,anonymous},
 {tls,true},
 {certfile,<<"run/cert.pem">>},
 {ciphers,<<"HIGH:!aNULL:@STRENGTH">>},
 {protocol_options,<<"no_tlsv1|no_tlsv1_1|cipher_server_preference">>},
 {turn_ipv4_address,{127,0,0,1}},
 {turn_min_port,49152},
 {turn_max_port,65535},
 {turn_max_allocations,10},
 {turn_max_permissions,10},
 {shaper,100000},
 {turn_blacklist,[{{10,0,0,0},8},
                  {{100,64,0,0},10},
                  {{127,0,0,0},8},
                  {{169,254,0,0},16},
                  {{172,16,0,0},12},
                  {{192,0,0,0},24},
                  {{192,0,2,0},24},
                  {{192,88,99,0},24},
                  {{192,168,0,0},16},
                  {{198,18,0,0},15},
                  {{198,51,100,0},24},
                  {{203,0,113,0},24},
                  {{224,0,0,0},4},
                  {{240,0,0,0},4},
                  {{0,0,0,0,0,0,0,1},128},
                  {{0,0,0,0,0,65535,0,0},96},
                  {{100,65435,0,0,0,0,0,0},96},
                  {{256,0,0,0,0,0,0,0},64},
                  {{8193,3512,0,0,0,0,0,0},32},
                  {{64512,0,0,0,0,0,0,0},7},
                  {{65152,0,0,0,0,0,0,0},10},
                  {{65280,0,0,0,0,0,0,0},8}]},
 {turn_whitelist,[{{127,0,0,1},32},
                  {{203,0,113,113},32},
                  {{8193,3512,0,0,0,0,0,0},64}]},
 {auth_realm,<<"eturnal.net">>},
 {server_name,<<"eturnal">>},
 {auth_fun,fun eturnal:get_password/2},
 {hook_fun,fun eturnal:run_hook/2}] (eturnal:start_listeners/0:388)
2023-01-30 09:56:49.706543+00:00 [info] Listening on 127.0.0.1:53490 (tls) (STUN only) (eturnal:start_listeners/0:395)
2023-01-30 09:56:49.706859+00:00 [debug] Starting listener 127.0.0.1:34781 (auto) with options:
[{use_turn,false},
 {auth_type,anonymous},
 {tls,optional},
 {certfile,<<"run/cert.pem">>},
 {ciphers,<<"HIGH:!aNULL:@STRENGTH">>},
 {protocol_options,<<"no_tlsv1|no_tlsv1_1|cipher_server_preference">>},
 {turn_ipv4_address,{127,0,0,1}},
 {turn_min_port,49152},
 {turn_max_port,65535},
 {turn_max_allocations,10},
 {turn_max_permissions,10},
 {shaper,100000},
 {turn_blacklist,[{{10,0,0,0},8},
                  {{100,64,0,0},10},
                  {{127,0,0,0},8},
                  {{169,254,0,0},16},
                  {{172,16,0,0},12},
                  {{192,0,0,0},24},
                  {{192,0,2,0},24},
                  {{192,88,99,0},24},
                  {{192,168,0,0},16},
                  {{198,18,0,0},15},
                  {{198,51,100,0},24},
                  {{203,0,113,0},24},
                  {{224,0,0,0},4},
                  {{240,0,0,0},4},
                  {{0,0,0,0,0,0,0,1},128},
                  {{0,0,0,0,0,65535,0,0},96},
                  {{100,65435,0,0,0,0,0,0},96},
                  {{256,0,0,0,0,0,0,0},64},
                  {{8193,3512,0,0,0,0,0,0},32},
                  {{64512,0,0,0,0,0,0,0},7},
                  {{65152,0,0,0,0,0,0,0},10},
                  {{65280,0,0,0,0,0,0,0},8}]},
 {turn_whitelist,[{{127,0,0,1},32},
                  {{203,0,113,113},32},
                  {{8193,3512,0,0,0,0,0,0},64}]},
 {auth_realm,<<"eturnal.net">>},
 {server_name,<<"eturnal">>},
 {auth_fun,fun eturnal:get_password/2},
 {hook_fun,fun eturnal:run_hook/2}] (eturnal:start_listeners/0:388)
2023-01-30 09:56:49.707517+00:00 [info] Listening on 127.0.0.1:34781 (auto) (STUN only) (eturnal:start_listeners/0:395)
2023-01-30 09:56:49.707649+00:00 [debug] Started 3 modules (eturnal:init/1:99)
2023-01-30 09:56:49.707720+00:00 [debug] Started 4 listeners (eturnal:init/1:100)
2023-01-30 09:56:49.707913+00:00 [debug] PROGRESS REPORT:
    supervisor: {local,eturnal_sup}
    started: [{pid,<0.1200.0>},
              {id,eturnal},
              {mfargs,{eturnal,start_link,[]}},
              {restart_type,permanent},
              {significant,false},
              {shutdown,5000},
              {child_type,worker}]
 (supervisor:report_progress/2:1557)
2023-01-30 09:56:49.708303+00:00 [debug] No NOTIFY_SOCKET, dropping READY=1 notification (eturnal_systemd:handle_cast/2:108)
2023-01-30 09:56:49.708325+00:00 [debug] PROGRESS REPORT:
    application: eturnal
    started_at: nonode@nohost
 (application_controller:info_started/2:2107)
2023-01-30 09:56:49.708457+00:00 [debug] Watchdog interval is undefined, hibernating (eturnal_systemd:get_timeout/1:161)
2023-01-30 09:56:49.739414+00:00 [debug] Handling API call: get_info() (eturnal_ctl:get_info/0:134)
2023-01-30 09:56:49.740108+00:00 [debug] eturnal call (get_info) returned {ok,
                                  {eturnal_node_info,<<"1.10.1">>,
                                   {"25","13.1.3"},
                                   6096,0,151,150927499,2,56395448}} (eturnal_ctl:call/1:451)
2023-01-30 09:56:49.765529+00:00 [debug] Handling API call: get_sessions() (eturnal_ctl:get_sessions/0:105)
2023-01-30 09:56:49.794780+00:00 [debug] Handling API call: get_sessions("alice") (eturnal_ctl:get_sessions/1:115)
2023-01-30 09:56:49.795100+00:00 [debug] Handling API call: disconnect(alice) (eturnal_ctl:disconnect/1:183)
2023-01-30 09:56:49.795208+00:00 [debug] Cannot convert user name to binary: alice (eturnal_ctl:disconnect/1:193)
2023-01-30 09:56:49.820488+00:00 [debug] Handling API call: disconnect("alice") (eturnal_ctl:disconnect/1:183)
2023-01-30 09:56:49.820846+00:00 [debug] Handling API call: disconnect(alice) (eturnal_ctl:disconnect/1:183)
2023-01-30 09:56:49.820987+00:00 [debug] Cannot convert user name to binary: alice (eturnal_ctl:disconnect/1:193)
2023-01-30 09:56:49.845629+00:00 [debug] Handling API call: get_credentials("2009-10-30 11:00:00Z", []) (eturnal_ctl:get_credentials/2:59)
2023-01-30 09:56:49.846048+00:00 [debug] eturnal call ({get_password,<<"1256900400">>}) returned {ok,
                                                         <<"uEKlpcME7MNMMVRV8rUFPCTIFEs=">>} (eturnal_ctl:call/1:451)
2023-01-30 09:56:49.846413+00:00 [debug] Handling API call: get_credentials("86400", "alice") (eturnal_ctl:get_credentials/2:59)
2023-01-30 09:56:49.846814+00:00 [debug] eturnal call ({get_password,<<"1675159009:alice">>}) returned {ok,
                                                               <<"j9Ehh6fnvC0GXiBE037C7/Bulzo=">>} (eturnal_ctl:call/1:451)
2023-01-30 09:56:49.847116+00:00 [debug] Handling API call: get_password("1675159009:alice") (eturnal_ctl:get_password/1:78)
2023-01-30 09:56:49.847273+00:00 [debug] eturnal call ({get_password,<<"1675159009:alice">>}) returned {ok,
                                                               <<"j9Ehh6fnvC0GXiBE037C7/Bulzo=">>} (eturnal_ctl:call/1:451)
2023-01-30 09:56:49.847791+00:00 [debug] Handling API call: get_credentials("86400s", "alice") (eturnal_ctl:get_credentials/2:59)
2023-01-30 09:56:49.848098+00:00 [debug] eturnal call ({get_password,<<"1675159009:alice">>}) returned {ok,
                                                               <<"j9Ehh6fnvC0GXiBE037C7/Bulzo=">>} (eturnal_ctl:call/1:451)
2023-01-30 09:56:49.848399+00:00 [debug] Handling API call: get_password("1675159009:alice") (eturnal_ctl:get_password/1:78)
2023-01-30 09:56:49.848547+00:00 [debug] eturnal call ({get_password,<<"1675159009:alice">>}) returned {ok,
                                                               <<"j9Ehh6fnvC0GXiBE037C7/Bulzo=">>} (eturnal_ctl:call/1:451)
2023-01-30 09:56:49.848776+00:00 [debug] Handling API call: get_credentials("1440m", "alice") (eturnal_ctl:get_credentials/2:59)
2023-01-30 09:56:49.848943+00:00 [debug] eturnal call ({get_password,<<"1675159009:alice">>}) returned {ok,
                                                               <<"j9Ehh6fnvC0GXiBE037C7/Bulzo=">>} (eturnal_ctl:call/1:451)
2023-01-30 09:56:49.849091+00:00 [debug] Handling API call: get_password("1675159009:alice") (eturnal_ctl:get_password/1:78)
2023-01-30 09:56:49.849210+00:00 [debug] eturnal call ({get_password,<<"1675159009:alice">>}) returned {ok,
                                                               <<"j9Ehh6fnvC0GXiBE037C7/Bulzo=">>} (eturnal_ctl:call/1:451)
2023-01-30 09:56:49.849392+00:00 [debug] Handling API call: get_credentials("24h", "alice") (eturnal_ctl:get_credentials/2:59)
2023-01-30 09:56:49.849538+00:00 [debug] eturnal call ({get_password,<<"1675159009:alice">>}) returned {ok,
                                                               <<"j9Ehh6fnvC0GXiBE037C7/Bulzo=">>} (eturnal_ctl:call/1:451)
2023-01-30 09:56:49.849671+00:00 [debug] Handling API call: get_password("1675159009:alice") (eturnal_ctl:get_password/1:78)
2023-01-30 09:56:49.849781+00:00 [debug] eturnal call ({get_password,<<"1675159009:alice">>}) returned {ok,
                                                               <<"j9Ehh6fnvC0GXiBE037C7/Bulzo=">>} (eturnal_ctl:call/1:451)
2023-01-30 09:56:49.849983+00:00 [debug] Handling API call: get_credentials("1d", "alice") (eturnal_ctl:get_credentials/2:59)
2023-01-30 09:56:49.850117+00:00 [debug] eturnal call ({get_password,<<"1675159009:alice">>}) returned {ok,
                                                               <<"j9Ehh6fnvC0GXiBE037C7/Bulzo=">>} (eturnal_ctl:call/1:451)
2023-01-30 09:56:49.850248+00:00 [debug] Handling API call: get_password("1675159009:alice") (eturnal_ctl:get_password/1:78)
2023-01-30 09:56:49.850360+00:00 [debug] eturnal call ({get_password,<<"1675159009:alice">>}) returned {ok,
                                                               <<"j9Ehh6fnvC0GXiBE037C7/Bulzo=">>} (eturnal_ctl:call/1:451)
2023-01-30 09:56:49.850550+00:00 [debug] Handling API call: get_password("Invalid") (eturnal_ctl:get_password/1:78)
2023-01-30 09:56:49.850668+00:00 [debug] Invalid user name: Invalid (eturnal_ctl:get_password/1:92)
2023-01-30 09:56:49.850811+00:00 [debug] Handling API call: get_credentials("Invalid", []) (eturnal_ctl:get_credentials/2:59)
2023-01-30 09:56:49.850959+00:00 [debug] Invalid argument(s): "Invalid":[] (eturnal_ctl:get_credentials/2:72)
2023-01-30 09:56:49.851055+00:00 [debug] Handling API call: get_password(invalid) (eturnal_ctl:get_password/1:78)
2023-01-30 09:56:49.851177+00:00 [debug] Cannot convert user name to binary: invalid (eturnal_ctl:get_password/1:99)
2023-01-30 09:56:49.851265+00:00 [debug] Handling API call: get_credentials(invalid, []) (eturnal_ctl:get_credentials/2:59)
2023-01-30 09:56:49.851351+00:00 [debug] Invalid argument(s): invalid:[] (eturnal_ctl:get_credentials/2:72)
2023-01-30 09:56:49.851443+00:00 [debug] Handling API call: get_password([invalid]) (eturnal_ctl:get_password/1:78)
2023-01-30 09:56:49.851543+00:00 [debug] Cannot convert user name to binary: [invalid] (eturnal_ctl:get_password/1:99)
2023-01-30 09:56:49.851630+00:00 [debug] Handling API call: get_credentials([invalid], []) (eturnal_ctl:get_credentials/2:59)
2023-01-30 09:56:49.851712+00:00 [debug] Invalid argument(s): [invalid]:[] (eturnal_ctl:get_credentials/2:72)
2023-01-30 09:56:49.852010+00:00 [debug] Handling API call: get_credentials(1256900400, invalid) (eturnal_ctl:get_credentials/2:59)
2023-01-30 09:56:49.852126+00:00 [debug] Invalid argument(s): 1256900400:invalid (eturnal_ctl:get_credentials/2:72)
2023-01-30 09:56:49.876809+00:00 [debug] Handling API call: set_loglevel(debug) (eturnal_ctl:set_loglevel/1:164)
2023-01-30 09:56:49.877050+00:00 [debug] eturnal call ({set_loglevel,debug}) returned ok (eturnal_ctl:call/1:448)
2023-01-30 09:56:49.877321+00:00 [debug] Handling API call: get_loglevel() (eturnal_ctl:get_loglevel/0:154)
2023-01-30 09:56:49.877559+00:00 [debug] eturnal call (get_loglevel) returned {ok,debug} (eturnal_ctl:call/1:451)
2023-01-30 09:56:49.877714+00:00 [debug] Handling API call: set_loglevel(invalid) (eturnal_ctl:set_loglevel/1:164)
2023-01-30 09:56:49.877796+00:00 [debug] Invalid log level: invalid (eturnal_ctl:set_loglevel/1:174)
2023-01-30 09:56:49.877915+00:00 [debug] Handling API call: get_loglevel() (eturnal_ctl:get_loglevel/0:154)
2023-01-30 09:56:49.878035+00:00 [debug] eturnal call (get_loglevel) returned {ok,debug} (eturnal_ctl:call/1:451)
2023-01-30 09:56:49.903356+00:00 [debug] Handling API call: get_version() (eturnal_ctl:get_version/0:144)
2023-01-30 09:56:49.903628+00:00 [debug] eturnal call (get_version) returned {ok,<<"1.10.1">>} (eturnal_ctl:call/1:451)
2023-01-30 09:56:49.928804+00:00 [debug] Handling API call: reload() (eturnal_ctl:reload/0:199)
2023-01-30 09:56:49.931278+00:00 [debug] Calling mod_log_stun:options/0 (eturnal_module:options/1:192)
2023-01-30 09:56:49.931477+00:00 [debug] Calling mod_stats_influx:options/0 (eturnal_module:options/1:192)
2023-01-30 09:56:49.931662+00:00 [debug] Calling mod_stats_prometheus:options/0 (eturnal_module:options/1:192)
2023-01-30 09:56:49.932313+00:00 [warning] TLS enabled without 'tls_crt_file', creating self-signed certificate (eturnal:check_pem_file/0:738)
2023-01-30 09:56:50.033012+00:00 [info] Using new TLS certificate (eturnal:reload/1:567)
2023-01-30 09:56:50.033374+00:00 [debug] Calling mod_log_stun:stop/1 (eturnal_module:stop/1:163)
2023-01-30 09:56:50.033502+00:00 [debug] Stopping mod_log_stun (mod_log_stun:stop/0:49)
2023-01-30 09:56:50.033617+00:00 [info] Stopped mod_log_stun (eturnal:stop_modules/1:368)
2023-01-30 09:56:50.034744+00:00 [debug] Calling mod_stats_influx:stop/1 (eturnal_module:stop/1:163)
2023-01-30 09:56:50.034939+00:00 [debug] Stopping mod_stats_influx (mod_stats_influx:stop/0:61)
2023-01-30 09:56:50.035057+00:00 [info] Stopped mod_stats_influx (eturnal:stop_modules/1:368)
2023-01-30 09:56:50.036396+00:00 [debug] Calling mod_stats_prometheus:stop/1 (eturnal_module:stop/1:163)
2023-01-30 09:56:50.036650+00:00 [debug] Stopping mod_stats_prometheus (mod_stats_prometheus:stop/0:110)
2023-01-30 09:56:50.037843+00:00 [info] Stopped mod_stats_prometheus (eturnal:stop_modules/1:368)
2023-01-30 09:56:50.038048+00:00 [debug] Calling mod_log_stun:start/0 (eturnal_module:start/1:143)
2023-01-30 09:56:50.038145+00:00 [debug] Starting mod_log_stun (mod_log_stun:start/0:38)
2023-01-30 09:56:50.039105+00:00 [info] Started mod_log_stun (eturnal:start_modules/0:355)
2023-01-30 09:56:50.039264+00:00 [debug] Calling mod_stats_influx:start/0 (eturnal_module:start/1:143)
2023-01-30 09:56:50.039342+00:00 [debug] Starting mod_stats_influx (mod_stats_influx:start/0:37)
2023-01-30 09:56:50.039583+00:00 [debug] Dependency influx_udp was available already (eturnal_module:ensure_dep/2:284)
2023-01-30 09:56:50.039979+00:00 [info]     host: {127,0,0,1}
    msg: Start clients pool
    options: #{host => "localhost",max_overflow => 1,pool_size => 1,
               port => 8089} (influx_udp:start_pool_/2:239)
2023-01-30 09:56:50.041174+00:00 [info] Started mod_stats_influx (eturnal:start_modules/0:355)
2023-01-30 09:56:50.041325+00:00 [debug] Calling mod_stats_prometheus:start/0 (eturnal_module:start/1:143)
2023-01-30 09:56:50.041439+00:00 [debug] Starting mod_stats_prometheus (mod_stats_prometheus:start/0:56)
2023-01-30 09:56:50.041814+00:00 [debug] Dependency prometheus_httpd was available already (eturnal_module:ensure_dep/2:284)
2023-01-30 09:56:50.043149+00:00 [debug] PROGRESS REPORT:
    supervisor: {local,httpd_instance_sup__127_0_0_1__9081default}
    started: [{pid,<0.1375.0>},
              {id,{httpd_connection_sup,{127,0,0,1},9081,default}},
              {mfargs,{httpd_connection_sup,start_link,[[{127,0,0,1},9081]]}},
              {restart_type,permanent},
              {significant,false},
              {shutdown,5000},
              {child_type,supervisor}]
 (supervisor:report_progress/2:1557)
2023-01-30 09:56:50.043505+00:00 [debug] PROGRESS REPORT:
    supervisor: {local,httpd_acceptor_sup__127_0_0_1__9081default}
    started: [{pid,<0.1377.0>},
              {id,{httpd_acceptor_sup,{127,0,0,1},9081,default}},
              {mfargs,{httpd_acceptor,start_link,
                                      [httpd__127_0_0_1__9081default,ip_comm,
                                       {127,0,0,1},
                                       9081,inet,
                                       httpd_conf__127_0_0_1__9081default,
                                       15000]}},
              {restart_type,transient},
              {significant,false},
              {shutdown,brutal_kill},
              {child_type,worker}]
 (supervisor:report_progress/2:1557)
2023-01-30 09:56:50.043642+00:00 [debug] PROGRESS REPORT:
    supervisor: {local,httpd_instance_sup__127_0_0_1__9081default}
    started: [{pid,<0.1376.0>},
              {id,{httpd_acceptor_sup,{127,0,0,1},9081,default}},
              {mfargs,
                  {httpd_acceptor_sup,start_link,
                      [[{127,0,0,1},
                        9081,
                        [{bind_address,{127,0,0,1}},
                         {socket_type,ip_comm},
                         {port,9081},
                         {server_root,"run/mod_stats_prometheus/doc"},
                         {document_root,"run/mod_stats_prometheus/doc"},
                         {server_name,"Prometheus Exporter"},
                         {modules,[prometheus_httpd]}],
                        15000,undefined]]}},
              {restart_type,permanent},
              {significant,false},
              {shutdown,infinity},
              {child_type,supervisor}]
 (supervisor:report_progress/2:1557)
2023-01-30 09:56:50.043776+00:00 [debug] PROGRESS REPORT:
    supervisor: {local,httpd_instance_sup__127_0_0_1__9081default}
    started: [{pid,<0.1378.0>},
              {id,{httpd_misc_sup,{127,0,0,1},9081,default}},
              {mfargs,{httpd_misc_sup,start_link,[{127,0,0,1},9081,default]}},
              {restart_type,permanent},
              {significant,false},
              {shutdown,infinity},
              {child_type,supervisor}]
 (supervisor:report_progress/2:1557)
2023-01-30 09:56:50.044724+00:00 [debug] PROGRESS REPORT:
    supervisor: {local,httpd_instance_sup__127_0_0_1__9081default}
    started: [{pid,<0.1379.0>},
              {id,{httpd_manager,{127,0,0,1},9081,default}},
              {mfargs,
                  {httpd_manager,start_link,
                      [undefined,
                       [{bind_address,{127,0,0,1}},
                        {socket_type,ip_comm},
                        {port,9081},
                        {server_root,"run/mod_stats_prometheus/doc"},
                        {document_root,"run/mod_stats_prometheus/doc"},
                        {server_name,"Prometheus Exporter"},
                        {modules,[prometheus_httpd]}],
                       15000]}},
              {restart_type,permanent},
              {significant,false},
              {shutdown,4000},
              {child_type,worker}]
 (supervisor:report_progress/2:1557)
2023-01-30 09:56:50.044893+00:00 [debug] PROGRESS REPORT:
    supervisor: {local,httpd_sup}
    started: [{pid,<0.1374.0>},
              {id,{httpd_instance_sup,{127,0,0,1},9081,default}},
              {mfargs,
                  {httpd_instance_sup,start_link,
                      [[{bind_address,{127,0,0,1}},
                        {socket_type,ip_comm},
                        {port,9081},
                        {server_root,"run/mod_stats_prometheus/doc"},
                        {document_root,"run/mod_stats_prometheus/doc"},
                        {server_name,"Prometheus Exporter"},
                        {modules,[prometheus_httpd]}],
                       15000,[]]}},
              {restart_type,permanent},
              {significant,false},
              {shutdown,infinity},
              {child_type,supervisor}]
 (supervisor:report_progress/2:1557)
2023-01-30 09:56:50.045185+00:00 [info] Started mod_stats_prometheus (eturnal:start_modules/0:355)
2023-01-30 09:56:50.045296+00:00 [debug] Restarted modules (eturnal:reload/1:575)
2023-01-30 09:56:50.045442+00:00 [debug] eturnal call (reload) returned ok (eturnal_ctl:call/1:448)
2023-01-30 09:56:50.046291+00:00 [debug] Handling API call: reload() (eturnal_ctl:reload/0:199)
2023-01-30 09:56:50.048641+00:00 [debug] Calling mod_log_stun:options/0 (eturnal_module:options/1:192)
2023-01-30 09:56:50.048857+00:00 [debug] Calling mod_stats_influx:options/0 (eturnal_module:options/1:192)
2023-01-30 09:56:50.048972+00:00 [debug] Calling mod_stats_prometheus:options/0 (eturnal_module:options/1:192)
2023-01-30 09:56:50.049827+00:00 [debug] Keeping PEM file (run/cert.pem) (eturnal:check_pem_file/0:735)
2023-01-30 09:56:50.049951+00:00 [debug] TLS certificate unchanged (eturnal:reload/1:569)
2023-01-30 09:56:50.050733+00:00 [debug] Calling mod_log_stun:stop/1 (eturnal_module:stop/1:163)
2023-01-30 09:56:50.050897+00:00 [debug] Stopping mod_log_stun (mod_log_stun:stop/0:49)
2023-01-30 09:56:50.051067+00:00 [info] Stopped mod_log_stun (eturnal:stop_modules/1:368)
2023-01-30 09:56:50.051307+00:00 [debug] Calling mod_stats_influx:stop/1 (eturnal_module:stop/1:163)
2023-01-30 09:56:50.051415+00:00 [debug] Stopping mod_stats_influx (mod_stats_influx:stop/0:61)
2023-01-30 09:56:50.051499+00:00 [info] Stopped mod_stats_influx (eturnal:stop_modules/1:368)
2023-01-30 09:56:50.053156+00:00 [debug] Calling mod_stats_prometheus:stop/1 (eturnal_module:stop/1:163)
2023-01-30 09:56:50.053322+00:00 [debug] Stopping mod_stats_prometheus (mod_stats_prometheus:stop/0:110)
2023-01-30 09:56:50.053693+00:00 [info] Stopped mod_stats_prometheus (eturnal:stop_modules/1:368)
2023-01-30 09:56:50.054359+00:00 [debug] Calling mod_log_stun:start/0 (eturnal_module:start/1:143)
2023-01-30 09:56:50.054542+00:00 [debug] Starting mod_log_stun (mod_log_stun:start/0:38)
2023-01-30 09:56:50.055824+00:00 [info] Started mod_log_stun (eturnal:start_modules/0:355)
2023-01-30 09:56:50.056014+00:00 [debug] Calling mod_stats_influx:start/0 (eturnal_module:start/1:143)
2023-01-30 09:56:50.056138+00:00 [debug] Starting mod_stats_influx (mod_stats_influx:start/0:37)
2023-01-30 09:56:50.057143+00:00 [debug] Dependency influx_udp was available already (eturnal_module:ensure_dep/2:284)
2023-01-30 09:56:50.057603+00:00 [info]     host: {127,0,0,1}
    msg: Start clients pool
    options: #{host => "localhost",max_overflow => 1,pool_size => 1,
               port => 8089} (influx_udp:start_pool_/2:239)
2023-01-30 09:56:50.058718+00:00 [info] Started mod_stats_influx (eturnal:start_modules/0:355)
2023-01-30 09:56:50.058887+00:00 [debug] Calling mod_stats_prometheus:start/0 (eturnal_module:start/1:143)
2023-01-30 09:56:50.058987+00:00 [debug] Starting mod_stats_prometheus (mod_stats_prometheus:start/0:56)
2023-01-30 09:56:50.059109+00:00 [debug] Dependency prometheus_httpd was available already (eturnal_module:ensure_dep/2:284)
2023-01-30 09:56:50.059646+00:00 [debug] PROGRESS REPORT:
    supervisor: {local,httpd_instance_sup__127_0_0_1__9081default}
    started: [{pid,<0.1409.0>},
              {id,{httpd_connection_sup,{127,0,0,1},9081,default}},
              {mfargs,{httpd_connection_sup,start_link,[[{127,0,0,1},9081]]}},
              {restart_type,permanent},
              {significant,false},
              {shutdown,5000},
              {child_type,supervisor}]
 (supervisor:report_progress/2:1557)
2023-01-30 09:56:50.060130+00:00 [debug] PROGRESS REPORT:
    supervisor: {local,httpd_acceptor_sup__127_0_0_1__9081default}
    started: [{pid,<0.1412.0>},
              {id,{httpd_acceptor_sup,{127,0,0,1},9081,default}},
              {mfargs,{httpd_acceptor,start_link,
                                      [httpd__127_0_0_1__9081default,ip_comm,
                                       {127,0,0,1},
                                       9081,inet,
                                       httpd_conf__127_0_0_1__9081default,
                                       15000]}},
              {restart_type,transient},
              {significant,false},
              {shutdown,brutal_kill},
              {child_type,worker}]
 (supervisor:report_progress/2:1557)
2023-01-30 09:56:50.060506+00:00 [debug] PROGRESS REPORT:
    supervisor: {local,httpd_instance_sup__127_0_0_1__9081default}
    started: [{pid,<0.1411.0>},
              {id,{httpd_acceptor_sup,{127,0,0,1},9081,default}},
              {mfargs,
                  {httpd_acceptor_sup,start_link,
                      [[{127,0,0,1},
                        9081,
                        [{bind_address,{127,0,0,1}},
                         {socket_type,ip_comm},
                         {port,9081},
                         {server_root,"run/mod_stats_prometheus/doc"},
                         {document_root,"run/mod_stats_prometheus/doc"},
                         {server_name,"Prometheus Exporter"},
                         {modules,[prometheus_httpd]}],
                        15000,undefined]]}},
              {restart_type,permanent},
              {significant,false},
              {shutdown,infinity},
              {child_type,supervisor}]
 (supervisor:report_progress/2:1557)
2023-01-30 09:56:50.060703+00:00 [debug] PROGRESS REPORT:
    supervisor: {local,httpd_instance_sup__127_0_0_1__9081default}
    started: [{pid,<0.1413.0>},
              {id,{httpd_misc_sup,{127,0,0,1},9081,default}},
              {mfargs,{httpd_misc_sup,start_link,[{127,0,0,1},9081,default]}},
              {restart_type,permanent},
              {significant,false},
              {shutdown,infinity},
              {child_type,supervisor}]
 (supervisor:report_progress/2:1557)
2023-01-30 09:56:50.061081+00:00 [debug] PROGRESS REPORT:
    supervisor: {local,httpd_instance_sup__127_0_0_1__9081default}
    started: [{pid,<0.1414.0>},
              {id,{httpd_manager,{127,0,0,1},9081,default}},
              {mfargs,
                  {httpd_manager,start_link,
                      [undefined,
                       [{bind_address,{127,0,0,1}},
                        {socket_type,ip_comm},
                        {port,9081},
                        {server_root,"run/mod_stats_prometheus/doc"},
                        {document_root,"run/mod_stats_prometheus/doc"},
                        {server_name,"Prometheus Exporter"},
                        {modules,[prometheus_httpd]}],
                       15000]}},
              {restart_type,permanent},
              {significant,false},
              {shutdown,4000},
              {child_type,worker}]
 (supervisor:report_progress/2:1557)
2023-01-30 09:56:50.061254+00:00 [debug] PROGRESS REPORT:
    supervisor: {local,httpd_sup}
    started: [{pid,<0.1408.0>},
              {id,{httpd_instance_sup,{127,0,0,1},9081,default}},
              {mfargs,
                  {httpd_instance_sup,start_link,
                      [[{bind_address,{127,0,0,1}},
                        {socket_type,ip_comm},
                        {port,9081},
                        {server_root,"run/mod_stats_prometheus/doc"},
                        {document_root,"run/mod_stats_prometheus/doc"},
                        {server_name,"Prometheus Exporter"},
                        {modules,[prometheus_httpd]}],
                       15000,[]]}},
              {restart_type,permanent},
              {significant,false},
              {shutdown,infinity},
              {child_type,supervisor}]
 (supervisor:report_progress/2:1557)
2023-01-30 09:56:50.062341+00:00 [info] Started mod_stats_prometheus (eturnal:start_modules/0:355)
2023-01-30 09:56:50.062472+00:00 [debug] Restarted modules (eturnal:reload/1:575)
2023-01-30 09:56:50.062765+00:00 [debug] eturnal call (reload) returned ok (eturnal_ctl:call/1:448)
2023-01-30 09:56:50.087536+00:00 [info] Accepting connection: 127.0.0.1:47016 -> 127.0.0.1:34780 [TCP, session bazjodcrpxq0] (stun_acceptor:accept/3:158)
2023-01-30 09:56:50.111627+00:00 [info] Accepting connection: 127.0.0.1:40580 -> 127.0.0.1:53490 [TLS, session 2andgamt8iib] (stun_acceptor:accept/3:158)
2023-01-30 09:56:50.137314+00:00 [debug] Received:
#stun{class = request,method = 3,magic = 554869826,
      trid = 45212615842362332473254526039,raw = <<>>,unsupported = [],
      'ALTERNATE-SERVER' = undefined,'CHANNEL-NUMBER' = undefined,
      'DATA' = undefined,'DONT-FRAGMENT' = false,'ERROR-CODE' = undefined,
      'LIFETIME' = undefined,'MAPPED-ADDRESS' = undefined,
      'MESSAGE-INTEGRITY' = undefined,'NONCE' = undefined,'REALM' = undefined,
      'REQUESTED-ADDRESS-FAMILY' = undefined,
      'REQUESTED-TRANSPORT' = undefined,'SOFTWARE' = undefined,
      'UNKNOWN-ATTRIBUTES' = [],'USERNAME' = undefined,
      'XOR-MAPPED-ADDRESS' = undefined,'XOR-PEER-ADDRESS' = [],
      'XOR-RELAYED-ADDRESS' = undefined} (stun:udp_recv/5:112)
2023-01-30 09:56:50.137484+00:00 [debug] Sending:
#stun{class = error,method = 3,magic = 554869826,
      trid = 45212615842362332473254526039,raw = <<>>,unsupported = [],
      'ALTERNATE-SERVER' = undefined,'CHANNEL-NUMBER' = undefined,
      'DATA' = undefined,'DONT-FRAGMENT' = false,
      'ERROR-CODE' = {401,<<"Unauthorized">>},
      'LIFETIME' = undefined,'MAPPED-ADDRESS' = undefined,
      'MESSAGE-INTEGRITY' = undefined,'NONCE' = <<"4146345978">>,
      'REALM' = <<"eturnal.net">>,'REQUESTED-ADDRESS-FAMILY' = undefined,
      'REQUESTED-TRANSPORT' = undefined,'SOFTWARE' = <<"eturnal">>,
      'UNKNOWN-ATTRIBUTES' = [],'USERNAME' = undefined,
      'XOR-MAPPED-ADDRESS' = undefined,'XOR-PEER-ADDRESS' = [],
      'XOR-RELAYED-ADDRESS' = undefined} (stun:send/3:464)
2023-01-30 09:56:50.137839+00:00 [debug] Received:
#stun{class = request,method = 3,magic = 554869826,
      trid = 29691740622428963505217208948,
      raw = <<0,3,0,80,33,18,164,66,95,240,110,164,98,187,224,209,28,140,2,116,
              0,25,0,4,17,0,0,0,0,6,0,10,50,49,52,53,57,49,51,50,48,48,0,0,0,
              20,0,11,101,116,117,114,110,97,108,46,110,101,116,0,0,21,0,10,52,
              49,52,54,51,52,53,57,55,56,0,0>>,
      unsupported = [],'ALTERNATE-SERVER' = undefined,
      'CHANNEL-NUMBER' = undefined,'DATA' = undefined,'DONT-FRAGMENT' = false,
      'ERROR-CODE' = undefined,'LIFETIME' = undefined,
      'MAPPED-ADDRESS' = undefined,
      'MESSAGE-INTEGRITY' = <<210,180,204,162,251,154,98,66,120,143,59,217,200,
                              138,162,12,123,164,3,84>>,
      'NONCE' = <<"4146345978">>,'REALM' = <<"eturnal.net">>,
      'REQUESTED-ADDRESS-FAMILY' = undefined,'REQUESTED-TRANSPORT' = udp,
      'SOFTWARE' = undefined,'UNKNOWN-ATTRIBUTES' = [],
      'USERNAME' = <<"2145913200">>,'XOR-MAPPED-ADDRESS' = undefined,
      'XOR-PEER-ADDRESS' = [],'XOR-RELAYED-ADDRESS' = undefined} (stun:udp_recv/5:112)
2023-01-30 09:56:50.138015+00:00 [debug] Looking up password for: 2145913200 [UDP, session jcycp0i29a60, user 2145913200, client 127.0.0.1:51123] (eturnal:get_password/2:232)
2023-01-30 09:56:50.138097+00:00 [info] Accepting long-term STUN/TURN authentication [UDP, session jcycp0i29a60, user 2145913200, client 127.0.0.1:51123] (stun:process/2:255)
2023-01-30 09:56:50.138247+00:00 [debug] Running 'turn_session_start' hook [UDP, session jcycp0i29a60, user 2145913200, client 127.0.0.1:51123] (turn:run_hook/3:740)
2023-01-30 09:56:50.138393+00:00 [debug] Got 'turn_session_start' event [UDP, session jcycp0i29a60, user 2145913200, client 127.0.0.1:51123] (eturnal_module:handle_event/2:177)
2023-01-30 09:56:50.138466+00:00 [debug] Calling mod_stats_prometheus:handle_event/2 [UDP, session jcycp0i29a60, user 2145913200, client 127.0.0.1:51123] (eturnal_module:handle_event/2:180)
2023-01-30 09:56:50.138530+00:00 [debug] Observing started TURN session jcycp0i29a60 for Prometheus [UDP, session jcycp0i29a60, user 2145913200, client 127.0.0.1:51123] (mod_stats_prometheus:on_turn_session_start/1:174)
2023-01-30 09:56:50.138776+00:00 [notice] Creating TURN allocation (lifetime: 599 seconds) [UDP, session jcycp0i29a60, user 2145913200, client 127.0.0.1:51123, relay 127.0.0.1:62824] (turn:wait_for_allocate/2:219)
2023-01-30 09:56:50.138919+00:00 [debug] Sending:
#stun{class = response,method = 3,magic = 554869826,
      trid = 29691740622428963505217208948,raw = <<>>,unsupported = [],
      'ALTERNATE-SERVER' = undefined,'CHANNEL-NUMBER' = undefined,
      'DATA' = undefined,'DONT-FRAGMENT' = false,'ERROR-CODE' = undefined,
      'LIFETIME' = 599,'MAPPED-ADDRESS' = undefined,
      'MESSAGE-INTEGRITY' = undefined,'NONCE' = undefined,'REALM' = undefined,
      'REQUESTED-ADDRESS-FAMILY' = undefined,
      'REQUESTED-TRANSPORT' = undefined,'SOFTWARE' = <<"eturnal">>,
      'UNKNOWN-ATTRIBUTES' = [],'USERNAME' = undefined,
      'XOR-MAPPED-ADDRESS' = {{127,0,0,1},51123},
      'XOR-PEER-ADDRESS' = [],
      'XOR-RELAYED-ADDRESS' = {{127,0,0,1},62824}} (turn:send/2:542)
2023-01-30 09:56:50.139251+00:00 [debug] Received:
#stun{class = request,method = 4,magic = 554869826,
      trid = 47547730802072953892793880564,
      raw = <<0,4,0,80,33,18,164,66,153,162,143,163,158,64,127,42,167,126,15,
              244,0,6,0,10,50,49,52,53,57,49,51,50,48,48,0,0,0,20,0,11,101,116,
              117,114,110,97,108,46,110,101,116,0,0,21,0,10,52,49,52,54,51,52,
              53,57,55,56,0,0,0,13,0,4,0,0,0,0>>,
      unsupported = [],'ALTERNATE-SERVER' = undefined,
      'CHANNEL-NUMBER' = undefined,'DATA' = undefined,'DONT-FRAGMENT' = false,
      'ERROR-CODE' = undefined,'LIFETIME' = 0,'MAPPED-ADDRESS' = undefined,
      'MESSAGE-INTEGRITY' = <<105,220,63,18,134,108,87,60,2,114,233,83,191,146,
                              141,40,9,40,109,112>>,
      'NONCE' = <<"4146345978">>,'REALM' = <<"eturnal.net">>,
      'REQUESTED-ADDRESS-FAMILY' = undefined,
      'REQUESTED-TRANSPORT' = undefined,'SOFTWARE' = undefined,
      'UNKNOWN-ATTRIBUTES' = [],'USERNAME' = <<"2145913200">>,
      'XOR-MAPPED-ADDRESS' = undefined,'XOR-PEER-ADDRESS' = [],
      'XOR-RELAYED-ADDRESS' = undefined} (stun:udp_recv/5:112)
2023-01-30 09:56:50.139394+00:00 [debug] Looking up password for: 2145913200 [UDP, session c2lbgtmh8w9b, user 2145913200, client 127.0.0.1:51123] (eturnal:get_password/2:232)
2023-01-30 09:56:50.139459+00:00 [info] Accepting long-term STUN/TURN authentication [UDP, session c2lbgtmh8w9b, user 2145913200, client 127.0.0.1:51123] (stun:process/2:255)
2023-01-30 09:56:50.139524+00:00 [info] Client requested closing the TURN session [UDP, session jcycp0i29a60, user 2145913200, client 127.0.0.1:51123, relay 127.0.0.1:62824] (turn:active/2:278)
2023-01-30 09:56:50.139649+00:00 [debug] Sending:
#stun{class = response,method = 4,magic = 554869826,
      trid = 47547730802072953892793880564,raw = <<>>,unsupported = [],
      'ALTERNATE-SERVER' = undefined,'CHANNEL-NUMBER' = undefined,
      'DATA' = undefined,'DONT-FRAGMENT' = false,'ERROR-CODE' = undefined,
      'LIFETIME' = 0,'MAPPED-ADDRESS' = undefined,
      'MESSAGE-INTEGRITY' = undefined,'NONCE' = undefined,'REALM' = undefined,
      'REQUESTED-ADDRESS-FAMILY' = undefined,
      'REQUESTED-TRANSPORT' = undefined,'SOFTWARE' = <<"eturnal">>,
      'UNKNOWN-ATTRIBUTES' = [],'USERNAME' = undefined,
      'XOR-MAPPED-ADDRESS' = undefined,'XOR-PEER-ADDRESS' = [],
      'XOR-RELAYED-ADDRESS' = undefined} (turn:send/2:542)
2023-01-30 09:56:50.139778+00:00 [info] Deleting TURN allocation [UDP, session jcycp0i29a60, user 2145913200, client 127.0.0.1:51123, relay 127.0.0.1:62824] (turn:terminate/3:475)
2023-01-30 09:56:50.139877+00:00 [notice] Relayed 0 KiB (in 0 B / 0 packets, out 0 B / 0 packets), duration: 0 seconds [UDP, session jcycp0i29a60, user 2145913200, client 127.0.0.1:51123, relay 127.0.0.1:62824] (turn:terminate/3:482)
2023-01-30 09:56:50.139924+00:00 [debug] Running 'turn_session_stop' hook [UDP, session jcycp0i29a60, user 2145913200, client 127.0.0.1:51123, relay 127.0.0.1:62824] (turn:run_hook/3:740)
2023-01-30 09:56:50.139968+00:00 [debug] Got 'turn_session_stop' event [UDP, session jcycp0i29a60, user 2145913200, client 127.0.0.1:51123, relay 127.0.0.1:62824] (eturnal_module:handle_event/2:177)
2023-01-30 09:56:50.140005+00:00 [debug] Calling mod_stats_influx:handle_event/2 [UDP, session jcycp0i29a60, user 2145913200, client 127.0.0.1:51123, relay 127.0.0.1:62824] (eturnal_module:handle_event/2:180)
2023-01-30 09:56:50.140043+00:00 [debug] Writing stats of TURN session jcycp0i29a60 to InfluxDB [UDP, session jcycp0i29a60, user 2145913200, client 127.0.0.1:51123, relay 127.0.0.1:62824] (mod_stats_influx:on_turn_session_stop/1:87)
2023-01-30 09:56:50.140264+00:00 [debug] Calling mod_stats_prometheus:handle_event/2 [UDP, session jcycp0i29a60, user 2145913200, client 127.0.0.1:51123, relay 127.0.0.1:62824] (eturnal_module:handle_event/2:180)
2023-01-30 09:56:50.140321+00:00 [debug] Observing stopped TURN session jcycp0i29a60 for Prometheus [UDP, session jcycp0i29a60, user 2145913200, client 127.0.0.1:51123, relay 127.0.0.1:62824] (mod_stats_prometheus:on_turn_session_stop/1:187)
2023-01-30 09:56:50.164024+00:00 [debug] Received:
#stun{class = request,method = 1,magic = 554869826,
      trid = 58651469460804822409475506371,raw = <<>>,unsupported = [],
      'ALTERNATE-SERVER' = undefined,'CHANNEL-NUMBER' = undefined,
      'DATA' = undefined,'DONT-FRAGMENT' = false,'ERROR-CODE' = undefined,
      'LIFETIME' = undefined,'MAPPED-ADDRESS' = undefined,
      'MESSAGE-INTEGRITY' = undefined,'NONCE' = undefined,'REALM' = undefined,
      'REQUESTED-ADDRESS-FAMILY' = undefined,
      'REQUESTED-TRANSPORT' = undefined,'SOFTWARE' = undefined,
      'UNKNOWN-ATTRIBUTES' = [],'USERNAME' = undefined,
      'XOR-MAPPED-ADDRESS' = undefined,'XOR-PEER-ADDRESS' = [],
      'XOR-RELAYED-ADDRESS' = undefined} (stun:udp_recv/5:112)
2023-01-30 09:56:50.164149+00:00 [debug] Responding to STUN request [UDP, session 9aa2y7jpsimm, anonymous, client 127.0.0.1:53047] (stun:process/4:323)
2023-01-30 09:56:50.164195+00:00 [debug] Running 'stun_query' hook [UDP, session 9aa2y7jpsimm, anonymous, client 127.0.0.1:53047] (stun:run_hook/3:843)
2023-01-30 09:56:50.164278+00:00 [debug] Got 'stun_query' event [UDP, session 9aa2y7jpsimm, anonymous, client 127.0.0.1:53047] (eturnal_module:handle_event/2:177)
2023-01-30 09:56:50.164324+00:00 [debug] Calling mod_log_stun:handle_event/2 [UDP, session 9aa2y7jpsimm, anonymous, client 127.0.0.1:53047] (eturnal_module:handle_event/2:180)
2023-01-30 09:56:50.164391+00:00 [info] Responding to STUN request [UDP, session 9aa2y7jpsimm, anonymous, client 127.0.0.1:53047] (mod_log_stun:handle_event/2:44)
2023-01-30 09:56:50.164468+00:00 [debug] Calling mod_stats_influx:handle_event/2 [UDP, session 9aa2y7jpsimm, anonymous, client 127.0.0.1:53047] (eturnal_module:handle_event/2:180)
2023-01-30 09:56:50.164509+00:00 [debug] Writing STUN query event to InfluxDB [UDP, session 9aa2y7jpsimm, anonymous, client 127.0.0.1:53047] (mod_stats_influx:on_stun_query/1:76)
2023-01-30 09:56:50.164655+00:00 [debug] Calling mod_stats_prometheus:handle_event/2 [UDP, session 9aa2y7jpsimm, anonymous, client 127.0.0.1:53047] (eturnal_module:handle_event/2:180)
2023-01-30 09:56:50.164711+00:00 [debug] Observing STUN query for Prometheus [UDP, session 9aa2y7jpsimm, anonymous, client 127.0.0.1:53047] (mod_stats_prometheus:on_stun_query/1:166)
2023-01-30 09:56:50.164809+00:00 [debug] Sending:
#stun{class = response,method = 1,magic = 554869826,
      trid = 58651469460804822409475506371,raw = <<>>,unsupported = [],
      'ALTERNATE-SERVER' = undefined,'CHANNEL-NUMBER' = undefined,
      'DATA' = undefined,'DONT-FRAGMENT' = false,'ERROR-CODE' = undefined,
      'LIFETIME' = undefined,'MAPPED-ADDRESS' = undefined,
      'MESSAGE-INTEGRITY' = undefined,'NONCE' = undefined,'REALM' = undefined,
      'REQUESTED-ADDRESS-FAMILY' = undefined,
      'REQUESTED-TRANSPORT' = undefined,'SOFTWARE' = <<"eturnal">>,
      'UNKNOWN-ATTRIBUTES' = [],'USERNAME' = undefined,
      'XOR-MAPPED-ADDRESS' = {{127,0,0,1},53047},
      'XOR-PEER-ADDRESS' = [],'XOR-RELAYED-ADDRESS' = undefined} (stun:send/3:464)
2023-01-30 09:56:50.190779+00:00 [info] Accepting connection: 127.0.0.1:47026 -> 127.0.0.1:34780 [TCP, session os3fjwt927co] (stun_acceptor:accept/3:158)
2023-01-30 09:56:50.191130+00:00 [debug] Received:
#stun{class = request,method = 1,magic = 554869826,
      trid = 44100016371829693188240032912,raw = <<>>,unsupported = [],
      'ALTERNATE-SERVER' = undefined,'CHANNEL-NUMBER' = undefined,
      'DATA' = undefined,'DONT-FRAGMENT' = false,'ERROR-CODE' = undefined,
      'LIFETIME' = undefined,'MAPPED-ADDRESS' = undefined,
      'MESSAGE-INTEGRITY' = undefined,'NONCE' = undefined,'REALM' = undefined,
      'REQUESTED-ADDRESS-FAMILY' = undefined,
      'REQUESTED-TRANSPORT' = undefined,'SOFTWARE' = undefined,
      'UNKNOWN-ATTRIBUTES' = [],'USERNAME' = undefined,
      'XOR-MAPPED-ADDRESS' = undefined,'XOR-PEER-ADDRESS' = [],
      'XOR-RELAYED-ADDRESS' = undefined} (stun:process_data/3:421)
2023-01-30 09:56:50.191250+00:00 [debug] Responding to STUN request [TCP, session os3fjwt927co, anonymous, client 127.0.0.1:47026] (stun:process/4:323)
2023-01-30 09:56:50.191317+00:00 [debug] Running 'stun_query' hook [TCP, session os3fjwt927co, anonymous, client 127.0.0.1:47026] (stun:run_hook/3:843)
2023-01-30 09:56:50.191380+00:00 [debug] Got 'stun_query' event [TCP, session os3fjwt927co, anonymous, client 127.0.0.1:47026] (eturnal_module:handle_event/2:177)
2023-01-30 09:56:50.191428+00:00 [debug] Calling mod_log_stun:handle_event/2 [TCP, session os3fjwt927co, anonymous, client 127.0.0.1:47026] (eturnal_module:handle_event/2:180)
2023-01-30 09:56:50.191480+00:00 [info] Responding to STUN request [TCP, session os3fjwt927co, anonymous, client 127.0.0.1:47026] (mod_log_stun:handle_event/2:44)
2023-01-30 09:56:50.191525+00:00 [debug] Calling mod_stats_influx:handle_event/2 [TCP, session os3fjwt927co, anonymous, client 127.0.0.1:47026] (eturnal_module:handle_event/2:180)
2023-01-30 09:56:50.191569+00:00 [debug] Writing STUN query event to InfluxDB [TCP, session os3fjwt927co, anonymous, client 127.0.0.1:47026] (mod_stats_influx:on_stun_query/1:76)
2023-01-30 09:56:50.191739+00:00 [debug] Calling mod_stats_prometheus:handle_event/2 [TCP, session os3fjwt927co, anonymous, client 127.0.0.1:47026] (eturnal_module:handle_event/2:180)
2023-01-30 09:56:50.191792+00:00 [debug] Observing STUN query for Prometheus [TCP, session os3fjwt927co, anonymous, client 127.0.0.1:47026] (mod_stats_prometheus:on_stun_query/1:166)
2023-01-30 09:56:50.191898+00:00 [debug] Sending:
#stun{class = response,method = 1,magic = 554869826,
      trid = 44100016371829693188240032912,raw = <<>>,unsupported = [],
      'ALTERNATE-SERVER' = undefined,'CHANNEL-NUMBER' = undefined,
      'DATA' = undefined,'DONT-FRAGMENT' = false,'ERROR-CODE' = undefined,
      'LIFETIME' = undefined,'MAPPED-ADDRESS' = undefined,
      'MESSAGE-INTEGRITY' = undefined,'NONCE' = undefined,'REALM' = undefined,
      'REQUESTED-ADDRESS-FAMILY' = undefined,
      'REQUESTED-TRANSPORT' = undefined,'SOFTWARE' = <<"P1 STUN library">>,
      'UNKNOWN-ATTRIBUTES' = [],'USERNAME' = undefined,
      'XOR-MAPPED-ADDRESS' = {{127,0,0,1},47026},
      'XOR-PEER-ADDRESS' = [],'XOR-RELAYED-ADDRESS' = undefined} (stun:send/3:464)
2023-01-30 09:56:50.192187+00:00 [info] Connection reset by peer [TCP, session os3fjwt927co, anonymous, client 127.0.0.1:47026] (stun:handle_info/3:174)
2023-01-30 09:56:50.217681+00:00 [info] Accepting connection: 127.0.0.1:40588 -> 127.0.0.1:53490 [TLS, session x4xf8eqjwbso] (stun_acceptor:accept/3:158)
2023-01-30 09:56:51.226772+00:00 [debug] Received:
#stun{class = request,method = 1,magic = 554869826,
      trid = 67836482594020092643301910642,raw = <<>>,unsupported = [],
      'ALTERNATE-SERVER' = undefined,'CHANNEL-NUMBER' = undefined,
      'DATA' = undefined,'DONT-FRAGMENT' = false,'ERROR-CODE' = undefined,
      'LIFETIME' = undefined,'MAPPED-ADDRESS' = undefined,
      'MESSAGE-INTEGRITY' = undefined,'NONCE' = undefined,'REALM' = undefined,
      'REQUESTED-ADDRESS-FAMILY' = undefined,
      'REQUESTED-TRANSPORT' = undefined,'SOFTWARE' = undefined,
      'UNKNOWN-ATTRIBUTES' = [],'USERNAME' = undefined,
      'XOR-MAPPED-ADDRESS' = undefined,'XOR-PEER-ADDRESS' = [],
      'XOR-RELAYED-ADDRESS' = undefined} (stun:process_data/3:421)
2023-01-30 09:56:51.226949+00:00 [debug] Responding to STUN request [TLS, session x4xf8eqjwbso, anonymous, client 127.0.0.1:40588] (stun:process/4:323)
2023-01-30 09:56:51.227010+00:00 [debug] Running 'stun_query' hook [TLS, session x4xf8eqjwbso, anonymous, client 127.0.0.1:40588] (stun:run_hook/3:843)
2023-01-30 09:56:51.227078+00:00 [debug] Got 'stun_query' event [TLS, session x4xf8eqjwbso, anonymous, client 127.0.0.1:40588] (eturnal_module:handle_event/2:177)
2023-01-30 09:56:51.227118+00:00 [debug] Calling mod_log_stun:handle_event/2 [TLS, session x4xf8eqjwbso, anonymous, client 127.0.0.1:40588] (eturnal_module:handle_event/2:180)
2023-01-30 09:56:51.227160+00:00 [info] Responding to STUN request [TLS, session x4xf8eqjwbso, anonymous, client 127.0.0.1:40588] (mod_log_stun:handle_event/2:44)
2023-01-30 09:56:51.227202+00:00 [debug] Calling mod_stats_influx:handle_event/2 [TLS, session x4xf8eqjwbso, anonymous, client 127.0.0.1:40588] (eturnal_module:handle_event/2:180)
2023-01-30 09:56:51.227237+00:00 [debug] Writing STUN query event to InfluxDB [TLS, session x4xf8eqjwbso, anonymous, client 127.0.0.1:40588] (mod_stats_influx:on_stun_query/1:76)
2023-01-30 09:56:51.227415+00:00 [debug] Calling mod_stats_prometheus:handle_event/2 [TLS, session x4xf8eqjwbso, anonymous, client 127.0.0.1:40588] (eturnal_module:handle_event/2:180)
2023-01-30 09:56:51.227527+00:00 [debug] Observing STUN query for Prometheus [TLS, session x4xf8eqjwbso, anonymous, client 127.0.0.1:40588] (mod_stats_prometheus:on_stun_query/1:166)
2023-01-30 09:56:51.227673+00:00 [debug] Sending:
#stun{class = response,method = 1,magic = 554869826,
      trid = 67836482594020092643301910642,raw = <<>>,unsupported = [],
      'ALTERNATE-SERVER' = undefined,'CHANNEL-NUMBER' = undefined,
      'DATA' = undefined,'DONT-FRAGMENT' = false,'ERROR-CODE' = undefined,
      'LIFETIME' = undefined,'MAPPED-ADDRESS' = undefined,
      'MESSAGE-INTEGRITY' = undefined,'NONCE' = undefined,'REALM' = undefined,
      'REQUESTED-ADDRESS-FAMILY' = undefined,
      'REQUESTED-TRANSPORT' = undefined,'SOFTWARE' = <<"P1 STUN library">>,
      'UNKNOWN-ATTRIBUTES' = [],'USERNAME' = undefined,
      'XOR-MAPPED-ADDRESS' = {{127,0,0,1},40588},
      'XOR-PEER-ADDRESS' = [],'XOR-RELAYED-ADDRESS' = undefined} (stun:send/3:464)
2023-01-30 09:56:51.228007+00:00 [info] Connection reset by peer [TLS, session x4xf8eqjwbso, anonymous, client 127.0.0.1:40588] (stun:handle_info/3:174)
2023-01-30 09:56:51.253827+00:00 [info] Accepting connection: 127.0.0.1:52342 -> 127.0.0.1:34781 [TCP|TLS, session f5zrz659bd8o] (stun_acceptor:accept/3:158)
2023-01-30 09:56:51.253966+00:00 [debug] Determined transport protocol: TCP (stun:is_tls_handshake/1:789)
2023-01-30 09:56:51.254366+00:00 [debug] Received:
#stun{class = request,method = 1,magic = 554869826,
      trid = 17909095198532704692499760134,raw = <<>>,unsupported = [],
      'ALTERNATE-SERVER' = undefined,'CHANNEL-NUMBER' = undefined,
      'DATA' = undefined,'DONT-FRAGMENT' = false,'ERROR-CODE' = undefined,
      'LIFETIME' = undefined,'MAPPED-ADDRESS' = undefined,
      'MESSAGE-INTEGRITY' = undefined,'NONCE' = undefined,'REALM' = undefined,
      'REQUESTED-ADDRESS-FAMILY' = undefined,
      'REQUESTED-TRANSPORT' = undefined,'SOFTWARE' = undefined,
      'UNKNOWN-ATTRIBUTES' = [],'USERNAME' = undefined,
      'XOR-MAPPED-ADDRESS' = undefined,'XOR-PEER-ADDRESS' = [],
      'XOR-RELAYED-ADDRESS' = undefined} (stun:process_data/3:421)
2023-01-30 09:56:51.254474+00:00 [debug] Responding to STUN request [TCP, session f5zrz659bd8o, anonymous, client 127.0.0.1:52342] (stun:process/4:323)
2023-01-30 09:56:51.254520+00:00 [debug] Running 'stun_query' hook [TCP, session f5zrz659bd8o, anonymous, client 127.0.0.1:52342] (stun:run_hook/3:843)
2023-01-30 09:56:51.254564+00:00 [debug] Got 'stun_query' event [TCP, session f5zrz659bd8o, anonymous, client 127.0.0.1:52342] (eturnal_module:handle_event/2:177)
2023-01-30 09:56:51.254598+00:00 [debug] Calling mod_log_stun:handle_event/2 [TCP, session f5zrz659bd8o, anonymous, client 127.0.0.1:52342] (eturnal_module:handle_event/2:180)
2023-01-30 09:56:51.254638+00:00 [info] Responding to STUN request [TCP, session f5zrz659bd8o, anonymous, client 127.0.0.1:52342] (mod_log_stun:handle_event/2:44)
2023-01-30 09:56:51.254675+00:00 [debug] Calling mod_stats_influx:handle_event/2 [TCP, session f5zrz659bd8o, anonymous, client 127.0.0.1:52342] (eturnal_module:handle_event/2:180)
2023-01-30 09:56:51.254710+00:00 [debug] Writing STUN query event to InfluxDB [TCP, session f5zrz659bd8o, anonymous, client 127.0.0.1:52342] (mod_stats_influx:on_stun_query/1:76)
2023-01-30 09:56:51.254873+00:00 [debug] Calling mod_stats_prometheus:handle_event/2 [TCP, session f5zrz659bd8o, anonymous, client 127.0.0.1:52342] (eturnal_module:handle_event/2:180)
2023-01-30 09:56:51.254947+00:00 [debug] Observing STUN query for Prometheus [TCP, session f5zrz659bd8o, anonymous, client 127.0.0.1:52342] (mod_stats_prometheus:on_stun_query/1:166)
2023-01-30 09:56:51.255046+00:00 [debug] Sending:
#stun{class = response,method = 1,magic = 554869826,
      trid = 17909095198532704692499760134,raw = <<>>,unsupported = [],
      'ALTERNATE-SERVER' = undefined,'CHANNEL-NUMBER' = undefined,
      'DATA' = undefined,'DONT-FRAGMENT' = false,'ERROR-CODE' = undefined,
      'LIFETIME' = undefined,'MAPPED-ADDRESS' = undefined,
      'MESSAGE-INTEGRITY' = undefined,'NONCE' = undefined,'REALM' = undefined,
      'REQUESTED-ADDRESS-FAMILY' = undefined,
      'REQUESTED-TRANSPORT' = undefined,'SOFTWARE' = <<"P1 STUN library">>,
      'UNKNOWN-ATTRIBUTES' = [],'USERNAME' = undefined,
      'XOR-MAPPED-ADDRESS' = {{127,0,0,1},52342},
      'XOR-PEER-ADDRESS' = [],'XOR-RELAYED-ADDRESS' = undefined} (stun:send/3:464)
2023-01-30 09:56:51.255359+00:00 [info] Connection reset by peer [TCP, session f5zrz659bd8o, anonymous, client 127.0.0.1:52342] (stun:handle_info/3:174)
2023-01-30 09:56:51.279900+00:00 [info] Accepting connection: 127.0.0.1:52348 -> 127.0.0.1:34781 [TCP|TLS, session iuxu79zpdslu] (stun_acceptor:accept/3:158)
2023-01-30 09:56:51.280063+00:00 [debug] Determined transport protocol: TLS (stun:is_tls_handshake/1:786)
2023-01-30 09:56:52.288780+00:00 [debug] Received:
#stun{class = request,method = 1,magic = 554869826,
      trid = 35144829766991823778175355933,raw = <<>>,unsupported = [],
      'ALTERNATE-SERVER' = undefined,'CHANNEL-NUMBER' = undefined,
      'DATA' = undefined,'DONT-FRAGMENT' = false,'ERROR-CODE' = undefined,
      'LIFETIME' = undefined,'MAPPED-ADDRESS' = undefined,
      'MESSAGE-INTEGRITY' = undefined,'NONCE' = undefined,'REALM' = undefined,
      'REQUESTED-ADDRESS-FAMILY' = undefined,
      'REQUESTED-TRANSPORT' = undefined,'SOFTWARE' = undefined,
      'UNKNOWN-ATTRIBUTES' = [],'USERNAME' = undefined,
      'XOR-MAPPED-ADDRESS' = undefined,'XOR-PEER-ADDRESS' = [],
      'XOR-RELAYED-ADDRESS' = undefined} (stun:process_data/3:421)
2023-01-30 09:56:52.288976+00:00 [debug] Responding to STUN request [TLS, session iuxu79zpdslu, anonymous, client 127.0.0.1:52348] (stun:process/4:323)
2023-01-30 09:56:52.289041+00:00 [debug] Running 'stun_query' hook [TLS, session iuxu79zpdslu, anonymous, client 127.0.0.1:52348] (stun:run_hook/3:843)
2023-01-30 09:56:52.289083+00:00 [debug] Got 'stun_query' event [TLS, session iuxu79zpdslu, anonymous, client 127.0.0.1:52348] (eturnal_module:handle_event/2:177)
2023-01-30 09:56:52.289129+00:00 [debug] Calling mod_log_stun:handle_event/2 [TLS, session iuxu79zpdslu, anonymous, client 127.0.0.1:52348] (eturnal_module:handle_event/2:180)
2023-01-30 09:56:52.289184+00:00 [info] Responding to STUN request [TLS, session iuxu79zpdslu, anonymous, client 127.0.0.1:52348] (mod_log_stun:handle_event/2:44)
2023-01-30 09:56:52.289221+00:00 [debug] Calling mod_stats_influx:handle_event/2 [TLS, session iuxu79zpdslu, anonymous, client 127.0.0.1:52348] (eturnal_module:handle_event/2:180)
2023-01-30 09:56:52.289263+00:00 [debug] Writing STUN query event to InfluxDB [TLS, session iuxu79zpdslu, anonymous, client 127.0.0.1:52348] (mod_stats_influx:on_stun_query/1:76)
2023-01-30 09:56:52.289471+00:00 [debug] Calling mod_stats_prometheus:handle_event/2 [TLS, session iuxu79zpdslu, anonymous, client 127.0.0.1:52348] (eturnal_module:handle_event/2:180)
2023-01-30 09:56:52.289530+00:00 [debug] Observing STUN query for Prometheus [TLS, session iuxu79zpdslu, anonymous, client 127.0.0.1:52348] (mod_stats_prometheus:on_stun_query/1:166)
2023-01-30 09:56:52.289618+00:00 [debug] Sending:
#stun{class = response,method = 1,magic = 554869826,
      trid = 35144829766991823778175355933,raw = <<>>,unsupported = [],
      'ALTERNATE-SERVER' = undefined,'CHANNEL-NUMBER' = undefined,
      'DATA' = undefined,'DONT-FRAGMENT' = false,'ERROR-CODE' = undefined,
      'LIFETIME' = undefined,'MAPPED-ADDRESS' = undefined,
      'MESSAGE-INTEGRITY' = undefined,'NONCE' = undefined,'REALM' = undefined,
      'REQUESTED-ADDRESS-FAMILY' = undefined,
      'REQUESTED-TRANSPORT' = undefined,'SOFTWARE' = <<"P1 STUN library">>,
      'UNKNOWN-ATTRIBUTES' = [],'USERNAME' = undefined,
      'XOR-MAPPED-ADDRESS' = {{127,0,0,1},52348},
      'XOR-PEER-ADDRESS' = [],'XOR-RELAYED-ADDRESS' = undefined} (stun:send/3:464)
2023-01-30 09:56:52.289889+00:00 [info] Connection reset by peer [TLS, session iuxu79zpdslu, anonymous, client 127.0.0.1:52348] (stun:handle_info/3:174)
2023-01-30 09:56:52.315196+00:00 [debug] Terminating eturnal (shutdown) (eturnal:terminate/2:173)
2023-01-30 09:56:52.315187+00:00 [debug] No NOTIFY_SOCKET, dropping STOPPING=1 notification (eturnal_systemd:handle_cast/2:108)
2023-01-30 09:56:52.315494+00:00 [debug] Watchdog interval is undefined, hibernating (eturnal_systemd:get_timeout/1:161)
2023-01-30 09:56:52.315534+00:00 [info] Stopped listening on 127.0.0.1:34780 (udp) (eturnal:stop_listeners/1:411)
2023-01-30 09:56:52.315820+00:00 [info] Stopped listening on 127.0.0.1:34780 (tcp) (eturnal:stop_listeners/1:411)
2023-01-30 09:56:52.316071+00:00 [info] Stopped listening on 127.0.0.1:53490 (tls) (eturnal:stop_listeners/1:411)
2023-01-30 09:56:52.316850+00:00 [info] Stopped listening on 127.0.0.1:34781 (auto) (eturnal:stop_listeners/1:411)
2023-01-30 09:56:52.317125+00:00 [debug] Calling mod_log_stun:stop/1 (eturnal_module:stop/1:163)
2023-01-30 09:56:52.317252+00:00 [debug] Stopping mod_log_stun (mod_log_stun:stop/0:49)
2023-01-30 09:56:52.317370+00:00 [info] Stopped mod_log_stun (eturnal:stop_modules/1:368)
2023-01-30 09:56:52.319237+00:00 [debug] Calling mod_stats_influx:stop/1 (eturnal_module:stop/1:163)
2023-01-30 09:56:52.319434+00:00 [debug] Stopping mod_stats_influx (mod_stats_influx:stop/0:61)
2023-01-30 09:56:52.319581+00:00 [info] Stopped mod_stats_influx (eturnal:stop_modules/1:368)
2023-01-30 09:56:52.321353+00:00 [debug] Calling mod_stats_prometheus:stop/1 (eturnal_module:stop/1:163)
2023-01-30 09:56:52.321535+00:00 [debug] Stopping mod_stats_prometheus (mod_stats_prometheus:stop/0:110)
2023-01-30 09:56:52.322659+00:00 [info] Stopped mod_stats_prometheus (eturnal:stop_modules/1:368)
2023-01-30 09:56:52.322995+00:00 [debug] Removed run/cert.pem (eturnal:clean_run_dir/0:804)
2023-01-30 09:56:52.323129+00:00 [debug] Terminating eturnal_systemd (shutdown) (eturnal_systemd:terminate/2:135)
2023-01-30 09:56:52.323307+00:00 [notice] Stopping eturnal 1.10.1 on Erlang/OTP 25 (ERTS 13.1.3) (eturnal_app:stop/1:53)
