2023-10-01 18:33:24.883954+00:00 [notice] Starting eturnal 1.12.0 on Erlang/OTP 26 (ERTS 14.0) (eturnal_app:start/2:34)
2023-10-01 18:33:24.884366+00:00 [debug] Starting supervisor: eturnal_sup (eturnal_sup:start_link/0:31)
2023-10-01 18:33:24.884558+00:00 [debug] Configuring eturnal_sup supervisor: [#{id => systemd,
                                       start =>
                                           {eturnal_systemd,start_link,[]}},
                                     #{id => eturnal,
                                       start => {eturnal,start_link,[]}}] (eturnal_sup:init/0:39)
2023-10-01 18:33:24.886927+00:00 [info] Got no NOTIFY_SOCKET, notifications disabled (eturnal_systemd:init/1:86)
2023-10-01 18:33:24.887179+00:00 [debug] PROGRESS REPORT:
    supervisor: {local,eturnal_sup}
    started: [{pid,<0.1020.0>},
              {id,systemd},
              {mfargs,{eturnal_systemd,start_link,[]}},
              {restart_type,permanent},
              {significant,false},
              {shutdown,5000},
              {child_type,worker}]
 (supervisor:report_progress/2:1563)
2023-10-01 18:33:24.887328+00:00 [info] Relay IPv4 address: 127.0.0.1 (port range: 49152-65535) (eturnal:log_relay_addresses/0:347)
2023-10-01 18:33:24.887568+00:00 [info] Relay IPv6 address not configured (eturnal:log_relay_addresses/0:357)
2023-10-01 18:33:24.900037+00:00 [info] Cannot determine control query port: noport (eturnal:log_control_listener/0:372)
2023-10-01 18:33:24.900560+00:00 [debug] Using run directory run (eturnal:ensure_run_dir/0:858)
2023-10-01 18:33:24.900697+00:00 [debug] TURN configuration seems fine (eturnal:check_turn_config/0:602)
2023-10-01 18:33:24.900917+00:00 [warning] TLS enabled without 'tls_crt_file', creating self-signed certificate (eturnal:check_pem_file/0:804)
2023-10-01 18:33:25.904801+00:00 [debug] Calling mod_stats_influx:start/0 (eturnal_module:start/1:143)
2023-10-01 18:33:25.905173+00:00 [debug] Starting mod_stats_influx (mod_stats_influx:start/0:37)
2023-10-01 18:33:25.908124+00:00 [debug] PROGRESS REPORT:
    application: ulitos
    started_at: nonode@nohost
 (application_controller:info_started/2:2117)
2023-10-01 18:33:25.909619+00:00 [debug] PROGRESS REPORT:
    application: poolboy
    started_at: nonode@nohost
 (application_controller:info_started/2:2117)
2023-10-01 18:33:25.910947+00:00 [info]     msg: Starting application: influx_udp (influx_udp_app:start/2:10)
2023-10-01 18:33:25.914824+00:00 [debug] PROGRESS REPORT:
    supervisor: {local,influx_udp_sup}
    started: [{pid,<0.1039.0>},
              {id,influx_udp},
              {mfargs,{influx_udp,start_link,[]}},
              {restart_type,permanent},
              {significant,false},
              {shutdown,5000},
              {child_type,worker}]
 (supervisor:report_progress/2:1563)
2023-10-01 18:33:25.915004+00:00 [debug] PROGRESS REPORT:
    application: influx_udp
    started_at: nonode@nohost
 (application_controller:info_started/2:2117)
2023-10-01 18:33:25.915079+00:00 [debug] Dependency influx_udp was available already (eturnal_module:ensure_dep/2:284)
2023-10-01 18:33:25.917925+00:00 [info]     options: #{port => 8089,host => "localhost",pool_size => 1,
               max_overflow => 1}
    msg: Start clients pool
    host: {127,0,0,1} (influx_udp:start_pool_/2:239)
2023-10-01 18:33:25.937830+00:00 [info]     port: 51203
    msg: Open UDP socket on port (influx_udp_worker:init/1:43)
2023-10-01 18:33:25.938071+00:00 [debug] PROGRESS REPORT:
    supervisor: {local,influx_udp_sup}
    started: [{pid,<0.1042.0>},
              {id,stats_influx_pool},
              {mfargs,
                  {poolboy,start_link,
                      [[{name,{local,stats_influx_pool}},
                        {worker_module,influx_udp_worker},
                        {size,1},
                        {max_overflow,1}],
                       [{options,
                            #{port => 8089,
                              host => {127,0,0,1},
                              pool_size => 1,max_overflow => 1}}]]}},
              {restart_type,permanent},
              {significant,false},
              {shutdown,5000},
              {child_type,worker}]
 (supervisor:report_progress/2:1563)
2023-10-01 18:33:25.938369+00:00 [info] Started mod_stats_influx (eturnal:start_modules/0:383)
2023-10-01 18:33:25.938512+00:00 [debug] Calling mod_stats_prometheus:start/0 (eturnal_module:start/1:143)
2023-10-01 18:33:25.938720+00:00 [debug] Starting mod_stats_prometheus (mod_stats_prometheus:start/0:56)
2023-10-01 18:33:27.879864+00:00 [debug] PROGRESS REPORT:
    application: prometheus
    started_at: nonode@nohost
 (application_controller:info_started/2:2117)
2023-10-01 18:33:27.881410+00:00 [debug] PROGRESS REPORT:
    application: accept
    started_at: nonode@nohost
 (application_controller:info_started/2:2117)
2023-10-01 18:33:27.881700+00:00 [debug] PROGRESS REPORT:
    application: prometheus_httpd
    started_at: nonode@nohost
 (application_controller:info_started/2:2117)
2023-10-01 18:33:27.881789+00:00 [debug] Dependency prometheus_httpd was available already (eturnal_module:ensure_dep/2:284)
2023-10-01 18:33:27.882881+00:00 [debug] PROGRESS REPORT:
    supervisor: {local,httpd_instance_sup__127_0_0_1__9081default}
    started: [{pid,<0.1064.0>},
              {id,{httpd_connection_sup,{127,0,0,1},9081,default}},
              {mfargs,{httpd_connection_sup,start_link,[[{127,0,0,1},9081]]}},
              {restart_type,permanent},
              {significant,false},
              {shutdown,5000},
              {child_type,supervisor}]
 (supervisor:report_progress/2:1563)
2023-10-01 18:33:27.883294+00:00 [debug] PROGRESS REPORT:
    supervisor: {local,httpd_acceptor_sup__127_0_0_1__9081default}
    started: [{pid,<0.1066.0>},
              {id,{httpd_acceptor_sup,{127,0,0,1},9081,default}},
              {mfargs,{httpd_acceptor,start_link,
                                      [httpd__127_0_0_1__9081default,ip_comm,
                                       {127,0,0,1},
                                       9081,inet,
                                       httpd_conf__127_0_0_1__9081default,
                                       15000]}},
              {restart_type,transient},
              {significant,false},
              {shutdown,brutal_kill},
              {child_type,worker}]
 (supervisor:report_progress/2:1563)
2023-10-01 18:33:27.883447+00:00 [debug] PROGRESS REPORT:
    supervisor: {local,httpd_instance_sup__127_0_0_1__9081default}
    started: [{pid,<0.1065.0>},
              {id,{httpd_acceptor_sup,{127,0,0,1},9081,default}},
              {mfargs,
                  {httpd_acceptor_sup,start_link,
                      [[{127,0,0,1},
                        9081,
                        [{bind_address,{127,0,0,1}},
                         {socket_type,ip_comm},
                         {port,9081},
                         {server_root,"run/mod_stats_prometheus/doc"},
                         {document_root,"run/mod_stats_prometheus/doc"},
                         {server_name,"Prometheus Exporter"},
                         {modules,[prometheus_httpd]}],
                        15000,undefined]]}},
              {restart_type,permanent},
              {significant,false},
              {shutdown,infinity},
              {child_type,supervisor}]
 (supervisor:report_progress/2:1563)
2023-10-01 18:33:27.883622+00:00 [debug] PROGRESS REPORT:
    supervisor: {local,httpd_instance_sup__127_0_0_1__9081default}
    started: [{pid,<0.1067.0>},
              {id,{httpd_misc_sup,{127,0,0,1},9081,default}},
              {mfargs,{httpd_misc_sup,start_link,[{127,0,0,1},9081,default]}},
              {restart_type,permanent},
              {significant,false},
              {shutdown,infinity},
              {child_type,supervisor}]
 (supervisor:report_progress/2:1563)
2023-10-01 18:33:27.883932+00:00 [debug] PROGRESS REPORT:
    supervisor: {local,httpd_instance_sup__127_0_0_1__9081default}
    started: [{pid,<0.1068.0>},
              {id,{httpd_manager,{127,0,0,1},9081,default}},
              {mfargs,
                  {httpd_manager,start_link,
                      [undefined,
                       [{bind_address,{127,0,0,1}},
                        {socket_type,ip_comm},
                        {port,9081},
                        {server_root,"run/mod_stats_prometheus/doc"},
                        {document_root,"run/mod_stats_prometheus/doc"},
                        {server_name,"Prometheus Exporter"},
                        {modules,[prometheus_httpd]}],
                       15000]}},
              {restart_type,permanent},
              {significant,false},
              {shutdown,4000},
              {child_type,worker}]
 (supervisor:report_progress/2:1563)
2023-10-01 18:33:27.884058+00:00 [debug] PROGRESS REPORT:
    supervisor: {local,httpd_sup}
    started: [{pid,<0.1063.0>},
              {id,{httpd_instance_sup,{127,0,0,1},9081,default}},
              {mfargs,
                  {httpd_instance_sup,start_link,
                      [[{bind_address,{127,0,0,1}},
                        {socket_type,ip_comm},
                        {port,9081},
                        {server_root,"run/mod_stats_prometheus/doc"},
                        {document_root,"run/mod_stats_prometheus/doc"},
                        {server_name,"Prometheus Exporter"},
                        {modules,[prometheus_httpd]}],
                       15000,[]]}},
              {restart_type,permanent},
              {significant,false},
              {shutdown,infinity},
              {child_type,supervisor}]
 (supervisor:report_progress/2:1563)
2023-10-01 18:33:27.885255+00:00 [info] Started mod_stats_prometheus (eturnal:start_modules/0:383)
2023-10-01 18:33:27.885509+00:00 [debug] Calling mod_log_stun:start/0 (eturnal_module:start/1:143)
2023-10-01 18:33:27.885687+00:00 [debug] Starting mod_log_stun (mod_log_stun:start/0:38)
2023-10-01 18:33:27.886029+00:00 [info] Started mod_log_stun (eturnal:start_modules/0:383)
2023-10-01 18:33:27.886235+00:00 [warning] The 'blacklist' option is deprecated (eturnal:blacklist_opts/0:502)
2023-10-01 18:33:27.886473+00:00 [warning] Use 'blacklist_clients' and/or 'blacklist_peers' (eturnal:blacklist_opts/0:503)
2023-10-01 18:33:27.886593+00:00 [warning] The 'whitelist' option is deprecated (eturnal:whitelist_opts/0:519)
2023-10-01 18:33:27.886678+00:00 [warning] Use 'whitelist_clients' and/or 'whitelist_peers' (eturnal:whitelist_opts/0:520)
2023-10-01 18:33:27.886785+00:00 [debug] Starting listener 127.0.0.1:34780 (udp) with options:
[{use_turn,true},
 {auth_type,user},
 {turn_ipv4_address,{127,0,0,1}},
 {turn_min_port,49152},
 {turn_max_port,65535},
 {turn_max_allocations,10},
 {turn_max_permissions,10},
 {shaper,100000},
 {auth_realm,<<"eturnal.net">>},
 {server_name,<<"eturnal">>},
 {auth_fun,fun eturnal:get_password/2},
 {hook_fun,fun eturnal:run_hook/2},
 {turn_blacklist_clients,[{{10,0,0,0},8},
                          {{100,64,0,0},10},
                          {{127,0,0,0},8},
                          {{169,254,0,0},16},
                          {{172,16,0,0},12},
                          {{192,0,0,0},24},
                          {{192,0,2,0},24},
                          {{192,88,99,0},24},
                          {{192,168,0,0},16},
                          {{198,18,0,0},15},
                          {{198,51,100,0},24},
                          {{203,0,113,0},24},
                          {{224,0,0,0},4},
                          {{240,0,0,0},4},
                          {{0,0,0,0,0,0,0,1},128},
                          {{0,0,0,0,0,65535,0,0},96},
                          {{100,65435,0,0,0,0,0,0},96},
                          {{256,0,0,0,0,0,0,0},64},
                          {{8193,3512,0,0,0,0,0,0},32},
                          {{64512,0,0,0,0,0,0,0},7},
                          {{65152,0,0,0,0,0,0,0},10},
                          {{65280,0,0,0,0,0,0,0},8}]},
 {turn_blacklist_peers,[{{10,0,0,0},8},
                        {{100,64,0,0},10},
                        {{127,0,0,0},8},
                        {{169,254,0,0},16},
                        {{172,16,0,0},12},
                        {{192,0,0,0},24},
                        {{192,0,2,0},24},
                        {{192,88,99,0},24},
                        {{192,168,0,0},16},
                        {{198,18,0,0},15},
                        {{198,51,100,0},24},
                        {{203,0,113,0},24},
                        {{224,0,0,0},4},
                        {{240,0,0,0},4},
                        {{0,0,0,0,0,0,0,1},128},
                        {{0,0,0,0,0,65535,0,0},96},
                        {{100,65435,0,0,0,0,0,0},96},
                        {{256,0,0,0,0,0,0,0},64},
                        {{8193,3512,0,0,0,0,0,0},32},
                        {{64512,0,0,0,0,0,0,0},7},
                        {{65152,0,0,0,0,0,0,0},10},
                        {{65280,0,0,0,0,0,0,0},8}]},
 {turn_whitelist_clients,[{{127,0,0,1},32},
                          {{203,0,113,113},32},
                          {{8193,3512,0,0,0,0,0,0},64}]},
 {turn_whitelist_peers,[{{127,0,0,1},32},
                        {{203,0,113,113},32},
                        {{8193,3512,0,0,0,0,0,0},64}]}] (eturnal:start_listeners/0:418)
2023-10-01 18:33:27.888831+00:00 [info] Listening on 127.0.0.1:34780 (udp) (STUN/TURN) (eturnal:start_listeners/0:425)
2023-10-01 18:33:27.889083+00:00 [debug] Starting listener 127.0.0.1:34780 (tcp) with options:
[{use_turn,false},
 {auth_type,anonymous},
 {turn_ipv4_address,{127,0,0,1}},
 {turn_min_port,49152},
 {turn_max_port,65535},
 {turn_max_allocations,10},
 {turn_max_permissions,10},
 {shaper,100000},
 {auth_realm,<<"eturnal.net">>},
 {server_name,<<"eturnal">>},
 {auth_fun,fun eturnal:get_password/2},
 {hook_fun,fun eturnal:run_hook/2},
 {turn_blacklist_clients,[{{10,0,0,0},8},
                          {{100,64,0,0},10},
                          {{127,0,0,0},8},
                          {{169,254,0,0},16},
                          {{172,16,0,0},12},
                          {{192,0,0,0},24},
                          {{192,0,2,0},24},
                          {{192,88,99,0},24},
                          {{192,168,0,0},16},
                          {{198,18,0,0},15},
                          {{198,51,100,0},24},
                          {{203,0,113,0},24},
                          {{224,0,0,0},4},
                          {{240,0,0,0},4},
                          {{0,0,0,0,0,0,0,1},128},
                          {{0,0,0,0,0,65535,0,0},96},
                          {{100,65435,0,0,0,0,0,0},96},
                          {{256,0,0,0,0,0,0,0},64},
                          {{8193,3512,0,0,0,0,0,0},32},
                          {{64512,0,0,0,0,0,0,0},7},
                          {{65152,0,0,0,0,0,0,0},10},
                          {{65280,0,0,0,0,0,0,0},8}]},
 {turn_blacklist_peers,[{{10,0,0,0},8},
                        {{100,64,0,0},10},
                        {{127,0,0,0},8},
                        {{169,254,0,0},16},
                        {{172,16,0,0},12},
                        {{192,0,0,0},24},
                        {{192,0,2,0},24},
                        {{192,88,99,0},24},
                        {{192,168,0,0},16},
                        {{198,18,0,0},15},
                        {{198,51,100,0},24},
                        {{203,0,113,0},24},
                        {{224,0,0,0},4},
                        {{240,0,0,0},4},
                        {{0,0,0,0,0,0,0,1},128},
                        {{0,0,0,0,0,65535,0,0},96},
                        {{100,65435,0,0,0,0,0,0},96},
                        {{256,0,0,0,0,0,0,0},64},
                        {{8193,3512,0,0,0,0,0,0},32},
                        {{64512,0,0,0,0,0,0,0},7},
                        {{65152,0,0,0,0,0,0,0},10},
                        {{65280,0,0,0,0,0,0,0},8}]},
 {turn_whitelist_clients,[{{127,0,0,1},32},
                          {{203,0,113,113},32},
                          {{8193,3512,0,0,0,0,0,0},64}]},
 {turn_whitelist_peers,[{{127,0,0,1},32},
                        {{203,0,113,113},32},
                        {{8193,3512,0,0,0,0,0,0},64}]}] (eturnal:start_listeners/0:418)
2023-10-01 18:33:27.890622+00:00 [info] Listening on 127.0.0.1:34780 (tcp) (STUN only) (eturnal:start_listeners/0:425)
2023-10-01 18:33:27.891156+00:00 [debug] Starting listener 127.0.0.1:53490 (tls) with options:
[{use_turn,false},
 {auth_type,anonymous},
 {tls,true},
 {certfile,<<"run/cert.pem">>},
 {ciphers,<<"HIGH:!aNULL:@STRENGTH">>},
 {protocol_options,<<"no_tlsv1|no_tlsv1_1|cipher_server_preference">>},
 {turn_ipv4_address,{127,0,0,1}},
 {turn_min_port,49152},
 {turn_max_port,65535},
 {turn_max_allocations,10},
 {turn_max_permissions,10},
 {shaper,100000},
 {auth_realm,<<"eturnal.net">>},
 {server_name,<<"eturnal">>},
 {auth_fun,fun eturnal:get_password/2},
 {hook_fun,fun eturnal:run_hook/2},
 {turn_blacklist_clients,[{{10,0,0,0},8},
                          {{100,64,0,0},10},
                          {{127,0,0,0},8},
                          {{169,254,0,0},16},
                          {{172,16,0,0},12},
                          {{192,0,0,0},24},
                          {{192,0,2,0},24},
                          {{192,88,99,0},24},
                          {{192,168,0,0},16},
                          {{198,18,0,0},15},
                          {{198,51,100,0},24},
                          {{203,0,113,0},24},
                          {{224,0,0,0},4},
                          {{240,0,0,0},4},
                          {{0,0,0,0,0,0,0,1},128},
                          {{0,0,0,0,0,65535,0,0},96},
                          {{100,65435,0,0,0,0,0,0},96},
                          {{256,0,0,0,0,0,0,0},64},
                          {{8193,3512,0,0,0,0,0,0},32},
                          {{64512,0,0,0,0,0,0,0},7},
                          {{65152,0,0,0,0,0,0,0},10},
                          {{65280,0,0,0,0,0,0,0},8}]},
 {turn_blacklist_peers,[{{10,0,0,0},8},
                        {{100,64,0,0},10},
                        {{127,0,0,0},8},
                        {{169,254,0,0},16},
                        {{172,16,0,0},12},
                        {{192,0,0,0},24},
                        {{192,0,2,0},24},
                        {{192,88,99,0},24},
                        {{192,168,0,0},16},
                        {{198,18,0,0},15},
                        {{198,51,100,0},24},
                        {{203,0,113,0},24},
                        {{224,0,0,0},4},
                        {{240,0,0,0},4},
                        {{0,0,0,0,0,0,0,1},128},
                        {{0,0,0,0,0,65535,0,0},96},
                        {{100,65435,0,0,0,0,0,0},96},
                        {{256,0,0,0,0,0,0,0},64},
                        {{8193,3512,0,0,0,0,0,0},32},
                        {{64512,0,0,0,0,0,0,0},7},
                        {{65152,0,0,0,0,0,0,0},10},
                        {{65280,0,0,0,0,0,0,0},8}]},
 {turn_whitelist_clients,[{{127,0,0,1},32},
                          {{203,0,113,113},32},
                          {{8193,3512,0,0,0,0,0,0},64}]},
 {turn_whitelist_peers,[{{127,0,0,1},32},
                        {{203,0,113,113},32},
                        {{8193,3512,0,0,0,0,0,0},64}]}] (eturnal:start_listeners/0:418)
2023-10-01 18:33:27.892278+00:00 [info] Listening on 127.0.0.1:53490 (tls) (STUN only) (eturnal:start_listeners/0:425)
2023-10-01 18:33:27.892473+00:00 [debug] Starting listener 127.0.0.1:34781 (auto) with options:
[{use_turn,false},
 {auth_type,anonymous},
 {tls,optional},
 {certfile,<<"run/cert.pem">>},
 {ciphers,<<"HIGH:!aNULL:@STRENGTH">>},
 {protocol_options,<<"no_tlsv1|no_tlsv1_1|cipher_server_preference">>},
 {turn_ipv4_address,{127,0,0,1}},
 {turn_min_port,49152},
 {turn_max_port,65535},
 {turn_max_allocations,10},
 {turn_max_permissions,10},
 {shaper,100000},
 {auth_realm,<<"eturnal.net">>},
 {server_name,<<"eturnal">>},
 {auth_fun,fun eturnal:get_password/2},
 {hook_fun,fun eturnal:run_hook/2},
 {turn_blacklist_clients,[{{10,0,0,0},8},
                          {{100,64,0,0},10},
                          {{127,0,0,0},8},
                          {{169,254,0,0},16},
                          {{172,16,0,0},12},
                          {{192,0,0,0},24},
                          {{192,0,2,0},24},
                          {{192,88,99,0},24},
                          {{192,168,0,0},16},
                          {{198,18,0,0},15},
                          {{198,51,100,0},24},
                          {{203,0,113,0},24},
                          {{224,0,0,0},4},
                          {{240,0,0,0},4},
                          {{0,0,0,0,0,0,0,1},128},
                          {{0,0,0,0,0,65535,0,0},96},
                          {{100,65435,0,0,0,0,0,0},96},
                          {{256,0,0,0,0,0,0,0},64},
                          {{8193,3512,0,0,0,0,0,0},32},
                          {{64512,0,0,0,0,0,0,0},7},
                          {{65152,0,0,0,0,0,0,0},10},
                          {{65280,0,0,0,0,0,0,0},8}]},
 {turn_blacklist_peers,[{{10,0,0,0},8},
                        {{100,64,0,0},10},
                        {{127,0,0,0},8},
                        {{169,254,0,0},16},
                        {{172,16,0,0},12},
                        {{192,0,0,0},24},
                        {{192,0,2,0},24},
                        {{192,88,99,0},24},
                        {{192,168,0,0},16},
                        {{198,18,0,0},15},
                        {{198,51,100,0},24},
                        {{203,0,113,0},24},
                        {{224,0,0,0},4},
                        {{240,0,0,0},4},
                        {{0,0,0,0,0,0,0,1},128},
                        {{0,0,0,0,0,65535,0,0},96},
                        {{100,65435,0,0,0,0,0,0},96},
                        {{256,0,0,0,0,0,0,0},64},
                        {{8193,3512,0,0,0,0,0,0},32},
                        {{64512,0,0,0,0,0,0,0},7},
                        {{65152,0,0,0,0,0,0,0},10},
                        {{65280,0,0,0,0,0,0,0},8}]},
 {turn_whitelist_clients,[{{127,0,0,1},32},
                          {{203,0,113,113},32},
                          {{8193,3512,0,0,0,0,0,0},64}]},
 {turn_whitelist_peers,[{{127,0,0,1},32},
                        {{203,0,113,113},32},
                        {{8193,3512,0,0,0,0,0,0},64}]}] (eturnal:start_listeners/0:418)
2023-10-01 18:33:27.893287+00:00 [info] Listening on 127.0.0.1:34781 (auto) (STUN only) (eturnal:start_listeners/0:425)
2023-10-01 18:33:27.893476+00:00 [debug] Started 3 modules (eturnal:init/1:105)
2023-10-01 18:33:27.893574+00:00 [debug] Started 4 listeners (eturnal:init/1:106)
2023-10-01 18:33:27.893650+00:00 [debug] PROGRESS REPORT:
    supervisor: {local,eturnal_sup}
    started: [{pid,<0.1022.0>},
              {id,eturnal},
              {mfargs,{eturnal,start_link,[]}},
              {restart_type,permanent},
              {significant,false},
              {shutdown,5000},
              {child_type,worker}]
 (supervisor:report_progress/2:1563)
2023-10-01 18:33:27.893750+00:00 [debug] No NOTIFY_SOCKET, dropping READY=1 notification (eturnal_systemd:handle_cast/2:99)
2023-10-01 18:33:27.893883+00:00 [debug] PROGRESS REPORT:
    application: eturnal
    started_at: nonode@nohost
 (application_controller:info_started/2:2117)
2023-10-01 18:33:27.933382+00:00 [debug] Handling API call: get_info() (eturnal_ctl:get_info/0:128)
2023-10-01 18:33:27.934006+00:00 [debug] eturnal call (get_info) returned {ok,
                                  {eturnal_node_info,<<"1.12.0">>,
                                   {"26","14.0"},
                                   6821,0,165,148497827,2,62004944}} (eturnal_ctl:call/1:434)
2023-10-01 18:33:27.958998+00:00 [debug] Handling API call: get_sessions() (eturnal_ctl:get_sessions/0:99)
2023-10-01 18:33:27.983184+00:00 [debug] Handling API call: get_sessions("alice") (eturnal_ctl:get_sessions/1:109)
2023-10-01 18:33:27.983492+00:00 [debug] Handling API call: disconnect(alice) (eturnal_ctl:disconnect/1:177)
2023-10-01 18:33:27.983638+00:00 [debug] Cannot convert user name to binary: alice (eturnal_ctl:disconnect/1:187)
2023-10-01 18:33:28.009226+00:00 [debug] Handling API call: disconnect("alice") (eturnal_ctl:disconnect/1:177)
2023-10-01 18:33:28.009539+00:00 [debug] Handling API call: disconnect(alice) (eturnal_ctl:disconnect/1:177)
2023-10-01 18:33:28.009694+00:00 [debug] Cannot convert user name to binary: alice (eturnal_ctl:disconnect/1:187)
2023-10-01 18:33:28.034859+00:00 [debug] Handling API call: get_credentials("2009-10-30 11:00:00Z", []) (eturnal_ctl:get_credentials/2:59)
2023-10-01 18:33:28.035246+00:00 [debug] eturnal call ({get_password,<<"1256900400">>}) returned {ok,
                                                         <<"uEKlpcME7MNMMVRV8rUFPCTIFEs=">>} (eturnal_ctl:call/1:434)
2023-10-01 18:33:28.035511+00:00 [debug] Handling API call: get_credentials("86400", "alice") (eturnal_ctl:get_credentials/2:59)
2023-10-01 18:33:28.035705+00:00 [debug] eturnal call ({get_password,<<"1696271608:alice">>}) returned {ok,
                                                               <<"ivm7iLH8Le02L/qhg8hgA+3We+8=">>} (eturnal_ctl:call/1:434)
2023-10-01 18:33:28.035916+00:00 [debug] Handling API call: get_password("1696271608:alice") (eturnal_ctl:get_password/1:78)
2023-10-01 18:33:28.036116+00:00 [debug] eturnal call ({get_password,<<"1696271608:alice">>}) returned {ok,
                                                               <<"ivm7iLH8Le02L/qhg8hgA+3We+8=">>} (eturnal_ctl:call/1:434)
2023-10-01 18:33:28.036468+00:00 [debug] Handling API call: get_credentials("86400s", "alice") (eturnal_ctl:get_credentials/2:59)
2023-10-01 18:33:28.036686+00:00 [debug] eturnal call ({get_password,<<"1696271608:alice">>}) returned {ok,
                                                               <<"ivm7iLH8Le02L/qhg8hgA+3We+8=">>} (eturnal_ctl:call/1:434)
2023-10-01 18:33:28.036841+00:00 [debug] Handling API call: get_password("1696271608:alice") (eturnal_ctl:get_password/1:78)
2023-10-01 18:33:28.037243+00:00 [debug] eturnal call ({get_password,<<"1696271608:alice">>}) returned {ok,
                                                               <<"ivm7iLH8Le02L/qhg8hgA+3We+8=">>} (eturnal_ctl:call/1:434)
2023-10-01 18:33:28.037563+00:00 [debug] Handling API call: get_credentials("1440m", "alice") (eturnal_ctl:get_credentials/2:59)
2023-10-01 18:33:28.037942+00:00 [debug] eturnal call ({get_password,<<"1696271608:alice">>}) returned {ok,
                                                               <<"ivm7iLH8Le02L/qhg8hgA+3We+8=">>} (eturnal_ctl:call/1:434)
2023-10-01 18:33:28.038089+00:00 [debug] Handling API call: get_password("1696271608:alice") (eturnal_ctl:get_password/1:78)
2023-10-01 18:33:28.038221+00:00 [debug] eturnal call ({get_password,<<"1696271608:alice">>}) returned {ok,
                                                               <<"ivm7iLH8Le02L/qhg8hgA+3We+8=">>} (eturnal_ctl:call/1:434)
2023-10-01 18:33:28.038514+00:00 [debug] Handling API call: get_credentials("24h", "alice") (eturnal_ctl:get_credentials/2:59)
2023-10-01 18:33:28.038683+00:00 [debug] eturnal call ({get_password,<<"1696271608:alice">>}) returned {ok,
                                                               <<"ivm7iLH8Le02L/qhg8hgA+3We+8=">>} (eturnal_ctl:call/1:434)
2023-10-01 18:33:28.038801+00:00 [debug] Handling API call: get_password("1696271608:alice") (eturnal_ctl:get_password/1:78)
2023-10-01 18:33:28.038925+00:00 [debug] eturnal call ({get_password,<<"1696271608:alice">>}) returned {ok,
                                                               <<"ivm7iLH8Le02L/qhg8hgA+3We+8=">>} (eturnal_ctl:call/1:434)
2023-10-01 18:33:28.039101+00:00 [debug] Handling API call: get_credentials("1d", "alice") (eturnal_ctl:get_credentials/2:59)
2023-10-01 18:33:28.039281+00:00 [debug] eturnal call ({get_password,<<"1696271608:alice">>}) returned {ok,
                                                               <<"ivm7iLH8Le02L/qhg8hgA+3We+8=">>} (eturnal_ctl:call/1:434)
2023-10-01 18:33:28.039411+00:00 [debug] Handling API call: get_password("1696271608:alice") (eturnal_ctl:get_password/1:78)
2023-10-01 18:33:28.039539+00:00 [debug] eturnal call ({get_password,<<"1696271608:alice">>}) returned {ok,
                                                               <<"ivm7iLH8Le02L/qhg8hgA+3We+8=">>} (eturnal_ctl:call/1:434)
2023-10-01 18:33:28.039742+00:00 [debug] Handling API call: get_password("Invalid") (eturnal_ctl:get_password/1:78)
2023-10-01 18:33:28.039883+00:00 [debug] eturnal call ({get_password,<<"Invalid">>}) returned {error,no_credentials} (eturnal_ctl:call/1:437)
2023-10-01 18:33:28.039975+00:00 [debug] Handling API call: get_credentials("Invalid", []) (eturnal_ctl:get_credentials/2:59)
2023-10-01 18:33:28.040068+00:00 [debug] Invalid argument(s): "Invalid":[] (eturnal_ctl:get_credentials/2:72)
2023-10-01 18:33:28.040177+00:00 [debug] Handling API call: get_password(invalid) (eturnal_ctl:get_password/1:78)
2023-10-01 18:33:28.040274+00:00 [debug] Cannot convert user name to binary: invalid (eturnal_ctl:get_password/1:93)
2023-10-01 18:33:28.040365+00:00 [debug] Handling API call: get_credentials(invalid, []) (eturnal_ctl:get_credentials/2:59)
2023-10-01 18:33:28.040457+00:00 [debug] Invalid argument(s): invalid:[] (eturnal_ctl:get_credentials/2:72)
2023-10-01 18:33:28.040548+00:00 [debug] Handling API call: get_password([invalid]) (eturnal_ctl:get_password/1:78)
2023-10-01 18:33:28.040654+00:00 [debug] Cannot convert user name to binary: [invalid] (eturnal_ctl:get_password/1:93)
2023-10-01 18:33:28.040778+00:00 [debug] Handling API call: get_credentials([invalid], []) (eturnal_ctl:get_credentials/2:59)
2023-10-01 18:33:28.040865+00:00 [debug] Invalid argument(s): [invalid]:[] (eturnal_ctl:get_credentials/2:72)
2023-10-01 18:33:28.041019+00:00 [debug] Handling API call: get_credentials(1256900400, invalid) (eturnal_ctl:get_credentials/2:59)
2023-10-01 18:33:28.041173+00:00 [debug] Invalid argument(s): 1256900400:invalid (eturnal_ctl:get_credentials/2:72)
2023-10-01 18:33:28.041307+00:00 [debug] Handling API call: get_password("alice") (eturnal_ctl:get_password/1:78)
2023-10-01 18:33:28.041433+00:00 [debug] eturnal call ({get_password,<<"alice">>}) returned {ok,<<"l0vesBob">>} (eturnal_ctl:call/1:434)
2023-10-01 18:33:28.065741+00:00 [debug] Handling API call: set_loglevel(debug) (eturnal_ctl:set_loglevel/1:158)
2023-10-01 18:33:28.065981+00:00 [debug] eturnal call ({set_loglevel,debug}) returned ok (eturnal_ctl:call/1:431)
2023-10-01 18:33:28.066218+00:00 [debug] Handling API call: get_loglevel() (eturnal_ctl:get_loglevel/0:148)
2023-10-01 18:33:28.066428+00:00 [debug] eturnal call (get_loglevel) returned {ok,debug} (eturnal_ctl:call/1:434)
2023-10-01 18:33:28.066606+00:00 [debug] Handling API call: set_loglevel(invalid) (eturnal_ctl:set_loglevel/1:158)
2023-10-01 18:33:28.066696+00:00 [debug] Invalid log level: invalid (eturnal_ctl:set_loglevel/1:168)
2023-10-01 18:33:28.066816+00:00 [debug] Handling API call: get_loglevel() (eturnal_ctl:get_loglevel/0:148)
2023-10-01 18:33:28.066958+00:00 [debug] eturnal call (get_loglevel) returned {ok,debug} (eturnal_ctl:call/1:434)
2023-10-01 18:33:28.092639+00:00 [debug] Handling API call: get_version() (eturnal_ctl:get_version/0:138)
2023-10-01 18:33:28.092879+00:00 [debug] eturnal call (get_version) returned {ok,<<"1.12.0">>} (eturnal_ctl:call/1:434)
2023-10-01 18:33:28.117606+00:00 [debug] Handling API call: reload() (eturnal_ctl:reload/0:193)
2023-10-01 18:33:28.120202+00:00 [debug] Calling mod_log_stun:options/0 (eturnal_module:options/1:192)
2023-10-01 18:33:28.120366+00:00 [debug] Calling mod_stats_influx:options/0 (eturnal_module:options/1:192)
2023-10-01 18:33:28.120536+00:00 [debug] Calling mod_stats_prometheus:options/0 (eturnal_module:options/1:192)
2023-10-01 18:33:28.121372+00:00 [warning] TLS enabled without 'tls_crt_file', creating self-signed certificate (eturnal:check_pem_file/0:804)
2023-10-01 18:33:28.338215+00:00 [info] Using new TLS certificate (eturnal:reload/1:629)
2023-10-01 18:33:28.339118+00:00 [debug] Calling mod_stats_influx:stop/1 (eturnal_module:stop/1:163)
2023-10-01 18:33:28.339577+00:00 [debug] Stopping mod_stats_influx (mod_stats_influx:stop/0:61)
2023-10-01 18:33:28.339951+00:00 [info] Stopped mod_stats_influx (eturnal:stop_modules/1:396)
2023-10-01 18:33:28.341977+00:00 [debug] Calling mod_stats_prometheus:stop/1 (eturnal_module:stop/1:163)
2023-10-01 18:33:28.342230+00:00 [debug] Stopping mod_stats_prometheus (mod_stats_prometheus:stop/0:110)
2023-10-01 18:33:28.343030+00:00 [info] Stopped mod_stats_prometheus (eturnal:stop_modules/1:396)
2023-10-01 18:33:28.343528+00:00 [debug] Calling mod_log_stun:stop/1 (eturnal_module:stop/1:163)
2023-10-01 18:33:28.344803+00:00 [debug] Stopping mod_log_stun (mod_log_stun:stop/0:49)
2023-10-01 18:33:28.344932+00:00 [info] Stopped mod_log_stun (eturnal:stop_modules/1:396)
2023-10-01 18:33:28.345040+00:00 [debug] Calling mod_stats_influx:start/0 (eturnal_module:start/1:143)
2023-10-01 18:33:28.345122+00:00 [debug] Starting mod_stats_influx (mod_stats_influx:start/0:37)
2023-10-01 18:33:28.345402+00:00 [debug] Dependency influx_udp was available already (eturnal_module:ensure_dep/2:284)
2023-10-01 18:33:28.347201+00:00 [info]     options: #{port => 8089,host => "localhost",pool_size => 1,
               max_overflow => 1}
    msg: Start clients pool
    host: {127,0,0,1} (influx_udp:start_pool_/2:239)
2023-10-01 18:33:28.347735+00:00 [info] Started mod_stats_influx (eturnal:start_modules/0:383)
2023-10-01 18:33:28.347868+00:00 [debug] Calling mod_stats_prometheus:start/0 (eturnal_module:start/1:143)
2023-10-01 18:33:28.348030+00:00 [debug] Starting mod_stats_prometheus (mod_stats_prometheus:start/0:56)
2023-10-01 18:33:28.348368+00:00 [debug] Dependency prometheus_httpd was available already (eturnal_module:ensure_dep/2:284)
2023-10-01 18:33:28.349768+00:00 [debug] PROGRESS REPORT:
    supervisor: {local,httpd_instance_sup__127_0_0_1__9081default}
    started: [{pid,<0.1199.0>},
              {id,{httpd_connection_sup,{127,0,0,1},9081,default}},
              {mfargs,{httpd_connection_sup,start_link,[[{127,0,0,1},9081]]}},
              {restart_type,permanent},
              {significant,false},
              {shutdown,5000},
              {child_type,supervisor}]
 (supervisor:report_progress/2:1563)
2023-10-01 18:33:28.350174+00:00 [debug] PROGRESS REPORT:
    supervisor: {local,httpd_acceptor_sup__127_0_0_1__9081default}
    started: [{pid,<0.1201.0>},
              {id,{httpd_acceptor_sup,{127,0,0,1},9081,default}},
              {mfargs,{httpd_acceptor,start_link,
                                      [httpd__127_0_0_1__9081default,ip_comm,
                                       {127,0,0,1},
                                       9081,inet,
                                       httpd_conf__127_0_0_1__9081default,
                                       15000]}},
              {restart_type,transient},
              {significant,false},
              {shutdown,brutal_kill},
              {child_type,worker}]
 (supervisor:report_progress/2:1563)
2023-10-01 18:33:28.350411+00:00 [debug] PROGRESS REPORT:
    supervisor: {local,httpd_instance_sup__127_0_0_1__9081default}
    started: [{pid,<0.1200.0>},
              {id,{httpd_acceptor_sup,{127,0,0,1},9081,default}},
              {mfargs,
                  {httpd_acceptor_sup,start_link,
                      [[{127,0,0,1},
                        9081,
                        [{bind_address,{127,0,0,1}},
                         {socket_type,ip_comm},
                         {port,9081},
                         {server_root,"run/mod_stats_prometheus/doc"},
                         {document_root,"run/mod_stats_prometheus/doc"},
                         {server_name,"Prometheus Exporter"},
                         {modules,[prometheus_httpd]}],
                        15000,undefined]]}},
              {restart_type,permanent},
              {significant,false},
              {shutdown,infinity},
              {child_type,supervisor}]
 (supervisor:report_progress/2:1563)
2023-10-01 18:33:28.350725+00:00 [debug] PROGRESS REPORT:
    supervisor: {local,httpd_instance_sup__127_0_0_1__9081default}
    started: [{pid,<0.1202.0>},
              {id,{httpd_misc_sup,{127,0,0,1},9081,default}},
              {mfargs,{httpd_misc_sup,start_link,[{127,0,0,1},9081,default]}},
              {restart_type,permanent},
              {significant,false},
              {shutdown,infinity},
              {child_type,supervisor}]
 (supervisor:report_progress/2:1563)
2023-10-01 18:33:28.351650+00:00 [debug] PROGRESS REPORT:
    supervisor: {local,httpd_instance_sup__127_0_0_1__9081default}
    started: [{pid,<0.1203.0>},
              {id,{httpd_manager,{127,0,0,1},9081,default}},
              {mfargs,
                  {httpd_manager,start_link,
                      [undefined,
                       [{bind_address,{127,0,0,1}},
                        {socket_type,ip_comm},
                        {port,9081},
                        {server_root,"run/mod_stats_prometheus/doc"},
                        {document_root,"run/mod_stats_prometheus/doc"},
                        {server_name,"Prometheus Exporter"},
                        {modules,[prometheus_httpd]}],
                       15000]}},
              {restart_type,permanent},
              {significant,false},
              {shutdown,4000},
              {child_type,worker}]
 (supervisor:report_progress/2:1563)
2023-10-01 18:33:28.351844+00:00 [debug] PROGRESS REPORT:
    supervisor: {local,httpd_sup}
    started: [{pid,<0.1198.0>},
              {id,{httpd_instance_sup,{127,0,0,1},9081,default}},
              {mfargs,
                  {httpd_instance_sup,start_link,
                      [[{bind_address,{127,0,0,1}},
                        {socket_type,ip_comm},
                        {port,9081},
                        {server_root,"run/mod_stats_prometheus/doc"},
                        {document_root,"run/mod_stats_prometheus/doc"},
                        {server_name,"Prometheus Exporter"},
                        {modules,[prometheus_httpd]}],
                       15000,[]]}},
              {restart_type,permanent},
              {significant,false},
              {shutdown,infinity},
              {child_type,supervisor}]
 (supervisor:report_progress/2:1563)
2023-10-01 18:33:28.353041+00:00 [info] Started mod_stats_prometheus (eturnal:start_modules/0:383)
2023-10-01 18:33:28.353189+00:00 [debug] Calling mod_log_stun:start/0 (eturnal_module:start/1:143)
2023-10-01 18:33:28.353375+00:00 [debug] Starting mod_log_stun (mod_log_stun:start/0:38)
2023-10-01 18:33:28.353781+00:00 [info] Started mod_log_stun (eturnal:start_modules/0:383)
2023-10-01 18:33:28.353951+00:00 [debug] Restarted modules (eturnal:reload/1:637)
2023-10-01 18:33:28.354232+00:00 [debug] eturnal call (reload) returned ok (eturnal_ctl:call/1:431)
2023-10-01 18:33:28.354719+00:00 [debug] Handling API call: reload() (eturnal_ctl:reload/0:193)
2023-10-01 18:33:28.356860+00:00 [debug] Calling mod_log_stun:options/0 (eturnal_module:options/1:192)
2023-10-01 18:33:28.357119+00:00 [debug] Calling mod_stats_influx:options/0 (eturnal_module:options/1:192)
2023-10-01 18:33:28.357320+00:00 [debug] Calling mod_stats_prometheus:options/0 (eturnal_module:options/1:192)
2023-10-01 18:33:28.358217+00:00 [debug] Keeping PEM file (run/cert.pem) (eturnal:check_pem_file/0:801)
2023-10-01 18:33:28.358531+00:00 [debug] TLS certificate unchanged (eturnal:reload/1:631)
2023-10-01 18:33:28.358921+00:00 [debug] Calling mod_stats_influx:stop/1 (eturnal_module:stop/1:163)
2023-10-01 18:33:28.359047+00:00 [debug] Stopping mod_stats_influx (mod_stats_influx:stop/0:61)
2023-10-01 18:33:28.359150+00:00 [info] Stopped mod_stats_influx (eturnal:stop_modules/1:396)
2023-10-01 18:33:28.360161+00:00 [debug] Calling mod_stats_prometheus:stop/1 (eturnal_module:stop/1:163)
2023-10-01 18:33:28.360303+00:00 [debug] Stopping mod_stats_prometheus (mod_stats_prometheus:stop/0:110)
2023-10-01 18:33:28.361706+00:00 [info] Stopped mod_stats_prometheus (eturnal:stop_modules/1:396)
2023-10-01 18:33:28.362353+00:00 [debug] Calling mod_log_stun:stop/1 (eturnal_module:stop/1:163)
2023-10-01 18:33:28.362480+00:00 [debug] Stopping mod_log_stun (mod_log_stun:stop/0:49)
2023-10-01 18:33:28.362638+00:00 [info] Stopped mod_log_stun (eturnal:stop_modules/1:396)
2023-10-01 18:33:28.362760+00:00 [debug] Calling mod_stats_influx:start/0 (eturnal_module:start/1:143)
2023-10-01 18:33:28.362883+00:00 [debug] Starting mod_stats_influx (mod_stats_influx:start/0:37)
2023-10-01 18:33:28.363023+00:00 [debug] Dependency influx_udp was available already (eturnal_module:ensure_dep/2:284)
2023-10-01 18:33:28.363537+00:00 [info]     options: #{port => 8089,host => "localhost",pool_size => 1,
               max_overflow => 1}
    msg: Start clients pool
    host: {127,0,0,1} (influx_udp:start_pool_/2:239)
2023-10-01 18:33:28.364043+00:00 [info] Started mod_stats_influx (eturnal:start_modules/0:383)
2023-10-01 18:33:28.364169+00:00 [debug] Calling mod_stats_prometheus:start/0 (eturnal_module:start/1:143)
2023-10-01 18:33:28.364547+00:00 [debug] Starting mod_stats_prometheus (mod_stats_prometheus:start/0:56)
2023-10-01 18:33:28.365456+00:00 [debug] Dependency prometheus_httpd was available already (eturnal_module:ensure_dep/2:284)
2023-10-01 18:33:28.366472+00:00 [debug] PROGRESS REPORT:
    supervisor: {local,httpd_instance_sup__127_0_0_1__9081default}
    started: [{pid,<0.1234.0>},
              {id,{httpd_connection_sup,{127,0,0,1},9081,default}},
              {mfargs,{httpd_connection_sup,start_link,[[{127,0,0,1},9081]]}},
              {restart_type,permanent},
              {significant,false},
              {shutdown,5000},
              {child_type,supervisor}]
 (supervisor:report_progress/2:1563)
2023-10-01 18:33:28.366866+00:00 [debug] PROGRESS REPORT:
    supervisor: {local,httpd_acceptor_sup__127_0_0_1__9081default}
    started: [{pid,<0.1236.0>},
              {id,{httpd_acceptor_sup,{127,0,0,1},9081,default}},
              {mfargs,{httpd_acceptor,start_link,
                                      [httpd__127_0_0_1__9081default,ip_comm,
                                       {127,0,0,1},
                                       9081,inet,
                                       httpd_conf__127_0_0_1__9081default,
                                       15000]}},
              {restart_type,transient},
              {significant,false},
              {shutdown,brutal_kill},
              {child_type,worker}]
 (supervisor:report_progress/2:1563)
2023-10-01 18:33:28.367039+00:00 [debug] PROGRESS REPORT:
    supervisor: {local,httpd_instance_sup__127_0_0_1__9081default}
    started: [{pid,<0.1235.0>},
              {id,{httpd_acceptor_sup,{127,0,0,1},9081,default}},
              {mfargs,
                  {httpd_acceptor_sup,start_link,
                      [[{127,0,0,1},
                        9081,
                        [{bind_address,{127,0,0,1}},
                         {socket_type,ip_comm},
                         {port,9081},
                         {server_root,"run/mod_stats_prometheus/doc"},
                         {document_root,"run/mod_stats_prometheus/doc"},
                         {server_name,"Prometheus Exporter"},
                         {modules,[prometheus_httpd]}],
                        15000,undefined]]}},
              {restart_type,permanent},
              {significant,false},
              {shutdown,infinity},
              {child_type,supervisor}]
 (supervisor:report_progress/2:1563)
2023-10-01 18:33:28.367217+00:00 [debug] PROGRESS REPORT:
    supervisor: {local,httpd_instance_sup__127_0_0_1__9081default}
    started: [{pid,<0.1237.0>},
              {id,{httpd_misc_sup,{127,0,0,1},9081,default}},
              {mfargs,{httpd_misc_sup,start_link,[{127,0,0,1},9081,default]}},
              {restart_type,permanent},
              {significant,false},
              {shutdown,infinity},
              {child_type,supervisor}]
 (supervisor:report_progress/2:1563)
2023-10-01 18:33:28.367854+00:00 [debug] PROGRESS REPORT:
    supervisor: {local,httpd_instance_sup__127_0_0_1__9081default}
    started: [{pid,<0.1238.0>},
              {id,{httpd_manager,{127,0,0,1},9081,default}},
              {mfargs,
                  {httpd_manager,start_link,
                      [undefined,
                       [{bind_address,{127,0,0,1}},
                        {socket_type,ip_comm},
                        {port,9081},
                        {server_root,"run/mod_stats_prometheus/doc"},
                        {document_root,"run/mod_stats_prometheus/doc"},
                        {server_name,"Prometheus Exporter"},
                        {modules,[prometheus_httpd]}],
                       15000]}},
              {restart_type,permanent},
              {significant,false},
              {shutdown,4000},
              {child_type,worker}]
 (supervisor:report_progress/2:1563)
2023-10-01 18:33:28.368146+00:00 [debug] PROGRESS REPORT:
    supervisor: {local,httpd_sup}
    started: [{pid,<0.1233.0>},
              {id,{httpd_instance_sup,{127,0,0,1},9081,default}},
              {mfargs,
                  {httpd_instance_sup,start_link,
                      [[{bind_address,{127,0,0,1}},
                        {socket_type,ip_comm},
                        {port,9081},
                        {server_root,"run/mod_stats_prometheus/doc"},
                        {document_root,"run/mod_stats_prometheus/doc"},
                        {server_name,"Prometheus Exporter"},
                        {modules,[prometheus_httpd]}],
                       15000,[]]}},
              {restart_type,permanent},
              {significant,false},
              {shutdown,infinity},
              {child_type,supervisor}]
 (supervisor:report_progress/2:1563)
2023-10-01 18:33:28.368526+00:00 [info] Started mod_stats_prometheus (eturnal:start_modules/0:383)
2023-10-01 18:33:28.368700+00:00 [debug] Calling mod_log_stun:start/0 (eturnal_module:start/1:143)
2023-10-01 18:33:28.368877+00:00 [debug] Starting mod_log_stun (mod_log_stun:start/0:38)
2023-10-01 18:33:28.370100+00:00 [info] Started mod_log_stun (eturnal:start_modules/0:383)
2023-10-01 18:33:28.370255+00:00 [debug] Restarted modules (eturnal:reload/1:637)
2023-10-01 18:33:28.370615+00:00 [debug] eturnal call (reload) returned ok (eturnal_ctl:call/1:431)
2023-10-01 18:33:28.398796+00:00 [info] Accepting connection: 127.0.0.1:35228 -> 127.0.0.1:34780 [TCP, session q3a1iol82p0a] (stun_acceptor:accept/3:158)
2023-10-01 18:33:28.423309+00:00 [info] Accepting connection: 127.0.0.1:54738 -> 127.0.0.1:53490 [TLS, session e09uahqe2q2i] (stun_acceptor:accept/3:158)
2023-10-01 18:33:28.448507+00:00 [debug] Received:
#stun{class = request,method = 3,magic = 554869826,
      trid = 73540964512282224536097419169,raw = <<>>,unsupported = [],
      'ALTERNATE-SERVER' = undefined,'CHANNEL-NUMBER' = undefined,
      'DATA' = undefined,'DONT-FRAGMENT' = false,'ERROR-CODE' = undefined,
      'LIFETIME' = undefined,'MAPPED-ADDRESS' = undefined,
      'MESSAGE-INTEGRITY' = undefined,'NONCE' = undefined,'REALM' = undefined,
      'REQUESTED-ADDRESS-FAMILY' = undefined,
      'REQUESTED-TRANSPORT' = undefined,'SOFTWARE' = undefined,
      'UNKNOWN-ATTRIBUTES' = [],'USERNAME' = undefined,
      'XOR-MAPPED-ADDRESS' = undefined,'XOR-PEER-ADDRESS' = [],
      'XOR-RELAYED-ADDRESS' = undefined} (stun:udp_recv/5:114)
2023-10-01 18:33:28.448720+00:00 [debug] Sending:
#stun{class = error,method = 3,magic = 554869826,
      trid = 73540964512282224536097419169,raw = <<>>,unsupported = [],
      'ALTERNATE-SERVER' = undefined,'CHANNEL-NUMBER' = undefined,
      'DATA' = undefined,'DONT-FRAGMENT' = false,
      'ERROR-CODE' = {401,<<"Unauthorized">>},
      'LIFETIME' = undefined,'MAPPED-ADDRESS' = undefined,
      'MESSAGE-INTEGRITY' = undefined,'NONCE' = <<"2722927151">>,
      'REALM' = <<"eturnal.net">>,'REQUESTED-ADDRESS-FAMILY' = undefined,
      'REQUESTED-TRANSPORT' = undefined,'SOFTWARE' = <<"eturnal">>,
      'UNKNOWN-ATTRIBUTES' = [],'USERNAME' = undefined,
      'XOR-MAPPED-ADDRESS' = undefined,'XOR-PEER-ADDRESS' = [],
      'XOR-RELAYED-ADDRESS' = undefined} (stun:send/3:466)
2023-10-01 18:33:28.449106+00:00 [debug] Received:
#stun{class = request,method = 3,magic = 554869826,
      trid = 20182646395506163449106263580,
      raw = <<0,3,0,76,33,18,164,66,65,54,177,157,108,252,95,47,75,79,238,28,0,
              25,0,4,17,0,0,0,0,6,0,5,97,108,105,99,101,0,0,0,0,20,0,11,101,
              116,117,114,110,97,108,46,110,101,116,0,0,21,0,10,50,55,50,50,57,
              50,55,49,53,49,0,0>>,
      unsupported = [],'ALTERNATE-SERVER' = undefined,
      'CHANNEL-NUMBER' = undefined,'DATA' = undefined,'DONT-FRAGMENT' = false,
      'ERROR-CODE' = undefined,'LIFETIME' = undefined,
      'MAPPED-ADDRESS' = undefined,
      'MESSAGE-INTEGRITY' = <<203,240,95,123,242,100,123,112,150,152,155,142,
                              170,22,18,250,48,228,215,0>>,
      'NONCE' = <<"2722927151">>,'REALM' = <<"eturnal.net">>,
      'REQUESTED-ADDRESS-FAMILY' = undefined,'REQUESTED-TRANSPORT' = udp,
      'SOFTWARE' = undefined,'UNKNOWN-ATTRIBUTES' = [],
      'USERNAME' = <<"alice">>,'XOR-MAPPED-ADDRESS' = undefined,
      'XOR-PEER-ADDRESS' = [],'XOR-RELAYED-ADDRESS' = undefined} (stun:udp_recv/5:114)
2023-10-01 18:33:28.449277+00:00 [debug] Looking up password for: alice [UDP, session 1dina97qblil, user alice, client 127.0.0.1:44088] (eturnal:get_password/2:257)
2023-10-01 18:33:28.449354+00:00 [info] Accepting long-term STUN/TURN authentication [UDP, session 1dina97qblil, user alice, client 127.0.0.1:44088] (stun:process/2:255)
2023-10-01 18:33:28.449570+00:00 [debug] Running 'turn_session_start' hook [UDP, session 1dina97qblil, user alice, client 127.0.0.1:44088] (turn:run_hook/3:753)
2023-10-01 18:33:28.449671+00:00 [debug] Got 'turn_session_start' event [UDP, session 1dina97qblil, user alice, client 127.0.0.1:44088] (eturnal_module:handle_event/2:177)
2023-10-01 18:33:28.449764+00:00 [debug] Calling mod_stats_prometheus:handle_event/2 [UDP, session 1dina97qblil, user alice, client 127.0.0.1:44088] (eturnal_module:handle_event/2:180)
2023-10-01 18:33:28.449839+00:00 [debug] Observing started TURN session 1dina97qblil for Prometheus [UDP, session 1dina97qblil, user alice, client 127.0.0.1:44088] (mod_stats_prometheus:on_turn_session_start/1:174)
2023-10-01 18:33:28.450060+00:00 [notice] Creating TURN allocation (lifetime: 599 seconds) [UDP, session 1dina97qblil, user alice, client 127.0.0.1:44088, relay 127.0.0.1:56570] (turn:wait_for_allocate/2:226)
2023-10-01 18:33:28.450214+00:00 [debug] Sending:
#stun{class = response,method = 3,magic = 554869826,
      trid = 20182646395506163449106263580,raw = <<>>,unsupported = [],
      'ALTERNATE-SERVER' = undefined,'CHANNEL-NUMBER' = undefined,
      'DATA' = undefined,'DONT-FRAGMENT' = false,'ERROR-CODE' = undefined,
      'LIFETIME' = 599,'MAPPED-ADDRESS' = undefined,
      'MESSAGE-INTEGRITY' = undefined,'NONCE' = undefined,'REALM' = undefined,
      'REQUESTED-ADDRESS-FAMILY' = undefined,
      'REQUESTED-TRANSPORT' = undefined,'SOFTWARE' = <<"eturnal">>,
      'UNKNOWN-ATTRIBUTES' = [],'USERNAME' = undefined,
      'XOR-MAPPED-ADDRESS' = {{127,0,0,1},44088},
      'XOR-PEER-ADDRESS' = [],
      'XOR-RELAYED-ADDRESS' = {{127,0,0,1},56570}} (turn:send/2:549)
2023-10-01 18:33:28.450736+00:00 [debug] Received:
#stun{class = request,method = 4,magic = 554869826,
      trid = 74704163811663741382118948010,
      raw = <<0,4,0,76,33,18,164,66,241,97,214,2,234,123,36,123,17,153,60,170,
              0,6,0,5,97,108,105,99,101,0,0,0,0,20,0,11,101,116,117,114,110,97,
              108,46,110,101,116,0,0,21,0,10,50,55,50,50,57,50,55,49,53,49,0,0,
              0,13,0,4,0,0,0,0>>,
      unsupported = [],'ALTERNATE-SERVER' = undefined,
      'CHANNEL-NUMBER' = undefined,'DATA' = undefined,'DONT-FRAGMENT' = false,
      'ERROR-CODE' = undefined,'LIFETIME' = 0,'MAPPED-ADDRESS' = undefined,
      'MESSAGE-INTEGRITY' = <<190,111,47,205,131,6,81,147,216,220,120,211,218,
                              113,222,195,13,225,51,134>>,
      'NONCE' = <<"2722927151">>,'REALM' = <<"eturnal.net">>,
      'REQUESTED-ADDRESS-FAMILY' = undefined,
      'REQUESTED-TRANSPORT' = undefined,'SOFTWARE' = undefined,
      'UNKNOWN-ATTRIBUTES' = [],'USERNAME' = <<"alice">>,
      'XOR-MAPPED-ADDRESS' = undefined,'XOR-PEER-ADDRESS' = [],
      'XOR-RELAYED-ADDRESS' = undefined} (stun:udp_recv/5:114)
2023-10-01 18:33:28.450893+00:00 [debug] Looking up password for: alice [UDP, session d1ljzaed2pb4, user alice, client 127.0.0.1:44088] (eturnal:get_password/2:257)
2023-10-01 18:33:28.450969+00:00 [info] Accepting long-term STUN/TURN authentication [UDP, session d1ljzaed2pb4, user alice, client 127.0.0.1:44088] (stun:process/2:255)
2023-10-01 18:33:28.451101+00:00 [info] Client requested closing the TURN session [UDP, session 1dina97qblil, user alice, client 127.0.0.1:44088, relay 127.0.0.1:56570] (turn:active/2:285)
2023-10-01 18:33:28.451215+00:00 [debug] Sending:
#stun{class = response,method = 4,magic = 554869826,
      trid = 74704163811663741382118948010,raw = <<>>,unsupported = [],
      'ALTERNATE-SERVER' = undefined,'CHANNEL-NUMBER' = undefined,
      'DATA' = undefined,'DONT-FRAGMENT' = false,'ERROR-CODE' = undefined,
      'LIFETIME' = 0,'MAPPED-ADDRESS' = undefined,
      'MESSAGE-INTEGRITY' = undefined,'NONCE' = undefined,'REALM' = undefined,
      'REQUESTED-ADDRESS-FAMILY' = undefined,
      'REQUESTED-TRANSPORT' = undefined,'SOFTWARE' = <<"eturnal">>,
      'UNKNOWN-ATTRIBUTES' = [],'USERNAME' = undefined,
      'XOR-MAPPED-ADDRESS' = undefined,'XOR-PEER-ADDRESS' = [],
      'XOR-RELAYED-ADDRESS' = undefined} (turn:send/2:549)
2023-10-01 18:33:28.451350+00:00 [info] Deleting TURN allocation [UDP, session 1dina97qblil, user alice, client 127.0.0.1:44088, relay 127.0.0.1:56570] (turn:terminate/3:482)
2023-10-01 18:33:28.451459+00:00 [notice] Relayed 0 KiB (in 0 B / 0 packets, out 0 B / 0 packets), duration: 0 seconds [UDP, session 1dina97qblil, user alice, client 127.0.0.1:44088, relay 127.0.0.1:56570] (turn:terminate/3:489)
2023-10-01 18:33:28.451594+00:00 [debug] Running 'turn_session_stop' hook [UDP, session 1dina97qblil, user alice, client 127.0.0.1:44088, relay 127.0.0.1:56570] (turn:run_hook/3:753)
2023-10-01 18:33:28.451684+00:00 [debug] Got 'turn_session_stop' event [UDP, session 1dina97qblil, user alice, client 127.0.0.1:44088, relay 127.0.0.1:56570] (eturnal_module:handle_event/2:177)
2023-10-01 18:33:28.451740+00:00 [debug] Calling mod_stats_influx:handle_event/2 [UDP, session 1dina97qblil, user alice, client 127.0.0.1:44088, relay 127.0.0.1:56570] (eturnal_module:handle_event/2:180)
2023-10-01 18:33:28.451835+00:00 [debug] Writing stats of TURN session 1dina97qblil to InfluxDB [UDP, session 1dina97qblil, user alice, client 127.0.0.1:44088, relay 127.0.0.1:56570] (mod_stats_influx:on_turn_session_stop/1:87)
2023-10-01 18:33:28.451840+00:00 [debug] Received:
#stun{class = request,method = 3,magic = 554869826,
      trid = 20548904146934737167743892242,raw = <<>>,unsupported = [],
      'ALTERNATE-SERVER' = undefined,'CHANNEL-NUMBER' = undefined,
      'DATA' = undefined,'DONT-FRAGMENT' = false,'ERROR-CODE' = undefined,
      'LIFETIME' = undefined,'MAPPED-ADDRESS' = undefined,
      'MESSAGE-INTEGRITY' = undefined,'NONCE' = undefined,'REALM' = undefined,
      'REQUESTED-ADDRESS-FAMILY' = undefined,
      'REQUESTED-TRANSPORT' = undefined,'SOFTWARE' = undefined,
      'UNKNOWN-ATTRIBUTES' = [],'USERNAME' = undefined,
      'XOR-MAPPED-ADDRESS' = undefined,'XOR-PEER-ADDRESS' = [],
      'XOR-RELAYED-ADDRESS' = undefined} (stun:udp_recv/5:114)
2023-10-01 18:33:28.452002+00:00 [debug] Sending:
#stun{class = error,method = 3,magic = 554869826,
      trid = 20548904146934737167743892242,raw = <<>>,unsupported = [],
      'ALTERNATE-SERVER' = undefined,'CHANNEL-NUMBER' = undefined,
      'DATA' = undefined,'DONT-FRAGMENT' = false,
      'ERROR-CODE' = {401,<<"Unauthorized">>},
      'LIFETIME' = undefined,'MAPPED-ADDRESS' = undefined,
      'MESSAGE-INTEGRITY' = undefined,'NONCE' = <<"3576916287">>,
      'REALM' = <<"eturnal.net">>,'REQUESTED-ADDRESS-FAMILY' = undefined,
      'REQUESTED-TRANSPORT' = undefined,'SOFTWARE' = <<"eturnal">>,
      'UNKNOWN-ATTRIBUTES' = [],'USERNAME' = undefined,
      'XOR-MAPPED-ADDRESS' = undefined,'XOR-PEER-ADDRESS' = [],
      'XOR-RELAYED-ADDRESS' = undefined} (stun:send/3:466)
2023-10-01 18:33:28.452060+00:00 [debug] Calling mod_stats_prometheus:handle_event/2 [UDP, session 1dina97qblil, user alice, client 127.0.0.1:44088, relay 127.0.0.1:56570] (eturnal_module:handle_event/2:180)
2023-10-01 18:33:28.452122+00:00 [debug] Observing stopped TURN session 1dina97qblil for Prometheus [UDP, session 1dina97qblil, user alice, client 127.0.0.1:44088, relay 127.0.0.1:56570] (mod_stats_prometheus:on_turn_session_stop/1:187)
2023-10-01 18:33:28.452415+00:00 [debug] Received:
#stun{class = request,method = 3,magic = 554869826,
      trid = 20170052213245451239491975140,
      raw = <<0,3,0,80,33,18,164,66,65,44,70,177,111,245,110,212,156,77,55,228,
              0,25,0,4,17,0,0,0,0,6,0,10,50,49,52,53,57,49,51,50,48,48,0,0,0,
              20,0,11,101,116,117,114,110,97,108,46,110,101,116,0,0,21,0,10,51,
              53,55,54,57,49,54,50,56,55,0,0>>,
      unsupported = [],'ALTERNATE-SERVER' = undefined,
      'CHANNEL-NUMBER' = undefined,'DATA' = undefined,'DONT-FRAGMENT' = false,
      'ERROR-CODE' = undefined,'LIFETIME' = undefined,
      'MAPPED-ADDRESS' = undefined,
      'MESSAGE-INTEGRITY' = <<233,59,134,119,248,150,67,90,132,54,179,134,189,
                              240,43,106,12,51,59,175>>,
      'NONCE' = <<"3576916287">>,'REALM' = <<"eturnal.net">>,
      'REQUESTED-ADDRESS-FAMILY' = undefined,'REQUESTED-TRANSPORT' = udp,
      'SOFTWARE' = undefined,'UNKNOWN-ATTRIBUTES' = [],
      'USERNAME' = <<"2145913200">>,'XOR-MAPPED-ADDRESS' = undefined,
      'XOR-PEER-ADDRESS' = [],'XOR-RELAYED-ADDRESS' = undefined} (stun:udp_recv/5:114)
2023-10-01 18:33:28.452561+00:00 [debug] Deriving password for: 2145913200 [UDP, session 52ffc6w32fh2, user 2145913200, client 127.0.0.1:53816] (eturnal:get_password/2:243)
2023-10-01 18:33:28.452749+00:00 [info] Accepting long-term STUN/TURN authentication [UDP, session 52ffc6w32fh2, user 2145913200, client 127.0.0.1:53816] (stun:process/2:255)
2023-10-01 18:33:28.452928+00:00 [debug] Running 'turn_session_start' hook [UDP, session 52ffc6w32fh2, user 2145913200, client 127.0.0.1:53816] (turn:run_hook/3:753)
2023-10-01 18:33:28.453003+00:00 [debug] Got 'turn_session_start' event [UDP, session 52ffc6w32fh2, user 2145913200, client 127.0.0.1:53816] (eturnal_module:handle_event/2:177)
2023-10-01 18:33:28.453071+00:00 [debug] Calling mod_stats_prometheus:handle_event/2 [UDP, session 52ffc6w32fh2, user 2145913200, client 127.0.0.1:53816] (eturnal_module:handle_event/2:180)
2023-10-01 18:33:28.453130+00:00 [debug] Observing started TURN session 52ffc6w32fh2 for Prometheus [UDP, session 52ffc6w32fh2, user 2145913200, client 127.0.0.1:53816] (mod_stats_prometheus:on_turn_session_start/1:174)
2023-10-01 18:33:28.453396+00:00 [notice] Creating TURN allocation (lifetime: 600 seconds) [UDP, session 52ffc6w32fh2, user 2145913200, client 127.0.0.1:53816, relay 127.0.0.1:52957] (turn:wait_for_allocate/2:226)
2023-10-01 18:33:28.453524+00:00 [debug] Sending:
#stun{class = response,method = 3,magic = 554869826,
      trid = 20170052213245451239491975140,raw = <<>>,unsupported = [],
      'ALTERNATE-SERVER' = undefined,'CHANNEL-NUMBER' = undefined,
      'DATA' = undefined,'DONT-FRAGMENT' = false,'ERROR-CODE' = undefined,
      'LIFETIME' = 600,'MAPPED-ADDRESS' = undefined,
      'MESSAGE-INTEGRITY' = undefined,'NONCE' = undefined,'REALM' = undefined,
      'REQUESTED-ADDRESS-FAMILY' = undefined,
      'REQUESTED-TRANSPORT' = undefined,'SOFTWARE' = <<"eturnal">>,
      'UNKNOWN-ATTRIBUTES' = [],'USERNAME' = undefined,
      'XOR-MAPPED-ADDRESS' = {{127,0,0,1},53816},
      'XOR-PEER-ADDRESS' = [],
      'XOR-RELAYED-ADDRESS' = {{127,0,0,1},52957}} (turn:send/2:549)
2023-10-01 18:33:28.453918+00:00 [debug] Received:
#stun{class = request,method = 4,magic = 554869826,
      trid = 14127581878562475676009025850,
      raw = <<0,4,0,80,33,18,164,66,45,166,15,212,60,54,252,23,152,104,209,58,
              0,6,0,10,50,49,52,53,57,49,51,50,48,48,0,0,0,20,0,11,101,116,117,
              114,110,97,108,46,110,101,116,0,0,21,0,10,51,53,55,54,57,49,54,
              50,56,55,0,0,0,13,0,4,0,0,0,0>>,
      unsupported = [],'ALTERNATE-SERVER' = undefined,
      'CHANNEL-NUMBER' = undefined,'DATA' = undefined,'DONT-FRAGMENT' = false,
      'ERROR-CODE' = undefined,'LIFETIME' = 0,'MAPPED-ADDRESS' = undefined,
      'MESSAGE-INTEGRITY' = <<222,166,46,210,7,223,233,74,131,66,87,143,220,53,
                              142,71,88,30,87,132>>,
      'NONCE' = <<"3576916287">>,'REALM' = <<"eturnal.net">>,
      'REQUESTED-ADDRESS-FAMILY' = undefined,
      'REQUESTED-TRANSPORT' = undefined,'SOFTWARE' = undefined,
      'UNKNOWN-ATTRIBUTES' = [],'USERNAME' = <<"2145913200">>,
      'XOR-MAPPED-ADDRESS' = undefined,'XOR-PEER-ADDRESS' = [],
      'XOR-RELAYED-ADDRESS' = undefined} (stun:udp_recv/5:114)
2023-10-01 18:33:28.454071+00:00 [debug] Deriving password for: 2145913200 [UDP, session 7fkmhswq71u6, user 2145913200, client 127.0.0.1:53816] (eturnal:get_password/2:243)
2023-10-01 18:33:28.454152+00:00 [info] Accepting long-term STUN/TURN authentication [UDP, session 7fkmhswq71u6, user 2145913200, client 127.0.0.1:53816] (stun:process/2:255)
2023-10-01 18:33:28.454213+00:00 [info] Client requested closing the TURN session [UDP, session 52ffc6w32fh2, user 2145913200, client 127.0.0.1:53816, relay 127.0.0.1:52957] (turn:active/2:285)
2023-10-01 18:33:28.454350+00:00 [debug] Sending:
#stun{class = response,method = 4,magic = 554869826,
      trid = 14127581878562475676009025850,raw = <<>>,unsupported = [],
      'ALTERNATE-SERVER' = undefined,'CHANNEL-NUMBER' = undefined,
      'DATA' = undefined,'DONT-FRAGMENT' = false,'ERROR-CODE' = undefined,
      'LIFETIME' = 0,'MAPPED-ADDRESS' = undefined,
      'MESSAGE-INTEGRITY' = undefined,'NONCE' = undefined,'REALM' = undefined,
      'REQUESTED-ADDRESS-FAMILY' = undefined,
      'REQUESTED-TRANSPORT' = undefined,'SOFTWARE' = <<"eturnal">>,
      'UNKNOWN-ATTRIBUTES' = [],'USERNAME' = undefined,
      'XOR-MAPPED-ADDRESS' = undefined,'XOR-PEER-ADDRESS' = [],
      'XOR-RELAYED-ADDRESS' = undefined} (turn:send/2:549)
2023-10-01 18:33:28.454496+00:00 [info] Deleting TURN allocation [UDP, session 52ffc6w32fh2, user 2145913200, client 127.0.0.1:53816, relay 127.0.0.1:52957] (turn:terminate/3:482)
2023-10-01 18:33:28.454576+00:00 [notice] Relayed 0 KiB (in 0 B / 0 packets, out 0 B / 0 packets), duration: 0 seconds [UDP, session 52ffc6w32fh2, user 2145913200, client 127.0.0.1:53816, relay 127.0.0.1:52957] (turn:terminate/3:489)
2023-10-01 18:33:28.454656+00:00 [debug] Running 'turn_session_stop' hook [UDP, session 52ffc6w32fh2, user 2145913200, client 127.0.0.1:53816, relay 127.0.0.1:52957] (turn:run_hook/3:753)
2023-10-01 18:33:28.454714+00:00 [debug] Got 'turn_session_stop' event [UDP, session 52ffc6w32fh2, user 2145913200, client 127.0.0.1:53816, relay 127.0.0.1:52957] (eturnal_module:handle_event/2:177)
2023-10-01 18:33:28.454763+00:00 [debug] Calling mod_stats_influx:handle_event/2 [UDP, session 52ffc6w32fh2, user 2145913200, client 127.0.0.1:53816, relay 127.0.0.1:52957] (eturnal_module:handle_event/2:180)
2023-10-01 18:33:28.455026+00:00 [debug] Writing stats of TURN session 52ffc6w32fh2 to InfluxDB [UDP, session 52ffc6w32fh2, user 2145913200, client 127.0.0.1:53816, relay 127.0.0.1:52957] (mod_stats_influx:on_turn_session_stop/1:87)
2023-10-01 18:33:28.455378+00:00 [debug] Calling mod_stats_prometheus:handle_event/2 [UDP, session 52ffc6w32fh2, user 2145913200, client 127.0.0.1:53816, relay 127.0.0.1:52957] (eturnal_module:handle_event/2:180)
2023-10-01 18:33:28.455445+00:00 [debug] Observing stopped TURN session 52ffc6w32fh2 for Prometheus [UDP, session 52ffc6w32fh2, user 2145913200, client 127.0.0.1:53816, relay 127.0.0.1:52957] (mod_stats_prometheus:on_turn_session_stop/1:187)
2023-10-01 18:33:28.479951+00:00 [debug] Received:
#stun{class = request,method = 1,magic = 554869826,
      trid = 69901491867191827774033449514,raw = <<>>,unsupported = [],
      'ALTERNATE-SERVER' = undefined,'CHANNEL-NUMBER' = undefined,
      'DATA' = undefined,'DONT-FRAGMENT' = false,'ERROR-CODE' = undefined,
      'LIFETIME' = undefined,'MAPPED-ADDRESS' = undefined,
      'MESSAGE-INTEGRITY' = undefined,'NONCE' = undefined,'REALM' = undefined,
      'REQUESTED-ADDRESS-FAMILY' = undefined,
      'REQUESTED-TRANSPORT' = undefined,'SOFTWARE' = undefined,
      'UNKNOWN-ATTRIBUTES' = [],'USERNAME' = undefined,
      'XOR-MAPPED-ADDRESS' = undefined,'XOR-PEER-ADDRESS' = [],
      'XOR-RELAYED-ADDRESS' = undefined} (stun:udp_recv/5:114)
2023-10-01 18:33:28.480058+00:00 [debug] Responding to STUN request [UDP, session e8gi9zz43fml, anonymous, client 127.0.0.1:50637] (stun:process/4:323)
2023-10-01 18:33:28.480114+00:00 [debug] Running 'stun_query' hook [UDP, session e8gi9zz43fml, anonymous, client 127.0.0.1:50637] (stun:run_hook/3:889)
2023-10-01 18:33:28.480169+00:00 [debug] Got 'stun_query' event [UDP, session e8gi9zz43fml, anonymous, client 127.0.0.1:50637] (eturnal_module:handle_event/2:177)
2023-10-01 18:33:28.480219+00:00 [debug] Calling mod_log_stun:handle_event/2 [UDP, session e8gi9zz43fml, anonymous, client 127.0.0.1:50637] (eturnal_module:handle_event/2:180)
2023-10-01 18:33:28.480276+00:00 [info] Responding to STUN request [UDP, session e8gi9zz43fml, anonymous, client 127.0.0.1:50637] (mod_log_stun:handle_event/2:44)
2023-10-01 18:33:28.480375+00:00 [debug] Calling mod_stats_influx:handle_event/2 [UDP, session e8gi9zz43fml, anonymous, client 127.0.0.1:50637] (eturnal_module:handle_event/2:180)
2023-10-01 18:33:28.480447+00:00 [debug] Writing STUN query event to InfluxDB [UDP, session e8gi9zz43fml, anonymous, client 127.0.0.1:50637] (mod_stats_influx:on_stun_query/1:76)
2023-10-01 18:33:28.480611+00:00 [debug] Calling mod_stats_prometheus:handle_event/2 [UDP, session e8gi9zz43fml, anonymous, client 127.0.0.1:50637] (eturnal_module:handle_event/2:180)
2023-10-01 18:33:28.480788+00:00 [debug] Observing STUN query for Prometheus [UDP, session e8gi9zz43fml, anonymous, client 127.0.0.1:50637] (mod_stats_prometheus:on_stun_query/1:166)
2023-10-01 18:33:28.480880+00:00 [debug] Sending:
#stun{class = response,method = 1,magic = 554869826,
      trid = 69901491867191827774033449514,raw = <<>>,unsupported = [],
      'ALTERNATE-SERVER' = undefined,'CHANNEL-NUMBER' = undefined,
      'DATA' = undefined,'DONT-FRAGMENT' = false,'ERROR-CODE' = undefined,
      'LIFETIME' = undefined,'MAPPED-ADDRESS' = undefined,
      'MESSAGE-INTEGRITY' = undefined,'NONCE' = undefined,'REALM' = undefined,
      'REQUESTED-ADDRESS-FAMILY' = undefined,
      'REQUESTED-TRANSPORT' = undefined,'SOFTWARE' = <<"eturnal">>,
      'UNKNOWN-ATTRIBUTES' = [],'USERNAME' = undefined,
      'XOR-MAPPED-ADDRESS' = {{127,0,0,1},50637},
      'XOR-PEER-ADDRESS' = [],'XOR-RELAYED-ADDRESS' = undefined} (stun:send/3:466)
2023-10-01 18:33:28.505593+00:00 [info] Accepting connection: 127.0.0.1:35244 -> 127.0.0.1:34780 [TCP, session v8z3jlo8p661] (stun_acceptor:accept/3:158)
2023-10-01 18:33:28.505862+00:00 [debug] Received:
#stun{class = request,method = 1,magic = 554869826,
      trid = 49792607128084892239503137824,raw = <<>>,unsupported = [],
      'ALTERNATE-SERVER' = undefined,'CHANNEL-NUMBER' = undefined,
      'DATA' = undefined,'DONT-FRAGMENT' = false,'ERROR-CODE' = undefined,
      'LIFETIME' = undefined,'MAPPED-ADDRESS' = undefined,
      'MESSAGE-INTEGRITY' = undefined,'NONCE' = undefined,'REALM' = undefined,
      'REQUESTED-ADDRESS-FAMILY' = undefined,
      'REQUESTED-TRANSPORT' = undefined,'SOFTWARE' = undefined,
      'UNKNOWN-ATTRIBUTES' = [],'USERNAME' = undefined,
      'XOR-MAPPED-ADDRESS' = undefined,'XOR-PEER-ADDRESS' = [],
      'XOR-RELAYED-ADDRESS' = undefined} (stun:process_data/3:423)
2023-10-01 18:33:28.506008+00:00 [debug] Responding to STUN request [TCP, session v8z3jlo8p661, anonymous, client 127.0.0.1:35244] (stun:process/4:323)
2023-10-01 18:33:28.506056+00:00 [debug] Running 'stun_query' hook [TCP, session v8z3jlo8p661, anonymous, client 127.0.0.1:35244] (stun:run_hook/3:889)
2023-10-01 18:33:28.506113+00:00 [debug] Got 'stun_query' event [TCP, session v8z3jlo8p661, anonymous, client 127.0.0.1:35244] (eturnal_module:handle_event/2:177)
2023-10-01 18:33:28.506162+00:00 [debug] Calling mod_log_stun:handle_event/2 [TCP, session v8z3jlo8p661, anonymous, client 127.0.0.1:35244] (eturnal_module:handle_event/2:180)
2023-10-01 18:33:28.506216+00:00 [info] Responding to STUN request [TCP, session v8z3jlo8p661, anonymous, client 127.0.0.1:35244] (mod_log_stun:handle_event/2:44)
2023-10-01 18:33:28.506280+00:00 [debug] Calling mod_stats_influx:handle_event/2 [TCP, session v8z3jlo8p661, anonymous, client 127.0.0.1:35244] (eturnal_module:handle_event/2:180)
2023-10-01 18:33:28.506362+00:00 [debug] Writing STUN query event to InfluxDB [TCP, session v8z3jlo8p661, anonymous, client 127.0.0.1:35244] (mod_stats_influx:on_stun_query/1:76)
2023-10-01 18:33:28.506531+00:00 [debug] Calling mod_stats_prometheus:handle_event/2 [TCP, session v8z3jlo8p661, anonymous, client 127.0.0.1:35244] (eturnal_module:handle_event/2:180)
2023-10-01 18:33:28.506583+00:00 [debug] Observing STUN query for Prometheus [TCP, session v8z3jlo8p661, anonymous, client 127.0.0.1:35244] (mod_stats_prometheus:on_stun_query/1:166)
2023-10-01 18:33:28.506677+00:00 [debug] Sending:
#stun{class = response,method = 1,magic = 554869826,
      trid = 49792607128084892239503137824,raw = <<>>,unsupported = [],
      'ALTERNATE-SERVER' = undefined,'CHANNEL-NUMBER' = undefined,
      'DATA' = undefined,'DONT-FRAGMENT' = false,'ERROR-CODE' = undefined,
      'LIFETIME' = undefined,'MAPPED-ADDRESS' = undefined,
      'MESSAGE-INTEGRITY' = undefined,'NONCE' = undefined,'REALM' = undefined,
      'REQUESTED-ADDRESS-FAMILY' = undefined,
      'REQUESTED-TRANSPORT' = undefined,'SOFTWARE' = <<"P1 STUN library">>,
      'UNKNOWN-ATTRIBUTES' = [],'USERNAME' = undefined,
      'XOR-MAPPED-ADDRESS' = {{127,0,0,1},35244},
      'XOR-PEER-ADDRESS' = [],'XOR-RELAYED-ADDRESS' = undefined} (stun:send/3:466)
2023-10-01 18:33:28.506952+00:00 [info] Connection reset by peer [TCP, session v8z3jlo8p661, anonymous, client 127.0.0.1:35244] (stun:handle_info/3:174)
2023-10-01 18:33:28.531503+00:00 [info] Accepting connection: 127.0.0.1:54746 -> 127.0.0.1:53490 [TLS, session 1kig173qks0q] (stun_acceptor:accept/3:158)
2023-10-01 18:33:29.541428+00:00 [debug] Received:
#stun{class = request,method = 1,magic = 554869826,
      trid = 56178819024786650576753138046,raw = <<>>,unsupported = [],
      'ALTERNATE-SERVER' = undefined,'CHANNEL-NUMBER' = undefined,
      'DATA' = undefined,'DONT-FRAGMENT' = false,'ERROR-CODE' = undefined,
      'LIFETIME' = undefined,'MAPPED-ADDRESS' = undefined,
      'MESSAGE-INTEGRITY' = undefined,'NONCE' = undefined,'REALM' = undefined,
      'REQUESTED-ADDRESS-FAMILY' = undefined,
      'REQUESTED-TRANSPORT' = undefined,'SOFTWARE' = undefined,
      'UNKNOWN-ATTRIBUTES' = [],'USERNAME' = undefined,
      'XOR-MAPPED-ADDRESS' = undefined,'XOR-PEER-ADDRESS' = [],
      'XOR-RELAYED-ADDRESS' = undefined} (stun:process_data/3:423)
2023-10-01 18:33:29.541742+00:00 [debug] Responding to STUN request [TLS, session 1kig173qks0q, anonymous, client 127.0.0.1:54746] (stun:process/4:323)
2023-10-01 18:33:29.541860+00:00 [debug] Running 'stun_query' hook [TLS, session 1kig173qks0q, anonymous, client 127.0.0.1:54746] (stun:run_hook/3:889)
2023-10-01 18:33:29.541926+00:00 [debug] Got 'stun_query' event [TLS, session 1kig173qks0q, anonymous, client 127.0.0.1:54746] (eturnal_module:handle_event/2:177)
2023-10-01 18:33:29.541966+00:00 [debug] Calling mod_log_stun:handle_event/2 [TLS, session 1kig173qks0q, anonymous, client 127.0.0.1:54746] (eturnal_module:handle_event/2:180)
2023-10-01 18:33:29.542076+00:00 [info] Responding to STUN request [TLS, session 1kig173qks0q, anonymous, client 127.0.0.1:54746] (mod_log_stun:handle_event/2:44)
2023-10-01 18:33:29.542133+00:00 [debug] Calling mod_stats_influx:handle_event/2 [TLS, session 1kig173qks0q, anonymous, client 127.0.0.1:54746] (eturnal_module:handle_event/2:180)
2023-10-01 18:33:29.542240+00:00 [debug] Writing STUN query event to InfluxDB [TLS, session 1kig173qks0q, anonymous, client 127.0.0.1:54746] (mod_stats_influx:on_stun_query/1:76)
2023-10-01 18:33:29.542592+00:00 [debug] Calling mod_stats_prometheus:handle_event/2 [TLS, session 1kig173qks0q, anonymous, client 127.0.0.1:54746] (eturnal_module:handle_event/2:180)
2023-10-01 18:33:29.542690+00:00 [debug] Observing STUN query for Prometheus [TLS, session 1kig173qks0q, anonymous, client 127.0.0.1:54746] (mod_stats_prometheus:on_stun_query/1:166)
2023-10-01 18:33:29.542811+00:00 [debug] Sending:
#stun{class = response,method = 1,magic = 554869826,
      trid = 56178819024786650576753138046,raw = <<>>,unsupported = [],
      'ALTERNATE-SERVER' = undefined,'CHANNEL-NUMBER' = undefined,
      'DATA' = undefined,'DONT-FRAGMENT' = false,'ERROR-CODE' = undefined,
      'LIFETIME' = undefined,'MAPPED-ADDRESS' = undefined,
      'MESSAGE-INTEGRITY' = undefined,'NONCE' = undefined,'REALM' = undefined,
      'REQUESTED-ADDRESS-FAMILY' = undefined,
      'REQUESTED-TRANSPORT' = undefined,'SOFTWARE' = <<"P1 STUN library">>,
      'UNKNOWN-ATTRIBUTES' = [],'USERNAME' = undefined,
      'XOR-MAPPED-ADDRESS' = {{127,0,0,1},54746},
      'XOR-PEER-ADDRESS' = [],'XOR-RELAYED-ADDRESS' = undefined} (stun:send/3:466)
2023-10-01 18:33:29.543367+00:00 [info] Connection reset by peer [TLS, session 1kig173qks0q, anonymous, client 127.0.0.1:54746] (stun:handle_info/3:174)
2023-10-01 18:33:29.569455+00:00 [info] Accepting connection: 127.0.0.1:50072 -> 127.0.0.1:34781 [TCP|TLS, session b7p94ypa21by] (stun_acceptor:accept/3:158)
2023-10-01 18:33:29.569604+00:00 [debug] Determined transport protocol: TCP (stun:is_tls_handshake/1:835)
2023-10-01 18:33:29.569987+00:00 [debug] Received:
#stun{class = request,method = 1,magic = 554869826,
      trid = 62904693203670658167532407638,raw = <<>>,unsupported = [],
      'ALTERNATE-SERVER' = undefined,'CHANNEL-NUMBER' = undefined,
      'DATA' = undefined,'DONT-FRAGMENT' = false,'ERROR-CODE' = undefined,
      'LIFETIME' = undefined,'MAPPED-ADDRESS' = undefined,
      'MESSAGE-INTEGRITY' = undefined,'NONCE' = undefined,'REALM' = undefined,
      'REQUESTED-ADDRESS-FAMILY' = undefined,
      'REQUESTED-TRANSPORT' = undefined,'SOFTWARE' = undefined,
      'UNKNOWN-ATTRIBUTES' = [],'USERNAME' = undefined,
      'XOR-MAPPED-ADDRESS' = undefined,'XOR-PEER-ADDRESS' = [],
      'XOR-RELAYED-ADDRESS' = undefined} (stun:process_data/3:423)
2023-10-01 18:33:29.570136+00:00 [debug] Responding to STUN request [TCP, session b7p94ypa21by, anonymous, client 127.0.0.1:50072] (stun:process/4:323)
2023-10-01 18:33:29.570442+00:00 [debug] Running 'stun_query' hook [TCP, session b7p94ypa21by, anonymous, client 127.0.0.1:50072] (stun:run_hook/3:889)
2023-10-01 18:33:29.570517+00:00 [debug] Got 'stun_query' event [TCP, session b7p94ypa21by, anonymous, client 127.0.0.1:50072] (eturnal_module:handle_event/2:177)
2023-10-01 18:33:29.570584+00:00 [debug] Calling mod_log_stun:handle_event/2 [TCP, session b7p94ypa21by, anonymous, client 127.0.0.1:50072] (eturnal_module:handle_event/2:180)
2023-10-01 18:33:29.570654+00:00 [info] Responding to STUN request [TCP, session b7p94ypa21by, anonymous, client 127.0.0.1:50072] (mod_log_stun:handle_event/2:44)
2023-10-01 18:33:29.570701+00:00 [debug] Calling mod_stats_influx:handle_event/2 [TCP, session b7p94ypa21by, anonymous, client 127.0.0.1:50072] (eturnal_module:handle_event/2:180)
2023-10-01 18:33:29.570744+00:00 [debug] Writing STUN query event to InfluxDB [TCP, session b7p94ypa21by, anonymous, client 127.0.0.1:50072] (mod_stats_influx:on_stun_query/1:76)
2023-10-01 18:33:29.570988+00:00 [debug] Calling mod_stats_prometheus:handle_event/2 [TCP, session b7p94ypa21by, anonymous, client 127.0.0.1:50072] (eturnal_module:handle_event/2:180)
2023-10-01 18:33:29.571056+00:00 [debug] Observing STUN query for Prometheus [TCP, session b7p94ypa21by, anonymous, client 127.0.0.1:50072] (mod_stats_prometheus:on_stun_query/1:166)
2023-10-01 18:33:29.571203+00:00 [debug] Sending:
#stun{class = response,method = 1,magic = 554869826,
      trid = 62904693203670658167532407638,raw = <<>>,unsupported = [],
      'ALTERNATE-SERVER' = undefined,'CHANNEL-NUMBER' = undefined,
      'DATA' = undefined,'DONT-FRAGMENT' = false,'ERROR-CODE' = undefined,
      'LIFETIME' = undefined,'MAPPED-ADDRESS' = undefined,
      'MESSAGE-INTEGRITY' = undefined,'NONCE' = undefined,'REALM' = undefined,
      'REQUESTED-ADDRESS-FAMILY' = undefined,
      'REQUESTED-TRANSPORT' = undefined,'SOFTWARE' = <<"P1 STUN library">>,
      'UNKNOWN-ATTRIBUTES' = [],'USERNAME' = undefined,
      'XOR-MAPPED-ADDRESS' = {{127,0,0,1},50072},
      'XOR-PEER-ADDRESS' = [],'XOR-RELAYED-ADDRESS' = undefined} (stun:send/3:466)
2023-10-01 18:33:29.571571+00:00 [info] Connection reset by peer [TCP, session b7p94ypa21by, anonymous, client 127.0.0.1:50072] (stun:handle_info/3:174)
2023-10-01 18:33:29.597755+00:00 [info] Accepting connection: 127.0.0.1:50086 -> 127.0.0.1:34781 [TCP|TLS, session 7mqjwx8zbenk] (stun_acceptor:accept/3:158)
2023-10-01 18:33:29.598032+00:00 [debug] Determined transport protocol: TLS (stun:is_tls_handshake/1:832)
2023-10-01 18:33:30.607281+00:00 [debug] Received:
#stun{class = request,method = 1,magic = 554869826,
      trid = 33844007385805236352230652594,raw = <<>>,unsupported = [],
      'ALTERNATE-SERVER' = undefined,'CHANNEL-NUMBER' = undefined,
      'DATA' = undefined,'DONT-FRAGMENT' = false,'ERROR-CODE' = undefined,
      'LIFETIME' = undefined,'MAPPED-ADDRESS' = undefined,
      'MESSAGE-INTEGRITY' = undefined,'NONCE' = undefined,'REALM' = undefined,
      'REQUESTED-ADDRESS-FAMILY' = undefined,
      'REQUESTED-TRANSPORT' = undefined,'SOFTWARE' = undefined,
      'UNKNOWN-ATTRIBUTES' = [],'USERNAME' = undefined,
      'XOR-MAPPED-ADDRESS' = undefined,'XOR-PEER-ADDRESS' = [],
      'XOR-RELAYED-ADDRESS' = undefined} (stun:process_data/3:423)
2023-10-01 18:33:30.607574+00:00 [debug] Responding to STUN request [TLS, session 7mqjwx8zbenk, anonymous, client 127.0.0.1:50086] (stun:process/4:323)
2023-10-01 18:33:30.607619+00:00 [debug] Running 'stun_query' hook [TLS, session 7mqjwx8zbenk, anonymous, client 127.0.0.1:50086] (stun:run_hook/3:889)
2023-10-01 18:33:30.607722+00:00 [debug] Got 'stun_query' event [TLS, session 7mqjwx8zbenk, anonymous, client 127.0.0.1:50086] (eturnal_module:handle_event/2:177)
2023-10-01 18:33:30.607761+00:00 [debug] Calling mod_log_stun:handle_event/2 [TLS, session 7mqjwx8zbenk, anonymous, client 127.0.0.1:50086] (eturnal_module:handle_event/2:180)
2023-10-01 18:33:30.607870+00:00 [info] Responding to STUN request [TLS, session 7mqjwx8zbenk, anonymous, client 127.0.0.1:50086] (mod_log_stun:handle_event/2:44)
2023-10-01 18:33:30.607914+00:00 [debug] Calling mod_stats_influx:handle_event/2 [TLS, session 7mqjwx8zbenk, anonymous, client 127.0.0.1:50086] (eturnal_module:handle_event/2:180)
2023-10-01 18:33:30.607951+00:00 [debug] Writing STUN query event to InfluxDB [TLS, session 7mqjwx8zbenk, anonymous, client 127.0.0.1:50086] (mod_stats_influx:on_stun_query/1:76)
2023-10-01 18:33:30.608247+00:00 [debug] Calling mod_stats_prometheus:handle_event/2 [TLS, session 7mqjwx8zbenk, anonymous, client 127.0.0.1:50086] (eturnal_module:handle_event/2:180)
2023-10-01 18:33:30.608304+00:00 [debug] Observing STUN query for Prometheus [TLS, session 7mqjwx8zbenk, anonymous, client 127.0.0.1:50086] (mod_stats_prometheus:on_stun_query/1:166)
2023-10-01 18:33:30.608396+00:00 [debug] Sending:
#stun{class = response,method = 1,magic = 554869826,
      trid = 33844007385805236352230652594,raw = <<>>,unsupported = [],
      'ALTERNATE-SERVER' = undefined,'CHANNEL-NUMBER' = undefined,
      'DATA' = undefined,'DONT-FRAGMENT' = false,'ERROR-CODE' = undefined,
      'LIFETIME' = undefined,'MAPPED-ADDRESS' = undefined,
      'MESSAGE-INTEGRITY' = undefined,'NONCE' = undefined,'REALM' = undefined,
      'REQUESTED-ADDRESS-FAMILY' = undefined,
      'REQUESTED-TRANSPORT' = undefined,'SOFTWARE' = <<"P1 STUN library">>,
      'UNKNOWN-ATTRIBUTES' = [],'USERNAME' = undefined,
      'XOR-MAPPED-ADDRESS' = {{127,0,0,1},50086},
      'XOR-PEER-ADDRESS' = [],'XOR-RELAYED-ADDRESS' = undefined} (stun:send/3:466)
2023-10-01 18:33:30.608775+00:00 [info] Connection reset by peer [TLS, session 7mqjwx8zbenk, anonymous, client 127.0.0.1:50086] (stun:handle_info/3:174)
2023-10-01 18:33:30.634390+00:00 [debug] No NOTIFY_SOCKET, dropping STOPPING=1 notification (eturnal_systemd:handle_cast/2:99)
2023-10-01 18:33:30.634404+00:00 [debug] Terminating eturnal (shutdown) (eturnal:terminate/2:184)
2023-10-01 18:33:30.634815+00:00 [info] Stopped listening on 127.0.0.1:34780 (udp) (eturnal:stop_listeners/1:441)
2023-10-01 18:33:30.634968+00:00 [info] Stopped listening on 127.0.0.1:34780 (tcp) (eturnal:stop_listeners/1:441)
2023-10-01 18:33:30.635096+00:00 [info] Stopped listening on 127.0.0.1:53490 (tls) (eturnal:stop_listeners/1:441)
2023-10-01 18:33:30.635260+00:00 [info] Stopped listening on 127.0.0.1:34781 (auto) (eturnal:stop_listeners/1:441)
2023-10-01 18:33:30.636617+00:00 [debug] Calling mod_stats_influx:stop/1 (eturnal_module:stop/1:163)
2023-10-01 18:33:30.636857+00:00 [debug] Stopping mod_stats_influx (mod_stats_influx:stop/0:61)
2023-10-01 18:33:30.636951+00:00 [info] Stopped mod_stats_influx (eturnal:stop_modules/1:396)
2023-10-01 18:33:30.637906+00:00 [debug] Calling mod_stats_prometheus:stop/1 (eturnal_module:stop/1:163)
2023-10-01 18:33:30.638087+00:00 [debug] Stopping mod_stats_prometheus (mod_stats_prometheus:stop/0:110)
2023-10-01 18:33:30.639107+00:00 [info] Stopped mod_stats_prometheus (eturnal:stop_modules/1:396)
2023-10-01 18:33:30.640000+00:00 [debug] Calling mod_log_stun:stop/1 (eturnal_module:stop/1:163)
2023-10-01 18:33:30.640168+00:00 [debug] Stopping mod_log_stun (mod_log_stun:stop/0:49)
2023-10-01 18:33:30.640461+00:00 [info] Stopped mod_log_stun (eturnal:stop_modules/1:396)
2023-10-01 18:33:30.641214+00:00 [debug] Removed run/cert.pem (eturnal:clean_run_dir/0:870)
2023-10-01 18:33:30.641352+00:00 [debug] Terminating eturnal_systemd (shutdown) (eturnal_systemd:terminate/2:125)
2023-10-01 18:33:30.642035+00:00 [notice] Stopping eturnal 1.12.0 on Erlang/OTP 26 (ERTS 14.0) (eturnal_app:stop/1:53)
