=== Suite started at 2022-01-03 19:49:37
=== Starting test, 16 test cases
=cases         16
=user          runner
=host          nohost
=hosts         nohost 
=emulator_vsn  12.2
=emulator      beam
=otp_release   24
=started       2022-01-03 19:49:37
=case          eturnal_SUITE:init_per_suite
=logfile       eturnal_suite.init_per_suite.html
=started       2022-01-03 19:49:37
=ended         2022-01-03 19:49:37
=result        ok
=elapsed       0.0
=case          eturnal_SUITE:start_eturnal
=logfile       eturnal_suite.start_eturnal.html
=started       2022-01-03 19:49:37
=ended         2022-01-03 19:49:39
=result        ok
=elapsed       1.907195
=case          eturnal_SUITE:check_info
=logfile       eturnal_suite.check_info.html
=started       2022-01-03 19:49:39
=ended         2022-01-03 19:49:39
=result        ok
=elapsed       0.001021
=case          eturnal_SUITE:check_sessions
=logfile       eturnal_suite.check_sessions.html
=started       2022-01-03 19:49:39
=ended         2022-01-03 19:49:39
=result        ok
=elapsed       2.44e-4
=case          eturnal_SUITE:check_credentials
=logfile       eturnal_suite.check_credentials.html
=started       2022-01-03 19:49:39
=ended         2022-01-03 19:49:39
=result        ok
=elapsed       0.012012
=case          eturnal_SUITE:check_loglevel
=logfile       eturnal_suite.check_loglevel.html
=started       2022-01-03 19:49:39
=ended         2022-01-03 19:49:39
=result        ok
=elapsed       8.1e-4
=case          eturnal_SUITE:check_version
=logfile       eturnal_suite.check_version.html
=started       2022-01-03 19:49:39
=ended         2022-01-03 19:49:39
=result        ok
=elapsed       4.48e-4
=case          eturnal_SUITE:reload
=logfile       eturnal_suite.reload.html
=started       2022-01-03 19:49:39
=ended         2022-01-03 19:49:39
=result        ok
=elapsed       0.405699
=case          eturnal_SUITE:connect_tcp
=logfile       eturnal_suite.connect_tcp.html
=started       2022-01-03 19:49:39
=ended         2022-01-03 19:49:39
=result        ok
=elapsed       4.32e-4
=case          eturnal_SUITE:connect_tls
=logfile       eturnal_suite.connect_tls.html
=started       2022-01-03 19:49:39
=ended         2022-01-03 19:49:39
=result        ok
=elapsed       8.14e-4
=case          eturnal_SUITE:turn_udp
=logfile       eturnal_suite.turn_udp.html
=started       2022-01-03 19:49:39
=ended         2022-01-03 19:49:39
=result        ok
=elapsed       0.013275
=case          eturnal_SUITE:stun_udp
=logfile       eturnal_suite.stun_udp.html
=started       2022-01-03 19:49:39
=ended         2022-01-03 19:49:39
=result        ok
=elapsed       0.001522
=case          eturnal_SUITE:stun_tcp
=logfile       eturnal_suite.stun_tcp.html
=started       2022-01-03 19:49:39
=ended         2022-01-03 19:49:39
=result        ok
=elapsed       0.001983
=case          eturnal_SUITE:stun_tls
=logfile       eturnal_suite.stun_tls.html
=started       2022-01-03 19:49:39
=ended         2022-01-03 19:49:39
=result        ok
=elapsed       0.111558
=case          eturnal_SUITE:stun_tcp_auto
=logfile       eturnal_suite.stun_tcp_auto.html
=started       2022-01-03 19:49:39
=ended         2022-01-03 19:49:39
=result        ok
=elapsed       0.002052
=case          eturnal_SUITE:stun_tls_auto
=logfile       eturnal_suite.stun_tls_auto.html
=started       2022-01-03 19:49:39
=ended         2022-01-03 19:49:40
=result        ok
=elapsed       0.111355
=case          eturnal_SUITE:stop_eturnal
=logfile       eturnal_suite.stop_eturnal.html
=started       2022-01-03 19:49:40
=ended         2022-01-03 19:49:40
=result        ok
=elapsed       0.006144
=case          eturnal_SUITE:end_per_suite
=logfile       eturnal_suite.end_per_suite.html
=started       2022-01-03 19:49:40
=ended         2022-01-03 19:49:40
=result        ok
=elapsed       0.0
=group_time    3.036s
=== TEST COMPLETE, 16 ok, 0 failed of 16 test cases

=finished      2022-01-03 19:49:40
=failed        0
=successful    16
=user_skipped  0
=auto_skipped  0
