2022-07-07 07:52:54.922517+00:00 [notice] Starting eturnal 1.8.3 on Erlang/OTP 25 (ERTS 13.0) (eturnal_app:start/2:35)
2022-07-07 07:52:54.922781+00:00 [debug] Starting supervisor: eturnal_sup (eturnal_sup:start_link/0:32)
2022-07-07 07:52:54.922981+00:00 [debug] Configuring eturnal_sup supervisor: [#{id => systemd,
                                       start =>
                                           {eturnal_systemd,start_link,[]}},
                                     #{id => eturnal,
                                       start => {eturnal,start_link,[]}}] (eturnal_sup:init/0:40)
2022-07-07 07:52:54.924603+00:00 [info] Got no NOTIFY_SOCKET, notifications disabled (eturnal_systemd:init/1:95)
2022-07-07 07:52:54.924830+00:00 [debug] PROGRESS REPORT:
    supervisor: {local,eturnal_sup}
    started: [{pid,<0.930.0>},
              {id,systemd},
              {mfargs,{eturnal_systemd,start_link,[]}},
              {restart_type,permanent},
              {significant,false},
              {shutdown,5000},
              {child_type,worker}]
 (supervisor:report_progress/2:1557)
2022-07-07 07:52:54.925015+00:00 [info] Relay IPv4 address: 127.0.0.1 (port range: 49152-65535) (eturnal:log_relay_addresses/0:287)
2022-07-07 07:52:54.925204+00:00 [info] Relay IPv6 address not configured (eturnal:log_relay_addresses/0:297)
2022-07-07 07:52:54.936744+00:00 [info] Cannot determine control query port: noport (eturnal:log_control_listener/0:312)
2022-07-07 07:52:54.936914+00:00 [debug] TURN configuration seems fine (eturnal:check_turn_config/1:520)
2022-07-07 07:52:54.937829+00:00 [debug] Using run directory run (eturnal:ensure_run_dir/0:713)
2022-07-07 07:52:54.938049+00:00 [warning] TLS enabled without 'tls_crt_file', creating self-signed certificate (eturnal:check_pem_file/0:643)
2022-07-07 07:52:55.575689+00:00 [debug] Calling mod_log_stun:start/0 (eturnal_module:start/1:142)
2022-07-07 07:52:55.576011+00:00 [debug] Starting mod_log_stun (mod_log_stun:start/0:39)
2022-07-07 07:52:55.576258+00:00 [info] Started mod_log_stun (eturnal:start_modules/0:323)
2022-07-07 07:52:55.576409+00:00 [debug] Calling mod_stats_influx:start/0 (eturnal_module:start/1:142)
2022-07-07 07:52:55.576535+00:00 [debug] Starting mod_stats_influx (mod_stats_influx:start/0:38)
2022-07-07 07:52:55.579172+00:00 [debug] PROGRESS REPORT:
    application: ulitos
    started_at: nonode@nohost
 (application_controller:info_started/2:2107)
2022-07-07 07:52:55.580580+00:00 [debug] PROGRESS REPORT:
    application: poolboy
    started_at: nonode@nohost
 (application_controller:info_started/2:2107)
2022-07-07 07:52:55.581666+00:00 [info]     msg: Starting application: influx_udp (influx_udp_app:start/2:10)
2022-07-07 07:52:55.584191+00:00 [debug] PROGRESS REPORT:
    supervisor: {local,influx_udp_sup}
    started: [{pid,<0.952.0>},
              {id,influx_udp},
              {mfargs,{influx_udp,start_link,[]}},
              {restart_type,permanent},
              {significant,false},
              {shutdown,5000},
              {child_type,worker}]
 (supervisor:report_progress/2:1557)
2022-07-07 07:52:55.584383+00:00 [debug] PROGRESS REPORT:
    application: influx_udp
    started_at: nonode@nohost
 (application_controller:info_started/2:2107)
2022-07-07 07:52:55.584402+00:00 [debug] Dependency influx_udp was available already (eturnal_module:ensure_dep/2:283)
2022-07-07 07:52:55.587160+00:00 [info]     host: {127,0,0,1}
    msg: Start clients pool
    options: #{host => "localhost",max_overflow => 1,pool_size => 1,
               port => 8089} (influx_udp:start_pool_/2:239)
2022-07-07 07:52:55.596478+00:00 [info]     msg: Open UDP socket on port
    port: 42190 (influx_udp_worker:init/1:43)
2022-07-07 07:52:55.596773+00:00 [debug] PROGRESS REPORT:
    supervisor: {local,influx_udp_sup}
    started: [{pid,<0.955.0>},
              {id,stats_influx_pool},
              {mfargs,
                  {poolboy,start_link,
                      [[{name,{local,stats_influx_pool}},
                        {worker_module,influx_udp_worker},
                        {size,1},
                        {max_overflow,1}],
                       [{options,
                            #{host => {127,0,0,1},
                              max_overflow => 1,pool_size => 1,
                              port => 8089}}]]}},
              {restart_type,permanent},
              {significant,false},
              {shutdown,5000},
              {child_type,worker}]
 (supervisor:report_progress/2:1557)
2022-07-07 07:52:55.596977+00:00 [info] Started mod_stats_influx (eturnal:start_modules/0:323)
2022-07-07 07:52:55.597129+00:00 [debug] Started 2 modules (eturnal:init/1:113)
2022-07-07 07:52:55.597281+00:00 [debug] Starting listener 127.0.0.1:34780 (udp) with options:
[{use_turn,true},
 {auth_type,user},
 {turn_ipv4_address,{127,0,0,1}},
 {turn_min_port,49152},
 {turn_max_port,65535},
 {turn_max_allocations,10},
 {turn_max_permissions,10},
 {shaper,100000},
 {turn_blacklist,[{{203,0,113,0},24},{{8193,3512,0,0,0,0,0,0},32}]},
 {turn_whitelist,[{{203,0,113,113},32},{{8193,3512,0,0,0,0,0,0},64}]},
 {auth_realm,<<"eturnal.net">>},
 {server_name,<<"eturnal">>},
 {auth_fun,fun eturnal:get_password/2},
 {hook_fun,fun eturnal:run_hook/2}] (eturnal:start_listeners/0:367)
2022-07-07 07:52:55.613614+00:00 [info] Listening on 127.0.0.1:34780 (udp) (STUN/TURN) (eturnal:start_listeners/0:372)
2022-07-07 07:52:55.613790+00:00 [debug] Starting listener 127.0.0.1:34780 (tcp) with options:
[{use_turn,false},
 {auth_type,anonymous},
 {turn_ipv4_address,{127,0,0,1}},
 {turn_min_port,49152},
 {turn_max_port,65535},
 {turn_max_allocations,10},
 {turn_max_permissions,10},
 {shaper,100000},
 {turn_blacklist,[{{203,0,113,0},24},{{8193,3512,0,0,0,0,0,0},32}]},
 {turn_whitelist,[{{203,0,113,113},32},{{8193,3512,0,0,0,0,0,0},64}]},
 {auth_realm,<<"eturnal.net">>},
 {server_name,<<"eturnal">>},
 {auth_fun,fun eturnal:get_password/2},
 {hook_fun,fun eturnal:run_hook/2}] (eturnal:start_listeners/0:367)
2022-07-07 07:52:55.623250+00:00 [info] Listening on 127.0.0.1:34780 (tcp) (STUN only) (eturnal:start_listeners/0:372)
2022-07-07 07:52:55.623479+00:00 [debug] Starting listener 127.0.0.1:53490 (tls) with options:
[{use_turn,false},
 {auth_type,anonymous},
 {tls,true},
 {certfile,<<"run/cert.pem">>},
 {ciphers,<<"HIGH:!aNULL:@STRENGTH">>},
 {protocol_options,<<"no_tlsv1|no_tlsv1_1|cipher_server_preference">>},
 {turn_ipv4_address,{127,0,0,1}},
 {turn_min_port,49152},
 {turn_max_port,65535},
 {turn_max_allocations,10},
 {turn_max_permissions,10},
 {shaper,100000},
 {turn_blacklist,[{{203,0,113,0},24},{{8193,3512,0,0,0,0,0,0},32}]},
 {turn_whitelist,[{{203,0,113,113},32},{{8193,3512,0,0,0,0,0,0},64}]},
 {auth_realm,<<"eturnal.net">>},
 {server_name,<<"eturnal">>},
 {auth_fun,fun eturnal:get_password/2},
 {hook_fun,fun eturnal:run_hook/2}] (eturnal:start_listeners/0:367)
2022-07-07 07:52:55.624038+00:00 [info] Listening on 127.0.0.1:53490 (tls) (STUN only) (eturnal:start_listeners/0:372)
2022-07-07 07:52:55.624271+00:00 [debug] Starting listener 127.0.0.1:34781 (auto) with options:
[{use_turn,false},
 {auth_type,anonymous},
 {tls,optional},
 {certfile,<<"run/cert.pem">>},
 {ciphers,<<"HIGH:!aNULL:@STRENGTH">>},
 {protocol_options,<<"no_tlsv1|no_tlsv1_1|cipher_server_preference">>},
 {turn_ipv4_address,{127,0,0,1}},
 {turn_min_port,49152},
 {turn_max_port,65535},
 {turn_max_allocations,10},
 {turn_max_permissions,10},
 {shaper,100000},
 {turn_blacklist,[{{203,0,113,0},24},{{8193,3512,0,0,0,0,0,0},32}]},
 {turn_whitelist,[{{203,0,113,113},32},{{8193,3512,0,0,0,0,0,0},64}]},
 {auth_realm,<<"eturnal.net">>},
 {server_name,<<"eturnal">>},
 {auth_fun,fun eturnal:get_password/2},
 {hook_fun,fun eturnal:run_hook/2}] (eturnal:start_listeners/0:367)
2022-07-07 07:52:55.639984+00:00 [info] Listening on 127.0.0.1:34781 (auto) (STUN only) (eturnal:start_listeners/0:372)
2022-07-07 07:52:55.640200+00:00 [debug] Started 4 listeners (eturnal:init/1:121)
2022-07-07 07:52:55.640314+00:00 [debug] PROGRESS REPORT:
    supervisor: {local,eturnal_sup}
    started: [{pid,<0.932.0>},
              {id,eturnal},
              {mfargs,{eturnal,start_link,[]}},
              {restart_type,permanent},
              {significant,false},
              {shutdown,5000},
              {child_type,worker}]
 (supervisor:report_progress/2:1557)
2022-07-07 07:52:55.640434+00:00 [debug] No NOTIFY_SOCKET, dropping READY=1 notification (eturnal_systemd:handle_cast/2:109)
2022-07-07 07:52:55.640458+00:00 [debug] PROGRESS REPORT:
    application: eturnal
    started_at: nonode@nohost
 (application_controller:info_started/2:2107)
2022-07-07 07:52:55.640573+00:00 [debug] Watchdog interval is undefined, hibernating (eturnal_systemd:get_timeout/1:162)
2022-07-07 07:52:55.670328+00:00 [debug] Handling API call: get_info() (eturnal_ctl:get_info/0:135)
2022-07-07 07:52:55.671138+00:00 [debug] eturnal call (get_info) returned {ok,
                                  {eturnal_node_info,<<"1.8.3">>,
                                   {"25","13.0"},
                                   4126,0,137,110812885,4,39430504}} (eturnal_ctl:call/1:452)
2022-07-07 07:52:55.696527+00:00 [debug] Handling API call: get_sessions() (eturnal_ctl:get_sessions/0:106)
2022-07-07 07:52:55.720693+00:00 [debug] Handling API call: get_sessions("alice") (eturnal_ctl:get_sessions/1:116)
2022-07-07 07:52:55.721028+00:00 [debug] Handling API call: disconnect(alice) (eturnal_ctl:disconnect/1:184)
2022-07-07 07:52:55.721176+00:00 [debug] Cannot convert user name to binary: alice (eturnal_ctl:disconnect/1:194)
2022-07-07 07:52:55.747126+00:00 [debug] Handling API call: disconnect("alice") (eturnal_ctl:disconnect/1:184)
2022-07-07 07:52:55.747404+00:00 [debug] Handling API call: disconnect(alice) (eturnal_ctl:disconnect/1:184)
2022-07-07 07:52:55.747526+00:00 [debug] Cannot convert user name to binary: alice (eturnal_ctl:disconnect/1:194)
2022-07-07 07:52:55.774811+00:00 [debug] Handling API call: get_credentials("2009-10-30 11:00:00Z", []) (eturnal_ctl:get_credentials/2:60)
2022-07-07 07:52:55.775106+00:00 [debug] eturnal call ({get_password,<<"1256900400">>}) returned {ok,
                                                         <<"uEKlpcME7MNMMVRV8rUFPCTIFEs=">>} (eturnal_ctl:call/1:452)
2022-07-07 07:52:55.780855+00:00 [debug] Handling API call: get_credentials("86400", "alice") (eturnal_ctl:get_credentials/2:60)
2022-07-07 07:52:55.781358+00:00 [debug] eturnal call ({get_password,<<"1657266775:alice">>}) returned {ok,
                                                               <<"P3vu1cxhpb+ZMSpx/lNx+eH+W8M=">>} (eturnal_ctl:call/1:452)
2022-07-07 07:52:55.781559+00:00 [debug] Handling API call: get_password("1657266775:alice") (eturnal_ctl:get_password/1:79)
2022-07-07 07:52:55.781728+00:00 [debug] eturnal call ({get_password,<<"1657266775:alice">>}) returned {ok,
                                                               <<"P3vu1cxhpb+ZMSpx/lNx+eH+W8M=">>} (eturnal_ctl:call/1:452)
2022-07-07 07:52:55.781945+00:00 [debug] Handling API call: get_credentials("86400s", "alice") (eturnal_ctl:get_credentials/2:60)
2022-07-07 07:52:55.782240+00:00 [debug] eturnal call ({get_password,<<"1657266775:alice">>}) returned {ok,
                                                               <<"P3vu1cxhpb+ZMSpx/lNx+eH+W8M=">>} (eturnal_ctl:call/1:452)
2022-07-07 07:52:55.782419+00:00 [debug] Handling API call: get_password("1657266775:alice") (eturnal_ctl:get_password/1:79)
2022-07-07 07:52:55.782611+00:00 [debug] eturnal call ({get_password,<<"1657266775:alice">>}) returned {ok,
                                                               <<"P3vu1cxhpb+ZMSpx/lNx+eH+W8M=">>} (eturnal_ctl:call/1:452)
2022-07-07 07:52:55.782820+00:00 [debug] Handling API call: get_credentials("1440m", "alice") (eturnal_ctl:get_credentials/2:60)
2022-07-07 07:52:55.782986+00:00 [debug] eturnal call ({get_password,<<"1657266775:alice">>}) returned {ok,
                                                               <<"P3vu1cxhpb+ZMSpx/lNx+eH+W8M=">>} (eturnal_ctl:call/1:452)
2022-07-07 07:52:55.783142+00:00 [debug] Handling API call: get_password("1657266775:alice") (eturnal_ctl:get_password/1:79)
2022-07-07 07:52:55.783312+00:00 [debug] eturnal call ({get_password,<<"1657266775:alice">>}) returned {ok,
                                                               <<"P3vu1cxhpb+ZMSpx/lNx+eH+W8M=">>} (eturnal_ctl:call/1:452)
2022-07-07 07:52:55.783703+00:00 [debug] Handling API call: get_credentials("24h", "alice") (eturnal_ctl:get_credentials/2:60)
2022-07-07 07:52:55.784119+00:00 [debug] eturnal call ({get_password,<<"1657266775:alice">>}) returned {ok,
                                                               <<"P3vu1cxhpb+ZMSpx/lNx+eH+W8M=">>} (eturnal_ctl:call/1:452)
2022-07-07 07:52:55.784320+00:00 [debug] Handling API call: get_password("1657266775:alice") (eturnal_ctl:get_password/1:79)
2022-07-07 07:52:55.784710+00:00 [debug] eturnal call ({get_password,<<"1657266775:alice">>}) returned {ok,
                                                               <<"P3vu1cxhpb+ZMSpx/lNx+eH+W8M=">>} (eturnal_ctl:call/1:452)
2022-07-07 07:52:55.784978+00:00 [debug] Handling API call: get_credentials("1d", "alice") (eturnal_ctl:get_credentials/2:60)
2022-07-07 07:52:55.785264+00:00 [debug] eturnal call ({get_password,<<"1657266775:alice">>}) returned {ok,
                                                               <<"P3vu1cxhpb+ZMSpx/lNx+eH+W8M=">>} (eturnal_ctl:call/1:452)
2022-07-07 07:52:55.785435+00:00 [debug] Handling API call: get_password("1657266775:alice") (eturnal_ctl:get_password/1:79)
2022-07-07 07:52:55.785578+00:00 [debug] eturnal call ({get_password,<<"1657266775:alice">>}) returned {ok,
                                                               <<"P3vu1cxhpb+ZMSpx/lNx+eH+W8M=">>} (eturnal_ctl:call/1:452)
2022-07-07 07:52:55.785772+00:00 [debug] Handling API call: get_password("Invalid") (eturnal_ctl:get_password/1:79)
2022-07-07 07:52:55.785874+00:00 [debug] Invalid user name: Invalid (eturnal_ctl:get_password/1:93)
2022-07-07 07:52:55.785969+00:00 [debug] Handling API call: get_credentials("Invalid", []) (eturnal_ctl:get_credentials/2:60)
2022-07-07 07:52:55.786096+00:00 [debug] Invalid argument(s): "Invalid":[] (eturnal_ctl:get_credentials/2:73)
2022-07-07 07:52:55.786206+00:00 [debug] Handling API call: get_password(invalid) (eturnal_ctl:get_password/1:79)
2022-07-07 07:52:55.786300+00:00 [debug] Cannot convert user name to binary: invalid (eturnal_ctl:get_password/1:100)
2022-07-07 07:52:55.786383+00:00 [debug] Handling API call: get_credentials(invalid, []) (eturnal_ctl:get_credentials/2:60)
2022-07-07 07:52:55.786519+00:00 [debug] Invalid argument(s): invalid:[] (eturnal_ctl:get_credentials/2:73)
2022-07-07 07:52:55.786627+00:00 [debug] Handling API call: get_password([invalid]) (eturnal_ctl:get_password/1:79)
2022-07-07 07:52:55.786733+00:00 [debug] Cannot convert user name to binary: [invalid] (eturnal_ctl:get_password/1:100)
2022-07-07 07:52:55.786828+00:00 [debug] Handling API call: get_credentials([invalid], []) (eturnal_ctl:get_credentials/2:60)
2022-07-07 07:52:55.786967+00:00 [debug] Invalid argument(s): [invalid]:[] (eturnal_ctl:get_credentials/2:73)
2022-07-07 07:52:55.787182+00:00 [debug] Handling API call: get_credentials(1256900400, invalid) (eturnal_ctl:get_credentials/2:60)
2022-07-07 07:52:55.787335+00:00 [debug] Invalid argument(s): 1256900400:invalid (eturnal_ctl:get_credentials/2:73)
2022-07-07 07:52:55.813513+00:00 [debug] Handling API call: set_loglevel(debug) (eturnal_ctl:set_loglevel/1:165)
2022-07-07 07:52:55.813915+00:00 [debug] eturnal call ({set_loglevel,debug}) returned ok (eturnal_ctl:call/1:449)
2022-07-07 07:52:55.814150+00:00 [debug] Handling API call: get_loglevel() (eturnal_ctl:get_loglevel/0:155)
2022-07-07 07:52:55.814305+00:00 [debug] eturnal call (get_loglevel) returned {ok,debug} (eturnal_ctl:call/1:452)
2022-07-07 07:52:55.814494+00:00 [debug] Handling API call: set_loglevel(invalid) (eturnal_ctl:set_loglevel/1:165)
2022-07-07 07:52:55.814627+00:00 [debug] Invalid log level: invalid (eturnal_ctl:set_loglevel/1:175)
2022-07-07 07:52:55.814850+00:00 [debug] Handling API call: get_loglevel() (eturnal_ctl:get_loglevel/0:155)
2022-07-07 07:52:55.814989+00:00 [debug] eturnal call (get_loglevel) returned {ok,debug} (eturnal_ctl:call/1:452)
2022-07-07 07:52:55.840686+00:00 [debug] Handling API call: get_version() (eturnal_ctl:get_version/0:145)
2022-07-07 07:52:55.841185+00:00 [debug] eturnal call (get_version) returned {ok,<<"1.8.3">>} (eturnal_ctl:call/1:452)
2022-07-07 07:52:55.866540+00:00 [debug] Handling API call: reload() (eturnal_ctl:reload/0:200)
2022-07-07 07:52:55.868544+00:00 [debug] Calling mod_log_stun:options/0 (eturnal_module:options/1:191)
2022-07-07 07:52:55.868793+00:00 [debug] Calling mod_stats_influx:options/0 (eturnal_module:options/1:191)
2022-07-07 07:52:55.869539+00:00 [warning] TLS enabled without 'tls_crt_file', creating self-signed certificate (eturnal:check_pem_file/0:643)
2022-07-07 07:52:58.023234+00:00 [info] Using new TLS certificate (eturnal:handle_call/3:140)
2022-07-07 07:52:58.023458+00:00 [debug] Reloaded configuration (eturnal:handle_call/3:146)
2022-07-07 07:52:58.023679+00:00 [debug] eturnal call (reload) returned ok (eturnal_ctl:call/1:449)
2022-07-07 07:52:58.024151+00:00 [debug] Handling API call: reload() (eturnal_ctl:reload/0:200)
2022-07-07 07:52:58.026582+00:00 [debug] Calling mod_log_stun:options/0 (eturnal_module:options/1:191)
2022-07-07 07:52:58.026784+00:00 [debug] Calling mod_stats_influx:options/0 (eturnal_module:options/1:191)
2022-07-07 07:52:58.027708+00:00 [debug] Keeping PEM file (run/cert.pem) (eturnal:check_pem_file/0:640)
2022-07-07 07:52:58.027869+00:00 [debug] TLS certificate unchanged (eturnal:handle_call/3:142)
2022-07-07 07:52:58.027998+00:00 [debug] Reloaded configuration (eturnal:handle_call/3:146)
2022-07-07 07:52:58.028125+00:00 [debug] eturnal call (reload) returned ok (eturnal_ctl:call/1:449)
2022-07-07 07:52:58.052937+00:00 [info] Accepting connection: 127.0.0.1:39200 -> 127.0.0.1:34780 [TCP, session 6cc4vw98zwpp] (stun_acceptor:accept/3:148)
2022-07-07 07:52:58.077014+00:00 [info] Accepting connection: 127.0.0.1:39464 -> 127.0.0.1:53490 [TLS, session g31930uuo7l4] (stun_acceptor:accept/3:148)
2022-07-07 07:52:58.108993+00:00 [debug] Received:
#stun{class = request,method = 3,magic = 554869826,
      trid = 67898190113125970170256483779,raw = <<>>,unsupported = [],
      'ALTERNATE-SERVER' = undefined,'CHANNEL-NUMBER' = undefined,
      'DATA' = undefined,'DONT-FRAGMENT' = false,'ERROR-CODE' = undefined,
      'LIFETIME' = undefined,'MAPPED-ADDRESS' = undefined,
      'MESSAGE-INTEGRITY' = undefined,'NONCE' = undefined,'REALM' = undefined,
      'REQUESTED-ADDRESS-FAMILY' = undefined,
      'REQUESTED-TRANSPORT' = undefined,'SOFTWARE' = undefined,
      'UNKNOWN-ATTRIBUTES' = [],'USERNAME' = undefined,
      'XOR-MAPPED-ADDRESS' = undefined,'XOR-PEER-ADDRESS' = [],
      'XOR-RELAYED-ADDRESS' = undefined} (stun:udp_recv/5:111)
2022-07-07 07:52:58.109200+00:00 [debug] Sending:
#stun{class = error,method = 3,magic = 554869826,
      trid = 67898190113125970170256483779,raw = <<>>,unsupported = [],
      'ALTERNATE-SERVER' = undefined,'CHANNEL-NUMBER' = undefined,
      'DATA' = undefined,'DONT-FRAGMENT' = false,
      'ERROR-CODE' = {401,<<"Unauthorized">>},
      'LIFETIME' = undefined,'MAPPED-ADDRESS' = undefined,
      'MESSAGE-INTEGRITY' = undefined,'NONCE' = <<"1466956108">>,
      'REALM' = <<"eturnal.net">>,'REQUESTED-ADDRESS-FAMILY' = undefined,
      'REQUESTED-TRANSPORT' = undefined,'SOFTWARE' = <<"eturnal">>,
      'UNKNOWN-ATTRIBUTES' = [],'USERNAME' = undefined,
      'XOR-MAPPED-ADDRESS' = undefined,'XOR-PEER-ADDRESS' = [],
      'XOR-RELAYED-ADDRESS' = undefined} (stun:send/3:445)
2022-07-07 07:52:58.109660+00:00 [debug] Received:
#stun{class = request,method = 3,magic = 554869826,
      trid = 67790414851546846247136216067,
      raw = <<0,3,0,80,33,18,164,66,219,10,234,184,201,123,28,54,185,123,68,3,
              0,25,0,4,17,0,0,0,0,6,0,10,50,49,52,53,57,49,51,50,48,48,0,0,0,
              20,0,11,101,116,117,114,110,97,108,46,110,101,116,0,0,21,0,10,49,
              52,54,54,57,53,54,49,48,56,0,0>>,
      unsupported = [],'ALTERNATE-SERVER' = undefined,
      'CHANNEL-NUMBER' = undefined,'DATA' = undefined,'DONT-FRAGMENT' = false,
      'ERROR-CODE' = undefined,'LIFETIME' = undefined,
      'MAPPED-ADDRESS' = undefined,
      'MESSAGE-INTEGRITY' = <<52,84,39,27,170,172,169,155,187,51,221,82,180,
                              237,65,100,70,141,67,136>>,
      'NONCE' = <<"1466956108">>,'REALM' = <<"eturnal.net">>,
      'REQUESTED-ADDRESS-FAMILY' = undefined,'REQUESTED-TRANSPORT' = udp,
      'SOFTWARE' = undefined,'UNKNOWN-ATTRIBUTES' = [],
      'USERNAME' = <<"2145913200">>,'XOR-MAPPED-ADDRESS' = undefined,
      'XOR-PEER-ADDRESS' = [],'XOR-RELAYED-ADDRESS' = undefined} (stun:udp_recv/5:111)
2022-07-07 07:52:58.109836+00:00 [debug] Looking up password for: 2145913200 [UDP, session d5eihkpaipn7, user 2145913200, client 127.0.0.1:40272] (eturnal:get_password/2:225)
2022-07-07 07:52:58.109946+00:00 [info] Accepting long-term STUN/TURN authentication [UDP, session d5eihkpaipn7, user 2145913200, client 127.0.0.1:40272] (stun:process/2:249)
2022-07-07 07:52:58.113746+00:00 [debug] Running 'turn_session_start' hook [UDP, session d5eihkpaipn7, user 2145913200, client 127.0.0.1:40272] (turn:run_hook/2:711)
2022-07-07 07:52:58.113849+00:00 [debug] Got 'turn_session_start' event [UDP, session d5eihkpaipn7, user 2145913200, client 127.0.0.1:40272] (eturnal_module:handle_event/2:176)
2022-07-07 07:52:58.114083+00:00 [notice] Creating TURN allocation (lifetime: 600 seconds) [UDP, session d5eihkpaipn7, user 2145913200, client 127.0.0.1:40272, relay 127.0.0.1:63559] (turn:wait_for_allocate/2:207)
2022-07-07 07:52:58.114273+00:00 [debug] Sending:
#stun{class = response,method = 3,magic = 554869826,
      trid = 67790414851546846247136216067,raw = <<>>,unsupported = [],
      'ALTERNATE-SERVER' = undefined,'CHANNEL-NUMBER' = undefined,
      'DATA' = undefined,'DONT-FRAGMENT' = false,'ERROR-CODE' = undefined,
      'LIFETIME' = 600,'MAPPED-ADDRESS' = undefined,
      'MESSAGE-INTEGRITY' = undefined,'NONCE' = undefined,'REALM' = undefined,
      'REQUESTED-ADDRESS-FAMILY' = undefined,
      'REQUESTED-TRANSPORT' = undefined,'SOFTWARE' = <<"eturnal">>,
      'UNKNOWN-ATTRIBUTES' = [],'USERNAME' = undefined,
      'XOR-MAPPED-ADDRESS' = {{127,0,0,1},40272},
      'XOR-PEER-ADDRESS' = [],
      'XOR-RELAYED-ADDRESS' = {{127,0,0,1},63559}} (turn:send/2:521)
2022-07-07 07:52:58.114696+00:00 [debug] Received:
#stun{class = request,method = 4,magic = 554869826,
      trid = 39863392152425360390883751393,
      raw = <<0,4,0,80,33,18,164,66,128,206,57,162,183,14,31,6,247,133,181,225,
              0,6,0,10,50,49,52,53,57,49,51,50,48,48,0,0,0,20,0,11,101,116,117,
              114,110,97,108,46,110,101,116,0,0,21,0,10,49,52,54,54,57,53,54,
              49,48,56,0,0,0,13,0,4,0,0,0,0>>,
      unsupported = [],'ALTERNATE-SERVER' = undefined,
      'CHANNEL-NUMBER' = undefined,'DATA' = undefined,'DONT-FRAGMENT' = false,
      'ERROR-CODE' = undefined,'LIFETIME' = 0,'MAPPED-ADDRESS' = undefined,
      'MESSAGE-INTEGRITY' = <<44,195,117,46,213,87,87,54,183,253,196,250,31,
                              200,132,227,17,217,172,91>>,
      'NONCE' = <<"1466956108">>,'REALM' = <<"eturnal.net">>,
      'REQUESTED-ADDRESS-FAMILY' = undefined,
      'REQUESTED-TRANSPORT' = undefined,'SOFTWARE' = undefined,
      'UNKNOWN-ATTRIBUTES' = [],'USERNAME' = <<"2145913200">>,
      'XOR-MAPPED-ADDRESS' = undefined,'XOR-PEER-ADDRESS' = [],
      'XOR-RELAYED-ADDRESS' = undefined} (stun:udp_recv/5:111)
2022-07-07 07:52:58.114865+00:00 [debug] Looking up password for: 2145913200 [UDP, session w8qcrzecokh0, user 2145913200, client 127.0.0.1:40272] (eturnal:get_password/2:225)
2022-07-07 07:52:58.114958+00:00 [info] Accepting long-term STUN/TURN authentication [UDP, session w8qcrzecokh0, user 2145913200, client 127.0.0.1:40272] (stun:process/2:249)
2022-07-07 07:52:58.115024+00:00 [info] Client requested closing the TURN session [UDP, session d5eihkpaipn7, user 2145913200, client 127.0.0.1:40272, relay 127.0.0.1:63559] (turn:active/2:262)
2022-07-07 07:52:58.115155+00:00 [debug] Sending:
#stun{class = response,method = 4,magic = 554869826,
      trid = 39863392152425360390883751393,raw = <<>>,unsupported = [],
      'ALTERNATE-SERVER' = undefined,'CHANNEL-NUMBER' = undefined,
      'DATA' = undefined,'DONT-FRAGMENT' = false,'ERROR-CODE' = undefined,
      'LIFETIME' = 0,'MAPPED-ADDRESS' = undefined,
      'MESSAGE-INTEGRITY' = undefined,'NONCE' = undefined,'REALM' = undefined,
      'REQUESTED-ADDRESS-FAMILY' = undefined,
      'REQUESTED-TRANSPORT' = undefined,'SOFTWARE' = <<"eturnal">>,
      'UNKNOWN-ATTRIBUTES' = [],'USERNAME' = undefined,
      'XOR-MAPPED-ADDRESS' = undefined,'XOR-PEER-ADDRESS' = [],
      'XOR-RELAYED-ADDRESS' = undefined} (turn:send/2:521)
2022-07-07 07:52:58.115306+00:00 [info] Deleting TURN allocation [UDP, session d5eihkpaipn7, user 2145913200, client 127.0.0.1:40272, relay 127.0.0.1:63559] (turn:terminate/3:454)
2022-07-07 07:52:58.115374+00:00 [notice] Relayed 0 KiB (in 0 B / 0 packets, out 0 B / 0 packets), duration: 0 seconds [UDP, session d5eihkpaipn7, user 2145913200, client 127.0.0.1:40272, relay 127.0.0.1:63559] (turn:terminate/3:461)
2022-07-07 07:52:58.115440+00:00 [debug] Running 'turn_session_stop' hook [UDP, session d5eihkpaipn7, user 2145913200, client 127.0.0.1:40272, relay 127.0.0.1:63559] (turn:run_hook/2:711)
2022-07-07 07:52:58.115499+00:00 [debug] Got 'turn_session_stop' event [UDP, session d5eihkpaipn7, user 2145913200, client 127.0.0.1:40272, relay 127.0.0.1:63559] (eturnal_module:handle_event/2:176)
2022-07-07 07:52:58.115547+00:00 [debug] Calling mod_stats_influx:handle_event/2 [UDP, session d5eihkpaipn7, user 2145913200, client 127.0.0.1:40272, relay 127.0.0.1:63559] (eturnal_module:handle_event/2:179)
2022-07-07 07:52:58.115599+00:00 [debug] Writing stats of TURN session d5eihkpaipn7 to InfluxDB [UDP, session d5eihkpaipn7, user 2145913200, client 127.0.0.1:40272, relay 127.0.0.1:63559] (mod_stats_influx:on_turn_session_stop/1:81)
2022-07-07 07:52:58.139629+00:00 [debug] Received:
#stun{class = request,method = 1,magic = 554869826,
      trid = 28185552093704195649711823289,raw = <<>>,unsupported = [],
      'ALTERNATE-SERVER' = undefined,'CHANNEL-NUMBER' = undefined,
      'DATA' = undefined,'DONT-FRAGMENT' = false,'ERROR-CODE' = undefined,
      'LIFETIME' = undefined,'MAPPED-ADDRESS' = undefined,
      'MESSAGE-INTEGRITY' = undefined,'NONCE' = undefined,'REALM' = undefined,
      'REQUESTED-ADDRESS-FAMILY' = undefined,
      'REQUESTED-TRANSPORT' = undefined,'SOFTWARE' = undefined,
      'UNKNOWN-ATTRIBUTES' = [],'USERNAME' = undefined,
      'XOR-MAPPED-ADDRESS' = undefined,'XOR-PEER-ADDRESS' = [],
      'XOR-RELAYED-ADDRESS' = undefined} (stun:udp_recv/5:111)
2022-07-07 07:52:58.139744+00:00 [debug] Responding to STUN request [UDP, session v5mh4mwxqkyy, anonymous, client 127.0.0.1:52427] (stun:process/4:312)
2022-07-07 07:52:58.139813+00:00 [debug] Running 'stun_query' hook [UDP, session v5mh4mwxqkyy, anonymous, client 127.0.0.1:52427] (stun:run_hook/3:820)
2022-07-07 07:52:58.139875+00:00 [debug] Got 'stun_query' event [UDP, session v5mh4mwxqkyy, anonymous, client 127.0.0.1:52427] (eturnal_module:handle_event/2:176)
2022-07-07 07:52:58.139934+00:00 [debug] Calling mod_log_stun:handle_event/2 [UDP, session v5mh4mwxqkyy, anonymous, client 127.0.0.1:52427] (eturnal_module:handle_event/2:179)
2022-07-07 07:52:58.139984+00:00 [info] Responding to STUN request [UDP, session v5mh4mwxqkyy, anonymous, client 127.0.0.1:52427] (mod_log_stun:handle_event/2:45)
2022-07-07 07:52:58.140042+00:00 [debug] Calling mod_stats_influx:handle_event/2 [UDP, session v5mh4mwxqkyy, anonymous, client 127.0.0.1:52427] (eturnal_module:handle_event/2:179)
2022-07-07 07:52:58.140089+00:00 [debug] Writing STUN query event to InfluxDB [UDP, session v5mh4mwxqkyy, anonymous, client 127.0.0.1:52427] (mod_stats_influx:on_stun_query/1:70)
2022-07-07 07:52:58.140297+00:00 [debug] Sending:
#stun{class = response,method = 1,magic = 554869826,
      trid = 28185552093704195649711823289,raw = <<>>,unsupported = [],
      'ALTERNATE-SERVER' = undefined,'CHANNEL-NUMBER' = undefined,
      'DATA' = undefined,'DONT-FRAGMENT' = false,'ERROR-CODE' = undefined,
      'LIFETIME' = undefined,'MAPPED-ADDRESS' = undefined,
      'MESSAGE-INTEGRITY' = undefined,'NONCE' = undefined,'REALM' = undefined,
      'REQUESTED-ADDRESS-FAMILY' = undefined,
      'REQUESTED-TRANSPORT' = undefined,'SOFTWARE' = <<"eturnal">>,
      'UNKNOWN-ATTRIBUTES' = [],'USERNAME' = undefined,
      'XOR-MAPPED-ADDRESS' = {{127,0,0,1},52427},
      'XOR-PEER-ADDRESS' = [],'XOR-RELAYED-ADDRESS' = undefined} (stun:send/3:445)
2022-07-07 07:52:58.164724+00:00 [info] Accepting connection: 127.0.0.1:39202 -> 127.0.0.1:34780 [TCP, session fly1h3nfd1u6] (stun_acceptor:accept/3:148)
2022-07-07 07:52:58.165148+00:00 [debug] Received:
#stun{class = request,method = 1,magic = 554869826,
      trid = 29431727412641723332986269923,raw = <<>>,unsupported = [],
      'ALTERNATE-SERVER' = undefined,'CHANNEL-NUMBER' = undefined,
      'DATA' = undefined,'DONT-FRAGMENT' = false,'ERROR-CODE' = undefined,
      'LIFETIME' = undefined,'MAPPED-ADDRESS' = undefined,
      'MESSAGE-INTEGRITY' = undefined,'NONCE' = undefined,'REALM' = undefined,
      'REQUESTED-ADDRESS-FAMILY' = undefined,
      'REQUESTED-TRANSPORT' = undefined,'SOFTWARE' = undefined,
      'UNKNOWN-ATTRIBUTES' = [],'USERNAME' = undefined,
      'XOR-MAPPED-ADDRESS' = undefined,'XOR-PEER-ADDRESS' = [],
      'XOR-RELAYED-ADDRESS' = undefined} (stun:process_data/3:404)
2022-07-07 07:52:58.165271+00:00 [debug] Responding to STUN request [TCP, session fly1h3nfd1u6, anonymous, client 127.0.0.1:39202] (stun:process/4:312)
2022-07-07 07:52:58.165331+00:00 [debug] Running 'stun_query' hook [TCP, session fly1h3nfd1u6, anonymous, client 127.0.0.1:39202] (stun:run_hook/3:820)
2022-07-07 07:52:58.165390+00:00 [debug] Got 'stun_query' event [TCP, session fly1h3nfd1u6, anonymous, client 127.0.0.1:39202] (eturnal_module:handle_event/2:176)
2022-07-07 07:52:58.165443+00:00 [debug] Calling mod_log_stun:handle_event/2 [TCP, session fly1h3nfd1u6, anonymous, client 127.0.0.1:39202] (eturnal_module:handle_event/2:179)
2022-07-07 07:52:58.165500+00:00 [info] Responding to STUN request [TCP, session fly1h3nfd1u6, anonymous, client 127.0.0.1:39202] (mod_log_stun:handle_event/2:45)
2022-07-07 07:52:58.165553+00:00 [debug] Calling mod_stats_influx:handle_event/2 [TCP, session fly1h3nfd1u6, anonymous, client 127.0.0.1:39202] (eturnal_module:handle_event/2:179)
2022-07-07 07:52:58.165767+00:00 [debug] Writing STUN query event to InfluxDB [TCP, session fly1h3nfd1u6, anonymous, client 127.0.0.1:39202] (mod_stats_influx:on_stun_query/1:70)
2022-07-07 07:52:58.165969+00:00 [debug] Sending:
#stun{class = response,method = 1,magic = 554869826,
      trid = 29431727412641723332986269923,raw = <<>>,unsupported = [],
      'ALTERNATE-SERVER' = undefined,'CHANNEL-NUMBER' = undefined,
      'DATA' = undefined,'DONT-FRAGMENT' = false,'ERROR-CODE' = undefined,
      'LIFETIME' = undefined,'MAPPED-ADDRESS' = undefined,
      'MESSAGE-INTEGRITY' = undefined,'NONCE' = undefined,'REALM' = undefined,
      'REQUESTED-ADDRESS-FAMILY' = undefined,
      'REQUESTED-TRANSPORT' = undefined,'SOFTWARE' = <<"P1 STUN library">>,
      'UNKNOWN-ATTRIBUTES' = [],'USERNAME' = undefined,
      'XOR-MAPPED-ADDRESS' = {{127,0,0,1},39202},
      'XOR-PEER-ADDRESS' = [],'XOR-RELAYED-ADDRESS' = undefined} (stun:send/3:445)
2022-07-07 07:52:58.166294+00:00 [info] Connection reset by peer [TCP, session fly1h3nfd1u6, anonymous, client 127.0.0.1:39202] (stun:handle_info/3:170)
2022-07-07 07:52:58.191848+00:00 [info] Accepting connection: 127.0.0.1:39466 -> 127.0.0.1:53490 [TLS, session t2nba56zl85c] (stun_acceptor:accept/3:148)
2022-07-07 07:52:58.305689+00:00 [debug] Received:
#stun{class = request,method = 1,magic = 554869826,
      trid = 10808166293614648719951729163,raw = <<>>,unsupported = [],
      'ALTERNATE-SERVER' = undefined,'CHANNEL-NUMBER' = undefined,
      'DATA' = undefined,'DONT-FRAGMENT' = false,'ERROR-CODE' = undefined,
      'LIFETIME' = undefined,'MAPPED-ADDRESS' = undefined,
      'MESSAGE-INTEGRITY' = undefined,'NONCE' = undefined,'REALM' = undefined,
      'REQUESTED-ADDRESS-FAMILY' = undefined,
      'REQUESTED-TRANSPORT' = undefined,'SOFTWARE' = undefined,
      'UNKNOWN-ATTRIBUTES' = [],'USERNAME' = undefined,
      'XOR-MAPPED-ADDRESS' = undefined,'XOR-PEER-ADDRESS' = [],
      'XOR-RELAYED-ADDRESS' = undefined} (stun:process_data/3:404)
2022-07-07 07:52:58.305860+00:00 [debug] Responding to STUN request [TLS, session t2nba56zl85c, anonymous, client 127.0.0.1:39466] (stun:process/4:312)
2022-07-07 07:52:58.305930+00:00 [debug] Running 'stun_query' hook [TLS, session t2nba56zl85c, anonymous, client 127.0.0.1:39466] (stun:run_hook/3:820)
2022-07-07 07:52:58.306047+00:00 [debug] Got 'stun_query' event [TLS, session t2nba56zl85c, anonymous, client 127.0.0.1:39466] (eturnal_module:handle_event/2:176)
2022-07-07 07:52:58.306205+00:00 [debug] Calling mod_log_stun:handle_event/2 [TLS, session t2nba56zl85c, anonymous, client 127.0.0.1:39466] (eturnal_module:handle_event/2:179)
2022-07-07 07:52:58.306857+00:00 [info] Responding to STUN request [TLS, session t2nba56zl85c, anonymous, client 127.0.0.1:39466] (mod_log_stun:handle_event/2:45)
2022-07-07 07:52:58.306924+00:00 [debug] Calling mod_stats_influx:handle_event/2 [TLS, session t2nba56zl85c, anonymous, client 127.0.0.1:39466] (eturnal_module:handle_event/2:179)
2022-07-07 07:52:58.306971+00:00 [debug] Writing STUN query event to InfluxDB [TLS, session t2nba56zl85c, anonymous, client 127.0.0.1:39466] (mod_stats_influx:on_stun_query/1:70)
2022-07-07 07:52:58.307345+00:00 [debug] Sending:
#stun{class = response,method = 1,magic = 554869826,
      trid = 10808166293614648719951729163,raw = <<>>,unsupported = [],
      'ALTERNATE-SERVER' = undefined,'CHANNEL-NUMBER' = undefined,
      'DATA' = undefined,'DONT-FRAGMENT' = false,'ERROR-CODE' = undefined,
      'LIFETIME' = undefined,'MAPPED-ADDRESS' = undefined,
      'MESSAGE-INTEGRITY' = undefined,'NONCE' = undefined,'REALM' = undefined,
      'REQUESTED-ADDRESS-FAMILY' = undefined,
      'REQUESTED-TRANSPORT' = undefined,'SOFTWARE' = <<"P1 STUN library">>,
      'UNKNOWN-ATTRIBUTES' = [],'USERNAME' = undefined,
      'XOR-MAPPED-ADDRESS' = {{127,0,0,1},39466},
      'XOR-PEER-ADDRESS' = [],'XOR-RELAYED-ADDRESS' = undefined} (stun:send/3:445)
2022-07-07 07:52:58.307692+00:00 [info] Connection reset by peer [TLS, session t2nba56zl85c, anonymous, client 127.0.0.1:39466] (stun:handle_info/3:170)
2022-07-07 07:52:58.332980+00:00 [info] Accepting connection: 127.0.0.1:60882 -> 127.0.0.1:34781 [TCP|TLS, session op234uldlawn] (stun_acceptor:accept/3:148)
2022-07-07 07:52:58.333158+00:00 [debug] Determined transport protocol: TCP (stun:is_tls_handshake/1:768)
2022-07-07 07:52:58.333556+00:00 [debug] Received:
#stun{class = request,method = 1,magic = 554869826,
      trid = 54187827804818061031641259897,raw = <<>>,unsupported = [],
      'ALTERNATE-SERVER' = undefined,'CHANNEL-NUMBER' = undefined,
      'DATA' = undefined,'DONT-FRAGMENT' = false,'ERROR-CODE' = undefined,
      'LIFETIME' = undefined,'MAPPED-ADDRESS' = undefined,
      'MESSAGE-INTEGRITY' = undefined,'NONCE' = undefined,'REALM' = undefined,
      'REQUESTED-ADDRESS-FAMILY' = undefined,
      'REQUESTED-TRANSPORT' = undefined,'SOFTWARE' = undefined,
      'UNKNOWN-ATTRIBUTES' = [],'USERNAME' = undefined,
      'XOR-MAPPED-ADDRESS' = undefined,'XOR-PEER-ADDRESS' = [],
      'XOR-RELAYED-ADDRESS' = undefined} (stun:process_data/3:404)
2022-07-07 07:52:58.333668+00:00 [debug] Responding to STUN request [TCP, session op234uldlawn, anonymous, client 127.0.0.1:60882] (stun:process/4:312)
2022-07-07 07:52:58.333730+00:00 [debug] Running 'stun_query' hook [TCP, session op234uldlawn, anonymous, client 127.0.0.1:60882] (stun:run_hook/3:820)
2022-07-07 07:52:58.333829+00:00 [debug] Got 'stun_query' event [TCP, session op234uldlawn, anonymous, client 127.0.0.1:60882] (eturnal_module:handle_event/2:176)
2022-07-07 07:52:58.333875+00:00 [debug] Calling mod_log_stun:handle_event/2 [TCP, session op234uldlawn, anonymous, client 127.0.0.1:60882] (eturnal_module:handle_event/2:179)
2022-07-07 07:52:58.333943+00:00 [info] Responding to STUN request [TCP, session op234uldlawn, anonymous, client 127.0.0.1:60882] (mod_log_stun:handle_event/2:45)
2022-07-07 07:52:58.333996+00:00 [debug] Calling mod_stats_influx:handle_event/2 [TCP, session op234uldlawn, anonymous, client 127.0.0.1:60882] (eturnal_module:handle_event/2:179)
2022-07-07 07:52:58.334037+00:00 [debug] Writing STUN query event to InfluxDB [TCP, session op234uldlawn, anonymous, client 127.0.0.1:60882] (mod_stats_influx:on_stun_query/1:70)
2022-07-07 07:52:58.334389+00:00 [debug] Sending:
#stun{class = response,method = 1,magic = 554869826,
      trid = 54187827804818061031641259897,raw = <<>>,unsupported = [],
      'ALTERNATE-SERVER' = undefined,'CHANNEL-NUMBER' = undefined,
      'DATA' = undefined,'DONT-FRAGMENT' = false,'ERROR-CODE' = undefined,
      'LIFETIME' = undefined,'MAPPED-ADDRESS' = undefined,
      'MESSAGE-INTEGRITY' = undefined,'NONCE' = undefined,'REALM' = undefined,
      'REQUESTED-ADDRESS-FAMILY' = undefined,
      'REQUESTED-TRANSPORT' = undefined,'SOFTWARE' = <<"P1 STUN library">>,
      'UNKNOWN-ATTRIBUTES' = [],'USERNAME' = undefined,
      'XOR-MAPPED-ADDRESS' = {{127,0,0,1},60882},
      'XOR-PEER-ADDRESS' = [],'XOR-RELAYED-ADDRESS' = undefined} (stun:send/3:445)
2022-07-07 07:52:58.334831+00:00 [info] Connection reset by peer [TCP, session op234uldlawn, anonymous, client 127.0.0.1:60882] (stun:handle_info/3:170)
2022-07-07 07:52:58.361292+00:00 [info] Accepting connection: 127.0.0.1:60884 -> 127.0.0.1:34781 [TCP|TLS, session nr196p3odaiv] (stun_acceptor:accept/3:148)
2022-07-07 07:52:58.361455+00:00 [debug] Determined transport protocol: TLS (stun:is_tls_handshake/1:765)
2022-07-07 07:52:58.471759+00:00 [debug] Received:
#stun{class = request,method = 1,magic = 554869826,
      trid = 17318749926816583678641003844,raw = <<>>,unsupported = [],
      'ALTERNATE-SERVER' = undefined,'CHANNEL-NUMBER' = undefined,
      'DATA' = undefined,'DONT-FRAGMENT' = false,'ERROR-CODE' = undefined,
      'LIFETIME' = undefined,'MAPPED-ADDRESS' = undefined,
      'MESSAGE-INTEGRITY' = undefined,'NONCE' = undefined,'REALM' = undefined,
      'REQUESTED-ADDRESS-FAMILY' = undefined,
      'REQUESTED-TRANSPORT' = undefined,'SOFTWARE' = undefined,
      'UNKNOWN-ATTRIBUTES' = [],'USERNAME' = undefined,
      'XOR-MAPPED-ADDRESS' = undefined,'XOR-PEER-ADDRESS' = [],
      'XOR-RELAYED-ADDRESS' = undefined} (stun:process_data/3:404)
2022-07-07 07:52:58.471963+00:00 [debug] Responding to STUN request [TLS, session nr196p3odaiv, anonymous, client 127.0.0.1:60884] (stun:process/4:312)
2022-07-07 07:52:58.472029+00:00 [debug] Running 'stun_query' hook [TLS, session nr196p3odaiv, anonymous, client 127.0.0.1:60884] (stun:run_hook/3:820)
2022-07-07 07:52:58.472125+00:00 [debug] Got 'stun_query' event [TLS, session nr196p3odaiv, anonymous, client 127.0.0.1:60884] (eturnal_module:handle_event/2:176)
2022-07-07 07:52:58.472169+00:00 [debug] Calling mod_log_stun:handle_event/2 [TLS, session nr196p3odaiv, anonymous, client 127.0.0.1:60884] (eturnal_module:handle_event/2:179)
2022-07-07 07:52:58.472265+00:00 [info] Responding to STUN request [TLS, session nr196p3odaiv, anonymous, client 127.0.0.1:60884] (mod_log_stun:handle_event/2:45)
2022-07-07 07:52:58.472312+00:00 [debug] Calling mod_stats_influx:handle_event/2 [TLS, session nr196p3odaiv, anonymous, client 127.0.0.1:60884] (eturnal_module:handle_event/2:179)
2022-07-07 07:52:58.472345+00:00 [debug] Writing STUN query event to InfluxDB [TLS, session nr196p3odaiv, anonymous, client 127.0.0.1:60884] (mod_stats_influx:on_stun_query/1:70)
2022-07-07 07:52:58.472682+00:00 [debug] Sending:
#stun{class = response,method = 1,magic = 554869826,
      trid = 17318749926816583678641003844,raw = <<>>,unsupported = [],
      'ALTERNATE-SERVER' = undefined,'CHANNEL-NUMBER' = undefined,
      'DATA' = undefined,'DONT-FRAGMENT' = false,'ERROR-CODE' = undefined,
      'LIFETIME' = undefined,'MAPPED-ADDRESS' = undefined,
      'MESSAGE-INTEGRITY' = undefined,'NONCE' = undefined,'REALM' = undefined,
      'REQUESTED-ADDRESS-FAMILY' = undefined,
      'REQUESTED-TRANSPORT' = undefined,'SOFTWARE' = <<"P1 STUN library">>,
      'UNKNOWN-ATTRIBUTES' = [],'USERNAME' = undefined,
      'XOR-MAPPED-ADDRESS' = {{127,0,0,1},60884},
      'XOR-PEER-ADDRESS' = [],'XOR-RELAYED-ADDRESS' = undefined} (stun:send/3:445)
2022-07-07 07:52:58.473032+00:00 [info] Connection reset by peer [TLS, session nr196p3odaiv, anonymous, client 127.0.0.1:60884] (stun:handle_info/3:170)
2022-07-07 07:52:58.498719+00:00 [debug] Terminating eturnal (shutdown) (eturnal:terminate/2:200)
2022-07-07 07:52:58.498714+00:00 [debug] No NOTIFY_SOCKET, dropping STOPPING=1 notification (eturnal_systemd:handle_cast/2:109)
2022-07-07 07:52:58.498982+00:00 [debug] Watchdog interval is undefined, hibernating (eturnal_systemd:get_timeout/1:162)
2022-07-07 07:52:58.499130+00:00 [info] Stopped listening on 127.0.0.1:34780 (udp) (eturnal:stop_listeners/1:395)
2022-07-07 07:52:58.499659+00:00 [info] Stopped listening on 127.0.0.1:34780 (tcp) (eturnal:stop_listeners/1:395)
2022-07-07 07:52:58.499848+00:00 [info] Stopped listening on 127.0.0.1:53490 (tls) (eturnal:stop_listeners/1:395)
2022-07-07 07:52:58.500120+00:00 [info] Stopped listening on 127.0.0.1:34781 (auto) (eturnal:stop_listeners/1:395)
2022-07-07 07:52:58.500458+00:00 [debug] Calling mod_log_stun:stop/1 (eturnal_module:stop/1:162)
2022-07-07 07:52:58.500672+00:00 [debug] Stopping mod_log_stun (mod_log_stun:stop/0:50)
2022-07-07 07:52:58.500801+00:00 [info] Stopped mod_log_stun (eturnal:stop_modules/1:343)
2022-07-07 07:52:58.502230+00:00 [debug] Calling mod_stats_influx:stop/1 (eturnal_module:stop/1:162)
2022-07-07 07:52:58.502915+00:00 [debug] Stopping mod_stats_influx (mod_stats_influx:stop/0:55)
2022-07-07 07:52:58.503071+00:00 [info] Stopped mod_stats_influx (eturnal:stop_modules/1:343)
2022-07-07 07:52:58.503758+00:00 [debug] Removed run/cert.pem (eturnal:clean_run_dir/0:728)
2022-07-07 07:52:58.504410+00:00 [debug] Terminating eturnal_systemd (shutdown) (eturnal_systemd:terminate/2:136)
2022-07-07 07:52:58.504628+00:00 [notice] Stopping eturnal 1.8.3 on Erlang/OTP 25 (ERTS 13.0) (eturnal_app:stop/1:54)
