=== Suite started at 2022-07-07 09:46:23
=== Starting test, 18 test cases
=cases         18
=user          runner
=host          nohost
=hosts         nohost 
=emulator_vsn  13.0
=emulator      beam
=otp_release   25
=started       2022-07-07 09:46:23
=case          eturnal_SUITE:init_per_suite
=logfile       eturnal_suite.init_per_suite.html
=started       2022-07-07 09:46:23
=ended         2022-07-07 09:46:23
=result        ok
=elapsed       0.0
=case          eturnal_SUITE:start_eturnal
=logfile       eturnal_suite.start_eturnal.html
=started       2022-07-07 09:46:23
=ended         2022-07-07 09:46:24
=result        ok
=elapsed       1.484076
=case          eturnal_SUITE:check_info
=logfile       eturnal_suite.check_info.html
=started       2022-07-07 09:46:24
=ended         2022-07-07 09:46:24
=result        ok
=elapsed       7.67e-4
=case          eturnal_SUITE:check_all_sessions
=logfile       eturnal_suite.check_all_sessions.html
=started       2022-07-07 09:46:24
=ended         2022-07-07 09:46:24
=result        ok
=elapsed       2.16e-4
=case          eturnal_SUITE:check_user_sessions
=logfile       eturnal_suite.check_user_sessions.html
=started       2022-07-07 09:46:24
=ended         2022-07-07 09:46:24
=result        ok
=elapsed       5.04e-4
=case          eturnal_SUITE:check_disconnect
=logfile       eturnal_suite.check_disconnect.html
=started       2022-07-07 09:46:24
=ended         2022-07-07 09:46:24
=result        ok
=elapsed       4.14e-4
=case          eturnal_SUITE:check_credentials
=logfile       eturnal_suite.check_credentials.html
=started       2022-07-07 09:46:24
=ended         2022-07-07 09:46:24
=result        ok
=elapsed       0.010549
=case          eturnal_SUITE:check_loglevel
=logfile       eturnal_suite.check_loglevel.html
=started       2022-07-07 09:46:24
=ended         2022-07-07 09:46:24
=result        ok
=elapsed       0.001084
=case          eturnal_SUITE:check_version
=logfile       eturnal_suite.check_version.html
=started       2022-07-07 09:46:24
=ended         2022-07-07 09:46:24
=result        ok
=elapsed       3.28e-4
=case          eturnal_SUITE:reload
=logfile       eturnal_suite.reload.html
=started       2022-07-07 09:46:24
=ended         2022-07-07 09:46:24
=result        ok
=elapsed       0.222328
=case          eturnal_SUITE:connect_tcp
=logfile       eturnal_suite.connect_tcp.html
=started       2022-07-07 09:46:24
=ended         2022-07-07 09:46:25
=result        ok
=elapsed       4.33e-4
=case          eturnal_SUITE:connect_tls
=logfile       eturnal_suite.connect_tls.html
=started       2022-07-07 09:46:25
=ended         2022-07-07 09:46:25
=result        ok
=elapsed       7.43e-4
=case          eturnal_SUITE:turn_udp
=logfile       eturnal_suite.turn_udp.html
=started       2022-07-07 09:46:25
=ended         2022-07-07 09:46:25
=result        ok
=elapsed       0.011197
=case          eturnal_SUITE:stun_udp
=logfile       eturnal_suite.stun_udp.html
=started       2022-07-07 09:46:25
=ended         2022-07-07 09:46:25
=result        ok
=elapsed       0.00111
=case          eturnal_SUITE:stun_tcp
=logfile       eturnal_suite.stun_tcp.html
=started       2022-07-07 09:46:25
=ended         2022-07-07 09:46:25
=result        ok
=elapsed       0.001454
=case          eturnal_SUITE:stun_tls
=logfile       eturnal_suite.stun_tls.html
=started       2022-07-07 09:46:25
=ended         2022-07-07 09:46:25
=result        ok
=elapsed       0.11059
=case          eturnal_SUITE:stun_tcp_auto
=logfile       eturnal_suite.stun_tcp_auto.html
=started       2022-07-07 09:46:25
=ended         2022-07-07 09:46:25
=result        ok
=elapsed       0.001667
=case          eturnal_SUITE:stun_tls_auto
=logfile       eturnal_suite.stun_tls_auto.html
=started       2022-07-07 09:46:25
=ended         2022-07-07 09:46:25
=result        ok
=elapsed       0.109907
=case          eturnal_SUITE:stop_eturnal
=logfile       eturnal_suite.stop_eturnal.html
=started       2022-07-07 09:46:25
=ended         2022-07-07 09:46:25
=result        ok
=elapsed       0.009313
=case          eturnal_SUITE:end_per_suite
=logfile       eturnal_suite.end_per_suite.html
=started       2022-07-07 09:46:25
=ended         2022-07-07 09:46:25
=result        ok
=elapsed       0.0
=group_time    2.431s
=== TEST COMPLETE, 18 ok, 0 failed of 18 test cases

=finished      2022-07-07 09:46:25
=failed        0
=successful    18
=user_skipped  0
=auto_skipped  0
