2022-07-21 19:40:33.610778+00:00 [notice] Starting eturnal 1.9.1 on Erlang/OTP 25 (ERTS 13.0) (eturnal_app:start/2:35)
2022-07-21 19:40:33.611023+00:00 [debug] Starting supervisor: eturnal_sup (eturnal_sup:start_link/0:32)
2022-07-21 19:40:33.611192+00:00 [debug] Configuring eturnal_sup supervisor: [#{id => systemd,
                                       start =>
                                           {eturnal_systemd,start_link,[]}},
                                     #{id => eturnal,
                                       start => {eturnal,start_link,[]}}] (eturnal_sup:init/0:40)
2022-07-21 19:40:33.613180+00:00 [info] Got no NOTIFY_SOCKET, notifications disabled (eturnal_systemd:init/1:95)
2022-07-21 19:40:33.613390+00:00 [debug] PROGRESS REPORT:
    supervisor: {local,eturnal_sup}
    started: [{pid,<0.930.0>},
              {id,systemd},
              {mfargs,{eturnal_systemd,start_link,[]}},
              {restart_type,permanent},
              {significant,false},
              {shutdown,5000},
              {child_type,worker}]
 (supervisor:report_progress/2:1557)
2022-07-21 19:40:33.613585+00:00 [info] Relay IPv4 address: 127.0.0.1 (port range: 49152-65535) (eturnal:log_relay_addresses/0:271)
2022-07-21 19:40:33.613741+00:00 [info] Relay IPv6 address not configured (eturnal:log_relay_addresses/0:281)
2022-07-21 19:40:33.630337+00:00 [info] Cannot determine control query port: noport (eturnal:log_control_listener/0:296)
2022-07-21 19:40:33.630972+00:00 [debug] Using run directory run (eturnal:ensure_run_dir/0:752)
2022-07-21 19:40:33.631105+00:00 [debug] TURN configuration seems fine (eturnal:check_turn_config/0:492)
2022-07-21 19:40:33.631391+00:00 [warning] TLS enabled without 'tls_crt_file', creating self-signed certificate (eturnal:check_pem_file/0:688)
2022-07-21 19:40:34.093500+00:00 [debug] Calling mod_log_stun:start/0 (eturnal_module:start/1:142)
2022-07-21 19:40:34.093790+00:00 [debug] Starting mod_log_stun (mod_log_stun:start/0:39)
2022-07-21 19:40:34.093986+00:00 [info] Started mod_log_stun (eturnal:start_modules/0:307)
2022-07-21 19:40:34.094135+00:00 [debug] Calling mod_stats_influx:start/0 (eturnal_module:start/1:142)
2022-07-21 19:40:34.094324+00:00 [debug] Starting mod_stats_influx (mod_stats_influx:start/0:38)
2022-07-21 19:40:34.096740+00:00 [debug] PROGRESS REPORT:
    application: ulitos
    started_at: nonode@nohost
 (application_controller:info_started/2:2107)
2022-07-21 19:40:34.098132+00:00 [debug] PROGRESS REPORT:
    application: poolboy
    started_at: nonode@nohost
 (application_controller:info_started/2:2107)
2022-07-21 19:40:34.099345+00:00 [info]     msg: Starting application: influx_udp (influx_udp_app:start/2:10)
2022-07-21 19:40:34.101971+00:00 [debug] PROGRESS REPORT:
    supervisor: {local,influx_udp_sup}
    started: [{pid,<0.952.0>},
              {id,influx_udp},
              {mfargs,{influx_udp,start_link,[]}},
              {restart_type,permanent},
              {significant,false},
              {shutdown,5000},
              {child_type,worker}]
 (supervisor:report_progress/2:1557)
2022-07-21 19:40:34.102175+00:00 [debug] Dependency influx_udp was available already (eturnal_module:ensure_dep/2:283)
2022-07-21 19:40:34.102151+00:00 [debug] PROGRESS REPORT:
    application: influx_udp
    started_at: nonode@nohost
 (application_controller:info_started/2:2107)
2022-07-21 19:40:34.104849+00:00 [info]     host: {127,0,0,1}
    msg: Start clients pool
    options: #{host => "localhost",max_overflow => 1,pool_size => 1,
               port => 8089} (influx_udp:start_pool_/2:239)
2022-07-21 19:40:34.116160+00:00 [info]     msg: Open UDP socket on port
    port: 43751 (influx_udp_worker:init/1:43)
2022-07-21 19:40:34.116367+00:00 [debug] PROGRESS REPORT:
    supervisor: {local,influx_udp_sup}
    started: [{pid,<0.955.0>},
              {id,stats_influx_pool},
              {mfargs,
                  {poolboy,start_link,
                      [[{name,{local,stats_influx_pool}},
                        {worker_module,influx_udp_worker},
                        {size,1},
                        {max_overflow,1}],
                       [{options,
                            #{host => {127,0,0,1},
                              max_overflow => 1,pool_size => 1,
                              port => 8089}}]]}},
              {restart_type,permanent},
              {significant,false},
              {shutdown,5000},
              {child_type,worker}]
 (supervisor:report_progress/2:1557)
2022-07-21 19:40:34.116551+00:00 [info] Started mod_stats_influx (eturnal:start_modules/0:307)
2022-07-21 19:40:34.116701+00:00 [debug] Starting listener 127.0.0.1:34780 (udp) with options:
[{use_turn,true},
 {auth_type,user},
 {turn_ipv4_address,{127,0,0,1}},
 {turn_min_port,49152},
 {turn_max_port,65535},
 {turn_max_allocations,10},
 {turn_max_permissions,10},
 {shaper,100000},
 {turn_blacklist,[{{10,0,0,0},8},
                  {{100,64,0,0},10},
                  {{127,0,0,0},8},
                  {{169,254,0,0},16},
                  {{172,16,0,0},12},
                  {{192,0,0,0},24},
                  {{192,0,2,0},24},
                  {{192,88,99,0},24},
                  {{192,168,0,0},16},
                  {{198,18,0,0},15},
                  {{198,51,100,0},24},
                  {{203,0,113,0},24},
                  {{224,0,0,0},4},
                  {{240,0,0,0},4},
                  {{0,0,0,0,0,0,0,1},128},
                  {{0,0,0,0,0,65535,0,0},96},
                  {{100,65435,0,0,0,0,0,0},96},
                  {{256,0,0,0,0,0,0,0},64},
                  {{8193,3512,0,0,0,0,0,0},32},
                  {{64512,0,0,0,0,0,0,0},7},
                  {{65152,0,0,0,0,0,0,0},10},
                  {{65280,0,0,0,0,0,0,0},8}]},
 {turn_whitelist,[{{127,0,0,1},32},
                  {{203,0,113,113},32},
                  {{8193,3512,0,0,0,0,0,0},64}]},
 {auth_realm,<<"eturnal.net">>},
 {server_name,<<"eturnal">>},
 {auth_fun,fun eturnal:get_password/2},
 {hook_fun,fun eturnal:run_hook/2}] (eturnal:start_listeners/0:340)
2022-07-21 19:40:34.129210+00:00 [info] Listening on 127.0.0.1:34780 (udp) (STUN/TURN) (eturnal:start_listeners/0:347)
2022-07-21 19:40:34.129377+00:00 [debug] Starting listener 127.0.0.1:34780 (tcp) with options:
[{use_turn,false},
 {auth_type,anonymous},
 {turn_ipv4_address,{127,0,0,1}},
 {turn_min_port,49152},
 {turn_max_port,65535},
 {turn_max_allocations,10},
 {turn_max_permissions,10},
 {shaper,100000},
 {turn_blacklist,[{{10,0,0,0},8},
                  {{100,64,0,0},10},
                  {{127,0,0,0},8},
                  {{169,254,0,0},16},
                  {{172,16,0,0},12},
                  {{192,0,0,0},24},
                  {{192,0,2,0},24},
                  {{192,88,99,0},24},
                  {{192,168,0,0},16},
                  {{198,18,0,0},15},
                  {{198,51,100,0},24},
                  {{203,0,113,0},24},
                  {{224,0,0,0},4},
                  {{240,0,0,0},4},
                  {{0,0,0,0,0,0,0,1},128},
                  {{0,0,0,0,0,65535,0,0},96},
                  {{100,65435,0,0,0,0,0,0},96},
                  {{256,0,0,0,0,0,0,0},64},
                  {{8193,3512,0,0,0,0,0,0},32},
                  {{64512,0,0,0,0,0,0,0},7},
                  {{65152,0,0,0,0,0,0,0},10},
                  {{65280,0,0,0,0,0,0,0},8}]},
 {turn_whitelist,[{{127,0,0,1},32},
                  {{203,0,113,113},32},
                  {{8193,3512,0,0,0,0,0,0},64}]},
 {auth_realm,<<"eturnal.net">>},
 {server_name,<<"eturnal">>},
 {auth_fun,fun eturnal:get_password/2},
 {hook_fun,fun eturnal:run_hook/2}] (eturnal:start_listeners/0:340)
2022-07-21 19:40:34.139715+00:00 [info] Listening on 127.0.0.1:34780 (tcp) (STUN only) (eturnal:start_listeners/0:347)
2022-07-21 19:40:34.139913+00:00 [debug] Starting listener 127.0.0.1:53490 (tls) with options:
[{use_turn,false},
 {auth_type,anonymous},
 {tls,true},
 {certfile,<<"run/cert.pem">>},
 {ciphers,<<"HIGH:!aNULL:@STRENGTH">>},
 {protocol_options,<<"no_tlsv1|no_tlsv1_1|cipher_server_preference">>},
 {turn_ipv4_address,{127,0,0,1}},
 {turn_min_port,49152},
 {turn_max_port,65535},
 {turn_max_allocations,10},
 {turn_max_permissions,10},
 {shaper,100000},
 {turn_blacklist,[{{10,0,0,0},8},
                  {{100,64,0,0},10},
                  {{127,0,0,0},8},
                  {{169,254,0,0},16},
                  {{172,16,0,0},12},
                  {{192,0,0,0},24},
                  {{192,0,2,0},24},
                  {{192,88,99,0},24},
                  {{192,168,0,0},16},
                  {{198,18,0,0},15},
                  {{198,51,100,0},24},
                  {{203,0,113,0},24},
                  {{224,0,0,0},4},
                  {{240,0,0,0},4},
                  {{0,0,0,0,0,0,0,1},128},
                  {{0,0,0,0,0,65535,0,0},96},
                  {{100,65435,0,0,0,0,0,0},96},
                  {{256,0,0,0,0,0,0,0},64},
                  {{8193,3512,0,0,0,0,0,0},32},
                  {{64512,0,0,0,0,0,0,0},7},
                  {{65152,0,0,0,0,0,0,0},10},
                  {{65280,0,0,0,0,0,0,0},8}]},
 {turn_whitelist,[{{127,0,0,1},32},
                  {{203,0,113,113},32},
                  {{8193,3512,0,0,0,0,0,0},64}]},
 {auth_realm,<<"eturnal.net">>},
 {server_name,<<"eturnal">>},
 {auth_fun,fun eturnal:get_password/2},
 {hook_fun,fun eturnal:run_hook/2}] (eturnal:start_listeners/0:340)
2022-07-21 19:40:34.140504+00:00 [info] Listening on 127.0.0.1:53490 (tls) (STUN only) (eturnal:start_listeners/0:347)
2022-07-21 19:40:34.140622+00:00 [debug] Starting listener 127.0.0.1:34781 (auto) with options:
[{use_turn,false},
 {auth_type,anonymous},
 {tls,optional},
 {certfile,<<"run/cert.pem">>},
 {ciphers,<<"HIGH:!aNULL:@STRENGTH">>},
 {protocol_options,<<"no_tlsv1|no_tlsv1_1|cipher_server_preference">>},
 {turn_ipv4_address,{127,0,0,1}},
 {turn_min_port,49152},
 {turn_max_port,65535},
 {turn_max_allocations,10},
 {turn_max_permissions,10},
 {shaper,100000},
 {turn_blacklist,[{{10,0,0,0},8},
                  {{100,64,0,0},10},
                  {{127,0,0,0},8},
                  {{169,254,0,0},16},
                  {{172,16,0,0},12},
                  {{192,0,0,0},24},
                  {{192,0,2,0},24},
                  {{192,88,99,0},24},
                  {{192,168,0,0},16},
                  {{198,18,0,0},15},
                  {{198,51,100,0},24},
                  {{203,0,113,0},24},
                  {{224,0,0,0},4},
                  {{240,0,0,0},4},
                  {{0,0,0,0,0,0,0,1},128},
                  {{0,0,0,0,0,65535,0,0},96},
                  {{100,65435,0,0,0,0,0,0},96},
                  {{256,0,0,0,0,0,0,0},64},
                  {{8193,3512,0,0,0,0,0,0},32},
                  {{64512,0,0,0,0,0,0,0},7},
                  {{65152,0,0,0,0,0,0,0},10},
                  {{65280,0,0,0,0,0,0,0},8}]},
 {turn_whitelist,[{{127,0,0,1},32},
                  {{203,0,113,113},32},
                  {{8193,3512,0,0,0,0,0,0},64}]},
 {auth_realm,<<"eturnal.net">>},
 {server_name,<<"eturnal">>},
 {auth_fun,fun eturnal:get_password/2},
 {hook_fun,fun eturnal:run_hook/2}] (eturnal:start_listeners/0:340)
2022-07-21 19:40:34.155614+00:00 [info] Listening on 127.0.0.1:34781 (auto) (STUN only) (eturnal:start_listeners/0:347)
2022-07-21 19:40:34.155741+00:00 [debug] Started 2 modules (eturnal:init/1:96)
2022-07-21 19:40:34.155900+00:00 [debug] Started 4 listeners (eturnal:init/1:97)
2022-07-21 19:40:34.155997+00:00 [debug] PROGRESS REPORT:
    supervisor: {local,eturnal_sup}
    started: [{pid,<0.932.0>},
              {id,eturnal},
              {mfargs,{eturnal,start_link,[]}},
              {restart_type,permanent},
              {significant,false},
              {shutdown,5000},
              {child_type,worker}]
 (supervisor:report_progress/2:1557)
2022-07-21 19:40:34.156091+00:00 [debug] No NOTIFY_SOCKET, dropping READY=1 notification (eturnal_systemd:handle_cast/2:109)
2022-07-21 19:40:34.156214+00:00 [debug] Watchdog interval is undefined, hibernating (eturnal_systemd:get_timeout/1:162)
2022-07-21 19:40:34.156197+00:00 [debug] PROGRESS REPORT:
    application: eturnal
    started_at: nonode@nohost
 (application_controller:info_started/2:2107)
2022-07-21 19:40:34.189824+00:00 [debug] Handling API call: get_info() (eturnal_ctl:get_info/0:135)
2022-07-21 19:40:34.190404+00:00 [debug] eturnal call (get_info) returned {ok,
                                  {eturnal_node_info,<<"1.9.1">>,
                                   {"25","13.0"},
                                   3846,0,138,118134668,2,41493464}} (eturnal_ctl:call/1:452)
2022-07-21 19:40:34.215108+00:00 [debug] Handling API call: get_sessions() (eturnal_ctl:get_sessions/0:106)
2022-07-21 19:40:34.239840+00:00 [debug] Handling API call: get_sessions("alice") (eturnal_ctl:get_sessions/1:116)
2022-07-21 19:40:34.240090+00:00 [debug] Handling API call: disconnect(alice) (eturnal_ctl:disconnect/1:184)
2022-07-21 19:40:34.240225+00:00 [debug] Cannot convert user name to binary: alice (eturnal_ctl:disconnect/1:194)
2022-07-21 19:40:34.264573+00:00 [debug] Handling API call: disconnect("alice") (eturnal_ctl:disconnect/1:184)
2022-07-21 19:40:34.264830+00:00 [debug] Handling API call: disconnect(alice) (eturnal_ctl:disconnect/1:184)
2022-07-21 19:40:34.264972+00:00 [debug] Cannot convert user name to binary: alice (eturnal_ctl:disconnect/1:194)
2022-07-21 19:40:34.290831+00:00 [debug] Handling API call: get_credentials("2009-10-30 11:00:00Z", []) (eturnal_ctl:get_credentials/2:60)
2022-07-21 19:40:34.291209+00:00 [debug] eturnal call ({get_password,<<"1256900400">>}) returned {ok,
                                                         <<"uEKlpcME7MNMMVRV8rUFPCTIFEs=">>} (eturnal_ctl:call/1:452)
2022-07-21 19:40:34.303823+00:00 [debug] Handling API call: get_credentials("86400", "alice") (eturnal_ctl:get_credentials/2:60)
2022-07-21 19:40:34.304018+00:00 [debug] eturnal call ({get_password,<<"1658518834:alice">>}) returned {ok,
                                                               <<"eDSjEsNhMV9V3fiew4vzjwSS9RY=">>} (eturnal_ctl:call/1:452)
2022-07-21 19:40:34.304165+00:00 [debug] Handling API call: get_password("1658518834:alice") (eturnal_ctl:get_password/1:79)
2022-07-21 19:40:34.304293+00:00 [debug] eturnal call ({get_password,<<"1658518834:alice">>}) returned {ok,
                                                               <<"eDSjEsNhMV9V3fiew4vzjwSS9RY=">>} (eturnal_ctl:call/1:452)
2022-07-21 19:40:34.304468+00:00 [debug] Handling API call: get_credentials("86400s", "alice") (eturnal_ctl:get_credentials/2:60)
2022-07-21 19:40:34.304650+00:00 [debug] eturnal call ({get_password,<<"1658518834:alice">>}) returned {ok,
                                                               <<"eDSjEsNhMV9V3fiew4vzjwSS9RY=">>} (eturnal_ctl:call/1:452)
2022-07-21 19:40:34.304800+00:00 [debug] Handling API call: get_password("1658518834:alice") (eturnal_ctl:get_password/1:79)
2022-07-21 19:40:34.304951+00:00 [debug] eturnal call ({get_password,<<"1658518834:alice">>}) returned {ok,
                                                               <<"eDSjEsNhMV9V3fiew4vzjwSS9RY=">>} (eturnal_ctl:call/1:452)
2022-07-21 19:40:34.305128+00:00 [debug] Handling API call: get_credentials("1440m", "alice") (eturnal_ctl:get_credentials/2:60)
2022-07-21 19:40:34.305293+00:00 [debug] eturnal call ({get_password,<<"1658518834:alice">>}) returned {ok,
                                                               <<"eDSjEsNhMV9V3fiew4vzjwSS9RY=">>} (eturnal_ctl:call/1:452)
2022-07-21 19:40:34.305429+00:00 [debug] Handling API call: get_password("1658518834:alice") (eturnal_ctl:get_password/1:79)
2022-07-21 19:40:34.305559+00:00 [debug] eturnal call ({get_password,<<"1658518834:alice">>}) returned {ok,
                                                               <<"eDSjEsNhMV9V3fiew4vzjwSS9RY=">>} (eturnal_ctl:call/1:452)
2022-07-21 19:40:34.305960+00:00 [debug] Handling API call: get_credentials("24h", "alice") (eturnal_ctl:get_credentials/2:60)
2022-07-21 19:40:34.306077+00:00 [debug] eturnal call ({get_password,<<"1658518834:alice">>}) returned {ok,
                                                               <<"eDSjEsNhMV9V3fiew4vzjwSS9RY=">>} (eturnal_ctl:call/1:452)
2022-07-21 19:40:34.306199+00:00 [debug] Handling API call: get_password("1658518834:alice") (eturnal_ctl:get_password/1:79)
2022-07-21 19:40:34.306384+00:00 [debug] eturnal call ({get_password,<<"1658518834:alice">>}) returned {ok,
                                                               <<"eDSjEsNhMV9V3fiew4vzjwSS9RY=">>} (eturnal_ctl:call/1:452)
2022-07-21 19:40:34.306625+00:00 [debug] Handling API call: get_credentials("1d", "alice") (eturnal_ctl:get_credentials/2:60)
2022-07-21 19:40:34.306808+00:00 [debug] eturnal call ({get_password,<<"1658518834:alice">>}) returned {ok,
                                                               <<"eDSjEsNhMV9V3fiew4vzjwSS9RY=">>} (eturnal_ctl:call/1:452)
2022-07-21 19:40:34.306957+00:00 [debug] Handling API call: get_password("1658518834:alice") (eturnal_ctl:get_password/1:79)
2022-07-21 19:40:34.307133+00:00 [debug] eturnal call ({get_password,<<"1658518834:alice">>}) returned {ok,
                                                               <<"eDSjEsNhMV9V3fiew4vzjwSS9RY=">>} (eturnal_ctl:call/1:452)
2022-07-21 19:40:34.307323+00:00 [debug] Handling API call: get_password("Invalid") (eturnal_ctl:get_password/1:79)
2022-07-21 19:40:34.307426+00:00 [debug] Invalid user name: Invalid (eturnal_ctl:get_password/1:93)
2022-07-21 19:40:34.307525+00:00 [debug] Handling API call: get_credentials("Invalid", []) (eturnal_ctl:get_credentials/2:60)
2022-07-21 19:40:34.307622+00:00 [debug] Invalid argument(s): "Invalid":[] (eturnal_ctl:get_credentials/2:73)
2022-07-21 19:40:34.307730+00:00 [debug] Handling API call: get_password(invalid) (eturnal_ctl:get_password/1:79)
2022-07-21 19:40:34.307858+00:00 [debug] Cannot convert user name to binary: invalid (eturnal_ctl:get_password/1:100)
2022-07-21 19:40:34.307937+00:00 [debug] Handling API call: get_credentials(invalid, []) (eturnal_ctl:get_credentials/2:60)
2022-07-21 19:40:34.308034+00:00 [debug] Invalid argument(s): invalid:[] (eturnal_ctl:get_credentials/2:73)
2022-07-21 19:40:34.308112+00:00 [debug] Handling API call: get_password([invalid]) (eturnal_ctl:get_password/1:79)
2022-07-21 19:40:34.308199+00:00 [debug] Cannot convert user name to binary: [invalid] (eturnal_ctl:get_password/1:100)
2022-07-21 19:40:34.308276+00:00 [debug] Handling API call: get_credentials([invalid], []) (eturnal_ctl:get_credentials/2:60)
2022-07-21 19:40:34.308372+00:00 [debug] Invalid argument(s): [invalid]:[] (eturnal_ctl:get_credentials/2:73)
2022-07-21 19:40:34.308516+00:00 [debug] Handling API call: get_credentials(1256900400, invalid) (eturnal_ctl:get_credentials/2:60)
2022-07-21 19:40:34.309963+00:00 [debug] Invalid argument(s): 1256900400:invalid (eturnal_ctl:get_credentials/2:73)
2022-07-21 19:40:34.334586+00:00 [debug] Handling API call: set_loglevel(debug) (eturnal_ctl:set_loglevel/1:165)
2022-07-21 19:40:34.334856+00:00 [debug] eturnal call ({set_loglevel,debug}) returned ok (eturnal_ctl:call/1:449)
2022-07-21 19:40:34.335059+00:00 [debug] Handling API call: get_loglevel() (eturnal_ctl:get_loglevel/0:155)
2022-07-21 19:40:34.335195+00:00 [debug] eturnal call (get_loglevel) returned {ok,debug} (eturnal_ctl:call/1:452)
2022-07-21 19:40:34.335357+00:00 [debug] Handling API call: set_loglevel(invalid) (eturnal_ctl:set_loglevel/1:165)
2022-07-21 19:40:34.335441+00:00 [debug] Invalid log level: invalid (eturnal_ctl:set_loglevel/1:175)
2022-07-21 19:40:34.335587+00:00 [debug] Handling API call: get_loglevel() (eturnal_ctl:get_loglevel/0:155)
2022-07-21 19:40:34.335697+00:00 [debug] eturnal call (get_loglevel) returned {ok,debug} (eturnal_ctl:call/1:452)
2022-07-21 19:40:34.362648+00:00 [debug] Handling API call: get_version() (eturnal_ctl:get_version/0:145)
2022-07-21 19:40:34.362895+00:00 [debug] eturnal call (get_version) returned {ok,<<"1.9.1">>} (eturnal_ctl:call/1:452)
2022-07-21 19:40:34.388058+00:00 [debug] Handling API call: reload() (eturnal_ctl:reload/0:200)
2022-07-21 19:40:34.390398+00:00 [debug] Calling mod_log_stun:options/0 (eturnal_module:options/1:191)
2022-07-21 19:40:34.390756+00:00 [debug] Calling mod_stats_influx:options/0 (eturnal_module:options/1:191)
2022-07-21 19:40:34.392156+00:00 [warning] TLS enabled without 'tls_crt_file', creating self-signed certificate (eturnal:check_pem_file/0:688)
2022-07-21 19:40:34.744109+00:00 [info] Using new TLS certificate (eturnal:handle_call/3:114)
2022-07-21 19:40:34.744322+00:00 [debug] Reloaded configuration (eturnal:handle_call/3:120)
2022-07-21 19:40:34.744418+00:00 [debug] eturnal call (reload) returned ok (eturnal_ctl:call/1:449)
2022-07-21 19:40:34.744698+00:00 [debug] Handling API call: reload() (eturnal_ctl:reload/0:200)
2022-07-21 19:40:34.747007+00:00 [debug] Calling mod_log_stun:options/0 (eturnal_module:options/1:191)
2022-07-21 19:40:34.747194+00:00 [debug] Calling mod_stats_influx:options/0 (eturnal_module:options/1:191)
2022-07-21 19:40:34.747826+00:00 [debug] Keeping PEM file (run/cert.pem) (eturnal:check_pem_file/0:685)
2022-07-21 19:40:34.747944+00:00 [debug] TLS certificate unchanged (eturnal:handle_call/3:116)
2022-07-21 19:40:34.748021+00:00 [debug] Reloaded configuration (eturnal:handle_call/3:120)
2022-07-21 19:40:34.748091+00:00 [debug] eturnal call (reload) returned ok (eturnal_ctl:call/1:449)
2022-07-21 19:40:34.772707+00:00 [info] Accepting connection: 127.0.0.1:55424 -> 127.0.0.1:34780 [TCP, session drw9tem3tmg4] (stun_acceptor:accept/3:158)
2022-07-21 19:40:34.800907+00:00 [info] Accepting connection: 127.0.0.1:36992 -> 127.0.0.1:53490 [TLS, session il1covopa91y] (stun_acceptor:accept/3:158)
2022-07-21 19:40:34.836276+00:00 [debug] Received:
#stun{class = request,method = 3,magic = 554869826,
      trid = 22894314388029690560157955660,raw = <<>>,unsupported = [],
      'ALTERNATE-SERVER' = undefined,'CHANNEL-NUMBER' = undefined,
      'DATA' = undefined,'DONT-FRAGMENT' = false,'ERROR-CODE' = undefined,
      'LIFETIME' = undefined,'MAPPED-ADDRESS' = undefined,
      'MESSAGE-INTEGRITY' = undefined,'NONCE' = undefined,'REALM' = undefined,
      'REQUESTED-ADDRESS-FAMILY' = undefined,
      'REQUESTED-TRANSPORT' = undefined,'SOFTWARE' = undefined,
      'UNKNOWN-ATTRIBUTES' = [],'USERNAME' = undefined,
      'XOR-MAPPED-ADDRESS' = undefined,'XOR-PEER-ADDRESS' = [],
      'XOR-RELAYED-ADDRESS' = undefined} (stun:udp_recv/5:111)
2022-07-21 19:40:34.837341+00:00 [debug] Sending:
#stun{class = error,method = 3,magic = 554869826,
      trid = 22894314388029690560157955660,raw = <<>>,unsupported = [],
      'ALTERNATE-SERVER' = undefined,'CHANNEL-NUMBER' = undefined,
      'DATA' = undefined,'DONT-FRAGMENT' = false,
      'ERROR-CODE' = {401,<<"Unauthorized">>},
      'LIFETIME' = undefined,'MAPPED-ADDRESS' = undefined,
      'MESSAGE-INTEGRITY' = undefined,'NONCE' = <<"3275611799">>,
      'REALM' = <<"eturnal.net">>,'REQUESTED-ADDRESS-FAMILY' = undefined,
      'REQUESTED-TRANSPORT' = undefined,'SOFTWARE' = <<"eturnal">>,
      'UNKNOWN-ATTRIBUTES' = [],'USERNAME' = undefined,
      'XOR-MAPPED-ADDRESS' = undefined,'XOR-PEER-ADDRESS' = [],
      'XOR-RELAYED-ADDRESS' = undefined} (stun:send/3:445)
2022-07-21 19:40:34.837702+00:00 [debug] Received:
#stun{class = request,method = 3,magic = 554869826,
      trid = 30602704241966529792681227265,
      raw = <<0,3,0,80,33,18,164,66,98,225,246,177,39,80,154,238,84,188,180,1,
              0,25,0,4,17,0,0,0,0,6,0,10,50,49,52,53,57,49,51,50,48,48,0,0,0,
              20,0,11,101,116,117,114,110,97,108,46,110,101,116,0,0,21,0,10,51,
              50,55,53,54,49,49,55,57,57,0,0>>,
      unsupported = [],'ALTERNATE-SERVER' = undefined,
      'CHANNEL-NUMBER' = undefined,'DATA' = undefined,'DONT-FRAGMENT' = false,
      'ERROR-CODE' = undefined,'LIFETIME' = undefined,
      'MAPPED-ADDRESS' = undefined,
      'MESSAGE-INTEGRITY' = <<88,202,182,34,71,200,241,82,11,112,248,20,3,229,
                              119,55,86,144,212,221>>,
      'NONCE' = <<"3275611799">>,'REALM' = <<"eturnal.net">>,
      'REQUESTED-ADDRESS-FAMILY' = undefined,'REQUESTED-TRANSPORT' = udp,
      'SOFTWARE' = undefined,'UNKNOWN-ATTRIBUTES' = [],
      'USERNAME' = <<"2145913200">>,'XOR-MAPPED-ADDRESS' = undefined,
      'XOR-PEER-ADDRESS' = [],'XOR-RELAYED-ADDRESS' = undefined} (stun:udp_recv/5:111)
2022-07-21 19:40:34.837825+00:00 [debug] Looking up password for: 2145913200 [UDP, session mw63edy8bii1, user 2145913200, client 127.0.0.1:54593] (eturnal:get_password/2:209)
2022-07-21 19:40:34.837903+00:00 [info] Accepting long-term STUN/TURN authentication [UDP, session mw63edy8bii1, user 2145913200, client 127.0.0.1:54593] (stun:process/2:249)
2022-07-21 19:40:34.841133+00:00 [debug] Running 'turn_session_start' hook [UDP, session mw63edy8bii1, user 2145913200, client 127.0.0.1:54593] (turn:run_hook/2:717)
2022-07-21 19:40:34.841216+00:00 [debug] Got 'turn_session_start' event [UDP, session mw63edy8bii1, user 2145913200, client 127.0.0.1:54593] (eturnal_module:handle_event/2:176)
2022-07-21 19:40:34.841480+00:00 [notice] Creating TURN allocation (lifetime: 599 seconds) [UDP, session mw63edy8bii1, user 2145913200, client 127.0.0.1:54593, relay 127.0.0.1:54813] (turn:wait_for_allocate/2:213)
2022-07-21 19:40:34.841593+00:00 [debug] Sending:
#stun{class = response,method = 3,magic = 554869826,
      trid = 30602704241966529792681227265,raw = <<>>,unsupported = [],
      'ALTERNATE-SERVER' = undefined,'CHANNEL-NUMBER' = undefined,
      'DATA' = undefined,'DONT-FRAGMENT' = false,'ERROR-CODE' = undefined,
      'LIFETIME' = 599,'MAPPED-ADDRESS' = undefined,
      'MESSAGE-INTEGRITY' = undefined,'NONCE' = undefined,'REALM' = undefined,
      'REQUESTED-ADDRESS-FAMILY' = undefined,
      'REQUESTED-TRANSPORT' = undefined,'SOFTWARE' = <<"eturnal">>,
      'UNKNOWN-ATTRIBUTES' = [],'USERNAME' = undefined,
      'XOR-MAPPED-ADDRESS' = {{127,0,0,1},54593},
      'XOR-PEER-ADDRESS' = [],
      'XOR-RELAYED-ADDRESS' = {{127,0,0,1},54813}} (turn:send/2:527)
2022-07-21 19:40:34.841879+00:00 [debug] Received:
#stun{class = request,method = 4,magic = 554869826,
      trid = 46857207737126383290652696140,
      raw = <<0,4,0,80,33,18,164,66,151,103,95,177,66,133,145,148,124,42,30,76,
              0,6,0,10,50,49,52,53,57,49,51,50,48,48,0,0,0,20,0,11,101,116,117,
              114,110,97,108,46,110,101,116,0,0,21,0,10,51,50,55,53,54,49,49,
              55,57,57,0,0,0,13,0,4,0,0,0,0>>,
      unsupported = [],'ALTERNATE-SERVER' = undefined,
      'CHANNEL-NUMBER' = undefined,'DATA' = undefined,'DONT-FRAGMENT' = false,
      'ERROR-CODE' = undefined,'LIFETIME' = 0,'MAPPED-ADDRESS' = undefined,
      'MESSAGE-INTEGRITY' = <<176,44,15,56,225,56,101,173,85,97,66,184,51,85,
                              50,239,181,206,59,5>>,
      'NONCE' = <<"3275611799">>,'REALM' = <<"eturnal.net">>,
      'REQUESTED-ADDRESS-FAMILY' = undefined,
      'REQUESTED-TRANSPORT' = undefined,'SOFTWARE' = undefined,
      'UNKNOWN-ATTRIBUTES' = [],'USERNAME' = <<"2145913200">>,
      'XOR-MAPPED-ADDRESS' = undefined,'XOR-PEER-ADDRESS' = [],
      'XOR-RELAYED-ADDRESS' = undefined} (stun:udp_recv/5:111)
2022-07-21 19:40:34.842467+00:00 [debug] Looking up password for: 2145913200 [UDP, session 20xfr81mjk1t, user 2145913200, client 127.0.0.1:54593] (eturnal:get_password/2:209)
2022-07-21 19:40:34.842552+00:00 [info] Accepting long-term STUN/TURN authentication [UDP, session 20xfr81mjk1t, user 2145913200, client 127.0.0.1:54593] (stun:process/2:249)
2022-07-21 19:40:34.842627+00:00 [info] Client requested closing the TURN session [UDP, session mw63edy8bii1, user 2145913200, client 127.0.0.1:54593, relay 127.0.0.1:54813] (turn:active/2:268)
2022-07-21 19:40:34.842700+00:00 [debug] Sending:
#stun{class = response,method = 4,magic = 554869826,
      trid = 46857207737126383290652696140,raw = <<>>,unsupported = [],
      'ALTERNATE-SERVER' = undefined,'CHANNEL-NUMBER' = undefined,
      'DATA' = undefined,'DONT-FRAGMENT' = false,'ERROR-CODE' = undefined,
      'LIFETIME' = 0,'MAPPED-ADDRESS' = undefined,
      'MESSAGE-INTEGRITY' = undefined,'NONCE' = undefined,'REALM' = undefined,
      'REQUESTED-ADDRESS-FAMILY' = undefined,
      'REQUESTED-TRANSPORT' = undefined,'SOFTWARE' = <<"eturnal">>,
      'UNKNOWN-ATTRIBUTES' = [],'USERNAME' = undefined,
      'XOR-MAPPED-ADDRESS' = undefined,'XOR-PEER-ADDRESS' = [],
      'XOR-RELAYED-ADDRESS' = undefined} (turn:send/2:527)
2022-07-21 19:40:34.842811+00:00 [info] Deleting TURN allocation [UDP, session mw63edy8bii1, user 2145913200, client 127.0.0.1:54593, relay 127.0.0.1:54813] (turn:terminate/3:460)
2022-07-21 19:40:34.842932+00:00 [notice] Relayed 0 KiB (in 0 B / 0 packets, out 0 B / 0 packets), duration: 0 seconds [UDP, session mw63edy8bii1, user 2145913200, client 127.0.0.1:54593, relay 127.0.0.1:54813] (turn:terminate/3:467)
2022-07-21 19:40:34.843021+00:00 [debug] Running 'turn_session_stop' hook [UDP, session mw63edy8bii1, user 2145913200, client 127.0.0.1:54593, relay 127.0.0.1:54813] (turn:run_hook/2:717)
2022-07-21 19:40:34.843086+00:00 [debug] Got 'turn_session_stop' event [UDP, session mw63edy8bii1, user 2145913200, client 127.0.0.1:54593, relay 127.0.0.1:54813] (eturnal_module:handle_event/2:176)
2022-07-21 19:40:34.843136+00:00 [debug] Calling mod_stats_influx:handle_event/2 [UDP, session mw63edy8bii1, user 2145913200, client 127.0.0.1:54593, relay 127.0.0.1:54813] (eturnal_module:handle_event/2:179)
2022-07-21 19:40:34.843225+00:00 [debug] Writing stats of TURN session mw63edy8bii1 to InfluxDB [UDP, session mw63edy8bii1, user 2145913200, client 127.0.0.1:54593, relay 127.0.0.1:54813] (mod_stats_influx:on_turn_session_stop/1:88)
2022-07-21 19:40:34.872032+00:00 [debug] Received:
#stun{class = request,method = 1,magic = 554869826,
      trid = 37798832365054401090737175682,raw = <<>>,unsupported = [],
      'ALTERNATE-SERVER' = undefined,'CHANNEL-NUMBER' = undefined,
      'DATA' = undefined,'DONT-FRAGMENT' = false,'ERROR-CODE' = undefined,
      'LIFETIME' = undefined,'MAPPED-ADDRESS' = undefined,
      'MESSAGE-INTEGRITY' = undefined,'NONCE' = undefined,'REALM' = undefined,
      'REQUESTED-ADDRESS-FAMILY' = undefined,
      'REQUESTED-TRANSPORT' = undefined,'SOFTWARE' = undefined,
      'UNKNOWN-ATTRIBUTES' = [],'USERNAME' = undefined,
      'XOR-MAPPED-ADDRESS' = undefined,'XOR-PEER-ADDRESS' = [],
      'XOR-RELAYED-ADDRESS' = undefined} (stun:udp_recv/5:111)
2022-07-21 19:40:34.872158+00:00 [debug] Responding to STUN request [UDP, session izyabpy0dn40, anonymous, client 127.0.0.1:42834] (stun:process/4:312)
2022-07-21 19:40:34.872211+00:00 [debug] Running 'stun_query' hook [UDP, session izyabpy0dn40, anonymous, client 127.0.0.1:42834] (stun:run_hook/3:820)
2022-07-21 19:40:34.872252+00:00 [debug] Got 'stun_query' event [UDP, session izyabpy0dn40, anonymous, client 127.0.0.1:42834] (eturnal_module:handle_event/2:176)
2022-07-21 19:40:34.872296+00:00 [debug] Calling mod_log_stun:handle_event/2 [UDP, session izyabpy0dn40, anonymous, client 127.0.0.1:42834] (eturnal_module:handle_event/2:179)
2022-07-21 19:40:34.872335+00:00 [info] Responding to STUN request [UDP, session izyabpy0dn40, anonymous, client 127.0.0.1:42834] (mod_log_stun:handle_event/2:45)
2022-07-21 19:40:34.872373+00:00 [debug] Calling mod_stats_influx:handle_event/2 [UDP, session izyabpy0dn40, anonymous, client 127.0.0.1:42834] (eturnal_module:handle_event/2:179)
2022-07-21 19:40:34.872406+00:00 [debug] Writing STUN query event to InfluxDB [UDP, session izyabpy0dn40, anonymous, client 127.0.0.1:42834] (mod_stats_influx:on_stun_query/1:77)
2022-07-21 19:40:34.872614+00:00 [debug] Sending:
#stun{class = response,method = 1,magic = 554869826,
      trid = 37798832365054401090737175682,raw = <<>>,unsupported = [],
      'ALTERNATE-SERVER' = undefined,'CHANNEL-NUMBER' = undefined,
      'DATA' = undefined,'DONT-FRAGMENT' = false,'ERROR-CODE' = undefined,
      'LIFETIME' = undefined,'MAPPED-ADDRESS' = undefined,
      'MESSAGE-INTEGRITY' = undefined,'NONCE' = undefined,'REALM' = undefined,
      'REQUESTED-ADDRESS-FAMILY' = undefined,
      'REQUESTED-TRANSPORT' = undefined,'SOFTWARE' = <<"eturnal">>,
      'UNKNOWN-ATTRIBUTES' = [],'USERNAME' = undefined,
      'XOR-MAPPED-ADDRESS' = {{127,0,0,1},42834},
      'XOR-PEER-ADDRESS' = [],'XOR-RELAYED-ADDRESS' = undefined} (stun:send/3:445)
2022-07-21 19:40:34.896851+00:00 [info] Accepting connection: 127.0.0.1:55426 -> 127.0.0.1:34780 [TCP, session 9zi4zf5pvuns] (stun_acceptor:accept/3:158)
2022-07-21 19:40:34.897117+00:00 [debug] Received:
#stun{class = request,method = 1,magic = 554869826,
      trid = 9793096921802256550372449362,raw = <<>>,unsupported = [],
      'ALTERNATE-SERVER' = undefined,'CHANNEL-NUMBER' = undefined,
      'DATA' = undefined,'DONT-FRAGMENT' = false,'ERROR-CODE' = undefined,
      'LIFETIME' = undefined,'MAPPED-ADDRESS' = undefined,
      'MESSAGE-INTEGRITY' = undefined,'NONCE' = undefined,'REALM' = undefined,
      'REQUESTED-ADDRESS-FAMILY' = undefined,
      'REQUESTED-TRANSPORT' = undefined,'SOFTWARE' = undefined,
      'UNKNOWN-ATTRIBUTES' = [],'USERNAME' = undefined,
      'XOR-MAPPED-ADDRESS' = undefined,'XOR-PEER-ADDRESS' = [],
      'XOR-RELAYED-ADDRESS' = undefined} (stun:process_data/3:404)
2022-07-21 19:40:34.897233+00:00 [debug] Responding to STUN request [TCP, session 9zi4zf5pvuns, anonymous, client 127.0.0.1:55426] (stun:process/4:312)
2022-07-21 19:40:34.897288+00:00 [debug] Running 'stun_query' hook [TCP, session 9zi4zf5pvuns, anonymous, client 127.0.0.1:55426] (stun:run_hook/3:820)
2022-07-21 19:40:34.897403+00:00 [debug] Got 'stun_query' event [TCP, session 9zi4zf5pvuns, anonymous, client 127.0.0.1:55426] (eturnal_module:handle_event/2:176)
2022-07-21 19:40:34.897443+00:00 [debug] Calling mod_log_stun:handle_event/2 [TCP, session 9zi4zf5pvuns, anonymous, client 127.0.0.1:55426] (eturnal_module:handle_event/2:179)
2022-07-21 19:40:34.897514+00:00 [info] Responding to STUN request [TCP, session 9zi4zf5pvuns, anonymous, client 127.0.0.1:55426] (mod_log_stun:handle_event/2:45)
2022-07-21 19:40:34.897553+00:00 [debug] Calling mod_stats_influx:handle_event/2 [TCP, session 9zi4zf5pvuns, anonymous, client 127.0.0.1:55426] (eturnal_module:handle_event/2:179)
2022-07-21 19:40:34.897588+00:00 [debug] Writing STUN query event to InfluxDB [TCP, session 9zi4zf5pvuns, anonymous, client 127.0.0.1:55426] (mod_stats_influx:on_stun_query/1:77)
2022-07-21 19:40:34.897835+00:00 [debug] Sending:
#stun{class = response,method = 1,magic = 554869826,
      trid = 9793096921802256550372449362,raw = <<>>,unsupported = [],
      'ALTERNATE-SERVER' = undefined,'CHANNEL-NUMBER' = undefined,
      'DATA' = undefined,'DONT-FRAGMENT' = false,'ERROR-CODE' = undefined,
      'LIFETIME' = undefined,'MAPPED-ADDRESS' = undefined,
      'MESSAGE-INTEGRITY' = undefined,'NONCE' = undefined,'REALM' = undefined,
      'REQUESTED-ADDRESS-FAMILY' = undefined,
      'REQUESTED-TRANSPORT' = undefined,'SOFTWARE' = <<"P1 STUN library">>,
      'UNKNOWN-ATTRIBUTES' = [],'USERNAME' = undefined,
      'XOR-MAPPED-ADDRESS' = {{127,0,0,1},55426},
      'XOR-PEER-ADDRESS' = [],'XOR-RELAYED-ADDRESS' = undefined} (stun:send/3:445)
2022-07-21 19:40:34.898064+00:00 [info] Connection reset by peer [TCP, session 9zi4zf5pvuns, anonymous, client 127.0.0.1:55426] (stun:handle_info/3:170)
2022-07-21 19:40:34.929189+00:00 [info] Accepting connection: 127.0.0.1:36994 -> 127.0.0.1:53490 [TLS, session 8gk8thua5ruj] (stun_acceptor:accept/3:158)
2022-07-21 19:40:35.038553+00:00 [debug] Received:
#stun{class = request,method = 1,magic = 554869826,
      trid = 39789776912299120740357259845,raw = <<>>,unsupported = [],
      'ALTERNATE-SERVER' = undefined,'CHANNEL-NUMBER' = undefined,
      'DATA' = undefined,'DONT-FRAGMENT' = false,'ERROR-CODE' = undefined,
      'LIFETIME' = undefined,'MAPPED-ADDRESS' = undefined,
      'MESSAGE-INTEGRITY' = undefined,'NONCE' = undefined,'REALM' = undefined,
      'REQUESTED-ADDRESS-FAMILY' = undefined,
      'REQUESTED-TRANSPORT' = undefined,'SOFTWARE' = undefined,
      'UNKNOWN-ATTRIBUTES' = [],'USERNAME' = undefined,
      'XOR-MAPPED-ADDRESS' = undefined,'XOR-PEER-ADDRESS' = [],
      'XOR-RELAYED-ADDRESS' = undefined} (stun:process_data/3:404)
2022-07-21 19:40:35.038754+00:00 [debug] Responding to STUN request [TLS, session 8gk8thua5ruj, anonymous, client 127.0.0.1:36994] (stun:process/4:312)
2022-07-21 19:40:35.038854+00:00 [debug] Running 'stun_query' hook [TLS, session 8gk8thua5ruj, anonymous, client 127.0.0.1:36994] (stun:run_hook/3:820)
2022-07-21 19:40:35.038963+00:00 [debug] Got 'stun_query' event [TLS, session 8gk8thua5ruj, anonymous, client 127.0.0.1:36994] (eturnal_module:handle_event/2:176)
2022-07-21 19:40:35.039011+00:00 [debug] Calling mod_log_stun:handle_event/2 [TLS, session 8gk8thua5ruj, anonymous, client 127.0.0.1:36994] (eturnal_module:handle_event/2:179)
2022-07-21 19:40:35.039108+00:00 [info] Responding to STUN request [TLS, session 8gk8thua5ruj, anonymous, client 127.0.0.1:36994] (mod_log_stun:handle_event/2:45)
2022-07-21 19:40:35.039166+00:00 [debug] Calling mod_stats_influx:handle_event/2 [TLS, session 8gk8thua5ruj, anonymous, client 127.0.0.1:36994] (eturnal_module:handle_event/2:179)
2022-07-21 19:40:35.039219+00:00 [debug] Writing STUN query event to InfluxDB [TLS, session 8gk8thua5ruj, anonymous, client 127.0.0.1:36994] (mod_stats_influx:on_stun_query/1:77)
2022-07-21 19:40:35.039593+00:00 [debug] Sending:
#stun{class = response,method = 1,magic = 554869826,
      trid = 39789776912299120740357259845,raw = <<>>,unsupported = [],
      'ALTERNATE-SERVER' = undefined,'CHANNEL-NUMBER' = undefined,
      'DATA' = undefined,'DONT-FRAGMENT' = false,'ERROR-CODE' = undefined,
      'LIFETIME' = undefined,'MAPPED-ADDRESS' = undefined,
      'MESSAGE-INTEGRITY' = undefined,'NONCE' = undefined,'REALM' = undefined,
      'REQUESTED-ADDRESS-FAMILY' = undefined,
      'REQUESTED-TRANSPORT' = undefined,'SOFTWARE' = <<"P1 STUN library">>,
      'UNKNOWN-ATTRIBUTES' = [],'USERNAME' = undefined,
      'XOR-MAPPED-ADDRESS' = {{127,0,0,1},36994},
      'XOR-PEER-ADDRESS' = [],'XOR-RELAYED-ADDRESS' = undefined} (stun:send/3:445)
2022-07-21 19:40:35.040076+00:00 [info] Connection reset by peer [TLS, session 8gk8thua5ruj, anonymous, client 127.0.0.1:36994] (stun:handle_info/3:170)
2022-07-21 19:40:35.067897+00:00 [info] Accepting connection: 127.0.0.1:39736 -> 127.0.0.1:34781 [TCP|TLS, session j6lx1frc62gm] (stun_acceptor:accept/3:158)
2022-07-21 19:40:35.068135+00:00 [debug] Determined transport protocol: TCP (stun:is_tls_handshake/1:768)
2022-07-21 19:40:35.068416+00:00 [debug] Received:
#stun{class = request,method = 1,magic = 554869826,
      trid = 29952281037828909188062786006,raw = <<>>,unsupported = [],
      'ALTERNATE-SERVER' = undefined,'CHANNEL-NUMBER' = undefined,
      'DATA' = undefined,'DONT-FRAGMENT' = false,'ERROR-CODE' = undefined,
      'LIFETIME' = undefined,'MAPPED-ADDRESS' = undefined,
      'MESSAGE-INTEGRITY' = undefined,'NONCE' = undefined,'REALM' = undefined,
      'REQUESTED-ADDRESS-FAMILY' = undefined,
      'REQUESTED-TRANSPORT' = undefined,'SOFTWARE' = undefined,
      'UNKNOWN-ATTRIBUTES' = [],'USERNAME' = undefined,
      'XOR-MAPPED-ADDRESS' = undefined,'XOR-PEER-ADDRESS' = [],
      'XOR-RELAYED-ADDRESS' = undefined} (stun:process_data/3:404)
2022-07-21 19:40:35.068516+00:00 [debug] Responding to STUN request [TCP, session j6lx1frc62gm, anonymous, client 127.0.0.1:39736] (stun:process/4:312)
2022-07-21 19:40:35.068556+00:00 [debug] Running 'stun_query' hook [TCP, session j6lx1frc62gm, anonymous, client 127.0.0.1:39736] (stun:run_hook/3:820)
2022-07-21 19:40:35.068617+00:00 [debug] Got 'stun_query' event [TCP, session j6lx1frc62gm, anonymous, client 127.0.0.1:39736] (eturnal_module:handle_event/2:176)
2022-07-21 19:40:35.068647+00:00 [debug] Calling mod_log_stun:handle_event/2 [TCP, session j6lx1frc62gm, anonymous, client 127.0.0.1:39736] (eturnal_module:handle_event/2:179)
2022-07-21 19:40:35.068704+00:00 [info] Responding to STUN request [TCP, session j6lx1frc62gm, anonymous, client 127.0.0.1:39736] (mod_log_stun:handle_event/2:45)
2022-07-21 19:40:35.068740+00:00 [debug] Calling mod_stats_influx:handle_event/2 [TCP, session j6lx1frc62gm, anonymous, client 127.0.0.1:39736] (eturnal_module:handle_event/2:179)
2022-07-21 19:40:35.068768+00:00 [debug] Writing STUN query event to InfluxDB [TCP, session j6lx1frc62gm, anonymous, client 127.0.0.1:39736] (mod_stats_influx:on_stun_query/1:77)
2022-07-21 19:40:35.069142+00:00 [debug] Sending:
#stun{class = response,method = 1,magic = 554869826,
      trid = 29952281037828909188062786006,raw = <<>>,unsupported = [],
      'ALTERNATE-SERVER' = undefined,'CHANNEL-NUMBER' = undefined,
      'DATA' = undefined,'DONT-FRAGMENT' = false,'ERROR-CODE' = undefined,
      'LIFETIME' = undefined,'MAPPED-ADDRESS' = undefined,
      'MESSAGE-INTEGRITY' = undefined,'NONCE' = undefined,'REALM' = undefined,
      'REQUESTED-ADDRESS-FAMILY' = undefined,
      'REQUESTED-TRANSPORT' = undefined,'SOFTWARE' = <<"P1 STUN library">>,
      'UNKNOWN-ATTRIBUTES' = [],'USERNAME' = undefined,
      'XOR-MAPPED-ADDRESS' = {{127,0,0,1},39736},
      'XOR-PEER-ADDRESS' = [],'XOR-RELAYED-ADDRESS' = undefined} (stun:send/3:445)
2022-07-21 19:40:35.069380+00:00 [info] Connection reset by peer [TCP, session j6lx1frc62gm, anonymous, client 127.0.0.1:39736] (stun:handle_info/3:170)
2022-07-21 19:40:35.099831+00:00 [info] Accepting connection: 127.0.0.1:39738 -> 127.0.0.1:34781 [TCP|TLS, session cybgplmjoy9b] (stun_acceptor:accept/3:158)
2022-07-21 19:40:35.100111+00:00 [debug] Determined transport protocol: TLS (stun:is_tls_handshake/1:765)
2022-07-21 19:40:35.208650+00:00 [debug] Received:
#stun{class = request,method = 1,magic = 554869826,
      trid = 52650405533597837902286251219,raw = <<>>,unsupported = [],
      'ALTERNATE-SERVER' = undefined,'CHANNEL-NUMBER' = undefined,
      'DATA' = undefined,'DONT-FRAGMENT' = false,'ERROR-CODE' = undefined,
      'LIFETIME' = undefined,'MAPPED-ADDRESS' = undefined,
      'MESSAGE-INTEGRITY' = undefined,'NONCE' = undefined,'REALM' = undefined,
      'REQUESTED-ADDRESS-FAMILY' = undefined,
      'REQUESTED-TRANSPORT' = undefined,'SOFTWARE' = undefined,
      'UNKNOWN-ATTRIBUTES' = [],'USERNAME' = undefined,
      'XOR-MAPPED-ADDRESS' = undefined,'XOR-PEER-ADDRESS' = [],
      'XOR-RELAYED-ADDRESS' = undefined} (stun:process_data/3:404)
2022-07-21 19:40:35.208810+00:00 [debug] Responding to STUN request [TLS, session cybgplmjoy9b, anonymous, client 127.0.0.1:39738] (stun:process/4:312)
2022-07-21 19:40:35.208857+00:00 [debug] Running 'stun_query' hook [TLS, session cybgplmjoy9b, anonymous, client 127.0.0.1:39738] (stun:run_hook/3:820)
2022-07-21 19:40:35.208926+00:00 [debug] Got 'stun_query' event [TLS, session cybgplmjoy9b, anonymous, client 127.0.0.1:39738] (eturnal_module:handle_event/2:176)
2022-07-21 19:40:35.208961+00:00 [debug] Calling mod_log_stun:handle_event/2 [TLS, session cybgplmjoy9b, anonymous, client 127.0.0.1:39738] (eturnal_module:handle_event/2:179)
2022-07-21 19:40:35.209031+00:00 [info] Responding to STUN request [TLS, session cybgplmjoy9b, anonymous, client 127.0.0.1:39738] (mod_log_stun:handle_event/2:45)
2022-07-21 19:40:35.209060+00:00 [debug] Calling mod_stats_influx:handle_event/2 [TLS, session cybgplmjoy9b, anonymous, client 127.0.0.1:39738] (eturnal_module:handle_event/2:179)
2022-07-21 19:40:35.209093+00:00 [debug] Writing STUN query event to InfluxDB [TLS, session cybgplmjoy9b, anonymous, client 127.0.0.1:39738] (mod_stats_influx:on_stun_query/1:77)
2022-07-21 19:40:35.209379+00:00 [debug] Sending:
#stun{class = response,method = 1,magic = 554869826,
      trid = 52650405533597837902286251219,raw = <<>>,unsupported = [],
      'ALTERNATE-SERVER' = undefined,'CHANNEL-NUMBER' = undefined,
      'DATA' = undefined,'DONT-FRAGMENT' = false,'ERROR-CODE' = undefined,
      'LIFETIME' = undefined,'MAPPED-ADDRESS' = undefined,
      'MESSAGE-INTEGRITY' = undefined,'NONCE' = undefined,'REALM' = undefined,
      'REQUESTED-ADDRESS-FAMILY' = undefined,
      'REQUESTED-TRANSPORT' = undefined,'SOFTWARE' = <<"P1 STUN library">>,
      'UNKNOWN-ATTRIBUTES' = [],'USERNAME' = undefined,
      'XOR-MAPPED-ADDRESS' = {{127,0,0,1},39738},
      'XOR-PEER-ADDRESS' = [],'XOR-RELAYED-ADDRESS' = undefined} (stun:send/3:445)
2022-07-21 19:40:35.210083+00:00 [info] Connection reset by peer [TLS, session cybgplmjoy9b, anonymous, client 127.0.0.1:39738] (stun:handle_info/3:170)
2022-07-21 19:40:35.235659+00:00 [debug] No NOTIFY_SOCKET, dropping STOPPING=1 notification (eturnal_systemd:handle_cast/2:109)
2022-07-21 19:40:35.235800+00:00 [debug] Terminating eturnal (shutdown) (eturnal:terminate/2:174)
2022-07-21 19:40:35.235962+00:00 [debug] Watchdog interval is undefined, hibernating (eturnal_systemd:get_timeout/1:162)
2022-07-21 19:40:35.236136+00:00 [info] Stopped listening on 127.0.0.1:34780 (udp) (eturnal:stop_listeners/1:363)
2022-07-21 19:40:35.236690+00:00 [info] Stopped listening on 127.0.0.1:34780 (tcp) (eturnal:stop_listeners/1:363)
2022-07-21 19:40:35.236871+00:00 [info] Stopped listening on 127.0.0.1:53490 (tls) (eturnal:stop_listeners/1:363)
2022-07-21 19:40:35.237100+00:00 [info] Stopped listening on 127.0.0.1:34781 (auto) (eturnal:stop_listeners/1:363)
2022-07-21 19:40:35.237616+00:00 [debug] Calling mod_log_stun:stop/1 (eturnal_module:stop/1:162)
2022-07-21 19:40:35.237820+00:00 [debug] Stopping mod_log_stun (mod_log_stun:stop/0:50)
2022-07-21 19:40:35.237903+00:00 [info] Stopped mod_log_stun (eturnal:stop_modules/1:320)
2022-07-21 19:40:35.239018+00:00 [debug] Calling mod_stats_influx:stop/1 (eturnal_module:stop/1:162)
2022-07-21 19:40:35.239155+00:00 [debug] Stopping mod_stats_influx (mod_stats_influx:stop/0:62)
2022-07-21 19:40:35.239295+00:00 [info] Stopped mod_stats_influx (eturnal:stop_modules/1:320)
2022-07-21 19:40:35.240000+00:00 [debug] Removed run/cert.pem (eturnal:clean_run_dir/0:764)
2022-07-21 19:40:35.240130+00:00 [debug] Terminating eturnal_systemd (shutdown) (eturnal_systemd:terminate/2:136)
2022-07-21 19:40:35.240283+00:00 [notice] Stopping eturnal 1.9.1 on Erlang/OTP 25 (ERTS 13.0) (eturnal_app:stop/1:54)
