2022-07-09 20:56:16.653578+00:00 [notice] Starting eturnal 1.9.0 on Erlang/OTP 25 (ERTS 13.0) (eturnal_app:start/2:35)
2022-07-09 20:56:16.653868+00:00 [debug] Starting supervisor: eturnal_sup (eturnal_sup:start_link/0:32)
2022-07-09 20:56:16.654096+00:00 [debug] Configuring eturnal_sup supervisor: [#{id => systemd,
                                       start =>
                                           {eturnal_systemd,start_link,[]}},
                                     #{id => eturnal,
                                       start => {eturnal,start_link,[]}}] (eturnal_sup:init/0:40)
2022-07-09 20:56:16.655991+00:00 [info] Got no NOTIFY_SOCKET, notifications disabled (eturnal_systemd:init/1:95)
2022-07-09 20:56:16.656204+00:00 [debug] PROGRESS REPORT:
    supervisor: {local,eturnal_sup}
    started: [{pid,<0.941.0>},
              {id,systemd},
              {mfargs,{eturnal_systemd,start_link,[]}},
              {restart_type,permanent},
              {significant,false},
              {shutdown,5000},
              {child_type,worker}]
 (supervisor:report_progress/2:1557)
2022-07-09 20:56:16.656374+00:00 [info] Relay IPv4 address: 127.0.0.1 (port range: 49152-65535) (eturnal:log_relay_addresses/0:261)
2022-07-09 20:56:16.656548+00:00 [info] Relay IPv6 address not configured (eturnal:log_relay_addresses/0:271)
2022-07-09 20:56:16.672216+00:00 [info] Cannot determine control query port: noport (eturnal:log_control_listener/0:286)
2022-07-09 20:56:16.672671+00:00 [debug] Using run directory run (eturnal:ensure_run_dir/0:668)
2022-07-09 20:56:16.672807+00:00 [debug] TURN configuration seems fine (eturnal:check_turn_config/0:480)
2022-07-09 20:56:16.672992+00:00 [warning] TLS enabled without 'tls_crt_file', creating self-signed certificate (eturnal:check_pem_file/0:604)
2022-07-09 20:56:17.508893+00:00 [debug] Calling mod_log_stun:start/0 (eturnal_module:start/1:142)
2022-07-09 20:56:17.509179+00:00 [debug] Starting mod_log_stun (mod_log_stun:start/0:39)
2022-07-09 20:56:17.509371+00:00 [info] Started mod_log_stun (eturnal:start_modules/0:297)
2022-07-09 20:56:17.509544+00:00 [debug] Calling mod_stats_influx:start/0 (eturnal_module:start/1:142)
2022-07-09 20:56:17.509742+00:00 [debug] Starting mod_stats_influx (mod_stats_influx:start/0:38)
2022-07-09 20:56:17.512938+00:00 [debug] PROGRESS REPORT:
    application: ulitos
    started_at: nonode@nohost
 (application_controller:info_started/2:2107)
2022-07-09 20:56:17.514401+00:00 [debug] PROGRESS REPORT:
    application: poolboy
    started_at: nonode@nohost
 (application_controller:info_started/2:2107)
2022-07-09 20:56:17.515642+00:00 [info]     msg: Starting application: influx_udp (influx_udp_app:start/2:10)
2022-07-09 20:56:17.521903+00:00 [debug] PROGRESS REPORT:
    supervisor: {local,influx_udp_sup}
    started: [{pid,<0.963.0>},
              {id,influx_udp},
              {mfargs,{influx_udp,start_link,[]}},
              {restart_type,permanent},
              {significant,false},
              {shutdown,5000},
              {child_type,worker}]
 (supervisor:report_progress/2:1557)
2022-07-09 20:56:17.522606+00:00 [debug] PROGRESS REPORT:
    application: influx_udp
    started_at: nonode@nohost
 (application_controller:info_started/2:2107)
2022-07-09 20:56:17.522711+00:00 [debug] Dependency influx_udp was available already (eturnal_module:ensure_dep/2:283)
2022-07-09 20:56:17.525075+00:00 [info]     host: {127,0,0,1}
    msg: Start clients pool
    options: #{host => "localhost",max_overflow => 1,pool_size => 1,
               port => 8089} (influx_udp:start_pool_/2:239)
2022-07-09 20:56:17.546981+00:00 [info]     msg: Open UDP socket on port
    port: 38592 (influx_udp_worker:init/1:43)
2022-07-09 20:56:17.547189+00:00 [debug] PROGRESS REPORT:
    supervisor: {local,influx_udp_sup}
    started: [{pid,<0.966.0>},
              {id,stats_influx_pool},
              {mfargs,
                  {poolboy,start_link,
                      [[{name,{local,stats_influx_pool}},
                        {worker_module,influx_udp_worker},
                        {size,1},
                        {max_overflow,1}],
                       [{options,
                            #{host => {127,0,0,1},
                              max_overflow => 1,pool_size => 1,
                              port => 8089}}]]}},
              {restart_type,permanent},
              {significant,false},
              {shutdown,5000},
              {child_type,worker}]
 (supervisor:report_progress/2:1557)
2022-07-09 20:56:17.547436+00:00 [info] Started mod_stats_influx (eturnal:start_modules/0:297)
2022-07-09 20:56:17.548187+00:00 [debug] Starting listener 127.0.0.1:34780 (udp) with options:
[{use_turn,true},
 {auth_type,user},
 {turn_ipv4_address,{127,0,0,1}},
 {turn_min_port,49152},
 {turn_max_port,65535},
 {turn_max_allocations,10},
 {turn_max_permissions,10},
 {shaper,100000},
 {turn_blacklist,[{{203,0,113,0},24},{{8193,3512,0,0,0,0,0,0},32}]},
 {turn_whitelist,[{{203,0,113,113},32},{{8193,3512,0,0,0,0,0,0},64}]},
 {auth_realm,<<"eturnal.net">>},
 {server_name,<<"eturnal">>},
 {auth_fun,fun eturnal:get_password/2},
 {hook_fun,fun eturnal:run_hook/2}] (eturnal:start_listeners/0:330)
2022-07-09 20:56:17.566431+00:00 [info] Listening on 127.0.0.1:34780 (udp) (STUN/TURN) (eturnal:start_listeners/0:335)
2022-07-09 20:56:17.566649+00:00 [debug] Starting listener 127.0.0.1:34780 (tcp) with options:
[{use_turn,false},
 {auth_type,anonymous},
 {turn_ipv4_address,{127,0,0,1}},
 {turn_min_port,49152},
 {turn_max_port,65535},
 {turn_max_allocations,10},
 {turn_max_permissions,10},
 {shaper,100000},
 {turn_blacklist,[{{203,0,113,0},24},{{8193,3512,0,0,0,0,0,0},32}]},
 {turn_whitelist,[{{203,0,113,113},32},{{8193,3512,0,0,0,0,0,0},64}]},
 {auth_realm,<<"eturnal.net">>},
 {server_name,<<"eturnal">>},
 {auth_fun,fun eturnal:get_password/2},
 {hook_fun,fun eturnal:run_hook/2}] (eturnal:start_listeners/0:330)
2022-07-09 20:56:17.576860+00:00 [info] Listening on 127.0.0.1:34780 (tcp) (STUN only) (eturnal:start_listeners/0:335)
2022-07-09 20:56:17.577082+00:00 [debug] Starting listener 127.0.0.1:53490 (tls) with options:
[{use_turn,false},
 {auth_type,anonymous},
 {tls,true},
 {certfile,<<"run/cert.pem">>},
 {ciphers,<<"HIGH:!aNULL:@STRENGTH">>},
 {protocol_options,<<"no_tlsv1|no_tlsv1_1|cipher_server_preference">>},
 {turn_ipv4_address,{127,0,0,1}},
 {turn_min_port,49152},
 {turn_max_port,65535},
 {turn_max_allocations,10},
 {turn_max_permissions,10},
 {shaper,100000},
 {turn_blacklist,[{{203,0,113,0},24},{{8193,3512,0,0,0,0,0,0},32}]},
 {turn_whitelist,[{{203,0,113,113},32},{{8193,3512,0,0,0,0,0,0},64}]},
 {auth_realm,<<"eturnal.net">>},
 {server_name,<<"eturnal">>},
 {auth_fun,fun eturnal:get_password/2},
 {hook_fun,fun eturnal:run_hook/2}] (eturnal:start_listeners/0:330)
2022-07-09 20:56:17.577819+00:00 [info] Listening on 127.0.0.1:53490 (tls) (STUN only) (eturnal:start_listeners/0:335)
2022-07-09 20:56:17.578004+00:00 [debug] Starting listener 127.0.0.1:34781 (auto) with options:
[{use_turn,false},
 {auth_type,anonymous},
 {tls,optional},
 {certfile,<<"run/cert.pem">>},
 {ciphers,<<"HIGH:!aNULL:@STRENGTH">>},
 {protocol_options,<<"no_tlsv1|no_tlsv1_1|cipher_server_preference">>},
 {turn_ipv4_address,{127,0,0,1}},
 {turn_min_port,49152},
 {turn_max_port,65535},
 {turn_max_allocations,10},
 {turn_max_permissions,10},
 {shaper,100000},
 {turn_blacklist,[{{203,0,113,0},24},{{8193,3512,0,0,0,0,0,0},32}]},
 {turn_whitelist,[{{203,0,113,113},32},{{8193,3512,0,0,0,0,0,0},64}]},
 {auth_realm,<<"eturnal.net">>},
 {server_name,<<"eturnal">>},
 {auth_fun,fun eturnal:get_password/2},
 {hook_fun,fun eturnal:run_hook/2}] (eturnal:start_listeners/0:330)
2022-07-09 20:56:17.595943+00:00 [info] Listening on 127.0.0.1:34781 (auto) (STUN only) (eturnal:start_listeners/0:335)
2022-07-09 20:56:17.596142+00:00 [debug] Started 2 modules (eturnal:init/1:96)
2022-07-09 20:56:17.596259+00:00 [debug] Started 4 listeners (eturnal:init/1:97)
2022-07-09 20:56:17.596585+00:00 [debug] PROGRESS REPORT:
    supervisor: {local,eturnal_sup}
    started: [{pid,<0.943.0>},
              {id,eturnal},
              {mfargs,{eturnal,start_link,[]}},
              {restart_type,permanent},
              {significant,false},
              {shutdown,5000},
              {child_type,worker}]
 (supervisor:report_progress/2:1557)
2022-07-09 20:56:17.596728+00:00 [debug] No NOTIFY_SOCKET, dropping READY=1 notification (eturnal_systemd:handle_cast/2:109)
2022-07-09 20:56:17.596762+00:00 [debug] PROGRESS REPORT:
    application: eturnal
    started_at: nonode@nohost
 (application_controller:info_started/2:2107)
2022-07-09 20:56:17.596951+00:00 [debug] Watchdog interval is undefined, hibernating (eturnal_systemd:get_timeout/1:162)
2022-07-09 20:56:17.626383+00:00 [debug] Handling API call: get_info() (eturnal_ctl:get_info/0:135)
2022-07-09 20:56:17.627054+00:00 [debug] eturnal call (get_info) returned {ok,
                                  {eturnal_node_info,<<"1.9.0">>,
                                   {"25","13.0"},
                                   4664,0,138,114473918,1,39834504}} (eturnal_ctl:call/1:452)
2022-07-09 20:56:17.651896+00:00 [debug] Handling API call: get_sessions() (eturnal_ctl:get_sessions/0:106)
2022-07-09 20:56:17.676695+00:00 [debug] Handling API call: get_sessions("alice") (eturnal_ctl:get_sessions/1:116)
2022-07-09 20:56:17.676940+00:00 [debug] Handling API call: disconnect(alice) (eturnal_ctl:disconnect/1:184)
2022-07-09 20:56:17.677282+00:00 [debug] Cannot convert user name to binary: alice (eturnal_ctl:disconnect/1:194)
2022-07-09 20:56:17.703879+00:00 [debug] Handling API call: disconnect("alice") (eturnal_ctl:disconnect/1:184)
2022-07-09 20:56:17.704230+00:00 [debug] Handling API call: disconnect(alice) (eturnal_ctl:disconnect/1:184)
2022-07-09 20:56:17.704418+00:00 [debug] Cannot convert user name to binary: alice (eturnal_ctl:disconnect/1:194)
2022-07-09 20:56:17.729267+00:00 [debug] Handling API call: get_credentials("2009-10-30 11:00:00Z", []) (eturnal_ctl:get_credentials/2:60)
2022-07-09 20:56:17.729646+00:00 [debug] eturnal call ({get_password,<<"1256900400">>}) returned {ok,
                                                         <<"uEKlpcME7MNMMVRV8rUFPCTIFEs=">>} (eturnal_ctl:call/1:452)
2022-07-09 20:56:17.736319+00:00 [debug] Handling API call: get_credentials("86400", "alice") (eturnal_ctl:get_credentials/2:60)
2022-07-09 20:56:17.736639+00:00 [debug] eturnal call ({get_password,<<"1657486577:alice">>}) returned {ok,
                                                               <<"NkD+Y5usrxs8nUktBFPUkBP77uo=">>} (eturnal_ctl:call/1:452)
2022-07-09 20:56:17.736854+00:00 [debug] Handling API call: get_password("1657486577:alice") (eturnal_ctl:get_password/1:79)
2022-07-09 20:56:17.737235+00:00 [debug] eturnal call ({get_password,<<"1657486577:alice">>}) returned {ok,
                                                               <<"NkD+Y5usrxs8nUktBFPUkBP77uo=">>} (eturnal_ctl:call/1:452)
2022-07-09 20:56:17.738089+00:00 [debug] Handling API call: get_credentials("86400s", "alice") (eturnal_ctl:get_credentials/2:60)
2022-07-09 20:56:17.738650+00:00 [debug] eturnal call ({get_password,<<"1657486577:alice">>}) returned {ok,
                                                               <<"NkD+Y5usrxs8nUktBFPUkBP77uo=">>} (eturnal_ctl:call/1:452)
2022-07-09 20:56:17.738880+00:00 [debug] Handling API call: get_password("1657486577:alice") (eturnal_ctl:get_password/1:79)
2022-07-09 20:56:17.739103+00:00 [debug] eturnal call ({get_password,<<"1657486577:alice">>}) returned {ok,
                                                               <<"NkD+Y5usrxs8nUktBFPUkBP77uo=">>} (eturnal_ctl:call/1:452)
2022-07-09 20:56:17.739373+00:00 [debug] Handling API call: get_credentials("1440m", "alice") (eturnal_ctl:get_credentials/2:60)
2022-07-09 20:56:17.739538+00:00 [debug] eturnal call ({get_password,<<"1657486577:alice">>}) returned {ok,
                                                               <<"NkD+Y5usrxs8nUktBFPUkBP77uo=">>} (eturnal_ctl:call/1:452)
2022-07-09 20:56:17.739682+00:00 [debug] Handling API call: get_password("1657486577:alice") (eturnal_ctl:get_password/1:79)
2022-07-09 20:56:17.739921+00:00 [debug] eturnal call ({get_password,<<"1657486577:alice">>}) returned {ok,
                                                               <<"NkD+Y5usrxs8nUktBFPUkBP77uo=">>} (eturnal_ctl:call/1:452)
2022-07-09 20:56:17.740149+00:00 [debug] Handling API call: get_credentials("24h", "alice") (eturnal_ctl:get_credentials/2:60)
2022-07-09 20:56:17.740343+00:00 [debug] eturnal call ({get_password,<<"1657486577:alice">>}) returned {ok,
                                                               <<"NkD+Y5usrxs8nUktBFPUkBP77uo=">>} (eturnal_ctl:call/1:452)
2022-07-09 20:56:17.740504+00:00 [debug] Handling API call: get_password("1657486577:alice") (eturnal_ctl:get_password/1:79)
2022-07-09 20:56:17.740660+00:00 [debug] eturnal call ({get_password,<<"1657486577:alice">>}) returned {ok,
                                                               <<"NkD+Y5usrxs8nUktBFPUkBP77uo=">>} (eturnal_ctl:call/1:452)
2022-07-09 20:56:17.740884+00:00 [debug] Handling API call: get_credentials("1d", "alice") (eturnal_ctl:get_credentials/2:60)
2022-07-09 20:56:17.741078+00:00 [debug] eturnal call ({get_password,<<"1657486577:alice">>}) returned {ok,
                                                               <<"NkD+Y5usrxs8nUktBFPUkBP77uo=">>} (eturnal_ctl:call/1:452)
2022-07-09 20:56:17.741277+00:00 [debug] Handling API call: get_password("1657486577:alice") (eturnal_ctl:get_password/1:79)
2022-07-09 20:56:17.741427+00:00 [debug] eturnal call ({get_password,<<"1657486577:alice">>}) returned {ok,
                                                               <<"NkD+Y5usrxs8nUktBFPUkBP77uo=">>} (eturnal_ctl:call/1:452)
2022-07-09 20:56:17.741603+00:00 [debug] Handling API call: get_password("Invalid") (eturnal_ctl:get_password/1:79)
2022-07-09 20:56:17.741754+00:00 [debug] Invalid user name: Invalid (eturnal_ctl:get_password/1:93)
2022-07-09 20:56:17.741854+00:00 [debug] Handling API call: get_credentials("Invalid", []) (eturnal_ctl:get_credentials/2:60)
2022-07-09 20:56:17.741956+00:00 [debug] Invalid argument(s): "Invalid":[] (eturnal_ctl:get_credentials/2:73)
2022-07-09 20:56:17.742085+00:00 [debug] Handling API call: get_password(invalid) (eturnal_ctl:get_password/1:79)
2022-07-09 20:56:17.742265+00:00 [debug] Cannot convert user name to binary: invalid (eturnal_ctl:get_password/1:100)
2022-07-09 20:56:17.742443+00:00 [debug] Handling API call: get_credentials(invalid, []) (eturnal_ctl:get_credentials/2:60)
2022-07-09 20:56:17.742540+00:00 [debug] Invalid argument(s): invalid:[] (eturnal_ctl:get_credentials/2:73)
2022-07-09 20:56:17.742659+00:00 [debug] Handling API call: get_password([invalid]) (eturnal_ctl:get_password/1:79)
2022-07-09 20:56:17.742774+00:00 [debug] Cannot convert user name to binary: [invalid] (eturnal_ctl:get_password/1:100)
2022-07-09 20:56:17.742875+00:00 [debug] Handling API call: get_credentials([invalid], []) (eturnal_ctl:get_credentials/2:60)
2022-07-09 20:56:17.742997+00:00 [debug] Invalid argument(s): [invalid]:[] (eturnal_ctl:get_credentials/2:73)
2022-07-09 20:56:17.743176+00:00 [debug] Handling API call: get_credentials(1256900400, invalid) (eturnal_ctl:get_credentials/2:60)
2022-07-09 20:56:17.743344+00:00 [debug] Invalid argument(s): 1256900400:invalid (eturnal_ctl:get_credentials/2:73)
2022-07-09 20:56:17.768920+00:00 [debug] Handling API call: set_loglevel(debug) (eturnal_ctl:set_loglevel/1:165)
2022-07-09 20:56:17.769138+00:00 [debug] eturnal call ({set_loglevel,debug}) returned ok (eturnal_ctl:call/1:449)
2022-07-09 20:56:17.769365+00:00 [debug] Handling API call: get_loglevel() (eturnal_ctl:get_loglevel/0:155)
2022-07-09 20:56:17.769510+00:00 [debug] eturnal call (get_loglevel) returned {ok,debug} (eturnal_ctl:call/1:452)
2022-07-09 20:56:17.769724+00:00 [debug] Handling API call: set_loglevel(invalid) (eturnal_ctl:set_loglevel/1:165)
2022-07-09 20:56:17.769879+00:00 [debug] Invalid log level: invalid (eturnal_ctl:set_loglevel/1:175)
2022-07-09 20:56:17.770127+00:00 [debug] Handling API call: get_loglevel() (eturnal_ctl:get_loglevel/0:155)
2022-07-09 20:56:17.770309+00:00 [debug] eturnal call (get_loglevel) returned {ok,debug} (eturnal_ctl:call/1:452)
2022-07-09 20:56:17.796308+00:00 [debug] Handling API call: get_version() (eturnal_ctl:get_version/0:145)
2022-07-09 20:56:17.796591+00:00 [debug] eturnal call (get_version) returned {ok,<<"1.9.0">>} (eturnal_ctl:call/1:452)
2022-07-09 20:56:17.822441+00:00 [debug] Handling API call: reload() (eturnal_ctl:reload/0:200)
2022-07-09 20:56:17.824536+00:00 [debug] Calling mod_log_stun:options/0 (eturnal_module:options/1:191)
2022-07-09 20:56:17.824721+00:00 [debug] Calling mod_stats_influx:options/0 (eturnal_module:options/1:191)
2022-07-09 20:56:17.825495+00:00 [warning] TLS enabled without 'tls_crt_file', creating self-signed certificate (eturnal:check_pem_file/0:604)
2022-07-09 20:56:18.370357+00:00 [info] Using new TLS certificate (eturnal:handle_call/3:114)
2022-07-09 20:56:18.370645+00:00 [debug] Reloaded configuration (eturnal:handle_call/3:120)
2022-07-09 20:56:18.370923+00:00 [debug] eturnal call (reload) returned ok (eturnal_ctl:call/1:449)
2022-07-09 20:56:18.371409+00:00 [debug] Handling API call: reload() (eturnal_ctl:reload/0:200)
2022-07-09 20:56:18.374197+00:00 [debug] Calling mod_log_stun:options/0 (eturnal_module:options/1:191)
2022-07-09 20:56:18.374412+00:00 [debug] Calling mod_stats_influx:options/0 (eturnal_module:options/1:191)
2022-07-09 20:56:18.375359+00:00 [debug] Keeping PEM file (run/cert.pem) (eturnal:check_pem_file/0:601)
2022-07-09 20:56:18.375538+00:00 [debug] TLS certificate unchanged (eturnal:handle_call/3:116)
2022-07-09 20:56:18.375683+00:00 [debug] Reloaded configuration (eturnal:handle_call/3:120)
2022-07-09 20:56:18.375790+00:00 [debug] eturnal call (reload) returned ok (eturnal_ctl:call/1:449)
2022-07-09 20:56:18.401104+00:00 [info] Accepting connection: 127.0.0.1:43434 -> 127.0.0.1:34780 [TCP, session 1x78qt68z0bi] (stun_acceptor:accept/3:148)
2022-07-09 20:56:18.428768+00:00 [info] Accepting connection: 127.0.0.1:42170 -> 127.0.0.1:53490 [TLS, session w514q6xls8ms] (stun_acceptor:accept/3:148)
2022-07-09 20:56:18.459830+00:00 [debug] Received:
#stun{class = request,method = 3,magic = 554869826,
      trid = 46109455702332698641048397397,raw = <<>>,unsupported = [],
      'ALTERNATE-SERVER' = undefined,'CHANNEL-NUMBER' = undefined,
      'DATA' = undefined,'DONT-FRAGMENT' = false,'ERROR-CODE' = undefined,
      'LIFETIME' = undefined,'MAPPED-ADDRESS' = undefined,
      'MESSAGE-INTEGRITY' = undefined,'NONCE' = undefined,'REALM' = undefined,
      'REQUESTED-ADDRESS-FAMILY' = undefined,
      'REQUESTED-TRANSPORT' = undefined,'SOFTWARE' = undefined,
      'UNKNOWN-ATTRIBUTES' = [],'USERNAME' = undefined,
      'XOR-MAPPED-ADDRESS' = undefined,'XOR-PEER-ADDRESS' = [],
      'XOR-RELAYED-ADDRESS' = undefined} (stun:udp_recv/5:111)
2022-07-09 20:56:18.460042+00:00 [debug] Sending:
#stun{class = error,method = 3,magic = 554869826,
      trid = 46109455702332698641048397397,raw = <<>>,unsupported = [],
      'ALTERNATE-SERVER' = undefined,'CHANNEL-NUMBER' = undefined,
      'DATA' = undefined,'DONT-FRAGMENT' = false,
      'ERROR-CODE' = {401,<<"Unauthorized">>},
      'LIFETIME' = undefined,'MAPPED-ADDRESS' = undefined,
      'MESSAGE-INTEGRITY' = undefined,'NONCE' = <<"2095900191">>,
      'REALM' = <<"eturnal.net">>,'REQUESTED-ADDRESS-FAMILY' = undefined,
      'REQUESTED-TRANSPORT' = undefined,'SOFTWARE' = <<"eturnal">>,
      'UNKNOWN-ATTRIBUTES' = [],'USERNAME' = undefined,
      'XOR-MAPPED-ADDRESS' = undefined,'XOR-PEER-ADDRESS' = [],
      'XOR-RELAYED-ADDRESS' = undefined} (stun:send/3:445)
2022-07-09 20:56:18.460491+00:00 [debug] Received:
#stun{class = request,method = 3,magic = 554869826,
      trid = 77390639749694272687705724487,
      raw = <<0,3,0,80,33,18,164,66,250,16,9,107,85,68,158,49,62,232,150,71,0,
              25,0,4,17,0,0,0,0,6,0,10,50,49,52,53,57,49,51,50,48,48,0,0,0,20,
              0,11,101,116,117,114,110,97,108,46,110,101,116,0,0,21,0,10,50,48,
              57,53,57,48,48,49,57,49,0,0>>,
      unsupported = [],'ALTERNATE-SERVER' = undefined,
      'CHANNEL-NUMBER' = undefined,'DATA' = undefined,'DONT-FRAGMENT' = false,
      'ERROR-CODE' = undefined,'LIFETIME' = undefined,
      'MAPPED-ADDRESS' = undefined,
      'MESSAGE-INTEGRITY' = <<165,226,16,186,90,242,60,87,111,66,29,88,153,6,0,
                              86,16,150,188,239>>,
      'NONCE' = <<"2095900191">>,'REALM' = <<"eturnal.net">>,
      'REQUESTED-ADDRESS-FAMILY' = undefined,'REQUESTED-TRANSPORT' = udp,
      'SOFTWARE' = undefined,'UNKNOWN-ATTRIBUTES' = [],
      'USERNAME' = <<"2145913200">>,'XOR-MAPPED-ADDRESS' = undefined,
      'XOR-PEER-ADDRESS' = [],'XOR-RELAYED-ADDRESS' = undefined} (stun:udp_recv/5:111)
2022-07-09 20:56:18.460668+00:00 [debug] Looking up password for: 2145913200 [UDP, session pr4virmy1795, user 2145913200, client 127.0.0.1:50426] (eturnal:get_password/2:199)
2022-07-09 20:56:18.460763+00:00 [info] Accepting long-term STUN/TURN authentication [UDP, session pr4virmy1795, user 2145913200, client 127.0.0.1:50426] (stun:process/2:249)
2022-07-09 20:56:18.464451+00:00 [debug] Running 'turn_session_start' hook [UDP, session pr4virmy1795, user 2145913200, client 127.0.0.1:50426] (turn:run_hook/2:711)
2022-07-09 20:56:18.464563+00:00 [debug] Got 'turn_session_start' event [UDP, session pr4virmy1795, user 2145913200, client 127.0.0.1:50426] (eturnal_module:handle_event/2:176)
2022-07-09 20:56:18.464797+00:00 [notice] Creating TURN allocation (lifetime: 599 seconds) [UDP, session pr4virmy1795, user 2145913200, client 127.0.0.1:50426, relay 127.0.0.1:62633] (turn:wait_for_allocate/2:207)
2022-07-09 20:56:18.464971+00:00 [debug] Sending:
#stun{class = response,method = 3,magic = 554869826,
      trid = 77390639749694272687705724487,raw = <<>>,unsupported = [],
      'ALTERNATE-SERVER' = undefined,'CHANNEL-NUMBER' = undefined,
      'DATA' = undefined,'DONT-FRAGMENT' = false,'ERROR-CODE' = undefined,
      'LIFETIME' = 599,'MAPPED-ADDRESS' = undefined,
      'MESSAGE-INTEGRITY' = undefined,'NONCE' = undefined,'REALM' = undefined,
      'REQUESTED-ADDRESS-FAMILY' = undefined,
      'REQUESTED-TRANSPORT' = undefined,'SOFTWARE' = <<"eturnal">>,
      'UNKNOWN-ATTRIBUTES' = [],'USERNAME' = undefined,
      'XOR-MAPPED-ADDRESS' = {{127,0,0,1},50426},
      'XOR-PEER-ADDRESS' = [],
      'XOR-RELAYED-ADDRESS' = {{127,0,0,1},62633}} (turn:send/2:521)
2022-07-09 20:56:18.465451+00:00 [debug] Received:
#stun{class = request,method = 4,magic = 554869826,
      trid = 11722967661031449760099400886,
      raw = <<0,4,0,80,33,18,164,66,37,225,2,246,77,170,88,125,16,146,252,182,
              0,6,0,10,50,49,52,53,57,49,51,50,48,48,0,0,0,20,0,11,101,116,117,
              114,110,97,108,46,110,101,116,0,0,21,0,10,50,48,57,53,57,48,48,
              49,57,49,0,0,0,13,0,4,0,0,0,0>>,
      unsupported = [],'ALTERNATE-SERVER' = undefined,
      'CHANNEL-NUMBER' = undefined,'DATA' = undefined,'DONT-FRAGMENT' = false,
      'ERROR-CODE' = undefined,'LIFETIME' = 0,'MAPPED-ADDRESS' = undefined,
      'MESSAGE-INTEGRITY' = <<147,24,126,198,225,109,98,207,10,247,97,210,161,
                              119,205,49,217,66,180,146>>,
      'NONCE' = <<"2095900191">>,'REALM' = <<"eturnal.net">>,
      'REQUESTED-ADDRESS-FAMILY' = undefined,
      'REQUESTED-TRANSPORT' = undefined,'SOFTWARE' = undefined,
      'UNKNOWN-ATTRIBUTES' = [],'USERNAME' = <<"2145913200">>,
      'XOR-MAPPED-ADDRESS' = undefined,'XOR-PEER-ADDRESS' = [],
      'XOR-RELAYED-ADDRESS' = undefined} (stun:udp_recv/5:111)
2022-07-09 20:56:18.465623+00:00 [debug] Looking up password for: 2145913200 [UDP, session e4nl7fxdz81a, user 2145913200, client 127.0.0.1:50426] (eturnal:get_password/2:199)
2022-07-09 20:56:18.465705+00:00 [info] Accepting long-term STUN/TURN authentication [UDP, session e4nl7fxdz81a, user 2145913200, client 127.0.0.1:50426] (stun:process/2:249)
2022-07-09 20:56:18.465773+00:00 [info] Client requested closing the TURN session [UDP, session pr4virmy1795, user 2145913200, client 127.0.0.1:50426, relay 127.0.0.1:62633] (turn:active/2:262)
2022-07-09 20:56:18.465950+00:00 [debug] Sending:
#stun{class = response,method = 4,magic = 554869826,
      trid = 11722967661031449760099400886,raw = <<>>,unsupported = [],
      'ALTERNATE-SERVER' = undefined,'CHANNEL-NUMBER' = undefined,
      'DATA' = undefined,'DONT-FRAGMENT' = false,'ERROR-CODE' = undefined,
      'LIFETIME' = 0,'MAPPED-ADDRESS' = undefined,
      'MESSAGE-INTEGRITY' = undefined,'NONCE' = undefined,'REALM' = undefined,
      'REQUESTED-ADDRESS-FAMILY' = undefined,
      'REQUESTED-TRANSPORT' = undefined,'SOFTWARE' = <<"eturnal">>,
      'UNKNOWN-ATTRIBUTES' = [],'USERNAME' = undefined,
      'XOR-MAPPED-ADDRESS' = undefined,'XOR-PEER-ADDRESS' = [],
      'XOR-RELAYED-ADDRESS' = undefined} (turn:send/2:521)
2022-07-09 20:56:18.466157+00:00 [info] Deleting TURN allocation [UDP, session pr4virmy1795, user 2145913200, client 127.0.0.1:50426, relay 127.0.0.1:62633] (turn:terminate/3:454)
2022-07-09 20:56:18.466255+00:00 [notice] Relayed 0 KiB (in 0 B / 0 packets, out 0 B / 0 packets), duration: 0 seconds [UDP, session pr4virmy1795, user 2145913200, client 127.0.0.1:50426, relay 127.0.0.1:62633] (turn:terminate/3:461)
2022-07-09 20:56:18.466328+00:00 [debug] Running 'turn_session_stop' hook [UDP, session pr4virmy1795, user 2145913200, client 127.0.0.1:50426, relay 127.0.0.1:62633] (turn:run_hook/2:711)
2022-07-09 20:56:18.466390+00:00 [debug] Got 'turn_session_stop' event [UDP, session pr4virmy1795, user 2145913200, client 127.0.0.1:50426, relay 127.0.0.1:62633] (eturnal_module:handle_event/2:176)
2022-07-09 20:56:18.466472+00:00 [debug] Calling mod_stats_influx:handle_event/2 [UDP, session pr4virmy1795, user 2145913200, client 127.0.0.1:50426, relay 127.0.0.1:62633] (eturnal_module:handle_event/2:179)
2022-07-09 20:56:18.466518+00:00 [debug] Writing stats of TURN session pr4virmy1795 to InfluxDB [UDP, session pr4virmy1795, user 2145913200, client 127.0.0.1:50426, relay 127.0.0.1:62633] (mod_stats_influx:on_turn_session_stop/1:81)
2022-07-09 20:56:18.492187+00:00 [debug] Received:
#stun{class = request,method = 1,magic = 554869826,
      trid = 41262997993345159767008648682,raw = <<>>,unsupported = [],
      'ALTERNATE-SERVER' = undefined,'CHANNEL-NUMBER' = undefined,
      'DATA' = undefined,'DONT-FRAGMENT' = false,'ERROR-CODE' = undefined,
      'LIFETIME' = undefined,'MAPPED-ADDRESS' = undefined,
      'MESSAGE-INTEGRITY' = undefined,'NONCE' = undefined,'REALM' = undefined,
      'REQUESTED-ADDRESS-FAMILY' = undefined,
      'REQUESTED-TRANSPORT' = undefined,'SOFTWARE' = undefined,
      'UNKNOWN-ATTRIBUTES' = [],'USERNAME' = undefined,
      'XOR-MAPPED-ADDRESS' = undefined,'XOR-PEER-ADDRESS' = [],
      'XOR-RELAYED-ADDRESS' = undefined} (stun:udp_recv/5:111)
2022-07-09 20:56:18.492366+00:00 [debug] Responding to STUN request [UDP, session cf73coajnqxr, anonymous, client 127.0.0.1:36031] (stun:process/4:312)
2022-07-09 20:56:18.492423+00:00 [debug] Running 'stun_query' hook [UDP, session cf73coajnqxr, anonymous, client 127.0.0.1:36031] (stun:run_hook/3:820)
2022-07-09 20:56:18.492513+00:00 [debug] Got 'stun_query' event [UDP, session cf73coajnqxr, anonymous, client 127.0.0.1:36031] (eturnal_module:handle_event/2:176)
2022-07-09 20:56:18.492551+00:00 [debug] Calling mod_log_stun:handle_event/2 [UDP, session cf73coajnqxr, anonymous, client 127.0.0.1:36031] (eturnal_module:handle_event/2:179)
2022-07-09 20:56:18.492653+00:00 [info] Responding to STUN request [UDP, session cf73coajnqxr, anonymous, client 127.0.0.1:36031] (mod_log_stun:handle_event/2:45)
2022-07-09 20:56:18.492747+00:00 [debug] Calling mod_stats_influx:handle_event/2 [UDP, session cf73coajnqxr, anonymous, client 127.0.0.1:36031] (eturnal_module:handle_event/2:179)
2022-07-09 20:56:18.492811+00:00 [debug] Writing STUN query event to InfluxDB [UDP, session cf73coajnqxr, anonymous, client 127.0.0.1:36031] (mod_stats_influx:on_stun_query/1:70)
2022-07-09 20:56:18.493075+00:00 [debug] Sending:
#stun{class = response,method = 1,magic = 554869826,
      trid = 41262997993345159767008648682,raw = <<>>,unsupported = [],
      'ALTERNATE-SERVER' = undefined,'CHANNEL-NUMBER' = undefined,
      'DATA' = undefined,'DONT-FRAGMENT' = false,'ERROR-CODE' = undefined,
      'LIFETIME' = undefined,'MAPPED-ADDRESS' = undefined,
      'MESSAGE-INTEGRITY' = undefined,'NONCE' = undefined,'REALM' = undefined,
      'REQUESTED-ADDRESS-FAMILY' = undefined,
      'REQUESTED-TRANSPORT' = undefined,'SOFTWARE' = <<"eturnal">>,
      'UNKNOWN-ATTRIBUTES' = [],'USERNAME' = undefined,
      'XOR-MAPPED-ADDRESS' = {{127,0,0,1},36031},
      'XOR-PEER-ADDRESS' = [],'XOR-RELAYED-ADDRESS' = undefined} (stun:send/3:445)
2022-07-09 20:56:18.518039+00:00 [info] Accepting connection: 127.0.0.1:43436 -> 127.0.0.1:34780 [TCP, session dotaxwvsomam] (stun_acceptor:accept/3:148)
2022-07-09 20:56:18.518427+00:00 [debug] Received:
#stun{class = request,method = 1,magic = 554869826,
      trid = 58002062671210578584532354341,raw = <<>>,unsupported = [],
      'ALTERNATE-SERVER' = undefined,'CHANNEL-NUMBER' = undefined,
      'DATA' = undefined,'DONT-FRAGMENT' = false,'ERROR-CODE' = undefined,
      'LIFETIME' = undefined,'MAPPED-ADDRESS' = undefined,
      'MESSAGE-INTEGRITY' = undefined,'NONCE' = undefined,'REALM' = undefined,
      'REQUESTED-ADDRESS-FAMILY' = undefined,
      'REQUESTED-TRANSPORT' = undefined,'SOFTWARE' = undefined,
      'UNKNOWN-ATTRIBUTES' = [],'USERNAME' = undefined,
      'XOR-MAPPED-ADDRESS' = undefined,'XOR-PEER-ADDRESS' = [],
      'XOR-RELAYED-ADDRESS' = undefined} (stun:process_data/3:404)
2022-07-09 20:56:18.518561+00:00 [debug] Responding to STUN request [TCP, session dotaxwvsomam, anonymous, client 127.0.0.1:43436] (stun:process/4:312)
2022-07-09 20:56:18.518639+00:00 [debug] Running 'stun_query' hook [TCP, session dotaxwvsomam, anonymous, client 127.0.0.1:43436] (stun:run_hook/3:820)
2022-07-09 20:56:18.518703+00:00 [debug] Got 'stun_query' event [TCP, session dotaxwvsomam, anonymous, client 127.0.0.1:43436] (eturnal_module:handle_event/2:176)
2022-07-09 20:56:18.518759+00:00 [debug] Calling mod_log_stun:handle_event/2 [TCP, session dotaxwvsomam, anonymous, client 127.0.0.1:43436] (eturnal_module:handle_event/2:179)
2022-07-09 20:56:18.518837+00:00 [info] Responding to STUN request [TCP, session dotaxwvsomam, anonymous, client 127.0.0.1:43436] (mod_log_stun:handle_event/2:45)
2022-07-09 20:56:18.518903+00:00 [debug] Calling mod_stats_influx:handle_event/2 [TCP, session dotaxwvsomam, anonymous, client 127.0.0.1:43436] (eturnal_module:handle_event/2:179)
2022-07-09 20:56:18.518989+00:00 [debug] Writing STUN query event to InfluxDB [TCP, session dotaxwvsomam, anonymous, client 127.0.0.1:43436] (mod_stats_influx:on_stun_query/1:70)
2022-07-09 20:56:18.519209+00:00 [debug] Sending:
#stun{class = response,method = 1,magic = 554869826,
      trid = 58002062671210578584532354341,raw = <<>>,unsupported = [],
      'ALTERNATE-SERVER' = undefined,'CHANNEL-NUMBER' = undefined,
      'DATA' = undefined,'DONT-FRAGMENT' = false,'ERROR-CODE' = undefined,
      'LIFETIME' = undefined,'MAPPED-ADDRESS' = undefined,
      'MESSAGE-INTEGRITY' = undefined,'NONCE' = undefined,'REALM' = undefined,
      'REQUESTED-ADDRESS-FAMILY' = undefined,
      'REQUESTED-TRANSPORT' = undefined,'SOFTWARE' = <<"P1 STUN library">>,
      'UNKNOWN-ATTRIBUTES' = [],'USERNAME' = undefined,
      'XOR-MAPPED-ADDRESS' = {{127,0,0,1},43436},
      'XOR-PEER-ADDRESS' = [],'XOR-RELAYED-ADDRESS' = undefined} (stun:send/3:445)
2022-07-09 20:56:18.519493+00:00 [info] Connection reset by peer [TCP, session dotaxwvsomam, anonymous, client 127.0.0.1:43436] (stun:handle_info/3:170)
2022-07-09 20:56:18.545022+00:00 [info] Accepting connection: 127.0.0.1:42172 -> 127.0.0.1:53490 [TLS, session 2zpnl74pt0hs] (stun_acceptor:accept/3:148)
2022-07-09 20:56:18.655105+00:00 [debug] Received:
#stun{class = request,method = 1,magic = 554869826,
      trid = 14123024576470582149146384461,raw = <<>>,unsupported = [],
      'ALTERNATE-SERVER' = undefined,'CHANNEL-NUMBER' = undefined,
      'DATA' = undefined,'DONT-FRAGMENT' = false,'ERROR-CODE' = undefined,
      'LIFETIME' = undefined,'MAPPED-ADDRESS' = undefined,
      'MESSAGE-INTEGRITY' = undefined,'NONCE' = undefined,'REALM' = undefined,
      'REQUESTED-ADDRESS-FAMILY' = undefined,
      'REQUESTED-TRANSPORT' = undefined,'SOFTWARE' = undefined,
      'UNKNOWN-ATTRIBUTES' = [],'USERNAME' = undefined,
      'XOR-MAPPED-ADDRESS' = undefined,'XOR-PEER-ADDRESS' = [],
      'XOR-RELAYED-ADDRESS' = undefined} (stun:process_data/3:404)
2022-07-09 20:56:18.655287+00:00 [debug] Responding to STUN request [TLS, session 2zpnl74pt0hs, anonymous, client 127.0.0.1:42172] (stun:process/4:312)
2022-07-09 20:56:18.655376+00:00 [debug] Running 'stun_query' hook [TLS, session 2zpnl74pt0hs, anonymous, client 127.0.0.1:42172] (stun:run_hook/3:820)
2022-07-09 20:56:18.655488+00:00 [debug] Got 'stun_query' event [TLS, session 2zpnl74pt0hs, anonymous, client 127.0.0.1:42172] (eturnal_module:handle_event/2:176)
2022-07-09 20:56:18.655538+00:00 [debug] Calling mod_log_stun:handle_event/2 [TLS, session 2zpnl74pt0hs, anonymous, client 127.0.0.1:42172] (eturnal_module:handle_event/2:179)
2022-07-09 20:56:18.655626+00:00 [info] Responding to STUN request [TLS, session 2zpnl74pt0hs, anonymous, client 127.0.0.1:42172] (mod_log_stun:handle_event/2:45)
2022-07-09 20:56:18.655694+00:00 [debug] Calling mod_stats_influx:handle_event/2 [TLS, session 2zpnl74pt0hs, anonymous, client 127.0.0.1:42172] (eturnal_module:handle_event/2:179)
2022-07-09 20:56:18.655734+00:00 [debug] Writing STUN query event to InfluxDB [TLS, session 2zpnl74pt0hs, anonymous, client 127.0.0.1:42172] (mod_stats_influx:on_stun_query/1:70)
2022-07-09 20:56:18.656181+00:00 [debug] Sending:
#stun{class = response,method = 1,magic = 554869826,
      trid = 14123024576470582149146384461,raw = <<>>,unsupported = [],
      'ALTERNATE-SERVER' = undefined,'CHANNEL-NUMBER' = undefined,
      'DATA' = undefined,'DONT-FRAGMENT' = false,'ERROR-CODE' = undefined,
      'LIFETIME' = undefined,'MAPPED-ADDRESS' = undefined,
      'MESSAGE-INTEGRITY' = undefined,'NONCE' = undefined,'REALM' = undefined,
      'REQUESTED-ADDRESS-FAMILY' = undefined,
      'REQUESTED-TRANSPORT' = undefined,'SOFTWARE' = <<"P1 STUN library">>,
      'UNKNOWN-ATTRIBUTES' = [],'USERNAME' = undefined,
      'XOR-MAPPED-ADDRESS' = {{127,0,0,1},42172},
      'XOR-PEER-ADDRESS' = [],'XOR-RELAYED-ADDRESS' = undefined} (stun:send/3:445)
2022-07-09 20:56:18.656667+00:00 [info] Connection reset by peer [TLS, session 2zpnl74pt0hs, anonymous, client 127.0.0.1:42172] (stun:handle_info/3:170)
2022-07-09 20:56:18.682427+00:00 [info] Accepting connection: 127.0.0.1:40324 -> 127.0.0.1:34781 [TCP|TLS, session twwqs619y9l4] (stun_acceptor:accept/3:148)
2022-07-09 20:56:18.682600+00:00 [debug] Determined transport protocol: TCP (stun:is_tls_handshake/1:768)
2022-07-09 20:56:18.683032+00:00 [debug] Received:
#stun{class = request,method = 1,magic = 554869826,
      trid = 75448914075778100936023894913,raw = <<>>,unsupported = [],
      'ALTERNATE-SERVER' = undefined,'CHANNEL-NUMBER' = undefined,
      'DATA' = undefined,'DONT-FRAGMENT' = false,'ERROR-CODE' = undefined,
      'LIFETIME' = undefined,'MAPPED-ADDRESS' = undefined,
      'MESSAGE-INTEGRITY' = undefined,'NONCE' = undefined,'REALM' = undefined,
      'REQUESTED-ADDRESS-FAMILY' = undefined,
      'REQUESTED-TRANSPORT' = undefined,'SOFTWARE' = undefined,
      'UNKNOWN-ATTRIBUTES' = [],'USERNAME' = undefined,
      'XOR-MAPPED-ADDRESS' = undefined,'XOR-PEER-ADDRESS' = [],
      'XOR-RELAYED-ADDRESS' = undefined} (stun:process_data/3:404)
2022-07-09 20:56:18.683164+00:00 [debug] Responding to STUN request [TCP, session twwqs619y9l4, anonymous, client 127.0.0.1:40324] (stun:process/4:312)
2022-07-09 20:56:18.683247+00:00 [debug] Running 'stun_query' hook [TCP, session twwqs619y9l4, anonymous, client 127.0.0.1:40324] (stun:run_hook/3:820)
2022-07-09 20:56:18.683339+00:00 [debug] Got 'stun_query' event [TCP, session twwqs619y9l4, anonymous, client 127.0.0.1:40324] (eturnal_module:handle_event/2:176)
2022-07-09 20:56:18.683400+00:00 [debug] Calling mod_log_stun:handle_event/2 [TCP, session twwqs619y9l4, anonymous, client 127.0.0.1:40324] (eturnal_module:handle_event/2:179)
2022-07-09 20:56:18.683884+00:00 [info] Responding to STUN request [TCP, session twwqs619y9l4, anonymous, client 127.0.0.1:40324] (mod_log_stun:handle_event/2:45)
2022-07-09 20:56:18.683937+00:00 [debug] Calling mod_stats_influx:handle_event/2 [TCP, session twwqs619y9l4, anonymous, client 127.0.0.1:40324] (eturnal_module:handle_event/2:179)
2022-07-09 20:56:18.683988+00:00 [debug] Writing STUN query event to InfluxDB [TCP, session twwqs619y9l4, anonymous, client 127.0.0.1:40324] (mod_stats_influx:on_stun_query/1:70)
2022-07-09 20:56:18.684218+00:00 [debug] Sending:
#stun{class = response,method = 1,magic = 554869826,
      trid = 75448914075778100936023894913,raw = <<>>,unsupported = [],
      'ALTERNATE-SERVER' = undefined,'CHANNEL-NUMBER' = undefined,
      'DATA' = undefined,'DONT-FRAGMENT' = false,'ERROR-CODE' = undefined,
      'LIFETIME' = undefined,'MAPPED-ADDRESS' = undefined,
      'MESSAGE-INTEGRITY' = undefined,'NONCE' = undefined,'REALM' = undefined,
      'REQUESTED-ADDRESS-FAMILY' = undefined,
      'REQUESTED-TRANSPORT' = undefined,'SOFTWARE' = <<"P1 STUN library">>,
      'UNKNOWN-ATTRIBUTES' = [],'USERNAME' = undefined,
      'XOR-MAPPED-ADDRESS' = {{127,0,0,1},40324},
      'XOR-PEER-ADDRESS' = [],'XOR-RELAYED-ADDRESS' = undefined} (stun:send/3:445)
2022-07-09 20:56:18.684481+00:00 [info] Connection reset by peer [TCP, session twwqs619y9l4, anonymous, client 127.0.0.1:40324] (stun:handle_info/3:170)
2022-07-09 20:56:18.710273+00:00 [info] Accepting connection: 127.0.0.1:40326 -> 127.0.0.1:34781 [TCP|TLS, session 3hkf4945p2wc] (stun_acceptor:accept/3:148)
2022-07-09 20:56:18.710421+00:00 [debug] Determined transport protocol: TLS (stun:is_tls_handshake/1:765)
2022-07-09 20:56:18.819176+00:00 [debug] Received:
#stun{class = request,method = 1,magic = 554869826,
      trid = 13504151799872209798582481706,raw = <<>>,unsupported = [],
      'ALTERNATE-SERVER' = undefined,'CHANNEL-NUMBER' = undefined,
      'DATA' = undefined,'DONT-FRAGMENT' = false,'ERROR-CODE' = undefined,
      'LIFETIME' = undefined,'MAPPED-ADDRESS' = undefined,
      'MESSAGE-INTEGRITY' = undefined,'NONCE' = undefined,'REALM' = undefined,
      'REQUESTED-ADDRESS-FAMILY' = undefined,
      'REQUESTED-TRANSPORT' = undefined,'SOFTWARE' = undefined,
      'UNKNOWN-ATTRIBUTES' = [],'USERNAME' = undefined,
      'XOR-MAPPED-ADDRESS' = undefined,'XOR-PEER-ADDRESS' = [],
      'XOR-RELAYED-ADDRESS' = undefined} (stun:process_data/3:404)
2022-07-09 20:56:18.819333+00:00 [debug] Responding to STUN request [TLS, session 3hkf4945p2wc, anonymous, client 127.0.0.1:40326] (stun:process/4:312)
2022-07-09 20:56:18.819405+00:00 [debug] Running 'stun_query' hook [TLS, session 3hkf4945p2wc, anonymous, client 127.0.0.1:40326] (stun:run_hook/3:820)
2022-07-09 20:56:18.819473+00:00 [debug] Got 'stun_query' event [TLS, session 3hkf4945p2wc, anonymous, client 127.0.0.1:40326] (eturnal_module:handle_event/2:176)
2022-07-09 20:56:18.819529+00:00 [debug] Calling mod_log_stun:handle_event/2 [TLS, session 3hkf4945p2wc, anonymous, client 127.0.0.1:40326] (eturnal_module:handle_event/2:179)
2022-07-09 20:56:18.819584+00:00 [info] Responding to STUN request [TLS, session 3hkf4945p2wc, anonymous, client 127.0.0.1:40326] (mod_log_stun:handle_event/2:45)
2022-07-09 20:56:18.819631+00:00 [debug] Calling mod_stats_influx:handle_event/2 [TLS, session 3hkf4945p2wc, anonymous, client 127.0.0.1:40326] (eturnal_module:handle_event/2:179)
2022-07-09 20:56:18.819680+00:00 [debug] Writing STUN query event to InfluxDB [TLS, session 3hkf4945p2wc, anonymous, client 127.0.0.1:40326] (mod_stats_influx:on_stun_query/1:70)
2022-07-09 20:56:18.819908+00:00 [debug] Sending:
#stun{class = response,method = 1,magic = 554869826,
      trid = 13504151799872209798582481706,raw = <<>>,unsupported = [],
      'ALTERNATE-SERVER' = undefined,'CHANNEL-NUMBER' = undefined,
      'DATA' = undefined,'DONT-FRAGMENT' = false,'ERROR-CODE' = undefined,
      'LIFETIME' = undefined,'MAPPED-ADDRESS' = undefined,
      'MESSAGE-INTEGRITY' = undefined,'NONCE' = undefined,'REALM' = undefined,
      'REQUESTED-ADDRESS-FAMILY' = undefined,
      'REQUESTED-TRANSPORT' = undefined,'SOFTWARE' = <<"P1 STUN library">>,
      'UNKNOWN-ATTRIBUTES' = [],'USERNAME' = undefined,
      'XOR-MAPPED-ADDRESS' = {{127,0,0,1},40326},
      'XOR-PEER-ADDRESS' = [],'XOR-RELAYED-ADDRESS' = undefined} (stun:send/3:445)
2022-07-09 20:56:18.820238+00:00 [info] Connection reset by peer [TLS, session 3hkf4945p2wc, anonymous, client 127.0.0.1:40326] (stun:handle_info/3:170)
2022-07-09 20:56:18.846041+00:00 [debug] No NOTIFY_SOCKET, dropping STOPPING=1 notification (eturnal_systemd:handle_cast/2:109)
2022-07-09 20:56:18.846120+00:00 [debug] Terminating eturnal (shutdown) (eturnal:terminate/2:174)
2022-07-09 20:56:18.846365+00:00 [debug] Watchdog interval is undefined, hibernating (eturnal_systemd:get_timeout/1:162)
2022-07-09 20:56:18.846672+00:00 [info] Stopped listening on 127.0.0.1:34780 (udp) (eturnal:stop_listeners/1:351)
2022-07-09 20:56:18.846938+00:00 [info] Stopped listening on 127.0.0.1:34780 (tcp) (eturnal:stop_listeners/1:351)
2022-07-09 20:56:18.847313+00:00 [info] Stopped listening on 127.0.0.1:53490 (tls) (eturnal:stop_listeners/1:351)
2022-07-09 20:56:18.847603+00:00 [info] Stopped listening on 127.0.0.1:34781 (auto) (eturnal:stop_listeners/1:351)
2022-07-09 20:56:18.847996+00:00 [debug] Calling mod_log_stun:stop/1 (eturnal_module:stop/1:162)
2022-07-09 20:56:18.848215+00:00 [debug] Stopping mod_log_stun (mod_log_stun:stop/0:50)
2022-07-09 20:56:18.848353+00:00 [info] Stopped mod_log_stun (eturnal:stop_modules/1:310)
2022-07-09 20:56:18.849447+00:00 [debug] Calling mod_stats_influx:stop/1 (eturnal_module:stop/1:162)
2022-07-09 20:56:18.849577+00:00 [debug] Stopping mod_stats_influx (mod_stats_influx:stop/0:55)
2022-07-09 20:56:18.849696+00:00 [info] Stopped mod_stats_influx (eturnal:stop_modules/1:310)
2022-07-09 20:56:18.850135+00:00 [debug] Removed run/cert.pem (eturnal:clean_run_dir/0:680)
2022-07-09 20:56:18.851015+00:00 [debug] Terminating eturnal_systemd (shutdown) (eturnal_systemd:terminate/2:136)
2022-07-09 20:56:18.851365+00:00 [notice] Stopping eturnal 1.9.0 on Erlang/OTP 25 (ERTS 13.0) (eturnal_app:stop/1:54)
