2023-08-06 17:26:04.151307+00:00 [notice] Starting eturnal 1.11.0 on Erlang/OTP 26 (ERTS 14.0) (eturnal_app:start/2:34)
2023-08-06 17:26:04.151526+00:00 [debug] Starting supervisor: eturnal_sup (eturnal_sup:start_link/0:31)
2023-08-06 17:26:04.151686+00:00 [debug] Configuring eturnal_sup supervisor: [#{id => systemd,
                                       start =>
                                           {eturnal_systemd,start_link,[]}},
                                     #{id => eturnal,
                                       start => {eturnal,start_link,[]}}] (eturnal_sup:init/0:39)
2023-08-06 17:26:04.153237+00:00 [info] Got no NOTIFY_SOCKET, notifications disabled (eturnal_systemd:init/1:96)
2023-08-06 17:26:04.153453+00:00 [debug] PROGRESS REPORT:
    supervisor: {local,eturnal_sup}
    started: [{pid,<0.1019.0>},
              {id,systemd},
              {mfargs,{eturnal_systemd,start_link,[]}},
              {restart_type,permanent},
              {significant,false},
              {shutdown,5000},
              {child_type,worker}]
 (supervisor:report_progress/2:1563)
2023-08-06 17:26:04.153571+00:00 [info] Relay IPv4 address: 127.0.0.1 (port range: 49152-65535) (eturnal:log_relay_addresses/0:347)
2023-08-06 17:26:04.153749+00:00 [info] Relay IPv6 address not configured (eturnal:log_relay_addresses/0:357)
2023-08-06 17:26:04.170072+00:00 [info] Cannot determine control query port: noport (eturnal:log_control_listener/0:372)
2023-08-06 17:26:04.170544+00:00 [debug] Using run directory run (eturnal:ensure_run_dir/0:820)
2023-08-06 17:26:04.170673+00:00 [debug] TURN configuration seems fine (eturnal:check_turn_config/0:568)
2023-08-06 17:26:04.170878+00:00 [warning] TLS enabled without 'tls_crt_file', creating self-signed certificate (eturnal:check_pem_file/0:766)
2023-08-06 17:26:06.162771+00:00 [debug] Calling mod_stats_influx:start/0 (eturnal_module:start/1:143)
2023-08-06 17:26:06.163300+00:00 [debug] Starting mod_stats_influx (mod_stats_influx:start/0:37)
2023-08-06 17:26:06.166667+00:00 [debug] PROGRESS REPORT:
    application: ulitos
    started_at: nonode@nohost
 (application_controller:info_started/2:2117)
2023-08-06 17:26:06.168629+00:00 [debug] PROGRESS REPORT:
    application: poolboy
    started_at: nonode@nohost
 (application_controller:info_started/2:2117)
2023-08-06 17:26:06.170301+00:00 [info]     msg: Starting application: influx_udp (influx_udp_app:start/2:10)
2023-08-06 17:26:06.173450+00:00 [debug] PROGRESS REPORT:
    supervisor: {local,influx_udp_sup}
    started: [{pid,<0.1038.0>},
              {id,influx_udp},
              {mfargs,{influx_udp,start_link,[]}},
              {restart_type,permanent},
              {significant,false},
              {shutdown,5000},
              {child_type,worker}]
 (supervisor:report_progress/2:1563)
2023-08-06 17:26:06.173616+00:00 [debug] PROGRESS REPORT:
    application: influx_udp
    started_at: nonode@nohost
 (application_controller:info_started/2:2117)
2023-08-06 17:26:06.173677+00:00 [debug] Dependency influx_udp was available already (eturnal_module:ensure_dep/2:284)
2023-08-06 17:26:06.176753+00:00 [info]     options: #{port => 8089,host => "localhost",pool_size => 1,
               max_overflow => 1}
    msg: Start clients pool
    host: {127,0,0,1} (influx_udp:start_pool_/2:239)
2023-08-06 17:26:06.195762+00:00 [info]     port: 38293
    msg: Open UDP socket on port (influx_udp_worker:init/1:43)
2023-08-06 17:26:06.195938+00:00 [debug] PROGRESS REPORT:
    supervisor: {local,influx_udp_sup}
    started: [{pid,<0.1041.0>},
              {id,stats_influx_pool},
              {mfargs,
                  {poolboy,start_link,
                      [[{name,{local,stats_influx_pool}},
                        {worker_module,influx_udp_worker},
                        {size,1},
                        {max_overflow,1}],
                       [{options,
                            #{port => 8089,
                              host => {127,0,0,1},
                              pool_size => 1,max_overflow => 1}}]]}},
              {restart_type,permanent},
              {significant,false},
              {shutdown,5000},
              {child_type,worker}]
 (supervisor:report_progress/2:1563)
2023-08-06 17:26:06.196143+00:00 [info] Started mod_stats_influx (eturnal:start_modules/0:383)
2023-08-06 17:26:06.196236+00:00 [debug] Calling mod_stats_prometheus:start/0 (eturnal_module:start/1:143)
2023-08-06 17:26:06.196336+00:00 [debug] Starting mod_stats_prometheus (mod_stats_prometheus:start/0:56)
2023-08-06 17:26:08.187318+00:00 [debug] PROGRESS REPORT:
    application: prometheus
    started_at: nonode@nohost
 (application_controller:info_started/2:2117)
2023-08-06 17:26:08.188574+00:00 [debug] PROGRESS REPORT:
    application: accept
    started_at: nonode@nohost
 (application_controller:info_started/2:2117)
2023-08-06 17:26:08.188848+00:00 [debug] PROGRESS REPORT:
    application: prometheus_httpd
    started_at: nonode@nohost
 (application_controller:info_started/2:2117)
2023-08-06 17:26:08.188936+00:00 [debug] Dependency prometheus_httpd was available already (eturnal_module:ensure_dep/2:284)
2023-08-06 17:26:08.190563+00:00 [debug] PROGRESS REPORT:
    supervisor: {local,httpd_instance_sup__127_0_0_1__9081default}
    started: [{pid,<0.1063.0>},
              {id,{httpd_connection_sup,{127,0,0,1},9081,default}},
              {mfargs,{httpd_connection_sup,start_link,[[{127,0,0,1},9081]]}},
              {restart_type,permanent},
              {significant,false},
              {shutdown,5000},
              {child_type,supervisor}]
 (supervisor:report_progress/2:1563)
2023-08-06 17:26:08.190951+00:00 [debug] PROGRESS REPORT:
    supervisor: {local,httpd_acceptor_sup__127_0_0_1__9081default}
    started: [{pid,<0.1065.0>},
              {id,{httpd_acceptor_sup,{127,0,0,1},9081,default}},
              {mfargs,{httpd_acceptor,start_link,
                                      [httpd__127_0_0_1__9081default,ip_comm,
                                       {127,0,0,1},
                                       9081,inet,
                                       httpd_conf__127_0_0_1__9081default,
                                       15000]}},
              {restart_type,transient},
              {significant,false},
              {shutdown,brutal_kill},
              {child_type,worker}]
 (supervisor:report_progress/2:1563)
2023-08-06 17:26:08.191108+00:00 [debug] PROGRESS REPORT:
    supervisor: {local,httpd_instance_sup__127_0_0_1__9081default}
    started: [{pid,<0.1064.0>},
              {id,{httpd_acceptor_sup,{127,0,0,1},9081,default}},
              {mfargs,
                  {httpd_acceptor_sup,start_link,
                      [[{127,0,0,1},
                        9081,
                        [{bind_address,{127,0,0,1}},
                         {socket_type,ip_comm},
                         {port,9081},
                         {server_root,"run/mod_stats_prometheus/doc"},
                         {document_root,"run/mod_stats_prometheus/doc"},
                         {server_name,"Prometheus Exporter"},
                         {modules,[prometheus_httpd]}],
                        15000,undefined]]}},
              {restart_type,permanent},
              {significant,false},
              {shutdown,infinity},
              {child_type,supervisor}]
 (supervisor:report_progress/2:1563)
2023-08-06 17:26:08.191283+00:00 [debug] PROGRESS REPORT:
    supervisor: {local,httpd_instance_sup__127_0_0_1__9081default}
    started: [{pid,<0.1066.0>},
              {id,{httpd_misc_sup,{127,0,0,1},9081,default}},
              {mfargs,{httpd_misc_sup,start_link,[{127,0,0,1},9081,default]}},
              {restart_type,permanent},
              {significant,false},
              {shutdown,infinity},
              {child_type,supervisor}]
 (supervisor:report_progress/2:1563)
2023-08-06 17:26:08.192004+00:00 [debug] PROGRESS REPORT:
    supervisor: {local,httpd_instance_sup__127_0_0_1__9081default}
    started: [{pid,<0.1067.0>},
              {id,{httpd_manager,{127,0,0,1},9081,default}},
              {mfargs,
                  {httpd_manager,start_link,
                      [undefined,
                       [{bind_address,{127,0,0,1}},
                        {socket_type,ip_comm},
                        {port,9081},
                        {server_root,"run/mod_stats_prometheus/doc"},
                        {document_root,"run/mod_stats_prometheus/doc"},
                        {server_name,"Prometheus Exporter"},
                        {modules,[prometheus_httpd]}],
                       15000]}},
              {restart_type,permanent},
              {significant,false},
              {shutdown,4000},
              {child_type,worker}]
 (supervisor:report_progress/2:1563)
2023-08-06 17:26:08.192160+00:00 [debug] PROGRESS REPORT:
    supervisor: {local,httpd_sup}
    started: [{pid,<0.1062.0>},
              {id,{httpd_instance_sup,{127,0,0,1},9081,default}},
              {mfargs,
                  {httpd_instance_sup,start_link,
                      [[{bind_address,{127,0,0,1}},
                        {socket_type,ip_comm},
                        {port,9081},
                        {server_root,"run/mod_stats_prometheus/doc"},
                        {document_root,"run/mod_stats_prometheus/doc"},
                        {server_name,"Prometheus Exporter"},
                        {modules,[prometheus_httpd]}],
                       15000,[]]}},
              {restart_type,permanent},
              {significant,false},
              {shutdown,infinity},
              {child_type,supervisor}]
 (supervisor:report_progress/2:1563)
2023-08-06 17:26:08.193334+00:00 [info] Started mod_stats_prometheus (eturnal:start_modules/0:383)
2023-08-06 17:26:08.193610+00:00 [debug] Calling mod_log_stun:start/0 (eturnal_module:start/1:143)
2023-08-06 17:26:08.194054+00:00 [debug] Starting mod_log_stun (mod_log_stun:start/0:38)
2023-08-06 17:26:08.194401+00:00 [info] Started mod_log_stun (eturnal:start_modules/0:383)
2023-08-06 17:26:08.194560+00:00 [debug] Starting listener 127.0.0.1:34780 (udp) with options:
[{use_turn,true},
 {auth_type,user},
 {turn_ipv4_address,{127,0,0,1}},
 {turn_min_port,49152},
 {turn_max_port,65535},
 {turn_max_allocations,10},
 {turn_max_permissions,10},
 {shaper,100000},
 {turn_blacklist,[{{10,0,0,0},8},
                  {{100,64,0,0},10},
                  {{127,0,0,0},8},
                  {{169,254,0,0},16},
                  {{172,16,0,0},12},
                  {{192,0,0,0},24},
                  {{192,0,2,0},24},
                  {{192,88,99,0},24},
                  {{192,168,0,0},16},
                  {{198,18,0,0},15},
                  {{198,51,100,0},24},
                  {{203,0,113,0},24},
                  {{224,0,0,0},4},
                  {{240,0,0,0},4},
                  {{0,0,0,0,0,0,0,1},128},
                  {{0,0,0,0,0,65535,0,0},96},
                  {{100,65435,0,0,0,0,0,0},96},
                  {{256,0,0,0,0,0,0,0},64},
                  {{8193,3512,0,0,0,0,0,0},32},
                  {{64512,0,0,0,0,0,0,0},7},
                  {{65152,0,0,0,0,0,0,0},10},
                  {{65280,0,0,0,0,0,0,0},8}]},
 {turn_whitelist,[{{127,0,0,1},32},
                  {{203,0,113,113},32},
                  {{8193,3512,0,0,0,0,0,0},64}]},
 {auth_realm,<<"eturnal.net">>},
 {server_name,<<"eturnal">>},
 {auth_fun,fun eturnal:get_password/2},
 {hook_fun,fun eturnal:run_hook/2}] (eturnal:start_listeners/0:416)
2023-08-06 17:26:08.195692+00:00 [info] Listening on 127.0.0.1:34780 (udp) (STUN/TURN) (eturnal:start_listeners/0:423)
2023-08-06 17:26:08.195841+00:00 [debug] Starting listener 127.0.0.1:34780 (tcp) with options:
[{use_turn,false},
 {auth_type,anonymous},
 {turn_ipv4_address,{127,0,0,1}},
 {turn_min_port,49152},
 {turn_max_port,65535},
 {turn_max_allocations,10},
 {turn_max_permissions,10},
 {shaper,100000},
 {turn_blacklist,[{{10,0,0,0},8},
                  {{100,64,0,0},10},
                  {{127,0,0,0},8},
                  {{169,254,0,0},16},
                  {{172,16,0,0},12},
                  {{192,0,0,0},24},
                  {{192,0,2,0},24},
                  {{192,88,99,0},24},
                  {{192,168,0,0},16},
                  {{198,18,0,0},15},
                  {{198,51,100,0},24},
                  {{203,0,113,0},24},
                  {{224,0,0,0},4},
                  {{240,0,0,0},4},
                  {{0,0,0,0,0,0,0,1},128},
                  {{0,0,0,0,0,65535,0,0},96},
                  {{100,65435,0,0,0,0,0,0},96},
                  {{256,0,0,0,0,0,0,0},64},
                  {{8193,3512,0,0,0,0,0,0},32},
                  {{64512,0,0,0,0,0,0,0},7},
                  {{65152,0,0,0,0,0,0,0},10},
                  {{65280,0,0,0,0,0,0,0},8}]},
 {turn_whitelist,[{{127,0,0,1},32},
                  {{203,0,113,113},32},
                  {{8193,3512,0,0,0,0,0,0},64}]},
 {auth_realm,<<"eturnal.net">>},
 {server_name,<<"eturnal">>},
 {auth_fun,fun eturnal:get_password/2},
 {hook_fun,fun eturnal:run_hook/2}] (eturnal:start_listeners/0:416)
2023-08-06 17:26:08.196508+00:00 [info] Listening on 127.0.0.1:34780 (tcp) (STUN only) (eturnal:start_listeners/0:423)
2023-08-06 17:26:08.196649+00:00 [debug] Starting listener 127.0.0.1:53490 (tls) with options:
[{use_turn,false},
 {auth_type,anonymous},
 {tls,true},
 {certfile,<<"run/cert.pem">>},
 {ciphers,<<"HIGH:!aNULL:@STRENGTH">>},
 {protocol_options,<<"no_tlsv1|no_tlsv1_1|cipher_server_preference">>},
 {turn_ipv4_address,{127,0,0,1}},
 {turn_min_port,49152},
 {turn_max_port,65535},
 {turn_max_allocations,10},
 {turn_max_permissions,10},
 {shaper,100000},
 {turn_blacklist,[{{10,0,0,0},8},
                  {{100,64,0,0},10},
                  {{127,0,0,0},8},
                  {{169,254,0,0},16},
                  {{172,16,0,0},12},
                  {{192,0,0,0},24},
                  {{192,0,2,0},24},
                  {{192,88,99,0},24},
                  {{192,168,0,0},16},
                  {{198,18,0,0},15},
                  {{198,51,100,0},24},
                  {{203,0,113,0},24},
                  {{224,0,0,0},4},
                  {{240,0,0,0},4},
                  {{0,0,0,0,0,0,0,1},128},
                  {{0,0,0,0,0,65535,0,0},96},
                  {{100,65435,0,0,0,0,0,0},96},
                  {{256,0,0,0,0,0,0,0},64},
                  {{8193,3512,0,0,0,0,0,0},32},
                  {{64512,0,0,0,0,0,0,0},7},
                  {{65152,0,0,0,0,0,0,0},10},
                  {{65280,0,0,0,0,0,0,0},8}]},
 {turn_whitelist,[{{127,0,0,1},32},
                  {{203,0,113,113},32},
                  {{8193,3512,0,0,0,0,0,0},64}]},
 {auth_realm,<<"eturnal.net">>},
 {server_name,<<"eturnal">>},
 {auth_fun,fun eturnal:get_password/2},
 {hook_fun,fun eturnal:run_hook/2}] (eturnal:start_listeners/0:416)
2023-08-06 17:26:08.198289+00:00 [info] Listening on 127.0.0.1:53490 (tls) (STUN only) (eturnal:start_listeners/0:423)
2023-08-06 17:26:08.198454+00:00 [debug] Starting listener 127.0.0.1:34781 (auto) with options:
[{use_turn,false},
 {auth_type,anonymous},
 {tls,optional},
 {certfile,<<"run/cert.pem">>},
 {ciphers,<<"HIGH:!aNULL:@STRENGTH">>},
 {protocol_options,<<"no_tlsv1|no_tlsv1_1|cipher_server_preference">>},
 {turn_ipv4_address,{127,0,0,1}},
 {turn_min_port,49152},
 {turn_max_port,65535},
 {turn_max_allocations,10},
 {turn_max_permissions,10},
 {shaper,100000},
 {turn_blacklist,[{{10,0,0,0},8},
                  {{100,64,0,0},10},
                  {{127,0,0,0},8},
                  {{169,254,0,0},16},
                  {{172,16,0,0},12},
                  {{192,0,0,0},24},
                  {{192,0,2,0},24},
                  {{192,88,99,0},24},
                  {{192,168,0,0},16},
                  {{198,18,0,0},15},
                  {{198,51,100,0},24},
                  {{203,0,113,0},24},
                  {{224,0,0,0},4},
                  {{240,0,0,0},4},
                  {{0,0,0,0,0,0,0,1},128},
                  {{0,0,0,0,0,65535,0,0},96},
                  {{100,65435,0,0,0,0,0,0},96},
                  {{256,0,0,0,0,0,0,0},64},
                  {{8193,3512,0,0,0,0,0,0},32},
                  {{64512,0,0,0,0,0,0,0},7},
                  {{65152,0,0,0,0,0,0,0},10},
                  {{65280,0,0,0,0,0,0,0},8}]},
 {turn_whitelist,[{{127,0,0,1},32},
                  {{203,0,113,113},32},
                  {{8193,3512,0,0,0,0,0,0},64}]},
 {auth_realm,<<"eturnal.net">>},
 {server_name,<<"eturnal">>},
 {auth_fun,fun eturnal:get_password/2},
 {hook_fun,fun eturnal:run_hook/2}] (eturnal:start_listeners/0:416)
2023-08-06 17:26:08.199304+00:00 [info] Listening on 127.0.0.1:34781 (auto) (STUN only) (eturnal:start_listeners/0:423)
2023-08-06 17:26:08.199527+00:00 [debug] Started 3 modules (eturnal:init/1:105)
2023-08-06 17:26:08.199626+00:00 [debug] Started 4 listeners (eturnal:init/1:106)
2023-08-06 17:26:08.199912+00:00 [debug] PROGRESS REPORT:
    supervisor: {local,eturnal_sup}
    started: [{pid,<0.1021.0>},
              {id,eturnal},
              {mfargs,{eturnal,start_link,[]}},
              {restart_type,permanent},
              {significant,false},
              {shutdown,5000},
              {child_type,worker}]
 (supervisor:report_progress/2:1563)
2023-08-06 17:26:08.200335+00:00 [debug] No NOTIFY_SOCKET, dropping READY=1 notification (eturnal_systemd:handle_cast/2:110)
2023-08-06 17:26:08.200358+00:00 [debug] PROGRESS REPORT:
    application: eturnal
    started_at: nonode@nohost
 (application_controller:info_started/2:2117)
2023-08-06 17:26:08.200433+00:00 [debug] Watchdog interval is undefined, hibernating (eturnal_systemd:get_timeout/1:163)
2023-08-06 17:26:08.229632+00:00 [debug] Handling API call: get_info() (eturnal_ctl:get_info/0:128)
2023-08-06 17:26:08.230253+00:00 [debug] eturnal call (get_info) returned {ok,
                                  {eturnal_node_info,<<"1.11.0">>,
                                   {"26","14.0"},
                                   7453,0,164,151093542,2,60989464}} (eturnal_ctl:call/1:434)
2023-08-06 17:26:08.254664+00:00 [debug] Handling API call: get_sessions() (eturnal_ctl:get_sessions/0:99)
2023-08-06 17:26:08.278914+00:00 [debug] Handling API call: get_sessions("alice") (eturnal_ctl:get_sessions/1:109)
2023-08-06 17:26:08.279222+00:00 [debug] Handling API call: disconnect(alice) (eturnal_ctl:disconnect/1:177)
2023-08-06 17:26:08.279436+00:00 [debug] Cannot convert user name to binary: alice (eturnal_ctl:disconnect/1:187)
2023-08-06 17:26:08.303934+00:00 [debug] Handling API call: disconnect("alice") (eturnal_ctl:disconnect/1:177)
2023-08-06 17:26:08.304267+00:00 [debug] Handling API call: disconnect(alice) (eturnal_ctl:disconnect/1:177)
2023-08-06 17:26:08.304396+00:00 [debug] Cannot convert user name to binary: alice (eturnal_ctl:disconnect/1:187)
2023-08-06 17:26:08.329357+00:00 [debug] Handling API call: get_credentials("2009-10-30 11:00:00Z", []) (eturnal_ctl:get_credentials/2:59)
2023-08-06 17:26:08.329685+00:00 [debug] eturnal call ({get_password,<<"1256900400">>}) returned {ok,
                                                         <<"uEKlpcME7MNMMVRV8rUFPCTIFEs=">>} (eturnal_ctl:call/1:434)
2023-08-06 17:26:08.329980+00:00 [debug] Handling API call: get_credentials("86400", "alice") (eturnal_ctl:get_credentials/2:59)
2023-08-06 17:26:08.330199+00:00 [debug] eturnal call ({get_password,<<"1691429168:alice">>}) returned {ok,
                                                               <<"H6Pn4eqCtDWKU5CLCgXTycss0mI=">>} (eturnal_ctl:call/1:434)
2023-08-06 17:26:08.330347+00:00 [debug] Handling API call: get_password("1691429168:alice") (eturnal_ctl:get_password/1:78)
2023-08-06 17:26:08.330465+00:00 [debug] eturnal call ({get_password,<<"1691429168:alice">>}) returned {ok,
                                                               <<"H6Pn4eqCtDWKU5CLCgXTycss0mI=">>} (eturnal_ctl:call/1:434)
2023-08-06 17:26:08.330637+00:00 [debug] Handling API call: get_credentials("86400s", "alice") (eturnal_ctl:get_credentials/2:59)
2023-08-06 17:26:08.330761+00:00 [debug] eturnal call ({get_password,<<"1691429168:alice">>}) returned {ok,
                                                               <<"H6Pn4eqCtDWKU5CLCgXTycss0mI=">>} (eturnal_ctl:call/1:434)
2023-08-06 17:26:08.330887+00:00 [debug] Handling API call: get_password("1691429168:alice") (eturnal_ctl:get_password/1:78)
2023-08-06 17:26:08.331004+00:00 [debug] eturnal call ({get_password,<<"1691429168:alice">>}) returned {ok,
                                                               <<"H6Pn4eqCtDWKU5CLCgXTycss0mI=">>} (eturnal_ctl:call/1:434)
2023-08-06 17:26:08.331174+00:00 [debug] Handling API call: get_credentials("1440m", "alice") (eturnal_ctl:get_credentials/2:59)
2023-08-06 17:26:08.331328+00:00 [debug] eturnal call ({get_password,<<"1691429168:alice">>}) returned {ok,
                                                               <<"H6Pn4eqCtDWKU5CLCgXTycss0mI=">>} (eturnal_ctl:call/1:434)
2023-08-06 17:26:08.331531+00:00 [debug] Handling API call: get_password("1691429168:alice") (eturnal_ctl:get_password/1:78)
2023-08-06 17:26:08.331676+00:00 [debug] eturnal call ({get_password,<<"1691429168:alice">>}) returned {ok,
                                                               <<"H6Pn4eqCtDWKU5CLCgXTycss0mI=">>} (eturnal_ctl:call/1:434)
2023-08-06 17:26:08.331838+00:00 [debug] Handling API call: get_credentials("24h", "alice") (eturnal_ctl:get_credentials/2:59)
2023-08-06 17:26:08.332050+00:00 [debug] eturnal call ({get_password,<<"1691429168:alice">>}) returned {ok,
                                                               <<"H6Pn4eqCtDWKU5CLCgXTycss0mI=">>} (eturnal_ctl:call/1:434)
2023-08-06 17:26:08.332219+00:00 [debug] Handling API call: get_password("1691429168:alice") (eturnal_ctl:get_password/1:78)
2023-08-06 17:26:08.332369+00:00 [debug] eturnal call ({get_password,<<"1691429168:alice">>}) returned {ok,
                                                               <<"H6Pn4eqCtDWKU5CLCgXTycss0mI=">>} (eturnal_ctl:call/1:434)
2023-08-06 17:26:08.332549+00:00 [debug] Handling API call: get_credentials("1d", "alice") (eturnal_ctl:get_credentials/2:59)
2023-08-06 17:26:08.332674+00:00 [debug] eturnal call ({get_password,<<"1691429168:alice">>}) returned {ok,
                                                               <<"H6Pn4eqCtDWKU5CLCgXTycss0mI=">>} (eturnal_ctl:call/1:434)
2023-08-06 17:26:08.332792+00:00 [debug] Handling API call: get_password("1691429168:alice") (eturnal_ctl:get_password/1:78)
2023-08-06 17:26:08.332886+00:00 [debug] eturnal call ({get_password,<<"1691429168:alice">>}) returned {ok,
                                                               <<"H6Pn4eqCtDWKU5CLCgXTycss0mI=">>} (eturnal_ctl:call/1:434)
2023-08-06 17:26:08.333013+00:00 [debug] Handling API call: get_password("Invalid") (eturnal_ctl:get_password/1:78)
2023-08-06 17:26:08.333121+00:00 [debug] eturnal call ({get_password,<<"Invalid">>}) returned {error,no_credentials} (eturnal_ctl:call/1:437)
2023-08-06 17:26:08.333201+00:00 [debug] Handling API call: get_credentials("Invalid", []) (eturnal_ctl:get_credentials/2:59)
2023-08-06 17:26:08.333283+00:00 [debug] Invalid argument(s): "Invalid":[] (eturnal_ctl:get_credentials/2:72)
2023-08-06 17:26:08.333352+00:00 [debug] Handling API call: get_password(invalid) (eturnal_ctl:get_password/1:78)
2023-08-06 17:26:08.333439+00:00 [debug] Cannot convert user name to binary: invalid (eturnal_ctl:get_password/1:93)
2023-08-06 17:26:08.333517+00:00 [debug] Handling API call: get_credentials(invalid, []) (eturnal_ctl:get_credentials/2:59)
2023-08-06 17:26:08.333583+00:00 [debug] Invalid argument(s): invalid:[] (eturnal_ctl:get_credentials/2:72)
2023-08-06 17:26:08.333685+00:00 [debug] Handling API call: get_password([invalid]) (eturnal_ctl:get_password/1:78)
2023-08-06 17:26:08.333891+00:00 [debug] Cannot convert user name to binary: [invalid] (eturnal_ctl:get_password/1:93)
2023-08-06 17:26:08.333977+00:00 [debug] Handling API call: get_credentials([invalid], []) (eturnal_ctl:get_credentials/2:59)
2023-08-06 17:26:08.334067+00:00 [debug] Invalid argument(s): [invalid]:[] (eturnal_ctl:get_credentials/2:72)
2023-08-06 17:26:08.334227+00:00 [debug] Handling API call: get_credentials(1256900400, invalid) (eturnal_ctl:get_credentials/2:59)
2023-08-06 17:26:08.334313+00:00 [debug] Invalid argument(s): 1256900400:invalid (eturnal_ctl:get_credentials/2:72)
2023-08-06 17:26:08.334454+00:00 [debug] Handling API call: get_password("alice") (eturnal_ctl:get_password/1:78)
2023-08-06 17:26:08.334541+00:00 [debug] eturnal call ({get_password,<<"alice">>}) returned {ok,<<"l0vesBob">>} (eturnal_ctl:call/1:434)
2023-08-06 17:26:08.359267+00:00 [debug] Handling API call: set_loglevel(debug) (eturnal_ctl:set_loglevel/1:158)
2023-08-06 17:26:08.359515+00:00 [debug] eturnal call ({set_loglevel,debug}) returned ok (eturnal_ctl:call/1:431)
2023-08-06 17:26:08.359725+00:00 [debug] Handling API call: get_loglevel() (eturnal_ctl:get_loglevel/0:148)
2023-08-06 17:26:08.359877+00:00 [debug] eturnal call (get_loglevel) returned {ok,debug} (eturnal_ctl:call/1:434)
2023-08-06 17:26:08.360018+00:00 [debug] Handling API call: set_loglevel(invalid) (eturnal_ctl:set_loglevel/1:158)
2023-08-06 17:26:08.360565+00:00 [debug] Invalid log level: invalid (eturnal_ctl:set_loglevel/1:168)
2023-08-06 17:26:08.360752+00:00 [debug] Handling API call: get_loglevel() (eturnal_ctl:get_loglevel/0:148)
2023-08-06 17:26:08.360870+00:00 [debug] eturnal call (get_loglevel) returned {ok,debug} (eturnal_ctl:call/1:434)
2023-08-06 17:26:08.386409+00:00 [debug] Handling API call: get_version() (eturnal_ctl:get_version/0:138)
2023-08-06 17:26:08.386632+00:00 [debug] eturnal call (get_version) returned {ok,<<"1.11.0">>} (eturnal_ctl:call/1:434)
2023-08-06 17:26:08.411442+00:00 [debug] Handling API call: reload() (eturnal_ctl:reload/0:193)
2023-08-06 17:26:08.413926+00:00 [debug] Calling mod_log_stun:options/0 (eturnal_module:options/1:192)
2023-08-06 17:26:08.414095+00:00 [debug] Calling mod_stats_influx:options/0 (eturnal_module:options/1:192)
2023-08-06 17:26:08.414280+00:00 [debug] Calling mod_stats_prometheus:options/0 (eturnal_module:options/1:192)
2023-08-06 17:26:08.415161+00:00 [warning] TLS enabled without 'tls_crt_file', creating self-signed certificate (eturnal:check_pem_file/0:766)
2023-08-06 17:26:09.127601+00:00 [info] Using new TLS certificate (eturnal:reload/1:595)
2023-08-06 17:26:09.128654+00:00 [debug] Calling mod_stats_influx:stop/1 (eturnal_module:stop/1:163)
2023-08-06 17:26:09.128963+00:00 [debug] Stopping mod_stats_influx (mod_stats_influx:stop/0:61)
2023-08-06 17:26:09.129361+00:00 [info] Stopped mod_stats_influx (eturnal:stop_modules/1:396)
2023-08-06 17:26:09.130114+00:00 [debug] Calling mod_stats_prometheus:stop/1 (eturnal_module:stop/1:163)
2023-08-06 17:26:09.130362+00:00 [debug] Stopping mod_stats_prometheus (mod_stats_prometheus:stop/0:110)
2023-08-06 17:26:09.131358+00:00 [info] Stopped mod_stats_prometheus (eturnal:stop_modules/1:396)
2023-08-06 17:26:09.131708+00:00 [debug] Calling mod_log_stun:stop/1 (eturnal_module:stop/1:163)
2023-08-06 17:26:09.132080+00:00 [debug] Stopping mod_log_stun (mod_log_stun:stop/0:49)
2023-08-06 17:26:09.132216+00:00 [info] Stopped mod_log_stun (eturnal:stop_modules/1:396)
2023-08-06 17:26:09.132393+00:00 [debug] Calling mod_stats_influx:start/0 (eturnal_module:start/1:143)
2023-08-06 17:26:09.132469+00:00 [debug] Starting mod_stats_influx (mod_stats_influx:start/0:37)
2023-08-06 17:26:09.132932+00:00 [debug] Dependency influx_udp was available already (eturnal_module:ensure_dep/2:284)
2023-08-06 17:26:09.133562+00:00 [info]     options: #{port => 8089,host => "localhost",pool_size => 1,
               max_overflow => 1}
    msg: Start clients pool
    host: {127,0,0,1} (influx_udp:start_pool_/2:239)
2023-08-06 17:26:09.135066+00:00 [info] Started mod_stats_influx (eturnal:start_modules/0:383)
2023-08-06 17:26:09.135260+00:00 [debug] Calling mod_stats_prometheus:start/0 (eturnal_module:start/1:143)
2023-08-06 17:26:09.135521+00:00 [debug] Starting mod_stats_prometheus (mod_stats_prometheus:start/0:56)
2023-08-06 17:26:09.135871+00:00 [debug] Dependency prometheus_httpd was available already (eturnal_module:ensure_dep/2:284)
2023-08-06 17:26:09.137441+00:00 [debug] PROGRESS REPORT:
    supervisor: {local,httpd_instance_sup__127_0_0_1__9081default}
    started: [{pid,<0.1195.0>},
              {id,{httpd_connection_sup,{127,0,0,1},9081,default}},
              {mfargs,{httpd_connection_sup,start_link,[[{127,0,0,1},9081]]}},
              {restart_type,permanent},
              {significant,false},
              {shutdown,5000},
              {child_type,supervisor}]
 (supervisor:report_progress/2:1563)
2023-08-06 17:26:09.138048+00:00 [debug] PROGRESS REPORT:
    supervisor: {local,httpd_acceptor_sup__127_0_0_1__9081default}
    started: [{pid,<0.1197.0>},
              {id,{httpd_acceptor_sup,{127,0,0,1},9081,default}},
              {mfargs,{httpd_acceptor,start_link,
                                      [httpd__127_0_0_1__9081default,ip_comm,
                                       {127,0,0,1},
                                       9081,inet,
                                       httpd_conf__127_0_0_1__9081default,
                                       15000]}},
              {restart_type,transient},
              {significant,false},
              {shutdown,brutal_kill},
              {child_type,worker}]
 (supervisor:report_progress/2:1563)
2023-08-06 17:26:09.138249+00:00 [debug] PROGRESS REPORT:
    supervisor: {local,httpd_instance_sup__127_0_0_1__9081default}
    started: [{pid,<0.1196.0>},
              {id,{httpd_acceptor_sup,{127,0,0,1},9081,default}},
              {mfargs,
                  {httpd_acceptor_sup,start_link,
                      [[{127,0,0,1},
                        9081,
                        [{bind_address,{127,0,0,1}},
                         {socket_type,ip_comm},
                         {port,9081},
                         {server_root,"run/mod_stats_prometheus/doc"},
                         {document_root,"run/mod_stats_prometheus/doc"},
                         {server_name,"Prometheus Exporter"},
                         {modules,[prometheus_httpd]}],
                        15000,undefined]]}},
              {restart_type,permanent},
              {significant,false},
              {shutdown,infinity},
              {child_type,supervisor}]
 (supervisor:report_progress/2:1563)
2023-08-06 17:26:09.138412+00:00 [debug] PROGRESS REPORT:
    supervisor: {local,httpd_instance_sup__127_0_0_1__9081default}
    started: [{pid,<0.1198.0>},
              {id,{httpd_misc_sup,{127,0,0,1},9081,default}},
              {mfargs,{httpd_misc_sup,start_link,[{127,0,0,1},9081,default]}},
              {restart_type,permanent},
              {significant,false},
              {shutdown,infinity},
              {child_type,supervisor}]
 (supervisor:report_progress/2:1563)
2023-08-06 17:26:09.139100+00:00 [debug] PROGRESS REPORT:
    supervisor: {local,httpd_instance_sup__127_0_0_1__9081default}
    started: [{pid,<0.1199.0>},
              {id,{httpd_manager,{127,0,0,1},9081,default}},
              {mfargs,
                  {httpd_manager,start_link,
                      [undefined,
                       [{bind_address,{127,0,0,1}},
                        {socket_type,ip_comm},
                        {port,9081},
                        {server_root,"run/mod_stats_prometheus/doc"},
                        {document_root,"run/mod_stats_prometheus/doc"},
                        {server_name,"Prometheus Exporter"},
                        {modules,[prometheus_httpd]}],
                       15000]}},
              {restart_type,permanent},
              {significant,false},
              {shutdown,4000},
              {child_type,worker}]
 (supervisor:report_progress/2:1563)
2023-08-06 17:26:09.139252+00:00 [debug] PROGRESS REPORT:
    supervisor: {local,httpd_sup}
    started: [{pid,<0.1194.0>},
              {id,{httpd_instance_sup,{127,0,0,1},9081,default}},
              {mfargs,
                  {httpd_instance_sup,start_link,
                      [[{bind_address,{127,0,0,1}},
                        {socket_type,ip_comm},
                        {port,9081},
                        {server_root,"run/mod_stats_prometheus/doc"},
                        {document_root,"run/mod_stats_prometheus/doc"},
                        {server_name,"Prometheus Exporter"},
                        {modules,[prometheus_httpd]}],
                       15000,[]]}},
              {restart_type,permanent},
              {significant,false},
              {shutdown,infinity},
              {child_type,supervisor}]
 (supervisor:report_progress/2:1563)
2023-08-06 17:26:09.141925+00:00 [info] Started mod_stats_prometheus (eturnal:start_modules/0:383)
2023-08-06 17:26:09.142094+00:00 [debug] Calling mod_log_stun:start/0 (eturnal_module:start/1:143)
2023-08-06 17:26:09.142188+00:00 [debug] Starting mod_log_stun (mod_log_stun:start/0:38)
2023-08-06 17:26:09.142356+00:00 [info] Started mod_log_stun (eturnal:start_modules/0:383)
2023-08-06 17:26:09.142450+00:00 [debug] Restarted modules (eturnal:reload/1:603)
2023-08-06 17:26:09.142584+00:00 [debug] eturnal call (reload) returned ok (eturnal_ctl:call/1:431)
2023-08-06 17:26:09.143396+00:00 [debug] Handling API call: reload() (eturnal_ctl:reload/0:193)
2023-08-06 17:26:09.147834+00:00 [debug] Calling mod_log_stun:options/0 (eturnal_module:options/1:192)
2023-08-06 17:26:09.148698+00:00 [debug] Calling mod_stats_influx:options/0 (eturnal_module:options/1:192)
2023-08-06 17:26:09.148919+00:00 [debug] Calling mod_stats_prometheus:options/0 (eturnal_module:options/1:192)
2023-08-06 17:26:09.149590+00:00 [debug] Keeping PEM file (run/cert.pem) (eturnal:check_pem_file/0:763)
2023-08-06 17:26:09.149745+00:00 [debug] TLS certificate unchanged (eturnal:reload/1:597)
2023-08-06 17:26:09.150211+00:00 [debug] Calling mod_stats_influx:stop/1 (eturnal_module:stop/1:163)
2023-08-06 17:26:09.150387+00:00 [debug] Stopping mod_stats_influx (mod_stats_influx:stop/0:61)
2023-08-06 17:26:09.150513+00:00 [info] Stopped mod_stats_influx (eturnal:stop_modules/1:396)
2023-08-06 17:26:09.150886+00:00 [debug] Calling mod_stats_prometheus:stop/1 (eturnal_module:stop/1:163)
2023-08-06 17:26:09.151312+00:00 [debug] Stopping mod_stats_prometheus (mod_stats_prometheus:stop/0:110)
2023-08-06 17:26:09.152595+00:00 [info] Stopped mod_stats_prometheus (eturnal:stop_modules/1:396)
2023-08-06 17:26:09.152889+00:00 [debug] Calling mod_log_stun:stop/1 (eturnal_module:stop/1:163)
2023-08-06 17:26:09.153130+00:00 [debug] Stopping mod_log_stun (mod_log_stun:stop/0:49)
2023-08-06 17:26:09.153306+00:00 [info] Stopped mod_log_stun (eturnal:stop_modules/1:396)
2023-08-06 17:26:09.153424+00:00 [debug] Calling mod_stats_influx:start/0 (eturnal_module:start/1:143)
2023-08-06 17:26:09.153528+00:00 [debug] Starting mod_stats_influx (mod_stats_influx:start/0:37)
2023-08-06 17:26:09.153824+00:00 [debug] Dependency influx_udp was available already (eturnal_module:ensure_dep/2:284)
2023-08-06 17:26:09.155121+00:00 [info]     options: #{port => 8089,host => "localhost",pool_size => 1,
               max_overflow => 1}
    msg: Start clients pool
    host: {127,0,0,1} (influx_udp:start_pool_/2:239)
2023-08-06 17:26:09.156006+00:00 [info] Started mod_stats_influx (eturnal:start_modules/0:383)
2023-08-06 17:26:09.156120+00:00 [debug] Calling mod_stats_prometheus:start/0 (eturnal_module:start/1:143)
2023-08-06 17:26:09.156425+00:00 [debug] Starting mod_stats_prometheus (mod_stats_prometheus:start/0:56)
2023-08-06 17:26:09.156750+00:00 [debug] Dependency prometheus_httpd was available already (eturnal_module:ensure_dep/2:284)
2023-08-06 17:26:09.157749+00:00 [debug] PROGRESS REPORT:
    supervisor: {local,httpd_instance_sup__127_0_0_1__9081default}
    started: [{pid,<0.1230.0>},
              {id,{httpd_connection_sup,{127,0,0,1},9081,default}},
              {mfargs,{httpd_connection_sup,start_link,[[{127,0,0,1},9081]]}},
              {restart_type,permanent},
              {significant,false},
              {shutdown,5000},
              {child_type,supervisor}]
 (supervisor:report_progress/2:1563)
2023-08-06 17:26:09.158072+00:00 [debug] PROGRESS REPORT:
    supervisor: {local,httpd_acceptor_sup__127_0_0_1__9081default}
    started: [{pid,<0.1232.0>},
              {id,{httpd_acceptor_sup,{127,0,0,1},9081,default}},
              {mfargs,{httpd_acceptor,start_link,
                                      [httpd__127_0_0_1__9081default,ip_comm,
                                       {127,0,0,1},
                                       9081,inet,
                                       httpd_conf__127_0_0_1__9081default,
                                       15000]}},
              {restart_type,transient},
              {significant,false},
              {shutdown,brutal_kill},
              {child_type,worker}]
 (supervisor:report_progress/2:1563)
2023-08-06 17:26:09.158232+00:00 [debug] PROGRESS REPORT:
    supervisor: {local,httpd_instance_sup__127_0_0_1__9081default}
    started: [{pid,<0.1231.0>},
              {id,{httpd_acceptor_sup,{127,0,0,1},9081,default}},
              {mfargs,
                  {httpd_acceptor_sup,start_link,
                      [[{127,0,0,1},
                        9081,
                        [{bind_address,{127,0,0,1}},
                         {socket_type,ip_comm},
                         {port,9081},
                         {server_root,"run/mod_stats_prometheus/doc"},
                         {document_root,"run/mod_stats_prometheus/doc"},
                         {server_name,"Prometheus Exporter"},
                         {modules,[prometheus_httpd]}],
                        15000,undefined]]}},
              {restart_type,permanent},
              {significant,false},
              {shutdown,infinity},
              {child_type,supervisor}]
 (supervisor:report_progress/2:1563)
2023-08-06 17:26:09.158438+00:00 [debug] PROGRESS REPORT:
    supervisor: {local,httpd_instance_sup__127_0_0_1__9081default}
    started: [{pid,<0.1233.0>},
              {id,{httpd_misc_sup,{127,0,0,1},9081,default}},
              {mfargs,{httpd_misc_sup,start_link,[{127,0,0,1},9081,default]}},
              {restart_type,permanent},
              {significant,false},
              {shutdown,infinity},
              {child_type,supervisor}]
 (supervisor:report_progress/2:1563)
2023-08-06 17:26:09.159330+00:00 [debug] PROGRESS REPORT:
    supervisor: {local,httpd_instance_sup__127_0_0_1__9081default}
    started: [{pid,<0.1234.0>},
              {id,{httpd_manager,{127,0,0,1},9081,default}},
              {mfargs,
                  {httpd_manager,start_link,
                      [undefined,
                       [{bind_address,{127,0,0,1}},
                        {socket_type,ip_comm},
                        {port,9081},
                        {server_root,"run/mod_stats_prometheus/doc"},
                        {document_root,"run/mod_stats_prometheus/doc"},
                        {server_name,"Prometheus Exporter"},
                        {modules,[prometheus_httpd]}],
                       15000]}},
              {restart_type,permanent},
              {significant,false},
              {shutdown,4000},
              {child_type,worker}]
 (supervisor:report_progress/2:1563)
2023-08-06 17:26:09.159547+00:00 [debug] PROGRESS REPORT:
    supervisor: {local,httpd_sup}
    started: [{pid,<0.1229.0>},
              {id,{httpd_instance_sup,{127,0,0,1},9081,default}},
              {mfargs,
                  {httpd_instance_sup,start_link,
                      [[{bind_address,{127,0,0,1}},
                        {socket_type,ip_comm},
                        {port,9081},
                        {server_root,"run/mod_stats_prometheus/doc"},
                        {document_root,"run/mod_stats_prometheus/doc"},
                        {server_name,"Prometheus Exporter"},
                        {modules,[prometheus_httpd]}],
                       15000,[]]}},
              {restart_type,permanent},
              {significant,false},
              {shutdown,infinity},
              {child_type,supervisor}]
 (supervisor:report_progress/2:1563)
2023-08-06 17:26:09.159919+00:00 [info] Started mod_stats_prometheus (eturnal:start_modules/0:383)
2023-08-06 17:26:09.160041+00:00 [debug] Calling mod_log_stun:start/0 (eturnal_module:start/1:143)
2023-08-06 17:26:09.160183+00:00 [debug] Starting mod_log_stun (mod_log_stun:start/0:38)
2023-08-06 17:26:09.161007+00:00 [info] Started mod_log_stun (eturnal:start_modules/0:383)
2023-08-06 17:26:09.161113+00:00 [debug] Restarted modules (eturnal:reload/1:603)
2023-08-06 17:26:09.161383+00:00 [debug] eturnal call (reload) returned ok (eturnal_ctl:call/1:431)
2023-08-06 17:26:09.185641+00:00 [info] Accepting connection: 127.0.0.1:43268 -> 127.0.0.1:34780 [TCP, session skvnsy9ld1td] (stun_acceptor:accept/3:158)
2023-08-06 17:26:09.210277+00:00 [info] Accepting connection: 127.0.0.1:48654 -> 127.0.0.1:53490 [TLS, session tg5x1qx6gmjb] (stun_acceptor:accept/3:158)
2023-08-06 17:26:09.235769+00:00 [debug] Received:
#stun{class = request,method = 3,magic = 554869826,
      trid = 20423066339689307998963065755,raw = <<>>,unsupported = [],
      'ALTERNATE-SERVER' = undefined,'CHANNEL-NUMBER' = undefined,
      'DATA' = undefined,'DONT-FRAGMENT' = false,'ERROR-CODE' = undefined,
      'LIFETIME' = undefined,'MAPPED-ADDRESS' = undefined,
      'MESSAGE-INTEGRITY' = undefined,'NONCE' = undefined,'REALM' = undefined,
      'REQUESTED-ADDRESS-FAMILY' = undefined,
      'REQUESTED-TRANSPORT' = undefined,'SOFTWARE' = undefined,
      'UNKNOWN-ATTRIBUTES' = [],'USERNAME' = undefined,
      'XOR-MAPPED-ADDRESS' = undefined,'XOR-PEER-ADDRESS' = [],
      'XOR-RELAYED-ADDRESS' = undefined} (stun:udp_recv/5:112)
2023-08-06 17:26:09.235946+00:00 [debug] Sending:
#stun{class = error,method = 3,magic = 554869826,
      trid = 20423066339689307998963065755,raw = <<>>,unsupported = [],
      'ALTERNATE-SERVER' = undefined,'CHANNEL-NUMBER' = undefined,
      'DATA' = undefined,'DONT-FRAGMENT' = false,
      'ERROR-CODE' = {401,<<"Unauthorized">>},
      'LIFETIME' = undefined,'MAPPED-ADDRESS' = undefined,
      'MESSAGE-INTEGRITY' = undefined,'NONCE' = <<"294072231">>,
      'REALM' = <<"eturnal.net">>,'REQUESTED-ADDRESS-FAMILY' = undefined,
      'REQUESTED-TRANSPORT' = undefined,'SOFTWARE' = <<"eturnal">>,
      'UNKNOWN-ATTRIBUTES' = [],'USERNAME' = undefined,
      'XOR-MAPPED-ADDRESS' = undefined,'XOR-PEER-ADDRESS' = [],
      'XOR-RELAYED-ADDRESS' = undefined} (stun:send/3:462)
2023-08-06 17:26:09.236265+00:00 [debug] Received:
#stun{class = request,method = 3,magic = 554869826,
      trid = 21976051248339851356119368333,
      raw = <<0,3,0,76,33,18,164,66,71,2,41,221,78,29,208,108,88,174,2,141,0,
              25,0,4,17,0,0,0,0,6,0,5,97,108,105,99,101,0,0,0,0,20,0,11,101,
              116,117,114,110,97,108,46,110,101,116,0,0,21,0,9,50,57,52,48,55,
              50,50,51,49,0,0,0>>,
      unsupported = [],'ALTERNATE-SERVER' = undefined,
      'CHANNEL-NUMBER' = undefined,'DATA' = undefined,'DONT-FRAGMENT' = false,
      'ERROR-CODE' = undefined,'LIFETIME' = undefined,
      'MAPPED-ADDRESS' = undefined,
      'MESSAGE-INTEGRITY' = <<205,72,248,145,92,160,70,24,97,146,30,248,163,70,
                              112,194,106,164,227,173>>,
      'NONCE' = <<"294072231">>,'REALM' = <<"eturnal.net">>,
      'REQUESTED-ADDRESS-FAMILY' = undefined,'REQUESTED-TRANSPORT' = udp,
      'SOFTWARE' = undefined,'UNKNOWN-ATTRIBUTES' = [],
      'USERNAME' = <<"alice">>,'XOR-MAPPED-ADDRESS' = undefined,
      'XOR-PEER-ADDRESS' = [],'XOR-RELAYED-ADDRESS' = undefined} (stun:udp_recv/5:112)
2023-08-06 17:26:09.236423+00:00 [debug] Looking up password for: alice [UDP, session rw1v6t5lwdym, user alice, client 127.0.0.1:54129] (eturnal:get_password/2:257)
2023-08-06 17:26:09.236497+00:00 [info] Accepting long-term STUN/TURN authentication [UDP, session rw1v6t5lwdym, user alice, client 127.0.0.1:54129] (stun:process/2:253)
2023-08-06 17:26:09.236639+00:00 [debug] Running 'turn_session_start' hook [UDP, session rw1v6t5lwdym, user alice, client 127.0.0.1:54129] (turn:run_hook/3:740)
2023-08-06 17:26:09.236709+00:00 [debug] Got 'turn_session_start' event [UDP, session rw1v6t5lwdym, user alice, client 127.0.0.1:54129] (eturnal_module:handle_event/2:177)
2023-08-06 17:26:09.236766+00:00 [debug] Calling mod_stats_prometheus:handle_event/2 [UDP, session rw1v6t5lwdym, user alice, client 127.0.0.1:54129] (eturnal_module:handle_event/2:180)
2023-08-06 17:26:09.236830+00:00 [debug] Observing started TURN session rw1v6t5lwdym for Prometheus [UDP, session rw1v6t5lwdym, user alice, client 127.0.0.1:54129] (mod_stats_prometheus:on_turn_session_start/1:174)
2023-08-06 17:26:09.237054+00:00 [notice] Creating TURN allocation (lifetime: 600 seconds) [UDP, session rw1v6t5lwdym, user alice, client 127.0.0.1:54129, relay 127.0.0.1:53223] (turn:wait_for_allocate/2:219)
2023-08-06 17:26:09.237170+00:00 [debug] Sending:
#stun{class = response,method = 3,magic = 554869826,
      trid = 21976051248339851356119368333,raw = <<>>,unsupported = [],
      'ALTERNATE-SERVER' = undefined,'CHANNEL-NUMBER' = undefined,
      'DATA' = undefined,'DONT-FRAGMENT' = false,'ERROR-CODE' = undefined,
      'LIFETIME' = 600,'MAPPED-ADDRESS' = undefined,
      'MESSAGE-INTEGRITY' = undefined,'NONCE' = undefined,'REALM' = undefined,
      'REQUESTED-ADDRESS-FAMILY' = undefined,
      'REQUESTED-TRANSPORT' = undefined,'SOFTWARE' = <<"eturnal">>,
      'UNKNOWN-ATTRIBUTES' = [],'USERNAME' = undefined,
      'XOR-MAPPED-ADDRESS' = {{127,0,0,1},54129},
      'XOR-PEER-ADDRESS' = [],
      'XOR-RELAYED-ADDRESS' = {{127,0,0,1},53223}} (turn:send/2:542)
2023-08-06 17:26:09.237477+00:00 [debug] Received:
#stun{class = request,method = 4,magic = 554869826,
      trid = 13702117407686401583046232533,
      raw = <<0,4,0,76,33,18,164,66,44,70,32,57,13,161,240,95,135,216,137,213,
              0,6,0,5,97,108,105,99,101,0,0,0,0,20,0,11,101,116,117,114,110,97,
              108,46,110,101,116,0,0,21,0,9,50,57,52,48,55,50,50,51,49,0,0,0,0,
              13,0,4,0,0,0,0>>,
      unsupported = [],'ALTERNATE-SERVER' = undefined,
      'CHANNEL-NUMBER' = undefined,'DATA' = undefined,'DONT-FRAGMENT' = false,
      'ERROR-CODE' = undefined,'LIFETIME' = 0,'MAPPED-ADDRESS' = undefined,
      'MESSAGE-INTEGRITY' = <<2,147,16,101,28,255,5,167,37,101,2,18,99,216,243,
                              228,47,69,85,81>>,
      'NONCE' = <<"294072231">>,'REALM' = <<"eturnal.net">>,
      'REQUESTED-ADDRESS-FAMILY' = undefined,
      'REQUESTED-TRANSPORT' = undefined,'SOFTWARE' = undefined,
      'UNKNOWN-ATTRIBUTES' = [],'USERNAME' = <<"alice">>,
      'XOR-MAPPED-ADDRESS' = undefined,'XOR-PEER-ADDRESS' = [],
      'XOR-RELAYED-ADDRESS' = undefined} (stun:udp_recv/5:112)
2023-08-06 17:26:09.237629+00:00 [debug] Looking up password for: alice [UDP, session yxr2ss28r13l, user alice, client 127.0.0.1:54129] (eturnal:get_password/2:257)
2023-08-06 17:26:09.237775+00:00 [info] Accepting long-term STUN/TURN authentication [UDP, session yxr2ss28r13l, user alice, client 127.0.0.1:54129] (stun:process/2:253)
2023-08-06 17:26:09.237866+00:00 [info] Client requested closing the TURN session [UDP, session rw1v6t5lwdym, user alice, client 127.0.0.1:54129, relay 127.0.0.1:53223] (turn:active/2:278)
2023-08-06 17:26:09.237969+00:00 [debug] Sending:
#stun{class = response,method = 4,magic = 554869826,
      trid = 13702117407686401583046232533,raw = <<>>,unsupported = [],
      'ALTERNATE-SERVER' = undefined,'CHANNEL-NUMBER' = undefined,
      'DATA' = undefined,'DONT-FRAGMENT' = false,'ERROR-CODE' = undefined,
      'LIFETIME' = 0,'MAPPED-ADDRESS' = undefined,
      'MESSAGE-INTEGRITY' = undefined,'NONCE' = undefined,'REALM' = undefined,
      'REQUESTED-ADDRESS-FAMILY' = undefined,
      'REQUESTED-TRANSPORT' = undefined,'SOFTWARE' = <<"eturnal">>,
      'UNKNOWN-ATTRIBUTES' = [],'USERNAME' = undefined,
      'XOR-MAPPED-ADDRESS' = undefined,'XOR-PEER-ADDRESS' = [],
      'XOR-RELAYED-ADDRESS' = undefined} (turn:send/2:542)
2023-08-06 17:26:09.238096+00:00 [info] Deleting TURN allocation [UDP, session rw1v6t5lwdym, user alice, client 127.0.0.1:54129, relay 127.0.0.1:53223] (turn:terminate/3:475)
2023-08-06 17:26:09.238166+00:00 [notice] Relayed 0 KiB (in 0 B / 0 packets, out 0 B / 0 packets), duration: 0 seconds [UDP, session rw1v6t5lwdym, user alice, client 127.0.0.1:54129, relay 127.0.0.1:53223] (turn:terminate/3:482)
2023-08-06 17:26:09.238215+00:00 [debug] Running 'turn_session_stop' hook [UDP, session rw1v6t5lwdym, user alice, client 127.0.0.1:54129, relay 127.0.0.1:53223] (turn:run_hook/3:740)
2023-08-06 17:26:09.238250+00:00 [debug] Got 'turn_session_stop' event [UDP, session rw1v6t5lwdym, user alice, client 127.0.0.1:54129, relay 127.0.0.1:53223] (eturnal_module:handle_event/2:177)
2023-08-06 17:26:09.238298+00:00 [debug] Calling mod_stats_influx:handle_event/2 [UDP, session rw1v6t5lwdym, user alice, client 127.0.0.1:54129, relay 127.0.0.1:53223] (eturnal_module:handle_event/2:180)
2023-08-06 17:26:09.238334+00:00 [debug] Writing stats of TURN session rw1v6t5lwdym to InfluxDB [UDP, session rw1v6t5lwdym, user alice, client 127.0.0.1:54129, relay 127.0.0.1:53223] (mod_stats_influx:on_turn_session_stop/1:87)
2023-08-06 17:26:09.238469+00:00 [debug] Received:
#stun{class = request,method = 3,magic = 554869826,
      trid = 13696366681475558684897580471,raw = <<>>,unsupported = [],
      'ALTERNATE-SERVER' = undefined,'CHANNEL-NUMBER' = undefined,
      'DATA' = undefined,'DONT-FRAGMENT' = false,'ERROR-CODE' = undefined,
      'LIFETIME' = undefined,'MAPPED-ADDRESS' = undefined,
      'MESSAGE-INTEGRITY' = undefined,'NONCE' = undefined,'REALM' = undefined,
      'REQUESTED-ADDRESS-FAMILY' = undefined,
      'REQUESTED-TRANSPORT' = undefined,'SOFTWARE' = undefined,
      'UNKNOWN-ATTRIBUTES' = [],'USERNAME' = undefined,
      'XOR-MAPPED-ADDRESS' = undefined,'XOR-PEER-ADDRESS' = [],
      'XOR-RELAYED-ADDRESS' = undefined} (stun:udp_recv/5:112)
2023-08-06 17:26:09.238520+00:00 [debug] Calling mod_stats_prometheus:handle_event/2 [UDP, session rw1v6t5lwdym, user alice, client 127.0.0.1:54129, relay 127.0.0.1:53223] (eturnal_module:handle_event/2:180)
2023-08-06 17:26:09.238577+00:00 [debug] Sending:
#stun{class = error,method = 3,magic = 554869826,
      trid = 13696366681475558684897580471,raw = <<>>,unsupported = [],
      'ALTERNATE-SERVER' = undefined,'CHANNEL-NUMBER' = undefined,
      'DATA' = undefined,'DONT-FRAGMENT' = false,
      'ERROR-CODE' = {401,<<"Unauthorized">>},
      'LIFETIME' = undefined,'MAPPED-ADDRESS' = undefined,
      'MESSAGE-INTEGRITY' = undefined,'NONCE' = <<"3682958736">>,
      'REALM' = <<"eturnal.net">>,'REQUESTED-ADDRESS-FAMILY' = undefined,
      'REQUESTED-TRANSPORT' = undefined,'SOFTWARE' = <<"eturnal">>,
      'UNKNOWN-ATTRIBUTES' = [],'USERNAME' = undefined,
      'XOR-MAPPED-ADDRESS' = undefined,'XOR-PEER-ADDRESS' = [],
      'XOR-RELAYED-ADDRESS' = undefined} (stun:send/3:462)
2023-08-06 17:26:09.238597+00:00 [debug] Observing stopped TURN session rw1v6t5lwdym for Prometheus [UDP, session rw1v6t5lwdym, user alice, client 127.0.0.1:54129, relay 127.0.0.1:53223] (mod_stats_prometheus:on_turn_session_stop/1:187)
2023-08-06 17:26:09.238953+00:00 [debug] Received:
#stun{class = request,method = 3,magic = 554869826,
      trid = 50673531338478380814282173048,
      raw = <<0,3,0,80,33,18,164,66,163,188,41,166,60,10,0,10,63,142,170,120,0,
              25,0,4,17,0,0,0,0,6,0,10,50,49,52,53,57,49,51,50,48,48,0,0,0,20,
              0,11,101,116,117,114,110,97,108,46,110,101,116,0,0,21,0,10,51,54,
              56,50,57,53,56,55,51,54,0,0>>,
      unsupported = [],'ALTERNATE-SERVER' = undefined,
      'CHANNEL-NUMBER' = undefined,'DATA' = undefined,'DONT-FRAGMENT' = false,
      'ERROR-CODE' = undefined,'LIFETIME' = undefined,
      'MAPPED-ADDRESS' = undefined,
      'MESSAGE-INTEGRITY' = <<52,206,139,135,101,4,226,188,64,209,29,229,28,37,
                              180,252,232,220,74,219>>,
      'NONCE' = <<"3682958736">>,'REALM' = <<"eturnal.net">>,
      'REQUESTED-ADDRESS-FAMILY' = undefined,'REQUESTED-TRANSPORT' = udp,
      'SOFTWARE' = undefined,'UNKNOWN-ATTRIBUTES' = [],
      'USERNAME' = <<"2145913200">>,'XOR-MAPPED-ADDRESS' = undefined,
      'XOR-PEER-ADDRESS' = [],'XOR-RELAYED-ADDRESS' = undefined} (stun:udp_recv/5:112)
2023-08-06 17:26:09.239111+00:00 [debug] Deriving password for: 2145913200 [UDP, session tl8pi7htm20a, user 2145913200, client 127.0.0.1:39218] (eturnal:get_password/2:243)
2023-08-06 17:26:09.239181+00:00 [info] Accepting long-term STUN/TURN authentication [UDP, session tl8pi7htm20a, user 2145913200, client 127.0.0.1:39218] (stun:process/2:253)
2023-08-06 17:26:09.239285+00:00 [debug] Running 'turn_session_start' hook [UDP, session tl8pi7htm20a, user 2145913200, client 127.0.0.1:39218] (turn:run_hook/3:740)
2023-08-06 17:26:09.239351+00:00 [debug] Got 'turn_session_start' event [UDP, session tl8pi7htm20a, user 2145913200, client 127.0.0.1:39218] (eturnal_module:handle_event/2:177)
2023-08-06 17:26:09.239405+00:00 [debug] Calling mod_stats_prometheus:handle_event/2 [UDP, session tl8pi7htm20a, user 2145913200, client 127.0.0.1:39218] (eturnal_module:handle_event/2:180)
2023-08-06 17:26:09.239481+00:00 [debug] Observing started TURN session tl8pi7htm20a for Prometheus [UDP, session tl8pi7htm20a, user 2145913200, client 127.0.0.1:39218] (mod_stats_prometheus:on_turn_session_start/1:174)
2023-08-06 17:26:09.239683+00:00 [notice] Creating TURN allocation (lifetime: 599 seconds) [UDP, session tl8pi7htm20a, user 2145913200, client 127.0.0.1:39218, relay 127.0.0.1:59093] (turn:wait_for_allocate/2:219)
2023-08-06 17:26:09.239832+00:00 [debug] Sending:
#stun{class = response,method = 3,magic = 554869826,
      trid = 50673531338478380814282173048,raw = <<>>,unsupported = [],
      'ALTERNATE-SERVER' = undefined,'CHANNEL-NUMBER' = undefined,
      'DATA' = undefined,'DONT-FRAGMENT' = false,'ERROR-CODE' = undefined,
      'LIFETIME' = 599,'MAPPED-ADDRESS' = undefined,
      'MESSAGE-INTEGRITY' = undefined,'NONCE' = undefined,'REALM' = undefined,
      'REQUESTED-ADDRESS-FAMILY' = undefined,
      'REQUESTED-TRANSPORT' = undefined,'SOFTWARE' = <<"eturnal">>,
      'UNKNOWN-ATTRIBUTES' = [],'USERNAME' = undefined,
      'XOR-MAPPED-ADDRESS' = {{127,0,0,1},39218},
      'XOR-PEER-ADDRESS' = [],
      'XOR-RELAYED-ADDRESS' = {{127,0,0,1},59093}} (turn:send/2:542)
2023-08-06 17:26:09.240133+00:00 [debug] Received:
#stun{class = request,method = 4,magic = 554869826,
      trid = 692032221365162137986133776,
      raw = <<0,4,0,80,33,18,164,66,2,60,111,133,228,70,181,50,41,105,239,16,0,
              6,0,10,50,49,52,53,57,49,51,50,48,48,0,0,0,20,0,11,101,116,117,
              114,110,97,108,46,110,101,116,0,0,21,0,10,51,54,56,50,57,53,56,
              55,51,54,0,0,0,13,0,4,0,0,0,0>>,
      unsupported = [],'ALTERNATE-SERVER' = undefined,
      'CHANNEL-NUMBER' = undefined,'DATA' = undefined,'DONT-FRAGMENT' = false,
      'ERROR-CODE' = undefined,'LIFETIME' = 0,'MAPPED-ADDRESS' = undefined,
      'MESSAGE-INTEGRITY' = <<208,13,41,67,252,106,5,185,79,64,34,42,59,233,93,
                              155,109,244,79,52>>,
      'NONCE' = <<"3682958736">>,'REALM' = <<"eturnal.net">>,
      'REQUESTED-ADDRESS-FAMILY' = undefined,
      'REQUESTED-TRANSPORT' = undefined,'SOFTWARE' = undefined,
      'UNKNOWN-ATTRIBUTES' = [],'USERNAME' = <<"2145913200">>,
      'XOR-MAPPED-ADDRESS' = undefined,'XOR-PEER-ADDRESS' = [],
      'XOR-RELAYED-ADDRESS' = undefined} (stun:udp_recv/5:112)
2023-08-06 17:26:09.240282+00:00 [debug] Deriving password for: 2145913200 [UDP, session uj0z4scvupqi, user 2145913200, client 127.0.0.1:39218] (eturnal:get_password/2:243)
2023-08-06 17:26:09.240375+00:00 [info] Accepting long-term STUN/TURN authentication [UDP, session uj0z4scvupqi, user 2145913200, client 127.0.0.1:39218] (stun:process/2:253)
2023-08-06 17:26:09.240441+00:00 [info] Client requested closing the TURN session [UDP, session tl8pi7htm20a, user 2145913200, client 127.0.0.1:39218, relay 127.0.0.1:59093] (turn:active/2:278)
2023-08-06 17:26:09.240580+00:00 [debug] Sending:
#stun{class = response,method = 4,magic = 554869826,
      trid = 692032221365162137986133776,raw = <<>>,unsupported = [],
      'ALTERNATE-SERVER' = undefined,'CHANNEL-NUMBER' = undefined,
      'DATA' = undefined,'DONT-FRAGMENT' = false,'ERROR-CODE' = undefined,
      'LIFETIME' = 0,'MAPPED-ADDRESS' = undefined,
      'MESSAGE-INTEGRITY' = undefined,'NONCE' = undefined,'REALM' = undefined,
      'REQUESTED-ADDRESS-FAMILY' = undefined,
      'REQUESTED-TRANSPORT' = undefined,'SOFTWARE' = <<"eturnal">>,
      'UNKNOWN-ATTRIBUTES' = [],'USERNAME' = undefined,
      'XOR-MAPPED-ADDRESS' = undefined,'XOR-PEER-ADDRESS' = [],
      'XOR-RELAYED-ADDRESS' = undefined} (turn:send/2:542)
2023-08-06 17:26:09.240695+00:00 [info] Deleting TURN allocation [UDP, session tl8pi7htm20a, user 2145913200, client 127.0.0.1:39218, relay 127.0.0.1:59093] (turn:terminate/3:475)
2023-08-06 17:26:09.240750+00:00 [notice] Relayed 0 KiB (in 0 B / 0 packets, out 0 B / 0 packets), duration: 0 seconds [UDP, session tl8pi7htm20a, user 2145913200, client 127.0.0.1:39218, relay 127.0.0.1:59093] (turn:terminate/3:482)
2023-08-06 17:26:09.240808+00:00 [debug] Running 'turn_session_stop' hook [UDP, session tl8pi7htm20a, user 2145913200, client 127.0.0.1:39218, relay 127.0.0.1:59093] (turn:run_hook/3:740)
2023-08-06 17:26:09.240853+00:00 [debug] Got 'turn_session_stop' event [UDP, session tl8pi7htm20a, user 2145913200, client 127.0.0.1:39218, relay 127.0.0.1:59093] (eturnal_module:handle_event/2:177)
2023-08-06 17:26:09.240892+00:00 [debug] Calling mod_stats_influx:handle_event/2 [UDP, session tl8pi7htm20a, user 2145913200, client 127.0.0.1:39218, relay 127.0.0.1:59093] (eturnal_module:handle_event/2:180)
2023-08-06 17:26:09.240932+00:00 [debug] Writing stats of TURN session tl8pi7htm20a to InfluxDB [UDP, session tl8pi7htm20a, user 2145913200, client 127.0.0.1:39218, relay 127.0.0.1:59093] (mod_stats_influx:on_turn_session_stop/1:87)
2023-08-06 17:26:09.241084+00:00 [debug] Calling mod_stats_prometheus:handle_event/2 [UDP, session tl8pi7htm20a, user 2145913200, client 127.0.0.1:39218, relay 127.0.0.1:59093] (eturnal_module:handle_event/2:180)
2023-08-06 17:26:09.241155+00:00 [debug] Observing stopped TURN session tl8pi7htm20a for Prometheus [UDP, session tl8pi7htm20a, user 2145913200, client 127.0.0.1:39218, relay 127.0.0.1:59093] (mod_stats_prometheus:on_turn_session_stop/1:187)
2023-08-06 17:26:09.265762+00:00 [debug] Received:
#stun{class = request,method = 1,magic = 554869826,
      trid = 39619206315699491405466181309,raw = <<>>,unsupported = [],
      'ALTERNATE-SERVER' = undefined,'CHANNEL-NUMBER' = undefined,
      'DATA' = undefined,'DONT-FRAGMENT' = false,'ERROR-CODE' = undefined,
      'LIFETIME' = undefined,'MAPPED-ADDRESS' = undefined,
      'MESSAGE-INTEGRITY' = undefined,'NONCE' = undefined,'REALM' = undefined,
      'REQUESTED-ADDRESS-FAMILY' = undefined,
      'REQUESTED-TRANSPORT' = undefined,'SOFTWARE' = undefined,
      'UNKNOWN-ATTRIBUTES' = [],'USERNAME' = undefined,
      'XOR-MAPPED-ADDRESS' = undefined,'XOR-PEER-ADDRESS' = [],
      'XOR-RELAYED-ADDRESS' = undefined} (stun:udp_recv/5:112)
2023-08-06 17:26:09.265882+00:00 [debug] Responding to STUN request [UDP, session ywb3u0vhoyyv, anonymous, client 127.0.0.1:43967] (stun:process/4:321)
2023-08-06 17:26:09.265926+00:00 [debug] Running 'stun_query' hook [UDP, session ywb3u0vhoyyv, anonymous, client 127.0.0.1:43967] (stun:run_hook/3:839)
2023-08-06 17:26:09.266121+00:00 [debug] Got 'stun_query' event [UDP, session ywb3u0vhoyyv, anonymous, client 127.0.0.1:43967] (eturnal_module:handle_event/2:177)
2023-08-06 17:26:09.266163+00:00 [debug] Calling mod_log_stun:handle_event/2 [UDP, session ywb3u0vhoyyv, anonymous, client 127.0.0.1:43967] (eturnal_module:handle_event/2:180)
2023-08-06 17:26:09.266203+00:00 [info] Responding to STUN request [UDP, session ywb3u0vhoyyv, anonymous, client 127.0.0.1:43967] (mod_log_stun:handle_event/2:44)
2023-08-06 17:26:09.266241+00:00 [debug] Calling mod_stats_influx:handle_event/2 [UDP, session ywb3u0vhoyyv, anonymous, client 127.0.0.1:43967] (eturnal_module:handle_event/2:180)
2023-08-06 17:26:09.266273+00:00 [debug] Writing STUN query event to InfluxDB [UDP, session ywb3u0vhoyyv, anonymous, client 127.0.0.1:43967] (mod_stats_influx:on_stun_query/1:76)
2023-08-06 17:26:09.266448+00:00 [debug] Calling mod_stats_prometheus:handle_event/2 [UDP, session ywb3u0vhoyyv, anonymous, client 127.0.0.1:43967] (eturnal_module:handle_event/2:180)
2023-08-06 17:26:09.266517+00:00 [debug] Observing STUN query for Prometheus [UDP, session ywb3u0vhoyyv, anonymous, client 127.0.0.1:43967] (mod_stats_prometheus:on_stun_query/1:166)
2023-08-06 17:26:09.266629+00:00 [debug] Sending:
#stun{class = response,method = 1,magic = 554869826,
      trid = 39619206315699491405466181309,raw = <<>>,unsupported = [],
      'ALTERNATE-SERVER' = undefined,'CHANNEL-NUMBER' = undefined,
      'DATA' = undefined,'DONT-FRAGMENT' = false,'ERROR-CODE' = undefined,
      'LIFETIME' = undefined,'MAPPED-ADDRESS' = undefined,
      'MESSAGE-INTEGRITY' = undefined,'NONCE' = undefined,'REALM' = undefined,
      'REQUESTED-ADDRESS-FAMILY' = undefined,
      'REQUESTED-TRANSPORT' = undefined,'SOFTWARE' = <<"eturnal">>,
      'UNKNOWN-ATTRIBUTES' = [],'USERNAME' = undefined,
      'XOR-MAPPED-ADDRESS' = {{127,0,0,1},43967},
      'XOR-PEER-ADDRESS' = [],'XOR-RELAYED-ADDRESS' = undefined} (stun:send/3:462)
2023-08-06 17:26:09.295059+00:00 [info] Accepting connection: 127.0.0.1:43280 -> 127.0.0.1:34780 [TCP, session o0ajth9peeb9] (stun_acceptor:accept/3:158)
2023-08-06 17:26:09.295527+00:00 [debug] Received:
#stun{class = request,method = 1,magic = 554869826,
      trid = 14511805742653607800050244474,raw = <<>>,unsupported = [],
      'ALTERNATE-SERVER' = undefined,'CHANNEL-NUMBER' = undefined,
      'DATA' = undefined,'DONT-FRAGMENT' = false,'ERROR-CODE' = undefined,
      'LIFETIME' = undefined,'MAPPED-ADDRESS' = undefined,
      'MESSAGE-INTEGRITY' = undefined,'NONCE' = undefined,'REALM' = undefined,
      'REQUESTED-ADDRESS-FAMILY' = undefined,
      'REQUESTED-TRANSPORT' = undefined,'SOFTWARE' = undefined,
      'UNKNOWN-ATTRIBUTES' = [],'USERNAME' = undefined,
      'XOR-MAPPED-ADDRESS' = undefined,'XOR-PEER-ADDRESS' = [],
      'XOR-RELAYED-ADDRESS' = undefined} (stun:process_data/3:419)
2023-08-06 17:26:09.295627+00:00 [debug] Responding to STUN request [TCP, session o0ajth9peeb9, anonymous, client 127.0.0.1:43280] (stun:process/4:321)
2023-08-06 17:26:09.295677+00:00 [debug] Running 'stun_query' hook [TCP, session o0ajth9peeb9, anonymous, client 127.0.0.1:43280] (stun:run_hook/3:839)
2023-08-06 17:26:09.295754+00:00 [debug] Got 'stun_query' event [TCP, session o0ajth9peeb9, anonymous, client 127.0.0.1:43280] (eturnal_module:handle_event/2:177)
2023-08-06 17:26:09.295790+00:00 [debug] Calling mod_log_stun:handle_event/2 [TCP, session o0ajth9peeb9, anonymous, client 127.0.0.1:43280] (eturnal_module:handle_event/2:180)
2023-08-06 17:26:09.295897+00:00 [info] Responding to STUN request [TCP, session o0ajth9peeb9, anonymous, client 127.0.0.1:43280] (mod_log_stun:handle_event/2:44)
2023-08-06 17:26:09.295936+00:00 [debug] Calling mod_stats_influx:handle_event/2 [TCP, session o0ajth9peeb9, anonymous, client 127.0.0.1:43280] (eturnal_module:handle_event/2:180)
2023-08-06 17:26:09.295970+00:00 [debug] Writing STUN query event to InfluxDB [TCP, session o0ajth9peeb9, anonymous, client 127.0.0.1:43280] (mod_stats_influx:on_stun_query/1:76)
2023-08-06 17:26:09.296178+00:00 [debug] Calling mod_stats_prometheus:handle_event/2 [TCP, session o0ajth9peeb9, anonymous, client 127.0.0.1:43280] (eturnal_module:handle_event/2:180)
2023-08-06 17:26:09.296230+00:00 [debug] Observing STUN query for Prometheus [TCP, session o0ajth9peeb9, anonymous, client 127.0.0.1:43280] (mod_stats_prometheus:on_stun_query/1:166)
2023-08-06 17:26:09.296339+00:00 [debug] Sending:
#stun{class = response,method = 1,magic = 554869826,
      trid = 14511805742653607800050244474,raw = <<>>,unsupported = [],
      'ALTERNATE-SERVER' = undefined,'CHANNEL-NUMBER' = undefined,
      'DATA' = undefined,'DONT-FRAGMENT' = false,'ERROR-CODE' = undefined,
      'LIFETIME' = undefined,'MAPPED-ADDRESS' = undefined,
      'MESSAGE-INTEGRITY' = undefined,'NONCE' = undefined,'REALM' = undefined,
      'REQUESTED-ADDRESS-FAMILY' = undefined,
      'REQUESTED-TRANSPORT' = undefined,'SOFTWARE' = <<"P1 STUN library">>,
      'UNKNOWN-ATTRIBUTES' = [],'USERNAME' = undefined,
      'XOR-MAPPED-ADDRESS' = {{127,0,0,1},43280},
      'XOR-PEER-ADDRESS' = [],'XOR-RELAYED-ADDRESS' = undefined} (stun:send/3:462)
2023-08-06 17:26:09.296705+00:00 [info] Connection reset by peer [TCP, session o0ajth9peeb9, anonymous, client 127.0.0.1:43280] (stun:handle_info/3:172)
2023-08-06 17:26:09.320849+00:00 [info] Accepting connection: 127.0.0.1:48660 -> 127.0.0.1:53490 [TLS, session do89wisb7cb5] (stun_acceptor:accept/3:158)
2023-08-06 17:26:10.329935+00:00 [debug] Received:
#stun{class = request,method = 1,magic = 554869826,
      trid = 68751946220598088745226567957,raw = <<>>,unsupported = [],
      'ALTERNATE-SERVER' = undefined,'CHANNEL-NUMBER' = undefined,
      'DATA' = undefined,'DONT-FRAGMENT' = false,'ERROR-CODE' = undefined,
      'LIFETIME' = undefined,'MAPPED-ADDRESS' = undefined,
      'MESSAGE-INTEGRITY' = undefined,'NONCE' = undefined,'REALM' = undefined,
      'REQUESTED-ADDRESS-FAMILY' = undefined,
      'REQUESTED-TRANSPORT' = undefined,'SOFTWARE' = undefined,
      'UNKNOWN-ATTRIBUTES' = [],'USERNAME' = undefined,
      'XOR-MAPPED-ADDRESS' = undefined,'XOR-PEER-ADDRESS' = [],
      'XOR-RELAYED-ADDRESS' = undefined} (stun:process_data/3:419)
2023-08-06 17:26:10.330113+00:00 [debug] Responding to STUN request [TLS, session do89wisb7cb5, anonymous, client 127.0.0.1:48660] (stun:process/4:321)
2023-08-06 17:26:10.330191+00:00 [debug] Running 'stun_query' hook [TLS, session do89wisb7cb5, anonymous, client 127.0.0.1:48660] (stun:run_hook/3:839)
2023-08-06 17:26:10.330249+00:00 [debug] Got 'stun_query' event [TLS, session do89wisb7cb5, anonymous, client 127.0.0.1:48660] (eturnal_module:handle_event/2:177)
2023-08-06 17:26:10.330298+00:00 [debug] Calling mod_log_stun:handle_event/2 [TLS, session do89wisb7cb5, anonymous, client 127.0.0.1:48660] (eturnal_module:handle_event/2:180)
2023-08-06 17:26:10.330352+00:00 [info] Responding to STUN request [TLS, session do89wisb7cb5, anonymous, client 127.0.0.1:48660] (mod_log_stun:handle_event/2:44)
2023-08-06 17:26:10.330396+00:00 [debug] Calling mod_stats_influx:handle_event/2 [TLS, session do89wisb7cb5, anonymous, client 127.0.0.1:48660] (eturnal_module:handle_event/2:180)
2023-08-06 17:26:10.330439+00:00 [debug] Writing STUN query event to InfluxDB [TLS, session do89wisb7cb5, anonymous, client 127.0.0.1:48660] (mod_stats_influx:on_stun_query/1:76)
2023-08-06 17:26:10.330623+00:00 [debug] Calling mod_stats_prometheus:handle_event/2 [TLS, session do89wisb7cb5, anonymous, client 127.0.0.1:48660] (eturnal_module:handle_event/2:180)
2023-08-06 17:26:10.330687+00:00 [debug] Observing STUN query for Prometheus [TLS, session do89wisb7cb5, anonymous, client 127.0.0.1:48660] (mod_stats_prometheus:on_stun_query/1:166)
2023-08-06 17:26:10.330795+00:00 [debug] Sending:
#stun{class = response,method = 1,magic = 554869826,
      trid = 68751946220598088745226567957,raw = <<>>,unsupported = [],
      'ALTERNATE-SERVER' = undefined,'CHANNEL-NUMBER' = undefined,
      'DATA' = undefined,'DONT-FRAGMENT' = false,'ERROR-CODE' = undefined,
      'LIFETIME' = undefined,'MAPPED-ADDRESS' = undefined,
      'MESSAGE-INTEGRITY' = undefined,'NONCE' = undefined,'REALM' = undefined,
      'REQUESTED-ADDRESS-FAMILY' = undefined,
      'REQUESTED-TRANSPORT' = undefined,'SOFTWARE' = <<"P1 STUN library">>,
      'UNKNOWN-ATTRIBUTES' = [],'USERNAME' = undefined,
      'XOR-MAPPED-ADDRESS' = {{127,0,0,1},48660},
      'XOR-PEER-ADDRESS' = [],'XOR-RELAYED-ADDRESS' = undefined} (stun:send/3:462)
2023-08-06 17:26:10.331228+00:00 [info] Connection reset by peer [TLS, session do89wisb7cb5, anonymous, client 127.0.0.1:48660] (stun:handle_info/3:172)
2023-08-06 17:26:10.360290+00:00 [info] Accepting connection: 127.0.0.1:56852 -> 127.0.0.1:34781 [TCP|TLS, session 0ivwmwu90avp] (stun_acceptor:accept/3:158)
2023-08-06 17:26:10.360467+00:00 [debug] Determined transport protocol: TCP (stun:is_tls_handshake/1:785)
2023-08-06 17:26:10.360718+00:00 [debug] Received:
#stun{class = request,method = 1,magic = 554869826,
      trid = 5344630529042035801304693534,raw = <<>>,unsupported = [],
      'ALTERNATE-SERVER' = undefined,'CHANNEL-NUMBER' = undefined,
      'DATA' = undefined,'DONT-FRAGMENT' = false,'ERROR-CODE' = undefined,
      'LIFETIME' = undefined,'MAPPED-ADDRESS' = undefined,
      'MESSAGE-INTEGRITY' = undefined,'NONCE' = undefined,'REALM' = undefined,
      'REQUESTED-ADDRESS-FAMILY' = undefined,
      'REQUESTED-TRANSPORT' = undefined,'SOFTWARE' = undefined,
      'UNKNOWN-ATTRIBUTES' = [],'USERNAME' = undefined,
      'XOR-MAPPED-ADDRESS' = undefined,'XOR-PEER-ADDRESS' = [],
      'XOR-RELAYED-ADDRESS' = undefined} (stun:process_data/3:419)
2023-08-06 17:26:10.360814+00:00 [debug] Responding to STUN request [TCP, session 0ivwmwu90avp, anonymous, client 127.0.0.1:56852] (stun:process/4:321)
2023-08-06 17:26:10.360862+00:00 [debug] Running 'stun_query' hook [TCP, session 0ivwmwu90avp, anonymous, client 127.0.0.1:56852] (stun:run_hook/3:839)
2023-08-06 17:26:10.360909+00:00 [debug] Got 'stun_query' event [TCP, session 0ivwmwu90avp, anonymous, client 127.0.0.1:56852] (eturnal_module:handle_event/2:177)
2023-08-06 17:26:10.360945+00:00 [debug] Calling mod_log_stun:handle_event/2 [TCP, session 0ivwmwu90avp, anonymous, client 127.0.0.1:56852] (eturnal_module:handle_event/2:180)
2023-08-06 17:26:10.361008+00:00 [info] Responding to STUN request [TCP, session 0ivwmwu90avp, anonymous, client 127.0.0.1:56852] (mod_log_stun:handle_event/2:44)
2023-08-06 17:26:10.361042+00:00 [debug] Calling mod_stats_influx:handle_event/2 [TCP, session 0ivwmwu90avp, anonymous, client 127.0.0.1:56852] (eturnal_module:handle_event/2:180)
2023-08-06 17:26:10.361075+00:00 [debug] Writing STUN query event to InfluxDB [TCP, session 0ivwmwu90avp, anonymous, client 127.0.0.1:56852] (mod_stats_influx:on_stun_query/1:76)
2023-08-06 17:26:10.361249+00:00 [debug] Calling mod_stats_prometheus:handle_event/2 [TCP, session 0ivwmwu90avp, anonymous, client 127.0.0.1:56852] (eturnal_module:handle_event/2:180)
2023-08-06 17:26:10.361298+00:00 [debug] Observing STUN query for Prometheus [TCP, session 0ivwmwu90avp, anonymous, client 127.0.0.1:56852] (mod_stats_prometheus:on_stun_query/1:166)
2023-08-06 17:26:10.361369+00:00 [debug] Sending:
#stun{class = response,method = 1,magic = 554869826,
      trid = 5344630529042035801304693534,raw = <<>>,unsupported = [],
      'ALTERNATE-SERVER' = undefined,'CHANNEL-NUMBER' = undefined,
      'DATA' = undefined,'DONT-FRAGMENT' = false,'ERROR-CODE' = undefined,
      'LIFETIME' = undefined,'MAPPED-ADDRESS' = undefined,
      'MESSAGE-INTEGRITY' = undefined,'NONCE' = undefined,'REALM' = undefined,
      'REQUESTED-ADDRESS-FAMILY' = undefined,
      'REQUESTED-TRANSPORT' = undefined,'SOFTWARE' = <<"P1 STUN library">>,
      'UNKNOWN-ATTRIBUTES' = [],'USERNAME' = undefined,
      'XOR-MAPPED-ADDRESS' = {{127,0,0,1},56852},
      'XOR-PEER-ADDRESS' = [],'XOR-RELAYED-ADDRESS' = undefined} (stun:send/3:462)
2023-08-06 17:26:10.361763+00:00 [info] Connection reset by peer [TCP, session 0ivwmwu90avp, anonymous, client 127.0.0.1:56852] (stun:handle_info/3:172)
2023-08-06 17:26:10.386115+00:00 [info] Accepting connection: 127.0.0.1:56868 -> 127.0.0.1:34781 [TCP|TLS, session dbbg5zh9osio] (stun_acceptor:accept/3:158)
2023-08-06 17:26:10.386579+00:00 [debug] Determined transport protocol: TLS (stun:is_tls_handshake/1:782)
2023-08-06 17:26:11.394979+00:00 [debug] Received:
#stun{class = request,method = 1,magic = 554869826,
      trid = 21959713992650187841353112694,raw = <<>>,unsupported = [],
      'ALTERNATE-SERVER' = undefined,'CHANNEL-NUMBER' = undefined,
      'DATA' = undefined,'DONT-FRAGMENT' = false,'ERROR-CODE' = undefined,
      'LIFETIME' = undefined,'MAPPED-ADDRESS' = undefined,
      'MESSAGE-INTEGRITY' = undefined,'NONCE' = undefined,'REALM' = undefined,
      'REQUESTED-ADDRESS-FAMILY' = undefined,
      'REQUESTED-TRANSPORT' = undefined,'SOFTWARE' = undefined,
      'UNKNOWN-ATTRIBUTES' = [],'USERNAME' = undefined,
      'XOR-MAPPED-ADDRESS' = undefined,'XOR-PEER-ADDRESS' = [],
      'XOR-RELAYED-ADDRESS' = undefined} (stun:process_data/3:419)
2023-08-06 17:26:11.395156+00:00 [debug] Responding to STUN request [TLS, session dbbg5zh9osio, anonymous, client 127.0.0.1:56868] (stun:process/4:321)
2023-08-06 17:26:11.395208+00:00 [debug] Running 'stun_query' hook [TLS, session dbbg5zh9osio, anonymous, client 127.0.0.1:56868] (stun:run_hook/3:839)
2023-08-06 17:26:11.395292+00:00 [debug] Got 'stun_query' event [TLS, session dbbg5zh9osio, anonymous, client 127.0.0.1:56868] (eturnal_module:handle_event/2:177)
2023-08-06 17:26:11.395326+00:00 [debug] Calling mod_log_stun:handle_event/2 [TLS, session dbbg5zh9osio, anonymous, client 127.0.0.1:56868] (eturnal_module:handle_event/2:180)
2023-08-06 17:26:11.395395+00:00 [info] Responding to STUN request [TLS, session dbbg5zh9osio, anonymous, client 127.0.0.1:56868] (mod_log_stun:handle_event/2:44)
2023-08-06 17:26:11.395432+00:00 [debug] Calling mod_stats_influx:handle_event/2 [TLS, session dbbg5zh9osio, anonymous, client 127.0.0.1:56868] (eturnal_module:handle_event/2:180)
2023-08-06 17:26:11.395477+00:00 [debug] Writing STUN query event to InfluxDB [TLS, session dbbg5zh9osio, anonymous, client 127.0.0.1:56868] (mod_stats_influx:on_stun_query/1:76)
2023-08-06 17:26:11.395734+00:00 [debug] Calling mod_stats_prometheus:handle_event/2 [TLS, session dbbg5zh9osio, anonymous, client 127.0.0.1:56868] (eturnal_module:handle_event/2:180)
2023-08-06 17:26:11.395782+00:00 [debug] Observing STUN query for Prometheus [TLS, session dbbg5zh9osio, anonymous, client 127.0.0.1:56868] (mod_stats_prometheus:on_stun_query/1:166)
2023-08-06 17:26:11.395890+00:00 [debug] Sending:
#stun{class = response,method = 1,magic = 554869826,
      trid = 21959713992650187841353112694,raw = <<>>,unsupported = [],
      'ALTERNATE-SERVER' = undefined,'CHANNEL-NUMBER' = undefined,
      'DATA' = undefined,'DONT-FRAGMENT' = false,'ERROR-CODE' = undefined,
      'LIFETIME' = undefined,'MAPPED-ADDRESS' = undefined,
      'MESSAGE-INTEGRITY' = undefined,'NONCE' = undefined,'REALM' = undefined,
      'REQUESTED-ADDRESS-FAMILY' = undefined,
      'REQUESTED-TRANSPORT' = undefined,'SOFTWARE' = <<"P1 STUN library">>,
      'UNKNOWN-ATTRIBUTES' = [],'USERNAME' = undefined,
      'XOR-MAPPED-ADDRESS' = {{127,0,0,1},56868},
      'XOR-PEER-ADDRESS' = [],'XOR-RELAYED-ADDRESS' = undefined} (stun:send/3:462)
2023-08-06 17:26:11.396332+00:00 [info] Connection reset by peer [TLS, session dbbg5zh9osio, anonymous, client 127.0.0.1:56868] (stun:handle_info/3:172)
2023-08-06 17:26:11.420975+00:00 [debug] No NOTIFY_SOCKET, dropping STOPPING=1 notification (eturnal_systemd:handle_cast/2:110)
2023-08-06 17:26:11.421141+00:00 [debug] Watchdog interval is undefined, hibernating (eturnal_systemd:get_timeout/1:163)
2023-08-06 17:26:11.421326+00:00 [debug] Terminating eturnal (shutdown) (eturnal:terminate/2:184)
2023-08-06 17:26:11.421617+00:00 [info] Stopped listening on 127.0.0.1:34780 (udp) (eturnal:stop_listeners/1:439)
2023-08-06 17:26:11.421876+00:00 [info] Stopped listening on 127.0.0.1:34780 (tcp) (eturnal:stop_listeners/1:439)
2023-08-06 17:26:11.422096+00:00 [info] Stopped listening on 127.0.0.1:53490 (tls) (eturnal:stop_listeners/1:439)
2023-08-06 17:26:11.422366+00:00 [info] Stopped listening on 127.0.0.1:34781 (auto) (eturnal:stop_listeners/1:439)
2023-08-06 17:26:11.423015+00:00 [debug] Calling mod_stats_influx:stop/1 (eturnal_module:stop/1:163)
2023-08-06 17:26:11.423655+00:00 [debug] Stopping mod_stats_influx (mod_stats_influx:stop/0:61)
2023-08-06 17:26:11.423768+00:00 [info] Stopped mod_stats_influx (eturnal:stop_modules/1:396)
2023-08-06 17:26:11.424010+00:00 [debug] Calling mod_stats_prometheus:stop/1 (eturnal_module:stop/1:163)
2023-08-06 17:26:11.424095+00:00 [debug] Stopping mod_stats_prometheus (mod_stats_prometheus:stop/0:110)
2023-08-06 17:26:11.424900+00:00 [info] Stopped mod_stats_prometheus (eturnal:stop_modules/1:396)
2023-08-06 17:26:11.425087+00:00 [debug] Calling mod_log_stun:stop/1 (eturnal_module:stop/1:163)
2023-08-06 17:26:11.425170+00:00 [debug] Stopping mod_log_stun (mod_log_stun:stop/0:49)
2023-08-06 17:26:11.425260+00:00 [info] Stopped mod_log_stun (eturnal:stop_modules/1:396)
2023-08-06 17:26:11.425763+00:00 [debug] Removed run/cert.pem (eturnal:clean_run_dir/0:832)
2023-08-06 17:26:11.426040+00:00 [debug] Terminating eturnal_systemd (shutdown) (eturnal_systemd:terminate/2:137)
2023-08-06 17:26:11.426288+00:00 [notice] Stopping eturnal 1.11.0 on Erlang/OTP 26 (ERTS 14.0) (eturnal_app:stop/1:53)
