2022-05-26 15:13:58.028914+00:00 [notice] Starting eturnal 1.8.3 on Erlang/OTP 25 (ERTS 13.0) (eturnal_app:start/2:35)
2022-05-26 15:13:58.029167+00:00 [debug] Starting supervisor: eturnal_sup (eturnal_sup:start_link/0:32)
2022-05-26 15:13:58.029373+00:00 [debug] Configuring eturnal_sup supervisor: [#{id => systemd,
                                       start =>
                                           {eturnal_systemd,start_link,[]}},
                                     #{id => eturnal,
                                       start => {eturnal,start_link,[]}}] (eturnal_sup:init/0:40)
2022-05-26 15:13:58.031377+00:00 [info] Got no NOTIFY_SOCKET, notifications disabled (eturnal_systemd:init/1:95)
2022-05-26 15:13:58.031601+00:00 [debug] PROGRESS REPORT:
    supervisor: {local,eturnal_sup}
    started: [{pid,<0.925.0>},
              {id,systemd},
              {mfargs,{eturnal_systemd,start_link,[]}},
              {restart_type,permanent},
              {significant,false},
              {shutdown,5000},
              {child_type,worker}]
 (supervisor:report_progress/2:1557)
2022-05-26 15:13:58.031994+00:00 [info] Relay IPv4 address: 127.0.0.1 (port range: 49152-65535) (eturnal:log_relay_addresses/0:287)
2022-05-26 15:13:58.032170+00:00 [info] Relay IPv6 address not configured (eturnal:log_relay_addresses/0:297)
2022-05-26 15:13:58.052351+00:00 [info] Cannot determine control query port: noport (eturnal:log_control_listener/0:312)
2022-05-26 15:13:58.052536+00:00 [debug] TURN configuration seems fine (eturnal:check_turn_config/1:520)
2022-05-26 15:13:58.052784+00:00 [debug] Using run directory run (eturnal:ensure_run_dir/0:713)
2022-05-26 15:13:58.052898+00:00 [warning] TLS enabled without 'tls_crt_file', creating self-signed certificate (eturnal:check_pem_file/0:643)
2022-05-26 15:13:59.071688+00:00 [debug] Calling mod_log_stun:start/0 (eturnal_module:start/1:142)
2022-05-26 15:13:59.072237+00:00 [debug] Starting mod_log_stun (mod_log_stun:start/0:39)
2022-05-26 15:13:59.072483+00:00 [info] Started mod_log_stun (eturnal:start_modules/0:323)
2022-05-26 15:13:59.072604+00:00 [debug] Calling mod_stats_influx:start/0 (eturnal_module:start/1:142)
2022-05-26 15:13:59.072704+00:00 [debug] Starting mod_stats_influx (mod_stats_influx:start/0:38)
2022-05-26 15:13:59.076073+00:00 [debug] PROGRESS REPORT:
    application: ulitos
    started_at: nonode@nohost
 (application_controller:info_started/2:2107)
2022-05-26 15:13:59.079567+00:00 [debug] PROGRESS REPORT:
    application: poolboy
    started_at: nonode@nohost
 (application_controller:info_started/2:2107)
2022-05-26 15:13:59.082077+00:00 [info]     msg: Starting application: influx_udp (influx_udp_app:start/2:10)
2022-05-26 15:13:59.084891+00:00 [debug] PROGRESS REPORT:
    supervisor: {local,influx_udp_sup}
    started: [{pid,<0.947.0>},
              {id,influx_udp},
              {mfargs,{influx_udp,start_link,[]}},
              {restart_type,permanent},
              {significant,false},
              {shutdown,5000},
              {child_type,worker}]
 (supervisor:report_progress/2:1557)
2022-05-26 15:13:59.085110+00:00 [debug] PROGRESS REPORT:
    application: influx_udp
    started_at: nonode@nohost
 (application_controller:info_started/2:2107)
2022-05-26 15:13:59.085587+00:00 [debug] Dependency influx_udp was available already (eturnal_module:ensure_dep/2:283)
2022-05-26 15:13:59.087840+00:00 [info]     host: {127,0,0,1}
    msg: Start clients pool
    options: #{host => "localhost",max_overflow => 1,pool_size => 1,
               port => 8089} (influx_udp:start_pool_/2:239)
2022-05-26 15:13:59.099641+00:00 [info]     msg: Open UDP socket on port
    port: 44316 (influx_udp_worker:init/1:43)
2022-05-26 15:13:59.099950+00:00 [debug] PROGRESS REPORT:
    supervisor: {local,influx_udp_sup}
    started: [{pid,<0.950.0>},
              {id,stats_influx_pool},
              {mfargs,
                  {poolboy,start_link,
                      [[{name,{local,stats_influx_pool}},
                        {worker_module,influx_udp_worker},
                        {size,1},
                        {max_overflow,1}],
                       [{options,
                            #{host => {127,0,0,1},
                              max_overflow => 1,pool_size => 1,
                              port => 8089}}]]}},
              {restart_type,permanent},
              {significant,false},
              {shutdown,5000},
              {child_type,worker}]
 (supervisor:report_progress/2:1557)
2022-05-26 15:13:59.100163+00:00 [info] Started mod_stats_influx (eturnal:start_modules/0:323)
2022-05-26 15:13:59.100328+00:00 [debug] Started 2 modules (eturnal:init/1:113)
2022-05-26 15:13:59.100438+00:00 [debug] Starting listener 127.0.0.1:34780 (udp) with options:
[{use_turn,true},
 {auth_type,user},
 {turn_ipv4_address,{127,0,0,1}},
 {turn_min_port,49152},
 {turn_max_port,65535},
 {turn_max_allocations,10},
 {turn_max_permissions,10},
 {shaper,100000},
 {turn_blacklist,[{{203,0,113,0},24},{{8193,3512,0,0,0,0,0,0},32}]},
 {turn_whitelist,[{{203,0,113,113},32},{{8193,3512,0,0,0,0,0,0},64}]},
 {auth_realm,<<"eturnal.net">>},
 {server_name,<<"eturnal">>},
 {auth_fun,fun eturnal:get_password/2},
 {hook_fun,fun eturnal:run_hook/2}] (eturnal:start_listeners/0:367)
2022-05-26 15:13:59.100884+00:00 [info] Listening on 127.0.0.1:34780 (udp) (STUN/TURN) (eturnal:start_listeners/0:372)
2022-05-26 15:13:59.101049+00:00 [debug] Starting listener 127.0.0.1:34780 (tcp) with options:
[{use_turn,false},
 {auth_type,anonymous},
 {turn_ipv4_address,{127,0,0,1}},
 {turn_min_port,49152},
 {turn_max_port,65535},
 {turn_max_allocations,10},
 {turn_max_permissions,10},
 {shaper,100000},
 {turn_blacklist,[{{203,0,113,0},24},{{8193,3512,0,0,0,0,0,0},32}]},
 {turn_whitelist,[{{203,0,113,113},32},{{8193,3512,0,0,0,0,0,0},64}]},
 {auth_realm,<<"eturnal.net">>},
 {server_name,<<"eturnal">>},
 {auth_fun,fun eturnal:get_password/2},
 {hook_fun,fun eturnal:run_hook/2}] (eturnal:start_listeners/0:367)
2022-05-26 15:13:59.117370+00:00 [info] Listening on 127.0.0.1:34780 (tcp) (STUN only) (eturnal:start_listeners/0:372)
2022-05-26 15:13:59.117623+00:00 [debug] Starting listener 127.0.0.1:53490 (tls) with options:
[{use_turn,false},
 {auth_type,anonymous},
 {tls,true},
 {certfile,<<"run/cert.pem">>},
 {ciphers,<<"HIGH:!aNULL:@STRENGTH">>},
 {protocol_options,<<"no_tlsv1|no_tlsv1_1|cipher_server_preference">>},
 {turn_ipv4_address,{127,0,0,1}},
 {turn_min_port,49152},
 {turn_max_port,65535},
 {turn_max_allocations,10},
 {turn_max_permissions,10},
 {shaper,100000},
 {turn_blacklist,[{{203,0,113,0},24},{{8193,3512,0,0,0,0,0,0},32}]},
 {turn_whitelist,[{{203,0,113,113},32},{{8193,3512,0,0,0,0,0,0},64}]},
 {auth_realm,<<"eturnal.net">>},
 {server_name,<<"eturnal">>},
 {auth_fun,fun eturnal:get_password/2},
 {hook_fun,fun eturnal:run_hook/2}] (eturnal:start_listeners/0:367)
2022-05-26 15:13:59.118172+00:00 [info] Listening on 127.0.0.1:53490 (tls) (STUN only) (eturnal:start_listeners/0:372)
2022-05-26 15:13:59.118361+00:00 [debug] Starting listener 127.0.0.1:34781 (auto) with options:
[{use_turn,false},
 {auth_type,anonymous},
 {tls,optional},
 {certfile,<<"run/cert.pem">>},
 {ciphers,<<"HIGH:!aNULL:@STRENGTH">>},
 {protocol_options,<<"no_tlsv1|no_tlsv1_1|cipher_server_preference">>},
 {turn_ipv4_address,{127,0,0,1}},
 {turn_min_port,49152},
 {turn_max_port,65535},
 {turn_max_allocations,10},
 {turn_max_permissions,10},
 {shaper,100000},
 {turn_blacklist,[{{203,0,113,0},24},{{8193,3512,0,0,0,0,0,0},32}]},
 {turn_whitelist,[{{203,0,113,113},32},{{8193,3512,0,0,0,0,0,0},64}]},
 {auth_realm,<<"eturnal.net">>},
 {server_name,<<"eturnal">>},
 {auth_fun,fun eturnal:get_password/2},
 {hook_fun,fun eturnal:run_hook/2}] (eturnal:start_listeners/0:367)
2022-05-26 15:13:59.142487+00:00 [info] Listening on 127.0.0.1:34781 (auto) (STUN only) (eturnal:start_listeners/0:372)
2022-05-26 15:13:59.142702+00:00 [debug] Started 4 listeners (eturnal:init/1:121)
2022-05-26 15:13:59.142799+00:00 [debug] PROGRESS REPORT:
    supervisor: {local,eturnal_sup}
    started: [{pid,<0.927.0>},
              {id,eturnal},
              {mfargs,{eturnal,start_link,[]}},
              {restart_type,permanent},
              {significant,false},
              {shutdown,5000},
              {child_type,worker}]
 (supervisor:report_progress/2:1557)
2022-05-26 15:13:59.142940+00:00 [debug] No NOTIFY_SOCKET, dropping READY=1 notification (eturnal_systemd:handle_cast/2:109)
2022-05-26 15:13:59.143071+00:00 [debug] Watchdog interval is undefined, hibernating (eturnal_systemd:get_timeout/1:162)
2022-05-26 15:13:59.143213+00:00 [debug] PROGRESS REPORT:
    application: eturnal
    started_at: nonode@nohost
 (application_controller:info_started/2:2107)
2022-05-26 15:13:59.177479+00:00 [debug] Handling API call: get_info() (eturnal_ctl:get_info/0:135)
2022-05-26 15:13:59.178092+00:00 [debug] eturnal call (get_info) returned {ok,
                                  {eturnal_node_info,<<"1.8.3">>,
                                   {"25","13.0"},
                                   4599,0,135,112756440,2,38991328}} (eturnal_ctl:call/1:452)
2022-05-26 15:13:59.204382+00:00 [debug] Handling API call: get_sessions() (eturnal_ctl:get_sessions/0:106)
2022-05-26 15:13:59.232445+00:00 [debug] Handling API call: get_sessions("alice") (eturnal_ctl:get_sessions/1:116)
2022-05-26 15:13:59.232829+00:00 [debug] Handling API call: disconnect(alice) (eturnal_ctl:disconnect/1:184)
2022-05-26 15:13:59.233002+00:00 [debug] Cannot convert user name to binary: alice (eturnal_ctl:disconnect/1:194)
2022-05-26 15:13:59.258185+00:00 [debug] Handling API call: disconnect("alice") (eturnal_ctl:disconnect/1:184)
2022-05-26 15:13:59.258420+00:00 [debug] Handling API call: disconnect(alice) (eturnal_ctl:disconnect/1:184)
2022-05-26 15:13:59.258529+00:00 [debug] Cannot convert user name to binary: alice (eturnal_ctl:disconnect/1:194)
2022-05-26 15:13:59.283800+00:00 [debug] Handling API call: get_credentials("2009-10-30 11:00:00Z", []) (eturnal_ctl:get_credentials/2:60)
2022-05-26 15:13:59.284059+00:00 [debug] eturnal call ({get_password,<<"1256900400">>}) returned {ok,
                                                         <<"uEKlpcME7MNMMVRV8rUFPCTIFEs=">>} (eturnal_ctl:call/1:452)
2022-05-26 15:13:59.293342+00:00 [debug] Handling API call: get_credentials("86400", "alice") (eturnal_ctl:get_credentials/2:60)
2022-05-26 15:13:59.293582+00:00 [debug] eturnal call ({get_password,<<"1653664439:alice">>}) returned {ok,
                                                               <<"niWXNgaGfaFdFTc8GPpVuZ7khcc=">>} (eturnal_ctl:call/1:452)
2022-05-26 15:13:59.293735+00:00 [debug] Handling API call: get_password("1653664439:alice") (eturnal_ctl:get_password/1:79)
2022-05-26 15:13:59.293865+00:00 [debug] eturnal call ({get_password,<<"1653664439:alice">>}) returned {ok,
                                                               <<"niWXNgaGfaFdFTc8GPpVuZ7khcc=">>} (eturnal_ctl:call/1:452)
2022-05-26 15:13:59.294029+00:00 [debug] Handling API call: get_credentials("86400s", "alice") (eturnal_ctl:get_credentials/2:60)
2022-05-26 15:13:59.294153+00:00 [debug] eturnal call ({get_password,<<"1653664439:alice">>}) returned {ok,
                                                               <<"niWXNgaGfaFdFTc8GPpVuZ7khcc=">>} (eturnal_ctl:call/1:452)
2022-05-26 15:13:59.294272+00:00 [debug] Handling API call: get_password("1653664439:alice") (eturnal_ctl:get_password/1:79)
2022-05-26 15:13:59.294368+00:00 [debug] eturnal call ({get_password,<<"1653664439:alice">>}) returned {ok,
                                                               <<"niWXNgaGfaFdFTc8GPpVuZ7khcc=">>} (eturnal_ctl:call/1:452)
2022-05-26 15:13:59.294524+00:00 [debug] Handling API call: get_credentials("1440m", "alice") (eturnal_ctl:get_credentials/2:60)
2022-05-26 15:13:59.294642+00:00 [debug] eturnal call ({get_password,<<"1653664439:alice">>}) returned {ok,
                                                               <<"niWXNgaGfaFdFTc8GPpVuZ7khcc=">>} (eturnal_ctl:call/1:452)
2022-05-26 15:13:59.294768+00:00 [debug] Handling API call: get_password("1653664439:alice") (eturnal_ctl:get_password/1:79)
2022-05-26 15:13:59.294904+00:00 [debug] eturnal call ({get_password,<<"1653664439:alice">>}) returned {ok,
                                                               <<"niWXNgaGfaFdFTc8GPpVuZ7khcc=">>} (eturnal_ctl:call/1:452)
2022-05-26 15:13:59.295321+00:00 [debug] Handling API call: get_credentials("24h", "alice") (eturnal_ctl:get_credentials/2:60)
2022-05-26 15:13:59.295488+00:00 [debug] eturnal call ({get_password,<<"1653664439:alice">>}) returned {ok,
                                                               <<"niWXNgaGfaFdFTc8GPpVuZ7khcc=">>} (eturnal_ctl:call/1:452)
2022-05-26 15:13:59.295618+00:00 [debug] Handling API call: get_password("1653664439:alice") (eturnal_ctl:get_password/1:79)
2022-05-26 15:13:59.295755+00:00 [debug] eturnal call ({get_password,<<"1653664439:alice">>}) returned {ok,
                                                               <<"niWXNgaGfaFdFTc8GPpVuZ7khcc=">>} (eturnal_ctl:call/1:452)
2022-05-26 15:13:59.295983+00:00 [debug] Handling API call: get_credentials("1d", "alice") (eturnal_ctl:get_credentials/2:60)
2022-05-26 15:13:59.296149+00:00 [debug] eturnal call ({get_password,<<"1653664439:alice">>}) returned {ok,
                                                               <<"niWXNgaGfaFdFTc8GPpVuZ7khcc=">>} (eturnal_ctl:call/1:452)
2022-05-26 15:13:59.296297+00:00 [debug] Handling API call: get_password("1653664439:alice") (eturnal_ctl:get_password/1:79)
2022-05-26 15:13:59.296430+00:00 [debug] eturnal call ({get_password,<<"1653664439:alice">>}) returned {ok,
                                                               <<"niWXNgaGfaFdFTc8GPpVuZ7khcc=">>} (eturnal_ctl:call/1:452)
2022-05-26 15:13:59.296612+00:00 [debug] Handling API call: get_password("Invalid") (eturnal_ctl:get_password/1:79)
2022-05-26 15:13:59.296722+00:00 [debug] Invalid user name: Invalid (eturnal_ctl:get_password/1:93)
2022-05-26 15:13:59.296918+00:00 [debug] Handling API call: get_credentials("Invalid", []) (eturnal_ctl:get_credentials/2:60)
2022-05-26 15:13:59.297025+00:00 [debug] Invalid argument(s): "Invalid":[] (eturnal_ctl:get_credentials/2:73)
2022-05-26 15:13:59.297138+00:00 [debug] Handling API call: get_password(invalid) (eturnal_ctl:get_password/1:79)
2022-05-26 15:13:59.297435+00:00 [debug] Cannot convert user name to binary: invalid (eturnal_ctl:get_password/1:100)
2022-05-26 15:13:59.297547+00:00 [debug] Handling API call: get_credentials(invalid, []) (eturnal_ctl:get_credentials/2:60)
2022-05-26 15:13:59.297787+00:00 [debug] Invalid argument(s): invalid:[] (eturnal_ctl:get_credentials/2:73)
2022-05-26 15:13:59.297916+00:00 [debug] Handling API call: get_password([invalid]) (eturnal_ctl:get_password/1:79)
2022-05-26 15:13:59.298001+00:00 [debug] Cannot convert user name to binary: [invalid] (eturnal_ctl:get_password/1:100)
2022-05-26 15:13:59.298120+00:00 [debug] Handling API call: get_credentials([invalid], []) (eturnal_ctl:get_credentials/2:60)
2022-05-26 15:13:59.298219+00:00 [debug] Invalid argument(s): [invalid]:[] (eturnal_ctl:get_credentials/2:73)
2022-05-26 15:13:59.298352+00:00 [debug] Handling API call: get_credentials(1256900400, invalid) (eturnal_ctl:get_credentials/2:60)
2022-05-26 15:13:59.298458+00:00 [debug] Invalid argument(s): 1256900400:invalid (eturnal_ctl:get_credentials/2:73)
2022-05-26 15:13:59.323502+00:00 [debug] Handling API call: set_loglevel(debug) (eturnal_ctl:set_loglevel/1:165)
2022-05-26 15:13:59.323728+00:00 [debug] eturnal call ({set_loglevel,debug}) returned ok (eturnal_ctl:call/1:449)
2022-05-26 15:13:59.323900+00:00 [debug] Handling API call: get_loglevel() (eturnal_ctl:get_loglevel/0:155)
2022-05-26 15:13:59.324480+00:00 [debug] eturnal call (get_loglevel) returned {ok,debug} (eturnal_ctl:call/1:452)
2022-05-26 15:13:59.324660+00:00 [debug] Handling API call: set_loglevel(invalid) (eturnal_ctl:set_loglevel/1:165)
2022-05-26 15:13:59.324752+00:00 [debug] Invalid log level: invalid (eturnal_ctl:set_loglevel/1:175)
2022-05-26 15:13:59.324884+00:00 [debug] Handling API call: get_loglevel() (eturnal_ctl:get_loglevel/0:155)
2022-05-26 15:13:59.324986+00:00 [debug] eturnal call (get_loglevel) returned {ok,debug} (eturnal_ctl:call/1:452)
2022-05-26 15:13:59.350481+00:00 [debug] Handling API call: get_version() (eturnal_ctl:get_version/0:145)
2022-05-26 15:13:59.350678+00:00 [debug] eturnal call (get_version) returned {ok,<<"1.8.3">>} (eturnal_ctl:call/1:452)
2022-05-26 15:13:59.376578+00:00 [debug] Handling API call: reload() (eturnal_ctl:reload/0:200)
2022-05-26 15:13:59.379107+00:00 [debug] Calling mod_log_stun:options/0 (eturnal_module:options/1:191)
2022-05-26 15:13:59.379297+00:00 [debug] Calling mod_stats_influx:options/0 (eturnal_module:options/1:191)
2022-05-26 15:13:59.379931+00:00 [warning] TLS enabled without 'tls_crt_file', creating self-signed certificate (eturnal:check_pem_file/0:643)
2022-05-26 15:14:00.283064+00:00 [info] Using new TLS certificate (eturnal:handle_call/3:140)
2022-05-26 15:14:00.283330+00:00 [debug] Reloaded configuration (eturnal:handle_call/3:146)
2022-05-26 15:14:00.283480+00:00 [debug] eturnal call (reload) returned ok (eturnal_ctl:call/1:449)
2022-05-26 15:14:00.283752+00:00 [debug] Handling API call: reload() (eturnal_ctl:reload/0:200)
2022-05-26 15:14:00.285843+00:00 [debug] Calling mod_log_stun:options/0 (eturnal_module:options/1:191)
2022-05-26 15:14:00.286022+00:00 [debug] Calling mod_stats_influx:options/0 (eturnal_module:options/1:191)
2022-05-26 15:14:00.286604+00:00 [debug] Keeping PEM file (run/cert.pem) (eturnal:check_pem_file/0:640)
2022-05-26 15:14:00.286755+00:00 [debug] TLS certificate unchanged (eturnal:handle_call/3:142)
2022-05-26 15:14:00.287148+00:00 [debug] Reloaded configuration (eturnal:handle_call/3:146)
2022-05-26 15:14:00.287294+00:00 [debug] eturnal call (reload) returned ok (eturnal_ctl:call/1:449)
2022-05-26 15:14:00.312422+00:00 [info] Accepting connection: 127.0.0.1:33776 -> 127.0.0.1:34780 [TCP, session 6elivz2d3unb] (stun_listener:accept/3:221)
2022-05-26 15:14:00.337041+00:00 [info] Accepting connection: 127.0.0.1:49722 -> 127.0.0.1:53490 [TLS, session g3ygl67w391y] (stun_listener:accept/3:221)
2022-05-26 15:14:00.371224+00:00 [debug] Received:
#stun{class = request,method = 3,magic = 554869826,
      trid = 30464754439722593358809990190,raw = <<>>,unsupported = [],
      'ALTERNATE-SERVER' = undefined,'CHANNEL-NUMBER' = undefined,
      'DATA' = undefined,'DONT-FRAGMENT' = false,'ERROR-CODE' = undefined,
      'LIFETIME' = undefined,'MAPPED-ADDRESS' = undefined,
      'MESSAGE-INTEGRITY' = undefined,'NONCE' = undefined,'REALM' = undefined,
      'REQUESTED-ADDRESS-FAMILY' = undefined,
      'REQUESTED-TRANSPORT' = undefined,'SOFTWARE' = undefined,
      'UNKNOWN-ATTRIBUTES' = [],'USERNAME' = undefined,
      'XOR-MAPPED-ADDRESS' = undefined,'XOR-PEER-ADDRESS' = [],
      'XOR-RELAYED-ADDRESS' = undefined} (stun:udp_recv/5:111)
2022-05-26 15:14:00.371446+00:00 [debug] Sending:
#stun{class = error,method = 3,magic = 554869826,
      trid = 30464754439722593358809990190,raw = <<>>,unsupported = [],
      'ALTERNATE-SERVER' = undefined,'CHANNEL-NUMBER' = undefined,
      'DATA' = undefined,'DONT-FRAGMENT' = false,
      'ERROR-CODE' = {401,<<"Unauthorized">>},
      'LIFETIME' = undefined,'MAPPED-ADDRESS' = undefined,
      'MESSAGE-INTEGRITY' = undefined,'NONCE' = <<"2778892407">>,
      'REALM' = <<"eturnal.net">>,'REQUESTED-ADDRESS-FAMILY' = undefined,
      'REQUESTED-TRANSPORT' = undefined,'SOFTWARE' = <<"eturnal">>,
      'UNKNOWN-ATTRIBUTES' = [],'USERNAME' = undefined,
      'XOR-MAPPED-ADDRESS' = undefined,'XOR-PEER-ADDRESS' = [],
      'XOR-RELAYED-ADDRESS' = undefined} (stun:send/3:445)
2022-05-26 15:14:00.371808+00:00 [debug] Received:
#stun{class = request,method = 3,magic = 554869826,
      trid = 50630122350998023934832542692,
      raw = <<0,3,0,80,33,18,164,66,163,152,65,112,78,213,168,21,154,0,3,228,0,
              25,0,4,17,0,0,0,0,6,0,10,50,49,52,53,57,49,51,50,48,48,0,0,0,20,
              0,11,101,116,117,114,110,97,108,46,110,101,116,0,0,21,0,10,50,55,
              55,56,56,57,50,52,48,55,0,0>>,
      unsupported = [],'ALTERNATE-SERVER' = undefined,
      'CHANNEL-NUMBER' = undefined,'DATA' = undefined,'DONT-FRAGMENT' = false,
      'ERROR-CODE' = undefined,'LIFETIME' = undefined,
      'MAPPED-ADDRESS' = undefined,
      'MESSAGE-INTEGRITY' = <<245,187,183,225,117,243,187,74,76,118,162,141,
                              134,74,212,213,134,110,71,168>>,
      'NONCE' = <<"2778892407">>,'REALM' = <<"eturnal.net">>,
      'REQUESTED-ADDRESS-FAMILY' = undefined,'REQUESTED-TRANSPORT' = udp,
      'SOFTWARE' = undefined,'UNKNOWN-ATTRIBUTES' = [],
      'USERNAME' = <<"2145913200">>,'XOR-MAPPED-ADDRESS' = undefined,
      'XOR-PEER-ADDRESS' = [],'XOR-RELAYED-ADDRESS' = undefined} (stun:udp_recv/5:111)
2022-05-26 15:14:00.371953+00:00 [debug] Looking up password for: 2145913200 [UDP, session g58a121quuru, user 2145913200, client 127.0.0.1:47614] (eturnal:get_password/2:225)
2022-05-26 15:14:00.372028+00:00 [info] Accepting long-term STUN/TURN authentication [UDP, session g58a121quuru, user 2145913200, client 127.0.0.1:47614] (stun:process/2:249)
2022-05-26 15:14:00.376132+00:00 [debug] Running 'turn_session_start' hook [UDP, session g58a121quuru, user 2145913200, client 127.0.0.1:47614] (turn:run_hook/2:711)
2022-05-26 15:14:00.376257+00:00 [debug] Got 'turn_session_start' event [UDP, session g58a121quuru, user 2145913200, client 127.0.0.1:47614] (eturnal_module:handle_event/2:176)
2022-05-26 15:14:00.376492+00:00 [notice] Creating TURN allocation (lifetime: 599 seconds) [UDP, session g58a121quuru, user 2145913200, client 127.0.0.1:47614, relay 127.0.0.1:55796] (turn:wait_for_allocate/2:207)
2022-05-26 15:14:00.376685+00:00 [debug] Sending:
#stun{class = response,method = 3,magic = 554869826,
      trid = 50630122350998023934832542692,raw = <<>>,unsupported = [],
      'ALTERNATE-SERVER' = undefined,'CHANNEL-NUMBER' = undefined,
      'DATA' = undefined,'DONT-FRAGMENT' = false,'ERROR-CODE' = undefined,
      'LIFETIME' = 599,'MAPPED-ADDRESS' = undefined,
      'MESSAGE-INTEGRITY' = undefined,'NONCE' = undefined,'REALM' = undefined,
      'REQUESTED-ADDRESS-FAMILY' = undefined,
      'REQUESTED-TRANSPORT' = undefined,'SOFTWARE' = <<"eturnal">>,
      'UNKNOWN-ATTRIBUTES' = [],'USERNAME' = undefined,
      'XOR-MAPPED-ADDRESS' = {{127,0,0,1},47614},
      'XOR-PEER-ADDRESS' = [],
      'XOR-RELAYED-ADDRESS' = {{127,0,0,1},55796}} (turn:send/2:521)
2022-05-26 15:14:00.377080+00:00 [debug] Received:
#stun{class = request,method = 4,magic = 554869826,
      trid = 44986364356454482025473167998,
      raw = <<0,4,0,80,33,18,164,66,145,91,217,50,95,231,33,225,209,176,210,
              126,0,6,0,10,50,49,52,53,57,49,51,50,48,48,0,0,0,20,0,11,101,116,
              117,114,110,97,108,46,110,101,116,0,0,21,0,10,50,55,55,56,56,57,
              50,52,48,55,0,0,0,13,0,4,0,0,0,0>>,
      unsupported = [],'ALTERNATE-SERVER' = undefined,
      'CHANNEL-NUMBER' = undefined,'DATA' = undefined,'DONT-FRAGMENT' = false,
      'ERROR-CODE' = undefined,'LIFETIME' = 0,'MAPPED-ADDRESS' = undefined,
      'MESSAGE-INTEGRITY' = <<61,16,136,250,120,85,154,95,63,168,69,79,241,252,
                              194,43,83,5,137,103>>,
      'NONCE' = <<"2778892407">>,'REALM' = <<"eturnal.net">>,
      'REQUESTED-ADDRESS-FAMILY' = undefined,
      'REQUESTED-TRANSPORT' = undefined,'SOFTWARE' = undefined,
      'UNKNOWN-ATTRIBUTES' = [],'USERNAME' = <<"2145913200">>,
      'XOR-MAPPED-ADDRESS' = undefined,'XOR-PEER-ADDRESS' = [],
      'XOR-RELAYED-ADDRESS' = undefined} (stun:udp_recv/5:111)
2022-05-26 15:14:00.377260+00:00 [debug] Looking up password for: 2145913200 [UDP, session c3qa7s23nbpo, user 2145913200, client 127.0.0.1:47614] (eturnal:get_password/2:225)
2022-05-26 15:14:00.377347+00:00 [info] Accepting long-term STUN/TURN authentication [UDP, session c3qa7s23nbpo, user 2145913200, client 127.0.0.1:47614] (stun:process/2:249)
2022-05-26 15:14:00.377404+00:00 [info] Client requested closing the TURN session [UDP, session g58a121quuru, user 2145913200, client 127.0.0.1:47614, relay 127.0.0.1:55796] (turn:active/2:262)
2022-05-26 15:14:00.377521+00:00 [debug] Sending:
#stun{class = response,method = 4,magic = 554869826,
      trid = 44986364356454482025473167998,raw = <<>>,unsupported = [],
      'ALTERNATE-SERVER' = undefined,'CHANNEL-NUMBER' = undefined,
      'DATA' = undefined,'DONT-FRAGMENT' = false,'ERROR-CODE' = undefined,
      'LIFETIME' = 0,'MAPPED-ADDRESS' = undefined,
      'MESSAGE-INTEGRITY' = undefined,'NONCE' = undefined,'REALM' = undefined,
      'REQUESTED-ADDRESS-FAMILY' = undefined,
      'REQUESTED-TRANSPORT' = undefined,'SOFTWARE' = <<"eturnal">>,
      'UNKNOWN-ATTRIBUTES' = [],'USERNAME' = undefined,
      'XOR-MAPPED-ADDRESS' = undefined,'XOR-PEER-ADDRESS' = [],
      'XOR-RELAYED-ADDRESS' = undefined} (turn:send/2:521)
2022-05-26 15:14:00.377641+00:00 [info] Deleting TURN allocation [UDP, session g58a121quuru, user 2145913200, client 127.0.0.1:47614, relay 127.0.0.1:55796] (turn:terminate/3:454)
2022-05-26 15:14:00.377697+00:00 [notice] Relayed 0 KiB (in 0 B / 0 packets, out 0 B / 0 packets), duration: 0 seconds [UDP, session g58a121quuru, user 2145913200, client 127.0.0.1:47614, relay 127.0.0.1:55796] (turn:terminate/3:461)
2022-05-26 15:14:00.377770+00:00 [debug] Running 'turn_session_stop' hook [UDP, session g58a121quuru, user 2145913200, client 127.0.0.1:47614, relay 127.0.0.1:55796] (turn:run_hook/2:711)
2022-05-26 15:14:00.377826+00:00 [debug] Got 'turn_session_stop' event [UDP, session g58a121quuru, user 2145913200, client 127.0.0.1:47614, relay 127.0.0.1:55796] (eturnal_module:handle_event/2:176)
2022-05-26 15:14:00.377876+00:00 [debug] Calling mod_stats_influx:handle_event/2 [UDP, session g58a121quuru, user 2145913200, client 127.0.0.1:47614, relay 127.0.0.1:55796] (eturnal_module:handle_event/2:179)
2022-05-26 15:14:00.377927+00:00 [debug] Writing stats of TURN session g58a121quuru to InfluxDB [UDP, session g58a121quuru, user 2145913200, client 127.0.0.1:47614, relay 127.0.0.1:55796] (mod_stats_influx:on_turn_session_stop/1:81)
2022-05-26 15:14:00.402964+00:00 [debug] Received:
#stun{class = request,method = 1,magic = 554869826,
      trid = 63795456310658963697111096135,raw = <<>>,unsupported = [],
      'ALTERNATE-SERVER' = undefined,'CHANNEL-NUMBER' = undefined,
      'DATA' = undefined,'DONT-FRAGMENT' = false,'ERROR-CODE' = undefined,
      'LIFETIME' = undefined,'MAPPED-ADDRESS' = undefined,
      'MESSAGE-INTEGRITY' = undefined,'NONCE' = undefined,'REALM' = undefined,
      'REQUESTED-ADDRESS-FAMILY' = undefined,
      'REQUESTED-TRANSPORT' = undefined,'SOFTWARE' = undefined,
      'UNKNOWN-ATTRIBUTES' = [],'USERNAME' = undefined,
      'XOR-MAPPED-ADDRESS' = undefined,'XOR-PEER-ADDRESS' = [],
      'XOR-RELAYED-ADDRESS' = undefined} (stun:udp_recv/5:111)
2022-05-26 15:14:00.403145+00:00 [debug] Responding to STUN request [UDP, session 1lsbgullzy2h, anonymous, client 127.0.0.1:57970] (stun:process/4:312)
2022-05-26 15:14:00.403207+00:00 [debug] Running 'stun_query' hook [UDP, session 1lsbgullzy2h, anonymous, client 127.0.0.1:57970] (stun:run_hook/3:818)
2022-05-26 15:14:00.403323+00:00 [debug] Got 'stun_query' event [UDP, session 1lsbgullzy2h, anonymous, client 127.0.0.1:57970] (eturnal_module:handle_event/2:176)
2022-05-26 15:14:00.403377+00:00 [debug] Calling mod_log_stun:handle_event/2 [UDP, session 1lsbgullzy2h, anonymous, client 127.0.0.1:57970] (eturnal_module:handle_event/2:179)
2022-05-26 15:14:00.403445+00:00 [info] Responding to STUN request [UDP, session 1lsbgullzy2h, anonymous, client 127.0.0.1:57970] (mod_log_stun:handle_event/2:45)
2022-05-26 15:14:00.403500+00:00 [debug] Calling mod_stats_influx:handle_event/2 [UDP, session 1lsbgullzy2h, anonymous, client 127.0.0.1:57970] (eturnal_module:handle_event/2:179)
2022-05-26 15:14:00.403548+00:00 [debug] Writing STUN query event to InfluxDB [UDP, session 1lsbgullzy2h, anonymous, client 127.0.0.1:57970] (mod_stats_influx:on_stun_query/1:70)
2022-05-26 15:14:00.403789+00:00 [debug] Sending:
#stun{class = response,method = 1,magic = 554869826,
      trid = 63795456310658963697111096135,raw = <<>>,unsupported = [],
      'ALTERNATE-SERVER' = undefined,'CHANNEL-NUMBER' = undefined,
      'DATA' = undefined,'DONT-FRAGMENT' = false,'ERROR-CODE' = undefined,
      'LIFETIME' = undefined,'MAPPED-ADDRESS' = undefined,
      'MESSAGE-INTEGRITY' = undefined,'NONCE' = undefined,'REALM' = undefined,
      'REQUESTED-ADDRESS-FAMILY' = undefined,
      'REQUESTED-TRANSPORT' = undefined,'SOFTWARE' = <<"eturnal">>,
      'UNKNOWN-ATTRIBUTES' = [],'USERNAME' = undefined,
      'XOR-MAPPED-ADDRESS' = {{127,0,0,1},57970},
      'XOR-PEER-ADDRESS' = [],'XOR-RELAYED-ADDRESS' = undefined} (stun:send/3:445)
2022-05-26 15:14:00.429839+00:00 [info] Accepting connection: 127.0.0.1:33778 -> 127.0.0.1:34780 [TCP, session c6o49b8ij514] (stun_listener:accept/3:221)
2022-05-26 15:14:00.430161+00:00 [debug] Received:
#stun{class = request,method = 1,magic = 554869826,
      trid = 22601981938110107499999388792,raw = <<>>,unsupported = [],
      'ALTERNATE-SERVER' = undefined,'CHANNEL-NUMBER' = undefined,
      'DATA' = undefined,'DONT-FRAGMENT' = false,'ERROR-CODE' = undefined,
      'LIFETIME' = undefined,'MAPPED-ADDRESS' = undefined,
      'MESSAGE-INTEGRITY' = undefined,'NONCE' = undefined,'REALM' = undefined,
      'REQUESTED-ADDRESS-FAMILY' = undefined,
      'REQUESTED-TRANSPORT' = undefined,'SOFTWARE' = undefined,
      'UNKNOWN-ATTRIBUTES' = [],'USERNAME' = undefined,
      'XOR-MAPPED-ADDRESS' = undefined,'XOR-PEER-ADDRESS' = [],
      'XOR-RELAYED-ADDRESS' = undefined} (stun:process_data/3:404)
2022-05-26 15:14:00.430317+00:00 [debug] Responding to STUN request [TCP, session c6o49b8ij514, anonymous, client 127.0.0.1:33778] (stun:process/4:312)
2022-05-26 15:14:00.430370+00:00 [debug] Running 'stun_query' hook [TCP, session c6o49b8ij514, anonymous, client 127.0.0.1:33778] (stun:run_hook/3:818)
2022-05-26 15:14:00.430423+00:00 [debug] Got 'stun_query' event [TCP, session c6o49b8ij514, anonymous, client 127.0.0.1:33778] (eturnal_module:handle_event/2:176)
2022-05-26 15:14:00.430472+00:00 [debug] Calling mod_log_stun:handle_event/2 [TCP, session c6o49b8ij514, anonymous, client 127.0.0.1:33778] (eturnal_module:handle_event/2:179)
2022-05-26 15:14:00.430522+00:00 [info] Responding to STUN request [TCP, session c6o49b8ij514, anonymous, client 127.0.0.1:33778] (mod_log_stun:handle_event/2:45)
2022-05-26 15:14:00.430566+00:00 [debug] Calling mod_stats_influx:handle_event/2 [TCP, session c6o49b8ij514, anonymous, client 127.0.0.1:33778] (eturnal_module:handle_event/2:179)
2022-05-26 15:14:00.430607+00:00 [debug] Writing STUN query event to InfluxDB [TCP, session c6o49b8ij514, anonymous, client 127.0.0.1:33778] (mod_stats_influx:on_stun_query/1:70)
2022-05-26 15:14:00.430972+00:00 [debug] Sending:
#stun{class = response,method = 1,magic = 554869826,
      trid = 22601981938110107499999388792,raw = <<>>,unsupported = [],
      'ALTERNATE-SERVER' = undefined,'CHANNEL-NUMBER' = undefined,
      'DATA' = undefined,'DONT-FRAGMENT' = false,'ERROR-CODE' = undefined,
      'LIFETIME' = undefined,'MAPPED-ADDRESS' = undefined,
      'MESSAGE-INTEGRITY' = undefined,'NONCE' = undefined,'REALM' = undefined,
      'REQUESTED-ADDRESS-FAMILY' = undefined,
      'REQUESTED-TRANSPORT' = undefined,'SOFTWARE' = <<"P1 STUN library">>,
      'UNKNOWN-ATTRIBUTES' = [],'USERNAME' = undefined,
      'XOR-MAPPED-ADDRESS' = {{127,0,0,1},33778},
      'XOR-PEER-ADDRESS' = [],'XOR-RELAYED-ADDRESS' = undefined} (stun:send/3:445)
2022-05-26 15:14:00.431282+00:00 [info] Connection reset by peer [TCP, session c6o49b8ij514, anonymous, client 127.0.0.1:33778] (stun:handle_info/3:170)
2022-05-26 15:14:00.456528+00:00 [info] Accepting connection: 127.0.0.1:49724 -> 127.0.0.1:53490 [TLS, session n4d0txeh45sg] (stun_listener:accept/3:221)
2022-05-26 15:14:00.566669+00:00 [debug] Received:
#stun{class = request,method = 1,magic = 554869826,
      trid = 51266091552863903196076980561,raw = <<>>,unsupported = [],
      'ALTERNATE-SERVER' = undefined,'CHANNEL-NUMBER' = undefined,
      'DATA' = undefined,'DONT-FRAGMENT' = false,'ERROR-CODE' = undefined,
      'LIFETIME' = undefined,'MAPPED-ADDRESS' = undefined,
      'MESSAGE-INTEGRITY' = undefined,'NONCE' = undefined,'REALM' = undefined,
      'REQUESTED-ADDRESS-FAMILY' = undefined,
      'REQUESTED-TRANSPORT' = undefined,'SOFTWARE' = undefined,
      'UNKNOWN-ATTRIBUTES' = [],'USERNAME' = undefined,
      'XOR-MAPPED-ADDRESS' = undefined,'XOR-PEER-ADDRESS' = [],
      'XOR-RELAYED-ADDRESS' = undefined} (stun:process_data/3:404)
2022-05-26 15:14:00.566843+00:00 [debug] Responding to STUN request [TLS, session n4d0txeh45sg, anonymous, client 127.0.0.1:49724] (stun:process/4:312)
2022-05-26 15:14:00.566917+00:00 [debug] Running 'stun_query' hook [TLS, session n4d0txeh45sg, anonymous, client 127.0.0.1:49724] (stun:run_hook/3:818)
2022-05-26 15:14:00.566965+00:00 [debug] Got 'stun_query' event [TLS, session n4d0txeh45sg, anonymous, client 127.0.0.1:49724] (eturnal_module:handle_event/2:176)
2022-05-26 15:14:00.567005+00:00 [debug] Calling mod_log_stun:handle_event/2 [TLS, session n4d0txeh45sg, anonymous, client 127.0.0.1:49724] (eturnal_module:handle_event/2:179)
2022-05-26 15:14:00.567077+00:00 [info] Responding to STUN request [TLS, session n4d0txeh45sg, anonymous, client 127.0.0.1:49724] (mod_log_stun:handle_event/2:45)
2022-05-26 15:14:00.567116+00:00 [debug] Calling mod_stats_influx:handle_event/2 [TLS, session n4d0txeh45sg, anonymous, client 127.0.0.1:49724] (eturnal_module:handle_event/2:179)
2022-05-26 15:14:00.567240+00:00 [debug] Writing STUN query event to InfluxDB [TLS, session n4d0txeh45sg, anonymous, client 127.0.0.1:49724] (mod_stats_influx:on_stun_query/1:70)
2022-05-26 15:14:00.567476+00:00 [debug] Sending:
#stun{class = response,method = 1,magic = 554869826,
      trid = 51266091552863903196076980561,raw = <<>>,unsupported = [],
      'ALTERNATE-SERVER' = undefined,'CHANNEL-NUMBER' = undefined,
      'DATA' = undefined,'DONT-FRAGMENT' = false,'ERROR-CODE' = undefined,
      'LIFETIME' = undefined,'MAPPED-ADDRESS' = undefined,
      'MESSAGE-INTEGRITY' = undefined,'NONCE' = undefined,'REALM' = undefined,
      'REQUESTED-ADDRESS-FAMILY' = undefined,
      'REQUESTED-TRANSPORT' = undefined,'SOFTWARE' = <<"P1 STUN library">>,
      'UNKNOWN-ATTRIBUTES' = [],'USERNAME' = undefined,
      'XOR-MAPPED-ADDRESS' = {{127,0,0,1},49724},
      'XOR-PEER-ADDRESS' = [],'XOR-RELAYED-ADDRESS' = undefined} (stun:send/3:445)
2022-05-26 15:14:00.567849+00:00 [info] Connection reset by peer [TLS, session n4d0txeh45sg, anonymous, client 127.0.0.1:49724] (stun:handle_info/3:170)
2022-05-26 15:14:00.592955+00:00 [info] Accepting connection: 127.0.0.1:41096 -> 127.0.0.1:34781 [TCP|TLS, session qkc9mn958p2s] (stun_listener:accept/3:221)
2022-05-26 15:14:00.593164+00:00 [debug] Determined transport protocol: TCP (stun:is_tls_handshake/1:766)
2022-05-26 15:14:00.593564+00:00 [debug] Received:
#stun{class = request,method = 1,magic = 554869826,
      trid = 63621308065729787899022364481,raw = <<>>,unsupported = [],
      'ALTERNATE-SERVER' = undefined,'CHANNEL-NUMBER' = undefined,
      'DATA' = undefined,'DONT-FRAGMENT' = false,'ERROR-CODE' = undefined,
      'LIFETIME' = undefined,'MAPPED-ADDRESS' = undefined,
      'MESSAGE-INTEGRITY' = undefined,'NONCE' = undefined,'REALM' = undefined,
      'REQUESTED-ADDRESS-FAMILY' = undefined,
      'REQUESTED-TRANSPORT' = undefined,'SOFTWARE' = undefined,
      'UNKNOWN-ATTRIBUTES' = [],'USERNAME' = undefined,
      'XOR-MAPPED-ADDRESS' = undefined,'XOR-PEER-ADDRESS' = [],
      'XOR-RELAYED-ADDRESS' = undefined} (stun:process_data/3:404)
2022-05-26 15:14:00.593669+00:00 [debug] Responding to STUN request [TCP, session qkc9mn958p2s, anonymous, client 127.0.0.1:41096] (stun:process/4:312)
2022-05-26 15:14:00.593731+00:00 [debug] Running 'stun_query' hook [TCP, session qkc9mn958p2s, anonymous, client 127.0.0.1:41096] (stun:run_hook/3:818)
2022-05-26 15:14:00.593799+00:00 [debug] Got 'stun_query' event [TCP, session qkc9mn958p2s, anonymous, client 127.0.0.1:41096] (eturnal_module:handle_event/2:176)
2022-05-26 15:14:00.593848+00:00 [debug] Calling mod_log_stun:handle_event/2 [TCP, session qkc9mn958p2s, anonymous, client 127.0.0.1:41096] (eturnal_module:handle_event/2:179)
2022-05-26 15:14:00.593899+00:00 [info] Responding to STUN request [TCP, session qkc9mn958p2s, anonymous, client 127.0.0.1:41096] (mod_log_stun:handle_event/2:45)
2022-05-26 15:14:00.593939+00:00 [debug] Calling mod_stats_influx:handle_event/2 [TCP, session qkc9mn958p2s, anonymous, client 127.0.0.1:41096] (eturnal_module:handle_event/2:179)
2022-05-26 15:14:00.593981+00:00 [debug] Writing STUN query event to InfluxDB [TCP, session qkc9mn958p2s, anonymous, client 127.0.0.1:41096] (mod_stats_influx:on_stun_query/1:70)
2022-05-26 15:14:00.594252+00:00 [debug] Sending:
#stun{class = response,method = 1,magic = 554869826,
      trid = 63621308065729787899022364481,raw = <<>>,unsupported = [],
      'ALTERNATE-SERVER' = undefined,'CHANNEL-NUMBER' = undefined,
      'DATA' = undefined,'DONT-FRAGMENT' = false,'ERROR-CODE' = undefined,
      'LIFETIME' = undefined,'MAPPED-ADDRESS' = undefined,
      'MESSAGE-INTEGRITY' = undefined,'NONCE' = undefined,'REALM' = undefined,
      'REQUESTED-ADDRESS-FAMILY' = undefined,
      'REQUESTED-TRANSPORT' = undefined,'SOFTWARE' = <<"P1 STUN library">>,
      'UNKNOWN-ATTRIBUTES' = [],'USERNAME' = undefined,
      'XOR-MAPPED-ADDRESS' = {{127,0,0,1},41096},
      'XOR-PEER-ADDRESS' = [],'XOR-RELAYED-ADDRESS' = undefined} (stun:send/3:445)
2022-05-26 15:14:00.594491+00:00 [info] Connection reset by peer [TCP, session qkc9mn958p2s, anonymous, client 127.0.0.1:41096] (stun:handle_info/3:170)
2022-05-26 15:14:00.619058+00:00 [info] Accepting connection: 127.0.0.1:41098 -> 127.0.0.1:34781 [TCP|TLS, session deh50o6js4sm] (stun_listener:accept/3:221)
2022-05-26 15:14:00.619272+00:00 [debug] Determined transport protocol: TLS (stun:is_tls_handshake/1:763)
2022-05-26 15:14:00.729695+00:00 [debug] Received:
#stun{class = request,method = 1,magic = 554869826,
      trid = 41714677869218466336083441491,raw = <<>>,unsupported = [],
      'ALTERNATE-SERVER' = undefined,'CHANNEL-NUMBER' = undefined,
      'DATA' = undefined,'DONT-FRAGMENT' = false,'ERROR-CODE' = undefined,
      'LIFETIME' = undefined,'MAPPED-ADDRESS' = undefined,
      'MESSAGE-INTEGRITY' = undefined,'NONCE' = undefined,'REALM' = undefined,
      'REQUESTED-ADDRESS-FAMILY' = undefined,
      'REQUESTED-TRANSPORT' = undefined,'SOFTWARE' = undefined,
      'UNKNOWN-ATTRIBUTES' = [],'USERNAME' = undefined,
      'XOR-MAPPED-ADDRESS' = undefined,'XOR-PEER-ADDRESS' = [],
      'XOR-RELAYED-ADDRESS' = undefined} (stun:process_data/3:404)
2022-05-26 15:14:00.729890+00:00 [debug] Responding to STUN request [TLS, session deh50o6js4sm, anonymous, client 127.0.0.1:41098] (stun:process/4:312)
2022-05-26 15:14:00.729947+00:00 [debug] Running 'stun_query' hook [TLS, session deh50o6js4sm, anonymous, client 127.0.0.1:41098] (stun:run_hook/3:818)
2022-05-26 15:14:00.730006+00:00 [debug] Got 'stun_query' event [TLS, session deh50o6js4sm, anonymous, client 127.0.0.1:41098] (eturnal_module:handle_event/2:176)
2022-05-26 15:14:00.730050+00:00 [debug] Calling mod_log_stun:handle_event/2 [TLS, session deh50o6js4sm, anonymous, client 127.0.0.1:41098] (eturnal_module:handle_event/2:179)
2022-05-26 15:14:00.730097+00:00 [info] Responding to STUN request [TLS, session deh50o6js4sm, anonymous, client 127.0.0.1:41098] (mod_log_stun:handle_event/2:45)
2022-05-26 15:14:00.730193+00:00 [debug] Calling mod_stats_influx:handle_event/2 [TLS, session deh50o6js4sm, anonymous, client 127.0.0.1:41098] (eturnal_module:handle_event/2:179)
2022-05-26 15:14:00.730238+00:00 [debug] Writing STUN query event to InfluxDB [TLS, session deh50o6js4sm, anonymous, client 127.0.0.1:41098] (mod_stats_influx:on_stun_query/1:70)
2022-05-26 15:14:00.730477+00:00 [debug] Sending:
#stun{class = response,method = 1,magic = 554869826,
      trid = 41714677869218466336083441491,raw = <<>>,unsupported = [],
      'ALTERNATE-SERVER' = undefined,'CHANNEL-NUMBER' = undefined,
      'DATA' = undefined,'DONT-FRAGMENT' = false,'ERROR-CODE' = undefined,
      'LIFETIME' = undefined,'MAPPED-ADDRESS' = undefined,
      'MESSAGE-INTEGRITY' = undefined,'NONCE' = undefined,'REALM' = undefined,
      'REQUESTED-ADDRESS-FAMILY' = undefined,
      'REQUESTED-TRANSPORT' = undefined,'SOFTWARE' = <<"P1 STUN library">>,
      'UNKNOWN-ATTRIBUTES' = [],'USERNAME' = undefined,
      'XOR-MAPPED-ADDRESS' = {{127,0,0,1},41098},
      'XOR-PEER-ADDRESS' = [],'XOR-RELAYED-ADDRESS' = undefined} (stun:send/3:445)
2022-05-26 15:14:00.730829+00:00 [info] Connection reset by peer [TLS, session deh50o6js4sm, anonymous, client 127.0.0.1:41098] (stun:handle_info/3:170)
2022-05-26 15:14:00.756389+00:00 [debug] No NOTIFY_SOCKET, dropping STOPPING=1 notification (eturnal_systemd:handle_cast/2:109)
2022-05-26 15:14:00.756604+00:00 [debug] Watchdog interval is undefined, hibernating (eturnal_systemd:get_timeout/1:162)
2022-05-26 15:14:00.756437+00:00 [debug] Terminating eturnal (shutdown) (eturnal:terminate/2:200)
2022-05-26 15:14:00.757015+00:00 [info] Stopped listening on 127.0.0.1:34780 (udp) (eturnal:stop_listeners/1:395)
2022-05-26 15:14:00.757383+00:00 [info] Stopped listening on 127.0.0.1:34780 (tcp) (eturnal:stop_listeners/1:395)
2022-05-26 15:14:00.757579+00:00 [info] Stopped listening on 127.0.0.1:53490 (tls) (eturnal:stop_listeners/1:395)
2022-05-26 15:14:00.757687+00:00 [info] Stopped listening on 127.0.0.1:34781 (auto) (eturnal:stop_listeners/1:395)
2022-05-26 15:14:00.758358+00:00 [debug] Calling mod_log_stun:stop/1 (eturnal_module:stop/1:162)
2022-05-26 15:14:00.759018+00:00 [debug] Stopping mod_log_stun (mod_log_stun:stop/0:50)
2022-05-26 15:14:00.759369+00:00 [info] Stopped mod_log_stun (eturnal:stop_modules/1:343)
2022-05-26 15:14:00.760388+00:00 [debug] Calling mod_stats_influx:stop/1 (eturnal_module:stop/1:162)
2022-05-26 15:14:00.760550+00:00 [debug] Stopping mod_stats_influx (mod_stats_influx:stop/0:55)
2022-05-26 15:14:00.760666+00:00 [info] Stopped mod_stats_influx (eturnal:stop_modules/1:343)
2022-05-26 15:14:00.761039+00:00 [debug] Removed run/cert.pem (eturnal:clean_run_dir/0:728)
2022-05-26 15:14:00.761218+00:00 [debug] Terminating eturnal_systemd (shutdown) (eturnal_systemd:terminate/2:136)
2022-05-26 15:14:00.761693+00:00 [notice] Stopping eturnal 1.8.3 on Erlang/OTP 25 (ERTS 13.0) (eturnal_app:stop/1:54)
