2022-05-30 19:43:06.438674+00:00 [notice] Starting eturnal 1.8.3 on Erlang/OTP 25 (ERTS 13.0) (eturnal_app:start/2:35)
2022-05-30 19:43:06.438932+00:00 [debug] Starting supervisor: eturnal_sup (eturnal_sup:start_link/0:32)
2022-05-30 19:43:06.439126+00:00 [debug] Configuring eturnal_sup supervisor: [#{id => systemd,
                                       start =>
                                           {eturnal_systemd,start_link,[]}},
                                     #{id => eturnal,
                                       start => {eturnal,start_link,[]}}] (eturnal_sup:init/0:40)
2022-05-30 19:43:06.441749+00:00 [info] Got no NOTIFY_SOCKET, notifications disabled (eturnal_systemd:init/1:95)
2022-05-30 19:43:06.441983+00:00 [debug] PROGRESS REPORT:
    supervisor: {local,eturnal_sup}
    started: [{pid,<0.925.0>},
              {id,systemd},
              {mfargs,{eturnal_systemd,start_link,[]}},
              {restart_type,permanent},
              {significant,false},
              {shutdown,5000},
              {child_type,worker}]
 (supervisor:report_progress/2:1557)
2022-05-30 19:43:06.442230+00:00 [info] Relay IPv4 address: 127.0.0.1 (port range: 49152-65535) (eturnal:log_relay_addresses/0:287)
2022-05-30 19:43:06.442384+00:00 [info] Relay IPv6 address not configured (eturnal:log_relay_addresses/0:297)
2022-05-30 19:43:06.461286+00:00 [info] Cannot determine control query port: noport (eturnal:log_control_listener/0:312)
2022-05-30 19:43:06.461512+00:00 [debug] TURN configuration seems fine (eturnal:check_turn_config/1:520)
2022-05-30 19:43:06.461949+00:00 [debug] Using run directory run (eturnal:ensure_run_dir/0:713)
2022-05-30 19:43:06.462184+00:00 [warning] TLS enabled without 'tls_crt_file', creating self-signed certificate (eturnal:check_pem_file/0:643)
2022-05-30 19:43:06.795557+00:00 [debug] Calling mod_log_stun:start/0 (eturnal_module:start/1:142)
2022-05-30 19:43:06.795788+00:00 [debug] Starting mod_log_stun (mod_log_stun:start/0:39)
2022-05-30 19:43:06.795995+00:00 [info] Started mod_log_stun (eturnal:start_modules/0:323)
2022-05-30 19:43:06.796143+00:00 [debug] Calling mod_stats_influx:start/0 (eturnal_module:start/1:142)
2022-05-30 19:43:06.796262+00:00 [debug] Starting mod_stats_influx (mod_stats_influx:start/0:38)
2022-05-30 19:43:06.799226+00:00 [debug] PROGRESS REPORT:
    application: ulitos
    started_at: nonode@nohost
 (application_controller:info_started/2:2107)
2022-05-30 19:43:06.800926+00:00 [debug] PROGRESS REPORT:
    application: poolboy
    started_at: nonode@nohost
 (application_controller:info_started/2:2107)
2022-05-30 19:43:06.802463+00:00 [info]     msg: Starting application: influx_udp (influx_udp_app:start/2:10)
2022-05-30 19:43:06.805602+00:00 [debug] PROGRESS REPORT:
    supervisor: {local,influx_udp_sup}
    started: [{pid,<0.947.0>},
              {id,influx_udp},
              {mfargs,{influx_udp,start_link,[]}},
              {restart_type,permanent},
              {significant,false},
              {shutdown,5000},
              {child_type,worker}]
 (supervisor:report_progress/2:1557)
2022-05-30 19:43:06.805790+00:00 [debug] PROGRESS REPORT:
    application: influx_udp
    started_at: nonode@nohost
 (application_controller:info_started/2:2107)
2022-05-30 19:43:06.805870+00:00 [debug] Dependency influx_udp was available already (eturnal_module:ensure_dep/2:283)
2022-05-30 19:43:06.808973+00:00 [info]     host: {127,0,0,1}
    msg: Start clients pool
    options: #{host => "localhost",max_overflow => 1,pool_size => 1,
               port => 8089} (influx_udp:start_pool_/2:239)
2022-05-30 19:43:06.820902+00:00 [info]     msg: Open UDP socket on port
    port: 36442 (influx_udp_worker:init/1:43)
2022-05-30 19:43:06.821184+00:00 [debug] PROGRESS REPORT:
    supervisor: {local,influx_udp_sup}
    started: [{pid,<0.950.0>},
              {id,stats_influx_pool},
              {mfargs,
                  {poolboy,start_link,
                      [[{name,{local,stats_influx_pool}},
                        {worker_module,influx_udp_worker},
                        {size,1},
                        {max_overflow,1}],
                       [{options,
                            #{host => {127,0,0,1},
                              max_overflow => 1,pool_size => 1,
                              port => 8089}}]]}},
              {restart_type,permanent},
              {significant,false},
              {shutdown,5000},
              {child_type,worker}]
 (supervisor:report_progress/2:1557)
2022-05-30 19:43:06.821418+00:00 [info] Started mod_stats_influx (eturnal:start_modules/0:323)
2022-05-30 19:43:06.821623+00:00 [debug] Started 2 modules (eturnal:init/1:113)
2022-05-30 19:43:06.821751+00:00 [debug] Starting listener 127.0.0.1:34780 (udp) with options:
[{use_turn,true},
 {auth_type,user},
 {turn_ipv4_address,{127,0,0,1}},
 {turn_min_port,49152},
 {turn_max_port,65535},
 {turn_max_allocations,10},
 {turn_max_permissions,10},
 {shaper,100000},
 {turn_blacklist,[{{203,0,113,0},24},{{8193,3512,0,0,0,0,0,0},32}]},
 {turn_whitelist,[{{203,0,113,113},32},{{8193,3512,0,0,0,0,0,0},64}]},
 {auth_realm,<<"eturnal.net">>},
 {server_name,<<"eturnal">>},
 {auth_fun,fun eturnal:get_password/2},
 {hook_fun,fun eturnal:run_hook/2}] (eturnal:start_listeners/0:367)
2022-05-30 19:43:06.822342+00:00 [info] Listening on 127.0.0.1:34780 (udp) (STUN/TURN) (eturnal:start_listeners/0:372)
2022-05-30 19:43:06.822492+00:00 [debug] Starting listener 127.0.0.1:34780 (tcp) with options:
[{use_turn,false},
 {auth_type,anonymous},
 {turn_ipv4_address,{127,0,0,1}},
 {turn_min_port,49152},
 {turn_max_port,65535},
 {turn_max_allocations,10},
 {turn_max_permissions,10},
 {shaper,100000},
 {turn_blacklist,[{{203,0,113,0},24},{{8193,3512,0,0,0,0,0,0},32}]},
 {turn_whitelist,[{{203,0,113,113},32},{{8193,3512,0,0,0,0,0,0},64}]},
 {auth_realm,<<"eturnal.net">>},
 {server_name,<<"eturnal">>},
 {auth_fun,fun eturnal:get_password/2},
 {hook_fun,fun eturnal:run_hook/2}] (eturnal:start_listeners/0:367)
2022-05-30 19:43:06.849386+00:00 [info] Listening on 127.0.0.1:34780 (tcp) (STUN only) (eturnal:start_listeners/0:372)
2022-05-30 19:43:06.849654+00:00 [debug] Starting listener 127.0.0.1:53490 (tls) with options:
[{use_turn,false},
 {auth_type,anonymous},
 {tls,true},
 {certfile,<<"run/cert.pem">>},
 {ciphers,<<"HIGH:!aNULL:@STRENGTH">>},
 {protocol_options,<<"no_tlsv1|no_tlsv1_1|cipher_server_preference">>},
 {turn_ipv4_address,{127,0,0,1}},
 {turn_min_port,49152},
 {turn_max_port,65535},
 {turn_max_allocations,10},
 {turn_max_permissions,10},
 {shaper,100000},
 {turn_blacklist,[{{203,0,113,0},24},{{8193,3512,0,0,0,0,0,0},32}]},
 {turn_whitelist,[{{203,0,113,113},32},{{8193,3512,0,0,0,0,0,0},64}]},
 {auth_realm,<<"eturnal.net">>},
 {server_name,<<"eturnal">>},
 {auth_fun,fun eturnal:get_password/2},
 {hook_fun,fun eturnal:run_hook/2}] (eturnal:start_listeners/0:367)
2022-05-30 19:43:06.850896+00:00 [info] Listening on 127.0.0.1:53490 (tls) (STUN only) (eturnal:start_listeners/0:372)
2022-05-30 19:43:06.851154+00:00 [debug] Starting listener 127.0.0.1:34781 (auto) with options:
[{use_turn,false},
 {auth_type,anonymous},
 {tls,optional},
 {certfile,<<"run/cert.pem">>},
 {ciphers,<<"HIGH:!aNULL:@STRENGTH">>},
 {protocol_options,<<"no_tlsv1|no_tlsv1_1|cipher_server_preference">>},
 {turn_ipv4_address,{127,0,0,1}},
 {turn_min_port,49152},
 {turn_max_port,65535},
 {turn_max_allocations,10},
 {turn_max_permissions,10},
 {shaper,100000},
 {turn_blacklist,[{{203,0,113,0},24},{{8193,3512,0,0,0,0,0,0},32}]},
 {turn_whitelist,[{{203,0,113,113},32},{{8193,3512,0,0,0,0,0,0},64}]},
 {auth_realm,<<"eturnal.net">>},
 {server_name,<<"eturnal">>},
 {auth_fun,fun eturnal:get_password/2},
 {hook_fun,fun eturnal:run_hook/2}] (eturnal:start_listeners/0:367)
2022-05-30 19:43:06.889491+00:00 [info] Listening on 127.0.0.1:34781 (auto) (STUN only) (eturnal:start_listeners/0:372)
2022-05-30 19:43:06.889778+00:00 [debug] Started 4 listeners (eturnal:init/1:121)
2022-05-30 19:43:06.889944+00:00 [debug] PROGRESS REPORT:
    supervisor: {local,eturnal_sup}
    started: [{pid,<0.927.0>},
              {id,eturnal},
              {mfargs,{eturnal,start_link,[]}},
              {restart_type,permanent},
              {significant,false},
              {shutdown,5000},
              {child_type,worker}]
 (supervisor:report_progress/2:1557)
2022-05-30 19:43:06.890069+00:00 [debug] No NOTIFY_SOCKET, dropping READY=1 notification (eturnal_systemd:handle_cast/2:109)
2022-05-30 19:43:06.890152+00:00 [debug] PROGRESS REPORT:
    application: eturnal
    started_at: nonode@nohost
 (application_controller:info_started/2:2107)
2022-05-30 19:43:06.890268+00:00 [debug] Watchdog interval is undefined, hibernating (eturnal_systemd:get_timeout/1:162)
2022-05-30 19:43:06.925770+00:00 [debug] Handling API call: get_info() (eturnal_ctl:get_info/0:135)
2022-05-30 19:43:06.926542+00:00 [debug] eturnal call (get_info) returned {ok,
                                  {eturnal_node_info,<<"1.8.3">>,
                                   {"25","13.0"},
                                   4115,0,136,109998637,1,38296080}} (eturnal_ctl:call/1:452)
2022-05-30 19:43:06.952090+00:00 [debug] Handling API call: get_sessions() (eturnal_ctl:get_sessions/0:106)
2022-05-30 19:43:06.977140+00:00 [debug] Handling API call: get_sessions("alice") (eturnal_ctl:get_sessions/1:116)
2022-05-30 19:43:06.977528+00:00 [debug] Handling API call: disconnect(alice) (eturnal_ctl:disconnect/1:184)
2022-05-30 19:43:06.977701+00:00 [debug] Cannot convert user name to binary: alice (eturnal_ctl:disconnect/1:194)
2022-05-30 19:43:07.003744+00:00 [debug] Handling API call: disconnect("alice") (eturnal_ctl:disconnect/1:184)
2022-05-30 19:43:07.004018+00:00 [debug] Handling API call: disconnect(alice) (eturnal_ctl:disconnect/1:184)
2022-05-30 19:43:07.004137+00:00 [debug] Cannot convert user name to binary: alice (eturnal_ctl:disconnect/1:194)
2022-05-30 19:43:07.031722+00:00 [debug] Handling API call: get_credentials("2009-10-30 11:00:00Z", []) (eturnal_ctl:get_credentials/2:60)
2022-05-30 19:43:07.032012+00:00 [debug] eturnal call ({get_password,<<"1256900400">>}) returned {ok,
                                                         <<"uEKlpcME7MNMMVRV8rUFPCTIFEs=">>} (eturnal_ctl:call/1:452)
2022-05-30 19:43:07.039294+00:00 [debug] Handling API call: get_credentials("86400", "alice") (eturnal_ctl:get_credentials/2:60)
2022-05-30 19:43:07.039587+00:00 [debug] eturnal call ({get_password,<<"1654026187:alice">>}) returned {ok,
                                                               <<"CIjrEpA51qQMevDrYJXgN0n2qYU=">>} (eturnal_ctl:call/1:452)
2022-05-30 19:43:07.039818+00:00 [debug] Handling API call: get_password("1654026187:alice") (eturnal_ctl:get_password/1:79)
2022-05-30 19:43:07.039994+00:00 [debug] eturnal call ({get_password,<<"1654026187:alice">>}) returned {ok,
                                                               <<"CIjrEpA51qQMevDrYJXgN0n2qYU=">>} (eturnal_ctl:call/1:452)
2022-05-30 19:43:07.040357+00:00 [debug] Handling API call: get_credentials("86400s", "alice") (eturnal_ctl:get_credentials/2:60)
2022-05-30 19:43:07.040566+00:00 [debug] eturnal call ({get_password,<<"1654026187:alice">>}) returned {ok,
                                                               <<"CIjrEpA51qQMevDrYJXgN0n2qYU=">>} (eturnal_ctl:call/1:452)
2022-05-30 19:43:07.040710+00:00 [debug] Handling API call: get_password("1654026187:alice") (eturnal_ctl:get_password/1:79)
2022-05-30 19:43:07.040836+00:00 [debug] eturnal call ({get_password,<<"1654026187:alice">>}) returned {ok,
                                                               <<"CIjrEpA51qQMevDrYJXgN0n2qYU=">>} (eturnal_ctl:call/1:452)
2022-05-30 19:43:07.041018+00:00 [debug] Handling API call: get_credentials("1440m", "alice") (eturnal_ctl:get_credentials/2:60)
2022-05-30 19:43:07.041156+00:00 [debug] eturnal call ({get_password,<<"1654026187:alice">>}) returned {ok,
                                                               <<"CIjrEpA51qQMevDrYJXgN0n2qYU=">>} (eturnal_ctl:call/1:452)
2022-05-30 19:43:07.041289+00:00 [debug] Handling API call: get_password("1654026187:alice") (eturnal_ctl:get_password/1:79)
2022-05-30 19:43:07.041405+00:00 [debug] eturnal call ({get_password,<<"1654026187:alice">>}) returned {ok,
                                                               <<"CIjrEpA51qQMevDrYJXgN0n2qYU=">>} (eturnal_ctl:call/1:452)
2022-05-30 19:43:07.041580+00:00 [debug] Handling API call: get_credentials("24h", "alice") (eturnal_ctl:get_credentials/2:60)
2022-05-30 19:43:07.041744+00:00 [debug] eturnal call ({get_password,<<"1654026187:alice">>}) returned {ok,
                                                               <<"CIjrEpA51qQMevDrYJXgN0n2qYU=">>} (eturnal_ctl:call/1:452)
2022-05-30 19:43:07.041868+00:00 [debug] Handling API call: get_password("1654026187:alice") (eturnal_ctl:get_password/1:79)
2022-05-30 19:43:07.042001+00:00 [debug] eturnal call ({get_password,<<"1654026187:alice">>}) returned {ok,
                                                               <<"CIjrEpA51qQMevDrYJXgN0n2qYU=">>} (eturnal_ctl:call/1:452)
2022-05-30 19:43:07.042231+00:00 [debug] Handling API call: get_credentials("1d", "alice") (eturnal_ctl:get_credentials/2:60)
2022-05-30 19:43:07.042399+00:00 [debug] eturnal call ({get_password,<<"1654026187:alice">>}) returned {ok,
                                                               <<"CIjrEpA51qQMevDrYJXgN0n2qYU=">>} (eturnal_ctl:call/1:452)
2022-05-30 19:43:07.042536+00:00 [debug] Handling API call: get_password("1654026187:alice") (eturnal_ctl:get_password/1:79)
2022-05-30 19:43:07.042658+00:00 [debug] eturnal call ({get_password,<<"1654026187:alice">>}) returned {ok,
                                                               <<"CIjrEpA51qQMevDrYJXgN0n2qYU=">>} (eturnal_ctl:call/1:452)
2022-05-30 19:43:07.042822+00:00 [debug] Handling API call: get_password("Invalid") (eturnal_ctl:get_password/1:79)
2022-05-30 19:43:07.042911+00:00 [debug] Invalid user name: Invalid (eturnal_ctl:get_password/1:93)
2022-05-30 19:43:07.043005+00:00 [debug] Handling API call: get_credentials("Invalid", []) (eturnal_ctl:get_credentials/2:60)
2022-05-30 19:43:07.043106+00:00 [debug] Invalid argument(s): "Invalid":[] (eturnal_ctl:get_credentials/2:73)
2022-05-30 19:43:07.043193+00:00 [debug] Handling API call: get_password(invalid) (eturnal_ctl:get_password/1:79)
2022-05-30 19:43:07.043272+00:00 [debug] Cannot convert user name to binary: invalid (eturnal_ctl:get_password/1:100)
2022-05-30 19:43:07.043356+00:00 [debug] Handling API call: get_credentials(invalid, []) (eturnal_ctl:get_credentials/2:60)
2022-05-30 19:43:07.043439+00:00 [debug] Invalid argument(s): invalid:[] (eturnal_ctl:get_credentials/2:73)
2022-05-30 19:43:07.043542+00:00 [debug] Handling API call: get_password([invalid]) (eturnal_ctl:get_password/1:79)
2022-05-30 19:43:07.043633+00:00 [debug] Cannot convert user name to binary: [invalid] (eturnal_ctl:get_password/1:100)
2022-05-30 19:43:07.043721+00:00 [debug] Handling API call: get_credentials([invalid], []) (eturnal_ctl:get_credentials/2:60)
2022-05-30 19:43:07.043814+00:00 [debug] Invalid argument(s): [invalid]:[] (eturnal_ctl:get_credentials/2:73)
2022-05-30 19:43:07.043959+00:00 [debug] Handling API call: get_credentials(1256900400, invalid) (eturnal_ctl:get_credentials/2:60)
2022-05-30 19:43:07.044408+00:00 [debug] Invalid argument(s): 1256900400:invalid (eturnal_ctl:get_credentials/2:73)
2022-05-30 19:43:07.069747+00:00 [debug] Handling API call: set_loglevel(debug) (eturnal_ctl:set_loglevel/1:165)
2022-05-30 19:43:07.070000+00:00 [debug] eturnal call ({set_loglevel,debug}) returned ok (eturnal_ctl:call/1:449)
2022-05-30 19:43:07.070199+00:00 [debug] Handling API call: get_loglevel() (eturnal_ctl:get_loglevel/0:155)
2022-05-30 19:43:07.070339+00:00 [debug] eturnal call (get_loglevel) returned {ok,debug} (eturnal_ctl:call/1:452)
2022-05-30 19:43:07.070527+00:00 [debug] Handling API call: set_loglevel(invalid) (eturnal_ctl:set_loglevel/1:165)
2022-05-30 19:43:07.070650+00:00 [debug] Invalid log level: invalid (eturnal_ctl:set_loglevel/1:175)
2022-05-30 19:43:07.070790+00:00 [debug] Handling API call: get_loglevel() (eturnal_ctl:get_loglevel/0:155)
2022-05-30 19:43:07.070900+00:00 [debug] eturnal call (get_loglevel) returned {ok,debug} (eturnal_ctl:call/1:452)
2022-05-30 19:43:07.096286+00:00 [debug] Handling API call: get_version() (eturnal_ctl:get_version/0:145)
2022-05-30 19:43:07.096496+00:00 [debug] eturnal call (get_version) returned {ok,<<"1.8.3">>} (eturnal_ctl:call/1:452)
2022-05-30 19:43:07.122807+00:00 [debug] Handling API call: reload() (eturnal_ctl:reload/0:200)
2022-05-30 19:43:07.125361+00:00 [debug] Calling mod_log_stun:options/0 (eturnal_module:options/1:191)
2022-05-30 19:43:07.125585+00:00 [debug] Calling mod_stats_influx:options/0 (eturnal_module:options/1:191)
2022-05-30 19:43:07.126343+00:00 [warning] TLS enabled without 'tls_crt_file', creating self-signed certificate (eturnal:check_pem_file/0:643)
2022-05-30 19:43:07.382420+00:00 [info] Using new TLS certificate (eturnal:handle_call/3:140)
2022-05-30 19:43:07.382688+00:00 [debug] Reloaded configuration (eturnal:handle_call/3:146)
2022-05-30 19:43:07.382893+00:00 [debug] eturnal call (reload) returned ok (eturnal_ctl:call/1:449)
2022-05-30 19:43:07.383198+00:00 [debug] Handling API call: reload() (eturnal_ctl:reload/0:200)
2022-05-30 19:43:07.385762+00:00 [debug] Calling mod_log_stun:options/0 (eturnal_module:options/1:191)
2022-05-30 19:43:07.385920+00:00 [debug] Calling mod_stats_influx:options/0 (eturnal_module:options/1:191)
2022-05-30 19:43:07.386736+00:00 [debug] Keeping PEM file (run/cert.pem) (eturnal:check_pem_file/0:640)
2022-05-30 19:43:07.386868+00:00 [debug] TLS certificate unchanged (eturnal:handle_call/3:142)
2022-05-30 19:43:07.386953+00:00 [debug] Reloaded configuration (eturnal:handle_call/3:146)
2022-05-30 19:43:07.387043+00:00 [debug] eturnal call (reload) returned ok (eturnal_ctl:call/1:449)
2022-05-30 19:43:07.412995+00:00 [info] Accepting connection: 127.0.0.1:41374 -> 127.0.0.1:34780 [TCP, session qm32q86nsi1m] (stun_listener:accept/3:221)
2022-05-30 19:43:07.443503+00:00 [info] Accepting connection: 127.0.0.1:45172 -> 127.0.0.1:53490 [TLS, session 5vepboxppxeu] (stun_listener:accept/3:221)
2022-05-30 19:43:07.476466+00:00 [debug] Received:
#stun{class = request,method = 3,magic = 554869826,
      trid = 34179601524317364459477405845,raw = <<>>,unsupported = [],
      'ALTERNATE-SERVER' = undefined,'CHANNEL-NUMBER' = undefined,
      'DATA' = undefined,'DONT-FRAGMENT' = false,'ERROR-CODE' = undefined,
      'LIFETIME' = undefined,'MAPPED-ADDRESS' = undefined,
      'MESSAGE-INTEGRITY' = undefined,'NONCE' = undefined,'REALM' = undefined,
      'REQUESTED-ADDRESS-FAMILY' = undefined,
      'REQUESTED-TRANSPORT' = undefined,'SOFTWARE' = undefined,
      'UNKNOWN-ATTRIBUTES' = [],'USERNAME' = undefined,
      'XOR-MAPPED-ADDRESS' = undefined,'XOR-PEER-ADDRESS' = [],
      'XOR-RELAYED-ADDRESS' = undefined} (stun:udp_recv/5:111)
2022-05-30 19:43:07.476691+00:00 [debug] Sending:
#stun{class = error,method = 3,magic = 554869826,
      trid = 34179601524317364459477405845,raw = <<>>,unsupported = [],
      'ALTERNATE-SERVER' = undefined,'CHANNEL-NUMBER' = undefined,
      'DATA' = undefined,'DONT-FRAGMENT' = false,
      'ERROR-CODE' = {401,<<"Unauthorized">>},
      'LIFETIME' = undefined,'MAPPED-ADDRESS' = undefined,
      'MESSAGE-INTEGRITY' = undefined,'NONCE' = <<"193184015">>,
      'REALM' = <<"eturnal.net">>,'REQUESTED-ADDRESS-FAMILY' = undefined,
      'REQUESTED-TRANSPORT' = undefined,'SOFTWARE' = <<"eturnal">>,
      'UNKNOWN-ATTRIBUTES' = [],'USERNAME' = undefined,
      'XOR-MAPPED-ADDRESS' = undefined,'XOR-PEER-ADDRESS' = [],
      'XOR-RELAYED-ADDRESS' = undefined} (stun:send/3:445)
2022-05-30 19:43:07.477154+00:00 [debug] Received:
#stun{class = request,method = 3,magic = 554869826,
      trid = 67468061610791550166213177401,
      raw = <<0,3,0,80,33,18,164,66,218,0,69,196,151,30,25,68,163,113,176,57,0,
              25,0,4,17,0,0,0,0,6,0,10,50,49,52,53,57,49,51,50,48,48,0,0,0,20,
              0,11,101,116,117,114,110,97,108,46,110,101,116,0,0,21,0,9,49,57,
              51,49,56,52,48,49,53,0,0,0>>,
      unsupported = [],'ALTERNATE-SERVER' = undefined,
      'CHANNEL-NUMBER' = undefined,'DATA' = undefined,'DONT-FRAGMENT' = false,
      'ERROR-CODE' = undefined,'LIFETIME' = undefined,
      'MAPPED-ADDRESS' = undefined,
      'MESSAGE-INTEGRITY' = <<107,55,103,77,49,69,255,44,252,148,213,119,84,
                              253,60,205,163,88,14,85>>,
      'NONCE' = <<"193184015">>,'REALM' = <<"eturnal.net">>,
      'REQUESTED-ADDRESS-FAMILY' = undefined,'REQUESTED-TRANSPORT' = udp,
      'SOFTWARE' = undefined,'UNKNOWN-ATTRIBUTES' = [],
      'USERNAME' = <<"2145913200">>,'XOR-MAPPED-ADDRESS' = undefined,
      'XOR-PEER-ADDRESS' = [],'XOR-RELAYED-ADDRESS' = undefined} (stun:udp_recv/5:111)
2022-05-30 19:43:07.477318+00:00 [debug] Looking up password for: 2145913200 [UDP, session japwxgfobs8q, user 2145913200, client 127.0.0.1:59640] (eturnal:get_password/2:225)
2022-05-30 19:43:07.477390+00:00 [info] Accepting long-term STUN/TURN authentication [UDP, session japwxgfobs8q, user 2145913200, client 127.0.0.1:59640] (stun:process/2:249)
2022-05-30 19:43:07.481189+00:00 [debug] Running 'turn_session_start' hook [UDP, session japwxgfobs8q, user 2145913200, client 127.0.0.1:59640] (turn:run_hook/2:711)
2022-05-30 19:43:07.481306+00:00 [debug] Got 'turn_session_start' event [UDP, session japwxgfobs8q, user 2145913200, client 127.0.0.1:59640] (eturnal_module:handle_event/2:176)
2022-05-30 19:43:07.481581+00:00 [notice] Creating TURN allocation (lifetime: 599 seconds) [UDP, session japwxgfobs8q, user 2145913200, client 127.0.0.1:59640, relay 127.0.0.1:63094] (turn:wait_for_allocate/2:207)
2022-05-30 19:43:07.481736+00:00 [debug] Sending:
#stun{class = response,method = 3,magic = 554869826,
      trid = 67468061610791550166213177401,raw = <<>>,unsupported = [],
      'ALTERNATE-SERVER' = undefined,'CHANNEL-NUMBER' = undefined,
      'DATA' = undefined,'DONT-FRAGMENT' = false,'ERROR-CODE' = undefined,
      'LIFETIME' = 599,'MAPPED-ADDRESS' = undefined,
      'MESSAGE-INTEGRITY' = undefined,'NONCE' = undefined,'REALM' = undefined,
      'REQUESTED-ADDRESS-FAMILY' = undefined,
      'REQUESTED-TRANSPORT' = undefined,'SOFTWARE' = <<"eturnal">>,
      'UNKNOWN-ATTRIBUTES' = [],'USERNAME' = undefined,
      'XOR-MAPPED-ADDRESS' = {{127,0,0,1},59640},
      'XOR-PEER-ADDRESS' = [],
      'XOR-RELAYED-ADDRESS' = {{127,0,0,1},63094}} (turn:send/2:521)
2022-05-30 19:43:07.482073+00:00 [debug] Received:
#stun{class = request,method = 4,magic = 554869826,
      trid = 300972522094016213826548110,
      raw = <<0,4,0,80,33,18,164,66,0,248,245,105,29,154,127,84,217,170,49,142,
              0,6,0,10,50,49,52,53,57,49,51,50,48,48,0,0,0,20,0,11,101,116,117,
              114,110,97,108,46,110,101,116,0,0,21,0,9,49,57,51,49,56,52,48,49,
              53,0,0,0,0,13,0,4,0,0,0,0>>,
      unsupported = [],'ALTERNATE-SERVER' = undefined,
      'CHANNEL-NUMBER' = undefined,'DATA' = undefined,'DONT-FRAGMENT' = false,
      'ERROR-CODE' = undefined,'LIFETIME' = 0,'MAPPED-ADDRESS' = undefined,
      'MESSAGE-INTEGRITY' = <<220,31,93,181,34,227,6,20,201,244,174,19,67,47,
                              188,214,12,177,125,31>>,
      'NONCE' = <<"193184015">>,'REALM' = <<"eturnal.net">>,
      'REQUESTED-ADDRESS-FAMILY' = undefined,
      'REQUESTED-TRANSPORT' = undefined,'SOFTWARE' = undefined,
      'UNKNOWN-ATTRIBUTES' = [],'USERNAME' = <<"2145913200">>,
      'XOR-MAPPED-ADDRESS' = undefined,'XOR-PEER-ADDRESS' = [],
      'XOR-RELAYED-ADDRESS' = undefined} (stun:udp_recv/5:111)
2022-05-30 19:43:07.482224+00:00 [debug] Looking up password for: 2145913200 [UDP, session azqwa627ycnk, user 2145913200, client 127.0.0.1:59640] (eturnal:get_password/2:225)
2022-05-30 19:43:07.482291+00:00 [info] Accepting long-term STUN/TURN authentication [UDP, session azqwa627ycnk, user 2145913200, client 127.0.0.1:59640] (stun:process/2:249)
2022-05-30 19:43:07.482356+00:00 [info] Client requested closing the TURN session [UDP, session japwxgfobs8q, user 2145913200, client 127.0.0.1:59640, relay 127.0.0.1:63094] (turn:active/2:262)
2022-05-30 19:43:07.482457+00:00 [debug] Sending:
#stun{class = response,method = 4,magic = 554869826,
      trid = 300972522094016213826548110,raw = <<>>,unsupported = [],
      'ALTERNATE-SERVER' = undefined,'CHANNEL-NUMBER' = undefined,
      'DATA' = undefined,'DONT-FRAGMENT' = false,'ERROR-CODE' = undefined,
      'LIFETIME' = 0,'MAPPED-ADDRESS' = undefined,
      'MESSAGE-INTEGRITY' = undefined,'NONCE' = undefined,'REALM' = undefined,
      'REQUESTED-ADDRESS-FAMILY' = undefined,
      'REQUESTED-TRANSPORT' = undefined,'SOFTWARE' = <<"eturnal">>,
      'UNKNOWN-ATTRIBUTES' = [],'USERNAME' = undefined,
      'XOR-MAPPED-ADDRESS' = undefined,'XOR-PEER-ADDRESS' = [],
      'XOR-RELAYED-ADDRESS' = undefined} (turn:send/2:521)
2022-05-30 19:43:07.482576+00:00 [info] Deleting TURN allocation [UDP, session japwxgfobs8q, user 2145913200, client 127.0.0.1:59640, relay 127.0.0.1:63094] (turn:terminate/3:454)
2022-05-30 19:43:07.482648+00:00 [notice] Relayed 0 KiB (in 0 B / 0 packets, out 0 B / 0 packets), duration: 0 seconds [UDP, session japwxgfobs8q, user 2145913200, client 127.0.0.1:59640, relay 127.0.0.1:63094] (turn:terminate/3:461)
2022-05-30 19:43:07.482721+00:00 [debug] Running 'turn_session_stop' hook [UDP, session japwxgfobs8q, user 2145913200, client 127.0.0.1:59640, relay 127.0.0.1:63094] (turn:run_hook/2:711)
2022-05-30 19:43:07.482774+00:00 [debug] Got 'turn_session_stop' event [UDP, session japwxgfobs8q, user 2145913200, client 127.0.0.1:59640, relay 127.0.0.1:63094] (eturnal_module:handle_event/2:176)
2022-05-30 19:43:07.482823+00:00 [debug] Calling mod_stats_influx:handle_event/2 [UDP, session japwxgfobs8q, user 2145913200, client 127.0.0.1:59640, relay 127.0.0.1:63094] (eturnal_module:handle_event/2:179)
2022-05-30 19:43:07.482873+00:00 [debug] Writing stats of TURN session japwxgfobs8q to InfluxDB [UDP, session japwxgfobs8q, user 2145913200, client 127.0.0.1:59640, relay 127.0.0.1:63094] (mod_stats_influx:on_turn_session_stop/1:81)
2022-05-30 19:43:07.508487+00:00 [debug] Received:
#stun{class = request,method = 1,magic = 554869826,
      trid = 79203491847878349877538662535,raw = <<>>,unsupported = [],
      'ALTERNATE-SERVER' = undefined,'CHANNEL-NUMBER' = undefined,
      'DATA' = undefined,'DONT-FRAGMENT' = false,'ERROR-CODE' = undefined,
      'LIFETIME' = undefined,'MAPPED-ADDRESS' = undefined,
      'MESSAGE-INTEGRITY' = undefined,'NONCE' = undefined,'REALM' = undefined,
      'REQUESTED-ADDRESS-FAMILY' = undefined,
      'REQUESTED-TRANSPORT' = undefined,'SOFTWARE' = undefined,
      'UNKNOWN-ATTRIBUTES' = [],'USERNAME' = undefined,
      'XOR-MAPPED-ADDRESS' = undefined,'XOR-PEER-ADDRESS' = [],
      'XOR-RELAYED-ADDRESS' = undefined} (stun:udp_recv/5:111)
2022-05-30 19:43:07.508642+00:00 [debug] Responding to STUN request [UDP, session lnf15fai7gej, anonymous, client 127.0.0.1:41727] (stun:process/4:312)
2022-05-30 19:43:07.508703+00:00 [debug] Running 'stun_query' hook [UDP, session lnf15fai7gej, anonymous, client 127.0.0.1:41727] (stun:run_hook/3:818)
2022-05-30 19:43:07.508774+00:00 [debug] Got 'stun_query' event [UDP, session lnf15fai7gej, anonymous, client 127.0.0.1:41727] (eturnal_module:handle_event/2:176)
2022-05-30 19:43:07.508832+00:00 [debug] Calling mod_log_stun:handle_event/2 [UDP, session lnf15fai7gej, anonymous, client 127.0.0.1:41727] (eturnal_module:handle_event/2:179)
2022-05-30 19:43:07.508893+00:00 [info] Responding to STUN request [UDP, session lnf15fai7gej, anonymous, client 127.0.0.1:41727] (mod_log_stun:handle_event/2:45)
2022-05-30 19:43:07.508943+00:00 [debug] Calling mod_stats_influx:handle_event/2 [UDP, session lnf15fai7gej, anonymous, client 127.0.0.1:41727] (eturnal_module:handle_event/2:179)
2022-05-30 19:43:07.508995+00:00 [debug] Writing STUN query event to InfluxDB [UDP, session lnf15fai7gej, anonymous, client 127.0.0.1:41727] (mod_stats_influx:on_stun_query/1:70)
2022-05-30 19:43:07.509264+00:00 [debug] Sending:
#stun{class = response,method = 1,magic = 554869826,
      trid = 79203491847878349877538662535,raw = <<>>,unsupported = [],
      'ALTERNATE-SERVER' = undefined,'CHANNEL-NUMBER' = undefined,
      'DATA' = undefined,'DONT-FRAGMENT' = false,'ERROR-CODE' = undefined,
      'LIFETIME' = undefined,'MAPPED-ADDRESS' = undefined,
      'MESSAGE-INTEGRITY' = undefined,'NONCE' = undefined,'REALM' = undefined,
      'REQUESTED-ADDRESS-FAMILY' = undefined,
      'REQUESTED-TRANSPORT' = undefined,'SOFTWARE' = <<"eturnal">>,
      'UNKNOWN-ATTRIBUTES' = [],'USERNAME' = undefined,
      'XOR-MAPPED-ADDRESS' = {{127,0,0,1},41727},
      'XOR-PEER-ADDRESS' = [],'XOR-RELAYED-ADDRESS' = undefined} (stun:send/3:445)
2022-05-30 19:43:07.534604+00:00 [info] Accepting connection: 127.0.0.1:41376 -> 127.0.0.1:34780 [TCP, session fo67au0fz8u5] (stun_listener:accept/3:221)
2022-05-30 19:43:07.535077+00:00 [debug] Received:
#stun{class = request,method = 1,magic = 554869826,
      trid = 74835728954334849509404710532,raw = <<>>,unsupported = [],
      'ALTERNATE-SERVER' = undefined,'CHANNEL-NUMBER' = undefined,
      'DATA' = undefined,'DONT-FRAGMENT' = false,'ERROR-CODE' = undefined,
      'LIFETIME' = undefined,'MAPPED-ADDRESS' = undefined,
      'MESSAGE-INTEGRITY' = undefined,'NONCE' = undefined,'REALM' = undefined,
      'REQUESTED-ADDRESS-FAMILY' = undefined,
      'REQUESTED-TRANSPORT' = undefined,'SOFTWARE' = undefined,
      'UNKNOWN-ATTRIBUTES' = [],'USERNAME' = undefined,
      'XOR-MAPPED-ADDRESS' = undefined,'XOR-PEER-ADDRESS' = [],
      'XOR-RELAYED-ADDRESS' = undefined} (stun:process_data/3:404)
2022-05-30 19:43:07.535242+00:00 [debug] Responding to STUN request [TCP, session fo67au0fz8u5, anonymous, client 127.0.0.1:41376] (stun:process/4:312)
2022-05-30 19:43:07.535315+00:00 [debug] Running 'stun_query' hook [TCP, session fo67au0fz8u5, anonymous, client 127.0.0.1:41376] (stun:run_hook/3:818)
2022-05-30 19:43:07.535431+00:00 [debug] Got 'stun_query' event [TCP, session fo67au0fz8u5, anonymous, client 127.0.0.1:41376] (eturnal_module:handle_event/2:176)
2022-05-30 19:43:07.535482+00:00 [debug] Calling mod_log_stun:handle_event/2 [TCP, session fo67au0fz8u5, anonymous, client 127.0.0.1:41376] (eturnal_module:handle_event/2:179)
2022-05-30 19:43:07.535570+00:00 [info] Responding to STUN request [TCP, session fo67au0fz8u5, anonymous, client 127.0.0.1:41376] (mod_log_stun:handle_event/2:45)
2022-05-30 19:43:07.535614+00:00 [debug] Calling mod_stats_influx:handle_event/2 [TCP, session fo67au0fz8u5, anonymous, client 127.0.0.1:41376] (eturnal_module:handle_event/2:179)
2022-05-30 19:43:07.535796+00:00 [debug] Writing STUN query event to InfluxDB [TCP, session fo67au0fz8u5, anonymous, client 127.0.0.1:41376] (mod_stats_influx:on_stun_query/1:70)
2022-05-30 19:43:07.536075+00:00 [debug] Sending:
#stun{class = response,method = 1,magic = 554869826,
      trid = 74835728954334849509404710532,raw = <<>>,unsupported = [],
      'ALTERNATE-SERVER' = undefined,'CHANNEL-NUMBER' = undefined,
      'DATA' = undefined,'DONT-FRAGMENT' = false,'ERROR-CODE' = undefined,
      'LIFETIME' = undefined,'MAPPED-ADDRESS' = undefined,
      'MESSAGE-INTEGRITY' = undefined,'NONCE' = undefined,'REALM' = undefined,
      'REQUESTED-ADDRESS-FAMILY' = undefined,
      'REQUESTED-TRANSPORT' = undefined,'SOFTWARE' = <<"P1 STUN library">>,
      'UNKNOWN-ATTRIBUTES' = [],'USERNAME' = undefined,
      'XOR-MAPPED-ADDRESS' = {{127,0,0,1},41376},
      'XOR-PEER-ADDRESS' = [],'XOR-RELAYED-ADDRESS' = undefined} (stun:send/3:445)
2022-05-30 19:43:07.536347+00:00 [info] Connection reset by peer [TCP, session fo67au0fz8u5, anonymous, client 127.0.0.1:41376] (stun:handle_info/3:170)
2022-05-30 19:43:07.562231+00:00 [info] Accepting connection: 127.0.0.1:45174 -> 127.0.0.1:53490 [TLS, session 5h5ymk1ttydy] (stun_listener:accept/3:221)
2022-05-30 19:43:07.671956+00:00 [debug] Received:
#stun{class = request,method = 1,magic = 554869826,
      trid = 27923314372477895205955885181,raw = <<>>,unsupported = [],
      'ALTERNATE-SERVER' = undefined,'CHANNEL-NUMBER' = undefined,
      'DATA' = undefined,'DONT-FRAGMENT' = false,'ERROR-CODE' = undefined,
      'LIFETIME' = undefined,'MAPPED-ADDRESS' = undefined,
      'MESSAGE-INTEGRITY' = undefined,'NONCE' = undefined,'REALM' = undefined,
      'REQUESTED-ADDRESS-FAMILY' = undefined,
      'REQUESTED-TRANSPORT' = undefined,'SOFTWARE' = undefined,
      'UNKNOWN-ATTRIBUTES' = [],'USERNAME' = undefined,
      'XOR-MAPPED-ADDRESS' = undefined,'XOR-PEER-ADDRESS' = [],
      'XOR-RELAYED-ADDRESS' = undefined} (stun:process_data/3:404)
2022-05-30 19:43:07.672156+00:00 [debug] Responding to STUN request [TLS, session 5h5ymk1ttydy, anonymous, client 127.0.0.1:45174] (stun:process/4:312)
2022-05-30 19:43:07.672207+00:00 [debug] Running 'stun_query' hook [TLS, session 5h5ymk1ttydy, anonymous, client 127.0.0.1:45174] (stun:run_hook/3:818)
2022-05-30 19:43:07.672257+00:00 [debug] Got 'stun_query' event [TLS, session 5h5ymk1ttydy, anonymous, client 127.0.0.1:45174] (eturnal_module:handle_event/2:176)
2022-05-30 19:43:07.672349+00:00 [debug] Calling mod_log_stun:handle_event/2 [TLS, session 5h5ymk1ttydy, anonymous, client 127.0.0.1:45174] (eturnal_module:handle_event/2:179)
2022-05-30 19:43:07.672410+00:00 [info] Responding to STUN request [TLS, session 5h5ymk1ttydy, anonymous, client 127.0.0.1:45174] (mod_log_stun:handle_event/2:45)
2022-05-30 19:43:07.672457+00:00 [debug] Calling mod_stats_influx:handle_event/2 [TLS, session 5h5ymk1ttydy, anonymous, client 127.0.0.1:45174] (eturnal_module:handle_event/2:179)
2022-05-30 19:43:07.672499+00:00 [debug] Writing STUN query event to InfluxDB [TLS, session 5h5ymk1ttydy, anonymous, client 127.0.0.1:45174] (mod_stats_influx:on_stun_query/1:70)
2022-05-30 19:43:07.672815+00:00 [debug] Sending:
#stun{class = response,method = 1,magic = 554869826,
      trid = 27923314372477895205955885181,raw = <<>>,unsupported = [],
      'ALTERNATE-SERVER' = undefined,'CHANNEL-NUMBER' = undefined,
      'DATA' = undefined,'DONT-FRAGMENT' = false,'ERROR-CODE' = undefined,
      'LIFETIME' = undefined,'MAPPED-ADDRESS' = undefined,
      'MESSAGE-INTEGRITY' = undefined,'NONCE' = undefined,'REALM' = undefined,
      'REQUESTED-ADDRESS-FAMILY' = undefined,
      'REQUESTED-TRANSPORT' = undefined,'SOFTWARE' = <<"P1 STUN library">>,
      'UNKNOWN-ATTRIBUTES' = [],'USERNAME' = undefined,
      'XOR-MAPPED-ADDRESS' = {{127,0,0,1},45174},
      'XOR-PEER-ADDRESS' = [],'XOR-RELAYED-ADDRESS' = undefined} (stun:send/3:445)
2022-05-30 19:43:07.673184+00:00 [info] Connection reset by peer [TLS, session 5h5ymk1ttydy, anonymous, client 127.0.0.1:45174] (stun:handle_info/3:170)
2022-05-30 19:43:07.699798+00:00 [info] Accepting connection: 127.0.0.1:47362 -> 127.0.0.1:34781 [TCP|TLS, session brcbtz654439] (stun_listener:accept/3:221)
2022-05-30 19:43:07.700010+00:00 [debug] Determined transport protocol: TCP (stun:is_tls_handshake/1:766)
2022-05-30 19:43:07.700538+00:00 [debug] Received:
#stun{class = request,method = 1,magic = 554869826,
      trid = 9828763009631760016917057686,raw = <<>>,unsupported = [],
      'ALTERNATE-SERVER' = undefined,'CHANNEL-NUMBER' = undefined,
      'DATA' = undefined,'DONT-FRAGMENT' = false,'ERROR-CODE' = undefined,
      'LIFETIME' = undefined,'MAPPED-ADDRESS' = undefined,
      'MESSAGE-INTEGRITY' = undefined,'NONCE' = undefined,'REALM' = undefined,
      'REQUESTED-ADDRESS-FAMILY' = undefined,
      'REQUESTED-TRANSPORT' = undefined,'SOFTWARE' = undefined,
      'UNKNOWN-ATTRIBUTES' = [],'USERNAME' = undefined,
      'XOR-MAPPED-ADDRESS' = undefined,'XOR-PEER-ADDRESS' = [],
      'XOR-RELAYED-ADDRESS' = undefined} (stun:process_data/3:404)
2022-05-30 19:43:07.700697+00:00 [debug] Responding to STUN request [TCP, session brcbtz654439, anonymous, client 127.0.0.1:47362] (stun:process/4:312)
2022-05-30 19:43:07.700780+00:00 [debug] Running 'stun_query' hook [TCP, session brcbtz654439, anonymous, client 127.0.0.1:47362] (stun:run_hook/3:818)
2022-05-30 19:43:07.700905+00:00 [debug] Got 'stun_query' event [TCP, session brcbtz654439, anonymous, client 127.0.0.1:47362] (eturnal_module:handle_event/2:176)
2022-05-30 19:43:07.701040+00:00 [debug] Calling mod_log_stun:handle_event/2 [TCP, session brcbtz654439, anonymous, client 127.0.0.1:47362] (eturnal_module:handle_event/2:179)
2022-05-30 19:43:07.701157+00:00 [info] Responding to STUN request [TCP, session brcbtz654439, anonymous, client 127.0.0.1:47362] (mod_log_stun:handle_event/2:45)
2022-05-30 19:43:07.701216+00:00 [debug] Calling mod_stats_influx:handle_event/2 [TCP, session brcbtz654439, anonymous, client 127.0.0.1:47362] (eturnal_module:handle_event/2:179)
2022-05-30 19:43:07.701273+00:00 [debug] Writing STUN query event to InfluxDB [TCP, session brcbtz654439, anonymous, client 127.0.0.1:47362] (mod_stats_influx:on_stun_query/1:70)
2022-05-30 19:43:07.701716+00:00 [debug] Sending:
#stun{class = response,method = 1,magic = 554869826,
      trid = 9828763009631760016917057686,raw = <<>>,unsupported = [],
      'ALTERNATE-SERVER' = undefined,'CHANNEL-NUMBER' = undefined,
      'DATA' = undefined,'DONT-FRAGMENT' = false,'ERROR-CODE' = undefined,
      'LIFETIME' = undefined,'MAPPED-ADDRESS' = undefined,
      'MESSAGE-INTEGRITY' = undefined,'NONCE' = undefined,'REALM' = undefined,
      'REQUESTED-ADDRESS-FAMILY' = undefined,
      'REQUESTED-TRANSPORT' = undefined,'SOFTWARE' = <<"P1 STUN library">>,
      'UNKNOWN-ATTRIBUTES' = [],'USERNAME' = undefined,
      'XOR-MAPPED-ADDRESS' = {{127,0,0,1},47362},
      'XOR-PEER-ADDRESS' = [],'XOR-RELAYED-ADDRESS' = undefined} (stun:send/3:445)
2022-05-30 19:43:07.702051+00:00 [info] Connection reset by peer [TCP, session brcbtz654439, anonymous, client 127.0.0.1:47362] (stun:handle_info/3:170)
2022-05-30 19:43:07.727076+00:00 [info] Accepting connection: 127.0.0.1:47364 -> 127.0.0.1:34781 [TCP|TLS, session 4cdd7yfx89mn] (stun_listener:accept/3:221)
2022-05-30 19:43:07.727278+00:00 [debug] Determined transport protocol: TLS (stun:is_tls_handshake/1:763)
2022-05-30 19:43:07.835307+00:00 [debug] Received:
#stun{class = request,method = 1,magic = 554869826,
      trid = 34129171299311598748803009078,raw = <<>>,unsupported = [],
      'ALTERNATE-SERVER' = undefined,'CHANNEL-NUMBER' = undefined,
      'DATA' = undefined,'DONT-FRAGMENT' = false,'ERROR-CODE' = undefined,
      'LIFETIME' = undefined,'MAPPED-ADDRESS' = undefined,
      'MESSAGE-INTEGRITY' = undefined,'NONCE' = undefined,'REALM' = undefined,
      'REQUESTED-ADDRESS-FAMILY' = undefined,
      'REQUESTED-TRANSPORT' = undefined,'SOFTWARE' = undefined,
      'UNKNOWN-ATTRIBUTES' = [],'USERNAME' = undefined,
      'XOR-MAPPED-ADDRESS' = undefined,'XOR-PEER-ADDRESS' = [],
      'XOR-RELAYED-ADDRESS' = undefined} (stun:process_data/3:404)
2022-05-30 19:43:07.835648+00:00 [debug] Responding to STUN request [TLS, session 4cdd7yfx89mn, anonymous, client 127.0.0.1:47364] (stun:process/4:312)
2022-05-30 19:43:07.835735+00:00 [debug] Running 'stun_query' hook [TLS, session 4cdd7yfx89mn, anonymous, client 127.0.0.1:47364] (stun:run_hook/3:818)
2022-05-30 19:43:07.835869+00:00 [debug] Got 'stun_query' event [TLS, session 4cdd7yfx89mn, anonymous, client 127.0.0.1:47364] (eturnal_module:handle_event/2:176)
2022-05-30 19:43:07.835926+00:00 [debug] Calling mod_log_stun:handle_event/2 [TLS, session 4cdd7yfx89mn, anonymous, client 127.0.0.1:47364] (eturnal_module:handle_event/2:179)
2022-05-30 19:43:07.835994+00:00 [info] Responding to STUN request [TLS, session 4cdd7yfx89mn, anonymous, client 127.0.0.1:47364] (mod_log_stun:handle_event/2:45)
2022-05-30 19:43:07.836031+00:00 [debug] Calling mod_stats_influx:handle_event/2 [TLS, session 4cdd7yfx89mn, anonymous, client 127.0.0.1:47364] (eturnal_module:handle_event/2:179)
2022-05-30 19:43:07.836062+00:00 [debug] Writing STUN query event to InfluxDB [TLS, session 4cdd7yfx89mn, anonymous, client 127.0.0.1:47364] (mod_stats_influx:on_stun_query/1:70)
2022-05-30 19:43:07.836449+00:00 [debug] Sending:
#stun{class = response,method = 1,magic = 554869826,
      trid = 34129171299311598748803009078,raw = <<>>,unsupported = [],
      'ALTERNATE-SERVER' = undefined,'CHANNEL-NUMBER' = undefined,
      'DATA' = undefined,'DONT-FRAGMENT' = false,'ERROR-CODE' = undefined,
      'LIFETIME' = undefined,'MAPPED-ADDRESS' = undefined,
      'MESSAGE-INTEGRITY' = undefined,'NONCE' = undefined,'REALM' = undefined,
      'REQUESTED-ADDRESS-FAMILY' = undefined,
      'REQUESTED-TRANSPORT' = undefined,'SOFTWARE' = <<"P1 STUN library">>,
      'UNKNOWN-ATTRIBUTES' = [],'USERNAME' = undefined,
      'XOR-MAPPED-ADDRESS' = {{127,0,0,1},47364},
      'XOR-PEER-ADDRESS' = [],'XOR-RELAYED-ADDRESS' = undefined} (stun:send/3:445)
2022-05-30 19:43:07.836853+00:00 [info] Connection reset by peer [TLS, session 4cdd7yfx89mn, anonymous, client 127.0.0.1:47364] (stun:handle_info/3:170)
2022-05-30 19:43:07.861546+00:00 [debug] Terminating eturnal (shutdown) (eturnal:terminate/2:200)
2022-05-30 19:43:07.861549+00:00 [debug] No NOTIFY_SOCKET, dropping STOPPING=1 notification (eturnal_systemd:handle_cast/2:109)
2022-05-30 19:43:07.861769+00:00 [info] Stopped listening on 127.0.0.1:34780 (udp) (eturnal:stop_listeners/1:395)
2022-05-30 19:43:07.861798+00:00 [debug] Watchdog interval is undefined, hibernating (eturnal_systemd:get_timeout/1:162)
2022-05-30 19:43:07.861965+00:00 [info] Stopped listening on 127.0.0.1:34780 (tcp) (eturnal:stop_listeners/1:395)
2022-05-30 19:43:07.862310+00:00 [info] Stopped listening on 127.0.0.1:53490 (tls) (eturnal:stop_listeners/1:395)
2022-05-30 19:43:07.862460+00:00 [info] Stopped listening on 127.0.0.1:34781 (auto) (eturnal:stop_listeners/1:395)
2022-05-30 19:43:07.863051+00:00 [debug] Calling mod_log_stun:stop/1 (eturnal_module:stop/1:162)
2022-05-30 19:43:07.863239+00:00 [debug] Stopping mod_log_stun (mod_log_stun:stop/0:50)
2022-05-30 19:43:07.863384+00:00 [info] Stopped mod_log_stun (eturnal:stop_modules/1:343)
2022-05-30 19:43:07.864449+00:00 [debug] Calling mod_stats_influx:stop/1 (eturnal_module:stop/1:162)
2022-05-30 19:43:07.864633+00:00 [debug] Stopping mod_stats_influx (mod_stats_influx:stop/0:55)
2022-05-30 19:43:07.864806+00:00 [info] Stopped mod_stats_influx (eturnal:stop_modules/1:343)
2022-05-30 19:43:07.865736+00:00 [debug] Removed run/cert.pem (eturnal:clean_run_dir/0:728)
2022-05-30 19:43:07.866139+00:00 [debug] Terminating eturnal_systemd (shutdown) (eturnal_systemd:terminate/2:136)
2022-05-30 19:43:07.866523+00:00 [notice] Stopping eturnal 1.8.3 on Erlang/OTP 25 (ERTS 13.0) (eturnal_app:stop/1:54)
