=== Suite started at 2023-09-28 07:23:50
=== Starting test, 18 test cases
=cases         18
=user          runner
=host          nohost
=hosts         nohost 
=emulator_vsn  14.1
=emulator      beam
=otp_release   26
=started       2023-09-28 07:23:50
=case          eturnal_SUITE:init_per_suite
=logfile       eturnal_suite.init_per_suite.html
=started       2023-09-28 07:23:50
=ended         2023-09-28 07:23:50
=result        ok
=elapsed       9.0e-6
=case          eturnal_SUITE:start_eturnal
=logfile       eturnal_suite.start_eturnal.html
=started       2023-09-28 07:23:50
=ended         2023-09-28 07:23:53
=result        ok
=elapsed       2.89816
=case          eturnal_SUITE:check_info
=logfile       eturnal_suite.check_info.html
=started       2023-09-28 07:23:53
=ended         2023-09-28 07:23:53
=result        ok
=elapsed       0.001175
=case          eturnal_SUITE:check_all_sessions
=logfile       eturnal_suite.check_all_sessions.html
=started       2023-09-28 07:23:53
=ended         2023-09-28 07:23:53
=result        ok
=elapsed       3.57e-4
=case          eturnal_SUITE:check_user_sessions
=logfile       eturnal_suite.check_user_sessions.html
=started       2023-09-28 07:23:53
=ended         2023-09-28 07:23:53
=result        ok
=elapsed       8.45e-4
=case          eturnal_SUITE:check_disconnect
=logfile       eturnal_suite.check_disconnect.html
=started       2023-09-28 07:23:53
=ended         2023-09-28 07:23:53
=result        ok
=elapsed       0.001043
=case          eturnal_SUITE:check_credentials
=logfile       eturnal_suite.check_credentials.html
=started       2023-09-28 07:23:53
=ended         2023-09-28 07:23:53
=result        ok
=elapsed       0.007374
=case          eturnal_SUITE:check_loglevel
=logfile       eturnal_suite.check_loglevel.html
=started       2023-09-28 07:23:53
=ended         2023-09-28 07:23:53
=result        ok
=elapsed       0.001606
=case          eturnal_SUITE:check_version
=logfile       eturnal_suite.check_version.html
=started       2023-09-28 07:23:53
=ended         2023-09-28 07:23:53
=result        ok
=elapsed       9.82e-4
=case          eturnal_SUITE:reload
=logfile       eturnal_suite.reload.html
=started       2023-09-28 07:23:53
=ended         2023-09-28 07:23:54
=result        ok
=elapsed       1.235473
=case          eturnal_SUITE:connect_tcp
=logfile       eturnal_suite.connect_tcp.html
=started       2023-09-28 07:23:54
=ended         2023-09-28 07:23:54
=result        ok
=elapsed       3.93e-4
=case          eturnal_SUITE:connect_tls
=logfile       eturnal_suite.connect_tls.html
=started       2023-09-28 07:23:54
=ended         2023-09-28 07:23:54
=result        ok
=elapsed       8.36e-4
=case          eturnal_SUITE:turn_udp
=logfile       eturnal_suite.turn_udp.html
=started       2023-09-28 07:23:54
=ended         2023-09-28 07:23:54
=result        ok
=elapsed       0.006803
=case          eturnal_SUITE:stun_udp
=logfile       eturnal_suite.stun_udp.html
=started       2023-09-28 07:23:54
=ended         2023-09-28 07:23:54
=result        ok
=elapsed       0.001932
=case          eturnal_SUITE:stun_tcp
=logfile       eturnal_suite.stun_tcp.html
=started       2023-09-28 07:23:54
=ended         2023-09-28 07:23:54
=result        ok
=elapsed       0.002444
=case          eturnal_SUITE:stun_tls
=logfile       eturnal_suite.stun_tls.html
=started       2023-09-28 07:23:54
=ended         2023-09-28 07:23:55
=result        ok
=elapsed       1.012523
=case          eturnal_SUITE:stun_tcp_auto
=logfile       eturnal_suite.stun_tcp_auto.html
=started       2023-09-28 07:23:55
=ended         2023-09-28 07:23:55
=result        ok
=elapsed       0.002726
=case          eturnal_SUITE:stun_tls_auto
=logfile       eturnal_suite.stun_tls_auto.html
=started       2023-09-28 07:23:55
=ended         2023-09-28 07:23:56
=result        ok
=elapsed       1.013478
=case          eturnal_SUITE:stop_eturnal
=logfile       eturnal_suite.stop_eturnal.html
=started       2023-09-28 07:23:56
=ended         2023-09-28 07:23:56
=result        ok
=elapsed       0.010223
=case          eturnal_SUITE:end_per_suite
=logfile       eturnal_suite.end_per_suite.html
=started       2023-09-28 07:23:56
=ended         2023-09-28 07:23:56
=result        ok
=elapsed       0.0
=group_time    6.692s
=== TEST COMPLETE, 18 ok, 0 failed of 18 test cases

=finished      2023-09-28 07:23:56
=failed        0
=successful    18
=user_skipped  0
=auto_skipped  0
