2023-07-31 16:40:11.934673+00:00 [notice] Starting eturnal 1.10.1 on Erlang/OTP 26 (ERTS 14.0) (eturnal_app:start/2:34)
2023-07-31 16:40:11.934900+00:00 [debug] Starting supervisor: eturnal_sup (eturnal_sup:start_link/0:31)
2023-07-31 16:40:11.935049+00:00 [debug] Configuring eturnal_sup supervisor: [#{id => systemd,
                                       start =>
                                           {eturnal_systemd,start_link,[]}},
                                     #{id => eturnal,
                                       start => {eturnal,start_link,[]}}] (eturnal_sup:init/0:39)
2023-07-31 16:40:11.936905+00:00 [info] Got no NOTIFY_SOCKET, notifications disabled (eturnal_systemd:init/1:96)
2023-07-31 16:40:11.937162+00:00 [debug] PROGRESS REPORT:
    supervisor: {local,eturnal_sup}
    started: [{pid,<0.1203.0>},
              {id,systemd},
              {mfargs,{eturnal_systemd,start_link,[]}},
              {restart_type,permanent},
              {significant,false},
              {shutdown,5000},
              {child_type,worker}]
 (supervisor:report_progress/2:1563)
2023-07-31 16:40:11.937389+00:00 [info] Relay IPv4 address: 127.0.0.1 (port range: 49152-65535) (eturnal:log_relay_addresses/0:325)
2023-07-31 16:40:11.937582+00:00 [info] Relay IPv6 address not configured (eturnal:log_relay_addresses/0:335)
2023-07-31 16:40:11.961449+00:00 [info] Cannot determine control query port: noport (eturnal:log_control_listener/0:350)
2023-07-31 16:40:11.962032+00:00 [debug] Using run directory run (eturnal:ensure_run_dir/0:798)
2023-07-31 16:40:11.962233+00:00 [debug] TURN configuration seems fine (eturnal:check_turn_config/0:546)
2023-07-31 16:40:11.962593+00:00 [warning] TLS enabled without 'tls_crt_file', creating self-signed certificate (eturnal:check_pem_file/0:744)
2023-07-31 16:40:13.174651+00:00 [debug] Calling mod_log_stun:start/0 (eturnal_module:start/1:143)
2023-07-31 16:40:13.175322+00:00 [debug] Starting mod_log_stun (mod_log_stun:start/0:38)
2023-07-31 16:40:13.175616+00:00 [info] Started mod_log_stun (eturnal:start_modules/0:361)
2023-07-31 16:40:13.175769+00:00 [debug] Calling mod_stats_influx:start/0 (eturnal_module:start/1:143)
2023-07-31 16:40:13.176012+00:00 [debug] Starting mod_stats_influx (mod_stats_influx:start/0:37)
2023-07-31 16:40:13.180502+00:00 [debug] PROGRESS REPORT:
    application: ulitos
    started_at: nonode@nohost
 (application_controller:info_started/2:2117)
2023-07-31 16:40:13.182129+00:00 [debug] PROGRESS REPORT:
    application: poolboy
    started_at: nonode@nohost
 (application_controller:info_started/2:2117)
2023-07-31 16:40:13.183641+00:00 [info]     msg: Starting application: influx_udp (influx_udp_app:start/2:10)
2023-07-31 16:40:13.186767+00:00 [debug] PROGRESS REPORT:
    supervisor: {local,influx_udp_sup}
    started: [{pid,<0.1225.0>},
              {id,influx_udp},
              {mfargs,{influx_udp,start_link,[]}},
              {restart_type,permanent},
              {significant,false},
              {shutdown,5000},
              {child_type,worker}]
 (supervisor:report_progress/2:1563)
2023-07-31 16:40:13.187001+00:00 [debug] Dependency influx_udp was available already (eturnal_module:ensure_dep/2:284)
2023-07-31 16:40:13.186993+00:00 [debug] PROGRESS REPORT:
    application: influx_udp
    started_at: nonode@nohost
 (application_controller:info_started/2:2117)
2023-07-31 16:40:13.196259+00:00 [info]     options: #{port => 8089,host => "localhost",pool_size => 1,
               max_overflow => 1}
    msg: Start clients pool
    host: {127,0,0,1} (influx_udp:start_pool_/2:239)
2023-07-31 16:40:13.218098+00:00 [info]     port: 54444
    msg: Open UDP socket on port (influx_udp_worker:init/1:43)
2023-07-31 16:40:13.218573+00:00 [debug] PROGRESS REPORT:
    supervisor: {local,influx_udp_sup}
    started: [{pid,<0.1228.0>},
              {id,stats_influx_pool},
              {mfargs,
                  {poolboy,start_link,
                      [[{name,{local,stats_influx_pool}},
                        {worker_module,influx_udp_worker},
                        {size,1},
                        {max_overflow,1}],
                       [{options,
                            #{port => 8089,
                              host => {127,0,0,1},
                              pool_size => 1,max_overflow => 1}}]]}},
              {restart_type,permanent},
              {significant,false},
              {shutdown,5000},
              {child_type,worker}]
 (supervisor:report_progress/2:1563)
2023-07-31 16:40:13.218837+00:00 [info] Started mod_stats_influx (eturnal:start_modules/0:361)
2023-07-31 16:40:13.219163+00:00 [debug] Calling mod_stats_prometheus:start/0 (eturnal_module:start/1:143)
2023-07-31 16:40:13.219487+00:00 [debug] Starting mod_stats_prometheus (mod_stats_prometheus:start/0:56)
2023-07-31 16:40:15.288928+00:00 [debug] PROGRESS REPORT:
    application: prometheus
    started_at: nonode@nohost
 (application_controller:info_started/2:2117)
2023-07-31 16:40:15.290431+00:00 [debug] PROGRESS REPORT:
    application: accept
    started_at: nonode@nohost
 (application_controller:info_started/2:2117)
2023-07-31 16:40:15.290765+00:00 [debug] PROGRESS REPORT:
    application: prometheus_httpd
    started_at: nonode@nohost
 (application_controller:info_started/2:2117)
2023-07-31 16:40:15.290852+00:00 [debug] Dependency prometheus_httpd was available already (eturnal_module:ensure_dep/2:284)
2023-07-31 16:40:15.291814+00:00 [debug] PROGRESS REPORT:
    supervisor: {local,httpd_instance_sup__127_0_0_1__9081default}
    started: [{pid,<0.1250.0>},
              {id,{httpd_connection_sup,{127,0,0,1},9081,default}},
              {mfargs,{httpd_connection_sup,start_link,[[{127,0,0,1},9081]]}},
              {restart_type,permanent},
              {significant,false},
              {shutdown,5000},
              {child_type,supervisor}]
 (supervisor:report_progress/2:1563)
2023-07-31 16:40:15.292271+00:00 [debug] PROGRESS REPORT:
    supervisor: {local,httpd_acceptor_sup__127_0_0_1__9081default}
    started: [{pid,<0.1252.0>},
              {id,{httpd_acceptor_sup,{127,0,0,1},9081,default}},
              {mfargs,{httpd_acceptor,start_link,
                                      [httpd__127_0_0_1__9081default,ip_comm,
                                       {127,0,0,1},
                                       9081,inet,
                                       httpd_conf__127_0_0_1__9081default,
                                       15000]}},
              {restart_type,transient},
              {significant,false},
              {shutdown,brutal_kill},
              {child_type,worker}]
 (supervisor:report_progress/2:1563)
2023-07-31 16:40:15.292445+00:00 [debug] PROGRESS REPORT:
    supervisor: {local,httpd_instance_sup__127_0_0_1__9081default}
    started: [{pid,<0.1251.0>},
              {id,{httpd_acceptor_sup,{127,0,0,1},9081,default}},
              {mfargs,
                  {httpd_acceptor_sup,start_link,
                      [[{127,0,0,1},
                        9081,
                        [{bind_address,{127,0,0,1}},
                         {socket_type,ip_comm},
                         {port,9081},
                         {server_root,"run/mod_stats_prometheus/doc"},
                         {document_root,"run/mod_stats_prometheus/doc"},
                         {server_name,"Prometheus Exporter"},
                         {modules,[prometheus_httpd]}],
                        15000,undefined]]}},
              {restart_type,permanent},
              {significant,false},
              {shutdown,infinity},
              {child_type,supervisor}]
 (supervisor:report_progress/2:1563)
2023-07-31 16:40:15.292654+00:00 [debug] PROGRESS REPORT:
    supervisor: {local,httpd_instance_sup__127_0_0_1__9081default}
    started: [{pid,<0.1253.0>},
              {id,{httpd_misc_sup,{127,0,0,1},9081,default}},
              {mfargs,{httpd_misc_sup,start_link,[{127,0,0,1},9081,default]}},
              {restart_type,permanent},
              {significant,false},
              {shutdown,infinity},
              {child_type,supervisor}]
 (supervisor:report_progress/2:1563)
2023-07-31 16:40:15.293019+00:00 [debug] PROGRESS REPORT:
    supervisor: {local,httpd_instance_sup__127_0_0_1__9081default}
    started: [{pid,<0.1254.0>},
              {id,{httpd_manager,{127,0,0,1},9081,default}},
              {mfargs,
                  {httpd_manager,start_link,
                      [undefined,
                       [{bind_address,{127,0,0,1}},
                        {socket_type,ip_comm},
                        {port,9081},
                        {server_root,"run/mod_stats_prometheus/doc"},
                        {document_root,"run/mod_stats_prometheus/doc"},
                        {server_name,"Prometheus Exporter"},
                        {modules,[prometheus_httpd]}],
                       15000]}},
              {restart_type,permanent},
              {significant,false},
              {shutdown,4000},
              {child_type,worker}]
 (supervisor:report_progress/2:1563)
2023-07-31 16:40:15.293165+00:00 [debug] PROGRESS REPORT:
    supervisor: {local,httpd_sup}
    started: [{pid,<0.1249.0>},
              {id,{httpd_instance_sup,{127,0,0,1},9081,default}},
              {mfargs,
                  {httpd_instance_sup,start_link,
                      [[{bind_address,{127,0,0,1}},
                        {socket_type,ip_comm},
                        {port,9081},
                        {server_root,"run/mod_stats_prometheus/doc"},
                        {document_root,"run/mod_stats_prometheus/doc"},
                        {server_name,"Prometheus Exporter"},
                        {modules,[prometheus_httpd]}],
                       15000,[]]}},
              {restart_type,permanent},
              {significant,false},
              {shutdown,infinity},
              {child_type,supervisor}]
 (supervisor:report_progress/2:1563)
2023-07-31 16:40:15.293857+00:00 [info] Started mod_stats_prometheus (eturnal:start_modules/0:361)
2023-07-31 16:40:15.294728+00:00 [debug] Starting listener 127.0.0.1:34780 (udp) with options:
[{use_turn,true},
 {auth_type,user},
 {turn_ipv4_address,{127,0,0,1}},
 {turn_min_port,49152},
 {turn_max_port,65535},
 {turn_max_allocations,10},
 {turn_max_permissions,10},
 {shaper,100000},
 {turn_blacklist,[{{10,0,0,0},8},
                  {{100,64,0,0},10},
                  {{127,0,0,0},8},
                  {{169,254,0,0},16},
                  {{172,16,0,0},12},
                  {{192,0,0,0},24},
                  {{192,0,2,0},24},
                  {{192,88,99,0},24},
                  {{192,168,0,0},16},
                  {{198,18,0,0},15},
                  {{198,51,100,0},24},
                  {{203,0,113,0},24},
                  {{224,0,0,0},4},
                  {{240,0,0,0},4},
                  {{0,0,0,0,0,0,0,1},128},
                  {{0,0,0,0,0,65535,0,0},96},
                  {{100,65435,0,0,0,0,0,0},96},
                  {{256,0,0,0,0,0,0,0},64},
                  {{8193,3512,0,0,0,0,0,0},32},
                  {{64512,0,0,0,0,0,0,0},7},
                  {{65152,0,0,0,0,0,0,0},10},
                  {{65280,0,0,0,0,0,0,0},8}]},
 {turn_whitelist,[{{127,0,0,1},32},
                  {{203,0,113,113},32},
                  {{8193,3512,0,0,0,0,0,0},64}]},
 {auth_realm,<<"eturnal.net">>},
 {server_name,<<"eturnal">>},
 {auth_fun,fun eturnal:get_password/2},
 {hook_fun,fun eturnal:run_hook/2}] (eturnal:start_listeners/0:394)
2023-07-31 16:40:15.296650+00:00 [info] Listening on 127.0.0.1:34780 (udp) (STUN/TURN) (eturnal:start_listeners/0:401)
2023-07-31 16:40:15.296814+00:00 [debug] Starting listener 127.0.0.1:34780 (tcp) with options:
[{use_turn,false},
 {auth_type,anonymous},
 {turn_ipv4_address,{127,0,0,1}},
 {turn_min_port,49152},
 {turn_max_port,65535},
 {turn_max_allocations,10},
 {turn_max_permissions,10},
 {shaper,100000},
 {turn_blacklist,[{{10,0,0,0},8},
                  {{100,64,0,0},10},
                  {{127,0,0,0},8},
                  {{169,254,0,0},16},
                  {{172,16,0,0},12},
                  {{192,0,0,0},24},
                  {{192,0,2,0},24},
                  {{192,88,99,0},24},
                  {{192,168,0,0},16},
                  {{198,18,0,0},15},
                  {{198,51,100,0},24},
                  {{203,0,113,0},24},
                  {{224,0,0,0},4},
                  {{240,0,0,0},4},
                  {{0,0,0,0,0,0,0,1},128},
                  {{0,0,0,0,0,65535,0,0},96},
                  {{100,65435,0,0,0,0,0,0},96},
                  {{256,0,0,0,0,0,0,0},64},
                  {{8193,3512,0,0,0,0,0,0},32},
                  {{64512,0,0,0,0,0,0,0},7},
                  {{65152,0,0,0,0,0,0,0},10},
                  {{65280,0,0,0,0,0,0,0},8}]},
 {turn_whitelist,[{{127,0,0,1},32},
                  {{203,0,113,113},32},
                  {{8193,3512,0,0,0,0,0,0},64}]},
 {auth_realm,<<"eturnal.net">>},
 {server_name,<<"eturnal">>},
 {auth_fun,fun eturnal:get_password/2},
 {hook_fun,fun eturnal:run_hook/2}] (eturnal:start_listeners/0:394)
2023-07-31 16:40:15.297776+00:00 [info] Listening on 127.0.0.1:34780 (tcp) (STUN only) (eturnal:start_listeners/0:401)
2023-07-31 16:40:15.297944+00:00 [debug] Starting listener 127.0.0.1:53490 (tls) with options:
[{use_turn,false},
 {auth_type,anonymous},
 {tls,true},
 {certfile,<<"run/cert.pem">>},
 {ciphers,<<"HIGH:!aNULL:@STRENGTH">>},
 {protocol_options,<<"no_tlsv1|no_tlsv1_1|cipher_server_preference">>},
 {turn_ipv4_address,{127,0,0,1}},
 {turn_min_port,49152},
 {turn_max_port,65535},
 {turn_max_allocations,10},
 {turn_max_permissions,10},
 {shaper,100000},
 {turn_blacklist,[{{10,0,0,0},8},
                  {{100,64,0,0},10},
                  {{127,0,0,0},8},
                  {{169,254,0,0},16},
                  {{172,16,0,0},12},
                  {{192,0,0,0},24},
                  {{192,0,2,0},24},
                  {{192,88,99,0},24},
                  {{192,168,0,0},16},
                  {{198,18,0,0},15},
                  {{198,51,100,0},24},
                  {{203,0,113,0},24},
                  {{224,0,0,0},4},
                  {{240,0,0,0},4},
                  {{0,0,0,0,0,0,0,1},128},
                  {{0,0,0,0,0,65535,0,0},96},
                  {{100,65435,0,0,0,0,0,0},96},
                  {{256,0,0,0,0,0,0,0},64},
                  {{8193,3512,0,0,0,0,0,0},32},
                  {{64512,0,0,0,0,0,0,0},7},
                  {{65152,0,0,0,0,0,0,0},10},
                  {{65280,0,0,0,0,0,0,0},8}]},
 {turn_whitelist,[{{127,0,0,1},32},
                  {{203,0,113,113},32},
                  {{8193,3512,0,0,0,0,0,0},64}]},
 {auth_realm,<<"eturnal.net">>},
 {server_name,<<"eturnal">>},
 {auth_fun,fun eturnal:get_password/2},
 {hook_fun,fun eturnal:run_hook/2}] (eturnal:start_listeners/0:394)
2023-07-31 16:40:15.298649+00:00 [info] Listening on 127.0.0.1:53490 (tls) (STUN only) (eturnal:start_listeners/0:401)
2023-07-31 16:40:15.298809+00:00 [debug] Starting listener 127.0.0.1:34781 (auto) with options:
[{use_turn,false},
 {auth_type,anonymous},
 {tls,optional},
 {certfile,<<"run/cert.pem">>},
 {ciphers,<<"HIGH:!aNULL:@STRENGTH">>},
 {protocol_options,<<"no_tlsv1|no_tlsv1_1|cipher_server_preference">>},
 {turn_ipv4_address,{127,0,0,1}},
 {turn_min_port,49152},
 {turn_max_port,65535},
 {turn_max_allocations,10},
 {turn_max_permissions,10},
 {shaper,100000},
 {turn_blacklist,[{{10,0,0,0},8},
                  {{100,64,0,0},10},
                  {{127,0,0,0},8},
                  {{169,254,0,0},16},
                  {{172,16,0,0},12},
                  {{192,0,0,0},24},
                  {{192,0,2,0},24},
                  {{192,88,99,0},24},
                  {{192,168,0,0},16},
                  {{198,18,0,0},15},
                  {{198,51,100,0},24},
                  {{203,0,113,0},24},
                  {{224,0,0,0},4},
                  {{240,0,0,0},4},
                  {{0,0,0,0,0,0,0,1},128},
                  {{0,0,0,0,0,65535,0,0},96},
                  {{100,65435,0,0,0,0,0,0},96},
                  {{256,0,0,0,0,0,0,0},64},
                  {{8193,3512,0,0,0,0,0,0},32},
                  {{64512,0,0,0,0,0,0,0},7},
                  {{65152,0,0,0,0,0,0,0},10},
                  {{65280,0,0,0,0,0,0,0},8}]},
 {turn_whitelist,[{{127,0,0,1},32},
                  {{203,0,113,113},32},
                  {{8193,3512,0,0,0,0,0,0},64}]},
 {auth_realm,<<"eturnal.net">>},
 {server_name,<<"eturnal">>},
 {auth_fun,fun eturnal:get_password/2},
 {hook_fun,fun eturnal:run_hook/2}] (eturnal:start_listeners/0:394)
2023-07-31 16:40:15.299398+00:00 [info] Listening on 127.0.0.1:34781 (auto) (STUN only) (eturnal:start_listeners/0:401)
2023-07-31 16:40:15.299586+00:00 [debug] Started 3 modules (eturnal:init/1:105)
2023-07-31 16:40:15.299692+00:00 [debug] Started 4 listeners (eturnal:init/1:106)
2023-07-31 16:40:15.299930+00:00 [debug] PROGRESS REPORT:
    supervisor: {local,eturnal_sup}
    started: [{pid,<0.1205.0>},
              {id,eturnal},
              {mfargs,{eturnal,start_link,[]}},
              {restart_type,permanent},
              {significant,false},
              {shutdown,5000},
              {child_type,worker}]
 (supervisor:report_progress/2:1563)
2023-07-31 16:40:15.300233+00:00 [debug] PROGRESS REPORT:
    application: eturnal
    started_at: nonode@nohost
 (application_controller:info_started/2:2117)
2023-07-31 16:40:15.300078+00:00 [debug] No NOTIFY_SOCKET, dropping READY=1 notification (eturnal_systemd:handle_cast/2:110)
2023-07-31 16:40:15.300545+00:00 [debug] Watchdog interval is undefined, hibernating (eturnal_systemd:get_timeout/1:163)
2023-07-31 16:40:15.333960+00:00 [debug] Handling API call: get_info() (eturnal_ctl:get_info/0:134)
2023-07-31 16:40:15.334730+00:00 [debug] eturnal call (get_info) returned {ok,
                                  {eturnal_node_info,<<"1.10.1">>,
                                   {"26","14.0"},
                                   7276,0,165,150465559,1,58591464}} (eturnal_ctl:call/1:451)
2023-07-31 16:40:15.362285+00:00 [debug] Handling API call: get_sessions() (eturnal_ctl:get_sessions/0:105)
2023-07-31 16:40:15.386899+00:00 [debug] Handling API call: get_sessions("alice") (eturnal_ctl:get_sessions/1:115)
2023-07-31 16:40:15.387361+00:00 [debug] Handling API call: disconnect(alice) (eturnal_ctl:disconnect/1:183)
2023-07-31 16:40:15.387535+00:00 [debug] Cannot convert user name to binary: alice (eturnal_ctl:disconnect/1:193)
2023-07-31 16:40:15.411801+00:00 [debug] Handling API call: disconnect("alice") (eturnal_ctl:disconnect/1:183)
2023-07-31 16:40:15.412212+00:00 [debug] Handling API call: disconnect(alice) (eturnal_ctl:disconnect/1:183)
2023-07-31 16:40:15.412374+00:00 [debug] Cannot convert user name to binary: alice (eturnal_ctl:disconnect/1:193)
2023-07-31 16:40:15.437493+00:00 [debug] Handling API call: get_credentials("2009-10-30 11:00:00Z", []) (eturnal_ctl:get_credentials/2:59)
2023-07-31 16:40:15.437838+00:00 [debug] eturnal call ({get_password,<<"1256900400">>}) returned {ok,
                                                         <<"uEKlpcME7MNMMVRV8rUFPCTIFEs=">>} (eturnal_ctl:call/1:451)
2023-07-31 16:40:15.438176+00:00 [debug] Handling API call: get_credentials("86400", "alice") (eturnal_ctl:get_credentials/2:59)
2023-07-31 16:40:15.438368+00:00 [debug] eturnal call ({get_password,<<"1690908015:alice">>}) returned {ok,
                                                               <<"rG0L49dn0sAgWoESntpStX8U2VA=">>} (eturnal_ctl:call/1:451)
2023-07-31 16:40:15.438539+00:00 [debug] Handling API call: get_password("1690908015:alice") (eturnal_ctl:get_password/1:78)
2023-07-31 16:40:15.438691+00:00 [debug] eturnal call ({get_password,<<"1690908015:alice">>}) returned {ok,
                                                               <<"rG0L49dn0sAgWoESntpStX8U2VA=">>} (eturnal_ctl:call/1:451)
2023-07-31 16:40:15.438915+00:00 [debug] Handling API call: get_credentials("86400s", "alice") (eturnal_ctl:get_credentials/2:59)
2023-07-31 16:40:15.439125+00:00 [debug] eturnal call ({get_password,<<"1690908015:alice">>}) returned {ok,
                                                               <<"rG0L49dn0sAgWoESntpStX8U2VA=">>} (eturnal_ctl:call/1:451)
2023-07-31 16:40:15.439313+00:00 [debug] Handling API call: get_password("1690908015:alice") (eturnal_ctl:get_password/1:78)
2023-07-31 16:40:15.439481+00:00 [debug] eturnal call ({get_password,<<"1690908015:alice">>}) returned {ok,
                                                               <<"rG0L49dn0sAgWoESntpStX8U2VA=">>} (eturnal_ctl:call/1:451)
2023-07-31 16:40:15.439734+00:00 [debug] Handling API call: get_credentials("1440m", "alice") (eturnal_ctl:get_credentials/2:59)
2023-07-31 16:40:15.439989+00:00 [debug] eturnal call ({get_password,<<"1690908015:alice">>}) returned {ok,
                                                               <<"rG0L49dn0sAgWoESntpStX8U2VA=">>} (eturnal_ctl:call/1:451)
2023-07-31 16:40:15.440165+00:00 [debug] Handling API call: get_password("1690908015:alice") (eturnal_ctl:get_password/1:78)
2023-07-31 16:40:15.440357+00:00 [debug] eturnal call ({get_password,<<"1690908015:alice">>}) returned {ok,
                                                               <<"rG0L49dn0sAgWoESntpStX8U2VA=">>} (eturnal_ctl:call/1:451)
2023-07-31 16:40:15.440625+00:00 [debug] Handling API call: get_credentials("24h", "alice") (eturnal_ctl:get_credentials/2:59)
2023-07-31 16:40:15.440816+00:00 [debug] eturnal call ({get_password,<<"1690908015:alice">>}) returned {ok,
                                                               <<"rG0L49dn0sAgWoESntpStX8U2VA=">>} (eturnal_ctl:call/1:451)
2023-07-31 16:40:15.441021+00:00 [debug] Handling API call: get_password("1690908015:alice") (eturnal_ctl:get_password/1:78)
2023-07-31 16:40:15.441267+00:00 [debug] eturnal call ({get_password,<<"1690908015:alice">>}) returned {ok,
                                                               <<"rG0L49dn0sAgWoESntpStX8U2VA=">>} (eturnal_ctl:call/1:451)
2023-07-31 16:40:15.441484+00:00 [debug] Handling API call: get_credentials("1d", "alice") (eturnal_ctl:get_credentials/2:59)
2023-07-31 16:40:15.441719+00:00 [debug] eturnal call ({get_password,<<"1690908015:alice">>}) returned {ok,
                                                               <<"rG0L49dn0sAgWoESntpStX8U2VA=">>} (eturnal_ctl:call/1:451)
2023-07-31 16:40:15.441890+00:00 [debug] Handling API call: get_password("1690908015:alice") (eturnal_ctl:get_password/1:78)
2023-07-31 16:40:15.442035+00:00 [debug] eturnal call ({get_password,<<"1690908015:alice">>}) returned {ok,
                                                               <<"rG0L49dn0sAgWoESntpStX8U2VA=">>} (eturnal_ctl:call/1:451)
2023-07-31 16:40:15.442216+00:00 [debug] Handling API call: get_password("Invalid") (eturnal_ctl:get_password/1:78)
2023-07-31 16:40:15.442314+00:00 [debug] Invalid user name: Invalid (eturnal_ctl:get_password/1:92)
2023-07-31 16:40:15.442408+00:00 [debug] Handling API call: get_credentials("Invalid", []) (eturnal_ctl:get_credentials/2:59)
2023-07-31 16:40:15.442623+00:00 [debug] Invalid argument(s): "Invalid":[] (eturnal_ctl:get_credentials/2:72)
2023-07-31 16:40:15.442723+00:00 [debug] Handling API call: get_password(invalid) (eturnal_ctl:get_password/1:78)
2023-07-31 16:40:15.442825+00:00 [debug] Cannot convert user name to binary: invalid (eturnal_ctl:get_password/1:99)
2023-07-31 16:40:15.442923+00:00 [debug] Handling API call: get_credentials(invalid, []) (eturnal_ctl:get_credentials/2:59)
2023-07-31 16:40:15.443060+00:00 [debug] Invalid argument(s): invalid:[] (eturnal_ctl:get_credentials/2:72)
2023-07-31 16:40:15.443152+00:00 [debug] Handling API call: get_password([invalid]) (eturnal_ctl:get_password/1:78)
2023-07-31 16:40:15.443266+00:00 [debug] Cannot convert user name to binary: [invalid] (eturnal_ctl:get_password/1:99)
2023-07-31 16:40:15.443366+00:00 [debug] Handling API call: get_credentials([invalid], []) (eturnal_ctl:get_credentials/2:59)
2023-07-31 16:40:15.443522+00:00 [debug] Invalid argument(s): [invalid]:[] (eturnal_ctl:get_credentials/2:72)
2023-07-31 16:40:15.443654+00:00 [debug] Handling API call: get_credentials(1256900400, invalid) (eturnal_ctl:get_credentials/2:59)
2023-07-31 16:40:15.443731+00:00 [debug] Invalid argument(s): 1256900400:invalid (eturnal_ctl:get_credentials/2:72)
2023-07-31 16:40:15.469505+00:00 [debug] Handling API call: set_loglevel(debug) (eturnal_ctl:set_loglevel/1:164)
2023-07-31 16:40:15.469911+00:00 [debug] eturnal call ({set_loglevel,debug}) returned ok (eturnal_ctl:call/1:448)
2023-07-31 16:40:15.470166+00:00 [debug] Handling API call: get_loglevel() (eturnal_ctl:get_loglevel/0:154)
2023-07-31 16:40:15.470396+00:00 [debug] eturnal call (get_loglevel) returned {ok,debug} (eturnal_ctl:call/1:451)
2023-07-31 16:40:15.470625+00:00 [debug] Handling API call: set_loglevel(invalid) (eturnal_ctl:set_loglevel/1:164)
2023-07-31 16:40:15.470740+00:00 [debug] Invalid log level: invalid (eturnal_ctl:set_loglevel/1:174)
2023-07-31 16:40:15.470897+00:00 [debug] Handling API call: get_loglevel() (eturnal_ctl:get_loglevel/0:154)
2023-07-31 16:40:15.471073+00:00 [debug] eturnal call (get_loglevel) returned {ok,debug} (eturnal_ctl:call/1:451)
2023-07-31 16:40:15.496159+00:00 [debug] Handling API call: get_version() (eturnal_ctl:get_version/0:144)
2023-07-31 16:40:15.496435+00:00 [debug] eturnal call (get_version) returned {ok,<<"1.10.1">>} (eturnal_ctl:call/1:451)
2023-07-31 16:40:15.522674+00:00 [debug] Handling API call: reload() (eturnal_ctl:reload/0:199)
2023-07-31 16:40:15.524975+00:00 [debug] Calling mod_log_stun:options/0 (eturnal_module:options/1:192)
2023-07-31 16:40:15.525197+00:00 [debug] Calling mod_stats_influx:options/0 (eturnal_module:options/1:192)
2023-07-31 16:40:15.525534+00:00 [debug] Calling mod_stats_prometheus:options/0 (eturnal_module:options/1:192)
2023-07-31 16:40:15.526533+00:00 [warning] TLS enabled without 'tls_crt_file', creating self-signed certificate (eturnal:check_pem_file/0:744)
2023-07-31 16:40:16.262745+00:00 [info] Using new TLS certificate (eturnal:reload/1:573)
2023-07-31 16:40:16.263485+00:00 [debug] Calling mod_log_stun:stop/1 (eturnal_module:stop/1:163)
2023-07-31 16:40:16.263758+00:00 [debug] Stopping mod_log_stun (mod_log_stun:stop/0:49)
2023-07-31 16:40:16.264011+00:00 [info] Stopped mod_log_stun (eturnal:stop_modules/1:374)
2023-07-31 16:40:16.266104+00:00 [debug] Calling mod_stats_influx:stop/1 (eturnal_module:stop/1:163)
2023-07-31 16:40:16.266311+00:00 [debug] Stopping mod_stats_influx (mod_stats_influx:stop/0:61)
2023-07-31 16:40:16.266462+00:00 [info] Stopped mod_stats_influx (eturnal:stop_modules/1:374)
2023-07-31 16:40:16.268651+00:00 [debug] Calling mod_stats_prometheus:stop/1 (eturnal_module:stop/1:163)
2023-07-31 16:40:16.269577+00:00 [debug] Stopping mod_stats_prometheus (mod_stats_prometheus:stop/0:110)
2023-07-31 16:40:16.271119+00:00 [info] Stopped mod_stats_prometheus (eturnal:stop_modules/1:374)
2023-07-31 16:40:16.271347+00:00 [debug] Calling mod_log_stun:start/0 (eturnal_module:start/1:143)
2023-07-31 16:40:16.271515+00:00 [debug] Starting mod_log_stun (mod_log_stun:start/0:38)
2023-07-31 16:40:16.272677+00:00 [info] Started mod_log_stun (eturnal:start_modules/0:361)
2023-07-31 16:40:16.273155+00:00 [debug] Calling mod_stats_influx:start/0 (eturnal_module:start/1:143)
2023-07-31 16:40:16.273318+00:00 [debug] Starting mod_stats_influx (mod_stats_influx:start/0:37)
2023-07-31 16:40:16.273516+00:00 [debug] Dependency influx_udp was available already (eturnal_module:ensure_dep/2:284)
2023-07-31 16:40:16.274474+00:00 [info]     options: #{port => 8089,host => "localhost",pool_size => 1,
               max_overflow => 1}
    msg: Start clients pool
    host: {127,0,0,1} (influx_udp:start_pool_/2:239)
2023-07-31 16:40:16.275732+00:00 [info] Started mod_stats_influx (eturnal:start_modules/0:361)
2023-07-31 16:40:16.275912+00:00 [debug] Calling mod_stats_prometheus:start/0 (eturnal_module:start/1:143)
2023-07-31 16:40:16.276230+00:00 [debug] Starting mod_stats_prometheus (mod_stats_prometheus:start/0:56)
2023-07-31 16:40:16.277242+00:00 [debug] Dependency prometheus_httpd was available already (eturnal_module:ensure_dep/2:284)
2023-07-31 16:40:16.277883+00:00 [debug] PROGRESS REPORT:
    supervisor: {local,httpd_instance_sup__127_0_0_1__9081default}
    started: [{pid,<0.1380.0>},
              {id,{httpd_connection_sup,{127,0,0,1},9081,default}},
              {mfargs,{httpd_connection_sup,start_link,[[{127,0,0,1},9081]]}},
              {restart_type,permanent},
              {significant,false},
              {shutdown,5000},
              {child_type,supervisor}]
 (supervisor:report_progress/2:1563)
2023-07-31 16:40:16.278283+00:00 [debug] PROGRESS REPORT:
    supervisor: {local,httpd_acceptor_sup__127_0_0_1__9081default}
    started: [{pid,<0.1382.0>},
              {id,{httpd_acceptor_sup,{127,0,0,1},9081,default}},
              {mfargs,{httpd_acceptor,start_link,
                                      [httpd__127_0_0_1__9081default,ip_comm,
                                       {127,0,0,1},
                                       9081,inet,
                                       httpd_conf__127_0_0_1__9081default,
                                       15000]}},
              {restart_type,transient},
              {significant,false},
              {shutdown,brutal_kill},
              {child_type,worker}]
 (supervisor:report_progress/2:1563)
2023-07-31 16:40:16.278984+00:00 [debug] PROGRESS REPORT:
    supervisor: {local,httpd_instance_sup__127_0_0_1__9081default}
    started: [{pid,<0.1381.0>},
              {id,{httpd_acceptor_sup,{127,0,0,1},9081,default}},
              {mfargs,
                  {httpd_acceptor_sup,start_link,
                      [[{127,0,0,1},
                        9081,
                        [{bind_address,{127,0,0,1}},
                         {socket_type,ip_comm},
                         {port,9081},
                         {server_root,"run/mod_stats_prometheus/doc"},
                         {document_root,"run/mod_stats_prometheus/doc"},
                         {server_name,"Prometheus Exporter"},
                         {modules,[prometheus_httpd]}],
                        15000,undefined]]}},
              {restart_type,permanent},
              {significant,false},
              {shutdown,infinity},
              {child_type,supervisor}]
 (supervisor:report_progress/2:1563)
2023-07-31 16:40:16.279194+00:00 [debug] PROGRESS REPORT:
    supervisor: {local,httpd_instance_sup__127_0_0_1__9081default}
    started: [{pid,<0.1383.0>},
              {id,{httpd_misc_sup,{127,0,0,1},9081,default}},
              {mfargs,{httpd_misc_sup,start_link,[{127,0,0,1},9081,default]}},
              {restart_type,permanent},
              {significant,false},
              {shutdown,infinity},
              {child_type,supervisor}]
 (supervisor:report_progress/2:1563)
2023-07-31 16:40:16.279794+00:00 [debug] PROGRESS REPORT:
    supervisor: {local,httpd_instance_sup__127_0_0_1__9081default}
    started: [{pid,<0.1384.0>},
              {id,{httpd_manager,{127,0,0,1},9081,default}},
              {mfargs,
                  {httpd_manager,start_link,
                      [undefined,
                       [{bind_address,{127,0,0,1}},
                        {socket_type,ip_comm},
                        {port,9081},
                        {server_root,"run/mod_stats_prometheus/doc"},
                        {document_root,"run/mod_stats_prometheus/doc"},
                        {server_name,"Prometheus Exporter"},
                        {modules,[prometheus_httpd]}],
                       15000]}},
              {restart_type,permanent},
              {significant,false},
              {shutdown,4000},
              {child_type,worker}]
 (supervisor:report_progress/2:1563)
2023-07-31 16:40:16.279950+00:00 [debug] PROGRESS REPORT:
    supervisor: {local,httpd_sup}
    started: [{pid,<0.1379.0>},
              {id,{httpd_instance_sup,{127,0,0,1},9081,default}},
              {mfargs,
                  {httpd_instance_sup,start_link,
                      [[{bind_address,{127,0,0,1}},
                        {socket_type,ip_comm},
                        {port,9081},
                        {server_root,"run/mod_stats_prometheus/doc"},
                        {document_root,"run/mod_stats_prometheus/doc"},
                        {server_name,"Prometheus Exporter"},
                        {modules,[prometheus_httpd]}],
                       15000,[]]}},
              {restart_type,permanent},
              {significant,false},
              {shutdown,infinity},
              {child_type,supervisor}]
 (supervisor:report_progress/2:1563)
2023-07-31 16:40:16.281596+00:00 [info] Started mod_stats_prometheus (eturnal:start_modules/0:361)
2023-07-31 16:40:16.281738+00:00 [debug] Restarted modules (eturnal:reload/1:581)
2023-07-31 16:40:16.282666+00:00 [debug] eturnal call (reload) returned ok (eturnal_ctl:call/1:448)
2023-07-31 16:40:16.283008+00:00 [debug] Handling API call: reload() (eturnal_ctl:reload/0:199)
2023-07-31 16:40:16.286564+00:00 [debug] Calling mod_log_stun:options/0 (eturnal_module:options/1:192)
2023-07-31 16:40:16.286784+00:00 [debug] Calling mod_stats_influx:options/0 (eturnal_module:options/1:192)
2023-07-31 16:40:16.286983+00:00 [debug] Calling mod_stats_prometheus:options/0 (eturnal_module:options/1:192)
2023-07-31 16:40:16.288381+00:00 [debug] Keeping PEM file (run/cert.pem) (eturnal:check_pem_file/0:741)
2023-07-31 16:40:16.288526+00:00 [debug] TLS certificate unchanged (eturnal:reload/1:575)
2023-07-31 16:40:16.289005+00:00 [debug] Calling mod_log_stun:stop/1 (eturnal_module:stop/1:163)
2023-07-31 16:40:16.289404+00:00 [debug] Stopping mod_log_stun (mod_log_stun:stop/0:49)
2023-07-31 16:40:16.289507+00:00 [info] Stopped mod_log_stun (eturnal:stop_modules/1:374)
2023-07-31 16:40:16.291165+00:00 [debug] Calling mod_stats_influx:stop/1 (eturnal_module:stop/1:163)
2023-07-31 16:40:16.291299+00:00 [debug] Stopping mod_stats_influx (mod_stats_influx:stop/0:61)
2023-07-31 16:40:16.291382+00:00 [info] Stopped mod_stats_influx (eturnal:stop_modules/1:374)
2023-07-31 16:40:16.292764+00:00 [debug] Calling mod_stats_prometheus:stop/1 (eturnal_module:stop/1:163)
2023-07-31 16:40:16.292889+00:00 [debug] Stopping mod_stats_prometheus (mod_stats_prometheus:stop/0:110)
2023-07-31 16:40:16.293286+00:00 [info] Stopped mod_stats_prometheus (eturnal:stop_modules/1:374)
2023-07-31 16:40:16.293933+00:00 [debug] Calling mod_log_stun:start/0 (eturnal_module:start/1:143)
2023-07-31 16:40:16.294187+00:00 [debug] Starting mod_log_stun (mod_log_stun:start/0:38)
2023-07-31 16:40:16.295160+00:00 [info] Started mod_log_stun (eturnal:start_modules/0:361)
2023-07-31 16:40:16.295423+00:00 [debug] Calling mod_stats_influx:start/0 (eturnal_module:start/1:143)
2023-07-31 16:40:16.295712+00:00 [debug] Starting mod_stats_influx (mod_stats_influx:start/0:37)
2023-07-31 16:40:16.296453+00:00 [debug] Dependency influx_udp was available already (eturnal_module:ensure_dep/2:284)
2023-07-31 16:40:16.297241+00:00 [info]     options: #{port => 8089,host => "localhost",pool_size => 1,
               max_overflow => 1}
    msg: Start clients pool
    host: {127,0,0,1} (influx_udp:start_pool_/2:239)
2023-07-31 16:40:16.299928+00:00 [info] Started mod_stats_influx (eturnal:start_modules/0:361)
2023-07-31 16:40:16.300140+00:00 [debug] Calling mod_stats_prometheus:start/0 (eturnal_module:start/1:143)
2023-07-31 16:40:16.300317+00:00 [debug] Starting mod_stats_prometheus (mod_stats_prometheus:start/0:56)
2023-07-31 16:40:16.300848+00:00 [debug] Dependency prometheus_httpd was available already (eturnal_module:ensure_dep/2:284)
2023-07-31 16:40:16.301842+00:00 [debug] PROGRESS REPORT:
    supervisor: {local,httpd_instance_sup__127_0_0_1__9081default}
    started: [{pid,<0.1415.0>},
              {id,{httpd_connection_sup,{127,0,0,1},9081,default}},
              {mfargs,{httpd_connection_sup,start_link,[[{127,0,0,1},9081]]}},
              {restart_type,permanent},
              {significant,false},
              {shutdown,5000},
              {child_type,supervisor}]
 (supervisor:report_progress/2:1563)
2023-07-31 16:40:16.302193+00:00 [debug] PROGRESS REPORT:
    supervisor: {local,httpd_acceptor_sup__127_0_0_1__9081default}
    started: [{pid,<0.1417.0>},
              {id,{httpd_acceptor_sup,{127,0,0,1},9081,default}},
              {mfargs,{httpd_acceptor,start_link,
                                      [httpd__127_0_0_1__9081default,ip_comm,
                                       {127,0,0,1},
                                       9081,inet,
                                       httpd_conf__127_0_0_1__9081default,
                                       15000]}},
              {restart_type,transient},
              {significant,false},
              {shutdown,brutal_kill},
              {child_type,worker}]
 (supervisor:report_progress/2:1563)
2023-07-31 16:40:16.302353+00:00 [debug] PROGRESS REPORT:
    supervisor: {local,httpd_instance_sup__127_0_0_1__9081default}
    started: [{pid,<0.1416.0>},
              {id,{httpd_acceptor_sup,{127,0,0,1},9081,default}},
              {mfargs,
                  {httpd_acceptor_sup,start_link,
                      [[{127,0,0,1},
                        9081,
                        [{bind_address,{127,0,0,1}},
                         {socket_type,ip_comm},
                         {port,9081},
                         {server_root,"run/mod_stats_prometheus/doc"},
                         {document_root,"run/mod_stats_prometheus/doc"},
                         {server_name,"Prometheus Exporter"},
                         {modules,[prometheus_httpd]}],
                        15000,undefined]]}},
              {restart_type,permanent},
              {significant,false},
              {shutdown,infinity},
              {child_type,supervisor}]
 (supervisor:report_progress/2:1563)
2023-07-31 16:40:16.302536+00:00 [debug] PROGRESS REPORT:
    supervisor: {local,httpd_instance_sup__127_0_0_1__9081default}
    started: [{pid,<0.1418.0>},
              {id,{httpd_misc_sup,{127,0,0,1},9081,default}},
              {mfargs,{httpd_misc_sup,start_link,[{127,0,0,1},9081,default]}},
              {restart_type,permanent},
              {significant,false},
              {shutdown,infinity},
              {child_type,supervisor}]
 (supervisor:report_progress/2:1563)
2023-07-31 16:40:16.302907+00:00 [debug] PROGRESS REPORT:
    supervisor: {local,httpd_instance_sup__127_0_0_1__9081default}
    started: [{pid,<0.1419.0>},
              {id,{httpd_manager,{127,0,0,1},9081,default}},
              {mfargs,
                  {httpd_manager,start_link,
                      [undefined,
                       [{bind_address,{127,0,0,1}},
                        {socket_type,ip_comm},
                        {port,9081},
                        {server_root,"run/mod_stats_prometheus/doc"},
                        {document_root,"run/mod_stats_prometheus/doc"},
                        {server_name,"Prometheus Exporter"},
                        {modules,[prometheus_httpd]}],
                       15000]}},
              {restart_type,permanent},
              {significant,false},
              {shutdown,4000},
              {child_type,worker}]
 (supervisor:report_progress/2:1563)
2023-07-31 16:40:16.303090+00:00 [debug] PROGRESS REPORT:
    supervisor: {local,httpd_sup}
    started: [{pid,<0.1414.0>},
              {id,{httpd_instance_sup,{127,0,0,1},9081,default}},
              {mfargs,
                  {httpd_instance_sup,start_link,
                      [[{bind_address,{127,0,0,1}},
                        {socket_type,ip_comm},
                        {port,9081},
                        {server_root,"run/mod_stats_prometheus/doc"},
                        {document_root,"run/mod_stats_prometheus/doc"},
                        {server_name,"Prometheus Exporter"},
                        {modules,[prometheus_httpd]}],
                       15000,[]]}},
              {restart_type,permanent},
              {significant,false},
              {shutdown,infinity},
              {child_type,supervisor}]
 (supervisor:report_progress/2:1563)
2023-07-31 16:40:16.304091+00:00 [info] Started mod_stats_prometheus (eturnal:start_modules/0:361)
2023-07-31 16:40:16.304273+00:00 [debug] Restarted modules (eturnal:reload/1:581)
2023-07-31 16:40:16.305488+00:00 [debug] eturnal call (reload) returned ok (eturnal_ctl:call/1:448)
2023-07-31 16:40:16.335308+00:00 [info] Accepting connection: 127.0.0.1:45716 -> 127.0.0.1:34780 [TCP, session lpybwhbisu34] (stun_acceptor:accept/3:158)
2023-07-31 16:40:16.359551+00:00 [info] Accepting connection: 127.0.0.1:56008 -> 127.0.0.1:53490 [TLS, session 6st9rqqg41gi] (stun_acceptor:accept/3:158)
2023-07-31 16:40:16.383757+00:00 [debug] Received:
#stun{class = request,method = 3,magic = 554869826,
      trid = 28410722681521747090674447215,raw = <<>>,unsupported = [],
      'ALTERNATE-SERVER' = undefined,'CHANNEL-NUMBER' = undefined,
      'DATA' = undefined,'DONT-FRAGMENT' = false,'ERROR-CODE' = undefined,
      'LIFETIME' = undefined,'MAPPED-ADDRESS' = undefined,
      'MESSAGE-INTEGRITY' = undefined,'NONCE' = undefined,'REALM' = undefined,
      'REQUESTED-ADDRESS-FAMILY' = undefined,
      'REQUESTED-TRANSPORT' = undefined,'SOFTWARE' = undefined,
      'UNKNOWN-ATTRIBUTES' = [],'USERNAME' = undefined,
      'XOR-MAPPED-ADDRESS' = undefined,'XOR-PEER-ADDRESS' = [],
      'XOR-RELAYED-ADDRESS' = undefined} (stun:udp_recv/5:112)
2023-07-31 16:40:16.383922+00:00 [debug] Sending:
#stun{class = error,method = 3,magic = 554869826,
      trid = 28410722681521747090674447215,raw = <<>>,unsupported = [],
      'ALTERNATE-SERVER' = undefined,'CHANNEL-NUMBER' = undefined,
      'DATA' = undefined,'DONT-FRAGMENT' = false,
      'ERROR-CODE' = {401,<<"Unauthorized">>},
      'LIFETIME' = undefined,'MAPPED-ADDRESS' = undefined,
      'MESSAGE-INTEGRITY' = undefined,'NONCE' = <<"4040863188">>,
      'REALM' = <<"eturnal.net">>,'REQUESTED-ADDRESS-FAMILY' = undefined,
      'REQUESTED-TRANSPORT' = undefined,'SOFTWARE' = <<"eturnal">>,
      'UNKNOWN-ATTRIBUTES' = [],'USERNAME' = undefined,
      'XOR-MAPPED-ADDRESS' = undefined,'XOR-PEER-ADDRESS' = [],
      'XOR-RELAYED-ADDRESS' = undefined} (stun:send/3:462)
2023-07-31 16:40:16.384304+00:00 [debug] Received:
#stun{class = request,method = 3,magic = 554869826,
      trid = 67607237099811922406570106837,
      raw = <<0,3,0,80,33,18,164,66,218,115,101,82,247,202,134,42,209,150,159,
              213,0,25,0,4,17,0,0,0,0,6,0,10,50,49,52,53,57,49,51,50,48,48,0,0,
              0,20,0,11,101,116,117,114,110,97,108,46,110,101,116,0,0,21,0,10,
              52,48,52,48,56,54,51,49,56,56,0,0>>,
      unsupported = [],'ALTERNATE-SERVER' = undefined,
      'CHANNEL-NUMBER' = undefined,'DATA' = undefined,'DONT-FRAGMENT' = false,
      'ERROR-CODE' = undefined,'LIFETIME' = undefined,
      'MAPPED-ADDRESS' = undefined,
      'MESSAGE-INTEGRITY' = <<196,202,233,168,245,232,33,54,247,176,133,254,
                              162,5,95,36,156,63,1,202>>,
      'NONCE' = <<"4040863188">>,'REALM' = <<"eturnal.net">>,
      'REQUESTED-ADDRESS-FAMILY' = undefined,'REQUESTED-TRANSPORT' = udp,
      'SOFTWARE' = undefined,'UNKNOWN-ATTRIBUTES' = [],
      'USERNAME' = <<"2145913200">>,'XOR-MAPPED-ADDRESS' = undefined,
      'XOR-PEER-ADDRESS' = [],'XOR-RELAYED-ADDRESS' = undefined} (stun:udp_recv/5:112)
2023-07-31 16:40:16.384484+00:00 [debug] Looking up password for: 2145913200 [UDP, session xhm87ljkckey, user 2145913200, client 127.0.0.1:57812] (eturnal:get_password/2:238)
2023-07-31 16:40:16.384556+00:00 [info] Accepting long-term STUN/TURN authentication [UDP, session xhm87ljkckey, user 2145913200, client 127.0.0.1:57812] (stun:process/2:253)
2023-07-31 16:40:16.384921+00:00 [debug] Running 'turn_session_start' hook [UDP, session xhm87ljkckey, user 2145913200, client 127.0.0.1:57812] (turn:run_hook/3:740)
2023-07-31 16:40:16.385024+00:00 [debug] Got 'turn_session_start' event [UDP, session xhm87ljkckey, user 2145913200, client 127.0.0.1:57812] (eturnal_module:handle_event/2:177)
2023-07-31 16:40:16.385095+00:00 [debug] Calling mod_stats_prometheus:handle_event/2 [UDP, session xhm87ljkckey, user 2145913200, client 127.0.0.1:57812] (eturnal_module:handle_event/2:180)
2023-07-31 16:40:16.385180+00:00 [debug] Observing started TURN session xhm87ljkckey for Prometheus [UDP, session xhm87ljkckey, user 2145913200, client 127.0.0.1:57812] (mod_stats_prometheus:on_turn_session_start/1:174)
2023-07-31 16:40:16.385410+00:00 [notice] Creating TURN allocation (lifetime: 599 seconds) [UDP, session xhm87ljkckey, user 2145913200, client 127.0.0.1:57812, relay 127.0.0.1:52895] (turn:wait_for_allocate/2:219)
2023-07-31 16:40:16.385559+00:00 [debug] Sending:
#stun{class = response,method = 3,magic = 554869826,
      trid = 67607237099811922406570106837,raw = <<>>,unsupported = [],
      'ALTERNATE-SERVER' = undefined,'CHANNEL-NUMBER' = undefined,
      'DATA' = undefined,'DONT-FRAGMENT' = false,'ERROR-CODE' = undefined,
      'LIFETIME' = 599,'MAPPED-ADDRESS' = undefined,
      'MESSAGE-INTEGRITY' = undefined,'NONCE' = undefined,'REALM' = undefined,
      'REQUESTED-ADDRESS-FAMILY' = undefined,
      'REQUESTED-TRANSPORT' = undefined,'SOFTWARE' = <<"eturnal">>,
      'UNKNOWN-ATTRIBUTES' = [],'USERNAME' = undefined,
      'XOR-MAPPED-ADDRESS' = {{127,0,0,1},57812},
      'XOR-PEER-ADDRESS' = [],
      'XOR-RELAYED-ADDRESS' = {{127,0,0,1},52895}} (turn:send/2:542)
2023-07-31 16:40:16.385887+00:00 [debug] Received:
#stun{class = request,method = 4,magic = 554869826,
      trid = 22604115544744881229071348976,
      raw = <<0,4,0,80,33,18,164,66,73,9,175,167,9,74,45,18,133,7,116,240,0,6,
              0,10,50,49,52,53,57,49,51,50,48,48,0,0,0,20,0,11,101,116,117,114,
              110,97,108,46,110,101,116,0,0,21,0,10,52,48,52,48,56,54,51,49,56,
              56,0,0,0,13,0,4,0,0,0,0>>,
      unsupported = [],'ALTERNATE-SERVER' = undefined,
      'CHANNEL-NUMBER' = undefined,'DATA' = undefined,'DONT-FRAGMENT' = false,
      'ERROR-CODE' = undefined,'LIFETIME' = 0,'MAPPED-ADDRESS' = undefined,
      'MESSAGE-INTEGRITY' = <<43,224,59,227,54,203,142,113,197,128,47,57,136,
                              73,118,158,111,240,79,228>>,
      'NONCE' = <<"4040863188">>,'REALM' = <<"eturnal.net">>,
      'REQUESTED-ADDRESS-FAMILY' = undefined,
      'REQUESTED-TRANSPORT' = undefined,'SOFTWARE' = undefined,
      'UNKNOWN-ATTRIBUTES' = [],'USERNAME' = <<"2145913200">>,
      'XOR-MAPPED-ADDRESS' = undefined,'XOR-PEER-ADDRESS' = [],
      'XOR-RELAYED-ADDRESS' = undefined} (stun:udp_recv/5:112)
2023-07-31 16:40:16.386021+00:00 [debug] Looking up password for: 2145913200 [UDP, session 9lmb78fn6dta, user 2145913200, client 127.0.0.1:57812] (eturnal:get_password/2:238)
2023-07-31 16:40:16.386089+00:00 [info] Accepting long-term STUN/TURN authentication [UDP, session 9lmb78fn6dta, user 2145913200, client 127.0.0.1:57812] (stun:process/2:253)
2023-07-31 16:40:16.386152+00:00 [info] Client requested closing the TURN session [UDP, session xhm87ljkckey, user 2145913200, client 127.0.0.1:57812, relay 127.0.0.1:52895] (turn:active/2:278)
2023-07-31 16:40:16.386232+00:00 [debug] Sending:
#stun{class = response,method = 4,magic = 554869826,
      trid = 22604115544744881229071348976,raw = <<>>,unsupported = [],
      'ALTERNATE-SERVER' = undefined,'CHANNEL-NUMBER' = undefined,
      'DATA' = undefined,'DONT-FRAGMENT' = false,'ERROR-CODE' = undefined,
      'LIFETIME' = 0,'MAPPED-ADDRESS' = undefined,
      'MESSAGE-INTEGRITY' = undefined,'NONCE' = undefined,'REALM' = undefined,
      'REQUESTED-ADDRESS-FAMILY' = undefined,
      'REQUESTED-TRANSPORT' = undefined,'SOFTWARE' = <<"eturnal">>,
      'UNKNOWN-ATTRIBUTES' = [],'USERNAME' = undefined,
      'XOR-MAPPED-ADDRESS' = undefined,'XOR-PEER-ADDRESS' = [],
      'XOR-RELAYED-ADDRESS' = undefined} (turn:send/2:542)
2023-07-31 16:40:16.386394+00:00 [info] Deleting TURN allocation [UDP, session xhm87ljkckey, user 2145913200, client 127.0.0.1:57812, relay 127.0.0.1:52895] (turn:terminate/3:475)
2023-07-31 16:40:16.386484+00:00 [notice] Relayed 0 KiB (in 0 B / 0 packets, out 0 B / 0 packets), duration: 0 seconds [UDP, session xhm87ljkckey, user 2145913200, client 127.0.0.1:57812, relay 127.0.0.1:52895] (turn:terminate/3:482)
2023-07-31 16:40:16.386544+00:00 [debug] Running 'turn_session_stop' hook [UDP, session xhm87ljkckey, user 2145913200, client 127.0.0.1:57812, relay 127.0.0.1:52895] (turn:run_hook/3:740)
2023-07-31 16:40:16.386650+00:00 [debug] Got 'turn_session_stop' event [UDP, session xhm87ljkckey, user 2145913200, client 127.0.0.1:57812, relay 127.0.0.1:52895] (eturnal_module:handle_event/2:177)
2023-07-31 16:40:16.386696+00:00 [debug] Calling mod_stats_influx:handle_event/2 [UDP, session xhm87ljkckey, user 2145913200, client 127.0.0.1:57812, relay 127.0.0.1:52895] (eturnal_module:handle_event/2:180)
2023-07-31 16:40:16.386745+00:00 [debug] Writing stats of TURN session xhm87ljkckey to InfluxDB [UDP, session xhm87ljkckey, user 2145913200, client 127.0.0.1:57812, relay 127.0.0.1:52895] (mod_stats_influx:on_turn_session_stop/1:87)
2023-07-31 16:40:16.387113+00:00 [debug] Calling mod_stats_prometheus:handle_event/2 [UDP, session xhm87ljkckey, user 2145913200, client 127.0.0.1:57812, relay 127.0.0.1:52895] (eturnal_module:handle_event/2:180)
2023-07-31 16:40:16.387205+00:00 [debug] Observing stopped TURN session xhm87ljkckey for Prometheus [UDP, session xhm87ljkckey, user 2145913200, client 127.0.0.1:57812, relay 127.0.0.1:52895] (mod_stats_prometheus:on_turn_session_stop/1:187)
2023-07-31 16:40:16.410951+00:00 [debug] Received:
#stun{class = request,method = 1,magic = 554869826,
      trid = 66998354919159843170894747009,raw = <<>>,unsupported = [],
      'ALTERNATE-SERVER' = undefined,'CHANNEL-NUMBER' = undefined,
      'DATA' = undefined,'DONT-FRAGMENT' = false,'ERROR-CODE' = undefined,
      'LIFETIME' = undefined,'MAPPED-ADDRESS' = undefined,
      'MESSAGE-INTEGRITY' = undefined,'NONCE' = undefined,'REALM' = undefined,
      'REQUESTED-ADDRESS-FAMILY' = undefined,
      'REQUESTED-TRANSPORT' = undefined,'SOFTWARE' = undefined,
      'UNKNOWN-ATTRIBUTES' = [],'USERNAME' = undefined,
      'XOR-MAPPED-ADDRESS' = undefined,'XOR-PEER-ADDRESS' = [],
      'XOR-RELAYED-ADDRESS' = undefined} (stun:udp_recv/5:112)
2023-07-31 16:40:16.411052+00:00 [debug] Responding to STUN request [UDP, session xw95te7rgm6a, anonymous, client 127.0.0.1:38921] (stun:process/4:321)
2023-07-31 16:40:16.411115+00:00 [debug] Running 'stun_query' hook [UDP, session xw95te7rgm6a, anonymous, client 127.0.0.1:38921] (stun:run_hook/3:839)
2023-07-31 16:40:16.411187+00:00 [debug] Got 'stun_query' event [UDP, session xw95te7rgm6a, anonymous, client 127.0.0.1:38921] (eturnal_module:handle_event/2:177)
2023-07-31 16:40:16.411231+00:00 [debug] Calling mod_log_stun:handle_event/2 [UDP, session xw95te7rgm6a, anonymous, client 127.0.0.1:38921] (eturnal_module:handle_event/2:180)
2023-07-31 16:40:16.411345+00:00 [info] Responding to STUN request [UDP, session xw95te7rgm6a, anonymous, client 127.0.0.1:38921] (mod_log_stun:handle_event/2:44)
2023-07-31 16:40:16.411394+00:00 [debug] Calling mod_stats_influx:handle_event/2 [UDP, session xw95te7rgm6a, anonymous, client 127.0.0.1:38921] (eturnal_module:handle_event/2:180)
2023-07-31 16:40:16.411426+00:00 [debug] Writing STUN query event to InfluxDB [UDP, session xw95te7rgm6a, anonymous, client 127.0.0.1:38921] (mod_stats_influx:on_stun_query/1:76)
2023-07-31 16:40:16.411667+00:00 [debug] Calling mod_stats_prometheus:handle_event/2 [UDP, session xw95te7rgm6a, anonymous, client 127.0.0.1:38921] (eturnal_module:handle_event/2:180)
2023-07-31 16:40:16.411718+00:00 [debug] Observing STUN query for Prometheus [UDP, session xw95te7rgm6a, anonymous, client 127.0.0.1:38921] (mod_stats_prometheus:on_stun_query/1:166)
2023-07-31 16:40:16.411825+00:00 [debug] Sending:
#stun{class = response,method = 1,magic = 554869826,
      trid = 66998354919159843170894747009,raw = <<>>,unsupported = [],
      'ALTERNATE-SERVER' = undefined,'CHANNEL-NUMBER' = undefined,
      'DATA' = undefined,'DONT-FRAGMENT' = false,'ERROR-CODE' = undefined,
      'LIFETIME' = undefined,'MAPPED-ADDRESS' = undefined,
      'MESSAGE-INTEGRITY' = undefined,'NONCE' = undefined,'REALM' = undefined,
      'REQUESTED-ADDRESS-FAMILY' = undefined,
      'REQUESTED-TRANSPORT' = undefined,'SOFTWARE' = <<"eturnal">>,
      'UNKNOWN-ATTRIBUTES' = [],'USERNAME' = undefined,
      'XOR-MAPPED-ADDRESS' = {{127,0,0,1},38921},
      'XOR-PEER-ADDRESS' = [],'XOR-RELAYED-ADDRESS' = undefined} (stun:send/3:462)
2023-07-31 16:40:16.436643+00:00 [info] Accepting connection: 127.0.0.1:45726 -> 127.0.0.1:34780 [TCP, session usxkdgcmm28v] (stun_acceptor:accept/3:158)
2023-07-31 16:40:16.436954+00:00 [debug] Received:
#stun{class = request,method = 1,magic = 554869826,
      trid = 46781169515939364661464581040,raw = <<>>,unsupported = [],
      'ALTERNATE-SERVER' = undefined,'CHANNEL-NUMBER' = undefined,
      'DATA' = undefined,'DONT-FRAGMENT' = false,'ERROR-CODE' = undefined,
      'LIFETIME' = undefined,'MAPPED-ADDRESS' = undefined,
      'MESSAGE-INTEGRITY' = undefined,'NONCE' = undefined,'REALM' = undefined,
      'REQUESTED-ADDRESS-FAMILY' = undefined,
      'REQUESTED-TRANSPORT' = undefined,'SOFTWARE' = undefined,
      'UNKNOWN-ATTRIBUTES' = [],'USERNAME' = undefined,
      'XOR-MAPPED-ADDRESS' = undefined,'XOR-PEER-ADDRESS' = [],
      'XOR-RELAYED-ADDRESS' = undefined} (stun:process_data/3:419)
2023-07-31 16:40:16.437079+00:00 [debug] Responding to STUN request [TCP, session usxkdgcmm28v, anonymous, client 127.0.0.1:45726] (stun:process/4:321)
2023-07-31 16:40:16.437145+00:00 [debug] Running 'stun_query' hook [TCP, session usxkdgcmm28v, anonymous, client 127.0.0.1:45726] (stun:run_hook/3:839)
2023-07-31 16:40:16.437203+00:00 [debug] Got 'stun_query' event [TCP, session usxkdgcmm28v, anonymous, client 127.0.0.1:45726] (eturnal_module:handle_event/2:177)
2023-07-31 16:40:16.437269+00:00 [debug] Calling mod_log_stun:handle_event/2 [TCP, session usxkdgcmm28v, anonymous, client 127.0.0.1:45726] (eturnal_module:handle_event/2:180)
2023-07-31 16:40:16.437323+00:00 [info] Responding to STUN request [TCP, session usxkdgcmm28v, anonymous, client 127.0.0.1:45726] (mod_log_stun:handle_event/2:44)
2023-07-31 16:40:16.437378+00:00 [debug] Calling mod_stats_influx:handle_event/2 [TCP, session usxkdgcmm28v, anonymous, client 127.0.0.1:45726] (eturnal_module:handle_event/2:180)
2023-07-31 16:40:16.437422+00:00 [debug] Writing STUN query event to InfluxDB [TCP, session usxkdgcmm28v, anonymous, client 127.0.0.1:45726] (mod_stats_influx:on_stun_query/1:76)
2023-07-31 16:40:16.437577+00:00 [debug] Calling mod_stats_prometheus:handle_event/2 [TCP, session usxkdgcmm28v, anonymous, client 127.0.0.1:45726] (eturnal_module:handle_event/2:180)
2023-07-31 16:40:16.437638+00:00 [debug] Observing STUN query for Prometheus [TCP, session usxkdgcmm28v, anonymous, client 127.0.0.1:45726] (mod_stats_prometheus:on_stun_query/1:166)
2023-07-31 16:40:16.437765+00:00 [debug] Sending:
#stun{class = response,method = 1,magic = 554869826,
      trid = 46781169515939364661464581040,raw = <<>>,unsupported = [],
      'ALTERNATE-SERVER' = undefined,'CHANNEL-NUMBER' = undefined,
      'DATA' = undefined,'DONT-FRAGMENT' = false,'ERROR-CODE' = undefined,
      'LIFETIME' = undefined,'MAPPED-ADDRESS' = undefined,
      'MESSAGE-INTEGRITY' = undefined,'NONCE' = undefined,'REALM' = undefined,
      'REQUESTED-ADDRESS-FAMILY' = undefined,
      'REQUESTED-TRANSPORT' = undefined,'SOFTWARE' = <<"P1 STUN library">>,
      'UNKNOWN-ATTRIBUTES' = [],'USERNAME' = undefined,
      'XOR-MAPPED-ADDRESS' = {{127,0,0,1},45726},
      'XOR-PEER-ADDRESS' = [],'XOR-RELAYED-ADDRESS' = undefined} (stun:send/3:462)
2023-07-31 16:40:16.438025+00:00 [info] Connection reset by peer [TCP, session usxkdgcmm28v, anonymous, client 127.0.0.1:45726] (stun:handle_info/3:172)
2023-07-31 16:40:16.463962+00:00 [info] Accepting connection: 127.0.0.1:56014 -> 127.0.0.1:53490 [TLS, session tc5leqyqyxtw] (stun_acceptor:accept/3:158)
2023-07-31 16:40:17.473887+00:00 [debug] Received:
#stun{class = request,method = 1,magic = 554869826,
      trid = 20895837344150588107536406794,raw = <<>>,unsupported = [],
      'ALTERNATE-SERVER' = undefined,'CHANNEL-NUMBER' = undefined,
      'DATA' = undefined,'DONT-FRAGMENT' = false,'ERROR-CODE' = undefined,
      'LIFETIME' = undefined,'MAPPED-ADDRESS' = undefined,
      'MESSAGE-INTEGRITY' = undefined,'NONCE' = undefined,'REALM' = undefined,
      'REQUESTED-ADDRESS-FAMILY' = undefined,
      'REQUESTED-TRANSPORT' = undefined,'SOFTWARE' = undefined,
      'UNKNOWN-ATTRIBUTES' = [],'USERNAME' = undefined,
      'XOR-MAPPED-ADDRESS' = undefined,'XOR-PEER-ADDRESS' = [],
      'XOR-RELAYED-ADDRESS' = undefined} (stun:process_data/3:419)
2023-07-31 16:40:17.474134+00:00 [debug] Responding to STUN request [TLS, session tc5leqyqyxtw, anonymous, client 127.0.0.1:56014] (stun:process/4:321)
2023-07-31 16:40:17.474236+00:00 [debug] Running 'stun_query' hook [TLS, session tc5leqyqyxtw, anonymous, client 127.0.0.1:56014] (stun:run_hook/3:839)
2023-07-31 16:40:17.474520+00:00 [debug] Got 'stun_query' event [TLS, session tc5leqyqyxtw, anonymous, client 127.0.0.1:56014] (eturnal_module:handle_event/2:177)
2023-07-31 16:40:17.474743+00:00 [debug] Calling mod_log_stun:handle_event/2 [TLS, session tc5leqyqyxtw, anonymous, client 127.0.0.1:56014] (eturnal_module:handle_event/2:180)
2023-07-31 16:40:17.474805+00:00 [info] Responding to STUN request [TLS, session tc5leqyqyxtw, anonymous, client 127.0.0.1:56014] (mod_log_stun:handle_event/2:44)
2023-07-31 16:40:17.474878+00:00 [debug] Calling mod_stats_influx:handle_event/2 [TLS, session tc5leqyqyxtw, anonymous, client 127.0.0.1:56014] (eturnal_module:handle_event/2:180)
2023-07-31 16:40:17.474952+00:00 [debug] Writing STUN query event to InfluxDB [TLS, session tc5leqyqyxtw, anonymous, client 127.0.0.1:56014] (mod_stats_influx:on_stun_query/1:76)
2023-07-31 16:40:17.475183+00:00 [debug] Calling mod_stats_prometheus:handle_event/2 [TLS, session tc5leqyqyxtw, anonymous, client 127.0.0.1:56014] (eturnal_module:handle_event/2:180)
2023-07-31 16:40:17.475286+00:00 [debug] Observing STUN query for Prometheus [TLS, session tc5leqyqyxtw, anonymous, client 127.0.0.1:56014] (mod_stats_prometheus:on_stun_query/1:166)
2023-07-31 16:40:17.475476+00:00 [debug] Sending:
#stun{class = response,method = 1,magic = 554869826,
      trid = 20895837344150588107536406794,raw = <<>>,unsupported = [],
      'ALTERNATE-SERVER' = undefined,'CHANNEL-NUMBER' = undefined,
      'DATA' = undefined,'DONT-FRAGMENT' = false,'ERROR-CODE' = undefined,
      'LIFETIME' = undefined,'MAPPED-ADDRESS' = undefined,
      'MESSAGE-INTEGRITY' = undefined,'NONCE' = undefined,'REALM' = undefined,
      'REQUESTED-ADDRESS-FAMILY' = undefined,
      'REQUESTED-TRANSPORT' = undefined,'SOFTWARE' = <<"P1 STUN library">>,
      'UNKNOWN-ATTRIBUTES' = [],'USERNAME' = undefined,
      'XOR-MAPPED-ADDRESS' = {{127,0,0,1},56014},
      'XOR-PEER-ADDRESS' = [],'XOR-RELAYED-ADDRESS' = undefined} (stun:send/3:462)
2023-07-31 16:40:17.475899+00:00 [info] Connection reset by peer [TLS, session tc5leqyqyxtw, anonymous, client 127.0.0.1:56014] (stun:handle_info/3:172)
2023-07-31 16:40:17.501717+00:00 [info] Accepting connection: 127.0.0.1:48408 -> 127.0.0.1:34781 [TCP|TLS, session oowxez22mj2w] (stun_acceptor:accept/3:158)
2023-07-31 16:40:17.501895+00:00 [debug] Determined transport protocol: TCP (stun:is_tls_handshake/1:785)
2023-07-31 16:40:17.502260+00:00 [debug] Received:
#stun{class = request,method = 1,magic = 554869826,
      trid = 7956360798335292063040220333,raw = <<>>,unsupported = [],
      'ALTERNATE-SERVER' = undefined,'CHANNEL-NUMBER' = undefined,
      'DATA' = undefined,'DONT-FRAGMENT' = false,'ERROR-CODE' = undefined,
      'LIFETIME' = undefined,'MAPPED-ADDRESS' = undefined,
      'MESSAGE-INTEGRITY' = undefined,'NONCE' = undefined,'REALM' = undefined,
      'REQUESTED-ADDRESS-FAMILY' = undefined,
      'REQUESTED-TRANSPORT' = undefined,'SOFTWARE' = undefined,
      'UNKNOWN-ATTRIBUTES' = [],'USERNAME' = undefined,
      'XOR-MAPPED-ADDRESS' = undefined,'XOR-PEER-ADDRESS' = [],
      'XOR-RELAYED-ADDRESS' = undefined} (stun:process_data/3:419)
2023-07-31 16:40:17.502405+00:00 [debug] Responding to STUN request [TCP, session oowxez22mj2w, anonymous, client 127.0.0.1:48408] (stun:process/4:321)
2023-07-31 16:40:17.502473+00:00 [debug] Running 'stun_query' hook [TCP, session oowxez22mj2w, anonymous, client 127.0.0.1:48408] (stun:run_hook/3:839)
2023-07-31 16:40:17.502549+00:00 [debug] Got 'stun_query' event [TCP, session oowxez22mj2w, anonymous, client 127.0.0.1:48408] (eturnal_module:handle_event/2:177)
2023-07-31 16:40:17.502601+00:00 [debug] Calling mod_log_stun:handle_event/2 [TCP, session oowxez22mj2w, anonymous, client 127.0.0.1:48408] (eturnal_module:handle_event/2:180)
2023-07-31 16:40:17.502699+00:00 [info] Responding to STUN request [TCP, session oowxez22mj2w, anonymous, client 127.0.0.1:48408] (mod_log_stun:handle_event/2:44)
2023-07-31 16:40:17.502756+00:00 [debug] Calling mod_stats_influx:handle_event/2 [TCP, session oowxez22mj2w, anonymous, client 127.0.0.1:48408] (eturnal_module:handle_event/2:180)
2023-07-31 16:40:17.502815+00:00 [debug] Writing STUN query event to InfluxDB [TCP, session oowxez22mj2w, anonymous, client 127.0.0.1:48408] (mod_stats_influx:on_stun_query/1:76)
2023-07-31 16:40:17.503024+00:00 [debug] Calling mod_stats_prometheus:handle_event/2 [TCP, session oowxez22mj2w, anonymous, client 127.0.0.1:48408] (eturnal_module:handle_event/2:180)
2023-07-31 16:40:17.503092+00:00 [debug] Observing STUN query for Prometheus [TCP, session oowxez22mj2w, anonymous, client 127.0.0.1:48408] (mod_stats_prometheus:on_stun_query/1:166)
2023-07-31 16:40:17.503205+00:00 [debug] Sending:
#stun{class = response,method = 1,magic = 554869826,
      trid = 7956360798335292063040220333,raw = <<>>,unsupported = [],
      'ALTERNATE-SERVER' = undefined,'CHANNEL-NUMBER' = undefined,
      'DATA' = undefined,'DONT-FRAGMENT' = false,'ERROR-CODE' = undefined,
      'LIFETIME' = undefined,'MAPPED-ADDRESS' = undefined,
      'MESSAGE-INTEGRITY' = undefined,'NONCE' = undefined,'REALM' = undefined,
      'REQUESTED-ADDRESS-FAMILY' = undefined,
      'REQUESTED-TRANSPORT' = undefined,'SOFTWARE' = <<"P1 STUN library">>,
      'UNKNOWN-ATTRIBUTES' = [],'USERNAME' = undefined,
      'XOR-MAPPED-ADDRESS' = {{127,0,0,1},48408},
      'XOR-PEER-ADDRESS' = [],'XOR-RELAYED-ADDRESS' = undefined} (stun:send/3:462)
2023-07-31 16:40:17.503577+00:00 [info] Connection reset by peer [TCP, session oowxez22mj2w, anonymous, client 127.0.0.1:48408] (stun:handle_info/3:172)
2023-07-31 16:40:17.529653+00:00 [info] Accepting connection: 127.0.0.1:48412 -> 127.0.0.1:34781 [TCP|TLS, session yvqxyf2gwwp7] (stun_acceptor:accept/3:158)
2023-07-31 16:40:17.529841+00:00 [debug] Determined transport protocol: TLS (stun:is_tls_handshake/1:782)
2023-07-31 16:40:18.540099+00:00 [debug] Received:
#stun{class = request,method = 1,magic = 554869826,
      trid = 76142754083720274664866567378,raw = <<>>,unsupported = [],
      'ALTERNATE-SERVER' = undefined,'CHANNEL-NUMBER' = undefined,
      'DATA' = undefined,'DONT-FRAGMENT' = false,'ERROR-CODE' = undefined,
      'LIFETIME' = undefined,'MAPPED-ADDRESS' = undefined,
      'MESSAGE-INTEGRITY' = undefined,'NONCE' = undefined,'REALM' = undefined,
      'REQUESTED-ADDRESS-FAMILY' = undefined,
      'REQUESTED-TRANSPORT' = undefined,'SOFTWARE' = undefined,
      'UNKNOWN-ATTRIBUTES' = [],'USERNAME' = undefined,
      'XOR-MAPPED-ADDRESS' = undefined,'XOR-PEER-ADDRESS' = [],
      'XOR-RELAYED-ADDRESS' = undefined} (stun:process_data/3:419)
2023-07-31 16:40:18.540303+00:00 [debug] Responding to STUN request [TLS, session yvqxyf2gwwp7, anonymous, client 127.0.0.1:48412] (stun:process/4:321)
2023-07-31 16:40:18.540586+00:00 [debug] Running 'stun_query' hook [TLS, session yvqxyf2gwwp7, anonymous, client 127.0.0.1:48412] (stun:run_hook/3:839)
2023-07-31 16:40:18.540686+00:00 [debug] Got 'stun_query' event [TLS, session yvqxyf2gwwp7, anonymous, client 127.0.0.1:48412] (eturnal_module:handle_event/2:177)
2023-07-31 16:40:18.540757+00:00 [debug] Calling mod_log_stun:handle_event/2 [TLS, session yvqxyf2gwwp7, anonymous, client 127.0.0.1:48412] (eturnal_module:handle_event/2:180)
2023-07-31 16:40:18.540837+00:00 [info] Responding to STUN request [TLS, session yvqxyf2gwwp7, anonymous, client 127.0.0.1:48412] (mod_log_stun:handle_event/2:44)
2023-07-31 16:40:18.540890+00:00 [debug] Calling mod_stats_influx:handle_event/2 [TLS, session yvqxyf2gwwp7, anonymous, client 127.0.0.1:48412] (eturnal_module:handle_event/2:180)
2023-07-31 16:40:18.540938+00:00 [debug] Writing STUN query event to InfluxDB [TLS, session yvqxyf2gwwp7, anonymous, client 127.0.0.1:48412] (mod_stats_influx:on_stun_query/1:76)
2023-07-31 16:40:18.541160+00:00 [debug] Calling mod_stats_prometheus:handle_event/2 [TLS, session yvqxyf2gwwp7, anonymous, client 127.0.0.1:48412] (eturnal_module:handle_event/2:180)
2023-07-31 16:40:18.541283+00:00 [debug] Observing STUN query for Prometheus [TLS, session yvqxyf2gwwp7, anonymous, client 127.0.0.1:48412] (mod_stats_prometheus:on_stun_query/1:166)
2023-07-31 16:40:18.541407+00:00 [debug] Sending:
#stun{class = response,method = 1,magic = 554869826,
      trid = 76142754083720274664866567378,raw = <<>>,unsupported = [],
      'ALTERNATE-SERVER' = undefined,'CHANNEL-NUMBER' = undefined,
      'DATA' = undefined,'DONT-FRAGMENT' = false,'ERROR-CODE' = undefined,
      'LIFETIME' = undefined,'MAPPED-ADDRESS' = undefined,
      'MESSAGE-INTEGRITY' = undefined,'NONCE' = undefined,'REALM' = undefined,
      'REQUESTED-ADDRESS-FAMILY' = undefined,
      'REQUESTED-TRANSPORT' = undefined,'SOFTWARE' = <<"P1 STUN library">>,
      'UNKNOWN-ATTRIBUTES' = [],'USERNAME' = undefined,
      'XOR-MAPPED-ADDRESS' = {{127,0,0,1},48412},
      'XOR-PEER-ADDRESS' = [],'XOR-RELAYED-ADDRESS' = undefined} (stun:send/3:462)
2023-07-31 16:40:18.541734+00:00 [info] Connection reset by peer [TLS, session yvqxyf2gwwp7, anonymous, client 127.0.0.1:48412] (stun:handle_info/3:172)
2023-07-31 16:40:18.569757+00:00 [debug] No NOTIFY_SOCKET, dropping STOPPING=1 notification (eturnal_systemd:handle_cast/2:110)
2023-07-31 16:40:18.569798+00:00 [debug] Terminating eturnal (shutdown) (eturnal:terminate/2:179)
2023-07-31 16:40:18.569956+00:00 [debug] Watchdog interval is undefined, hibernating (eturnal_systemd:get_timeout/1:163)
2023-07-31 16:40:18.570092+00:00 [info] Stopped listening on 127.0.0.1:34780 (udp) (eturnal:stop_listeners/1:417)
2023-07-31 16:40:18.570274+00:00 [info] Stopped listening on 127.0.0.1:34780 (tcp) (eturnal:stop_listeners/1:417)
2023-07-31 16:40:18.570470+00:00 [info] Stopped listening on 127.0.0.1:53490 (tls) (eturnal:stop_listeners/1:417)
2023-07-31 16:40:18.570674+00:00 [info] Stopped listening on 127.0.0.1:34781 (auto) (eturnal:stop_listeners/1:417)
2023-07-31 16:40:18.570994+00:00 [debug] Calling mod_log_stun:stop/1 (eturnal_module:stop/1:163)
2023-07-31 16:40:18.571140+00:00 [debug] Stopping mod_log_stun (mod_log_stun:stop/0:49)
2023-07-31 16:40:18.571274+00:00 [info] Stopped mod_log_stun (eturnal:stop_modules/1:374)
2023-07-31 16:40:18.573766+00:00 [debug] Calling mod_stats_influx:stop/1 (eturnal_module:stop/1:163)
2023-07-31 16:40:18.573928+00:00 [debug] Stopping mod_stats_influx (mod_stats_influx:stop/0:61)
2023-07-31 16:40:18.574229+00:00 [info] Stopped mod_stats_influx (eturnal:stop_modules/1:374)
2023-07-31 16:40:18.576708+00:00 [debug] Calling mod_stats_prometheus:stop/1 (eturnal_module:stop/1:163)
2023-07-31 16:40:18.576878+00:00 [debug] Stopping mod_stats_prometheus (mod_stats_prometheus:stop/0:110)
2023-07-31 16:40:18.578025+00:00 [info] Stopped mod_stats_prometheus (eturnal:stop_modules/1:374)
2023-07-31 16:40:18.578543+00:00 [debug] Removed run/cert.pem (eturnal:clean_run_dir/0:810)
2023-07-31 16:40:18.578700+00:00 [debug] Terminating eturnal_systemd (shutdown) (eturnal_systemd:terminate/2:137)
2023-07-31 16:40:18.579174+00:00 [notice] Stopping eturnal 1.10.1 on Erlang/OTP 26 (ERTS 14.0) (eturnal_app:stop/1:53)
