2022-01-28 16:45:32.337203+00:00 [notice] Starting eturnal 1.8.1 on Erlang/OTP 24 (ERTS 12.2) (eturnal_app:start/2:34)
2022-01-28 16:45:32.337509+00:00 [debug] Starting supervisor: eturnal_sup (eturnal_sup:start_link/0:32)
2022-01-28 16:45:32.337667+00:00 [debug] Configuring eturnal_sup supervisor: [#{id => systemd,
                                       start =>
                                           {eturnal_systemd,start_link,[]}},
                                     #{id => eturnal,
                                       start => {eturnal,start_link,[]}}] (eturnal_sup:init/0:40)
2022-01-28 16:45:32.339388+00:00 [info] Got no NOTIFY_SOCKET, notifications disabled (eturnal_systemd:init/1:95)
2022-01-28 16:45:32.339601+00:00 [debug] PROGRESS REPORT:
    supervisor: {local,eturnal_sup}
    started: [{pid,<0.715.0>},
              {id,systemd},
              {mfargs,{eturnal_systemd,start_link,[]}},
              {restart_type,permanent},
              {significant,false},
              {shutdown,5000},
              {child_type,worker}]
 (supervisor:report_progress/2:1562)
2022-01-28 16:45:32.355375+00:00 [info] Cannot determine control query port: noport (eturnal:log_control_listener/0:289)
2022-01-28 16:45:32.355573+00:00 [debug] TURN configuration seems fine (eturnal:check_turn_config/1:501)
2022-01-28 16:45:32.355867+00:00 [debug] Using run directory run (eturnal:ensure_run_dir/0:693)
2022-01-28 16:45:32.356043+00:00 [warning] TLS enabled without 'tls_crt_file', creating self-signed certificate (eturnal:check_pem_file/0:624)
2022-01-28 16:45:33.006614+00:00 [debug] Calling mod_log_stun:start/0 (eturnal_module:start/1:140)
2022-01-28 16:45:33.007111+00:00 [debug] Starting mod_log_stun (mod_log_stun:start/0:39)
2022-01-28 16:45:33.007494+00:00 [info] Started mod_log_stun (eturnal:start_modules/0:300)
2022-01-28 16:45:33.007601+00:00 [debug] Calling mod_stats_influx:start/0 (eturnal_module:start/1:140)
2022-01-28 16:45:33.007875+00:00 [debug] Starting mod_stats_influx (mod_stats_influx:start/0:38)
2022-01-28 16:45:33.010563+00:00 [debug] PROGRESS REPORT:
    application: ulitos
    started_at: nonode@nohost
 (application_controller:info_started/2:2107)
2022-01-28 16:45:33.012172+00:00 [debug] PROGRESS REPORT:
    application: poolboy
    started_at: nonode@nohost
 (application_controller:info_started/2:2107)
2022-01-28 16:45:33.013794+00:00 [info]     msg: Starting application: influx_udp (influx_udp_app:start/2:10)
2022-01-28 16:45:33.017404+00:00 [debug] PROGRESS REPORT:
    supervisor: {local,influx_udp_sup}
    started: [{pid,<0.735.0>},
              {id,influx_udp},
              {mfargs,{influx_udp,start_link,[]}},
              {restart_type,permanent},
              {significant,false},
              {shutdown,5000},
              {child_type,worker}]
 (supervisor:report_progress/2:1562)
2022-01-28 16:45:33.017635+00:00 [debug] PROGRESS REPORT:
    application: influx_udp
    started_at: nonode@nohost
 (application_controller:info_started/2:2107)
2022-01-28 16:45:33.017652+00:00 [debug] Dependency influx_udp was available already (eturnal_module:ensure_dep/2:281)
2022-01-28 16:45:33.020524+00:00 [info]     host: {127,0,0,1}
    msg: Start clients pool
    options: #{host => "localhost",max_overflow => 1,pool_size => 1,
               port => 8089} (influx_udp:start_pool_/2:239)
2022-01-28 16:45:33.032644+00:00 [info]     msg: Open UDP socket on port
    port: 41903 (influx_udp_worker:init/1:43)
2022-01-28 16:45:33.032870+00:00 [debug] PROGRESS REPORT:
    supervisor: {local,influx_udp_sup}
    started: [{pid,<0.738.0>},
              {id,stats_influx_pool},
              {mfargs,
                  {poolboy,start_link,
                      [[{name,{local,stats_influx_pool}},
                        {worker_module,influx_udp_worker},
                        {size,1},
                        {max_overflow,1}],
                       [{options,
                            #{host => {127,0,0,1},
                              max_overflow => 1,pool_size => 1,
                              port => 8089}}]]}},
              {restart_type,permanent},
              {significant,false},
              {shutdown,5000},
              {child_type,worker}]
 (supervisor:report_progress/2:1562)
2022-01-28 16:45:33.033114+00:00 [info] Started mod_stats_influx (eturnal:start_modules/0:300)
2022-01-28 16:45:33.033250+00:00 [debug] Started 2 modules (eturnal:init/1:109)
2022-01-28 16:45:33.033342+00:00 [debug] Starting listener 127.0.0.1:34780 (udp) with options:
[{use_turn,true},
 {auth_type,user},
 {turn_ipv4_address,{10,1,0,16}},
 {turn_ipv6_address,{0,0,0,0,0,0,0,1}},
 {turn_min_port,49152},
 {turn_max_port,65535},
 {turn_max_allocations,10},
 {turn_max_permissions,10},
 {shaper,100000},
 {turn_blacklist,[{{203,0,113,0},24},{{8193,3512,0,0,0,0,0,0},32}]},
 {turn_whitelist,[{{203,0,113,113},32},{{8193,3512,0,0,0,0,0,0},64}]},
 {auth_realm,<<"eturnal.net">>},
 {server_name,<<"eturnal">>},
 {auth_fun,fun eturnal:get_password/2},
 {hook_fun,fun eturnal:run_hook/2}] (eturnal:start_listeners/0:344)
2022-01-28 16:45:33.034266+00:00 [info] Listening on 127.0.0.1:34780 (udp) (STUN/TURN) (eturnal:start_listeners/0:349)
2022-01-28 16:45:33.034460+00:00 [debug] Starting listener 127.0.0.1:34780 (tcp) with options:
[{use_turn,false},
 {auth_type,anonymous},
 {turn_ipv4_address,{10,1,0,16}},
 {turn_ipv6_address,{0,0,0,0,0,0,0,1}},
 {turn_min_port,49152},
 {turn_max_port,65535},
 {turn_max_allocations,10},
 {turn_max_permissions,10},
 {shaper,100000},
 {turn_blacklist,[{{203,0,113,0},24},{{8193,3512,0,0,0,0,0,0},32}]},
 {turn_whitelist,[{{203,0,113,113},32},{{8193,3512,0,0,0,0,0,0},64}]},
 {auth_realm,<<"eturnal.net">>},
 {server_name,<<"eturnal">>},
 {auth_fun,fun eturnal:get_password/2},
 {hook_fun,fun eturnal:run_hook/2}] (eturnal:start_listeners/0:344)
2022-01-28 16:45:33.056183+00:00 [info] Listening on 127.0.0.1:34780 (tcp) (STUN only) (eturnal:start_listeners/0:349)
2022-01-28 16:45:33.056413+00:00 [debug] Starting listener 127.0.0.1:53490 (tls) with options:
[{use_turn,false},
 {auth_type,anonymous},
 {tls,true},
 {certfile,<<"run/cert.pem">>},
 {ciphers,<<"HIGH:!aNULL:@STRENGTH">>},
 {protocol_options,<<"no_tlsv1|no_tlsv1_1|cipher_server_preference">>},
 {turn_ipv4_address,{10,1,0,16}},
 {turn_ipv6_address,{0,0,0,0,0,0,0,1}},
 {turn_min_port,49152},
 {turn_max_port,65535},
 {turn_max_allocations,10},
 {turn_max_permissions,10},
 {shaper,100000},
 {turn_blacklist,[{{203,0,113,0},24},{{8193,3512,0,0,0,0,0,0},32}]},
 {turn_whitelist,[{{203,0,113,113},32},{{8193,3512,0,0,0,0,0,0},64}]},
 {auth_realm,<<"eturnal.net">>},
 {server_name,<<"eturnal">>},
 {auth_fun,fun eturnal:get_password/2},
 {hook_fun,fun eturnal:run_hook/2}] (eturnal:start_listeners/0:344)
2022-01-28 16:45:33.057094+00:00 [info] Listening on 127.0.0.1:53490 (tls) (STUN only) (eturnal:start_listeners/0:349)
2022-01-28 16:45:33.057248+00:00 [debug] Starting listener 127.0.0.1:34781 (auto) with options:
[{use_turn,false},
 {auth_type,anonymous},
 {tls,optional},
 {certfile,<<"run/cert.pem">>},
 {ciphers,<<"HIGH:!aNULL:@STRENGTH">>},
 {protocol_options,<<"no_tlsv1|no_tlsv1_1|cipher_server_preference">>},
 {turn_ipv4_address,{10,1,0,16}},
 {turn_ipv6_address,{0,0,0,0,0,0,0,1}},
 {turn_min_port,49152},
 {turn_max_port,65535},
 {turn_max_allocations,10},
 {turn_max_permissions,10},
 {shaper,100000},
 {turn_blacklist,[{{203,0,113,0},24},{{8193,3512,0,0,0,0,0,0},32}]},
 {turn_whitelist,[{{203,0,113,113},32},{{8193,3512,0,0,0,0,0,0},64}]},
 {auth_realm,<<"eturnal.net">>},
 {server_name,<<"eturnal">>},
 {auth_fun,fun eturnal:get_password/2},
 {hook_fun,fun eturnal:run_hook/2}] (eturnal:start_listeners/0:344)
2022-01-28 16:45:33.092611+00:00 [info] Listening on 127.0.0.1:34781 (auto) (STUN only) (eturnal:start_listeners/0:349)
2022-01-28 16:45:33.092871+00:00 [debug] Started 4 listeners (eturnal:init/1:117)
2022-01-28 16:45:33.093044+00:00 [debug] PROGRESS REPORT:
    supervisor: {local,eturnal_sup}
    started: [{pid,<0.717.0>},
              {id,eturnal},
              {mfargs,{eturnal,start_link,[]}},
              {restart_type,permanent},
              {significant,false},
              {shutdown,5000},
              {child_type,worker}]
 (supervisor:report_progress/2:1562)
2022-01-28 16:45:33.093184+00:00 [debug] No NOTIFY_SOCKET, dropping READY=1 notification (eturnal_systemd:handle_cast/2:109)
2022-01-28 16:45:33.093212+00:00 [debug] PROGRESS REPORT:
    application: eturnal
    started_at: nonode@nohost
 (application_controller:info_started/2:2107)
2022-01-28 16:45:33.093377+00:00 [debug] Watchdog interval is undefined, hibernating (eturnal_systemd:get_timeout/1:162)
2022-01-28 16:45:33.134289+00:00 [debug] Handling API call: get_info() (eturnal_ctl:get_info/0:143)
2022-01-28 16:45:33.135083+00:00 [debug] eturnal call (get_info) returned {ok,
                                  {eturnal_node_info,<<"1.8.1">>,
                                   {"24","12.2"},
                                   3993,0,136,90001577,1,39126088}} (eturnal_ctl:call/1:456)
2022-01-28 16:45:33.161712+00:00 [debug] Handling API call: get_sessions() (eturnal_ctl:get_sessions/0:106)
2022-01-28 16:45:33.186961+00:00 [debug] Handling API call: get_sessions("alice") (eturnal_ctl:get_sessions/1:120)
2022-01-28 16:45:33.187157+00:00 [debug] Handling API call: disconnect(alice) (eturnal_ctl:disconnect/1:192)
2022-01-28 16:45:33.187259+00:00 [debug] Cannot convert user name to binary: alice (eturnal_ctl:disconnect/1:202)
2022-01-28 16:45:33.213710+00:00 [debug] Handling API call: disconnect("alice") (eturnal_ctl:disconnect/1:192)
2022-01-28 16:45:33.214050+00:00 [debug] Handling API call: disconnect(alice) (eturnal_ctl:disconnect/1:192)
2022-01-28 16:45:33.214159+00:00 [debug] Cannot convert user name to binary: alice (eturnal_ctl:disconnect/1:202)
2022-01-28 16:45:33.239236+00:00 [debug] Handling API call: get_credentials("2009-10-30 11:00:00Z", []) (eturnal_ctl:get_credentials/2:60)
2022-01-28 16:45:33.239478+00:00 [debug] eturnal call ({get_password,<<"1256900400">>}) returned {ok,
                                                         <<"uEKlpcME7MNMMVRV8rUFPCTIFEs=">>} (eturnal_ctl:call/1:456)
2022-01-28 16:45:33.245270+00:00 [debug] Handling API call: get_credentials("86400", "alice") (eturnal_ctl:get_credentials/2:60)
2022-01-28 16:45:33.245664+00:00 [debug] eturnal call ({get_password,<<"1643474733:alice">>}) returned {ok,
                                                               <<"FWJUKOiLb8u3OGXtxBGklcIvHKY=">>} (eturnal_ctl:call/1:456)
2022-01-28 16:45:33.245819+00:00 [debug] Handling API call: get_password("1643474733:alice") (eturnal_ctl:get_password/1:79)
2022-01-28 16:45:33.245971+00:00 [debug] eturnal call ({get_password,<<"1643474733:alice">>}) returned {ok,
                                                               <<"FWJUKOiLb8u3OGXtxBGklcIvHKY=">>} (eturnal_ctl:call/1:456)
2022-01-28 16:45:33.246572+00:00 [debug] Handling API call: get_credentials("86400s", "alice") (eturnal_ctl:get_credentials/2:60)
2022-01-28 16:45:33.247077+00:00 [debug] eturnal call ({get_password,<<"1643474733:alice">>}) returned {ok,
                                                               <<"FWJUKOiLb8u3OGXtxBGklcIvHKY=">>} (eturnal_ctl:call/1:456)
2022-01-28 16:45:33.247309+00:00 [debug] Handling API call: get_password("1643474733:alice") (eturnal_ctl:get_password/1:79)
2022-01-28 16:45:33.247548+00:00 [debug] eturnal call ({get_password,<<"1643474733:alice">>}) returned {ok,
                                                               <<"FWJUKOiLb8u3OGXtxBGklcIvHKY=">>} (eturnal_ctl:call/1:456)
2022-01-28 16:45:33.247858+00:00 [debug] Handling API call: get_credentials("1440m", "alice") (eturnal_ctl:get_credentials/2:60)
2022-01-28 16:45:33.248306+00:00 [debug] eturnal call ({get_password,<<"1643474733:alice">>}) returned {ok,
                                                               <<"FWJUKOiLb8u3OGXtxBGklcIvHKY=">>} (eturnal_ctl:call/1:456)
2022-01-28 16:45:33.248680+00:00 [debug] Handling API call: get_password("1643474733:alice") (eturnal_ctl:get_password/1:79)
2022-01-28 16:45:33.248897+00:00 [debug] eturnal call ({get_password,<<"1643474733:alice">>}) returned {ok,
                                                               <<"FWJUKOiLb8u3OGXtxBGklcIvHKY=">>} (eturnal_ctl:call/1:456)
2022-01-28 16:45:33.249458+00:00 [debug] Handling API call: get_credentials("24h", "alice") (eturnal_ctl:get_credentials/2:60)
2022-01-28 16:45:33.249780+00:00 [debug] eturnal call ({get_password,<<"1643474733:alice">>}) returned {ok,
                                                               <<"FWJUKOiLb8u3OGXtxBGklcIvHKY=">>} (eturnal_ctl:call/1:456)
2022-01-28 16:45:33.250287+00:00 [debug] Handling API call: get_password("1643474733:alice") (eturnal_ctl:get_password/1:79)
2022-01-28 16:45:33.250566+00:00 [debug] eturnal call ({get_password,<<"1643474733:alice">>}) returned {ok,
                                                               <<"FWJUKOiLb8u3OGXtxBGklcIvHKY=">>} (eturnal_ctl:call/1:456)
2022-01-28 16:45:33.251071+00:00 [debug] Handling API call: get_credentials("1d", "alice") (eturnal_ctl:get_credentials/2:60)
2022-01-28 16:45:33.251238+00:00 [debug] eturnal call ({get_password,<<"1643474733:alice">>}) returned {ok,
                                                               <<"FWJUKOiLb8u3OGXtxBGklcIvHKY=">>} (eturnal_ctl:call/1:456)
2022-01-28 16:45:33.251393+00:00 [debug] Handling API call: get_password("1643474733:alice") (eturnal_ctl:get_password/1:79)
2022-01-28 16:45:33.251514+00:00 [debug] eturnal call ({get_password,<<"1643474733:alice">>}) returned {ok,
                                                               <<"FWJUKOiLb8u3OGXtxBGklcIvHKY=">>} (eturnal_ctl:call/1:456)
2022-01-28 16:45:33.251763+00:00 [debug] Handling API call: get_password("Invalid") (eturnal_ctl:get_password/1:79)
2022-01-28 16:45:33.251895+00:00 [debug] Invalid user name: Invalid (eturnal_ctl:get_password/1:93)
2022-01-28 16:45:33.251983+00:00 [debug] Handling API call: get_credentials("Invalid", []) (eturnal_ctl:get_credentials/2:60)
2022-01-28 16:45:33.252089+00:00 [debug] Invalid argument(s): "Invalid":[] (eturnal_ctl:get_credentials/2:73)
2022-01-28 16:45:33.252208+00:00 [debug] Handling API call: get_password(invalid) (eturnal_ctl:get_password/1:79)
2022-01-28 16:45:33.252288+00:00 [debug] Cannot convert user name to binary: invalid (eturnal_ctl:get_password/1:100)
2022-01-28 16:45:33.252356+00:00 [debug] Handling API call: get_credentials(invalid, []) (eturnal_ctl:get_credentials/2:60)
2022-01-28 16:45:33.252444+00:00 [debug] Invalid argument(s): invalid:[] (eturnal_ctl:get_credentials/2:73)
2022-01-28 16:45:33.252706+00:00 [debug] Handling API call: get_password([invalid]) (eturnal_ctl:get_password/1:79)
2022-01-28 16:45:33.252841+00:00 [debug] Cannot convert user name to binary: [invalid] (eturnal_ctl:get_password/1:100)
2022-01-28 16:45:33.252931+00:00 [debug] Handling API call: get_credentials([invalid], []) (eturnal_ctl:get_credentials/2:60)
2022-01-28 16:45:33.253030+00:00 [debug] Invalid argument(s): [invalid]:[] (eturnal_ctl:get_credentials/2:73)
2022-01-28 16:45:33.253200+00:00 [debug] Handling API call: get_credentials(1256900400, invalid) (eturnal_ctl:get_credentials/2:60)
2022-01-28 16:45:33.253299+00:00 [debug] Invalid argument(s): 1256900400:invalid (eturnal_ctl:get_credentials/2:73)
2022-01-28 16:45:33.282581+00:00 [debug] Handling API call: set_loglevel(debug) (eturnal_ctl:set_loglevel/1:173)
2022-01-28 16:45:33.283015+00:00 [debug] eturnal call ({set_loglevel,debug}) returned ok (eturnal_ctl:call/1:453)
2022-01-28 16:45:33.283261+00:00 [debug] Handling API call: get_loglevel() (eturnal_ctl:get_loglevel/0:163)
2022-01-28 16:45:33.283563+00:00 [debug] eturnal call (get_loglevel) returned {ok,debug} (eturnal_ctl:call/1:456)
2022-01-28 16:45:33.283830+00:00 [debug] Handling API call: set_loglevel(invalid) (eturnal_ctl:set_loglevel/1:173)
2022-01-28 16:45:33.283956+00:00 [debug] Invalid log level: invalid (eturnal_ctl:set_loglevel/1:183)
2022-01-28 16:45:33.284175+00:00 [debug] Handling API call: get_loglevel() (eturnal_ctl:get_loglevel/0:163)
2022-01-28 16:45:33.284340+00:00 [debug] eturnal call (get_loglevel) returned {ok,debug} (eturnal_ctl:call/1:456)
2022-01-28 16:45:33.309877+00:00 [debug] Handling API call: get_version() (eturnal_ctl:get_version/0:153)
2022-01-28 16:45:33.310208+00:00 [debug] eturnal call (get_version) returned {ok,<<"1.8.1">>} (eturnal_ctl:call/1:456)
2022-01-28 16:45:33.337175+00:00 [debug] Handling API call: reload() (eturnal_ctl:reload/0:208)
2022-01-28 16:45:33.339137+00:00 [debug] Calling mod_log_stun:options/0 (eturnal_module:options/1:189)
2022-01-28 16:45:33.339309+00:00 [debug] Calling mod_stats_influx:options/0 (eturnal_module:options/1:189)
2022-01-28 16:45:33.340197+00:00 [warning] TLS enabled without 'tls_crt_file', creating self-signed certificate (eturnal:check_pem_file/0:624)
2022-01-28 16:45:34.656078+00:00 [info] Using new TLS certificate (eturnal:handle_call/3:136)
2022-01-28 16:45:34.656403+00:00 [debug] Reloaded configuration (eturnal:handle_call/3:142)
2022-01-28 16:45:34.656646+00:00 [debug] eturnal call (reload) returned ok (eturnal_ctl:call/1:453)
2022-01-28 16:45:34.657427+00:00 [debug] Handling API call: reload() (eturnal_ctl:reload/0:208)
2022-01-28 16:45:34.659406+00:00 [debug] Calling mod_log_stun:options/0 (eturnal_module:options/1:189)
2022-01-28 16:45:34.659605+00:00 [debug] Calling mod_stats_influx:options/0 (eturnal_module:options/1:189)
2022-01-28 16:45:34.660212+00:00 [debug] Keeping PEM file (run/cert.pem) (eturnal:check_pem_file/0:621)
2022-01-28 16:45:34.660324+00:00 [debug] TLS certificate unchanged (eturnal:handle_call/3:138)
2022-01-28 16:45:34.660465+00:00 [debug] Reloaded configuration (eturnal:handle_call/3:142)
2022-01-28 16:45:34.660602+00:00 [debug] eturnal call (reload) returned ok (eturnal_ctl:call/1:453)
2022-01-28 16:45:34.687841+00:00 [info] Accepting connection: 127.0.0.1:44396 -> 127.0.0.1:34780 [TCP, session y] (stun_listener:accept/3:221)
2022-01-28 16:45:34.720277+00:00 [info] Accepting connection: 127.0.0.1:56992 -> 127.0.0.1:53490 [TLS, session 1e] (stun_listener:accept/3:221)
2022-01-28 16:45:34.753359+00:00 [debug] Received:
#stun{class = request,method = 3,magic = 554869826,
      trid = 77704901803455277217204189907,raw = <<>>,unsupported = [],
      'ALTERNATE-SERVER' = undefined,'CHANNEL-NUMBER' = undefined,
      'DATA' = undefined,'DONT-FRAGMENT' = false,'ERROR-CODE' = undefined,
      'LIFETIME' = undefined,'MAPPED-ADDRESS' = undefined,
      'MESSAGE-INTEGRITY' = undefined,'NONCE' = undefined,'REALM' = undefined,
      'REQUESTED-ADDRESS-FAMILY' = undefined,
      'REQUESTED-TRANSPORT' = undefined,'SOFTWARE' = undefined,
      'UNKNOWN-ATTRIBUTES' = [],'USERNAME' = undefined,
      'XOR-MAPPED-ADDRESS' = undefined,'XOR-PEER-ADDRESS' = [],
      'XOR-RELAYED-ADDRESS' = undefined} (stun:udp_recv/5:111)
2022-01-28 16:45:34.753576+00:00 [debug] Sending:
#stun{class = error,method = 3,magic = 554869826,
      trid = 77704901803455277217204189907,raw = <<>>,unsupported = [],
      'ALTERNATE-SERVER' = undefined,'CHANNEL-NUMBER' = undefined,
      'DATA' = undefined,'DONT-FRAGMENT' = false,
      'ERROR-CODE' = {401,<<"Unauthorized">>},
      'LIFETIME' = undefined,'MAPPED-ADDRESS' = undefined,
      'MESSAGE-INTEGRITY' = undefined,'NONCE' = <<"2642017614">>,
      'REALM' = <<"eturnal.net">>,'REQUESTED-ADDRESS-FAMILY' = undefined,
      'REQUESTED-TRANSPORT' = undefined,'SOFTWARE' = <<"eturnal">>,
      'UNKNOWN-ATTRIBUTES' = [],'USERNAME' = undefined,
      'XOR-MAPPED-ADDRESS' = undefined,'XOR-PEER-ADDRESS' = [],
      'XOR-RELAYED-ADDRESS' = undefined} (stun:send/3:445)
2022-01-28 16:45:34.753939+00:00 [debug] Received:
#stun{class = request,method = 3,magic = 554869826,
      trid = 14847477960375912508796633638,
      raw = <<0,3,0,80,33,18,164,66,47,249,139,193,7,76,119,95,71,147,2,38,0,
              25,0,4,17,0,0,0,0,6,0,10,50,49,52,53,57,49,51,50,48,48,0,0,0,20,
              0,11,101,116,117,114,110,97,108,46,110,101,116,0,0,21,0,10,50,54,
              52,50,48,49,55,54,49,52,0,0>>,
      unsupported = [],'ALTERNATE-SERVER' = undefined,
      'CHANNEL-NUMBER' = undefined,'DATA' = undefined,'DONT-FRAGMENT' = false,
      'ERROR-CODE' = undefined,'LIFETIME' = undefined,
      'MAPPED-ADDRESS' = undefined,
      'MESSAGE-INTEGRITY' = <<180,165,242,242,224,1,58,22,244,2,205,241,91,129,
                              179,95,115,214,34,251>>,
      'NONCE' = <<"2642017614">>,'REALM' = <<"eturnal.net">>,
      'REQUESTED-ADDRESS-FAMILY' = undefined,'REQUESTED-TRANSPORT' = udp,
      'SOFTWARE' = undefined,'UNKNOWN-ATTRIBUTES' = [],
      'USERNAME' = <<"2145913200">>,'XOR-MAPPED-ADDRESS' = undefined,
      'XOR-PEER-ADDRESS' = [],'XOR-RELAYED-ADDRESS' = undefined} (stun:udp_recv/5:111)
2022-01-28 16:45:34.754063+00:00 [debug] Looking up password for: 2145913200 [UDP, session 42, user 2145913200, client 127.0.0.1:37453] (eturnal:get_password/2:221)
2022-01-28 16:45:34.754165+00:00 [info] Accepting long-term STUN/TURN authentication [UDP, session 42, user 2145913200, client 127.0.0.1:37453] (stun:process/2:249)
2022-01-28 16:45:34.759300+00:00 [debug] Running 'turn_session_start' hook [UDP, session 42, user 2145913200, client 127.0.0.1:37453] (turn:run_hook/2:711)
2022-01-28 16:45:34.759416+00:00 [debug] Got 'turn_session_start' event [UDP, session 42, user 2145913200, client 127.0.0.1:37453] (eturnal_module:handle_event/2:174)
2022-01-28 16:45:34.759669+00:00 [notice] Creating TURN allocation (lifetime: 600 seconds) [UDP, session 42, user 2145913200, client 127.0.0.1:37453, relay 10.1.0.16:59572] (turn:wait_for_allocate/2:207)
2022-01-28 16:45:34.759828+00:00 [debug] Sending:
#stun{class = response,method = 3,magic = 554869826,
      trid = 14847477960375912508796633638,raw = <<>>,unsupported = [],
      'ALTERNATE-SERVER' = undefined,'CHANNEL-NUMBER' = undefined,
      'DATA' = undefined,'DONT-FRAGMENT' = false,'ERROR-CODE' = undefined,
      'LIFETIME' = 600,'MAPPED-ADDRESS' = undefined,
      'MESSAGE-INTEGRITY' = undefined,'NONCE' = undefined,'REALM' = undefined,
      'REQUESTED-ADDRESS-FAMILY' = undefined,
      'REQUESTED-TRANSPORT' = undefined,'SOFTWARE' = undefined,
      'UNKNOWN-ATTRIBUTES' = [],'USERNAME' = undefined,
      'XOR-MAPPED-ADDRESS' = {{127,0,0,1},37453},
      'XOR-PEER-ADDRESS' = [],
      'XOR-RELAYED-ADDRESS' = {{10,1,0,16},59572}} (turn:send/2:521)
2022-01-28 16:45:34.760146+00:00 [debug] Received:
#stun{class = request,method = 4,magic = 554869826,
      trid = 13653186284711445850362640293,
      raw = <<0,4,0,80,33,18,164,66,44,29,166,167,143,201,190,136,43,250,119,
              165,0,6,0,10,50,49,52,53,57,49,51,50,48,48,0,0,0,20,0,11,101,116,
              117,114,110,97,108,46,110,101,116,0,0,21,0,10,50,54,52,50,48,49,
              55,54,49,52,0,0,0,13,0,4,0,0,0,0>>,
      unsupported = [],'ALTERNATE-SERVER' = undefined,
      'CHANNEL-NUMBER' = undefined,'DATA' = undefined,'DONT-FRAGMENT' = false,
      'ERROR-CODE' = undefined,'LIFETIME' = 0,'MAPPED-ADDRESS' = undefined,
      'MESSAGE-INTEGRITY' = <<23,191,244,240,239,101,244,25,142,59,19,144,163,
                              140,89,232,177,212,155,40>>,
      'NONCE' = <<"2642017614">>,'REALM' = <<"eturnal.net">>,
      'REQUESTED-ADDRESS-FAMILY' = undefined,
      'REQUESTED-TRANSPORT' = undefined,'SOFTWARE' = undefined,
      'UNKNOWN-ATTRIBUTES' = [],'USERNAME' = <<"2145913200">>,
      'XOR-MAPPED-ADDRESS' = undefined,'XOR-PEER-ADDRESS' = [],
      'XOR-RELAYED-ADDRESS' = undefined} (stun:udp_recv/5:111)
2022-01-28 16:45:34.760286+00:00 [debug] Looking up password for: 2145913200 [UDP, session 4y, user 2145913200, client 127.0.0.1:37453] (eturnal:get_password/2:221)
2022-01-28 16:45:34.760375+00:00 [info] Accepting long-term STUN/TURN authentication [UDP, session 4y, user 2145913200, client 127.0.0.1:37453] (stun:process/2:249)
2022-01-28 16:45:34.760466+00:00 [info] Client requested closing the TURN session [UDP, session 42, user 2145913200, client 127.0.0.1:37453, relay 10.1.0.16:59572] (turn:active/2:262)
2022-01-28 16:45:34.760592+00:00 [debug] Sending:
#stun{class = response,method = 4,magic = 554869826,
      trid = 13653186284711445850362640293,raw = <<>>,unsupported = [],
      'ALTERNATE-SERVER' = undefined,'CHANNEL-NUMBER' = undefined,
      'DATA' = undefined,'DONT-FRAGMENT' = false,'ERROR-CODE' = undefined,
      'LIFETIME' = 0,'MAPPED-ADDRESS' = undefined,
      'MESSAGE-INTEGRITY' = undefined,'NONCE' = undefined,'REALM' = undefined,
      'REQUESTED-ADDRESS-FAMILY' = undefined,
      'REQUESTED-TRANSPORT' = undefined,'SOFTWARE' = undefined,
      'UNKNOWN-ATTRIBUTES' = [],'USERNAME' = undefined,
      'XOR-MAPPED-ADDRESS' = undefined,'XOR-PEER-ADDRESS' = [],
      'XOR-RELAYED-ADDRESS' = undefined} (turn:send/2:521)
2022-01-28 16:45:34.760717+00:00 [info] Deleting TURN allocation [UDP, session 42, user 2145913200, client 127.0.0.1:37453, relay 10.1.0.16:59572] (turn:terminate/3:454)
2022-01-28 16:45:34.760792+00:00 [notice] Relayed 0 KiB (in 0 B / 0 packets, out 0 B / 0 packets), duration: 0 seconds [UDP, session 42, user 2145913200, client 127.0.0.1:37453, relay 10.1.0.16:59572] (turn:terminate/3:461)
2022-01-28 16:45:34.760856+00:00 [debug] Running 'turn_session_stop' hook [UDP, session 42, user 2145913200, client 127.0.0.1:37453, relay 10.1.0.16:59572] (turn:run_hook/2:711)
2022-01-28 16:45:34.760892+00:00 [debug] Got 'turn_session_stop' event [UDP, session 42, user 2145913200, client 127.0.0.1:37453, relay 10.1.0.16:59572] (eturnal_module:handle_event/2:174)
2022-01-28 16:45:34.760929+00:00 [debug] Calling mod_stats_influx:handle_event/2 [UDP, session 42, user 2145913200, client 127.0.0.1:37453, relay 10.1.0.16:59572] (eturnal_module:handle_event/2:177)
2022-01-28 16:45:34.760959+00:00 [debug] Writing stats of TURN session 42 to InfluxDB [UDP, session 42, user 2145913200, client 127.0.0.1:37453, relay 10.1.0.16:59572] (mod_stats_influx:on_turn_session_stop/1:81)
2022-01-28 16:45:34.788528+00:00 [debug] Received:
#stun{class = request,method = 1,magic = 554869826,
      trid = 6994943701327745197330113795,raw = <<>>,unsupported = [],
      'ALTERNATE-SERVER' = undefined,'CHANNEL-NUMBER' = undefined,
      'DATA' = undefined,'DONT-FRAGMENT' = false,'ERROR-CODE' = undefined,
      'LIFETIME' = undefined,'MAPPED-ADDRESS' = undefined,
      'MESSAGE-INTEGRITY' = undefined,'NONCE' = undefined,'REALM' = undefined,
      'REQUESTED-ADDRESS-FAMILY' = undefined,
      'REQUESTED-TRANSPORT' = undefined,'SOFTWARE' = undefined,
      'UNKNOWN-ATTRIBUTES' = [],'USERNAME' = undefined,
      'XOR-MAPPED-ADDRESS' = undefined,'XOR-PEER-ADDRESS' = [],
      'XOR-RELAYED-ADDRESS' = undefined} (stun:udp_recv/5:111)
2022-01-28 16:45:34.788622+00:00 [debug] Responding to STUN request [UDP, session 1f, anonymous, client 127.0.0.1:52758] (stun:process/4:312)
2022-01-28 16:45:34.788694+00:00 [debug] Running 'stun_query' hook [UDP, session 1f, anonymous, client 127.0.0.1:52758] (stun:run_hook/3:818)
2022-01-28 16:45:34.788741+00:00 [debug] Got 'stun_query' event [UDP, session 1f, anonymous, client 127.0.0.1:52758] (eturnal_module:handle_event/2:174)
2022-01-28 16:45:34.788799+00:00 [debug] Calling mod_log_stun:handle_event/2 [UDP, session 1f, anonymous, client 127.0.0.1:52758] (eturnal_module:handle_event/2:177)
2022-01-28 16:45:34.788839+00:00 [info] Responding to STUN request [UDP, session 1f, anonymous, client 127.0.0.1:52758] (mod_log_stun:handle_event/2:45)
2022-01-28 16:45:34.788897+00:00 [debug] Calling mod_stats_influx:handle_event/2 [UDP, session 1f, anonymous, client 127.0.0.1:52758] (eturnal_module:handle_event/2:177)
2022-01-28 16:45:34.788933+00:00 [debug] Writing STUN query event to InfluxDB [UDP, session 1f, anonymous, client 127.0.0.1:52758] (mod_stats_influx:on_stun_query/1:70)
2022-01-28 16:45:34.789180+00:00 [debug] Sending:
#stun{class = response,method = 1,magic = 554869826,
      trid = 6994943701327745197330113795,raw = <<>>,unsupported = [],
      'ALTERNATE-SERVER' = undefined,'CHANNEL-NUMBER' = undefined,
      'DATA' = undefined,'DONT-FRAGMENT' = false,'ERROR-CODE' = undefined,
      'LIFETIME' = undefined,'MAPPED-ADDRESS' = undefined,
      'MESSAGE-INTEGRITY' = undefined,'NONCE' = undefined,'REALM' = undefined,
      'REQUESTED-ADDRESS-FAMILY' = undefined,
      'REQUESTED-TRANSPORT' = undefined,'SOFTWARE' = <<"eturnal">>,
      'UNKNOWN-ATTRIBUTES' = [],'USERNAME' = undefined,
      'XOR-MAPPED-ADDRESS' = {{127,0,0,1},52758},
      'XOR-PEER-ADDRESS' = [],'XOR-RELAYED-ADDRESS' = undefined} (stun:send/3:445)
2022-01-28 16:45:34.814152+00:00 [info] Accepting connection: 127.0.0.1:44400 -> 127.0.0.1:34780 [TCP, session j] (stun_listener:accept/3:221)
2022-01-28 16:45:34.814481+00:00 [debug] Received:
#stun{class = request,method = 1,magic = 554869826,
      trid = 60595101607451182416927865785,raw = <<>>,unsupported = [],
      'ALTERNATE-SERVER' = undefined,'CHANNEL-NUMBER' = undefined,
      'DATA' = undefined,'DONT-FRAGMENT' = false,'ERROR-CODE' = undefined,
      'LIFETIME' = undefined,'MAPPED-ADDRESS' = undefined,
      'MESSAGE-INTEGRITY' = undefined,'NONCE' = undefined,'REALM' = undefined,
      'REQUESTED-ADDRESS-FAMILY' = undefined,
      'REQUESTED-TRANSPORT' = undefined,'SOFTWARE' = undefined,
      'UNKNOWN-ATTRIBUTES' = [],'USERNAME' = undefined,
      'XOR-MAPPED-ADDRESS' = undefined,'XOR-PEER-ADDRESS' = [],
      'XOR-RELAYED-ADDRESS' = undefined} (stun:process_data/3:404)
2022-01-28 16:45:34.814633+00:00 [debug] Responding to STUN request [TCP, session j, anonymous, client 127.0.0.1:44400] (stun:process/4:312)
2022-01-28 16:45:34.814687+00:00 [debug] Running 'stun_query' hook [TCP, session j, anonymous, client 127.0.0.1:44400] (stun:run_hook/3:818)
2022-01-28 16:45:34.814739+00:00 [debug] Got 'stun_query' event [TCP, session j, anonymous, client 127.0.0.1:44400] (eturnal_module:handle_event/2:174)
2022-01-28 16:45:34.814781+00:00 [debug] Calling mod_log_stun:handle_event/2 [TCP, session j, anonymous, client 127.0.0.1:44400] (eturnal_module:handle_event/2:177)
2022-01-28 16:45:34.814852+00:00 [info] Responding to STUN request [TCP, session j, anonymous, client 127.0.0.1:44400] (mod_log_stun:handle_event/2:45)
2022-01-28 16:45:34.814899+00:00 [debug] Calling mod_stats_influx:handle_event/2 [TCP, session j, anonymous, client 127.0.0.1:44400] (eturnal_module:handle_event/2:177)
2022-01-28 16:45:34.814940+00:00 [debug] Writing STUN query event to InfluxDB [TCP, session j, anonymous, client 127.0.0.1:44400] (mod_stats_influx:on_stun_query/1:70)
2022-01-28 16:45:34.815203+00:00 [debug] Sending:
#stun{class = response,method = 1,magic = 554869826,
      trid = 60595101607451182416927865785,raw = <<>>,unsupported = [],
      'ALTERNATE-SERVER' = undefined,'CHANNEL-NUMBER' = undefined,
      'DATA' = undefined,'DONT-FRAGMENT' = false,'ERROR-CODE' = undefined,
      'LIFETIME' = undefined,'MAPPED-ADDRESS' = undefined,
      'MESSAGE-INTEGRITY' = undefined,'NONCE' = undefined,'REALM' = undefined,
      'REQUESTED-ADDRESS-FAMILY' = undefined,
      'REQUESTED-TRANSPORT' = undefined,'SOFTWARE' = <<"P1 STUN library">>,
      'UNKNOWN-ATTRIBUTES' = [],'USERNAME' = undefined,
      'XOR-MAPPED-ADDRESS' = {{127,0,0,1},44400},
      'XOR-PEER-ADDRESS' = [],'XOR-RELAYED-ADDRESS' = undefined} (stun:send/3:445)
2022-01-28 16:45:34.815552+00:00 [info] Connection reset by peer [TCP, session j, anonymous, client 127.0.0.1:44400] (stun:handle_info/3:170)
2022-01-28 16:45:34.842083+00:00 [info] Accepting connection: 127.0.0.1:56996 -> 127.0.0.1:53490 [TLS, session 2a] (stun_listener:accept/3:221)
2022-01-28 16:45:34.952128+00:00 [debug] Received:
#stun{class = request,method = 1,magic = 554869826,
      trid = 55728601510200876411475203066,raw = <<>>,unsupported = [],
      'ALTERNATE-SERVER' = undefined,'CHANNEL-NUMBER' = undefined,
      'DATA' = undefined,'DONT-FRAGMENT' = false,'ERROR-CODE' = undefined,
      'LIFETIME' = undefined,'MAPPED-ADDRESS' = undefined,
      'MESSAGE-INTEGRITY' = undefined,'NONCE' = undefined,'REALM' = undefined,
      'REQUESTED-ADDRESS-FAMILY' = undefined,
      'REQUESTED-TRANSPORT' = undefined,'SOFTWARE' = undefined,
      'UNKNOWN-ATTRIBUTES' = [],'USERNAME' = undefined,
      'XOR-MAPPED-ADDRESS' = undefined,'XOR-PEER-ADDRESS' = [],
      'XOR-RELAYED-ADDRESS' = undefined} (stun:process_data/3:404)
2022-01-28 16:45:34.952299+00:00 [debug] Responding to STUN request [TLS, session 2a, anonymous, client 127.0.0.1:56996] (stun:process/4:312)
2022-01-28 16:45:34.952350+00:00 [debug] Running 'stun_query' hook [TLS, session 2a, anonymous, client 127.0.0.1:56996] (stun:run_hook/3:818)
2022-01-28 16:45:34.952407+00:00 [debug] Got 'stun_query' event [TLS, session 2a, anonymous, client 127.0.0.1:56996] (eturnal_module:handle_event/2:174)
2022-01-28 16:45:34.952467+00:00 [debug] Calling mod_log_stun:handle_event/2 [TLS, session 2a, anonymous, client 127.0.0.1:56996] (eturnal_module:handle_event/2:177)
2022-01-28 16:45:34.952525+00:00 [info] Responding to STUN request [TLS, session 2a, anonymous, client 127.0.0.1:56996] (mod_log_stun:handle_event/2:45)
2022-01-28 16:45:34.952570+00:00 [debug] Calling mod_stats_influx:handle_event/2 [TLS, session 2a, anonymous, client 127.0.0.1:56996] (eturnal_module:handle_event/2:177)
2022-01-28 16:45:34.952621+00:00 [debug] Writing STUN query event to InfluxDB [TLS, session 2a, anonymous, client 127.0.0.1:56996] (mod_stats_influx:on_stun_query/1:70)
2022-01-28 16:45:34.952933+00:00 [debug] Sending:
#stun{class = response,method = 1,magic = 554869826,
      trid = 55728601510200876411475203066,raw = <<>>,unsupported = [],
      'ALTERNATE-SERVER' = undefined,'CHANNEL-NUMBER' = undefined,
      'DATA' = undefined,'DONT-FRAGMENT' = false,'ERROR-CODE' = undefined,
      'LIFETIME' = undefined,'MAPPED-ADDRESS' = undefined,
      'MESSAGE-INTEGRITY' = undefined,'NONCE' = undefined,'REALM' = undefined,
      'REQUESTED-ADDRESS-FAMILY' = undefined,
      'REQUESTED-TRANSPORT' = undefined,'SOFTWARE' = <<"P1 STUN library">>,
      'UNKNOWN-ATTRIBUTES' = [],'USERNAME' = undefined,
      'XOR-MAPPED-ADDRESS' = {{127,0,0,1},56996},
      'XOR-PEER-ADDRESS' = [],'XOR-RELAYED-ADDRESS' = undefined} (stun:send/3:445)
2022-01-28 16:45:34.953278+00:00 [info] Connection reset by peer [TLS, session 2a, anonymous, client 127.0.0.1:56996] (stun:handle_info/3:170)
2022-01-28 16:45:34.979047+00:00 [info] Accepting connection: 127.0.0.1:52650 -> 127.0.0.1:34781 [TCP|TLS, session 1u] (stun_listener:accept/3:221)
2022-01-28 16:45:34.979249+00:00 [debug] Determined transport protocol: TCP (stun:is_tls_handshake/1:766)
2022-01-28 16:45:34.980053+00:00 [debug] Received:
#stun{class = request,method = 1,magic = 554869826,
      trid = 12967691337004373399196786678,raw = <<>>,unsupported = [],
      'ALTERNATE-SERVER' = undefined,'CHANNEL-NUMBER' = undefined,
      'DATA' = undefined,'DONT-FRAGMENT' = false,'ERROR-CODE' = undefined,
      'LIFETIME' = undefined,'MAPPED-ADDRESS' = undefined,
      'MESSAGE-INTEGRITY' = undefined,'NONCE' = undefined,'REALM' = undefined,
      'REQUESTED-ADDRESS-FAMILY' = undefined,
      'REQUESTED-TRANSPORT' = undefined,'SOFTWARE' = undefined,
      'UNKNOWN-ATTRIBUTES' = [],'USERNAME' = undefined,
      'XOR-MAPPED-ADDRESS' = undefined,'XOR-PEER-ADDRESS' = [],
      'XOR-RELAYED-ADDRESS' = undefined} (stun:process_data/3:404)
2022-01-28 16:45:34.980248+00:00 [debug] Responding to STUN request [TCP, session 1u, anonymous, client 127.0.0.1:52650] (stun:process/4:312)
2022-01-28 16:45:34.980315+00:00 [debug] Running 'stun_query' hook [TCP, session 1u, anonymous, client 127.0.0.1:52650] (stun:run_hook/3:818)
2022-01-28 16:45:34.980362+00:00 [debug] Got 'stun_query' event [TCP, session 1u, anonymous, client 127.0.0.1:52650] (eturnal_module:handle_event/2:174)
2022-01-28 16:45:34.980397+00:00 [debug] Calling mod_log_stun:handle_event/2 [TCP, session 1u, anonymous, client 127.0.0.1:52650] (eturnal_module:handle_event/2:177)
2022-01-28 16:45:34.980445+00:00 [info] Responding to STUN request [TCP, session 1u, anonymous, client 127.0.0.1:52650] (mod_log_stun:handle_event/2:45)
2022-01-28 16:45:34.980497+00:00 [debug] Calling mod_stats_influx:handle_event/2 [TCP, session 1u, anonymous, client 127.0.0.1:52650] (eturnal_module:handle_event/2:177)
2022-01-28 16:45:34.980539+00:00 [debug] Writing STUN query event to InfluxDB [TCP, session 1u, anonymous, client 127.0.0.1:52650] (mod_stats_influx:on_stun_query/1:70)
2022-01-28 16:45:34.980735+00:00 [debug] Sending:
#stun{class = response,method = 1,magic = 554869826,
      trid = 12967691337004373399196786678,raw = <<>>,unsupported = [],
      'ALTERNATE-SERVER' = undefined,'CHANNEL-NUMBER' = undefined,
      'DATA' = undefined,'DONT-FRAGMENT' = false,'ERROR-CODE' = undefined,
      'LIFETIME' = undefined,'MAPPED-ADDRESS' = undefined,
      'MESSAGE-INTEGRITY' = undefined,'NONCE' = undefined,'REALM' = undefined,
      'REQUESTED-ADDRESS-FAMILY' = undefined,
      'REQUESTED-TRANSPORT' = undefined,'SOFTWARE' = <<"P1 STUN library">>,
      'UNKNOWN-ATTRIBUTES' = [],'USERNAME' = undefined,
      'XOR-MAPPED-ADDRESS' = {{127,0,0,1},52650},
      'XOR-PEER-ADDRESS' = [],'XOR-RELAYED-ADDRESS' = undefined} (stun:send/3:445)
2022-01-28 16:45:34.980984+00:00 [info] Connection reset by peer [TCP, session 1u, anonymous, client 127.0.0.1:52650] (stun:handle_info/3:170)
2022-01-28 16:45:35.007477+00:00 [info] Accepting connection: 127.0.0.1:52652 -> 127.0.0.1:34781 [TCP|TLS, session 6q] (stun_listener:accept/3:221)
2022-01-28 16:45:35.007899+00:00 [debug] Determined transport protocol: TLS (stun:is_tls_handshake/1:763)
2022-01-28 16:45:35.118184+00:00 [debug] Received:
#stun{class = request,method = 1,magic = 554869826,
      trid = 10082015885493545696859386190,raw = <<>>,unsupported = [],
      'ALTERNATE-SERVER' = undefined,'CHANNEL-NUMBER' = undefined,
      'DATA' = undefined,'DONT-FRAGMENT' = false,'ERROR-CODE' = undefined,
      'LIFETIME' = undefined,'MAPPED-ADDRESS' = undefined,
      'MESSAGE-INTEGRITY' = undefined,'NONCE' = undefined,'REALM' = undefined,
      'REQUESTED-ADDRESS-FAMILY' = undefined,
      'REQUESTED-TRANSPORT' = undefined,'SOFTWARE' = undefined,
      'UNKNOWN-ATTRIBUTES' = [],'USERNAME' = undefined,
      'XOR-MAPPED-ADDRESS' = undefined,'XOR-PEER-ADDRESS' = [],
      'XOR-RELAYED-ADDRESS' = undefined} (stun:process_data/3:404)
2022-01-28 16:45:35.118336+00:00 [debug] Responding to STUN request [TLS, session 6q, anonymous, client 127.0.0.1:52652] (stun:process/4:312)
2022-01-28 16:45:35.118386+00:00 [debug] Running 'stun_query' hook [TLS, session 6q, anonymous, client 127.0.0.1:52652] (stun:run_hook/3:818)
2022-01-28 16:45:35.118436+00:00 [debug] Got 'stun_query' event [TLS, session 6q, anonymous, client 127.0.0.1:52652] (eturnal_module:handle_event/2:174)
2022-01-28 16:45:35.118475+00:00 [debug] Calling mod_log_stun:handle_event/2 [TLS, session 6q, anonymous, client 127.0.0.1:52652] (eturnal_module:handle_event/2:177)
2022-01-28 16:45:35.118526+00:00 [info] Responding to STUN request [TLS, session 6q, anonymous, client 127.0.0.1:52652] (mod_log_stun:handle_event/2:45)
2022-01-28 16:45:35.118580+00:00 [debug] Calling mod_stats_influx:handle_event/2 [TLS, session 6q, anonymous, client 127.0.0.1:52652] (eturnal_module:handle_event/2:177)
2022-01-28 16:45:35.118635+00:00 [debug] Writing STUN query event to InfluxDB [TLS, session 6q, anonymous, client 127.0.0.1:52652] (mod_stats_influx:on_stun_query/1:70)
2022-01-28 16:45:35.118883+00:00 [debug] Sending:
#stun{class = response,method = 1,magic = 554869826,
      trid = 10082015885493545696859386190,raw = <<>>,unsupported = [],
      'ALTERNATE-SERVER' = undefined,'CHANNEL-NUMBER' = undefined,
      'DATA' = undefined,'DONT-FRAGMENT' = false,'ERROR-CODE' = undefined,
      'LIFETIME' = undefined,'MAPPED-ADDRESS' = undefined,
      'MESSAGE-INTEGRITY' = undefined,'NONCE' = undefined,'REALM' = undefined,
      'REQUESTED-ADDRESS-FAMILY' = undefined,
      'REQUESTED-TRANSPORT' = undefined,'SOFTWARE' = <<"P1 STUN library">>,
      'UNKNOWN-ATTRIBUTES' = [],'USERNAME' = undefined,
      'XOR-MAPPED-ADDRESS' = {{127,0,0,1},52652},
      'XOR-PEER-ADDRESS' = [],'XOR-RELAYED-ADDRESS' = undefined} (stun:send/3:445)
2022-01-28 16:45:35.119238+00:00 [info] Connection reset by peer [TLS, session 6q, anonymous, client 127.0.0.1:52652] (stun:handle_info/3:170)
2022-01-28 16:45:35.144448+00:00 [debug] No NOTIFY_SOCKET, dropping STOPPING=1 notification (eturnal_systemd:handle_cast/2:109)
2022-01-28 16:45:35.144457+00:00 [debug] Terminating eturnal (shutdown) (eturnal:terminate/2:196)
2022-01-28 16:45:35.144667+00:00 [debug] Watchdog interval is undefined, hibernating (eturnal_systemd:get_timeout/1:162)
2022-01-28 16:45:35.144833+00:00 [info] Stopped listening on 127.0.0.1:34780 (udp) (eturnal:stop_listeners/1:372)
2022-01-28 16:45:35.144988+00:00 [info] Stopped listening on 127.0.0.1:34780 (tcp) (eturnal:stop_listeners/1:372)
2022-01-28 16:45:35.145141+00:00 [info] Stopped listening on 127.0.0.1:53490 (tls) (eturnal:stop_listeners/1:372)
2022-01-28 16:45:35.145328+00:00 [info] Stopped listening on 127.0.0.1:34781 (auto) (eturnal:stop_listeners/1:372)
2022-01-28 16:45:35.145906+00:00 [debug] Calling mod_log_stun:stop/1 (eturnal_module:stop/1:160)
2022-01-28 16:45:35.146119+00:00 [debug] Stopping mod_log_stun (mod_log_stun:stop/0:50)
2022-01-28 16:45:35.146233+00:00 [info] Stopped mod_log_stun (eturnal:stop_modules/1:320)
2022-01-28 16:45:35.147025+00:00 [debug] Calling mod_stats_influx:stop/1 (eturnal_module:stop/1:160)
2022-01-28 16:45:35.147164+00:00 [debug] Stopping mod_stats_influx (mod_stats_influx:stop/0:55)
2022-01-28 16:45:35.147305+00:00 [info] Stopped mod_stats_influx (eturnal:stop_modules/1:320)
2022-01-28 16:45:35.147948+00:00 [debug] Removed run/cert.pem (eturnal:clean_run_dir/0:708)
2022-01-28 16:45:35.149098+00:00 [debug] Terminating eturnal_systemd (shutdown) (eturnal_systemd:terminate/2:136)
2022-01-28 16:45:35.149398+00:00 [notice] Stopping eturnal 1.8.1 on Erlang/OTP 24 (ERTS 12.2) (eturnal_app:stop/1:53)
2022-01-28 16:45:35.150506+00:00 [notice]     application: eturnal
    exited: stopped
    type: temporary
 (application_controller:info_exited/3:2119)
