2023-05-02 16:27:41.996775+00:00 [notice] Starting eturnal 1.10.1 on Erlang/OTP 25 (ERTS 13.2) (eturnal_app:start/2:34)
2023-05-02 16:27:41.997035+00:00 [debug] Starting supervisor: eturnal_sup (eturnal_sup:start_link/0:31)
2023-05-02 16:27:41.997216+00:00 [debug] Configuring eturnal_sup supervisor: [#{id => systemd,
                                       start =>
                                           {eturnal_systemd,start_link,[]}},
                                     #{id => eturnal,
                                       start => {eturnal,start_link,[]}}] (eturnal_sup:init/0:39)
2023-05-02 16:27:41.999036+00:00 [info] Got no NOTIFY_SOCKET, notifications disabled (eturnal_systemd:init/1:96)
2023-05-02 16:27:41.999337+00:00 [debug] PROGRESS REPORT:
    supervisor: {local,eturnal_sup}
    started: [{pid,<0.1195.0>},
              {id,systemd},
              {mfargs,{eturnal_systemd,start_link,[]}},
              {restart_type,permanent},
              {significant,false},
              {shutdown,5000},
              {child_type,worker}]
 (supervisor:report_progress/2:1557)
2023-05-02 16:27:41.999501+00:00 [info] Relay IPv4 address: 127.0.0.1 (port range: 49152-65535) (eturnal:log_relay_addresses/0:325)
2023-05-02 16:27:41.999706+00:00 [info] Relay IPv6 address not configured (eturnal:log_relay_addresses/0:335)
2023-05-02 16:27:42.016543+00:00 [info] Cannot determine control query port: noport (eturnal:log_control_listener/0:350)
2023-05-02 16:27:42.017107+00:00 [debug] Using run directory run (eturnal:ensure_run_dir/0:798)
2023-05-02 16:27:42.017245+00:00 [debug] TURN configuration seems fine (eturnal:check_turn_config/0:546)
2023-05-02 16:27:42.017468+00:00 [warning] TLS enabled without 'tls_crt_file', creating self-signed certificate (eturnal:check_pem_file/0:744)
2023-05-02 16:27:42.885106+00:00 [debug] Calling mod_log_stun:start/0 (eturnal_module:start/1:143)
2023-05-02 16:27:42.885520+00:00 [debug] Starting mod_log_stun (mod_log_stun:start/0:38)
2023-05-02 16:27:42.885827+00:00 [info] Started mod_log_stun (eturnal:start_modules/0:361)
2023-05-02 16:27:42.885976+00:00 [debug] Calling mod_stats_influx:start/0 (eturnal_module:start/1:143)
2023-05-02 16:27:42.886198+00:00 [debug] Starting mod_stats_influx (mod_stats_influx:start/0:37)
2023-05-02 16:27:42.888737+00:00 [debug] PROGRESS REPORT:
    application: ulitos
    started_at: nonode@nohost
 (application_controller:info_started/2:2107)
2023-05-02 16:27:42.890096+00:00 [debug] PROGRESS REPORT:
    application: poolboy
    started_at: nonode@nohost
 (application_controller:info_started/2:2107)
2023-05-02 16:27:42.891495+00:00 [info]     msg: Starting application: influx_udp (influx_udp_app:start/2:10)
2023-05-02 16:27:42.898026+00:00 [debug] PROGRESS REPORT:
    supervisor: {local,influx_udp_sup}
    started: [{pid,<0.1217.0>},
              {id,influx_udp},
              {mfargs,{influx_udp,start_link,[]}},
              {restart_type,permanent},
              {significant,false},
              {shutdown,5000},
              {child_type,worker}]
 (supervisor:report_progress/2:1557)
2023-05-02 16:27:42.898221+00:00 [debug] PROGRESS REPORT:
    application: influx_udp
    started_at: nonode@nohost
 (application_controller:info_started/2:2107)
2023-05-02 16:27:42.898329+00:00 [debug] Dependency influx_udp was available already (eturnal_module:ensure_dep/2:284)
2023-05-02 16:27:42.902089+00:00 [info]     host: {127,0,0,1}
    msg: Start clients pool
    options: #{host => "localhost",max_overflow => 1,pool_size => 1,
               port => 8089} (influx_udp:start_pool_/2:239)
2023-05-02 16:27:42.913360+00:00 [info]     msg: Open UDP socket on port
    port: 54203 (influx_udp_worker:init/1:43)
2023-05-02 16:27:42.913613+00:00 [debug] PROGRESS REPORT:
    supervisor: {local,influx_udp_sup}
    started: [{pid,<0.1220.0>},
              {id,stats_influx_pool},
              {mfargs,
                  {poolboy,start_link,
                      [[{name,{local,stats_influx_pool}},
                        {worker_module,influx_udp_worker},
                        {size,1},
                        {max_overflow,1}],
                       [{options,
                            #{host => {127,0,0,1},
                              max_overflow => 1,pool_size => 1,
                              port => 8089}}]]}},
              {restart_type,permanent},
              {significant,false},
              {shutdown,5000},
              {child_type,worker}]
 (supervisor:report_progress/2:1557)
2023-05-02 16:27:42.913792+00:00 [info] Started mod_stats_influx (eturnal:start_modules/0:361)
2023-05-02 16:27:42.914246+00:00 [debug] Calling mod_stats_prometheus:start/0 (eturnal_module:start/1:143)
2023-05-02 16:27:42.915954+00:00 [debug] Starting mod_stats_prometheus (mod_stats_prometheus:start/0:56)
2023-05-02 16:27:45.253544+00:00 [debug] PROGRESS REPORT:
    application: prometheus
    started_at: nonode@nohost
 (application_controller:info_started/2:2107)
2023-05-02 16:27:45.256093+00:00 [debug] PROGRESS REPORT:
    application: accept
    started_at: nonode@nohost
 (application_controller:info_started/2:2107)
2023-05-02 16:27:45.256425+00:00 [debug] PROGRESS REPORT:
    application: prometheus_httpd
    started_at: nonode@nohost
 (application_controller:info_started/2:2107)
2023-05-02 16:27:45.256511+00:00 [debug] Dependency prometheus_httpd was available already (eturnal_module:ensure_dep/2:284)
2023-05-02 16:27:45.258375+00:00 [debug] PROGRESS REPORT:
    supervisor: {local,httpd_instance_sup__127_0_0_1__9081default}
    started: [{pid,<0.1242.0>},
              {id,{httpd_connection_sup,{127,0,0,1},9081,default}},
              {mfargs,{httpd_connection_sup,start_link,[[{127,0,0,1},9081]]}},
              {restart_type,permanent},
              {significant,false},
              {shutdown,5000},
              {child_type,supervisor}]
 (supervisor:report_progress/2:1557)
2023-05-02 16:27:45.258742+00:00 [debug] PROGRESS REPORT:
    supervisor: {local,httpd_acceptor_sup__127_0_0_1__9081default}
    started: [{pid,<0.1244.0>},
              {id,{httpd_acceptor_sup,{127,0,0,1},9081,default}},
              {mfargs,{httpd_acceptor,start_link,
                                      [httpd__127_0_0_1__9081default,ip_comm,
                                       {127,0,0,1},
                                       9081,inet,
                                       httpd_conf__127_0_0_1__9081default,
                                       15000]}},
              {restart_type,transient},
              {significant,false},
              {shutdown,brutal_kill},
              {child_type,worker}]
 (supervisor:report_progress/2:1557)
2023-05-02 16:27:45.258897+00:00 [debug] PROGRESS REPORT:
    supervisor: {local,httpd_instance_sup__127_0_0_1__9081default}
    started: [{pid,<0.1243.0>},
              {id,{httpd_acceptor_sup,{127,0,0,1},9081,default}},
              {mfargs,
                  {httpd_acceptor_sup,start_link,
                      [[{127,0,0,1},
                        9081,
                        [{bind_address,{127,0,0,1}},
                         {socket_type,ip_comm},
                         {port,9081},
                         {server_root,"run/mod_stats_prometheus/doc"},
                         {document_root,"run/mod_stats_prometheus/doc"},
                         {server_name,"Prometheus Exporter"},
                         {modules,[prometheus_httpd]}],
                        15000,undefined]]}},
              {restart_type,permanent},
              {significant,false},
              {shutdown,infinity},
              {child_type,supervisor}]
 (supervisor:report_progress/2:1557)
2023-05-02 16:27:45.259181+00:00 [debug] PROGRESS REPORT:
    supervisor: {local,httpd_instance_sup__127_0_0_1__9081default}
    started: [{pid,<0.1245.0>},
              {id,{httpd_misc_sup,{127,0,0,1},9081,default}},
              {mfargs,{httpd_misc_sup,start_link,[{127,0,0,1},9081,default]}},
              {restart_type,permanent},
              {significant,false},
              {shutdown,infinity},
              {child_type,supervisor}]
 (supervisor:report_progress/2:1557)
2023-05-02 16:27:45.260133+00:00 [debug] PROGRESS REPORT:
    supervisor: {local,httpd_instance_sup__127_0_0_1__9081default}
    started: [{pid,<0.1246.0>},
              {id,{httpd_manager,{127,0,0,1},9081,default}},
              {mfargs,
                  {httpd_manager,start_link,
                      [undefined,
                       [{bind_address,{127,0,0,1}},
                        {socket_type,ip_comm},
                        {port,9081},
                        {server_root,"run/mod_stats_prometheus/doc"},
                        {document_root,"run/mod_stats_prometheus/doc"},
                        {server_name,"Prometheus Exporter"},
                        {modules,[prometheus_httpd]}],
                       15000]}},
              {restart_type,permanent},
              {significant,false},
              {shutdown,4000},
              {child_type,worker}]
 (supervisor:report_progress/2:1557)
2023-05-02 16:27:45.260330+00:00 [debug] PROGRESS REPORT:
    supervisor: {local,httpd_sup}
    started: [{pid,<0.1241.0>},
              {id,{httpd_instance_sup,{127,0,0,1},9081,default}},
              {mfargs,
                  {httpd_instance_sup,start_link,
                      [[{bind_address,{127,0,0,1}},
                        {socket_type,ip_comm},
                        {port,9081},
                        {server_root,"run/mod_stats_prometheus/doc"},
                        {document_root,"run/mod_stats_prometheus/doc"},
                        {server_name,"Prometheus Exporter"},
                        {modules,[prometheus_httpd]}],
                       15000,[]]}},
              {restart_type,permanent},
              {significant,false},
              {shutdown,infinity},
              {child_type,supervisor}]
 (supervisor:report_progress/2:1557)
2023-05-02 16:27:45.261027+00:00 [info] Started mod_stats_prometheus (eturnal:start_modules/0:361)
2023-05-02 16:27:45.261364+00:00 [debug] Starting listener 127.0.0.1:34780 (udp) with options:
[{use_turn,true},
 {auth_type,user},
 {turn_ipv4_address,{127,0,0,1}},
 {turn_min_port,49152},
 {turn_max_port,65535},
 {turn_max_allocations,10},
 {turn_max_permissions,10},
 {shaper,100000},
 {turn_blacklist,[{{10,0,0,0},8},
                  {{100,64,0,0},10},
                  {{127,0,0,0},8},
                  {{169,254,0,0},16},
                  {{172,16,0,0},12},
                  {{192,0,0,0},24},
                  {{192,0,2,0},24},
                  {{192,88,99,0},24},
                  {{192,168,0,0},16},
                  {{198,18,0,0},15},
                  {{198,51,100,0},24},
                  {{203,0,113,0},24},
                  {{224,0,0,0},4},
                  {{240,0,0,0},4},
                  {{0,0,0,0,0,0,0,1},128},
                  {{0,0,0,0,0,65535,0,0},96},
                  {{100,65435,0,0,0,0,0,0},96},
                  {{256,0,0,0,0,0,0,0},64},
                  {{8193,3512,0,0,0,0,0,0},32},
                  {{64512,0,0,0,0,0,0,0},7},
                  {{65152,0,0,0,0,0,0,0},10},
                  {{65280,0,0,0,0,0,0,0},8}]},
 {turn_whitelist,[{{127,0,0,1},32},
                  {{203,0,113,113},32},
                  {{8193,3512,0,0,0,0,0,0},64}]},
 {auth_realm,<<"eturnal.net">>},
 {server_name,<<"eturnal">>},
 {auth_fun,fun eturnal:get_password/2},
 {hook_fun,fun eturnal:run_hook/2}] (eturnal:start_listeners/0:394)
2023-05-02 16:27:45.262487+00:00 [info] Listening on 127.0.0.1:34780 (udp) (STUN/TURN) (eturnal:start_listeners/0:401)
2023-05-02 16:27:45.262743+00:00 [debug] Starting listener 127.0.0.1:34780 (tcp) with options:
[{use_turn,false},
 {auth_type,anonymous},
 {turn_ipv4_address,{127,0,0,1}},
 {turn_min_port,49152},
 {turn_max_port,65535},
 {turn_max_allocations,10},
 {turn_max_permissions,10},
 {shaper,100000},
 {turn_blacklist,[{{10,0,0,0},8},
                  {{100,64,0,0},10},
                  {{127,0,0,0},8},
                  {{169,254,0,0},16},
                  {{172,16,0,0},12},
                  {{192,0,0,0},24},
                  {{192,0,2,0},24},
                  {{192,88,99,0},24},
                  {{192,168,0,0},16},
                  {{198,18,0,0},15},
                  {{198,51,100,0},24},
                  {{203,0,113,0},24},
                  {{224,0,0,0},4},
                  {{240,0,0,0},4},
                  {{0,0,0,0,0,0,0,1},128},
                  {{0,0,0,0,0,65535,0,0},96},
                  {{100,65435,0,0,0,0,0,0},96},
                  {{256,0,0,0,0,0,0,0},64},
                  {{8193,3512,0,0,0,0,0,0},32},
                  {{64512,0,0,0,0,0,0,0},7},
                  {{65152,0,0,0,0,0,0,0},10},
                  {{65280,0,0,0,0,0,0,0},8}]},
 {turn_whitelist,[{{127,0,0,1},32},
                  {{203,0,113,113},32},
                  {{8193,3512,0,0,0,0,0,0},64}]},
 {auth_realm,<<"eturnal.net">>},
 {server_name,<<"eturnal">>},
 {auth_fun,fun eturnal:get_password/2},
 {hook_fun,fun eturnal:run_hook/2}] (eturnal:start_listeners/0:394)
2023-05-02 16:27:45.267321+00:00 [info] Listening on 127.0.0.1:34780 (tcp) (STUN only) (eturnal:start_listeners/0:401)
2023-05-02 16:27:45.267556+00:00 [debug] Starting listener 127.0.0.1:53490 (tls) with options:
[{use_turn,false},
 {auth_type,anonymous},
 {tls,true},
 {certfile,<<"run/cert.pem">>},
 {ciphers,<<"HIGH:!aNULL:@STRENGTH">>},
 {protocol_options,<<"no_tlsv1|no_tlsv1_1|cipher_server_preference">>},
 {turn_ipv4_address,{127,0,0,1}},
 {turn_min_port,49152},
 {turn_max_port,65535},
 {turn_max_allocations,10},
 {turn_max_permissions,10},
 {shaper,100000},
 {turn_blacklist,[{{10,0,0,0},8},
                  {{100,64,0,0},10},
                  {{127,0,0,0},8},
                  {{169,254,0,0},16},
                  {{172,16,0,0},12},
                  {{192,0,0,0},24},
                  {{192,0,2,0},24},
                  {{192,88,99,0},24},
                  {{192,168,0,0},16},
                  {{198,18,0,0},15},
                  {{198,51,100,0},24},
                  {{203,0,113,0},24},
                  {{224,0,0,0},4},
                  {{240,0,0,0},4},
                  {{0,0,0,0,0,0,0,1},128},
                  {{0,0,0,0,0,65535,0,0},96},
                  {{100,65435,0,0,0,0,0,0},96},
                  {{256,0,0,0,0,0,0,0},64},
                  {{8193,3512,0,0,0,0,0,0},32},
                  {{64512,0,0,0,0,0,0,0},7},
                  {{65152,0,0,0,0,0,0,0},10},
                  {{65280,0,0,0,0,0,0,0},8}]},
 {turn_whitelist,[{{127,0,0,1},32},
                  {{203,0,113,113},32},
                  {{8193,3512,0,0,0,0,0,0},64}]},
 {auth_realm,<<"eturnal.net">>},
 {server_name,<<"eturnal">>},
 {auth_fun,fun eturnal:get_password/2},
 {hook_fun,fun eturnal:run_hook/2}] (eturnal:start_listeners/0:394)
2023-05-02 16:27:45.268432+00:00 [info] Listening on 127.0.0.1:53490 (tls) (STUN only) (eturnal:start_listeners/0:401)
2023-05-02 16:27:45.268582+00:00 [debug] Starting listener 127.0.0.1:34781 (auto) with options:
[{use_turn,false},
 {auth_type,anonymous},
 {tls,optional},
 {certfile,<<"run/cert.pem">>},
 {ciphers,<<"HIGH:!aNULL:@STRENGTH">>},
 {protocol_options,<<"no_tlsv1|no_tlsv1_1|cipher_server_preference">>},
 {turn_ipv4_address,{127,0,0,1}},
 {turn_min_port,49152},
 {turn_max_port,65535},
 {turn_max_allocations,10},
 {turn_max_permissions,10},
 {shaper,100000},
 {turn_blacklist,[{{10,0,0,0},8},
                  {{100,64,0,0},10},
                  {{127,0,0,0},8},
                  {{169,254,0,0},16},
                  {{172,16,0,0},12},
                  {{192,0,0,0},24},
                  {{192,0,2,0},24},
                  {{192,88,99,0},24},
                  {{192,168,0,0},16},
                  {{198,18,0,0},15},
                  {{198,51,100,0},24},
                  {{203,0,113,0},24},
                  {{224,0,0,0},4},
                  {{240,0,0,0},4},
                  {{0,0,0,0,0,0,0,1},128},
                  {{0,0,0,0,0,65535,0,0},96},
                  {{100,65435,0,0,0,0,0,0},96},
                  {{256,0,0,0,0,0,0,0},64},
                  {{8193,3512,0,0,0,0,0,0},32},
                  {{64512,0,0,0,0,0,0,0},7},
                  {{65152,0,0,0,0,0,0,0},10},
                  {{65280,0,0,0,0,0,0,0},8}]},
 {turn_whitelist,[{{127,0,0,1},32},
                  {{203,0,113,113},32},
                  {{8193,3512,0,0,0,0,0,0},64}]},
 {auth_realm,<<"eturnal.net">>},
 {server_name,<<"eturnal">>},
 {auth_fun,fun eturnal:get_password/2},
 {hook_fun,fun eturnal:run_hook/2}] (eturnal:start_listeners/0:394)
2023-05-02 16:27:45.269312+00:00 [info] Listening on 127.0.0.1:34781 (auto) (STUN only) (eturnal:start_listeners/0:401)
2023-05-02 16:27:45.269486+00:00 [debug] Started 3 modules (eturnal:init/1:105)
2023-05-02 16:27:45.269621+00:00 [debug] Started 4 listeners (eturnal:init/1:106)
2023-05-02 16:27:45.269712+00:00 [debug] PROGRESS REPORT:
    supervisor: {local,eturnal_sup}
    started: [{pid,<0.1197.0>},
              {id,eturnal},
              {mfargs,{eturnal,start_link,[]}},
              {restart_type,permanent},
              {significant,false},
              {shutdown,5000},
              {child_type,worker}]
 (supervisor:report_progress/2:1557)
2023-05-02 16:27:45.269804+00:00 [debug] No NOTIFY_SOCKET, dropping READY=1 notification (eturnal_systemd:handle_cast/2:110)
2023-05-02 16:27:45.270401+00:00 [debug] Watchdog interval is undefined, hibernating (eturnal_systemd:get_timeout/1:163)
2023-05-02 16:27:45.270464+00:00 [debug] PROGRESS REPORT:
    application: eturnal
    started_at: nonode@nohost
 (application_controller:info_started/2:2107)
2023-05-02 16:27:45.303141+00:00 [debug] Handling API call: get_info() (eturnal_ctl:get_info/0:134)
2023-05-02 16:27:45.304084+00:00 [debug] eturnal call (get_info) returned {ok,
                                  {eturnal_node_info,<<"1.10.1">>,
                                   {"25","13.2"},
                                   7636,0,150,150678428,1,56383808}} (eturnal_ctl:call/1:451)
2023-05-02 16:27:45.329277+00:00 [debug] Handling API call: get_sessions() (eturnal_ctl:get_sessions/0:105)
2023-05-02 16:27:45.355840+00:00 [debug] Handling API call: get_sessions("alice") (eturnal_ctl:get_sessions/1:115)
2023-05-02 16:27:45.356215+00:00 [debug] Handling API call: disconnect(alice) (eturnal_ctl:disconnect/1:183)
2023-05-02 16:27:45.356330+00:00 [debug] Cannot convert user name to binary: alice (eturnal_ctl:disconnect/1:193)
2023-05-02 16:27:45.381339+00:00 [debug] Handling API call: disconnect("alice") (eturnal_ctl:disconnect/1:183)
2023-05-02 16:27:45.381724+00:00 [debug] Handling API call: disconnect(alice) (eturnal_ctl:disconnect/1:183)
2023-05-02 16:27:45.381873+00:00 [debug] Cannot convert user name to binary: alice (eturnal_ctl:disconnect/1:193)
2023-05-02 16:27:45.407374+00:00 [debug] Handling API call: get_credentials("2009-10-30 11:00:00Z", []) (eturnal_ctl:get_credentials/2:59)
2023-05-02 16:27:45.407729+00:00 [debug] eturnal call ({get_password,<<"1256900400">>}) returned {ok,
                                                         <<"uEKlpcME7MNMMVRV8rUFPCTIFEs=">>} (eturnal_ctl:call/1:451)
2023-05-02 16:27:45.408052+00:00 [debug] Handling API call: get_credentials("86400", "alice") (eturnal_ctl:get_credentials/2:59)
2023-05-02 16:27:45.408663+00:00 [debug] eturnal call ({get_password,<<"1683131265:alice">>}) returned {ok,
                                                               <<"iNDpUj/LvCprzi4q7Re+2B8q71U=">>} (eturnal_ctl:call/1:451)
2023-05-02 16:27:45.408904+00:00 [debug] Handling API call: get_password("1683131265:alice") (eturnal_ctl:get_password/1:78)
2023-05-02 16:27:45.409275+00:00 [debug] eturnal call ({get_password,<<"1683131265:alice">>}) returned {ok,
                                                               <<"iNDpUj/LvCprzi4q7Re+2B8q71U=">>} (eturnal_ctl:call/1:451)
2023-05-02 16:27:45.409778+00:00 [debug] Handling API call: get_credentials("86400s", "alice") (eturnal_ctl:get_credentials/2:59)
2023-05-02 16:27:45.410132+00:00 [debug] eturnal call ({get_password,<<"1683131265:alice">>}) returned {ok,
                                                               <<"iNDpUj/LvCprzi4q7Re+2B8q71U=">>} (eturnal_ctl:call/1:451)
2023-05-02 16:27:45.410514+00:00 [debug] Handling API call: get_password("1683131265:alice") (eturnal_ctl:get_password/1:78)
2023-05-02 16:27:45.410840+00:00 [debug] eturnal call ({get_password,<<"1683131265:alice">>}) returned {ok,
                                                               <<"iNDpUj/LvCprzi4q7Re+2B8q71U=">>} (eturnal_ctl:call/1:451)
2023-05-02 16:27:45.411204+00:00 [debug] Handling API call: get_credentials("1440m", "alice") (eturnal_ctl:get_credentials/2:59)
2023-05-02 16:27:45.411537+00:00 [debug] eturnal call ({get_password,<<"1683131265:alice">>}) returned {ok,
                                                               <<"iNDpUj/LvCprzi4q7Re+2B8q71U=">>} (eturnal_ctl:call/1:451)
2023-05-02 16:27:45.411840+00:00 [debug] Handling API call: get_password("1683131265:alice") (eturnal_ctl:get_password/1:78)
2023-05-02 16:27:45.412313+00:00 [debug] eturnal call ({get_password,<<"1683131265:alice">>}) returned {ok,
                                                               <<"iNDpUj/LvCprzi4q7Re+2B8q71U=">>} (eturnal_ctl:call/1:451)
2023-05-02 16:27:45.412567+00:00 [debug] Handling API call: get_credentials("24h", "alice") (eturnal_ctl:get_credentials/2:59)
2023-05-02 16:27:45.412823+00:00 [debug] eturnal call ({get_password,<<"1683131265:alice">>}) returned {ok,
                                                               <<"iNDpUj/LvCprzi4q7Re+2B8q71U=">>} (eturnal_ctl:call/1:451)
2023-05-02 16:27:45.412992+00:00 [debug] Handling API call: get_password("1683131265:alice") (eturnal_ctl:get_password/1:78)
2023-05-02 16:27:45.413312+00:00 [debug] eturnal call ({get_password,<<"1683131265:alice">>}) returned {ok,
                                                               <<"iNDpUj/LvCprzi4q7Re+2B8q71U=">>} (eturnal_ctl:call/1:451)
2023-05-02 16:27:45.413507+00:00 [debug] Handling API call: get_credentials("1d", "alice") (eturnal_ctl:get_credentials/2:59)
2023-05-02 16:27:45.413900+00:00 [debug] eturnal call ({get_password,<<"1683131265:alice">>}) returned {ok,
                                                               <<"iNDpUj/LvCprzi4q7Re+2B8q71U=">>} (eturnal_ctl:call/1:451)
2023-05-02 16:27:45.414051+00:00 [debug] Handling API call: get_password("1683131265:alice") (eturnal_ctl:get_password/1:78)
2023-05-02 16:27:45.414177+00:00 [debug] eturnal call ({get_password,<<"1683131265:alice">>}) returned {ok,
                                                               <<"iNDpUj/LvCprzi4q7Re+2B8q71U=">>} (eturnal_ctl:call/1:451)
2023-05-02 16:27:45.414489+00:00 [debug] Handling API call: get_password("Invalid") (eturnal_ctl:get_password/1:78)
2023-05-02 16:27:45.414642+00:00 [debug] Invalid user name: Invalid (eturnal_ctl:get_password/1:92)
2023-05-02 16:27:45.414885+00:00 [debug] Handling API call: get_credentials("Invalid", []) (eturnal_ctl:get_credentials/2:59)
2023-05-02 16:27:45.415007+00:00 [debug] Invalid argument(s): "Invalid":[] (eturnal_ctl:get_credentials/2:72)
2023-05-02 16:27:45.415111+00:00 [debug] Handling API call: get_password(invalid) (eturnal_ctl:get_password/1:78)
2023-05-02 16:27:45.415282+00:00 [debug] Cannot convert user name to binary: invalid (eturnal_ctl:get_password/1:99)
2023-05-02 16:27:45.415401+00:00 [debug] Handling API call: get_credentials(invalid, []) (eturnal_ctl:get_credentials/2:59)
2023-05-02 16:27:45.415595+00:00 [debug] Invalid argument(s): invalid:[] (eturnal_ctl:get_credentials/2:72)
2023-05-02 16:27:45.415795+00:00 [debug] Handling API call: get_password([invalid]) (eturnal_ctl:get_password/1:78)
2023-05-02 16:27:45.415901+00:00 [debug] Cannot convert user name to binary: [invalid] (eturnal_ctl:get_password/1:99)
2023-05-02 16:27:45.415988+00:00 [debug] Handling API call: get_credentials([invalid], []) (eturnal_ctl:get_credentials/2:59)
2023-05-02 16:27:45.416109+00:00 [debug] Invalid argument(s): [invalid]:[] (eturnal_ctl:get_credentials/2:72)
2023-05-02 16:27:45.416238+00:00 [debug] Handling API call: get_credentials(1256900400, invalid) (eturnal_ctl:get_credentials/2:59)
2023-05-02 16:27:45.416335+00:00 [debug] Invalid argument(s): 1256900400:invalid (eturnal_ctl:get_credentials/2:72)
2023-05-02 16:27:45.442653+00:00 [debug] Handling API call: set_loglevel(debug) (eturnal_ctl:set_loglevel/1:164)
2023-05-02 16:27:45.442902+00:00 [debug] eturnal call ({set_loglevel,debug}) returned ok (eturnal_ctl:call/1:448)
2023-05-02 16:27:45.443108+00:00 [debug] Handling API call: get_loglevel() (eturnal_ctl:get_loglevel/0:154)
2023-05-02 16:27:45.443288+00:00 [debug] eturnal call (get_loglevel) returned {ok,debug} (eturnal_ctl:call/1:451)
2023-05-02 16:27:45.443455+00:00 [debug] Handling API call: set_loglevel(invalid) (eturnal_ctl:set_loglevel/1:164)
2023-05-02 16:27:45.443588+00:00 [debug] Invalid log level: invalid (eturnal_ctl:set_loglevel/1:174)
2023-05-02 16:27:45.443750+00:00 [debug] Handling API call: get_loglevel() (eturnal_ctl:get_loglevel/0:154)
2023-05-02 16:27:45.443861+00:00 [debug] eturnal call (get_loglevel) returned {ok,debug} (eturnal_ctl:call/1:451)
2023-05-02 16:27:45.468623+00:00 [debug] Handling API call: get_version() (eturnal_ctl:get_version/0:144)
2023-05-02 16:27:45.468830+00:00 [debug] eturnal call (get_version) returned {ok,<<"1.10.1">>} (eturnal_ctl:call/1:451)
2023-05-02 16:27:45.495113+00:00 [debug] Handling API call: reload() (eturnal_ctl:reload/0:199)
2023-05-02 16:27:45.505983+00:00 [debug] Calling mod_log_stun:options/0 (eturnal_module:options/1:192)
2023-05-02 16:27:45.506344+00:00 [debug] Calling mod_stats_influx:options/0 (eturnal_module:options/1:192)
2023-05-02 16:27:45.506656+00:00 [debug] Calling mod_stats_prometheus:options/0 (eturnal_module:options/1:192)
2023-05-02 16:27:45.507696+00:00 [warning] TLS enabled without 'tls_crt_file', creating self-signed certificate (eturnal:check_pem_file/0:744)
2023-05-02 16:27:45.790594+00:00 [info] Using new TLS certificate (eturnal:reload/1:573)
2023-05-02 16:27:45.791508+00:00 [debug] Calling mod_log_stun:stop/1 (eturnal_module:stop/1:163)
2023-05-02 16:27:45.791900+00:00 [debug] Stopping mod_log_stun (mod_log_stun:stop/0:49)
2023-05-02 16:27:45.792193+00:00 [info] Stopped mod_log_stun (eturnal:stop_modules/1:374)
2023-05-02 16:27:45.793146+00:00 [debug] Calling mod_stats_influx:stop/1 (eturnal_module:stop/1:163)
2023-05-02 16:27:45.793346+00:00 [debug] Stopping mod_stats_influx (mod_stats_influx:stop/0:61)
2023-05-02 16:27:45.793507+00:00 [info] Stopped mod_stats_influx (eturnal:stop_modules/1:374)
2023-05-02 16:27:45.794405+00:00 [debug] Calling mod_stats_prometheus:stop/1 (eturnal_module:stop/1:163)
2023-05-02 16:27:45.794804+00:00 [debug] Stopping mod_stats_prometheus (mod_stats_prometheus:stop/0:110)
2023-05-02 16:27:45.795629+00:00 [info] Stopped mod_stats_prometheus (eturnal:stop_modules/1:374)
2023-05-02 16:27:45.795893+00:00 [debug] Calling mod_log_stun:start/0 (eturnal_module:start/1:143)
2023-05-02 16:27:45.796128+00:00 [debug] Starting mod_log_stun (mod_log_stun:start/0:38)
2023-05-02 16:27:45.796593+00:00 [info] Started mod_log_stun (eturnal:start_modules/0:361)
2023-05-02 16:27:45.797101+00:00 [debug] Calling mod_stats_influx:start/0 (eturnal_module:start/1:143)
2023-05-02 16:27:45.797248+00:00 [debug] Starting mod_stats_influx (mod_stats_influx:start/0:37)
2023-05-02 16:27:45.797626+00:00 [debug] Dependency influx_udp was available already (eturnal_module:ensure_dep/2:284)
2023-05-02 16:27:45.799168+00:00 [info]     host: {127,0,0,1}
    msg: Start clients pool
    options: #{host => "localhost",max_overflow => 1,pool_size => 1,
               port => 8089} (influx_udp:start_pool_/2:239)
2023-05-02 16:27:45.800309+00:00 [info] Started mod_stats_influx (eturnal:start_modules/0:361)
2023-05-02 16:27:45.800496+00:00 [debug] Calling mod_stats_prometheus:start/0 (eturnal_module:start/1:143)
2023-05-02 16:27:45.800709+00:00 [debug] Starting mod_stats_prometheus (mod_stats_prometheus:start/0:56)
2023-05-02 16:27:45.801002+00:00 [debug] Dependency prometheus_httpd was available already (eturnal_module:ensure_dep/2:284)
2023-05-02 16:27:45.802334+00:00 [debug] PROGRESS REPORT:
    supervisor: {local,httpd_instance_sup__127_0_0_1__9081default}
    started: [{pid,<0.1371.0>},
              {id,{httpd_connection_sup,{127,0,0,1},9081,default}},
              {mfargs,{httpd_connection_sup,start_link,[[{127,0,0,1},9081]]}},
              {restart_type,permanent},
              {significant,false},
              {shutdown,5000},
              {child_type,supervisor}]
 (supervisor:report_progress/2:1557)
2023-05-02 16:27:45.802777+00:00 [debug] PROGRESS REPORT:
    supervisor: {local,httpd_acceptor_sup__127_0_0_1__9081default}
    started: [{pid,<0.1373.0>},
              {id,{httpd_acceptor_sup,{127,0,0,1},9081,default}},
              {mfargs,{httpd_acceptor,start_link,
                                      [httpd__127_0_0_1__9081default,ip_comm,
                                       {127,0,0,1},
                                       9081,inet,
                                       httpd_conf__127_0_0_1__9081default,
                                       15000]}},
              {restart_type,transient},
              {significant,false},
              {shutdown,brutal_kill},
              {child_type,worker}]
 (supervisor:report_progress/2:1557)
2023-05-02 16:27:45.802951+00:00 [debug] PROGRESS REPORT:
    supervisor: {local,httpd_instance_sup__127_0_0_1__9081default}
    started: [{pid,<0.1372.0>},
              {id,{httpd_acceptor_sup,{127,0,0,1},9081,default}},
              {mfargs,
                  {httpd_acceptor_sup,start_link,
                      [[{127,0,0,1},
                        9081,
                        [{bind_address,{127,0,0,1}},
                         {socket_type,ip_comm},
                         {port,9081},
                         {server_root,"run/mod_stats_prometheus/doc"},
                         {document_root,"run/mod_stats_prometheus/doc"},
                         {server_name,"Prometheus Exporter"},
                         {modules,[prometheus_httpd]}],
                        15000,undefined]]}},
              {restart_type,permanent},
              {significant,false},
              {shutdown,infinity},
              {child_type,supervisor}]
 (supervisor:report_progress/2:1557)
2023-05-02 16:27:45.803161+00:00 [debug] PROGRESS REPORT:
    supervisor: {local,httpd_instance_sup__127_0_0_1__9081default}
    started: [{pid,<0.1375.0>},
              {id,{httpd_misc_sup,{127,0,0,1},9081,default}},
              {mfargs,{httpd_misc_sup,start_link,[{127,0,0,1},9081,default]}},
              {restart_type,permanent},
              {significant,false},
              {shutdown,infinity},
              {child_type,supervisor}]
 (supervisor:report_progress/2:1557)
2023-05-02 16:27:45.803701+00:00 [debug] PROGRESS REPORT:
    supervisor: {local,httpd_instance_sup__127_0_0_1__9081default}
    started: [{pid,<0.1376.0>},
              {id,{httpd_manager,{127,0,0,1},9081,default}},
              {mfargs,
                  {httpd_manager,start_link,
                      [undefined,
                       [{bind_address,{127,0,0,1}},
                        {socket_type,ip_comm},
                        {port,9081},
                        {server_root,"run/mod_stats_prometheus/doc"},
                        {document_root,"run/mod_stats_prometheus/doc"},
                        {server_name,"Prometheus Exporter"},
                        {modules,[prometheus_httpd]}],
                       15000]}},
              {restart_type,permanent},
              {significant,false},
              {shutdown,4000},
              {child_type,worker}]
 (supervisor:report_progress/2:1557)
2023-05-02 16:27:45.803867+00:00 [debug] PROGRESS REPORT:
    supervisor: {local,httpd_sup}
    started: [{pid,<0.1370.0>},
              {id,{httpd_instance_sup,{127,0,0,1},9081,default}},
              {mfargs,
                  {httpd_instance_sup,start_link,
                      [[{bind_address,{127,0,0,1}},
                        {socket_type,ip_comm},
                        {port,9081},
                        {server_root,"run/mod_stats_prometheus/doc"},
                        {document_root,"run/mod_stats_prometheus/doc"},
                        {server_name,"Prometheus Exporter"},
                        {modules,[prometheus_httpd]}],
                       15000,[]]}},
              {restart_type,permanent},
              {significant,false},
              {shutdown,infinity},
              {child_type,supervisor}]
 (supervisor:report_progress/2:1557)
2023-05-02 16:27:45.804408+00:00 [info] Started mod_stats_prometheus (eturnal:start_modules/0:361)
2023-05-02 16:27:45.804577+00:00 [debug] Restarted modules (eturnal:reload/1:581)
2023-05-02 16:27:45.804770+00:00 [debug] eturnal call (reload) returned ok (eturnal_ctl:call/1:448)
2023-05-02 16:27:45.805595+00:00 [debug] Handling API call: reload() (eturnal_ctl:reload/0:199)
2023-05-02 16:27:45.812767+00:00 [debug] Calling mod_log_stun:options/0 (eturnal_module:options/1:192)
2023-05-02 16:27:45.812962+00:00 [debug] Calling mod_stats_influx:options/0 (eturnal_module:options/1:192)
2023-05-02 16:27:45.813124+00:00 [debug] Calling mod_stats_prometheus:options/0 (eturnal_module:options/1:192)
2023-05-02 16:27:45.814380+00:00 [debug] Keeping PEM file (run/cert.pem) (eturnal:check_pem_file/0:741)
2023-05-02 16:27:45.814568+00:00 [debug] TLS certificate unchanged (eturnal:reload/1:575)
2023-05-02 16:27:45.815037+00:00 [debug] Calling mod_log_stun:stop/1 (eturnal_module:stop/1:163)
2023-05-02 16:27:45.815491+00:00 [debug] Stopping mod_log_stun (mod_log_stun:stop/0:49)
2023-05-02 16:27:45.816273+00:00 [info] Stopped mod_log_stun (eturnal:stop_modules/1:374)
2023-05-02 16:27:45.816899+00:00 [debug] Calling mod_stats_influx:stop/1 (eturnal_module:stop/1:163)
2023-05-02 16:27:45.817070+00:00 [debug] Stopping mod_stats_influx (mod_stats_influx:stop/0:61)
2023-05-02 16:27:45.817253+00:00 [info] Stopped mod_stats_influx (eturnal:stop_modules/1:374)
2023-05-02 16:27:45.818317+00:00 [debug] Calling mod_stats_prometheus:stop/1 (eturnal_module:stop/1:163)
2023-05-02 16:27:45.818475+00:00 [debug] Stopping mod_stats_prometheus (mod_stats_prometheus:stop/0:110)
2023-05-02 16:27:45.820709+00:00 [info] Stopped mod_stats_prometheus (eturnal:stop_modules/1:374)
2023-05-02 16:27:45.821221+00:00 [debug] Calling mod_log_stun:start/0 (eturnal_module:start/1:143)
2023-05-02 16:27:45.821344+00:00 [debug] Starting mod_log_stun (mod_log_stun:start/0:38)
2023-05-02 16:27:45.823945+00:00 [info] Started mod_log_stun (eturnal:start_modules/0:361)
2023-05-02 16:27:45.824129+00:00 [debug] Calling mod_stats_influx:start/0 (eturnal_module:start/1:143)
2023-05-02 16:27:45.824263+00:00 [debug] Starting mod_stats_influx (mod_stats_influx:start/0:37)
2023-05-02 16:27:45.825829+00:00 [debug] Dependency influx_udp was available already (eturnal_module:ensure_dep/2:284)
2023-05-02 16:27:45.827237+00:00 [info]     host: {127,0,0,1}
    msg: Start clients pool
    options: #{host => "localhost",max_overflow => 1,pool_size => 1,
               port => 8089} (influx_udp:start_pool_/2:239)
2023-05-02 16:27:45.828509+00:00 [info] Started mod_stats_influx (eturnal:start_modules/0:361)
2023-05-02 16:27:45.828701+00:00 [debug] Calling mod_stats_prometheus:start/0 (eturnal_module:start/1:143)
2023-05-02 16:27:45.828893+00:00 [debug] Starting mod_stats_prometheus (mod_stats_prometheus:start/0:56)
2023-05-02 16:27:45.829070+00:00 [debug] Dependency prometheus_httpd was available already (eturnal_module:ensure_dep/2:284)
2023-05-02 16:27:45.830262+00:00 [debug] PROGRESS REPORT:
    supervisor: {local,httpd_instance_sup__127_0_0_1__9081default}
    started: [{pid,<0.1406.0>},
              {id,{httpd_connection_sup,{127,0,0,1},9081,default}},
              {mfargs,{httpd_connection_sup,start_link,[[{127,0,0,1},9081]]}},
              {restart_type,permanent},
              {significant,false},
              {shutdown,5000},
              {child_type,supervisor}]
 (supervisor:report_progress/2:1557)
2023-05-02 16:27:45.830947+00:00 [debug] PROGRESS REPORT:
    supervisor: {local,httpd_acceptor_sup__127_0_0_1__9081default}
    started: [{pid,<0.1409.0>},
              {id,{httpd_acceptor_sup,{127,0,0,1},9081,default}},
              {mfargs,{httpd_acceptor,start_link,
                                      [httpd__127_0_0_1__9081default,ip_comm,
                                       {127,0,0,1},
                                       9081,inet,
                                       httpd_conf__127_0_0_1__9081default,
                                       15000]}},
              {restart_type,transient},
              {significant,false},
              {shutdown,brutal_kill},
              {child_type,worker}]
 (supervisor:report_progress/2:1557)
2023-05-02 16:27:45.831116+00:00 [debug] PROGRESS REPORT:
    supervisor: {local,httpd_instance_sup__127_0_0_1__9081default}
    started: [{pid,<0.1407.0>},
              {id,{httpd_acceptor_sup,{127,0,0,1},9081,default}},
              {mfargs,
                  {httpd_acceptor_sup,start_link,
                      [[{127,0,0,1},
                        9081,
                        [{bind_address,{127,0,0,1}},
                         {socket_type,ip_comm},
                         {port,9081},
                         {server_root,"run/mod_stats_prometheus/doc"},
                         {document_root,"run/mod_stats_prometheus/doc"},
                         {server_name,"Prometheus Exporter"},
                         {modules,[prometheus_httpd]}],
                        15000,undefined]]}},
              {restart_type,permanent},
              {significant,false},
              {shutdown,infinity},
              {child_type,supervisor}]
 (supervisor:report_progress/2:1557)
2023-05-02 16:27:45.831294+00:00 [debug] PROGRESS REPORT:
    supervisor: {local,httpd_instance_sup__127_0_0_1__9081default}
    started: [{pid,<0.1410.0>},
              {id,{httpd_misc_sup,{127,0,0,1},9081,default}},
              {mfargs,{httpd_misc_sup,start_link,[{127,0,0,1},9081,default]}},
              {restart_type,permanent},
              {significant,false},
              {shutdown,infinity},
              {child_type,supervisor}]
 (supervisor:report_progress/2:1557)
2023-05-02 16:27:45.832582+00:00 [debug] PROGRESS REPORT:
    supervisor: {local,httpd_instance_sup__127_0_0_1__9081default}
    started: [{pid,<0.1411.0>},
              {id,{httpd_manager,{127,0,0,1},9081,default}},
              {mfargs,
                  {httpd_manager,start_link,
                      [undefined,
                       [{bind_address,{127,0,0,1}},
                        {socket_type,ip_comm},
                        {port,9081},
                        {server_root,"run/mod_stats_prometheus/doc"},
                        {document_root,"run/mod_stats_prometheus/doc"},
                        {server_name,"Prometheus Exporter"},
                        {modules,[prometheus_httpd]}],
                       15000]}},
              {restart_type,permanent},
              {significant,false},
              {shutdown,4000},
              {child_type,worker}]
 (supervisor:report_progress/2:1557)
2023-05-02 16:27:45.832758+00:00 [debug] PROGRESS REPORT:
    supervisor: {local,httpd_sup}
    started: [{pid,<0.1405.0>},
              {id,{httpd_instance_sup,{127,0,0,1},9081,default}},
              {mfargs,
                  {httpd_instance_sup,start_link,
                      [[{bind_address,{127,0,0,1}},
                        {socket_type,ip_comm},
                        {port,9081},
                        {server_root,"run/mod_stats_prometheus/doc"},
                        {document_root,"run/mod_stats_prometheus/doc"},
                        {server_name,"Prometheus Exporter"},
                        {modules,[prometheus_httpd]}],
                       15000,[]]}},
              {restart_type,permanent},
              {significant,false},
              {shutdown,infinity},
              {child_type,supervisor}]
 (supervisor:report_progress/2:1557)
2023-05-02 16:27:45.833598+00:00 [info] Started mod_stats_prometheus (eturnal:start_modules/0:361)
2023-05-02 16:27:45.833753+00:00 [debug] Restarted modules (eturnal:reload/1:581)
2023-05-02 16:27:45.833982+00:00 [debug] eturnal call (reload) returned ok (eturnal_ctl:call/1:448)
2023-05-02 16:27:45.859205+00:00 [info] Accepting connection: 127.0.0.1:38264 -> 127.0.0.1:34780 [TCP, session vic2j29f6xws] (stun_acceptor:accept/3:158)
2023-05-02 16:27:45.883013+00:00 [info] Accepting connection: 127.0.0.1:59576 -> 127.0.0.1:53490 [TLS, session o2nzgjynqtty] (stun_acceptor:accept/3:158)
2023-05-02 16:27:45.909252+00:00 [debug] Received:
#stun{class = request,method = 3,magic = 554869826,
      trid = 43904231638659537186239523494,raw = <<>>,unsupported = [],
      'ALTERNATE-SERVER' = undefined,'CHANNEL-NUMBER' = undefined,
      'DATA' = undefined,'DONT-FRAGMENT' = false,'ERROR-CODE' = undefined,
      'LIFETIME' = undefined,'MAPPED-ADDRESS' = undefined,
      'MESSAGE-INTEGRITY' = undefined,'NONCE' = undefined,'REALM' = undefined,
      'REQUESTED-ADDRESS-FAMILY' = undefined,
      'REQUESTED-TRANSPORT' = undefined,'SOFTWARE' = undefined,
      'UNKNOWN-ATTRIBUTES' = [],'USERNAME' = undefined,
      'XOR-MAPPED-ADDRESS' = undefined,'XOR-PEER-ADDRESS' = [],
      'XOR-RELAYED-ADDRESS' = undefined} (stun:udp_recv/5:112)
2023-05-02 16:27:45.909408+00:00 [debug] Sending:
#stun{class = error,method = 3,magic = 554869826,
      trid = 43904231638659537186239523494,raw = <<>>,unsupported = [],
      'ALTERNATE-SERVER' = undefined,'CHANNEL-NUMBER' = undefined,
      'DATA' = undefined,'DONT-FRAGMENT' = false,
      'ERROR-CODE' = {401,<<"Unauthorized">>},
      'LIFETIME' = undefined,'MAPPED-ADDRESS' = undefined,
      'MESSAGE-INTEGRITY' = undefined,'NONCE' = <<"2285836637">>,
      'REALM' = <<"eturnal.net">>,'REQUESTED-ADDRESS-FAMILY' = undefined,
      'REQUESTED-TRANSPORT' = undefined,'SOFTWARE' = <<"eturnal">>,
      'UNKNOWN-ATTRIBUTES' = [],'USERNAME' = undefined,
      'XOR-MAPPED-ADDRESS' = undefined,'XOR-PEER-ADDRESS' = [],
      'XOR-RELAYED-ADDRESS' = undefined} (stun:send/3:464)
2023-05-02 16:27:45.909788+00:00 [debug] Received:
#stun{class = request,method = 3,magic = 554869826,
      trid = 77295615786026929979029995946,
      raw = <<0,3,0,80,33,18,164,66,249,193,111,79,240,213,206,196,108,76,65,
              170,0,25,0,4,17,0,0,0,0,6,0,10,50,49,52,53,57,49,51,50,48,48,0,0,
              0,20,0,11,101,116,117,114,110,97,108,46,110,101,116,0,0,21,0,10,
              50,50,56,53,56,51,54,54,51,55,0,0>>,
      unsupported = [],'ALTERNATE-SERVER' = undefined,
      'CHANNEL-NUMBER' = undefined,'DATA' = undefined,'DONT-FRAGMENT' = false,
      'ERROR-CODE' = undefined,'LIFETIME' = undefined,
      'MAPPED-ADDRESS' = undefined,
      'MESSAGE-INTEGRITY' = <<191,129,244,220,62,181,226,123,12,8,1,154,57,12,
                              28,113,253,153,252,78>>,
      'NONCE' = <<"2285836637">>,'REALM' = <<"eturnal.net">>,
      'REQUESTED-ADDRESS-FAMILY' = undefined,'REQUESTED-TRANSPORT' = udp,
      'SOFTWARE' = undefined,'UNKNOWN-ATTRIBUTES' = [],
      'USERNAME' = <<"2145913200">>,'XOR-MAPPED-ADDRESS' = undefined,
      'XOR-PEER-ADDRESS' = [],'XOR-RELAYED-ADDRESS' = undefined} (stun:udp_recv/5:112)
2023-05-02 16:27:45.910059+00:00 [debug] Looking up password for: 2145913200 [UDP, session wpc6vsb5b7b0, user 2145913200, client 127.0.0.1:43844] (eturnal:get_password/2:238)
2023-05-02 16:27:45.910163+00:00 [info] Accepting long-term STUN/TURN authentication [UDP, session wpc6vsb5b7b0, user 2145913200, client 127.0.0.1:43844] (stun:process/2:255)
2023-05-02 16:27:45.910292+00:00 [debug] Running 'turn_session_start' hook [UDP, session wpc6vsb5b7b0, user 2145913200, client 127.0.0.1:43844] (turn:run_hook/3:740)
2023-05-02 16:27:45.910405+00:00 [debug] Got 'turn_session_start' event [UDP, session wpc6vsb5b7b0, user 2145913200, client 127.0.0.1:43844] (eturnal_module:handle_event/2:177)
2023-05-02 16:27:45.910472+00:00 [debug] Calling mod_stats_prometheus:handle_event/2 [UDP, session wpc6vsb5b7b0, user 2145913200, client 127.0.0.1:43844] (eturnal_module:handle_event/2:180)
2023-05-02 16:27:45.910536+00:00 [debug] Observing started TURN session wpc6vsb5b7b0 for Prometheus [UDP, session wpc6vsb5b7b0, user 2145913200, client 127.0.0.1:43844] (mod_stats_prometheus:on_turn_session_start/1:174)
2023-05-02 16:27:45.910757+00:00 [notice] Creating TURN allocation (lifetime: 599 seconds) [UDP, session wpc6vsb5b7b0, user 2145913200, client 127.0.0.1:43844, relay 127.0.0.1:55358] (turn:wait_for_allocate/2:219)
2023-05-02 16:27:45.910927+00:00 [debug] Sending:
#stun{class = response,method = 3,magic = 554869826,
      trid = 77295615786026929979029995946,raw = <<>>,unsupported = [],
      'ALTERNATE-SERVER' = undefined,'CHANNEL-NUMBER' = undefined,
      'DATA' = undefined,'DONT-FRAGMENT' = false,'ERROR-CODE' = undefined,
      'LIFETIME' = 599,'MAPPED-ADDRESS' = undefined,
      'MESSAGE-INTEGRITY' = undefined,'NONCE' = undefined,'REALM' = undefined,
      'REQUESTED-ADDRESS-FAMILY' = undefined,
      'REQUESTED-TRANSPORT' = undefined,'SOFTWARE' = <<"eturnal">>,
      'UNKNOWN-ATTRIBUTES' = [],'USERNAME' = undefined,
      'XOR-MAPPED-ADDRESS' = {{127,0,0,1},43844},
      'XOR-PEER-ADDRESS' = [],
      'XOR-RELAYED-ADDRESS' = {{127,0,0,1},55358}} (turn:send/2:542)
2023-05-02 16:27:45.911349+00:00 [debug] Received:
#stun{class = request,method = 4,magic = 554869826,
      trid = 49679600943325146779801952484,
      raw = <<0,4,0,80,33,18,164,66,160,134,0,179,140,93,132,187,213,81,32,228,
              0,6,0,10,50,49,52,53,57,49,51,50,48,48,0,0,0,20,0,11,101,116,117,
              114,110,97,108,46,110,101,116,0,0,21,0,10,50,50,56,53,56,51,54,
              54,51,55,0,0,0,13,0,4,0,0,0,0>>,
      unsupported = [],'ALTERNATE-SERVER' = undefined,
      'CHANNEL-NUMBER' = undefined,'DATA' = undefined,'DONT-FRAGMENT' = false,
      'ERROR-CODE' = undefined,'LIFETIME' = 0,'MAPPED-ADDRESS' = undefined,
      'MESSAGE-INTEGRITY' = <<58,128,43,13,145,127,42,71,65,227,225,45,166,158,
                              165,75,197,25,211,4>>,
      'NONCE' = <<"2285836637">>,'REALM' = <<"eturnal.net">>,
      'REQUESTED-ADDRESS-FAMILY' = undefined,
      'REQUESTED-TRANSPORT' = undefined,'SOFTWARE' = undefined,
      'UNKNOWN-ATTRIBUTES' = [],'USERNAME' = <<"2145913200">>,
      'XOR-MAPPED-ADDRESS' = undefined,'XOR-PEER-ADDRESS' = [],
      'XOR-RELAYED-ADDRESS' = undefined} (stun:udp_recv/5:112)
2023-05-02 16:27:45.911489+00:00 [debug] Looking up password for: 2145913200 [UDP, session 6djst1q7yiou, user 2145913200, client 127.0.0.1:43844] (eturnal:get_password/2:238)
2023-05-02 16:27:45.911577+00:00 [info] Accepting long-term STUN/TURN authentication [UDP, session 6djst1q7yiou, user 2145913200, client 127.0.0.1:43844] (stun:process/2:255)
2023-05-02 16:27:45.911668+00:00 [info] Client requested closing the TURN session [UDP, session wpc6vsb5b7b0, user 2145913200, client 127.0.0.1:43844, relay 127.0.0.1:55358] (turn:active/2:278)
2023-05-02 16:27:45.911814+00:00 [debug] Sending:
#stun{class = response,method = 4,magic = 554869826,
      trid = 49679600943325146779801952484,raw = <<>>,unsupported = [],
      'ALTERNATE-SERVER' = undefined,'CHANNEL-NUMBER' = undefined,
      'DATA' = undefined,'DONT-FRAGMENT' = false,'ERROR-CODE' = undefined,
      'LIFETIME' = 0,'MAPPED-ADDRESS' = undefined,
      'MESSAGE-INTEGRITY' = undefined,'NONCE' = undefined,'REALM' = undefined,
      'REQUESTED-ADDRESS-FAMILY' = undefined,
      'REQUESTED-TRANSPORT' = undefined,'SOFTWARE' = <<"eturnal">>,
      'UNKNOWN-ATTRIBUTES' = [],'USERNAME' = undefined,
      'XOR-MAPPED-ADDRESS' = undefined,'XOR-PEER-ADDRESS' = [],
      'XOR-RELAYED-ADDRESS' = undefined} (turn:send/2:542)
2023-05-02 16:27:45.912059+00:00 [info] Deleting TURN allocation [UDP, session wpc6vsb5b7b0, user 2145913200, client 127.0.0.1:43844, relay 127.0.0.1:55358] (turn:terminate/3:475)
2023-05-02 16:27:45.912162+00:00 [notice] Relayed 0 KiB (in 0 B / 0 packets, out 0 B / 0 packets), duration: 0 seconds [UDP, session wpc6vsb5b7b0, user 2145913200, client 127.0.0.1:43844, relay 127.0.0.1:55358] (turn:terminate/3:482)
2023-05-02 16:27:45.912220+00:00 [debug] Running 'turn_session_stop' hook [UDP, session wpc6vsb5b7b0, user 2145913200, client 127.0.0.1:43844, relay 127.0.0.1:55358] (turn:run_hook/3:740)
2023-05-02 16:27:45.912283+00:00 [debug] Got 'turn_session_stop' event [UDP, session wpc6vsb5b7b0, user 2145913200, client 127.0.0.1:43844, relay 127.0.0.1:55358] (eturnal_module:handle_event/2:177)
2023-05-02 16:27:45.912359+00:00 [debug] Calling mod_stats_influx:handle_event/2 [UDP, session wpc6vsb5b7b0, user 2145913200, client 127.0.0.1:43844, relay 127.0.0.1:55358] (eturnal_module:handle_event/2:180)
2023-05-02 16:27:45.912445+00:00 [debug] Writing stats of TURN session wpc6vsb5b7b0 to InfluxDB [UDP, session wpc6vsb5b7b0, user 2145913200, client 127.0.0.1:43844, relay 127.0.0.1:55358] (mod_stats_influx:on_turn_session_stop/1:87)
2023-05-02 16:27:45.912620+00:00 [debug] Calling mod_stats_prometheus:handle_event/2 [UDP, session wpc6vsb5b7b0, user 2145913200, client 127.0.0.1:43844, relay 127.0.0.1:55358] (eturnal_module:handle_event/2:180)
2023-05-02 16:27:45.912704+00:00 [debug] Observing stopped TURN session wpc6vsb5b7b0 for Prometheus [UDP, session wpc6vsb5b7b0, user 2145913200, client 127.0.0.1:43844, relay 127.0.0.1:55358] (mod_stats_prometheus:on_turn_session_stop/1:187)
2023-05-02 16:27:45.938338+00:00 [debug] Received:
#stun{class = request,method = 1,magic = 554869826,
      trid = 24928345241826238915411994591,raw = <<>>,unsupported = [],
      'ALTERNATE-SERVER' = undefined,'CHANNEL-NUMBER' = undefined,
      'DATA' = undefined,'DONT-FRAGMENT' = false,'ERROR-CODE' = undefined,
      'LIFETIME' = undefined,'MAPPED-ADDRESS' = undefined,
      'MESSAGE-INTEGRITY' = undefined,'NONCE' = undefined,'REALM' = undefined,
      'REQUESTED-ADDRESS-FAMILY' = undefined,
      'REQUESTED-TRANSPORT' = undefined,'SOFTWARE' = undefined,
      'UNKNOWN-ATTRIBUTES' = [],'USERNAME' = undefined,
      'XOR-MAPPED-ADDRESS' = undefined,'XOR-PEER-ADDRESS' = [],
      'XOR-RELAYED-ADDRESS' = undefined} (stun:udp_recv/5:112)
2023-05-02 16:27:45.938480+00:00 [debug] Responding to STUN request [UDP, session 93j1g47vyam2, anonymous, client 127.0.0.1:54650] (stun:process/4:323)
2023-05-02 16:27:45.938530+00:00 [debug] Running 'stun_query' hook [UDP, session 93j1g47vyam2, anonymous, client 127.0.0.1:54650] (stun:run_hook/3:843)
2023-05-02 16:27:45.938589+00:00 [debug] Got 'stun_query' event [UDP, session 93j1g47vyam2, anonymous, client 127.0.0.1:54650] (eturnal_module:handle_event/2:177)
2023-05-02 16:27:45.938644+00:00 [debug] Calling mod_log_stun:handle_event/2 [UDP, session 93j1g47vyam2, anonymous, client 127.0.0.1:54650] (eturnal_module:handle_event/2:180)
2023-05-02 16:27:45.938701+00:00 [info] Responding to STUN request [UDP, session 93j1g47vyam2, anonymous, client 127.0.0.1:54650] (mod_log_stun:handle_event/2:44)
2023-05-02 16:27:45.938765+00:00 [debug] Calling mod_stats_influx:handle_event/2 [UDP, session 93j1g47vyam2, anonymous, client 127.0.0.1:54650] (eturnal_module:handle_event/2:180)
2023-05-02 16:27:45.938888+00:00 [debug] Writing STUN query event to InfluxDB [UDP, session 93j1g47vyam2, anonymous, client 127.0.0.1:54650] (mod_stats_influx:on_stun_query/1:76)
2023-05-02 16:27:45.939123+00:00 [debug] Calling mod_stats_prometheus:handle_event/2 [UDP, session 93j1g47vyam2, anonymous, client 127.0.0.1:54650] (eturnal_module:handle_event/2:180)
2023-05-02 16:27:45.939193+00:00 [debug] Observing STUN query for Prometheus [UDP, session 93j1g47vyam2, anonymous, client 127.0.0.1:54650] (mod_stats_prometheus:on_stun_query/1:166)
2023-05-02 16:27:45.939333+00:00 [debug] Sending:
#stun{class = response,method = 1,magic = 554869826,
      trid = 24928345241826238915411994591,raw = <<>>,unsupported = [],
      'ALTERNATE-SERVER' = undefined,'CHANNEL-NUMBER' = undefined,
      'DATA' = undefined,'DONT-FRAGMENT' = false,'ERROR-CODE' = undefined,
      'LIFETIME' = undefined,'MAPPED-ADDRESS' = undefined,
      'MESSAGE-INTEGRITY' = undefined,'NONCE' = undefined,'REALM' = undefined,
      'REQUESTED-ADDRESS-FAMILY' = undefined,
      'REQUESTED-TRANSPORT' = undefined,'SOFTWARE' = <<"eturnal">>,
      'UNKNOWN-ATTRIBUTES' = [],'USERNAME' = undefined,
      'XOR-MAPPED-ADDRESS' = {{127,0,0,1},54650},
      'XOR-PEER-ADDRESS' = [],'XOR-RELAYED-ADDRESS' = undefined} (stun:send/3:464)
2023-05-02 16:27:45.965232+00:00 [info] Accepting connection: 127.0.0.1:38272 -> 127.0.0.1:34780 [TCP, session 5jjugpj7m304] (stun_acceptor:accept/3:158)
2023-05-02 16:27:45.965553+00:00 [debug] Received:
#stun{class = request,method = 1,magic = 554869826,
      trid = 68196661301400729844495454112,raw = <<>>,unsupported = [],
      'ALTERNATE-SERVER' = undefined,'CHANNEL-NUMBER' = undefined,
      'DATA' = undefined,'DONT-FRAGMENT' = false,'ERROR-CODE' = undefined,
      'LIFETIME' = undefined,'MAPPED-ADDRESS' = undefined,
      'MESSAGE-INTEGRITY' = undefined,'NONCE' = undefined,'REALM' = undefined,
      'REQUESTED-ADDRESS-FAMILY' = undefined,
      'REQUESTED-TRANSPORT' = undefined,'SOFTWARE' = undefined,
      'UNKNOWN-ATTRIBUTES' = [],'USERNAME' = undefined,
      'XOR-MAPPED-ADDRESS' = undefined,'XOR-PEER-ADDRESS' = [],
      'XOR-RELAYED-ADDRESS' = undefined} (stun:process_data/3:421)
2023-05-02 16:27:45.965694+00:00 [debug] Responding to STUN request [TCP, session 5jjugpj7m304, anonymous, client 127.0.0.1:38272] (stun:process/4:323)
2023-05-02 16:27:45.965765+00:00 [debug] Running 'stun_query' hook [TCP, session 5jjugpj7m304, anonymous, client 127.0.0.1:38272] (stun:run_hook/3:843)
2023-05-02 16:27:45.965830+00:00 [debug] Got 'stun_query' event [TCP, session 5jjugpj7m304, anonymous, client 127.0.0.1:38272] (eturnal_module:handle_event/2:177)
2023-05-02 16:27:45.965882+00:00 [debug] Calling mod_log_stun:handle_event/2 [TCP, session 5jjugpj7m304, anonymous, client 127.0.0.1:38272] (eturnal_module:handle_event/2:180)
2023-05-02 16:27:45.965935+00:00 [info] Responding to STUN request [TCP, session 5jjugpj7m304, anonymous, client 127.0.0.1:38272] (mod_log_stun:handle_event/2:44)
2023-05-02 16:27:45.965985+00:00 [debug] Calling mod_stats_influx:handle_event/2 [TCP, session 5jjugpj7m304, anonymous, client 127.0.0.1:38272] (eturnal_module:handle_event/2:180)
2023-05-02 16:27:45.966025+00:00 [debug] Writing STUN query event to InfluxDB [TCP, session 5jjugpj7m304, anonymous, client 127.0.0.1:38272] (mod_stats_influx:on_stun_query/1:76)
2023-05-02 16:27:45.966207+00:00 [debug] Calling mod_stats_prometheus:handle_event/2 [TCP, session 5jjugpj7m304, anonymous, client 127.0.0.1:38272] (eturnal_module:handle_event/2:180)
2023-05-02 16:27:45.966298+00:00 [debug] Observing STUN query for Prometheus [TCP, session 5jjugpj7m304, anonymous, client 127.0.0.1:38272] (mod_stats_prometheus:on_stun_query/1:166)
2023-05-02 16:27:45.966449+00:00 [debug] Sending:
#stun{class = response,method = 1,magic = 554869826,
      trid = 68196661301400729844495454112,raw = <<>>,unsupported = [],
      'ALTERNATE-SERVER' = undefined,'CHANNEL-NUMBER' = undefined,
      'DATA' = undefined,'DONT-FRAGMENT' = false,'ERROR-CODE' = undefined,
      'LIFETIME' = undefined,'MAPPED-ADDRESS' = undefined,
      'MESSAGE-INTEGRITY' = undefined,'NONCE' = undefined,'REALM' = undefined,
      'REQUESTED-ADDRESS-FAMILY' = undefined,
      'REQUESTED-TRANSPORT' = undefined,'SOFTWARE' = <<"P1 STUN library">>,
      'UNKNOWN-ATTRIBUTES' = [],'USERNAME' = undefined,
      'XOR-MAPPED-ADDRESS' = {{127,0,0,1},38272},
      'XOR-PEER-ADDRESS' = [],'XOR-RELAYED-ADDRESS' = undefined} (stun:send/3:464)
2023-05-02 16:27:45.966850+00:00 [info] Connection reset by peer [TCP, session 5jjugpj7m304, anonymous, client 127.0.0.1:38272] (stun:handle_info/3:174)
2023-05-02 16:27:45.992373+00:00 [info] Accepting connection: 127.0.0.1:59580 -> 127.0.0.1:53490 [TLS, session 3i0sjof8ubkj] (stun_acceptor:accept/3:158)
2023-05-02 16:27:47.001230+00:00 [debug] Received:
#stun{class = request,method = 1,magic = 554869826,
      trid = 40694089306736258789612125549,raw = <<>>,unsupported = [],
      'ALTERNATE-SERVER' = undefined,'CHANNEL-NUMBER' = undefined,
      'DATA' = undefined,'DONT-FRAGMENT' = false,'ERROR-CODE' = undefined,
      'LIFETIME' = undefined,'MAPPED-ADDRESS' = undefined,
      'MESSAGE-INTEGRITY' = undefined,'NONCE' = undefined,'REALM' = undefined,
      'REQUESTED-ADDRESS-FAMILY' = undefined,
      'REQUESTED-TRANSPORT' = undefined,'SOFTWARE' = undefined,
      'UNKNOWN-ATTRIBUTES' = [],'USERNAME' = undefined,
      'XOR-MAPPED-ADDRESS' = undefined,'XOR-PEER-ADDRESS' = [],
      'XOR-RELAYED-ADDRESS' = undefined} (stun:process_data/3:421)
2023-05-02 16:27:47.001563+00:00 [debug] Responding to STUN request [TLS, session 3i0sjof8ubkj, anonymous, client 127.0.0.1:59580] (stun:process/4:323)
2023-05-02 16:27:47.001904+00:00 [debug] Running 'stun_query' hook [TLS, session 3i0sjof8ubkj, anonymous, client 127.0.0.1:59580] (stun:run_hook/3:843)
2023-05-02 16:27:47.002240+00:00 [debug] Got 'stun_query' event [TLS, session 3i0sjof8ubkj, anonymous, client 127.0.0.1:59580] (eturnal_module:handle_event/2:177)
2023-05-02 16:27:47.002312+00:00 [debug] Calling mod_log_stun:handle_event/2 [TLS, session 3i0sjof8ubkj, anonymous, client 127.0.0.1:59580] (eturnal_module:handle_event/2:180)
2023-05-02 16:27:47.002380+00:00 [info] Responding to STUN request [TLS, session 3i0sjof8ubkj, anonymous, client 127.0.0.1:59580] (mod_log_stun:handle_event/2:44)
2023-05-02 16:27:47.002444+00:00 [debug] Calling mod_stats_influx:handle_event/2 [TLS, session 3i0sjof8ubkj, anonymous, client 127.0.0.1:59580] (eturnal_module:handle_event/2:180)
2023-05-02 16:27:47.002505+00:00 [debug] Writing STUN query event to InfluxDB [TLS, session 3i0sjof8ubkj, anonymous, client 127.0.0.1:59580] (mod_stats_influx:on_stun_query/1:76)
2023-05-02 16:27:47.002759+00:00 [debug] Calling mod_stats_prometheus:handle_event/2 [TLS, session 3i0sjof8ubkj, anonymous, client 127.0.0.1:59580] (eturnal_module:handle_event/2:180)
2023-05-02 16:27:47.002832+00:00 [debug] Observing STUN query for Prometheus [TLS, session 3i0sjof8ubkj, anonymous, client 127.0.0.1:59580] (mod_stats_prometheus:on_stun_query/1:166)
2023-05-02 16:27:47.002991+00:00 [debug] Sending:
#stun{class = response,method = 1,magic = 554869826,
      trid = 40694089306736258789612125549,raw = <<>>,unsupported = [],
      'ALTERNATE-SERVER' = undefined,'CHANNEL-NUMBER' = undefined,
      'DATA' = undefined,'DONT-FRAGMENT' = false,'ERROR-CODE' = undefined,
      'LIFETIME' = undefined,'MAPPED-ADDRESS' = undefined,
      'MESSAGE-INTEGRITY' = undefined,'NONCE' = undefined,'REALM' = undefined,
      'REQUESTED-ADDRESS-FAMILY' = undefined,
      'REQUESTED-TRANSPORT' = undefined,'SOFTWARE' = <<"P1 STUN library">>,
      'UNKNOWN-ATTRIBUTES' = [],'USERNAME' = undefined,
      'XOR-MAPPED-ADDRESS' = {{127,0,0,1},59580},
      'XOR-PEER-ADDRESS' = [],'XOR-RELAYED-ADDRESS' = undefined} (stun:send/3:464)
2023-05-02 16:27:47.003526+00:00 [info] Connection reset by peer [TLS, session 3i0sjof8ubkj, anonymous, client 127.0.0.1:59580] (stun:handle_info/3:174)
2023-05-02 16:27:47.029219+00:00 [info] Accepting connection: 127.0.0.1:34080 -> 127.0.0.1:34781 [TCP|TLS, session 78pg2r31mpvr] (stun_acceptor:accept/3:158)
2023-05-02 16:27:47.029394+00:00 [debug] Determined transport protocol: TCP (stun:is_tls_handshake/1:789)
2023-05-02 16:27:47.029775+00:00 [debug] Received:
#stun{class = request,method = 1,magic = 554869826,
      trid = 39685999999002350575304089143,raw = <<>>,unsupported = [],
      'ALTERNATE-SERVER' = undefined,'CHANNEL-NUMBER' = undefined,
      'DATA' = undefined,'DONT-FRAGMENT' = false,'ERROR-CODE' = undefined,
      'LIFETIME' = undefined,'MAPPED-ADDRESS' = undefined,
      'MESSAGE-INTEGRITY' = undefined,'NONCE' = undefined,'REALM' = undefined,
      'REQUESTED-ADDRESS-FAMILY' = undefined,
      'REQUESTED-TRANSPORT' = undefined,'SOFTWARE' = undefined,
      'UNKNOWN-ATTRIBUTES' = [],'USERNAME' = undefined,
      'XOR-MAPPED-ADDRESS' = undefined,'XOR-PEER-ADDRESS' = [],
      'XOR-RELAYED-ADDRESS' = undefined} (stun:process_data/3:421)
2023-05-02 16:27:47.029888+00:00 [debug] Responding to STUN request [TCP, session 78pg2r31mpvr, anonymous, client 127.0.0.1:34080] (stun:process/4:323)
2023-05-02 16:27:47.029946+00:00 [debug] Running 'stun_query' hook [TCP, session 78pg2r31mpvr, anonymous, client 127.0.0.1:34080] (stun:run_hook/3:843)
2023-05-02 16:27:47.029997+00:00 [debug] Got 'stun_query' event [TCP, session 78pg2r31mpvr, anonymous, client 127.0.0.1:34080] (eturnal_module:handle_event/2:177)
2023-05-02 16:27:47.030058+00:00 [debug] Calling mod_log_stun:handle_event/2 [TCP, session 78pg2r31mpvr, anonymous, client 127.0.0.1:34080] (eturnal_module:handle_event/2:180)
2023-05-02 16:27:47.030123+00:00 [info] Responding to STUN request [TCP, session 78pg2r31mpvr, anonymous, client 127.0.0.1:34080] (mod_log_stun:handle_event/2:44)
2023-05-02 16:27:47.030175+00:00 [debug] Calling mod_stats_influx:handle_event/2 [TCP, session 78pg2r31mpvr, anonymous, client 127.0.0.1:34080] (eturnal_module:handle_event/2:180)
2023-05-02 16:27:47.030216+00:00 [debug] Writing STUN query event to InfluxDB [TCP, session 78pg2r31mpvr, anonymous, client 127.0.0.1:34080] (mod_stats_influx:on_stun_query/1:76)
2023-05-02 16:27:47.030447+00:00 [debug] Calling mod_stats_prometheus:handle_event/2 [TCP, session 78pg2r31mpvr, anonymous, client 127.0.0.1:34080] (eturnal_module:handle_event/2:180)
2023-05-02 16:27:47.030526+00:00 [debug] Observing STUN query for Prometheus [TCP, session 78pg2r31mpvr, anonymous, client 127.0.0.1:34080] (mod_stats_prometheus:on_stun_query/1:166)
2023-05-02 16:27:47.030804+00:00 [debug] Sending:
#stun{class = response,method = 1,magic = 554869826,
      trid = 39685999999002350575304089143,raw = <<>>,unsupported = [],
      'ALTERNATE-SERVER' = undefined,'CHANNEL-NUMBER' = undefined,
      'DATA' = undefined,'DONT-FRAGMENT' = false,'ERROR-CODE' = undefined,
      'LIFETIME' = undefined,'MAPPED-ADDRESS' = undefined,
      'MESSAGE-INTEGRITY' = undefined,'NONCE' = undefined,'REALM' = undefined,
      'REQUESTED-ADDRESS-FAMILY' = undefined,
      'REQUESTED-TRANSPORT' = undefined,'SOFTWARE' = <<"P1 STUN library">>,
      'UNKNOWN-ATTRIBUTES' = [],'USERNAME' = undefined,
      'XOR-MAPPED-ADDRESS' = {{127,0,0,1},34080},
      'XOR-PEER-ADDRESS' = [],'XOR-RELAYED-ADDRESS' = undefined} (stun:send/3:464)
2023-05-02 16:27:47.031073+00:00 [info] Connection reset by peer [TCP, session 78pg2r31mpvr, anonymous, client 127.0.0.1:34080] (stun:handle_info/3:174)
2023-05-02 16:27:47.058257+00:00 [info] Accepting connection: 127.0.0.1:34082 -> 127.0.0.1:34781 [TCP|TLS, session 77r46oiebc3g] (stun_acceptor:accept/3:158)
2023-05-02 16:27:47.058512+00:00 [debug] Determined transport protocol: TLS (stun:is_tls_handshake/1:786)
2023-05-02 16:27:48.068190+00:00 [debug] Received:
#stun{class = request,method = 1,magic = 554869826,
      trid = 19690770674440927483327791770,raw = <<>>,unsupported = [],
      'ALTERNATE-SERVER' = undefined,'CHANNEL-NUMBER' = undefined,
      'DATA' = undefined,'DONT-FRAGMENT' = false,'ERROR-CODE' = undefined,
      'LIFETIME' = undefined,'MAPPED-ADDRESS' = undefined,
      'MESSAGE-INTEGRITY' = undefined,'NONCE' = undefined,'REALM' = undefined,
      'REQUESTED-ADDRESS-FAMILY' = undefined,
      'REQUESTED-TRANSPORT' = undefined,'SOFTWARE' = undefined,
      'UNKNOWN-ATTRIBUTES' = [],'USERNAME' = undefined,
      'XOR-MAPPED-ADDRESS' = undefined,'XOR-PEER-ADDRESS' = [],
      'XOR-RELAYED-ADDRESS' = undefined} (stun:process_data/3:421)
2023-05-02 16:27:48.068415+00:00 [debug] Responding to STUN request [TLS, session 77r46oiebc3g, anonymous, client 127.0.0.1:34082] (stun:process/4:323)
2023-05-02 16:27:48.068471+00:00 [debug] Running 'stun_query' hook [TLS, session 77r46oiebc3g, anonymous, client 127.0.0.1:34082] (stun:run_hook/3:843)
2023-05-02 16:27:48.068522+00:00 [debug] Got 'stun_query' event [TLS, session 77r46oiebc3g, anonymous, client 127.0.0.1:34082] (eturnal_module:handle_event/2:177)
2023-05-02 16:27:48.068583+00:00 [debug] Calling mod_log_stun:handle_event/2 [TLS, session 77r46oiebc3g, anonymous, client 127.0.0.1:34082] (eturnal_module:handle_event/2:180)
2023-05-02 16:27:48.068645+00:00 [info] Responding to STUN request [TLS, session 77r46oiebc3g, anonymous, client 127.0.0.1:34082] (mod_log_stun:handle_event/2:44)
2023-05-02 16:27:48.068698+00:00 [debug] Calling mod_stats_influx:handle_event/2 [TLS, session 77r46oiebc3g, anonymous, client 127.0.0.1:34082] (eturnal_module:handle_event/2:180)
2023-05-02 16:27:48.068746+00:00 [debug] Writing STUN query event to InfluxDB [TLS, session 77r46oiebc3g, anonymous, client 127.0.0.1:34082] (mod_stats_influx:on_stun_query/1:76)
2023-05-02 16:27:48.068963+00:00 [debug] Calling mod_stats_prometheus:handle_event/2 [TLS, session 77r46oiebc3g, anonymous, client 127.0.0.1:34082] (eturnal_module:handle_event/2:180)
2023-05-02 16:27:48.069050+00:00 [debug] Observing STUN query for Prometheus [TLS, session 77r46oiebc3g, anonymous, client 127.0.0.1:34082] (mod_stats_prometheus:on_stun_query/1:166)
2023-05-02 16:27:48.069186+00:00 [debug] Sending:
#stun{class = response,method = 1,magic = 554869826,
      trid = 19690770674440927483327791770,raw = <<>>,unsupported = [],
      'ALTERNATE-SERVER' = undefined,'CHANNEL-NUMBER' = undefined,
      'DATA' = undefined,'DONT-FRAGMENT' = false,'ERROR-CODE' = undefined,
      'LIFETIME' = undefined,'MAPPED-ADDRESS' = undefined,
      'MESSAGE-INTEGRITY' = undefined,'NONCE' = undefined,'REALM' = undefined,
      'REQUESTED-ADDRESS-FAMILY' = undefined,
      'REQUESTED-TRANSPORT' = undefined,'SOFTWARE' = <<"P1 STUN library">>,
      'UNKNOWN-ATTRIBUTES' = [],'USERNAME' = undefined,
      'XOR-MAPPED-ADDRESS' = {{127,0,0,1},34082},
      'XOR-PEER-ADDRESS' = [],'XOR-RELAYED-ADDRESS' = undefined} (stun:send/3:464)
2023-05-02 16:27:48.069513+00:00 [info] Connection reset by peer [TLS, session 77r46oiebc3g, anonymous, client 127.0.0.1:34082] (stun:handle_info/3:174)
2023-05-02 16:27:48.094133+00:00 [debug] Terminating eturnal (shutdown) (eturnal:terminate/2:179)
2023-05-02 16:27:48.094103+00:00 [debug] No NOTIFY_SOCKET, dropping STOPPING=1 notification (eturnal_systemd:handle_cast/2:110)
2023-05-02 16:27:48.094635+00:00 [info] Stopped listening on 127.0.0.1:34780 (udp) (eturnal:stop_listeners/1:417)
2023-05-02 16:27:48.094756+00:00 [debug] Watchdog interval is undefined, hibernating (eturnal_systemd:get_timeout/1:163)
2023-05-02 16:27:48.095192+00:00 [info] Stopped listening on 127.0.0.1:34780 (tcp) (eturnal:stop_listeners/1:417)
2023-05-02 16:27:48.095463+00:00 [info] Stopped listening on 127.0.0.1:53490 (tls) (eturnal:stop_listeners/1:417)
2023-05-02 16:27:48.095673+00:00 [info] Stopped listening on 127.0.0.1:34781 (auto) (eturnal:stop_listeners/1:417)
2023-05-02 16:27:48.096123+00:00 [debug] Calling mod_log_stun:stop/1 (eturnal_module:stop/1:163)
2023-05-02 16:27:48.096560+00:00 [debug] Stopping mod_log_stun (mod_log_stun:stop/0:49)
2023-05-02 16:27:48.097185+00:00 [info] Stopped mod_log_stun (eturnal:stop_modules/1:374)
2023-05-02 16:27:48.097715+00:00 [debug] Calling mod_stats_influx:stop/1 (eturnal_module:stop/1:163)
2023-05-02 16:27:48.097858+00:00 [debug] Stopping mod_stats_influx (mod_stats_influx:stop/0:61)
2023-05-02 16:27:48.098037+00:00 [info] Stopped mod_stats_influx (eturnal:stop_modules/1:374)
2023-05-02 16:27:48.099695+00:00 [debug] Calling mod_stats_prometheus:stop/1 (eturnal_module:stop/1:163)
2023-05-02 16:27:48.099899+00:00 [debug] Stopping mod_stats_prometheus (mod_stats_prometheus:stop/0:110)
2023-05-02 16:27:48.101306+00:00 [info] Stopped mod_stats_prometheus (eturnal:stop_modules/1:374)
2023-05-02 16:27:48.101975+00:00 [debug] Removed run/cert.pem (eturnal:clean_run_dir/0:810)
2023-05-02 16:27:48.102554+00:00 [debug] Terminating eturnal_systemd (shutdown) (eturnal_systemd:terminate/2:137)
2023-05-02 16:27:48.102941+00:00 [notice] Stopping eturnal 1.10.1 on Erlang/OTP 25 (ERTS 13.2) (eturnal_app:stop/1:53)
