=== Suite started at 2021-12-16 13:57:25
=== Starting test, 16 test cases
=cases         16
=user          runner
=host          nohost
=hosts         nohost 
=emulator_vsn  12.1.5
=emulator      beam
=otp_release   24
=started       2021-12-16 13:57:25
=case          eturnal_SUITE:init_per_suite
=logfile       eturnal_suite.init_per_suite.html
=started       2021-12-16 13:57:25
=ended         2021-12-16 13:57:25
=result        ok
=elapsed       0.0
=case          eturnal_SUITE:start_eturnal
=logfile       eturnal_suite.start_eturnal.html
=started       2021-12-16 13:57:25
=ended         2021-12-16 13:57:26
=result        ok
=elapsed       1.552953
=case          eturnal_SUITE:check_info
=logfile       eturnal_suite.check_info.html
=started       2021-12-16 13:57:26
=ended         2021-12-16 13:57:26
=result        ok
=elapsed       7.65e-4
=case          eturnal_SUITE:check_sessions
=logfile       eturnal_suite.check_sessions.html
=started       2021-12-16 13:57:26
=ended         2021-12-16 13:57:26
=result        ok
=elapsed       1.56e-4
=case          eturnal_SUITE:check_credentials
=logfile       eturnal_suite.check_credentials.html
=started       2021-12-16 13:57:26
=ended         2021-12-16 13:57:26
=result        ok
=elapsed       0.007707
=case          eturnal_SUITE:check_loglevel
=logfile       eturnal_suite.check_loglevel.html
=started       2021-12-16 13:57:26
=ended         2021-12-16 13:57:26
=result        ok
=elapsed       6.33e-4
=case          eturnal_SUITE:check_version
=logfile       eturnal_suite.check_version.html
=started       2021-12-16 13:57:26
=ended         2021-12-16 13:57:26
=result        ok
=elapsed       3.25e-4
=case          eturnal_SUITE:reload
=logfile       eturnal_suite.reload.html
=started       2021-12-16 13:57:26
=ended         2021-12-16 13:57:26
=result        ok
=elapsed       0.002265
=case          eturnal_SUITE:connect_tcp
=logfile       eturnal_suite.connect_tcp.html
=started       2021-12-16 13:57:26
=ended         2021-12-16 13:57:26
=result        ok
=elapsed       3.32e-4
=case          eturnal_SUITE:connect_tls
=logfile       eturnal_suite.connect_tls.html
=started       2021-12-16 13:57:26
=ended         2021-12-16 13:57:26
=result        ok
=elapsed       0.005078
=case          eturnal_SUITE:turn_udp
=logfile       eturnal_suite.turn_udp.html
=started       2021-12-16 13:57:26
=ended         2021-12-16 13:57:27
=result        ok
=elapsed       0.009091
=case          eturnal_SUITE:stun_udp
=logfile       eturnal_suite.stun_udp.html
=started       2021-12-16 13:57:27
=ended         2021-12-16 13:57:27
=result        ok
=elapsed       9.88e-4
=case          eturnal_SUITE:stun_tcp
=logfile       eturnal_suite.stun_tcp.html
=started       2021-12-16 13:57:27
=ended         2021-12-16 13:57:27
=result        ok
=elapsed       0.001454
=case          eturnal_SUITE:stun_tls
=logfile       eturnal_suite.stun_tls.html
=started       2021-12-16 13:57:27
=ended         2021-12-16 13:57:27
=result        ok
=elapsed       0.109799
=case          eturnal_SUITE:stun_tcp_auto
=logfile       eturnal_suite.stun_tcp_auto.html
=started       2021-12-16 13:57:27
=ended         2021-12-16 13:57:27
=result        ok
=elapsed       0.001462
=case          eturnal_SUITE:stun_tls_auto
=logfile       eturnal_suite.stun_tls_auto.html
=started       2021-12-16 13:57:27
=ended         2021-12-16 13:57:27
=result        ok
=elapsed       0.108734
=case          eturnal_SUITE:stop_eturnal
=logfile       eturnal_suite.stop_eturnal.html
=started       2021-12-16 13:57:27
=ended         2021-12-16 13:57:27
=result        ok
=elapsed       0.00571
=case          eturnal_SUITE:end_per_suite
=logfile       eturnal_suite.end_per_suite.html
=started       2021-12-16 13:57:27
=ended         2021-12-16 13:57:27
=result        ok
=elapsed       0.0
=group_time    2.233s
=== TEST COMPLETE, 16 ok, 0 failed of 16 test cases

=finished      2021-12-16 13:57:27
=failed        0
=successful    16
=user_skipped  0
=auto_skipped  0
