2022-08-01 13:22:34.143974+00:00 [notice] Starting eturnal 1.10.0 on Erlang/OTP 25 (ERTS 13.0) (eturnal_app:start/2:34)
2022-08-01 13:22:34.144223+00:00 [debug] Starting supervisor: eturnal_sup (eturnal_sup:start_link/0:31)
2022-08-01 13:22:34.144392+00:00 [debug] Configuring eturnal_sup supervisor: [#{id => systemd,
                                       start =>
                                           {eturnal_systemd,start_link,[]}},
                                     #{id => eturnal,
                                       start => {eturnal,start_link,[]}}] (eturnal_sup:init/0:39)
2022-08-01 13:22:34.146214+00:00 [info] Got no NOTIFY_SOCKET, notifications disabled (eturnal_systemd:init/1:94)
2022-08-01 13:22:34.146401+00:00 [debug] PROGRESS REPORT:
    supervisor: {local,eturnal_sup}
    started: [{pid,<0.1013.0>},
              {id,systemd},
              {mfargs,{eturnal_systemd,start_link,[]}},
              {restart_type,permanent},
              {significant,false},
              {shutdown,5000},
              {child_type,worker}]
 (supervisor:report_progress/2:1557)
2022-08-01 13:22:34.146524+00:00 [info] Relay IPv4 address: 127.0.0.1 (port range: 49152-65535) (eturnal:log_relay_addresses/0:277)
2022-08-01 13:22:34.146672+00:00 [info] Relay IPv6 address not configured (eturnal:log_relay_addresses/0:287)
2022-08-01 13:22:34.164010+00:00 [info] Cannot determine control query port: noport (eturnal:log_control_listener/0:302)
2022-08-01 13:22:34.164722+00:00 [debug] Using run directory run (eturnal:ensure_run_dir/0:733)
2022-08-01 13:22:34.164855+00:00 [debug] TURN configuration seems fine (eturnal:check_turn_config/0:498)
2022-08-01 13:22:34.165065+00:00 [warning] TLS enabled without 'tls_crt_file', creating self-signed certificate (eturnal:check_pem_file/0:669)
2022-08-01 13:22:34.747372+00:00 [debug] Calling mod_log_stun:start/0 (eturnal_module:start/1:142)
2022-08-01 13:22:34.747611+00:00 [debug] Starting mod_log_stun (mod_log_stun:start/0:38)
2022-08-01 13:22:34.747781+00:00 [info] Started mod_log_stun (eturnal:start_modules/0:313)
2022-08-01 13:22:34.747928+00:00 [debug] Calling mod_stats_influx:start/0 (eturnal_module:start/1:142)
2022-08-01 13:22:34.748038+00:00 [debug] Starting mod_stats_influx (mod_stats_influx:start/0:37)
2022-08-01 13:22:34.750642+00:00 [debug] PROGRESS REPORT:
    application: ulitos
    started_at: nonode@nohost
 (application_controller:info_started/2:2107)
2022-08-01 13:22:34.752403+00:00 [debug] PROGRESS REPORT:
    application: poolboy
    started_at: nonode@nohost
 (application_controller:info_started/2:2107)
2022-08-01 13:22:34.754471+00:00 [info]     msg: Starting application: influx_udp (influx_udp_app:start/2:10)
2022-08-01 13:22:34.756914+00:00 [debug] PROGRESS REPORT:
    supervisor: {local,influx_udp_sup}
    started: [{pid,<0.1035.0>},
              {id,influx_udp},
              {mfargs,{influx_udp,start_link,[]}},
              {restart_type,permanent},
              {significant,false},
              {shutdown,5000},
              {child_type,worker}]
 (supervisor:report_progress/2:1557)
2022-08-01 13:22:34.757096+00:00 [debug] PROGRESS REPORT:
    application: influx_udp
    started_at: nonode@nohost
 (application_controller:info_started/2:2107)
2022-08-01 13:22:34.757165+00:00 [debug] Dependency influx_udp was available already (eturnal_module:ensure_dep/2:283)
2022-08-01 13:22:34.759727+00:00 [info]     host: {127,0,0,1}
    msg: Start clients pool
    options: #{host => "localhost",max_overflow => 1,pool_size => 1,
               port => 8089} (influx_udp:start_pool_/2:239)
2022-08-01 13:22:34.770662+00:00 [info]     msg: Open UDP socket on port
    port: 60588 (influx_udp_worker:init/1:43)
2022-08-01 13:22:34.770888+00:00 [debug] PROGRESS REPORT:
    supervisor: {local,influx_udp_sup}
    started: [{pid,<0.1038.0>},
              {id,stats_influx_pool},
              {mfargs,
                  {poolboy,start_link,
                      [[{name,{local,stats_influx_pool}},
                        {worker_module,influx_udp_worker},
                        {size,1},
                        {max_overflow,1}],
                       [{options,
                            #{host => {127,0,0,1},
                              max_overflow => 1,pool_size => 1,
                              port => 8089}}]]}},
              {restart_type,permanent},
              {significant,false},
              {shutdown,5000},
              {child_type,worker}]
 (supervisor:report_progress/2:1557)
2022-08-01 13:22:34.771063+00:00 [info] Started mod_stats_influx (eturnal:start_modules/0:313)
2022-08-01 13:22:34.771178+00:00 [debug] Calling mod_stats_prometheus:start/0 (eturnal_module:start/1:142)
2022-08-01 13:22:34.771739+00:00 [debug] Starting mod_stats_prometheus (mod_stats_prometheus:start/0:56)
2022-08-01 13:22:37.136010+00:00 [debug] PROGRESS REPORT:
    application: prometheus
    started_at: nonode@nohost
 (application_controller:info_started/2:2107)
2022-08-01 13:22:37.137342+00:00 [debug] PROGRESS REPORT:
    application: accept
    started_at: nonode@nohost
 (application_controller:info_started/2:2107)
2022-08-01 13:22:37.137628+00:00 [debug] PROGRESS REPORT:
    application: prometheus_httpd
    started_at: nonode@nohost
 (application_controller:info_started/2:2107)
2022-08-01 13:22:37.137693+00:00 [debug] Dependency prometheus_httpd was available already (eturnal_module:ensure_dep/2:283)
2022-08-01 13:22:37.138607+00:00 [debug] PROGRESS REPORT:
    supervisor: {local,httpd_instance_sup__127_0_0_1__9081default}
    started: [{pid,<0.1060.0>},
              {id,{httpd_connection_sup,{127,0,0,1},9081,default}},
              {mfargs,{httpd_connection_sup,start_link,[[{127,0,0,1},9081]]}},
              {restart_type,permanent},
              {significant,false},
              {shutdown,5000},
              {child_type,supervisor}]
 (supervisor:report_progress/2:1557)
2022-08-01 13:22:37.138996+00:00 [debug] PROGRESS REPORT:
    supervisor: {local,httpd_acceptor_sup__127_0_0_1__9081default}
    started: [{pid,<0.1062.0>},
              {id,{httpd_acceptor_sup,{127,0,0,1},9081,default}},
              {mfargs,{httpd_acceptor,start_link,
                                      [httpd__127_0_0_1__9081default,ip_comm,
                                       {127,0,0,1},
                                       9081,inet,
                                       httpd_conf__127_0_0_1__9081default,
                                       15000]}},
              {restart_type,transient},
              {significant,false},
              {shutdown,brutal_kill},
              {child_type,worker}]
 (supervisor:report_progress/2:1557)
2022-08-01 13:22:37.139156+00:00 [debug] PROGRESS REPORT:
    supervisor: {local,httpd_instance_sup__127_0_0_1__9081default}
    started: [{pid,<0.1061.0>},
              {id,{httpd_acceptor_sup,{127,0,0,1},9081,default}},
              {mfargs,
                  {httpd_acceptor_sup,start_link,
                      [[{127,0,0,1},
                        9081,
                        [{bind_address,{127,0,0,1}},
                         {socket_type,ip_comm},
                         {port,9081},
                         {server_root,"run/mod_stats_prometheus/doc"},
                         {document_root,"run/mod_stats_prometheus/doc"},
                         {server_name,"Prometheus Exporter"},
                         {modules,[prometheus_httpd]}],
                        15000,undefined]]}},
              {restart_type,permanent},
              {significant,false},
              {shutdown,infinity},
              {child_type,supervisor}]
 (supervisor:report_progress/2:1557)
2022-08-01 13:22:37.139330+00:00 [debug] PROGRESS REPORT:
    supervisor: {local,httpd_instance_sup__127_0_0_1__9081default}
    started: [{pid,<0.1063.0>},
              {id,{httpd_misc_sup,{127,0,0,1},9081,default}},
              {mfargs,{httpd_misc_sup,start_link,[{127,0,0,1},9081,default]}},
              {restart_type,permanent},
              {significant,false},
              {shutdown,infinity},
              {child_type,supervisor}]
 (supervisor:report_progress/2:1557)
2022-08-01 13:22:37.139621+00:00 [debug] PROGRESS REPORT:
    supervisor: {local,httpd_instance_sup__127_0_0_1__9081default}
    started: [{pid,<0.1064.0>},
              {id,{httpd_manager,{127,0,0,1},9081,default}},
              {mfargs,
                  {httpd_manager,start_link,
                      [undefined,
                       [{bind_address,{127,0,0,1}},
                        {socket_type,ip_comm},
                        {port,9081},
                        {server_root,"run/mod_stats_prometheus/doc"},
                        {document_root,"run/mod_stats_prometheus/doc"},
                        {server_name,"Prometheus Exporter"},
                        {modules,[prometheus_httpd]}],
                       15000]}},
              {restart_type,permanent},
              {significant,false},
              {shutdown,4000},
              {child_type,worker}]
 (supervisor:report_progress/2:1557)
2022-08-01 13:22:37.139752+00:00 [debug] PROGRESS REPORT:
    supervisor: {local,httpd_sup}
    started: [{pid,<0.1059.0>},
              {id,{httpd_instance_sup,{127,0,0,1},9081,default}},
              {mfargs,
                  {httpd_instance_sup,start_link,
                      [[{bind_address,{127,0,0,1}},
                        {socket_type,ip_comm},
                        {port,9081},
                        {server_root,"run/mod_stats_prometheus/doc"},
                        {document_root,"run/mod_stats_prometheus/doc"},
                        {server_name,"Prometheus Exporter"},
                        {modules,[prometheus_httpd]}],
                       15000,[]]}},
              {restart_type,permanent},
              {significant,false},
              {shutdown,infinity},
              {child_type,supervisor}]
 (supervisor:report_progress/2:1557)
2022-08-01 13:22:37.141496+00:00 [info] Started mod_stats_prometheus (eturnal:start_modules/0:313)
2022-08-01 13:22:37.141706+00:00 [debug] Starting listener 127.0.0.1:34780 (udp) with options:
[{use_turn,true},
 {auth_type,user},
 {turn_ipv4_address,{127,0,0,1}},
 {turn_min_port,49152},
 {turn_max_port,65535},
 {turn_max_allocations,10},
 {turn_max_permissions,10},
 {shaper,100000},
 {turn_blacklist,[{{10,0,0,0},8},
                  {{100,64,0,0},10},
                  {{127,0,0,0},8},
                  {{169,254,0,0},16},
                  {{172,16,0,0},12},
                  {{192,0,0,0},24},
                  {{192,0,2,0},24},
                  {{192,88,99,0},24},
                  {{192,168,0,0},16},
                  {{198,18,0,0},15},
                  {{198,51,100,0},24},
                  {{203,0,113,0},24},
                  {{224,0,0,0},4},
                  {{240,0,0,0},4},
                  {{0,0,0,0,0,0,0,1},128},
                  {{0,0,0,0,0,65535,0,0},96},
                  {{100,65435,0,0,0,0,0,0},96},
                  {{256,0,0,0,0,0,0,0},64},
                  {{8193,3512,0,0,0,0,0,0},32},
                  {{64512,0,0,0,0,0,0,0},7},
                  {{65152,0,0,0,0,0,0,0},10},
                  {{65280,0,0,0,0,0,0,0},8}]},
 {turn_whitelist,[{{127,0,0,1},32},
                  {{203,0,113,113},32},
                  {{8193,3512,0,0,0,0,0,0},64}]},
 {auth_realm,<<"eturnal.net">>},
 {server_name,<<"eturnal">>},
 {auth_fun,fun eturnal:get_password/2},
 {hook_fun,fun eturnal:run_hook/2}] (eturnal:start_listeners/0:346)
2022-08-01 13:22:37.142775+00:00 [info] Listening on 127.0.0.1:34780 (udp) (STUN/TURN) (eturnal:start_listeners/0:353)
2022-08-01 13:22:37.142894+00:00 [debug] Starting listener 127.0.0.1:34780 (tcp) with options:
[{use_turn,false},
 {auth_type,anonymous},
 {turn_ipv4_address,{127,0,0,1}},
 {turn_min_port,49152},
 {turn_max_port,65535},
 {turn_max_allocations,10},
 {turn_max_permissions,10},
 {shaper,100000},
 {turn_blacklist,[{{10,0,0,0},8},
                  {{100,64,0,0},10},
                  {{127,0,0,0},8},
                  {{169,254,0,0},16},
                  {{172,16,0,0},12},
                  {{192,0,0,0},24},
                  {{192,0,2,0},24},
                  {{192,88,99,0},24},
                  {{192,168,0,0},16},
                  {{198,18,0,0},15},
                  {{198,51,100,0},24},
                  {{203,0,113,0},24},
                  {{224,0,0,0},4},
                  {{240,0,0,0},4},
                  {{0,0,0,0,0,0,0,1},128},
                  {{0,0,0,0,0,65535,0,0},96},
                  {{100,65435,0,0,0,0,0,0},96},
                  {{256,0,0,0,0,0,0,0},64},
                  {{8193,3512,0,0,0,0,0,0},32},
                  {{64512,0,0,0,0,0,0,0},7},
                  {{65152,0,0,0,0,0,0,0},10},
                  {{65280,0,0,0,0,0,0,0},8}]},
 {turn_whitelist,[{{127,0,0,1},32},
                  {{203,0,113,113},32},
                  {{8193,3512,0,0,0,0,0,0},64}]},
 {auth_realm,<<"eturnal.net">>},
 {server_name,<<"eturnal">>},
 {auth_fun,fun eturnal:get_password/2},
 {hook_fun,fun eturnal:run_hook/2}] (eturnal:start_listeners/0:346)
2022-08-01 13:22:37.143488+00:00 [info] Listening on 127.0.0.1:34780 (tcp) (STUN only) (eturnal:start_listeners/0:353)
2022-08-01 13:22:37.143604+00:00 [debug] Starting listener 127.0.0.1:53490 (tls) with options:
[{use_turn,false},
 {auth_type,anonymous},
 {tls,true},
 {certfile,<<"run/cert.pem">>},
 {ciphers,<<"HIGH:!aNULL:@STRENGTH">>},
 {protocol_options,<<"no_tlsv1|no_tlsv1_1|cipher_server_preference">>},
 {turn_ipv4_address,{127,0,0,1}},
 {turn_min_port,49152},
 {turn_max_port,65535},
 {turn_max_allocations,10},
 {turn_max_permissions,10},
 {shaper,100000},
 {turn_blacklist,[{{10,0,0,0},8},
                  {{100,64,0,0},10},
                  {{127,0,0,0},8},
                  {{169,254,0,0},16},
                  {{172,16,0,0},12},
                  {{192,0,0,0},24},
                  {{192,0,2,0},24},
                  {{192,88,99,0},24},
                  {{192,168,0,0},16},
                  {{198,18,0,0},15},
                  {{198,51,100,0},24},
                  {{203,0,113,0},24},
                  {{224,0,0,0},4},
                  {{240,0,0,0},4},
                  {{0,0,0,0,0,0,0,1},128},
                  {{0,0,0,0,0,65535,0,0},96},
                  {{100,65435,0,0,0,0,0,0},96},
                  {{256,0,0,0,0,0,0,0},64},
                  {{8193,3512,0,0,0,0,0,0},32},
                  {{64512,0,0,0,0,0,0,0},7},
                  {{65152,0,0,0,0,0,0,0},10},
                  {{65280,0,0,0,0,0,0,0},8}]},
 {turn_whitelist,[{{127,0,0,1},32},
                  {{203,0,113,113},32},
                  {{8193,3512,0,0,0,0,0,0},64}]},
 {auth_realm,<<"eturnal.net">>},
 {server_name,<<"eturnal">>},
 {auth_fun,fun eturnal:get_password/2},
 {hook_fun,fun eturnal:run_hook/2}] (eturnal:start_listeners/0:346)
2022-08-01 13:22:37.144128+00:00 [info] Listening on 127.0.0.1:53490 (tls) (STUN only) (eturnal:start_listeners/0:353)
2022-08-01 13:22:37.144239+00:00 [debug] Starting listener 127.0.0.1:34781 (auto) with options:
[{use_turn,false},
 {auth_type,anonymous},
 {tls,optional},
 {certfile,<<"run/cert.pem">>},
 {ciphers,<<"HIGH:!aNULL:@STRENGTH">>},
 {protocol_options,<<"no_tlsv1|no_tlsv1_1|cipher_server_preference">>},
 {turn_ipv4_address,{127,0,0,1}},
 {turn_min_port,49152},
 {turn_max_port,65535},
 {turn_max_allocations,10},
 {turn_max_permissions,10},
 {shaper,100000},
 {turn_blacklist,[{{10,0,0,0},8},
                  {{100,64,0,0},10},
                  {{127,0,0,0},8},
                  {{169,254,0,0},16},
                  {{172,16,0,0},12},
                  {{192,0,0,0},24},
                  {{192,0,2,0},24},
                  {{192,88,99,0},24},
                  {{192,168,0,0},16},
                  {{198,18,0,0},15},
                  {{198,51,100,0},24},
                  {{203,0,113,0},24},
                  {{224,0,0,0},4},
                  {{240,0,0,0},4},
                  {{0,0,0,0,0,0,0,1},128},
                  {{0,0,0,0,0,65535,0,0},96},
                  {{100,65435,0,0,0,0,0,0},96},
                  {{256,0,0,0,0,0,0,0},64},
                  {{8193,3512,0,0,0,0,0,0},32},
                  {{64512,0,0,0,0,0,0,0},7},
                  {{65152,0,0,0,0,0,0,0},10},
                  {{65280,0,0,0,0,0,0,0},8}]},
 {turn_whitelist,[{{127,0,0,1},32},
                  {{203,0,113,113},32},
                  {{8193,3512,0,0,0,0,0,0},64}]},
 {auth_realm,<<"eturnal.net">>},
 {server_name,<<"eturnal">>},
 {auth_fun,fun eturnal:get_password/2},
 {hook_fun,fun eturnal:run_hook/2}] (eturnal:start_listeners/0:346)
2022-08-01 13:22:37.145227+00:00 [info] Listening on 127.0.0.1:34781 (auto) (STUN only) (eturnal:start_listeners/0:353)
2022-08-01 13:22:37.145377+00:00 [debug] Started 3 modules (eturnal:init/1:96)
2022-08-01 13:22:37.145560+00:00 [debug] Started 4 listeners (eturnal:init/1:97)
2022-08-01 13:22:37.145678+00:00 [debug] PROGRESS REPORT:
    supervisor: {local,eturnal_sup}
    started: [{pid,<0.1015.0>},
              {id,eturnal},
              {mfargs,{eturnal,start_link,[]}},
              {restart_type,permanent},
              {significant,false},
              {shutdown,5000},
              {child_type,worker}]
 (supervisor:report_progress/2:1557)
2022-08-01 13:22:37.145780+00:00 [debug] No NOTIFY_SOCKET, dropping READY=1 notification (eturnal_systemd:handle_cast/2:108)
2022-08-01 13:22:37.145905+00:00 [debug] Watchdog interval is undefined, hibernating (eturnal_systemd:get_timeout/1:161)
2022-08-01 13:22:37.145946+00:00 [debug] PROGRESS REPORT:
    application: eturnal
    started_at: nonode@nohost
 (application_controller:info_started/2:2107)
2022-08-01 13:22:37.178699+00:00 [debug] Handling API call: get_info() (eturnal_ctl:get_info/0:134)
2022-08-01 13:22:37.179418+00:00 [debug] eturnal call (get_info) returned {ok,
                                  {eturnal_node_info,<<"1.10.0">>,
                                   {"25","13.0"},
                                   6446,0,149,141795069,3,55591360}} (eturnal_ctl:call/1:451)
2022-08-01 13:22:37.205382+00:00 [debug] Handling API call: get_sessions() (eturnal_ctl:get_sessions/0:105)
2022-08-01 13:22:37.230668+00:00 [debug] Handling API call: get_sessions("alice") (eturnal_ctl:get_sessions/1:115)
2022-08-01 13:22:37.230899+00:00 [debug] Handling API call: disconnect(alice) (eturnal_ctl:disconnect/1:183)
2022-08-01 13:22:37.231013+00:00 [debug] Cannot convert user name to binary: alice (eturnal_ctl:disconnect/1:193)
2022-08-01 13:22:37.256134+00:00 [debug] Handling API call: disconnect("alice") (eturnal_ctl:disconnect/1:183)
2022-08-01 13:22:37.256787+00:00 [debug] Handling API call: disconnect(alice) (eturnal_ctl:disconnect/1:183)
2022-08-01 13:22:37.256962+00:00 [debug] Cannot convert user name to binary: alice (eturnal_ctl:disconnect/1:193)
2022-08-01 13:22:37.281524+00:00 [debug] Handling API call: get_credentials("2009-10-30 11:00:00Z", []) (eturnal_ctl:get_credentials/2:59)
2022-08-01 13:22:37.281985+00:00 [debug] eturnal call ({get_password,<<"1256900400">>}) returned {ok,
                                                         <<"uEKlpcME7MNMMVRV8rUFPCTIFEs=">>} (eturnal_ctl:call/1:451)
2022-08-01 13:22:37.282376+00:00 [debug] Handling API call: get_credentials("86400", "alice") (eturnal_ctl:get_credentials/2:59)
2022-08-01 13:22:37.282723+00:00 [debug] eturnal call ({get_password,<<"1659446557:alice">>}) returned {ok,
                                                               <<"FeAVtmEe34sUbiM6P55rFbu7BAg=">>} (eturnal_ctl:call/1:451)
2022-08-01 13:22:37.283003+00:00 [debug] Handling API call: get_password("1659446557:alice") (eturnal_ctl:get_password/1:78)
2022-08-01 13:22:37.283149+00:00 [debug] eturnal call ({get_password,<<"1659446557:alice">>}) returned {ok,
                                                               <<"FeAVtmEe34sUbiM6P55rFbu7BAg=">>} (eturnal_ctl:call/1:451)
2022-08-01 13:22:37.283636+00:00 [debug] Handling API call: get_credentials("86400s", "alice") (eturnal_ctl:get_credentials/2:59)
2022-08-01 13:22:37.283956+00:00 [debug] eturnal call ({get_password,<<"1659446557:alice">>}) returned {ok,
                                                               <<"FeAVtmEe34sUbiM6P55rFbu7BAg=">>} (eturnal_ctl:call/1:451)
2022-08-01 13:22:37.284242+00:00 [debug] Handling API call: get_password("1659446557:alice") (eturnal_ctl:get_password/1:78)
2022-08-01 13:22:37.284494+00:00 [debug] eturnal call ({get_password,<<"1659446557:alice">>}) returned {ok,
                                                               <<"FeAVtmEe34sUbiM6P55rFbu7BAg=">>} (eturnal_ctl:call/1:451)
2022-08-01 13:22:37.284810+00:00 [debug] Handling API call: get_credentials("1440m", "alice") (eturnal_ctl:get_credentials/2:59)
2022-08-01 13:22:37.285142+00:00 [debug] eturnal call ({get_password,<<"1659446557:alice">>}) returned {ok,
                                                               <<"FeAVtmEe34sUbiM6P55rFbu7BAg=">>} (eturnal_ctl:call/1:451)
2022-08-01 13:22:37.285430+00:00 [debug] Handling API call: get_password("1659446557:alice") (eturnal_ctl:get_password/1:78)
2022-08-01 13:22:37.285777+00:00 [debug] eturnal call ({get_password,<<"1659446557:alice">>}) returned {ok,
                                                               <<"FeAVtmEe34sUbiM6P55rFbu7BAg=">>} (eturnal_ctl:call/1:451)
2022-08-01 13:22:37.286003+00:00 [debug] Handling API call: get_credentials("24h", "alice") (eturnal_ctl:get_credentials/2:59)
2022-08-01 13:22:37.286331+00:00 [debug] eturnal call ({get_password,<<"1659446557:alice">>}) returned {ok,
                                                               <<"FeAVtmEe34sUbiM6P55rFbu7BAg=">>} (eturnal_ctl:call/1:451)
2022-08-01 13:22:37.286621+00:00 [debug] Handling API call: get_password("1659446557:alice") (eturnal_ctl:get_password/1:78)
2022-08-01 13:22:37.286895+00:00 [debug] eturnal call ({get_password,<<"1659446557:alice">>}) returned {ok,
                                                               <<"FeAVtmEe34sUbiM6P55rFbu7BAg=">>} (eturnal_ctl:call/1:451)
2022-08-01 13:22:37.287196+00:00 [debug] Handling API call: get_credentials("1d", "alice") (eturnal_ctl:get_credentials/2:59)
2022-08-01 13:22:37.287484+00:00 [debug] eturnal call ({get_password,<<"1659446557:alice">>}) returned {ok,
                                                               <<"FeAVtmEe34sUbiM6P55rFbu7BAg=">>} (eturnal_ctl:call/1:451)
2022-08-01 13:22:37.287752+00:00 [debug] Handling API call: get_password("1659446557:alice") (eturnal_ctl:get_password/1:78)
2022-08-01 13:22:37.288072+00:00 [debug] eturnal call ({get_password,<<"1659446557:alice">>}) returned {ok,
                                                               <<"FeAVtmEe34sUbiM6P55rFbu7BAg=">>} (eturnal_ctl:call/1:451)
2022-08-01 13:22:37.288384+00:00 [debug] Handling API call: get_password("Invalid") (eturnal_ctl:get_password/1:78)
2022-08-01 13:22:37.288648+00:00 [debug] Invalid user name: Invalid (eturnal_ctl:get_password/1:92)
2022-08-01 13:22:37.288896+00:00 [debug] Handling API call: get_credentials("Invalid", []) (eturnal_ctl:get_credentials/2:59)
2022-08-01 13:22:37.289141+00:00 [debug] Invalid argument(s): "Invalid":[] (eturnal_ctl:get_credentials/2:72)
2022-08-01 13:22:37.289362+00:00 [debug] Handling API call: get_password(invalid) (eturnal_ctl:get_password/1:78)
2022-08-01 13:22:37.289597+00:00 [debug] Cannot convert user name to binary: invalid (eturnal_ctl:get_password/1:99)
2022-08-01 13:22:37.289837+00:00 [debug] Handling API call: get_credentials(invalid, []) (eturnal_ctl:get_credentials/2:59)
2022-08-01 13:22:37.290056+00:00 [debug] Invalid argument(s): invalid:[] (eturnal_ctl:get_credentials/2:72)
2022-08-01 13:22:37.290295+00:00 [debug] Handling API call: get_password([invalid]) (eturnal_ctl:get_password/1:78)
2022-08-01 13:22:37.290534+00:00 [debug] Cannot convert user name to binary: [invalid] (eturnal_ctl:get_password/1:99)
2022-08-01 13:22:37.290752+00:00 [debug] Handling API call: get_credentials([invalid], []) (eturnal_ctl:get_credentials/2:59)
2022-08-01 13:22:37.290979+00:00 [debug] Invalid argument(s): [invalid]:[] (eturnal_ctl:get_credentials/2:72)
2022-08-01 13:22:37.291270+00:00 [debug] Handling API call: get_credentials(1256900400, invalid) (eturnal_ctl:get_credentials/2:59)
2022-08-01 13:22:37.291576+00:00 [debug] Invalid argument(s): 1256900400:invalid (eturnal_ctl:get_credentials/2:72)
2022-08-01 13:22:37.316374+00:00 [debug] Handling API call: set_loglevel(debug) (eturnal_ctl:set_loglevel/1:164)
2022-08-01 13:22:37.316648+00:00 [debug] eturnal call ({set_loglevel,debug}) returned ok (eturnal_ctl:call/1:448)
2022-08-01 13:22:37.316815+00:00 [debug] Handling API call: get_loglevel() (eturnal_ctl:get_loglevel/0:154)
2022-08-01 13:22:37.316941+00:00 [debug] eturnal call (get_loglevel) returned {ok,debug} (eturnal_ctl:call/1:451)
2022-08-01 13:22:37.317080+00:00 [debug] Handling API call: set_loglevel(invalid) (eturnal_ctl:set_loglevel/1:164)
2022-08-01 13:22:37.317170+00:00 [debug] Invalid log level: invalid (eturnal_ctl:set_loglevel/1:174)
2022-08-01 13:22:37.317308+00:00 [debug] Handling API call: get_loglevel() (eturnal_ctl:get_loglevel/0:154)
2022-08-01 13:22:37.317398+00:00 [debug] eturnal call (get_loglevel) returned {ok,debug} (eturnal_ctl:call/1:451)
2022-08-01 13:22:37.346012+00:00 [debug] Handling API call: get_version() (eturnal_ctl:get_version/0:144)
2022-08-01 13:22:37.346242+00:00 [debug] eturnal call (get_version) returned {ok,<<"1.10.0">>} (eturnal_ctl:call/1:451)
2022-08-01 13:22:37.371186+00:00 [debug] Handling API call: reload() (eturnal_ctl:reload/0:199)
2022-08-01 13:22:37.373480+00:00 [debug] Calling mod_log_stun:options/0 (eturnal_module:options/1:191)
2022-08-01 13:22:37.373716+00:00 [debug] Calling mod_stats_influx:options/0 (eturnal_module:options/1:191)
2022-08-01 13:22:37.373841+00:00 [debug] Calling mod_stats_prometheus:options/0 (eturnal_module:options/1:191)
2022-08-01 13:22:37.374364+00:00 [warning] TLS enabled without 'tls_crt_file', creating self-signed certificate (eturnal:check_pem_file/0:669)
2022-08-01 13:22:38.581215+00:00 [info] Using new TLS certificate (eturnal:handle_call/3:114)
2022-08-01 13:22:38.581657+00:00 [debug] Calling mod_log_stun:stop/1 (eturnal_module:stop/1:162)
2022-08-01 13:22:38.581775+00:00 [debug] Stopping mod_log_stun (mod_log_stun:stop/0:49)
2022-08-01 13:22:38.581918+00:00 [info] Stopped mod_log_stun (eturnal:stop_modules/1:326)
2022-08-01 13:22:38.584995+00:00 [debug] Calling mod_stats_influx:stop/1 (eturnal_module:stop/1:162)
2022-08-01 13:22:38.585194+00:00 [debug] Stopping mod_stats_influx (mod_stats_influx:stop/0:61)
2022-08-01 13:22:38.585333+00:00 [info] Stopped mod_stats_influx (eturnal:stop_modules/1:326)
2022-08-01 13:22:38.587033+00:00 [debug] Calling mod_stats_prometheus:stop/1 (eturnal_module:stop/1:162)
2022-08-01 13:22:38.587213+00:00 [debug] Stopping mod_stats_prometheus (mod_stats_prometheus:stop/0:110)
2022-08-01 13:22:38.587912+00:00 [info] Stopped mod_stats_prometheus (eturnal:stop_modules/1:326)
2022-08-01 13:22:38.588056+00:00 [debug] Calling mod_log_stun:start/0 (eturnal_module:start/1:142)
2022-08-01 13:22:38.588164+00:00 [debug] Starting mod_log_stun (mod_log_stun:start/0:38)
2022-08-01 13:22:38.589982+00:00 [info] Started mod_log_stun (eturnal:start_modules/0:313)
2022-08-01 13:22:38.590213+00:00 [debug] Calling mod_stats_influx:start/0 (eturnal_module:start/1:142)
2022-08-01 13:22:38.590460+00:00 [debug] Starting mod_stats_influx (mod_stats_influx:start/0:37)
2022-08-01 13:22:38.590573+00:00 [debug] Dependency influx_udp was available already (eturnal_module:ensure_dep/2:283)
2022-08-01 13:22:38.591593+00:00 [info]     host: {127,0,0,1}
    msg: Start clients pool
    options: #{host => "localhost",max_overflow => 1,pool_size => 1,
               port => 8089} (influx_udp:start_pool_/2:239)
2022-08-01 13:22:38.592775+00:00 [info] Started mod_stats_influx (eturnal:start_modules/0:313)
2022-08-01 13:22:38.592925+00:00 [debug] Calling mod_stats_prometheus:start/0 (eturnal_module:start/1:142)
2022-08-01 13:22:38.593006+00:00 [debug] Starting mod_stats_prometheus (mod_stats_prometheus:start/0:56)
2022-08-01 13:22:38.593091+00:00 [debug] Dependency prometheus_httpd was available already (eturnal_module:ensure_dep/2:283)
2022-08-01 13:22:38.593709+00:00 [debug] PROGRESS REPORT:
    supervisor: {local,httpd_instance_sup__127_0_0_1__9081default}
    started: [{pid,<0.1187.0>},
              {id,{httpd_connection_sup,{127,0,0,1},9081,default}},
              {mfargs,{httpd_connection_sup,start_link,[[{127,0,0,1},9081]]}},
              {restart_type,permanent},
              {significant,false},
              {shutdown,5000},
              {child_type,supervisor}]
 (supervisor:report_progress/2:1557)
2022-08-01 13:22:38.594094+00:00 [debug] PROGRESS REPORT:
    supervisor: {local,httpd_acceptor_sup__127_0_0_1__9081default}
    started: [{pid,<0.1190.0>},
              {id,{httpd_acceptor_sup,{127,0,0,1},9081,default}},
              {mfargs,{httpd_acceptor,start_link,
                                      [httpd__127_0_0_1__9081default,ip_comm,
                                       {127,0,0,1},
                                       9081,inet,
                                       httpd_conf__127_0_0_1__9081default,
                                       15000]}},
              {restart_type,transient},
              {significant,false},
              {shutdown,brutal_kill},
              {child_type,worker}]
 (supervisor:report_progress/2:1557)
2022-08-01 13:22:38.594302+00:00 [debug] PROGRESS REPORT:
    supervisor: {local,httpd_instance_sup__127_0_0_1__9081default}
    started: [{pid,<0.1189.0>},
              {id,{httpd_acceptor_sup,{127,0,0,1},9081,default}},
              {mfargs,
                  {httpd_acceptor_sup,start_link,
                      [[{127,0,0,1},
                        9081,
                        [{bind_address,{127,0,0,1}},
                         {socket_type,ip_comm},
                         {port,9081},
                         {server_root,"run/mod_stats_prometheus/doc"},
                         {document_root,"run/mod_stats_prometheus/doc"},
                         {server_name,"Prometheus Exporter"},
                         {modules,[prometheus_httpd]}],
                        15000,undefined]]}},
              {restart_type,permanent},
              {significant,false},
              {shutdown,infinity},
              {child_type,supervisor}]
 (supervisor:report_progress/2:1557)
2022-08-01 13:22:38.594487+00:00 [debug] PROGRESS REPORT:
    supervisor: {local,httpd_instance_sup__127_0_0_1__9081default}
    started: [{pid,<0.1193.0>},
              {id,{httpd_misc_sup,{127,0,0,1},9081,default}},
              {mfargs,{httpd_misc_sup,start_link,[{127,0,0,1},9081,default]}},
              {restart_type,permanent},
              {significant,false},
              {shutdown,infinity},
              {child_type,supervisor}]
 (supervisor:report_progress/2:1557)
2022-08-01 13:22:38.594833+00:00 [debug] PROGRESS REPORT:
    supervisor: {local,httpd_instance_sup__127_0_0_1__9081default}
    started: [{pid,<0.1194.0>},
              {id,{httpd_manager,{127,0,0,1},9081,default}},
              {mfargs,
                  {httpd_manager,start_link,
                      [undefined,
                       [{bind_address,{127,0,0,1}},
                        {socket_type,ip_comm},
                        {port,9081},
                        {server_root,"run/mod_stats_prometheus/doc"},
                        {document_root,"run/mod_stats_prometheus/doc"},
                        {server_name,"Prometheus Exporter"},
                        {modules,[prometheus_httpd]}],
                       15000]}},
              {restart_type,permanent},
              {significant,false},
              {shutdown,4000},
              {child_type,worker}]
 (supervisor:report_progress/2:1557)
2022-08-01 13:22:38.594951+00:00 [debug] PROGRESS REPORT:
    supervisor: {local,httpd_sup}
    started: [{pid,<0.1186.0>},
              {id,{httpd_instance_sup,{127,0,0,1},9081,default}},
              {mfargs,
                  {httpd_instance_sup,start_link,
                      [[{bind_address,{127,0,0,1}},
                        {socket_type,ip_comm},
                        {port,9081},
                        {server_root,"run/mod_stats_prometheus/doc"},
                        {document_root,"run/mod_stats_prometheus/doc"},
                        {server_name,"Prometheus Exporter"},
                        {modules,[prometheus_httpd]}],
                       15000,[]]}},
              {restart_type,permanent},
              {significant,false},
              {shutdown,infinity},
              {child_type,supervisor}]
 (supervisor:report_progress/2:1557)
2022-08-01 13:22:38.596097+00:00 [info] Started mod_stats_prometheus (eturnal:start_modules/0:313)
2022-08-01 13:22:38.596232+00:00 [debug] Restarted modules (eturnal:handle_call/3:122)
2022-08-01 13:22:38.596398+00:00 [debug] eturnal call (reload) returned ok (eturnal_ctl:call/1:448)
2022-08-01 13:22:38.596788+00:00 [debug] Handling API call: reload() (eturnal_ctl:reload/0:199)
2022-08-01 13:22:38.599718+00:00 [debug] Calling mod_log_stun:options/0 (eturnal_module:options/1:191)
2022-08-01 13:22:38.600244+00:00 [debug] Calling mod_stats_influx:options/0 (eturnal_module:options/1:191)
2022-08-01 13:22:38.600393+00:00 [debug] Calling mod_stats_prometheus:options/0 (eturnal_module:options/1:191)
2022-08-01 13:22:38.600875+00:00 [debug] Keeping PEM file (run/cert.pem) (eturnal:check_pem_file/0:666)
2022-08-01 13:22:38.600990+00:00 [debug] TLS certificate unchanged (eturnal:handle_call/3:116)
2022-08-01 13:22:38.601103+00:00 [debug] Calling mod_log_stun:stop/1 (eturnal_module:stop/1:162)
2022-08-01 13:22:38.601287+00:00 [debug] Stopping mod_log_stun (mod_log_stun:stop/0:49)
2022-08-01 13:22:38.601539+00:00 [info] Stopped mod_log_stun (eturnal:stop_modules/1:326)
2022-08-01 13:22:38.603082+00:00 [debug] Calling mod_stats_influx:stop/1 (eturnal_module:stop/1:162)
2022-08-01 13:22:38.603223+00:00 [debug] Stopping mod_stats_influx (mod_stats_influx:stop/0:61)
2022-08-01 13:22:38.603352+00:00 [info] Stopped mod_stats_influx (eturnal:stop_modules/1:326)
2022-08-01 13:22:38.604712+00:00 [debug] Calling mod_stats_prometheus:stop/1 (eturnal_module:stop/1:162)
2022-08-01 13:22:38.604846+00:00 [debug] Stopping mod_stats_prometheus (mod_stats_prometheus:stop/0:110)
2022-08-01 13:22:38.605223+00:00 [info] Stopped mod_stats_prometheus (eturnal:stop_modules/1:326)
2022-08-01 13:22:38.605325+00:00 [debug] Calling mod_log_stun:start/0 (eturnal_module:start/1:142)
2022-08-01 13:22:38.605471+00:00 [debug] Starting mod_log_stun (mod_log_stun:start/0:38)
2022-08-01 13:22:38.606466+00:00 [info] Started mod_log_stun (eturnal:start_modules/0:313)
2022-08-01 13:22:38.606635+00:00 [debug] Calling mod_stats_influx:start/0 (eturnal_module:start/1:142)
2022-08-01 13:22:38.606735+00:00 [debug] Starting mod_stats_influx (mod_stats_influx:start/0:37)
2022-08-01 13:22:38.606839+00:00 [debug] Dependency influx_udp was available already (eturnal_module:ensure_dep/2:283)
2022-08-01 13:22:38.607225+00:00 [info]     host: {127,0,0,1}
    msg: Start clients pool
    options: #{host => "localhost",max_overflow => 1,pool_size => 1,
               port => 8089} (influx_udp:start_pool_/2:239)
2022-08-01 13:22:38.608956+00:00 [info] Started mod_stats_influx (eturnal:start_modules/0:313)
2022-08-01 13:22:38.609752+00:00 [debug] Calling mod_stats_prometheus:start/0 (eturnal_module:start/1:142)
2022-08-01 13:22:38.610020+00:00 [debug] Starting mod_stats_prometheus (mod_stats_prometheus:start/0:56)
2022-08-01 13:22:38.610181+00:00 [debug] Dependency prometheus_httpd was available already (eturnal_module:ensure_dep/2:283)
2022-08-01 13:22:38.612000+00:00 [debug] PROGRESS REPORT:
    supervisor: {local,httpd_instance_sup__127_0_0_1__9081default}
    started: [{pid,<0.1225.0>},
              {id,{httpd_connection_sup,{127,0,0,1},9081,default}},
              {mfargs,{httpd_connection_sup,start_link,[[{127,0,0,1},9081]]}},
              {restart_type,permanent},
              {significant,false},
              {shutdown,5000},
              {child_type,supervisor}]
 (supervisor:report_progress/2:1557)
2022-08-01 13:22:38.612372+00:00 [debug] PROGRESS REPORT:
    supervisor: {local,httpd_acceptor_sup__127_0_0_1__9081default}
    started: [{pid,<0.1227.0>},
              {id,{httpd_acceptor_sup,{127,0,0,1},9081,default}},
              {mfargs,{httpd_acceptor,start_link,
                                      [httpd__127_0_0_1__9081default,ip_comm,
                                       {127,0,0,1},
                                       9081,inet,
                                       httpd_conf__127_0_0_1__9081default,
                                       15000]}},
              {restart_type,transient},
              {significant,false},
              {shutdown,brutal_kill},
              {child_type,worker}]
 (supervisor:report_progress/2:1557)
2022-08-01 13:22:38.612546+00:00 [debug] PROGRESS REPORT:
    supervisor: {local,httpd_instance_sup__127_0_0_1__9081default}
    started: [{pid,<0.1226.0>},
              {id,{httpd_acceptor_sup,{127,0,0,1},9081,default}},
              {mfargs,
                  {httpd_acceptor_sup,start_link,
                      [[{127,0,0,1},
                        9081,
                        [{bind_address,{127,0,0,1}},
                         {socket_type,ip_comm},
                         {port,9081},
                         {server_root,"run/mod_stats_prometheus/doc"},
                         {document_root,"run/mod_stats_prometheus/doc"},
                         {server_name,"Prometheus Exporter"},
                         {modules,[prometheus_httpd]}],
                        15000,undefined]]}},
              {restart_type,permanent},
              {significant,false},
              {shutdown,infinity},
              {child_type,supervisor}]
 (supervisor:report_progress/2:1557)
2022-08-01 13:22:38.612715+00:00 [debug] PROGRESS REPORT:
    supervisor: {local,httpd_instance_sup__127_0_0_1__9081default}
    started: [{pid,<0.1228.0>},
              {id,{httpd_misc_sup,{127,0,0,1},9081,default}},
              {mfargs,{httpd_misc_sup,start_link,[{127,0,0,1},9081,default]}},
              {restart_type,permanent},
              {significant,false},
              {shutdown,infinity},
              {child_type,supervisor}]
 (supervisor:report_progress/2:1557)
2022-08-01 13:22:38.613061+00:00 [debug] PROGRESS REPORT:
    supervisor: {local,httpd_instance_sup__127_0_0_1__9081default}
    started: [{pid,<0.1229.0>},
              {id,{httpd_manager,{127,0,0,1},9081,default}},
              {mfargs,
                  {httpd_manager,start_link,
                      [undefined,
                       [{bind_address,{127,0,0,1}},
                        {socket_type,ip_comm},
                        {port,9081},
                        {server_root,"run/mod_stats_prometheus/doc"},
                        {document_root,"run/mod_stats_prometheus/doc"},
                        {server_name,"Prometheus Exporter"},
                        {modules,[prometheus_httpd]}],
                       15000]}},
              {restart_type,permanent},
              {significant,false},
              {shutdown,4000},
              {child_type,worker}]
 (supervisor:report_progress/2:1557)
2022-08-01 13:22:38.613192+00:00 [debug] PROGRESS REPORT:
    supervisor: {local,httpd_sup}
    started: [{pid,<0.1224.0>},
              {id,{httpd_instance_sup,{127,0,0,1},9081,default}},
              {mfargs,
                  {httpd_instance_sup,start_link,
                      [[{bind_address,{127,0,0,1}},
                        {socket_type,ip_comm},
                        {port,9081},
                        {server_root,"run/mod_stats_prometheus/doc"},
                        {document_root,"run/mod_stats_prometheus/doc"},
                        {server_name,"Prometheus Exporter"},
                        {modules,[prometheus_httpd]}],
                       15000,[]]}},
              {restart_type,permanent},
              {significant,false},
              {shutdown,infinity},
              {child_type,supervisor}]
 (supervisor:report_progress/2:1557)
2022-08-01 13:22:38.614215+00:00 [info] Started mod_stats_prometheus (eturnal:start_modules/0:313)
2022-08-01 13:22:38.614404+00:00 [debug] Restarted modules (eturnal:handle_call/3:122)
2022-08-01 13:22:38.614490+00:00 [debug] eturnal call (reload) returned ok (eturnal_ctl:call/1:448)
2022-08-01 13:22:38.640057+00:00 [info] Accepting connection: 127.0.0.1:34540 -> 127.0.0.1:34780 [TCP, session ekpdvn96thbq] (stun_acceptor:accept/3:158)
2022-08-01 13:22:38.664168+00:00 [info] Accepting connection: 127.0.0.1:54586 -> 127.0.0.1:53490 [TLS, session rn1th5c6m6fg] (stun_acceptor:accept/3:158)
2022-08-01 13:22:38.689295+00:00 [debug] Received:
#stun{class = request,method = 3,magic = 554869826,
      trid = 73068266332468050718232711684,raw = <<>>,unsupported = [],
      'ALTERNATE-SERVER' = undefined,'CHANNEL-NUMBER' = undefined,
      'DATA' = undefined,'DONT-FRAGMENT' = false,'ERROR-CODE' = undefined,
      'LIFETIME' = undefined,'MAPPED-ADDRESS' = undefined,
      'MESSAGE-INTEGRITY' = undefined,'NONCE' = undefined,'REALM' = undefined,
      'REQUESTED-ADDRESS-FAMILY' = undefined,
      'REQUESTED-TRANSPORT' = undefined,'SOFTWARE' = undefined,
      'UNKNOWN-ATTRIBUTES' = [],'USERNAME' = undefined,
      'XOR-MAPPED-ADDRESS' = undefined,'XOR-PEER-ADDRESS' = [],
      'XOR-RELAYED-ADDRESS' = undefined} (stun:udp_recv/5:111)
2022-08-01 13:22:38.689452+00:00 [debug] Sending:
#stun{class = error,method = 3,magic = 554869826,
      trid = 73068266332468050718232711684,raw = <<>>,unsupported = [],
      'ALTERNATE-SERVER' = undefined,'CHANNEL-NUMBER' = undefined,
      'DATA' = undefined,'DONT-FRAGMENT' = false,
      'ERROR-CODE' = {401,<<"Unauthorized">>},
      'LIFETIME' = undefined,'MAPPED-ADDRESS' = undefined,
      'MESSAGE-INTEGRITY' = undefined,'NONCE' = <<"344731481">>,
      'REALM' = <<"eturnal.net">>,'REQUESTED-ADDRESS-FAMILY' = undefined,
      'REQUESTED-TRANSPORT' = undefined,'SOFTWARE' = <<"eturnal">>,
      'UNKNOWN-ATTRIBUTES' = [],'USERNAME' = undefined,
      'XOR-MAPPED-ADDRESS' = undefined,'XOR-PEER-ADDRESS' = [],
      'XOR-RELAYED-ADDRESS' = undefined} (stun:send/3:445)
2022-08-01 13:22:38.689749+00:00 [debug] Received:
#stun{class = request,method = 3,magic = 554869826,
      trid = 18186679828566891183445568018,
      raw = <<0,3,0,80,33,18,164,66,58,195,171,65,5,130,190,89,75,98,234,18,0,
              25,0,4,17,0,0,0,0,6,0,10,50,49,52,53,57,49,51,50,48,48,0,0,0,20,
              0,11,101,116,117,114,110,97,108,46,110,101,116,0,0,21,0,9,51,52,
              52,55,51,49,52,56,49,0,0,0>>,
      unsupported = [],'ALTERNATE-SERVER' = undefined,
      'CHANNEL-NUMBER' = undefined,'DATA' = undefined,'DONT-FRAGMENT' = false,
      'ERROR-CODE' = undefined,'LIFETIME' = undefined,
      'MAPPED-ADDRESS' = undefined,
      'MESSAGE-INTEGRITY' = <<84,35,157,9,17,113,29,186,106,12,20,134,103,43,
                              179,83,97,99,8,242>>,
      'NONCE' = <<"344731481">>,'REALM' = <<"eturnal.net">>,
      'REQUESTED-ADDRESS-FAMILY' = undefined,'REQUESTED-TRANSPORT' = udp,
      'SOFTWARE' = undefined,'UNKNOWN-ATTRIBUTES' = [],
      'USERNAME' = <<"2145913200">>,'XOR-MAPPED-ADDRESS' = undefined,
      'XOR-PEER-ADDRESS' = [],'XOR-RELAYED-ADDRESS' = undefined} (stun:udp_recv/5:111)
2022-08-01 13:22:38.689902+00:00 [debug] Looking up password for: 2145913200 [UDP, session vd33rbjy3ghe, user 2145913200, client 127.0.0.1:42284] (eturnal:get_password/2:215)
2022-08-01 13:22:38.689981+00:00 [info] Accepting long-term STUN/TURN authentication [UDP, session vd33rbjy3ghe, user 2145913200, client 127.0.0.1:42284] (stun:process/2:249)
2022-08-01 13:22:38.690088+00:00 [debug] Running 'turn_session_start' hook [UDP, session vd33rbjy3ghe, user 2145913200, client 127.0.0.1:42284] (turn:run_hook/2:717)
2022-08-01 13:22:38.690151+00:00 [debug] Got 'turn_session_start' event [UDP, session vd33rbjy3ghe, user 2145913200, client 127.0.0.1:42284] (eturnal_module:handle_event/2:176)
2022-08-01 13:22:38.690208+00:00 [debug] Calling mod_stats_prometheus:handle_event/2 [UDP, session vd33rbjy3ghe, user 2145913200, client 127.0.0.1:42284] (eturnal_module:handle_event/2:179)
2022-08-01 13:22:38.690259+00:00 [debug] Observing started TURN session vd33rbjy3ghe for Prometheus [UDP, session vd33rbjy3ghe, user 2145913200, client 127.0.0.1:42284] (mod_stats_prometheus:on_turn_session_start/1:174)
2022-08-01 13:22:38.690551+00:00 [notice] Creating TURN allocation (lifetime: 600 seconds) [UDP, session vd33rbjy3ghe, user 2145913200, client 127.0.0.1:42284, relay 127.0.0.1:64555] (turn:wait_for_allocate/2:213)
2022-08-01 13:22:38.690757+00:00 [debug] Sending:
#stun{class = response,method = 3,magic = 554869826,
      trid = 18186679828566891183445568018,raw = <<>>,unsupported = [],
      'ALTERNATE-SERVER' = undefined,'CHANNEL-NUMBER' = undefined,
      'DATA' = undefined,'DONT-FRAGMENT' = false,'ERROR-CODE' = undefined,
      'LIFETIME' = 600,'MAPPED-ADDRESS' = undefined,
      'MESSAGE-INTEGRITY' = undefined,'NONCE' = undefined,'REALM' = undefined,
      'REQUESTED-ADDRESS-FAMILY' = undefined,
      'REQUESTED-TRANSPORT' = undefined,'SOFTWARE' = <<"eturnal">>,
      'UNKNOWN-ATTRIBUTES' = [],'USERNAME' = undefined,
      'XOR-MAPPED-ADDRESS' = {{127,0,0,1},42284},
      'XOR-PEER-ADDRESS' = [],
      'XOR-RELAYED-ADDRESS' = {{127,0,0,1},64555}} (turn:send/2:527)
2022-08-01 13:22:38.691109+00:00 [debug] Received:
#stun{class = request,method = 4,magic = 554869826,
      trid = 37925889427974406588844067070,
      raw = <<0,4,0,80,33,18,164,66,122,139,143,121,144,15,250,215,213,69,200,
              254,0,6,0,10,50,49,52,53,57,49,51,50,48,48,0,0,0,20,0,11,101,116,
              117,114,110,97,108,46,110,101,116,0,0,21,0,9,51,52,52,55,51,49,
              52,56,49,0,0,0,0,13,0,4,0,0,0,0>>,
      unsupported = [],'ALTERNATE-SERVER' = undefined,
      'CHANNEL-NUMBER' = undefined,'DATA' = undefined,'DONT-FRAGMENT' = false,
      'ERROR-CODE' = undefined,'LIFETIME' = 0,'MAPPED-ADDRESS' = undefined,
      'MESSAGE-INTEGRITY' = <<202,175,204,14,221,144,141,76,182,156,171,153,50,
                              186,114,170,178,219,154,187>>,
      'NONCE' = <<"344731481">>,'REALM' = <<"eturnal.net">>,
      'REQUESTED-ADDRESS-FAMILY' = undefined,
      'REQUESTED-TRANSPORT' = undefined,'SOFTWARE' = undefined,
      'UNKNOWN-ATTRIBUTES' = [],'USERNAME' = <<"2145913200">>,
      'XOR-MAPPED-ADDRESS' = undefined,'XOR-PEER-ADDRESS' = [],
      'XOR-RELAYED-ADDRESS' = undefined} (stun:udp_recv/5:111)
2022-08-01 13:22:38.691235+00:00 [debug] Looking up password for: 2145913200 [UDP, session e332lfhvzp3m, user 2145913200, client 127.0.0.1:42284] (eturnal:get_password/2:215)
2022-08-01 13:22:38.691329+00:00 [info] Accepting long-term STUN/TURN authentication [UDP, session e332lfhvzp3m, user 2145913200, client 127.0.0.1:42284] (stun:process/2:249)
2022-08-01 13:22:38.691475+00:00 [info] Client requested closing the TURN session [UDP, session vd33rbjy3ghe, user 2145913200, client 127.0.0.1:42284, relay 127.0.0.1:64555] (turn:active/2:268)
2022-08-01 13:22:38.691572+00:00 [debug] Sending:
#stun{class = response,method = 4,magic = 554869826,
      trid = 37925889427974406588844067070,raw = <<>>,unsupported = [],
      'ALTERNATE-SERVER' = undefined,'CHANNEL-NUMBER' = undefined,
      'DATA' = undefined,'DONT-FRAGMENT' = false,'ERROR-CODE' = undefined,
      'LIFETIME' = 0,'MAPPED-ADDRESS' = undefined,
      'MESSAGE-INTEGRITY' = undefined,'NONCE' = undefined,'REALM' = undefined,
      'REQUESTED-ADDRESS-FAMILY' = undefined,
      'REQUESTED-TRANSPORT' = undefined,'SOFTWARE' = <<"eturnal">>,
      'UNKNOWN-ATTRIBUTES' = [],'USERNAME' = undefined,
      'XOR-MAPPED-ADDRESS' = undefined,'XOR-PEER-ADDRESS' = [],
      'XOR-RELAYED-ADDRESS' = undefined} (turn:send/2:527)
2022-08-01 13:22:38.691683+00:00 [info] Deleting TURN allocation [UDP, session vd33rbjy3ghe, user 2145913200, client 127.0.0.1:42284, relay 127.0.0.1:64555] (turn:terminate/3:460)
2022-08-01 13:22:38.691754+00:00 [notice] Relayed 0 KiB (in 0 B / 0 packets, out 0 B / 0 packets), duration: 0 seconds [UDP, session vd33rbjy3ghe, user 2145913200, client 127.0.0.1:42284, relay 127.0.0.1:64555] (turn:terminate/3:467)
2022-08-01 13:22:38.691809+00:00 [debug] Running 'turn_session_stop' hook [UDP, session vd33rbjy3ghe, user 2145913200, client 127.0.0.1:42284, relay 127.0.0.1:64555] (turn:run_hook/2:717)
2022-08-01 13:22:38.691889+00:00 [debug] Got 'turn_session_stop' event [UDP, session vd33rbjy3ghe, user 2145913200, client 127.0.0.1:42284, relay 127.0.0.1:64555] (eturnal_module:handle_event/2:176)
2022-08-01 13:22:38.691927+00:00 [debug] Calling mod_stats_influx:handle_event/2 [UDP, session vd33rbjy3ghe, user 2145913200, client 127.0.0.1:42284, relay 127.0.0.1:64555] (eturnal_module:handle_event/2:179)
2022-08-01 13:22:38.691980+00:00 [debug] Writing stats of TURN session vd33rbjy3ghe to InfluxDB [UDP, session vd33rbjy3ghe, user 2145913200, client 127.0.0.1:42284, relay 127.0.0.1:64555] (mod_stats_influx:on_turn_session_stop/1:87)
2022-08-01 13:22:38.692168+00:00 [debug] Calling mod_stats_prometheus:handle_event/2 [UDP, session vd33rbjy3ghe, user 2145913200, client 127.0.0.1:42284, relay 127.0.0.1:64555] (eturnal_module:handle_event/2:179)
2022-08-01 13:22:38.692215+00:00 [debug] Observing stopped TURN session vd33rbjy3ghe for Prometheus [UDP, session vd33rbjy3ghe, user 2145913200, client 127.0.0.1:42284, relay 127.0.0.1:64555] (mod_stats_prometheus:on_turn_session_stop/1:187)
2022-08-01 13:22:38.716334+00:00 [debug] Received:
#stun{class = request,method = 1,magic = 554869826,
      trid = 14853219496656590578836512233,raw = <<>>,unsupported = [],
      'ALTERNATE-SERVER' = undefined,'CHANNEL-NUMBER' = undefined,
      'DATA' = undefined,'DONT-FRAGMENT' = false,'ERROR-CODE' = undefined,
      'LIFETIME' = undefined,'MAPPED-ADDRESS' = undefined,
      'MESSAGE-INTEGRITY' = undefined,'NONCE' = undefined,'REALM' = undefined,
      'REQUESTED-ADDRESS-FAMILY' = undefined,
      'REQUESTED-TRANSPORT' = undefined,'SOFTWARE' = undefined,
      'UNKNOWN-ATTRIBUTES' = [],'USERNAME' = undefined,
      'XOR-MAPPED-ADDRESS' = undefined,'XOR-PEER-ADDRESS' = [],
      'XOR-RELAYED-ADDRESS' = undefined} (stun:udp_recv/5:111)
2022-08-01 13:22:38.716419+00:00 [debug] Responding to STUN request [UDP, session irfrjh968qeb, anonymous, client 127.0.0.1:44986] (stun:process/4:312)
2022-08-01 13:22:38.716461+00:00 [debug] Running 'stun_query' hook [UDP, session irfrjh968qeb, anonymous, client 127.0.0.1:44986] (stun:run_hook/3:820)
2022-08-01 13:22:38.716496+00:00 [debug] Got 'stun_query' event [UDP, session irfrjh968qeb, anonymous, client 127.0.0.1:44986] (eturnal_module:handle_event/2:176)
2022-08-01 13:22:38.716530+00:00 [debug] Calling mod_log_stun:handle_event/2 [UDP, session irfrjh968qeb, anonymous, client 127.0.0.1:44986] (eturnal_module:handle_event/2:179)
2022-08-01 13:22:38.716559+00:00 [info] Responding to STUN request [UDP, session irfrjh968qeb, anonymous, client 127.0.0.1:44986] (mod_log_stun:handle_event/2:44)
2022-08-01 13:22:38.716601+00:00 [debug] Calling mod_stats_influx:handle_event/2 [UDP, session irfrjh968qeb, anonymous, client 127.0.0.1:44986] (eturnal_module:handle_event/2:179)
2022-08-01 13:22:38.716636+00:00 [debug] Writing STUN query event to InfluxDB [UDP, session irfrjh968qeb, anonymous, client 127.0.0.1:44986] (mod_stats_influx:on_stun_query/1:76)
2022-08-01 13:22:38.716833+00:00 [debug] Calling mod_stats_prometheus:handle_event/2 [UDP, session irfrjh968qeb, anonymous, client 127.0.0.1:44986] (eturnal_module:handle_event/2:179)
2022-08-01 13:22:38.716875+00:00 [debug] Observing STUN query for Prometheus [UDP, session irfrjh968qeb, anonymous, client 127.0.0.1:44986] (mod_stats_prometheus:on_stun_query/1:166)
2022-08-01 13:22:38.716996+00:00 [debug] Sending:
#stun{class = response,method = 1,magic = 554869826,
      trid = 14853219496656590578836512233,raw = <<>>,unsupported = [],
      'ALTERNATE-SERVER' = undefined,'CHANNEL-NUMBER' = undefined,
      'DATA' = undefined,'DONT-FRAGMENT' = false,'ERROR-CODE' = undefined,
      'LIFETIME' = undefined,'MAPPED-ADDRESS' = undefined,
      'MESSAGE-INTEGRITY' = undefined,'NONCE' = undefined,'REALM' = undefined,
      'REQUESTED-ADDRESS-FAMILY' = undefined,
      'REQUESTED-TRANSPORT' = undefined,'SOFTWARE' = <<"eturnal">>,
      'UNKNOWN-ATTRIBUTES' = [],'USERNAME' = undefined,
      'XOR-MAPPED-ADDRESS' = {{127,0,0,1},44986},
      'XOR-PEER-ADDRESS' = [],'XOR-RELAYED-ADDRESS' = undefined} (stun:send/3:445)
2022-08-01 13:22:38.741322+00:00 [info] Accepting connection: 127.0.0.1:34542 -> 127.0.0.1:34780 [TCP, session mqnv3r84wzzc] (stun_acceptor:accept/3:158)
2022-08-01 13:22:38.741641+00:00 [debug] Received:
#stun{class = request,method = 1,magic = 554869826,
      trid = 46585836289226755103348473384,raw = <<>>,unsupported = [],
      'ALTERNATE-SERVER' = undefined,'CHANNEL-NUMBER' = undefined,
      'DATA' = undefined,'DONT-FRAGMENT' = false,'ERROR-CODE' = undefined,
      'LIFETIME' = undefined,'MAPPED-ADDRESS' = undefined,
      'MESSAGE-INTEGRITY' = undefined,'NONCE' = undefined,'REALM' = undefined,
      'REQUESTED-ADDRESS-FAMILY' = undefined,
      'REQUESTED-TRANSPORT' = undefined,'SOFTWARE' = undefined,
      'UNKNOWN-ATTRIBUTES' = [],'USERNAME' = undefined,
      'XOR-MAPPED-ADDRESS' = undefined,'XOR-PEER-ADDRESS' = [],
      'XOR-RELAYED-ADDRESS' = undefined} (stun:process_data/3:404)
2022-08-01 13:22:38.741743+00:00 [debug] Responding to STUN request [TCP, session mqnv3r84wzzc, anonymous, client 127.0.0.1:34542] (stun:process/4:312)
2022-08-01 13:22:38.741802+00:00 [debug] Running 'stun_query' hook [TCP, session mqnv3r84wzzc, anonymous, client 127.0.0.1:34542] (stun:run_hook/3:820)
2022-08-01 13:22:38.741857+00:00 [debug] Got 'stun_query' event [TCP, session mqnv3r84wzzc, anonymous, client 127.0.0.1:34542] (eturnal_module:handle_event/2:176)
2022-08-01 13:22:38.741899+00:00 [debug] Calling mod_log_stun:handle_event/2 [TCP, session mqnv3r84wzzc, anonymous, client 127.0.0.1:34542] (eturnal_module:handle_event/2:179)
2022-08-01 13:22:38.741952+00:00 [info] Responding to STUN request [TCP, session mqnv3r84wzzc, anonymous, client 127.0.0.1:34542] (mod_log_stun:handle_event/2:44)
2022-08-01 13:22:38.741993+00:00 [debug] Calling mod_stats_influx:handle_event/2 [TCP, session mqnv3r84wzzc, anonymous, client 127.0.0.1:34542] (eturnal_module:handle_event/2:179)
2022-08-01 13:22:38.742033+00:00 [debug] Writing STUN query event to InfluxDB [TCP, session mqnv3r84wzzc, anonymous, client 127.0.0.1:34542] (mod_stats_influx:on_stun_query/1:76)
2022-08-01 13:22:38.742192+00:00 [debug] Calling mod_stats_prometheus:handle_event/2 [TCP, session mqnv3r84wzzc, anonymous, client 127.0.0.1:34542] (eturnal_module:handle_event/2:179)
2022-08-01 13:22:38.742243+00:00 [debug] Observing STUN query for Prometheus [TCP, session mqnv3r84wzzc, anonymous, client 127.0.0.1:34542] (mod_stats_prometheus:on_stun_query/1:166)
2022-08-01 13:22:38.742334+00:00 [debug] Sending:
#stun{class = response,method = 1,magic = 554869826,
      trid = 46585836289226755103348473384,raw = <<>>,unsupported = [],
      'ALTERNATE-SERVER' = undefined,'CHANNEL-NUMBER' = undefined,
      'DATA' = undefined,'DONT-FRAGMENT' = false,'ERROR-CODE' = undefined,
      'LIFETIME' = undefined,'MAPPED-ADDRESS' = undefined,
      'MESSAGE-INTEGRITY' = undefined,'NONCE' = undefined,'REALM' = undefined,
      'REQUESTED-ADDRESS-FAMILY' = undefined,
      'REQUESTED-TRANSPORT' = undefined,'SOFTWARE' = <<"P1 STUN library">>,
      'UNKNOWN-ATTRIBUTES' = [],'USERNAME' = undefined,
      'XOR-MAPPED-ADDRESS' = {{127,0,0,1},34542},
      'XOR-PEER-ADDRESS' = [],'XOR-RELAYED-ADDRESS' = undefined} (stun:send/3:445)
2022-08-01 13:22:38.742543+00:00 [info] Connection reset by peer [TCP, session mqnv3r84wzzc, anonymous, client 127.0.0.1:34542] (stun:handle_info/3:170)
2022-08-01 13:22:38.766561+00:00 [info] Accepting connection: 127.0.0.1:54588 -> 127.0.0.1:53490 [TLS, session 8417ry8cpdln] (stun_acceptor:accept/3:158)
2022-08-01 13:22:38.874310+00:00 [debug] Received:
#stun{class = request,method = 1,magic = 554869826,
      trid = 19209095835679211902190074928,raw = <<>>,unsupported = [],
      'ALTERNATE-SERVER' = undefined,'CHANNEL-NUMBER' = undefined,
      'DATA' = undefined,'DONT-FRAGMENT' = false,'ERROR-CODE' = undefined,
      'LIFETIME' = undefined,'MAPPED-ADDRESS' = undefined,
      'MESSAGE-INTEGRITY' = undefined,'NONCE' = undefined,'REALM' = undefined,
      'REQUESTED-ADDRESS-FAMILY' = undefined,
      'REQUESTED-TRANSPORT' = undefined,'SOFTWARE' = undefined,
      'UNKNOWN-ATTRIBUTES' = [],'USERNAME' = undefined,
      'XOR-MAPPED-ADDRESS' = undefined,'XOR-PEER-ADDRESS' = [],
      'XOR-RELAYED-ADDRESS' = undefined} (stun:process_data/3:404)
2022-08-01 13:22:38.874467+00:00 [debug] Responding to STUN request [TLS, session 8417ry8cpdln, anonymous, client 127.0.0.1:54588] (stun:process/4:312)
2022-08-01 13:22:38.874521+00:00 [debug] Running 'stun_query' hook [TLS, session 8417ry8cpdln, anonymous, client 127.0.0.1:54588] (stun:run_hook/3:820)
2022-08-01 13:22:38.874603+00:00 [debug] Got 'stun_query' event [TLS, session 8417ry8cpdln, anonymous, client 127.0.0.1:54588] (eturnal_module:handle_event/2:176)
2022-08-01 13:22:38.874640+00:00 [debug] Calling mod_log_stun:handle_event/2 [TLS, session 8417ry8cpdln, anonymous, client 127.0.0.1:54588] (eturnal_module:handle_event/2:179)
2022-08-01 13:22:38.874734+00:00 [info] Responding to STUN request [TLS, session 8417ry8cpdln, anonymous, client 127.0.0.1:54588] (mod_log_stun:handle_event/2:44)
2022-08-01 13:22:38.874772+00:00 [debug] Calling mod_stats_influx:handle_event/2 [TLS, session 8417ry8cpdln, anonymous, client 127.0.0.1:54588] (eturnal_module:handle_event/2:179)
2022-08-01 13:22:38.874807+00:00 [debug] Writing STUN query event to InfluxDB [TLS, session 8417ry8cpdln, anonymous, client 127.0.0.1:54588] (mod_stats_influx:on_stun_query/1:76)
2022-08-01 13:22:38.875006+00:00 [debug] Calling mod_stats_prometheus:handle_event/2 [TLS, session 8417ry8cpdln, anonymous, client 127.0.0.1:54588] (eturnal_module:handle_event/2:179)
2022-08-01 13:22:38.875066+00:00 [debug] Observing STUN query for Prometheus [TLS, session 8417ry8cpdln, anonymous, client 127.0.0.1:54588] (mod_stats_prometheus:on_stun_query/1:166)
2022-08-01 13:22:38.875179+00:00 [debug] Sending:
#stun{class = response,method = 1,magic = 554869826,
      trid = 19209095835679211902190074928,raw = <<>>,unsupported = [],
      'ALTERNATE-SERVER' = undefined,'CHANNEL-NUMBER' = undefined,
      'DATA' = undefined,'DONT-FRAGMENT' = false,'ERROR-CODE' = undefined,
      'LIFETIME' = undefined,'MAPPED-ADDRESS' = undefined,
      'MESSAGE-INTEGRITY' = undefined,'NONCE' = undefined,'REALM' = undefined,
      'REQUESTED-ADDRESS-FAMILY' = undefined,
      'REQUESTED-TRANSPORT' = undefined,'SOFTWARE' = <<"P1 STUN library">>,
      'UNKNOWN-ATTRIBUTES' = [],'USERNAME' = undefined,
      'XOR-MAPPED-ADDRESS' = {{127,0,0,1},54588},
      'XOR-PEER-ADDRESS' = [],'XOR-RELAYED-ADDRESS' = undefined} (stun:send/3:445)
2022-08-01 13:22:38.875547+00:00 [info] Connection reset by peer [TLS, session 8417ry8cpdln, anonymous, client 127.0.0.1:54588] (stun:handle_info/3:170)
2022-08-01 13:22:38.907555+00:00 [info] Accepting connection: 127.0.0.1:39578 -> 127.0.0.1:34781 [TCP|TLS, session 2rlwp9n1dlu9] (stun_acceptor:accept/3:158)
2022-08-01 13:22:38.907708+00:00 [debug] Determined transport protocol: TCP (stun:is_tls_handshake/1:768)
2022-08-01 13:22:38.907986+00:00 [debug] Received:
#stun{class = request,method = 1,magic = 554869826,
      trid = 27863163894965956571682345717,raw = <<>>,unsupported = [],
      'ALTERNATE-SERVER' = undefined,'CHANNEL-NUMBER' = undefined,
      'DATA' = undefined,'DONT-FRAGMENT' = false,'ERROR-CODE' = undefined,
      'LIFETIME' = undefined,'MAPPED-ADDRESS' = undefined,
      'MESSAGE-INTEGRITY' = undefined,'NONCE' = undefined,'REALM' = undefined,
      'REQUESTED-ADDRESS-FAMILY' = undefined,
      'REQUESTED-TRANSPORT' = undefined,'SOFTWARE' = undefined,
      'UNKNOWN-ATTRIBUTES' = [],'USERNAME' = undefined,
      'XOR-MAPPED-ADDRESS' = undefined,'XOR-PEER-ADDRESS' = [],
      'XOR-RELAYED-ADDRESS' = undefined} (stun:process_data/3:404)
2022-08-01 13:22:38.908090+00:00 [debug] Responding to STUN request [TCP, session 2rlwp9n1dlu9, anonymous, client 127.0.0.1:39578] (stun:process/4:312)
2022-08-01 13:22:38.908132+00:00 [debug] Running 'stun_query' hook [TCP, session 2rlwp9n1dlu9, anonymous, client 127.0.0.1:39578] (stun:run_hook/3:820)
2022-08-01 13:22:38.908218+00:00 [debug] Got 'stun_query' event [TCP, session 2rlwp9n1dlu9, anonymous, client 127.0.0.1:39578] (eturnal_module:handle_event/2:176)
2022-08-01 13:22:38.908257+00:00 [debug] Calling mod_log_stun:handle_event/2 [TCP, session 2rlwp9n1dlu9, anonymous, client 127.0.0.1:39578] (eturnal_module:handle_event/2:179)
2022-08-01 13:22:38.908316+00:00 [info] Responding to STUN request [TCP, session 2rlwp9n1dlu9, anonymous, client 127.0.0.1:39578] (mod_log_stun:handle_event/2:44)
2022-08-01 13:22:38.908350+00:00 [debug] Calling mod_stats_influx:handle_event/2 [TCP, session 2rlwp9n1dlu9, anonymous, client 127.0.0.1:39578] (eturnal_module:handle_event/2:179)
2022-08-01 13:22:38.908380+00:00 [debug] Writing STUN query event to InfluxDB [TCP, session 2rlwp9n1dlu9, anonymous, client 127.0.0.1:39578] (mod_stats_influx:on_stun_query/1:76)
2022-08-01 13:22:38.908598+00:00 [debug] Calling mod_stats_prometheus:handle_event/2 [TCP, session 2rlwp9n1dlu9, anonymous, client 127.0.0.1:39578] (eturnal_module:handle_event/2:179)
2022-08-01 13:22:38.908640+00:00 [debug] Observing STUN query for Prometheus [TCP, session 2rlwp9n1dlu9, anonymous, client 127.0.0.1:39578] (mod_stats_prometheus:on_stun_query/1:166)
2022-08-01 13:22:38.908732+00:00 [debug] Sending:
#stun{class = response,method = 1,magic = 554869826,
      trid = 27863163894965956571682345717,raw = <<>>,unsupported = [],
      'ALTERNATE-SERVER' = undefined,'CHANNEL-NUMBER' = undefined,
      'DATA' = undefined,'DONT-FRAGMENT' = false,'ERROR-CODE' = undefined,
      'LIFETIME' = undefined,'MAPPED-ADDRESS' = undefined,
      'MESSAGE-INTEGRITY' = undefined,'NONCE' = undefined,'REALM' = undefined,
      'REQUESTED-ADDRESS-FAMILY' = undefined,
      'REQUESTED-TRANSPORT' = undefined,'SOFTWARE' = <<"P1 STUN library">>,
      'UNKNOWN-ATTRIBUTES' = [],'USERNAME' = undefined,
      'XOR-MAPPED-ADDRESS' = {{127,0,0,1},39578},
      'XOR-PEER-ADDRESS' = [],'XOR-RELAYED-ADDRESS' = undefined} (stun:send/3:445)
2022-08-01 13:22:38.908986+00:00 [info] Connection reset by peer [TCP, session 2rlwp9n1dlu9, anonymous, client 127.0.0.1:39578] (stun:handle_info/3:170)
2022-08-01 13:22:38.934088+00:00 [info] Accepting connection: 127.0.0.1:39580 -> 127.0.0.1:34781 [TCP|TLS, session v93pan4ldibg] (stun_acceptor:accept/3:158)
2022-08-01 13:22:38.934289+00:00 [debug] Determined transport protocol: TLS (stun:is_tls_handshake/1:765)
2022-08-01 13:22:39.041429+00:00 [debug] Received:
#stun{class = request,method = 1,magic = 554869826,
      trid = 26402735595985164241305573210,raw = <<>>,unsupported = [],
      'ALTERNATE-SERVER' = undefined,'CHANNEL-NUMBER' = undefined,
      'DATA' = undefined,'DONT-FRAGMENT' = false,'ERROR-CODE' = undefined,
      'LIFETIME' = undefined,'MAPPED-ADDRESS' = undefined,
      'MESSAGE-INTEGRITY' = undefined,'NONCE' = undefined,'REALM' = undefined,
      'REQUESTED-ADDRESS-FAMILY' = undefined,
      'REQUESTED-TRANSPORT' = undefined,'SOFTWARE' = undefined,
      'UNKNOWN-ATTRIBUTES' = [],'USERNAME' = undefined,
      'XOR-MAPPED-ADDRESS' = undefined,'XOR-PEER-ADDRESS' = [],
      'XOR-RELAYED-ADDRESS' = undefined} (stun:process_data/3:404)
2022-08-01 13:22:39.041618+00:00 [debug] Responding to STUN request [TLS, session v93pan4ldibg, anonymous, client 127.0.0.1:39580] (stun:process/4:312)
2022-08-01 13:22:39.041672+00:00 [debug] Running 'stun_query' hook [TLS, session v93pan4ldibg, anonymous, client 127.0.0.1:39580] (stun:run_hook/3:820)
2022-08-01 13:22:39.041786+00:00 [debug] Got 'stun_query' event [TLS, session v93pan4ldibg, anonymous, client 127.0.0.1:39580] (eturnal_module:handle_event/2:176)
2022-08-01 13:22:39.041846+00:00 [debug] Calling mod_log_stun:handle_event/2 [TLS, session v93pan4ldibg, anonymous, client 127.0.0.1:39580] (eturnal_module:handle_event/2:179)
2022-08-01 13:22:39.041926+00:00 [info] Responding to STUN request [TLS, session v93pan4ldibg, anonymous, client 127.0.0.1:39580] (mod_log_stun:handle_event/2:44)
2022-08-01 13:22:39.041962+00:00 [debug] Calling mod_stats_influx:handle_event/2 [TLS, session v93pan4ldibg, anonymous, client 127.0.0.1:39580] (eturnal_module:handle_event/2:179)
2022-08-01 13:22:39.042002+00:00 [debug] Writing STUN query event to InfluxDB [TLS, session v93pan4ldibg, anonymous, client 127.0.0.1:39580] (mod_stats_influx:on_stun_query/1:76)
2022-08-01 13:22:39.042239+00:00 [debug] Calling mod_stats_prometheus:handle_event/2 [TLS, session v93pan4ldibg, anonymous, client 127.0.0.1:39580] (eturnal_module:handle_event/2:179)
2022-08-01 13:22:39.042323+00:00 [debug] Observing STUN query for Prometheus [TLS, session v93pan4ldibg, anonymous, client 127.0.0.1:39580] (mod_stats_prometheus:on_stun_query/1:166)
2022-08-01 13:22:39.042429+00:00 [debug] Sending:
#stun{class = response,method = 1,magic = 554869826,
      trid = 26402735595985164241305573210,raw = <<>>,unsupported = [],
      'ALTERNATE-SERVER' = undefined,'CHANNEL-NUMBER' = undefined,
      'DATA' = undefined,'DONT-FRAGMENT' = false,'ERROR-CODE' = undefined,
      'LIFETIME' = undefined,'MAPPED-ADDRESS' = undefined,
      'MESSAGE-INTEGRITY' = undefined,'NONCE' = undefined,'REALM' = undefined,
      'REQUESTED-ADDRESS-FAMILY' = undefined,
      'REQUESTED-TRANSPORT' = undefined,'SOFTWARE' = <<"P1 STUN library">>,
      'UNKNOWN-ATTRIBUTES' = [],'USERNAME' = undefined,
      'XOR-MAPPED-ADDRESS' = {{127,0,0,1},39580},
      'XOR-PEER-ADDRESS' = [],'XOR-RELAYED-ADDRESS' = undefined} (stun:send/3:445)
2022-08-01 13:22:39.042779+00:00 [info] Connection reset by peer [TLS, session v93pan4ldibg, anonymous, client 127.0.0.1:39580] (stun:handle_info/3:170)
2022-08-01 13:22:39.071671+00:00 [debug] No NOTIFY_SOCKET, dropping STOPPING=1 notification (eturnal_systemd:handle_cast/2:108)
2022-08-01 13:22:39.071696+00:00 [debug] Terminating eturnal (shutdown) (eturnal:terminate/2:180)
2022-08-01 13:22:39.071879+00:00 [debug] Watchdog interval is undefined, hibernating (eturnal_systemd:get_timeout/1:161)
2022-08-01 13:22:39.072059+00:00 [info] Stopped listening on 127.0.0.1:34780 (udp) (eturnal:stop_listeners/1:369)
2022-08-01 13:22:39.072587+00:00 [info] Stopped listening on 127.0.0.1:34780 (tcp) (eturnal:stop_listeners/1:369)
2022-08-01 13:22:39.072725+00:00 [info] Stopped listening on 127.0.0.1:53490 (tls) (eturnal:stop_listeners/1:369)
2022-08-01 13:22:39.073238+00:00 [info] Stopped listening on 127.0.0.1:34781 (auto) (eturnal:stop_listeners/1:369)
2022-08-01 13:22:39.073477+00:00 [debug] Calling mod_log_stun:stop/1 (eturnal_module:stop/1:162)
2022-08-01 13:22:39.073594+00:00 [debug] Stopping mod_log_stun (mod_log_stun:stop/0:49)
2022-08-01 13:22:39.073684+00:00 [info] Stopped mod_log_stun (eturnal:stop_modules/1:326)
2022-08-01 13:22:39.075070+00:00 [debug] Calling mod_stats_influx:stop/1 (eturnal_module:stop/1:162)
2022-08-01 13:22:39.075269+00:00 [debug] Stopping mod_stats_influx (mod_stats_influx:stop/0:61)
2022-08-01 13:22:39.075426+00:00 [info] Stopped mod_stats_influx (eturnal:stop_modules/1:326)
2022-08-01 13:22:39.077220+00:00 [debug] Calling mod_stats_prometheus:stop/1 (eturnal_module:stop/1:162)
2022-08-01 13:22:39.077847+00:00 [debug] Stopping mod_stats_prometheus (mod_stats_prometheus:stop/0:110)
2022-08-01 13:22:39.078482+00:00 [info] Stopped mod_stats_prometheus (eturnal:stop_modules/1:326)
2022-08-01 13:22:39.078793+00:00 [debug] Removed run/cert.pem (eturnal:clean_run_dir/0:745)
2022-08-01 13:22:39.078976+00:00 [debug] Terminating eturnal_systemd (shutdown) (eturnal_systemd:terminate/2:135)
2022-08-01 13:22:39.079140+00:00 [notice] Stopping eturnal 1.10.0 on Erlang/OTP 25 (ERTS 13.0) (eturnal_app:stop/1:53)
