2025-08-21 11:50:50.452084+00:00 [notice] Starting eturnal 1.12.2 on Erlang/OTP 28 (ERTS 16.0) (eturnal_app:start/2:34)
2025-08-21 11:50:50.452235+00:00 [debug] Starting supervisor: eturnal_sup (eturnal_sup:start_link/0:31)
2025-08-21 11:50:50.452347+00:00 [debug] Configuring eturnal_sup supervisor: [#{id => systemd,
                                       start =>
                                           {eturnal_systemd,start_link,[]}},
                                     #{id => eturnal,
                                       start => {eturnal,start_link,[]}}] (eturnal_sup:init/0:39)
2025-08-21 11:50:50.453649+00:00 [info] Got no NOTIFY_SOCKET, notifications disabled (eturnal_systemd:init/1:86)
2025-08-21 11:50:50.453776+00:00 [debug] PROGRESS REPORT:
    supervisor: {local,eturnal_sup}
    started: [{pid,<0.1023.0>},
              {id,systemd},
              {mfargs,{eturnal_systemd,start_link,[]}},
              {restart_type,permanent},
              {significant,false},
              {shutdown,5000},
              {child_type,worker}]
 (supervisor:report_progress/3:2240)
2025-08-21 11:50:50.453910+00:00 [info] Relay IPv4 address: 127.0.0.1 (port range: 49152-65535) (eturnal:log_relay_addresses/0:349)
2025-08-21 11:50:50.454063+00:00 [info] Relay IPv6 address not configured (eturnal:log_relay_addresses/0:359)
2025-08-21 11:50:50.472012+00:00 [info] Cannot determine control query port: noport (eturnal:log_control_listener/0:374)
2025-08-21 11:50:50.472245+00:00 [debug] Using run directory run (eturnal:ensure_run_dir/0:861)
2025-08-21 11:50:50.472349+00:00 [debug] TURN configuration seems fine (eturnal:check_turn_config/0:604)
2025-08-21 11:50:50.472453+00:00 [warning] TLS enabled without 'tls_crt_file', creating self-signed certificate (eturnal:check_pem_file/0:807)
2025-08-21 11:50:51.242946+00:00 [debug] Calling mod_stats_prometheus:start/0 (eturnal_module:start/1:143)
2025-08-21 11:50:51.243210+00:00 [debug] Starting mod_stats_prometheus (mod_stats_prometheus:start/0:56)
2025-08-21 11:50:51.252394+00:00 [debug] PROGRESS REPORT:
    application: prometheus
    started_at: nonode@nohost
 (application_controller:info_started/2:2117)
2025-08-21 11:50:51.254171+00:00 [debug] PROGRESS REPORT:
    application: accept
    started_at: nonode@nohost
 (application_controller:info_started/2:2117)
2025-08-21 11:50:51.267327+00:00 [debug] PROGRESS REPORT:
    application: prometheus_httpd
    started_at: nonode@nohost
 (application_controller:info_started/2:2117)
2025-08-21 11:50:51.267338+00:00 [debug] Dependency prometheus_httpd was available already (eturnal_module:ensure_dep/2:284)
2025-08-21 11:50:51.299818+00:00 [debug] PROGRESS REPORT:
    supervisor: {local,httpd_instance_sup__127_0_0_1__9081default}
    started: [{pid,<0.1043.0>},
              {id,{httpd_connection_sup,{127,0,0,1},9081,default}},
              {mfargs,{httpd_connection_sup,start_link,[[{127,0,0,1},9081]]}},
              {restart_type,permanent},
              {significant,false},
              {shutdown,5000},
              {child_type,supervisor}]
 (supervisor:report_progress/3:2240)
2025-08-21 11:50:51.302556+00:00 [debug] PROGRESS REPORT:
    supervisor: {local,httpd_instance_sup__127_0_0_1__9081default}
    started: [{pid,<0.1044.0>},
              {id,{httpd_misc_sup,{127,0,0,1},9081,default}},
              {mfargs,{httpd_misc_sup,start_link,[{127,0,0,1},9081,default]}},
              {restart_type,permanent},
              {significant,false},
              {shutdown,infinity},
              {child_type,supervisor}]
 (supervisor:report_progress/3:2240)
2025-08-21 11:50:51.305743+00:00 [debug] PROGRESS REPORT:
    supervisor: {local,httpd_instance_sup__127_0_0_1__9081default}
    started: [{pid,<0.1045.0>},
              {id,{httpd_manager,{127,0,0,1},9081,default}},
              {mfargs,
                  {httpd_manager,start_link,
                      [undefined,
                       [{bind_address,{127,0,0,1}},
                        {socket_type,ip_comm},
                        {port,9081},
                        {server_root,"run/mod_stats_prometheus/doc"},
                        {document_root,"run/mod_stats_prometheus/doc"},
                        {server_name,"Prometheus Exporter"},
                        {modules,[prometheus_httpd]}],
                       15000]}},
              {restart_type,permanent},
              {significant,false},
              {shutdown,4000},
              {child_type,worker}]
 (supervisor:report_progress/3:2240)
2025-08-21 11:50:51.319131+00:00 [debug] PROGRESS REPORT:
    supervisor: {local,httpd_acceptor_sup__127_0_0_1__9081default}
    started: [{pid,<0.1047.0>},
              {id,{httpd_acceptor_sup,{127,0,0,1},9081,default}},
              {mfargs,{httpd_acceptor,start_link,
                                      [httpd__127_0_0_1__9081default,ip_comm,
                                       {127,0,0,1},
                                       9081,inet,
                                       httpd_conf__127_0_0_1__9081default,
                                       15000]}},
              {restart_type,transient},
              {significant,false},
              {shutdown,brutal_kill},
              {child_type,worker}]
 (supervisor:report_progress/3:2240)
2025-08-21 11:50:51.319302+00:00 [debug] PROGRESS REPORT:
    supervisor: {local,httpd_instance_sup__127_0_0_1__9081default}
    started: [{pid,<0.1046.0>},
              {id,{httpd_acceptor_sup,{127,0,0,1},9081,default}},
              {mfargs,
                  {httpd_acceptor_sup,start_link,
                      [[{127,0,0,1},
                        9081,
                        [{bind_address,{127,0,0,1}},
                         {socket_type,ip_comm},
                         {port,9081},
                         {server_root,"run/mod_stats_prometheus/doc"},
                         {document_root,"run/mod_stats_prometheus/doc"},
                         {server_name,"Prometheus Exporter"},
                         {modules,[prometheus_httpd]}],
                        15000,undefined]]}},
              {restart_type,permanent},
              {significant,false},
              {shutdown,infinity},
              {child_type,supervisor}]
 (supervisor:report_progress/3:2240)
2025-08-21 11:50:51.319472+00:00 [debug] PROGRESS REPORT:
    supervisor: {local,httpd_sup}
    started: [{pid,<0.1042.0>},
              {id,{httpd_instance_sup,{127,0,0,1},9081,default}},
              {mfargs,
                  {httpd_instance_sup,start_link,
                      [[{bind_address,{127,0,0,1}},
                        {socket_type,ip_comm},
                        {port,9081},
                        {server_root,"run/mod_stats_prometheus/doc"},
                        {document_root,"run/mod_stats_prometheus/doc"},
                        {server_name,"Prometheus Exporter"},
                        {modules,[prometheus_httpd]}],
                       15000,[]]}},
              {restart_type,permanent},
              {significant,false},
              {shutdown,infinity},
              {child_type,supervisor}]
 (supervisor:report_progress/3:2250)
2025-08-21 11:50:51.319656+00:00 [info] Started mod_stats_prometheus (eturnal:start_modules/0:385)
2025-08-21 11:50:51.319757+00:00 [debug] Calling mod_log_stun:start/0 (eturnal_module:start/1:143)
2025-08-21 11:50:51.319894+00:00 [debug] Starting mod_log_stun (mod_log_stun:start/0:38)
2025-08-21 11:50:51.320046+00:00 [info] Started mod_log_stun (eturnal:start_modules/0:385)
2025-08-21 11:50:51.320148+00:00 [debug] Calling mod_stats_influx:start/0 (eturnal_module:start/1:143)
2025-08-21 11:50:51.320713+00:00 [debug] Starting mod_stats_influx (mod_stats_influx:start/0:37)
2025-08-21 11:50:51.323319+00:00 [debug] PROGRESS REPORT:
    application: ulitos
    started_at: nonode@nohost
 (application_controller:info_started/2:2117)
2025-08-21 11:50:51.324640+00:00 [debug] PROGRESS REPORT:
    application: poolboy
    started_at: nonode@nohost
 (application_controller:info_started/2:2117)
2025-08-21 11:50:51.325472+00:00 [info]     msg: Starting application: influx_udp (influx_udp_app:start/2:10)
2025-08-21 11:50:51.327704+00:00 [debug] PROGRESS REPORT:
    supervisor: {local,influx_udp_sup}
    started: [{pid,<0.1058.0>},
              {id,influx_udp},
              {mfargs,{influx_udp,start_link,[]}},
              {restart_type,permanent},
              {significant,false},
              {shutdown,5000},
              {child_type,worker}]
 (supervisor:report_progress/3:2240)
2025-08-21 11:50:51.327846+00:00 [debug] PROGRESS REPORT:
    application: influx_udp
    started_at: nonode@nohost
 (application_controller:info_started/2:2117)
2025-08-21 11:50:51.327863+00:00 [debug] Dependency influx_udp was available already (eturnal_module:ensure_dep/2:284)
2025-08-21 11:50:51.331790+00:00 [info]     options: #{port => 8089,host => "localhost",pool_size => 1,
               max_overflow => 1}
    msg: Start clients pool
    host: {127,0,0,1} (influx_udp:start_pool_/2:239)
2025-08-21 11:50:51.344002+00:00 [info]     port: 51902
    msg: Open UDP socket on port (influx_udp_worker:init/1:43)
2025-08-21 11:50:51.344174+00:00 [debug] PROGRESS REPORT:
    supervisor: {local,influx_udp_sup}
    started: [{pid,<0.1061.0>},
              {id,stats_influx_pool},
              {mfargs,
                  {poolboy,start_link,
                      [[{name,{local,stats_influx_pool}},
                        {worker_module,influx_udp_worker},
                        {size,1},
                        {max_overflow,1}],
                       [{options,
                            #{port => 8089,
                              host => {127,0,0,1},
                              pool_size => 1,max_overflow => 1}}]]}},
              {restart_type,permanent},
              {significant,false},
              {shutdown,5000},
              {child_type,worker}]
 (supervisor:report_progress/3:2250)
2025-08-21 11:50:51.344335+00:00 [info] Started mod_stats_influx (eturnal:start_modules/0:385)
2025-08-21 11:50:51.344646+00:00 [debug] Starting listener 127.0.0.1:34780 (udp) with options:
[{use_turn,true},
 {auth_type,user},
 {turn_ipv4_address,{127,0,0,1}},
 {turn_min_port,49152},
 {turn_max_port,65535},
 {turn_max_allocations,10},
 {turn_max_permissions,10},
 {shaper,100000},
 {auth_realm,<<"eturnal.net">>},
 {server_name,<<"eturnal">>},
 {auth_fun,fun eturnal:get_password/2},
 {hook_fun,fun eturnal:run_hook/2},
 {turn_blacklist_clients,[{{127,0,0,1},8}]},
 {turn_blacklist_peers,[{{10,0,0,0},8},
                        {{100,64,0,0},10},
                        {{127,0,0,0},8},
                        {{169,254,0,0},16},
                        {{172,16,0,0},12},
                        {{192,0,0,0},24},
                        {{192,0,2,0},24},
                        {{192,88,99,0},24},
                        {{192,168,0,0},16},
                        {{198,18,0,0},15},
                        {{198,51,100,0},24},
                        {{203,0,113,0},24},
                        {{224,0,0,0},4},
                        {{240,0,0,0},4},
                        {{0,0,0,0,0,0,0,1},128},
                        {{100,65435,0,0,0,0,0,0},96},
                        {{256,0,0,0,0,0,0,0},64},
                        {{8193,3512,0,0,0,0,0,0},32},
                        {{64512,0,0,0,0,0,0,0},7},
                        {{65152,0,0,0,0,0,0,0},10},
                        {{65280,0,0,0,0,0,0,0},8}]},
 {turn_whitelist_clients,[{{127,0,0,1},32}]},
 {turn_whitelist_peers,[{{127,0,0,1},32},
                        {{203,0,113,113},32},
                        {{8193,3512,0,0,0,0,0,0},64}]}] (eturnal:start_listeners/0:420)
2025-08-21 11:50:51.359202+00:00 [info] Listening on 127.0.0.1:34780 (udp) (STUN/TURN) (eturnal:start_listeners/0:427)
2025-08-21 11:50:51.359361+00:00 [debug] Starting listener 127.0.0.1:34780 (tcp) with options:
[{use_turn,false},
 {auth_type,anonymous},
 {turn_ipv4_address,{127,0,0,1}},
 {turn_min_port,49152},
 {turn_max_port,65535},
 {turn_max_allocations,10},
 {turn_max_permissions,10},
 {shaper,100000},
 {auth_realm,<<"eturnal.net">>},
 {server_name,<<"eturnal">>},
 {auth_fun,fun eturnal:get_password/2},
 {hook_fun,fun eturnal:run_hook/2},
 {turn_blacklist_clients,[{{127,0,0,1},8}]},
 {turn_blacklist_peers,[{{10,0,0,0},8},
                        {{100,64,0,0},10},
                        {{127,0,0,0},8},
                        {{169,254,0,0},16},
                        {{172,16,0,0},12},
                        {{192,0,0,0},24},
                        {{192,0,2,0},24},
                        {{192,88,99,0},24},
                        {{192,168,0,0},16},
                        {{198,18,0,0},15},
                        {{198,51,100,0},24},
                        {{203,0,113,0},24},
                        {{224,0,0,0},4},
                        {{240,0,0,0},4},
                        {{0,0,0,0,0,0,0,1},128},
                        {{100,65435,0,0,0,0,0,0},96},
                        {{256,0,0,0,0,0,0,0},64},
                        {{8193,3512,0,0,0,0,0,0},32},
                        {{64512,0,0,0,0,0,0,0},7},
                        {{65152,0,0,0,0,0,0,0},10},
                        {{65280,0,0,0,0,0,0,0},8}]},
 {turn_whitelist_clients,[{{127,0,0,1},32}]},
 {turn_whitelist_peers,[{{127,0,0,1},32},
                        {{203,0,113,113},32},
                        {{8193,3512,0,0,0,0,0,0},64}]}] (eturnal:start_listeners/0:420)
2025-08-21 11:50:51.360053+00:00 [info] Listening on 127.0.0.1:34780 (tcp) (STUN only) (eturnal:start_listeners/0:427)
2025-08-21 11:50:51.360162+00:00 [debug] Starting listener 127.0.0.1:53490 (tls) with options:
[{use_turn,false},
 {auth_type,anonymous},
 {tls,true},
 {certfile,<<"run/cert.pem">>},
 {ciphers,<<"HIGH:!aNULL:@STRENGTH">>},
 {protocol_options,<<"no_tlsv1|no_tlsv1_1|cipher_server_preference">>},
 {turn_ipv4_address,{127,0,0,1}},
 {turn_min_port,49152},
 {turn_max_port,65535},
 {turn_max_allocations,10},
 {turn_max_permissions,10},
 {shaper,100000},
 {auth_realm,<<"eturnal.net">>},
 {server_name,<<"eturnal">>},
 {auth_fun,fun eturnal:get_password/2},
 {hook_fun,fun eturnal:run_hook/2},
 {turn_blacklist_clients,[{{127,0,0,1},8}]},
 {turn_blacklist_peers,[{{10,0,0,0},8},
                        {{100,64,0,0},10},
                        {{127,0,0,0},8},
                        {{169,254,0,0},16},
                        {{172,16,0,0},12},
                        {{192,0,0,0},24},
                        {{192,0,2,0},24},
                        {{192,88,99,0},24},
                        {{192,168,0,0},16},
                        {{198,18,0,0},15},
                        {{198,51,100,0},24},
                        {{203,0,113,0},24},
                        {{224,0,0,0},4},
                        {{240,0,0,0},4},
                        {{0,0,0,0,0,0,0,1},128},
                        {{100,65435,0,0,0,0,0,0},96},
                        {{256,0,0,0,0,0,0,0},64},
                        {{8193,3512,0,0,0,0,0,0},32},
                        {{64512,0,0,0,0,0,0,0},7},
                        {{65152,0,0,0,0,0,0,0},10},
                        {{65280,0,0,0,0,0,0,0},8}]},
 {turn_whitelist_clients,[{{127,0,0,1},32}]},
 {turn_whitelist_peers,[{{127,0,0,1},32},
                        {{203,0,113,113},32},
                        {{8193,3512,0,0,0,0,0,0},64}]}] (eturnal:start_listeners/0:420)
2025-08-21 11:50:51.360791+00:00 [info] Listening on 127.0.0.1:53490 (tls) (STUN only) (eturnal:start_listeners/0:427)
2025-08-21 11:50:51.360913+00:00 [debug] Starting listener 127.0.0.1:34781 (auto) with options:
[{use_turn,false},
 {auth_type,anonymous},
 {tls,optional},
 {certfile,<<"run/cert.pem">>},
 {ciphers,<<"HIGH:!aNULL:@STRENGTH">>},
 {protocol_options,<<"no_tlsv1|no_tlsv1_1|cipher_server_preference">>},
 {turn_ipv4_address,{127,0,0,1}},
 {turn_min_port,49152},
 {turn_max_port,65535},
 {turn_max_allocations,10},
 {turn_max_permissions,10},
 {shaper,100000},
 {auth_realm,<<"eturnal.net">>},
 {server_name,<<"eturnal">>},
 {auth_fun,fun eturnal:get_password/2},
 {hook_fun,fun eturnal:run_hook/2},
 {turn_blacklist_clients,[{{127,0,0,1},8}]},
 {turn_blacklist_peers,[{{10,0,0,0},8},
                        {{100,64,0,0},10},
                        {{127,0,0,0},8},
                        {{169,254,0,0},16},
                        {{172,16,0,0},12},
                        {{192,0,0,0},24},
                        {{192,0,2,0},24},
                        {{192,88,99,0},24},
                        {{192,168,0,0},16},
                        {{198,18,0,0},15},
                        {{198,51,100,0},24},
                        {{203,0,113,0},24},
                        {{224,0,0,0},4},
                        {{240,0,0,0},4},
                        {{0,0,0,0,0,0,0,1},128},
                        {{100,65435,0,0,0,0,0,0},96},
                        {{256,0,0,0,0,0,0,0},64},
                        {{8193,3512,0,0,0,0,0,0},32},
                        {{64512,0,0,0,0,0,0,0},7},
                        {{65152,0,0,0,0,0,0,0},10},
                        {{65280,0,0,0,0,0,0,0},8}]},
 {turn_whitelist_clients,[{{127,0,0,1},32}]},
 {turn_whitelist_peers,[{{127,0,0,1},32},
                        {{203,0,113,113},32},
                        {{8193,3512,0,0,0,0,0,0},64}]}] (eturnal:start_listeners/0:420)
2025-08-21 11:50:51.381885+00:00 [info] Listening on 127.0.0.1:34781 (auto) (STUN only) (eturnal:start_listeners/0:427)
2025-08-21 11:50:51.382002+00:00 [debug] Started 3 modules (eturnal:init/1:105)
2025-08-21 11:50:51.382082+00:00 [debug] Started 4 listeners (eturnal:init/1:106)
2025-08-21 11:50:51.382170+00:00 [debug] PROGRESS REPORT:
    supervisor: {local,eturnal_sup}
    started: [{pid,<0.1025.0>},
              {id,eturnal},
              {mfargs,{eturnal,start_link,[]}},
              {restart_type,permanent},
              {significant,false},
              {shutdown,5000},
              {child_type,worker}]
 (supervisor:report_progress/3:2240)
2025-08-21 11:50:51.382281+00:00 [debug] No NOTIFY_SOCKET, dropping READY=1 notification (eturnal_systemd:handle_cast/2:99)
2025-08-21 11:50:51.382297+00:00 [debug] PROGRESS REPORT:
    application: eturnal
    started_at: nonode@nohost
 (application_controller:info_started/2:2117)
2025-08-21 11:50:51.408860+00:00 [debug] Handling API call: get_status() (eturnal_ctl:get_status/0:129)
2025-08-21 11:50:51.408991+00:00 [debug] eturnal call (get_status) returned ok (eturnal_ctl:call/1:444)
2025-08-21 11:50:51.431532+00:00 [debug] Handling API call: get_info() (eturnal_ctl:get_info/0:139)
2025-08-21 11:50:51.432071+00:00 [debug] eturnal call (get_info) returned {ok,
                                  {eturnal_node_info,<<"1.12.2">>,
                                   {"28","16.0"},
                                   2865,0,179,97444803,2,57399648}} (eturnal_ctl:call/1:447)
2025-08-21 11:50:51.455353+00:00 [debug] Handling API call: get_sessions() (eturnal_ctl:get_sessions/0:100)
2025-08-21 11:50:51.478532+00:00 [debug] Handling API call: get_sessions("alice") (eturnal_ctl:get_sessions/1:110)
2025-08-21 11:50:51.478769+00:00 [debug] Handling API call: get_sessions("1256900400:alice") (eturnal_ctl:get_sessions/1:110)
2025-08-21 11:50:51.479005+00:00 [debug] Handling API call: get_sessions(alice) (eturnal_ctl:get_sessions/1:110)
2025-08-21 11:50:51.479109+00:00 [debug] Cannot convert user name to binary: alice (eturnal_ctl:get_sessions/1:123)
2025-08-21 11:50:51.501595+00:00 [debug] Handling API call: disconnect("alice") (eturnal_ctl:disconnect/1:188)
2025-08-21 11:50:51.501829+00:00 [debug] Handling API call: disconnect(alice) (eturnal_ctl:disconnect/1:188)
2025-08-21 11:50:51.501919+00:00 [debug] Cannot convert user name to binary: alice (eturnal_ctl:disconnect/1:198)
2025-08-21 11:50:51.524536+00:00 [debug] Handling API call: get_credentials("2009-10-30 11:00:00Z", []) (eturnal_ctl:get_credentials/2:60)
2025-08-21 11:50:51.524732+00:00 [debug] eturnal call ({get_password,<<"1256900400">>}) returned {ok,
                                                         <<"uEKlpcME7MNMMVRV8rUFPCTIFEs=">>} (eturnal_ctl:call/1:447)
2025-08-21 11:50:51.528008+00:00 [debug] Handling API call: get_credentials("86400", "alice") (eturnal_ctl:get_credentials/2:60)
2025-08-21 11:50:51.528174+00:00 [debug] eturnal call ({get_password,<<"1755863451:alice">>}) returned {ok,
                                                               <<"JK1RztLBLD7s2/vZwkzie/oh8X0=">>} (eturnal_ctl:call/1:447)
2025-08-21 11:50:51.528324+00:00 [debug] Handling API call: get_password("1755863451:alice") (eturnal_ctl:get_password/1:79)
2025-08-21 11:50:51.528450+00:00 [debug] eturnal call ({get_password,<<"1755863451:alice">>}) returned {ok,
                                                               <<"JK1RztLBLD7s2/vZwkzie/oh8X0=">>} (eturnal_ctl:call/1:447)
2025-08-21 11:50:51.528639+00:00 [debug] Handling API call: get_credentials("86400s", "alice") (eturnal_ctl:get_credentials/2:60)
2025-08-21 11:50:51.528779+00:00 [debug] eturnal call ({get_password,<<"1755863451:alice">>}) returned {ok,
                                                               <<"JK1RztLBLD7s2/vZwkzie/oh8X0=">>} (eturnal_ctl:call/1:447)
2025-08-21 11:50:51.528928+00:00 [debug] Handling API call: get_password("1755863451:alice") (eturnal_ctl:get_password/1:79)
2025-08-21 11:50:51.529058+00:00 [debug] eturnal call ({get_password,<<"1755863451:alice">>}) returned {ok,
                                                               <<"JK1RztLBLD7s2/vZwkzie/oh8X0=">>} (eturnal_ctl:call/1:447)
2025-08-21 11:50:51.529246+00:00 [debug] Handling API call: get_credentials("1440m", "alice") (eturnal_ctl:get_credentials/2:60)
2025-08-21 11:50:51.529389+00:00 [debug] eturnal call ({get_password,<<"1755863451:alice">>}) returned {ok,
                                                               <<"JK1RztLBLD7s2/vZwkzie/oh8X0=">>} (eturnal_ctl:call/1:447)
2025-08-21 11:50:51.529522+00:00 [debug] Handling API call: get_password("1755863451:alice") (eturnal_ctl:get_password/1:79)
2025-08-21 11:50:51.529678+00:00 [debug] eturnal call ({get_password,<<"1755863451:alice">>}) returned {ok,
                                                               <<"JK1RztLBLD7s2/vZwkzie/oh8X0=">>} (eturnal_ctl:call/1:447)
2025-08-21 11:50:51.529872+00:00 [debug] Handling API call: get_credentials("24h", "alice") (eturnal_ctl:get_credentials/2:60)
2025-08-21 11:50:51.530000+00:00 [debug] eturnal call ({get_password,<<"1755863451:alice">>}) returned {ok,
                                                               <<"JK1RztLBLD7s2/vZwkzie/oh8X0=">>} (eturnal_ctl:call/1:447)
2025-08-21 11:50:51.530126+00:00 [debug] Handling API call: get_password("1755863451:alice") (eturnal_ctl:get_password/1:79)
2025-08-21 11:50:51.530246+00:00 [debug] eturnal call ({get_password,<<"1755863451:alice">>}) returned {ok,
                                                               <<"JK1RztLBLD7s2/vZwkzie/oh8X0=">>} (eturnal_ctl:call/1:447)
2025-08-21 11:50:51.530429+00:00 [debug] Handling API call: get_credentials("1d", "alice") (eturnal_ctl:get_credentials/2:60)
2025-08-21 11:50:51.530592+00:00 [debug] eturnal call ({get_password,<<"1755863451:alice">>}) returned {ok,
                                                               <<"JK1RztLBLD7s2/vZwkzie/oh8X0=">>} (eturnal_ctl:call/1:447)
2025-08-21 11:50:51.530722+00:00 [debug] Handling API call: get_password("1755863451:alice") (eturnal_ctl:get_password/1:79)
2025-08-21 11:50:51.530840+00:00 [debug] eturnal call ({get_password,<<"1755863451:alice">>}) returned {ok,
                                                               <<"JK1RztLBLD7s2/vZwkzie/oh8X0=">>} (eturnal_ctl:call/1:447)
2025-08-21 11:50:51.530998+00:00 [debug] Handling API call: get_password("Invalid") (eturnal_ctl:get_password/1:79)
2025-08-21 11:50:51.531114+00:00 [debug] eturnal call ({get_password,<<"Invalid">>}) returned {error,no_credentials} (eturnal_ctl:call/1:450)
2025-08-21 11:50:51.531216+00:00 [debug] Handling API call: get_credentials("Invalid", []) (eturnal_ctl:get_credentials/2:60)
2025-08-21 11:50:51.531316+00:00 [debug] Invalid argument(s): "Invalid":[] (eturnal_ctl:get_credentials/2:73)
2025-08-21 11:50:51.531409+00:00 [debug] Handling API call: get_password(invalid) (eturnal_ctl:get_password/1:79)
2025-08-21 11:50:51.531490+00:00 [debug] Cannot convert user name to binary: invalid (eturnal_ctl:get_password/1:94)
2025-08-21 11:50:51.531587+00:00 [debug] Handling API call: get_credentials(invalid, []) (eturnal_ctl:get_credentials/2:60)
2025-08-21 11:50:51.531689+00:00 [debug] Invalid argument(s): invalid:[] (eturnal_ctl:get_credentials/2:73)
2025-08-21 11:50:51.531769+00:00 [debug] Handling API call: get_password([invalid]) (eturnal_ctl:get_password/1:79)
2025-08-21 11:50:51.531846+00:00 [debug] Cannot convert user name to binary: [invalid] (eturnal_ctl:get_password/1:94)
2025-08-21 11:50:51.531950+00:00 [debug] Handling API call: get_credentials([invalid], []) (eturnal_ctl:get_credentials/2:60)
2025-08-21 11:50:51.532048+00:00 [debug] Invalid argument(s): [invalid]:[] (eturnal_ctl:get_credentials/2:73)
2025-08-21 11:50:51.532178+00:00 [debug] Handling API call: get_credentials(1256900400, invalid) (eturnal_ctl:get_credentials/2:60)
2025-08-21 11:50:51.532263+00:00 [debug] Invalid argument(s): 1256900400:invalid (eturnal_ctl:get_credentials/2:73)
2025-08-21 11:50:51.532387+00:00 [debug] Handling API call: get_password("alice") (eturnal_ctl:get_password/1:79)
2025-08-21 11:50:51.532493+00:00 [debug] eturnal call ({get_password,<<"alice">>}) returned {ok,<<"l0vesBob">>} (eturnal_ctl:call/1:447)
2025-08-21 11:50:51.555310+00:00 [debug] Handling API call: set_loglevel(debug) (eturnal_ctl:set_loglevel/1:169)
2025-08-21 11:50:51.555481+00:00 [debug] eturnal call ({set_loglevel,debug}) returned ok (eturnal_ctl:call/1:444)
2025-08-21 11:50:51.555665+00:00 [debug] Handling API call: get_loglevel() (eturnal_ctl:get_loglevel/0:159)
2025-08-21 11:50:51.555762+00:00 [debug] eturnal call (get_loglevel) returned {ok,debug} (eturnal_ctl:call/1:447)
2025-08-21 11:50:51.556204+00:00 [debug] Handling API call: set_loglevel(invalid) (eturnal_ctl:set_loglevel/1:169)
2025-08-21 11:50:51.556313+00:00 [debug] Invalid log level: invalid (eturnal_ctl:set_loglevel/1:179)
2025-08-21 11:50:51.556451+00:00 [debug] Handling API call: get_loglevel() (eturnal_ctl:get_loglevel/0:159)
2025-08-21 11:50:51.556546+00:00 [debug] eturnal call (get_loglevel) returned {ok,debug} (eturnal_ctl:call/1:447)
2025-08-21 11:50:51.579510+00:00 [debug] Handling API call: get_version() (eturnal_ctl:get_version/0:149)
2025-08-21 11:50:51.579672+00:00 [debug] eturnal call (get_version) returned {ok,<<"1.12.2">>} (eturnal_ctl:call/1:447)
2025-08-21 11:50:51.602965+00:00 [debug] Handling API call: reload() (eturnal_ctl:reload/0:204)
2025-08-21 11:50:51.609838+00:00 [debug] Calling mod_log_stun:options/0 (eturnal_module:options/1:192)
2025-08-21 11:50:51.609968+00:00 [debug] Calling mod_stats_influx:options/0 (eturnal_module:options/1:192)
2025-08-21 11:50:51.610064+00:00 [debug] Calling mod_stats_prometheus:options/0 (eturnal_module:options/1:192)
2025-08-21 11:50:51.610551+00:00 [info] Reloading configuration (eturnal:reload/1:628)
2025-08-21 11:50:51.610776+00:00 [warning] TLS enabled without 'tls_crt_file', creating self-signed certificate (eturnal:check_pem_file/0:807)
2025-08-21 11:50:53.723473+00:00 [info] Using new TLS certificate (eturnal:reload/1:632)
2025-08-21 11:50:53.724393+00:00 [debug] Calling mod_stats_prometheus:stop/1 (eturnal_module:stop/1:163)
2025-08-21 11:50:53.724532+00:00 [debug] Stopping mod_stats_prometheus (mod_stats_prometheus:stop/0:110)
2025-08-21 11:50:53.724835+00:00 [info] Stopped mod_stats_prometheus (eturnal:stop_modules/1:398)
2025-08-21 11:50:53.725815+00:00 [debug] Calling mod_log_stun:stop/1 (eturnal_module:stop/1:163)
2025-08-21 11:50:53.725933+00:00 [debug] Stopping mod_log_stun (mod_log_stun:stop/0:49)
2025-08-21 11:50:53.726018+00:00 [info] Stopped mod_log_stun (eturnal:stop_modules/1:398)
2025-08-21 11:50:53.726382+00:00 [debug] Calling mod_stats_influx:stop/1 (eturnal_module:stop/1:163)
2025-08-21 11:50:53.726505+00:00 [debug] Stopping mod_stats_influx (mod_stats_influx:stop/0:61)
2025-08-21 11:50:53.726620+00:00 [info] Stopped mod_stats_influx (eturnal:stop_modules/1:398)
2025-08-21 11:50:53.726728+00:00 [debug] Calling mod_stats_prometheus:start/0 (eturnal_module:start/1:143)
2025-08-21 11:50:53.726821+00:00 [debug] Starting mod_stats_prometheus (mod_stats_prometheus:start/0:56)
2025-08-21 11:50:53.726910+00:00 [debug] Dependency prometheus_httpd was available already (eturnal_module:ensure_dep/2:284)
2025-08-21 11:50:53.727597+00:00 [debug] PROGRESS REPORT:
    supervisor: {local,httpd_instance_sup__127_0_0_1__9081default}
    started: [{pid,<0.1191.0>},
              {id,{httpd_connection_sup,{127,0,0,1},9081,default}},
              {mfargs,{httpd_connection_sup,start_link,[[{127,0,0,1},9081]]}},
              {restart_type,permanent},
              {significant,false},
              {shutdown,5000},
              {child_type,supervisor}]
 (supervisor:report_progress/3:2240)
2025-08-21 11:50:53.727870+00:00 [debug] PROGRESS REPORT:
    supervisor: {local,httpd_instance_sup__127_0_0_1__9081default}
    started: [{pid,<0.1192.0>},
              {id,{httpd_misc_sup,{127,0,0,1},9081,default}},
              {mfargs,{httpd_misc_sup,start_link,[{127,0,0,1},9081,default]}},
              {restart_type,permanent},
              {significant,false},
              {shutdown,infinity},
              {child_type,supervisor}]
 (supervisor:report_progress/3:2240)
2025-08-21 11:50:53.728225+00:00 [debug] PROGRESS REPORT:
    supervisor: {local,httpd_instance_sup__127_0_0_1__9081default}
    started: [{pid,<0.1193.0>},
              {id,{httpd_manager,{127,0,0,1},9081,default}},
              {mfargs,
                  {httpd_manager,start_link,
                      [undefined,
                       [{bind_address,{127,0,0,1}},
                        {socket_type,ip_comm},
                        {port,9081},
                        {server_root,"run/mod_stats_prometheus/doc"},
                        {document_root,"run/mod_stats_prometheus/doc"},
                        {server_name,"Prometheus Exporter"},
                        {modules,[prometheus_httpd]}],
                       15000]}},
              {restart_type,permanent},
              {significant,false},
              {shutdown,4000},
              {child_type,worker}]
 (supervisor:report_progress/3:2240)
2025-08-21 11:50:53.728552+00:00 [debug] PROGRESS REPORT:
    supervisor: {local,httpd_acceptor_sup__127_0_0_1__9081default}
    started: [{pid,<0.1195.0>},
              {id,{httpd_acceptor_sup,{127,0,0,1},9081,default}},
              {mfargs,{httpd_acceptor,start_link,
                                      [httpd__127_0_0_1__9081default,ip_comm,
                                       {127,0,0,1},
                                       9081,inet,
                                       httpd_conf__127_0_0_1__9081default,
                                       15000]}},
              {restart_type,transient},
              {significant,false},
              {shutdown,brutal_kill},
              {child_type,worker}]
 (supervisor:report_progress/3:2240)
2025-08-21 11:50:53.728697+00:00 [debug] PROGRESS REPORT:
    supervisor: {local,httpd_instance_sup__127_0_0_1__9081default}
    started: [{pid,<0.1194.0>},
              {id,{httpd_acceptor_sup,{127,0,0,1},9081,default}},
              {mfargs,
                  {httpd_acceptor_sup,start_link,
                      [[{127,0,0,1},
                        9081,
                        [{bind_address,{127,0,0,1}},
                         {socket_type,ip_comm},
                         {port,9081},
                         {server_root,"run/mod_stats_prometheus/doc"},
                         {document_root,"run/mod_stats_prometheus/doc"},
                         {server_name,"Prometheus Exporter"},
                         {modules,[prometheus_httpd]}],
                        15000,undefined]]}},
              {restart_type,permanent},
              {significant,false},
              {shutdown,infinity},
              {child_type,supervisor}]
 (supervisor:report_progress/3:2240)
2025-08-21 11:50:53.728819+00:00 [debug] PROGRESS REPORT:
    supervisor: {local,httpd_sup}
    started: [{pid,<0.1190.0>},
              {id,{httpd_instance_sup,{127,0,0,1},9081,default}},
              {mfargs,
                  {httpd_instance_sup,start_link,
                      [[{bind_address,{127,0,0,1}},
                        {socket_type,ip_comm},
                        {port,9081},
                        {server_root,"run/mod_stats_prometheus/doc"},
                        {document_root,"run/mod_stats_prometheus/doc"},
                        {server_name,"Prometheus Exporter"},
                        {modules,[prometheus_httpd]}],
                       15000,[]]}},
              {restart_type,permanent},
              {significant,false},
              {shutdown,infinity},
              {child_type,supervisor}]
 (supervisor:report_progress/3:2250)
2025-08-21 11:50:53.730139+00:00 [info] Started mod_stats_prometheus (eturnal:start_modules/0:385)
2025-08-21 11:50:53.730292+00:00 [debug] Calling mod_log_stun:start/0 (eturnal_module:start/1:143)
2025-08-21 11:50:53.730393+00:00 [debug] Starting mod_log_stun (mod_log_stun:start/0:38)
2025-08-21 11:50:53.731000+00:00 [info] Started mod_log_stun (eturnal:start_modules/0:385)
2025-08-21 11:50:53.731087+00:00 [debug] Calling mod_stats_influx:start/0 (eturnal_module:start/1:143)
2025-08-21 11:50:53.731172+00:00 [debug] Starting mod_stats_influx (mod_stats_influx:start/0:37)
2025-08-21 11:50:53.731275+00:00 [debug] Dependency influx_udp was available already (eturnal_module:ensure_dep/2:284)
2025-08-21 11:50:53.731643+00:00 [info]     options: #{port => 8089,host => "localhost",pool_size => 1,
               max_overflow => 1}
    msg: Start clients pool
    host: {127,0,0,1} (influx_udp:start_pool_/2:239)
2025-08-21 11:50:53.732114+00:00 [info] Started mod_stats_influx (eturnal:start_modules/0:385)
2025-08-21 11:50:53.732228+00:00 [debug] Restarted modules (eturnal:reload/1:640)
2025-08-21 11:50:53.732309+00:00 [debug] eturnal call (reload) returned ok (eturnal_ctl:call/1:444)
2025-08-21 11:50:53.732597+00:00 [debug] Handling API call: reload() (eturnal_ctl:reload/0:204)
2025-08-21 11:50:53.738498+00:00 [debug] Calling mod_log_stun:options/0 (eturnal_module:options/1:192)
2025-08-21 11:50:53.738632+00:00 [debug] Calling mod_stats_influx:options/0 (eturnal_module:options/1:192)
2025-08-21 11:50:53.738735+00:00 [debug] Calling mod_stats_prometheus:options/0 (eturnal_module:options/1:192)
2025-08-21 11:50:53.739362+00:00 [info] Reloading configuration (eturnal:reload/1:628)
2025-08-21 11:50:53.739518+00:00 [debug] Keeping PEM file (run/cert.pem) (eturnal:check_pem_file/0:804)
2025-08-21 11:50:53.739656+00:00 [debug] TLS certificate unchanged (eturnal:reload/1:634)
2025-08-21 11:50:53.741161+00:00 [debug] Calling mod_stats_prometheus:stop/1 (eturnal_module:stop/1:163)
2025-08-21 11:50:53.741292+00:00 [debug] Stopping mod_stats_prometheus (mod_stats_prometheus:stop/0:110)
2025-08-21 11:50:53.741587+00:00 [info] Stopped mod_stats_prometheus (eturnal:stop_modules/1:398)
2025-08-21 11:50:53.742394+00:00 [debug] Calling mod_log_stun:stop/1 (eturnal_module:stop/1:163)
2025-08-21 11:50:53.742495+00:00 [debug] Stopping mod_log_stun (mod_log_stun:stop/0:49)
2025-08-21 11:50:53.742609+00:00 [info] Stopped mod_log_stun (eturnal:stop_modules/1:398)
2025-08-21 11:50:53.744230+00:00 [debug] Calling mod_stats_influx:stop/1 (eturnal_module:stop/1:163)
2025-08-21 11:50:53.744344+00:00 [debug] Stopping mod_stats_influx (mod_stats_influx:stop/0:61)
2025-08-21 11:50:53.744426+00:00 [info] Stopped mod_stats_influx (eturnal:stop_modules/1:398)
2025-08-21 11:50:53.744540+00:00 [debug] Calling mod_stats_prometheus:start/0 (eturnal_module:start/1:143)
2025-08-21 11:50:53.744642+00:00 [debug] Starting mod_stats_prometheus (mod_stats_prometheus:start/0:56)
2025-08-21 11:50:53.744818+00:00 [debug] Dependency prometheus_httpd was available already (eturnal_module:ensure_dep/2:284)
2025-08-21 11:50:53.745432+00:00 [debug] PROGRESS REPORT:
    supervisor: {local,httpd_instance_sup__127_0_0_1__9081default}
    started: [{pid,<0.1226.0>},
              {id,{httpd_connection_sup,{127,0,0,1},9081,default}},
              {mfargs,{httpd_connection_sup,start_link,[[{127,0,0,1},9081]]}},
              {restart_type,permanent},
              {significant,false},
              {shutdown,5000},
              {child_type,supervisor}]
 (supervisor:report_progress/3:2240)
2025-08-21 11:50:53.745597+00:00 [debug] PROGRESS REPORT:
    supervisor: {local,httpd_instance_sup__127_0_0_1__9081default}
    started: [{pid,<0.1228.0>},
              {id,{httpd_misc_sup,{127,0,0,1},9081,default}},
              {mfargs,{httpd_misc_sup,start_link,[{127,0,0,1},9081,default]}},
              {restart_type,permanent},
              {significant,false},
              {shutdown,infinity},
              {child_type,supervisor}]
 (supervisor:report_progress/3:2240)
2025-08-21 11:50:53.745881+00:00 [debug] PROGRESS REPORT:
    supervisor: {local,httpd_instance_sup__127_0_0_1__9081default}
    started: [{pid,<0.1229.0>},
              {id,{httpd_manager,{127,0,0,1},9081,default}},
              {mfargs,
                  {httpd_manager,start_link,
                      [undefined,
                       [{bind_address,{127,0,0,1}},
                        {socket_type,ip_comm},
                        {port,9081},
                        {server_root,"run/mod_stats_prometheus/doc"},
                        {document_root,"run/mod_stats_prometheus/doc"},
                        {server_name,"Prometheus Exporter"},
                        {modules,[prometheus_httpd]}],
                       15000]}},
              {restart_type,permanent},
              {significant,false},
              {shutdown,4000},
              {child_type,worker}]
 (supervisor:report_progress/3:2240)
2025-08-21 11:50:53.746149+00:00 [debug] PROGRESS REPORT:
    supervisor: {local,httpd_acceptor_sup__127_0_0_1__9081default}
    started: [{pid,<0.1231.0>},
              {id,{httpd_acceptor_sup,{127,0,0,1},9081,default}},
              {mfargs,{httpd_acceptor,start_link,
                                      [httpd__127_0_0_1__9081default,ip_comm,
                                       {127,0,0,1},
                                       9081,inet,
                                       httpd_conf__127_0_0_1__9081default,
                                       15000]}},
              {restart_type,transient},
              {significant,false},
              {shutdown,brutal_kill},
              {child_type,worker}]
 (supervisor:report_progress/3:2240)
2025-08-21 11:50:53.746296+00:00 [debug] PROGRESS REPORT:
    supervisor: {local,httpd_instance_sup__127_0_0_1__9081default}
    started: [{pid,<0.1230.0>},
              {id,{httpd_acceptor_sup,{127,0,0,1},9081,default}},
              {mfargs,
                  {httpd_acceptor_sup,start_link,
                      [[{127,0,0,1},
                        9081,
                        [{bind_address,{127,0,0,1}},
                         {socket_type,ip_comm},
                         {port,9081},
                         {server_root,"run/mod_stats_prometheus/doc"},
                         {document_root,"run/mod_stats_prometheus/doc"},
                         {server_name,"Prometheus Exporter"},
                         {modules,[prometheus_httpd]}],
                        15000,undefined]]}},
              {restart_type,permanent},
              {significant,false},
              {shutdown,infinity},
              {child_type,supervisor}]
 (supervisor:report_progress/3:2240)
2025-08-21 11:50:53.746432+00:00 [debug] PROGRESS REPORT:
    supervisor: {local,httpd_sup}
    started: [{pid,<0.1225.0>},
              {id,{httpd_instance_sup,{127,0,0,1},9081,default}},
              {mfargs,
                  {httpd_instance_sup,start_link,
                      [[{bind_address,{127,0,0,1}},
                        {socket_type,ip_comm},
                        {port,9081},
                        {server_root,"run/mod_stats_prometheus/doc"},
                        {document_root,"run/mod_stats_prometheus/doc"},
                        {server_name,"Prometheus Exporter"},
                        {modules,[prometheus_httpd]}],
                       15000,[]]}},
              {restart_type,permanent},
              {significant,false},
              {shutdown,infinity},
              {child_type,supervisor}]
 (supervisor:report_progress/3:2250)
2025-08-21 11:50:53.747655+00:00 [info] Started mod_stats_prometheus (eturnal:start_modules/0:385)
2025-08-21 11:50:53.747781+00:00 [debug] Calling mod_log_stun:start/0 (eturnal_module:start/1:143)
2025-08-21 11:50:53.747886+00:00 [debug] Starting mod_log_stun (mod_log_stun:start/0:38)
2025-08-21 11:50:53.748474+00:00 [info] Started mod_log_stun (eturnal:start_modules/0:385)
2025-08-21 11:50:53.748594+00:00 [debug] Calling mod_stats_influx:start/0 (eturnal_module:start/1:143)
2025-08-21 11:50:53.748942+00:00 [debug] Starting mod_stats_influx (mod_stats_influx:start/0:37)
2025-08-21 11:50:53.749223+00:00 [debug] Dependency influx_udp was available already (eturnal_module:ensure_dep/2:284)
2025-08-21 11:50:53.749860+00:00 [info]     options: #{port => 8089,host => "localhost",pool_size => 1,
               max_overflow => 1}
    msg: Start clients pool
    host: {127,0,0,1} (influx_udp:start_pool_/2:239)
2025-08-21 11:50:53.750365+00:00 [info] Started mod_stats_influx (eturnal:start_modules/0:385)
2025-08-21 11:50:53.750484+00:00 [debug] Restarted modules (eturnal:reload/1:640)
2025-08-21 11:50:53.750596+00:00 [debug] eturnal call (reload) returned ok (eturnal_ctl:call/1:444)
2025-08-21 11:50:53.774091+00:00 [info] Accepting connection: 127.0.0.1:60700 -> 127.0.0.1:34780 [TCP, session uihkcrosua3g] (stun_acceptor:accept/3:158)
2025-08-21 11:50:53.797272+00:00 [info] Accepting connection: 127.0.0.1:40810 -> 127.0.0.1:53490 [TLS, session 4lxlk34uz5g4] (stun_acceptor:accept/3:158)
2025-08-21 11:50:53.826451+00:00 [debug] Received:
#stun{class = request,method = 3,magic = 554869826,
      trid = 39532455957851601207700793495,raw = <<>>,unsupported = [],
      'ALTERNATE-SERVER' = undefined,'CHANNEL-NUMBER' = undefined,
      'DATA' = undefined,'DONT-FRAGMENT' = false,'ERROR-CODE' = undefined,
      'LIFETIME' = undefined,'MAPPED-ADDRESS' = undefined,
      'MESSAGE-INTEGRITY' = undefined,'NONCE' = undefined,'REALM' = undefined,
      'REQUESTED-ADDRESS-FAMILY' = undefined,
      'REQUESTED-TRANSPORT' = undefined,'SOFTWARE' = undefined,
      'UNKNOWN-ATTRIBUTES' = [],'USERNAME' = undefined,
      'XOR-MAPPED-ADDRESS' = undefined,'XOR-PEER-ADDRESS' = [],
      'XOR-RELAYED-ADDRESS' = undefined} (stun:udp_recv/5:146)
2025-08-21 11:50:53.826611+00:00 [debug] Sending:
#stun{class = error,method = 3,magic = 554869826,
      trid = 39532455957851601207700793495,raw = <<>>,unsupported = [],
      'ALTERNATE-SERVER' = undefined,'CHANNEL-NUMBER' = undefined,
      'DATA' = undefined,'DONT-FRAGMENT' = false,
      'ERROR-CODE' = {401,<<"Unauthorized">>},
      'LIFETIME' = undefined,'MAPPED-ADDRESS' = undefined,
      'MESSAGE-INTEGRITY' = undefined,'NONCE' = <<"871118054">>,
      'REALM' = <<"eturnal.net">>,'REQUESTED-ADDRESS-FAMILY' = undefined,
      'REQUESTED-TRANSPORT' = undefined,'SOFTWARE' = <<"eturnal">>,
      'UNKNOWN-ATTRIBUTES' = [],'USERNAME' = undefined,
      'XOR-MAPPED-ADDRESS' = undefined,'XOR-PEER-ADDRESS' = [],
      'XOR-RELAYED-ADDRESS' = undefined} (stun:send/3:498)
2025-08-21 11:50:53.826899+00:00 [debug] Received:
#stun{class = request,method = 3,magic = 554869826,
      trid = 56121130953717005446897323156,
      raw = <<0,3,0,76,33,18,164,66,181,86,79,189,30,64,155,144,189,217,204,
              148,0,25,0,4,17,0,0,0,0,6,0,5,97,108,105,99,101,0,0,0,0,20,0,11,
              101,116,117,114,110,97,108,46,110,101,116,0,0,21,0,9,56,55,49,49,
              49,56,48,53,52,0,0,0>>,
      unsupported = [],'ALTERNATE-SERVER' = undefined,
      'CHANNEL-NUMBER' = undefined,'DATA' = undefined,'DONT-FRAGMENT' = false,
      'ERROR-CODE' = undefined,'LIFETIME' = undefined,
      'MAPPED-ADDRESS' = undefined,
      'MESSAGE-INTEGRITY' = <<158,135,235,167,0,18,174,92,207,249,124,28,232,
                              61,128,119,117,136,147,205>>,
      'NONCE' = <<"871118054">>,'REALM' = <<"eturnal.net">>,
      'REQUESTED-ADDRESS-FAMILY' = undefined,'REQUESTED-TRANSPORT' = udp,
      'SOFTWARE' = undefined,'UNKNOWN-ATTRIBUTES' = [],
      'USERNAME' = <<"alice">>,'XOR-MAPPED-ADDRESS' = undefined,
      'XOR-PEER-ADDRESS' = [],'XOR-RELAYED-ADDRESS' = undefined} (stun:udp_recv/5:146)
2025-08-21 11:50:53.827027+00:00 [debug] Looking up password for: alice [UDP, session pufrl3g3sgs0, user alice, client 127.0.0.1:34429] (eturnal:get_password/2:259)
2025-08-21 11:50:53.827122+00:00 [info] Accepting long-term STUN/TURN authentication [UDP, session pufrl3g3sgs0, user alice, client 127.0.0.1:34429] (stun:process/2:287)
2025-08-21 11:50:53.829682+00:00 [debug] Running 'turn_session_start' hook [UDP, session pufrl3g3sgs0, user alice, client 127.0.0.1:34429] (turn:run_hook/3:753)
2025-08-21 11:50:53.829754+00:00 [debug] Got 'turn_session_start' event [UDP, session pufrl3g3sgs0, user alice, client 127.0.0.1:34429] (eturnal_module:handle_event/2:177)
2025-08-21 11:50:53.829807+00:00 [debug] Calling mod_stats_prometheus:handle_event/2 [UDP, session pufrl3g3sgs0, user alice, client 127.0.0.1:34429] (eturnal_module:handle_event/2:180)
2025-08-21 11:50:53.829869+00:00 [debug] Observing started TURN session pufrl3g3sgs0 for Prometheus [UDP, session pufrl3g3sgs0, user alice, client 127.0.0.1:34429] (mod_stats_prometheus:on_turn_session_start/1:174)
2025-08-21 11:50:53.830062+00:00 [notice] Creating TURN allocation (lifetime: 600 seconds) [UDP, session pufrl3g3sgs0, user alice, client 127.0.0.1:34429, relay 127.0.0.1:54545] (turn:wait_for_allocate/2:226)
2025-08-21 11:50:53.830210+00:00 [debug] Sending:
#stun{class = response,method = 3,magic = 554869826,
      trid = 56121130953717005446897323156,raw = <<>>,unsupported = [],
      'ALTERNATE-SERVER' = undefined,'CHANNEL-NUMBER' = undefined,
      'DATA' = undefined,'DONT-FRAGMENT' = false,'ERROR-CODE' = undefined,
      'LIFETIME' = 600,'MAPPED-ADDRESS' = undefined,
      'MESSAGE-INTEGRITY' = undefined,'NONCE' = undefined,'REALM' = undefined,
      'REQUESTED-ADDRESS-FAMILY' = undefined,
      'REQUESTED-TRANSPORT' = undefined,'SOFTWARE' = <<"eturnal">>,
      'UNKNOWN-ATTRIBUTES' = [],'USERNAME' = undefined,
      'XOR-MAPPED-ADDRESS' = {{127,0,0,1},34429},
      'XOR-PEER-ADDRESS' = [],
      'XOR-RELAYED-ADDRESS' = {{127,0,0,1},54545}} (turn:send/2:549)
2025-08-21 11:50:53.830522+00:00 [debug] Received:
#stun{class = request,method = 4,magic = 554869826,
      trid = 13275376959723484843165136971,
      raw = <<0,4,0,76,33,18,164,66,42,229,34,107,3,202,161,156,122,216,184,75,
              0,6,0,5,97,108,105,99,101,0,0,0,0,20,0,11,101,116,117,114,110,97,
              108,46,110,101,116,0,0,21,0,9,56,55,49,49,49,56,48,53,52,0,0,0,0,
              13,0,4,0,0,0,0>>,
      unsupported = [],'ALTERNATE-SERVER' = undefined,
      'CHANNEL-NUMBER' = undefined,'DATA' = undefined,'DONT-FRAGMENT' = false,
      'ERROR-CODE' = undefined,'LIFETIME' = 0,'MAPPED-ADDRESS' = undefined,
      'MESSAGE-INTEGRITY' = <<138,135,102,77,106,145,96,226,133,72,17,10,215,6,
                              139,196,189,156,82,173>>,
      'NONCE' = <<"871118054">>,'REALM' = <<"eturnal.net">>,
      'REQUESTED-ADDRESS-FAMILY' = undefined,
      'REQUESTED-TRANSPORT' = undefined,'SOFTWARE' = undefined,
      'UNKNOWN-ATTRIBUTES' = [],'USERNAME' = <<"alice">>,
      'XOR-MAPPED-ADDRESS' = undefined,'XOR-PEER-ADDRESS' = [],
      'XOR-RELAYED-ADDRESS' = undefined} (stun:udp_recv/5:146)
2025-08-21 11:50:53.830652+00:00 [debug] Looking up password for: alice [UDP, session eksr4q7773l1, user alice, client 127.0.0.1:34429] (eturnal:get_password/2:259)
2025-08-21 11:50:53.830734+00:00 [info] Accepting long-term STUN/TURN authentication [UDP, session eksr4q7773l1, user alice, client 127.0.0.1:34429] (stun:process/2:287)
2025-08-21 11:50:53.830771+00:00 [info] Client requested closing the TURN session [UDP, session pufrl3g3sgs0, user alice, client 127.0.0.1:34429, relay 127.0.0.1:54545] (turn:active/2:285)
2025-08-21 11:50:53.830850+00:00 [debug] Sending:
#stun{class = response,method = 4,magic = 554869826,
      trid = 13275376959723484843165136971,raw = <<>>,unsupported = [],
      'ALTERNATE-SERVER' = undefined,'CHANNEL-NUMBER' = undefined,
      'DATA' = undefined,'DONT-FRAGMENT' = false,'ERROR-CODE' = undefined,
      'LIFETIME' = 0,'MAPPED-ADDRESS' = undefined,
      'MESSAGE-INTEGRITY' = undefined,'NONCE' = undefined,'REALM' = undefined,
      'REQUESTED-ADDRESS-FAMILY' = undefined,
      'REQUESTED-TRANSPORT' = undefined,'SOFTWARE' = <<"eturnal">>,
      'UNKNOWN-ATTRIBUTES' = [],'USERNAME' = undefined,
      'XOR-MAPPED-ADDRESS' = undefined,'XOR-PEER-ADDRESS' = [],
      'XOR-RELAYED-ADDRESS' = undefined} (turn:send/2:549)
2025-08-21 11:50:53.830973+00:00 [info] Deleting TURN allocation [UDP, session pufrl3g3sgs0, user alice, client 127.0.0.1:34429, relay 127.0.0.1:54545] (turn:terminate/3:482)
2025-08-21 11:50:53.831016+00:00 [notice] Relayed 0 KiB (in 0 B / 0 packets, out 0 B / 0 packets), duration: 0 seconds [UDP, session pufrl3g3sgs0, user alice, client 127.0.0.1:34429, relay 127.0.0.1:54545] (turn:terminate/3:489)
2025-08-21 11:50:53.831234+00:00 [debug] Running 'turn_session_stop' hook [UDP, session pufrl3g3sgs0, user alice, client 127.0.0.1:34429, relay 127.0.0.1:54545] (turn:run_hook/3:753)
2025-08-21 11:50:53.831261+00:00 [debug] Received:
#stun{class = request,method = 3,magic = 554869826,
      trid = 39431667165761493792468286656,raw = <<>>,unsupported = [],
      'ALTERNATE-SERVER' = undefined,'CHANNEL-NUMBER' = undefined,
      'DATA' = undefined,'DONT-FRAGMENT' = false,'ERROR-CODE' = undefined,
      'LIFETIME' = undefined,'MAPPED-ADDRESS' = undefined,
      'MESSAGE-INTEGRITY' = undefined,'NONCE' = undefined,'REALM' = undefined,
      'REQUESTED-ADDRESS-FAMILY' = undefined,
      'REQUESTED-TRANSPORT' = undefined,'SOFTWARE' = undefined,
      'UNKNOWN-ATTRIBUTES' = [],'USERNAME' = undefined,
      'XOR-MAPPED-ADDRESS' = undefined,'XOR-PEER-ADDRESS' = [],
      'XOR-RELAYED-ADDRESS' = undefined} (stun:udp_recv/5:146)
2025-08-21 11:50:53.831334+00:00 [debug] Got 'turn_session_stop' event [UDP, session pufrl3g3sgs0, user alice, client 127.0.0.1:34429, relay 127.0.0.1:54545] (eturnal_module:handle_event/2:177)
2025-08-21 11:50:53.831396+00:00 [debug] Calling mod_stats_influx:handle_event/2 [UDP, session pufrl3g3sgs0, user alice, client 127.0.0.1:34429, relay 127.0.0.1:54545] (eturnal_module:handle_event/2:180)
2025-08-21 11:50:53.831423+00:00 [debug] Writing stats of TURN session pufrl3g3sgs0 to InfluxDB [UDP, session pufrl3g3sgs0, user alice, client 127.0.0.1:34429, relay 127.0.0.1:54545] (mod_stats_influx:on_turn_session_stop/1:87)
2025-08-21 11:50:53.831394+00:00 [debug] Sending:
#stun{class = error,method = 3,magic = 554869826,
      trid = 39431667165761493792468286656,raw = <<>>,unsupported = [],
      'ALTERNATE-SERVER' = undefined,'CHANNEL-NUMBER' = undefined,
      'DATA' = undefined,'DONT-FRAGMENT' = false,
      'ERROR-CODE' = {401,<<"Unauthorized">>},
      'LIFETIME' = undefined,'MAPPED-ADDRESS' = undefined,
      'MESSAGE-INTEGRITY' = undefined,'NONCE' = <<"1604105063">>,
      'REALM' = <<"eturnal.net">>,'REQUESTED-ADDRESS-FAMILY' = undefined,
      'REQUESTED-TRANSPORT' = undefined,'SOFTWARE' = <<"eturnal">>,
      'UNKNOWN-ATTRIBUTES' = [],'USERNAME' = undefined,
      'XOR-MAPPED-ADDRESS' = undefined,'XOR-PEER-ADDRESS' = [],
      'XOR-RELAYED-ADDRESS' = undefined} (stun:send/3:498)
2025-08-21 11:50:53.831792+00:00 [debug] Received:
#stun{class = request,method = 3,magic = 554869826,
      trid = 20501732497392251776420588264,
      raw = <<0,3,0,80,33,18,164,66,66,62,162,185,171,98,53,72,83,180,170,232,
              0,25,0,4,17,0,0,0,0,6,0,10,50,49,52,53,57,49,51,50,48,48,0,0,0,
              20,0,11,101,116,117,114,110,97,108,46,110,101,116,0,0,21,0,10,49,
              54,48,52,49,48,53,48,54,51,0,0>>,
      unsupported = [],'ALTERNATE-SERVER' = undefined,
      'CHANNEL-NUMBER' = undefined,'DATA' = undefined,'DONT-FRAGMENT' = false,
      'ERROR-CODE' = undefined,'LIFETIME' = undefined,
      'MAPPED-ADDRESS' = undefined,
      'MESSAGE-INTEGRITY' = <<152,148,81,170,90,62,39,231,188,77,162,106,231,
                              237,254,192,62,155,75,222>>,
      'NONCE' = <<"1604105063">>,'REALM' = <<"eturnal.net">>,
      'REQUESTED-ADDRESS-FAMILY' = undefined,'REQUESTED-TRANSPORT' = udp,
      'SOFTWARE' = undefined,'UNKNOWN-ATTRIBUTES' = [],
      'USERNAME' = <<"2145913200">>,'XOR-MAPPED-ADDRESS' = undefined,
      'XOR-PEER-ADDRESS' = [],'XOR-RELAYED-ADDRESS' = undefined} (stun:udp_recv/5:146)
2025-08-21 11:50:53.831928+00:00 [debug] Deriving password for: 2145913200 [UDP, session j1yfc8xnee0n, user 2145913200, client 127.0.0.1:58015] (eturnal:get_password/2:245)
2025-08-21 11:50:53.832003+00:00 [info] Accepting long-term STUN/TURN authentication [UDP, session j1yfc8xnee0n, user 2145913200, client 127.0.0.1:58015] (stun:process/2:287)
2025-08-21 11:50:53.832097+00:00 [debug] Running 'turn_session_start' hook [UDP, session j1yfc8xnee0n, user 2145913200, client 127.0.0.1:58015] (turn:run_hook/3:753)
2025-08-21 11:50:53.832155+00:00 [debug] Got 'turn_session_start' event [UDP, session j1yfc8xnee0n, user 2145913200, client 127.0.0.1:58015] (eturnal_module:handle_event/2:177)
2025-08-21 11:50:53.832208+00:00 [debug] Calling mod_stats_prometheus:handle_event/2 [UDP, session j1yfc8xnee0n, user 2145913200, client 127.0.0.1:58015] (eturnal_module:handle_event/2:180)
2025-08-21 11:50:53.832255+00:00 [debug] Observing started TURN session j1yfc8xnee0n for Prometheus [UDP, session j1yfc8xnee0n, user 2145913200, client 127.0.0.1:58015] (mod_stats_prometheus:on_turn_session_start/1:174)
2025-08-21 11:50:53.832429+00:00 [notice] Creating TURN allocation (lifetime: 600 seconds) [UDP, session j1yfc8xnee0n, user 2145913200, client 127.0.0.1:58015, relay 127.0.0.1:59809] (turn:wait_for_allocate/2:226)
2025-08-21 11:50:53.832550+00:00 [debug] Sending:
#stun{class = response,method = 3,magic = 554869826,
      trid = 20501732497392251776420588264,raw = <<>>,unsupported = [],
      'ALTERNATE-SERVER' = undefined,'CHANNEL-NUMBER' = undefined,
      'DATA' = undefined,'DONT-FRAGMENT' = false,'ERROR-CODE' = undefined,
      'LIFETIME' = 600,'MAPPED-ADDRESS' = undefined,
      'MESSAGE-INTEGRITY' = undefined,'NONCE' = undefined,'REALM' = undefined,
      'REQUESTED-ADDRESS-FAMILY' = undefined,
      'REQUESTED-TRANSPORT' = undefined,'SOFTWARE' = <<"eturnal">>,
      'UNKNOWN-ATTRIBUTES' = [],'USERNAME' = undefined,
      'XOR-MAPPED-ADDRESS' = {{127,0,0,1},58015},
      'XOR-PEER-ADDRESS' = [],
      'XOR-RELAYED-ADDRESS' = {{127,0,0,1},59809}} (turn:send/2:549)
2025-08-21 11:50:53.832875+00:00 [debug] Received:
#stun{class = request,method = 4,magic = 554869826,
      trid = 61031416148037113420233878130,
      raw = <<0,4,0,80,33,18,164,66,197,52,1,18,224,225,59,37,214,64,170,114,0,
              6,0,10,50,49,52,53,57,49,51,50,48,48,0,0,0,20,0,11,101,116,117,
              114,110,97,108,46,110,101,116,0,0,21,0,10,49,54,48,52,49,48,53,
              48,54,51,0,0,0,13,0,4,0,0,0,0>>,
      unsupported = [],'ALTERNATE-SERVER' = undefined,
      'CHANNEL-NUMBER' = undefined,'DATA' = undefined,'DONT-FRAGMENT' = false,
      'ERROR-CODE' = undefined,'LIFETIME' = 0,'MAPPED-ADDRESS' = undefined,
      'MESSAGE-INTEGRITY' = <<93,147,155,111,9,211,191,184,12,217,103,11,40,87,
                              144,10,87,122,245,34>>,
      'NONCE' = <<"1604105063">>,'REALM' = <<"eturnal.net">>,
      'REQUESTED-ADDRESS-FAMILY' = undefined,
      'REQUESTED-TRANSPORT' = undefined,'SOFTWARE' = undefined,
      'UNKNOWN-ATTRIBUTES' = [],'USERNAME' = <<"2145913200">>,
      'XOR-MAPPED-ADDRESS' = undefined,'XOR-PEER-ADDRESS' = [],
      'XOR-RELAYED-ADDRESS' = undefined} (stun:udp_recv/5:146)
2025-08-21 11:50:53.832983+00:00 [debug] Deriving password for: 2145913200 [UDP, session 3i4w0ujsczeu, user 2145913200, client 127.0.0.1:58015] (eturnal:get_password/2:245)
2025-08-21 11:50:53.833072+00:00 [info] Accepting long-term STUN/TURN authentication [UDP, session 3i4w0ujsczeu, user 2145913200, client 127.0.0.1:58015] (stun:process/2:287)
2025-08-21 11:50:53.833153+00:00 [info] Client requested closing the TURN session [UDP, session j1yfc8xnee0n, user 2145913200, client 127.0.0.1:58015, relay 127.0.0.1:59809] (turn:active/2:285)
2025-08-21 11:50:53.833237+00:00 [debug] Sending:
#stun{class = response,method = 4,magic = 554869826,
      trid = 61031416148037113420233878130,raw = <<>>,unsupported = [],
      'ALTERNATE-SERVER' = undefined,'CHANNEL-NUMBER' = undefined,
      'DATA' = undefined,'DONT-FRAGMENT' = false,'ERROR-CODE' = undefined,
      'LIFETIME' = 0,'MAPPED-ADDRESS' = undefined,
      'MESSAGE-INTEGRITY' = undefined,'NONCE' = undefined,'REALM' = undefined,
      'REQUESTED-ADDRESS-FAMILY' = undefined,
      'REQUESTED-TRANSPORT' = undefined,'SOFTWARE' = <<"eturnal">>,
      'UNKNOWN-ATTRIBUTES' = [],'USERNAME' = undefined,
      'XOR-MAPPED-ADDRESS' = undefined,'XOR-PEER-ADDRESS' = [],
      'XOR-RELAYED-ADDRESS' = undefined} (turn:send/2:549)
2025-08-21 11:50:53.833371+00:00 [info] Deleting TURN allocation [UDP, session j1yfc8xnee0n, user 2145913200, client 127.0.0.1:58015, relay 127.0.0.1:59809] (turn:terminate/3:482)
2025-08-21 11:50:53.833429+00:00 [notice] Relayed 0 KiB (in 0 B / 0 packets, out 0 B / 0 packets), duration: 0 seconds [UDP, session j1yfc8xnee0n, user 2145913200, client 127.0.0.1:58015, relay 127.0.0.1:59809] (turn:terminate/3:489)
2025-08-21 11:50:53.833500+00:00 [debug] Running 'turn_session_stop' hook [UDP, session j1yfc8xnee0n, user 2145913200, client 127.0.0.1:58015, relay 127.0.0.1:59809] (turn:run_hook/3:753)
2025-08-21 11:50:53.833545+00:00 [debug] Got 'turn_session_stop' event [UDP, session j1yfc8xnee0n, user 2145913200, client 127.0.0.1:58015, relay 127.0.0.1:59809] (eturnal_module:handle_event/2:177)
2025-08-21 11:50:53.833620+00:00 [debug] Calling mod_stats_influx:handle_event/2 [UDP, session j1yfc8xnee0n, user 2145913200, client 127.0.0.1:58015, relay 127.0.0.1:59809] (eturnal_module:handle_event/2:180)
2025-08-21 11:50:53.833678+00:00 [debug] Writing stats of TURN session j1yfc8xnee0n to InfluxDB [UDP, session j1yfc8xnee0n, user 2145913200, client 127.0.0.1:58015, relay 127.0.0.1:59809] (mod_stats_influx:on_turn_session_stop/1:87)
2025-08-21 11:50:53.833808+00:00 [debug] Calling mod_stats_prometheus:handle_event/2 [UDP, session pufrl3g3sgs0, user alice, client 127.0.0.1:34429, relay 127.0.0.1:54545] (eturnal_module:handle_event/2:180)
2025-08-21 11:50:53.833860+00:00 [debug] Observing stopped TURN session pufrl3g3sgs0 for Prometheus [UDP, session pufrl3g3sgs0, user alice, client 127.0.0.1:34429, relay 127.0.0.1:54545] (mod_stats_prometheus:on_turn_session_stop/1:187)
2025-08-21 11:50:53.833869+00:00 [debug] Calling mod_stats_prometheus:handle_event/2 [UDP, session j1yfc8xnee0n, user 2145913200, client 127.0.0.1:58015, relay 127.0.0.1:59809] (eturnal_module:handle_event/2:180)
2025-08-21 11:50:53.833921+00:00 [debug] Observing stopped TURN session j1yfc8xnee0n for Prometheus [UDP, session j1yfc8xnee0n, user 2145913200, client 127.0.0.1:58015, relay 127.0.0.1:59809] (mod_stats_prometheus:on_turn_session_stop/1:187)
2025-08-21 11:50:53.857213+00:00 [debug] Received:
#stun{class = request,method = 1,magic = 554869826,
      trid = 58199669120018499394329191812,raw = <<>>,unsupported = [],
      'ALTERNATE-SERVER' = undefined,'CHANNEL-NUMBER' = undefined,
      'DATA' = undefined,'DONT-FRAGMENT' = false,'ERROR-CODE' = undefined,
      'LIFETIME' = undefined,'MAPPED-ADDRESS' = undefined,
      'MESSAGE-INTEGRITY' = undefined,'NONCE' = undefined,'REALM' = undefined,
      'REQUESTED-ADDRESS-FAMILY' = undefined,
      'REQUESTED-TRANSPORT' = undefined,'SOFTWARE' = undefined,
      'UNKNOWN-ATTRIBUTES' = [],'USERNAME' = undefined,
      'XOR-MAPPED-ADDRESS' = undefined,'XOR-PEER-ADDRESS' = [],
      'XOR-RELAYED-ADDRESS' = undefined} (stun:udp_recv/5:146)
2025-08-21 11:50:53.857303+00:00 [debug] Responding to STUN request [UDP, session k60wg004f1y8, anonymous, client 127.0.0.1:51775] (stun:process/4:355)
2025-08-21 11:50:53.857336+00:00 [debug] Running 'stun_query' hook [UDP, session k60wg004f1y8, anonymous, client 127.0.0.1:51775] (stun:run_hook/3:742)
2025-08-21 11:50:53.857373+00:00 [debug] Got 'stun_query' event [UDP, session k60wg004f1y8, anonymous, client 127.0.0.1:51775] (eturnal_module:handle_event/2:177)
2025-08-21 11:50:53.857401+00:00 [debug] Calling mod_log_stun:handle_event/2 [UDP, session k60wg004f1y8, anonymous, client 127.0.0.1:51775] (eturnal_module:handle_event/2:180)
2025-08-21 11:50:53.857435+00:00 [info] Responding to STUN request [UDP, session k60wg004f1y8, anonymous, client 127.0.0.1:51775] (mod_log_stun:handle_event/2:44)
2025-08-21 11:50:53.857472+00:00 [debug] Calling mod_stats_influx:handle_event/2 [UDP, session k60wg004f1y8, anonymous, client 127.0.0.1:51775] (eturnal_module:handle_event/2:180)
2025-08-21 11:50:53.857497+00:00 [debug] Writing STUN query event to InfluxDB [UDP, session k60wg004f1y8, anonymous, client 127.0.0.1:51775] (mod_stats_influx:on_stun_query/1:76)
2025-08-21 11:50:53.857621+00:00 [debug] Calling mod_stats_prometheus:handle_event/2 [UDP, session k60wg004f1y8, anonymous, client 127.0.0.1:51775] (eturnal_module:handle_event/2:180)
2025-08-21 11:50:53.857663+00:00 [debug] Observing STUN query for Prometheus [UDP, session k60wg004f1y8, anonymous, client 127.0.0.1:51775] (mod_stats_prometheus:on_stun_query/1:166)
2025-08-21 11:50:53.857720+00:00 [debug] Sending:
#stun{class = response,method = 1,magic = 554869826,
      trid = 58199669120018499394329191812,raw = <<>>,unsupported = [],
      'ALTERNATE-SERVER' = undefined,'CHANNEL-NUMBER' = undefined,
      'DATA' = undefined,'DONT-FRAGMENT' = false,'ERROR-CODE' = undefined,
      'LIFETIME' = undefined,'MAPPED-ADDRESS' = undefined,
      'MESSAGE-INTEGRITY' = undefined,'NONCE' = undefined,'REALM' = undefined,
      'REQUESTED-ADDRESS-FAMILY' = undefined,
      'REQUESTED-TRANSPORT' = undefined,'SOFTWARE' = <<"eturnal">>,
      'UNKNOWN-ATTRIBUTES' = [],'USERNAME' = undefined,
      'XOR-MAPPED-ADDRESS' = {{127,0,0,1},51775},
      'XOR-PEER-ADDRESS' = [],'XOR-RELAYED-ADDRESS' = undefined} (stun:send/3:498)
2025-08-21 11:50:53.881225+00:00 [info] Accepting connection: 127.0.0.1:60710 -> 127.0.0.1:34780 [TCP, session h03eorlwnev5] (stun_acceptor:accept/3:158)
2025-08-21 11:50:53.881455+00:00 [debug] Received:
#stun{class = request,method = 1,magic = 554869826,
      trid = 35381108299693305047958165475,raw = <<>>,unsupported = [],
      'ALTERNATE-SERVER' = undefined,'CHANNEL-NUMBER' = undefined,
      'DATA' = undefined,'DONT-FRAGMENT' = false,'ERROR-CODE' = undefined,
      'LIFETIME' = undefined,'MAPPED-ADDRESS' = undefined,
      'MESSAGE-INTEGRITY' = undefined,'NONCE' = undefined,'REALM' = undefined,
      'REQUESTED-ADDRESS-FAMILY' = undefined,
      'REQUESTED-TRANSPORT' = undefined,'SOFTWARE' = undefined,
      'UNKNOWN-ATTRIBUTES' = [],'USERNAME' = undefined,
      'XOR-MAPPED-ADDRESS' = undefined,'XOR-PEER-ADDRESS' = [],
      'XOR-RELAYED-ADDRESS' = undefined} (stun:process_data/3:455)
2025-08-21 11:50:53.881547+00:00 [debug] Responding to STUN request [TCP, session h03eorlwnev5, anonymous, client 127.0.0.1:60710] (stun:process/4:355)
2025-08-21 11:50:53.881622+00:00 [debug] Running 'stun_query' hook [TCP, session h03eorlwnev5, anonymous, client 127.0.0.1:60710] (stun:run_hook/3:742)
2025-08-21 11:50:53.881666+00:00 [debug] Got 'stun_query' event [TCP, session h03eorlwnev5, anonymous, client 127.0.0.1:60710] (eturnal_module:handle_event/2:177)
2025-08-21 11:50:53.881703+00:00 [debug] Calling mod_log_stun:handle_event/2 [TCP, session h03eorlwnev5, anonymous, client 127.0.0.1:60710] (eturnal_module:handle_event/2:180)
2025-08-21 11:50:53.881745+00:00 [info] Responding to STUN request [TCP, session h03eorlwnev5, anonymous, client 127.0.0.1:60710] (mod_log_stun:handle_event/2:44)
2025-08-21 11:50:53.881781+00:00 [debug] Calling mod_stats_influx:handle_event/2 [TCP, session h03eorlwnev5, anonymous, client 127.0.0.1:60710] (eturnal_module:handle_event/2:180)
2025-08-21 11:50:53.881817+00:00 [debug] Writing STUN query event to InfluxDB [TCP, session h03eorlwnev5, anonymous, client 127.0.0.1:60710] (mod_stats_influx:on_stun_query/1:76)
2025-08-21 11:50:53.881944+00:00 [debug] Calling mod_stats_prometheus:handle_event/2 [TCP, session h03eorlwnev5, anonymous, client 127.0.0.1:60710] (eturnal_module:handle_event/2:180)
2025-08-21 11:50:53.882019+00:00 [debug] Observing STUN query for Prometheus [TCP, session h03eorlwnev5, anonymous, client 127.0.0.1:60710] (mod_stats_prometheus:on_stun_query/1:166)
2025-08-21 11:50:53.882098+00:00 [debug] Sending:
#stun{class = response,method = 1,magic = 554869826,
      trid = 35381108299693305047958165475,raw = <<>>,unsupported = [],
      'ALTERNATE-SERVER' = undefined,'CHANNEL-NUMBER' = undefined,
      'DATA' = undefined,'DONT-FRAGMENT' = false,'ERROR-CODE' = undefined,
      'LIFETIME' = undefined,'MAPPED-ADDRESS' = undefined,
      'MESSAGE-INTEGRITY' = undefined,'NONCE' = undefined,'REALM' = undefined,
      'REQUESTED-ADDRESS-FAMILY' = undefined,
      'REQUESTED-TRANSPORT' = undefined,'SOFTWARE' = <<"eturnal">>,
      'UNKNOWN-ATTRIBUTES' = [],'USERNAME' = undefined,
      'XOR-MAPPED-ADDRESS' = {{127,0,0,1},60710},
      'XOR-PEER-ADDRESS' = [],'XOR-RELAYED-ADDRESS' = undefined} (stun:send/3:498)
2025-08-21 11:50:53.882717+00:00 [info] Connection reset by peer [TCP, session h03eorlwnev5, anonymous, client 127.0.0.1:60710] (stun:handle_info/3:206)
2025-08-21 11:50:53.906300+00:00 [info] Accepting connection: 127.0.0.1:40824 -> 127.0.0.1:53490 [TLS, session amr8gmfo5pcb] (stun_acceptor:accept/3:158)
2025-08-21 11:50:54.914949+00:00 [debug] Received:
#stun{class = request,method = 1,magic = 554869826,
      trid = 35550881837989124945933907525,raw = <<>>,unsupported = [],
      'ALTERNATE-SERVER' = undefined,'CHANNEL-NUMBER' = undefined,
      'DATA' = undefined,'DONT-FRAGMENT' = false,'ERROR-CODE' = undefined,
      'LIFETIME' = undefined,'MAPPED-ADDRESS' = undefined,
      'MESSAGE-INTEGRITY' = undefined,'NONCE' = undefined,'REALM' = undefined,
      'REQUESTED-ADDRESS-FAMILY' = undefined,
      'REQUESTED-TRANSPORT' = undefined,'SOFTWARE' = undefined,
      'UNKNOWN-ATTRIBUTES' = [],'USERNAME' = undefined,
      'XOR-MAPPED-ADDRESS' = undefined,'XOR-PEER-ADDRESS' = [],
      'XOR-RELAYED-ADDRESS' = undefined} (stun:process_data/3:455)
2025-08-21 11:50:54.915104+00:00 [debug] Responding to STUN request [TLS, session amr8gmfo5pcb, anonymous, client 127.0.0.1:40824] (stun:process/4:355)
2025-08-21 11:50:54.915156+00:00 [debug] Running 'stun_query' hook [TLS, session amr8gmfo5pcb, anonymous, client 127.0.0.1:40824] (stun:run_hook/3:742)
2025-08-21 11:50:54.915206+00:00 [debug] Got 'stun_query' event [TLS, session amr8gmfo5pcb, anonymous, client 127.0.0.1:40824] (eturnal_module:handle_event/2:177)
2025-08-21 11:50:54.915264+00:00 [debug] Calling mod_log_stun:handle_event/2 [TLS, session amr8gmfo5pcb, anonymous, client 127.0.0.1:40824] (eturnal_module:handle_event/2:180)
2025-08-21 11:50:54.915304+00:00 [info] Responding to STUN request [TLS, session amr8gmfo5pcb, anonymous, client 127.0.0.1:40824] (mod_log_stun:handle_event/2:44)
2025-08-21 11:50:54.915355+00:00 [debug] Calling mod_stats_influx:handle_event/2 [TLS, session amr8gmfo5pcb, anonymous, client 127.0.0.1:40824] (eturnal_module:handle_event/2:180)
2025-08-21 11:50:54.915394+00:00 [debug] Writing STUN query event to InfluxDB [TLS, session amr8gmfo5pcb, anonymous, client 127.0.0.1:40824] (mod_stats_influx:on_stun_query/1:76)
2025-08-21 11:50:54.915596+00:00 [debug] Calling mod_stats_prometheus:handle_event/2 [TLS, session amr8gmfo5pcb, anonymous, client 127.0.0.1:40824] (eturnal_module:handle_event/2:180)
2025-08-21 11:50:54.915658+00:00 [debug] Observing STUN query for Prometheus [TLS, session amr8gmfo5pcb, anonymous, client 127.0.0.1:40824] (mod_stats_prometheus:on_stun_query/1:166)
2025-08-21 11:50:54.915747+00:00 [debug] Sending:
#stun{class = response,method = 1,magic = 554869826,
      trid = 35550881837989124945933907525,raw = <<>>,unsupported = [],
      'ALTERNATE-SERVER' = undefined,'CHANNEL-NUMBER' = undefined,
      'DATA' = undefined,'DONT-FRAGMENT' = false,'ERROR-CODE' = undefined,
      'LIFETIME' = undefined,'MAPPED-ADDRESS' = undefined,
      'MESSAGE-INTEGRITY' = undefined,'NONCE' = undefined,'REALM' = undefined,
      'REQUESTED-ADDRESS-FAMILY' = undefined,
      'REQUESTED-TRANSPORT' = undefined,'SOFTWARE' = <<"eturnal">>,
      'UNKNOWN-ATTRIBUTES' = [],'USERNAME' = undefined,
      'XOR-MAPPED-ADDRESS' = {{127,0,0,1},40824},
      'XOR-PEER-ADDRESS' = [],'XOR-RELAYED-ADDRESS' = undefined} (stun:send/3:498)
2025-08-21 11:50:54.915997+00:00 [info] Connection reset by peer [TLS, session amr8gmfo5pcb, anonymous, client 127.0.0.1:40824] (stun:handle_info/3:206)
2025-08-21 11:50:54.939188+00:00 [info] Accepting connection: 127.0.0.1:35448 -> 127.0.0.1:34781 [TCP|TLS, session j8ch983nivmf] (stun_acceptor:accept/3:158)
2025-08-21 11:50:54.939324+00:00 [debug] Determined transport protocol: TCP (stun:is_tls_handshake/1:688)
2025-08-21 11:50:54.939606+00:00 [debug] Received:
#stun{class = request,method = 1,magic = 554869826,
      trid = 486462430971233671983915781,raw = <<>>,unsupported = [],
      'ALTERNATE-SERVER' = undefined,'CHANNEL-NUMBER' = undefined,
      'DATA' = undefined,'DONT-FRAGMENT' = false,'ERROR-CODE' = undefined,
      'LIFETIME' = undefined,'MAPPED-ADDRESS' = undefined,
      'MESSAGE-INTEGRITY' = undefined,'NONCE' = undefined,'REALM' = undefined,
      'REQUESTED-ADDRESS-FAMILY' = undefined,
      'REQUESTED-TRANSPORT' = undefined,'SOFTWARE' = undefined,
      'UNKNOWN-ATTRIBUTES' = [],'USERNAME' = undefined,
      'XOR-MAPPED-ADDRESS' = undefined,'XOR-PEER-ADDRESS' = [],
      'XOR-RELAYED-ADDRESS' = undefined} (stun:process_data/3:455)
2025-08-21 11:50:54.939704+00:00 [debug] Responding to STUN request [TCP, session j8ch983nivmf, anonymous, client 127.0.0.1:35448] (stun:process/4:355)
2025-08-21 11:50:54.939749+00:00 [debug] Running 'stun_query' hook [TCP, session j8ch983nivmf, anonymous, client 127.0.0.1:35448] (stun:run_hook/3:742)
2025-08-21 11:50:54.939808+00:00 [debug] Got 'stun_query' event [TCP, session j8ch983nivmf, anonymous, client 127.0.0.1:35448] (eturnal_module:handle_event/2:177)
2025-08-21 11:50:54.939843+00:00 [debug] Calling mod_log_stun:handle_event/2 [TCP, session j8ch983nivmf, anonymous, client 127.0.0.1:35448] (eturnal_module:handle_event/2:180)
2025-08-21 11:50:54.939885+00:00 [info] Responding to STUN request [TCP, session j8ch983nivmf, anonymous, client 127.0.0.1:35448] (mod_log_stun:handle_event/2:44)
2025-08-21 11:50:54.939916+00:00 [debug] Calling mod_stats_influx:handle_event/2 [TCP, session j8ch983nivmf, anonymous, client 127.0.0.1:35448] (eturnal_module:handle_event/2:180)
2025-08-21 11:50:54.939966+00:00 [debug] Writing STUN query event to InfluxDB [TCP, session j8ch983nivmf, anonymous, client 127.0.0.1:35448] (mod_stats_influx:on_stun_query/1:76)
2025-08-21 11:50:54.940079+00:00 [debug] Calling mod_stats_prometheus:handle_event/2 [TCP, session j8ch983nivmf, anonymous, client 127.0.0.1:35448] (eturnal_module:handle_event/2:180)
2025-08-21 11:50:54.940123+00:00 [debug] Observing STUN query for Prometheus [TCP, session j8ch983nivmf, anonymous, client 127.0.0.1:35448] (mod_stats_prometheus:on_stun_query/1:166)
2025-08-21 11:50:54.940194+00:00 [debug] Sending:
#stun{class = response,method = 1,magic = 554869826,
      trid = 486462430971233671983915781,raw = <<>>,unsupported = [],
      'ALTERNATE-SERVER' = undefined,'CHANNEL-NUMBER' = undefined,
      'DATA' = undefined,'DONT-FRAGMENT' = false,'ERROR-CODE' = undefined,
      'LIFETIME' = undefined,'MAPPED-ADDRESS' = undefined,
      'MESSAGE-INTEGRITY' = undefined,'NONCE' = undefined,'REALM' = undefined,
      'REQUESTED-ADDRESS-FAMILY' = undefined,
      'REQUESTED-TRANSPORT' = undefined,'SOFTWARE' = <<"eturnal">>,
      'UNKNOWN-ATTRIBUTES' = [],'USERNAME' = undefined,
      'XOR-MAPPED-ADDRESS' = {{127,0,0,1},35448},
      'XOR-PEER-ADDRESS' = [],'XOR-RELAYED-ADDRESS' = undefined} (stun:send/3:498)
2025-08-21 11:50:54.941686+00:00 [info] Connection reset by peer [TCP, session j8ch983nivmf, anonymous, client 127.0.0.1:35448] (stun:handle_info/3:206)
2025-08-21 11:50:54.964175+00:00 [info] Accepting connection: 127.0.0.1:35454 -> 127.0.0.1:34781 [TCP|TLS, session cwltzy612rzn] (stun_acceptor:accept/3:158)
2025-08-21 11:50:54.964393+00:00 [debug] Determined transport protocol: TLS (stun:is_tls_handshake/1:685)
2025-08-21 11:50:55.972979+00:00 [debug] Received:
#stun{class = request,method = 1,magic = 554869826,
      trid = 38293776327544350062846353475,raw = <<>>,unsupported = [],
      'ALTERNATE-SERVER' = undefined,'CHANNEL-NUMBER' = undefined,
      'DATA' = undefined,'DONT-FRAGMENT' = false,'ERROR-CODE' = undefined,
      'LIFETIME' = undefined,'MAPPED-ADDRESS' = undefined,
      'MESSAGE-INTEGRITY' = undefined,'NONCE' = undefined,'REALM' = undefined,
      'REQUESTED-ADDRESS-FAMILY' = undefined,
      'REQUESTED-TRANSPORT' = undefined,'SOFTWARE' = undefined,
      'UNKNOWN-ATTRIBUTES' = [],'USERNAME' = undefined,
      'XOR-MAPPED-ADDRESS' = undefined,'XOR-PEER-ADDRESS' = [],
      'XOR-RELAYED-ADDRESS' = undefined} (stun:process_data/3:455)
2025-08-21 11:50:55.973119+00:00 [debug] Responding to STUN request [TLS, session cwltzy612rzn, anonymous, client 127.0.0.1:35454] (stun:process/4:355)
2025-08-21 11:50:55.973191+00:00 [debug] Running 'stun_query' hook [TLS, session cwltzy612rzn, anonymous, client 127.0.0.1:35454] (stun:run_hook/3:742)
2025-08-21 11:50:55.973296+00:00 [debug] Got 'stun_query' event [TLS, session cwltzy612rzn, anonymous, client 127.0.0.1:35454] (eturnal_module:handle_event/2:177)
2025-08-21 11:50:55.973402+00:00 [debug] Calling mod_log_stun:handle_event/2 [TLS, session cwltzy612rzn, anonymous, client 127.0.0.1:35454] (eturnal_module:handle_event/2:180)
2025-08-21 11:50:55.973473+00:00 [info] Responding to STUN request [TLS, session cwltzy612rzn, anonymous, client 127.0.0.1:35454] (mod_log_stun:handle_event/2:44)
2025-08-21 11:50:55.973538+00:00 [debug] Calling mod_stats_influx:handle_event/2 [TLS, session cwltzy612rzn, anonymous, client 127.0.0.1:35454] (eturnal_module:handle_event/2:180)
2025-08-21 11:50:55.973668+00:00 [debug] Writing STUN query event to InfluxDB [TLS, session cwltzy612rzn, anonymous, client 127.0.0.1:35454] (mod_stats_influx:on_stun_query/1:76)
2025-08-21 11:50:55.973833+00:00 [debug] Calling mod_stats_prometheus:handle_event/2 [TLS, session cwltzy612rzn, anonymous, client 127.0.0.1:35454] (eturnal_module:handle_event/2:180)
2025-08-21 11:50:55.973873+00:00 [debug] Observing STUN query for Prometheus [TLS, session cwltzy612rzn, anonymous, client 127.0.0.1:35454] (mod_stats_prometheus:on_stun_query/1:166)
2025-08-21 11:50:55.973951+00:00 [debug] Sending:
#stun{class = response,method = 1,magic = 554869826,
      trid = 38293776327544350062846353475,raw = <<>>,unsupported = [],
      'ALTERNATE-SERVER' = undefined,'CHANNEL-NUMBER' = undefined,
      'DATA' = undefined,'DONT-FRAGMENT' = false,'ERROR-CODE' = undefined,
      'LIFETIME' = undefined,'MAPPED-ADDRESS' = undefined,
      'MESSAGE-INTEGRITY' = undefined,'NONCE' = undefined,'REALM' = undefined,
      'REQUESTED-ADDRESS-FAMILY' = undefined,
      'REQUESTED-TRANSPORT' = undefined,'SOFTWARE' = <<"eturnal">>,
      'UNKNOWN-ATTRIBUTES' = [],'USERNAME' = undefined,
      'XOR-MAPPED-ADDRESS' = {{127,0,0,1},35454},
      'XOR-PEER-ADDRESS' = [],'XOR-RELAYED-ADDRESS' = undefined} (stun:send/3:498)
2025-08-21 11:50:55.974251+00:00 [info] Connection reset by peer [TLS, session cwltzy612rzn, anonymous, client 127.0.0.1:35454] (stun:handle_info/3:206)
2025-08-21 11:50:55.998094+00:00 [debug] Terminating eturnal (shutdown) (eturnal:terminate/2:186)
2025-08-21 11:50:55.998094+00:00 [debug] No NOTIFY_SOCKET, dropping STOPPING=1 notification (eturnal_systemd:handle_cast/2:99)
2025-08-21 11:50:55.998279+00:00 [info] Stopped listening on 127.0.0.1:34780 (udp) (eturnal:stop_listeners/1:443)
2025-08-21 11:50:55.998415+00:00 [info] Stopped listening on 127.0.0.1:34780 (tcp) (eturnal:stop_listeners/1:443)
2025-08-21 11:50:55.998584+00:00 [info] Stopped listening on 127.0.0.1:53490 (tls) (eturnal:stop_listeners/1:443)
2025-08-21 11:50:55.998740+00:00 [info] Stopped listening on 127.0.0.1:34781 (auto) (eturnal:stop_listeners/1:443)
2025-08-21 11:50:55.999435+00:00 [debug] Calling mod_stats_prometheus:stop/1 (eturnal_module:stop/1:163)
2025-08-21 11:50:55.999616+00:00 [debug] Stopping mod_stats_prometheus (mod_stats_prometheus:stop/0:110)
2025-08-21 11:50:55.999858+00:00 [info] Stopped mod_stats_prometheus (eturnal:stop_modules/1:398)
2025-08-21 11:50:56.001024+00:00 [debug] Calling mod_log_stun:stop/1 (eturnal_module:stop/1:163)
2025-08-21 11:50:56.001208+00:00 [debug] Stopping mod_log_stun (mod_log_stun:stop/0:49)
2025-08-21 11:50:56.001448+00:00 [info] Stopped mod_log_stun (eturnal:stop_modules/1:398)
2025-08-21 11:50:56.001763+00:00 [debug] Calling mod_stats_influx:stop/1 (eturnal_module:stop/1:163)
2025-08-21 11:50:56.001885+00:00 [debug] Stopping mod_stats_influx (mod_stats_influx:stop/0:61)
2025-08-21 11:50:56.001978+00:00 [info] Stopped mod_stats_influx (eturnal:stop_modules/1:398)
2025-08-21 11:50:56.002157+00:00 [debug] Removed run/cert.pem (eturnal:clean_run_dir/0:873)
2025-08-21 11:50:56.002287+00:00 [debug] Terminating eturnal_systemd (shutdown) (eturnal_systemd:terminate/2:125)
2025-08-21 11:50:56.002448+00:00 [notice] Stopping eturnal 1.12.2 on Erlang/OTP 28 (ERTS 16.0) (eturnal_app:stop/1:53)
