2022-07-12 12:12:00.075925+00:00 [notice] Starting eturnal 1.9.0 on Erlang/OTP 25 (ERTS 13.0) (eturnal_app:start/2:35)
2022-07-12 12:12:00.076173+00:00 [debug] Starting supervisor: eturnal_sup (eturnal_sup:start_link/0:32)
2022-07-12 12:12:00.076357+00:00 [debug] Configuring eturnal_sup supervisor: [#{id => systemd,
                                       start =>
                                           {eturnal_systemd,start_link,[]}},
                                     #{id => eturnal,
                                       start => {eturnal,start_link,[]}}] (eturnal_sup:init/0:40)
2022-07-12 12:12:00.078605+00:00 [info] Got no NOTIFY_SOCKET, notifications disabled (eturnal_systemd:init/1:95)
2022-07-12 12:12:00.078864+00:00 [debug] PROGRESS REPORT:
    supervisor: {local,eturnal_sup}
    started: [{pid,<0.941.0>},
              {id,systemd},
              {mfargs,{eturnal_systemd,start_link,[]}},
              {restart_type,permanent},
              {significant,false},
              {shutdown,5000},
              {child_type,worker}]
 (supervisor:report_progress/2:1557)
2022-07-12 12:12:00.079070+00:00 [info] Relay IPv4 address: 127.0.0.1 (port range: 49152-65535) (eturnal:log_relay_addresses/0:271)
2022-07-12 12:12:00.079224+00:00 [info] Relay IPv6 address not configured (eturnal:log_relay_addresses/0:281)
2022-07-12 12:12:00.094627+00:00 [info] Cannot determine control query port: noport (eturnal:log_control_listener/0:296)
2022-07-12 12:12:00.095049+00:00 [debug] Using run directory run (eturnal:ensure_run_dir/0:696)
2022-07-12 12:12:00.095200+00:00 [debug] TURN configuration seems fine (eturnal:check_turn_config/0:490)
2022-07-12 12:12:00.095338+00:00 [warning] TLS enabled without 'tls_crt_file', creating self-signed certificate (eturnal:check_pem_file/0:632)
2022-07-12 12:12:01.245401+00:00 [debug] Calling mod_log_stun:start/0 (eturnal_module:start/1:142)
2022-07-12 12:12:01.245665+00:00 [debug] Starting mod_log_stun (mod_log_stun:start/0:39)
2022-07-12 12:12:01.245896+00:00 [info] Started mod_log_stun (eturnal:start_modules/0:307)
2022-07-12 12:12:01.246013+00:00 [debug] Calling mod_stats_influx:start/0 (eturnal_module:start/1:142)
2022-07-12 12:12:01.246114+00:00 [debug] Starting mod_stats_influx (mod_stats_influx:start/0:38)
2022-07-12 12:12:01.250083+00:00 [debug] PROGRESS REPORT:
    application: ulitos
    started_at: nonode@nohost
 (application_controller:info_started/2:2107)
2022-07-12 12:12:01.252157+00:00 [debug] PROGRESS REPORT:
    application: poolboy
    started_at: nonode@nohost
 (application_controller:info_started/2:2107)
2022-07-12 12:12:01.253658+00:00 [info]     msg: Starting application: influx_udp (influx_udp_app:start/2:10)
2022-07-12 12:12:01.257154+00:00 [debug] PROGRESS REPORT:
    supervisor: {local,influx_udp_sup}
    started: [{pid,<0.963.0>},
              {id,influx_udp},
              {mfargs,{influx_udp,start_link,[]}},
              {restart_type,permanent},
              {significant,false},
              {shutdown,5000},
              {child_type,worker}]
 (supervisor:report_progress/2:1557)
2022-07-12 12:12:01.257365+00:00 [debug] PROGRESS REPORT:
    application: influx_udp
    started_at: nonode@nohost
 (application_controller:info_started/2:2107)
2022-07-12 12:12:01.257447+00:00 [debug] Dependency influx_udp was available already (eturnal_module:ensure_dep/2:283)
2022-07-12 12:12:01.259809+00:00 [info]     host: {127,0,0,1}
    msg: Start clients pool
    options: #{host => "localhost",max_overflow => 1,pool_size => 1,
               port => 8089} (influx_udp:start_pool_/2:239)
2022-07-12 12:12:01.272106+00:00 [info]     msg: Open UDP socket on port
    port: 37556 (influx_udp_worker:init/1:43)
2022-07-12 12:12:01.272367+00:00 [debug] PROGRESS REPORT:
    supervisor: {local,influx_udp_sup}
    started: [{pid,<0.966.0>},
              {id,stats_influx_pool},
              {mfargs,
                  {poolboy,start_link,
                      [[{name,{local,stats_influx_pool}},
                        {worker_module,influx_udp_worker},
                        {size,1},
                        {max_overflow,1}],
                       [{options,
                            #{host => {127,0,0,1},
                              max_overflow => 1,pool_size => 1,
                              port => 8089}}]]}},
              {restart_type,permanent},
              {significant,false},
              {shutdown,5000},
              {child_type,worker}]
 (supervisor:report_progress/2:1557)
2022-07-12 12:12:01.272586+00:00 [info] Started mod_stats_influx (eturnal:start_modules/0:307)
2022-07-12 12:12:01.272750+00:00 [debug] Starting listener 127.0.0.1:34780 (udp) with options:
[{use_turn,true},
 {auth_type,user},
 {turn_ipv4_address,{127,0,0,1}},
 {turn_min_port,49152},
 {turn_max_port,65535},
 {turn_max_allocations,10},
 {turn_max_permissions,10},
 {shaper,100000},
 {turn_blacklist,[{{10,0,0,0},8},
                  {{100,64,0,0},10},
                  {{127,0,0,0},8},
                  {{169,254,0,0},16},
                  {{172,16,0,0},12},
                  {{192,0,0,0},24},
                  {{192,0,2,0},24},
                  {{192,88,99,0},24},
                  {{192,168,0,0},16},
                  {{198,18,0,0},15},
                  {{198,51,100,0},24},
                  {{203,0,113,0},24},
                  {{224,0,0,0},4},
                  {{240,0,0,0},4},
                  {{0,0,0,0,0,0,0,1},128},
                  {{0,0,0,0,0,65535,0,0},96},
                  {{100,65435,0,0,0,0,0,0},96},
                  {{256,0,0,0,0,0,0,0},64},
                  {{8193,3512,0,0,0,0,0,0},32},
                  {{64512,0,0,0,0,0,0,0},7},
                  {{65152,0,0,0,0,0,0,0},10},
                  {{65280,0,0,0,0,0,0,0},8}]},
 {turn_whitelist,[{{127,0,0,1},32},
                  {{203,0,113,113},32},
                  {{8193,3512,0,0,0,0,0,0},64}]},
 {auth_realm,<<"eturnal.net">>},
 {server_name,<<"eturnal">>},
 {auth_fun,fun eturnal:get_password/2},
 {hook_fun,fun eturnal:run_hook/2}] (eturnal:start_listeners/0:340)
2022-07-12 12:12:01.288199+00:00 [info] Listening on 127.0.0.1:34780 (udp) (STUN/TURN) (eturnal:start_listeners/0:345)
2022-07-12 12:12:01.288365+00:00 [debug] Starting listener 127.0.0.1:34780 (tcp) with options:
[{use_turn,false},
 {auth_type,anonymous},
 {turn_ipv4_address,{127,0,0,1}},
 {turn_min_port,49152},
 {turn_max_port,65535},
 {turn_max_allocations,10},
 {turn_max_permissions,10},
 {shaper,100000},
 {turn_blacklist,[{{10,0,0,0},8},
                  {{100,64,0,0},10},
                  {{127,0,0,0},8},
                  {{169,254,0,0},16},
                  {{172,16,0,0},12},
                  {{192,0,0,0},24},
                  {{192,0,2,0},24},
                  {{192,88,99,0},24},
                  {{192,168,0,0},16},
                  {{198,18,0,0},15},
                  {{198,51,100,0},24},
                  {{203,0,113,0},24},
                  {{224,0,0,0},4},
                  {{240,0,0,0},4},
                  {{0,0,0,0,0,0,0,1},128},
                  {{0,0,0,0,0,65535,0,0},96},
                  {{100,65435,0,0,0,0,0,0},96},
                  {{256,0,0,0,0,0,0,0},64},
                  {{8193,3512,0,0,0,0,0,0},32},
                  {{64512,0,0,0,0,0,0,0},7},
                  {{65152,0,0,0,0,0,0,0},10},
                  {{65280,0,0,0,0,0,0,0},8}]},
 {turn_whitelist,[{{127,0,0,1},32},
                  {{203,0,113,113},32},
                  {{8193,3512,0,0,0,0,0,0},64}]},
 {auth_realm,<<"eturnal.net">>},
 {server_name,<<"eturnal">>},
 {auth_fun,fun eturnal:get_password/2},
 {hook_fun,fun eturnal:run_hook/2}] (eturnal:start_listeners/0:340)
2022-07-12 12:12:01.297721+00:00 [info] Listening on 127.0.0.1:34780 (tcp) (STUN only) (eturnal:start_listeners/0:345)
2022-07-12 12:12:01.297935+00:00 [debug] Starting listener 127.0.0.1:53490 (tls) with options:
[{use_turn,false},
 {auth_type,anonymous},
 {tls,true},
 {certfile,<<"run/cert.pem">>},
 {ciphers,<<"HIGH:!aNULL:@STRENGTH">>},
 {protocol_options,<<"no_tlsv1|no_tlsv1_1|cipher_server_preference">>},
 {turn_ipv4_address,{127,0,0,1}},
 {turn_min_port,49152},
 {turn_max_port,65535},
 {turn_max_allocations,10},
 {turn_max_permissions,10},
 {shaper,100000},
 {turn_blacklist,[{{10,0,0,0},8},
                  {{100,64,0,0},10},
                  {{127,0,0,0},8},
                  {{169,254,0,0},16},
                  {{172,16,0,0},12},
                  {{192,0,0,0},24},
                  {{192,0,2,0},24},
                  {{192,88,99,0},24},
                  {{192,168,0,0},16},
                  {{198,18,0,0},15},
                  {{198,51,100,0},24},
                  {{203,0,113,0},24},
                  {{224,0,0,0},4},
                  {{240,0,0,0},4},
                  {{0,0,0,0,0,0,0,1},128},
                  {{0,0,0,0,0,65535,0,0},96},
                  {{100,65435,0,0,0,0,0,0},96},
                  {{256,0,0,0,0,0,0,0},64},
                  {{8193,3512,0,0,0,0,0,0},32},
                  {{64512,0,0,0,0,0,0,0},7},
                  {{65152,0,0,0,0,0,0,0},10},
                  {{65280,0,0,0,0,0,0,0},8}]},
 {turn_whitelist,[{{127,0,0,1},32},
                  {{203,0,113,113},32},
                  {{8193,3512,0,0,0,0,0,0},64}]},
 {auth_realm,<<"eturnal.net">>},
 {server_name,<<"eturnal">>},
 {auth_fun,fun eturnal:get_password/2},
 {hook_fun,fun eturnal:run_hook/2}] (eturnal:start_listeners/0:340)
2022-07-12 12:12:01.298657+00:00 [info] Listening on 127.0.0.1:53490 (tls) (STUN only) (eturnal:start_listeners/0:345)
2022-07-12 12:12:01.298801+00:00 [debug] Starting listener 127.0.0.1:34781 (auto) with options:
[{use_turn,false},
 {auth_type,anonymous},
 {tls,optional},
 {certfile,<<"run/cert.pem">>},
 {ciphers,<<"HIGH:!aNULL:@STRENGTH">>},
 {protocol_options,<<"no_tlsv1|no_tlsv1_1|cipher_server_preference">>},
 {turn_ipv4_address,{127,0,0,1}},
 {turn_min_port,49152},
 {turn_max_port,65535},
 {turn_max_allocations,10},
 {turn_max_permissions,10},
 {shaper,100000},
 {turn_blacklist,[{{10,0,0,0},8},
                  {{100,64,0,0},10},
                  {{127,0,0,0},8},
                  {{169,254,0,0},16},
                  {{172,16,0,0},12},
                  {{192,0,0,0},24},
                  {{192,0,2,0},24},
                  {{192,88,99,0},24},
                  {{192,168,0,0},16},
                  {{198,18,0,0},15},
                  {{198,51,100,0},24},
                  {{203,0,113,0},24},
                  {{224,0,0,0},4},
                  {{240,0,0,0},4},
                  {{0,0,0,0,0,0,0,1},128},
                  {{0,0,0,0,0,65535,0,0},96},
                  {{100,65435,0,0,0,0,0,0},96},
                  {{256,0,0,0,0,0,0,0},64},
                  {{8193,3512,0,0,0,0,0,0},32},
                  {{64512,0,0,0,0,0,0,0},7},
                  {{65152,0,0,0,0,0,0,0},10},
                  {{65280,0,0,0,0,0,0,0},8}]},
 {turn_whitelist,[{{127,0,0,1},32},
                  {{203,0,113,113},32},
                  {{8193,3512,0,0,0,0,0,0},64}]},
 {auth_realm,<<"eturnal.net">>},
 {server_name,<<"eturnal">>},
 {auth_fun,fun eturnal:get_password/2},
 {hook_fun,fun eturnal:run_hook/2}] (eturnal:start_listeners/0:340)
2022-07-12 12:12:01.322844+00:00 [info] Listening on 127.0.0.1:34781 (auto) (STUN only) (eturnal:start_listeners/0:345)
2022-07-12 12:12:01.323024+00:00 [debug] Started 2 modules (eturnal:init/1:96)
2022-07-12 12:12:01.323152+00:00 [debug] Started 4 listeners (eturnal:init/1:97)
2022-07-12 12:12:01.323266+00:00 [debug] PROGRESS REPORT:
    supervisor: {local,eturnal_sup}
    started: [{pid,<0.943.0>},
              {id,eturnal},
              {mfargs,{eturnal,start_link,[]}},
              {restart_type,permanent},
              {significant,false},
              {shutdown,5000},
              {child_type,worker}]
 (supervisor:report_progress/2:1557)
2022-07-12 12:12:01.323369+00:00 [debug] No NOTIFY_SOCKET, dropping READY=1 notification (eturnal_systemd:handle_cast/2:109)
2022-07-12 12:12:01.323385+00:00 [debug] PROGRESS REPORT:
    application: eturnal
    started_at: nonode@nohost
 (application_controller:info_started/2:2107)
2022-07-12 12:12:01.323484+00:00 [debug] Watchdog interval is undefined, hibernating (eturnal_systemd:get_timeout/1:162)
2022-07-12 12:12:01.353287+00:00 [debug] Handling API call: get_info() (eturnal_ctl:get_info/0:135)
2022-07-12 12:12:01.354088+00:00 [debug] eturnal call (get_info) returned {ok,
                                  {eturnal_node_info,<<"1.9.0">>,
                                   {"25","13.0"},
                                   4842,0,138,119128887,2,40959408}} (eturnal_ctl:call/1:452)
2022-07-12 12:12:01.379950+00:00 [debug] Handling API call: get_sessions() (eturnal_ctl:get_sessions/0:106)
2022-07-12 12:12:01.405494+00:00 [debug] Handling API call: get_sessions("alice") (eturnal_ctl:get_sessions/1:116)
2022-07-12 12:12:01.405767+00:00 [debug] Handling API call: disconnect(alice) (eturnal_ctl:disconnect/1:184)
2022-07-12 12:12:01.405911+00:00 [debug] Cannot convert user name to binary: alice (eturnal_ctl:disconnect/1:194)
2022-07-12 12:12:01.434101+00:00 [debug] Handling API call: disconnect("alice") (eturnal_ctl:disconnect/1:184)
2022-07-12 12:12:01.434338+00:00 [debug] Handling API call: disconnect(alice) (eturnal_ctl:disconnect/1:184)
2022-07-12 12:12:01.434482+00:00 [debug] Cannot convert user name to binary: alice (eturnal_ctl:disconnect/1:194)
2022-07-12 12:12:01.459455+00:00 [debug] Handling API call: get_credentials("2009-10-30 11:00:00Z", []) (eturnal_ctl:get_credentials/2:60)
2022-07-12 12:12:01.459728+00:00 [debug] eturnal call ({get_password,<<"1256900400">>}) returned {ok,
                                                         <<"uEKlpcME7MNMMVRV8rUFPCTIFEs=">>} (eturnal_ctl:call/1:452)
2022-07-12 12:12:01.468375+00:00 [debug] Handling API call: get_credentials("86400", "alice") (eturnal_ctl:get_credentials/2:60)
2022-07-12 12:12:01.468599+00:00 [debug] eturnal call ({get_password,<<"1657714321:alice">>}) returned {ok,
                                                               <<"fBR2AJevaVU7oF7jDCcQbkwAgYE=">>} (eturnal_ctl:call/1:452)
2022-07-12 12:12:01.468757+00:00 [debug] Handling API call: get_password("1657714321:alice") (eturnal_ctl:get_password/1:79)
2022-07-12 12:12:01.468891+00:00 [debug] eturnal call ({get_password,<<"1657714321:alice">>}) returned {ok,
                                                               <<"fBR2AJevaVU7oF7jDCcQbkwAgYE=">>} (eturnal_ctl:call/1:452)
2022-07-12 12:12:01.469059+00:00 [debug] Handling API call: get_credentials("86400s", "alice") (eturnal_ctl:get_credentials/2:60)
2022-07-12 12:12:01.469196+00:00 [debug] eturnal call ({get_password,<<"1657714321:alice">>}) returned {ok,
                                                               <<"fBR2AJevaVU7oF7jDCcQbkwAgYE=">>} (eturnal_ctl:call/1:452)
2022-07-12 12:12:01.469338+00:00 [debug] Handling API call: get_password("1657714321:alice") (eturnal_ctl:get_password/1:79)
2022-07-12 12:12:01.469456+00:00 [debug] eturnal call ({get_password,<<"1657714321:alice">>}) returned {ok,
                                                               <<"fBR2AJevaVU7oF7jDCcQbkwAgYE=">>} (eturnal_ctl:call/1:452)
2022-07-12 12:12:01.469619+00:00 [debug] Handling API call: get_credentials("1440m", "alice") (eturnal_ctl:get_credentials/2:60)
2022-07-12 12:12:01.469797+00:00 [debug] eturnal call ({get_password,<<"1657714321:alice">>}) returned {ok,
                                                               <<"fBR2AJevaVU7oF7jDCcQbkwAgYE=">>} (eturnal_ctl:call/1:452)
2022-07-12 12:12:01.469987+00:00 [debug] Handling API call: get_password("1657714321:alice") (eturnal_ctl:get_password/1:79)
2022-07-12 12:12:01.470127+00:00 [debug] eturnal call ({get_password,<<"1657714321:alice">>}) returned {ok,
                                                               <<"fBR2AJevaVU7oF7jDCcQbkwAgYE=">>} (eturnal_ctl:call/1:452)
2022-07-12 12:12:01.470498+00:00 [debug] Handling API call: get_credentials("24h", "alice") (eturnal_ctl:get_credentials/2:60)
2022-07-12 12:12:01.470885+00:00 [debug] eturnal call ({get_password,<<"1657714321:alice">>}) returned {ok,
                                                               <<"fBR2AJevaVU7oF7jDCcQbkwAgYE=">>} (eturnal_ctl:call/1:452)
2022-07-12 12:12:01.471034+00:00 [debug] Handling API call: get_password("1657714321:alice") (eturnal_ctl:get_password/1:79)
2022-07-12 12:12:01.471145+00:00 [debug] eturnal call ({get_password,<<"1657714321:alice">>}) returned {ok,
                                                               <<"fBR2AJevaVU7oF7jDCcQbkwAgYE=">>} (eturnal_ctl:call/1:452)
2022-07-12 12:12:01.471290+00:00 [debug] Handling API call: get_credentials("1d", "alice") (eturnal_ctl:get_credentials/2:60)
2022-07-12 12:12:01.471398+00:00 [debug] eturnal call ({get_password,<<"1657714321:alice">>}) returned {ok,
                                                               <<"fBR2AJevaVU7oF7jDCcQbkwAgYE=">>} (eturnal_ctl:call/1:452)
2022-07-12 12:12:01.471511+00:00 [debug] Handling API call: get_password("1657714321:alice") (eturnal_ctl:get_password/1:79)
2022-07-12 12:12:01.471605+00:00 [debug] eturnal call ({get_password,<<"1657714321:alice">>}) returned {ok,
                                                               <<"fBR2AJevaVU7oF7jDCcQbkwAgYE=">>} (eturnal_ctl:call/1:452)
2022-07-12 12:12:01.471784+00:00 [debug] Handling API call: get_password("Invalid") (eturnal_ctl:get_password/1:79)
2022-07-12 12:12:01.471858+00:00 [debug] Invalid user name: Invalid (eturnal_ctl:get_password/1:93)
2022-07-12 12:12:01.473319+00:00 [debug] Handling API call: get_credentials("Invalid", []) (eturnal_ctl:get_credentials/2:60)
2022-07-12 12:12:01.473598+00:00 [debug] Invalid argument(s): "Invalid":[] (eturnal_ctl:get_credentials/2:73)
2022-07-12 12:12:01.473846+00:00 [debug] Handling API call: get_password(invalid) (eturnal_ctl:get_password/1:79)
2022-07-12 12:12:01.474115+00:00 [debug] Cannot convert user name to binary: invalid (eturnal_ctl:get_password/1:100)
2022-07-12 12:12:01.474361+00:00 [debug] Handling API call: get_credentials(invalid, []) (eturnal_ctl:get_credentials/2:60)
2022-07-12 12:12:01.474602+00:00 [debug] Invalid argument(s): invalid:[] (eturnal_ctl:get_credentials/2:73)
2022-07-12 12:12:01.474870+00:00 [debug] Handling API call: get_password([invalid]) (eturnal_ctl:get_password/1:79)
2022-07-12 12:12:01.475122+00:00 [debug] Cannot convert user name to binary: [invalid] (eturnal_ctl:get_password/1:100)
2022-07-12 12:12:01.475369+00:00 [debug] Handling API call: get_credentials([invalid], []) (eturnal_ctl:get_credentials/2:60)
2022-07-12 12:12:01.475632+00:00 [debug] Invalid argument(s): [invalid]:[] (eturnal_ctl:get_credentials/2:73)
2022-07-12 12:12:01.475945+00:00 [debug] Handling API call: get_credentials(1256900400, invalid) (eturnal_ctl:get_credentials/2:60)
2022-07-12 12:12:01.476207+00:00 [debug] Invalid argument(s): 1256900400:invalid (eturnal_ctl:get_credentials/2:73)
2022-07-12 12:12:01.500592+00:00 [debug] Handling API call: set_loglevel(debug) (eturnal_ctl:set_loglevel/1:165)
2022-07-12 12:12:01.500811+00:00 [debug] eturnal call ({set_loglevel,debug}) returned ok (eturnal_ctl:call/1:449)
2022-07-12 12:12:01.500974+00:00 [debug] Handling API call: get_loglevel() (eturnal_ctl:get_loglevel/0:155)
2022-07-12 12:12:01.501085+00:00 [debug] eturnal call (get_loglevel) returned {ok,debug} (eturnal_ctl:call/1:452)
2022-07-12 12:12:01.501287+00:00 [debug] Handling API call: set_loglevel(invalid) (eturnal_ctl:set_loglevel/1:165)
2022-07-12 12:12:01.501383+00:00 [debug] Invalid log level: invalid (eturnal_ctl:set_loglevel/1:175)
2022-07-12 12:12:01.501510+00:00 [debug] Handling API call: get_loglevel() (eturnal_ctl:get_loglevel/0:155)
2022-07-12 12:12:01.501641+00:00 [debug] eturnal call (get_loglevel) returned {ok,debug} (eturnal_ctl:call/1:452)
2022-07-12 12:12:01.528011+00:00 [debug] Handling API call: get_version() (eturnal_ctl:get_version/0:145)
2022-07-12 12:12:01.528295+00:00 [debug] eturnal call (get_version) returned {ok,<<"1.9.0">>} (eturnal_ctl:call/1:452)
2022-07-12 12:12:01.553627+00:00 [debug] Handling API call: reload() (eturnal_ctl:reload/0:200)
2022-07-12 12:12:01.555728+00:00 [debug] Calling mod_log_stun:options/0 (eturnal_module:options/1:191)
2022-07-12 12:12:01.555930+00:00 [debug] Calling mod_stats_influx:options/0 (eturnal_module:options/1:191)
2022-07-12 12:12:01.556500+00:00 [warning] TLS enabled without 'tls_crt_file', creating self-signed certificate (eturnal:check_pem_file/0:632)
2022-07-12 12:12:01.843540+00:00 [info] Using new TLS certificate (eturnal:handle_call/3:114)
2022-07-12 12:12:01.843754+00:00 [debug] Reloaded configuration (eturnal:handle_call/3:120)
2022-07-12 12:12:01.843877+00:00 [debug] eturnal call (reload) returned ok (eturnal_ctl:call/1:449)
2022-07-12 12:12:01.844706+00:00 [debug] Handling API call: reload() (eturnal_ctl:reload/0:200)
2022-07-12 12:12:01.846836+00:00 [debug] Calling mod_log_stun:options/0 (eturnal_module:options/1:191)
2022-07-12 12:12:01.847001+00:00 [debug] Calling mod_stats_influx:options/0 (eturnal_module:options/1:191)
2022-07-12 12:12:01.848070+00:00 [debug] Keeping PEM file (run/cert.pem) (eturnal:check_pem_file/0:629)
2022-07-12 12:12:01.848174+00:00 [debug] TLS certificate unchanged (eturnal:handle_call/3:116)
2022-07-12 12:12:01.848252+00:00 [debug] Reloaded configuration (eturnal:handle_call/3:120)
2022-07-12 12:12:01.848378+00:00 [debug] eturnal call (reload) returned ok (eturnal_ctl:call/1:449)
2022-07-12 12:12:01.873262+00:00 [info] Accepting connection: 127.0.0.1:40180 -> 127.0.0.1:34780 [TCP, session yhodtb46sih0] (stun_acceptor:accept/3:148)
2022-07-12 12:12:01.903327+00:00 [info] Accepting connection: 127.0.0.1:56842 -> 127.0.0.1:53490 [TLS, session 76u8ct3pb3zz] (stun_acceptor:accept/3:148)
2022-07-12 12:12:01.935297+00:00 [debug] Received:
#stun{class = request,method = 3,magic = 554869826,
      trid = 74736963590270436771926545685,raw = <<>>,unsupported = [],
      'ALTERNATE-SERVER' = undefined,'CHANNEL-NUMBER' = undefined,
      'DATA' = undefined,'DONT-FRAGMENT' = false,'ERROR-CODE' = undefined,
      'LIFETIME' = undefined,'MAPPED-ADDRESS' = undefined,
      'MESSAGE-INTEGRITY' = undefined,'NONCE' = undefined,'REALM' = undefined,
      'REQUESTED-ADDRESS-FAMILY' = undefined,
      'REQUESTED-TRANSPORT' = undefined,'SOFTWARE' = undefined,
      'UNKNOWN-ATTRIBUTES' = [],'USERNAME' = undefined,
      'XOR-MAPPED-ADDRESS' = undefined,'XOR-PEER-ADDRESS' = [],
      'XOR-RELAYED-ADDRESS' = undefined} (stun:udp_recv/5:111)
2022-07-12 12:12:01.935476+00:00 [debug] Sending:
#stun{class = error,method = 3,magic = 554869826,
      trid = 74736963590270436771926545685,raw = <<>>,unsupported = [],
      'ALTERNATE-SERVER' = undefined,'CHANNEL-NUMBER' = undefined,
      'DATA' = undefined,'DONT-FRAGMENT' = false,
      'ERROR-CODE' = {401,<<"Unauthorized">>},
      'LIFETIME' = undefined,'MAPPED-ADDRESS' = undefined,
      'MESSAGE-INTEGRITY' = undefined,'NONCE' = <<"448965655">>,
      'REALM' = <<"eturnal.net">>,'REQUESTED-ADDRESS-FAMILY' = undefined,
      'REQUESTED-TRANSPORT' = undefined,'SOFTWARE' = <<"eturnal">>,
      'UNKNOWN-ATTRIBUTES' = [],'USERNAME' = undefined,
      'XOR-MAPPED-ADDRESS' = undefined,'XOR-PEER-ADDRESS' = [],
      'XOR-RELAYED-ADDRESS' = undefined} (stun:send/3:445)
2022-07-12 12:12:01.935844+00:00 [debug] Received:
#stun{class = request,method = 3,magic = 554869826,
      trid = 49538796044400892803758249052,
      raw = <<0,3,0,80,33,18,164,66,160,17,136,26,174,203,51,15,73,181,84,92,0,
              25,0,4,17,0,0,0,0,6,0,10,50,49,52,53,57,49,51,50,48,48,0,0,0,20,
              0,11,101,116,117,114,110,97,108,46,110,101,116,0,0,21,0,9,52,52,
              56,57,54,53,54,53,53,0,0,0>>,
      unsupported = [],'ALTERNATE-SERVER' = undefined,
      'CHANNEL-NUMBER' = undefined,'DATA' = undefined,'DONT-FRAGMENT' = false,
      'ERROR-CODE' = undefined,'LIFETIME' = undefined,
      'MAPPED-ADDRESS' = undefined,
      'MESSAGE-INTEGRITY' = <<138,135,231,102,82,55,179,99,43,88,138,26,154,
                              223,228,211,153,199,237,97>>,
      'NONCE' = <<"448965655">>,'REALM' = <<"eturnal.net">>,
      'REQUESTED-ADDRESS-FAMILY' = undefined,'REQUESTED-TRANSPORT' = udp,
      'SOFTWARE' = undefined,'UNKNOWN-ATTRIBUTES' = [],
      'USERNAME' = <<"2145913200">>,'XOR-MAPPED-ADDRESS' = undefined,
      'XOR-PEER-ADDRESS' = [],'XOR-RELAYED-ADDRESS' = undefined} (stun:udp_recv/5:111)
2022-07-12 12:12:01.935984+00:00 [debug] Looking up password for: 2145913200 [UDP, session xwvl0b53ezja, user 2145913200, client 127.0.0.1:46206] (eturnal:get_password/2:209)
2022-07-12 12:12:01.936054+00:00 [info] Accepting long-term STUN/TURN authentication [UDP, session xwvl0b53ezja, user 2145913200, client 127.0.0.1:46206] (stun:process/2:249)
2022-07-12 12:12:01.939237+00:00 [debug] Running 'turn_session_start' hook [UDP, session xwvl0b53ezja, user 2145913200, client 127.0.0.1:46206] (turn:run_hook/2:717)
2022-07-12 12:12:01.939328+00:00 [debug] Got 'turn_session_start' event [UDP, session xwvl0b53ezja, user 2145913200, client 127.0.0.1:46206] (eturnal_module:handle_event/2:176)
2022-07-12 12:12:01.939584+00:00 [notice] Creating TURN allocation (lifetime: 600 seconds) [UDP, session xwvl0b53ezja, user 2145913200, client 127.0.0.1:46206, relay 127.0.0.1:58283] (turn:wait_for_allocate/2:213)
2022-07-12 12:12:01.939720+00:00 [debug] Sending:
#stun{class = response,method = 3,magic = 554869826,
      trid = 49538796044400892803758249052,raw = <<>>,unsupported = [],
      'ALTERNATE-SERVER' = undefined,'CHANNEL-NUMBER' = undefined,
      'DATA' = undefined,'DONT-FRAGMENT' = false,'ERROR-CODE' = undefined,
      'LIFETIME' = 600,'MAPPED-ADDRESS' = undefined,
      'MESSAGE-INTEGRITY' = undefined,'NONCE' = undefined,'REALM' = undefined,
      'REQUESTED-ADDRESS-FAMILY' = undefined,
      'REQUESTED-TRANSPORT' = undefined,'SOFTWARE' = <<"eturnal">>,
      'UNKNOWN-ATTRIBUTES' = [],'USERNAME' = undefined,
      'XOR-MAPPED-ADDRESS' = {{127,0,0,1},46206},
      'XOR-PEER-ADDRESS' = [],
      'XOR-RELAYED-ADDRESS' = {{127,0,0,1},58283}} (turn:send/2:527)
2022-07-12 12:12:01.940098+00:00 [debug] Received:
#stun{class = request,method = 4,magic = 554869826,
      trid = 8506179949271722936993488221,
      raw = <<0,4,0,80,33,18,164,66,27,124,37,171,7,20,51,127,250,102,157,93,0,
              6,0,10,50,49,52,53,57,49,51,50,48,48,0,0,0,20,0,11,101,116,117,
              114,110,97,108,46,110,101,116,0,0,21,0,9,52,52,56,57,54,53,54,53,
              53,0,0,0,0,13,0,4,0,0,0,0>>,
      unsupported = [],'ALTERNATE-SERVER' = undefined,
      'CHANNEL-NUMBER' = undefined,'DATA' = undefined,'DONT-FRAGMENT' = false,
      'ERROR-CODE' = undefined,'LIFETIME' = 0,'MAPPED-ADDRESS' = undefined,
      'MESSAGE-INTEGRITY' = <<90,208,54,173,94,122,247,157,155,20,236,90,6,176,
                              46,106,61,132,176,83>>,
      'NONCE' = <<"448965655">>,'REALM' = <<"eturnal.net">>,
      'REQUESTED-ADDRESS-FAMILY' = undefined,
      'REQUESTED-TRANSPORT' = undefined,'SOFTWARE' = undefined,
      'UNKNOWN-ATTRIBUTES' = [],'USERNAME' = <<"2145913200">>,
      'XOR-MAPPED-ADDRESS' = undefined,'XOR-PEER-ADDRESS' = [],
      'XOR-RELAYED-ADDRESS' = undefined} (stun:udp_recv/5:111)
2022-07-12 12:12:01.940266+00:00 [debug] Looking up password for: 2145913200 [UDP, session 2xlrt7kbeq5i, user 2145913200, client 127.0.0.1:46206] (eturnal:get_password/2:209)
2022-07-12 12:12:01.940328+00:00 [info] Accepting long-term STUN/TURN authentication [UDP, session 2xlrt7kbeq5i, user 2145913200, client 127.0.0.1:46206] (stun:process/2:249)
2022-07-12 12:12:01.940438+00:00 [info] Client requested closing the TURN session [UDP, session xwvl0b53ezja, user 2145913200, client 127.0.0.1:46206, relay 127.0.0.1:58283] (turn:active/2:268)
2022-07-12 12:12:01.940520+00:00 [debug] Sending:
#stun{class = response,method = 4,magic = 554869826,
      trid = 8506179949271722936993488221,raw = <<>>,unsupported = [],
      'ALTERNATE-SERVER' = undefined,'CHANNEL-NUMBER' = undefined,
      'DATA' = undefined,'DONT-FRAGMENT' = false,'ERROR-CODE' = undefined,
      'LIFETIME' = 0,'MAPPED-ADDRESS' = undefined,
      'MESSAGE-INTEGRITY' = undefined,'NONCE' = undefined,'REALM' = undefined,
      'REQUESTED-ADDRESS-FAMILY' = undefined,
      'REQUESTED-TRANSPORT' = undefined,'SOFTWARE' = <<"eturnal">>,
      'UNKNOWN-ATTRIBUTES' = [],'USERNAME' = undefined,
      'XOR-MAPPED-ADDRESS' = undefined,'XOR-PEER-ADDRESS' = [],
      'XOR-RELAYED-ADDRESS' = undefined} (turn:send/2:527)
2022-07-12 12:12:01.940635+00:00 [info] Deleting TURN allocation [UDP, session xwvl0b53ezja, user 2145913200, client 127.0.0.1:46206, relay 127.0.0.1:58283] (turn:terminate/3:460)
2022-07-12 12:12:01.940718+00:00 [notice] Relayed 0 KiB (in 0 B / 0 packets, out 0 B / 0 packets), duration: 0 seconds [UDP, session xwvl0b53ezja, user 2145913200, client 127.0.0.1:46206, relay 127.0.0.1:58283] (turn:terminate/3:467)
2022-07-12 12:12:01.940816+00:00 [debug] Running 'turn_session_stop' hook [UDP, session xwvl0b53ezja, user 2145913200, client 127.0.0.1:46206, relay 127.0.0.1:58283] (turn:run_hook/2:717)
2022-07-12 12:12:01.940922+00:00 [debug] Got 'turn_session_stop' event [UDP, session xwvl0b53ezja, user 2145913200, client 127.0.0.1:46206, relay 127.0.0.1:58283] (eturnal_module:handle_event/2:176)
2022-07-12 12:12:01.940990+00:00 [debug] Calling mod_stats_influx:handle_event/2 [UDP, session xwvl0b53ezja, user 2145913200, client 127.0.0.1:46206, relay 127.0.0.1:58283] (eturnal_module:handle_event/2:179)
2022-07-12 12:12:01.941071+00:00 [debug] Writing stats of TURN session xwvl0b53ezja to InfluxDB [UDP, session xwvl0b53ezja, user 2145913200, client 127.0.0.1:46206, relay 127.0.0.1:58283] (mod_stats_influx:on_turn_session_stop/1:81)
2022-07-12 12:12:01.965050+00:00 [debug] Received:
#stun{class = request,method = 1,magic = 554869826,
      trid = 33470582521616573901460658260,raw = <<>>,unsupported = [],
      'ALTERNATE-SERVER' = undefined,'CHANNEL-NUMBER' = undefined,
      'DATA' = undefined,'DONT-FRAGMENT' = false,'ERROR-CODE' = undefined,
      'LIFETIME' = undefined,'MAPPED-ADDRESS' = undefined,
      'MESSAGE-INTEGRITY' = undefined,'NONCE' = undefined,'REALM' = undefined,
      'REQUESTED-ADDRESS-FAMILY' = undefined,
      'REQUESTED-TRANSPORT' = undefined,'SOFTWARE' = undefined,
      'UNKNOWN-ATTRIBUTES' = [],'USERNAME' = undefined,
      'XOR-MAPPED-ADDRESS' = undefined,'XOR-PEER-ADDRESS' = [],
      'XOR-RELAYED-ADDRESS' = undefined} (stun:udp_recv/5:111)
2022-07-12 12:12:01.965181+00:00 [debug] Responding to STUN request [UDP, session em5rhp60lg2o, anonymous, client 127.0.0.1:36921] (stun:process/4:312)
2022-07-12 12:12:01.965229+00:00 [debug] Running 'stun_query' hook [UDP, session em5rhp60lg2o, anonymous, client 127.0.0.1:36921] (stun:run_hook/3:820)
2022-07-12 12:12:01.965328+00:00 [debug] Got 'stun_query' event [UDP, session em5rhp60lg2o, anonymous, client 127.0.0.1:36921] (eturnal_module:handle_event/2:176)
2022-07-12 12:12:01.965370+00:00 [debug] Calling mod_log_stun:handle_event/2 [UDP, session em5rhp60lg2o, anonymous, client 127.0.0.1:36921] (eturnal_module:handle_event/2:179)
2022-07-12 12:12:01.965457+00:00 [info] Responding to STUN request [UDP, session em5rhp60lg2o, anonymous, client 127.0.0.1:36921] (mod_log_stun:handle_event/2:45)
2022-07-12 12:12:01.965505+00:00 [debug] Calling mod_stats_influx:handle_event/2 [UDP, session em5rhp60lg2o, anonymous, client 127.0.0.1:36921] (eturnal_module:handle_event/2:179)
2022-07-12 12:12:01.965548+00:00 [debug] Writing STUN query event to InfluxDB [UDP, session em5rhp60lg2o, anonymous, client 127.0.0.1:36921] (mod_stats_influx:on_stun_query/1:70)
2022-07-12 12:12:01.965830+00:00 [debug] Sending:
#stun{class = response,method = 1,magic = 554869826,
      trid = 33470582521616573901460658260,raw = <<>>,unsupported = [],
      'ALTERNATE-SERVER' = undefined,'CHANNEL-NUMBER' = undefined,
      'DATA' = undefined,'DONT-FRAGMENT' = false,'ERROR-CODE' = undefined,
      'LIFETIME' = undefined,'MAPPED-ADDRESS' = undefined,
      'MESSAGE-INTEGRITY' = undefined,'NONCE' = undefined,'REALM' = undefined,
      'REQUESTED-ADDRESS-FAMILY' = undefined,
      'REQUESTED-TRANSPORT' = undefined,'SOFTWARE' = <<"eturnal">>,
      'UNKNOWN-ATTRIBUTES' = [],'USERNAME' = undefined,
      'XOR-MAPPED-ADDRESS' = {{127,0,0,1},36921},
      'XOR-PEER-ADDRESS' = [],'XOR-RELAYED-ADDRESS' = undefined} (stun:send/3:445)
2022-07-12 12:12:01.993733+00:00 [info] Accepting connection: 127.0.0.1:40182 -> 127.0.0.1:34780 [TCP, session x9orn38zj4qx] (stun_acceptor:accept/3:148)
2022-07-12 12:12:01.994097+00:00 [debug] Received:
#stun{class = request,method = 1,magic = 554869826,
      trid = 78171450887562328747063663522,raw = <<>>,unsupported = [],
      'ALTERNATE-SERVER' = undefined,'CHANNEL-NUMBER' = undefined,
      'DATA' = undefined,'DONT-FRAGMENT' = false,'ERROR-CODE' = undefined,
      'LIFETIME' = undefined,'MAPPED-ADDRESS' = undefined,
      'MESSAGE-INTEGRITY' = undefined,'NONCE' = undefined,'REALM' = undefined,
      'REQUESTED-ADDRESS-FAMILY' = undefined,
      'REQUESTED-TRANSPORT' = undefined,'SOFTWARE' = undefined,
      'UNKNOWN-ATTRIBUTES' = [],'USERNAME' = undefined,
      'XOR-MAPPED-ADDRESS' = undefined,'XOR-PEER-ADDRESS' = [],
      'XOR-RELAYED-ADDRESS' = undefined} (stun:process_data/3:404)
2022-07-12 12:12:01.994280+00:00 [debug] Responding to STUN request [TCP, session x9orn38zj4qx, anonymous, client 127.0.0.1:40182] (stun:process/4:312)
2022-07-12 12:12:01.994377+00:00 [debug] Running 'stun_query' hook [TCP, session x9orn38zj4qx, anonymous, client 127.0.0.1:40182] (stun:run_hook/3:820)
2022-07-12 12:12:01.994475+00:00 [debug] Got 'stun_query' event [TCP, session x9orn38zj4qx, anonymous, client 127.0.0.1:40182] (eturnal_module:handle_event/2:176)
2022-07-12 12:12:01.994550+00:00 [debug] Calling mod_log_stun:handle_event/2 [TCP, session x9orn38zj4qx, anonymous, client 127.0.0.1:40182] (eturnal_module:handle_event/2:179)
2022-07-12 12:12:01.994636+00:00 [info] Responding to STUN request [TCP, session x9orn38zj4qx, anonymous, client 127.0.0.1:40182] (mod_log_stun:handle_event/2:45)
2022-07-12 12:12:01.994706+00:00 [debug] Calling mod_stats_influx:handle_event/2 [TCP, session x9orn38zj4qx, anonymous, client 127.0.0.1:40182] (eturnal_module:handle_event/2:179)
2022-07-12 12:12:01.994763+00:00 [debug] Writing STUN query event to InfluxDB [TCP, session x9orn38zj4qx, anonymous, client 127.0.0.1:40182] (mod_stats_influx:on_stun_query/1:70)
2022-07-12 12:12:01.995107+00:00 [debug] Sending:
#stun{class = response,method = 1,magic = 554869826,
      trid = 78171450887562328747063663522,raw = <<>>,unsupported = [],
      'ALTERNATE-SERVER' = undefined,'CHANNEL-NUMBER' = undefined,
      'DATA' = undefined,'DONT-FRAGMENT' = false,'ERROR-CODE' = undefined,
      'LIFETIME' = undefined,'MAPPED-ADDRESS' = undefined,
      'MESSAGE-INTEGRITY' = undefined,'NONCE' = undefined,'REALM' = undefined,
      'REQUESTED-ADDRESS-FAMILY' = undefined,
      'REQUESTED-TRANSPORT' = undefined,'SOFTWARE' = <<"P1 STUN library">>,
      'UNKNOWN-ATTRIBUTES' = [],'USERNAME' = undefined,
      'XOR-MAPPED-ADDRESS' = {{127,0,0,1},40182},
      'XOR-PEER-ADDRESS' = [],'XOR-RELAYED-ADDRESS' = undefined} (stun:send/3:445)
2022-07-12 12:12:01.995496+00:00 [info] Connection reset by peer [TCP, session x9orn38zj4qx, anonymous, client 127.0.0.1:40182] (stun:handle_info/3:170)
2022-07-12 12:12:02.019315+00:00 [info] Accepting connection: 127.0.0.1:56844 -> 127.0.0.1:53490 [TLS, session 5656sktou2yt] (stun_acceptor:accept/3:148)
2022-07-12 12:12:02.128638+00:00 [debug] Received:
#stun{class = request,method = 1,magic = 554869826,
      trid = 68607756592651833362682189934,raw = <<>>,unsupported = [],
      'ALTERNATE-SERVER' = undefined,'CHANNEL-NUMBER' = undefined,
      'DATA' = undefined,'DONT-FRAGMENT' = false,'ERROR-CODE' = undefined,
      'LIFETIME' = undefined,'MAPPED-ADDRESS' = undefined,
      'MESSAGE-INTEGRITY' = undefined,'NONCE' = undefined,'REALM' = undefined,
      'REQUESTED-ADDRESS-FAMILY' = undefined,
      'REQUESTED-TRANSPORT' = undefined,'SOFTWARE' = undefined,
      'UNKNOWN-ATTRIBUTES' = [],'USERNAME' = undefined,
      'XOR-MAPPED-ADDRESS' = undefined,'XOR-PEER-ADDRESS' = [],
      'XOR-RELAYED-ADDRESS' = undefined} (stun:process_data/3:404)
2022-07-12 12:12:02.128912+00:00 [debug] Responding to STUN request [TLS, session 5656sktou2yt, anonymous, client 127.0.0.1:56844] (stun:process/4:312)
2022-07-12 12:12:02.129028+00:00 [debug] Running 'stun_query' hook [TLS, session 5656sktou2yt, anonymous, client 127.0.0.1:56844] (stun:run_hook/3:820)
2022-07-12 12:12:02.129144+00:00 [debug] Got 'stun_query' event [TLS, session 5656sktou2yt, anonymous, client 127.0.0.1:56844] (eturnal_module:handle_event/2:176)
2022-07-12 12:12:02.129242+00:00 [debug] Calling mod_log_stun:handle_event/2 [TLS, session 5656sktou2yt, anonymous, client 127.0.0.1:56844] (eturnal_module:handle_event/2:179)
2022-07-12 12:12:02.129301+00:00 [info] Responding to STUN request [TLS, session 5656sktou2yt, anonymous, client 127.0.0.1:56844] (mod_log_stun:handle_event/2:45)
2022-07-12 12:12:02.129349+00:00 [debug] Calling mod_stats_influx:handle_event/2 [TLS, session 5656sktou2yt, anonymous, client 127.0.0.1:56844] (eturnal_module:handle_event/2:179)
2022-07-12 12:12:02.129395+00:00 [debug] Writing STUN query event to InfluxDB [TLS, session 5656sktou2yt, anonymous, client 127.0.0.1:56844] (mod_stats_influx:on_stun_query/1:70)
2022-07-12 12:12:02.129644+00:00 [debug] Sending:
#stun{class = response,method = 1,magic = 554869826,
      trid = 68607756592651833362682189934,raw = <<>>,unsupported = [],
      'ALTERNATE-SERVER' = undefined,'CHANNEL-NUMBER' = undefined,
      'DATA' = undefined,'DONT-FRAGMENT' = false,'ERROR-CODE' = undefined,
      'LIFETIME' = undefined,'MAPPED-ADDRESS' = undefined,
      'MESSAGE-INTEGRITY' = undefined,'NONCE' = undefined,'REALM' = undefined,
      'REQUESTED-ADDRESS-FAMILY' = undefined,
      'REQUESTED-TRANSPORT' = undefined,'SOFTWARE' = <<"P1 STUN library">>,
      'UNKNOWN-ATTRIBUTES' = [],'USERNAME' = undefined,
      'XOR-MAPPED-ADDRESS' = {{127,0,0,1},56844},
      'XOR-PEER-ADDRESS' = [],'XOR-RELAYED-ADDRESS' = undefined} (stun:send/3:445)
2022-07-12 12:12:02.129998+00:00 [info] Connection reset by peer [TLS, session 5656sktou2yt, anonymous, client 127.0.0.1:56844] (stun:handle_info/3:170)
2022-07-12 12:12:02.155570+00:00 [info] Accepting connection: 127.0.0.1:42904 -> 127.0.0.1:34781 [TCP|TLS, session i1h9dexruf3t] (stun_acceptor:accept/3:148)
2022-07-12 12:12:02.155789+00:00 [debug] Determined transport protocol: TCP (stun:is_tls_handshake/1:768)
2022-07-12 12:12:02.156200+00:00 [debug] Received:
#stun{class = request,method = 1,magic = 554869826,
      trid = 54197338182161572074851861883,raw = <<>>,unsupported = [],
      'ALTERNATE-SERVER' = undefined,'CHANNEL-NUMBER' = undefined,
      'DATA' = undefined,'DONT-FRAGMENT' = false,'ERROR-CODE' = undefined,
      'LIFETIME' = undefined,'MAPPED-ADDRESS' = undefined,
      'MESSAGE-INTEGRITY' = undefined,'NONCE' = undefined,'REALM' = undefined,
      'REQUESTED-ADDRESS-FAMILY' = undefined,
      'REQUESTED-TRANSPORT' = undefined,'SOFTWARE' = undefined,
      'UNKNOWN-ATTRIBUTES' = [],'USERNAME' = undefined,
      'XOR-MAPPED-ADDRESS' = undefined,'XOR-PEER-ADDRESS' = [],
      'XOR-RELAYED-ADDRESS' = undefined} (stun:process_data/3:404)
2022-07-12 12:12:02.156387+00:00 [debug] Responding to STUN request [TCP, session i1h9dexruf3t, anonymous, client 127.0.0.1:42904] (stun:process/4:312)
2022-07-12 12:12:02.156453+00:00 [debug] Running 'stun_query' hook [TCP, session i1h9dexruf3t, anonymous, client 127.0.0.1:42904] (stun:run_hook/3:820)
2022-07-12 12:12:02.156558+00:00 [debug] Got 'stun_query' event [TCP, session i1h9dexruf3t, anonymous, client 127.0.0.1:42904] (eturnal_module:handle_event/2:176)
2022-07-12 12:12:02.156604+00:00 [debug] Calling mod_log_stun:handle_event/2 [TCP, session i1h9dexruf3t, anonymous, client 127.0.0.1:42904] (eturnal_module:handle_event/2:179)
2022-07-12 12:12:02.156725+00:00 [info] Responding to STUN request [TCP, session i1h9dexruf3t, anonymous, client 127.0.0.1:42904] (mod_log_stun:handle_event/2:45)
2022-07-12 12:12:02.156777+00:00 [debug] Calling mod_stats_influx:handle_event/2 [TCP, session i1h9dexruf3t, anonymous, client 127.0.0.1:42904] (eturnal_module:handle_event/2:179)
2022-07-12 12:12:02.156818+00:00 [debug] Writing STUN query event to InfluxDB [TCP, session i1h9dexruf3t, anonymous, client 127.0.0.1:42904] (mod_stats_influx:on_stun_query/1:70)
2022-07-12 12:12:02.157144+00:00 [debug] Sending:
#stun{class = response,method = 1,magic = 554869826,
      trid = 54197338182161572074851861883,raw = <<>>,unsupported = [],
      'ALTERNATE-SERVER' = undefined,'CHANNEL-NUMBER' = undefined,
      'DATA' = undefined,'DONT-FRAGMENT' = false,'ERROR-CODE' = undefined,
      'LIFETIME' = undefined,'MAPPED-ADDRESS' = undefined,
      'MESSAGE-INTEGRITY' = undefined,'NONCE' = undefined,'REALM' = undefined,
      'REQUESTED-ADDRESS-FAMILY' = undefined,
      'REQUESTED-TRANSPORT' = undefined,'SOFTWARE' = <<"P1 STUN library">>,
      'UNKNOWN-ATTRIBUTES' = [],'USERNAME' = undefined,
      'XOR-MAPPED-ADDRESS' = {{127,0,0,1},42904},
      'XOR-PEER-ADDRESS' = [],'XOR-RELAYED-ADDRESS' = undefined} (stun:send/3:445)
2022-07-12 12:12:02.157459+00:00 [info] Connection reset by peer [TCP, session i1h9dexruf3t, anonymous, client 127.0.0.1:42904] (stun:handle_info/3:170)
2022-07-12 12:12:02.183104+00:00 [info] Accepting connection: 127.0.0.1:42906 -> 127.0.0.1:34781 [TCP|TLS, session oteir9lir35b] (stun_acceptor:accept/3:148)
2022-07-12 12:12:02.183258+00:00 [debug] Determined transport protocol: TLS (stun:is_tls_handshake/1:765)
2022-07-12 12:12:02.292730+00:00 [debug] Received:
#stun{class = request,method = 1,magic = 554869826,
      trid = 13224093055331085230940634510,raw = <<>>,unsupported = [],
      'ALTERNATE-SERVER' = undefined,'CHANNEL-NUMBER' = undefined,
      'DATA' = undefined,'DONT-FRAGMENT' = false,'ERROR-CODE' = undefined,
      'LIFETIME' = undefined,'MAPPED-ADDRESS' = undefined,
      'MESSAGE-INTEGRITY' = undefined,'NONCE' = undefined,'REALM' = undefined,
      'REQUESTED-ADDRESS-FAMILY' = undefined,
      'REQUESTED-TRANSPORT' = undefined,'SOFTWARE' = undefined,
      'UNKNOWN-ATTRIBUTES' = [],'USERNAME' = undefined,
      'XOR-MAPPED-ADDRESS' = undefined,'XOR-PEER-ADDRESS' = [],
      'XOR-RELAYED-ADDRESS' = undefined} (stun:process_data/3:404)
2022-07-12 12:12:02.292938+00:00 [debug] Responding to STUN request [TLS, session oteir9lir35b, anonymous, client 127.0.0.1:42906] (stun:process/4:312)
2022-07-12 12:12:02.293010+00:00 [debug] Running 'stun_query' hook [TLS, session oteir9lir35b, anonymous, client 127.0.0.1:42906] (stun:run_hook/3:820)
2022-07-12 12:12:02.293118+00:00 [debug] Got 'stun_query' event [TLS, session oteir9lir35b, anonymous, client 127.0.0.1:42906] (eturnal_module:handle_event/2:176)
2022-07-12 12:12:02.293174+00:00 [debug] Calling mod_log_stun:handle_event/2 [TLS, session oteir9lir35b, anonymous, client 127.0.0.1:42906] (eturnal_module:handle_event/2:179)
2022-07-12 12:12:02.293256+00:00 [info] Responding to STUN request [TLS, session oteir9lir35b, anonymous, client 127.0.0.1:42906] (mod_log_stun:handle_event/2:45)
2022-07-12 12:12:02.293302+00:00 [debug] Calling mod_stats_influx:handle_event/2 [TLS, session oteir9lir35b, anonymous, client 127.0.0.1:42906] (eturnal_module:handle_event/2:179)
2022-07-12 12:12:02.293356+00:00 [debug] Writing STUN query event to InfluxDB [TLS, session oteir9lir35b, anonymous, client 127.0.0.1:42906] (mod_stats_influx:on_stun_query/1:70)
2022-07-12 12:12:02.293704+00:00 [debug] Sending:
#stun{class = response,method = 1,magic = 554869826,
      trid = 13224093055331085230940634510,raw = <<>>,unsupported = [],
      'ALTERNATE-SERVER' = undefined,'CHANNEL-NUMBER' = undefined,
      'DATA' = undefined,'DONT-FRAGMENT' = false,'ERROR-CODE' = undefined,
      'LIFETIME' = undefined,'MAPPED-ADDRESS' = undefined,
      'MESSAGE-INTEGRITY' = undefined,'NONCE' = undefined,'REALM' = undefined,
      'REQUESTED-ADDRESS-FAMILY' = undefined,
      'REQUESTED-TRANSPORT' = undefined,'SOFTWARE' = <<"P1 STUN library">>,
      'UNKNOWN-ATTRIBUTES' = [],'USERNAME' = undefined,
      'XOR-MAPPED-ADDRESS' = {{127,0,0,1},42906},
      'XOR-PEER-ADDRESS' = [],'XOR-RELAYED-ADDRESS' = undefined} (stun:send/3:445)
2022-07-12 12:12:02.294453+00:00 [info] Connection reset by peer [TLS, session oteir9lir35b, anonymous, client 127.0.0.1:42906] (stun:handle_info/3:170)
2022-07-12 12:12:02.319367+00:00 [debug] No NOTIFY_SOCKET, dropping STOPPING=1 notification (eturnal_systemd:handle_cast/2:109)
2022-07-12 12:12:02.319571+00:00 [debug] Terminating eturnal (shutdown) (eturnal:terminate/2:174)
2022-07-12 12:12:02.319712+00:00 [debug] Watchdog interval is undefined, hibernating (eturnal_systemd:get_timeout/1:162)
2022-07-12 12:12:02.320027+00:00 [info] Stopped listening on 127.0.0.1:34780 (udp) (eturnal:stop_listeners/1:361)
2022-07-12 12:12:02.320314+00:00 [info] Stopped listening on 127.0.0.1:34780 (tcp) (eturnal:stop_listeners/1:361)
2022-07-12 12:12:02.320596+00:00 [info] Stopped listening on 127.0.0.1:53490 (tls) (eturnal:stop_listeners/1:361)
2022-07-12 12:12:02.321555+00:00 [info] Stopped listening on 127.0.0.1:34781 (auto) (eturnal:stop_listeners/1:361)
2022-07-12 12:12:02.322055+00:00 [debug] Calling mod_log_stun:stop/1 (eturnal_module:stop/1:162)
2022-07-12 12:12:02.323466+00:00 [debug] Stopping mod_log_stun (mod_log_stun:stop/0:50)
2022-07-12 12:12:02.323678+00:00 [info] Stopped mod_log_stun (eturnal:stop_modules/1:320)
2022-07-12 12:12:02.325151+00:00 [debug] Calling mod_stats_influx:stop/1 (eturnal_module:stop/1:162)
2022-07-12 12:12:02.325318+00:00 [debug] Stopping mod_stats_influx (mod_stats_influx:stop/0:55)
2022-07-12 12:12:02.325458+00:00 [info] Stopped mod_stats_influx (eturnal:stop_modules/1:320)
2022-07-12 12:12:02.326181+00:00 [debug] Removed run/cert.pem (eturnal:clean_run_dir/0:708)
2022-07-12 12:12:02.326648+00:00 [debug] Terminating eturnal_systemd (shutdown) (eturnal_systemd:terminate/2:136)
2022-07-12 12:12:02.327286+00:00 [notice] Stopping eturnal 1.9.0 on Erlang/OTP 25 (ERTS 13.0) (eturnal_app:stop/1:54)
