2022-05-30 19:46:59.737108+00:00 [notice] Starting eturnal 1.8.3 on Erlang/OTP 25 (ERTS 13.0) (eturnal_app:start/2:35)
2022-05-30 19:46:59.737324+00:00 [debug] Starting supervisor: eturnal_sup (eturnal_sup:start_link/0:32)
2022-05-30 19:46:59.737473+00:00 [debug] Configuring eturnal_sup supervisor: [#{id => systemd,
                                       start =>
                                           {eturnal_systemd,start_link,[]}},
                                     #{id => eturnal,
                                       start => {eturnal,start_link,[]}}] (eturnal_sup:init/0:40)
2022-05-30 19:46:59.739281+00:00 [info] Got no NOTIFY_SOCKET, notifications disabled (eturnal_systemd:init/1:95)
2022-05-30 19:46:59.739473+00:00 [debug] PROGRESS REPORT:
    supervisor: {local,eturnal_sup}
    started: [{pid,<0.914.0>},
              {id,systemd},
              {mfargs,{eturnal_systemd,start_link,[]}},
              {restart_type,permanent},
              {significant,false},
              {shutdown,5000},
              {child_type,worker}]
 (supervisor:report_progress/2:1557)
2022-05-30 19:46:59.739687+00:00 [info] Relay IPv4 address: 127.0.0.1 (port range: 49152-65535) (eturnal:log_relay_addresses/0:287)
2022-05-30 19:46:59.739943+00:00 [info] Relay IPv6 address not configured (eturnal:log_relay_addresses/0:297)
2022-05-30 19:46:59.753346+00:00 [info] Cannot determine control query port: noport (eturnal:log_control_listener/0:312)
2022-05-30 19:46:59.753498+00:00 [debug] TURN configuration seems fine (eturnal:check_turn_config/1:520)
2022-05-30 19:46:59.753981+00:00 [debug] Using run directory run (eturnal:ensure_run_dir/0:713)
2022-05-30 19:46:59.754273+00:00 [warning] TLS enabled without 'tls_crt_file', creating self-signed certificate (eturnal:check_pem_file/0:643)
2022-05-30 19:47:01.200345+00:00 [debug] Calling mod_log_stun:start/0 (eturnal_module:start/1:142)
2022-05-30 19:47:01.200725+00:00 [debug] Starting mod_log_stun (mod_log_stun:start/0:39)
2022-05-30 19:47:01.201051+00:00 [info] Started mod_log_stun (eturnal:start_modules/0:323)
2022-05-30 19:47:01.201197+00:00 [debug] Calling mod_stats_influx:start/0 (eturnal_module:start/1:142)
2022-05-30 19:47:01.201503+00:00 [debug] Starting mod_stats_influx (mod_stats_influx:start/0:38)
2022-05-30 19:47:01.204395+00:00 [debug] PROGRESS REPORT:
    application: ulitos
    started_at: nonode@nohost
 (application_controller:info_started/2:2107)
2022-05-30 19:47:01.206317+00:00 [debug] PROGRESS REPORT:
    application: poolboy
    started_at: nonode@nohost
 (application_controller:info_started/2:2107)
2022-05-30 19:47:01.207732+00:00 [info]     msg: Starting application: influx_udp (influx_udp_app:start/2:10)
2022-05-30 19:47:01.210955+00:00 [debug] PROGRESS REPORT:
    supervisor: {local,influx_udp_sup}
    started: [{pid,<0.936.0>},
              {id,influx_udp},
              {mfargs,{influx_udp,start_link,[]}},
              {restart_type,permanent},
              {significant,false},
              {shutdown,5000},
              {child_type,worker}]
 (supervisor:report_progress/2:1557)
2022-05-30 19:47:01.211161+00:00 [debug] PROGRESS REPORT:
    application: influx_udp
    started_at: nonode@nohost
 (application_controller:info_started/2:2107)
2022-05-30 19:47:01.211230+00:00 [debug] Dependency influx_udp was available already (eturnal_module:ensure_dep/2:283)
2022-05-30 19:47:01.213167+00:00 [info]     host: {127,0,0,1}
    msg: Start clients pool
    options: #{host => "localhost",max_overflow => 1,pool_size => 1,
               port => 8089} (influx_udp:start_pool_/2:239)
2022-05-30 19:47:01.221810+00:00 [info]     msg: Open UDP socket on port
    port: 53366 (influx_udp_worker:init/1:43)
2022-05-30 19:47:01.222075+00:00 [debug] PROGRESS REPORT:
    supervisor: {local,influx_udp_sup}
    started: [{pid,<0.939.0>},
              {id,stats_influx_pool},
              {mfargs,
                  {poolboy,start_link,
                      [[{name,{local,stats_influx_pool}},
                        {worker_module,influx_udp_worker},
                        {size,1},
                        {max_overflow,1}],
                       [{options,
                            #{host => {127,0,0,1},
                              max_overflow => 1,pool_size => 1,
                              port => 8089}}]]}},
              {restart_type,permanent},
              {significant,false},
              {shutdown,5000},
              {child_type,worker}]
 (supervisor:report_progress/2:1557)
2022-05-30 19:47:01.222258+00:00 [info] Started mod_stats_influx (eturnal:start_modules/0:323)
2022-05-30 19:47:01.222951+00:00 [debug] Started 2 modules (eturnal:init/1:113)
2022-05-30 19:47:01.223121+00:00 [debug] Starting listener 127.0.0.1:34780 (udp) with options:
[{use_turn,true},
 {auth_type,user},
 {turn_ipv4_address,{127,0,0,1}},
 {turn_min_port,49152},
 {turn_max_port,65535},
 {turn_max_allocations,10},
 {turn_max_permissions,10},
 {shaper,100000},
 {turn_blacklist,[{{203,0,113,0},24},{{8193,3512,0,0,0,0,0,0},32}]},
 {turn_whitelist,[{{203,0,113,113},32},{{8193,3512,0,0,0,0,0,0},64}]},
 {auth_realm,<<"eturnal.net">>},
 {server_name,<<"eturnal">>},
 {auth_fun,fun eturnal:get_password/2},
 {hook_fun,fun eturnal:run_hook/2}] (eturnal:start_listeners/0:367)
2022-05-30 19:47:01.223531+00:00 [info] Listening on 127.0.0.1:34780 (udp) (STUN/TURN) (eturnal:start_listeners/0:372)
2022-05-30 19:47:01.223676+00:00 [debug] Starting listener 127.0.0.1:34780 (tcp) with options:
[{use_turn,false},
 {auth_type,anonymous},
 {turn_ipv4_address,{127,0,0,1}},
 {turn_min_port,49152},
 {turn_max_port,65535},
 {turn_max_allocations,10},
 {turn_max_permissions,10},
 {shaper,100000},
 {turn_blacklist,[{{203,0,113,0},24},{{8193,3512,0,0,0,0,0,0},32}]},
 {turn_whitelist,[{{203,0,113,113},32},{{8193,3512,0,0,0,0,0,0},64}]},
 {auth_realm,<<"eturnal.net">>},
 {server_name,<<"eturnal">>},
 {auth_fun,fun eturnal:get_password/2},
 {hook_fun,fun eturnal:run_hook/2}] (eturnal:start_listeners/0:367)
2022-05-30 19:47:01.237250+00:00 [info] Listening on 127.0.0.1:34780 (tcp) (STUN only) (eturnal:start_listeners/0:372)
2022-05-30 19:47:01.237415+00:00 [debug] Starting listener 127.0.0.1:53490 (tls) with options:
[{use_turn,false},
 {auth_type,anonymous},
 {tls,true},
 {certfile,<<"run/cert.pem">>},
 {ciphers,<<"HIGH:!aNULL:@STRENGTH">>},
 {protocol_options,<<"no_tlsv1|no_tlsv1_1|cipher_server_preference">>},
 {turn_ipv4_address,{127,0,0,1}},
 {turn_min_port,49152},
 {turn_max_port,65535},
 {turn_max_allocations,10},
 {turn_max_permissions,10},
 {shaper,100000},
 {turn_blacklist,[{{203,0,113,0},24},{{8193,3512,0,0,0,0,0,0},32}]},
 {turn_whitelist,[{{203,0,113,113},32},{{8193,3512,0,0,0,0,0,0},64}]},
 {auth_realm,<<"eturnal.net">>},
 {server_name,<<"eturnal">>},
 {auth_fun,fun eturnal:get_password/2},
 {hook_fun,fun eturnal:run_hook/2}] (eturnal:start_listeners/0:367)
2022-05-30 19:47:01.237859+00:00 [info] Listening on 127.0.0.1:53490 (tls) (STUN only) (eturnal:start_listeners/0:372)
2022-05-30 19:47:01.238004+00:00 [debug] Starting listener 127.0.0.1:34781 (auto) with options:
[{use_turn,false},
 {auth_type,anonymous},
 {tls,optional},
 {certfile,<<"run/cert.pem">>},
 {ciphers,<<"HIGH:!aNULL:@STRENGTH">>},
 {protocol_options,<<"no_tlsv1|no_tlsv1_1|cipher_server_preference">>},
 {turn_ipv4_address,{127,0,0,1}},
 {turn_min_port,49152},
 {turn_max_port,65535},
 {turn_max_allocations,10},
 {turn_max_permissions,10},
 {shaper,100000},
 {turn_blacklist,[{{203,0,113,0},24},{{8193,3512,0,0,0,0,0,0},32}]},
 {turn_whitelist,[{{203,0,113,113},32},{{8193,3512,0,0,0,0,0,0},64}]},
 {auth_realm,<<"eturnal.net">>},
 {server_name,<<"eturnal">>},
 {auth_fun,fun eturnal:get_password/2},
 {hook_fun,fun eturnal:run_hook/2}] (eturnal:start_listeners/0:367)
2022-05-30 19:47:01.254683+00:00 [info] Listening on 127.0.0.1:34781 (auto) (STUN only) (eturnal:start_listeners/0:372)
2022-05-30 19:47:01.254862+00:00 [debug] Started 4 listeners (eturnal:init/1:121)
2022-05-30 19:47:01.254969+00:00 [debug] PROGRESS REPORT:
    supervisor: {local,eturnal_sup}
    started: [{pid,<0.916.0>},
              {id,eturnal},
              {mfargs,{eturnal,start_link,[]}},
              {restart_type,permanent},
              {significant,false},
              {shutdown,5000},
              {child_type,worker}]
 (supervisor:report_progress/2:1557)
2022-05-30 19:47:01.255092+00:00 [debug] PROGRESS REPORT:
    application: eturnal
    started_at: nonode@nohost
 (application_controller:info_started/2:2107)
2022-05-30 19:47:01.255071+00:00 [debug] No NOTIFY_SOCKET, dropping READY=1 notification (eturnal_systemd:handle_cast/2:109)
2022-05-30 19:47:01.255288+00:00 [debug] Watchdog interval is undefined, hibernating (eturnal_systemd:get_timeout/1:162)
2022-05-30 19:47:01.287183+00:00 [debug] Handling API call: get_info() (eturnal_ctl:get_info/0:135)
2022-05-30 19:47:01.287732+00:00 [debug] eturnal call (get_info) returned {ok,
                                  {eturnal_node_info,<<"1.8.3">>,
                                   {"25","13.0"},
                                   4931,0,135,112513638,2,38977424}} (eturnal_ctl:call/1:452)
2022-05-30 19:47:01.314125+00:00 [debug] Handling API call: get_sessions() (eturnal_ctl:get_sessions/0:106)
2022-05-30 19:47:01.340007+00:00 [debug] Handling API call: get_sessions("alice") (eturnal_ctl:get_sessions/1:116)
2022-05-30 19:47:01.340261+00:00 [debug] Handling API call: disconnect(alice) (eturnal_ctl:disconnect/1:184)
2022-05-30 19:47:01.340413+00:00 [debug] Cannot convert user name to binary: alice (eturnal_ctl:disconnect/1:194)
2022-05-30 19:47:01.366229+00:00 [debug] Handling API call: disconnect("alice") (eturnal_ctl:disconnect/1:184)
2022-05-30 19:47:01.366580+00:00 [debug] Handling API call: disconnect(alice) (eturnal_ctl:disconnect/1:184)
2022-05-30 19:47:01.366740+00:00 [debug] Cannot convert user name to binary: alice (eturnal_ctl:disconnect/1:194)
2022-05-30 19:47:01.394595+00:00 [debug] Handling API call: get_credentials("2009-10-30 11:00:00Z", []) (eturnal_ctl:get_credentials/2:60)
2022-05-30 19:47:01.394964+00:00 [debug] eturnal call ({get_password,<<"1256900400">>}) returned {ok,
                                                         <<"uEKlpcME7MNMMVRV8rUFPCTIFEs=">>} (eturnal_ctl:call/1:452)
2022-05-30 19:47:01.401906+00:00 [debug] Handling API call: get_credentials("86400", "alice") (eturnal_ctl:get_credentials/2:60)
2022-05-30 19:47:01.402148+00:00 [debug] eturnal call ({get_password,<<"1654026421:alice">>}) returned {ok,
                                                               <<"4r73OrtZH/V+sUpfUUpuONUrtwM=">>} (eturnal_ctl:call/1:452)
2022-05-30 19:47:01.402319+00:00 [debug] Handling API call: get_password("1654026421:alice") (eturnal_ctl:get_password/1:79)
2022-05-30 19:47:01.402459+00:00 [debug] eturnal call ({get_password,<<"1654026421:alice">>}) returned {ok,
                                                               <<"4r73OrtZH/V+sUpfUUpuONUrtwM=">>} (eturnal_ctl:call/1:452)
2022-05-30 19:47:01.402659+00:00 [debug] Handling API call: get_credentials("86400s", "alice") (eturnal_ctl:get_credentials/2:60)
2022-05-30 19:47:01.402831+00:00 [debug] eturnal call ({get_password,<<"1654026421:alice">>}) returned {ok,
                                                               <<"4r73OrtZH/V+sUpfUUpuONUrtwM=">>} (eturnal_ctl:call/1:452)
2022-05-30 19:47:01.402968+00:00 [debug] Handling API call: get_password("1654026421:alice") (eturnal_ctl:get_password/1:79)
2022-05-30 19:47:01.403075+00:00 [debug] eturnal call ({get_password,<<"1654026421:alice">>}) returned {ok,
                                                               <<"4r73OrtZH/V+sUpfUUpuONUrtwM=">>} (eturnal_ctl:call/1:452)
2022-05-30 19:47:01.403274+00:00 [debug] Handling API call: get_credentials("1440m", "alice") (eturnal_ctl:get_credentials/2:60)
2022-05-30 19:47:01.403462+00:00 [debug] eturnal call ({get_password,<<"1654026421:alice">>}) returned {ok,
                                                               <<"4r73OrtZH/V+sUpfUUpuONUrtwM=">>} (eturnal_ctl:call/1:452)
2022-05-30 19:47:01.403605+00:00 [debug] Handling API call: get_password("1654026421:alice") (eturnal_ctl:get_password/1:79)
2022-05-30 19:47:01.403737+00:00 [debug] eturnal call ({get_password,<<"1654026421:alice">>}) returned {ok,
                                                               <<"4r73OrtZH/V+sUpfUUpuONUrtwM=">>} (eturnal_ctl:call/1:452)
2022-05-30 19:47:01.404531+00:00 [debug] Handling API call: get_credentials("24h", "alice") (eturnal_ctl:get_credentials/2:60)
2022-05-30 19:47:01.404882+00:00 [debug] eturnal call ({get_password,<<"1654026421:alice">>}) returned {ok,
                                                               <<"4r73OrtZH/V+sUpfUUpuONUrtwM=">>} (eturnal_ctl:call/1:452)
2022-05-30 19:47:01.405232+00:00 [debug] Handling API call: get_password("1654026421:alice") (eturnal_ctl:get_password/1:79)
2022-05-30 19:47:01.405541+00:00 [debug] eturnal call ({get_password,<<"1654026421:alice">>}) returned {ok,
                                                               <<"4r73OrtZH/V+sUpfUUpuONUrtwM=">>} (eturnal_ctl:call/1:452)
2022-05-30 19:47:01.405899+00:00 [debug] Handling API call: get_credentials("1d", "alice") (eturnal_ctl:get_credentials/2:60)
2022-05-30 19:47:01.406200+00:00 [debug] eturnal call ({get_password,<<"1654026421:alice">>}) returned {ok,
                                                               <<"4r73OrtZH/V+sUpfUUpuONUrtwM=">>} (eturnal_ctl:call/1:452)
2022-05-30 19:47:01.406446+00:00 [debug] Handling API call: get_password("1654026421:alice") (eturnal_ctl:get_password/1:79)
2022-05-30 19:47:01.406787+00:00 [debug] eturnal call ({get_password,<<"1654026421:alice">>}) returned {ok,
                                                               <<"4r73OrtZH/V+sUpfUUpuONUrtwM=">>} (eturnal_ctl:call/1:452)
2022-05-30 19:47:01.406959+00:00 [debug] Handling API call: get_password("Invalid") (eturnal_ctl:get_password/1:79)
2022-05-30 19:47:01.407249+00:00 [debug] Invalid user name: Invalid (eturnal_ctl:get_password/1:93)
2022-05-30 19:47:01.407540+00:00 [debug] Handling API call: get_credentials("Invalid", []) (eturnal_ctl:get_credentials/2:60)
2022-05-30 19:47:01.407813+00:00 [debug] Invalid argument(s): "Invalid":[] (eturnal_ctl:get_credentials/2:73)
2022-05-30 19:47:01.408056+00:00 [debug] Handling API call: get_password(invalid) (eturnal_ctl:get_password/1:79)
2022-05-30 19:47:01.408138+00:00 [debug] Cannot convert user name to binary: invalid (eturnal_ctl:get_password/1:100)
2022-05-30 19:47:01.408327+00:00 [debug] Handling API call: get_credentials(invalid, []) (eturnal_ctl:get_credentials/2:60)
2022-05-30 19:47:01.408423+00:00 [debug] Invalid argument(s): invalid:[] (eturnal_ctl:get_credentials/2:73)
2022-05-30 19:47:01.408522+00:00 [debug] Handling API call: get_password([invalid]) (eturnal_ctl:get_password/1:79)
2022-05-30 19:47:01.408608+00:00 [debug] Cannot convert user name to binary: [invalid] (eturnal_ctl:get_password/1:100)
2022-05-30 19:47:01.408687+00:00 [debug] Handling API call: get_credentials([invalid], []) (eturnal_ctl:get_credentials/2:60)
2022-05-30 19:47:01.408777+00:00 [debug] Invalid argument(s): [invalid]:[] (eturnal_ctl:get_credentials/2:73)
2022-05-30 19:47:01.408909+00:00 [debug] Handling API call: get_credentials(1256900400, invalid) (eturnal_ctl:get_credentials/2:60)
2022-05-30 19:47:01.408995+00:00 [debug] Invalid argument(s): 1256900400:invalid (eturnal_ctl:get_credentials/2:73)
2022-05-30 19:47:01.434738+00:00 [debug] Handling API call: set_loglevel(debug) (eturnal_ctl:set_loglevel/1:165)
2022-05-30 19:47:01.435143+00:00 [debug] eturnal call ({set_loglevel,debug}) returned ok (eturnal_ctl:call/1:449)
2022-05-30 19:47:01.435453+00:00 [debug] Handling API call: get_loglevel() (eturnal_ctl:get_loglevel/0:155)
2022-05-30 19:47:01.435678+00:00 [debug] eturnal call (get_loglevel) returned {ok,debug} (eturnal_ctl:call/1:452)
2022-05-30 19:47:01.435927+00:00 [debug] Handling API call: set_loglevel(invalid) (eturnal_ctl:set_loglevel/1:165)
2022-05-30 19:47:01.436112+00:00 [debug] Invalid log level: invalid (eturnal_ctl:set_loglevel/1:175)
2022-05-30 19:47:01.436351+00:00 [debug] Handling API call: get_loglevel() (eturnal_ctl:get_loglevel/0:155)
2022-05-30 19:47:01.436484+00:00 [debug] eturnal call (get_loglevel) returned {ok,debug} (eturnal_ctl:call/1:452)
2022-05-30 19:47:01.461260+00:00 [debug] Handling API call: get_version() (eturnal_ctl:get_version/0:145)
2022-05-30 19:47:01.461417+00:00 [debug] eturnal call (get_version) returned {ok,<<"1.8.3">>} (eturnal_ctl:call/1:452)
2022-05-30 19:47:01.488599+00:00 [debug] Handling API call: reload() (eturnal_ctl:reload/0:200)
2022-05-30 19:47:01.491242+00:00 [debug] Calling mod_log_stun:options/0 (eturnal_module:options/1:191)
2022-05-30 19:47:01.491432+00:00 [debug] Calling mod_stats_influx:options/0 (eturnal_module:options/1:191)
2022-05-30 19:47:01.492087+00:00 [warning] TLS enabled without 'tls_crt_file', creating self-signed certificate (eturnal:check_pem_file/0:643)
2022-05-30 19:47:01.601145+00:00 [info] Using new TLS certificate (eturnal:handle_call/3:140)
2022-05-30 19:47:01.601372+00:00 [debug] Reloaded configuration (eturnal:handle_call/3:146)
2022-05-30 19:47:01.601499+00:00 [debug] eturnal call (reload) returned ok (eturnal_ctl:call/1:449)
2022-05-30 19:47:01.601711+00:00 [debug] Handling API call: reload() (eturnal_ctl:reload/0:200)
2022-05-30 19:47:01.603546+00:00 [debug] Calling mod_log_stun:options/0 (eturnal_module:options/1:191)
2022-05-30 19:47:01.603705+00:00 [debug] Calling mod_stats_influx:options/0 (eturnal_module:options/1:191)
2022-05-30 19:47:01.604656+00:00 [debug] Keeping PEM file (run/cert.pem) (eturnal:check_pem_file/0:640)
2022-05-30 19:47:01.604846+00:00 [debug] TLS certificate unchanged (eturnal:handle_call/3:142)
2022-05-30 19:47:01.604973+00:00 [debug] Reloaded configuration (eturnal:handle_call/3:146)
2022-05-30 19:47:01.605087+00:00 [debug] eturnal call (reload) returned ok (eturnal_ctl:call/1:449)
2022-05-30 19:47:01.629999+00:00 [info] Accepting connection: 127.0.0.1:55798 -> 127.0.0.1:34780 [TCP, session dws0su0ppil4] (stun_listener:accept/3:221)
2022-05-30 19:47:01.661448+00:00 [info] Accepting connection: 127.0.0.1:55472 -> 127.0.0.1:53490 [TLS, session w1qjtvxjxiyn] (stun_listener:accept/3:221)
2022-05-30 19:47:01.696722+00:00 [debug] Received:
#stun{class = request,method = 3,magic = 554869826,
      trid = 6980143809379013543226171457,raw = <<>>,unsupported = [],
      'ALTERNATE-SERVER' = undefined,'CHANNEL-NUMBER' = undefined,
      'DATA' = undefined,'DONT-FRAGMENT' = false,'ERROR-CODE' = undefined,
      'LIFETIME' = undefined,'MAPPED-ADDRESS' = undefined,
      'MESSAGE-INTEGRITY' = undefined,'NONCE' = undefined,'REALM' = undefined,
      'REQUESTED-ADDRESS-FAMILY' = undefined,
      'REQUESTED-TRANSPORT' = undefined,'SOFTWARE' = undefined,
      'UNKNOWN-ATTRIBUTES' = [],'USERNAME' = undefined,
      'XOR-MAPPED-ADDRESS' = undefined,'XOR-PEER-ADDRESS' = [],
      'XOR-RELAYED-ADDRESS' = undefined} (stun:udp_recv/5:111)
2022-05-30 19:47:01.696900+00:00 [debug] Sending:
#stun{class = error,method = 3,magic = 554869826,
      trid = 6980143809379013543226171457,raw = <<>>,unsupported = [],
      'ALTERNATE-SERVER' = undefined,'CHANNEL-NUMBER' = undefined,
      'DATA' = undefined,'DONT-FRAGMENT' = false,
      'ERROR-CODE' = {401,<<"Unauthorized">>},
      'LIFETIME' = undefined,'MAPPED-ADDRESS' = undefined,
      'MESSAGE-INTEGRITY' = undefined,'NONCE' = <<"452740523">>,
      'REALM' = <<"eturnal.net">>,'REQUESTED-ADDRESS-FAMILY' = undefined,
      'REQUESTED-TRANSPORT' = undefined,'SOFTWARE' = <<"eturnal">>,
      'UNKNOWN-ATTRIBUTES' = [],'USERNAME' = undefined,
      'XOR-MAPPED-ADDRESS' = undefined,'XOR-PEER-ADDRESS' = [],
      'XOR-RELAYED-ADDRESS' = undefined} (stun:send/3:445)
2022-05-30 19:47:01.697282+00:00 [debug] Received:
#stun{class = request,method = 3,magic = 554869826,
      trid = 8765881869664154948191033712,
      raw = <<0,3,0,80,33,18,164,66,28,82,247,176,87,145,39,51,202,210,153,112,
              0,25,0,4,17,0,0,0,0,6,0,10,50,49,52,53,57,49,51,50,48,48,0,0,0,
              20,0,11,101,116,117,114,110,97,108,46,110,101,116,0,0,21,0,9,52,
              53,50,55,52,48,53,50,51,0,0,0>>,
      unsupported = [],'ALTERNATE-SERVER' = undefined,
      'CHANNEL-NUMBER' = undefined,'DATA' = undefined,'DONT-FRAGMENT' = false,
      'ERROR-CODE' = undefined,'LIFETIME' = undefined,
      'MAPPED-ADDRESS' = undefined,
      'MESSAGE-INTEGRITY' = <<167,216,218,243,99,158,199,98,67,37,175,12,250,
                              186,55,193,79,195,0,138>>,
      'NONCE' = <<"452740523">>,'REALM' = <<"eturnal.net">>,
      'REQUESTED-ADDRESS-FAMILY' = undefined,'REQUESTED-TRANSPORT' = udp,
      'SOFTWARE' = undefined,'UNKNOWN-ATTRIBUTES' = [],
      'USERNAME' = <<"2145913200">>,'XOR-MAPPED-ADDRESS' = undefined,
      'XOR-PEER-ADDRESS' = [],'XOR-RELAYED-ADDRESS' = undefined} (stun:udp_recv/5:111)
2022-05-30 19:47:01.697455+00:00 [debug] Looking up password for: 2145913200 [UDP, session b5ollsfiyd7k, user 2145913200, client 127.0.0.1:48259] (eturnal:get_password/2:225)
2022-05-30 19:47:01.697527+00:00 [info] Accepting long-term STUN/TURN authentication [UDP, session b5ollsfiyd7k, user 2145913200, client 127.0.0.1:48259] (stun:process/2:249)
2022-05-30 19:47:01.700653+00:00 [debug] Running 'turn_session_start' hook [UDP, session b5ollsfiyd7k, user 2145913200, client 127.0.0.1:48259] (turn:run_hook/2:711)
2022-05-30 19:47:01.700783+00:00 [debug] Got 'turn_session_start' event [UDP, session b5ollsfiyd7k, user 2145913200, client 127.0.0.1:48259] (eturnal_module:handle_event/2:176)
2022-05-30 19:47:01.700996+00:00 [notice] Creating TURN allocation (lifetime: 599 seconds) [UDP, session b5ollsfiyd7k, user 2145913200, client 127.0.0.1:48259, relay 127.0.0.1:51326] (turn:wait_for_allocate/2:207)
2022-05-30 19:47:01.701129+00:00 [debug] Sending:
#stun{class = response,method = 3,magic = 554869826,
      trid = 8765881869664154948191033712,raw = <<>>,unsupported = [],
      'ALTERNATE-SERVER' = undefined,'CHANNEL-NUMBER' = undefined,
      'DATA' = undefined,'DONT-FRAGMENT' = false,'ERROR-CODE' = undefined,
      'LIFETIME' = 599,'MAPPED-ADDRESS' = undefined,
      'MESSAGE-INTEGRITY' = undefined,'NONCE' = undefined,'REALM' = undefined,
      'REQUESTED-ADDRESS-FAMILY' = undefined,
      'REQUESTED-TRANSPORT' = undefined,'SOFTWARE' = <<"eturnal">>,
      'UNKNOWN-ATTRIBUTES' = [],'USERNAME' = undefined,
      'XOR-MAPPED-ADDRESS' = {{127,0,0,1},48259},
      'XOR-PEER-ADDRESS' = [],
      'XOR-RELAYED-ADDRESS' = {{127,0,0,1},51326}} (turn:send/2:521)
2022-05-30 19:47:01.701463+00:00 [debug] Received:
#stun{class = request,method = 4,magic = 554869826,
      trid = 11272061107769307334369926121,
      raw = <<0,4,0,80,33,18,164,66,36,108,7,201,18,87,37,71,223,36,219,233,0,
              6,0,10,50,49,52,53,57,49,51,50,48,48,0,0,0,20,0,11,101,116,117,
              114,110,97,108,46,110,101,116,0,0,21,0,9,52,53,50,55,52,48,53,50,
              51,0,0,0,0,13,0,4,0,0,0,0>>,
      unsupported = [],'ALTERNATE-SERVER' = undefined,
      'CHANNEL-NUMBER' = undefined,'DATA' = undefined,'DONT-FRAGMENT' = false,
      'ERROR-CODE' = undefined,'LIFETIME' = 0,'MAPPED-ADDRESS' = undefined,
      'MESSAGE-INTEGRITY' = <<184,21,26,0,49,142,230,205,117,129,204,166,96,
                              235,148,15,84,133,140,205>>,
      'NONCE' = <<"452740523">>,'REALM' = <<"eturnal.net">>,
      'REQUESTED-ADDRESS-FAMILY' = undefined,
      'REQUESTED-TRANSPORT' = undefined,'SOFTWARE' = undefined,
      'UNKNOWN-ATTRIBUTES' = [],'USERNAME' = <<"2145913200">>,
      'XOR-MAPPED-ADDRESS' = undefined,'XOR-PEER-ADDRESS' = [],
      'XOR-RELAYED-ADDRESS' = undefined} (stun:udp_recv/5:111)
2022-05-30 19:47:01.701632+00:00 [debug] Looking up password for: 2145913200 [UDP, session 2d3zh0pqt5vd, user 2145913200, client 127.0.0.1:48259] (eturnal:get_password/2:225)
2022-05-30 19:47:01.701708+00:00 [info] Accepting long-term STUN/TURN authentication [UDP, session 2d3zh0pqt5vd, user 2145913200, client 127.0.0.1:48259] (stun:process/2:249)
2022-05-30 19:47:01.701780+00:00 [info] Client requested closing the TURN session [UDP, session b5ollsfiyd7k, user 2145913200, client 127.0.0.1:48259, relay 127.0.0.1:51326] (turn:active/2:262)
2022-05-30 19:47:01.701926+00:00 [debug] Sending:
#stun{class = response,method = 4,magic = 554869826,
      trid = 11272061107769307334369926121,raw = <<>>,unsupported = [],
      'ALTERNATE-SERVER' = undefined,'CHANNEL-NUMBER' = undefined,
      'DATA' = undefined,'DONT-FRAGMENT' = false,'ERROR-CODE' = undefined,
      'LIFETIME' = 0,'MAPPED-ADDRESS' = undefined,
      'MESSAGE-INTEGRITY' = undefined,'NONCE' = undefined,'REALM' = undefined,
      'REQUESTED-ADDRESS-FAMILY' = undefined,
      'REQUESTED-TRANSPORT' = undefined,'SOFTWARE' = <<"eturnal">>,
      'UNKNOWN-ATTRIBUTES' = [],'USERNAME' = undefined,
      'XOR-MAPPED-ADDRESS' = undefined,'XOR-PEER-ADDRESS' = [],
      'XOR-RELAYED-ADDRESS' = undefined} (turn:send/2:521)
2022-05-30 19:47:01.702069+00:00 [info] Deleting TURN allocation [UDP, session b5ollsfiyd7k, user 2145913200, client 127.0.0.1:48259, relay 127.0.0.1:51326] (turn:terminate/3:454)
2022-05-30 19:47:01.702144+00:00 [notice] Relayed 0 KiB (in 0 B / 0 packets, out 0 B / 0 packets), duration: 0 seconds [UDP, session b5ollsfiyd7k, user 2145913200, client 127.0.0.1:48259, relay 127.0.0.1:51326] (turn:terminate/3:461)
2022-05-30 19:47:01.702218+00:00 [debug] Running 'turn_session_stop' hook [UDP, session b5ollsfiyd7k, user 2145913200, client 127.0.0.1:48259, relay 127.0.0.1:51326] (turn:run_hook/2:711)
2022-05-30 19:47:01.702275+00:00 [debug] Got 'turn_session_stop' event [UDP, session b5ollsfiyd7k, user 2145913200, client 127.0.0.1:48259, relay 127.0.0.1:51326] (eturnal_module:handle_event/2:176)
2022-05-30 19:47:01.702325+00:00 [debug] Calling mod_stats_influx:handle_event/2 [UDP, session b5ollsfiyd7k, user 2145913200, client 127.0.0.1:48259, relay 127.0.0.1:51326] (eturnal_module:handle_event/2:179)
2022-05-30 19:47:01.702393+00:00 [debug] Writing stats of TURN session b5ollsfiyd7k to InfluxDB [UDP, session b5ollsfiyd7k, user 2145913200, client 127.0.0.1:48259, relay 127.0.0.1:51326] (mod_stats_influx:on_turn_session_stop/1:81)
2022-05-30 19:47:01.726332+00:00 [debug] Received:
#stun{class = request,method = 1,magic = 554869826,
      trid = 45680169472258114372738830822,raw = <<>>,unsupported = [],
      'ALTERNATE-SERVER' = undefined,'CHANNEL-NUMBER' = undefined,
      'DATA' = undefined,'DONT-FRAGMENT' = false,'ERROR-CODE' = undefined,
      'LIFETIME' = undefined,'MAPPED-ADDRESS' = undefined,
      'MESSAGE-INTEGRITY' = undefined,'NONCE' = undefined,'REALM' = undefined,
      'REQUESTED-ADDRESS-FAMILY' = undefined,
      'REQUESTED-TRANSPORT' = undefined,'SOFTWARE' = undefined,
      'UNKNOWN-ATTRIBUTES' = [],'USERNAME' = undefined,
      'XOR-MAPPED-ADDRESS' = undefined,'XOR-PEER-ADDRESS' = [],
      'XOR-RELAYED-ADDRESS' = undefined} (stun:udp_recv/5:111)
2022-05-30 19:47:01.726455+00:00 [debug] Responding to STUN request [UDP, session 8b48aucv7jmk, anonymous, client 127.0.0.1:45880] (stun:process/4:312)
2022-05-30 19:47:01.726498+00:00 [debug] Running 'stun_query' hook [UDP, session 8b48aucv7jmk, anonymous, client 127.0.0.1:45880] (stun:run_hook/3:818)
2022-05-30 19:47:01.726570+00:00 [debug] Got 'stun_query' event [UDP, session 8b48aucv7jmk, anonymous, client 127.0.0.1:45880] (eturnal_module:handle_event/2:176)
2022-05-30 19:47:01.726610+00:00 [debug] Calling mod_log_stun:handle_event/2 [UDP, session 8b48aucv7jmk, anonymous, client 127.0.0.1:45880] (eturnal_module:handle_event/2:179)
2022-05-30 19:47:01.726669+00:00 [info] Responding to STUN request [UDP, session 8b48aucv7jmk, anonymous, client 127.0.0.1:45880] (mod_log_stun:handle_event/2:45)
2022-05-30 19:47:01.726708+00:00 [debug] Calling mod_stats_influx:handle_event/2 [UDP, session 8b48aucv7jmk, anonymous, client 127.0.0.1:45880] (eturnal_module:handle_event/2:179)
2022-05-30 19:47:01.726744+00:00 [debug] Writing STUN query event to InfluxDB [UDP, session 8b48aucv7jmk, anonymous, client 127.0.0.1:45880] (mod_stats_influx:on_stun_query/1:70)
2022-05-30 19:47:01.726911+00:00 [debug] Sending:
#stun{class = response,method = 1,magic = 554869826,
      trid = 45680169472258114372738830822,raw = <<>>,unsupported = [],
      'ALTERNATE-SERVER' = undefined,'CHANNEL-NUMBER' = undefined,
      'DATA' = undefined,'DONT-FRAGMENT' = false,'ERROR-CODE' = undefined,
      'LIFETIME' = undefined,'MAPPED-ADDRESS' = undefined,
      'MESSAGE-INTEGRITY' = undefined,'NONCE' = undefined,'REALM' = undefined,
      'REQUESTED-ADDRESS-FAMILY' = undefined,
      'REQUESTED-TRANSPORT' = undefined,'SOFTWARE' = <<"eturnal">>,
      'UNKNOWN-ATTRIBUTES' = [],'USERNAME' = undefined,
      'XOR-MAPPED-ADDRESS' = {{127,0,0,1},45880},
      'XOR-PEER-ADDRESS' = [],'XOR-RELAYED-ADDRESS' = undefined} (stun:send/3:445)
2022-05-30 19:47:01.752234+00:00 [info] Accepting connection: 127.0.0.1:55800 -> 127.0.0.1:34780 [TCP, session dh6gwaord6cn] (stun_listener:accept/3:221)
2022-05-30 19:47:01.752594+00:00 [debug] Received:
#stun{class = request,method = 1,magic = 554869826,
      trid = 22068628882163118716785472686,raw = <<>>,unsupported = [],
      'ALTERNATE-SERVER' = undefined,'CHANNEL-NUMBER' = undefined,
      'DATA' = undefined,'DONT-FRAGMENT' = false,'ERROR-CODE' = undefined,
      'LIFETIME' = undefined,'MAPPED-ADDRESS' = undefined,
      'MESSAGE-INTEGRITY' = undefined,'NONCE' = undefined,'REALM' = undefined,
      'REQUESTED-ADDRESS-FAMILY' = undefined,
      'REQUESTED-TRANSPORT' = undefined,'SOFTWARE' = undefined,
      'UNKNOWN-ATTRIBUTES' = [],'USERNAME' = undefined,
      'XOR-MAPPED-ADDRESS' = undefined,'XOR-PEER-ADDRESS' = [],
      'XOR-RELAYED-ADDRESS' = undefined} (stun:process_data/3:404)
2022-05-30 19:47:01.752799+00:00 [debug] Responding to STUN request [TCP, session dh6gwaord6cn, anonymous, client 127.0.0.1:55800] (stun:process/4:312)
2022-05-30 19:47:01.752876+00:00 [debug] Running 'stun_query' hook [TCP, session dh6gwaord6cn, anonymous, client 127.0.0.1:55800] (stun:run_hook/3:818)
2022-05-30 19:47:01.752950+00:00 [debug] Got 'stun_query' event [TCP, session dh6gwaord6cn, anonymous, client 127.0.0.1:55800] (eturnal_module:handle_event/2:176)
2022-05-30 19:47:01.753015+00:00 [debug] Calling mod_log_stun:handle_event/2 [TCP, session dh6gwaord6cn, anonymous, client 127.0.0.1:55800] (eturnal_module:handle_event/2:179)
2022-05-30 19:47:01.753082+00:00 [info] Responding to STUN request [TCP, session dh6gwaord6cn, anonymous, client 127.0.0.1:55800] (mod_log_stun:handle_event/2:45)
2022-05-30 19:47:01.753146+00:00 [debug] Calling mod_stats_influx:handle_event/2 [TCP, session dh6gwaord6cn, anonymous, client 127.0.0.1:55800] (eturnal_module:handle_event/2:179)
2022-05-30 19:47:01.753208+00:00 [debug] Writing STUN query event to InfluxDB [TCP, session dh6gwaord6cn, anonymous, client 127.0.0.1:55800] (mod_stats_influx:on_stun_query/1:70)
2022-05-30 19:47:01.753475+00:00 [debug] Sending:
#stun{class = response,method = 1,magic = 554869826,
      trid = 22068628882163118716785472686,raw = <<>>,unsupported = [],
      'ALTERNATE-SERVER' = undefined,'CHANNEL-NUMBER' = undefined,
      'DATA' = undefined,'DONT-FRAGMENT' = false,'ERROR-CODE' = undefined,
      'LIFETIME' = undefined,'MAPPED-ADDRESS' = undefined,
      'MESSAGE-INTEGRITY' = undefined,'NONCE' = undefined,'REALM' = undefined,
      'REQUESTED-ADDRESS-FAMILY' = undefined,
      'REQUESTED-TRANSPORT' = undefined,'SOFTWARE' = <<"P1 STUN library">>,
      'UNKNOWN-ATTRIBUTES' = [],'USERNAME' = undefined,
      'XOR-MAPPED-ADDRESS' = {{127,0,0,1},55800},
      'XOR-PEER-ADDRESS' = [],'XOR-RELAYED-ADDRESS' = undefined} (stun:send/3:445)
2022-05-30 19:47:01.753811+00:00 [info] Connection reset by peer [TCP, session dh6gwaord6cn, anonymous, client 127.0.0.1:55800] (stun:handle_info/3:170)
2022-05-30 19:47:01.779915+00:00 [info] Accepting connection: 127.0.0.1:55474 -> 127.0.0.1:53490 [TLS, session prh3m30ta959] (stun_listener:accept/3:221)
2022-05-30 19:47:01.890314+00:00 [debug] Received:
#stun{class = request,method = 1,magic = 554869826,
      trid = 46304954029402196108881318402,raw = <<>>,unsupported = [],
      'ALTERNATE-SERVER' = undefined,'CHANNEL-NUMBER' = undefined,
      'DATA' = undefined,'DONT-FRAGMENT' = false,'ERROR-CODE' = undefined,
      'LIFETIME' = undefined,'MAPPED-ADDRESS' = undefined,
      'MESSAGE-INTEGRITY' = undefined,'NONCE' = undefined,'REALM' = undefined,
      'REQUESTED-ADDRESS-FAMILY' = undefined,
      'REQUESTED-TRANSPORT' = undefined,'SOFTWARE' = undefined,
      'UNKNOWN-ATTRIBUTES' = [],'USERNAME' = undefined,
      'XOR-MAPPED-ADDRESS' = undefined,'XOR-PEER-ADDRESS' = [],
      'XOR-RELAYED-ADDRESS' = undefined} (stun:process_data/3:404)
2022-05-30 19:47:01.890526+00:00 [debug] Responding to STUN request [TLS, session prh3m30ta959, anonymous, client 127.0.0.1:55474] (stun:process/4:312)
2022-05-30 19:47:01.890625+00:00 [debug] Running 'stun_query' hook [TLS, session prh3m30ta959, anonymous, client 127.0.0.1:55474] (stun:run_hook/3:818)
2022-05-30 19:47:01.890717+00:00 [debug] Got 'stun_query' event [TLS, session prh3m30ta959, anonymous, client 127.0.0.1:55474] (eturnal_module:handle_event/2:176)
2022-05-30 19:47:01.890789+00:00 [debug] Calling mod_log_stun:handle_event/2 [TLS, session prh3m30ta959, anonymous, client 127.0.0.1:55474] (eturnal_module:handle_event/2:179)
2022-05-30 19:47:01.890862+00:00 [info] Responding to STUN request [TLS, session prh3m30ta959, anonymous, client 127.0.0.1:55474] (mod_log_stun:handle_event/2:45)
2022-05-30 19:47:01.890930+00:00 [debug] Calling mod_stats_influx:handle_event/2 [TLS, session prh3m30ta959, anonymous, client 127.0.0.1:55474] (eturnal_module:handle_event/2:179)
2022-05-30 19:47:01.890992+00:00 [debug] Writing STUN query event to InfluxDB [TLS, session prh3m30ta959, anonymous, client 127.0.0.1:55474] (mod_stats_influx:on_stun_query/1:70)
2022-05-30 19:47:01.891282+00:00 [debug] Sending:
#stun{class = response,method = 1,magic = 554869826,
      trid = 46304954029402196108881318402,raw = <<>>,unsupported = [],
      'ALTERNATE-SERVER' = undefined,'CHANNEL-NUMBER' = undefined,
      'DATA' = undefined,'DONT-FRAGMENT' = false,'ERROR-CODE' = undefined,
      'LIFETIME' = undefined,'MAPPED-ADDRESS' = undefined,
      'MESSAGE-INTEGRITY' = undefined,'NONCE' = undefined,'REALM' = undefined,
      'REQUESTED-ADDRESS-FAMILY' = undefined,
      'REQUESTED-TRANSPORT' = undefined,'SOFTWARE' = <<"P1 STUN library">>,
      'UNKNOWN-ATTRIBUTES' = [],'USERNAME' = undefined,
      'XOR-MAPPED-ADDRESS' = {{127,0,0,1},55474},
      'XOR-PEER-ADDRESS' = [],'XOR-RELAYED-ADDRESS' = undefined} (stun:send/3:445)
2022-05-30 19:47:01.891732+00:00 [info] Connection reset by peer [TLS, session prh3m30ta959, anonymous, client 127.0.0.1:55474] (stun:handle_info/3:170)
2022-05-30 19:47:01.918057+00:00 [info] Accepting connection: 127.0.0.1:57554 -> 127.0.0.1:34781 [TCP|TLS, session peyuf1ycagzz] (stun_listener:accept/3:221)
2022-05-30 19:47:01.918245+00:00 [debug] Determined transport protocol: TCP (stun:is_tls_handshake/1:766)
2022-05-30 19:47:01.918682+00:00 [debug] Received:
#stun{class = request,method = 1,magic = 554869826,
      trid = 1801326340711636555315712668,raw = <<>>,unsupported = [],
      'ALTERNATE-SERVER' = undefined,'CHANNEL-NUMBER' = undefined,
      'DATA' = undefined,'DONT-FRAGMENT' = false,'ERROR-CODE' = undefined,
      'LIFETIME' = undefined,'MAPPED-ADDRESS' = undefined,
      'MESSAGE-INTEGRITY' = undefined,'NONCE' = undefined,'REALM' = undefined,
      'REQUESTED-ADDRESS-FAMILY' = undefined,
      'REQUESTED-TRANSPORT' = undefined,'SOFTWARE' = undefined,
      'UNKNOWN-ATTRIBUTES' = [],'USERNAME' = undefined,
      'XOR-MAPPED-ADDRESS' = undefined,'XOR-PEER-ADDRESS' = [],
      'XOR-RELAYED-ADDRESS' = undefined} (stun:process_data/3:404)
2022-05-30 19:47:01.918829+00:00 [debug] Responding to STUN request [TCP, session peyuf1ycagzz, anonymous, client 127.0.0.1:57554] (stun:process/4:312)
2022-05-30 19:47:01.918922+00:00 [debug] Running 'stun_query' hook [TCP, session peyuf1ycagzz, anonymous, client 127.0.0.1:57554] (stun:run_hook/3:818)
2022-05-30 19:47:01.919008+00:00 [debug] Got 'stun_query' event [TCP, session peyuf1ycagzz, anonymous, client 127.0.0.1:57554] (eturnal_module:handle_event/2:176)
2022-05-30 19:47:01.919076+00:00 [debug] Calling mod_log_stun:handle_event/2 [TCP, session peyuf1ycagzz, anonymous, client 127.0.0.1:57554] (eturnal_module:handle_event/2:179)
2022-05-30 19:47:01.919137+00:00 [info] Responding to STUN request [TCP, session peyuf1ycagzz, anonymous, client 127.0.0.1:57554] (mod_log_stun:handle_event/2:45)
2022-05-30 19:47:01.919192+00:00 [debug] Calling mod_stats_influx:handle_event/2 [TCP, session peyuf1ycagzz, anonymous, client 127.0.0.1:57554] (eturnal_module:handle_event/2:179)
2022-05-30 19:47:01.919248+00:00 [debug] Writing STUN query event to InfluxDB [TCP, session peyuf1ycagzz, anonymous, client 127.0.0.1:57554] (mod_stats_influx:on_stun_query/1:70)
2022-05-30 19:47:01.919538+00:00 [debug] Sending:
#stun{class = response,method = 1,magic = 554869826,
      trid = 1801326340711636555315712668,raw = <<>>,unsupported = [],
      'ALTERNATE-SERVER' = undefined,'CHANNEL-NUMBER' = undefined,
      'DATA' = undefined,'DONT-FRAGMENT' = false,'ERROR-CODE' = undefined,
      'LIFETIME' = undefined,'MAPPED-ADDRESS' = undefined,
      'MESSAGE-INTEGRITY' = undefined,'NONCE' = undefined,'REALM' = undefined,
      'REQUESTED-ADDRESS-FAMILY' = undefined,
      'REQUESTED-TRANSPORT' = undefined,'SOFTWARE' = <<"P1 STUN library">>,
      'UNKNOWN-ATTRIBUTES' = [],'USERNAME' = undefined,
      'XOR-MAPPED-ADDRESS' = {{127,0,0,1},57554},
      'XOR-PEER-ADDRESS' = [],'XOR-RELAYED-ADDRESS' = undefined} (stun:send/3:445)
2022-05-30 19:47:01.919833+00:00 [info] Connection reset by peer [TCP, session peyuf1ycagzz, anonymous, client 127.0.0.1:57554] (stun:handle_info/3:170)
2022-05-30 19:47:01.944196+00:00 [info] Accepting connection: 127.0.0.1:57556 -> 127.0.0.1:34781 [TCP|TLS, session bra68a9luu91] (stun_listener:accept/3:221)
2022-05-30 19:47:01.944400+00:00 [debug] Determined transport protocol: TLS (stun:is_tls_handshake/1:763)
2022-05-30 19:47:02.052375+00:00 [debug] Received:
#stun{class = request,method = 1,magic = 554869826,
      trid = 2736323419332088177258404906,raw = <<>>,unsupported = [],
      'ALTERNATE-SERVER' = undefined,'CHANNEL-NUMBER' = undefined,
      'DATA' = undefined,'DONT-FRAGMENT' = false,'ERROR-CODE' = undefined,
      'LIFETIME' = undefined,'MAPPED-ADDRESS' = undefined,
      'MESSAGE-INTEGRITY' = undefined,'NONCE' = undefined,'REALM' = undefined,
      'REQUESTED-ADDRESS-FAMILY' = undefined,
      'REQUESTED-TRANSPORT' = undefined,'SOFTWARE' = undefined,
      'UNKNOWN-ATTRIBUTES' = [],'USERNAME' = undefined,
      'XOR-MAPPED-ADDRESS' = undefined,'XOR-PEER-ADDRESS' = [],
      'XOR-RELAYED-ADDRESS' = undefined} (stun:process_data/3:404)
2022-05-30 19:47:02.052599+00:00 [debug] Responding to STUN request [TLS, session bra68a9luu91, anonymous, client 127.0.0.1:57556] (stun:process/4:312)
2022-05-30 19:47:02.052681+00:00 [debug] Running 'stun_query' hook [TLS, session bra68a9luu91, anonymous, client 127.0.0.1:57556] (stun:run_hook/3:818)
2022-05-30 19:47:02.052787+00:00 [debug] Got 'stun_query' event [TLS, session bra68a9luu91, anonymous, client 127.0.0.1:57556] (eturnal_module:handle_event/2:176)
2022-05-30 19:47:02.052833+00:00 [debug] Calling mod_log_stun:handle_event/2 [TLS, session bra68a9luu91, anonymous, client 127.0.0.1:57556] (eturnal_module:handle_event/2:179)
2022-05-30 19:47:02.052898+00:00 [info] Responding to STUN request [TLS, session bra68a9luu91, anonymous, client 127.0.0.1:57556] (mod_log_stun:handle_event/2:45)
2022-05-30 19:47:02.052938+00:00 [debug] Calling mod_stats_influx:handle_event/2 [TLS, session bra68a9luu91, anonymous, client 127.0.0.1:57556] (eturnal_module:handle_event/2:179)
2022-05-30 19:47:02.052970+00:00 [debug] Writing STUN query event to InfluxDB [TLS, session bra68a9luu91, anonymous, client 127.0.0.1:57556] (mod_stats_influx:on_stun_query/1:70)
2022-05-30 19:47:02.053222+00:00 [debug] Sending:
#stun{class = response,method = 1,magic = 554869826,
      trid = 2736323419332088177258404906,raw = <<>>,unsupported = [],
      'ALTERNATE-SERVER' = undefined,'CHANNEL-NUMBER' = undefined,
      'DATA' = undefined,'DONT-FRAGMENT' = false,'ERROR-CODE' = undefined,
      'LIFETIME' = undefined,'MAPPED-ADDRESS' = undefined,
      'MESSAGE-INTEGRITY' = undefined,'NONCE' = undefined,'REALM' = undefined,
      'REQUESTED-ADDRESS-FAMILY' = undefined,
      'REQUESTED-TRANSPORT' = undefined,'SOFTWARE' = <<"P1 STUN library">>,
      'UNKNOWN-ATTRIBUTES' = [],'USERNAME' = undefined,
      'XOR-MAPPED-ADDRESS' = {{127,0,0,1},57556},
      'XOR-PEER-ADDRESS' = [],'XOR-RELAYED-ADDRESS' = undefined} (stun:send/3:445)
2022-05-30 19:47:02.053567+00:00 [info] Connection reset by peer [TLS, session bra68a9luu91, anonymous, client 127.0.0.1:57556] (stun:handle_info/3:170)
2022-05-30 19:47:02.079057+00:00 [debug] Terminating eturnal (shutdown) (eturnal:terminate/2:200)
2022-05-30 19:47:02.079042+00:00 [debug] No NOTIFY_SOCKET, dropping STOPPING=1 notification (eturnal_systemd:handle_cast/2:109)
2022-05-30 19:47:02.079288+00:00 [debug] Watchdog interval is undefined, hibernating (eturnal_systemd:get_timeout/1:162)
2022-05-30 19:47:02.079319+00:00 [info] Stopped listening on 127.0.0.1:34780 (udp) (eturnal:stop_listeners/1:395)
2022-05-30 19:47:02.079530+00:00 [info] Stopped listening on 127.0.0.1:34780 (tcp) (eturnal:stop_listeners/1:395)
2022-05-30 19:47:02.079674+00:00 [info] Stopped listening on 127.0.0.1:53490 (tls) (eturnal:stop_listeners/1:395)
2022-05-30 19:47:02.079778+00:00 [info] Stopped listening on 127.0.0.1:34781 (auto) (eturnal:stop_listeners/1:395)
2022-05-30 19:47:02.080702+00:00 [debug] Calling mod_log_stun:stop/1 (eturnal_module:stop/1:162)
2022-05-30 19:47:02.080849+00:00 [debug] Stopping mod_log_stun (mod_log_stun:stop/0:50)
2022-05-30 19:47:02.081003+00:00 [info] Stopped mod_log_stun (eturnal:stop_modules/1:343)
2022-05-30 19:47:02.082874+00:00 [debug] Calling mod_stats_influx:stop/1 (eturnal_module:stop/1:162)
2022-05-30 19:47:02.083030+00:00 [debug] Stopping mod_stats_influx (mod_stats_influx:stop/0:55)
2022-05-30 19:47:02.083158+00:00 [info] Stopped mod_stats_influx (eturnal:stop_modules/1:343)
2022-05-30 19:47:02.084216+00:00 [debug] Removed run/cert.pem (eturnal:clean_run_dir/0:728)
2022-05-30 19:47:02.084351+00:00 [debug] Terminating eturnal_systemd (shutdown) (eturnal_systemd:terminate/2:136)
2022-05-30 19:47:02.084843+00:00 [notice] Stopping eturnal 1.8.3 on Erlang/OTP 25 (ERTS 13.0) (eturnal_app:stop/1:54)
