2022-02-05 21:52:18.167507+00:00 [notice] Starting eturnal 1.8.1 on Erlang/OTP 24 (ERTS 12.2) (eturnal_app:start/2:34)
2022-02-05 21:52:18.167753+00:00 [debug] Starting supervisor: eturnal_sup (eturnal_sup:start_link/0:32)
2022-02-05 21:52:18.167904+00:00 [debug] Configuring eturnal_sup supervisor: [#{id => systemd,
                                       start =>
                                           {eturnal_systemd,start_link,[]}},
                                     #{id => eturnal,
                                       start => {eturnal,start_link,[]}}] (eturnal_sup:init/0:40)
2022-02-05 21:52:18.169278+00:00 [info] Got no NOTIFY_SOCKET, notifications disabled (eturnal_systemd:init/1:95)
2022-02-05 21:52:18.169436+00:00 [debug] PROGRESS REPORT:
    supervisor: {local,eturnal_sup}
    started: [{pid,<0.715.0>},
              {id,systemd},
              {mfargs,{eturnal_systemd,start_link,[]}},
              {restart_type,permanent},
              {significant,false},
              {shutdown,5000},
              {child_type,worker}]
 (supervisor:report_progress/2:1562)
2022-02-05 21:52:18.192973+00:00 [info] Cannot determine control query port: noport (eturnal:log_control_listener/0:289)
2022-02-05 21:52:18.193145+00:00 [debug] TURN configuration seems fine (eturnal:check_turn_config/1:501)
2022-02-05 21:52:18.193463+00:00 [debug] Using run directory run (eturnal:ensure_run_dir/0:693)
2022-02-05 21:52:18.193612+00:00 [warning] TLS enabled without 'tls_crt_file', creating self-signed certificate (eturnal:check_pem_file/0:624)
2022-02-05 21:52:18.555992+00:00 [debug] Calling mod_log_stun:start/0 (eturnal_module:start/1:139)
2022-02-05 21:52:18.556268+00:00 [debug] Starting mod_log_stun (mod_log_stun:start/0:39)
2022-02-05 21:52:18.556516+00:00 [info] Started mod_log_stun (eturnal:start_modules/0:300)
2022-02-05 21:52:18.556619+00:00 [debug] Calling mod_stats_influx:start/0 (eturnal_module:start/1:139)
2022-02-05 21:52:18.556696+00:00 [debug] Starting mod_stats_influx (mod_stats_influx:start/0:38)
2022-02-05 21:52:18.559562+00:00 [debug] PROGRESS REPORT:
    application: ulitos
    started_at: nonode@nohost
 (application_controller:info_started/2:2107)
2022-02-05 21:52:18.560690+00:00 [debug] PROGRESS REPORT:
    application: poolboy
    started_at: nonode@nohost
 (application_controller:info_started/2:2107)
2022-02-05 21:52:18.561669+00:00 [info]     msg: Starting application: influx_udp (influx_udp_app:start/2:10)
2022-02-05 21:52:18.563866+00:00 [debug] PROGRESS REPORT:
    supervisor: {local,influx_udp_sup}
    started: [{pid,<0.735.0>},
              {id,influx_udp},
              {mfargs,{influx_udp,start_link,[]}},
              {restart_type,permanent},
              {significant,false},
              {shutdown,5000},
              {child_type,worker}]
 (supervisor:report_progress/2:1562)
2022-02-05 21:52:18.564013+00:00 [debug] PROGRESS REPORT:
    application: influx_udp
    started_at: nonode@nohost
 (application_controller:info_started/2:2107)
2022-02-05 21:52:18.564054+00:00 [debug] Dependency influx_udp was available already (eturnal_module:ensure_dep/2:280)
2022-02-05 21:52:18.566294+00:00 [info]     host: {127,0,0,1}
    msg: Start clients pool
    options: #{host => "localhost",max_overflow => 1,pool_size => 1,
               port => 8089} (influx_udp:start_pool_/2:239)
2022-02-05 21:52:18.575538+00:00 [info]     msg: Open UDP socket on port
    port: 58447 (influx_udp_worker:init/1:43)
2022-02-05 21:52:18.575778+00:00 [debug] PROGRESS REPORT:
    supervisor: {local,influx_udp_sup}
    started: [{pid,<0.738.0>},
              {id,stats_influx_pool},
              {mfargs,
                  {poolboy,start_link,
                      [[{name,{local,stats_influx_pool}},
                        {worker_module,influx_udp_worker},
                        {size,1},
                        {max_overflow,1}],
                       [{options,
                            #{host => {127,0,0,1},
                              max_overflow => 1,pool_size => 1,
                              port => 8089}}]]}},
              {restart_type,permanent},
              {significant,false},
              {shutdown,5000},
              {child_type,worker}]
 (supervisor:report_progress/2:1562)
2022-02-05 21:52:18.575950+00:00 [info] Started mod_stats_influx (eturnal:start_modules/0:300)
2022-02-05 21:52:18.576109+00:00 [debug] Started 2 modules (eturnal:init/1:109)
2022-02-05 21:52:18.576200+00:00 [debug] Starting listener 127.0.0.1:34780 (udp) with options:
[{use_turn,true},
 {auth_type,user},
 {turn_ipv4_address,{10,1,0,252}},
 {turn_ipv6_address,{0,0,0,0,0,0,0,1}},
 {turn_min_port,49152},
 {turn_max_port,65535},
 {turn_max_allocations,10},
 {turn_max_permissions,10},
 {shaper,100000},
 {turn_blacklist,[{{203,0,113,0},24},{{8193,3512,0,0,0,0,0,0},32}]},
 {turn_whitelist,[{{203,0,113,113},32},{{8193,3512,0,0,0,0,0,0},64}]},
 {auth_realm,<<"eturnal.net">>},
 {server_name,<<"eturnal">>},
 {auth_fun,fun eturnal:get_password/2},
 {hook_fun,fun eturnal:run_hook/2}] (eturnal:start_listeners/0:344)
2022-02-05 21:52:18.576677+00:00 [info] Listening on 127.0.0.1:34780 (udp) (STUN/TURN) (eturnal:start_listeners/0:349)
2022-02-05 21:52:18.576801+00:00 [debug] Starting listener 127.0.0.1:34780 (tcp) with options:
[{use_turn,false},
 {auth_type,anonymous},
 {turn_ipv4_address,{10,1,0,252}},
 {turn_ipv6_address,{0,0,0,0,0,0,0,1}},
 {turn_min_port,49152},
 {turn_max_port,65535},
 {turn_max_allocations,10},
 {turn_max_permissions,10},
 {shaper,100000},
 {turn_blacklist,[{{203,0,113,0},24},{{8193,3512,0,0,0,0,0,0},32}]},
 {turn_whitelist,[{{203,0,113,113},32},{{8193,3512,0,0,0,0,0,0},64}]},
 {auth_realm,<<"eturnal.net">>},
 {server_name,<<"eturnal">>},
 {auth_fun,fun eturnal:get_password/2},
 {hook_fun,fun eturnal:run_hook/2}] (eturnal:start_listeners/0:344)
2022-02-05 21:52:18.593293+00:00 [info] Listening on 127.0.0.1:34780 (tcp) (STUN only) (eturnal:start_listeners/0:349)
2022-02-05 21:52:18.593473+00:00 [debug] Starting listener 127.0.0.1:53490 (tls) with options:
[{use_turn,false},
 {auth_type,anonymous},
 {tls,true},
 {certfile,<<"run/cert.pem">>},
 {ciphers,<<"HIGH:!aNULL:@STRENGTH">>},
 {protocol_options,<<"no_tlsv1|no_tlsv1_1|cipher_server_preference">>},
 {turn_ipv4_address,{10,1,0,252}},
 {turn_ipv6_address,{0,0,0,0,0,0,0,1}},
 {turn_min_port,49152},
 {turn_max_port,65535},
 {turn_max_allocations,10},
 {turn_max_permissions,10},
 {shaper,100000},
 {turn_blacklist,[{{203,0,113,0},24},{{8193,3512,0,0,0,0,0,0},32}]},
 {turn_whitelist,[{{203,0,113,113},32},{{8193,3512,0,0,0,0,0,0},64}]},
 {auth_realm,<<"eturnal.net">>},
 {server_name,<<"eturnal">>},
 {auth_fun,fun eturnal:get_password/2},
 {hook_fun,fun eturnal:run_hook/2}] (eturnal:start_listeners/0:344)
2022-02-05 21:52:18.595444+00:00 [info] Listening on 127.0.0.1:53490 (tls) (STUN only) (eturnal:start_listeners/0:349)
2022-02-05 21:52:18.595582+00:00 [debug] Starting listener 127.0.0.1:34781 (auto) with options:
[{use_turn,false},
 {auth_type,anonymous},
 {tls,optional},
 {certfile,<<"run/cert.pem">>},
 {ciphers,<<"HIGH:!aNULL:@STRENGTH">>},
 {protocol_options,<<"no_tlsv1|no_tlsv1_1|cipher_server_preference">>},
 {turn_ipv4_address,{10,1,0,252}},
 {turn_ipv6_address,{0,0,0,0,0,0,0,1}},
 {turn_min_port,49152},
 {turn_max_port,65535},
 {turn_max_allocations,10},
 {turn_max_permissions,10},
 {shaper,100000},
 {turn_blacklist,[{{203,0,113,0},24},{{8193,3512,0,0,0,0,0,0},32}]},
 {turn_whitelist,[{{203,0,113,113},32},{{8193,3512,0,0,0,0,0,0},64}]},
 {auth_realm,<<"eturnal.net">>},
 {server_name,<<"eturnal">>},
 {auth_fun,fun eturnal:get_password/2},
 {hook_fun,fun eturnal:run_hook/2}] (eturnal:start_listeners/0:344)
2022-02-05 21:52:18.619100+00:00 [info] Listening on 127.0.0.1:34781 (auto) (STUN only) (eturnal:start_listeners/0:349)
2022-02-05 21:52:18.619246+00:00 [debug] Started 4 listeners (eturnal:init/1:117)
2022-02-05 21:52:18.619451+00:00 [debug] PROGRESS REPORT:
    supervisor: {local,eturnal_sup}
    started: [{pid,<0.717.0>},
              {id,eturnal},
              {mfargs,{eturnal,start_link,[]}},
              {restart_type,permanent},
              {significant,false},
              {shutdown,5000},
              {child_type,worker}]
 (supervisor:report_progress/2:1562)
2022-02-05 21:52:18.619562+00:00 [debug] No NOTIFY_SOCKET, dropping READY=1 notification (eturnal_systemd:handle_cast/2:109)
2022-02-05 21:52:18.619593+00:00 [debug] PROGRESS REPORT:
    application: eturnal
    started_at: nonode@nohost
 (application_controller:info_started/2:2107)
2022-02-05 21:52:18.619714+00:00 [debug] Watchdog interval is undefined, hibernating (eturnal_systemd:get_timeout/1:162)
2022-02-05 21:52:18.652963+00:00 [debug] Handling API call: get_info() (eturnal_ctl:get_info/0:143)
2022-02-05 21:52:18.653518+00:00 [debug] eturnal call (get_info) returned {ok,
                                  {eturnal_node_info,<<"1.8.1">>,
                                   {"24","12.2"},
                                   3240,0,136,87453644,2,39324312}} (eturnal_ctl:call/1:456)
2022-02-05 21:52:18.677760+00:00 [debug] Handling API call: get_sessions() (eturnal_ctl:get_sessions/0:106)
2022-02-05 21:52:18.701999+00:00 [debug] Handling API call: get_sessions("alice") (eturnal_ctl:get_sessions/1:120)
2022-02-05 21:52:18.702506+00:00 [debug] Handling API call: disconnect(alice) (eturnal_ctl:disconnect/1:192)
2022-02-05 21:52:18.702641+00:00 [debug] Cannot convert user name to binary: alice (eturnal_ctl:disconnect/1:202)
2022-02-05 21:52:18.726684+00:00 [debug] Handling API call: disconnect("alice") (eturnal_ctl:disconnect/1:192)
2022-02-05 21:52:18.726977+00:00 [debug] Handling API call: disconnect(alice) (eturnal_ctl:disconnect/1:192)
2022-02-05 21:52:18.727111+00:00 [debug] Cannot convert user name to binary: alice (eturnal_ctl:disconnect/1:202)
2022-02-05 21:52:18.751926+00:00 [debug] Handling API call: get_credentials("2009-10-30 11:00:00Z", []) (eturnal_ctl:get_credentials/2:60)
2022-02-05 21:52:18.752204+00:00 [debug] eturnal call ({get_password,<<"1256900400">>}) returned {ok,
                                                         <<"uEKlpcME7MNMMVRV8rUFPCTIFEs=">>} (eturnal_ctl:call/1:456)
2022-02-05 21:52:18.757291+00:00 [debug] Handling API call: get_credentials("86400", "alice") (eturnal_ctl:get_credentials/2:60)
2022-02-05 21:52:18.757791+00:00 [debug] eturnal call ({get_password,<<"1644184338:alice">>}) returned {ok,
                                                               <<"wsPGYXGCp1jOHZGhyULh2OrUUWs=">>} (eturnal_ctl:call/1:456)
2022-02-05 21:52:18.757990+00:00 [debug] Handling API call: get_password("1644184338:alice") (eturnal_ctl:get_password/1:79)
2022-02-05 21:52:18.758139+00:00 [debug] eturnal call ({get_password,<<"1644184338:alice">>}) returned {ok,
                                                               <<"wsPGYXGCp1jOHZGhyULh2OrUUWs=">>} (eturnal_ctl:call/1:456)
2022-02-05 21:52:18.758313+00:00 [debug] Handling API call: get_credentials("86400s", "alice") (eturnal_ctl:get_credentials/2:60)
2022-02-05 21:52:18.758475+00:00 [debug] eturnal call ({get_password,<<"1644184338:alice">>}) returned {ok,
                                                               <<"wsPGYXGCp1jOHZGhyULh2OrUUWs=">>} (eturnal_ctl:call/1:456)
2022-02-05 21:52:18.758598+00:00 [debug] Handling API call: get_password("1644184338:alice") (eturnal_ctl:get_password/1:79)
2022-02-05 21:52:18.758716+00:00 [debug] eturnal call ({get_password,<<"1644184338:alice">>}) returned {ok,
                                                               <<"wsPGYXGCp1jOHZGhyULh2OrUUWs=">>} (eturnal_ctl:call/1:456)
2022-02-05 21:52:18.758852+00:00 [debug] Handling API call: get_credentials("1440m", "alice") (eturnal_ctl:get_credentials/2:60)
2022-02-05 21:52:18.758961+00:00 [debug] eturnal call ({get_password,<<"1644184338:alice">>}) returned {ok,
                                                               <<"wsPGYXGCp1jOHZGhyULh2OrUUWs=">>} (eturnal_ctl:call/1:456)
2022-02-05 21:52:18.759059+00:00 [debug] Handling API call: get_password("1644184338:alice") (eturnal_ctl:get_password/1:79)
2022-02-05 21:52:18.759152+00:00 [debug] eturnal call ({get_password,<<"1644184338:alice">>}) returned {ok,
                                                               <<"wsPGYXGCp1jOHZGhyULh2OrUUWs=">>} (eturnal_ctl:call/1:456)
2022-02-05 21:52:18.759304+00:00 [debug] Handling API call: get_credentials("24h", "alice") (eturnal_ctl:get_credentials/2:60)
2022-02-05 21:52:18.759403+00:00 [debug] eturnal call ({get_password,<<"1644184338:alice">>}) returned {ok,
                                                               <<"wsPGYXGCp1jOHZGhyULh2OrUUWs=">>} (eturnal_ctl:call/1:456)
2022-02-05 21:52:18.759502+00:00 [debug] Handling API call: get_password("1644184338:alice") (eturnal_ctl:get_password/1:79)
2022-02-05 21:52:18.759611+00:00 [debug] eturnal call ({get_password,<<"1644184338:alice">>}) returned {ok,
                                                               <<"wsPGYXGCp1jOHZGhyULh2OrUUWs=">>} (eturnal_ctl:call/1:456)
2022-02-05 21:52:18.759727+00:00 [debug] Handling API call: get_credentials("1d", "alice") (eturnal_ctl:get_credentials/2:60)
2022-02-05 21:52:18.759825+00:00 [debug] eturnal call ({get_password,<<"1644184338:alice">>}) returned {ok,
                                                               <<"wsPGYXGCp1jOHZGhyULh2OrUUWs=">>} (eturnal_ctl:call/1:456)
2022-02-05 21:52:18.759956+00:00 [debug] Handling API call: get_password("1644184338:alice") (eturnal_ctl:get_password/1:79)
2022-02-05 21:52:18.760433+00:00 [debug] eturnal call ({get_password,<<"1644184338:alice">>}) returned {ok,
                                                               <<"wsPGYXGCp1jOHZGhyULh2OrUUWs=">>} (eturnal_ctl:call/1:456)
2022-02-05 21:52:18.760755+00:00 [debug] Handling API call: get_password("Invalid") (eturnal_ctl:get_password/1:79)
2022-02-05 21:52:18.760907+00:00 [debug] Invalid user name: Invalid (eturnal_ctl:get_password/1:93)
2022-02-05 21:52:18.760978+00:00 [debug] Handling API call: get_credentials("Invalid", []) (eturnal_ctl:get_credentials/2:60)
2022-02-05 21:52:18.761065+00:00 [debug] Invalid argument(s): "Invalid":[] (eturnal_ctl:get_credentials/2:73)
2022-02-05 21:52:18.761133+00:00 [debug] Handling API call: get_password(invalid) (eturnal_ctl:get_password/1:79)
2022-02-05 21:52:18.761193+00:00 [debug] Cannot convert user name to binary: invalid (eturnal_ctl:get_password/1:100)
2022-02-05 21:52:18.761258+00:00 [debug] Handling API call: get_credentials(invalid, []) (eturnal_ctl:get_credentials/2:60)
2022-02-05 21:52:18.761315+00:00 [debug] Invalid argument(s): invalid:[] (eturnal_ctl:get_credentials/2:73)
2022-02-05 21:52:18.761382+00:00 [debug] Handling API call: get_password([invalid]) (eturnal_ctl:get_password/1:79)
2022-02-05 21:52:18.761453+00:00 [debug] Cannot convert user name to binary: [invalid] (eturnal_ctl:get_password/1:100)
2022-02-05 21:52:18.761523+00:00 [debug] Handling API call: get_credentials([invalid], []) (eturnal_ctl:get_credentials/2:60)
2022-02-05 21:52:18.761586+00:00 [debug] Invalid argument(s): [invalid]:[] (eturnal_ctl:get_credentials/2:73)
2022-02-05 21:52:18.761697+00:00 [debug] Handling API call: get_credentials(1256900400, invalid) (eturnal_ctl:get_credentials/2:60)
2022-02-05 21:52:18.761786+00:00 [debug] Invalid argument(s): 1256900400:invalid (eturnal_ctl:get_credentials/2:73)
2022-02-05 21:52:18.786632+00:00 [debug] Handling API call: set_loglevel(debug) (eturnal_ctl:set_loglevel/1:173)
2022-02-05 21:52:18.786833+00:00 [debug] eturnal call ({set_loglevel,debug}) returned ok (eturnal_ctl:call/1:453)
2022-02-05 21:52:18.787277+00:00 [debug] Handling API call: get_loglevel() (eturnal_ctl:get_loglevel/0:163)
2022-02-05 21:52:18.787606+00:00 [debug] eturnal call (get_loglevel) returned {ok,debug} (eturnal_ctl:call/1:456)
2022-02-05 21:52:18.787909+00:00 [debug] Handling API call: set_loglevel(invalid) (eturnal_ctl:set_loglevel/1:173)
2022-02-05 21:52:18.788186+00:00 [debug] Invalid log level: invalid (eturnal_ctl:set_loglevel/1:183)
2022-02-05 21:52:18.788548+00:00 [debug] Handling API call: get_loglevel() (eturnal_ctl:get_loglevel/0:163)
2022-02-05 21:52:18.788836+00:00 [debug] eturnal call (get_loglevel) returned {ok,debug} (eturnal_ctl:call/1:456)
2022-02-05 21:52:18.813779+00:00 [debug] Handling API call: get_version() (eturnal_ctl:get_version/0:153)
2022-02-05 21:52:18.814043+00:00 [debug] eturnal call (get_version) returned {ok,<<"1.8.1">>} (eturnal_ctl:call/1:456)
2022-02-05 21:52:18.839304+00:00 [debug] Handling API call: reload() (eturnal_ctl:reload/0:208)
2022-02-05 21:52:18.840827+00:00 [debug] Calling mod_log_stun:options/0 (eturnal_module:options/1:188)
2022-02-05 21:52:18.840959+00:00 [debug] Calling mod_stats_influx:options/0 (eturnal_module:options/1:188)
2022-02-05 21:52:18.841402+00:00 [warning] TLS enabled without 'tls_crt_file', creating self-signed certificate (eturnal:check_pem_file/0:624)
2022-02-05 21:52:19.422838+00:00 [info] Using new TLS certificate (eturnal:handle_call/3:136)
2022-02-05 21:52:19.423018+00:00 [debug] Reloaded configuration (eturnal:handle_call/3:142)
2022-02-05 21:52:19.423090+00:00 [debug] eturnal call (reload) returned ok (eturnal_ctl:call/1:453)
2022-02-05 21:52:19.423375+00:00 [debug] Handling API call: reload() (eturnal_ctl:reload/0:208)
2022-02-05 21:52:19.424857+00:00 [debug] Calling mod_log_stun:options/0 (eturnal_module:options/1:188)
2022-02-05 21:52:19.425007+00:00 [debug] Calling mod_stats_influx:options/0 (eturnal_module:options/1:188)
2022-02-05 21:52:19.425533+00:00 [debug] Keeping PEM file (run/cert.pem) (eturnal:check_pem_file/0:621)
2022-02-05 21:52:19.425635+00:00 [debug] TLS certificate unchanged (eturnal:handle_call/3:138)
2022-02-05 21:52:19.425743+00:00 [debug] Reloaded configuration (eturnal:handle_call/3:142)
2022-02-05 21:52:19.425835+00:00 [debug] eturnal call (reload) returned ok (eturnal_ctl:call/1:453)
2022-02-05 21:52:19.450408+00:00 [info] Accepting connection: 127.0.0.1:55012 -> 127.0.0.1:34780 [TCP, session 3] (stun_listener:accept/3:221)
2022-02-05 21:52:19.474210+00:00 [info] Accepting connection: 127.0.0.1:38274 -> 127.0.0.1:53490 [TLS, session 1e] (stun_listener:accept/3:221)
2022-02-05 21:52:19.504039+00:00 [debug] Received:
#stun{class = request,method = 3,magic = 554869826,
      trid = 72688410388090414652593033194,raw = <<>>,unsupported = [],
      'ALTERNATE-SERVER' = undefined,'CHANNEL-NUMBER' = undefined,
      'DATA' = undefined,'DONT-FRAGMENT' = false,'ERROR-CODE' = undefined,
      'LIFETIME' = undefined,'MAPPED-ADDRESS' = undefined,
      'MESSAGE-INTEGRITY' = undefined,'NONCE' = undefined,'REALM' = undefined,
      'REQUESTED-ADDRESS-FAMILY' = undefined,
      'REQUESTED-TRANSPORT' = undefined,'SOFTWARE' = undefined,
      'UNKNOWN-ATTRIBUTES' = [],'USERNAME' = undefined,
      'XOR-MAPPED-ADDRESS' = undefined,'XOR-PEER-ADDRESS' = [],
      'XOR-RELAYED-ADDRESS' = undefined} (stun:udp_recv/5:111)
2022-02-05 21:52:19.504180+00:00 [debug] Sending:
#stun{class = error,method = 3,magic = 554869826,
      trid = 72688410388090414652593033194,raw = <<>>,unsupported = [],
      'ALTERNATE-SERVER' = undefined,'CHANNEL-NUMBER' = undefined,
      'DATA' = undefined,'DONT-FRAGMENT' = false,
      'ERROR-CODE' = {401,<<"Unauthorized">>},
      'LIFETIME' = undefined,'MAPPED-ADDRESS' = undefined,
      'MESSAGE-INTEGRITY' = undefined,'NONCE' = <<"1622698749">>,
      'REALM' = <<"eturnal.net">>,'REQUESTED-ADDRESS-FAMILY' = undefined,
      'REQUESTED-TRANSPORT' = undefined,'SOFTWARE' = <<"eturnal">>,
      'UNKNOWN-ATTRIBUTES' = [],'USERNAME' = undefined,
      'XOR-MAPPED-ADDRESS' = undefined,'XOR-PEER-ADDRESS' = [],
      'XOR-RELAYED-ADDRESS' = undefined} (stun:send/3:445)
2022-02-05 21:52:19.504402+00:00 [debug] Received:
#stun{class = request,method = 3,magic = 554869826,
      trid = 51605374490294412403896116505,
      raw = <<0,3,0,80,33,18,164,66,166,190,247,28,183,27,99,46,215,218,101,25,
              0,25,0,4,17,0,0,0,0,6,0,10,50,49,52,53,57,49,51,50,48,48,0,0,0,
              20,0,11,101,116,117,114,110,97,108,46,110,101,116,0,0,21,0,10,49,
              54,50,50,54,57,56,55,52,57,0,0>>,
      unsupported = [],'ALTERNATE-SERVER' = undefined,
      'CHANNEL-NUMBER' = undefined,'DATA' = undefined,'DONT-FRAGMENT' = false,
      'ERROR-CODE' = undefined,'LIFETIME' = undefined,
      'MAPPED-ADDRESS' = undefined,
      'MESSAGE-INTEGRITY' = <<59,157,96,36,17,242,147,53,119,100,173,86,168,71,
                              110,55,8,75,162,234>>,
      'NONCE' = <<"1622698749">>,'REALM' = <<"eturnal.net">>,
      'REQUESTED-ADDRESS-FAMILY' = undefined,'REQUESTED-TRANSPORT' = udp,
      'SOFTWARE' = undefined,'UNKNOWN-ATTRIBUTES' = [],
      'USERNAME' = <<"2145913200">>,'XOR-MAPPED-ADDRESS' = undefined,
      'XOR-PEER-ADDRESS' = [],'XOR-RELAYED-ADDRESS' = undefined} (stun:udp_recv/5:111)
2022-02-05 21:52:19.504521+00:00 [debug] Looking up password for: 2145913200 [UDP, session 2b, user 2145913200, client 127.0.0.1:37711] (eturnal:get_password/2:221)
2022-02-05 21:52:19.504588+00:00 [info] Accepting long-term STUN/TURN authentication [UDP, session 2b, user 2145913200, client 127.0.0.1:37711] (stun:process/2:249)
2022-02-05 21:52:19.507129+00:00 [debug] Running 'turn_session_start' hook [UDP, session 2b, user 2145913200, client 127.0.0.1:37711] (turn:run_hook/2:711)
2022-02-05 21:52:19.507221+00:00 [debug] Got 'turn_session_start' event [UDP, session 2b, user 2145913200, client 127.0.0.1:37711] (eturnal_module:handle_event/2:173)
2022-02-05 21:52:19.507438+00:00 [notice] Creating TURN allocation (lifetime: 599 seconds) [UDP, session 2b, user 2145913200, client 127.0.0.1:37711, relay 10.1.0.252:58029] (turn:wait_for_allocate/2:207)
2022-02-05 21:52:19.507580+00:00 [debug] Sending:
#stun{class = response,method = 3,magic = 554869826,
      trid = 51605374490294412403896116505,raw = <<>>,unsupported = [],
      'ALTERNATE-SERVER' = undefined,'CHANNEL-NUMBER' = undefined,
      'DATA' = undefined,'DONT-FRAGMENT' = false,'ERROR-CODE' = undefined,
      'LIFETIME' = 599,'MAPPED-ADDRESS' = undefined,
      'MESSAGE-INTEGRITY' = undefined,'NONCE' = undefined,'REALM' = undefined,
      'REQUESTED-ADDRESS-FAMILY' = undefined,
      'REQUESTED-TRANSPORT' = undefined,'SOFTWARE' = undefined,
      'UNKNOWN-ATTRIBUTES' = [],'USERNAME' = undefined,
      'XOR-MAPPED-ADDRESS' = {{127,0,0,1},37711},
      'XOR-PEER-ADDRESS' = [],
      'XOR-RELAYED-ADDRESS' = {{10,1,0,252},58029}} (turn:send/2:521)
2022-02-05 21:52:19.507890+00:00 [debug] Received:
#stun{class = request,method = 4,magic = 554869826,
      trid = 10386508458816973249133241374,
      raw = <<0,4,0,80,33,18,164,66,33,143,132,183,199,136,43,148,129,253,100,
              30,0,6,0,10,50,49,52,53,57,49,51,50,48,48,0,0,0,20,0,11,101,116,
              117,114,110,97,108,46,110,101,116,0,0,21,0,10,49,54,50,50,54,57,
              56,55,52,57,0,0,0,13,0,4,0,0,0,0>>,
      unsupported = [],'ALTERNATE-SERVER' = undefined,
      'CHANNEL-NUMBER' = undefined,'DATA' = undefined,'DONT-FRAGMENT' = false,
      'ERROR-CODE' = undefined,'LIFETIME' = 0,'MAPPED-ADDRESS' = undefined,
      'MESSAGE-INTEGRITY' = <<193,75,225,97,226,197,98,165,148,142,202,230,73,
                              74,235,204,48,207,184,254>>,
      'NONCE' = <<"1622698749">>,'REALM' = <<"eturnal.net">>,
      'REQUESTED-ADDRESS-FAMILY' = undefined,
      'REQUESTED-TRANSPORT' = undefined,'SOFTWARE' = undefined,
      'UNKNOWN-ATTRIBUTES' = [],'USERNAME' = <<"2145913200">>,
      'XOR-MAPPED-ADDRESS' = undefined,'XOR-PEER-ADDRESS' = [],
      'XOR-RELAYED-ADDRESS' = undefined} (stun:udp_recv/5:111)
2022-02-05 21:52:19.508004+00:00 [debug] Looking up password for: 2145913200 [UDP, session 2r, user 2145913200, client 127.0.0.1:37711] (eturnal:get_password/2:221)
2022-02-05 21:52:19.508080+00:00 [info] Accepting long-term STUN/TURN authentication [UDP, session 2r, user 2145913200, client 127.0.0.1:37711] (stun:process/2:249)
2022-02-05 21:52:19.508124+00:00 [info] Client requested closing the TURN session [UDP, session 2b, user 2145913200, client 127.0.0.1:37711, relay 10.1.0.252:58029] (turn:active/2:262)
2022-02-05 21:52:19.508223+00:00 [debug] Sending:
#stun{class = response,method = 4,magic = 554869826,
      trid = 10386508458816973249133241374,raw = <<>>,unsupported = [],
      'ALTERNATE-SERVER' = undefined,'CHANNEL-NUMBER' = undefined,
      'DATA' = undefined,'DONT-FRAGMENT' = false,'ERROR-CODE' = undefined,
      'LIFETIME' = 0,'MAPPED-ADDRESS' = undefined,
      'MESSAGE-INTEGRITY' = undefined,'NONCE' = undefined,'REALM' = undefined,
      'REQUESTED-ADDRESS-FAMILY' = undefined,
      'REQUESTED-TRANSPORT' = undefined,'SOFTWARE' = undefined,
      'UNKNOWN-ATTRIBUTES' = [],'USERNAME' = undefined,
      'XOR-MAPPED-ADDRESS' = undefined,'XOR-PEER-ADDRESS' = [],
      'XOR-RELAYED-ADDRESS' = undefined} (turn:send/2:521)
2022-02-05 21:52:19.508313+00:00 [info] Deleting TURN allocation [UDP, session 2b, user 2145913200, client 127.0.0.1:37711, relay 10.1.0.252:58029] (turn:terminate/3:454)
2022-02-05 21:52:19.508362+00:00 [notice] Relayed 0 KiB (in 0 B / 0 packets, out 0 B / 0 packets), duration: 0 seconds [UDP, session 2b, user 2145913200, client 127.0.0.1:37711, relay 10.1.0.252:58029] (turn:terminate/3:461)
2022-02-05 21:52:19.508397+00:00 [debug] Running 'turn_session_stop' hook [UDP, session 2b, user 2145913200, client 127.0.0.1:37711, relay 10.1.0.252:58029] (turn:run_hook/2:711)
2022-02-05 21:52:19.508455+00:00 [debug] Got 'turn_session_stop' event [UDP, session 2b, user 2145913200, client 127.0.0.1:37711, relay 10.1.0.252:58029] (eturnal_module:handle_event/2:173)
2022-02-05 21:52:19.508483+00:00 [debug] Calling mod_stats_influx:handle_event/2 [UDP, session 2b, user 2145913200, client 127.0.0.1:37711, relay 10.1.0.252:58029] (eturnal_module:handle_event/2:176)
2022-02-05 21:52:19.508514+00:00 [debug] Writing stats of TURN session 2b to InfluxDB [UDP, session 2b, user 2145913200, client 127.0.0.1:37711, relay 10.1.0.252:58029] (mod_stats_influx:on_turn_session_stop/1:81)
2022-02-05 21:52:19.532499+00:00 [debug] Received:
#stun{class = request,method = 1,magic = 554869826,
      trid = 70528446746415087507024928490,raw = <<>>,unsupported = [],
      'ALTERNATE-SERVER' = undefined,'CHANNEL-NUMBER' = undefined,
      'DATA' = undefined,'DONT-FRAGMENT' = false,'ERROR-CODE' = undefined,
      'LIFETIME' = undefined,'MAPPED-ADDRESS' = undefined,
      'MESSAGE-INTEGRITY' = undefined,'NONCE' = undefined,'REALM' = undefined,
      'REQUESTED-ADDRESS-FAMILY' = undefined,
      'REQUESTED-TRANSPORT' = undefined,'SOFTWARE' = undefined,
      'UNKNOWN-ATTRIBUTES' = [],'USERNAME' = undefined,
      'XOR-MAPPED-ADDRESS' = undefined,'XOR-PEER-ADDRESS' = [],
      'XOR-RELAYED-ADDRESS' = undefined} (stun:udp_recv/5:111)
2022-02-05 21:52:19.532613+00:00 [debug] Responding to STUN request [UDP, session 3n, anonymous, client 127.0.0.1:53844] (stun:process/4:312)
2022-02-05 21:52:19.532669+00:00 [debug] Running 'stun_query' hook [UDP, session 3n, anonymous, client 127.0.0.1:53844] (stun:run_hook/3:818)
2022-02-05 21:52:19.532715+00:00 [debug] Got 'stun_query' event [UDP, session 3n, anonymous, client 127.0.0.1:53844] (eturnal_module:handle_event/2:173)
2022-02-05 21:52:19.532746+00:00 [debug] Calling mod_log_stun:handle_event/2 [UDP, session 3n, anonymous, client 127.0.0.1:53844] (eturnal_module:handle_event/2:176)
2022-02-05 21:52:19.532784+00:00 [info] Responding to STUN request [UDP, session 3n, anonymous, client 127.0.0.1:53844] (mod_log_stun:handle_event/2:45)
2022-02-05 21:52:19.532822+00:00 [debug] Calling mod_stats_influx:handle_event/2 [UDP, session 3n, anonymous, client 127.0.0.1:53844] (eturnal_module:handle_event/2:176)
2022-02-05 21:52:19.532889+00:00 [debug] Writing STUN query event to InfluxDB [UDP, session 3n, anonymous, client 127.0.0.1:53844] (mod_stats_influx:on_stun_query/1:70)
2022-02-05 21:52:19.533089+00:00 [debug] Sending:
#stun{class = response,method = 1,magic = 554869826,
      trid = 70528446746415087507024928490,raw = <<>>,unsupported = [],
      'ALTERNATE-SERVER' = undefined,'CHANNEL-NUMBER' = undefined,
      'DATA' = undefined,'DONT-FRAGMENT' = false,'ERROR-CODE' = undefined,
      'LIFETIME' = undefined,'MAPPED-ADDRESS' = undefined,
      'MESSAGE-INTEGRITY' = undefined,'NONCE' = undefined,'REALM' = undefined,
      'REQUESTED-ADDRESS-FAMILY' = undefined,
      'REQUESTED-TRANSPORT' = undefined,'SOFTWARE' = <<"eturnal">>,
      'UNKNOWN-ATTRIBUTES' = [],'USERNAME' = undefined,
      'XOR-MAPPED-ADDRESS' = {{127,0,0,1},53844},
      'XOR-PEER-ADDRESS' = [],'XOR-RELAYED-ADDRESS' = undefined} (stun:send/3:445)
2022-02-05 21:52:19.557613+00:00 [info] Accepting connection: 127.0.0.1:55016 -> 127.0.0.1:34780 [TCP, session 1u] (stun_listener:accept/3:221)
2022-02-05 21:52:19.557975+00:00 [debug] Received:
#stun{class = request,method = 1,magic = 554869826,
      trid = 62451373395001696893407929007,raw = <<>>,unsupported = [],
      'ALTERNATE-SERVER' = undefined,'CHANNEL-NUMBER' = undefined,
      'DATA' = undefined,'DONT-FRAGMENT' = false,'ERROR-CODE' = undefined,
      'LIFETIME' = undefined,'MAPPED-ADDRESS' = undefined,
      'MESSAGE-INTEGRITY' = undefined,'NONCE' = undefined,'REALM' = undefined,
      'REQUESTED-ADDRESS-FAMILY' = undefined,
      'REQUESTED-TRANSPORT' = undefined,'SOFTWARE' = undefined,
      'UNKNOWN-ATTRIBUTES' = [],'USERNAME' = undefined,
      'XOR-MAPPED-ADDRESS' = undefined,'XOR-PEER-ADDRESS' = [],
      'XOR-RELAYED-ADDRESS' = undefined} (stun:process_data/3:404)
2022-02-05 21:52:19.558096+00:00 [debug] Responding to STUN request [TCP, session 1u, anonymous, client 127.0.0.1:55016] (stun:process/4:312)
2022-02-05 21:52:19.558137+00:00 [debug] Running 'stun_query' hook [TCP, session 1u, anonymous, client 127.0.0.1:55016] (stun:run_hook/3:818)
2022-02-05 21:52:19.558195+00:00 [debug] Got 'stun_query' event [TCP, session 1u, anonymous, client 127.0.0.1:55016] (eturnal_module:handle_event/2:173)
2022-02-05 21:52:19.558226+00:00 [debug] Calling mod_log_stun:handle_event/2 [TCP, session 1u, anonymous, client 127.0.0.1:55016] (eturnal_module:handle_event/2:176)
2022-02-05 21:52:19.558293+00:00 [info] Responding to STUN request [TCP, session 1u, anonymous, client 127.0.0.1:55016] (mod_log_stun:handle_event/2:45)
2022-02-05 21:52:19.558330+00:00 [debug] Calling mod_stats_influx:handle_event/2 [TCP, session 1u, anonymous, client 127.0.0.1:55016] (eturnal_module:handle_event/2:176)
2022-02-05 21:52:19.558359+00:00 [debug] Writing STUN query event to InfluxDB [TCP, session 1u, anonymous, client 127.0.0.1:55016] (mod_stats_influx:on_stun_query/1:70)
2022-02-05 21:52:19.558656+00:00 [debug] Sending:
#stun{class = response,method = 1,magic = 554869826,
      trid = 62451373395001696893407929007,raw = <<>>,unsupported = [],
      'ALTERNATE-SERVER' = undefined,'CHANNEL-NUMBER' = undefined,
      'DATA' = undefined,'DONT-FRAGMENT' = false,'ERROR-CODE' = undefined,
      'LIFETIME' = undefined,'MAPPED-ADDRESS' = undefined,
      'MESSAGE-INTEGRITY' = undefined,'NONCE' = undefined,'REALM' = undefined,
      'REQUESTED-ADDRESS-FAMILY' = undefined,
      'REQUESTED-TRANSPORT' = undefined,'SOFTWARE' = <<"P1 STUN library">>,
      'UNKNOWN-ATTRIBUTES' = [],'USERNAME' = undefined,
      'XOR-MAPPED-ADDRESS' = {{127,0,0,1},55016},
      'XOR-PEER-ADDRESS' = [],'XOR-RELAYED-ADDRESS' = undefined} (stun:send/3:445)
2022-02-05 21:52:19.558899+00:00 [info] Connection reset by peer [TCP, session 1u, anonymous, client 127.0.0.1:55016] (stun:handle_info/3:170)
2022-02-05 21:52:19.583016+00:00 [info] Accepting connection: 127.0.0.1:38278 -> 127.0.0.1:53490 [TLS, session 2a] (stun_listener:accept/3:221)
2022-02-05 21:52:19.690663+00:00 [debug] Received:
#stun{class = request,method = 1,magic = 554869826,
      trid = 9731166569434471093510117179,raw = <<>>,unsupported = [],
      'ALTERNATE-SERVER' = undefined,'CHANNEL-NUMBER' = undefined,
      'DATA' = undefined,'DONT-FRAGMENT' = false,'ERROR-CODE' = undefined,
      'LIFETIME' = undefined,'MAPPED-ADDRESS' = undefined,
      'MESSAGE-INTEGRITY' = undefined,'NONCE' = undefined,'REALM' = undefined,
      'REQUESTED-ADDRESS-FAMILY' = undefined,
      'REQUESTED-TRANSPORT' = undefined,'SOFTWARE' = undefined,
      'UNKNOWN-ATTRIBUTES' = [],'USERNAME' = undefined,
      'XOR-MAPPED-ADDRESS' = undefined,'XOR-PEER-ADDRESS' = [],
      'XOR-RELAYED-ADDRESS' = undefined} (stun:process_data/3:404)
2022-02-05 21:52:19.690802+00:00 [debug] Responding to STUN request [TLS, session 2a, anonymous, client 127.0.0.1:38278] (stun:process/4:312)
2022-02-05 21:52:19.690846+00:00 [debug] Running 'stun_query' hook [TLS, session 2a, anonymous, client 127.0.0.1:38278] (stun:run_hook/3:818)
2022-02-05 21:52:19.690935+00:00 [debug] Got 'stun_query' event [TLS, session 2a, anonymous, client 127.0.0.1:38278] (eturnal_module:handle_event/2:173)
2022-02-05 21:52:19.690977+00:00 [debug] Calling mod_log_stun:handle_event/2 [TLS, session 2a, anonymous, client 127.0.0.1:38278] (eturnal_module:handle_event/2:176)
2022-02-05 21:52:19.691017+00:00 [info] Responding to STUN request [TLS, session 2a, anonymous, client 127.0.0.1:38278] (mod_log_stun:handle_event/2:45)
2022-02-05 21:52:19.691080+00:00 [debug] Calling mod_stats_influx:handle_event/2 [TLS, session 2a, anonymous, client 127.0.0.1:38278] (eturnal_module:handle_event/2:176)
2022-02-05 21:52:19.691115+00:00 [debug] Writing STUN query event to InfluxDB [TLS, session 2a, anonymous, client 127.0.0.1:38278] (mod_stats_influx:on_stun_query/1:70)
2022-02-05 21:52:19.691392+00:00 [debug] Sending:
#stun{class = response,method = 1,magic = 554869826,
      trid = 9731166569434471093510117179,raw = <<>>,unsupported = [],
      'ALTERNATE-SERVER' = undefined,'CHANNEL-NUMBER' = undefined,
      'DATA' = undefined,'DONT-FRAGMENT' = false,'ERROR-CODE' = undefined,
      'LIFETIME' = undefined,'MAPPED-ADDRESS' = undefined,
      'MESSAGE-INTEGRITY' = undefined,'NONCE' = undefined,'REALM' = undefined,
      'REQUESTED-ADDRESS-FAMILY' = undefined,
      'REQUESTED-TRANSPORT' = undefined,'SOFTWARE' = <<"P1 STUN library">>,
      'UNKNOWN-ATTRIBUTES' = [],'USERNAME' = undefined,
      'XOR-MAPPED-ADDRESS' = {{127,0,0,1},38278},
      'XOR-PEER-ADDRESS' = [],'XOR-RELAYED-ADDRESS' = undefined} (stun:send/3:445)
2022-02-05 21:52:19.691681+00:00 [info] Connection reset by peer [TLS, session 2a, anonymous, client 127.0.0.1:38278] (stun:handle_info/3:170)
2022-02-05 21:52:19.716346+00:00 [info] Accepting connection: 127.0.0.1:37714 -> 127.0.0.1:34781 [TCP|TLS, session j] (stun_listener:accept/3:221)
2022-02-05 21:52:19.716513+00:00 [debug] Determined transport protocol: TCP (stun:is_tls_handshake/1:766)
2022-02-05 21:52:19.716815+00:00 [debug] Received:
#stun{class = request,method = 1,magic = 554869826,
      trid = 75992656745855559791998201053,raw = <<>>,unsupported = [],
      'ALTERNATE-SERVER' = undefined,'CHANNEL-NUMBER' = undefined,
      'DATA' = undefined,'DONT-FRAGMENT' = false,'ERROR-CODE' = undefined,
      'LIFETIME' = undefined,'MAPPED-ADDRESS' = undefined,
      'MESSAGE-INTEGRITY' = undefined,'NONCE' = undefined,'REALM' = undefined,
      'REQUESTED-ADDRESS-FAMILY' = undefined,
      'REQUESTED-TRANSPORT' = undefined,'SOFTWARE' = undefined,
      'UNKNOWN-ATTRIBUTES' = [],'USERNAME' = undefined,
      'XOR-MAPPED-ADDRESS' = undefined,'XOR-PEER-ADDRESS' = [],
      'XOR-RELAYED-ADDRESS' = undefined} (stun:process_data/3:404)
2022-02-05 21:52:19.716926+00:00 [debug] Responding to STUN request [TCP, session j, anonymous, client 127.0.0.1:37714] (stun:process/4:312)
2022-02-05 21:52:19.716967+00:00 [debug] Running 'stun_query' hook [TCP, session j, anonymous, client 127.0.0.1:37714] (stun:run_hook/3:818)
2022-02-05 21:52:19.717008+00:00 [debug] Got 'stun_query' event [TCP, session j, anonymous, client 127.0.0.1:37714] (eturnal_module:handle_event/2:173)
2022-02-05 21:52:19.717037+00:00 [debug] Calling mod_log_stun:handle_event/2 [TCP, session j, anonymous, client 127.0.0.1:37714] (eturnal_module:handle_event/2:176)
2022-02-05 21:52:19.717072+00:00 [info] Responding to STUN request [TCP, session j, anonymous, client 127.0.0.1:37714] (mod_log_stun:handle_event/2:45)
2022-02-05 21:52:19.717114+00:00 [debug] Calling mod_stats_influx:handle_event/2 [TCP, session j, anonymous, client 127.0.0.1:37714] (eturnal_module:handle_event/2:176)
2022-02-05 21:52:19.717143+00:00 [debug] Writing STUN query event to InfluxDB [TCP, session j, anonymous, client 127.0.0.1:37714] (mod_stats_influx:on_stun_query/1:70)
2022-02-05 21:52:19.717299+00:00 [debug] Sending:
#stun{class = response,method = 1,magic = 554869826,
      trid = 75992656745855559791998201053,raw = <<>>,unsupported = [],
      'ALTERNATE-SERVER' = undefined,'CHANNEL-NUMBER' = undefined,
      'DATA' = undefined,'DONT-FRAGMENT' = false,'ERROR-CODE' = undefined,
      'LIFETIME' = undefined,'MAPPED-ADDRESS' = undefined,
      'MESSAGE-INTEGRITY' = undefined,'NONCE' = undefined,'REALM' = undefined,
      'REQUESTED-ADDRESS-FAMILY' = undefined,
      'REQUESTED-TRANSPORT' = undefined,'SOFTWARE' = <<"P1 STUN library">>,
      'UNKNOWN-ATTRIBUTES' = [],'USERNAME' = undefined,
      'XOR-MAPPED-ADDRESS' = {{127,0,0,1},37714},
      'XOR-PEER-ADDRESS' = [],'XOR-RELAYED-ADDRESS' = undefined} (stun:send/3:445)
2022-02-05 21:52:19.717524+00:00 [info] Connection reset by peer [TCP, session j, anonymous, client 127.0.0.1:37714] (stun:handle_info/3:170)
2022-02-05 21:52:19.742667+00:00 [info] Accepting connection: 127.0.0.1:37716 -> 127.0.0.1:34781 [TCP|TLS, session 4j] (stun_listener:accept/3:221)
2022-02-05 21:52:19.742808+00:00 [debug] Determined transport protocol: TLS (stun:is_tls_handshake/1:763)
2022-02-05 21:52:19.850774+00:00 [debug] Received:
#stun{class = request,method = 1,magic = 554869826,
      trid = 69227896476702346441601641997,raw = <<>>,unsupported = [],
      'ALTERNATE-SERVER' = undefined,'CHANNEL-NUMBER' = undefined,
      'DATA' = undefined,'DONT-FRAGMENT' = false,'ERROR-CODE' = undefined,
      'LIFETIME' = undefined,'MAPPED-ADDRESS' = undefined,
      'MESSAGE-INTEGRITY' = undefined,'NONCE' = undefined,'REALM' = undefined,
      'REQUESTED-ADDRESS-FAMILY' = undefined,
      'REQUESTED-TRANSPORT' = undefined,'SOFTWARE' = undefined,
      'UNKNOWN-ATTRIBUTES' = [],'USERNAME' = undefined,
      'XOR-MAPPED-ADDRESS' = undefined,'XOR-PEER-ADDRESS' = [],
      'XOR-RELAYED-ADDRESS' = undefined} (stun:process_data/3:404)
2022-02-05 21:52:19.850926+00:00 [debug] Responding to STUN request [TLS, session 4j, anonymous, client 127.0.0.1:37716] (stun:process/4:312)
2022-02-05 21:52:19.850971+00:00 [debug] Running 'stun_query' hook [TLS, session 4j, anonymous, client 127.0.0.1:37716] (stun:run_hook/3:818)
2022-02-05 21:52:19.851032+00:00 [debug] Got 'stun_query' event [TLS, session 4j, anonymous, client 127.0.0.1:37716] (eturnal_module:handle_event/2:173)
2022-02-05 21:52:19.851080+00:00 [debug] Calling mod_log_stun:handle_event/2 [TLS, session 4j, anonymous, client 127.0.0.1:37716] (eturnal_module:handle_event/2:176)
2022-02-05 21:52:19.851128+00:00 [info] Responding to STUN request [TLS, session 4j, anonymous, client 127.0.0.1:37716] (mod_log_stun:handle_event/2:45)
2022-02-05 21:52:19.851176+00:00 [debug] Calling mod_stats_influx:handle_event/2 [TLS, session 4j, anonymous, client 127.0.0.1:37716] (eturnal_module:handle_event/2:176)
2022-02-05 21:52:19.851219+00:00 [debug] Writing STUN query event to InfluxDB [TLS, session 4j, anonymous, client 127.0.0.1:37716] (mod_stats_influx:on_stun_query/1:70)
2022-02-05 21:52:19.851490+00:00 [debug] Sending:
#stun{class = response,method = 1,magic = 554869826,
      trid = 69227896476702346441601641997,raw = <<>>,unsupported = [],
      'ALTERNATE-SERVER' = undefined,'CHANNEL-NUMBER' = undefined,
      'DATA' = undefined,'DONT-FRAGMENT' = false,'ERROR-CODE' = undefined,
      'LIFETIME' = undefined,'MAPPED-ADDRESS' = undefined,
      'MESSAGE-INTEGRITY' = undefined,'NONCE' = undefined,'REALM' = undefined,
      'REQUESTED-ADDRESS-FAMILY' = undefined,
      'REQUESTED-TRANSPORT' = undefined,'SOFTWARE' = <<"P1 STUN library">>,
      'UNKNOWN-ATTRIBUTES' = [],'USERNAME' = undefined,
      'XOR-MAPPED-ADDRESS' = {{127,0,0,1},37716},
      'XOR-PEER-ADDRESS' = [],'XOR-RELAYED-ADDRESS' = undefined} (stun:send/3:445)
2022-02-05 21:52:19.851836+00:00 [info] Connection reset by peer [TLS, session 4j, anonymous, client 127.0.0.1:37716] (stun:handle_info/3:170)
2022-02-05 21:52:19.875710+00:00 [debug] No NOTIFY_SOCKET, dropping STOPPING=1 notification (eturnal_systemd:handle_cast/2:109)
2022-02-05 21:52:19.875855+00:00 [debug] Terminating eturnal (shutdown) (eturnal:terminate/2:196)
2022-02-05 21:52:19.875953+00:00 [debug] Watchdog interval is undefined, hibernating (eturnal_systemd:get_timeout/1:162)
2022-02-05 21:52:19.876190+00:00 [info] Stopped listening on 127.0.0.1:34780 (udp) (eturnal:stop_listeners/1:372)
2022-02-05 21:52:19.876346+00:00 [info] Stopped listening on 127.0.0.1:34780 (tcp) (eturnal:stop_listeners/1:372)
2022-02-05 21:52:19.876553+00:00 [info] Stopped listening on 127.0.0.1:53490 (tls) (eturnal:stop_listeners/1:372)
2022-02-05 21:52:19.876654+00:00 [info] Stopped listening on 127.0.0.1:34781 (auto) (eturnal:stop_listeners/1:372)
2022-02-05 21:52:19.877430+00:00 [debug] Calling mod_log_stun:stop/1 (eturnal_module:stop/1:159)
2022-02-05 21:52:19.878209+00:00 [debug] Stopping mod_log_stun (mod_log_stun:stop/0:50)
2022-02-05 21:52:19.878480+00:00 [info] Stopped mod_log_stun (eturnal:stop_modules/1:320)
2022-02-05 21:52:19.878666+00:00 [debug] Calling mod_stats_influx:stop/1 (eturnal_module:stop/1:159)
2022-02-05 21:52:19.878765+00:00 [debug] Stopping mod_stats_influx (mod_stats_influx:stop/0:55)
2022-02-05 21:52:19.878860+00:00 [info] Stopped mod_stats_influx (eturnal:stop_modules/1:320)
2022-02-05 21:52:19.879413+00:00 [debug] Removed run/cert.pem (eturnal:clean_run_dir/0:708)
2022-02-05 21:52:19.879644+00:00 [debug] Terminating eturnal_systemd (shutdown) (eturnal_systemd:terminate/2:136)
2022-02-05 21:52:19.879827+00:00 [notice] Stopping eturnal 1.8.1 on Erlang/OTP 24 (ERTS 12.2) (eturnal_app:stop/1:53)
2022-02-05 21:52:19.881708+00:00 [notice]     application: eturnal
    exited: stopped
    type: temporary
 (application_controller:info_exited/3:2119)
