=== Suite started at 2025-04-04 11:35:17
=== Starting test, 19 test cases
=cases         19
=user          runner
=host          nohost
=hosts         nohost 
=emulator_vsn  15.2.3
=emulator      beam
=otp_release   27
=started       2025-04-04 11:35:17
=case          eturnal_SUITE:init_per_suite
=logfile       eturnal_suite.init_per_suite.html
=started       2025-04-04 11:35:17
=ended         2025-04-04 11:35:17
=result        ok
=elapsed       0.000006s
=case          eturnal_SUITE:start_eturnal
=logfile       eturnal_suite.start_eturnal.html
=started       2025-04-04 11:35:17
=ended         2025-04-04 11:35:19
=result        ok
=elapsed       1.618259s
=case          eturnal_SUITE:check_status
=logfile       eturnal_suite.check_status.html
=started       2025-04-04 11:35:19
=ended         2025-04-04 11:35:19
=result        ok
=elapsed       0.000319s
=case          eturnal_SUITE:check_info
=logfile       eturnal_suite.check_info.html
=started       2025-04-04 11:35:19
=ended         2025-04-04 11:35:19
=result        ok
=elapsed       0.000831s
=case          eturnal_SUITE:check_all_sessions
=logfile       eturnal_suite.check_all_sessions.html
=started       2025-04-04 11:35:19
=ended         2025-04-04 11:35:19
=result        ok
=elapsed       0.000253s
=case          eturnal_SUITE:check_user_sessions
=logfile       eturnal_suite.check_user_sessions.html
=started       2025-04-04 11:35:19
=ended         2025-04-04 11:35:19
=result        ok
=elapsed       0.000870s
=case          eturnal_SUITE:check_disconnect
=logfile       eturnal_suite.check_disconnect.html
=started       2025-04-04 11:35:19
=ended         2025-04-04 11:35:19
=result        ok
=elapsed       0.000629s
=case          eturnal_SUITE:check_credentials
=logfile       eturnal_suite.check_credentials.html
=started       2025-04-04 11:35:19
=ended         2025-04-04 11:35:19
=result        ok
=elapsed       0.008225s
=case          eturnal_SUITE:check_loglevel
=logfile       eturnal_suite.check_loglevel.html
=started       2025-04-04 11:35:19
=ended         2025-04-04 11:35:19
=result        ok
=elapsed       0.001187s
=case          eturnal_SUITE:check_version
=logfile       eturnal_suite.check_version.html
=started       2025-04-04 11:35:19
=ended         2025-04-04 11:35:19
=result        ok
=elapsed       0.000438s
=case          eturnal_SUITE:reload
=logfile       eturnal_suite.reload.html
=started       2025-04-04 11:35:19
=ended         2025-04-04 11:35:19
=result        ok
=elapsed       0.537779s
=case          eturnal_SUITE:connect_tcp
=logfile       eturnal_suite.connect_tcp.html
=started       2025-04-04 11:35:19
=ended         2025-04-04 11:35:19
=result        ok
=elapsed       0.000358s
=case          eturnal_SUITE:connect_tls
=logfile       eturnal_suite.connect_tls.html
=started       2025-04-04 11:35:19
=ended         2025-04-04 11:35:20
=result        ok
=elapsed       0.000827s
=case          eturnal_SUITE:turn_udp
=logfile       eturnal_suite.turn_udp.html
=started       2025-04-04 11:35:20
=ended         2025-04-04 11:35:20
=result        ok
=elapsed       0.013097s
=case          eturnal_SUITE:stun_udp
=logfile       eturnal_suite.stun_udp.html
=started       2025-04-04 11:35:20
=ended         2025-04-04 11:35:20
=result        ok
=elapsed       0.001183s
=case          eturnal_SUITE:stun_tcp
=logfile       eturnal_suite.stun_tcp.html
=started       2025-04-04 11:35:20
=ended         2025-04-04 11:35:20
=result        ok
=elapsed       0.001585s
=case          eturnal_SUITE:stun_tls
=logfile       eturnal_suite.stun_tls.html
=started       2025-04-04 11:35:20
=ended         2025-04-04 11:35:21
=result        ok
=elapsed       1.010380s
=case          eturnal_SUITE:stun_tcp_auto
=logfile       eturnal_suite.stun_tcp_auto.html
=started       2025-04-04 11:35:21
=ended         2025-04-04 11:35:21
=result        ok
=elapsed       0.002185s
=case          eturnal_SUITE:stun_tls_auto
=logfile       eturnal_suite.stun_tls_auto.html
=started       2025-04-04 11:35:21
=ended         2025-04-04 11:35:22
=result        ok
=elapsed       1.010071s
=case          eturnal_SUITE:stop_eturnal
=logfile       eturnal_suite.stop_eturnal.html
=started       2025-04-04 11:35:22
=ended         2025-04-04 11:35:22
=result        ok
=elapsed       0.014251s
=case          eturnal_SUITE:end_per_suite
=logfile       eturnal_suite.end_per_suite.html
=started       2025-04-04 11:35:22
=ended         2025-04-04 11:35:22
=result        ok
=elapsed       0.000000s
=group_time    4.697s
=== TEST COMPLETE, 19 ok, 0 failed of 19 test cases

=finished      2025-04-04 11:35:22
=failed        0
=successful    19
=user_skipped  0
=auto_skipped  0
=elapsed_time  4737988
