2023-10-10 16:26:32.307745+00:00 [notice] Starting eturnal 1.12.0 on Erlang/OTP 26 (ERTS 14.1) (eturnal_app:start/2:34)
2023-10-10 16:26:32.307954+00:00 [debug] Starting supervisor: eturnal_sup (eturnal_sup:start_link/0:31)
2023-10-10 16:26:32.308120+00:00 [debug] Configuring eturnal_sup supervisor: [#{id => systemd,
                                       start =>
                                           {eturnal_systemd,start_link,[]}},
                                     #{id => eturnal,
                                       start => {eturnal,start_link,[]}}] (eturnal_sup:init/0:39)
2023-10-10 16:26:32.310308+00:00 [info] Got no NOTIFY_SOCKET, notifications disabled (eturnal_systemd:init/1:86)
2023-10-10 16:26:32.310495+00:00 [debug] PROGRESS REPORT:
    supervisor: {local,eturnal_sup}
    started: [{pid,<0.1020.0>},
              {id,systemd},
              {mfargs,{eturnal_systemd,start_link,[]}},
              {restart_type,permanent},
              {significant,false},
              {shutdown,5000},
              {child_type,worker}]
 (supervisor:report_progress/2:1565)
2023-10-10 16:26:32.310623+00:00 [info] Relay IPv4 address: 127.0.0.1 (port range: 49152-65535) (eturnal:log_relay_addresses/0:347)
2023-10-10 16:26:32.310779+00:00 [info] Relay IPv6 address not configured (eturnal:log_relay_addresses/0:357)
2023-10-10 16:26:32.328633+00:00 [info] Cannot determine control query port: noport (eturnal:log_control_listener/0:372)
2023-10-10 16:26:32.329297+00:00 [debug] Using run directory run (eturnal:ensure_run_dir/0:858)
2023-10-10 16:26:32.329478+00:00 [debug] TURN configuration seems fine (eturnal:check_turn_config/0:602)
2023-10-10 16:26:32.329624+00:00 [warning] TLS enabled without 'tls_crt_file', creating self-signed certificate (eturnal:check_pem_file/0:804)
2023-10-10 16:26:32.914731+00:00 [debug] Calling mod_stats_influx:start/0 (eturnal_module:start/1:143)
2023-10-10 16:26:32.914990+00:00 [debug] Starting mod_stats_influx (mod_stats_influx:start/0:37)
2023-10-10 16:26:32.917591+00:00 [debug] PROGRESS REPORT:
    application: ulitos
    started_at: nonode@nohost
 (application_controller:info_started/2:2117)
2023-10-10 16:26:32.919434+00:00 [debug] PROGRESS REPORT:
    application: poolboy
    started_at: nonode@nohost
 (application_controller:info_started/2:2117)
2023-10-10 16:26:32.921150+00:00 [info]     msg: Starting application: influx_udp (influx_udp_app:start/2:10)
2023-10-10 16:26:32.924243+00:00 [debug] PROGRESS REPORT:
    supervisor: {local,influx_udp_sup}
    started: [{pid,<0.1039.0>},
              {id,influx_udp},
              {mfargs,{influx_udp,start_link,[]}},
              {restart_type,permanent},
              {significant,false},
              {shutdown,5000},
              {child_type,worker}]
 (supervisor:report_progress/2:1565)
2023-10-10 16:26:32.924430+00:00 [debug] PROGRESS REPORT:
    application: influx_udp
    started_at: nonode@nohost
 (application_controller:info_started/2:2117)
2023-10-10 16:26:32.924500+00:00 [debug] Dependency influx_udp was available already (eturnal_module:ensure_dep/2:284)
2023-10-10 16:26:32.927038+00:00 [info]     options: #{port => 8089,host => "localhost",pool_size => 1,
               max_overflow => 1}
    msg: Start clients pool
    host: {127,0,0,1} (influx_udp:start_pool_/2:239)
2023-10-10 16:26:32.943611+00:00 [info]     port: 48256
    msg: Open UDP socket on port (influx_udp_worker:init/1:43)
2023-10-10 16:26:32.943904+00:00 [debug] PROGRESS REPORT:
    supervisor: {local,influx_udp_sup}
    started: [{pid,<0.1042.0>},
              {id,stats_influx_pool},
              {mfargs,
                  {poolboy,start_link,
                      [[{name,{local,stats_influx_pool}},
                        {worker_module,influx_udp_worker},
                        {size,1},
                        {max_overflow,1}],
                       [{options,
                            #{port => 8089,
                              host => {127,0,0,1},
                              pool_size => 1,max_overflow => 1}}]]}},
              {restart_type,permanent},
              {significant,false},
              {shutdown,5000},
              {child_type,worker}]
 (supervisor:report_progress/2:1565)
2023-10-10 16:26:32.944322+00:00 [info] Started mod_stats_influx (eturnal:start_modules/0:383)
2023-10-10 16:26:32.944451+00:00 [debug] Calling mod_stats_prometheus:start/0 (eturnal_module:start/1:143)
2023-10-10 16:26:32.944575+00:00 [debug] Starting mod_stats_prometheus (mod_stats_prometheus:start/0:56)
2023-10-10 16:26:35.101228+00:00 [debug] PROGRESS REPORT:
    application: prometheus
    started_at: nonode@nohost
 (application_controller:info_started/2:2117)
2023-10-10 16:26:35.102566+00:00 [debug] PROGRESS REPORT:
    application: accept
    started_at: nonode@nohost
 (application_controller:info_started/2:2117)
2023-10-10 16:26:35.102837+00:00 [debug] PROGRESS REPORT:
    application: prometheus_httpd
    started_at: nonode@nohost
 (application_controller:info_started/2:2117)
2023-10-10 16:26:35.102917+00:00 [debug] Dependency prometheus_httpd was available already (eturnal_module:ensure_dep/2:284)
2023-10-10 16:26:35.104401+00:00 [debug] PROGRESS REPORT:
    supervisor: {local,httpd_instance_sup__127_0_0_1__9081default}
    started: [{pid,<0.1064.0>},
              {id,{httpd_connection_sup,{127,0,0,1},9081,default}},
              {mfargs,{httpd_connection_sup,start_link,[[{127,0,0,1},9081]]}},
              {restart_type,permanent},
              {significant,false},
              {shutdown,5000},
              {child_type,supervisor}]
 (supervisor:report_progress/2:1565)
2023-10-10 16:26:35.104810+00:00 [debug] PROGRESS REPORT:
    supervisor: {local,httpd_acceptor_sup__127_0_0_1__9081default}
    started: [{pid,<0.1066.0>},
              {id,{httpd_acceptor_sup,{127,0,0,1},9081,default}},
              {mfargs,{httpd_acceptor,start_link,
                                      [httpd__127_0_0_1__9081default,ip_comm,
                                       {127,0,0,1},
                                       9081,inet,
                                       httpd_conf__127_0_0_1__9081default,
                                       15000]}},
              {restart_type,transient},
              {significant,false},
              {shutdown,brutal_kill},
              {child_type,worker}]
 (supervisor:report_progress/2:1565)
2023-10-10 16:26:35.104965+00:00 [debug] PROGRESS REPORT:
    supervisor: {local,httpd_instance_sup__127_0_0_1__9081default}
    started: [{pid,<0.1065.0>},
              {id,{httpd_acceptor_sup,{127,0,0,1},9081,default}},
              {mfargs,
                  {httpd_acceptor_sup,start_link,
                      [[{127,0,0,1},
                        9081,
                        [{bind_address,{127,0,0,1}},
                         {socket_type,ip_comm},
                         {port,9081},
                         {server_root,"run/mod_stats_prometheus/doc"},
                         {document_root,"run/mod_stats_prometheus/doc"},
                         {server_name,"Prometheus Exporter"},
                         {modules,[prometheus_httpd]}],
                        15000,undefined]]}},
              {restart_type,permanent},
              {significant,false},
              {shutdown,infinity},
              {child_type,supervisor}]
 (supervisor:report_progress/2:1565)
2023-10-10 16:26:35.105124+00:00 [debug] PROGRESS REPORT:
    supervisor: {local,httpd_instance_sup__127_0_0_1__9081default}
    started: [{pid,<0.1067.0>},
              {id,{httpd_misc_sup,{127,0,0,1},9081,default}},
              {mfargs,{httpd_misc_sup,start_link,[{127,0,0,1},9081,default]}},
              {restart_type,permanent},
              {significant,false},
              {shutdown,infinity},
              {child_type,supervisor}]
 (supervisor:report_progress/2:1565)
2023-10-10 16:26:35.105870+00:00 [debug] PROGRESS REPORT:
    supervisor: {local,httpd_instance_sup__127_0_0_1__9081default}
    started: [{pid,<0.1068.0>},
              {id,{httpd_manager,{127,0,0,1},9081,default}},
              {mfargs,
                  {httpd_manager,start_link,
                      [undefined,
                       [{bind_address,{127,0,0,1}},
                        {socket_type,ip_comm},
                        {port,9081},
                        {server_root,"run/mod_stats_prometheus/doc"},
                        {document_root,"run/mod_stats_prometheus/doc"},
                        {server_name,"Prometheus Exporter"},
                        {modules,[prometheus_httpd]}],
                       15000]}},
              {restart_type,permanent},
              {significant,false},
              {shutdown,4000},
              {child_type,worker}]
 (supervisor:report_progress/2:1565)
2023-10-10 16:26:35.106031+00:00 [debug] PROGRESS REPORT:
    supervisor: {local,httpd_sup}
    started: [{pid,<0.1063.0>},
              {id,{httpd_instance_sup,{127,0,0,1},9081,default}},
              {mfargs,
                  {httpd_instance_sup,start_link,
                      [[{bind_address,{127,0,0,1}},
                        {socket_type,ip_comm},
                        {port,9081},
                        {server_root,"run/mod_stats_prometheus/doc"},
                        {document_root,"run/mod_stats_prometheus/doc"},
                        {server_name,"Prometheus Exporter"},
                        {modules,[prometheus_httpd]}],
                       15000,[]]}},
              {restart_type,permanent},
              {significant,false},
              {shutdown,infinity},
              {child_type,supervisor}]
 (supervisor:report_progress/2:1565)
2023-10-10 16:26:35.107623+00:00 [info] Started mod_stats_prometheus (eturnal:start_modules/0:383)
2023-10-10 16:26:35.107899+00:00 [debug] Calling mod_log_stun:start/0 (eturnal_module:start/1:143)
2023-10-10 16:26:35.108183+00:00 [debug] Starting mod_log_stun (mod_log_stun:start/0:38)
2023-10-10 16:26:35.108349+00:00 [info] Started mod_log_stun (eturnal:start_modules/0:383)
2023-10-10 16:26:35.108468+00:00 [debug] Starting listener 127.0.0.1:34780 (udp) with options:
[{use_turn,true},
 {auth_type,user},
 {turn_ipv4_address,{127,0,0,1}},
 {turn_min_port,49152},
 {turn_max_port,65535},
 {turn_max_allocations,10},
 {turn_max_permissions,10},
 {shaper,100000},
 {auth_realm,<<"eturnal.net">>},
 {server_name,<<"eturnal">>},
 {auth_fun,fun eturnal:get_password/2},
 {hook_fun,fun eturnal:run_hook/2},
 {turn_blacklist_clients,[{{127,0,0,1},8}]},
 {turn_blacklist_peers,[{{10,0,0,0},8},
                        {{100,64,0,0},10},
                        {{127,0,0,0},8},
                        {{169,254,0,0},16},
                        {{172,16,0,0},12},
                        {{192,0,0,0},24},
                        {{192,0,2,0},24},
                        {{192,88,99,0},24},
                        {{192,168,0,0},16},
                        {{198,18,0,0},15},
                        {{198,51,100,0},24},
                        {{203,0,113,0},24},
                        {{224,0,0,0},4},
                        {{240,0,0,0},4},
                        {{0,0,0,0,0,0,0,1},128},
                        {{100,65435,0,0,0,0,0,0},96},
                        {{256,0,0,0,0,0,0,0},64},
                        {{8193,3512,0,0,0,0,0,0},32},
                        {{64512,0,0,0,0,0,0,0},7},
                        {{65152,0,0,0,0,0,0,0},10},
                        {{65280,0,0,0,0,0,0,0},8}]},
 {turn_whitelist_clients,[{{127,0,0,1},32}]},
 {turn_whitelist_peers,[{{127,0,0,1},32},
                        {{203,0,113,113},32},
                        {{8193,3512,0,0,0,0,0,0},64}]}] (eturnal:start_listeners/0:418)
2023-10-10 16:26:35.109230+00:00 [info] Listening on 127.0.0.1:34780 (udp) (STUN/TURN) (eturnal:start_listeners/0:425)
2023-10-10 16:26:35.109339+00:00 [debug] Starting listener 127.0.0.1:34780 (tcp) with options:
[{use_turn,false},
 {auth_type,anonymous},
 {turn_ipv4_address,{127,0,0,1}},
 {turn_min_port,49152},
 {turn_max_port,65535},
 {turn_max_allocations,10},
 {turn_max_permissions,10},
 {shaper,100000},
 {auth_realm,<<"eturnal.net">>},
 {server_name,<<"eturnal">>},
 {auth_fun,fun eturnal:get_password/2},
 {hook_fun,fun eturnal:run_hook/2},
 {turn_blacklist_clients,[{{127,0,0,1},8}]},
 {turn_blacklist_peers,[{{10,0,0,0},8},
                        {{100,64,0,0},10},
                        {{127,0,0,0},8},
                        {{169,254,0,0},16},
                        {{172,16,0,0},12},
                        {{192,0,0,0},24},
                        {{192,0,2,0},24},
                        {{192,88,99,0},24},
                        {{192,168,0,0},16},
                        {{198,18,0,0},15},
                        {{198,51,100,0},24},
                        {{203,0,113,0},24},
                        {{224,0,0,0},4},
                        {{240,0,0,0},4},
                        {{0,0,0,0,0,0,0,1},128},
                        {{100,65435,0,0,0,0,0,0},96},
                        {{256,0,0,0,0,0,0,0},64},
                        {{8193,3512,0,0,0,0,0,0},32},
                        {{64512,0,0,0,0,0,0,0},7},
                        {{65152,0,0,0,0,0,0,0},10},
                        {{65280,0,0,0,0,0,0,0},8}]},
 {turn_whitelist_clients,[{{127,0,0,1},32}]},
 {turn_whitelist_peers,[{{127,0,0,1},32},
                        {{203,0,113,113},32},
                        {{8193,3512,0,0,0,0,0,0},64}]}] (eturnal:start_listeners/0:418)
2023-10-10 16:26:35.110201+00:00 [info] Listening on 127.0.0.1:34780 (tcp) (STUN only) (eturnal:start_listeners/0:425)
2023-10-10 16:26:35.110369+00:00 [debug] Starting listener 127.0.0.1:53490 (tls) with options:
[{use_turn,false},
 {auth_type,anonymous},
 {tls,true},
 {certfile,<<"run/cert.pem">>},
 {ciphers,<<"HIGH:!aNULL:@STRENGTH">>},
 {protocol_options,<<"no_tlsv1|no_tlsv1_1|cipher_server_preference">>},
 {turn_ipv4_address,{127,0,0,1}},
 {turn_min_port,49152},
 {turn_max_port,65535},
 {turn_max_allocations,10},
 {turn_max_permissions,10},
 {shaper,100000},
 {auth_realm,<<"eturnal.net">>},
 {server_name,<<"eturnal">>},
 {auth_fun,fun eturnal:get_password/2},
 {hook_fun,fun eturnal:run_hook/2},
 {turn_blacklist_clients,[{{127,0,0,1},8}]},
 {turn_blacklist_peers,[{{10,0,0,0},8},
                        {{100,64,0,0},10},
                        {{127,0,0,0},8},
                        {{169,254,0,0},16},
                        {{172,16,0,0},12},
                        {{192,0,0,0},24},
                        {{192,0,2,0},24},
                        {{192,88,99,0},24},
                        {{192,168,0,0},16},
                        {{198,18,0,0},15},
                        {{198,51,100,0},24},
                        {{203,0,113,0},24},
                        {{224,0,0,0},4},
                        {{240,0,0,0},4},
                        {{0,0,0,0,0,0,0,1},128},
                        {{100,65435,0,0,0,0,0,0},96},
                        {{256,0,0,0,0,0,0,0},64},
                        {{8193,3512,0,0,0,0,0,0},32},
                        {{64512,0,0,0,0,0,0,0},7},
                        {{65152,0,0,0,0,0,0,0},10},
                        {{65280,0,0,0,0,0,0,0},8}]},
 {turn_whitelist_clients,[{{127,0,0,1},32}]},
 {turn_whitelist_peers,[{{127,0,0,1},32},
                        {{203,0,113,113},32},
                        {{8193,3512,0,0,0,0,0,0},64}]}] (eturnal:start_listeners/0:418)
2023-10-10 16:26:35.111041+00:00 [info] Listening on 127.0.0.1:53490 (tls) (STUN only) (eturnal:start_listeners/0:425)
2023-10-10 16:26:35.111204+00:00 [debug] Starting listener 127.0.0.1:34781 (auto) with options:
[{use_turn,false},
 {auth_type,anonymous},
 {tls,optional},
 {certfile,<<"run/cert.pem">>},
 {ciphers,<<"HIGH:!aNULL:@STRENGTH">>},
 {protocol_options,<<"no_tlsv1|no_tlsv1_1|cipher_server_preference">>},
 {turn_ipv4_address,{127,0,0,1}},
 {turn_min_port,49152},
 {turn_max_port,65535},
 {turn_max_allocations,10},
 {turn_max_permissions,10},
 {shaper,100000},
 {auth_realm,<<"eturnal.net">>},
 {server_name,<<"eturnal">>},
 {auth_fun,fun eturnal:get_password/2},
 {hook_fun,fun eturnal:run_hook/2},
 {turn_blacklist_clients,[{{127,0,0,1},8}]},
 {turn_blacklist_peers,[{{10,0,0,0},8},
                        {{100,64,0,0},10},
                        {{127,0,0,0},8},
                        {{169,254,0,0},16},
                        {{172,16,0,0},12},
                        {{192,0,0,0},24},
                        {{192,0,2,0},24},
                        {{192,88,99,0},24},
                        {{192,168,0,0},16},
                        {{198,18,0,0},15},
                        {{198,51,100,0},24},
                        {{203,0,113,0},24},
                        {{224,0,0,0},4},
                        {{240,0,0,0},4},
                        {{0,0,0,0,0,0,0,1},128},
                        {{100,65435,0,0,0,0,0,0},96},
                        {{256,0,0,0,0,0,0,0},64},
                        {{8193,3512,0,0,0,0,0,0},32},
                        {{64512,0,0,0,0,0,0,0},7},
                        {{65152,0,0,0,0,0,0,0},10},
                        {{65280,0,0,0,0,0,0,0},8}]},
 {turn_whitelist_clients,[{{127,0,0,1},32}]},
 {turn_whitelist_peers,[{{127,0,0,1},32},
                        {{203,0,113,113},32},
                        {{8193,3512,0,0,0,0,0,0},64}]}] (eturnal:start_listeners/0:418)
2023-10-10 16:26:35.112243+00:00 [info] Listening on 127.0.0.1:34781 (auto) (STUN only) (eturnal:start_listeners/0:425)
2023-10-10 16:26:35.112858+00:00 [debug] Started 3 modules (eturnal:init/1:105)
2023-10-10 16:26:35.112965+00:00 [debug] Started 4 listeners (eturnal:init/1:106)
2023-10-10 16:26:35.113096+00:00 [debug] PROGRESS REPORT:
    supervisor: {local,eturnal_sup}
    started: [{pid,<0.1022.0>},
              {id,eturnal},
              {mfargs,{eturnal,start_link,[]}},
              {restart_type,permanent},
              {significant,false},
              {shutdown,5000},
              {child_type,worker}]
 (supervisor:report_progress/2:1565)
2023-10-10 16:26:35.113245+00:00 [debug] No NOTIFY_SOCKET, dropping READY=1 notification (eturnal_systemd:handle_cast/2:99)
2023-10-10 16:26:35.113342+00:00 [debug] PROGRESS REPORT:
    application: eturnal
    started_at: nonode@nohost
 (application_controller:info_started/2:2117)
2023-10-10 16:26:35.143962+00:00 [debug] Handling API call: get_info() (eturnal_ctl:get_info/0:128)
2023-10-10 16:26:35.144676+00:00 [debug] eturnal call (get_info) returned {ok,
                                  {eturnal_node_info,<<"1.12.0">>,
                                   {"26","14.1"},
                                   6641,0,164,145452269,1,60831512}} (eturnal_ctl:call/1:434)
2023-10-10 16:26:35.169792+00:00 [debug] Handling API call: get_sessions() (eturnal_ctl:get_sessions/0:99)
2023-10-10 16:26:35.195355+00:00 [debug] Handling API call: get_sessions("alice") (eturnal_ctl:get_sessions/1:109)
2023-10-10 16:26:35.195741+00:00 [debug] Handling API call: disconnect(alice) (eturnal_ctl:disconnect/1:177)
2023-10-10 16:26:35.195867+00:00 [debug] Cannot convert user name to binary: alice (eturnal_ctl:disconnect/1:187)
2023-10-10 16:26:35.221578+00:00 [debug] Handling API call: disconnect("alice") (eturnal_ctl:disconnect/1:177)
2023-10-10 16:26:35.222097+00:00 [debug] Handling API call: disconnect(alice) (eturnal_ctl:disconnect/1:177)
2023-10-10 16:26:35.222448+00:00 [debug] Cannot convert user name to binary: alice (eturnal_ctl:disconnect/1:187)
2023-10-10 16:26:35.247902+00:00 [debug] Handling API call: get_credentials("2009-10-30 11:00:00Z", []) (eturnal_ctl:get_credentials/2:59)
2023-10-10 16:26:35.248164+00:00 [debug] eturnal call ({get_password,<<"1256900400">>}) returned {ok,
                                                         <<"uEKlpcME7MNMMVRV8rUFPCTIFEs=">>} (eturnal_ctl:call/1:434)
2023-10-10 16:26:35.248702+00:00 [debug] Handling API call: get_credentials("86400", "alice") (eturnal_ctl:get_credentials/2:59)
2023-10-10 16:26:35.248911+00:00 [debug] eturnal call ({get_password,<<"1697041595:alice">>}) returned {ok,
                                                               <<"ihAd9q32j4IkHoPhjk/EbzeM1HA=">>} (eturnal_ctl:call/1:434)
2023-10-10 16:26:35.249040+00:00 [debug] Handling API call: get_password("1697041595:alice") (eturnal_ctl:get_password/1:78)
2023-10-10 16:26:35.249164+00:00 [debug] eturnal call ({get_password,<<"1697041595:alice">>}) returned {ok,
                                                               <<"ihAd9q32j4IkHoPhjk/EbzeM1HA=">>} (eturnal_ctl:call/1:434)
2023-10-10 16:26:35.249315+00:00 [debug] Handling API call: get_credentials("86400s", "alice") (eturnal_ctl:get_credentials/2:59)
2023-10-10 16:26:35.249431+00:00 [debug] eturnal call ({get_password,<<"1697041595:alice">>}) returned {ok,
                                                               <<"ihAd9q32j4IkHoPhjk/EbzeM1HA=">>} (eturnal_ctl:call/1:434)
2023-10-10 16:26:35.249537+00:00 [debug] Handling API call: get_password("1697041595:alice") (eturnal_ctl:get_password/1:78)
2023-10-10 16:26:35.249624+00:00 [debug] eturnal call ({get_password,<<"1697041595:alice">>}) returned {ok,
                                                               <<"ihAd9q32j4IkHoPhjk/EbzeM1HA=">>} (eturnal_ctl:call/1:434)
2023-10-10 16:26:35.249787+00:00 [debug] Handling API call: get_credentials("1440m", "alice") (eturnal_ctl:get_credentials/2:59)
2023-10-10 16:26:35.249893+00:00 [debug] eturnal call ({get_password,<<"1697041595:alice">>}) returned {ok,
                                                               <<"ihAd9q32j4IkHoPhjk/EbzeM1HA=">>} (eturnal_ctl:call/1:434)
2023-10-10 16:26:35.250029+00:00 [debug] Handling API call: get_password("1697041595:alice") (eturnal_ctl:get_password/1:78)
2023-10-10 16:26:35.250131+00:00 [debug] eturnal call ({get_password,<<"1697041595:alice">>}) returned {ok,
                                                               <<"ihAd9q32j4IkHoPhjk/EbzeM1HA=">>} (eturnal_ctl:call/1:434)
2023-10-10 16:26:35.250254+00:00 [debug] Handling API call: get_credentials("24h", "alice") (eturnal_ctl:get_credentials/2:59)
2023-10-10 16:26:35.250350+00:00 [debug] eturnal call ({get_password,<<"1697041595:alice">>}) returned {ok,
                                                               <<"ihAd9q32j4IkHoPhjk/EbzeM1HA=">>} (eturnal_ctl:call/1:434)
2023-10-10 16:26:35.250467+00:00 [debug] Handling API call: get_password("1697041595:alice") (eturnal_ctl:get_password/1:78)
2023-10-10 16:26:35.250557+00:00 [debug] eturnal call ({get_password,<<"1697041595:alice">>}) returned {ok,
                                                               <<"ihAd9q32j4IkHoPhjk/EbzeM1HA=">>} (eturnal_ctl:call/1:434)
2023-10-10 16:26:35.250697+00:00 [debug] Handling API call: get_credentials("1d", "alice") (eturnal_ctl:get_credentials/2:59)
2023-10-10 16:26:35.250803+00:00 [debug] eturnal call ({get_password,<<"1697041595:alice">>}) returned {ok,
                                                               <<"ihAd9q32j4IkHoPhjk/EbzeM1HA=">>} (eturnal_ctl:call/1:434)
2023-10-10 16:26:35.250906+00:00 [debug] Handling API call: get_password("1697041595:alice") (eturnal_ctl:get_password/1:78)
2023-10-10 16:26:35.250985+00:00 [debug] eturnal call ({get_password,<<"1697041595:alice">>}) returned {ok,
                                                               <<"ihAd9q32j4IkHoPhjk/EbzeM1HA=">>} (eturnal_ctl:call/1:434)
2023-10-10 16:26:35.251146+00:00 [debug] Handling API call: get_password("Invalid") (eturnal_ctl:get_password/1:78)
2023-10-10 16:26:35.251239+00:00 [debug] eturnal call ({get_password,<<"Invalid">>}) returned {error,no_credentials} (eturnal_ctl:call/1:437)
2023-10-10 16:26:35.251313+00:00 [debug] Handling API call: get_credentials("Invalid", []) (eturnal_ctl:get_credentials/2:59)
2023-10-10 16:26:35.251427+00:00 [debug] Invalid argument(s): "Invalid":[] (eturnal_ctl:get_credentials/2:72)
2023-10-10 16:26:35.251483+00:00 [debug] Handling API call: get_password(invalid) (eturnal_ctl:get_password/1:78)
2023-10-10 16:26:35.251553+00:00 [debug] Cannot convert user name to binary: invalid (eturnal_ctl:get_password/1:93)
2023-10-10 16:26:35.251608+00:00 [debug] Handling API call: get_credentials(invalid, []) (eturnal_ctl:get_credentials/2:59)
2023-10-10 16:26:35.251721+00:00 [debug] Invalid argument(s): invalid:[] (eturnal_ctl:get_credentials/2:72)
2023-10-10 16:26:35.251798+00:00 [debug] Handling API call: get_password([invalid]) (eturnal_ctl:get_password/1:78)
2023-10-10 16:26:35.251866+00:00 [debug] Cannot convert user name to binary: [invalid] (eturnal_ctl:get_password/1:93)
2023-10-10 16:26:35.251928+00:00 [debug] Handling API call: get_credentials([invalid], []) (eturnal_ctl:get_credentials/2:59)
2023-10-10 16:26:35.251993+00:00 [debug] Invalid argument(s): [invalid]:[] (eturnal_ctl:get_credentials/2:72)
2023-10-10 16:26:35.252129+00:00 [debug] Handling API call: get_credentials(1256900400, invalid) (eturnal_ctl:get_credentials/2:59)
2023-10-10 16:26:35.252212+00:00 [debug] Invalid argument(s): 1256900400:invalid (eturnal_ctl:get_credentials/2:72)
2023-10-10 16:26:35.252321+00:00 [debug] Handling API call: get_password("alice") (eturnal_ctl:get_password/1:78)
2023-10-10 16:26:35.252397+00:00 [debug] eturnal call ({get_password,<<"alice">>}) returned {ok,<<"l0vesBob">>} (eturnal_ctl:call/1:434)
2023-10-10 16:26:35.279387+00:00 [debug] Handling API call: set_loglevel(debug) (eturnal_ctl:set_loglevel/1:158)
2023-10-10 16:26:35.279759+00:00 [debug] eturnal call ({set_loglevel,debug}) returned ok (eturnal_ctl:call/1:431)
2023-10-10 16:26:35.279938+00:00 [debug] Handling API call: get_loglevel() (eturnal_ctl:get_loglevel/0:148)
2023-10-10 16:26:35.280133+00:00 [debug] eturnal call (get_loglevel) returned {ok,debug} (eturnal_ctl:call/1:434)
2023-10-10 16:26:35.280356+00:00 [debug] Handling API call: set_loglevel(invalid) (eturnal_ctl:set_loglevel/1:158)
2023-10-10 16:26:35.280455+00:00 [debug] Invalid log level: invalid (eturnal_ctl:set_loglevel/1:168)
2023-10-10 16:26:35.281097+00:00 [debug] Handling API call: get_loglevel() (eturnal_ctl:get_loglevel/0:148)
2023-10-10 16:26:35.281262+00:00 [debug] eturnal call (get_loglevel) returned {ok,debug} (eturnal_ctl:call/1:434)
2023-10-10 16:26:35.306972+00:00 [debug] Handling API call: get_version() (eturnal_ctl:get_version/0:138)
2023-10-10 16:26:35.307128+00:00 [debug] eturnal call (get_version) returned {ok,<<"1.12.0">>} (eturnal_ctl:call/1:434)
2023-10-10 16:26:35.332531+00:00 [debug] Handling API call: reload() (eturnal_ctl:reload/0:193)
2023-10-10 16:26:35.341497+00:00 [debug] Calling mod_log_stun:options/0 (eturnal_module:options/1:192)
2023-10-10 16:26:35.341705+00:00 [debug] Calling mod_stats_influx:options/0 (eturnal_module:options/1:192)
2023-10-10 16:26:35.341822+00:00 [debug] Calling mod_stats_prometheus:options/0 (eturnal_module:options/1:192)
2023-10-10 16:26:35.342527+00:00 [warning] TLS enabled without 'tls_crt_file', creating self-signed certificate (eturnal:check_pem_file/0:804)
2023-10-10 16:26:35.859852+00:00 [info] Using new TLS certificate (eturnal:reload/1:629)
2023-10-10 16:26:35.860318+00:00 [debug] Calling mod_stats_influx:stop/1 (eturnal_module:stop/1:163)
2023-10-10 16:26:35.860784+00:00 [debug] Stopping mod_stats_influx (mod_stats_influx:stop/0:61)
2023-10-10 16:26:35.861051+00:00 [info] Stopped mod_stats_influx (eturnal:stop_modules/1:396)
2023-10-10 16:26:35.862105+00:00 [debug] Calling mod_stats_prometheus:stop/1 (eturnal_module:stop/1:163)
2023-10-10 16:26:35.862319+00:00 [debug] Stopping mod_stats_prometheus (mod_stats_prometheus:stop/0:110)
2023-10-10 16:26:35.862737+00:00 [info] Stopped mod_stats_prometheus (eturnal:stop_modules/1:396)
2023-10-10 16:26:35.863508+00:00 [debug] Calling mod_log_stun:stop/1 (eturnal_module:stop/1:163)
2023-10-10 16:26:35.864107+00:00 [debug] Stopping mod_log_stun (mod_log_stun:stop/0:49)
2023-10-10 16:26:35.864248+00:00 [info] Stopped mod_log_stun (eturnal:stop_modules/1:396)
2023-10-10 16:26:35.864389+00:00 [debug] Calling mod_stats_influx:start/0 (eturnal_module:start/1:143)
2023-10-10 16:26:35.864531+00:00 [debug] Starting mod_stats_influx (mod_stats_influx:start/0:37)
2023-10-10 16:26:35.864645+00:00 [debug] Dependency influx_udp was available already (eturnal_module:ensure_dep/2:284)
2023-10-10 16:26:35.865005+00:00 [info]     options: #{port => 8089,host => "localhost",pool_size => 1,
               max_overflow => 1}
    msg: Start clients pool
    host: {127,0,0,1} (influx_udp:start_pool_/2:239)
2023-10-10 16:26:35.866061+00:00 [info] Started mod_stats_influx (eturnal:start_modules/0:383)
2023-10-10 16:26:35.866184+00:00 [debug] Calling mod_stats_prometheus:start/0 (eturnal_module:start/1:143)
2023-10-10 16:26:35.866356+00:00 [debug] Starting mod_stats_prometheus (mod_stats_prometheus:start/0:56)
2023-10-10 16:26:35.866474+00:00 [debug] Dependency prometheus_httpd was available already (eturnal_module:ensure_dep/2:284)
2023-10-10 16:26:35.867659+00:00 [debug] PROGRESS REPORT:
    supervisor: {local,httpd_instance_sup__127_0_0_1__9081default}
    started: [{pid,<0.1195.0>},
              {id,{httpd_connection_sup,{127,0,0,1},9081,default}},
              {mfargs,{httpd_connection_sup,start_link,[[{127,0,0,1},9081]]}},
              {restart_type,permanent},
              {significant,false},
              {shutdown,5000},
              {child_type,supervisor}]
 (supervisor:report_progress/2:1565)
2023-10-10 16:26:35.868043+00:00 [debug] PROGRESS REPORT:
    supervisor: {local,httpd_acceptor_sup__127_0_0_1__9081default}
    started: [{pid,<0.1197.0>},
              {id,{httpd_acceptor_sup,{127,0,0,1},9081,default}},
              {mfargs,{httpd_acceptor,start_link,
                                      [httpd__127_0_0_1__9081default,ip_comm,
                                       {127,0,0,1},
                                       9081,inet,
                                       httpd_conf__127_0_0_1__9081default,
                                       15000]}},
              {restart_type,transient},
              {significant,false},
              {shutdown,brutal_kill},
              {child_type,worker}]
 (supervisor:report_progress/2:1565)
2023-10-10 16:26:35.868247+00:00 [debug] PROGRESS REPORT:
    supervisor: {local,httpd_instance_sup__127_0_0_1__9081default}
    started: [{pid,<0.1196.0>},
              {id,{httpd_acceptor_sup,{127,0,0,1},9081,default}},
              {mfargs,
                  {httpd_acceptor_sup,start_link,
                      [[{127,0,0,1},
                        9081,
                        [{bind_address,{127,0,0,1}},
                         {socket_type,ip_comm},
                         {port,9081},
                         {server_root,"run/mod_stats_prometheus/doc"},
                         {document_root,"run/mod_stats_prometheus/doc"},
                         {server_name,"Prometheus Exporter"},
                         {modules,[prometheus_httpd]}],
                        15000,undefined]]}},
              {restart_type,permanent},
              {significant,false},
              {shutdown,infinity},
              {child_type,supervisor}]
 (supervisor:report_progress/2:1565)
2023-10-10 16:26:35.868480+00:00 [debug] PROGRESS REPORT:
    supervisor: {local,httpd_instance_sup__127_0_0_1__9081default}
    started: [{pid,<0.1198.0>},
              {id,{httpd_misc_sup,{127,0,0,1},9081,default}},
              {mfargs,{httpd_misc_sup,start_link,[{127,0,0,1},9081,default]}},
              {restart_type,permanent},
              {significant,false},
              {shutdown,infinity},
              {child_type,supervisor}]
 (supervisor:report_progress/2:1565)
2023-10-10 16:26:35.869655+00:00 [debug] PROGRESS REPORT:
    supervisor: {local,httpd_instance_sup__127_0_0_1__9081default}
    started: [{pid,<0.1199.0>},
              {id,{httpd_manager,{127,0,0,1},9081,default}},
              {mfargs,
                  {httpd_manager,start_link,
                      [undefined,
                       [{bind_address,{127,0,0,1}},
                        {socket_type,ip_comm},
                        {port,9081},
                        {server_root,"run/mod_stats_prometheus/doc"},
                        {document_root,"run/mod_stats_prometheus/doc"},
                        {server_name,"Prometheus Exporter"},
                        {modules,[prometheus_httpd]}],
                       15000]}},
              {restart_type,permanent},
              {significant,false},
              {shutdown,4000},
              {child_type,worker}]
 (supervisor:report_progress/2:1565)
2023-10-10 16:26:35.869852+00:00 [debug] PROGRESS REPORT:
    supervisor: {local,httpd_sup}
    started: [{pid,<0.1194.0>},
              {id,{httpd_instance_sup,{127,0,0,1},9081,default}},
              {mfargs,
                  {httpd_instance_sup,start_link,
                      [[{bind_address,{127,0,0,1}},
                        {socket_type,ip_comm},
                        {port,9081},
                        {server_root,"run/mod_stats_prometheus/doc"},
                        {document_root,"run/mod_stats_prometheus/doc"},
                        {server_name,"Prometheus Exporter"},
                        {modules,[prometheus_httpd]}],
                       15000,[]]}},
              {restart_type,permanent},
              {significant,false},
              {shutdown,infinity},
              {child_type,supervisor}]
 (supervisor:report_progress/2:1565)
2023-10-10 16:26:35.870240+00:00 [info] Started mod_stats_prometheus (eturnal:start_modules/0:383)
2023-10-10 16:26:35.870376+00:00 [debug] Calling mod_log_stun:start/0 (eturnal_module:start/1:143)
2023-10-10 16:26:35.870503+00:00 [debug] Starting mod_log_stun (mod_log_stun:start/0:38)
2023-10-10 16:26:35.871332+00:00 [info] Started mod_log_stun (eturnal:start_modules/0:383)
2023-10-10 16:26:35.871532+00:00 [debug] Restarted modules (eturnal:reload/1:637)
2023-10-10 16:26:35.871666+00:00 [debug] eturnal call (reload) returned ok (eturnal_ctl:call/1:431)
2023-10-10 16:26:35.871950+00:00 [debug] Handling API call: reload() (eturnal_ctl:reload/0:193)
2023-10-10 16:26:35.879672+00:00 [debug] Calling mod_log_stun:options/0 (eturnal_module:options/1:192)
2023-10-10 16:26:35.879853+00:00 [debug] Calling mod_stats_influx:options/0 (eturnal_module:options/1:192)
2023-10-10 16:26:35.879984+00:00 [debug] Calling mod_stats_prometheus:options/0 (eturnal_module:options/1:192)
2023-10-10 16:26:35.880685+00:00 [debug] Keeping PEM file (run/cert.pem) (eturnal:check_pem_file/0:801)
2023-10-10 16:26:35.880784+00:00 [debug] TLS certificate unchanged (eturnal:reload/1:631)
2023-10-10 16:26:35.881785+00:00 [debug] Calling mod_stats_influx:stop/1 (eturnal_module:stop/1:163)
2023-10-10 16:26:35.881931+00:00 [debug] Stopping mod_stats_influx (mod_stats_influx:stop/0:61)
2023-10-10 16:26:35.882097+00:00 [info] Stopped mod_stats_influx (eturnal:stop_modules/1:396)
2023-10-10 16:26:35.883478+00:00 [debug] Calling mod_stats_prometheus:stop/1 (eturnal_module:stop/1:163)
2023-10-10 16:26:35.883687+00:00 [debug] Stopping mod_stats_prometheus (mod_stats_prometheus:stop/0:110)
2023-10-10 16:26:35.884270+00:00 [info] Stopped mod_stats_prometheus (eturnal:stop_modules/1:396)
2023-10-10 16:26:35.885456+00:00 [debug] Calling mod_log_stun:stop/1 (eturnal_module:stop/1:163)
2023-10-10 16:26:35.885622+00:00 [debug] Stopping mod_log_stun (mod_log_stun:stop/0:49)
2023-10-10 16:26:35.885761+00:00 [info] Stopped mod_log_stun (eturnal:stop_modules/1:396)
2023-10-10 16:26:35.886132+00:00 [debug] Calling mod_stats_influx:start/0 (eturnal_module:start/1:143)
2023-10-10 16:26:35.886316+00:00 [debug] Starting mod_stats_influx (mod_stats_influx:start/0:37)
2023-10-10 16:26:35.886426+00:00 [debug] Dependency influx_udp was available already (eturnal_module:ensure_dep/2:284)
2023-10-10 16:26:35.886839+00:00 [info]     options: #{port => 8089,host => "localhost",pool_size => 1,
               max_overflow => 1}
    msg: Start clients pool
    host: {127,0,0,1} (influx_udp:start_pool_/2:239)
2023-10-10 16:26:35.887879+00:00 [info] Started mod_stats_influx (eturnal:start_modules/0:383)
2023-10-10 16:26:35.888059+00:00 [debug] Calling mod_stats_prometheus:start/0 (eturnal_module:start/1:143)
2023-10-10 16:26:35.888194+00:00 [debug] Starting mod_stats_prometheus (mod_stats_prometheus:start/0:56)
2023-10-10 16:26:35.888355+00:00 [debug] Dependency prometheus_httpd was available already (eturnal_module:ensure_dep/2:284)
2023-10-10 16:26:35.889709+00:00 [debug] PROGRESS REPORT:
    supervisor: {local,httpd_instance_sup__127_0_0_1__9081default}
    started: [{pid,<0.1230.0>},
              {id,{httpd_connection_sup,{127,0,0,1},9081,default}},
              {mfargs,{httpd_connection_sup,start_link,[[{127,0,0,1},9081]]}},
              {restart_type,permanent},
              {significant,false},
              {shutdown,5000},
              {child_type,supervisor}]
 (supervisor:report_progress/2:1565)
2023-10-10 16:26:35.890330+00:00 [debug] PROGRESS REPORT:
    supervisor: {local,httpd_acceptor_sup__127_0_0_1__9081default}
    started: [{pid,<0.1232.0>},
              {id,{httpd_acceptor_sup,{127,0,0,1},9081,default}},
              {mfargs,{httpd_acceptor,start_link,
                                      [httpd__127_0_0_1__9081default,ip_comm,
                                       {127,0,0,1},
                                       9081,inet,
                                       httpd_conf__127_0_0_1__9081default,
                                       15000]}},
              {restart_type,transient},
              {significant,false},
              {shutdown,brutal_kill},
              {child_type,worker}]
 (supervisor:report_progress/2:1565)
2023-10-10 16:26:35.890507+00:00 [debug] PROGRESS REPORT:
    supervisor: {local,httpd_instance_sup__127_0_0_1__9081default}
    started: [{pid,<0.1231.0>},
              {id,{httpd_acceptor_sup,{127,0,0,1},9081,default}},
              {mfargs,
                  {httpd_acceptor_sup,start_link,
                      [[{127,0,0,1},
                        9081,
                        [{bind_address,{127,0,0,1}},
                         {socket_type,ip_comm},
                         {port,9081},
                         {server_root,"run/mod_stats_prometheus/doc"},
                         {document_root,"run/mod_stats_prometheus/doc"},
                         {server_name,"Prometheus Exporter"},
                         {modules,[prometheus_httpd]}],
                        15000,undefined]]}},
              {restart_type,permanent},
              {significant,false},
              {shutdown,infinity},
              {child_type,supervisor}]
 (supervisor:report_progress/2:1565)
2023-10-10 16:26:35.890671+00:00 [debug] PROGRESS REPORT:
    supervisor: {local,httpd_instance_sup__127_0_0_1__9081default}
    started: [{pid,<0.1233.0>},
              {id,{httpd_misc_sup,{127,0,0,1},9081,default}},
              {mfargs,{httpd_misc_sup,start_link,[{127,0,0,1},9081,default]}},
              {restart_type,permanent},
              {significant,false},
              {shutdown,infinity},
              {child_type,supervisor}]
 (supervisor:report_progress/2:1565)
2023-10-10 16:26:35.891838+00:00 [debug] PROGRESS REPORT:
    supervisor: {local,httpd_instance_sup__127_0_0_1__9081default}
    started: [{pid,<0.1234.0>},
              {id,{httpd_manager,{127,0,0,1},9081,default}},
              {mfargs,
                  {httpd_manager,start_link,
                      [undefined,
                       [{bind_address,{127,0,0,1}},
                        {socket_type,ip_comm},
                        {port,9081},
                        {server_root,"run/mod_stats_prometheus/doc"},
                        {document_root,"run/mod_stats_prometheus/doc"},
                        {server_name,"Prometheus Exporter"},
                        {modules,[prometheus_httpd]}],
                       15000]}},
              {restart_type,permanent},
              {significant,false},
              {shutdown,4000},
              {child_type,worker}]
 (supervisor:report_progress/2:1565)
2023-10-10 16:26:35.892021+00:00 [debug] PROGRESS REPORT:
    supervisor: {local,httpd_sup}
    started: [{pid,<0.1229.0>},
              {id,{httpd_instance_sup,{127,0,0,1},9081,default}},
              {mfargs,
                  {httpd_instance_sup,start_link,
                      [[{bind_address,{127,0,0,1}},
                        {socket_type,ip_comm},
                        {port,9081},
                        {server_root,"run/mod_stats_prometheus/doc"},
                        {document_root,"run/mod_stats_prometheus/doc"},
                        {server_name,"Prometheus Exporter"},
                        {modules,[prometheus_httpd]}],
                       15000,[]]}},
              {restart_type,permanent},
              {significant,false},
              {shutdown,infinity},
              {child_type,supervisor}]
 (supervisor:report_progress/2:1565)
2023-10-10 16:26:35.893330+00:00 [info] Started mod_stats_prometheus (eturnal:start_modules/0:383)
2023-10-10 16:26:35.893511+00:00 [debug] Calling mod_log_stun:start/0 (eturnal_module:start/1:143)
2023-10-10 16:26:35.893829+00:00 [debug] Starting mod_log_stun (mod_log_stun:start/0:38)
2023-10-10 16:26:35.894716+00:00 [info] Started mod_log_stun (eturnal:start_modules/0:383)
2023-10-10 16:26:35.894841+00:00 [debug] Restarted modules (eturnal:reload/1:637)
2023-10-10 16:26:35.894951+00:00 [debug] eturnal call (reload) returned ok (eturnal_ctl:call/1:431)
2023-10-10 16:26:35.920358+00:00 [info] Accepting connection: 127.0.0.1:47928 -> 127.0.0.1:34780 [TCP, session x2url238gimn] (stun_acceptor:accept/3:158)
2023-10-10 16:26:35.944936+00:00 [info] Accepting connection: 127.0.0.1:53108 -> 127.0.0.1:53490 [TLS, session k0xpgfsog2bw] (stun_acceptor:accept/3:158)
2023-10-10 16:26:35.969836+00:00 [debug] Received:
#stun{class = request,method = 3,magic = 554869826,
      trid = 6485119736916625799691304191,raw = <<>>,unsupported = [],
      'ALTERNATE-SERVER' = undefined,'CHANNEL-NUMBER' = undefined,
      'DATA' = undefined,'DONT-FRAGMENT' = false,'ERROR-CODE' = undefined,
      'LIFETIME' = undefined,'MAPPED-ADDRESS' = undefined,
      'MESSAGE-INTEGRITY' = undefined,'NONCE' = undefined,'REALM' = undefined,
      'REQUESTED-ADDRESS-FAMILY' = undefined,
      'REQUESTED-TRANSPORT' = undefined,'SOFTWARE' = undefined,
      'UNKNOWN-ATTRIBUTES' = [],'USERNAME' = undefined,
      'XOR-MAPPED-ADDRESS' = undefined,'XOR-PEER-ADDRESS' = [],
      'XOR-RELAYED-ADDRESS' = undefined} (stun:udp_recv/5:114)
2023-10-10 16:26:35.970052+00:00 [debug] Sending:
#stun{class = error,method = 3,magic = 554869826,
      trid = 6485119736916625799691304191,raw = <<>>,unsupported = [],
      'ALTERNATE-SERVER' = undefined,'CHANNEL-NUMBER' = undefined,
      'DATA' = undefined,'DONT-FRAGMENT' = false,
      'ERROR-CODE' = {401,<<"Unauthorized">>},
      'LIFETIME' = undefined,'MAPPED-ADDRESS' = undefined,
      'MESSAGE-INTEGRITY' = undefined,'NONCE' = <<"67573246">>,
      'REALM' = <<"eturnal.net">>,'REQUESTED-ADDRESS-FAMILY' = undefined,
      'REQUESTED-TRANSPORT' = undefined,'SOFTWARE' = <<"eturnal">>,
      'UNKNOWN-ATTRIBUTES' = [],'USERNAME' = undefined,
      'XOR-MAPPED-ADDRESS' = undefined,'XOR-PEER-ADDRESS' = [],
      'XOR-RELAYED-ADDRESS' = undefined} (stun:send/3:466)
2023-10-10 16:26:35.970373+00:00 [debug] Received:
#stun{class = request,method = 3,magic = 554869826,
      trid = 53455672042916235103062892191,
      raw = <<0,3,0,72,33,18,164,66,172,185,126,220,7,182,6,207,210,54,158,159,
              0,25,0,4,17,0,0,0,0,6,0,5,97,108,105,99,101,0,0,0,0,20,0,11,101,
              116,117,114,110,97,108,46,110,101,116,0,0,21,0,8,54,55,53,55,51,
              50,52,54>>,
      unsupported = [],'ALTERNATE-SERVER' = undefined,
      'CHANNEL-NUMBER' = undefined,'DATA' = undefined,'DONT-FRAGMENT' = false,
      'ERROR-CODE' = undefined,'LIFETIME' = undefined,
      'MAPPED-ADDRESS' = undefined,
      'MESSAGE-INTEGRITY' = <<200,107,247,147,198,192,23,216,140,4,36,239,240,
                              98,182,54,189,163,5,224>>,
      'NONCE' = <<"67573246">>,'REALM' = <<"eturnal.net">>,
      'REQUESTED-ADDRESS-FAMILY' = undefined,'REQUESTED-TRANSPORT' = udp,
      'SOFTWARE' = undefined,'UNKNOWN-ATTRIBUTES' = [],
      'USERNAME' = <<"alice">>,'XOR-MAPPED-ADDRESS' = undefined,
      'XOR-PEER-ADDRESS' = [],'XOR-RELAYED-ADDRESS' = undefined} (stun:udp_recv/5:114)
2023-10-10 16:26:35.970506+00:00 [debug] Looking up password for: alice [UDP, session 1jo9dn9vbwfz, user alice, client 127.0.0.1:49107] (eturnal:get_password/2:257)
2023-10-10 16:26:35.970559+00:00 [info] Accepting long-term STUN/TURN authentication [UDP, session 1jo9dn9vbwfz, user alice, client 127.0.0.1:49107] (stun:process/2:255)
2023-10-10 16:26:35.970680+00:00 [debug] Running 'turn_session_start' hook [UDP, session 1jo9dn9vbwfz, user alice, client 127.0.0.1:49107] (turn:run_hook/3:753)
2023-10-10 16:26:35.970751+00:00 [debug] Got 'turn_session_start' event [UDP, session 1jo9dn9vbwfz, user alice, client 127.0.0.1:49107] (eturnal_module:handle_event/2:177)
2023-10-10 16:26:35.970794+00:00 [debug] Calling mod_stats_prometheus:handle_event/2 [UDP, session 1jo9dn9vbwfz, user alice, client 127.0.0.1:49107] (eturnal_module:handle_event/2:180)
2023-10-10 16:26:35.970836+00:00 [debug] Observing started TURN session 1jo9dn9vbwfz for Prometheus [UDP, session 1jo9dn9vbwfz, user alice, client 127.0.0.1:49107] (mod_stats_prometheus:on_turn_session_start/1:174)
2023-10-10 16:26:35.971056+00:00 [notice] Creating TURN allocation (lifetime: 600 seconds) [UDP, session 1jo9dn9vbwfz, user alice, client 127.0.0.1:49107, relay 127.0.0.1:63271] (turn:wait_for_allocate/2:226)
2023-10-10 16:26:35.971167+00:00 [debug] Sending:
#stun{class = response,method = 3,magic = 554869826,
      trid = 53455672042916235103062892191,raw = <<>>,unsupported = [],
      'ALTERNATE-SERVER' = undefined,'CHANNEL-NUMBER' = undefined,
      'DATA' = undefined,'DONT-FRAGMENT' = false,'ERROR-CODE' = undefined,
      'LIFETIME' = 600,'MAPPED-ADDRESS' = undefined,
      'MESSAGE-INTEGRITY' = undefined,'NONCE' = undefined,'REALM' = undefined,
      'REQUESTED-ADDRESS-FAMILY' = undefined,
      'REQUESTED-TRANSPORT' = undefined,'SOFTWARE' = <<"eturnal">>,
      'UNKNOWN-ATTRIBUTES' = [],'USERNAME' = undefined,
      'XOR-MAPPED-ADDRESS' = {{127,0,0,1},49107},
      'XOR-PEER-ADDRESS' = [],
      'XOR-RELAYED-ADDRESS' = {{127,0,0,1},63271}} (turn:send/2:549)
2023-10-10 16:26:35.971426+00:00 [debug] Received:
#stun{class = request,method = 4,magic = 554869826,
      trid = 2438979844932688020620179458,
      raw = <<0,4,0,72,33,18,164,66,7,225,122,18,83,131,21,217,172,227,248,2,0,
              6,0,5,97,108,105,99,101,0,0,0,0,20,0,11,101,116,117,114,110,97,
              108,46,110,101,116,0,0,21,0,8,54,55,53,55,51,50,52,54,0,13,0,4,0,
              0,0,0>>,
      unsupported = [],'ALTERNATE-SERVER' = undefined,
      'CHANNEL-NUMBER' = undefined,'DATA' = undefined,'DONT-FRAGMENT' = false,
      'ERROR-CODE' = undefined,'LIFETIME' = 0,'MAPPED-ADDRESS' = undefined,
      'MESSAGE-INTEGRITY' = <<176,88,236,235,47,77,125,249,41,189,181,22,235,
                              107,168,61,209,158,35,67>>,
      'NONCE' = <<"67573246">>,'REALM' = <<"eturnal.net">>,
      'REQUESTED-ADDRESS-FAMILY' = undefined,
      'REQUESTED-TRANSPORT' = undefined,'SOFTWARE' = undefined,
      'UNKNOWN-ATTRIBUTES' = [],'USERNAME' = <<"alice">>,
      'XOR-MAPPED-ADDRESS' = undefined,'XOR-PEER-ADDRESS' = [],
      'XOR-RELAYED-ADDRESS' = undefined} (stun:udp_recv/5:114)
2023-10-10 16:26:35.971554+00:00 [debug] Looking up password for: alice [UDP, session tsern7utk3ks, user alice, client 127.0.0.1:49107] (eturnal:get_password/2:257)
2023-10-10 16:26:35.971643+00:00 [info] Accepting long-term STUN/TURN authentication [UDP, session tsern7utk3ks, user alice, client 127.0.0.1:49107] (stun:process/2:255)
2023-10-10 16:26:35.971700+00:00 [info] Client requested closing the TURN session [UDP, session 1jo9dn9vbwfz, user alice, client 127.0.0.1:49107, relay 127.0.0.1:63271] (turn:active/2:285)
2023-10-10 16:26:35.971871+00:00 [debug] Sending:
#stun{class = response,method = 4,magic = 554869826,
      trid = 2438979844932688020620179458,raw = <<>>,unsupported = [],
      'ALTERNATE-SERVER' = undefined,'CHANNEL-NUMBER' = undefined,
      'DATA' = undefined,'DONT-FRAGMENT' = false,'ERROR-CODE' = undefined,
      'LIFETIME' = 0,'MAPPED-ADDRESS' = undefined,
      'MESSAGE-INTEGRITY' = undefined,'NONCE' = undefined,'REALM' = undefined,
      'REQUESTED-ADDRESS-FAMILY' = undefined,
      'REQUESTED-TRANSPORT' = undefined,'SOFTWARE' = <<"eturnal">>,
      'UNKNOWN-ATTRIBUTES' = [],'USERNAME' = undefined,
      'XOR-MAPPED-ADDRESS' = undefined,'XOR-PEER-ADDRESS' = [],
      'XOR-RELAYED-ADDRESS' = undefined} (turn:send/2:549)
2023-10-10 16:26:35.972031+00:00 [info] Deleting TURN allocation [UDP, session 1jo9dn9vbwfz, user alice, client 127.0.0.1:49107, relay 127.0.0.1:63271] (turn:terminate/3:482)
2023-10-10 16:26:35.972073+00:00 [notice] Relayed 0 KiB (in 0 B / 0 packets, out 0 B / 0 packets), duration: 0 seconds [UDP, session 1jo9dn9vbwfz, user alice, client 127.0.0.1:49107, relay 127.0.0.1:63271] (turn:terminate/3:489)
2023-10-10 16:26:35.972133+00:00 [debug] Running 'turn_session_stop' hook [UDP, session 1jo9dn9vbwfz, user alice, client 127.0.0.1:49107, relay 127.0.0.1:63271] (turn:run_hook/3:753)
2023-10-10 16:26:35.972180+00:00 [debug] Got 'turn_session_stop' event [UDP, session 1jo9dn9vbwfz, user alice, client 127.0.0.1:49107, relay 127.0.0.1:63271] (eturnal_module:handle_event/2:177)
2023-10-10 16:26:35.972235+00:00 [debug] Calling mod_stats_influx:handle_event/2 [UDP, session 1jo9dn9vbwfz, user alice, client 127.0.0.1:49107, relay 127.0.0.1:63271] (eturnal_module:handle_event/2:180)
2023-10-10 16:26:35.972278+00:00 [debug] Writing stats of TURN session 1jo9dn9vbwfz to InfluxDB [UDP, session 1jo9dn9vbwfz, user alice, client 127.0.0.1:49107, relay 127.0.0.1:63271] (mod_stats_influx:on_turn_session_stop/1:87)
2023-10-10 16:26:35.972303+00:00 [debug] Received:
#stun{class = request,method = 3,magic = 554869826,
      trid = 17315945970643114979527029878,raw = <<>>,unsupported = [],
      'ALTERNATE-SERVER' = undefined,'CHANNEL-NUMBER' = undefined,
      'DATA' = undefined,'DONT-FRAGMENT' = false,'ERROR-CODE' = undefined,
      'LIFETIME' = undefined,'MAPPED-ADDRESS' = undefined,
      'MESSAGE-INTEGRITY' = undefined,'NONCE' = undefined,'REALM' = undefined,
      'REQUESTED-ADDRESS-FAMILY' = undefined,
      'REQUESTED-TRANSPORT' = undefined,'SOFTWARE' = undefined,
      'UNKNOWN-ATTRIBUTES' = [],'USERNAME' = undefined,
      'XOR-MAPPED-ADDRESS' = undefined,'XOR-PEER-ADDRESS' = [],
      'XOR-RELAYED-ADDRESS' = undefined} (stun:udp_recv/5:114)
2023-10-10 16:26:35.972462+00:00 [debug] Sending:
#stun{class = error,method = 3,magic = 554869826,
      trid = 17315945970643114979527029878,raw = <<>>,unsupported = [],
      'ALTERNATE-SERVER' = undefined,'CHANNEL-NUMBER' = undefined,
      'DATA' = undefined,'DONT-FRAGMENT' = false,
      'ERROR-CODE' = {401,<<"Unauthorized">>},
      'LIFETIME' = undefined,'MAPPED-ADDRESS' = undefined,
      'MESSAGE-INTEGRITY' = undefined,'NONCE' = <<"1192699404">>,
      'REALM' = <<"eturnal.net">>,'REQUESTED-ADDRESS-FAMILY' = undefined,
      'REQUESTED-TRANSPORT' = undefined,'SOFTWARE' = <<"eturnal">>,
      'UNKNOWN-ATTRIBUTES' = [],'USERNAME' = undefined,
      'XOR-MAPPED-ADDRESS' = undefined,'XOR-PEER-ADDRESS' = [],
      'XOR-RELAYED-ADDRESS' = undefined} (stun:send/3:466)
2023-10-10 16:26:35.972473+00:00 [debug] Calling mod_stats_prometheus:handle_event/2 [UDP, session 1jo9dn9vbwfz, user alice, client 127.0.0.1:49107, relay 127.0.0.1:63271] (eturnal_module:handle_event/2:180)
2023-10-10 16:26:35.972521+00:00 [debug] Observing stopped TURN session 1jo9dn9vbwfz for Prometheus [UDP, session 1jo9dn9vbwfz, user alice, client 127.0.0.1:49107, relay 127.0.0.1:63271] (mod_stats_prometheus:on_turn_session_stop/1:187)
2023-10-10 16:26:35.972726+00:00 [debug] Received:
#stun{class = request,method = 3,magic = 554869826,
      trid = 5891238961405764689267346055,
      raw = <<0,3,0,80,33,18,164,66,19,9,30,96,7,132,183,114,0,81,74,135,0,25,
              0,4,17,0,0,0,0,6,0,10,50,49,52,53,57,49,51,50,48,48,0,0,0,20,0,
              11,101,116,117,114,110,97,108,46,110,101,116,0,0,21,0,10,49,49,
              57,50,54,57,57,52,48,52,0,0>>,
      unsupported = [],'ALTERNATE-SERVER' = undefined,
      'CHANNEL-NUMBER' = undefined,'DATA' = undefined,'DONT-FRAGMENT' = false,
      'ERROR-CODE' = undefined,'LIFETIME' = undefined,
      'MAPPED-ADDRESS' = undefined,
      'MESSAGE-INTEGRITY' = <<250,244,105,35,254,218,254,146,119,167,1,4,231,
                              195,89,107,81,178,155,136>>,
      'NONCE' = <<"1192699404">>,'REALM' = <<"eturnal.net">>,
      'REQUESTED-ADDRESS-FAMILY' = undefined,'REQUESTED-TRANSPORT' = udp,
      'SOFTWARE' = undefined,'UNKNOWN-ATTRIBUTES' = [],
      'USERNAME' = <<"2145913200">>,'XOR-MAPPED-ADDRESS' = undefined,
      'XOR-PEER-ADDRESS' = [],'XOR-RELAYED-ADDRESS' = undefined} (stun:udp_recv/5:114)
2023-10-10 16:26:35.972890+00:00 [debug] Deriving password for: 2145913200 [UDP, session yswt64tpns4o, user 2145913200, client 127.0.0.1:48355] (eturnal:get_password/2:243)
2023-10-10 16:26:35.972960+00:00 [info] Accepting long-term STUN/TURN authentication [UDP, session yswt64tpns4o, user 2145913200, client 127.0.0.1:48355] (stun:process/2:255)
2023-10-10 16:26:35.973056+00:00 [debug] Running 'turn_session_start' hook [UDP, session yswt64tpns4o, user 2145913200, client 127.0.0.1:48355] (turn:run_hook/3:753)
2023-10-10 16:26:35.973114+00:00 [debug] Got 'turn_session_start' event [UDP, session yswt64tpns4o, user 2145913200, client 127.0.0.1:48355] (eturnal_module:handle_event/2:177)
2023-10-10 16:26:35.973162+00:00 [debug] Calling mod_stats_prometheus:handle_event/2 [UDP, session yswt64tpns4o, user 2145913200, client 127.0.0.1:48355] (eturnal_module:handle_event/2:180)
2023-10-10 16:26:35.973240+00:00 [debug] Observing started TURN session yswt64tpns4o for Prometheus [UDP, session yswt64tpns4o, user 2145913200, client 127.0.0.1:48355] (mod_stats_prometheus:on_turn_session_start/1:174)
2023-10-10 16:26:35.973499+00:00 [notice] Creating TURN allocation (lifetime: 600 seconds) [UDP, session yswt64tpns4o, user 2145913200, client 127.0.0.1:48355, relay 127.0.0.1:61749] (turn:wait_for_allocate/2:226)
2023-10-10 16:26:35.973624+00:00 [debug] Sending:
#stun{class = response,method = 3,magic = 554869826,
      trid = 5891238961405764689267346055,raw = <<>>,unsupported = [],
      'ALTERNATE-SERVER' = undefined,'CHANNEL-NUMBER' = undefined,
      'DATA' = undefined,'DONT-FRAGMENT' = false,'ERROR-CODE' = undefined,
      'LIFETIME' = 600,'MAPPED-ADDRESS' = undefined,
      'MESSAGE-INTEGRITY' = undefined,'NONCE' = undefined,'REALM' = undefined,
      'REQUESTED-ADDRESS-FAMILY' = undefined,
      'REQUESTED-TRANSPORT' = undefined,'SOFTWARE' = <<"eturnal">>,
      'UNKNOWN-ATTRIBUTES' = [],'USERNAME' = undefined,
      'XOR-MAPPED-ADDRESS' = {{127,0,0,1},48355},
      'XOR-PEER-ADDRESS' = [],
      'XOR-RELAYED-ADDRESS' = {{127,0,0,1},61749}} (turn:send/2:549)
2023-10-10 16:26:35.973980+00:00 [debug] Received:
#stun{class = request,method = 4,magic = 554869826,
      trid = 16239436497486816591711816574,
      raw = <<0,4,0,80,33,18,164,66,52,120,242,112,134,153,130,139,84,99,203,
              126,0,6,0,10,50,49,52,53,57,49,51,50,48,48,0,0,0,20,0,11,101,116,
              117,114,110,97,108,46,110,101,116,0,0,21,0,10,49,49,57,50,54,57,
              57,52,48,52,0,0,0,13,0,4,0,0,0,0>>,
      unsupported = [],'ALTERNATE-SERVER' = undefined,
      'CHANNEL-NUMBER' = undefined,'DATA' = undefined,'DONT-FRAGMENT' = false,
      'ERROR-CODE' = undefined,'LIFETIME' = 0,'MAPPED-ADDRESS' = undefined,
      'MESSAGE-INTEGRITY' = <<134,229,62,65,113,55,218,50,53,209,120,89,155,
                              161,15,97,228,6,23,247>>,
      'NONCE' = <<"1192699404">>,'REALM' = <<"eturnal.net">>,
      'REQUESTED-ADDRESS-FAMILY' = undefined,
      'REQUESTED-TRANSPORT' = undefined,'SOFTWARE' = undefined,
      'UNKNOWN-ATTRIBUTES' = [],'USERNAME' = <<"2145913200">>,
      'XOR-MAPPED-ADDRESS' = undefined,'XOR-PEER-ADDRESS' = [],
      'XOR-RELAYED-ADDRESS' = undefined} (stun:udp_recv/5:114)
2023-10-10 16:26:35.974116+00:00 [debug] Deriving password for: 2145913200 [UDP, session bbb6ysdwhfp3, user 2145913200, client 127.0.0.1:48355] (eturnal:get_password/2:243)
2023-10-10 16:26:35.974179+00:00 [info] Accepting long-term STUN/TURN authentication [UDP, session bbb6ysdwhfp3, user 2145913200, client 127.0.0.1:48355] (stun:process/2:255)
2023-10-10 16:26:35.974227+00:00 [info] Client requested closing the TURN session [UDP, session yswt64tpns4o, user 2145913200, client 127.0.0.1:48355, relay 127.0.0.1:61749] (turn:active/2:285)
2023-10-10 16:26:35.974357+00:00 [debug] Sending:
#stun{class = response,method = 4,magic = 554869826,
      trid = 16239436497486816591711816574,raw = <<>>,unsupported = [],
      'ALTERNATE-SERVER' = undefined,'CHANNEL-NUMBER' = undefined,
      'DATA' = undefined,'DONT-FRAGMENT' = false,'ERROR-CODE' = undefined,
      'LIFETIME' = 0,'MAPPED-ADDRESS' = undefined,
      'MESSAGE-INTEGRITY' = undefined,'NONCE' = undefined,'REALM' = undefined,
      'REQUESTED-ADDRESS-FAMILY' = undefined,
      'REQUESTED-TRANSPORT' = undefined,'SOFTWARE' = <<"eturnal">>,
      'UNKNOWN-ATTRIBUTES' = [],'USERNAME' = undefined,
      'XOR-MAPPED-ADDRESS' = undefined,'XOR-PEER-ADDRESS' = [],
      'XOR-RELAYED-ADDRESS' = undefined} (turn:send/2:549)
2023-10-10 16:26:35.974482+00:00 [info] Deleting TURN allocation [UDP, session yswt64tpns4o, user 2145913200, client 127.0.0.1:48355, relay 127.0.0.1:61749] (turn:terminate/3:482)
2023-10-10 16:26:35.974527+00:00 [notice] Relayed 0 KiB (in 0 B / 0 packets, out 0 B / 0 packets), duration: 0 seconds [UDP, session yswt64tpns4o, user 2145913200, client 127.0.0.1:48355, relay 127.0.0.1:61749] (turn:terminate/3:489)
2023-10-10 16:26:35.974581+00:00 [debug] Running 'turn_session_stop' hook [UDP, session yswt64tpns4o, user 2145913200, client 127.0.0.1:48355, relay 127.0.0.1:61749] (turn:run_hook/3:753)
2023-10-10 16:26:35.974622+00:00 [debug] Got 'turn_session_stop' event [UDP, session yswt64tpns4o, user 2145913200, client 127.0.0.1:48355, relay 127.0.0.1:61749] (eturnal_module:handle_event/2:177)
2023-10-10 16:26:35.974668+00:00 [debug] Calling mod_stats_influx:handle_event/2 [UDP, session yswt64tpns4o, user 2145913200, client 127.0.0.1:48355, relay 127.0.0.1:61749] (eturnal_module:handle_event/2:180)
2023-10-10 16:26:35.974717+00:00 [debug] Writing stats of TURN session yswt64tpns4o to InfluxDB [UDP, session yswt64tpns4o, user 2145913200, client 127.0.0.1:48355, relay 127.0.0.1:61749] (mod_stats_influx:on_turn_session_stop/1:87)
2023-10-10 16:26:35.974936+00:00 [debug] Calling mod_stats_prometheus:handle_event/2 [UDP, session yswt64tpns4o, user 2145913200, client 127.0.0.1:48355, relay 127.0.0.1:61749] (eturnal_module:handle_event/2:180)
2023-10-10 16:26:35.975012+00:00 [debug] Observing stopped TURN session yswt64tpns4o for Prometheus [UDP, session yswt64tpns4o, user 2145913200, client 127.0.0.1:48355, relay 127.0.0.1:61749] (mod_stats_prometheus:on_turn_session_stop/1:187)
2023-10-10 16:26:35.999964+00:00 [debug] Received:
#stun{class = request,method = 1,magic = 554869826,
      trid = 74444139018481882494375253202,raw = <<>>,unsupported = [],
      'ALTERNATE-SERVER' = undefined,'CHANNEL-NUMBER' = undefined,
      'DATA' = undefined,'DONT-FRAGMENT' = false,'ERROR-CODE' = undefined,
      'LIFETIME' = undefined,'MAPPED-ADDRESS' = undefined,
      'MESSAGE-INTEGRITY' = undefined,'NONCE' = undefined,'REALM' = undefined,
      'REQUESTED-ADDRESS-FAMILY' = undefined,
      'REQUESTED-TRANSPORT' = undefined,'SOFTWARE' = undefined,
      'UNKNOWN-ATTRIBUTES' = [],'USERNAME' = undefined,
      'XOR-MAPPED-ADDRESS' = undefined,'XOR-PEER-ADDRESS' = [],
      'XOR-RELAYED-ADDRESS' = undefined} (stun:udp_recv/5:114)
2023-10-10 16:26:36.000101+00:00 [debug] Responding to STUN request [UDP, session t4x95nrkhhgp, anonymous, client 127.0.0.1:38617] (stun:process/4:323)
2023-10-10 16:26:36.000187+00:00 [debug] Running 'stun_query' hook [UDP, session t4x95nrkhhgp, anonymous, client 127.0.0.1:38617] (stun:run_hook/3:889)
2023-10-10 16:26:36.000252+00:00 [debug] Got 'stun_query' event [UDP, session t4x95nrkhhgp, anonymous, client 127.0.0.1:38617] (eturnal_module:handle_event/2:177)
2023-10-10 16:26:36.000375+00:00 [debug] Calling mod_log_stun:handle_event/2 [UDP, session t4x95nrkhhgp, anonymous, client 127.0.0.1:38617] (eturnal_module:handle_event/2:180)
2023-10-10 16:26:36.000432+00:00 [info] Responding to STUN request [UDP, session t4x95nrkhhgp, anonymous, client 127.0.0.1:38617] (mod_log_stun:handle_event/2:44)
2023-10-10 16:26:36.000483+00:00 [debug] Calling mod_stats_influx:handle_event/2 [UDP, session t4x95nrkhhgp, anonymous, client 127.0.0.1:38617] (eturnal_module:handle_event/2:180)
2023-10-10 16:26:36.000525+00:00 [debug] Writing STUN query event to InfluxDB [UDP, session t4x95nrkhhgp, anonymous, client 127.0.0.1:38617] (mod_stats_influx:on_stun_query/1:76)
2023-10-10 16:26:36.000734+00:00 [debug] Calling mod_stats_prometheus:handle_event/2 [UDP, session t4x95nrkhhgp, anonymous, client 127.0.0.1:38617] (eturnal_module:handle_event/2:180)
2023-10-10 16:26:36.000789+00:00 [debug] Observing STUN query for Prometheus [UDP, session t4x95nrkhhgp, anonymous, client 127.0.0.1:38617] (mod_stats_prometheus:on_stun_query/1:166)
2023-10-10 16:26:36.000935+00:00 [debug] Sending:
#stun{class = response,method = 1,magic = 554869826,
      trid = 74444139018481882494375253202,raw = <<>>,unsupported = [],
      'ALTERNATE-SERVER' = undefined,'CHANNEL-NUMBER' = undefined,
      'DATA' = undefined,'DONT-FRAGMENT' = false,'ERROR-CODE' = undefined,
      'LIFETIME' = undefined,'MAPPED-ADDRESS' = undefined,
      'MESSAGE-INTEGRITY' = undefined,'NONCE' = undefined,'REALM' = undefined,
      'REQUESTED-ADDRESS-FAMILY' = undefined,
      'REQUESTED-TRANSPORT' = undefined,'SOFTWARE' = <<"eturnal">>,
      'UNKNOWN-ATTRIBUTES' = [],'USERNAME' = undefined,
      'XOR-MAPPED-ADDRESS' = {{127,0,0,1},38617},
      'XOR-PEER-ADDRESS' = [],'XOR-RELAYED-ADDRESS' = undefined} (stun:send/3:466)
2023-10-10 16:26:36.026182+00:00 [info] Accepting connection: 127.0.0.1:47932 -> 127.0.0.1:34780 [TCP, session gfts6iubc4hy] (stun_acceptor:accept/3:158)
2023-10-10 16:26:36.026508+00:00 [debug] Received:
#stun{class = request,method = 1,magic = 554869826,
      trid = 5055303504836272660531496304,raw = <<>>,unsupported = [],
      'ALTERNATE-SERVER' = undefined,'CHANNEL-NUMBER' = undefined,
      'DATA' = undefined,'DONT-FRAGMENT' = false,'ERROR-CODE' = undefined,
      'LIFETIME' = undefined,'MAPPED-ADDRESS' = undefined,
      'MESSAGE-INTEGRITY' = undefined,'NONCE' = undefined,'REALM' = undefined,
      'REQUESTED-ADDRESS-FAMILY' = undefined,
      'REQUESTED-TRANSPORT' = undefined,'SOFTWARE' = undefined,
      'UNKNOWN-ATTRIBUTES' = [],'USERNAME' = undefined,
      'XOR-MAPPED-ADDRESS' = undefined,'XOR-PEER-ADDRESS' = [],
      'XOR-RELAYED-ADDRESS' = undefined} (stun:process_data/3:423)
2023-10-10 16:26:36.026660+00:00 [debug] Responding to STUN request [TCP, session gfts6iubc4hy, anonymous, client 127.0.0.1:47932] (stun:process/4:323)
2023-10-10 16:26:36.026730+00:00 [debug] Running 'stun_query' hook [TCP, session gfts6iubc4hy, anonymous, client 127.0.0.1:47932] (stun:run_hook/3:889)
2023-10-10 16:26:36.026792+00:00 [debug] Got 'stun_query' event [TCP, session gfts6iubc4hy, anonymous, client 127.0.0.1:47932] (eturnal_module:handle_event/2:177)
2023-10-10 16:26:36.026878+00:00 [debug] Calling mod_log_stun:handle_event/2 [TCP, session gfts6iubc4hy, anonymous, client 127.0.0.1:47932] (eturnal_module:handle_event/2:180)
2023-10-10 16:26:36.026938+00:00 [info] Responding to STUN request [TCP, session gfts6iubc4hy, anonymous, client 127.0.0.1:47932] (mod_log_stun:handle_event/2:44)
2023-10-10 16:26:36.026982+00:00 [debug] Calling mod_stats_influx:handle_event/2 [TCP, session gfts6iubc4hy, anonymous, client 127.0.0.1:47932] (eturnal_module:handle_event/2:180)
2023-10-10 16:26:36.027024+00:00 [debug] Writing STUN query event to InfluxDB [TCP, session gfts6iubc4hy, anonymous, client 127.0.0.1:47932] (mod_stats_influx:on_stun_query/1:76)
2023-10-10 16:26:36.027296+00:00 [debug] Calling mod_stats_prometheus:handle_event/2 [TCP, session gfts6iubc4hy, anonymous, client 127.0.0.1:47932] (eturnal_module:handle_event/2:180)
2023-10-10 16:26:36.027378+00:00 [debug] Observing STUN query for Prometheus [TCP, session gfts6iubc4hy, anonymous, client 127.0.0.1:47932] (mod_stats_prometheus:on_stun_query/1:166)
2023-10-10 16:26:36.027506+00:00 [debug] Sending:
#stun{class = response,method = 1,magic = 554869826,
      trid = 5055303504836272660531496304,raw = <<>>,unsupported = [],
      'ALTERNATE-SERVER' = undefined,'CHANNEL-NUMBER' = undefined,
      'DATA' = undefined,'DONT-FRAGMENT' = false,'ERROR-CODE' = undefined,
      'LIFETIME' = undefined,'MAPPED-ADDRESS' = undefined,
      'MESSAGE-INTEGRITY' = undefined,'NONCE' = undefined,'REALM' = undefined,
      'REQUESTED-ADDRESS-FAMILY' = undefined,
      'REQUESTED-TRANSPORT' = undefined,'SOFTWARE' = <<"P1 STUN library">>,
      'UNKNOWN-ATTRIBUTES' = [],'USERNAME' = undefined,
      'XOR-MAPPED-ADDRESS' = {{127,0,0,1},47932},
      'XOR-PEER-ADDRESS' = [],'XOR-RELAYED-ADDRESS' = undefined} (stun:send/3:466)
2023-10-10 16:26:36.027834+00:00 [info] Connection reset by peer [TCP, session gfts6iubc4hy, anonymous, client 127.0.0.1:47932] (stun:handle_info/3:174)
2023-10-10 16:26:36.052476+00:00 [info] Accepting connection: 127.0.0.1:53118 -> 127.0.0.1:53490 [TLS, session tn497lfdxbd8] (stun_acceptor:accept/3:158)
2023-10-10 16:26:37.061167+00:00 [debug] Received:
#stun{class = request,method = 1,magic = 554869826,
      trid = 50207043412736439985437993551,raw = <<>>,unsupported = [],
      'ALTERNATE-SERVER' = undefined,'CHANNEL-NUMBER' = undefined,
      'DATA' = undefined,'DONT-FRAGMENT' = false,'ERROR-CODE' = undefined,
      'LIFETIME' = undefined,'MAPPED-ADDRESS' = undefined,
      'MESSAGE-INTEGRITY' = undefined,'NONCE' = undefined,'REALM' = undefined,
      'REQUESTED-ADDRESS-FAMILY' = undefined,
      'REQUESTED-TRANSPORT' = undefined,'SOFTWARE' = undefined,
      'UNKNOWN-ATTRIBUTES' = [],'USERNAME' = undefined,
      'XOR-MAPPED-ADDRESS' = undefined,'XOR-PEER-ADDRESS' = [],
      'XOR-RELAYED-ADDRESS' = undefined} (stun:process_data/3:423)
2023-10-10 16:26:37.061350+00:00 [debug] Responding to STUN request [TLS, session tn497lfdxbd8, anonymous, client 127.0.0.1:53118] (stun:process/4:323)
2023-10-10 16:26:37.061469+00:00 [debug] Running 'stun_query' hook [TLS, session tn497lfdxbd8, anonymous, client 127.0.0.1:53118] (stun:run_hook/3:889)
2023-10-10 16:26:37.061587+00:00 [debug] Got 'stun_query' event [TLS, session tn497lfdxbd8, anonymous, client 127.0.0.1:53118] (eturnal_module:handle_event/2:177)
2023-10-10 16:26:37.061643+00:00 [debug] Calling mod_log_stun:handle_event/2 [TLS, session tn497lfdxbd8, anonymous, client 127.0.0.1:53118] (eturnal_module:handle_event/2:180)
2023-10-10 16:26:37.061706+00:00 [info] Responding to STUN request [TLS, session tn497lfdxbd8, anonymous, client 127.0.0.1:53118] (mod_log_stun:handle_event/2:44)
2023-10-10 16:26:37.061794+00:00 [debug] Calling mod_stats_influx:handle_event/2 [TLS, session tn497lfdxbd8, anonymous, client 127.0.0.1:53118] (eturnal_module:handle_event/2:180)
2023-10-10 16:26:37.061859+00:00 [debug] Writing STUN query event to InfluxDB [TLS, session tn497lfdxbd8, anonymous, client 127.0.0.1:53118] (mod_stats_influx:on_stun_query/1:76)
2023-10-10 16:26:37.062138+00:00 [debug] Calling mod_stats_prometheus:handle_event/2 [TLS, session tn497lfdxbd8, anonymous, client 127.0.0.1:53118] (eturnal_module:handle_event/2:180)
2023-10-10 16:26:37.062219+00:00 [debug] Observing STUN query for Prometheus [TLS, session tn497lfdxbd8, anonymous, client 127.0.0.1:53118] (mod_stats_prometheus:on_stun_query/1:166)
2023-10-10 16:26:37.062354+00:00 [debug] Sending:
#stun{class = response,method = 1,magic = 554869826,
      trid = 50207043412736439985437993551,raw = <<>>,unsupported = [],
      'ALTERNATE-SERVER' = undefined,'CHANNEL-NUMBER' = undefined,
      'DATA' = undefined,'DONT-FRAGMENT' = false,'ERROR-CODE' = undefined,
      'LIFETIME' = undefined,'MAPPED-ADDRESS' = undefined,
      'MESSAGE-INTEGRITY' = undefined,'NONCE' = undefined,'REALM' = undefined,
      'REQUESTED-ADDRESS-FAMILY' = undefined,
      'REQUESTED-TRANSPORT' = undefined,'SOFTWARE' = <<"P1 STUN library">>,
      'UNKNOWN-ATTRIBUTES' = [],'USERNAME' = undefined,
      'XOR-MAPPED-ADDRESS' = {{127,0,0,1},53118},
      'XOR-PEER-ADDRESS' = [],'XOR-RELAYED-ADDRESS' = undefined} (stun:send/3:466)
2023-10-10 16:26:37.062737+00:00 [info] Connection reset by peer [TLS, session tn497lfdxbd8, anonymous, client 127.0.0.1:53118] (stun:handle_info/3:174)
2023-10-10 16:26:37.088351+00:00 [info] Accepting connection: 127.0.0.1:39572 -> 127.0.0.1:34781 [TCP|TLS, session s983hx67mb9u] (stun_acceptor:accept/3:158)
2023-10-10 16:26:37.088539+00:00 [debug] Determined transport protocol: TCP (stun:is_tls_handshake/1:835)
2023-10-10 16:26:37.088926+00:00 [debug] Received:
#stun{class = request,method = 1,magic = 554869826,
      trid = 78349670531146148331483212047,raw = <<>>,unsupported = [],
      'ALTERNATE-SERVER' = undefined,'CHANNEL-NUMBER' = undefined,
      'DATA' = undefined,'DONT-FRAGMENT' = false,'ERROR-CODE' = undefined,
      'LIFETIME' = undefined,'MAPPED-ADDRESS' = undefined,
      'MESSAGE-INTEGRITY' = undefined,'NONCE' = undefined,'REALM' = undefined,
      'REQUESTED-ADDRESS-FAMILY' = undefined,
      'REQUESTED-TRANSPORT' = undefined,'SOFTWARE' = undefined,
      'UNKNOWN-ATTRIBUTES' = [],'USERNAME' = undefined,
      'XOR-MAPPED-ADDRESS' = undefined,'XOR-PEER-ADDRESS' = [],
      'XOR-RELAYED-ADDRESS' = undefined} (stun:process_data/3:423)
2023-10-10 16:26:37.089066+00:00 [debug] Responding to STUN request [TCP, session s983hx67mb9u, anonymous, client 127.0.0.1:39572] (stun:process/4:323)
2023-10-10 16:26:37.089197+00:00 [debug] Running 'stun_query' hook [TCP, session s983hx67mb9u, anonymous, client 127.0.0.1:39572] (stun:run_hook/3:889)
2023-10-10 16:26:37.089291+00:00 [debug] Got 'stun_query' event [TCP, session s983hx67mb9u, anonymous, client 127.0.0.1:39572] (eturnal_module:handle_event/2:177)
2023-10-10 16:26:37.089361+00:00 [debug] Calling mod_log_stun:handle_event/2 [TCP, session s983hx67mb9u, anonymous, client 127.0.0.1:39572] (eturnal_module:handle_event/2:180)
2023-10-10 16:26:37.089411+00:00 [info] Responding to STUN request [TCP, session s983hx67mb9u, anonymous, client 127.0.0.1:39572] (mod_log_stun:handle_event/2:44)
2023-10-10 16:26:37.089472+00:00 [debug] Calling mod_stats_influx:handle_event/2 [TCP, session s983hx67mb9u, anonymous, client 127.0.0.1:39572] (eturnal_module:handle_event/2:180)
2023-10-10 16:26:37.089533+00:00 [debug] Writing STUN query event to InfluxDB [TCP, session s983hx67mb9u, anonymous, client 127.0.0.1:39572] (mod_stats_influx:on_stun_query/1:76)
2023-10-10 16:26:37.089756+00:00 [debug] Calling mod_stats_prometheus:handle_event/2 [TCP, session s983hx67mb9u, anonymous, client 127.0.0.1:39572] (eturnal_module:handle_event/2:180)
2023-10-10 16:26:37.089818+00:00 [debug] Observing STUN query for Prometheus [TCP, session s983hx67mb9u, anonymous, client 127.0.0.1:39572] (mod_stats_prometheus:on_stun_query/1:166)
2023-10-10 16:26:37.089947+00:00 [debug] Sending:
#stun{class = response,method = 1,magic = 554869826,
      trid = 78349670531146148331483212047,raw = <<>>,unsupported = [],
      'ALTERNATE-SERVER' = undefined,'CHANNEL-NUMBER' = undefined,
      'DATA' = undefined,'DONT-FRAGMENT' = false,'ERROR-CODE' = undefined,
      'LIFETIME' = undefined,'MAPPED-ADDRESS' = undefined,
      'MESSAGE-INTEGRITY' = undefined,'NONCE' = undefined,'REALM' = undefined,
      'REQUESTED-ADDRESS-FAMILY' = undefined,
      'REQUESTED-TRANSPORT' = undefined,'SOFTWARE' = <<"P1 STUN library">>,
      'UNKNOWN-ATTRIBUTES' = [],'USERNAME' = undefined,
      'XOR-MAPPED-ADDRESS' = {{127,0,0,1},39572},
      'XOR-PEER-ADDRESS' = [],'XOR-RELAYED-ADDRESS' = undefined} (stun:send/3:466)
2023-10-10 16:26:37.090283+00:00 [info] Connection reset by peer [TCP, session s983hx67mb9u, anonymous, client 127.0.0.1:39572] (stun:handle_info/3:174)
2023-10-10 16:26:37.115530+00:00 [info] Accepting connection: 127.0.0.1:39580 -> 127.0.0.1:34781 [TCP|TLS, session yasds2rg0yeb] (stun_acceptor:accept/3:158)
2023-10-10 16:26:37.115749+00:00 [debug] Determined transport protocol: TLS (stun:is_tls_handshake/1:832)
2023-10-10 16:26:38.123453+00:00 [debug] Received:
#stun{class = request,method = 1,magic = 554869826,
      trid = 36145642185393251449485974177,raw = <<>>,unsupported = [],
      'ALTERNATE-SERVER' = undefined,'CHANNEL-NUMBER' = undefined,
      'DATA' = undefined,'DONT-FRAGMENT' = false,'ERROR-CODE' = undefined,
      'LIFETIME' = undefined,'MAPPED-ADDRESS' = undefined,
      'MESSAGE-INTEGRITY' = undefined,'NONCE' = undefined,'REALM' = undefined,
      'REQUESTED-ADDRESS-FAMILY' = undefined,
      'REQUESTED-TRANSPORT' = undefined,'SOFTWARE' = undefined,
      'UNKNOWN-ATTRIBUTES' = [],'USERNAME' = undefined,
      'XOR-MAPPED-ADDRESS' = undefined,'XOR-PEER-ADDRESS' = [],
      'XOR-RELAYED-ADDRESS' = undefined} (stun:process_data/3:423)
2023-10-10 16:26:38.123638+00:00 [debug] Responding to STUN request [TLS, session yasds2rg0yeb, anonymous, client 127.0.0.1:39580] (stun:process/4:323)
2023-10-10 16:26:38.123751+00:00 [debug] Running 'stun_query' hook [TLS, session yasds2rg0yeb, anonymous, client 127.0.0.1:39580] (stun:run_hook/3:889)
2023-10-10 16:26:38.123875+00:00 [debug] Got 'stun_query' event [TLS, session yasds2rg0yeb, anonymous, client 127.0.0.1:39580] (eturnal_module:handle_event/2:177)
2023-10-10 16:26:38.123960+00:00 [debug] Calling mod_log_stun:handle_event/2 [TLS, session yasds2rg0yeb, anonymous, client 127.0.0.1:39580] (eturnal_module:handle_event/2:180)
2023-10-10 16:26:38.124028+00:00 [info] Responding to STUN request [TLS, session yasds2rg0yeb, anonymous, client 127.0.0.1:39580] (mod_log_stun:handle_event/2:44)
2023-10-10 16:26:38.124064+00:00 [debug] Calling mod_stats_influx:handle_event/2 [TLS, session yasds2rg0yeb, anonymous, client 127.0.0.1:39580] (eturnal_module:handle_event/2:180)
2023-10-10 16:26:38.124112+00:00 [debug] Writing STUN query event to InfluxDB [TLS, session yasds2rg0yeb, anonymous, client 127.0.0.1:39580] (mod_stats_influx:on_stun_query/1:76)
2023-10-10 16:26:38.124311+00:00 [debug] Calling mod_stats_prometheus:handle_event/2 [TLS, session yasds2rg0yeb, anonymous, client 127.0.0.1:39580] (eturnal_module:handle_event/2:180)
2023-10-10 16:26:38.124371+00:00 [debug] Observing STUN query for Prometheus [TLS, session yasds2rg0yeb, anonymous, client 127.0.0.1:39580] (mod_stats_prometheus:on_stun_query/1:166)
2023-10-10 16:26:38.124598+00:00 [debug] Sending:
#stun{class = response,method = 1,magic = 554869826,
      trid = 36145642185393251449485974177,raw = <<>>,unsupported = [],
      'ALTERNATE-SERVER' = undefined,'CHANNEL-NUMBER' = undefined,
      'DATA' = undefined,'DONT-FRAGMENT' = false,'ERROR-CODE' = undefined,
      'LIFETIME' = undefined,'MAPPED-ADDRESS' = undefined,
      'MESSAGE-INTEGRITY' = undefined,'NONCE' = undefined,'REALM' = undefined,
      'REQUESTED-ADDRESS-FAMILY' = undefined,
      'REQUESTED-TRANSPORT' = undefined,'SOFTWARE' = <<"P1 STUN library">>,
      'UNKNOWN-ATTRIBUTES' = [],'USERNAME' = undefined,
      'XOR-MAPPED-ADDRESS' = {{127,0,0,1},39580},
      'XOR-PEER-ADDRESS' = [],'XOR-RELAYED-ADDRESS' = undefined} (stun:send/3:466)
2023-10-10 16:26:38.124924+00:00 [info] Connection reset by peer [TLS, session yasds2rg0yeb, anonymous, client 127.0.0.1:39580] (stun:handle_info/3:174)
2023-10-10 16:26:38.154647+00:00 [debug] Terminating eturnal (shutdown) (eturnal:terminate/2:184)
2023-10-10 16:26:38.154616+00:00 [debug] No NOTIFY_SOCKET, dropping STOPPING=1 notification (eturnal_systemd:handle_cast/2:99)
2023-10-10 16:26:38.154841+00:00 [info] Stopped listening on 127.0.0.1:34780 (udp) (eturnal:stop_listeners/1:441)
2023-10-10 16:26:38.155197+00:00 [info] Stopped listening on 127.0.0.1:34780 (tcp) (eturnal:stop_listeners/1:441)
2023-10-10 16:26:38.155323+00:00 [info] Stopped listening on 127.0.0.1:53490 (tls) (eturnal:stop_listeners/1:441)
2023-10-10 16:26:38.155626+00:00 [info] Stopped listening on 127.0.0.1:34781 (auto) (eturnal:stop_listeners/1:441)
2023-10-10 16:26:38.155806+00:00 [debug] Calling mod_stats_influx:stop/1 (eturnal_module:stop/1:163)
2023-10-10 16:26:38.156437+00:00 [debug] Stopping mod_stats_influx (mod_stats_influx:stop/0:61)
2023-10-10 16:26:38.157229+00:00 [info] Stopped mod_stats_influx (eturnal:stop_modules/1:396)
2023-10-10 16:26:38.157532+00:00 [debug] Calling mod_stats_prometheus:stop/1 (eturnal_module:stop/1:163)
2023-10-10 16:26:38.157640+00:00 [debug] Stopping mod_stats_prometheus (mod_stats_prometheus:stop/0:110)
2023-10-10 16:26:38.158927+00:00 [info] Stopped mod_stats_prometheus (eturnal:stop_modules/1:396)
2023-10-10 16:26:38.161150+00:00 [debug] Calling mod_log_stun:stop/1 (eturnal_module:stop/1:163)
2023-10-10 16:26:38.161345+00:00 [debug] Stopping mod_log_stun (mod_log_stun:stop/0:49)
2023-10-10 16:26:38.161453+00:00 [info] Stopped mod_log_stun (eturnal:stop_modules/1:396)
2023-10-10 16:26:38.163237+00:00 [debug] Removed run/cert.pem (eturnal:clean_run_dir/0:870)
2023-10-10 16:26:38.163538+00:00 [debug] Terminating eturnal_systemd (shutdown) (eturnal_systemd:terminate/2:125)
2023-10-10 16:26:38.163761+00:00 [notice] Stopping eturnal 1.12.0 on Erlang/OTP 26 (ERTS 14.1) (eturnal_app:stop/1:53)
