2022-05-04 12:39:25.081865+00:00 [notice] Starting eturnal 1.8.2 on Erlang/OTP 24 (ERTS 12.3) (eturnal_app:start/2:35)
2022-05-04 12:39:25.082099+00:00 [debug] Starting supervisor: eturnal_sup (eturnal_sup:start_link/0:32)
2022-05-04 12:39:25.082260+00:00 [debug] Configuring eturnal_sup supervisor: [#{id => systemd,
                                       start =>
                                           {eturnal_systemd,start_link,[]}},
                                     #{id => eturnal,
                                       start => {eturnal,start_link,[]}}] (eturnal_sup:init/0:40)
2022-05-04 12:39:25.083810+00:00 [info] Got no NOTIFY_SOCKET, notifications disabled (eturnal_systemd:init/1:95)
2022-05-04 12:39:25.084044+00:00 [debug] PROGRESS REPORT:
    supervisor: {local,eturnal_sup}
    started: [{pid,<0.716.0>},
              {id,systemd},
              {mfargs,{eturnal_systemd,start_link,[]}},
              {restart_type,permanent},
              {significant,false},
              {shutdown,5000},
              {child_type,worker}]
 (supervisor:report_progress/2:1562)
2022-05-04 12:39:25.084253+00:00 [info] Relay IPv4 address: 127.0.0.1 (port range: 49152-65535) (eturnal:log_relay_addresses/0:287)
2022-05-04 12:39:25.084386+00:00 [info] Relay IPv6 address not configured (eturnal:log_relay_addresses/0:297)
2022-05-04 12:39:25.100027+00:00 [info] Cannot determine control query port: noport (eturnal:log_control_listener/0:312)
2022-05-04 12:39:25.100206+00:00 [debug] TURN configuration seems fine (eturnal:check_turn_config/1:520)
2022-05-04 12:39:25.100551+00:00 [debug] Using run directory run (eturnal:ensure_run_dir/0:712)
2022-05-04 12:39:25.100733+00:00 [warning] TLS enabled without 'tls_crt_file', creating self-signed certificate (eturnal:check_pem_file/0:643)
2022-05-04 12:39:26.184200+00:00 [debug] Calling mod_log_stun:start/0 (eturnal_module:start/1:142)
2022-05-04 12:39:26.184766+00:00 [debug] Starting mod_log_stun (mod_log_stun:start/0:39)
2022-05-04 12:39:26.185041+00:00 [info] Started mod_log_stun (eturnal:start_modules/0:323)
2022-05-04 12:39:26.185156+00:00 [debug] Calling mod_stats_influx:start/0 (eturnal_module:start/1:142)
2022-05-04 12:39:26.185361+00:00 [debug] Starting mod_stats_influx (mod_stats_influx:start/0:38)
2022-05-04 12:39:26.187962+00:00 [debug] PROGRESS REPORT:
    application: ulitos
    started_at: nonode@nohost
 (application_controller:info_started/2:2107)
2022-05-04 12:39:26.191803+00:00 [debug] PROGRESS REPORT:
    application: poolboy
    started_at: nonode@nohost
 (application_controller:info_started/2:2107)
2022-05-04 12:39:26.193044+00:00 [info]     msg: Starting application: influx_udp (influx_udp_app:start/2:10)
2022-05-04 12:39:26.196631+00:00 [debug] PROGRESS REPORT:
    supervisor: {local,influx_udp_sup}
    started: [{pid,<0.738.0>},
              {id,influx_udp},
              {mfargs,{influx_udp,start_link,[]}},
              {restart_type,permanent},
              {significant,false},
              {shutdown,5000},
              {child_type,worker}]
 (supervisor:report_progress/2:1562)
2022-05-04 12:39:26.196853+00:00 [debug] PROGRESS REPORT:
    application: influx_udp
    started_at: nonode@nohost
 (application_controller:info_started/2:2107)
2022-05-04 12:39:26.196957+00:00 [debug] Dependency influx_udp was available already (eturnal_module:ensure_dep/2:283)
2022-05-04 12:39:26.199299+00:00 [info]     host: {127,0,0,1}
    msg: Start clients pool
    options: #{host => "localhost",max_overflow => 1,pool_size => 1,
               port => 8089} (influx_udp:start_pool_/2:239)
2022-05-04 12:39:26.208557+00:00 [info]     msg: Open UDP socket on port
    port: 37171 (influx_udp_worker:init/1:43)
2022-05-04 12:39:26.208832+00:00 [debug] PROGRESS REPORT:
    supervisor: {local,influx_udp_sup}
    started: [{pid,<0.741.0>},
              {id,stats_influx_pool},
              {mfargs,
                  {poolboy,start_link,
                      [[{name,{local,stats_influx_pool}},
                        {worker_module,influx_udp_worker},
                        {size,1},
                        {max_overflow,1}],
                       [{options,
                            #{host => {127,0,0,1},
                              max_overflow => 1,pool_size => 1,
                              port => 8089}}]]}},
              {restart_type,permanent},
              {significant,false},
              {shutdown,5000},
              {child_type,worker}]
 (supervisor:report_progress/2:1562)
2022-05-04 12:39:26.209073+00:00 [info] Started mod_stats_influx (eturnal:start_modules/0:323)
2022-05-04 12:39:26.209792+00:00 [debug] Started 2 modules (eturnal:init/1:113)
2022-05-04 12:39:26.209964+00:00 [debug] Starting listener 127.0.0.1:34780 (udp) with options:
[{use_turn,true},
 {auth_type,user},
 {turn_ipv4_address,{127,0,0,1}},
 {turn_min_port,49152},
 {turn_max_port,65535},
 {turn_max_allocations,10},
 {turn_max_permissions,10},
 {shaper,100000},
 {turn_blacklist,[{{203,0,113,0},24},{{8193,3512,0,0,0,0,0,0},32}]},
 {turn_whitelist,[{{203,0,113,113},32},{{8193,3512,0,0,0,0,0,0},64}]},
 {auth_realm,<<"eturnal.net">>},
 {server_name,<<"eturnal">>},
 {auth_fun,fun eturnal:get_password/2},
 {hook_fun,fun eturnal:run_hook/2}] (eturnal:start_listeners/0:367)
2022-05-04 12:39:26.210420+00:00 [info] Listening on 127.0.0.1:34780 (udp) (STUN/TURN) (eturnal:start_listeners/0:372)
2022-05-04 12:39:26.210566+00:00 [debug] Starting listener 127.0.0.1:34780 (tcp) with options:
[{use_turn,false},
 {auth_type,anonymous},
 {turn_ipv4_address,{127,0,0,1}},
 {turn_min_port,49152},
 {turn_max_port,65535},
 {turn_max_allocations,10},
 {turn_max_permissions,10},
 {shaper,100000},
 {turn_blacklist,[{{203,0,113,0},24},{{8193,3512,0,0,0,0,0,0},32}]},
 {turn_whitelist,[{{203,0,113,113},32},{{8193,3512,0,0,0,0,0,0},64}]},
 {auth_realm,<<"eturnal.net">>},
 {server_name,<<"eturnal">>},
 {auth_fun,fun eturnal:get_password/2},
 {hook_fun,fun eturnal:run_hook/2}] (eturnal:start_listeners/0:367)
2022-05-04 12:39:26.234137+00:00 [info] Listening on 127.0.0.1:34780 (tcp) (STUN only) (eturnal:start_listeners/0:372)
2022-05-04 12:39:26.237057+00:00 [debug] Starting listener 127.0.0.1:53490 (tls) with options:
[{use_turn,false},
 {auth_type,anonymous},
 {tls,true},
 {certfile,<<"run/cert.pem">>},
 {ciphers,<<"HIGH:!aNULL:@STRENGTH">>},
 {protocol_options,<<"no_tlsv1|no_tlsv1_1|cipher_server_preference">>},
 {turn_ipv4_address,{127,0,0,1}},
 {turn_min_port,49152},
 {turn_max_port,65535},
 {turn_max_allocations,10},
 {turn_max_permissions,10},
 {shaper,100000},
 {turn_blacklist,[{{203,0,113,0},24},{{8193,3512,0,0,0,0,0,0},32}]},
 {turn_whitelist,[{{203,0,113,113},32},{{8193,3512,0,0,0,0,0,0},64}]},
 {auth_realm,<<"eturnal.net">>},
 {server_name,<<"eturnal">>},
 {auth_fun,fun eturnal:get_password/2},
 {hook_fun,fun eturnal:run_hook/2}] (eturnal:start_listeners/0:367)
2022-05-04 12:39:26.237525+00:00 [info] Listening on 127.0.0.1:53490 (tls) (STUN only) (eturnal:start_listeners/0:372)
2022-05-04 12:39:26.237684+00:00 [debug] Starting listener 127.0.0.1:34781 (auto) with options:
[{use_turn,false},
 {auth_type,anonymous},
 {tls,optional},
 {certfile,<<"run/cert.pem">>},
 {ciphers,<<"HIGH:!aNULL:@STRENGTH">>},
 {protocol_options,<<"no_tlsv1|no_tlsv1_1|cipher_server_preference">>},
 {turn_ipv4_address,{127,0,0,1}},
 {turn_min_port,49152},
 {turn_max_port,65535},
 {turn_max_allocations,10},
 {turn_max_permissions,10},
 {shaper,100000},
 {turn_blacklist,[{{203,0,113,0},24},{{8193,3512,0,0,0,0,0,0},32}]},
 {turn_whitelist,[{{203,0,113,113},32},{{8193,3512,0,0,0,0,0,0},64}]},
 {auth_realm,<<"eturnal.net">>},
 {server_name,<<"eturnal">>},
 {auth_fun,fun eturnal:get_password/2},
 {hook_fun,fun eturnal:run_hook/2}] (eturnal:start_listeners/0:367)
2022-05-04 12:39:26.255791+00:00 [info] Listening on 127.0.0.1:34781 (auto) (STUN only) (eturnal:start_listeners/0:372)
2022-05-04 12:39:26.256011+00:00 [debug] Started 4 listeners (eturnal:init/1:121)
2022-05-04 12:39:26.256137+00:00 [debug] PROGRESS REPORT:
    supervisor: {local,eturnal_sup}
    started: [{pid,<0.718.0>},
              {id,eturnal},
              {mfargs,{eturnal,start_link,[]}},
              {restart_type,permanent},
              {significant,false},
              {shutdown,5000},
              {child_type,worker}]
 (supervisor:report_progress/2:1562)
2022-05-04 12:39:26.256257+00:00 [debug] No NOTIFY_SOCKET, dropping READY=1 notification (eturnal_systemd:handle_cast/2:109)
2022-05-04 12:39:26.256283+00:00 [debug] PROGRESS REPORT:
    application: eturnal
    started_at: nonode@nohost
 (application_controller:info_started/2:2107)
2022-05-04 12:39:26.256420+00:00 [debug] Watchdog interval is undefined, hibernating (eturnal_systemd:get_timeout/1:162)
2022-05-04 12:39:26.292329+00:00 [debug] Handling API call: get_info() (eturnal_ctl:get_info/0:143)
2022-05-04 12:39:26.293059+00:00 [debug] eturnal call (get_info) returned {ok,
                                  {eturnal_node_info,<<"1.8.2">>,
                                   {"24","12.3"},
                                   4156,0,136,94315353,2,39570248}} (eturnal_ctl:call/1:456)
2022-05-04 12:39:26.317971+00:00 [debug] Handling API call: get_sessions() (eturnal_ctl:get_sessions/0:106)
2022-05-04 12:39:26.343936+00:00 [debug] Handling API call: get_sessions("alice") (eturnal_ctl:get_sessions/1:120)
2022-05-04 12:39:26.344340+00:00 [debug] Handling API call: disconnect(alice) (eturnal_ctl:disconnect/1:192)
2022-05-04 12:39:26.344566+00:00 [debug] Cannot convert user name to binary: alice (eturnal_ctl:disconnect/1:202)
2022-05-04 12:39:26.371623+00:00 [debug] Handling API call: disconnect("alice") (eturnal_ctl:disconnect/1:192)
2022-05-04 12:39:26.371964+00:00 [debug] Handling API call: disconnect(alice) (eturnal_ctl:disconnect/1:192)
2022-05-04 12:39:26.372144+00:00 [debug] Cannot convert user name to binary: alice (eturnal_ctl:disconnect/1:202)
2022-05-04 12:39:26.397373+00:00 [debug] Handling API call: get_credentials("2009-10-30 11:00:00Z", []) (eturnal_ctl:get_credentials/2:60)
2022-05-04 12:39:26.397730+00:00 [debug] eturnal call ({get_password,<<"1256900400">>}) returned {ok,
                                                         <<"uEKlpcME7MNMMVRV8rUFPCTIFEs=">>} (eturnal_ctl:call/1:456)
2022-05-04 12:39:26.407727+00:00 [debug] Handling API call: get_credentials("86400", "alice") (eturnal_ctl:get_credentials/2:60)
2022-05-04 12:39:26.408175+00:00 [debug] eturnal call ({get_password,<<"1651754366:alice">>}) returned {ok,
                                                               <<"QBoq0uTLllxD0iz52ROqHYRJZAs=">>} (eturnal_ctl:call/1:456)
2022-05-04 12:39:26.408335+00:00 [debug] Handling API call: get_password("1651754366:alice") (eturnal_ctl:get_password/1:79)
2022-05-04 12:39:26.408517+00:00 [debug] eturnal call ({get_password,<<"1651754366:alice">>}) returned {ok,
                                                               <<"QBoq0uTLllxD0iz52ROqHYRJZAs=">>} (eturnal_ctl:call/1:456)
2022-05-04 12:39:26.408722+00:00 [debug] Handling API call: get_credentials("86400s", "alice") (eturnal_ctl:get_credentials/2:60)
2022-05-04 12:39:26.408860+00:00 [debug] eturnal call ({get_password,<<"1651754366:alice">>}) returned {ok,
                                                               <<"QBoq0uTLllxD0iz52ROqHYRJZAs=">>} (eturnal_ctl:call/1:456)
2022-05-04 12:39:26.409009+00:00 [debug] Handling API call: get_password("1651754366:alice") (eturnal_ctl:get_password/1:79)
2022-05-04 12:39:26.409117+00:00 [debug] eturnal call ({get_password,<<"1651754366:alice">>}) returned {ok,
                                                               <<"QBoq0uTLllxD0iz52ROqHYRJZAs=">>} (eturnal_ctl:call/1:456)
2022-05-04 12:39:26.409323+00:00 [debug] Handling API call: get_credentials("1440m", "alice") (eturnal_ctl:get_credentials/2:60)
2022-05-04 12:39:26.409526+00:00 [debug] eturnal call ({get_password,<<"1651754366:alice">>}) returned {ok,
                                                               <<"QBoq0uTLllxD0iz52ROqHYRJZAs=">>} (eturnal_ctl:call/1:456)
2022-05-04 12:39:26.409660+00:00 [debug] Handling API call: get_password("1651754366:alice") (eturnal_ctl:get_password/1:79)
2022-05-04 12:39:26.409862+00:00 [debug] eturnal call ({get_password,<<"1651754366:alice">>}) returned {ok,
                                                               <<"QBoq0uTLllxD0iz52ROqHYRJZAs=">>} (eturnal_ctl:call/1:456)
2022-05-04 12:39:26.410026+00:00 [debug] Handling API call: get_credentials("24h", "alice") (eturnal_ctl:get_credentials/2:60)
2022-05-04 12:39:26.410191+00:00 [debug] eturnal call ({get_password,<<"1651754366:alice">>}) returned {ok,
                                                               <<"QBoq0uTLllxD0iz52ROqHYRJZAs=">>} (eturnal_ctl:call/1:456)
2022-05-04 12:39:26.410374+00:00 [debug] Handling API call: get_password("1651754366:alice") (eturnal_ctl:get_password/1:79)
2022-05-04 12:39:26.410542+00:00 [debug] eturnal call ({get_password,<<"1651754366:alice">>}) returned {ok,
                                                               <<"QBoq0uTLllxD0iz52ROqHYRJZAs=">>} (eturnal_ctl:call/1:456)
2022-05-04 12:39:26.410786+00:00 [debug] Handling API call: get_credentials("1d", "alice") (eturnal_ctl:get_credentials/2:60)
2022-05-04 12:39:26.411075+00:00 [debug] eturnal call ({get_password,<<"1651754366:alice">>}) returned {ok,
                                                               <<"QBoq0uTLllxD0iz52ROqHYRJZAs=">>} (eturnal_ctl:call/1:456)
2022-05-04 12:39:26.411492+00:00 [debug] Handling API call: get_password("1651754366:alice") (eturnal_ctl:get_password/1:79)
2022-05-04 12:39:26.411673+00:00 [debug] eturnal call ({get_password,<<"1651754366:alice">>}) returned {ok,
                                                               <<"QBoq0uTLllxD0iz52ROqHYRJZAs=">>} (eturnal_ctl:call/1:456)
2022-05-04 12:39:26.411922+00:00 [debug] Handling API call: get_password("Invalid") (eturnal_ctl:get_password/1:79)
2022-05-04 12:39:26.412062+00:00 [debug] Invalid user name: Invalid (eturnal_ctl:get_password/1:93)
2022-05-04 12:39:26.412162+00:00 [debug] Handling API call: get_credentials("Invalid", []) (eturnal_ctl:get_credentials/2:60)
2022-05-04 12:39:26.412355+00:00 [debug] Invalid argument(s): "Invalid":[] (eturnal_ctl:get_credentials/2:73)
2022-05-04 12:39:26.412479+00:00 [debug] Handling API call: get_password(invalid) (eturnal_ctl:get_password/1:79)
2022-05-04 12:39:26.412581+00:00 [debug] Cannot convert user name to binary: invalid (eturnal_ctl:get_password/1:100)
2022-05-04 12:39:26.412673+00:00 [debug] Handling API call: get_credentials(invalid, []) (eturnal_ctl:get_credentials/2:60)
2022-05-04 12:39:26.412763+00:00 [debug] Invalid argument(s): invalid:[] (eturnal_ctl:get_credentials/2:73)
2022-05-04 12:39:26.412871+00:00 [debug] Handling API call: get_password([invalid]) (eturnal_ctl:get_password/1:79)
2022-05-04 12:39:26.412962+00:00 [debug] Cannot convert user name to binary: [invalid] (eturnal_ctl:get_password/1:100)
2022-05-04 12:39:26.413039+00:00 [debug] Handling API call: get_credentials([invalid], []) (eturnal_ctl:get_credentials/2:60)
2022-05-04 12:39:26.413172+00:00 [debug] Invalid argument(s): [invalid]:[] (eturnal_ctl:get_credentials/2:73)
2022-05-04 12:39:26.413312+00:00 [debug] Handling API call: get_credentials(1256900400, invalid) (eturnal_ctl:get_credentials/2:60)
2022-05-04 12:39:26.413427+00:00 [debug] Invalid argument(s): 1256900400:invalid (eturnal_ctl:get_credentials/2:73)
2022-05-04 12:39:26.439474+00:00 [debug] Handling API call: set_loglevel(debug) (eturnal_ctl:set_loglevel/1:173)
2022-05-04 12:39:26.439719+00:00 [debug] eturnal call ({set_loglevel,debug}) returned ok (eturnal_ctl:call/1:453)
2022-05-04 12:39:26.439921+00:00 [debug] Handling API call: get_loglevel() (eturnal_ctl:get_loglevel/0:163)
2022-05-04 12:39:26.440016+00:00 [debug] eturnal call (get_loglevel) returned {ok,debug} (eturnal_ctl:call/1:456)
2022-05-04 12:39:26.440144+00:00 [debug] Handling API call: set_loglevel(invalid) (eturnal_ctl:set_loglevel/1:173)
2022-05-04 12:39:26.440235+00:00 [debug] Invalid log level: invalid (eturnal_ctl:set_loglevel/1:183)
2022-05-04 12:39:26.440384+00:00 [debug] Handling API call: get_loglevel() (eturnal_ctl:get_loglevel/0:163)
2022-05-04 12:39:26.440544+00:00 [debug] eturnal call (get_loglevel) returned {ok,debug} (eturnal_ctl:call/1:456)
2022-05-04 12:39:26.466057+00:00 [debug] Handling API call: get_version() (eturnal_ctl:get_version/0:153)
2022-05-04 12:39:26.466478+00:00 [debug] eturnal call (get_version) returned {ok,<<"1.8.2">>} (eturnal_ctl:call/1:456)
2022-05-04 12:39:26.491417+00:00 [debug] Handling API call: reload() (eturnal_ctl:reload/0:208)
2022-05-04 12:39:26.493642+00:00 [debug] Calling mod_log_stun:options/0 (eturnal_module:options/1:191)
2022-05-04 12:39:26.493834+00:00 [debug] Calling mod_stats_influx:options/0 (eturnal_module:options/1:191)
2022-05-04 12:39:26.494511+00:00 [warning] TLS enabled without 'tls_crt_file', creating self-signed certificate (eturnal:check_pem_file/0:643)
2022-05-04 12:39:29.242267+00:00 [info] Using new TLS certificate (eturnal:handle_call/3:140)
2022-05-04 12:39:29.242480+00:00 [debug] Reloaded configuration (eturnal:handle_call/3:146)
2022-05-04 12:39:29.242676+00:00 [debug] eturnal call (reload) returned ok (eturnal_ctl:call/1:453)
2022-05-04 12:39:29.243463+00:00 [debug] Handling API call: reload() (eturnal_ctl:reload/0:208)
2022-05-04 12:39:29.245662+00:00 [debug] Calling mod_log_stun:options/0 (eturnal_module:options/1:191)
2022-05-04 12:39:29.245859+00:00 [debug] Calling mod_stats_influx:options/0 (eturnal_module:options/1:191)
2022-05-04 12:39:29.246392+00:00 [debug] Keeping PEM file (run/cert.pem) (eturnal:check_pem_file/0:640)
2022-05-04 12:39:29.246518+00:00 [debug] TLS certificate unchanged (eturnal:handle_call/3:142)
2022-05-04 12:39:29.246905+00:00 [debug] Reloaded configuration (eturnal:handle_call/3:146)
2022-05-04 12:39:29.247186+00:00 [debug] eturnal call (reload) returned ok (eturnal_ctl:call/1:453)
2022-05-04 12:39:29.272079+00:00 [info] Accepting connection: 127.0.0.1:44030 -> 127.0.0.1:34780 [TCP, session a649hd7w343w] (stun_listener:accept/3:221)
2022-05-04 12:39:29.296739+00:00 [info] Accepting connection: 127.0.0.1:54252 -> 127.0.0.1:53490 [TLS, session i7ofl3ibzg7u] (stun_listener:accept/3:221)
2022-05-04 12:39:29.331190+00:00 [debug] Received:
#stun{class = request,method = 3,magic = 554869826,
      trid = 44933344528512470069965818452,raw = <<>>,unsupported = [],
      'ALTERNATE-SERVER' = undefined,'CHANNEL-NUMBER' = undefined,
      'DATA' = undefined,'DONT-FRAGMENT' = false,'ERROR-CODE' = undefined,
      'LIFETIME' = undefined,'MAPPED-ADDRESS' = undefined,
      'MESSAGE-INTEGRITY' = undefined,'NONCE' = undefined,'REALM' = undefined,
      'REQUESTED-ADDRESS-FAMILY' = undefined,
      'REQUESTED-TRANSPORT' = undefined,'SOFTWARE' = undefined,
      'UNKNOWN-ATTRIBUTES' = [],'USERNAME' = undefined,
      'XOR-MAPPED-ADDRESS' = undefined,'XOR-PEER-ADDRESS' = [],
      'XOR-RELAYED-ADDRESS' = undefined} (stun:udp_recv/5:111)
2022-05-04 12:39:29.331384+00:00 [debug] Sending:
#stun{class = error,method = 3,magic = 554869826,
      trid = 44933344528512470069965818452,raw = <<>>,unsupported = [],
      'ALTERNATE-SERVER' = undefined,'CHANNEL-NUMBER' = undefined,
      'DATA' = undefined,'DONT-FRAGMENT' = false,
      'ERROR-CODE' = {401,<<"Unauthorized">>},
      'LIFETIME' = undefined,'MAPPED-ADDRESS' = undefined,
      'MESSAGE-INTEGRITY' = undefined,'NONCE' = <<"4030465570">>,
      'REALM' = <<"eturnal.net">>,'REQUESTED-ADDRESS-FAMILY' = undefined,
      'REQUESTED-TRANSPORT' = undefined,'SOFTWARE' = <<"eturnal">>,
      'UNKNOWN-ATTRIBUTES' = [],'USERNAME' = undefined,
      'XOR-MAPPED-ADDRESS' = undefined,'XOR-PEER-ADDRESS' = [],
      'XOR-RELAYED-ADDRESS' = undefined} (stun:send/3:445)
2022-05-04 12:39:29.331758+00:00 [debug] Received:
#stun{class = request,method = 3,magic = 554869826,
      trid = 45742610332907578571260812685,
      raw = <<0,3,0,80,33,18,164,66,147,205,102,130,231,161,227,213,230,177,
              221,141,0,25,0,4,17,0,0,0,0,6,0,10,50,49,52,53,57,49,51,50,48,48,
              0,0,0,20,0,11,101,116,117,114,110,97,108,46,110,101,116,0,0,21,0,
              10,52,48,51,48,52,54,53,53,55,48,0,0>>,
      unsupported = [],'ALTERNATE-SERVER' = undefined,
      'CHANNEL-NUMBER' = undefined,'DATA' = undefined,'DONT-FRAGMENT' = false,
      'ERROR-CODE' = undefined,'LIFETIME' = undefined,
      'MAPPED-ADDRESS' = undefined,
      'MESSAGE-INTEGRITY' = <<50,183,79,24,58,150,227,5,123,236,122,130,66,38,
                              96,170,238,140,253,58>>,
      'NONCE' = <<"4030465570">>,'REALM' = <<"eturnal.net">>,
      'REQUESTED-ADDRESS-FAMILY' = undefined,'REQUESTED-TRANSPORT' = udp,
      'SOFTWARE' = undefined,'UNKNOWN-ATTRIBUTES' = [],
      'USERNAME' = <<"2145913200">>,'XOR-MAPPED-ADDRESS' = undefined,
      'XOR-PEER-ADDRESS' = [],'XOR-RELAYED-ADDRESS' = undefined} (stun:udp_recv/5:111)
2022-05-04 12:39:29.331988+00:00 [debug] Looking up password for: 2145913200 [UDP, session mg8uyq81naiv, user 2145913200, client 127.0.0.1:46180] (eturnal:get_password/2:225)
2022-05-04 12:39:29.332082+00:00 [info] Accepting long-term STUN/TURN authentication [UDP, session mg8uyq81naiv, user 2145913200, client 127.0.0.1:46180] (stun:process/2:249)
2022-05-04 12:39:29.336701+00:00 [debug] Running 'turn_session_start' hook [UDP, session mg8uyq81naiv, user 2145913200, client 127.0.0.1:46180] (turn:run_hook/2:711)
2022-05-04 12:39:29.336802+00:00 [debug] Got 'turn_session_start' event [UDP, session mg8uyq81naiv, user 2145913200, client 127.0.0.1:46180] (eturnal_module:handle_event/2:176)
2022-05-04 12:39:29.337044+00:00 [notice] Creating TURN allocation (lifetime: 600 seconds) [UDP, session mg8uyq81naiv, user 2145913200, client 127.0.0.1:46180, relay 127.0.0.1:63154] (turn:wait_for_allocate/2:207)
2022-05-04 12:39:29.337214+00:00 [debug] Sending:
#stun{class = response,method = 3,magic = 554869826,
      trid = 45742610332907578571260812685,raw = <<>>,unsupported = [],
      'ALTERNATE-SERVER' = undefined,'CHANNEL-NUMBER' = undefined,
      'DATA' = undefined,'DONT-FRAGMENT' = false,'ERROR-CODE' = undefined,
      'LIFETIME' = 600,'MAPPED-ADDRESS' = undefined,
      'MESSAGE-INTEGRITY' = undefined,'NONCE' = undefined,'REALM' = undefined,
      'REQUESTED-ADDRESS-FAMILY' = undefined,
      'REQUESTED-TRANSPORT' = undefined,'SOFTWARE' = <<"eturnal">>,
      'UNKNOWN-ATTRIBUTES' = [],'USERNAME' = undefined,
      'XOR-MAPPED-ADDRESS' = {{127,0,0,1},46180},
      'XOR-PEER-ADDRESS' = [],
      'XOR-RELAYED-ADDRESS' = {{127,0,0,1},63154}} (turn:send/2:521)
2022-05-04 12:39:29.337564+00:00 [debug] Received:
#stun{class = request,method = 4,magic = 554869826,
      trid = 8156872371869634794316437519,
      raw = <<0,4,0,80,33,18,164,66,26,91,52,233,80,59,35,76,42,121,24,15,0,6,
              0,10,50,49,52,53,57,49,51,50,48,48,0,0,0,20,0,11,101,116,117,114,
              110,97,108,46,110,101,116,0,0,21,0,10,52,48,51,48,52,54,53,53,55,
              48,0,0,0,13,0,4,0,0,0,0>>,
      unsupported = [],'ALTERNATE-SERVER' = undefined,
      'CHANNEL-NUMBER' = undefined,'DATA' = undefined,'DONT-FRAGMENT' = false,
      'ERROR-CODE' = undefined,'LIFETIME' = 0,'MAPPED-ADDRESS' = undefined,
      'MESSAGE-INTEGRITY' = <<96,237,253,56,166,198,213,192,196,206,231,139,
                              110,107,57,205,67,136,61,8>>,
      'NONCE' = <<"4030465570">>,'REALM' = <<"eturnal.net">>,
      'REQUESTED-ADDRESS-FAMILY' = undefined,
      'REQUESTED-TRANSPORT' = undefined,'SOFTWARE' = undefined,
      'UNKNOWN-ATTRIBUTES' = [],'USERNAME' = <<"2145913200">>,
      'XOR-MAPPED-ADDRESS' = undefined,'XOR-PEER-ADDRESS' = [],
      'XOR-RELAYED-ADDRESS' = undefined} (stun:udp_recv/5:111)
2022-05-04 12:39:29.337708+00:00 [debug] Looking up password for: 2145913200 [UDP, session icms7vh6990f, user 2145913200, client 127.0.0.1:46180] (eturnal:get_password/2:225)
2022-05-04 12:39:29.337802+00:00 [info] Accepting long-term STUN/TURN authentication [UDP, session icms7vh6990f, user 2145913200, client 127.0.0.1:46180] (stun:process/2:249)
2022-05-04 12:39:29.337865+00:00 [info] Client requested closing the TURN session [UDP, session mg8uyq81naiv, user 2145913200, client 127.0.0.1:46180, relay 127.0.0.1:63154] (turn:active/2:262)
2022-05-04 12:39:29.337980+00:00 [debug] Sending:
#stun{class = response,method = 4,magic = 554869826,
      trid = 8156872371869634794316437519,raw = <<>>,unsupported = [],
      'ALTERNATE-SERVER' = undefined,'CHANNEL-NUMBER' = undefined,
      'DATA' = undefined,'DONT-FRAGMENT' = false,'ERROR-CODE' = undefined,
      'LIFETIME' = 0,'MAPPED-ADDRESS' = undefined,
      'MESSAGE-INTEGRITY' = undefined,'NONCE' = undefined,'REALM' = undefined,
      'REQUESTED-ADDRESS-FAMILY' = undefined,
      'REQUESTED-TRANSPORT' = undefined,'SOFTWARE' = <<"eturnal">>,
      'UNKNOWN-ATTRIBUTES' = [],'USERNAME' = undefined,
      'XOR-MAPPED-ADDRESS' = undefined,'XOR-PEER-ADDRESS' = [],
      'XOR-RELAYED-ADDRESS' = undefined} (turn:send/2:521)
2022-05-04 12:39:29.338127+00:00 [info] Deleting TURN allocation [UDP, session mg8uyq81naiv, user 2145913200, client 127.0.0.1:46180, relay 127.0.0.1:63154] (turn:terminate/3:454)
2022-05-04 12:39:29.338245+00:00 [notice] Relayed 0 KiB (in 0 B / 0 packets, out 0 B / 0 packets), duration: 0 seconds [UDP, session mg8uyq81naiv, user 2145913200, client 127.0.0.1:46180, relay 127.0.0.1:63154] (turn:terminate/3:461)
2022-05-04 12:39:29.338331+00:00 [debug] Running 'turn_session_stop' hook [UDP, session mg8uyq81naiv, user 2145913200, client 127.0.0.1:46180, relay 127.0.0.1:63154] (turn:run_hook/2:711)
2022-05-04 12:39:29.338462+00:00 [debug] Got 'turn_session_stop' event [UDP, session mg8uyq81naiv, user 2145913200, client 127.0.0.1:46180, relay 127.0.0.1:63154] (eturnal_module:handle_event/2:176)
2022-05-04 12:39:29.338513+00:00 [debug] Calling mod_stats_influx:handle_event/2 [UDP, session mg8uyq81naiv, user 2145913200, client 127.0.0.1:46180, relay 127.0.0.1:63154] (eturnal_module:handle_event/2:179)
2022-05-04 12:39:29.338554+00:00 [debug] Writing stats of TURN session mg8uyq81naiv to InfluxDB [UDP, session mg8uyq81naiv, user 2145913200, client 127.0.0.1:46180, relay 127.0.0.1:63154] (mod_stats_influx:on_turn_session_stop/1:81)
2022-05-04 12:39:29.364064+00:00 [debug] Received:
#stun{class = request,method = 1,magic = 554869826,
      trid = 70103510399660729202877638609,raw = <<>>,unsupported = [],
      'ALTERNATE-SERVER' = undefined,'CHANNEL-NUMBER' = undefined,
      'DATA' = undefined,'DONT-FRAGMENT' = false,'ERROR-CODE' = undefined,
      'LIFETIME' = undefined,'MAPPED-ADDRESS' = undefined,
      'MESSAGE-INTEGRITY' = undefined,'NONCE' = undefined,'REALM' = undefined,
      'REQUESTED-ADDRESS-FAMILY' = undefined,
      'REQUESTED-TRANSPORT' = undefined,'SOFTWARE' = undefined,
      'UNKNOWN-ATTRIBUTES' = [],'USERNAME' = undefined,
      'XOR-MAPPED-ADDRESS' = undefined,'XOR-PEER-ADDRESS' = [],
      'XOR-RELAYED-ADDRESS' = undefined} (stun:udp_recv/5:111)
2022-05-04 12:39:29.364177+00:00 [debug] Responding to STUN request [UDP, session l396k88ksddb, anonymous, client 127.0.0.1:59865] (stun:process/4:312)
2022-05-04 12:39:29.364222+00:00 [debug] Running 'stun_query' hook [UDP, session l396k88ksddb, anonymous, client 127.0.0.1:59865] (stun:run_hook/3:818)
2022-05-04 12:39:29.364308+00:00 [debug] Got 'stun_query' event [UDP, session l396k88ksddb, anonymous, client 127.0.0.1:59865] (eturnal_module:handle_event/2:176)
2022-05-04 12:39:29.364360+00:00 [debug] Calling mod_log_stun:handle_event/2 [UDP, session l396k88ksddb, anonymous, client 127.0.0.1:59865] (eturnal_module:handle_event/2:179)
2022-05-04 12:39:29.364400+00:00 [info] Responding to STUN request [UDP, session l396k88ksddb, anonymous, client 127.0.0.1:59865] (mod_log_stun:handle_event/2:45)
2022-05-04 12:39:29.364464+00:00 [debug] Calling mod_stats_influx:handle_event/2 [UDP, session l396k88ksddb, anonymous, client 127.0.0.1:59865] (eturnal_module:handle_event/2:179)
2022-05-04 12:39:29.364500+00:00 [debug] Writing STUN query event to InfluxDB [UDP, session l396k88ksddb, anonymous, client 127.0.0.1:59865] (mod_stats_influx:on_stun_query/1:70)
2022-05-04 12:39:29.364692+00:00 [debug] Sending:
#stun{class = response,method = 1,magic = 554869826,
      trid = 70103510399660729202877638609,raw = <<>>,unsupported = [],
      'ALTERNATE-SERVER' = undefined,'CHANNEL-NUMBER' = undefined,
      'DATA' = undefined,'DONT-FRAGMENT' = false,'ERROR-CODE' = undefined,
      'LIFETIME' = undefined,'MAPPED-ADDRESS' = undefined,
      'MESSAGE-INTEGRITY' = undefined,'NONCE' = undefined,'REALM' = undefined,
      'REQUESTED-ADDRESS-FAMILY' = undefined,
      'REQUESTED-TRANSPORT' = undefined,'SOFTWARE' = <<"eturnal">>,
      'UNKNOWN-ATTRIBUTES' = [],'USERNAME' = undefined,
      'XOR-MAPPED-ADDRESS' = {{127,0,0,1},59865},
      'XOR-PEER-ADDRESS' = [],'XOR-RELAYED-ADDRESS' = undefined} (stun:send/3:445)
2022-05-04 12:39:29.389513+00:00 [info] Accepting connection: 127.0.0.1:44032 -> 127.0.0.1:34780 [TCP, session ku8f5rkpugoo] (stun_listener:accept/3:221)
2022-05-04 12:39:29.389831+00:00 [debug] Received:
#stun{class = request,method = 1,magic = 554869826,
      trid = 9209122586783687387635140490,raw = <<>>,unsupported = [],
      'ALTERNATE-SERVER' = undefined,'CHANNEL-NUMBER' = undefined,
      'DATA' = undefined,'DONT-FRAGMENT' = false,'ERROR-CODE' = undefined,
      'LIFETIME' = undefined,'MAPPED-ADDRESS' = undefined,
      'MESSAGE-INTEGRITY' = undefined,'NONCE' = undefined,'REALM' = undefined,
      'REQUESTED-ADDRESS-FAMILY' = undefined,
      'REQUESTED-TRANSPORT' = undefined,'SOFTWARE' = undefined,
      'UNKNOWN-ATTRIBUTES' = [],'USERNAME' = undefined,
      'XOR-MAPPED-ADDRESS' = undefined,'XOR-PEER-ADDRESS' = [],
      'XOR-RELAYED-ADDRESS' = undefined} (stun:process_data/3:404)
2022-05-04 12:39:29.389941+00:00 [debug] Responding to STUN request [TCP, session ku8f5rkpugoo, anonymous, client 127.0.0.1:44032] (stun:process/4:312)
2022-05-04 12:39:29.389997+00:00 [debug] Running 'stun_query' hook [TCP, session ku8f5rkpugoo, anonymous, client 127.0.0.1:44032] (stun:run_hook/3:818)
2022-05-04 12:39:29.390081+00:00 [debug] Got 'stun_query' event [TCP, session ku8f5rkpugoo, anonymous, client 127.0.0.1:44032] (eturnal_module:handle_event/2:176)
2022-05-04 12:39:29.390130+00:00 [debug] Calling mod_log_stun:handle_event/2 [TCP, session ku8f5rkpugoo, anonymous, client 127.0.0.1:44032] (eturnal_module:handle_event/2:179)
2022-05-04 12:39:29.390180+00:00 [info] Responding to STUN request [TCP, session ku8f5rkpugoo, anonymous, client 127.0.0.1:44032] (mod_log_stun:handle_event/2:45)
2022-05-04 12:39:29.390223+00:00 [debug] Calling mod_stats_influx:handle_event/2 [TCP, session ku8f5rkpugoo, anonymous, client 127.0.0.1:44032] (eturnal_module:handle_event/2:179)
2022-05-04 12:39:29.390262+00:00 [debug] Writing STUN query event to InfluxDB [TCP, session ku8f5rkpugoo, anonymous, client 127.0.0.1:44032] (mod_stats_influx:on_stun_query/1:70)
2022-05-04 12:39:29.390487+00:00 [debug] Sending:
#stun{class = response,method = 1,magic = 554869826,
      trid = 9209122586783687387635140490,raw = <<>>,unsupported = [],
      'ALTERNATE-SERVER' = undefined,'CHANNEL-NUMBER' = undefined,
      'DATA' = undefined,'DONT-FRAGMENT' = false,'ERROR-CODE' = undefined,
      'LIFETIME' = undefined,'MAPPED-ADDRESS' = undefined,
      'MESSAGE-INTEGRITY' = undefined,'NONCE' = undefined,'REALM' = undefined,
      'REQUESTED-ADDRESS-FAMILY' = undefined,
      'REQUESTED-TRANSPORT' = undefined,'SOFTWARE' = <<"P1 STUN library">>,
      'UNKNOWN-ATTRIBUTES' = [],'USERNAME' = undefined,
      'XOR-MAPPED-ADDRESS' = {{127,0,0,1},44032},
      'XOR-PEER-ADDRESS' = [],'XOR-RELAYED-ADDRESS' = undefined} (stun:send/3:445)
2022-05-04 12:39:29.390782+00:00 [info] Connection reset by peer [TCP, session ku8f5rkpugoo, anonymous, client 127.0.0.1:44032] (stun:handle_info/3:170)
2022-05-04 12:39:29.415242+00:00 [info] Accepting connection: 127.0.0.1:54254 -> 127.0.0.1:53490 [TLS, session f68rqr0b62i8] (stun_listener:accept/3:221)
2022-05-04 12:39:29.525194+00:00 [debug] Received:
#stun{class = request,method = 1,magic = 554869826,
      trid = 6185806709102980095631437622,raw = <<>>,unsupported = [],
      'ALTERNATE-SERVER' = undefined,'CHANNEL-NUMBER' = undefined,
      'DATA' = undefined,'DONT-FRAGMENT' = false,'ERROR-CODE' = undefined,
      'LIFETIME' = undefined,'MAPPED-ADDRESS' = undefined,
      'MESSAGE-INTEGRITY' = undefined,'NONCE' = undefined,'REALM' = undefined,
      'REQUESTED-ADDRESS-FAMILY' = undefined,
      'REQUESTED-TRANSPORT' = undefined,'SOFTWARE' = undefined,
      'UNKNOWN-ATTRIBUTES' = [],'USERNAME' = undefined,
      'XOR-MAPPED-ADDRESS' = undefined,'XOR-PEER-ADDRESS' = [],
      'XOR-RELAYED-ADDRESS' = undefined} (stun:process_data/3:404)
2022-05-04 12:39:29.525447+00:00 [debug] Responding to STUN request [TLS, session f68rqr0b62i8, anonymous, client 127.0.0.1:54254] (stun:process/4:312)
2022-05-04 12:39:29.525586+00:00 [debug] Running 'stun_query' hook [TLS, session f68rqr0b62i8, anonymous, client 127.0.0.1:54254] (stun:run_hook/3:818)
2022-05-04 12:39:29.525698+00:00 [debug] Got 'stun_query' event [TLS, session f68rqr0b62i8, anonymous, client 127.0.0.1:54254] (eturnal_module:handle_event/2:176)
2022-05-04 12:39:29.525769+00:00 [debug] Calling mod_log_stun:handle_event/2 [TLS, session f68rqr0b62i8, anonymous, client 127.0.0.1:54254] (eturnal_module:handle_event/2:179)
2022-05-04 12:39:29.525853+00:00 [info] Responding to STUN request [TLS, session f68rqr0b62i8, anonymous, client 127.0.0.1:54254] (mod_log_stun:handle_event/2:45)
2022-05-04 12:39:29.525924+00:00 [debug] Calling mod_stats_influx:handle_event/2 [TLS, session f68rqr0b62i8, anonymous, client 127.0.0.1:54254] (eturnal_module:handle_event/2:179)
2022-05-04 12:39:29.525970+00:00 [debug] Writing STUN query event to InfluxDB [TLS, session f68rqr0b62i8, anonymous, client 127.0.0.1:54254] (mod_stats_influx:on_stun_query/1:70)
2022-05-04 12:39:29.526213+00:00 [debug] Sending:
#stun{class = response,method = 1,magic = 554869826,
      trid = 6185806709102980095631437622,raw = <<>>,unsupported = [],
      'ALTERNATE-SERVER' = undefined,'CHANNEL-NUMBER' = undefined,
      'DATA' = undefined,'DONT-FRAGMENT' = false,'ERROR-CODE' = undefined,
      'LIFETIME' = undefined,'MAPPED-ADDRESS' = undefined,
      'MESSAGE-INTEGRITY' = undefined,'NONCE' = undefined,'REALM' = undefined,
      'REQUESTED-ADDRESS-FAMILY' = undefined,
      'REQUESTED-TRANSPORT' = undefined,'SOFTWARE' = <<"P1 STUN library">>,
      'UNKNOWN-ATTRIBUTES' = [],'USERNAME' = undefined,
      'XOR-MAPPED-ADDRESS' = {{127,0,0,1},54254},
      'XOR-PEER-ADDRESS' = [],'XOR-RELAYED-ADDRESS' = undefined} (stun:send/3:445)
2022-05-04 12:39:29.526520+00:00 [info] Connection reset by peer [TLS, session f68rqr0b62i8, anonymous, client 127.0.0.1:54254] (stun:handle_info/3:170)
2022-05-04 12:39:29.551935+00:00 [info] Accepting connection: 127.0.0.1:36248 -> 127.0.0.1:34781 [TCP|TLS, session t9qeifes5ck8] (stun_listener:accept/3:221)
2022-05-04 12:39:29.552107+00:00 [debug] Determined transport protocol: TCP (stun:is_tls_handshake/1:766)
2022-05-04 12:39:29.552495+00:00 [debug] Received:
#stun{class = request,method = 1,magic = 554869826,
      trid = 24175253121348334132915129112,raw = <<>>,unsupported = [],
      'ALTERNATE-SERVER' = undefined,'CHANNEL-NUMBER' = undefined,
      'DATA' = undefined,'DONT-FRAGMENT' = false,'ERROR-CODE' = undefined,
      'LIFETIME' = undefined,'MAPPED-ADDRESS' = undefined,
      'MESSAGE-INTEGRITY' = undefined,'NONCE' = undefined,'REALM' = undefined,
      'REQUESTED-ADDRESS-FAMILY' = undefined,
      'REQUESTED-TRANSPORT' = undefined,'SOFTWARE' = undefined,
      'UNKNOWN-ATTRIBUTES' = [],'USERNAME' = undefined,
      'XOR-MAPPED-ADDRESS' = undefined,'XOR-PEER-ADDRESS' = [],
      'XOR-RELAYED-ADDRESS' = undefined} (stun:process_data/3:404)
2022-05-04 12:39:29.552614+00:00 [debug] Responding to STUN request [TCP, session t9qeifes5ck8, anonymous, client 127.0.0.1:36248] (stun:process/4:312)
2022-05-04 12:39:29.552659+00:00 [debug] Running 'stun_query' hook [TCP, session t9qeifes5ck8, anonymous, client 127.0.0.1:36248] (stun:run_hook/3:818)
2022-05-04 12:39:29.552725+00:00 [debug] Got 'stun_query' event [TCP, session t9qeifes5ck8, anonymous, client 127.0.0.1:36248] (eturnal_module:handle_event/2:176)
2022-05-04 12:39:29.552758+00:00 [debug] Calling mod_log_stun:handle_event/2 [TCP, session t9qeifes5ck8, anonymous, client 127.0.0.1:36248] (eturnal_module:handle_event/2:179)
2022-05-04 12:39:29.552791+00:00 [info] Responding to STUN request [TCP, session t9qeifes5ck8, anonymous, client 127.0.0.1:36248] (mod_log_stun:handle_event/2:45)
2022-05-04 12:39:29.552855+00:00 [debug] Calling mod_stats_influx:handle_event/2 [TCP, session t9qeifes5ck8, anonymous, client 127.0.0.1:36248] (eturnal_module:handle_event/2:179)
2022-05-04 12:39:29.552885+00:00 [debug] Writing STUN query event to InfluxDB [TCP, session t9qeifes5ck8, anonymous, client 127.0.0.1:36248] (mod_stats_influx:on_stun_query/1:70)
2022-05-04 12:39:29.553223+00:00 [debug] Sending:
#stun{class = response,method = 1,magic = 554869826,
      trid = 24175253121348334132915129112,raw = <<>>,unsupported = [],
      'ALTERNATE-SERVER' = undefined,'CHANNEL-NUMBER' = undefined,
      'DATA' = undefined,'DONT-FRAGMENT' = false,'ERROR-CODE' = undefined,
      'LIFETIME' = undefined,'MAPPED-ADDRESS' = undefined,
      'MESSAGE-INTEGRITY' = undefined,'NONCE' = undefined,'REALM' = undefined,
      'REQUESTED-ADDRESS-FAMILY' = undefined,
      'REQUESTED-TRANSPORT' = undefined,'SOFTWARE' = <<"P1 STUN library">>,
      'UNKNOWN-ATTRIBUTES' = [],'USERNAME' = undefined,
      'XOR-MAPPED-ADDRESS' = {{127,0,0,1},36248},
      'XOR-PEER-ADDRESS' = [],'XOR-RELAYED-ADDRESS' = undefined} (stun:send/3:445)
2022-05-04 12:39:29.553473+00:00 [info] Connection reset by peer [TCP, session t9qeifes5ck8, anonymous, client 127.0.0.1:36248] (stun:handle_info/3:170)
2022-05-04 12:39:29.591469+00:00 [info] Accepting connection: 127.0.0.1:36250 -> 127.0.0.1:34781 [TCP|TLS, session ldnqmd1e0ty3] (stun_listener:accept/3:221)
2022-05-04 12:39:29.591690+00:00 [debug] Determined transport protocol: TLS (stun:is_tls_handshake/1:763)
2022-05-04 12:39:29.699805+00:00 [debug] Received:
#stun{class = request,method = 1,magic = 554869826,
      trid = 64004674755199304426205597584,raw = <<>>,unsupported = [],
      'ALTERNATE-SERVER' = undefined,'CHANNEL-NUMBER' = undefined,
      'DATA' = undefined,'DONT-FRAGMENT' = false,'ERROR-CODE' = undefined,
      'LIFETIME' = undefined,'MAPPED-ADDRESS' = undefined,
      'MESSAGE-INTEGRITY' = undefined,'NONCE' = undefined,'REALM' = undefined,
      'REQUESTED-ADDRESS-FAMILY' = undefined,
      'REQUESTED-TRANSPORT' = undefined,'SOFTWARE' = undefined,
      'UNKNOWN-ATTRIBUTES' = [],'USERNAME' = undefined,
      'XOR-MAPPED-ADDRESS' = undefined,'XOR-PEER-ADDRESS' = [],
      'XOR-RELAYED-ADDRESS' = undefined} (stun:process_data/3:404)
2022-05-04 12:39:29.700146+00:00 [debug] Responding to STUN request [TLS, session ldnqmd1e0ty3, anonymous, client 127.0.0.1:36250] (stun:process/4:312)
2022-05-04 12:39:29.700261+00:00 [debug] Running 'stun_query' hook [TLS, session ldnqmd1e0ty3, anonymous, client 127.0.0.1:36250] (stun:run_hook/3:818)
2022-05-04 12:39:29.700416+00:00 [debug] Got 'stun_query' event [TLS, session ldnqmd1e0ty3, anonymous, client 127.0.0.1:36250] (eturnal_module:handle_event/2:176)
2022-05-04 12:39:29.700489+00:00 [debug] Calling mod_log_stun:handle_event/2 [TLS, session ldnqmd1e0ty3, anonymous, client 127.0.0.1:36250] (eturnal_module:handle_event/2:179)
2022-05-04 12:39:29.700557+00:00 [info] Responding to STUN request [TLS, session ldnqmd1e0ty3, anonymous, client 127.0.0.1:36250] (mod_log_stun:handle_event/2:45)
2022-05-04 12:39:29.700698+00:00 [debug] Calling mod_stats_influx:handle_event/2 [TLS, session ldnqmd1e0ty3, anonymous, client 127.0.0.1:36250] (eturnal_module:handle_event/2:179)
2022-05-04 12:39:29.700758+00:00 [debug] Writing STUN query event to InfluxDB [TLS, session ldnqmd1e0ty3, anonymous, client 127.0.0.1:36250] (mod_stats_influx:on_stun_query/1:70)
2022-05-04 12:39:29.701149+00:00 [debug] Sending:
#stun{class = response,method = 1,magic = 554869826,
      trid = 64004674755199304426205597584,raw = <<>>,unsupported = [],
      'ALTERNATE-SERVER' = undefined,'CHANNEL-NUMBER' = undefined,
      'DATA' = undefined,'DONT-FRAGMENT' = false,'ERROR-CODE' = undefined,
      'LIFETIME' = undefined,'MAPPED-ADDRESS' = undefined,
      'MESSAGE-INTEGRITY' = undefined,'NONCE' = undefined,'REALM' = undefined,
      'REQUESTED-ADDRESS-FAMILY' = undefined,
      'REQUESTED-TRANSPORT' = undefined,'SOFTWARE' = <<"P1 STUN library">>,
      'UNKNOWN-ATTRIBUTES' = [],'USERNAME' = undefined,
      'XOR-MAPPED-ADDRESS' = {{127,0,0,1},36250},
      'XOR-PEER-ADDRESS' = [],'XOR-RELAYED-ADDRESS' = undefined} (stun:send/3:445)
2022-05-04 12:39:29.701651+00:00 [info] Connection reset by peer [TLS, session ldnqmd1e0ty3, anonymous, client 127.0.0.1:36250] (stun:handle_info/3:170)
2022-05-04 12:39:29.726694+00:00 [debug] No NOTIFY_SOCKET, dropping STOPPING=1 notification (eturnal_systemd:handle_cast/2:109)
2022-05-04 12:39:29.726729+00:00 [debug] Terminating eturnal (shutdown) (eturnal:terminate/2:200)
2022-05-04 12:39:29.726885+00:00 [debug] Watchdog interval is undefined, hibernating (eturnal_systemd:get_timeout/1:162)
2022-05-04 12:39:29.726920+00:00 [info] Stopped listening on 127.0.0.1:34780 (udp) (eturnal:stop_listeners/1:395)
2022-05-04 12:39:29.727081+00:00 [info] Stopped listening on 127.0.0.1:34780 (tcp) (eturnal:stop_listeners/1:395)
2022-05-04 12:39:29.727268+00:00 [info] Stopped listening on 127.0.0.1:53490 (tls) (eturnal:stop_listeners/1:395)
2022-05-04 12:39:29.727451+00:00 [info] Stopped listening on 127.0.0.1:34781 (auto) (eturnal:stop_listeners/1:395)
2022-05-04 12:39:29.727879+00:00 [debug] Calling mod_log_stun:stop/1 (eturnal_module:stop/1:162)
2022-05-04 12:39:29.728043+00:00 [debug] Stopping mod_log_stun (mod_log_stun:stop/0:50)
2022-05-04 12:39:29.728145+00:00 [info] Stopped mod_log_stun (eturnal:stop_modules/1:343)
2022-05-04 12:39:29.729373+00:00 [debug] Calling mod_stats_influx:stop/1 (eturnal_module:stop/1:162)
2022-05-04 12:39:29.729525+00:00 [debug] Stopping mod_stats_influx (mod_stats_influx:stop/0:55)
2022-05-04 12:39:29.729754+00:00 [info] Stopped mod_stats_influx (eturnal:stop_modules/1:343)
2022-05-04 12:39:29.731692+00:00 [debug] Removed run/cert.pem (eturnal:clean_run_dir/0:727)
2022-05-04 12:39:29.731967+00:00 [debug] Terminating eturnal_systemd (shutdown) (eturnal_systemd:terminate/2:136)
2022-05-04 12:39:29.732172+00:00 [notice] Stopping eturnal 1.8.2 on Erlang/OTP 24 (ERTS 12.3) (eturnal_app:stop/1:54)
