2022-02-24 16:06:02.193943+00:00 [notice] Starting eturnal 1.8.1 on Erlang/OTP 24 (ERTS 12.2) (eturnal_app:start/2:35)
2022-02-24 16:06:02.194283+00:00 [debug] Starting supervisor: eturnal_sup (eturnal_sup:start_link/0:32)
2022-02-24 16:06:02.194481+00:00 [debug] Configuring eturnal_sup supervisor: [#{id => systemd,
                                       start =>
                                           {eturnal_systemd,start_link,[]}},
                                     #{id => eturnal,
                                       start => {eturnal,start_link,[]}}] (eturnal_sup:init/0:40)
2022-02-24 16:06:02.196731+00:00 [info] Got no NOTIFY_SOCKET, notifications disabled (eturnal_systemd:init/1:95)
2022-02-24 16:06:02.196929+00:00 [debug] PROGRESS REPORT:
    supervisor: {local,eturnal_sup}
    started: [{pid,<0.715.0>},
              {id,systemd},
              {mfargs,{eturnal_systemd,start_link,[]}},
              {restart_type,permanent},
              {significant,false},
              {shutdown,5000},
              {child_type,worker}]
 (supervisor:report_progress/2:1562)
2022-02-24 16:06:02.208692+00:00 [info] Cannot determine control query port: noport (eturnal:log_control_listener/0:289)
2022-02-24 16:06:02.208984+00:00 [debug] TURN configuration seems fine (eturnal:check_turn_config/1:501)
2022-02-24 16:06:02.209444+00:00 [debug] Using run directory run (eturnal:ensure_run_dir/0:693)
2022-02-24 16:06:02.209705+00:00 [warning] TLS enabled without 'tls_crt_file', creating self-signed certificate (eturnal:check_pem_file/0:624)
2022-02-24 16:06:03.489631+00:00 [debug] Calling mod_log_stun:start/0 (eturnal_module:start/1:139)
2022-02-24 16:06:03.490202+00:00 [debug] Starting mod_log_stun (mod_log_stun:start/0:39)
2022-02-24 16:06:03.490498+00:00 [info] Started mod_log_stun (eturnal:start_modules/0:300)
2022-02-24 16:06:03.490710+00:00 [debug] Calling mod_stats_influx:start/0 (eturnal_module:start/1:139)
2022-02-24 16:06:03.490975+00:00 [debug] Starting mod_stats_influx (mod_stats_influx:start/0:38)
2022-02-24 16:06:03.494701+00:00 [debug] PROGRESS REPORT:
    application: ulitos
    started_at: nonode@nohost
 (application_controller:info_started/2:2107)
2022-02-24 16:06:03.495977+00:00 [debug] PROGRESS REPORT:
    application: poolboy
    started_at: nonode@nohost
 (application_controller:info_started/2:2107)
2022-02-24 16:06:03.497331+00:00 [info]     msg: Starting application: influx_udp (influx_udp_app:start/2:10)
2022-02-24 16:06:03.500147+00:00 [debug] PROGRESS REPORT:
    supervisor: {local,influx_udp_sup}
    started: [{pid,<0.735.0>},
              {id,influx_udp},
              {mfargs,{influx_udp,start_link,[]}},
              {restart_type,permanent},
              {significant,false},
              {shutdown,5000},
              {child_type,worker}]
 (supervisor:report_progress/2:1562)
2022-02-24 16:06:03.500309+00:00 [debug] PROGRESS REPORT:
    application: influx_udp
    started_at: nonode@nohost
 (application_controller:info_started/2:2107)
2022-02-24 16:06:03.500313+00:00 [debug] Dependency influx_udp was available already (eturnal_module:ensure_dep/2:280)
2022-02-24 16:06:03.502621+00:00 [info]     host: {127,0,0,1}
    msg: Start clients pool
    options: #{host => "localhost",max_overflow => 1,pool_size => 1,
               port => 8089} (influx_udp:start_pool_/2:239)
2022-02-24 16:06:03.519978+00:00 [info]     msg: Open UDP socket on port
    port: 52824 (influx_udp_worker:init/1:43)
2022-02-24 16:06:03.520439+00:00 [debug] PROGRESS REPORT:
    supervisor: {local,influx_udp_sup}
    started: [{pid,<0.738.0>},
              {id,stats_influx_pool},
              {mfargs,
                  {poolboy,start_link,
                      [[{name,{local,stats_influx_pool}},
                        {worker_module,influx_udp_worker},
                        {size,1},
                        {max_overflow,1}],
                       [{options,
                            #{host => {127,0,0,1},
                              max_overflow => 1,pool_size => 1,
                              port => 8089}}]]}},
              {restart_type,permanent},
              {significant,false},
              {shutdown,5000},
              {child_type,worker}]
 (supervisor:report_progress/2:1562)
2022-02-24 16:06:03.520683+00:00 [info] Started mod_stats_influx (eturnal:start_modules/0:300)
2022-02-24 16:06:03.521255+00:00 [debug] Started 2 modules (eturnal:init/1:109)
2022-02-24 16:06:03.521651+00:00 [debug] Starting listener 127.0.0.1:34780 (udp) with options:
[{use_turn,true},
 {auth_type,user},
 {turn_ipv4_address,{10,1,1,29}},
 {turn_ipv6_address,{0,0,0,0,0,0,0,1}},
 {turn_min_port,49152},
 {turn_max_port,65535},
 {turn_max_allocations,10},
 {turn_max_permissions,10},
 {shaper,100000},
 {turn_blacklist,[{{203,0,113,0},24},{{8193,3512,0,0,0,0,0,0},32}]},
 {turn_whitelist,[{{203,0,113,113},32},{{8193,3512,0,0,0,0,0,0},64}]},
 {auth_realm,<<"eturnal.net">>},
 {server_name,<<"eturnal">>},
 {auth_fun,fun eturnal:get_password/2},
 {hook_fun,fun eturnal:run_hook/2}] (eturnal:start_listeners/0:344)
2022-02-24 16:06:03.522119+00:00 [info] Listening on 127.0.0.1:34780 (udp) (STUN/TURN) (eturnal:start_listeners/0:349)
2022-02-24 16:06:03.522423+00:00 [debug] Starting listener 127.0.0.1:34780 (tcp) with options:
[{use_turn,false},
 {auth_type,anonymous},
 {turn_ipv4_address,{10,1,1,29}},
 {turn_ipv6_address,{0,0,0,0,0,0,0,1}},
 {turn_min_port,49152},
 {turn_max_port,65535},
 {turn_max_allocations,10},
 {turn_max_permissions,10},
 {shaper,100000},
 {turn_blacklist,[{{203,0,113,0},24},{{8193,3512,0,0,0,0,0,0},32}]},
 {turn_whitelist,[{{203,0,113,113},32},{{8193,3512,0,0,0,0,0,0},64}]},
 {auth_realm,<<"eturnal.net">>},
 {server_name,<<"eturnal">>},
 {auth_fun,fun eturnal:get_password/2},
 {hook_fun,fun eturnal:run_hook/2}] (eturnal:start_listeners/0:344)
2022-02-24 16:06:03.540198+00:00 [info] Listening on 127.0.0.1:34780 (tcp) (STUN only) (eturnal:start_listeners/0:349)
2022-02-24 16:06:03.540414+00:00 [debug] Starting listener 127.0.0.1:53490 (tls) with options:
[{use_turn,false},
 {auth_type,anonymous},
 {tls,true},
 {certfile,<<"run/cert.pem">>},
 {ciphers,<<"HIGH:!aNULL:@STRENGTH">>},
 {protocol_options,<<"no_tlsv1|no_tlsv1_1|cipher_server_preference">>},
 {turn_ipv4_address,{10,1,1,29}},
 {turn_ipv6_address,{0,0,0,0,0,0,0,1}},
 {turn_min_port,49152},
 {turn_max_port,65535},
 {turn_max_allocations,10},
 {turn_max_permissions,10},
 {shaper,100000},
 {turn_blacklist,[{{203,0,113,0},24},{{8193,3512,0,0,0,0,0,0},32}]},
 {turn_whitelist,[{{203,0,113,113},32},{{8193,3512,0,0,0,0,0,0},64}]},
 {auth_realm,<<"eturnal.net">>},
 {server_name,<<"eturnal">>},
 {auth_fun,fun eturnal:get_password/2},
 {hook_fun,fun eturnal:run_hook/2}] (eturnal:start_listeners/0:344)
2022-02-24 16:06:03.540997+00:00 [info] Listening on 127.0.0.1:53490 (tls) (STUN only) (eturnal:start_listeners/0:349)
2022-02-24 16:06:03.541231+00:00 [debug] Starting listener 127.0.0.1:34781 (auto) with options:
[{use_turn,false},
 {auth_type,anonymous},
 {tls,optional},
 {certfile,<<"run/cert.pem">>},
 {ciphers,<<"HIGH:!aNULL:@STRENGTH">>},
 {protocol_options,<<"no_tlsv1|no_tlsv1_1|cipher_server_preference">>},
 {turn_ipv4_address,{10,1,1,29}},
 {turn_ipv6_address,{0,0,0,0,0,0,0,1}},
 {turn_min_port,49152},
 {turn_max_port,65535},
 {turn_max_allocations,10},
 {turn_max_permissions,10},
 {shaper,100000},
 {turn_blacklist,[{{203,0,113,0},24},{{8193,3512,0,0,0,0,0,0},32}]},
 {turn_whitelist,[{{203,0,113,113},32},{{8193,3512,0,0,0,0,0,0},64}]},
 {auth_realm,<<"eturnal.net">>},
 {server_name,<<"eturnal">>},
 {auth_fun,fun eturnal:get_password/2},
 {hook_fun,fun eturnal:run_hook/2}] (eturnal:start_listeners/0:344)
2022-02-24 16:06:03.561145+00:00 [info] Listening on 127.0.0.1:34781 (auto) (STUN only) (eturnal:start_listeners/0:349)
2022-02-24 16:06:03.561487+00:00 [debug] Started 4 listeners (eturnal:init/1:117)
2022-02-24 16:06:03.561616+00:00 [debug] PROGRESS REPORT:
    supervisor: {local,eturnal_sup}
    started: [{pid,<0.717.0>},
              {id,eturnal},
              {mfargs,{eturnal,start_link,[]}},
              {restart_type,permanent},
              {significant,false},
              {shutdown,5000},
              {child_type,worker}]
 (supervisor:report_progress/2:1562)
2022-02-24 16:06:03.561743+00:00 [debug] No NOTIFY_SOCKET, dropping READY=1 notification (eturnal_systemd:handle_cast/2:109)
2022-02-24 16:06:03.561892+00:00 [debug] Watchdog interval is undefined, hibernating (eturnal_systemd:get_timeout/1:162)
2022-02-24 16:06:03.561870+00:00 [debug] PROGRESS REPORT:
    application: eturnal
    started_at: nonode@nohost
 (application_controller:info_started/2:2107)
2022-02-24 16:06:03.599747+00:00 [debug] Handling API call: get_info() (eturnal_ctl:get_info/0:143)
2022-02-24 16:06:03.600453+00:00 [debug] eturnal call (get_info) returned {ok,
                                  {eturnal_node_info,<<"1.8.1">>,
                                   {"24","12.2"},
                                   4569,0,136,93228308,2,39260480}} (eturnal_ctl:call/1:456)
2022-02-24 16:06:03.625378+00:00 [debug] Handling API call: get_sessions() (eturnal_ctl:get_sessions/0:106)
2022-02-24 16:06:03.650655+00:00 [debug] Handling API call: get_sessions("alice") (eturnal_ctl:get_sessions/1:120)
2022-02-24 16:06:03.650931+00:00 [debug] Handling API call: disconnect(alice) (eturnal_ctl:disconnect/1:192)
2022-02-24 16:06:03.651052+00:00 [debug] Cannot convert user name to binary: alice (eturnal_ctl:disconnect/1:202)
2022-02-24 16:06:03.676787+00:00 [debug] Handling API call: disconnect("alice") (eturnal_ctl:disconnect/1:192)
2022-02-24 16:06:03.677048+00:00 [debug] Handling API call: disconnect(alice) (eturnal_ctl:disconnect/1:192)
2022-02-24 16:06:03.677244+00:00 [debug] Cannot convert user name to binary: alice (eturnal_ctl:disconnect/1:202)
2022-02-24 16:06:03.701407+00:00 [debug] Handling API call: get_credentials("2009-10-30 11:00:00Z", []) (eturnal_ctl:get_credentials/2:60)
2022-02-24 16:06:03.701780+00:00 [debug] eturnal call ({get_password,<<"1256900400">>}) returned {ok,
                                                         <<"uEKlpcME7MNMMVRV8rUFPCTIFEs=">>} (eturnal_ctl:call/1:456)
2022-02-24 16:06:03.711655+00:00 [debug] Handling API call: get_credentials("86400", "alice") (eturnal_ctl:get_credentials/2:60)
2022-02-24 16:06:03.712057+00:00 [debug] eturnal call ({get_password,<<"1645805163:alice">>}) returned {ok,
                                                               <<"qNz4sNucv3FzloUorEnATe/7Iug=">>} (eturnal_ctl:call/1:456)
2022-02-24 16:06:03.712258+00:00 [debug] Handling API call: get_password("1645805163:alice") (eturnal_ctl:get_password/1:79)
2022-02-24 16:06:03.712440+00:00 [debug] eturnal call ({get_password,<<"1645805163:alice">>}) returned {ok,
                                                               <<"qNz4sNucv3FzloUorEnATe/7Iug=">>} (eturnal_ctl:call/1:456)
2022-02-24 16:06:03.712601+00:00 [debug] Handling API call: get_credentials("86400s", "alice") (eturnal_ctl:get_credentials/2:60)
2022-02-24 16:06:03.712755+00:00 [debug] eturnal call ({get_password,<<"1645805163:alice">>}) returned {ok,
                                                               <<"qNz4sNucv3FzloUorEnATe/7Iug=">>} (eturnal_ctl:call/1:456)
2022-02-24 16:06:03.712918+00:00 [debug] Handling API call: get_password("1645805163:alice") (eturnal_ctl:get_password/1:79)
2022-02-24 16:06:03.713079+00:00 [debug] eturnal call ({get_password,<<"1645805163:alice">>}) returned {ok,
                                                               <<"qNz4sNucv3FzloUorEnATe/7Iug=">>} (eturnal_ctl:call/1:456)
2022-02-24 16:06:03.713341+00:00 [debug] Handling API call: get_credentials("1440m", "alice") (eturnal_ctl:get_credentials/2:60)
2022-02-24 16:06:03.713573+00:00 [debug] eturnal call ({get_password,<<"1645805163:alice">>}) returned {ok,
                                                               <<"qNz4sNucv3FzloUorEnATe/7Iug=">>} (eturnal_ctl:call/1:456)
2022-02-24 16:06:03.713765+00:00 [debug] Handling API call: get_password("1645805163:alice") (eturnal_ctl:get_password/1:79)
2022-02-24 16:06:03.713936+00:00 [debug] eturnal call ({get_password,<<"1645805163:alice">>}) returned {ok,
                                                               <<"qNz4sNucv3FzloUorEnATe/7Iug=">>} (eturnal_ctl:call/1:456)
2022-02-24 16:06:03.714144+00:00 [debug] Handling API call: get_credentials("24h", "alice") (eturnal_ctl:get_credentials/2:60)
2022-02-24 16:06:03.714307+00:00 [debug] eturnal call ({get_password,<<"1645805163:alice">>}) returned {ok,
                                                               <<"qNz4sNucv3FzloUorEnATe/7Iug=">>} (eturnal_ctl:call/1:456)
2022-02-24 16:06:03.714464+00:00 [debug] Handling API call: get_password("1645805163:alice") (eturnal_ctl:get_password/1:79)
2022-02-24 16:06:03.714621+00:00 [debug] eturnal call ({get_password,<<"1645805163:alice">>}) returned {ok,
                                                               <<"qNz4sNucv3FzloUorEnATe/7Iug=">>} (eturnal_ctl:call/1:456)
2022-02-24 16:06:03.714798+00:00 [debug] Handling API call: get_credentials("1d", "alice") (eturnal_ctl:get_credentials/2:60)
2022-02-24 16:06:03.714954+00:00 [debug] eturnal call ({get_password,<<"1645805163:alice">>}) returned {ok,
                                                               <<"qNz4sNucv3FzloUorEnATe/7Iug=">>} (eturnal_ctl:call/1:456)
2022-02-24 16:06:03.715088+00:00 [debug] Handling API call: get_password("1645805163:alice") (eturnal_ctl:get_password/1:79)
2022-02-24 16:06:03.715204+00:00 [debug] eturnal call ({get_password,<<"1645805163:alice">>}) returned {ok,
                                                               <<"qNz4sNucv3FzloUorEnATe/7Iug=">>} (eturnal_ctl:call/1:456)
2022-02-24 16:06:03.715353+00:00 [debug] Handling API call: get_password("Invalid") (eturnal_ctl:get_password/1:79)
2022-02-24 16:06:03.715443+00:00 [debug] Invalid user name: Invalid (eturnal_ctl:get_password/1:93)
2022-02-24 16:06:03.715533+00:00 [debug] Handling API call: get_credentials("Invalid", []) (eturnal_ctl:get_credentials/2:60)
2022-02-24 16:06:03.715654+00:00 [debug] Invalid argument(s): "Invalid":[] (eturnal_ctl:get_credentials/2:73)
2022-02-24 16:06:03.715747+00:00 [debug] Handling API call: get_password(invalid) (eturnal_ctl:get_password/1:79)
2022-02-24 16:06:03.715853+00:00 [debug] Cannot convert user name to binary: invalid (eturnal_ctl:get_password/1:100)
2022-02-24 16:06:03.715933+00:00 [debug] Handling API call: get_credentials(invalid, []) (eturnal_ctl:get_credentials/2:60)
2022-02-24 16:06:03.716015+00:00 [debug] Invalid argument(s): invalid:[] (eturnal_ctl:get_credentials/2:73)
2022-02-24 16:06:03.716118+00:00 [debug] Handling API call: get_password([invalid]) (eturnal_ctl:get_password/1:79)
2022-02-24 16:06:03.716209+00:00 [debug] Cannot convert user name to binary: [invalid] (eturnal_ctl:get_password/1:100)
2022-02-24 16:06:03.716304+00:00 [debug] Handling API call: get_credentials([invalid], []) (eturnal_ctl:get_credentials/2:60)
2022-02-24 16:06:03.716392+00:00 [debug] Invalid argument(s): [invalid]:[] (eturnal_ctl:get_credentials/2:73)
2022-02-24 16:06:03.716531+00:00 [debug] Handling API call: get_credentials(1256900400, invalid) (eturnal_ctl:get_credentials/2:60)
2022-02-24 16:06:03.716621+00:00 [debug] Invalid argument(s): 1256900400:invalid (eturnal_ctl:get_credentials/2:73)
2022-02-24 16:06:03.742447+00:00 [debug] Handling API call: set_loglevel(debug) (eturnal_ctl:set_loglevel/1:173)
2022-02-24 16:06:03.742785+00:00 [debug] eturnal call ({set_loglevel,debug}) returned ok (eturnal_ctl:call/1:453)
2022-02-24 16:06:03.743028+00:00 [debug] Handling API call: get_loglevel() (eturnal_ctl:get_loglevel/0:163)
2022-02-24 16:06:03.743318+00:00 [debug] eturnal call (get_loglevel) returned {ok,debug} (eturnal_ctl:call/1:456)
2022-02-24 16:06:03.743595+00:00 [debug] Handling API call: set_loglevel(invalid) (eturnal_ctl:set_loglevel/1:173)
2022-02-24 16:06:03.743929+00:00 [debug] Invalid log level: invalid (eturnal_ctl:set_loglevel/1:183)
2022-02-24 16:06:03.744134+00:00 [debug] Handling API call: get_loglevel() (eturnal_ctl:get_loglevel/0:163)
2022-02-24 16:06:03.744453+00:00 [debug] eturnal call (get_loglevel) returned {ok,debug} (eturnal_ctl:call/1:456)
2022-02-24 16:06:03.770905+00:00 [debug] Handling API call: get_version() (eturnal_ctl:get_version/0:153)
2022-02-24 16:06:03.771099+00:00 [debug] eturnal call (get_version) returned {ok,<<"1.8.1">>} (eturnal_ctl:call/1:456)
2022-02-24 16:06:03.797956+00:00 [debug] Handling API call: reload() (eturnal_ctl:reload/0:208)
2022-02-24 16:06:03.799657+00:00 [debug] Calling mod_log_stun:options/0 (eturnal_module:options/1:188)
2022-02-24 16:06:03.799826+00:00 [debug] Calling mod_stats_influx:options/0 (eturnal_module:options/1:188)
2022-02-24 16:06:03.800278+00:00 [warning] TLS enabled without 'tls_crt_file', creating self-signed certificate (eturnal:check_pem_file/0:624)
2022-02-24 16:06:04.213253+00:00 [info] Using new TLS certificate (eturnal:handle_call/3:136)
2022-02-24 16:06:04.213522+00:00 [debug] Reloaded configuration (eturnal:handle_call/3:142)
2022-02-24 16:06:04.213675+00:00 [debug] eturnal call (reload) returned ok (eturnal_ctl:call/1:453)
2022-02-24 16:06:04.214053+00:00 [debug] Handling API call: reload() (eturnal_ctl:reload/0:208)
2022-02-24 16:06:04.215614+00:00 [debug] Calling mod_log_stun:options/0 (eturnal_module:options/1:188)
2022-02-24 16:06:04.215798+00:00 [debug] Calling mod_stats_influx:options/0 (eturnal_module:options/1:188)
2022-02-24 16:06:04.216281+00:00 [debug] Keeping PEM file (run/cert.pem) (eturnal:check_pem_file/0:621)
2022-02-24 16:06:04.216390+00:00 [debug] TLS certificate unchanged (eturnal:handle_call/3:138)
2022-02-24 16:06:04.216520+00:00 [debug] Reloaded configuration (eturnal:handle_call/3:142)
2022-02-24 16:06:04.216970+00:00 [debug] eturnal call (reload) returned ok (eturnal_ctl:call/1:453)
2022-02-24 16:06:04.244015+00:00 [info] Accepting connection: 127.0.0.1:56624 -> 127.0.0.1:34780 [TCP, session j] (stun_listener:accept/3:221)
2022-02-24 16:06:04.269475+00:00 [info] Accepting connection: 127.0.0.1:41976 -> 127.0.0.1:53490 [TLS, session y] (stun_listener:accept/3:221)
2022-02-24 16:06:04.302201+00:00 [debug] Received:
#stun{class = request,method = 3,magic = 554869826,
      trid = 54903653806373053511919269609,raw = <<>>,unsupported = [],
      'ALTERNATE-SERVER' = undefined,'CHANNEL-NUMBER' = undefined,
      'DATA' = undefined,'DONT-FRAGMENT' = false,'ERROR-CODE' = undefined,
      'LIFETIME' = undefined,'MAPPED-ADDRESS' = undefined,
      'MESSAGE-INTEGRITY' = undefined,'NONCE' = undefined,'REALM' = undefined,
      'REQUESTED-ADDRESS-FAMILY' = undefined,
      'REQUESTED-TRANSPORT' = undefined,'SOFTWARE' = undefined,
      'UNKNOWN-ATTRIBUTES' = [],'USERNAME' = undefined,
      'XOR-MAPPED-ADDRESS' = undefined,'XOR-PEER-ADDRESS' = [],
      'XOR-RELAYED-ADDRESS' = undefined} (stun:udp_recv/5:111)
2022-02-24 16:06:04.302421+00:00 [debug] Sending:
#stun{class = error,method = 3,magic = 554869826,
      trid = 54903653806373053511919269609,raw = <<>>,unsupported = [],
      'ALTERNATE-SERVER' = undefined,'CHANNEL-NUMBER' = undefined,
      'DATA' = undefined,'DONT-FRAGMENT' = false,
      'ERROR-CODE' = {401,<<"Unauthorized">>},
      'LIFETIME' = undefined,'MAPPED-ADDRESS' = undefined,
      'MESSAGE-INTEGRITY' = undefined,'NONCE' = <<"2819694488">>,
      'REALM' = <<"eturnal.net">>,'REQUESTED-ADDRESS-FAMILY' = undefined,
      'REQUESTED-TRANSPORT' = undefined,'SOFTWARE' = <<"eturnal">>,
      'UNKNOWN-ATTRIBUTES' = [],'USERNAME' = undefined,
      'XOR-MAPPED-ADDRESS' = undefined,'XOR-PEER-ADDRESS' = [],
      'XOR-RELAYED-ADDRESS' = undefined} (stun:send/3:445)
2022-02-24 16:06:04.302792+00:00 [debug] Received:
#stun{class = request,method = 3,magic = 554869826,
      trid = 19787666206507863850960921844,
      raw = <<0,3,0,80,33,18,164,66,63,239,249,78,121,198,231,220,88,129,164,
              244,0,25,0,4,17,0,0,0,0,6,0,10,50,49,52,53,57,49,51,50,48,48,0,0,
              0,20,0,11,101,116,117,114,110,97,108,46,110,101,116,0,0,21,0,10,
              50,56,49,57,54,57,52,52,56,56,0,0>>,
      unsupported = [],'ALTERNATE-SERVER' = undefined,
      'CHANNEL-NUMBER' = undefined,'DATA' = undefined,'DONT-FRAGMENT' = false,
      'ERROR-CODE' = undefined,'LIFETIME' = undefined,
      'MAPPED-ADDRESS' = undefined,
      'MESSAGE-INTEGRITY' = <<92,225,245,159,181,0,93,249,207,83,26,165,123,
                              211,55,197,204,219,151,143>>,
      'NONCE' = <<"2819694488">>,'REALM' = <<"eturnal.net">>,
      'REQUESTED-ADDRESS-FAMILY' = undefined,'REQUESTED-TRANSPORT' = udp,
      'SOFTWARE' = undefined,'UNKNOWN-ATTRIBUTES' = [],
      'USERNAME' = <<"2145913200">>,'XOR-MAPPED-ADDRESS' = undefined,
      'XOR-PEER-ADDRESS' = [],'XOR-RELAYED-ADDRESS' = undefined} (stun:udp_recv/5:111)
2022-02-24 16:06:04.302948+00:00 [debug] Looking up password for: 2145913200 [UDP, session 2b, user 2145913200, client 127.0.0.1:57190] (eturnal:get_password/2:221)
2022-02-24 16:06:04.303058+00:00 [info] Accepting long-term STUN/TURN authentication [UDP, session 2b, user 2145913200, client 127.0.0.1:57190] (stun:process/2:249)
2022-02-24 16:06:04.306596+00:00 [debug] Running 'turn_session_start' hook [UDP, session 2b, user 2145913200, client 127.0.0.1:57190] (turn:run_hook/2:711)
2022-02-24 16:06:04.306713+00:00 [debug] Got 'turn_session_start' event [UDP, session 2b, user 2145913200, client 127.0.0.1:57190] (eturnal_module:handle_event/2:173)
2022-02-24 16:06:04.306981+00:00 [notice] Creating TURN allocation (lifetime: 599 seconds) [UDP, session 2b, user 2145913200, client 127.0.0.1:57190, relay 10.1.1.29:64686] (turn:wait_for_allocate/2:207)
2022-02-24 16:06:04.307117+00:00 [debug] Sending:
#stun{class = response,method = 3,magic = 554869826,
      trid = 19787666206507863850960921844,raw = <<>>,unsupported = [],
      'ALTERNATE-SERVER' = undefined,'CHANNEL-NUMBER' = undefined,
      'DATA' = undefined,'DONT-FRAGMENT' = false,'ERROR-CODE' = undefined,
      'LIFETIME' = 599,'MAPPED-ADDRESS' = undefined,
      'MESSAGE-INTEGRITY' = undefined,'NONCE' = undefined,'REALM' = undefined,
      'REQUESTED-ADDRESS-FAMILY' = undefined,
      'REQUESTED-TRANSPORT' = undefined,'SOFTWARE' = undefined,
      'UNKNOWN-ATTRIBUTES' = [],'USERNAME' = undefined,
      'XOR-MAPPED-ADDRESS' = {{127,0,0,1},57190},
      'XOR-PEER-ADDRESS' = [],
      'XOR-RELAYED-ADDRESS' = {{10,1,1,29},64686}} (turn:send/2:521)
2022-02-24 16:06:04.307482+00:00 [debug] Received:
#stun{class = request,method = 4,magic = 554869826,
      trid = 12278331592160209615964304649,
      raw = <<0,4,0,80,33,18,164,66,39,172,101,217,85,251,232,253,167,71,117,9,
              0,6,0,10,50,49,52,53,57,49,51,50,48,48,0,0,0,20,0,11,101,116,117,
              114,110,97,108,46,110,101,116,0,0,21,0,10,50,56,49,57,54,57,52,
              52,56,56,0,0,0,13,0,4,0,0,0,0>>,
      unsupported = [],'ALTERNATE-SERVER' = undefined,
      'CHANNEL-NUMBER' = undefined,'DATA' = undefined,'DONT-FRAGMENT' = false,
      'ERROR-CODE' = undefined,'LIFETIME' = 0,'MAPPED-ADDRESS' = undefined,
      'MESSAGE-INTEGRITY' = <<32,19,86,1,119,121,3,150,30,191,188,214,29,33,96,
                              10,110,195,94,3>>,
      'NONCE' = <<"2819694488">>,'REALM' = <<"eturnal.net">>,
      'REQUESTED-ADDRESS-FAMILY' = undefined,
      'REQUESTED-TRANSPORT' = undefined,'SOFTWARE' = undefined,
      'UNKNOWN-ATTRIBUTES' = [],'USERNAME' = <<"2145913200">>,
      'XOR-MAPPED-ADDRESS' = undefined,'XOR-PEER-ADDRESS' = [],
      'XOR-RELAYED-ADDRESS' = undefined} (stun:udp_recv/5:111)
2022-02-24 16:06:04.307638+00:00 [debug] Looking up password for: 2145913200 [UDP, session 37, user 2145913200, client 127.0.0.1:57190] (eturnal:get_password/2:221)
2022-02-24 16:06:04.307763+00:00 [info] Accepting long-term STUN/TURN authentication [UDP, session 37, user 2145913200, client 127.0.0.1:57190] (stun:process/2:249)
2022-02-24 16:06:04.307834+00:00 [info] Client requested closing the TURN session [UDP, session 2b, user 2145913200, client 127.0.0.1:57190, relay 10.1.1.29:64686] (turn:active/2:262)
2022-02-24 16:06:04.307994+00:00 [debug] Sending:
#stun{class = response,method = 4,magic = 554869826,
      trid = 12278331592160209615964304649,raw = <<>>,unsupported = [],
      'ALTERNATE-SERVER' = undefined,'CHANNEL-NUMBER' = undefined,
      'DATA' = undefined,'DONT-FRAGMENT' = false,'ERROR-CODE' = undefined,
      'LIFETIME' = 0,'MAPPED-ADDRESS' = undefined,
      'MESSAGE-INTEGRITY' = undefined,'NONCE' = undefined,'REALM' = undefined,
      'REQUESTED-ADDRESS-FAMILY' = undefined,
      'REQUESTED-TRANSPORT' = undefined,'SOFTWARE' = undefined,
      'UNKNOWN-ATTRIBUTES' = [],'USERNAME' = undefined,
      'XOR-MAPPED-ADDRESS' = undefined,'XOR-PEER-ADDRESS' = [],
      'XOR-RELAYED-ADDRESS' = undefined} (turn:send/2:521)
2022-02-24 16:06:04.308134+00:00 [info] Deleting TURN allocation [UDP, session 2b, user 2145913200, client 127.0.0.1:57190, relay 10.1.1.29:64686] (turn:terminate/3:454)
2022-02-24 16:06:04.308223+00:00 [notice] Relayed 0 KiB (in 0 B / 0 packets, out 0 B / 0 packets), duration: 0 seconds [UDP, session 2b, user 2145913200, client 127.0.0.1:57190, relay 10.1.1.29:64686] (turn:terminate/3:461)
2022-02-24 16:06:04.308267+00:00 [debug] Running 'turn_session_stop' hook [UDP, session 2b, user 2145913200, client 127.0.0.1:57190, relay 10.1.1.29:64686] (turn:run_hook/2:711)
2022-02-24 16:06:04.308309+00:00 [debug] Got 'turn_session_stop' event [UDP, session 2b, user 2145913200, client 127.0.0.1:57190, relay 10.1.1.29:64686] (eturnal_module:handle_event/2:173)
2022-02-24 16:06:04.308341+00:00 [debug] Calling mod_stats_influx:handle_event/2 [UDP, session 2b, user 2145913200, client 127.0.0.1:57190, relay 10.1.1.29:64686] (eturnal_module:handle_event/2:176)
2022-02-24 16:06:04.308378+00:00 [debug] Writing stats of TURN session 2b to InfluxDB [UDP, session 2b, user 2145913200, client 127.0.0.1:57190, relay 10.1.1.29:64686] (mod_stats_influx:on_turn_session_stop/1:81)
2022-02-24 16:06:04.336167+00:00 [debug] Received:
#stun{class = request,method = 1,magic = 554869826,
      trid = 42503178078792035890749477156,raw = <<>>,unsupported = [],
      'ALTERNATE-SERVER' = undefined,'CHANNEL-NUMBER' = undefined,
      'DATA' = undefined,'DONT-FRAGMENT' = false,'ERROR-CODE' = undefined,
      'LIFETIME' = undefined,'MAPPED-ADDRESS' = undefined,
      'MESSAGE-INTEGRITY' = undefined,'NONCE' = undefined,'REALM' = undefined,
      'REQUESTED-ADDRESS-FAMILY' = undefined,
      'REQUESTED-TRANSPORT' = undefined,'SOFTWARE' = undefined,
      'UNKNOWN-ATTRIBUTES' = [],'USERNAME' = undefined,
      'XOR-MAPPED-ADDRESS' = undefined,'XOR-PEER-ADDRESS' = [],
      'XOR-RELAYED-ADDRESS' = undefined} (stun:udp_recv/5:111)
2022-02-24 16:06:04.336331+00:00 [debug] Responding to STUN request [UDP, session 36, anonymous, client 127.0.0.1:36972] (stun:process/4:312)
2022-02-24 16:06:04.336392+00:00 [debug] Running 'stun_query' hook [UDP, session 36, anonymous, client 127.0.0.1:36972] (stun:run_hook/3:818)
2022-02-24 16:06:04.336504+00:00 [debug] Got 'stun_query' event [UDP, session 36, anonymous, client 127.0.0.1:36972] (eturnal_module:handle_event/2:173)
2022-02-24 16:06:04.336545+00:00 [debug] Calling mod_log_stun:handle_event/2 [UDP, session 36, anonymous, client 127.0.0.1:36972] (eturnal_module:handle_event/2:176)
2022-02-24 16:06:04.336598+00:00 [info] Responding to STUN request [UDP, session 36, anonymous, client 127.0.0.1:36972] (mod_log_stun:handle_event/2:45)
2022-02-24 16:06:04.336676+00:00 [debug] Calling mod_stats_influx:handle_event/2 [UDP, session 36, anonymous, client 127.0.0.1:36972] (eturnal_module:handle_event/2:176)
2022-02-24 16:06:04.336736+00:00 [debug] Writing STUN query event to InfluxDB [UDP, session 36, anonymous, client 127.0.0.1:36972] (mod_stats_influx:on_stun_query/1:70)
2022-02-24 16:06:04.336999+00:00 [debug] Sending:
#stun{class = response,method = 1,magic = 554869826,
      trid = 42503178078792035890749477156,raw = <<>>,unsupported = [],
      'ALTERNATE-SERVER' = undefined,'CHANNEL-NUMBER' = undefined,
      'DATA' = undefined,'DONT-FRAGMENT' = false,'ERROR-CODE' = undefined,
      'LIFETIME' = undefined,'MAPPED-ADDRESS' = undefined,
      'MESSAGE-INTEGRITY' = undefined,'NONCE' = undefined,'REALM' = undefined,
      'REQUESTED-ADDRESS-FAMILY' = undefined,
      'REQUESTED-TRANSPORT' = undefined,'SOFTWARE' = <<"eturnal">>,
      'UNKNOWN-ATTRIBUTES' = [],'USERNAME' = undefined,
      'XOR-MAPPED-ADDRESS' = {{127,0,0,1},36972},
      'XOR-PEER-ADDRESS' = [],'XOR-RELAYED-ADDRESS' = undefined} (stun:send/3:445)
2022-02-24 16:06:04.363043+00:00 [info] Accepting connection: 127.0.0.1:56628 -> 127.0.0.1:34780 [TCP, session z] (stun_listener:accept/3:221)
2022-02-24 16:06:04.363485+00:00 [debug] Received:
#stun{class = request,method = 1,magic = 554869826,
      trid = 15473471925165449866696671074,raw = <<>>,unsupported = [],
      'ALTERNATE-SERVER' = undefined,'CHANNEL-NUMBER' = undefined,
      'DATA' = undefined,'DONT-FRAGMENT' = false,'ERROR-CODE' = undefined,
      'LIFETIME' = undefined,'MAPPED-ADDRESS' = undefined,
      'MESSAGE-INTEGRITY' = undefined,'NONCE' = undefined,'REALM' = undefined,
      'REQUESTED-ADDRESS-FAMILY' = undefined,
      'REQUESTED-TRANSPORT' = undefined,'SOFTWARE' = undefined,
      'UNKNOWN-ATTRIBUTES' = [],'USERNAME' = undefined,
      'XOR-MAPPED-ADDRESS' = undefined,'XOR-PEER-ADDRESS' = [],
      'XOR-RELAYED-ADDRESS' = undefined} (stun:process_data/3:404)
2022-02-24 16:06:04.363668+00:00 [debug] Responding to STUN request [TCP, session z, anonymous, client 127.0.0.1:56628] (stun:process/4:312)
2022-02-24 16:06:04.363746+00:00 [debug] Running 'stun_query' hook [TCP, session z, anonymous, client 127.0.0.1:56628] (stun:run_hook/3:818)
2022-02-24 16:06:04.363813+00:00 [debug] Got 'stun_query' event [TCP, session z, anonymous, client 127.0.0.1:56628] (eturnal_module:handle_event/2:173)
2022-02-24 16:06:04.363871+00:00 [debug] Calling mod_log_stun:handle_event/2 [TCP, session z, anonymous, client 127.0.0.1:56628] (eturnal_module:handle_event/2:176)
2022-02-24 16:06:04.363941+00:00 [info] Responding to STUN request [TCP, session z, anonymous, client 127.0.0.1:56628] (mod_log_stun:handle_event/2:45)
2022-02-24 16:06:04.364039+00:00 [debug] Calling mod_stats_influx:handle_event/2 [TCP, session z, anonymous, client 127.0.0.1:56628] (eturnal_module:handle_event/2:176)
2022-02-24 16:06:04.364094+00:00 [debug] Writing STUN query event to InfluxDB [TCP, session z, anonymous, client 127.0.0.1:56628] (mod_stats_influx:on_stun_query/1:70)
2022-02-24 16:06:04.364420+00:00 [debug] Sending:
#stun{class = response,method = 1,magic = 554869826,
      trid = 15473471925165449866696671074,raw = <<>>,unsupported = [],
      'ALTERNATE-SERVER' = undefined,'CHANNEL-NUMBER' = undefined,
      'DATA' = undefined,'DONT-FRAGMENT' = false,'ERROR-CODE' = undefined,
      'LIFETIME' = undefined,'MAPPED-ADDRESS' = undefined,
      'MESSAGE-INTEGRITY' = undefined,'NONCE' = undefined,'REALM' = undefined,
      'REQUESTED-ADDRESS-FAMILY' = undefined,
      'REQUESTED-TRANSPORT' = undefined,'SOFTWARE' = <<"P1 STUN library">>,
      'UNKNOWN-ATTRIBUTES' = [],'USERNAME' = undefined,
      'XOR-MAPPED-ADDRESS' = {{127,0,0,1},56628},
      'XOR-PEER-ADDRESS' = [],'XOR-RELAYED-ADDRESS' = undefined} (stun:send/3:445)
2022-02-24 16:06:04.364730+00:00 [info] Connection reset by peer [TCP, session z, anonymous, client 127.0.0.1:56628] (stun:handle_info/3:170)
2022-02-24 16:06:04.390160+00:00 [info] Accepting connection: 127.0.0.1:41980 -> 127.0.0.1:53490 [TLS, session 1u] (stun_listener:accept/3:221)
2022-02-24 16:06:04.501256+00:00 [debug] Received:
#stun{class = request,method = 1,magic = 554869826,
      trid = 23284270283193986897902066790,raw = <<>>,unsupported = [],
      'ALTERNATE-SERVER' = undefined,'CHANNEL-NUMBER' = undefined,
      'DATA' = undefined,'DONT-FRAGMENT' = false,'ERROR-CODE' = undefined,
      'LIFETIME' = undefined,'MAPPED-ADDRESS' = undefined,
      'MESSAGE-INTEGRITY' = undefined,'NONCE' = undefined,'REALM' = undefined,
      'REQUESTED-ADDRESS-FAMILY' = undefined,
      'REQUESTED-TRANSPORT' = undefined,'SOFTWARE' = undefined,
      'UNKNOWN-ATTRIBUTES' = [],'USERNAME' = undefined,
      'XOR-MAPPED-ADDRESS' = undefined,'XOR-PEER-ADDRESS' = [],
      'XOR-RELAYED-ADDRESS' = undefined} (stun:process_data/3:404)
2022-02-24 16:06:04.501454+00:00 [debug] Responding to STUN request [TLS, session 1u, anonymous, client 127.0.0.1:41980] (stun:process/4:312)
2022-02-24 16:06:04.501496+00:00 [debug] Running 'stun_query' hook [TLS, session 1u, anonymous, client 127.0.0.1:41980] (stun:run_hook/3:818)
2022-02-24 16:06:04.501553+00:00 [debug] Got 'stun_query' event [TLS, session 1u, anonymous, client 127.0.0.1:41980] (eturnal_module:handle_event/2:173)
2022-02-24 16:06:04.501625+00:00 [debug] Calling mod_log_stun:handle_event/2 [TLS, session 1u, anonymous, client 127.0.0.1:41980] (eturnal_module:handle_event/2:176)
2022-02-24 16:06:04.501705+00:00 [info] Responding to STUN request [TLS, session 1u, anonymous, client 127.0.0.1:41980] (mod_log_stun:handle_event/2:45)
2022-02-24 16:06:04.501756+00:00 [debug] Calling mod_stats_influx:handle_event/2 [TLS, session 1u, anonymous, client 127.0.0.1:41980] (eturnal_module:handle_event/2:176)
2022-02-24 16:06:04.501803+00:00 [debug] Writing STUN query event to InfluxDB [TLS, session 1u, anonymous, client 127.0.0.1:41980] (mod_stats_influx:on_stun_query/1:70)
2022-02-24 16:06:04.502055+00:00 [debug] Sending:
#stun{class = response,method = 1,magic = 554869826,
      trid = 23284270283193986897902066790,raw = <<>>,unsupported = [],
      'ALTERNATE-SERVER' = undefined,'CHANNEL-NUMBER' = undefined,
      'DATA' = undefined,'DONT-FRAGMENT' = false,'ERROR-CODE' = undefined,
      'LIFETIME' = undefined,'MAPPED-ADDRESS' = undefined,
      'MESSAGE-INTEGRITY' = undefined,'NONCE' = undefined,'REALM' = undefined,
      'REQUESTED-ADDRESS-FAMILY' = undefined,
      'REQUESTED-TRANSPORT' = undefined,'SOFTWARE' = <<"P1 STUN library">>,
      'UNKNOWN-ATTRIBUTES' = [],'USERNAME' = undefined,
      'XOR-MAPPED-ADDRESS' = {{127,0,0,1},41980},
      'XOR-PEER-ADDRESS' = [],'XOR-RELAYED-ADDRESS' = undefined} (stun:send/3:445)
2022-02-24 16:06:04.502416+00:00 [info] Connection reset by peer [TLS, session 1u, anonymous, client 127.0.0.1:41980] (stun:handle_info/3:170)
2022-02-24 16:06:04.532781+00:00 [info] Accepting connection: 127.0.0.1:32812 -> 127.0.0.1:34781 [TCP|TLS, session 1e] (stun_listener:accept/3:221)
2022-02-24 16:06:04.532967+00:00 [debug] Determined transport protocol: TCP (stun:is_tls_handshake/1:766)
2022-02-24 16:06:04.533557+00:00 [debug] Received:
#stun{class = request,method = 1,magic = 554869826,
      trid = 29430017964913382195380769094,raw = <<>>,unsupported = [],
      'ALTERNATE-SERVER' = undefined,'CHANNEL-NUMBER' = undefined,
      'DATA' = undefined,'DONT-FRAGMENT' = false,'ERROR-CODE' = undefined,
      'LIFETIME' = undefined,'MAPPED-ADDRESS' = undefined,
      'MESSAGE-INTEGRITY' = undefined,'NONCE' = undefined,'REALM' = undefined,
      'REQUESTED-ADDRESS-FAMILY' = undefined,
      'REQUESTED-TRANSPORT' = undefined,'SOFTWARE' = undefined,
      'UNKNOWN-ATTRIBUTES' = [],'USERNAME' = undefined,
      'XOR-MAPPED-ADDRESS' = undefined,'XOR-PEER-ADDRESS' = [],
      'XOR-RELAYED-ADDRESS' = undefined} (stun:process_data/3:404)
2022-02-24 16:06:04.533673+00:00 [debug] Responding to STUN request [TCP, session 1e, anonymous, client 127.0.0.1:32812] (stun:process/4:312)
2022-02-24 16:06:04.533719+00:00 [debug] Running 'stun_query' hook [TCP, session 1e, anonymous, client 127.0.0.1:32812] (stun:run_hook/3:818)
2022-02-24 16:06:04.533828+00:00 [debug] Got 'stun_query' event [TCP, session 1e, anonymous, client 127.0.0.1:32812] (eturnal_module:handle_event/2:173)
2022-02-24 16:06:04.533880+00:00 [debug] Calling mod_log_stun:handle_event/2 [TCP, session 1e, anonymous, client 127.0.0.1:32812] (eturnal_module:handle_event/2:176)
2022-02-24 16:06:04.533915+00:00 [info] Responding to STUN request [TCP, session 1e, anonymous, client 127.0.0.1:32812] (mod_log_stun:handle_event/2:45)
2022-02-24 16:06:04.533978+00:00 [debug] Calling mod_stats_influx:handle_event/2 [TCP, session 1e, anonymous, client 127.0.0.1:32812] (eturnal_module:handle_event/2:176)
2022-02-24 16:06:04.534024+00:00 [debug] Writing STUN query event to InfluxDB [TCP, session 1e, anonymous, client 127.0.0.1:32812] (mod_stats_influx:on_stun_query/1:70)
2022-02-24 16:06:04.534341+00:00 [debug] Sending:
#stun{class = response,method = 1,magic = 554869826,
      trid = 29430017964913382195380769094,raw = <<>>,unsupported = [],
      'ALTERNATE-SERVER' = undefined,'CHANNEL-NUMBER' = undefined,
      'DATA' = undefined,'DONT-FRAGMENT' = false,'ERROR-CODE' = undefined,
      'LIFETIME' = undefined,'MAPPED-ADDRESS' = undefined,
      'MESSAGE-INTEGRITY' = undefined,'NONCE' = undefined,'REALM' = undefined,
      'REQUESTED-ADDRESS-FAMILY' = undefined,
      'REQUESTED-TRANSPORT' = undefined,'SOFTWARE' = <<"P1 STUN library">>,
      'UNKNOWN-ATTRIBUTES' = [],'USERNAME' = undefined,
      'XOR-MAPPED-ADDRESS' = {{127,0,0,1},32812},
      'XOR-PEER-ADDRESS' = [],'XOR-RELAYED-ADDRESS' = undefined} (stun:send/3:445)
2022-02-24 16:06:04.534587+00:00 [info] Connection reset by peer [TCP, session 1e, anonymous, client 127.0.0.1:32812] (stun:handle_info/3:170)
2022-02-24 16:06:04.564961+00:00 [info] Accepting connection: 127.0.0.1:32814 -> 127.0.0.1:34781 [TCP|TLS, session 4i] (stun_listener:accept/3:221)
2022-02-24 16:06:04.565240+00:00 [debug] Determined transport protocol: TLS (stun:is_tls_handshake/1:763)
2022-02-24 16:06:04.672156+00:00 [debug] Received:
#stun{class = request,method = 1,magic = 554869826,
      trid = 57239049641778406472285211746,raw = <<>>,unsupported = [],
      'ALTERNATE-SERVER' = undefined,'CHANNEL-NUMBER' = undefined,
      'DATA' = undefined,'DONT-FRAGMENT' = false,'ERROR-CODE' = undefined,
      'LIFETIME' = undefined,'MAPPED-ADDRESS' = undefined,
      'MESSAGE-INTEGRITY' = undefined,'NONCE' = undefined,'REALM' = undefined,
      'REQUESTED-ADDRESS-FAMILY' = undefined,
      'REQUESTED-TRANSPORT' = undefined,'SOFTWARE' = undefined,
      'UNKNOWN-ATTRIBUTES' = [],'USERNAME' = undefined,
      'XOR-MAPPED-ADDRESS' = undefined,'XOR-PEER-ADDRESS' = [],
      'XOR-RELAYED-ADDRESS' = undefined} (stun:process_data/3:404)
2022-02-24 16:06:04.672362+00:00 [debug] Responding to STUN request [TLS, session 4i, anonymous, client 127.0.0.1:32814] (stun:process/4:312)
2022-02-24 16:06:04.672407+00:00 [debug] Running 'stun_query' hook [TLS, session 4i, anonymous, client 127.0.0.1:32814] (stun:run_hook/3:818)
2022-02-24 16:06:04.672502+00:00 [debug] Got 'stun_query' event [TLS, session 4i, anonymous, client 127.0.0.1:32814] (eturnal_module:handle_event/2:173)
2022-02-24 16:06:04.672536+00:00 [debug] Calling mod_log_stun:handle_event/2 [TLS, session 4i, anonymous, client 127.0.0.1:32814] (eturnal_module:handle_event/2:176)
2022-02-24 16:06:04.672570+00:00 [info] Responding to STUN request [TLS, session 4i, anonymous, client 127.0.0.1:32814] (mod_log_stun:handle_event/2:45)
2022-02-24 16:06:04.672658+00:00 [debug] Calling mod_stats_influx:handle_event/2 [TLS, session 4i, anonymous, client 127.0.0.1:32814] (eturnal_module:handle_event/2:176)
2022-02-24 16:06:04.672691+00:00 [debug] Writing STUN query event to InfluxDB [TLS, session 4i, anonymous, client 127.0.0.1:32814] (mod_stats_influx:on_stun_query/1:70)
2022-02-24 16:06:04.672936+00:00 [debug] Sending:
#stun{class = response,method = 1,magic = 554869826,
      trid = 57239049641778406472285211746,raw = <<>>,unsupported = [],
      'ALTERNATE-SERVER' = undefined,'CHANNEL-NUMBER' = undefined,
      'DATA' = undefined,'DONT-FRAGMENT' = false,'ERROR-CODE' = undefined,
      'LIFETIME' = undefined,'MAPPED-ADDRESS' = undefined,
      'MESSAGE-INTEGRITY' = undefined,'NONCE' = undefined,'REALM' = undefined,
      'REQUESTED-ADDRESS-FAMILY' = undefined,
      'REQUESTED-TRANSPORT' = undefined,'SOFTWARE' = <<"P1 STUN library">>,
      'UNKNOWN-ATTRIBUTES' = [],'USERNAME' = undefined,
      'XOR-MAPPED-ADDRESS' = {{127,0,0,1},32814},
      'XOR-PEER-ADDRESS' = [],'XOR-RELAYED-ADDRESS' = undefined} (stun:send/3:445)
2022-02-24 16:06:04.673252+00:00 [info] Connection reset by peer [TLS, session 4i, anonymous, client 127.0.0.1:32814] (stun:handle_info/3:170)
2022-02-24 16:06:04.698994+00:00 [debug] Terminating eturnal (shutdown) (eturnal:terminate/2:196)
2022-02-24 16:06:04.698994+00:00 [debug] No NOTIFY_SOCKET, dropping STOPPING=1 notification (eturnal_systemd:handle_cast/2:109)
2022-02-24 16:06:04.699260+00:00 [debug] Watchdog interval is undefined, hibernating (eturnal_systemd:get_timeout/1:162)
2022-02-24 16:06:04.699297+00:00 [info] Stopped listening on 127.0.0.1:34780 (udp) (eturnal:stop_listeners/1:372)
2022-02-24 16:06:04.699518+00:00 [info] Stopped listening on 127.0.0.1:34780 (tcp) (eturnal:stop_listeners/1:372)
2022-02-24 16:06:04.699693+00:00 [info] Stopped listening on 127.0.0.1:53490 (tls) (eturnal:stop_listeners/1:372)
2022-02-24 16:06:04.699871+00:00 [info] Stopped listening on 127.0.0.1:34781 (auto) (eturnal:stop_listeners/1:372)
2022-02-24 16:06:04.700210+00:00 [debug] Calling mod_log_stun:stop/1 (eturnal_module:stop/1:159)
2022-02-24 16:06:04.700771+00:00 [debug] Stopping mod_log_stun (mod_log_stun:stop/0:50)
2022-02-24 16:06:04.701620+00:00 [info] Stopped mod_log_stun (eturnal:stop_modules/1:320)
2022-02-24 16:06:04.703057+00:00 [debug] Calling mod_stats_influx:stop/1 (eturnal_module:stop/1:159)
2022-02-24 16:06:04.703206+00:00 [debug] Stopping mod_stats_influx (mod_stats_influx:stop/0:55)
2022-02-24 16:06:04.703346+00:00 [info] Stopped mod_stats_influx (eturnal:stop_modules/1:320)
2022-02-24 16:06:04.703692+00:00 [debug] Removed run/cert.pem (eturnal:clean_run_dir/0:708)
2022-02-24 16:06:04.704650+00:00 [debug] Terminating eturnal_systemd (shutdown) (eturnal_systemd:terminate/2:136)
2022-02-24 16:06:04.704999+00:00 [notice] Stopping eturnal 1.8.1 on Erlang/OTP 24 (ERTS 12.2) (eturnal_app:stop/1:54)
2022-02-24 16:06:04.705660+00:00 [notice]     application: eturnal
    exited: stopped
    type: temporary
 (application_controller:info_exited/3:2119)
