2023-09-29 06:54:16.126597+00:00 [notice] Starting eturnal 1.12.0 on Erlang/OTP 26 (ERTS 14.0) (eturnal_app:start/2:34)
2023-09-29 06:54:16.126824+00:00 [debug] Starting supervisor: eturnal_sup (eturnal_sup:start_link/0:31)
2023-09-29 06:54:16.126966+00:00 [debug] Configuring eturnal_sup supervisor: [#{id => systemd,
                                       start =>
                                           {eturnal_systemd,start_link,[]}},
                                     #{id => eturnal,
                                       start => {eturnal,start_link,[]}}] (eturnal_sup:init/0:39)
2023-09-29 06:54:16.143583+00:00 [info] Got no NOTIFY_SOCKET, notifications disabled (eturnal_systemd:init/1:86)
2023-09-29 06:54:16.143746+00:00 [debug] PROGRESS REPORT:
    supervisor: {local,eturnal_sup}
    started: [{pid,<0.1020.0>},
              {id,systemd},
              {mfargs,{eturnal_systemd,start_link,[]}},
              {restart_type,permanent},
              {significant,false},
              {shutdown,5000},
              {child_type,worker}]
 (supervisor:report_progress/2:1563)
2023-09-29 06:54:16.143863+00:00 [info] Relay IPv4 address: 127.0.0.1 (port range: 49152-65535) (eturnal:log_relay_addresses/0:347)
2023-09-29 06:54:16.143980+00:00 [info] Relay IPv6 address not configured (eturnal:log_relay_addresses/0:357)
2023-09-29 06:54:16.162150+00:00 [info] Cannot determine control query port: noport (eturnal:log_control_listener/0:372)
2023-09-29 06:54:16.162690+00:00 [debug] Using run directory run (eturnal:ensure_run_dir/0:858)
2023-09-29 06:54:16.162809+00:00 [debug] TURN configuration seems fine (eturnal:check_turn_config/0:602)
2023-09-29 06:54:16.163001+00:00 [warning] TLS enabled without 'tls_crt_file', creating self-signed certificate (eturnal:check_pem_file/0:804)
2023-09-29 06:54:17.265780+00:00 [debug] Calling mod_stats_influx:start/0 (eturnal_module:start/1:143)
2023-09-29 06:54:17.266077+00:00 [debug] Starting mod_stats_influx (mod_stats_influx:start/0:37)
2023-09-29 06:54:17.269352+00:00 [debug] PROGRESS REPORT:
    application: ulitos
    started_at: nonode@nohost
 (application_controller:info_started/2:2117)
2023-09-29 06:54:17.270705+00:00 [debug] PROGRESS REPORT:
    application: poolboy
    started_at: nonode@nohost
 (application_controller:info_started/2:2117)
2023-09-29 06:54:17.272606+00:00 [info]     msg: Starting application: influx_udp (influx_udp_app:start/2:10)
2023-09-29 06:54:17.275403+00:00 [debug] PROGRESS REPORT:
    supervisor: {local,influx_udp_sup}
    started: [{pid,<0.1039.0>},
              {id,influx_udp},
              {mfargs,{influx_udp,start_link,[]}},
              {restart_type,permanent},
              {significant,false},
              {shutdown,5000},
              {child_type,worker}]
 (supervisor:report_progress/2:1563)
2023-09-29 06:54:17.275562+00:00 [debug] PROGRESS REPORT:
    application: influx_udp
    started_at: nonode@nohost
 (application_controller:info_started/2:2117)
2023-09-29 06:54:17.275647+00:00 [debug] Dependency influx_udp was available already (eturnal_module:ensure_dep/2:284)
2023-09-29 06:54:17.282489+00:00 [info]     options: #{port => 8089,host => "localhost",pool_size => 1,
               max_overflow => 1}
    msg: Start clients pool
    host: {127,0,0,1} (influx_udp:start_pool_/2:239)
2023-09-29 06:54:17.297235+00:00 [info]     port: 51163
    msg: Open UDP socket on port (influx_udp_worker:init/1:43)
2023-09-29 06:54:17.297635+00:00 [debug] PROGRESS REPORT:
    supervisor: {local,influx_udp_sup}
    started: [{pid,<0.1042.0>},
              {id,stats_influx_pool},
              {mfargs,
                  {poolboy,start_link,
                      [[{name,{local,stats_influx_pool}},
                        {worker_module,influx_udp_worker},
                        {size,1},
                        {max_overflow,1}],
                       [{options,
                            #{port => 8089,
                              host => {127,0,0,1},
                              pool_size => 1,max_overflow => 1}}]]}},
              {restart_type,permanent},
              {significant,false},
              {shutdown,5000},
              {child_type,worker}]
 (supervisor:report_progress/2:1563)
2023-09-29 06:54:17.298003+00:00 [info] Started mod_stats_influx (eturnal:start_modules/0:383)
2023-09-29 06:54:17.298128+00:00 [debug] Calling mod_stats_prometheus:start/0 (eturnal_module:start/1:143)
2023-09-29 06:54:17.298438+00:00 [debug] Starting mod_stats_prometheus (mod_stats_prometheus:start/0:56)
2023-09-29 06:54:18.649250+00:00 [debug] PROGRESS REPORT:
    application: prometheus
    started_at: nonode@nohost
 (application_controller:info_started/2:2117)
2023-09-29 06:54:18.650476+00:00 [debug] PROGRESS REPORT:
    application: accept
    started_at: nonode@nohost
 (application_controller:info_started/2:2117)
2023-09-29 06:54:18.650734+00:00 [debug] PROGRESS REPORT:
    application: prometheus_httpd
    started_at: nonode@nohost
 (application_controller:info_started/2:2117)
2023-09-29 06:54:18.650812+00:00 [debug] Dependency prometheus_httpd was available already (eturnal_module:ensure_dep/2:284)
2023-09-29 06:54:18.651604+00:00 [debug] PROGRESS REPORT:
    supervisor: {local,httpd_instance_sup__127_0_0_1__9081default}
    started: [{pid,<0.1064.0>},
              {id,{httpd_connection_sup,{127,0,0,1},9081,default}},
              {mfargs,{httpd_connection_sup,start_link,[[{127,0,0,1},9081]]}},
              {restart_type,permanent},
              {significant,false},
              {shutdown,5000},
              {child_type,supervisor}]
 (supervisor:report_progress/2:1563)
2023-09-29 06:54:18.651938+00:00 [debug] PROGRESS REPORT:
    supervisor: {local,httpd_acceptor_sup__127_0_0_1__9081default}
    started: [{pid,<0.1066.0>},
              {id,{httpd_acceptor_sup,{127,0,0,1},9081,default}},
              {mfargs,{httpd_acceptor,start_link,
                                      [httpd__127_0_0_1__9081default,ip_comm,
                                       {127,0,0,1},
                                       9081,inet,
                                       httpd_conf__127_0_0_1__9081default,
                                       15000]}},
              {restart_type,transient},
              {significant,false},
              {shutdown,brutal_kill},
              {child_type,worker}]
 (supervisor:report_progress/2:1563)
2023-09-29 06:54:18.652071+00:00 [debug] PROGRESS REPORT:
    supervisor: {local,httpd_instance_sup__127_0_0_1__9081default}
    started: [{pid,<0.1065.0>},
              {id,{httpd_acceptor_sup,{127,0,0,1},9081,default}},
              {mfargs,
                  {httpd_acceptor_sup,start_link,
                      [[{127,0,0,1},
                        9081,
                        [{bind_address,{127,0,0,1}},
                         {socket_type,ip_comm},
                         {port,9081},
                         {server_root,"run/mod_stats_prometheus/doc"},
                         {document_root,"run/mod_stats_prometheus/doc"},
                         {server_name,"Prometheus Exporter"},
                         {modules,[prometheus_httpd]}],
                        15000,undefined]]}},
              {restart_type,permanent},
              {significant,false},
              {shutdown,infinity},
              {child_type,supervisor}]
 (supervisor:report_progress/2:1563)
2023-09-29 06:54:18.652201+00:00 [debug] PROGRESS REPORT:
    supervisor: {local,httpd_instance_sup__127_0_0_1__9081default}
    started: [{pid,<0.1067.0>},
              {id,{httpd_misc_sup,{127,0,0,1},9081,default}},
              {mfargs,{httpd_misc_sup,start_link,[{127,0,0,1},9081,default]}},
              {restart_type,permanent},
              {significant,false},
              {shutdown,infinity},
              {child_type,supervisor}]
 (supervisor:report_progress/2:1563)
2023-09-29 06:54:18.652459+00:00 [debug] PROGRESS REPORT:
    supervisor: {local,httpd_instance_sup__127_0_0_1__9081default}
    started: [{pid,<0.1068.0>},
              {id,{httpd_manager,{127,0,0,1},9081,default}},
              {mfargs,
                  {httpd_manager,start_link,
                      [undefined,
                       [{bind_address,{127,0,0,1}},
                        {socket_type,ip_comm},
                        {port,9081},
                        {server_root,"run/mod_stats_prometheus/doc"},
                        {document_root,"run/mod_stats_prometheus/doc"},
                        {server_name,"Prometheus Exporter"},
                        {modules,[prometheus_httpd]}],
                       15000]}},
              {restart_type,permanent},
              {significant,false},
              {shutdown,4000},
              {child_type,worker}]
 (supervisor:report_progress/2:1563)
2023-09-29 06:54:18.652569+00:00 [debug] PROGRESS REPORT:
    supervisor: {local,httpd_sup}
    started: [{pid,<0.1063.0>},
              {id,{httpd_instance_sup,{127,0,0,1},9081,default}},
              {mfargs,
                  {httpd_instance_sup,start_link,
                      [[{bind_address,{127,0,0,1}},
                        {socket_type,ip_comm},
                        {port,9081},
                        {server_root,"run/mod_stats_prometheus/doc"},
                        {document_root,"run/mod_stats_prometheus/doc"},
                        {server_name,"Prometheus Exporter"},
                        {modules,[prometheus_httpd]}],
                       15000,[]]}},
              {restart_type,permanent},
              {significant,false},
              {shutdown,infinity},
              {child_type,supervisor}]
 (supervisor:report_progress/2:1563)
2023-09-29 06:54:18.653101+00:00 [info] Started mod_stats_prometheus (eturnal:start_modules/0:383)
2023-09-29 06:54:18.653235+00:00 [debug] Calling mod_log_stun:start/0 (eturnal_module:start/1:143)
2023-09-29 06:54:18.653329+00:00 [debug] Starting mod_log_stun (mod_log_stun:start/0:38)
2023-09-29 06:54:18.653426+00:00 [info] Started mod_log_stun (eturnal:start_modules/0:383)
2023-09-29 06:54:18.653514+00:00 [warning] The 'blacklist' option is deprecated (eturnal:blacklist_opts/0:502)
2023-09-29 06:54:18.653592+00:00 [warning] Use 'blacklist_clients' and/or 'blacklist_peers' (eturnal:blacklist_opts/0:503)
2023-09-29 06:54:18.653682+00:00 [warning] The 'whitelist' option is deprecated (eturnal:whitelist_opts/0:519)
2023-09-29 06:54:18.653746+00:00 [warning] Use 'whitelist_clients' and/or 'whitelist_peers' (eturnal:whitelist_opts/0:520)
2023-09-29 06:54:18.653846+00:00 [debug] Starting listener 127.0.0.1:34780 (udp) with options:
[{use_turn,true},
 {auth_type,user},
 {turn_ipv4_address,{127,0,0,1}},
 {turn_min_port,49152},
 {turn_max_port,65535},
 {turn_max_allocations,10},
 {turn_max_permissions,10},
 {shaper,100000},
 {auth_realm,<<"eturnal.net">>},
 {server_name,<<"eturnal">>},
 {auth_fun,fun eturnal:get_password/2},
 {hook_fun,fun eturnal:run_hook/2},
 {turn_blacklist_clients,[{{10,0,0,0},8},
                          {{100,64,0,0},10},
                          {{127,0,0,0},8},
                          {{169,254,0,0},16},
                          {{172,16,0,0},12},
                          {{192,0,0,0},24},
                          {{192,0,2,0},24},
                          {{192,88,99,0},24},
                          {{192,168,0,0},16},
                          {{198,18,0,0},15},
                          {{198,51,100,0},24},
                          {{203,0,113,0},24},
                          {{224,0,0,0},4},
                          {{240,0,0,0},4},
                          {{0,0,0,0,0,0,0,1},128},
                          {{0,0,0,0,0,65535,0,0},96},
                          {{100,65435,0,0,0,0,0,0},96},
                          {{256,0,0,0,0,0,0,0},64},
                          {{8193,3512,0,0,0,0,0,0},32},
                          {{64512,0,0,0,0,0,0,0},7},
                          {{65152,0,0,0,0,0,0,0},10},
                          {{65280,0,0,0,0,0,0,0},8}]},
 {turn_blacklist_peers,[{{10,0,0,0},8},
                        {{100,64,0,0},10},
                        {{127,0,0,0},8},
                        {{169,254,0,0},16},
                        {{172,16,0,0},12},
                        {{192,0,0,0},24},
                        {{192,0,2,0},24},
                        {{192,88,99,0},24},
                        {{192,168,0,0},16},
                        {{198,18,0,0},15},
                        {{198,51,100,0},24},
                        {{203,0,113,0},24},
                        {{224,0,0,0},4},
                        {{240,0,0,0},4},
                        {{0,0,0,0,0,0,0,1},128},
                        {{0,0,0,0,0,65535,0,0},96},
                        {{100,65435,0,0,0,0,0,0},96},
                        {{256,0,0,0,0,0,0,0},64},
                        {{8193,3512,0,0,0,0,0,0},32},
                        {{64512,0,0,0,0,0,0,0},7},
                        {{65152,0,0,0,0,0,0,0},10},
                        {{65280,0,0,0,0,0,0,0},8}]},
 {turn_whitelist_clients,[{{127,0,0,1},32},
                          {{203,0,113,113},32},
                          {{8193,3512,0,0,0,0,0,0},64}]},
 {turn_whitelist_peers,[{{127,0,0,1},32},
                        {{203,0,113,113},32},
                        {{8193,3512,0,0,0,0,0,0},64}]}] (eturnal:start_listeners/0:418)
2023-09-29 06:54:18.655628+00:00 [info] Listening on 127.0.0.1:34780 (udp) (STUN/TURN) (eturnal:start_listeners/0:425)
2023-09-29 06:54:18.655775+00:00 [debug] Starting listener 127.0.0.1:34780 (tcp) with options:
[{use_turn,false},
 {auth_type,anonymous},
 {turn_ipv4_address,{127,0,0,1}},
 {turn_min_port,49152},
 {turn_max_port,65535},
 {turn_max_allocations,10},
 {turn_max_permissions,10},
 {shaper,100000},
 {auth_realm,<<"eturnal.net">>},
 {server_name,<<"eturnal">>},
 {auth_fun,fun eturnal:get_password/2},
 {hook_fun,fun eturnal:run_hook/2},
 {turn_blacklist_clients,[{{10,0,0,0},8},
                          {{100,64,0,0},10},
                          {{127,0,0,0},8},
                          {{169,254,0,0},16},
                          {{172,16,0,0},12},
                          {{192,0,0,0},24},
                          {{192,0,2,0},24},
                          {{192,88,99,0},24},
                          {{192,168,0,0},16},
                          {{198,18,0,0},15},
                          {{198,51,100,0},24},
                          {{203,0,113,0},24},
                          {{224,0,0,0},4},
                          {{240,0,0,0},4},
                          {{0,0,0,0,0,0,0,1},128},
                          {{0,0,0,0,0,65535,0,0},96},
                          {{100,65435,0,0,0,0,0,0},96},
                          {{256,0,0,0,0,0,0,0},64},
                          {{8193,3512,0,0,0,0,0,0},32},
                          {{64512,0,0,0,0,0,0,0},7},
                          {{65152,0,0,0,0,0,0,0},10},
                          {{65280,0,0,0,0,0,0,0},8}]},
 {turn_blacklist_peers,[{{10,0,0,0},8},
                        {{100,64,0,0},10},
                        {{127,0,0,0},8},
                        {{169,254,0,0},16},
                        {{172,16,0,0},12},
                        {{192,0,0,0},24},
                        {{192,0,2,0},24},
                        {{192,88,99,0},24},
                        {{192,168,0,0},16},
                        {{198,18,0,0},15},
                        {{198,51,100,0},24},
                        {{203,0,113,0},24},
                        {{224,0,0,0},4},
                        {{240,0,0,0},4},
                        {{0,0,0,0,0,0,0,1},128},
                        {{0,0,0,0,0,65535,0,0},96},
                        {{100,65435,0,0,0,0,0,0},96},
                        {{256,0,0,0,0,0,0,0},64},
                        {{8193,3512,0,0,0,0,0,0},32},
                        {{64512,0,0,0,0,0,0,0},7},
                        {{65152,0,0,0,0,0,0,0},10},
                        {{65280,0,0,0,0,0,0,0},8}]},
 {turn_whitelist_clients,[{{127,0,0,1},32},
                          {{203,0,113,113},32},
                          {{8193,3512,0,0,0,0,0,0},64}]},
 {turn_whitelist_peers,[{{127,0,0,1},32},
                        {{203,0,113,113},32},
                        {{8193,3512,0,0,0,0,0,0},64}]}] (eturnal:start_listeners/0:418)
2023-09-29 06:54:18.656520+00:00 [info] Listening on 127.0.0.1:34780 (tcp) (STUN only) (eturnal:start_listeners/0:425)
2023-09-29 06:54:18.656663+00:00 [debug] Starting listener 127.0.0.1:53490 (tls) with options:
[{use_turn,false},
 {auth_type,anonymous},
 {tls,true},
 {certfile,<<"run/cert.pem">>},
 {ciphers,<<"HIGH:!aNULL:@STRENGTH">>},
 {protocol_options,<<"no_tlsv1|no_tlsv1_1|cipher_server_preference">>},
 {turn_ipv4_address,{127,0,0,1}},
 {turn_min_port,49152},
 {turn_max_port,65535},
 {turn_max_allocations,10},
 {turn_max_permissions,10},
 {shaper,100000},
 {auth_realm,<<"eturnal.net">>},
 {server_name,<<"eturnal">>},
 {auth_fun,fun eturnal:get_password/2},
 {hook_fun,fun eturnal:run_hook/2},
 {turn_blacklist_clients,[{{10,0,0,0},8},
                          {{100,64,0,0},10},
                          {{127,0,0,0},8},
                          {{169,254,0,0},16},
                          {{172,16,0,0},12},
                          {{192,0,0,0},24},
                          {{192,0,2,0},24},
                          {{192,88,99,0},24},
                          {{192,168,0,0},16},
                          {{198,18,0,0},15},
                          {{198,51,100,0},24},
                          {{203,0,113,0},24},
                          {{224,0,0,0},4},
                          {{240,0,0,0},4},
                          {{0,0,0,0,0,0,0,1},128},
                          {{0,0,0,0,0,65535,0,0},96},
                          {{100,65435,0,0,0,0,0,0},96},
                          {{256,0,0,0,0,0,0,0},64},
                          {{8193,3512,0,0,0,0,0,0},32},
                          {{64512,0,0,0,0,0,0,0},7},
                          {{65152,0,0,0,0,0,0,0},10},
                          {{65280,0,0,0,0,0,0,0},8}]},
 {turn_blacklist_peers,[{{10,0,0,0},8},
                        {{100,64,0,0},10},
                        {{127,0,0,0},8},
                        {{169,254,0,0},16},
                        {{172,16,0,0},12},
                        {{192,0,0,0},24},
                        {{192,0,2,0},24},
                        {{192,88,99,0},24},
                        {{192,168,0,0},16},
                        {{198,18,0,0},15},
                        {{198,51,100,0},24},
                        {{203,0,113,0},24},
                        {{224,0,0,0},4},
                        {{240,0,0,0},4},
                        {{0,0,0,0,0,0,0,1},128},
                        {{0,0,0,0,0,65535,0,0},96},
                        {{100,65435,0,0,0,0,0,0},96},
                        {{256,0,0,0,0,0,0,0},64},
                        {{8193,3512,0,0,0,0,0,0},32},
                        {{64512,0,0,0,0,0,0,0},7},
                        {{65152,0,0,0,0,0,0,0},10},
                        {{65280,0,0,0,0,0,0,0},8}]},
 {turn_whitelist_clients,[{{127,0,0,1},32},
                          {{203,0,113,113},32},
                          {{8193,3512,0,0,0,0,0,0},64}]},
 {turn_whitelist_peers,[{{127,0,0,1},32},
                        {{203,0,113,113},32},
                        {{8193,3512,0,0,0,0,0,0},64}]}] (eturnal:start_listeners/0:418)
2023-09-29 06:54:18.657450+00:00 [info] Listening on 127.0.0.1:53490 (tls) (STUN only) (eturnal:start_listeners/0:425)
2023-09-29 06:54:18.657583+00:00 [debug] Starting listener 127.0.0.1:34781 (auto) with options:
[{use_turn,false},
 {auth_type,anonymous},
 {tls,optional},
 {certfile,<<"run/cert.pem">>},
 {ciphers,<<"HIGH:!aNULL:@STRENGTH">>},
 {protocol_options,<<"no_tlsv1|no_tlsv1_1|cipher_server_preference">>},
 {turn_ipv4_address,{127,0,0,1}},
 {turn_min_port,49152},
 {turn_max_port,65535},
 {turn_max_allocations,10},
 {turn_max_permissions,10},
 {shaper,100000},
 {auth_realm,<<"eturnal.net">>},
 {server_name,<<"eturnal">>},
 {auth_fun,fun eturnal:get_password/2},
 {hook_fun,fun eturnal:run_hook/2},
 {turn_blacklist_clients,[{{10,0,0,0},8},
                          {{100,64,0,0},10},
                          {{127,0,0,0},8},
                          {{169,254,0,0},16},
                          {{172,16,0,0},12},
                          {{192,0,0,0},24},
                          {{192,0,2,0},24},
                          {{192,88,99,0},24},
                          {{192,168,0,0},16},
                          {{198,18,0,0},15},
                          {{198,51,100,0},24},
                          {{203,0,113,0},24},
                          {{224,0,0,0},4},
                          {{240,0,0,0},4},
                          {{0,0,0,0,0,0,0,1},128},
                          {{0,0,0,0,0,65535,0,0},96},
                          {{100,65435,0,0,0,0,0,0},96},
                          {{256,0,0,0,0,0,0,0},64},
                          {{8193,3512,0,0,0,0,0,0},32},
                          {{64512,0,0,0,0,0,0,0},7},
                          {{65152,0,0,0,0,0,0,0},10},
                          {{65280,0,0,0,0,0,0,0},8}]},
 {turn_blacklist_peers,[{{10,0,0,0},8},
                        {{100,64,0,0},10},
                        {{127,0,0,0},8},
                        {{169,254,0,0},16},
                        {{172,16,0,0},12},
                        {{192,0,0,0},24},
                        {{192,0,2,0},24},
                        {{192,88,99,0},24},
                        {{192,168,0,0},16},
                        {{198,18,0,0},15},
                        {{198,51,100,0},24},
                        {{203,0,113,0},24},
                        {{224,0,0,0},4},
                        {{240,0,0,0},4},
                        {{0,0,0,0,0,0,0,1},128},
                        {{0,0,0,0,0,65535,0,0},96},
                        {{100,65435,0,0,0,0,0,0},96},
                        {{256,0,0,0,0,0,0,0},64},
                        {{8193,3512,0,0,0,0,0,0},32},
                        {{64512,0,0,0,0,0,0,0},7},
                        {{65152,0,0,0,0,0,0,0},10},
                        {{65280,0,0,0,0,0,0,0},8}]},
 {turn_whitelist_clients,[{{127,0,0,1},32},
                          {{203,0,113,113},32},
                          {{8193,3512,0,0,0,0,0,0},64}]},
 {turn_whitelist_peers,[{{127,0,0,1},32},
                        {{203,0,113,113},32},
                        {{8193,3512,0,0,0,0,0,0},64}]}] (eturnal:start_listeners/0:418)
2023-09-29 06:54:18.658265+00:00 [info] Listening on 127.0.0.1:34781 (auto) (STUN only) (eturnal:start_listeners/0:425)
2023-09-29 06:54:18.658399+00:00 [debug] Started 3 modules (eturnal:init/1:105)
2023-09-29 06:54:18.658467+00:00 [debug] Started 4 listeners (eturnal:init/1:106)
2023-09-29 06:54:18.658537+00:00 [debug] PROGRESS REPORT:
    supervisor: {local,eturnal_sup}
    started: [{pid,<0.1022.0>},
              {id,eturnal},
              {mfargs,{eturnal,start_link,[]}},
              {restart_type,permanent},
              {significant,false},
              {shutdown,5000},
              {child_type,worker}]
 (supervisor:report_progress/2:1563)
2023-09-29 06:54:18.658661+00:00 [debug] No NOTIFY_SOCKET, dropping READY=1 notification (eturnal_systemd:handle_cast/2:99)
2023-09-29 06:54:18.658840+00:00 [debug] PROGRESS REPORT:
    application: eturnal
    started_at: nonode@nohost
 (application_controller:info_started/2:2117)
2023-09-29 06:54:18.699124+00:00 [debug] Handling API call: get_info() (eturnal_ctl:get_info/0:128)
2023-09-29 06:54:18.699668+00:00 [debug] eturnal call (get_info) returned {ok,
                                  {eturnal_node_info,<<"1.12.0">>,
                                   {"26","14.0"},
                                   5876,0,164,148943396,2,61792144}} (eturnal_ctl:call/1:434)
2023-09-29 06:54:18.724193+00:00 [debug] Handling API call: get_sessions() (eturnal_ctl:get_sessions/0:99)
2023-09-29 06:54:18.748279+00:00 [debug] Handling API call: get_sessions("alice") (eturnal_ctl:get_sessions/1:109)
2023-09-29 06:54:18.748566+00:00 [debug] Handling API call: disconnect(alice) (eturnal_ctl:disconnect/1:177)
2023-09-29 06:54:18.748711+00:00 [debug] Cannot convert user name to binary: alice (eturnal_ctl:disconnect/1:187)
2023-09-29 06:54:18.773255+00:00 [debug] Handling API call: disconnect("alice") (eturnal_ctl:disconnect/1:177)
2023-09-29 06:54:18.773449+00:00 [debug] Handling API call: disconnect(alice) (eturnal_ctl:disconnect/1:177)
2023-09-29 06:54:18.773540+00:00 [debug] Cannot convert user name to binary: alice (eturnal_ctl:disconnect/1:187)
2023-09-29 06:54:18.798274+00:00 [debug] Handling API call: get_credentials("2009-10-30 11:00:00Z", []) (eturnal_ctl:get_credentials/2:59)
2023-09-29 06:54:18.798514+00:00 [debug] eturnal call ({get_password,<<"1256900400">>}) returned {ok,
                                                         <<"uEKlpcME7MNMMVRV8rUFPCTIFEs=">>} (eturnal_ctl:call/1:434)
2023-09-29 06:54:18.798742+00:00 [debug] Handling API call: get_credentials("86400", "alice") (eturnal_ctl:get_credentials/2:59)
2023-09-29 06:54:18.799023+00:00 [debug] eturnal call ({get_password,<<"1696056858:alice">>}) returned {ok,
                                                               <<"69bTRYah+Nbq57ButoNevXPQAyE=">>} (eturnal_ctl:call/1:434)
2023-09-29 06:54:18.799145+00:00 [debug] Handling API call: get_password("1696056858:alice") (eturnal_ctl:get_password/1:78)
2023-09-29 06:54:18.799297+00:00 [debug] eturnal call ({get_password,<<"1696056858:alice">>}) returned {ok,
                                                               <<"69bTRYah+Nbq57ButoNevXPQAyE=">>} (eturnal_ctl:call/1:434)
2023-09-29 06:54:18.799524+00:00 [debug] Handling API call: get_credentials("86400s", "alice") (eturnal_ctl:get_credentials/2:59)
2023-09-29 06:54:18.799689+00:00 [debug] eturnal call ({get_password,<<"1696056858:alice">>}) returned {ok,
                                                               <<"69bTRYah+Nbq57ButoNevXPQAyE=">>} (eturnal_ctl:call/1:434)
2023-09-29 06:54:18.799814+00:00 [debug] Handling API call: get_password("1696056858:alice") (eturnal_ctl:get_password/1:78)
2023-09-29 06:54:18.799925+00:00 [debug] eturnal call ({get_password,<<"1696056858:alice">>}) returned {ok,
                                                               <<"69bTRYah+Nbq57ButoNevXPQAyE=">>} (eturnal_ctl:call/1:434)
2023-09-29 06:54:18.800067+00:00 [debug] Handling API call: get_credentials("1440m", "alice") (eturnal_ctl:get_credentials/2:59)
2023-09-29 06:54:18.800180+00:00 [debug] eturnal call ({get_password,<<"1696056858:alice">>}) returned {ok,
                                                               <<"69bTRYah+Nbq57ButoNevXPQAyE=">>} (eturnal_ctl:call/1:434)
2023-09-29 06:54:18.800295+00:00 [debug] Handling API call: get_password("1696056858:alice") (eturnal_ctl:get_password/1:78)
2023-09-29 06:54:18.800395+00:00 [debug] eturnal call ({get_password,<<"1696056858:alice">>}) returned {ok,
                                                               <<"69bTRYah+Nbq57ButoNevXPQAyE=">>} (eturnal_ctl:call/1:434)
2023-09-29 06:54:18.800542+00:00 [debug] Handling API call: get_credentials("24h", "alice") (eturnal_ctl:get_credentials/2:59)
2023-09-29 06:54:18.800646+00:00 [debug] eturnal call ({get_password,<<"1696056858:alice">>}) returned {ok,
                                                               <<"69bTRYah+Nbq57ButoNevXPQAyE=">>} (eturnal_ctl:call/1:434)
2023-09-29 06:54:18.800753+00:00 [debug] Handling API call: get_password("1696056858:alice") (eturnal_ctl:get_password/1:78)
2023-09-29 06:54:18.800847+00:00 [debug] eturnal call ({get_password,<<"1696056858:alice">>}) returned {ok,
                                                               <<"69bTRYah+Nbq57ButoNevXPQAyE=">>} (eturnal_ctl:call/1:434)
2023-09-29 06:54:18.800997+00:00 [debug] Handling API call: get_credentials("1d", "alice") (eturnal_ctl:get_credentials/2:59)
2023-09-29 06:54:18.801286+00:00 [debug] eturnal call ({get_password,<<"1696056858:alice">>}) returned {ok,
                                                               <<"69bTRYah+Nbq57ButoNevXPQAyE=">>} (eturnal_ctl:call/1:434)
2023-09-29 06:54:18.801404+00:00 [debug] Handling API call: get_password("1696056858:alice") (eturnal_ctl:get_password/1:78)
2023-09-29 06:54:18.801490+00:00 [debug] eturnal call ({get_password,<<"1696056858:alice">>}) returned {ok,
                                                               <<"69bTRYah+Nbq57ButoNevXPQAyE=">>} (eturnal_ctl:call/1:434)
2023-09-29 06:54:18.801626+00:00 [debug] Handling API call: get_password("Invalid") (eturnal_ctl:get_password/1:78)
2023-09-29 06:54:18.801714+00:00 [debug] eturnal call ({get_password,<<"Invalid">>}) returned {error,no_credentials} (eturnal_ctl:call/1:437)
2023-09-29 06:54:18.801796+00:00 [debug] Handling API call: get_credentials("Invalid", []) (eturnal_ctl:get_credentials/2:59)
2023-09-29 06:54:18.801873+00:00 [debug] Invalid argument(s): "Invalid":[] (eturnal_ctl:get_credentials/2:72)
2023-09-29 06:54:18.801967+00:00 [debug] Handling API call: get_password(invalid) (eturnal_ctl:get_password/1:78)
2023-09-29 06:54:18.802047+00:00 [debug] Cannot convert user name to binary: invalid (eturnal_ctl:get_password/1:93)
2023-09-29 06:54:18.802121+00:00 [debug] Handling API call: get_credentials(invalid, []) (eturnal_ctl:get_credentials/2:59)
2023-09-29 06:54:18.802193+00:00 [debug] Invalid argument(s): invalid:[] (eturnal_ctl:get_credentials/2:72)
2023-09-29 06:54:18.802268+00:00 [debug] Handling API call: get_password([invalid]) (eturnal_ctl:get_password/1:78)
2023-09-29 06:54:18.802333+00:00 [debug] Cannot convert user name to binary: [invalid] (eturnal_ctl:get_password/1:93)
2023-09-29 06:54:18.802399+00:00 [debug] Handling API call: get_credentials([invalid], []) (eturnal_ctl:get_credentials/2:59)
2023-09-29 06:54:18.802458+00:00 [debug] Invalid argument(s): [invalid]:[] (eturnal_ctl:get_credentials/2:72)
2023-09-29 06:54:18.802602+00:00 [debug] Handling API call: get_credentials(1256900400, invalid) (eturnal_ctl:get_credentials/2:59)
2023-09-29 06:54:18.802674+00:00 [debug] Invalid argument(s): 1256900400:invalid (eturnal_ctl:get_credentials/2:72)
2023-09-29 06:54:18.802766+00:00 [debug] Handling API call: get_password("alice") (eturnal_ctl:get_password/1:78)
2023-09-29 06:54:18.802911+00:00 [debug] eturnal call ({get_password,<<"alice">>}) returned {ok,<<"l0vesBob">>} (eturnal_ctl:call/1:434)
2023-09-29 06:54:18.826940+00:00 [debug] Handling API call: set_loglevel(debug) (eturnal_ctl:set_loglevel/1:158)
2023-09-29 06:54:18.827174+00:00 [debug] eturnal call ({set_loglevel,debug}) returned ok (eturnal_ctl:call/1:431)
2023-09-29 06:54:18.827363+00:00 [debug] Handling API call: get_loglevel() (eturnal_ctl:get_loglevel/0:148)
2023-09-29 06:54:18.827479+00:00 [debug] eturnal call (get_loglevel) returned {ok,debug} (eturnal_ctl:call/1:434)
2023-09-29 06:54:18.827617+00:00 [debug] Handling API call: set_loglevel(invalid) (eturnal_ctl:set_loglevel/1:158)
2023-09-29 06:54:18.827699+00:00 [debug] Invalid log level: invalid (eturnal_ctl:set_loglevel/1:168)
2023-09-29 06:54:18.827858+00:00 [debug] Handling API call: get_loglevel() (eturnal_ctl:get_loglevel/0:148)
2023-09-29 06:54:18.827976+00:00 [debug] eturnal call (get_loglevel) returned {ok,debug} (eturnal_ctl:call/1:434)
2023-09-29 06:54:18.853520+00:00 [debug] Handling API call: get_version() (eturnal_ctl:get_version/0:138)
2023-09-29 06:54:18.853689+00:00 [debug] eturnal call (get_version) returned {ok,<<"1.12.0">>} (eturnal_ctl:call/1:434)
2023-09-29 06:54:18.878186+00:00 [debug] Handling API call: reload() (eturnal_ctl:reload/0:193)
2023-09-29 06:54:18.880221+00:00 [debug] Calling mod_log_stun:options/0 (eturnal_module:options/1:192)
2023-09-29 06:54:18.880363+00:00 [debug] Calling mod_stats_influx:options/0 (eturnal_module:options/1:192)
2023-09-29 06:54:18.880563+00:00 [debug] Calling mod_stats_prometheus:options/0 (eturnal_module:options/1:192)
2023-09-29 06:54:18.881176+00:00 [warning] TLS enabled without 'tls_crt_file', creating self-signed certificate (eturnal:check_pem_file/0:804)
2023-09-29 06:54:19.839784+00:00 [info] Using new TLS certificate (eturnal:reload/1:629)
2023-09-29 06:54:19.840520+00:00 [debug] Calling mod_stats_influx:stop/1 (eturnal_module:stop/1:163)
2023-09-29 06:54:19.840739+00:00 [debug] Stopping mod_stats_influx (mod_stats_influx:stop/0:61)
2023-09-29 06:54:19.840871+00:00 [info] Stopped mod_stats_influx (eturnal:stop_modules/1:396)
2023-09-29 06:54:19.841630+00:00 [debug] Calling mod_stats_prometheus:stop/1 (eturnal_module:stop/1:163)
2023-09-29 06:54:19.841746+00:00 [debug] Stopping mod_stats_prometheus (mod_stats_prometheus:stop/0:110)
2023-09-29 06:54:19.842439+00:00 [info] Stopped mod_stats_prometheus (eturnal:stop_modules/1:396)
2023-09-29 06:54:19.843485+00:00 [debug] Calling mod_log_stun:stop/1 (eturnal_module:stop/1:163)
2023-09-29 06:54:19.843785+00:00 [debug] Stopping mod_log_stun (mod_log_stun:stop/0:49)
2023-09-29 06:54:19.844100+00:00 [info] Stopped mod_log_stun (eturnal:stop_modules/1:396)
2023-09-29 06:54:19.844181+00:00 [debug] Calling mod_stats_influx:start/0 (eturnal_module:start/1:143)
2023-09-29 06:54:19.844250+00:00 [debug] Starting mod_stats_influx (mod_stats_influx:start/0:37)
2023-09-29 06:54:19.844315+00:00 [debug] Dependency influx_udp was available already (eturnal_module:ensure_dep/2:284)
2023-09-29 06:54:19.845041+00:00 [info]     options: #{port => 8089,host => "localhost",pool_size => 1,
               max_overflow => 1}
    msg: Start clients pool
    host: {127,0,0,1} (influx_udp:start_pool_/2:239)
2023-09-29 06:54:19.846775+00:00 [info] Started mod_stats_influx (eturnal:start_modules/0:383)
2023-09-29 06:54:19.846878+00:00 [debug] Calling mod_stats_prometheus:start/0 (eturnal_module:start/1:143)
2023-09-29 06:54:19.846951+00:00 [debug] Starting mod_stats_prometheus (mod_stats_prometheus:start/0:56)
2023-09-29 06:54:19.847261+00:00 [debug] Dependency prometheus_httpd was available already (eturnal_module:ensure_dep/2:284)
2023-09-29 06:54:19.848135+00:00 [debug] PROGRESS REPORT:
    supervisor: {local,httpd_instance_sup__127_0_0_1__9081default}
    started: [{pid,<0.1199.0>},
              {id,{httpd_connection_sup,{127,0,0,1},9081,default}},
              {mfargs,{httpd_connection_sup,start_link,[[{127,0,0,1},9081]]}},
              {restart_type,permanent},
              {significant,false},
              {shutdown,5000},
              {child_type,supervisor}]
 (supervisor:report_progress/2:1563)
2023-09-29 06:54:19.848478+00:00 [debug] PROGRESS REPORT:
    supervisor: {local,httpd_acceptor_sup__127_0_0_1__9081default}
    started: [{pid,<0.1201.0>},
              {id,{httpd_acceptor_sup,{127,0,0,1},9081,default}},
              {mfargs,{httpd_acceptor,start_link,
                                      [httpd__127_0_0_1__9081default,ip_comm,
                                       {127,0,0,1},
                                       9081,inet,
                                       httpd_conf__127_0_0_1__9081default,
                                       15000]}},
              {restart_type,transient},
              {significant,false},
              {shutdown,brutal_kill},
              {child_type,worker}]
 (supervisor:report_progress/2:1563)
2023-09-29 06:54:19.848686+00:00 [debug] PROGRESS REPORT:
    supervisor: {local,httpd_instance_sup__127_0_0_1__9081default}
    started: [{pid,<0.1200.0>},
              {id,{httpd_acceptor_sup,{127,0,0,1},9081,default}},
              {mfargs,
                  {httpd_acceptor_sup,start_link,
                      [[{127,0,0,1},
                        9081,
                        [{bind_address,{127,0,0,1}},
                         {socket_type,ip_comm},
                         {port,9081},
                         {server_root,"run/mod_stats_prometheus/doc"},
                         {document_root,"run/mod_stats_prometheus/doc"},
                         {server_name,"Prometheus Exporter"},
                         {modules,[prometheus_httpd]}],
                        15000,undefined]]}},
              {restart_type,permanent},
              {significant,false},
              {shutdown,infinity},
              {child_type,supervisor}]
 (supervisor:report_progress/2:1563)
2023-09-29 06:54:19.848825+00:00 [debug] PROGRESS REPORT:
    supervisor: {local,httpd_instance_sup__127_0_0_1__9081default}
    started: [{pid,<0.1202.0>},
              {id,{httpd_misc_sup,{127,0,0,1},9081,default}},
              {mfargs,{httpd_misc_sup,start_link,[{127,0,0,1},9081,default]}},
              {restart_type,permanent},
              {significant,false},
              {shutdown,infinity},
              {child_type,supervisor}]
 (supervisor:report_progress/2:1563)
2023-09-29 06:54:19.849336+00:00 [debug] PROGRESS REPORT:
    supervisor: {local,httpd_instance_sup__127_0_0_1__9081default}
    started: [{pid,<0.1203.0>},
              {id,{httpd_manager,{127,0,0,1},9081,default}},
              {mfargs,
                  {httpd_manager,start_link,
                      [undefined,
                       [{bind_address,{127,0,0,1}},
                        {socket_type,ip_comm},
                        {port,9081},
                        {server_root,"run/mod_stats_prometheus/doc"},
                        {document_root,"run/mod_stats_prometheus/doc"},
                        {server_name,"Prometheus Exporter"},
                        {modules,[prometheus_httpd]}],
                       15000]}},
              {restart_type,permanent},
              {significant,false},
              {shutdown,4000},
              {child_type,worker}]
 (supervisor:report_progress/2:1563)
2023-09-29 06:54:19.849466+00:00 [debug] PROGRESS REPORT:
    supervisor: {local,httpd_sup}
    started: [{pid,<0.1198.0>},
              {id,{httpd_instance_sup,{127,0,0,1},9081,default}},
              {mfargs,
                  {httpd_instance_sup,start_link,
                      [[{bind_address,{127,0,0,1}},
                        {socket_type,ip_comm},
                        {port,9081},
                        {server_root,"run/mod_stats_prometheus/doc"},
                        {document_root,"run/mod_stats_prometheus/doc"},
                        {server_name,"Prometheus Exporter"},
                        {modules,[prometheus_httpd]}],
                       15000,[]]}},
              {restart_type,permanent},
              {significant,false},
              {shutdown,infinity},
              {child_type,supervisor}]
 (supervisor:report_progress/2:1563)
2023-09-29 06:54:19.849880+00:00 [info] Started mod_stats_prometheus (eturnal:start_modules/0:383)
2023-09-29 06:54:19.850017+00:00 [debug] Calling mod_log_stun:start/0 (eturnal_module:start/1:143)
2023-09-29 06:54:19.850145+00:00 [debug] Starting mod_log_stun (mod_log_stun:start/0:38)
2023-09-29 06:54:19.853450+00:00 [info] Started mod_log_stun (eturnal:start_modules/0:383)
2023-09-29 06:54:19.853572+00:00 [debug] Restarted modules (eturnal:reload/1:637)
2023-09-29 06:54:19.853810+00:00 [debug] eturnal call (reload) returned ok (eturnal_ctl:call/1:431)
2023-09-29 06:54:19.855021+00:00 [debug] Handling API call: reload() (eturnal_ctl:reload/0:193)
2023-09-29 06:54:19.857644+00:00 [debug] Calling mod_log_stun:options/0 (eturnal_module:options/1:192)
2023-09-29 06:54:19.857795+00:00 [debug] Calling mod_stats_influx:options/0 (eturnal_module:options/1:192)
2023-09-29 06:54:19.857957+00:00 [debug] Calling mod_stats_prometheus:options/0 (eturnal_module:options/1:192)
2023-09-29 06:54:19.858989+00:00 [debug] Keeping PEM file (run/cert.pem) (eturnal:check_pem_file/0:801)
2023-09-29 06:54:19.859118+00:00 [debug] TLS certificate unchanged (eturnal:reload/1:631)
2023-09-29 06:54:19.859508+00:00 [debug] Calling mod_stats_influx:stop/1 (eturnal_module:stop/1:163)
2023-09-29 06:54:19.859640+00:00 [debug] Stopping mod_stats_influx (mod_stats_influx:stop/0:61)
2023-09-29 06:54:19.859758+00:00 [info] Stopped mod_stats_influx (eturnal:stop_modules/1:396)
2023-09-29 06:54:19.861260+00:00 [debug] Calling mod_stats_prometheus:stop/1 (eturnal_module:stop/1:163)
2023-09-29 06:54:19.861412+00:00 [debug] Stopping mod_stats_prometheus (mod_stats_prometheus:stop/0:110)
2023-09-29 06:54:19.862018+00:00 [info] Stopped mod_stats_prometheus (eturnal:stop_modules/1:396)
2023-09-29 06:54:19.862914+00:00 [debug] Calling mod_log_stun:stop/1 (eturnal_module:stop/1:163)
2023-09-29 06:54:19.863036+00:00 [debug] Stopping mod_log_stun (mod_log_stun:stop/0:49)
2023-09-29 06:54:19.863129+00:00 [info] Stopped mod_log_stun (eturnal:stop_modules/1:396)
2023-09-29 06:54:19.863199+00:00 [debug] Calling mod_stats_influx:start/0 (eturnal_module:start/1:143)
2023-09-29 06:54:19.863262+00:00 [debug] Starting mod_stats_influx (mod_stats_influx:start/0:37)
2023-09-29 06:54:19.863335+00:00 [debug] Dependency influx_udp was available already (eturnal_module:ensure_dep/2:284)
2023-09-29 06:54:19.864172+00:00 [info]     options: #{port => 8089,host => "localhost",pool_size => 1,
               max_overflow => 1}
    msg: Start clients pool
    host: {127,0,0,1} (influx_udp:start_pool_/2:239)
2023-09-29 06:54:19.864804+00:00 [info] Started mod_stats_influx (eturnal:start_modules/0:383)
2023-09-29 06:54:19.864892+00:00 [debug] Calling mod_stats_prometheus:start/0 (eturnal_module:start/1:143)
2023-09-29 06:54:19.864969+00:00 [debug] Starting mod_stats_prometheus (mod_stats_prometheus:start/0:56)
2023-09-29 06:54:19.865040+00:00 [debug] Dependency prometheus_httpd was available already (eturnal_module:ensure_dep/2:284)
2023-09-29 06:54:19.866276+00:00 [debug] PROGRESS REPORT:
    supervisor: {local,httpd_instance_sup__127_0_0_1__9081default}
    started: [{pid,<0.1230.0>},
              {id,{httpd_connection_sup,{127,0,0,1},9081,default}},
              {mfargs,{httpd_connection_sup,start_link,[[{127,0,0,1},9081]]}},
              {restart_type,permanent},
              {significant,false},
              {shutdown,5000},
              {child_type,supervisor}]
 (supervisor:report_progress/2:1563)
2023-09-29 06:54:19.866682+00:00 [debug] PROGRESS REPORT:
    supervisor: {local,httpd_acceptor_sup__127_0_0_1__9081default}
    started: [{pid,<0.1233.0>},
              {id,{httpd_acceptor_sup,{127,0,0,1},9081,default}},
              {mfargs,{httpd_acceptor,start_link,
                                      [httpd__127_0_0_1__9081default,ip_comm,
                                       {127,0,0,1},
                                       9081,inet,
                                       httpd_conf__127_0_0_1__9081default,
                                       15000]}},
              {restart_type,transient},
              {significant,false},
              {shutdown,brutal_kill},
              {child_type,worker}]
 (supervisor:report_progress/2:1563)
2023-09-29 06:54:19.866853+00:00 [debug] PROGRESS REPORT:
    supervisor: {local,httpd_instance_sup__127_0_0_1__9081default}
    started: [{pid,<0.1232.0>},
              {id,{httpd_acceptor_sup,{127,0,0,1},9081,default}},
              {mfargs,
                  {httpd_acceptor_sup,start_link,
                      [[{127,0,0,1},
                        9081,
                        [{bind_address,{127,0,0,1}},
                         {socket_type,ip_comm},
                         {port,9081},
                         {server_root,"run/mod_stats_prometheus/doc"},
                         {document_root,"run/mod_stats_prometheus/doc"},
                         {server_name,"Prometheus Exporter"},
                         {modules,[prometheus_httpd]}],
                        15000,undefined]]}},
              {restart_type,permanent},
              {significant,false},
              {shutdown,infinity},
              {child_type,supervisor}]
 (supervisor:report_progress/2:1563)
2023-09-29 06:54:19.867385+00:00 [debug] PROGRESS REPORT:
    supervisor: {local,httpd_instance_sup__127_0_0_1__9081default}
    started: [{pid,<0.1237.0>},
              {id,{httpd_misc_sup,{127,0,0,1},9081,default}},
              {mfargs,{httpd_misc_sup,start_link,[{127,0,0,1},9081,default]}},
              {restart_type,permanent},
              {significant,false},
              {shutdown,infinity},
              {child_type,supervisor}]
 (supervisor:report_progress/2:1563)
2023-09-29 06:54:19.868157+00:00 [debug] PROGRESS REPORT:
    supervisor: {local,httpd_instance_sup__127_0_0_1__9081default}
    started: [{pid,<0.1238.0>},
              {id,{httpd_manager,{127,0,0,1},9081,default}},
              {mfargs,
                  {httpd_manager,start_link,
                      [undefined,
                       [{bind_address,{127,0,0,1}},
                        {socket_type,ip_comm},
                        {port,9081},
                        {server_root,"run/mod_stats_prometheus/doc"},
                        {document_root,"run/mod_stats_prometheus/doc"},
                        {server_name,"Prometheus Exporter"},
                        {modules,[prometheus_httpd]}],
                       15000]}},
              {restart_type,permanent},
              {significant,false},
              {shutdown,4000},
              {child_type,worker}]
 (supervisor:report_progress/2:1563)
2023-09-29 06:54:19.868359+00:00 [debug] PROGRESS REPORT:
    supervisor: {local,httpd_sup}
    started: [{pid,<0.1229.0>},
              {id,{httpd_instance_sup,{127,0,0,1},9081,default}},
              {mfargs,
                  {httpd_instance_sup,start_link,
                      [[{bind_address,{127,0,0,1}},
                        {socket_type,ip_comm},
                        {port,9081},
                        {server_root,"run/mod_stats_prometheus/doc"},
                        {document_root,"run/mod_stats_prometheus/doc"},
                        {server_name,"Prometheus Exporter"},
                        {modules,[prometheus_httpd]}],
                       15000,[]]}},
              {restart_type,permanent},
              {significant,false},
              {shutdown,infinity},
              {child_type,supervisor}]
 (supervisor:report_progress/2:1563)
2023-09-29 06:54:19.868802+00:00 [info] Started mod_stats_prometheus (eturnal:start_modules/0:383)
2023-09-29 06:54:19.868940+00:00 [debug] Calling mod_log_stun:start/0 (eturnal_module:start/1:143)
2023-09-29 06:54:19.869108+00:00 [debug] Starting mod_log_stun (mod_log_stun:start/0:38)
2023-09-29 06:54:19.869573+00:00 [info] Started mod_log_stun (eturnal:start_modules/0:383)
2023-09-29 06:54:19.869719+00:00 [debug] Restarted modules (eturnal:reload/1:637)
2023-09-29 06:54:19.869818+00:00 [debug] eturnal call (reload) returned ok (eturnal_ctl:call/1:431)
2023-09-29 06:54:19.894185+00:00 [info] Accepting connection: 127.0.0.1:59924 -> 127.0.0.1:34780 [TCP, session diumtcwqx6r1] (stun_acceptor:accept/3:158)
2023-09-29 06:54:19.918368+00:00 [info] Accepting connection: 127.0.0.1:41244 -> 127.0.0.1:53490 [TLS, session et4k4yq7cpfc] (stun_acceptor:accept/3:158)
2023-09-29 06:54:19.943422+00:00 [debug] Received:
#stun{class = request,method = 3,magic = 554869826,
      trid = 2583574159137808058961955891,raw = <<>>,unsupported = [],
      'ALTERNATE-SERVER' = undefined,'CHANNEL-NUMBER' = undefined,
      'DATA' = undefined,'DONT-FRAGMENT' = false,'ERROR-CODE' = undefined,
      'LIFETIME' = undefined,'MAPPED-ADDRESS' = undefined,
      'MESSAGE-INTEGRITY' = undefined,'NONCE' = undefined,'REALM' = undefined,
      'REQUESTED-ADDRESS-FAMILY' = undefined,
      'REQUESTED-TRANSPORT' = undefined,'SOFTWARE' = undefined,
      'UNKNOWN-ATTRIBUTES' = [],'USERNAME' = undefined,
      'XOR-MAPPED-ADDRESS' = undefined,'XOR-PEER-ADDRESS' = [],
      'XOR-RELAYED-ADDRESS' = undefined} (stun:udp_recv/5:114)
2023-09-29 06:54:19.943619+00:00 [debug] Sending:
#stun{class = error,method = 3,magic = 554869826,
      trid = 2583574159137808058961955891,raw = <<>>,unsupported = [],
      'ALTERNATE-SERVER' = undefined,'CHANNEL-NUMBER' = undefined,
      'DATA' = undefined,'DONT-FRAGMENT' = false,
      'ERROR-CODE' = {401,<<"Unauthorized">>},
      'LIFETIME' = undefined,'MAPPED-ADDRESS' = undefined,
      'MESSAGE-INTEGRITY' = undefined,'NONCE' = <<"2512449856">>,
      'REALM' = <<"eturnal.net">>,'REQUESTED-ADDRESS-FAMILY' = undefined,
      'REQUESTED-TRANSPORT' = undefined,'SOFTWARE' = <<"eturnal">>,
      'UNKNOWN-ATTRIBUTES' = [],'USERNAME' = undefined,
      'XOR-MAPPED-ADDRESS' = undefined,'XOR-PEER-ADDRESS' = [],
      'XOR-RELAYED-ADDRESS' = undefined} (stun:send/3:466)
2023-09-29 06:54:19.943901+00:00 [debug] Received:
#stun{class = request,method = 3,magic = 554869826,
      trid = 58882957677731906723141837584,
      raw = <<0,3,0,76,33,18,164,66,190,66,215,75,212,21,31,149,155,42,227,16,
              0,25,0,4,17,0,0,0,0,6,0,5,97,108,105,99,101,0,0,0,0,20,0,11,101,
              116,117,114,110,97,108,46,110,101,116,0,0,21,0,10,50,53,49,50,52,
              52,57,56,53,54,0,0>>,
      unsupported = [],'ALTERNATE-SERVER' = undefined,
      'CHANNEL-NUMBER' = undefined,'DATA' = undefined,'DONT-FRAGMENT' = false,
      'ERROR-CODE' = undefined,'LIFETIME' = undefined,
      'MAPPED-ADDRESS' = undefined,
      'MESSAGE-INTEGRITY' = <<22,30,94,26,234,168,121,150,29,103,148,31,237,
                              185,220,131,254,26,224,90>>,
      'NONCE' = <<"2512449856">>,'REALM' = <<"eturnal.net">>,
      'REQUESTED-ADDRESS-FAMILY' = undefined,'REQUESTED-TRANSPORT' = udp,
      'SOFTWARE' = undefined,'UNKNOWN-ATTRIBUTES' = [],
      'USERNAME' = <<"alice">>,'XOR-MAPPED-ADDRESS' = undefined,
      'XOR-PEER-ADDRESS' = [],'XOR-RELAYED-ADDRESS' = undefined} (stun:udp_recv/5:114)
2023-09-29 06:54:19.944042+00:00 [debug] Looking up password for: alice [UDP, session ks138xi8co8o, user alice, client 127.0.0.1:43252] (eturnal:get_password/2:257)
2023-09-29 06:54:19.944109+00:00 [info] Accepting long-term STUN/TURN authentication [UDP, session ks138xi8co8o, user alice, client 127.0.0.1:43252] (stun:process/2:255)
2023-09-29 06:54:19.944230+00:00 [debug] Running 'turn_session_start' hook [UDP, session ks138xi8co8o, user alice, client 127.0.0.1:43252] (turn:run_hook/3:753)
2023-09-29 06:54:19.944302+00:00 [debug] Got 'turn_session_start' event [UDP, session ks138xi8co8o, user alice, client 127.0.0.1:43252] (eturnal_module:handle_event/2:177)
2023-09-29 06:54:19.944364+00:00 [debug] Calling mod_stats_prometheus:handle_event/2 [UDP, session ks138xi8co8o, user alice, client 127.0.0.1:43252] (eturnal_module:handle_event/2:180)
2023-09-29 06:54:19.944416+00:00 [debug] Observing started TURN session ks138xi8co8o for Prometheus [UDP, session ks138xi8co8o, user alice, client 127.0.0.1:43252] (mod_stats_prometheus:on_turn_session_start/1:174)
2023-09-29 06:54:19.944603+00:00 [notice] Creating TURN allocation (lifetime: 600 seconds) [UDP, session ks138xi8co8o, user alice, client 127.0.0.1:43252, relay 127.0.0.1:49381] (turn:wait_for_allocate/2:226)
2023-09-29 06:54:19.944717+00:00 [debug] Sending:
#stun{class = response,method = 3,magic = 554869826,
      trid = 58882957677731906723141837584,raw = <<>>,unsupported = [],
      'ALTERNATE-SERVER' = undefined,'CHANNEL-NUMBER' = undefined,
      'DATA' = undefined,'DONT-FRAGMENT' = false,'ERROR-CODE' = undefined,
      'LIFETIME' = 600,'MAPPED-ADDRESS' = undefined,
      'MESSAGE-INTEGRITY' = undefined,'NONCE' = undefined,'REALM' = undefined,
      'REQUESTED-ADDRESS-FAMILY' = undefined,
      'REQUESTED-TRANSPORT' = undefined,'SOFTWARE' = <<"eturnal">>,
      'UNKNOWN-ATTRIBUTES' = [],'USERNAME' = undefined,
      'XOR-MAPPED-ADDRESS' = {{127,0,0,1},43252},
      'XOR-PEER-ADDRESS' = [],
      'XOR-RELAYED-ADDRESS' = {{127,0,0,1},49381}} (turn:send/2:549)
2023-09-29 06:54:19.945082+00:00 [debug] Received:
#stun{class = request,method = 4,magic = 554869826,
      trid = 13014550723666773160779725421,
      raw = <<0,4,0,76,33,18,164,66,42,13,98,80,109,21,231,60,211,54,58,109,0,
              6,0,5,97,108,105,99,101,0,0,0,0,20,0,11,101,116,117,114,110,97,
              108,46,110,101,116,0,0,21,0,10,50,53,49,50,52,52,57,56,53,54,0,0,
              0,13,0,4,0,0,0,0>>,
      unsupported = [],'ALTERNATE-SERVER' = undefined,
      'CHANNEL-NUMBER' = undefined,'DATA' = undefined,'DONT-FRAGMENT' = false,
      'ERROR-CODE' = undefined,'LIFETIME' = 0,'MAPPED-ADDRESS' = undefined,
      'MESSAGE-INTEGRITY' = <<105,185,242,214,39,224,65,152,38,72,92,160,93,
                              164,31,222,89,158,67,157>>,
      'NONCE' = <<"2512449856">>,'REALM' = <<"eturnal.net">>,
      'REQUESTED-ADDRESS-FAMILY' = undefined,
      'REQUESTED-TRANSPORT' = undefined,'SOFTWARE' = undefined,
      'UNKNOWN-ATTRIBUTES' = [],'USERNAME' = <<"alice">>,
      'XOR-MAPPED-ADDRESS' = undefined,'XOR-PEER-ADDRESS' = [],
      'XOR-RELAYED-ADDRESS' = undefined} (stun:udp_recv/5:114)
2023-09-29 06:54:19.945229+00:00 [debug] Looking up password for: alice [UDP, session 1vw89tkbaq1t, user alice, client 127.0.0.1:43252] (eturnal:get_password/2:257)
2023-09-29 06:54:19.945297+00:00 [info] Accepting long-term STUN/TURN authentication [UDP, session 1vw89tkbaq1t, user alice, client 127.0.0.1:43252] (stun:process/2:255)
2023-09-29 06:54:19.945352+00:00 [info] Client requested closing the TURN session [UDP, session ks138xi8co8o, user alice, client 127.0.0.1:43252, relay 127.0.0.1:49381] (turn:active/2:285)
2023-09-29 06:54:19.945475+00:00 [debug] Sending:
#stun{class = response,method = 4,magic = 554869826,
      trid = 13014550723666773160779725421,raw = <<>>,unsupported = [],
      'ALTERNATE-SERVER' = undefined,'CHANNEL-NUMBER' = undefined,
      'DATA' = undefined,'DONT-FRAGMENT' = false,'ERROR-CODE' = undefined,
      'LIFETIME' = 0,'MAPPED-ADDRESS' = undefined,
      'MESSAGE-INTEGRITY' = undefined,'NONCE' = undefined,'REALM' = undefined,
      'REQUESTED-ADDRESS-FAMILY' = undefined,
      'REQUESTED-TRANSPORT' = undefined,'SOFTWARE' = <<"eturnal">>,
      'UNKNOWN-ATTRIBUTES' = [],'USERNAME' = undefined,
      'XOR-MAPPED-ADDRESS' = undefined,'XOR-PEER-ADDRESS' = [],
      'XOR-RELAYED-ADDRESS' = undefined} (turn:send/2:549)
2023-09-29 06:54:19.945605+00:00 [info] Deleting TURN allocation [UDP, session ks138xi8co8o, user alice, client 127.0.0.1:43252, relay 127.0.0.1:49381] (turn:terminate/3:482)
2023-09-29 06:54:19.945674+00:00 [notice] Relayed 0 KiB (in 0 B / 0 packets, out 0 B / 0 packets), duration: 0 seconds [UDP, session ks138xi8co8o, user alice, client 127.0.0.1:43252, relay 127.0.0.1:49381] (turn:terminate/3:489)
2023-09-29 06:54:19.945730+00:00 [debug] Running 'turn_session_stop' hook [UDP, session ks138xi8co8o, user alice, client 127.0.0.1:43252, relay 127.0.0.1:49381] (turn:run_hook/3:753)
2023-09-29 06:54:19.945790+00:00 [debug] Got 'turn_session_stop' event [UDP, session ks138xi8co8o, user alice, client 127.0.0.1:43252, relay 127.0.0.1:49381] (eturnal_module:handle_event/2:177)
2023-09-29 06:54:19.945836+00:00 [debug] Calling mod_stats_influx:handle_event/2 [UDP, session ks138xi8co8o, user alice, client 127.0.0.1:43252, relay 127.0.0.1:49381] (eturnal_module:handle_event/2:180)
2023-09-29 06:54:19.945885+00:00 [debug] Writing stats of TURN session ks138xi8co8o to InfluxDB [UDP, session ks138xi8co8o, user alice, client 127.0.0.1:43252, relay 127.0.0.1:49381] (mod_stats_influx:on_turn_session_stop/1:87)
2023-09-29 06:54:19.945938+00:00 [debug] Received:
#stun{class = request,method = 3,magic = 554869826,
      trid = 75657407044800542836478596459,raw = <<>>,unsupported = [],
      'ALTERNATE-SERVER' = undefined,'CHANNEL-NUMBER' = undefined,
      'DATA' = undefined,'DONT-FRAGMENT' = false,'ERROR-CODE' = undefined,
      'LIFETIME' = undefined,'MAPPED-ADDRESS' = undefined,
      'MESSAGE-INTEGRITY' = undefined,'NONCE' = undefined,'REALM' = undefined,
      'REQUESTED-ADDRESS-FAMILY' = undefined,
      'REQUESTED-TRANSPORT' = undefined,'SOFTWARE' = undefined,
      'UNKNOWN-ATTRIBUTES' = [],'USERNAME' = undefined,
      'XOR-MAPPED-ADDRESS' = undefined,'XOR-PEER-ADDRESS' = [],
      'XOR-RELAYED-ADDRESS' = undefined} (stun:udp_recv/5:114)
2023-09-29 06:54:19.946080+00:00 [debug] Calling mod_stats_prometheus:handle_event/2 [UDP, session ks138xi8co8o, user alice, client 127.0.0.1:43252, relay 127.0.0.1:49381] (eturnal_module:handle_event/2:180)
2023-09-29 06:54:19.946107+00:00 [debug] Sending:
#stun{class = error,method = 3,magic = 554869826,
      trid = 75657407044800542836478596459,raw = <<>>,unsupported = [],
      'ALTERNATE-SERVER' = undefined,'CHANNEL-NUMBER' = undefined,
      'DATA' = undefined,'DONT-FRAGMENT' = false,
      'ERROR-CODE' = {401,<<"Unauthorized">>},
      'LIFETIME' = undefined,'MAPPED-ADDRESS' = undefined,
      'MESSAGE-INTEGRITY' = undefined,'NONCE' = <<"3241306969">>,
      'REALM' = <<"eturnal.net">>,'REQUESTED-ADDRESS-FAMILY' = undefined,
      'REQUESTED-TRANSPORT' = undefined,'SOFTWARE' = <<"eturnal">>,
      'UNKNOWN-ATTRIBUTES' = [],'USERNAME' = undefined,
      'XOR-MAPPED-ADDRESS' = undefined,'XOR-PEER-ADDRESS' = [],
      'XOR-RELAYED-ADDRESS' = undefined} (stun:send/3:466)
2023-09-29 06:54:19.946142+00:00 [debug] Observing stopped TURN session ks138xi8co8o for Prometheus [UDP, session ks138xi8co8o, user alice, client 127.0.0.1:43252, relay 127.0.0.1:49381] (mod_stats_prometheus:on_turn_session_stop/1:187)
2023-09-29 06:54:19.946443+00:00 [debug] Received:
#stun{class = request,method = 3,magic = 554869826,
      trid = 43082590252849903114960549847,
      raw = <<0,3,0,80,33,18,164,66,139,53,21,89,108,16,251,153,177,232,183,
              215,0,25,0,4,17,0,0,0,0,6,0,10,50,49,52,53,57,49,51,50,48,48,0,0,
              0,20,0,11,101,116,117,114,110,97,108,46,110,101,116,0,0,21,0,10,
              51,50,52,49,51,48,54,57,54,57,0,0>>,
      unsupported = [],'ALTERNATE-SERVER' = undefined,
      'CHANNEL-NUMBER' = undefined,'DATA' = undefined,'DONT-FRAGMENT' = false,
      'ERROR-CODE' = undefined,'LIFETIME' = undefined,
      'MAPPED-ADDRESS' = undefined,
      'MESSAGE-INTEGRITY' = <<253,212,138,88,176,0,199,61,111,4,226,189,139,
                              162,70,129,60,21,181,173>>,
      'NONCE' = <<"3241306969">>,'REALM' = <<"eturnal.net">>,
      'REQUESTED-ADDRESS-FAMILY' = undefined,'REQUESTED-TRANSPORT' = udp,
      'SOFTWARE' = undefined,'UNKNOWN-ATTRIBUTES' = [],
      'USERNAME' = <<"2145913200">>,'XOR-MAPPED-ADDRESS' = undefined,
      'XOR-PEER-ADDRESS' = [],'XOR-RELAYED-ADDRESS' = undefined} (stun:udp_recv/5:114)
2023-09-29 06:54:19.946587+00:00 [debug] Deriving password for: 2145913200 [UDP, session s46ykp3tb13n, user 2145913200, client 127.0.0.1:35556] (eturnal:get_password/2:243)
2023-09-29 06:54:19.946657+00:00 [info] Accepting long-term STUN/TURN authentication [UDP, session s46ykp3tb13n, user 2145913200, client 127.0.0.1:35556] (stun:process/2:255)
2023-09-29 06:54:19.946764+00:00 [debug] Running 'turn_session_start' hook [UDP, session s46ykp3tb13n, user 2145913200, client 127.0.0.1:35556] (turn:run_hook/3:753)
2023-09-29 06:54:19.946828+00:00 [debug] Got 'turn_session_start' event [UDP, session s46ykp3tb13n, user 2145913200, client 127.0.0.1:35556] (eturnal_module:handle_event/2:177)
2023-09-29 06:54:19.946888+00:00 [debug] Calling mod_stats_prometheus:handle_event/2 [UDP, session s46ykp3tb13n, user 2145913200, client 127.0.0.1:35556] (eturnal_module:handle_event/2:180)
2023-09-29 06:54:19.946938+00:00 [debug] Observing started TURN session s46ykp3tb13n for Prometheus [UDP, session s46ykp3tb13n, user 2145913200, client 127.0.0.1:35556] (mod_stats_prometheus:on_turn_session_start/1:174)
2023-09-29 06:54:19.947129+00:00 [notice] Creating TURN allocation (lifetime: 599 seconds) [UDP, session s46ykp3tb13n, user 2145913200, client 127.0.0.1:35556, relay 127.0.0.1:53721] (turn:wait_for_allocate/2:226)
2023-09-29 06:54:19.947226+00:00 [debug] Sending:
#stun{class = response,method = 3,magic = 554869826,
      trid = 43082590252849903114960549847,raw = <<>>,unsupported = [],
      'ALTERNATE-SERVER' = undefined,'CHANNEL-NUMBER' = undefined,
      'DATA' = undefined,'DONT-FRAGMENT' = false,'ERROR-CODE' = undefined,
      'LIFETIME' = 599,'MAPPED-ADDRESS' = undefined,
      'MESSAGE-INTEGRITY' = undefined,'NONCE' = undefined,'REALM' = undefined,
      'REQUESTED-ADDRESS-FAMILY' = undefined,
      'REQUESTED-TRANSPORT' = undefined,'SOFTWARE' = <<"eturnal">>,
      'UNKNOWN-ATTRIBUTES' = [],'USERNAME' = undefined,
      'XOR-MAPPED-ADDRESS' = {{127,0,0,1},35556},
      'XOR-PEER-ADDRESS' = [],
      'XOR-RELAYED-ADDRESS' = {{127,0,0,1},53721}} (turn:send/2:549)
2023-09-29 06:54:19.947742+00:00 [debug] Received:
#stun{class = request,method = 4,magic = 554869826,
      trid = 66796329440204926919649730334,
      raw = <<0,4,0,80,33,18,164,66,215,212,160,242,168,8,166,153,214,35,31,30,
              0,6,0,10,50,49,52,53,57,49,51,50,48,48,0,0,0,20,0,11,101,116,117,
              114,110,97,108,46,110,101,116,0,0,21,0,10,51,50,52,49,51,48,54,
              57,54,57,0,0,0,13,0,4,0,0,0,0>>,
      unsupported = [],'ALTERNATE-SERVER' = undefined,
      'CHANNEL-NUMBER' = undefined,'DATA' = undefined,'DONT-FRAGMENT' = false,
      'ERROR-CODE' = undefined,'LIFETIME' = 0,'MAPPED-ADDRESS' = undefined,
      'MESSAGE-INTEGRITY' = <<187,150,132,210,84,79,225,10,177,144,69,51,76,7,
                              157,179,84,6,192,43>>,
      'NONCE' = <<"3241306969">>,'REALM' = <<"eturnal.net">>,
      'REQUESTED-ADDRESS-FAMILY' = undefined,
      'REQUESTED-TRANSPORT' = undefined,'SOFTWARE' = undefined,
      'UNKNOWN-ATTRIBUTES' = [],'USERNAME' = <<"2145913200">>,
      'XOR-MAPPED-ADDRESS' = undefined,'XOR-PEER-ADDRESS' = [],
      'XOR-RELAYED-ADDRESS' = undefined} (stun:udp_recv/5:114)
2023-09-29 06:54:19.947922+00:00 [debug] Deriving password for: 2145913200 [UDP, session t5npivj8dauv, user 2145913200, client 127.0.0.1:35556] (eturnal:get_password/2:243)
2023-09-29 06:54:19.947987+00:00 [info] Accepting long-term STUN/TURN authentication [UDP, session t5npivj8dauv, user 2145913200, client 127.0.0.1:35556] (stun:process/2:255)
2023-09-29 06:54:19.948042+00:00 [info] Client requested closing the TURN session [UDP, session s46ykp3tb13n, user 2145913200, client 127.0.0.1:35556, relay 127.0.0.1:53721] (turn:active/2:285)
2023-09-29 06:54:19.948174+00:00 [debug] Sending:
#stun{class = response,method = 4,magic = 554869826,
      trid = 66796329440204926919649730334,raw = <<>>,unsupported = [],
      'ALTERNATE-SERVER' = undefined,'CHANNEL-NUMBER' = undefined,
      'DATA' = undefined,'DONT-FRAGMENT' = false,'ERROR-CODE' = undefined,
      'LIFETIME' = 0,'MAPPED-ADDRESS' = undefined,
      'MESSAGE-INTEGRITY' = undefined,'NONCE' = undefined,'REALM' = undefined,
      'REQUESTED-ADDRESS-FAMILY' = undefined,
      'REQUESTED-TRANSPORT' = undefined,'SOFTWARE' = <<"eturnal">>,
      'UNKNOWN-ATTRIBUTES' = [],'USERNAME' = undefined,
      'XOR-MAPPED-ADDRESS' = undefined,'XOR-PEER-ADDRESS' = [],
      'XOR-RELAYED-ADDRESS' = undefined} (turn:send/2:549)
2023-09-29 06:54:19.948292+00:00 [info] Deleting TURN allocation [UDP, session s46ykp3tb13n, user 2145913200, client 127.0.0.1:35556, relay 127.0.0.1:53721] (turn:terminate/3:482)
2023-09-29 06:54:19.948350+00:00 [notice] Relayed 0 KiB (in 0 B / 0 packets, out 0 B / 0 packets), duration: 0 seconds [UDP, session s46ykp3tb13n, user 2145913200, client 127.0.0.1:35556, relay 127.0.0.1:53721] (turn:terminate/3:489)
2023-09-29 06:54:19.948405+00:00 [debug] Running 'turn_session_stop' hook [UDP, session s46ykp3tb13n, user 2145913200, client 127.0.0.1:35556, relay 127.0.0.1:53721] (turn:run_hook/3:753)
2023-09-29 06:54:19.948451+00:00 [debug] Got 'turn_session_stop' event [UDP, session s46ykp3tb13n, user 2145913200, client 127.0.0.1:35556, relay 127.0.0.1:53721] (eturnal_module:handle_event/2:177)
2023-09-29 06:54:19.948492+00:00 [debug] Calling mod_stats_influx:handle_event/2 [UDP, session s46ykp3tb13n, user 2145913200, client 127.0.0.1:35556, relay 127.0.0.1:53721] (eturnal_module:handle_event/2:180)
2023-09-29 06:54:19.948583+00:00 [debug] Writing stats of TURN session s46ykp3tb13n to InfluxDB [UDP, session s46ykp3tb13n, user 2145913200, client 127.0.0.1:35556, relay 127.0.0.1:53721] (mod_stats_influx:on_turn_session_stop/1:87)
2023-09-29 06:54:19.948758+00:00 [debug] Calling mod_stats_prometheus:handle_event/2 [UDP, session s46ykp3tb13n, user 2145913200, client 127.0.0.1:35556, relay 127.0.0.1:53721] (eturnal_module:handle_event/2:180)
2023-09-29 06:54:19.948804+00:00 [debug] Observing stopped TURN session s46ykp3tb13n for Prometheus [UDP, session s46ykp3tb13n, user 2145913200, client 127.0.0.1:35556, relay 127.0.0.1:53721] (mod_stats_prometheus:on_turn_session_stop/1:187)
2023-09-29 06:54:19.972616+00:00 [debug] Received:
#stun{class = request,method = 1,magic = 554869826,
      trid = 10374481729789323785715913524,raw = <<>>,unsupported = [],
      'ALTERNATE-SERVER' = undefined,'CHANNEL-NUMBER' = undefined,
      'DATA' = undefined,'DONT-FRAGMENT' = false,'ERROR-CODE' = undefined,
      'LIFETIME' = undefined,'MAPPED-ADDRESS' = undefined,
      'MESSAGE-INTEGRITY' = undefined,'NONCE' = undefined,'REALM' = undefined,
      'REQUESTED-ADDRESS-FAMILY' = undefined,
      'REQUESTED-TRANSPORT' = undefined,'SOFTWARE' = undefined,
      'UNKNOWN-ATTRIBUTES' = [],'USERNAME' = undefined,
      'XOR-MAPPED-ADDRESS' = undefined,'XOR-PEER-ADDRESS' = [],
      'XOR-RELAYED-ADDRESS' = undefined} (stun:udp_recv/5:114)
2023-09-29 06:54:19.972703+00:00 [debug] Responding to STUN request [UDP, session v71r7rmndm2r, anonymous, client 127.0.0.1:48299] (stun:process/4:323)
2023-09-29 06:54:19.972746+00:00 [debug] Running 'stun_query' hook [UDP, session v71r7rmndm2r, anonymous, client 127.0.0.1:48299] (stun:run_hook/3:889)
2023-09-29 06:54:19.972837+00:00 [debug] Got 'stun_query' event [UDP, session v71r7rmndm2r, anonymous, client 127.0.0.1:48299] (eturnal_module:handle_event/2:177)
2023-09-29 06:54:19.972900+00:00 [debug] Calling mod_log_stun:handle_event/2 [UDP, session v71r7rmndm2r, anonymous, client 127.0.0.1:48299] (eturnal_module:handle_event/2:180)
2023-09-29 06:54:19.972946+00:00 [info] Responding to STUN request [UDP, session v71r7rmndm2r, anonymous, client 127.0.0.1:48299] (mod_log_stun:handle_event/2:44)
2023-09-29 06:54:19.973010+00:00 [debug] Calling mod_stats_influx:handle_event/2 [UDP, session v71r7rmndm2r, anonymous, client 127.0.0.1:48299] (eturnal_module:handle_event/2:180)
2023-09-29 06:54:19.973072+00:00 [debug] Writing STUN query event to InfluxDB [UDP, session v71r7rmndm2r, anonymous, client 127.0.0.1:48299] (mod_stats_influx:on_stun_query/1:76)
2023-09-29 06:54:19.973230+00:00 [debug] Calling mod_stats_prometheus:handle_event/2 [UDP, session v71r7rmndm2r, anonymous, client 127.0.0.1:48299] (eturnal_module:handle_event/2:180)
2023-09-29 06:54:19.973276+00:00 [debug] Observing STUN query for Prometheus [UDP, session v71r7rmndm2r, anonymous, client 127.0.0.1:48299] (mod_stats_prometheus:on_stun_query/1:166)
2023-09-29 06:54:19.973374+00:00 [debug] Sending:
#stun{class = response,method = 1,magic = 554869826,
      trid = 10374481729789323785715913524,raw = <<>>,unsupported = [],
      'ALTERNATE-SERVER' = undefined,'CHANNEL-NUMBER' = undefined,
      'DATA' = undefined,'DONT-FRAGMENT' = false,'ERROR-CODE' = undefined,
      'LIFETIME' = undefined,'MAPPED-ADDRESS' = undefined,
      'MESSAGE-INTEGRITY' = undefined,'NONCE' = undefined,'REALM' = undefined,
      'REQUESTED-ADDRESS-FAMILY' = undefined,
      'REQUESTED-TRANSPORT' = undefined,'SOFTWARE' = <<"eturnal">>,
      'UNKNOWN-ATTRIBUTES' = [],'USERNAME' = undefined,
      'XOR-MAPPED-ADDRESS' = {{127,0,0,1},48299},
      'XOR-PEER-ADDRESS' = [],'XOR-RELAYED-ADDRESS' = undefined} (stun:send/3:466)
2023-09-29 06:54:19.998779+00:00 [info] Accepting connection: 127.0.0.1:59934 -> 127.0.0.1:34780 [TCP, session k61ja1c6brz8] (stun_acceptor:accept/3:158)
2023-09-29 06:54:19.999027+00:00 [debug] Received:
#stun{class = request,method = 1,magic = 554869826,
      trid = 67334994669309163876653207612,raw = <<>>,unsupported = [],
      'ALTERNATE-SERVER' = undefined,'CHANNEL-NUMBER' = undefined,
      'DATA' = undefined,'DONT-FRAGMENT' = false,'ERROR-CODE' = undefined,
      'LIFETIME' = undefined,'MAPPED-ADDRESS' = undefined,
      'MESSAGE-INTEGRITY' = undefined,'NONCE' = undefined,'REALM' = undefined,
      'REQUESTED-ADDRESS-FAMILY' = undefined,
      'REQUESTED-TRANSPORT' = undefined,'SOFTWARE' = undefined,
      'UNKNOWN-ATTRIBUTES' = [],'USERNAME' = undefined,
      'XOR-MAPPED-ADDRESS' = undefined,'XOR-PEER-ADDRESS' = [],
      'XOR-RELAYED-ADDRESS' = undefined} (stun:process_data/3:423)
2023-09-29 06:54:19.999169+00:00 [debug] Responding to STUN request [TCP, session k61ja1c6brz8, anonymous, client 127.0.0.1:59934] (stun:process/4:323)
2023-09-29 06:54:19.999230+00:00 [debug] Running 'stun_query' hook [TCP, session k61ja1c6brz8, anonymous, client 127.0.0.1:59934] (stun:run_hook/3:889)
2023-09-29 06:54:19.999293+00:00 [debug] Got 'stun_query' event [TCP, session k61ja1c6brz8, anonymous, client 127.0.0.1:59934] (eturnal_module:handle_event/2:177)
2023-09-29 06:54:19.999335+00:00 [debug] Calling mod_log_stun:handle_event/2 [TCP, session k61ja1c6brz8, anonymous, client 127.0.0.1:59934] (eturnal_module:handle_event/2:180)
2023-09-29 06:54:19.999390+00:00 [info] Responding to STUN request [TCP, session k61ja1c6brz8, anonymous, client 127.0.0.1:59934] (mod_log_stun:handle_event/2:44)
2023-09-29 06:54:19.999424+00:00 [debug] Calling mod_stats_influx:handle_event/2 [TCP, session k61ja1c6brz8, anonymous, client 127.0.0.1:59934] (eturnal_module:handle_event/2:180)
2023-09-29 06:54:19.999468+00:00 [debug] Writing STUN query event to InfluxDB [TCP, session k61ja1c6brz8, anonymous, client 127.0.0.1:59934] (mod_stats_influx:on_stun_query/1:76)
2023-09-29 06:54:19.999632+00:00 [debug] Calling mod_stats_prometheus:handle_event/2 [TCP, session k61ja1c6brz8, anonymous, client 127.0.0.1:59934] (eturnal_module:handle_event/2:180)
2023-09-29 06:54:19.999675+00:00 [debug] Observing STUN query for Prometheus [TCP, session k61ja1c6brz8, anonymous, client 127.0.0.1:59934] (mod_stats_prometheus:on_stun_query/1:166)
2023-09-29 06:54:19.999752+00:00 [debug] Sending:
#stun{class = response,method = 1,magic = 554869826,
      trid = 67334994669309163876653207612,raw = <<>>,unsupported = [],
      'ALTERNATE-SERVER' = undefined,'CHANNEL-NUMBER' = undefined,
      'DATA' = undefined,'DONT-FRAGMENT' = false,'ERROR-CODE' = undefined,
      'LIFETIME' = undefined,'MAPPED-ADDRESS' = undefined,
      'MESSAGE-INTEGRITY' = undefined,'NONCE' = undefined,'REALM' = undefined,
      'REQUESTED-ADDRESS-FAMILY' = undefined,
      'REQUESTED-TRANSPORT' = undefined,'SOFTWARE' = <<"P1 STUN library">>,
      'UNKNOWN-ATTRIBUTES' = [],'USERNAME' = undefined,
      'XOR-MAPPED-ADDRESS' = {{127,0,0,1},59934},
      'XOR-PEER-ADDRESS' = [],'XOR-RELAYED-ADDRESS' = undefined} (stun:send/3:466)
2023-09-29 06:54:20.000002+00:00 [info] Connection reset by peer [TCP, session k61ja1c6brz8, anonymous, client 127.0.0.1:59934] (stun:handle_info/3:174)
2023-09-29 06:54:20.024304+00:00 [info] Accepting connection: 127.0.0.1:41256 -> 127.0.0.1:53490 [TLS, session vko0r7s39qdj] (stun_acceptor:accept/3:158)
2023-09-29 06:54:21.033406+00:00 [debug] Received:
#stun{class = request,method = 1,magic = 554869826,
      trid = 302055454512572489884317999,raw = <<>>,unsupported = [],
      'ALTERNATE-SERVER' = undefined,'CHANNEL-NUMBER' = undefined,
      'DATA' = undefined,'DONT-FRAGMENT' = false,'ERROR-CODE' = undefined,
      'LIFETIME' = undefined,'MAPPED-ADDRESS' = undefined,
      'MESSAGE-INTEGRITY' = undefined,'NONCE' = undefined,'REALM' = undefined,
      'REQUESTED-ADDRESS-FAMILY' = undefined,
      'REQUESTED-TRANSPORT' = undefined,'SOFTWARE' = undefined,
      'UNKNOWN-ATTRIBUTES' = [],'USERNAME' = undefined,
      'XOR-MAPPED-ADDRESS' = undefined,'XOR-PEER-ADDRESS' = [],
      'XOR-RELAYED-ADDRESS' = undefined} (stun:process_data/3:423)
2023-09-29 06:54:21.033571+00:00 [debug] Responding to STUN request [TLS, session vko0r7s39qdj, anonymous, client 127.0.0.1:41256] (stun:process/4:323)
2023-09-29 06:54:21.033645+00:00 [debug] Running 'stun_query' hook [TLS, session vko0r7s39qdj, anonymous, client 127.0.0.1:41256] (stun:run_hook/3:889)
2023-09-29 06:54:21.033714+00:00 [debug] Got 'stun_query' event [TLS, session vko0r7s39qdj, anonymous, client 127.0.0.1:41256] (eturnal_module:handle_event/2:177)
2023-09-29 06:54:21.033757+00:00 [debug] Calling mod_log_stun:handle_event/2 [TLS, session vko0r7s39qdj, anonymous, client 127.0.0.1:41256] (eturnal_module:handle_event/2:180)
2023-09-29 06:54:21.033812+00:00 [info] Responding to STUN request [TLS, session vko0r7s39qdj, anonymous, client 127.0.0.1:41256] (mod_log_stun:handle_event/2:44)
2023-09-29 06:54:21.033857+00:00 [debug] Calling mod_stats_influx:handle_event/2 [TLS, session vko0r7s39qdj, anonymous, client 127.0.0.1:41256] (eturnal_module:handle_event/2:180)
2023-09-29 06:54:21.033901+00:00 [debug] Writing STUN query event to InfluxDB [TLS, session vko0r7s39qdj, anonymous, client 127.0.0.1:41256] (mod_stats_influx:on_stun_query/1:76)
2023-09-29 06:54:21.034076+00:00 [debug] Calling mod_stats_prometheus:handle_event/2 [TLS, session vko0r7s39qdj, anonymous, client 127.0.0.1:41256] (eturnal_module:handle_event/2:180)
2023-09-29 06:54:21.034137+00:00 [debug] Observing STUN query for Prometheus [TLS, session vko0r7s39qdj, anonymous, client 127.0.0.1:41256] (mod_stats_prometheus:on_stun_query/1:166)
2023-09-29 06:54:21.034243+00:00 [debug] Sending:
#stun{class = response,method = 1,magic = 554869826,
      trid = 302055454512572489884317999,raw = <<>>,unsupported = [],
      'ALTERNATE-SERVER' = undefined,'CHANNEL-NUMBER' = undefined,
      'DATA' = undefined,'DONT-FRAGMENT' = false,'ERROR-CODE' = undefined,
      'LIFETIME' = undefined,'MAPPED-ADDRESS' = undefined,
      'MESSAGE-INTEGRITY' = undefined,'NONCE' = undefined,'REALM' = undefined,
      'REQUESTED-ADDRESS-FAMILY' = undefined,
      'REQUESTED-TRANSPORT' = undefined,'SOFTWARE' = <<"P1 STUN library">>,
      'UNKNOWN-ATTRIBUTES' = [],'USERNAME' = undefined,
      'XOR-MAPPED-ADDRESS' = {{127,0,0,1},41256},
      'XOR-PEER-ADDRESS' = [],'XOR-RELAYED-ADDRESS' = undefined} (stun:send/3:466)
2023-09-29 06:54:21.034651+00:00 [info] Connection reset by peer [TLS, session vko0r7s39qdj, anonymous, client 127.0.0.1:41256] (stun:handle_info/3:174)
2023-09-29 06:54:21.059915+00:00 [info] Accepting connection: 127.0.0.1:34894 -> 127.0.0.1:34781 [TCP|TLS, session kla9qwwisg0k] (stun_acceptor:accept/3:158)
2023-09-29 06:54:21.060085+00:00 [debug] Determined transport protocol: TCP (stun:is_tls_handshake/1:835)
2023-09-29 06:54:21.060376+00:00 [debug] Received:
#stun{class = request,method = 1,magic = 554869826,
      trid = 62828886211046770623505130976,raw = <<>>,unsupported = [],
      'ALTERNATE-SERVER' = undefined,'CHANNEL-NUMBER' = undefined,
      'DATA' = undefined,'DONT-FRAGMENT' = false,'ERROR-CODE' = undefined,
      'LIFETIME' = undefined,'MAPPED-ADDRESS' = undefined,
      'MESSAGE-INTEGRITY' = undefined,'NONCE' = undefined,'REALM' = undefined,
      'REQUESTED-ADDRESS-FAMILY' = undefined,
      'REQUESTED-TRANSPORT' = undefined,'SOFTWARE' = undefined,
      'UNKNOWN-ATTRIBUTES' = [],'USERNAME' = undefined,
      'XOR-MAPPED-ADDRESS' = undefined,'XOR-PEER-ADDRESS' = [],
      'XOR-RELAYED-ADDRESS' = undefined} (stun:process_data/3:423)
2023-09-29 06:54:21.060649+00:00 [debug] Responding to STUN request [TCP, session kla9qwwisg0k, anonymous, client 127.0.0.1:34894] (stun:process/4:323)
2023-09-29 06:54:21.060716+00:00 [debug] Running 'stun_query' hook [TCP, session kla9qwwisg0k, anonymous, client 127.0.0.1:34894] (stun:run_hook/3:889)
2023-09-29 06:54:21.060774+00:00 [debug] Got 'stun_query' event [TCP, session kla9qwwisg0k, anonymous, client 127.0.0.1:34894] (eturnal_module:handle_event/2:177)
2023-09-29 06:54:21.060823+00:00 [debug] Calling mod_log_stun:handle_event/2 [TCP, session kla9qwwisg0k, anonymous, client 127.0.0.1:34894] (eturnal_module:handle_event/2:180)
2023-09-29 06:54:21.060891+00:00 [info] Responding to STUN request [TCP, session kla9qwwisg0k, anonymous, client 127.0.0.1:34894] (mod_log_stun:handle_event/2:44)
2023-09-29 06:54:21.060934+00:00 [debug] Calling mod_stats_influx:handle_event/2 [TCP, session kla9qwwisg0k, anonymous, client 127.0.0.1:34894] (eturnal_module:handle_event/2:180)
2023-09-29 06:54:21.060978+00:00 [debug] Writing STUN query event to InfluxDB [TCP, session kla9qwwisg0k, anonymous, client 127.0.0.1:34894] (mod_stats_influx:on_stun_query/1:76)
2023-09-29 06:54:21.061184+00:00 [debug] Calling mod_stats_prometheus:handle_event/2 [TCP, session kla9qwwisg0k, anonymous, client 127.0.0.1:34894] (eturnal_module:handle_event/2:180)
2023-09-29 06:54:21.061240+00:00 [debug] Observing STUN query for Prometheus [TCP, session kla9qwwisg0k, anonymous, client 127.0.0.1:34894] (mod_stats_prometheus:on_stun_query/1:166)
2023-09-29 06:54:21.061340+00:00 [debug] Sending:
#stun{class = response,method = 1,magic = 554869826,
      trid = 62828886211046770623505130976,raw = <<>>,unsupported = [],
      'ALTERNATE-SERVER' = undefined,'CHANNEL-NUMBER' = undefined,
      'DATA' = undefined,'DONT-FRAGMENT' = false,'ERROR-CODE' = undefined,
      'LIFETIME' = undefined,'MAPPED-ADDRESS' = undefined,
      'MESSAGE-INTEGRITY' = undefined,'NONCE' = undefined,'REALM' = undefined,
      'REQUESTED-ADDRESS-FAMILY' = undefined,
      'REQUESTED-TRANSPORT' = undefined,'SOFTWARE' = <<"P1 STUN library">>,
      'UNKNOWN-ATTRIBUTES' = [],'USERNAME' = undefined,
      'XOR-MAPPED-ADDRESS' = {{127,0,0,1},34894},
      'XOR-PEER-ADDRESS' = [],'XOR-RELAYED-ADDRESS' = undefined} (stun:send/3:466)
2023-09-29 06:54:21.061650+00:00 [info] Connection reset by peer [TCP, session kla9qwwisg0k, anonymous, client 127.0.0.1:34894] (stun:handle_info/3:174)
2023-09-29 06:54:21.086323+00:00 [info] Accepting connection: 127.0.0.1:34902 -> 127.0.0.1:34781 [TCP|TLS, session q45er9qxlnet] (stun_acceptor:accept/3:158)
2023-09-29 06:54:21.086671+00:00 [debug] Determined transport protocol: TLS (stun:is_tls_handshake/1:832)
2023-09-29 06:54:22.096437+00:00 [debug] Received:
#stun{class = request,method = 1,magic = 554869826,
      trid = 18539380062433690604172551349,raw = <<>>,unsupported = [],
      'ALTERNATE-SERVER' = undefined,'CHANNEL-NUMBER' = undefined,
      'DATA' = undefined,'DONT-FRAGMENT' = false,'ERROR-CODE' = undefined,
      'LIFETIME' = undefined,'MAPPED-ADDRESS' = undefined,
      'MESSAGE-INTEGRITY' = undefined,'NONCE' = undefined,'REALM' = undefined,
      'REQUESTED-ADDRESS-FAMILY' = undefined,
      'REQUESTED-TRANSPORT' = undefined,'SOFTWARE' = undefined,
      'UNKNOWN-ATTRIBUTES' = [],'USERNAME' = undefined,
      'XOR-MAPPED-ADDRESS' = undefined,'XOR-PEER-ADDRESS' = [],
      'XOR-RELAYED-ADDRESS' = undefined} (stun:process_data/3:423)
2023-09-29 06:54:22.096620+00:00 [debug] Responding to STUN request [TLS, session q45er9qxlnet, anonymous, client 127.0.0.1:34902] (stun:process/4:323)
2023-09-29 06:54:22.096880+00:00 [debug] Running 'stun_query' hook [TLS, session q45er9qxlnet, anonymous, client 127.0.0.1:34902] (stun:run_hook/3:889)
2023-09-29 06:54:22.096952+00:00 [debug] Got 'stun_query' event [TLS, session q45er9qxlnet, anonymous, client 127.0.0.1:34902] (eturnal_module:handle_event/2:177)
2023-09-29 06:54:22.097002+00:00 [debug] Calling mod_log_stun:handle_event/2 [TLS, session q45er9qxlnet, anonymous, client 127.0.0.1:34902] (eturnal_module:handle_event/2:180)
2023-09-29 06:54:22.097071+00:00 [info] Responding to STUN request [TLS, session q45er9qxlnet, anonymous, client 127.0.0.1:34902] (mod_log_stun:handle_event/2:44)
2023-09-29 06:54:22.097109+00:00 [debug] Calling mod_stats_influx:handle_event/2 [TLS, session q45er9qxlnet, anonymous, client 127.0.0.1:34902] (eturnal_module:handle_event/2:180)
2023-09-29 06:54:22.097161+00:00 [debug] Writing STUN query event to InfluxDB [TLS, session q45er9qxlnet, anonymous, client 127.0.0.1:34902] (mod_stats_influx:on_stun_query/1:76)
2023-09-29 06:54:22.097532+00:00 [debug] Calling mod_stats_prometheus:handle_event/2 [TLS, session q45er9qxlnet, anonymous, client 127.0.0.1:34902] (eturnal_module:handle_event/2:180)
2023-09-29 06:54:22.097603+00:00 [debug] Observing STUN query for Prometheus [TLS, session q45er9qxlnet, anonymous, client 127.0.0.1:34902] (mod_stats_prometheus:on_stun_query/1:166)
2023-09-29 06:54:22.097703+00:00 [debug] Sending:
#stun{class = response,method = 1,magic = 554869826,
      trid = 18539380062433690604172551349,raw = <<>>,unsupported = [],
      'ALTERNATE-SERVER' = undefined,'CHANNEL-NUMBER' = undefined,
      'DATA' = undefined,'DONT-FRAGMENT' = false,'ERROR-CODE' = undefined,
      'LIFETIME' = undefined,'MAPPED-ADDRESS' = undefined,
      'MESSAGE-INTEGRITY' = undefined,'NONCE' = undefined,'REALM' = undefined,
      'REQUESTED-ADDRESS-FAMILY' = undefined,
      'REQUESTED-TRANSPORT' = undefined,'SOFTWARE' = <<"P1 STUN library">>,
      'UNKNOWN-ATTRIBUTES' = [],'USERNAME' = undefined,
      'XOR-MAPPED-ADDRESS' = {{127,0,0,1},34902},
      'XOR-PEER-ADDRESS' = [],'XOR-RELAYED-ADDRESS' = undefined} (stun:send/3:466)
2023-09-29 06:54:22.097977+00:00 [info] Connection reset by peer [TLS, session q45er9qxlnet, anonymous, client 127.0.0.1:34902] (stun:handle_info/3:174)
2023-09-29 06:54:22.121773+00:00 [debug] Terminating eturnal (shutdown) (eturnal:terminate/2:184)
2023-09-29 06:54:22.122031+00:00 [info] Stopped listening on 127.0.0.1:34780 (udp) (eturnal:stop_listeners/1:441)
2023-09-29 06:54:22.121910+00:00 [debug] No NOTIFY_SOCKET, dropping STOPPING=1 notification (eturnal_systemd:handle_cast/2:99)
2023-09-29 06:54:22.122262+00:00 [info] Stopped listening on 127.0.0.1:34780 (tcp) (eturnal:stop_listeners/1:441)
2023-09-29 06:54:22.122805+00:00 [info] Stopped listening on 127.0.0.1:53490 (tls) (eturnal:stop_listeners/1:441)
2023-09-29 06:54:22.122937+00:00 [info] Stopped listening on 127.0.0.1:34781 (auto) (eturnal:stop_listeners/1:441)
2023-09-29 06:54:22.123966+00:00 [debug] Calling mod_stats_influx:stop/1 (eturnal_module:stop/1:163)
2023-09-29 06:54:22.124325+00:00 [debug] Stopping mod_stats_influx (mod_stats_influx:stop/0:61)
2023-09-29 06:54:22.124428+00:00 [info] Stopped mod_stats_influx (eturnal:stop_modules/1:396)
2023-09-29 06:54:22.125298+00:00 [debug] Calling mod_stats_prometheus:stop/1 (eturnal_module:stop/1:163)
2023-09-29 06:54:22.125511+00:00 [debug] Stopping mod_stats_prometheus (mod_stats_prometheus:stop/0:110)
2023-09-29 06:54:22.126279+00:00 [info] Stopped mod_stats_prometheus (eturnal:stop_modules/1:396)
2023-09-29 06:54:22.127151+00:00 [debug] Calling mod_log_stun:stop/1 (eturnal_module:stop/1:163)
2023-09-29 06:54:22.127281+00:00 [debug] Stopping mod_log_stun (mod_log_stun:stop/0:49)
2023-09-29 06:54:22.127432+00:00 [info] Stopped mod_log_stun (eturnal:stop_modules/1:396)
2023-09-29 06:54:22.127799+00:00 [debug] Removed run/cert.pem (eturnal:clean_run_dir/0:870)
2023-09-29 06:54:22.128105+00:00 [debug] Terminating eturnal_systemd (shutdown) (eturnal_systemd:terminate/2:125)
2023-09-29 06:54:22.128261+00:00 [notice] Stopping eturnal 1.12.0 on Erlang/OTP 26 (ERTS 14.0) (eturnal_app:stop/1:53)
