2022-08-04 08:02:51.865123+00:00 [notice] Starting eturnal 1.10.1 on Erlang/OTP 25 (ERTS 13.0) (eturnal_app:start/2:34)
2022-08-04 08:02:51.865369+00:00 [debug] Starting supervisor: eturnal_sup (eturnal_sup:start_link/0:31)
2022-08-04 08:02:51.865530+00:00 [debug] Configuring eturnal_sup supervisor: [#{id => systemd,
                                       start =>
                                           {eturnal_systemd,start_link,[]}},
                                     #{id => eturnal,
                                       start => {eturnal,start_link,[]}}] (eturnal_sup:init/0:39)
2022-08-04 08:02:51.867053+00:00 [info] Got no NOTIFY_SOCKET, notifications disabled (eturnal_systemd:init/1:94)
2022-08-04 08:02:51.867241+00:00 [debug] PROGRESS REPORT:
    supervisor: {local,eturnal_sup}
    started: [{pid,<0.1027.0>},
              {id,systemd},
              {mfargs,{eturnal_systemd,start_link,[]}},
              {restart_type,permanent},
              {significant,false},
              {shutdown,5000},
              {child_type,worker}]
 (supervisor:report_progress/2:1557)
2022-08-04 08:02:51.867386+00:00 [info] Relay IPv4 address: 127.0.0.1 (port range: 49152-65535) (eturnal:log_relay_addresses/0:278)
2022-08-04 08:02:51.867522+00:00 [info] Relay IPv6 address not configured (eturnal:log_relay_addresses/0:288)
2022-08-04 08:02:51.878732+00:00 [info] Cannot determine control query port: noport (eturnal:log_control_listener/0:303)
2022-08-04 08:02:51.879127+00:00 [debug] Using run directory run (eturnal:ensure_run_dir/0:734)
2022-08-04 08:02:51.879240+00:00 [debug] TURN configuration seems fine (eturnal:check_turn_config/0:499)
2022-08-04 08:02:51.879371+00:00 [warning] TLS enabled without 'tls_crt_file', creating self-signed certificate (eturnal:check_pem_file/0:670)
2022-08-04 08:02:52.183432+00:00 [debug] Calling mod_log_stun:start/0 (eturnal_module:start/1:142)
2022-08-04 08:02:52.183729+00:00 [debug] Starting mod_log_stun (mod_log_stun:start/0:38)
2022-08-04 08:02:52.183887+00:00 [info] Started mod_log_stun (eturnal:start_modules/0:314)
2022-08-04 08:02:52.184029+00:00 [debug] Calling mod_stats_influx:start/0 (eturnal_module:start/1:142)
2022-08-04 08:02:52.184131+00:00 [debug] Starting mod_stats_influx (mod_stats_influx:start/0:37)
2022-08-04 08:02:52.187687+00:00 [debug] PROGRESS REPORT:
    application: ulitos
    started_at: nonode@nohost
 (application_controller:info_started/2:2107)
2022-08-04 08:02:52.189862+00:00 [debug] PROGRESS REPORT:
    application: poolboy
    started_at: nonode@nohost
 (application_controller:info_started/2:2107)
2022-08-04 08:02:52.191404+00:00 [info]     msg: Starting application: influx_udp (influx_udp_app:start/2:10)
2022-08-04 08:02:52.194776+00:00 [debug] PROGRESS REPORT:
    supervisor: {local,influx_udp_sup}
    started: [{pid,<0.1049.0>},
              {id,influx_udp},
              {mfargs,{influx_udp,start_link,[]}},
              {restart_type,permanent},
              {significant,false},
              {shutdown,5000},
              {child_type,worker}]
 (supervisor:report_progress/2:1557)
2022-08-04 08:02:52.194967+00:00 [debug] PROGRESS REPORT:
    application: influx_udp
    started_at: nonode@nohost
 (application_controller:info_started/2:2107)
2022-08-04 08:02:52.195032+00:00 [debug] Dependency influx_udp was available already (eturnal_module:ensure_dep/2:283)
2022-08-04 08:02:52.199168+00:00 [info]     host: {127,0,0,1}
    msg: Start clients pool
    options: #{host => "localhost",max_overflow => 1,pool_size => 1,
               port => 8089} (influx_udp:start_pool_/2:239)
2022-08-04 08:02:52.219808+00:00 [info]     msg: Open UDP socket on port
    port: 50558 (influx_udp_worker:init/1:43)
2022-08-04 08:02:52.220171+00:00 [debug] PROGRESS REPORT:
    supervisor: {local,influx_udp_sup}
    started: [{pid,<0.1052.0>},
              {id,stats_influx_pool},
              {mfargs,
                  {poolboy,start_link,
                      [[{name,{local,stats_influx_pool}},
                        {worker_module,influx_udp_worker},
                        {size,1},
                        {max_overflow,1}],
                       [{options,
                            #{host => {127,0,0,1},
                              max_overflow => 1,pool_size => 1,
                              port => 8089}}]]}},
              {restart_type,permanent},
              {significant,false},
              {shutdown,5000},
              {child_type,worker}]
 (supervisor:report_progress/2:1557)
2022-08-04 08:02:52.220385+00:00 [info] Started mod_stats_influx (eturnal:start_modules/0:314)
2022-08-04 08:02:52.221176+00:00 [debug] Calling mod_stats_prometheus:start/0 (eturnal_module:start/1:142)
2022-08-04 08:02:52.222058+00:00 [debug] Starting mod_stats_prometheus (mod_stats_prometheus:start/0:56)
2022-08-04 08:02:54.318480+00:00 [debug] PROGRESS REPORT:
    application: prometheus
    started_at: nonode@nohost
 (application_controller:info_started/2:2107)
2022-08-04 08:02:54.319680+00:00 [debug] PROGRESS REPORT:
    application: accept
    started_at: nonode@nohost
 (application_controller:info_started/2:2107)
2022-08-04 08:02:54.319943+00:00 [debug] PROGRESS REPORT:
    application: prometheus_httpd
    started_at: nonode@nohost
 (application_controller:info_started/2:2107)
2022-08-04 08:02:54.320009+00:00 [debug] Dependency prometheus_httpd was available already (eturnal_module:ensure_dep/2:283)
2022-08-04 08:02:54.321150+00:00 [debug] PROGRESS REPORT:
    supervisor: {local,httpd_instance_sup__127_0_0_1__9081default}
    started: [{pid,<0.1074.0>},
              {id,{httpd_connection_sup,{127,0,0,1},9081,default}},
              {mfargs,{httpd_connection_sup,start_link,[[{127,0,0,1},9081]]}},
              {restart_type,permanent},
              {significant,false},
              {shutdown,5000},
              {child_type,supervisor}]
 (supervisor:report_progress/2:1557)
2022-08-04 08:02:54.321536+00:00 [debug] PROGRESS REPORT:
    supervisor: {local,httpd_acceptor_sup__127_0_0_1__9081default}
    started: [{pid,<0.1076.0>},
              {id,{httpd_acceptor_sup,{127,0,0,1},9081,default}},
              {mfargs,{httpd_acceptor,start_link,
                                      [httpd__127_0_0_1__9081default,ip_comm,
                                       {127,0,0,1},
                                       9081,inet,
                                       httpd_conf__127_0_0_1__9081default,
                                       15000]}},
              {restart_type,transient},
              {significant,false},
              {shutdown,brutal_kill},
              {child_type,worker}]
 (supervisor:report_progress/2:1557)
2022-08-04 08:02:54.321704+00:00 [debug] PROGRESS REPORT:
    supervisor: {local,httpd_instance_sup__127_0_0_1__9081default}
    started: [{pid,<0.1075.0>},
              {id,{httpd_acceptor_sup,{127,0,0,1},9081,default}},
              {mfargs,
                  {httpd_acceptor_sup,start_link,
                      [[{127,0,0,1},
                        9081,
                        [{bind_address,{127,0,0,1}},
                         {socket_type,ip_comm},
                         {port,9081},
                         {server_root,"run/mod_stats_prometheus/doc"},
                         {document_root,"run/mod_stats_prometheus/doc"},
                         {server_name,"Prometheus Exporter"},
                         {modules,[prometheus_httpd]}],
                        15000,undefined]]}},
              {restart_type,permanent},
              {significant,false},
              {shutdown,infinity},
              {child_type,supervisor}]
 (supervisor:report_progress/2:1557)
2022-08-04 08:02:54.321873+00:00 [debug] PROGRESS REPORT:
    supervisor: {local,httpd_instance_sup__127_0_0_1__9081default}
    started: [{pid,<0.1077.0>},
              {id,{httpd_misc_sup,{127,0,0,1},9081,default}},
              {mfargs,{httpd_misc_sup,start_link,[{127,0,0,1},9081,default]}},
              {restart_type,permanent},
              {significant,false},
              {shutdown,infinity},
              {child_type,supervisor}]
 (supervisor:report_progress/2:1557)
2022-08-04 08:02:54.322189+00:00 [debug] PROGRESS REPORT:
    supervisor: {local,httpd_instance_sup__127_0_0_1__9081default}
    started: [{pid,<0.1078.0>},
              {id,{httpd_manager,{127,0,0,1},9081,default}},
              {mfargs,
                  {httpd_manager,start_link,
                      [undefined,
                       [{bind_address,{127,0,0,1}},
                        {socket_type,ip_comm},
                        {port,9081},
                        {server_root,"run/mod_stats_prometheus/doc"},
                        {document_root,"run/mod_stats_prometheus/doc"},
                        {server_name,"Prometheus Exporter"},
                        {modules,[prometheus_httpd]}],
                       15000]}},
              {restart_type,permanent},
              {significant,false},
              {shutdown,4000},
              {child_type,worker}]
 (supervisor:report_progress/2:1557)
2022-08-04 08:02:54.322324+00:00 [debug] PROGRESS REPORT:
    supervisor: {local,httpd_sup}
    started: [{pid,<0.1073.0>},
              {id,{httpd_instance_sup,{127,0,0,1},9081,default}},
              {mfargs,
                  {httpd_instance_sup,start_link,
                      [[{bind_address,{127,0,0,1}},
                        {socket_type,ip_comm},
                        {port,9081},
                        {server_root,"run/mod_stats_prometheus/doc"},
                        {document_root,"run/mod_stats_prometheus/doc"},
                        {server_name,"Prometheus Exporter"},
                        {modules,[prometheus_httpd]}],
                       15000,[]]}},
              {restart_type,permanent},
              {significant,false},
              {shutdown,infinity},
              {child_type,supervisor}]
 (supervisor:report_progress/2:1557)
2022-08-04 08:02:54.323939+00:00 [info] Started mod_stats_prometheus (eturnal:start_modules/0:314)
2022-08-04 08:02:54.324143+00:00 [debug] Starting listener 127.0.0.1:34780 (udp) with options:
[{use_turn,true},
 {auth_type,user},
 {turn_ipv4_address,{127,0,0,1}},
 {turn_min_port,49152},
 {turn_max_port,65535},
 {turn_max_allocations,10},
 {turn_max_permissions,10},
 {shaper,100000},
 {turn_blacklist,[{{10,0,0,0},8},
                  {{100,64,0,0},10},
                  {{127,0,0,0},8},
                  {{169,254,0,0},16},
                  {{172,16,0,0},12},
                  {{192,0,0,0},24},
                  {{192,0,2,0},24},
                  {{192,88,99,0},24},
                  {{192,168,0,0},16},
                  {{198,18,0,0},15},
                  {{198,51,100,0},24},
                  {{203,0,113,0},24},
                  {{224,0,0,0},4},
                  {{240,0,0,0},4},
                  {{0,0,0,0,0,0,0,1},128},
                  {{0,0,0,0,0,65535,0,0},96},
                  {{100,65435,0,0,0,0,0,0},96},
                  {{256,0,0,0,0,0,0,0},64},
                  {{8193,3512,0,0,0,0,0,0},32},
                  {{64512,0,0,0,0,0,0,0},7},
                  {{65152,0,0,0,0,0,0,0},10},
                  {{65280,0,0,0,0,0,0,0},8}]},
 {turn_whitelist,[{{127,0,0,1},32},
                  {{203,0,113,113},32},
                  {{8193,3512,0,0,0,0,0,0},64}]},
 {auth_realm,<<"eturnal.net">>},
 {server_name,<<"eturnal">>},
 {auth_fun,fun eturnal:get_password/2},
 {hook_fun,fun eturnal:run_hook/2}] (eturnal:start_listeners/0:347)
2022-08-04 08:02:54.324960+00:00 [info] Listening on 127.0.0.1:34780 (udp) (STUN/TURN) (eturnal:start_listeners/0:354)
2022-08-04 08:02:54.325116+00:00 [debug] Starting listener 127.0.0.1:34780 (tcp) with options:
[{use_turn,false},
 {auth_type,anonymous},
 {turn_ipv4_address,{127,0,0,1}},
 {turn_min_port,49152},
 {turn_max_port,65535},
 {turn_max_allocations,10},
 {turn_max_permissions,10},
 {shaper,100000},
 {turn_blacklist,[{{10,0,0,0},8},
                  {{100,64,0,0},10},
                  {{127,0,0,0},8},
                  {{169,254,0,0},16},
                  {{172,16,0,0},12},
                  {{192,0,0,0},24},
                  {{192,0,2,0},24},
                  {{192,88,99,0},24},
                  {{192,168,0,0},16},
                  {{198,18,0,0},15},
                  {{198,51,100,0},24},
                  {{203,0,113,0},24},
                  {{224,0,0,0},4},
                  {{240,0,0,0},4},
                  {{0,0,0,0,0,0,0,1},128},
                  {{0,0,0,0,0,65535,0,0},96},
                  {{100,65435,0,0,0,0,0,0},96},
                  {{256,0,0,0,0,0,0,0},64},
                  {{8193,3512,0,0,0,0,0,0},32},
                  {{64512,0,0,0,0,0,0,0},7},
                  {{65152,0,0,0,0,0,0,0},10},
                  {{65280,0,0,0,0,0,0,0},8}]},
 {turn_whitelist,[{{127,0,0,1},32},
                  {{203,0,113,113},32},
                  {{8193,3512,0,0,0,0,0,0},64}]},
 {auth_realm,<<"eturnal.net">>},
 {server_name,<<"eturnal">>},
 {auth_fun,fun eturnal:get_password/2},
 {hook_fun,fun eturnal:run_hook/2}] (eturnal:start_listeners/0:347)
2022-08-04 08:02:54.325744+00:00 [info] Listening on 127.0.0.1:34780 (tcp) (STUN only) (eturnal:start_listeners/0:354)
2022-08-04 08:02:54.325855+00:00 [debug] Starting listener 127.0.0.1:53490 (tls) with options:
[{use_turn,false},
 {auth_type,anonymous},
 {tls,true},
 {certfile,<<"run/cert.pem">>},
 {ciphers,<<"HIGH:!aNULL:@STRENGTH">>},
 {protocol_options,<<"no_tlsv1|no_tlsv1_1|cipher_server_preference">>},
 {turn_ipv4_address,{127,0,0,1}},
 {turn_min_port,49152},
 {turn_max_port,65535},
 {turn_max_allocations,10},
 {turn_max_permissions,10},
 {shaper,100000},
 {turn_blacklist,[{{10,0,0,0},8},
                  {{100,64,0,0},10},
                  {{127,0,0,0},8},
                  {{169,254,0,0},16},
                  {{172,16,0,0},12},
                  {{192,0,0,0},24},
                  {{192,0,2,0},24},
                  {{192,88,99,0},24},
                  {{192,168,0,0},16},
                  {{198,18,0,0},15},
                  {{198,51,100,0},24},
                  {{203,0,113,0},24},
                  {{224,0,0,0},4},
                  {{240,0,0,0},4},
                  {{0,0,0,0,0,0,0,1},128},
                  {{0,0,0,0,0,65535,0,0},96},
                  {{100,65435,0,0,0,0,0,0},96},
                  {{256,0,0,0,0,0,0,0},64},
                  {{8193,3512,0,0,0,0,0,0},32},
                  {{64512,0,0,0,0,0,0,0},7},
                  {{65152,0,0,0,0,0,0,0},10},
                  {{65280,0,0,0,0,0,0,0},8}]},
 {turn_whitelist,[{{127,0,0,1},32},
                  {{203,0,113,113},32},
                  {{8193,3512,0,0,0,0,0,0},64}]},
 {auth_realm,<<"eturnal.net">>},
 {server_name,<<"eturnal">>},
 {auth_fun,fun eturnal:get_password/2},
 {hook_fun,fun eturnal:run_hook/2}] (eturnal:start_listeners/0:347)
2022-08-04 08:02:54.326339+00:00 [info] Listening on 127.0.0.1:53490 (tls) (STUN only) (eturnal:start_listeners/0:354)
2022-08-04 08:02:54.326435+00:00 [debug] Starting listener 127.0.0.1:34781 (auto) with options:
[{use_turn,false},
 {auth_type,anonymous},
 {tls,optional},
 {certfile,<<"run/cert.pem">>},
 {ciphers,<<"HIGH:!aNULL:@STRENGTH">>},
 {protocol_options,<<"no_tlsv1|no_tlsv1_1|cipher_server_preference">>},
 {turn_ipv4_address,{127,0,0,1}},
 {turn_min_port,49152},
 {turn_max_port,65535},
 {turn_max_allocations,10},
 {turn_max_permissions,10},
 {shaper,100000},
 {turn_blacklist,[{{10,0,0,0},8},
                  {{100,64,0,0},10},
                  {{127,0,0,0},8},
                  {{169,254,0,0},16},
                  {{172,16,0,0},12},
                  {{192,0,0,0},24},
                  {{192,0,2,0},24},
                  {{192,88,99,0},24},
                  {{192,168,0,0},16},
                  {{198,18,0,0},15},
                  {{198,51,100,0},24},
                  {{203,0,113,0},24},
                  {{224,0,0,0},4},
                  {{240,0,0,0},4},
                  {{0,0,0,0,0,0,0,1},128},
                  {{0,0,0,0,0,65535,0,0},96},
                  {{100,65435,0,0,0,0,0,0},96},
                  {{256,0,0,0,0,0,0,0},64},
                  {{8193,3512,0,0,0,0,0,0},32},
                  {{64512,0,0,0,0,0,0,0},7},
                  {{65152,0,0,0,0,0,0,0},10},
                  {{65280,0,0,0,0,0,0,0},8}]},
 {turn_whitelist,[{{127,0,0,1},32},
                  {{203,0,113,113},32},
                  {{8193,3512,0,0,0,0,0,0},64}]},
 {auth_realm,<<"eturnal.net">>},
 {server_name,<<"eturnal">>},
 {auth_fun,fun eturnal:get_password/2},
 {hook_fun,fun eturnal:run_hook/2}] (eturnal:start_listeners/0:347)
2022-08-04 08:02:54.327293+00:00 [info] Listening on 127.0.0.1:34781 (auto) (STUN only) (eturnal:start_listeners/0:354)
2022-08-04 08:02:54.327433+00:00 [debug] Started 3 modules (eturnal:init/1:97)
2022-08-04 08:02:54.327549+00:00 [debug] Started 4 listeners (eturnal:init/1:98)
2022-08-04 08:02:54.327820+00:00 [debug] PROGRESS REPORT:
    supervisor: {local,eturnal_sup}
    started: [{pid,<0.1029.0>},
              {id,eturnal},
              {mfargs,{eturnal,start_link,[]}},
              {restart_type,permanent},
              {significant,false},
              {shutdown,5000},
              {child_type,worker}]
 (supervisor:report_progress/2:1557)
2022-08-04 08:02:54.327919+00:00 [debug] No NOTIFY_SOCKET, dropping READY=1 notification (eturnal_systemd:handle_cast/2:108)
2022-08-04 08:02:54.328029+00:00 [debug] Watchdog interval is undefined, hibernating (eturnal_systemd:get_timeout/1:161)
2022-08-04 08:02:54.328063+00:00 [debug] PROGRESS REPORT:
    application: eturnal
    started_at: nonode@nohost
 (application_controller:info_started/2:2107)
2022-08-04 08:02:54.359606+00:00 [debug] Handling API call: get_info() (eturnal_ctl:get_info/0:134)
2022-08-04 08:02:54.360193+00:00 [debug] eturnal call (get_info) returned {ok,
                                  {eturnal_node_info,<<"1.10.1">>,
                                   {"25","13.0"},
                                   5826,0,150,141524962,2,55206688}} (eturnal_ctl:call/1:451)
2022-08-04 08:02:54.385013+00:00 [debug] Handling API call: get_sessions() (eturnal_ctl:get_sessions/0:105)
2022-08-04 08:02:54.409358+00:00 [debug] Handling API call: get_sessions("alice") (eturnal_ctl:get_sessions/1:115)
2022-08-04 08:02:54.409614+00:00 [debug] Handling API call: disconnect(alice) (eturnal_ctl:disconnect/1:183)
2022-08-04 08:02:54.409743+00:00 [debug] Cannot convert user name to binary: alice (eturnal_ctl:disconnect/1:193)
2022-08-04 08:02:54.435060+00:00 [debug] Handling API call: disconnect("alice") (eturnal_ctl:disconnect/1:183)
2022-08-04 08:02:54.435332+00:00 [debug] Handling API call: disconnect(alice) (eturnal_ctl:disconnect/1:183)
2022-08-04 08:02:54.435455+00:00 [debug] Cannot convert user name to binary: alice (eturnal_ctl:disconnect/1:193)
2022-08-04 08:02:54.464358+00:00 [debug] Handling API call: get_credentials("2009-10-30 11:00:00Z", []) (eturnal_ctl:get_credentials/2:59)
2022-08-04 08:02:54.464851+00:00 [debug] eturnal call ({get_password,<<"1256900400">>}) returned {ok,
                                                         <<"uEKlpcME7MNMMVRV8rUFPCTIFEs=">>} (eturnal_ctl:call/1:451)
2022-08-04 08:02:54.465099+00:00 [debug] Handling API call: get_credentials("86400", "alice") (eturnal_ctl:get_credentials/2:59)
2022-08-04 08:02:54.465287+00:00 [debug] eturnal call ({get_password,<<"1659686574:alice">>}) returned {ok,
                                                               <<"FvAOivP96EPf8BnvSoRYzEb4tKQ=">>} (eturnal_ctl:call/1:451)
2022-08-04 08:02:54.465429+00:00 [debug] Handling API call: get_password("1659686574:alice") (eturnal_ctl:get_password/1:78)
2022-08-04 08:02:54.465543+00:00 [debug] eturnal call ({get_password,<<"1659686574:alice">>}) returned {ok,
                                                               <<"FvAOivP96EPf8BnvSoRYzEb4tKQ=">>} (eturnal_ctl:call/1:451)
2022-08-04 08:02:54.465707+00:00 [debug] Handling API call: get_credentials("86400s", "alice") (eturnal_ctl:get_credentials/2:59)
2022-08-04 08:02:54.465831+00:00 [debug] eturnal call ({get_password,<<"1659686574:alice">>}) returned {ok,
                                                               <<"FvAOivP96EPf8BnvSoRYzEb4tKQ=">>} (eturnal_ctl:call/1:451)
2022-08-04 08:02:54.465945+00:00 [debug] Handling API call: get_password("1659686574:alice") (eturnal_ctl:get_password/1:78)
2022-08-04 08:02:54.466051+00:00 [debug] eturnal call ({get_password,<<"1659686574:alice">>}) returned {ok,
                                                               <<"FvAOivP96EPf8BnvSoRYzEb4tKQ=">>} (eturnal_ctl:call/1:451)
2022-08-04 08:02:54.466270+00:00 [debug] Handling API call: get_credentials("1440m", "alice") (eturnal_ctl:get_credentials/2:59)
2022-08-04 08:02:54.466466+00:00 [debug] eturnal call ({get_password,<<"1659686574:alice">>}) returned {ok,
                                                               <<"FvAOivP96EPf8BnvSoRYzEb4tKQ=">>} (eturnal_ctl:call/1:451)
2022-08-04 08:02:54.466626+00:00 [debug] Handling API call: get_password("1659686574:alice") (eturnal_ctl:get_password/1:78)
2022-08-04 08:02:54.466778+00:00 [debug] eturnal call ({get_password,<<"1659686574:alice">>}) returned {ok,
                                                               <<"FvAOivP96EPf8BnvSoRYzEb4tKQ=">>} (eturnal_ctl:call/1:451)
2022-08-04 08:02:54.466992+00:00 [debug] Handling API call: get_credentials("24h", "alice") (eturnal_ctl:get_credentials/2:59)
2022-08-04 08:02:54.467146+00:00 [debug] eturnal call ({get_password,<<"1659686574:alice">>}) returned {ok,
                                                               <<"FvAOivP96EPf8BnvSoRYzEb4tKQ=">>} (eturnal_ctl:call/1:451)
2022-08-04 08:02:54.467261+00:00 [debug] Handling API call: get_password("1659686574:alice") (eturnal_ctl:get_password/1:78)
2022-08-04 08:02:54.467355+00:00 [debug] eturnal call ({get_password,<<"1659686574:alice">>}) returned {ok,
                                                               <<"FvAOivP96EPf8BnvSoRYzEb4tKQ=">>} (eturnal_ctl:call/1:451)
2022-08-04 08:02:54.467514+00:00 [debug] Handling API call: get_credentials("1d", "alice") (eturnal_ctl:get_credentials/2:59)
2022-08-04 08:02:54.467651+00:00 [debug] eturnal call ({get_password,<<"1659686574:alice">>}) returned {ok,
                                                               <<"FvAOivP96EPf8BnvSoRYzEb4tKQ=">>} (eturnal_ctl:call/1:451)
2022-08-04 08:02:54.467770+00:00 [debug] Handling API call: get_password("1659686574:alice") (eturnal_ctl:get_password/1:78)
2022-08-04 08:02:54.467894+00:00 [debug] eturnal call ({get_password,<<"1659686574:alice">>}) returned {ok,
                                                               <<"FvAOivP96EPf8BnvSoRYzEb4tKQ=">>} (eturnal_ctl:call/1:451)
2022-08-04 08:02:54.469063+00:00 [debug] Handling API call: get_password("Invalid") (eturnal_ctl:get_password/1:78)
2022-08-04 08:02:54.469179+00:00 [debug] Invalid user name: Invalid (eturnal_ctl:get_password/1:92)
2022-08-04 08:02:54.469390+00:00 [debug] Handling API call: get_credentials("Invalid", []) (eturnal_ctl:get_credentials/2:59)
2022-08-04 08:02:54.469502+00:00 [debug] Invalid argument(s): "Invalid":[] (eturnal_ctl:get_credentials/2:72)
2022-08-04 08:02:54.469594+00:00 [debug] Handling API call: get_password(invalid) (eturnal_ctl:get_password/1:78)
2022-08-04 08:02:54.469704+00:00 [debug] Cannot convert user name to binary: invalid (eturnal_ctl:get_password/1:99)
2022-08-04 08:02:54.469781+00:00 [debug] Handling API call: get_credentials(invalid, []) (eturnal_ctl:get_credentials/2:59)
2022-08-04 08:02:54.469870+00:00 [debug] Invalid argument(s): invalid:[] (eturnal_ctl:get_credentials/2:72)
2022-08-04 08:02:54.469940+00:00 [debug] Handling API call: get_password([invalid]) (eturnal_ctl:get_password/1:78)
2022-08-04 08:02:54.470012+00:00 [debug] Cannot convert user name to binary: [invalid] (eturnal_ctl:get_password/1:99)
2022-08-04 08:02:54.470083+00:00 [debug] Handling API call: get_credentials([invalid], []) (eturnal_ctl:get_credentials/2:59)
2022-08-04 08:02:54.470149+00:00 [debug] Invalid argument(s): [invalid]:[] (eturnal_ctl:get_credentials/2:72)
2022-08-04 08:02:54.470256+00:00 [debug] Handling API call: get_credentials(1256900400, invalid) (eturnal_ctl:get_credentials/2:59)
2022-08-04 08:02:54.470325+00:00 [debug] Invalid argument(s): 1256900400:invalid (eturnal_ctl:get_credentials/2:72)
2022-08-04 08:02:54.495300+00:00 [debug] Handling API call: set_loglevel(debug) (eturnal_ctl:set_loglevel/1:164)
2022-08-04 08:02:54.495557+00:00 [debug] eturnal call ({set_loglevel,debug}) returned ok (eturnal_ctl:call/1:448)
2022-08-04 08:02:54.495740+00:00 [debug] Handling API call: get_loglevel() (eturnal_ctl:get_loglevel/0:154)
2022-08-04 08:02:54.495842+00:00 [debug] eturnal call (get_loglevel) returned {ok,debug} (eturnal_ctl:call/1:451)
2022-08-04 08:02:54.496006+00:00 [debug] Handling API call: set_loglevel(invalid) (eturnal_ctl:set_loglevel/1:164)
2022-08-04 08:02:54.496118+00:00 [debug] Invalid log level: invalid (eturnal_ctl:set_loglevel/1:174)
2022-08-04 08:02:54.496595+00:00 [debug] Handling API call: get_loglevel() (eturnal_ctl:get_loglevel/0:154)
2022-08-04 08:02:54.496751+00:00 [debug] eturnal call (get_loglevel) returned {ok,debug} (eturnal_ctl:call/1:451)
2022-08-04 08:02:54.522510+00:00 [debug] Handling API call: get_version() (eturnal_ctl:get_version/0:144)
2022-08-04 08:02:54.522715+00:00 [debug] eturnal call (get_version) returned {ok,<<"1.10.1">>} (eturnal_ctl:call/1:451)
2022-08-04 08:02:54.548246+00:00 [debug] Handling API call: reload() (eturnal_ctl:reload/0:199)
2022-08-04 08:02:54.550379+00:00 [debug] Calling mod_log_stun:options/0 (eturnal_module:options/1:191)
2022-08-04 08:02:54.550525+00:00 [debug] Calling mod_stats_influx:options/0 (eturnal_module:options/1:191)
2022-08-04 08:02:54.550653+00:00 [debug] Calling mod_stats_prometheus:options/0 (eturnal_module:options/1:191)
2022-08-04 08:02:54.551479+00:00 [warning] TLS enabled without 'tls_crt_file', creating self-signed certificate (eturnal:check_pem_file/0:670)
2022-08-04 08:02:55.514349+00:00 [info] Using new TLS certificate (eturnal:handle_call/3:115)
2022-08-04 08:02:55.515303+00:00 [debug] Calling mod_log_stun:stop/1 (eturnal_module:stop/1:162)
2022-08-04 08:02:55.515637+00:00 [debug] Stopping mod_log_stun (mod_log_stun:stop/0:49)
2022-08-04 08:02:55.515724+00:00 [info] Stopped mod_log_stun (eturnal:stop_modules/1:327)
2022-08-04 08:02:55.516561+00:00 [debug] Calling mod_stats_influx:stop/1 (eturnal_module:stop/1:162)
2022-08-04 08:02:55.516791+00:00 [debug] Stopping mod_stats_influx (mod_stats_influx:stop/0:61)
2022-08-04 08:02:55.516890+00:00 [info] Stopped mod_stats_influx (eturnal:stop_modules/1:327)
2022-08-04 08:02:55.519288+00:00 [debug] Calling mod_stats_prometheus:stop/1 (eturnal_module:stop/1:162)
2022-08-04 08:02:55.519443+00:00 [debug] Stopping mod_stats_prometheus (mod_stats_prometheus:stop/0:110)
2022-08-04 08:02:55.520144+00:00 [info] Stopped mod_stats_prometheus (eturnal:stop_modules/1:327)
2022-08-04 08:02:55.520277+00:00 [debug] Calling mod_log_stun:start/0 (eturnal_module:start/1:142)
2022-08-04 08:02:55.520413+00:00 [debug] Starting mod_log_stun (mod_log_stun:start/0:38)
2022-08-04 08:02:55.520823+00:00 [info] Started mod_log_stun (eturnal:start_modules/0:314)
2022-08-04 08:02:55.520940+00:00 [debug] Calling mod_stats_influx:start/0 (eturnal_module:start/1:142)
2022-08-04 08:02:55.521026+00:00 [debug] Starting mod_stats_influx (mod_stats_influx:start/0:37)
2022-08-04 08:02:55.521107+00:00 [debug] Dependency influx_udp was available already (eturnal_module:ensure_dep/2:283)
2022-08-04 08:02:55.521912+00:00 [info]     host: {127,0,0,1}
    msg: Start clients pool
    options: #{host => "localhost",max_overflow => 1,pool_size => 1,
               port => 8089} (influx_udp:start_pool_/2:239)
2022-08-04 08:02:55.522465+00:00 [info] Started mod_stats_influx (eturnal:start_modules/0:314)
2022-08-04 08:02:55.522583+00:00 [debug] Calling mod_stats_prometheus:start/0 (eturnal_module:start/1:142)
2022-08-04 08:02:55.522676+00:00 [debug] Starting mod_stats_prometheus (mod_stats_prometheus:start/0:56)
2022-08-04 08:02:55.522817+00:00 [debug] Dependency prometheus_httpd was available already (eturnal_module:ensure_dep/2:283)
2022-08-04 08:02:55.523971+00:00 [debug] PROGRESS REPORT:
    supervisor: {local,httpd_instance_sup__127_0_0_1__9081default}
    started: [{pid,<0.1202.0>},
              {id,{httpd_connection_sup,{127,0,0,1},9081,default}},
              {mfargs,{httpd_connection_sup,start_link,[[{127,0,0,1},9081]]}},
              {restart_type,permanent},
              {significant,false},
              {shutdown,5000},
              {child_type,supervisor}]
 (supervisor:report_progress/2:1557)
2022-08-04 08:02:55.524345+00:00 [debug] PROGRESS REPORT:
    supervisor: {local,httpd_acceptor_sup__127_0_0_1__9081default}
    started: [{pid,<0.1205.0>},
              {id,{httpd_acceptor_sup,{127,0,0,1},9081,default}},
              {mfargs,{httpd_acceptor,start_link,
                                      [httpd__127_0_0_1__9081default,ip_comm,
                                       {127,0,0,1},
                                       9081,inet,
                                       httpd_conf__127_0_0_1__9081default,
                                       15000]}},
              {restart_type,transient},
              {significant,false},
              {shutdown,brutal_kill},
              {child_type,worker}]
 (supervisor:report_progress/2:1557)
2022-08-04 08:02:55.524479+00:00 [debug] PROGRESS REPORT:
    supervisor: {local,httpd_instance_sup__127_0_0_1__9081default}
    started: [{pid,<0.1204.0>},
              {id,{httpd_acceptor_sup,{127,0,0,1},9081,default}},
              {mfargs,
                  {httpd_acceptor_sup,start_link,
                      [[{127,0,0,1},
                        9081,
                        [{bind_address,{127,0,0,1}},
                         {socket_type,ip_comm},
                         {port,9081},
                         {server_root,"run/mod_stats_prometheus/doc"},
                         {document_root,"run/mod_stats_prometheus/doc"},
                         {server_name,"Prometheus Exporter"},
                         {modules,[prometheus_httpd]}],
                        15000,undefined]]}},
              {restart_type,permanent},
              {significant,false},
              {shutdown,infinity},
              {child_type,supervisor}]
 (supervisor:report_progress/2:1557)
2022-08-04 08:02:55.524739+00:00 [debug] PROGRESS REPORT:
    supervisor: {local,httpd_instance_sup__127_0_0_1__9081default}
    started: [{pid,<0.1207.0>},
              {id,{httpd_misc_sup,{127,0,0,1},9081,default}},
              {mfargs,{httpd_misc_sup,start_link,[{127,0,0,1},9081,default]}},
              {restart_type,permanent},
              {significant,false},
              {shutdown,infinity},
              {child_type,supervisor}]
 (supervisor:report_progress/2:1557)
2022-08-04 08:02:55.525068+00:00 [debug] PROGRESS REPORT:
    supervisor: {local,httpd_instance_sup__127_0_0_1__9081default}
    started: [{pid,<0.1208.0>},
              {id,{httpd_manager,{127,0,0,1},9081,default}},
              {mfargs,
                  {httpd_manager,start_link,
                      [undefined,
                       [{bind_address,{127,0,0,1}},
                        {socket_type,ip_comm},
                        {port,9081},
                        {server_root,"run/mod_stats_prometheus/doc"},
                        {document_root,"run/mod_stats_prometheus/doc"},
                        {server_name,"Prometheus Exporter"},
                        {modules,[prometheus_httpd]}],
                       15000]}},
              {restart_type,permanent},
              {significant,false},
              {shutdown,4000},
              {child_type,worker}]
 (supervisor:report_progress/2:1557)
2022-08-04 08:02:55.525205+00:00 [debug] PROGRESS REPORT:
    supervisor: {local,httpd_sup}
    started: [{pid,<0.1201.0>},
              {id,{httpd_instance_sup,{127,0,0,1},9081,default}},
              {mfargs,
                  {httpd_instance_sup,start_link,
                      [[{bind_address,{127,0,0,1}},
                        {socket_type,ip_comm},
                        {port,9081},
                        {server_root,"run/mod_stats_prometheus/doc"},
                        {document_root,"run/mod_stats_prometheus/doc"},
                        {server_name,"Prometheus Exporter"},
                        {modules,[prometheus_httpd]}],
                       15000,[]]}},
              {restart_type,permanent},
              {significant,false},
              {shutdown,infinity},
              {child_type,supervisor}]
 (supervisor:report_progress/2:1557)
2022-08-04 08:02:55.526605+00:00 [info] Started mod_stats_prometheus (eturnal:start_modules/0:314)
2022-08-04 08:02:55.526783+00:00 [debug] Restarted modules (eturnal:handle_call/3:123)
2022-08-04 08:02:55.527139+00:00 [debug] eturnal call (reload) returned ok (eturnal_ctl:call/1:448)
2022-08-04 08:02:55.527487+00:00 [debug] Handling API call: reload() (eturnal_ctl:reload/0:199)
2022-08-04 08:02:55.530333+00:00 [debug] Calling mod_log_stun:options/0 (eturnal_module:options/1:191)
2022-08-04 08:02:55.530462+00:00 [debug] Calling mod_stats_influx:options/0 (eturnal_module:options/1:191)
2022-08-04 08:02:55.530537+00:00 [debug] Calling mod_stats_prometheus:options/0 (eturnal_module:options/1:191)
2022-08-04 08:02:55.531828+00:00 [debug] Keeping PEM file (run/cert.pem) (eturnal:check_pem_file/0:667)
2022-08-04 08:02:55.531975+00:00 [debug] TLS certificate unchanged (eturnal:handle_call/3:117)
2022-08-04 08:02:55.533498+00:00 [debug] Calling mod_log_stun:stop/1 (eturnal_module:stop/1:162)
2022-08-04 08:02:55.533665+00:00 [debug] Stopping mod_log_stun (mod_log_stun:stop/0:49)
2022-08-04 08:02:55.533784+00:00 [info] Stopped mod_log_stun (eturnal:stop_modules/1:327)
2022-08-04 08:02:55.535177+00:00 [debug] Calling mod_stats_influx:stop/1 (eturnal_module:stop/1:162)
2022-08-04 08:02:55.535458+00:00 [debug] Stopping mod_stats_influx (mod_stats_influx:stop/0:61)
2022-08-04 08:02:55.535534+00:00 [info] Stopped mod_stats_influx (eturnal:stop_modules/1:327)
2022-08-04 08:02:55.536934+00:00 [debug] Calling mod_stats_prometheus:stop/1 (eturnal_module:stop/1:162)
2022-08-04 08:02:55.537127+00:00 [debug] Stopping mod_stats_prometheus (mod_stats_prometheus:stop/0:110)
2022-08-04 08:02:55.538550+00:00 [info] Stopped mod_stats_prometheus (eturnal:stop_modules/1:327)
2022-08-04 08:02:55.538694+00:00 [debug] Calling mod_log_stun:start/0 (eturnal_module:start/1:142)
2022-08-04 08:02:55.538835+00:00 [debug] Starting mod_log_stun (mod_log_stun:start/0:38)
2022-08-04 08:02:55.539862+00:00 [info] Started mod_log_stun (eturnal:start_modules/0:314)
2022-08-04 08:02:55.540129+00:00 [debug] Calling mod_stats_influx:start/0 (eturnal_module:start/1:142)
2022-08-04 08:02:55.540385+00:00 [debug] Starting mod_stats_influx (mod_stats_influx:start/0:37)
2022-08-04 08:02:55.541333+00:00 [debug] Dependency influx_udp was available already (eturnal_module:ensure_dep/2:283)
2022-08-04 08:02:55.541805+00:00 [info]     host: {127,0,0,1}
    msg: Start clients pool
    options: #{host => "localhost",max_overflow => 1,pool_size => 1,
               port => 8089} (influx_udp:start_pool_/2:239)
2022-08-04 08:02:55.543398+00:00 [info] Started mod_stats_influx (eturnal:start_modules/0:314)
2022-08-04 08:02:55.543578+00:00 [debug] Calling mod_stats_prometheus:start/0 (eturnal_module:start/1:142)
2022-08-04 08:02:55.543735+00:00 [debug] Starting mod_stats_prometheus (mod_stats_prometheus:start/0:56)
2022-08-04 08:02:55.543823+00:00 [debug] Dependency prometheus_httpd was available already (eturnal_module:ensure_dep/2:283)
2022-08-04 08:02:55.545009+00:00 [debug] PROGRESS REPORT:
    supervisor: {local,httpd_instance_sup__127_0_0_1__9081default}
    started: [{pid,<0.1237.0>},
              {id,{httpd_connection_sup,{127,0,0,1},9081,default}},
              {mfargs,{httpd_connection_sup,start_link,[[{127,0,0,1},9081]]}},
              {restart_type,permanent},
              {significant,false},
              {shutdown,5000},
              {child_type,supervisor}]
 (supervisor:report_progress/2:1557)
2022-08-04 08:02:55.545386+00:00 [debug] PROGRESS REPORT:
    supervisor: {local,httpd_acceptor_sup__127_0_0_1__9081default}
    started: [{pid,<0.1240.0>},
              {id,{httpd_acceptor_sup,{127,0,0,1},9081,default}},
              {mfargs,{httpd_acceptor,start_link,
                                      [httpd__127_0_0_1__9081default,ip_comm,
                                       {127,0,0,1},
                                       9081,inet,
                                       httpd_conf__127_0_0_1__9081default,
                                       15000]}},
              {restart_type,transient},
              {significant,false},
              {shutdown,brutal_kill},
              {child_type,worker}]
 (supervisor:report_progress/2:1557)
2022-08-04 08:02:55.545530+00:00 [debug] PROGRESS REPORT:
    supervisor: {local,httpd_instance_sup__127_0_0_1__9081default}
    started: [{pid,<0.1238.0>},
              {id,{httpd_acceptor_sup,{127,0,0,1},9081,default}},
              {mfargs,
                  {httpd_acceptor_sup,start_link,
                      [[{127,0,0,1},
                        9081,
                        [{bind_address,{127,0,0,1}},
                         {socket_type,ip_comm},
                         {port,9081},
                         {server_root,"run/mod_stats_prometheus/doc"},
                         {document_root,"run/mod_stats_prometheus/doc"},
                         {server_name,"Prometheus Exporter"},
                         {modules,[prometheus_httpd]}],
                        15000,undefined]]}},
              {restart_type,permanent},
              {significant,false},
              {shutdown,infinity},
              {child_type,supervisor}]
 (supervisor:report_progress/2:1557)
2022-08-04 08:02:55.545690+00:00 [debug] PROGRESS REPORT:
    supervisor: {local,httpd_instance_sup__127_0_0_1__9081default}
    started: [{pid,<0.1241.0>},
              {id,{httpd_misc_sup,{127,0,0,1},9081,default}},
              {mfargs,{httpd_misc_sup,start_link,[{127,0,0,1},9081,default]}},
              {restart_type,permanent},
              {significant,false},
              {shutdown,infinity},
              {child_type,supervisor}]
 (supervisor:report_progress/2:1557)
2022-08-04 08:02:55.546281+00:00 [debug] PROGRESS REPORT:
    supervisor: {local,httpd_instance_sup__127_0_0_1__9081default}
    started: [{pid,<0.1243.0>},
              {id,{httpd_manager,{127,0,0,1},9081,default}},
              {mfargs,
                  {httpd_manager,start_link,
                      [undefined,
                       [{bind_address,{127,0,0,1}},
                        {socket_type,ip_comm},
                        {port,9081},
                        {server_root,"run/mod_stats_prometheus/doc"},
                        {document_root,"run/mod_stats_prometheus/doc"},
                        {server_name,"Prometheus Exporter"},
                        {modules,[prometheus_httpd]}],
                       15000]}},
              {restart_type,permanent},
              {significant,false},
              {shutdown,4000},
              {child_type,worker}]
 (supervisor:report_progress/2:1557)
2022-08-04 08:02:55.546471+00:00 [debug] PROGRESS REPORT:
    supervisor: {local,httpd_sup}
    started: [{pid,<0.1236.0>},
              {id,{httpd_instance_sup,{127,0,0,1},9081,default}},
              {mfargs,
                  {httpd_instance_sup,start_link,
                      [[{bind_address,{127,0,0,1}},
                        {socket_type,ip_comm},
                        {port,9081},
                        {server_root,"run/mod_stats_prometheus/doc"},
                        {document_root,"run/mod_stats_prometheus/doc"},
                        {server_name,"Prometheus Exporter"},
                        {modules,[prometheus_httpd]}],
                       15000,[]]}},
              {restart_type,permanent},
              {significant,false},
              {shutdown,infinity},
              {child_type,supervisor}]
 (supervisor:report_progress/2:1557)
2022-08-04 08:02:55.547855+00:00 [info] Started mod_stats_prometheus (eturnal:start_modules/0:314)
2022-08-04 08:02:55.547994+00:00 [debug] Restarted modules (eturnal:handle_call/3:123)
2022-08-04 08:02:55.548408+00:00 [debug] eturnal call (reload) returned ok (eturnal_ctl:call/1:448)
2022-08-04 08:02:55.573470+00:00 [info] Accepting connection: 127.0.0.1:36064 -> 127.0.0.1:34780 [TCP, session gsyao7romkww] (stun_acceptor:accept/3:158)
2022-08-04 08:02:55.597891+00:00 [info] Accepting connection: 127.0.0.1:49510 -> 127.0.0.1:53490 [TLS, session ef2du8l8uip7] (stun_acceptor:accept/3:158)
2022-08-04 08:02:55.623193+00:00 [debug] Received:
#stun{class = request,method = 3,magic = 554869826,
      trid = 43636229391851552958987111542,raw = <<>>,unsupported = [],
      'ALTERNATE-SERVER' = undefined,'CHANNEL-NUMBER' = undefined,
      'DATA' = undefined,'DONT-FRAGMENT' = false,'ERROR-CODE' = undefined,
      'LIFETIME' = undefined,'MAPPED-ADDRESS' = undefined,
      'MESSAGE-INTEGRITY' = undefined,'NONCE' = undefined,'REALM' = undefined,
      'REQUESTED-ADDRESS-FAMILY' = undefined,
      'REQUESTED-TRANSPORT' = undefined,'SOFTWARE' = undefined,
      'UNKNOWN-ATTRIBUTES' = [],'USERNAME' = undefined,
      'XOR-MAPPED-ADDRESS' = undefined,'XOR-PEER-ADDRESS' = [],
      'XOR-RELAYED-ADDRESS' = undefined} (stun:udp_recv/5:112)
2022-08-04 08:02:55.623372+00:00 [debug] Sending:
#stun{class = error,method = 3,magic = 554869826,
      trid = 43636229391851552958987111542,raw = <<>>,unsupported = [],
      'ALTERNATE-SERVER' = undefined,'CHANNEL-NUMBER' = undefined,
      'DATA' = undefined,'DONT-FRAGMENT' = false,
      'ERROR-CODE' = {401,<<"Unauthorized">>},
      'LIFETIME' = undefined,'MAPPED-ADDRESS' = undefined,
      'MESSAGE-INTEGRITY' = undefined,'NONCE' = <<"448482866">>,
      'REALM' = <<"eturnal.net">>,'REQUESTED-ADDRESS-FAMILY' = undefined,
      'REQUESTED-TRANSPORT' = undefined,'SOFTWARE' = <<"eturnal">>,
      'UNKNOWN-ATTRIBUTES' = [],'USERNAME' = undefined,
      'XOR-MAPPED-ADDRESS' = undefined,'XOR-PEER-ADDRESS' = [],
      'XOR-RELAYED-ADDRESS' = undefined} (stun:send/3:464)
2022-08-04 08:02:55.623687+00:00 [debug] Received:
#stun{class = request,method = 3,magic = 554869826,
      trid = 39127115345838722889224536899,
      raw = <<0,3,0,80,33,18,164,66,126,109,48,245,13,110,57,47,243,219,195,67,
              0,25,0,4,17,0,0,0,0,6,0,10,50,49,52,53,57,49,51,50,48,48,0,0,0,
              20,0,11,101,116,117,114,110,97,108,46,110,101,116,0,0,21,0,9,52,
              52,56,52,56,50,56,54,54,0,0,0>>,
      unsupported = [],'ALTERNATE-SERVER' = undefined,
      'CHANNEL-NUMBER' = undefined,'DATA' = undefined,'DONT-FRAGMENT' = false,
      'ERROR-CODE' = undefined,'LIFETIME' = undefined,
      'MAPPED-ADDRESS' = undefined,
      'MESSAGE-INTEGRITY' = <<34,96,70,238,186,242,227,110,177,154,135,38,255,
                              41,107,217,207,66,130,217>>,
      'NONCE' = <<"448482866">>,'REALM' = <<"eturnal.net">>,
      'REQUESTED-ADDRESS-FAMILY' = undefined,'REQUESTED-TRANSPORT' = udp,
      'SOFTWARE' = undefined,'UNKNOWN-ATTRIBUTES' = [],
      'USERNAME' = <<"2145913200">>,'XOR-MAPPED-ADDRESS' = undefined,
      'XOR-PEER-ADDRESS' = [],'XOR-RELAYED-ADDRESS' = undefined} (stun:udp_recv/5:112)
2022-08-04 08:02:55.623817+00:00 [debug] Looking up password for: 2145913200 [UDP, session x972c7p7i025, user 2145913200, client 127.0.0.1:38291] (eturnal:get_password/2:216)
2022-08-04 08:02:55.623876+00:00 [info] Accepting long-term STUN/TURN authentication [UDP, session x972c7p7i025, user 2145913200, client 127.0.0.1:38291] (stun:process/2:255)
2022-08-04 08:02:55.624037+00:00 [debug] Running 'turn_session_start' hook [UDP, session x972c7p7i025, user 2145913200, client 127.0.0.1:38291] (turn:run_hook/3:740)
2022-08-04 08:02:55.624097+00:00 [debug] Got 'turn_session_start' event [UDP, session x972c7p7i025, user 2145913200, client 127.0.0.1:38291] (eturnal_module:handle_event/2:176)
2022-08-04 08:02:55.624148+00:00 [debug] Calling mod_stats_prometheus:handle_event/2 [UDP, session x972c7p7i025, user 2145913200, client 127.0.0.1:38291] (eturnal_module:handle_event/2:179)
2022-08-04 08:02:55.624223+00:00 [debug] Observing started TURN session x972c7p7i025 for Prometheus [UDP, session x972c7p7i025, user 2145913200, client 127.0.0.1:38291] (mod_stats_prometheus:on_turn_session_start/1:174)
2022-08-04 08:02:55.624457+00:00 [notice] Creating TURN allocation (lifetime: 599 seconds) [UDP, session x972c7p7i025, user 2145913200, client 127.0.0.1:38291, relay 127.0.0.1:60498] (turn:wait_for_allocate/2:219)
2022-08-04 08:02:55.624606+00:00 [debug] Sending:
#stun{class = response,method = 3,magic = 554869826,
      trid = 39127115345838722889224536899,raw = <<>>,unsupported = [],
      'ALTERNATE-SERVER' = undefined,'CHANNEL-NUMBER' = undefined,
      'DATA' = undefined,'DONT-FRAGMENT' = false,'ERROR-CODE' = undefined,
      'LIFETIME' = 599,'MAPPED-ADDRESS' = undefined,
      'MESSAGE-INTEGRITY' = undefined,'NONCE' = undefined,'REALM' = undefined,
      'REQUESTED-ADDRESS-FAMILY' = undefined,
      'REQUESTED-TRANSPORT' = undefined,'SOFTWARE' = <<"eturnal">>,
      'UNKNOWN-ATTRIBUTES' = [],'USERNAME' = undefined,
      'XOR-MAPPED-ADDRESS' = {{127,0,0,1},38291},
      'XOR-PEER-ADDRESS' = [],
      'XOR-RELAYED-ADDRESS' = {{127,0,0,1},60498}} (turn:send/2:542)
2022-08-04 08:02:55.624925+00:00 [debug] Received:
#stun{class = request,method = 4,magic = 554869826,
      trid = 77452610500192502528972570578,
      raw = <<0,4,0,80,33,18,164,66,250,67,76,60,114,249,54,73,46,86,63,210,0,
              6,0,10,50,49,52,53,57,49,51,50,48,48,0,0,0,20,0,11,101,116,117,
              114,110,97,108,46,110,101,116,0,0,21,0,9,52,52,56,52,56,50,56,54,
              54,0,0,0,0,13,0,4,0,0,0,0>>,
      unsupported = [],'ALTERNATE-SERVER' = undefined,
      'CHANNEL-NUMBER' = undefined,'DATA' = undefined,'DONT-FRAGMENT' = false,
      'ERROR-CODE' = undefined,'LIFETIME' = 0,'MAPPED-ADDRESS' = undefined,
      'MESSAGE-INTEGRITY' = <<209,104,154,154,246,59,31,234,231,240,145,77,73,
                              40,210,145,156,237,88,62>>,
      'NONCE' = <<"448482866">>,'REALM' = <<"eturnal.net">>,
      'REQUESTED-ADDRESS-FAMILY' = undefined,
      'REQUESTED-TRANSPORT' = undefined,'SOFTWARE' = undefined,
      'UNKNOWN-ATTRIBUTES' = [],'USERNAME' = <<"2145913200">>,
      'XOR-MAPPED-ADDRESS' = undefined,'XOR-PEER-ADDRESS' = [],
      'XOR-RELAYED-ADDRESS' = undefined} (stun:udp_recv/5:112)
2022-08-04 08:02:55.625070+00:00 [debug] Looking up password for: 2145913200 [UDP, session fyktry2ehva5, user 2145913200, client 127.0.0.1:38291] (eturnal:get_password/2:216)
2022-08-04 08:02:55.625137+00:00 [info] Accepting long-term STUN/TURN authentication [UDP, session fyktry2ehva5, user 2145913200, client 127.0.0.1:38291] (stun:process/2:255)
2022-08-04 08:02:55.625181+00:00 [info] Client requested closing the TURN session [UDP, session x972c7p7i025, user 2145913200, client 127.0.0.1:38291, relay 127.0.0.1:60498] (turn:active/2:278)
2022-08-04 08:02:55.625283+00:00 [debug] Sending:
#stun{class = response,method = 4,magic = 554869826,
      trid = 77452610500192502528972570578,raw = <<>>,unsupported = [],
      'ALTERNATE-SERVER' = undefined,'CHANNEL-NUMBER' = undefined,
      'DATA' = undefined,'DONT-FRAGMENT' = false,'ERROR-CODE' = undefined,
      'LIFETIME' = 0,'MAPPED-ADDRESS' = undefined,
      'MESSAGE-INTEGRITY' = undefined,'NONCE' = undefined,'REALM' = undefined,
      'REQUESTED-ADDRESS-FAMILY' = undefined,
      'REQUESTED-TRANSPORT' = undefined,'SOFTWARE' = <<"eturnal">>,
      'UNKNOWN-ATTRIBUTES' = [],'USERNAME' = undefined,
      'XOR-MAPPED-ADDRESS' = undefined,'XOR-PEER-ADDRESS' = [],
      'XOR-RELAYED-ADDRESS' = undefined} (turn:send/2:542)
2022-08-04 08:02:55.625393+00:00 [info] Deleting TURN allocation [UDP, session x972c7p7i025, user 2145913200, client 127.0.0.1:38291, relay 127.0.0.1:60498] (turn:terminate/3:475)
2022-08-04 08:02:55.625483+00:00 [notice] Relayed 0 KiB (in 0 B / 0 packets, out 0 B / 0 packets), duration: 0 seconds [UDP, session x972c7p7i025, user 2145913200, client 127.0.0.1:38291, relay 127.0.0.1:60498] (turn:terminate/3:482)
2022-08-04 08:02:55.625528+00:00 [debug] Running 'turn_session_stop' hook [UDP, session x972c7p7i025, user 2145913200, client 127.0.0.1:38291, relay 127.0.0.1:60498] (turn:run_hook/3:740)
2022-08-04 08:02:55.625566+00:00 [debug] Got 'turn_session_stop' event [UDP, session x972c7p7i025, user 2145913200, client 127.0.0.1:38291, relay 127.0.0.1:60498] (eturnal_module:handle_event/2:176)
2022-08-04 08:02:55.625599+00:00 [debug] Calling mod_stats_influx:handle_event/2 [UDP, session x972c7p7i025, user 2145913200, client 127.0.0.1:38291, relay 127.0.0.1:60498] (eturnal_module:handle_event/2:179)
2022-08-04 08:02:55.625634+00:00 [debug] Writing stats of TURN session x972c7p7i025 to InfluxDB [UDP, session x972c7p7i025, user 2145913200, client 127.0.0.1:38291, relay 127.0.0.1:60498] (mod_stats_influx:on_turn_session_stop/1:87)
2022-08-04 08:02:55.625841+00:00 [debug] Calling mod_stats_prometheus:handle_event/2 [UDP, session x972c7p7i025, user 2145913200, client 127.0.0.1:38291, relay 127.0.0.1:60498] (eturnal_module:handle_event/2:179)
2022-08-04 08:02:55.625917+00:00 [debug] Observing stopped TURN session x972c7p7i025 for Prometheus [UDP, session x972c7p7i025, user 2145913200, client 127.0.0.1:38291, relay 127.0.0.1:60498] (mod_stats_prometheus:on_turn_session_stop/1:187)
2022-08-04 08:02:55.652319+00:00 [debug] Received:
#stun{class = request,method = 1,magic = 554869826,
      trid = 5687871014216722380206631577,raw = <<>>,unsupported = [],
      'ALTERNATE-SERVER' = undefined,'CHANNEL-NUMBER' = undefined,
      'DATA' = undefined,'DONT-FRAGMENT' = false,'ERROR-CODE' = undefined,
      'LIFETIME' = undefined,'MAPPED-ADDRESS' = undefined,
      'MESSAGE-INTEGRITY' = undefined,'NONCE' = undefined,'REALM' = undefined,
      'REQUESTED-ADDRESS-FAMILY' = undefined,
      'REQUESTED-TRANSPORT' = undefined,'SOFTWARE' = undefined,
      'UNKNOWN-ATTRIBUTES' = [],'USERNAME' = undefined,
      'XOR-MAPPED-ADDRESS' = undefined,'XOR-PEER-ADDRESS' = [],
      'XOR-RELAYED-ADDRESS' = undefined} (stun:udp_recv/5:112)
2022-08-04 08:02:55.652456+00:00 [debug] Responding to STUN request [UDP, session wixutp53pgzd, anonymous, client 127.0.0.1:53878] (stun:process/4:323)
2022-08-04 08:02:55.652503+00:00 [debug] Running 'stun_query' hook [UDP, session wixutp53pgzd, anonymous, client 127.0.0.1:53878] (stun:run_hook/3:843)
2022-08-04 08:02:55.652550+00:00 [debug] Got 'stun_query' event [UDP, session wixutp53pgzd, anonymous, client 127.0.0.1:53878] (eturnal_module:handle_event/2:176)
2022-08-04 08:02:55.652594+00:00 [debug] Calling mod_log_stun:handle_event/2 [UDP, session wixutp53pgzd, anonymous, client 127.0.0.1:53878] (eturnal_module:handle_event/2:179)
2022-08-04 08:02:55.652645+00:00 [info] Responding to STUN request [UDP, session wixutp53pgzd, anonymous, client 127.0.0.1:53878] (mod_log_stun:handle_event/2:44)
2022-08-04 08:02:55.652679+00:00 [debug] Calling mod_stats_influx:handle_event/2 [UDP, session wixutp53pgzd, anonymous, client 127.0.0.1:53878] (eturnal_module:handle_event/2:179)
2022-08-04 08:02:55.652715+00:00 [debug] Writing STUN query event to InfluxDB [UDP, session wixutp53pgzd, anonymous, client 127.0.0.1:53878] (mod_stats_influx:on_stun_query/1:76)
2022-08-04 08:02:55.652916+00:00 [debug] Calling mod_stats_prometheus:handle_event/2 [UDP, session wixutp53pgzd, anonymous, client 127.0.0.1:53878] (eturnal_module:handle_event/2:179)
2022-08-04 08:02:55.652966+00:00 [debug] Observing STUN query for Prometheus [UDP, session wixutp53pgzd, anonymous, client 127.0.0.1:53878] (mod_stats_prometheus:on_stun_query/1:166)
2022-08-04 08:02:55.653069+00:00 [debug] Sending:
#stun{class = response,method = 1,magic = 554869826,
      trid = 5687871014216722380206631577,raw = <<>>,unsupported = [],
      'ALTERNATE-SERVER' = undefined,'CHANNEL-NUMBER' = undefined,
      'DATA' = undefined,'DONT-FRAGMENT' = false,'ERROR-CODE' = undefined,
      'LIFETIME' = undefined,'MAPPED-ADDRESS' = undefined,
      'MESSAGE-INTEGRITY' = undefined,'NONCE' = undefined,'REALM' = undefined,
      'REQUESTED-ADDRESS-FAMILY' = undefined,
      'REQUESTED-TRANSPORT' = undefined,'SOFTWARE' = <<"eturnal">>,
      'UNKNOWN-ATTRIBUTES' = [],'USERNAME' = undefined,
      'XOR-MAPPED-ADDRESS' = {{127,0,0,1},53878},
      'XOR-PEER-ADDRESS' = [],'XOR-RELAYED-ADDRESS' = undefined} (stun:send/3:464)
2022-08-04 08:02:55.678199+00:00 [info] Accepting connection: 127.0.0.1:36066 -> 127.0.0.1:34780 [TCP, session qyd0iqctxwcr] (stun_acceptor:accept/3:158)
2022-08-04 08:02:55.678570+00:00 [debug] Received:
#stun{class = request,method = 1,magic = 554869826,
      trid = 64583307321124196067930650901,raw = <<>>,unsupported = [],
      'ALTERNATE-SERVER' = undefined,'CHANNEL-NUMBER' = undefined,
      'DATA' = undefined,'DONT-FRAGMENT' = false,'ERROR-CODE' = undefined,
      'LIFETIME' = undefined,'MAPPED-ADDRESS' = undefined,
      'MESSAGE-INTEGRITY' = undefined,'NONCE' = undefined,'REALM' = undefined,
      'REQUESTED-ADDRESS-FAMILY' = undefined,
      'REQUESTED-TRANSPORT' = undefined,'SOFTWARE' = undefined,
      'UNKNOWN-ATTRIBUTES' = [],'USERNAME' = undefined,
      'XOR-MAPPED-ADDRESS' = undefined,'XOR-PEER-ADDRESS' = [],
      'XOR-RELAYED-ADDRESS' = undefined} (stun:process_data/3:421)
2022-08-04 08:02:55.678709+00:00 [debug] Responding to STUN request [TCP, session qyd0iqctxwcr, anonymous, client 127.0.0.1:36066] (stun:process/4:323)
2022-08-04 08:02:55.678779+00:00 [debug] Running 'stun_query' hook [TCP, session qyd0iqctxwcr, anonymous, client 127.0.0.1:36066] (stun:run_hook/3:843)
2022-08-04 08:02:55.678845+00:00 [debug] Got 'stun_query' event [TCP, session qyd0iqctxwcr, anonymous, client 127.0.0.1:36066] (eturnal_module:handle_event/2:176)
2022-08-04 08:02:55.678896+00:00 [debug] Calling mod_log_stun:handle_event/2 [TCP, session qyd0iqctxwcr, anonymous, client 127.0.0.1:36066] (eturnal_module:handle_event/2:179)
2022-08-04 08:02:55.678948+00:00 [info] Responding to STUN request [TCP, session qyd0iqctxwcr, anonymous, client 127.0.0.1:36066] (mod_log_stun:handle_event/2:44)
2022-08-04 08:02:55.678995+00:00 [debug] Calling mod_stats_influx:handle_event/2 [TCP, session qyd0iqctxwcr, anonymous, client 127.0.0.1:36066] (eturnal_module:handle_event/2:179)
2022-08-04 08:02:55.679041+00:00 [debug] Writing STUN query event to InfluxDB [TCP, session qyd0iqctxwcr, anonymous, client 127.0.0.1:36066] (mod_stats_influx:on_stun_query/1:76)
2022-08-04 08:02:55.679232+00:00 [debug] Calling mod_stats_prometheus:handle_event/2 [TCP, session qyd0iqctxwcr, anonymous, client 127.0.0.1:36066] (eturnal_module:handle_event/2:179)
2022-08-04 08:02:55.679314+00:00 [debug] Observing STUN query for Prometheus [TCP, session qyd0iqctxwcr, anonymous, client 127.0.0.1:36066] (mod_stats_prometheus:on_stun_query/1:166)
2022-08-04 08:02:55.679466+00:00 [debug] Sending:
#stun{class = response,method = 1,magic = 554869826,
      trid = 64583307321124196067930650901,raw = <<>>,unsupported = [],
      'ALTERNATE-SERVER' = undefined,'CHANNEL-NUMBER' = undefined,
      'DATA' = undefined,'DONT-FRAGMENT' = false,'ERROR-CODE' = undefined,
      'LIFETIME' = undefined,'MAPPED-ADDRESS' = undefined,
      'MESSAGE-INTEGRITY' = undefined,'NONCE' = undefined,'REALM' = undefined,
      'REQUESTED-ADDRESS-FAMILY' = undefined,
      'REQUESTED-TRANSPORT' = undefined,'SOFTWARE' = <<"P1 STUN library">>,
      'UNKNOWN-ATTRIBUTES' = [],'USERNAME' = undefined,
      'XOR-MAPPED-ADDRESS' = {{127,0,0,1},36066},
      'XOR-PEER-ADDRESS' = [],'XOR-RELAYED-ADDRESS' = undefined} (stun:send/3:464)
2022-08-04 08:02:55.679762+00:00 [info] Connection reset by peer [TCP, session qyd0iqctxwcr, anonymous, client 127.0.0.1:36066] (stun:handle_info/3:174)
2022-08-04 08:02:55.704600+00:00 [info] Accepting connection: 127.0.0.1:49512 -> 127.0.0.1:53490 [TLS, session uq0weiqejw05] (stun_acceptor:accept/3:158)
2022-08-04 08:02:55.812651+00:00 [debug] Received:
#stun{class = request,method = 1,magic = 554869826,
      trid = 37357562403803597765316325188,raw = <<>>,unsupported = [],
      'ALTERNATE-SERVER' = undefined,'CHANNEL-NUMBER' = undefined,
      'DATA' = undefined,'DONT-FRAGMENT' = false,'ERROR-CODE' = undefined,
      'LIFETIME' = undefined,'MAPPED-ADDRESS' = undefined,
      'MESSAGE-INTEGRITY' = undefined,'NONCE' = undefined,'REALM' = undefined,
      'REQUESTED-ADDRESS-FAMILY' = undefined,
      'REQUESTED-TRANSPORT' = undefined,'SOFTWARE' = undefined,
      'UNKNOWN-ATTRIBUTES' = [],'USERNAME' = undefined,
      'XOR-MAPPED-ADDRESS' = undefined,'XOR-PEER-ADDRESS' = [],
      'XOR-RELAYED-ADDRESS' = undefined} (stun:process_data/3:421)
2022-08-04 08:02:55.812833+00:00 [debug] Responding to STUN request [TLS, session uq0weiqejw05, anonymous, client 127.0.0.1:49512] (stun:process/4:323)
2022-08-04 08:02:55.812906+00:00 [debug] Running 'stun_query' hook [TLS, session uq0weiqejw05, anonymous, client 127.0.0.1:49512] (stun:run_hook/3:843)
2022-08-04 08:02:55.813162+00:00 [debug] Got 'stun_query' event [TLS, session uq0weiqejw05, anonymous, client 127.0.0.1:49512] (eturnal_module:handle_event/2:176)
2022-08-04 08:02:55.813217+00:00 [debug] Calling mod_log_stun:handle_event/2 [TLS, session uq0weiqejw05, anonymous, client 127.0.0.1:49512] (eturnal_module:handle_event/2:179)
2022-08-04 08:02:55.813292+00:00 [info] Responding to STUN request [TLS, session uq0weiqejw05, anonymous, client 127.0.0.1:49512] (mod_log_stun:handle_event/2:44)
2022-08-04 08:02:55.813342+00:00 [debug] Calling mod_stats_influx:handle_event/2 [TLS, session uq0weiqejw05, anonymous, client 127.0.0.1:49512] (eturnal_module:handle_event/2:179)
2022-08-04 08:02:55.813389+00:00 [debug] Writing STUN query event to InfluxDB [TLS, session uq0weiqejw05, anonymous, client 127.0.0.1:49512] (mod_stats_influx:on_stun_query/1:76)
2022-08-04 08:02:55.813585+00:00 [debug] Calling mod_stats_prometheus:handle_event/2 [TLS, session uq0weiqejw05, anonymous, client 127.0.0.1:49512] (eturnal_module:handle_event/2:179)
2022-08-04 08:02:55.813650+00:00 [debug] Observing STUN query for Prometheus [TLS, session uq0weiqejw05, anonymous, client 127.0.0.1:49512] (mod_stats_prometheus:on_stun_query/1:166)
2022-08-04 08:02:55.813780+00:00 [debug] Sending:
#stun{class = response,method = 1,magic = 554869826,
      trid = 37357562403803597765316325188,raw = <<>>,unsupported = [],
      'ALTERNATE-SERVER' = undefined,'CHANNEL-NUMBER' = undefined,
      'DATA' = undefined,'DONT-FRAGMENT' = false,'ERROR-CODE' = undefined,
      'LIFETIME' = undefined,'MAPPED-ADDRESS' = undefined,
      'MESSAGE-INTEGRITY' = undefined,'NONCE' = undefined,'REALM' = undefined,
      'REQUESTED-ADDRESS-FAMILY' = undefined,
      'REQUESTED-TRANSPORT' = undefined,'SOFTWARE' = <<"P1 STUN library">>,
      'UNKNOWN-ATTRIBUTES' = [],'USERNAME' = undefined,
      'XOR-MAPPED-ADDRESS' = {{127,0,0,1},49512},
      'XOR-PEER-ADDRESS' = [],'XOR-RELAYED-ADDRESS' = undefined} (stun:send/3:464)
2022-08-04 08:02:55.814108+00:00 [info] Connection reset by peer [TLS, session uq0weiqejw05, anonymous, client 127.0.0.1:49512] (stun:handle_info/3:174)
2022-08-04 08:02:55.839349+00:00 [info] Accepting connection: 127.0.0.1:43426 -> 127.0.0.1:34781 [TCP|TLS, session t02wv0hgop51] (stun_acceptor:accept/3:158)
2022-08-04 08:02:55.839524+00:00 [debug] Determined transport protocol: TCP (stun:is_tls_handshake/1:789)
2022-08-04 08:02:55.839833+00:00 [debug] Received:
#stun{class = request,method = 1,magic = 554869826,
      trid = 51749091914115891828280359147,raw = <<>>,unsupported = [],
      'ALTERNATE-SERVER' = undefined,'CHANNEL-NUMBER' = undefined,
      'DATA' = undefined,'DONT-FRAGMENT' = false,'ERROR-CODE' = undefined,
      'LIFETIME' = undefined,'MAPPED-ADDRESS' = undefined,
      'MESSAGE-INTEGRITY' = undefined,'NONCE' = undefined,'REALM' = undefined,
      'REQUESTED-ADDRESS-FAMILY' = undefined,
      'REQUESTED-TRANSPORT' = undefined,'SOFTWARE' = undefined,
      'UNKNOWN-ATTRIBUTES' = [],'USERNAME' = undefined,
      'XOR-MAPPED-ADDRESS' = undefined,'XOR-PEER-ADDRESS' = [],
      'XOR-RELAYED-ADDRESS' = undefined} (stun:process_data/3:421)
2022-08-04 08:02:55.839962+00:00 [debug] Responding to STUN request [TCP, session t02wv0hgop51, anonymous, client 127.0.0.1:43426] (stun:process/4:323)
2022-08-04 08:02:55.840014+00:00 [debug] Running 'stun_query' hook [TCP, session t02wv0hgop51, anonymous, client 127.0.0.1:43426] (stun:run_hook/3:843)
2022-08-04 08:02:55.840066+00:00 [debug] Got 'stun_query' event [TCP, session t02wv0hgop51, anonymous, client 127.0.0.1:43426] (eturnal_module:handle_event/2:176)
2022-08-04 08:02:55.840108+00:00 [debug] Calling mod_log_stun:handle_event/2 [TCP, session t02wv0hgop51, anonymous, client 127.0.0.1:43426] (eturnal_module:handle_event/2:179)
2022-08-04 08:02:55.840151+00:00 [info] Responding to STUN request [TCP, session t02wv0hgop51, anonymous, client 127.0.0.1:43426] (mod_log_stun:handle_event/2:44)
2022-08-04 08:02:55.840195+00:00 [debug] Calling mod_stats_influx:handle_event/2 [TCP, session t02wv0hgop51, anonymous, client 127.0.0.1:43426] (eturnal_module:handle_event/2:179)
2022-08-04 08:02:55.840233+00:00 [debug] Writing STUN query event to InfluxDB [TCP, session t02wv0hgop51, anonymous, client 127.0.0.1:43426] (mod_stats_influx:on_stun_query/1:76)
2022-08-04 08:02:55.840421+00:00 [debug] Calling mod_stats_prometheus:handle_event/2 [TCP, session t02wv0hgop51, anonymous, client 127.0.0.1:43426] (eturnal_module:handle_event/2:179)
2022-08-04 08:02:55.840499+00:00 [debug] Observing STUN query for Prometheus [TCP, session t02wv0hgop51, anonymous, client 127.0.0.1:43426] (mod_stats_prometheus:on_stun_query/1:166)
2022-08-04 08:02:55.840632+00:00 [debug] Sending:
#stun{class = response,method = 1,magic = 554869826,
      trid = 51749091914115891828280359147,raw = <<>>,unsupported = [],
      'ALTERNATE-SERVER' = undefined,'CHANNEL-NUMBER' = undefined,
      'DATA' = undefined,'DONT-FRAGMENT' = false,'ERROR-CODE' = undefined,
      'LIFETIME' = undefined,'MAPPED-ADDRESS' = undefined,
      'MESSAGE-INTEGRITY' = undefined,'NONCE' = undefined,'REALM' = undefined,
      'REQUESTED-ADDRESS-FAMILY' = undefined,
      'REQUESTED-TRANSPORT' = undefined,'SOFTWARE' = <<"P1 STUN library">>,
      'UNKNOWN-ATTRIBUTES' = [],'USERNAME' = undefined,
      'XOR-MAPPED-ADDRESS' = {{127,0,0,1},43426},
      'XOR-PEER-ADDRESS' = [],'XOR-RELAYED-ADDRESS' = undefined} (stun:send/3:464)
2022-08-04 08:02:55.840867+00:00 [info] Connection reset by peer [TCP, session t02wv0hgop51, anonymous, client 127.0.0.1:43426] (stun:handle_info/3:174)
2022-08-04 08:02:55.866402+00:00 [info] Accepting connection: 127.0.0.1:43428 -> 127.0.0.1:34781 [TCP|TLS, session 2e54ctybco57] (stun_acceptor:accept/3:158)
2022-08-04 08:02:55.866600+00:00 [debug] Determined transport protocol: TLS (stun:is_tls_handshake/1:786)
2022-08-04 08:02:55.974682+00:00 [debug] Received:
#stun{class = request,method = 1,magic = 554869826,
      trid = 50239099290737263678751786670,raw = <<>>,unsupported = [],
      'ALTERNATE-SERVER' = undefined,'CHANNEL-NUMBER' = undefined,
      'DATA' = undefined,'DONT-FRAGMENT' = false,'ERROR-CODE' = undefined,
      'LIFETIME' = undefined,'MAPPED-ADDRESS' = undefined,
      'MESSAGE-INTEGRITY' = undefined,'NONCE' = undefined,'REALM' = undefined,
      'REQUESTED-ADDRESS-FAMILY' = undefined,
      'REQUESTED-TRANSPORT' = undefined,'SOFTWARE' = undefined,
      'UNKNOWN-ATTRIBUTES' = [],'USERNAME' = undefined,
      'XOR-MAPPED-ADDRESS' = undefined,'XOR-PEER-ADDRESS' = [],
      'XOR-RELAYED-ADDRESS' = undefined} (stun:process_data/3:421)
2022-08-04 08:02:55.974897+00:00 [debug] Responding to STUN request [TLS, session 2e54ctybco57, anonymous, client 127.0.0.1:43428] (stun:process/4:323)
2022-08-04 08:02:55.974948+00:00 [debug] Running 'stun_query' hook [TLS, session 2e54ctybco57, anonymous, client 127.0.0.1:43428] (stun:run_hook/3:843)
2022-08-04 08:02:55.975004+00:00 [debug] Got 'stun_query' event [TLS, session 2e54ctybco57, anonymous, client 127.0.0.1:43428] (eturnal_module:handle_event/2:176)
2022-08-04 08:02:55.975055+00:00 [debug] Calling mod_log_stun:handle_event/2 [TLS, session 2e54ctybco57, anonymous, client 127.0.0.1:43428] (eturnal_module:handle_event/2:179)
2022-08-04 08:02:55.975109+00:00 [info] Responding to STUN request [TLS, session 2e54ctybco57, anonymous, client 127.0.0.1:43428] (mod_log_stun:handle_event/2:44)
2022-08-04 08:02:55.975151+00:00 [debug] Calling mod_stats_influx:handle_event/2 [TLS, session 2e54ctybco57, anonymous, client 127.0.0.1:43428] (eturnal_module:handle_event/2:179)
2022-08-04 08:02:55.975197+00:00 [debug] Writing STUN query event to InfluxDB [TLS, session 2e54ctybco57, anonymous, client 127.0.0.1:43428] (mod_stats_influx:on_stun_query/1:76)
2022-08-04 08:02:55.975436+00:00 [debug] Calling mod_stats_prometheus:handle_event/2 [TLS, session 2e54ctybco57, anonymous, client 127.0.0.1:43428] (eturnal_module:handle_event/2:179)
2022-08-04 08:02:55.975502+00:00 [debug] Observing STUN query for Prometheus [TLS, session 2e54ctybco57, anonymous, client 127.0.0.1:43428] (mod_stats_prometheus:on_stun_query/1:166)
2022-08-04 08:02:55.975608+00:00 [debug] Sending:
#stun{class = response,method = 1,magic = 554869826,
      trid = 50239099290737263678751786670,raw = <<>>,unsupported = [],
      'ALTERNATE-SERVER' = undefined,'CHANNEL-NUMBER' = undefined,
      'DATA' = undefined,'DONT-FRAGMENT' = false,'ERROR-CODE' = undefined,
      'LIFETIME' = undefined,'MAPPED-ADDRESS' = undefined,
      'MESSAGE-INTEGRITY' = undefined,'NONCE' = undefined,'REALM' = undefined,
      'REQUESTED-ADDRESS-FAMILY' = undefined,
      'REQUESTED-TRANSPORT' = undefined,'SOFTWARE' = <<"P1 STUN library">>,
      'UNKNOWN-ATTRIBUTES' = [],'USERNAME' = undefined,
      'XOR-MAPPED-ADDRESS' = {{127,0,0,1},43428},
      'XOR-PEER-ADDRESS' = [],'XOR-RELAYED-ADDRESS' = undefined} (stun:send/3:464)
2022-08-04 08:02:55.975959+00:00 [info] Connection reset by peer [TLS, session 2e54ctybco57, anonymous, client 127.0.0.1:43428] (stun:handle_info/3:174)
2022-08-04 08:02:56.001448+00:00 [debug] Terminating eturnal (shutdown) (eturnal:terminate/2:181)
2022-08-04 08:02:56.001438+00:00 [debug] No NOTIFY_SOCKET, dropping STOPPING=1 notification (eturnal_systemd:handle_cast/2:108)
2022-08-04 08:02:56.001673+00:00 [info] Stopped listening on 127.0.0.1:34780 (udp) (eturnal:stop_listeners/1:370)
2022-08-04 08:02:56.001682+00:00 [debug] Watchdog interval is undefined, hibernating (eturnal_systemd:get_timeout/1:161)
2022-08-04 08:02:56.002102+00:00 [info] Stopped listening on 127.0.0.1:34780 (tcp) (eturnal:stop_listeners/1:370)
2022-08-04 08:02:56.002292+00:00 [info] Stopped listening on 127.0.0.1:53490 (tls) (eturnal:stop_listeners/1:370)
2022-08-04 08:02:56.002463+00:00 [info] Stopped listening on 127.0.0.1:34781 (auto) (eturnal:stop_listeners/1:370)
2022-08-04 08:02:56.003021+00:00 [debug] Calling mod_log_stun:stop/1 (eturnal_module:stop/1:162)
2022-08-04 08:02:56.003139+00:00 [debug] Stopping mod_log_stun (mod_log_stun:stop/0:49)
2022-08-04 08:02:56.003236+00:00 [info] Stopped mod_log_stun (eturnal:stop_modules/1:327)
2022-08-04 08:02:56.005154+00:00 [debug] Calling mod_stats_influx:stop/1 (eturnal_module:stop/1:162)
2022-08-04 08:02:56.005378+00:00 [debug] Stopping mod_stats_influx (mod_stats_influx:stop/0:61)
2022-08-04 08:02:56.005553+00:00 [info] Stopped mod_stats_influx (eturnal:stop_modules/1:327)
2022-08-04 08:02:56.007268+00:00 [debug] Calling mod_stats_prometheus:stop/1 (eturnal_module:stop/1:162)
2022-08-04 08:02:56.007473+00:00 [debug] Stopping mod_stats_prometheus (mod_stats_prometheus:stop/0:110)
2022-08-04 08:02:56.009016+00:00 [info] Stopped mod_stats_prometheus (eturnal:stop_modules/1:327)
2022-08-04 08:02:56.009790+00:00 [debug] Removed run/cert.pem (eturnal:clean_run_dir/0:746)
2022-08-04 08:02:56.010108+00:00 [debug] Terminating eturnal_systemd (shutdown) (eturnal_systemd:terminate/2:135)
2022-08-04 08:02:56.010368+00:00 [notice] Stopping eturnal 1.10.1 on Erlang/OTP 25 (ERTS 13.0) (eturnal_app:stop/1:53)
