2022-08-23 17:24:11.512467+00:00 [notice] Starting eturnal 1.10.1 on Erlang/OTP 25 (ERTS 13.0) (eturnal_app:start/2:34)
2022-08-23 17:24:11.512685+00:00 [debug] Starting supervisor: eturnal_sup (eturnal_sup:start_link/0:31)
2022-08-23 17:24:11.512838+00:00 [debug] Configuring eturnal_sup supervisor: [#{id => systemd,
                                       start =>
                                           {eturnal_systemd,start_link,[]}},
                                     #{id => eturnal,
                                       start => {eturnal,start_link,[]}}] (eturnal_sup:init/0:39)
2022-08-23 17:24:11.514636+00:00 [info] Got no NOTIFY_SOCKET, notifications disabled (eturnal_systemd:init/1:94)
2022-08-23 17:24:11.514819+00:00 [debug] PROGRESS REPORT:
    supervisor: {local,eturnal_sup}
    started: [{pid,<0.1197.0>},
              {id,systemd},
              {mfargs,{eturnal_systemd,start_link,[]}},
              {restart_type,permanent},
              {significant,false},
              {shutdown,5000},
              {child_type,worker}]
 (supervisor:report_progress/2:1557)
2022-08-23 17:24:11.514937+00:00 [info] Relay IPv4 address: 127.0.0.1 (port range: 49152-65535) (eturnal:log_relay_addresses/0:319)
2022-08-23 17:24:11.515090+00:00 [info] Relay IPv6 address not configured (eturnal:log_relay_addresses/0:329)
2022-08-23 17:24:11.531187+00:00 [info] Cannot determine control query port: noport (eturnal:log_control_listener/0:344)
2022-08-23 17:24:11.531538+00:00 [debug] Using run directory run (eturnal:ensure_run_dir/0:792)
2022-08-23 17:24:11.531667+00:00 [debug] TURN configuration seems fine (eturnal:check_turn_config/0:540)
2022-08-23 17:24:11.531847+00:00 [warning] TLS enabled without 'tls_crt_file', creating self-signed certificate (eturnal:check_pem_file/0:738)
2022-08-23 17:24:12.435845+00:00 [debug] Calling mod_log_stun:start/0 (eturnal_module:start/1:143)
2022-08-23 17:24:12.436144+00:00 [debug] Starting mod_log_stun (mod_log_stun:start/0:38)
2022-08-23 17:24:12.436325+00:00 [info] Started mod_log_stun (eturnal:start_modules/0:355)
2022-08-23 17:24:12.436464+00:00 [debug] Calling mod_stats_influx:start/0 (eturnal_module:start/1:143)
2022-08-23 17:24:12.436572+00:00 [debug] Starting mod_stats_influx (mod_stats_influx:start/0:37)
2022-08-23 17:24:12.439312+00:00 [debug] PROGRESS REPORT:
    application: ulitos
    started_at: nonode@nohost
 (application_controller:info_started/2:2107)
2022-08-23 17:24:12.440392+00:00 [debug] PROGRESS REPORT:
    application: poolboy
    started_at: nonode@nohost
 (application_controller:info_started/2:2107)
2022-08-23 17:24:12.441368+00:00 [info]     msg: Starting application: influx_udp (influx_udp_app:start/2:10)
2022-08-23 17:24:12.443777+00:00 [debug] PROGRESS REPORT:
    supervisor: {local,influx_udp_sup}
    started: [{pid,<0.1219.0>},
              {id,influx_udp},
              {mfargs,{influx_udp,start_link,[]}},
              {restart_type,permanent},
              {significant,false},
              {shutdown,5000},
              {child_type,worker}]
 (supervisor:report_progress/2:1557)
2022-08-23 17:24:12.443942+00:00 [debug] PROGRESS REPORT:
    application: influx_udp
    started_at: nonode@nohost
 (application_controller:info_started/2:2107)
2022-08-23 17:24:12.443948+00:00 [debug] Dependency influx_udp was available already (eturnal_module:ensure_dep/2:284)
2022-08-23 17:24:12.447423+00:00 [info]     host: {127,0,0,1}
    msg: Start clients pool
    options: #{host => "localhost",max_overflow => 1,pool_size => 1,
               port => 8089} (influx_udp:start_pool_/2:239)
2022-08-23 17:24:12.467166+00:00 [info]     msg: Open UDP socket on port
    port: 41453 (influx_udp_worker:init/1:43)
2022-08-23 17:24:12.467405+00:00 [debug] PROGRESS REPORT:
    supervisor: {local,influx_udp_sup}
    started: [{pid,<0.1222.0>},
              {id,stats_influx_pool},
              {mfargs,
                  {poolboy,start_link,
                      [[{name,{local,stats_influx_pool}},
                        {worker_module,influx_udp_worker},
                        {size,1},
                        {max_overflow,1}],
                       [{options,
                            #{host => {127,0,0,1},
                              max_overflow => 1,pool_size => 1,
                              port => 8089}}]]}},
              {restart_type,permanent},
              {significant,false},
              {shutdown,5000},
              {child_type,worker}]
 (supervisor:report_progress/2:1557)
2022-08-23 17:24:12.467636+00:00 [info] Started mod_stats_influx (eturnal:start_modules/0:355)
2022-08-23 17:24:12.467750+00:00 [debug] Calling mod_stats_prometheus:start/0 (eturnal_module:start/1:143)
2022-08-23 17:24:12.468254+00:00 [debug] Starting mod_stats_prometheus (mod_stats_prometheus:start/0:56)
2022-08-23 17:24:14.485792+00:00 [debug] PROGRESS REPORT:
    application: prometheus
    started_at: nonode@nohost
 (application_controller:info_started/2:2107)
2022-08-23 17:24:14.486880+00:00 [debug] PROGRESS REPORT:
    application: accept
    started_at: nonode@nohost
 (application_controller:info_started/2:2107)
2022-08-23 17:24:14.487122+00:00 [debug] PROGRESS REPORT:
    application: prometheus_httpd
    started_at: nonode@nohost
 (application_controller:info_started/2:2107)
2022-08-23 17:24:14.487187+00:00 [debug] Dependency prometheus_httpd was available already (eturnal_module:ensure_dep/2:284)
2022-08-23 17:24:14.487913+00:00 [debug] PROGRESS REPORT:
    supervisor: {local,httpd_instance_sup__127_0_0_1__9081default}
    started: [{pid,<0.1244.0>},
              {id,{httpd_connection_sup,{127,0,0,1},9081,default}},
              {mfargs,{httpd_connection_sup,start_link,[[{127,0,0,1},9081]]}},
              {restart_type,permanent},
              {significant,false},
              {shutdown,5000},
              {child_type,supervisor}]
 (supervisor:report_progress/2:1557)
2022-08-23 17:24:14.488215+00:00 [debug] PROGRESS REPORT:
    supervisor: {local,httpd_acceptor_sup__127_0_0_1__9081default}
    started: [{pid,<0.1246.0>},
              {id,{httpd_acceptor_sup,{127,0,0,1},9081,default}},
              {mfargs,{httpd_acceptor,start_link,
                                      [httpd__127_0_0_1__9081default,ip_comm,
                                       {127,0,0,1},
                                       9081,inet,
                                       httpd_conf__127_0_0_1__9081default,
                                       15000]}},
              {restart_type,transient},
              {significant,false},
              {shutdown,brutal_kill},
              {child_type,worker}]
 (supervisor:report_progress/2:1557)
2022-08-23 17:24:14.488377+00:00 [debug] PROGRESS REPORT:
    supervisor: {local,httpd_instance_sup__127_0_0_1__9081default}
    started: [{pid,<0.1245.0>},
              {id,{httpd_acceptor_sup,{127,0,0,1},9081,default}},
              {mfargs,
                  {httpd_acceptor_sup,start_link,
                      [[{127,0,0,1},
                        9081,
                        [{bind_address,{127,0,0,1}},
                         {socket_type,ip_comm},
                         {port,9081},
                         {server_root,"run/mod_stats_prometheus/doc"},
                         {document_root,"run/mod_stats_prometheus/doc"},
                         {server_name,"Prometheus Exporter"},
                         {modules,[prometheus_httpd]}],
                        15000,undefined]]}},
              {restart_type,permanent},
              {significant,false},
              {shutdown,infinity},
              {child_type,supervisor}]
 (supervisor:report_progress/2:1557)
2022-08-23 17:24:14.488532+00:00 [debug] PROGRESS REPORT:
    supervisor: {local,httpd_instance_sup__127_0_0_1__9081default}
    started: [{pid,<0.1247.0>},
              {id,{httpd_misc_sup,{127,0,0,1},9081,default}},
              {mfargs,{httpd_misc_sup,start_link,[{127,0,0,1},9081,default]}},
              {restart_type,permanent},
              {significant,false},
              {shutdown,infinity},
              {child_type,supervisor}]
 (supervisor:report_progress/2:1557)
2022-08-23 17:24:14.488803+00:00 [debug] PROGRESS REPORT:
    supervisor: {local,httpd_instance_sup__127_0_0_1__9081default}
    started: [{pid,<0.1248.0>},
              {id,{httpd_manager,{127,0,0,1},9081,default}},
              {mfargs,
                  {httpd_manager,start_link,
                      [undefined,
                       [{bind_address,{127,0,0,1}},
                        {socket_type,ip_comm},
                        {port,9081},
                        {server_root,"run/mod_stats_prometheus/doc"},
                        {document_root,"run/mod_stats_prometheus/doc"},
                        {server_name,"Prometheus Exporter"},
                        {modules,[prometheus_httpd]}],
                       15000]}},
              {restart_type,permanent},
              {significant,false},
              {shutdown,4000},
              {child_type,worker}]
 (supervisor:report_progress/2:1557)
2022-08-23 17:24:14.488936+00:00 [debug] PROGRESS REPORT:
    supervisor: {local,httpd_sup}
    started: [{pid,<0.1243.0>},
              {id,{httpd_instance_sup,{127,0,0,1},9081,default}},
              {mfargs,
                  {httpd_instance_sup,start_link,
                      [[{bind_address,{127,0,0,1}},
                        {socket_type,ip_comm},
                        {port,9081},
                        {server_root,"run/mod_stats_prometheus/doc"},
                        {document_root,"run/mod_stats_prometheus/doc"},
                        {server_name,"Prometheus Exporter"},
                        {modules,[prometheus_httpd]}],
                       15000,[]]}},
              {restart_type,permanent},
              {significant,false},
              {shutdown,infinity},
              {child_type,supervisor}]
 (supervisor:report_progress/2:1557)
2022-08-23 17:24:14.489634+00:00 [info] Started mod_stats_prometheus (eturnal:start_modules/0:355)
2022-08-23 17:24:14.489775+00:00 [debug] Starting listener 127.0.0.1:34780 (udp) with options:
[{use_turn,true},
 {auth_type,user},
 {turn_ipv4_address,{127,0,0,1}},
 {turn_min_port,49152},
 {turn_max_port,65535},
 {turn_max_allocations,10},
 {turn_max_permissions,10},
 {shaper,100000},
 {turn_blacklist,[{{10,0,0,0},8},
                  {{100,64,0,0},10},
                  {{127,0,0,0},8},
                  {{169,254,0,0},16},
                  {{172,16,0,0},12},
                  {{192,0,0,0},24},
                  {{192,0,2,0},24},
                  {{192,88,99,0},24},
                  {{192,168,0,0},16},
                  {{198,18,0,0},15},
                  {{198,51,100,0},24},
                  {{203,0,113,0},24},
                  {{224,0,0,0},4},
                  {{240,0,0,0},4},
                  {{0,0,0,0,0,0,0,1},128},
                  {{0,0,0,0,0,65535,0,0},96},
                  {{100,65435,0,0,0,0,0,0},96},
                  {{256,0,0,0,0,0,0,0},64},
                  {{8193,3512,0,0,0,0,0,0},32},
                  {{64512,0,0,0,0,0,0,0},7},
                  {{65152,0,0,0,0,0,0,0},10},
                  {{65280,0,0,0,0,0,0,0},8}]},
 {turn_whitelist,[{{127,0,0,1},32},
                  {{203,0,113,113},32},
                  {{8193,3512,0,0,0,0,0,0},64}]},
 {auth_realm,<<"eturnal.net">>},
 {server_name,<<"eturnal">>},
 {auth_fun,fun eturnal:get_password/2},
 {hook_fun,fun eturnal:run_hook/2}] (eturnal:start_listeners/0:388)
2022-08-23 17:24:14.490542+00:00 [info] Listening on 127.0.0.1:34780 (udp) (STUN/TURN) (eturnal:start_listeners/0:395)
2022-08-23 17:24:14.490677+00:00 [debug] Starting listener 127.0.0.1:34780 (tcp) with options:
[{use_turn,false},
 {auth_type,anonymous},
 {turn_ipv4_address,{127,0,0,1}},
 {turn_min_port,49152},
 {turn_max_port,65535},
 {turn_max_allocations,10},
 {turn_max_permissions,10},
 {shaper,100000},
 {turn_blacklist,[{{10,0,0,0},8},
                  {{100,64,0,0},10},
                  {{127,0,0,0},8},
                  {{169,254,0,0},16},
                  {{172,16,0,0},12},
                  {{192,0,0,0},24},
                  {{192,0,2,0},24},
                  {{192,88,99,0},24},
                  {{192,168,0,0},16},
                  {{198,18,0,0},15},
                  {{198,51,100,0},24},
                  {{203,0,113,0},24},
                  {{224,0,0,0},4},
                  {{240,0,0,0},4},
                  {{0,0,0,0,0,0,0,1},128},
                  {{0,0,0,0,0,65535,0,0},96},
                  {{100,65435,0,0,0,0,0,0},96},
                  {{256,0,0,0,0,0,0,0},64},
                  {{8193,3512,0,0,0,0,0,0},32},
                  {{64512,0,0,0,0,0,0,0},7},
                  {{65152,0,0,0,0,0,0,0},10},
                  {{65280,0,0,0,0,0,0,0},8}]},
 {turn_whitelist,[{{127,0,0,1},32},
                  {{203,0,113,113},32},
                  {{8193,3512,0,0,0,0,0,0},64}]},
 {auth_realm,<<"eturnal.net">>},
 {server_name,<<"eturnal">>},
 {auth_fun,fun eturnal:get_password/2},
 {hook_fun,fun eturnal:run_hook/2}] (eturnal:start_listeners/0:388)
2022-08-23 17:24:14.491328+00:00 [info] Listening on 127.0.0.1:34780 (tcp) (STUN only) (eturnal:start_listeners/0:395)
2022-08-23 17:24:14.491437+00:00 [debug] Starting listener 127.0.0.1:53490 (tls) with options:
[{use_turn,false},
 {auth_type,anonymous},
 {tls,true},
 {certfile,<<"run/cert.pem">>},
 {ciphers,<<"HIGH:!aNULL:@STRENGTH">>},
 {protocol_options,<<"no_tlsv1|no_tlsv1_1|cipher_server_preference">>},
 {turn_ipv4_address,{127,0,0,1}},
 {turn_min_port,49152},
 {turn_max_port,65535},
 {turn_max_allocations,10},
 {turn_max_permissions,10},
 {shaper,100000},
 {turn_blacklist,[{{10,0,0,0},8},
                  {{100,64,0,0},10},
                  {{127,0,0,0},8},
                  {{169,254,0,0},16},
                  {{172,16,0,0},12},
                  {{192,0,0,0},24},
                  {{192,0,2,0},24},
                  {{192,88,99,0},24},
                  {{192,168,0,0},16},
                  {{198,18,0,0},15},
                  {{198,51,100,0},24},
                  {{203,0,113,0},24},
                  {{224,0,0,0},4},
                  {{240,0,0,0},4},
                  {{0,0,0,0,0,0,0,1},128},
                  {{0,0,0,0,0,65535,0,0},96},
                  {{100,65435,0,0,0,0,0,0},96},
                  {{256,0,0,0,0,0,0,0},64},
                  {{8193,3512,0,0,0,0,0,0},32},
                  {{64512,0,0,0,0,0,0,0},7},
                  {{65152,0,0,0,0,0,0,0},10},
                  {{65280,0,0,0,0,0,0,0},8}]},
 {turn_whitelist,[{{127,0,0,1},32},
                  {{203,0,113,113},32},
                  {{8193,3512,0,0,0,0,0,0},64}]},
 {auth_realm,<<"eturnal.net">>},
 {server_name,<<"eturnal">>},
 {auth_fun,fun eturnal:get_password/2},
 {hook_fun,fun eturnal:run_hook/2}] (eturnal:start_listeners/0:388)
2022-08-23 17:24:14.492570+00:00 [info] Listening on 127.0.0.1:53490 (tls) (STUN only) (eturnal:start_listeners/0:395)
2022-08-23 17:24:14.492683+00:00 [debug] Starting listener 127.0.0.1:34781 (auto) with options:
[{use_turn,false},
 {auth_type,anonymous},
 {tls,optional},
 {certfile,<<"run/cert.pem">>},
 {ciphers,<<"HIGH:!aNULL:@STRENGTH">>},
 {protocol_options,<<"no_tlsv1|no_tlsv1_1|cipher_server_preference">>},
 {turn_ipv4_address,{127,0,0,1}},
 {turn_min_port,49152},
 {turn_max_port,65535},
 {turn_max_allocations,10},
 {turn_max_permissions,10},
 {shaper,100000},
 {turn_blacklist,[{{10,0,0,0},8},
                  {{100,64,0,0},10},
                  {{127,0,0,0},8},
                  {{169,254,0,0},16},
                  {{172,16,0,0},12},
                  {{192,0,0,0},24},
                  {{192,0,2,0},24},
                  {{192,88,99,0},24},
                  {{192,168,0,0},16},
                  {{198,18,0,0},15},
                  {{198,51,100,0},24},
                  {{203,0,113,0},24},
                  {{224,0,0,0},4},
                  {{240,0,0,0},4},
                  {{0,0,0,0,0,0,0,1},128},
                  {{0,0,0,0,0,65535,0,0},96},
                  {{100,65435,0,0,0,0,0,0},96},
                  {{256,0,0,0,0,0,0,0},64},
                  {{8193,3512,0,0,0,0,0,0},32},
                  {{64512,0,0,0,0,0,0,0},7},
                  {{65152,0,0,0,0,0,0,0},10},
                  {{65280,0,0,0,0,0,0,0},8}]},
 {turn_whitelist,[{{127,0,0,1},32},
                  {{203,0,113,113},32},
                  {{8193,3512,0,0,0,0,0,0},64}]},
 {auth_realm,<<"eturnal.net">>},
 {server_name,<<"eturnal">>},
 {auth_fun,fun eturnal:get_password/2},
 {hook_fun,fun eturnal:run_hook/2}] (eturnal:start_listeners/0:388)
2022-08-23 17:24:14.493419+00:00 [info] Listening on 127.0.0.1:34781 (auto) (STUN only) (eturnal:start_listeners/0:395)
2022-08-23 17:24:14.493556+00:00 [debug] Started 3 modules (eturnal:init/1:99)
2022-08-23 17:24:14.493640+00:00 [debug] Started 4 listeners (eturnal:init/1:100)
2022-08-23 17:24:14.493757+00:00 [debug] PROGRESS REPORT:
    supervisor: {local,eturnal_sup}
    started: [{pid,<0.1199.0>},
              {id,eturnal},
              {mfargs,{eturnal,start_link,[]}},
              {restart_type,permanent},
              {significant,false},
              {shutdown,5000},
              {child_type,worker}]
 (supervisor:report_progress/2:1557)
2022-08-23 17:24:14.494602+00:00 [debug] PROGRESS REPORT:
    application: eturnal
    started_at: nonode@nohost
 (application_controller:info_started/2:2107)
2022-08-23 17:24:14.494558+00:00 [debug] No NOTIFY_SOCKET, dropping READY=1 notification (eturnal_systemd:handle_cast/2:108)
2022-08-23 17:24:14.495459+00:00 [debug] Watchdog interval is undefined, hibernating (eturnal_systemd:get_timeout/1:161)
2022-08-23 17:24:14.524502+00:00 [debug] Handling API call: get_info() (eturnal_ctl:get_info/0:134)
2022-08-23 17:24:14.524990+00:00 [debug] eturnal call (get_info) returned {ok,
                                  {eturnal_node_info,<<"1.10.1">>,
                                   {"25","13.0"},
                                   6361,0,149,148156933,2,58320584}} (eturnal_ctl:call/1:451)
2022-08-23 17:24:14.549544+00:00 [debug] Handling API call: get_sessions() (eturnal_ctl:get_sessions/0:105)
2022-08-23 17:24:14.574115+00:00 [debug] Handling API call: get_sessions("alice") (eturnal_ctl:get_sessions/1:115)
2022-08-23 17:24:14.574348+00:00 [debug] Handling API call: disconnect(alice) (eturnal_ctl:disconnect/1:183)
2022-08-23 17:24:14.574448+00:00 [debug] Cannot convert user name to binary: alice (eturnal_ctl:disconnect/1:193)
2022-08-23 17:24:14.598503+00:00 [debug] Handling API call: disconnect("alice") (eturnal_ctl:disconnect/1:183)
2022-08-23 17:24:14.598770+00:00 [debug] Handling API call: disconnect(alice) (eturnal_ctl:disconnect/1:183)
2022-08-23 17:24:14.598848+00:00 [debug] Cannot convert user name to binary: alice (eturnal_ctl:disconnect/1:193)
2022-08-23 17:24:14.622698+00:00 [debug] Handling API call: get_credentials("2009-10-30 11:00:00Z", []) (eturnal_ctl:get_credentials/2:59)
2022-08-23 17:24:14.623189+00:00 [debug] eturnal call ({get_password,<<"1256900400">>}) returned {ok,
                                                         <<"uEKlpcME7MNMMVRV8rUFPCTIFEs=">>} (eturnal_ctl:call/1:451)
2022-08-23 17:24:14.623414+00:00 [debug] Handling API call: get_credentials("86400", "alice") (eturnal_ctl:get_credentials/2:59)
2022-08-23 17:24:14.623578+00:00 [debug] eturnal call ({get_password,<<"1661361854:alice">>}) returned {ok,
                                                               <<"rRktfXIGjwFCl5F+24f1nkjE40c=">>} (eturnal_ctl:call/1:451)
2022-08-23 17:24:14.623720+00:00 [debug] Handling API call: get_password("1661361854:alice") (eturnal_ctl:get_password/1:78)
2022-08-23 17:24:14.623848+00:00 [debug] eturnal call ({get_password,<<"1661361854:alice">>}) returned {ok,
                                                               <<"rRktfXIGjwFCl5F+24f1nkjE40c=">>} (eturnal_ctl:call/1:451)
2022-08-23 17:24:14.624080+00:00 [debug] Handling API call: get_credentials("86400s", "alice") (eturnal_ctl:get_credentials/2:59)
2022-08-23 17:24:14.624223+00:00 [debug] eturnal call ({get_password,<<"1661361854:alice">>}) returned {ok,
                                                               <<"rRktfXIGjwFCl5F+24f1nkjE40c=">>} (eturnal_ctl:call/1:451)
2022-08-23 17:24:14.624355+00:00 [debug] Handling API call: get_password("1661361854:alice") (eturnal_ctl:get_password/1:78)
2022-08-23 17:24:14.624454+00:00 [debug] eturnal call ({get_password,<<"1661361854:alice">>}) returned {ok,
                                                               <<"rRktfXIGjwFCl5F+24f1nkjE40c=">>} (eturnal_ctl:call/1:451)
2022-08-23 17:24:14.624609+00:00 [debug] Handling API call: get_credentials("1440m", "alice") (eturnal_ctl:get_credentials/2:59)
2022-08-23 17:24:14.624756+00:00 [debug] eturnal call ({get_password,<<"1661361854:alice">>}) returned {ok,
                                                               <<"rRktfXIGjwFCl5F+24f1nkjE40c=">>} (eturnal_ctl:call/1:451)
2022-08-23 17:24:14.624846+00:00 [debug] Handling API call: get_password("1661361854:alice") (eturnal_ctl:get_password/1:78)
2022-08-23 17:24:14.624928+00:00 [debug] eturnal call ({get_password,<<"1661361854:alice">>}) returned {ok,
                                                               <<"rRktfXIGjwFCl5F+24f1nkjE40c=">>} (eturnal_ctl:call/1:451)
2022-08-23 17:24:14.625058+00:00 [debug] Handling API call: get_credentials("24h", "alice") (eturnal_ctl:get_credentials/2:59)
2022-08-23 17:24:14.625173+00:00 [debug] eturnal call ({get_password,<<"1661361854:alice">>}) returned {ok,
                                                               <<"rRktfXIGjwFCl5F+24f1nkjE40c=">>} (eturnal_ctl:call/1:451)
2022-08-23 17:24:14.625261+00:00 [debug] Handling API call: get_password("1661361854:alice") (eturnal_ctl:get_password/1:78)
2022-08-23 17:24:14.625341+00:00 [debug] eturnal call ({get_password,<<"1661361854:alice">>}) returned {ok,
                                                               <<"rRktfXIGjwFCl5F+24f1nkjE40c=">>} (eturnal_ctl:call/1:451)
2022-08-23 17:24:14.625456+00:00 [debug] Handling API call: get_credentials("1d", "alice") (eturnal_ctl:get_credentials/2:59)
2022-08-23 17:24:14.625578+00:00 [debug] eturnal call ({get_password,<<"1661361854:alice">>}) returned {ok,
                                                               <<"rRktfXIGjwFCl5F+24f1nkjE40c=">>} (eturnal_ctl:call/1:451)
2022-08-23 17:24:14.625677+00:00 [debug] Handling API call: get_password("1661361854:alice") (eturnal_ctl:get_password/1:78)
2022-08-23 17:24:14.625824+00:00 [debug] eturnal call ({get_password,<<"1661361854:alice">>}) returned {ok,
                                                               <<"rRktfXIGjwFCl5F+24f1nkjE40c=">>} (eturnal_ctl:call/1:451)
2022-08-23 17:24:14.625967+00:00 [debug] Handling API call: get_password("Invalid") (eturnal_ctl:get_password/1:78)
2022-08-23 17:24:14.626062+00:00 [debug] Invalid user name: Invalid (eturnal_ctl:get_password/1:92)
2022-08-23 17:24:14.626144+00:00 [debug] Handling API call: get_credentials("Invalid", []) (eturnal_ctl:get_credentials/2:59)
2022-08-23 17:24:14.626223+00:00 [debug] Invalid argument(s): "Invalid":[] (eturnal_ctl:get_credentials/2:72)
2022-08-23 17:24:14.626294+00:00 [debug] Handling API call: get_password(invalid) (eturnal_ctl:get_password/1:78)
2022-08-23 17:24:14.626357+00:00 [debug] Cannot convert user name to binary: invalid (eturnal_ctl:get_password/1:99)
2022-08-23 17:24:14.626422+00:00 [debug] Handling API call: get_credentials(invalid, []) (eturnal_ctl:get_credentials/2:59)
2022-08-23 17:24:14.626480+00:00 [debug] Invalid argument(s): invalid:[] (eturnal_ctl:get_credentials/2:72)
2022-08-23 17:24:14.626561+00:00 [debug] Handling API call: get_password([invalid]) (eturnal_ctl:get_password/1:78)
2022-08-23 17:24:14.626740+00:00 [debug] Cannot convert user name to binary: [invalid] (eturnal_ctl:get_password/1:99)
2022-08-23 17:24:14.626818+00:00 [debug] Handling API call: get_credentials([invalid], []) (eturnal_ctl:get_credentials/2:59)
2022-08-23 17:24:14.626891+00:00 [debug] Invalid argument(s): [invalid]:[] (eturnal_ctl:get_credentials/2:72)
2022-08-23 17:24:14.626996+00:00 [debug] Handling API call: get_credentials(1256900400, invalid) (eturnal_ctl:get_credentials/2:59)
2022-08-23 17:24:14.627077+00:00 [debug] Invalid argument(s): 1256900400:invalid (eturnal_ctl:get_credentials/2:72)
2022-08-23 17:24:14.651604+00:00 [debug] Handling API call: set_loglevel(debug) (eturnal_ctl:set_loglevel/1:164)
2022-08-23 17:24:14.651826+00:00 [debug] eturnal call ({set_loglevel,debug}) returned ok (eturnal_ctl:call/1:448)
2022-08-23 17:24:14.652030+00:00 [debug] Handling API call: get_loglevel() (eturnal_ctl:get_loglevel/0:154)
2022-08-23 17:24:14.652152+00:00 [debug] eturnal call (get_loglevel) returned {ok,debug} (eturnal_ctl:call/1:451)
2022-08-23 17:24:14.652277+00:00 [debug] Handling API call: set_loglevel(invalid) (eturnal_ctl:set_loglevel/1:164)
2022-08-23 17:24:14.652427+00:00 [debug] Invalid log level: invalid (eturnal_ctl:set_loglevel/1:174)
2022-08-23 17:24:14.652611+00:00 [debug] Handling API call: get_loglevel() (eturnal_ctl:get_loglevel/0:154)
2022-08-23 17:24:14.652736+00:00 [debug] eturnal call (get_loglevel) returned {ok,debug} (eturnal_ctl:call/1:451)
2022-08-23 17:24:14.676339+00:00 [debug] Handling API call: get_version() (eturnal_ctl:get_version/0:144)
2022-08-23 17:24:14.676493+00:00 [debug] eturnal call (get_version) returned {ok,<<"1.10.1">>} (eturnal_ctl:call/1:451)
2022-08-23 17:24:14.700731+00:00 [debug] Handling API call: reload() (eturnal_ctl:reload/0:199)
2022-08-23 17:24:14.702558+00:00 [debug] Calling mod_log_stun:options/0 (eturnal_module:options/1:192)
2022-08-23 17:24:14.702721+00:00 [debug] Calling mod_stats_influx:options/0 (eturnal_module:options/1:192)
2022-08-23 17:24:14.703121+00:00 [debug] Calling mod_stats_prometheus:options/0 (eturnal_module:options/1:192)
2022-08-23 17:24:14.703884+00:00 [warning] TLS enabled without 'tls_crt_file', creating self-signed certificate (eturnal:check_pem_file/0:738)
2022-08-23 17:24:15.385639+00:00 [info] Using new TLS certificate (eturnal:reload/1:567)
2022-08-23 17:24:15.385930+00:00 [debug] Calling mod_log_stun:stop/1 (eturnal_module:stop/1:163)
2022-08-23 17:24:15.386036+00:00 [debug] Stopping mod_log_stun (mod_log_stun:stop/0:49)
2022-08-23 17:24:15.386130+00:00 [info] Stopped mod_log_stun (eturnal:stop_modules/1:368)
2022-08-23 17:24:15.387893+00:00 [debug] Calling mod_stats_influx:stop/1 (eturnal_module:stop/1:163)
2022-08-23 17:24:15.388089+00:00 [debug] Stopping mod_stats_influx (mod_stats_influx:stop/0:61)
2022-08-23 17:24:15.388229+00:00 [info] Stopped mod_stats_influx (eturnal:stop_modules/1:368)
2022-08-23 17:24:15.390084+00:00 [debug] Calling mod_stats_prometheus:stop/1 (eturnal_module:stop/1:163)
2022-08-23 17:24:15.390215+00:00 [debug] Stopping mod_stats_prometheus (mod_stats_prometheus:stop/0:110)
2022-08-23 17:24:15.391470+00:00 [info] Stopped mod_stats_prometheus (eturnal:stop_modules/1:368)
2022-08-23 17:24:15.391682+00:00 [debug] Calling mod_log_stun:start/0 (eturnal_module:start/1:143)
2022-08-23 17:24:15.391769+00:00 [debug] Starting mod_log_stun (mod_log_stun:start/0:38)
2022-08-23 17:24:15.393624+00:00 [info] Started mod_log_stun (eturnal:start_modules/0:355)
2022-08-23 17:24:15.393748+00:00 [debug] Calling mod_stats_influx:start/0 (eturnal_module:start/1:143)
2022-08-23 17:24:15.394339+00:00 [debug] Starting mod_stats_influx (mod_stats_influx:start/0:37)
2022-08-23 17:24:15.394425+00:00 [debug] Dependency influx_udp was available already (eturnal_module:ensure_dep/2:284)
2022-08-23 17:24:15.394972+00:00 [info]     host: {127,0,0,1}
    msg: Start clients pool
    options: #{host => "localhost",max_overflow => 1,pool_size => 1,
               port => 8089} (influx_udp:start_pool_/2:239)
2022-08-23 17:24:15.396085+00:00 [info] Started mod_stats_influx (eturnal:start_modules/0:355)
2022-08-23 17:24:15.396223+00:00 [debug] Calling mod_stats_prometheus:start/0 (eturnal_module:start/1:143)
2022-08-23 17:24:15.396674+00:00 [debug] Starting mod_stats_prometheus (mod_stats_prometheus:start/0:56)
2022-08-23 17:24:15.397088+00:00 [debug] Dependency prometheus_httpd was available already (eturnal_module:ensure_dep/2:284)
2022-08-23 17:24:15.398152+00:00 [debug] PROGRESS REPORT:
    supervisor: {local,httpd_instance_sup__127_0_0_1__9081default}
    started: [{pid,<0.1374.0>},
              {id,{httpd_connection_sup,{127,0,0,1},9081,default}},
              {mfargs,{httpd_connection_sup,start_link,[[{127,0,0,1},9081]]}},
              {restart_type,permanent},
              {significant,false},
              {shutdown,5000},
              {child_type,supervisor}]
 (supervisor:report_progress/2:1557)
2022-08-23 17:24:15.398484+00:00 [debug] PROGRESS REPORT:
    supervisor: {local,httpd_acceptor_sup__127_0_0_1__9081default}
    started: [{pid,<0.1376.0>},
              {id,{httpd_acceptor_sup,{127,0,0,1},9081,default}},
              {mfargs,{httpd_acceptor,start_link,
                                      [httpd__127_0_0_1__9081default,ip_comm,
                                       {127,0,0,1},
                                       9081,inet,
                                       httpd_conf__127_0_0_1__9081default,
                                       15000]}},
              {restart_type,transient},
              {significant,false},
              {shutdown,brutal_kill},
              {child_type,worker}]
 (supervisor:report_progress/2:1557)
2022-08-23 17:24:15.398706+00:00 [debug] PROGRESS REPORT:
    supervisor: {local,httpd_instance_sup__127_0_0_1__9081default}
    started: [{pid,<0.1375.0>},
              {id,{httpd_acceptor_sup,{127,0,0,1},9081,default}},
              {mfargs,
                  {httpd_acceptor_sup,start_link,
                      [[{127,0,0,1},
                        9081,
                        [{bind_address,{127,0,0,1}},
                         {socket_type,ip_comm},
                         {port,9081},
                         {server_root,"run/mod_stats_prometheus/doc"},
                         {document_root,"run/mod_stats_prometheus/doc"},
                         {server_name,"Prometheus Exporter"},
                         {modules,[prometheus_httpd]}],
                        15000,undefined]]}},
              {restart_type,permanent},
              {significant,false},
              {shutdown,infinity},
              {child_type,supervisor}]
 (supervisor:report_progress/2:1557)
2022-08-23 17:24:15.398856+00:00 [debug] PROGRESS REPORT:
    supervisor: {local,httpd_instance_sup__127_0_0_1__9081default}
    started: [{pid,<0.1377.0>},
              {id,{httpd_misc_sup,{127,0,0,1},9081,default}},
              {mfargs,{httpd_misc_sup,start_link,[{127,0,0,1},9081,default]}},
              {restart_type,permanent},
              {significant,false},
              {shutdown,infinity},
              {child_type,supervisor}]
 (supervisor:report_progress/2:1557)
2022-08-23 17:24:15.399353+00:00 [debug] PROGRESS REPORT:
    supervisor: {local,httpd_instance_sup__127_0_0_1__9081default}
    started: [{pid,<0.1378.0>},
              {id,{httpd_manager,{127,0,0,1},9081,default}},
              {mfargs,
                  {httpd_manager,start_link,
                      [undefined,
                       [{bind_address,{127,0,0,1}},
                        {socket_type,ip_comm},
                        {port,9081},
                        {server_root,"run/mod_stats_prometheus/doc"},
                        {document_root,"run/mod_stats_prometheus/doc"},
                        {server_name,"Prometheus Exporter"},
                        {modules,[prometheus_httpd]}],
                       15000]}},
              {restart_type,permanent},
              {significant,false},
              {shutdown,4000},
              {child_type,worker}]
 (supervisor:report_progress/2:1557)
2022-08-23 17:24:15.399489+00:00 [debug] PROGRESS REPORT:
    supervisor: {local,httpd_sup}
    started: [{pid,<0.1373.0>},
              {id,{httpd_instance_sup,{127,0,0,1},9081,default}},
              {mfargs,
                  {httpd_instance_sup,start_link,
                      [[{bind_address,{127,0,0,1}},
                        {socket_type,ip_comm},
                        {port,9081},
                        {server_root,"run/mod_stats_prometheus/doc"},
                        {document_root,"run/mod_stats_prometheus/doc"},
                        {server_name,"Prometheus Exporter"},
                        {modules,[prometheus_httpd]}],
                       15000,[]]}},
              {restart_type,permanent},
              {significant,false},
              {shutdown,infinity},
              {child_type,supervisor}]
 (supervisor:report_progress/2:1557)
2022-08-23 17:24:15.400020+00:00 [info] Started mod_stats_prometheus (eturnal:start_modules/0:355)
2022-08-23 17:24:15.400146+00:00 [debug] Restarted modules (eturnal:reload/1:575)
2022-08-23 17:24:15.400281+00:00 [debug] eturnal call (reload) returned ok (eturnal_ctl:call/1:448)
2022-08-23 17:24:15.401315+00:00 [debug] Handling API call: reload() (eturnal_ctl:reload/0:199)
2022-08-23 17:24:15.403298+00:00 [debug] Calling mod_log_stun:options/0 (eturnal_module:options/1:192)
2022-08-23 17:24:15.403470+00:00 [debug] Calling mod_stats_influx:options/0 (eturnal_module:options/1:192)
2022-08-23 17:24:15.403605+00:00 [debug] Calling mod_stats_prometheus:options/0 (eturnal_module:options/1:192)
2022-08-23 17:24:15.405374+00:00 [debug] Keeping PEM file (run/cert.pem) (eturnal:check_pem_file/0:735)
2022-08-23 17:24:15.405695+00:00 [debug] TLS certificate unchanged (eturnal:reload/1:569)
2022-08-23 17:24:15.406487+00:00 [debug] Calling mod_log_stun:stop/1 (eturnal_module:stop/1:163)
2022-08-23 17:24:15.406896+00:00 [debug] Stopping mod_log_stun (mod_log_stun:stop/0:49)
2022-08-23 17:24:15.406961+00:00 [info] Stopped mod_log_stun (eturnal:stop_modules/1:368)
2022-08-23 17:24:15.408155+00:00 [debug] Calling mod_stats_influx:stop/1 (eturnal_module:stop/1:163)
2022-08-23 17:24:15.408333+00:00 [debug] Stopping mod_stats_influx (mod_stats_influx:stop/0:61)
2022-08-23 17:24:15.408407+00:00 [info] Stopped mod_stats_influx (eturnal:stop_modules/1:368)
2022-08-23 17:24:15.410316+00:00 [debug] Calling mod_stats_prometheus:stop/1 (eturnal_module:stop/1:163)
2022-08-23 17:24:15.410408+00:00 [debug] Stopping mod_stats_prometheus (mod_stats_prometheus:stop/0:110)
2022-08-23 17:24:15.411656+00:00 [info] Stopped mod_stats_prometheus (eturnal:stop_modules/1:368)
2022-08-23 17:24:15.411782+00:00 [debug] Calling mod_log_stun:start/0 (eturnal_module:start/1:143)
2022-08-23 17:24:15.411919+00:00 [debug] Starting mod_log_stun (mod_log_stun:start/0:38)
2022-08-23 17:24:15.412351+00:00 [info] Started mod_log_stun (eturnal:start_modules/0:355)
2022-08-23 17:24:15.412456+00:00 [debug] Calling mod_stats_influx:start/0 (eturnal_module:start/1:143)
2022-08-23 17:24:15.412575+00:00 [debug] Starting mod_stats_influx (mod_stats_influx:start/0:37)
2022-08-23 17:24:15.413020+00:00 [debug] Dependency influx_udp was available already (eturnal_module:ensure_dep/2:284)
2022-08-23 17:24:15.413948+00:00 [info]     host: {127,0,0,1}
    msg: Start clients pool
    options: #{host => "localhost",max_overflow => 1,pool_size => 1,
               port => 8089} (influx_udp:start_pool_/2:239)
2022-08-23 17:24:15.414949+00:00 [info] Started mod_stats_influx (eturnal:start_modules/0:355)
2022-08-23 17:24:15.415044+00:00 [debug] Calling mod_stats_prometheus:start/0 (eturnal_module:start/1:143)
2022-08-23 17:24:15.415111+00:00 [debug] Starting mod_stats_prometheus (mod_stats_prometheus:start/0:56)
2022-08-23 17:24:15.415693+00:00 [debug] Dependency prometheus_httpd was available already (eturnal_module:ensure_dep/2:284)
2022-08-23 17:24:15.416598+00:00 [debug] PROGRESS REPORT:
    supervisor: {local,httpd_instance_sup__127_0_0_1__9081default}
    started: [{pid,<0.1409.0>},
              {id,{httpd_connection_sup,{127,0,0,1},9081,default}},
              {mfargs,{httpd_connection_sup,start_link,[[{127,0,0,1},9081]]}},
              {restart_type,permanent},
              {significant,false},
              {shutdown,5000},
              {child_type,supervisor}]
 (supervisor:report_progress/2:1557)
2022-08-23 17:24:15.416880+00:00 [debug] PROGRESS REPORT:
    supervisor: {local,httpd_acceptor_sup__127_0_0_1__9081default}
    started: [{pid,<0.1411.0>},
              {id,{httpd_acceptor_sup,{127,0,0,1},9081,default}},
              {mfargs,{httpd_acceptor,start_link,
                                      [httpd__127_0_0_1__9081default,ip_comm,
                                       {127,0,0,1},
                                       9081,inet,
                                       httpd_conf__127_0_0_1__9081default,
                                       15000]}},
              {restart_type,transient},
              {significant,false},
              {shutdown,brutal_kill},
              {child_type,worker}]
 (supervisor:report_progress/2:1557)
2022-08-23 17:24:15.417152+00:00 [debug] PROGRESS REPORT:
    supervisor: {local,httpd_instance_sup__127_0_0_1__9081default}
    started: [{pid,<0.1410.0>},
              {id,{httpd_acceptor_sup,{127,0,0,1},9081,default}},
              {mfargs,
                  {httpd_acceptor_sup,start_link,
                      [[{127,0,0,1},
                        9081,
                        [{bind_address,{127,0,0,1}},
                         {socket_type,ip_comm},
                         {port,9081},
                         {server_root,"run/mod_stats_prometheus/doc"},
                         {document_root,"run/mod_stats_prometheus/doc"},
                         {server_name,"Prometheus Exporter"},
                         {modules,[prometheus_httpd]}],
                        15000,undefined]]}},
              {restart_type,permanent},
              {significant,false},
              {shutdown,infinity},
              {child_type,supervisor}]
 (supervisor:report_progress/2:1557)
2022-08-23 17:24:15.417333+00:00 [debug] PROGRESS REPORT:
    supervisor: {local,httpd_instance_sup__127_0_0_1__9081default}
    started: [{pid,<0.1412.0>},
              {id,{httpd_misc_sup,{127,0,0,1},9081,default}},
              {mfargs,{httpd_misc_sup,start_link,[{127,0,0,1},9081,default]}},
              {restart_type,permanent},
              {significant,false},
              {shutdown,infinity},
              {child_type,supervisor}]
 (supervisor:report_progress/2:1557)
2022-08-23 17:24:15.418554+00:00 [debug] PROGRESS REPORT:
    supervisor: {local,httpd_instance_sup__127_0_0_1__9081default}
    started: [{pid,<0.1413.0>},
              {id,{httpd_manager,{127,0,0,1},9081,default}},
              {mfargs,
                  {httpd_manager,start_link,
                      [undefined,
                       [{bind_address,{127,0,0,1}},
                        {socket_type,ip_comm},
                        {port,9081},
                        {server_root,"run/mod_stats_prometheus/doc"},
                        {document_root,"run/mod_stats_prometheus/doc"},
                        {server_name,"Prometheus Exporter"},
                        {modules,[prometheus_httpd]}],
                       15000]}},
              {restart_type,permanent},
              {significant,false},
              {shutdown,4000},
              {child_type,worker}]
 (supervisor:report_progress/2:1557)
2022-08-23 17:24:15.418683+00:00 [debug] PROGRESS REPORT:
    supervisor: {local,httpd_sup}
    started: [{pid,<0.1408.0>},
              {id,{httpd_instance_sup,{127,0,0,1},9081,default}},
              {mfargs,
                  {httpd_instance_sup,start_link,
                      [[{bind_address,{127,0,0,1}},
                        {socket_type,ip_comm},
                        {port,9081},
                        {server_root,"run/mod_stats_prometheus/doc"},
                        {document_root,"run/mod_stats_prometheus/doc"},
                        {server_name,"Prometheus Exporter"},
                        {modules,[prometheus_httpd]}],
                       15000,[]]}},
              {restart_type,permanent},
              {significant,false},
              {shutdown,infinity},
              {child_type,supervisor}]
 (supervisor:report_progress/2:1557)
2022-08-23 17:24:15.419155+00:00 [info] Started mod_stats_prometheus (eturnal:start_modules/0:355)
2022-08-23 17:24:15.419310+00:00 [debug] Restarted modules (eturnal:reload/1:575)
2022-08-23 17:24:15.419461+00:00 [debug] eturnal call (reload) returned ok (eturnal_ctl:call/1:448)
2022-08-23 17:24:15.449541+00:00 [info] Accepting connection: 127.0.0.1:55906 -> 127.0.0.1:34780 [TCP, session 7x239rw6wzia] (stun_acceptor:accept/3:158)
2022-08-23 17:24:15.474544+00:00 [info] Accepting connection: 127.0.0.1:56834 -> 127.0.0.1:53490 [TLS, session icsgkhwx4f00] (stun_acceptor:accept/3:158)
2022-08-23 17:24:15.498820+00:00 [debug] Received:
#stun{class = request,method = 3,magic = 554869826,
      trid = 21876660642723336518648270738,raw = <<>>,unsupported = [],
      'ALTERNATE-SERVER' = undefined,'CHANNEL-NUMBER' = undefined,
      'DATA' = undefined,'DONT-FRAGMENT' = false,'ERROR-CODE' = undefined,
      'LIFETIME' = undefined,'MAPPED-ADDRESS' = undefined,
      'MESSAGE-INTEGRITY' = undefined,'NONCE' = undefined,'REALM' = undefined,
      'REQUESTED-ADDRESS-FAMILY' = undefined,
      'REQUESTED-TRANSPORT' = undefined,'SOFTWARE' = undefined,
      'UNKNOWN-ATTRIBUTES' = [],'USERNAME' = undefined,
      'XOR-MAPPED-ADDRESS' = undefined,'XOR-PEER-ADDRESS' = [],
      'XOR-RELAYED-ADDRESS' = undefined} (stun:udp_recv/5:112)
2022-08-23 17:24:15.498969+00:00 [debug] Sending:
#stun{class = error,method = 3,magic = 554869826,
      trid = 21876660642723336518648270738,raw = <<>>,unsupported = [],
      'ALTERNATE-SERVER' = undefined,'CHANNEL-NUMBER' = undefined,
      'DATA' = undefined,'DONT-FRAGMENT' = false,
      'ERROR-CODE' = {401,<<"Unauthorized">>},
      'LIFETIME' = undefined,'MAPPED-ADDRESS' = undefined,
      'MESSAGE-INTEGRITY' = undefined,'NONCE' = <<"1512435019">>,
      'REALM' = <<"eturnal.net">>,'REQUESTED-ADDRESS-FAMILY' = undefined,
      'REQUESTED-TRANSPORT' = undefined,'SOFTWARE' = <<"eturnal">>,
      'UNKNOWN-ATTRIBUTES' = [],'USERNAME' = undefined,
      'XOR-MAPPED-ADDRESS' = undefined,'XOR-PEER-ADDRESS' = [],
      'XOR-RELAYED-ADDRESS' = undefined} (stun:send/3:464)
2022-08-23 17:24:15.499271+00:00 [debug] Received:
#stun{class = request,method = 3,magic = 554869826,
      trid = 72945693316364916343104199247,
      raw = <<0,3,0,80,33,18,164,66,235,179,67,102,90,107,234,49,227,5,218,79,
              0,25,0,4,17,0,0,0,0,6,0,10,50,49,52,53,57,49,51,50,48,48,0,0,0,
              20,0,11,101,116,117,114,110,97,108,46,110,101,116,0,0,21,0,10,49,
              53,49,50,52,51,53,48,49,57,0,0>>,
      unsupported = [],'ALTERNATE-SERVER' = undefined,
      'CHANNEL-NUMBER' = undefined,'DATA' = undefined,'DONT-FRAGMENT' = false,
      'ERROR-CODE' = undefined,'LIFETIME' = undefined,
      'MAPPED-ADDRESS' = undefined,
      'MESSAGE-INTEGRITY' = <<65,123,13,119,98,181,33,236,69,144,132,81,167,
                              242,157,23,54,175,72,213>>,
      'NONCE' = <<"1512435019">>,'REALM' = <<"eturnal.net">>,
      'REQUESTED-ADDRESS-FAMILY' = undefined,'REQUESTED-TRANSPORT' = udp,
      'SOFTWARE' = undefined,'UNKNOWN-ATTRIBUTES' = [],
      'USERNAME' = <<"2145913200">>,'XOR-MAPPED-ADDRESS' = undefined,
      'XOR-PEER-ADDRESS' = [],'XOR-RELAYED-ADDRESS' = undefined} (stun:udp_recv/5:112)
2022-08-23 17:24:15.499388+00:00 [debug] Looking up password for: 2145913200 [UDP, session o2wiq50creg4, user 2145913200, client 127.0.0.1:54314] (eturnal:get_password/2:232)
2022-08-23 17:24:15.499446+00:00 [info] Accepting long-term STUN/TURN authentication [UDP, session o2wiq50creg4, user 2145913200, client 127.0.0.1:54314] (stun:process/2:255)
2022-08-23 17:24:15.499595+00:00 [debug] Running 'turn_session_start' hook [UDP, session o2wiq50creg4, user 2145913200, client 127.0.0.1:54314] (turn:run_hook/3:740)
2022-08-23 17:24:15.499652+00:00 [debug] Got 'turn_session_start' event [UDP, session o2wiq50creg4, user 2145913200, client 127.0.0.1:54314] (eturnal_module:handle_event/2:177)
2022-08-23 17:24:15.499698+00:00 [debug] Calling mod_stats_prometheus:handle_event/2 [UDP, session o2wiq50creg4, user 2145913200, client 127.0.0.1:54314] (eturnal_module:handle_event/2:180)
2022-08-23 17:24:15.499748+00:00 [debug] Observing started TURN session o2wiq50creg4 for Prometheus [UDP, session o2wiq50creg4, user 2145913200, client 127.0.0.1:54314] (mod_stats_prometheus:on_turn_session_start/1:174)
2022-08-23 17:24:15.499946+00:00 [notice] Creating TURN allocation (lifetime: 599 seconds) [UDP, session o2wiq50creg4, user 2145913200, client 127.0.0.1:54314, relay 127.0.0.1:61729] (turn:wait_for_allocate/2:219)
2022-08-23 17:24:15.500080+00:00 [debug] Sending:
#stun{class = response,method = 3,magic = 554869826,
      trid = 72945693316364916343104199247,raw = <<>>,unsupported = [],
      'ALTERNATE-SERVER' = undefined,'CHANNEL-NUMBER' = undefined,
      'DATA' = undefined,'DONT-FRAGMENT' = false,'ERROR-CODE' = undefined,
      'LIFETIME' = 599,'MAPPED-ADDRESS' = undefined,
      'MESSAGE-INTEGRITY' = undefined,'NONCE' = undefined,'REALM' = undefined,
      'REQUESTED-ADDRESS-FAMILY' = undefined,
      'REQUESTED-TRANSPORT' = undefined,'SOFTWARE' = <<"eturnal">>,
      'UNKNOWN-ATTRIBUTES' = [],'USERNAME' = undefined,
      'XOR-MAPPED-ADDRESS' = {{127,0,0,1},54314},
      'XOR-PEER-ADDRESS' = [],
      'XOR-RELAYED-ADDRESS' = {{127,0,0,1},61729}} (turn:send/2:542)
2022-08-23 17:24:15.500418+00:00 [debug] Received:
#stun{class = request,method = 4,magic = 554869826,
      trid = 74850056587225581575317265122,
      raw = <<0,4,0,80,33,18,164,66,241,218,132,2,32,107,221,20,135,244,154,
              226,0,6,0,10,50,49,52,53,57,49,51,50,48,48,0,0,0,20,0,11,101,116,
              117,114,110,97,108,46,110,101,116,0,0,21,0,10,49,53,49,50,52,51,
              53,48,49,57,0,0,0,13,0,4,0,0,0,0>>,
      unsupported = [],'ALTERNATE-SERVER' = undefined,
      'CHANNEL-NUMBER' = undefined,'DATA' = undefined,'DONT-FRAGMENT' = false,
      'ERROR-CODE' = undefined,'LIFETIME' = 0,'MAPPED-ADDRESS' = undefined,
      'MESSAGE-INTEGRITY' = <<182,67,144,210,69,188,241,24,48,214,99,51,2,11,
                              40,150,73,157,189,249>>,
      'NONCE' = <<"1512435019">>,'REALM' = <<"eturnal.net">>,
      'REQUESTED-ADDRESS-FAMILY' = undefined,
      'REQUESTED-TRANSPORT' = undefined,'SOFTWARE' = undefined,
      'UNKNOWN-ATTRIBUTES' = [],'USERNAME' = <<"2145913200">>,
      'XOR-MAPPED-ADDRESS' = undefined,'XOR-PEER-ADDRESS' = [],
      'XOR-RELAYED-ADDRESS' = undefined} (stun:udp_recv/5:112)
2022-08-23 17:24:15.500558+00:00 [debug] Looking up password for: 2145913200 [UDP, session wwpjk9px8ege, user 2145913200, client 127.0.0.1:54314] (eturnal:get_password/2:232)
2022-08-23 17:24:15.500617+00:00 [info] Accepting long-term STUN/TURN authentication [UDP, session wwpjk9px8ege, user 2145913200, client 127.0.0.1:54314] (stun:process/2:255)
2022-08-23 17:24:15.500672+00:00 [info] Client requested closing the TURN session [UDP, session o2wiq50creg4, user 2145913200, client 127.0.0.1:54314, relay 127.0.0.1:61729] (turn:active/2:278)
2022-08-23 17:24:15.500753+00:00 [debug] Sending:
#stun{class = response,method = 4,magic = 554869826,
      trid = 74850056587225581575317265122,raw = <<>>,unsupported = [],
      'ALTERNATE-SERVER' = undefined,'CHANNEL-NUMBER' = undefined,
      'DATA' = undefined,'DONT-FRAGMENT' = false,'ERROR-CODE' = undefined,
      'LIFETIME' = 0,'MAPPED-ADDRESS' = undefined,
      'MESSAGE-INTEGRITY' = undefined,'NONCE' = undefined,'REALM' = undefined,
      'REQUESTED-ADDRESS-FAMILY' = undefined,
      'REQUESTED-TRANSPORT' = undefined,'SOFTWARE' = <<"eturnal">>,
      'UNKNOWN-ATTRIBUTES' = [],'USERNAME' = undefined,
      'XOR-MAPPED-ADDRESS' = undefined,'XOR-PEER-ADDRESS' = [],
      'XOR-RELAYED-ADDRESS' = undefined} (turn:send/2:542)
2022-08-23 17:24:15.500850+00:00 [info] Deleting TURN allocation [UDP, session o2wiq50creg4, user 2145913200, client 127.0.0.1:54314, relay 127.0.0.1:61729] (turn:terminate/3:475)
2022-08-23 17:24:15.500936+00:00 [notice] Relayed 0 KiB (in 0 B / 0 packets, out 0 B / 0 packets), duration: 0 seconds [UDP, session o2wiq50creg4, user 2145913200, client 127.0.0.1:54314, relay 127.0.0.1:61729] (turn:terminate/3:482)
2022-08-23 17:24:15.500980+00:00 [debug] Running 'turn_session_stop' hook [UDP, session o2wiq50creg4, user 2145913200, client 127.0.0.1:54314, relay 127.0.0.1:61729] (turn:run_hook/3:740)
2022-08-23 17:24:15.501014+00:00 [debug] Got 'turn_session_stop' event [UDP, session o2wiq50creg4, user 2145913200, client 127.0.0.1:54314, relay 127.0.0.1:61729] (eturnal_module:handle_event/2:177)
2022-08-23 17:24:15.501046+00:00 [debug] Calling mod_stats_influx:handle_event/2 [UDP, session o2wiq50creg4, user 2145913200, client 127.0.0.1:54314, relay 127.0.0.1:61729] (eturnal_module:handle_event/2:180)
2022-08-23 17:24:15.501082+00:00 [debug] Writing stats of TURN session o2wiq50creg4 to InfluxDB [UDP, session o2wiq50creg4, user 2145913200, client 127.0.0.1:54314, relay 127.0.0.1:61729] (mod_stats_influx:on_turn_session_stop/1:87)
2022-08-23 17:24:15.501213+00:00 [debug] Calling mod_stats_prometheus:handle_event/2 [UDP, session o2wiq50creg4, user 2145913200, client 127.0.0.1:54314, relay 127.0.0.1:61729] (eturnal_module:handle_event/2:180)
2022-08-23 17:24:15.501254+00:00 [debug] Observing stopped TURN session o2wiq50creg4 for Prometheus [UDP, session o2wiq50creg4, user 2145913200, client 127.0.0.1:54314, relay 127.0.0.1:61729] (mod_stats_prometheus:on_turn_session_stop/1:187)
2022-08-23 17:24:15.524535+00:00 [debug] Received:
#stun{class = request,method = 1,magic = 554869826,
      trid = 21314464464215379636238894257,raw = <<>>,unsupported = [],
      'ALTERNATE-SERVER' = undefined,'CHANNEL-NUMBER' = undefined,
      'DATA' = undefined,'DONT-FRAGMENT' = false,'ERROR-CODE' = undefined,
      'LIFETIME' = undefined,'MAPPED-ADDRESS' = undefined,
      'MESSAGE-INTEGRITY' = undefined,'NONCE' = undefined,'REALM' = undefined,
      'REQUESTED-ADDRESS-FAMILY' = undefined,
      'REQUESTED-TRANSPORT' = undefined,'SOFTWARE' = undefined,
      'UNKNOWN-ATTRIBUTES' = [],'USERNAME' = undefined,
      'XOR-MAPPED-ADDRESS' = undefined,'XOR-PEER-ADDRESS' = [],
      'XOR-RELAYED-ADDRESS' = undefined} (stun:udp_recv/5:112)
2022-08-23 17:24:15.524623+00:00 [debug] Responding to STUN request [UDP, session bn4o4vuwuyfw, anonymous, client 127.0.0.1:53816] (stun:process/4:323)
2022-08-23 17:24:15.524661+00:00 [debug] Running 'stun_query' hook [UDP, session bn4o4vuwuyfw, anonymous, client 127.0.0.1:53816] (stun:run_hook/3:843)
2022-08-23 17:24:15.524727+00:00 [debug] Got 'stun_query' event [UDP, session bn4o4vuwuyfw, anonymous, client 127.0.0.1:53816] (eturnal_module:handle_event/2:177)
2022-08-23 17:24:15.524765+00:00 [debug] Calling mod_log_stun:handle_event/2 [UDP, session bn4o4vuwuyfw, anonymous, client 127.0.0.1:53816] (eturnal_module:handle_event/2:180)
2022-08-23 17:24:15.524801+00:00 [info] Responding to STUN request [UDP, session bn4o4vuwuyfw, anonymous, client 127.0.0.1:53816] (mod_log_stun:handle_event/2:44)
2022-08-23 17:24:15.524841+00:00 [debug] Calling mod_stats_influx:handle_event/2 [UDP, session bn4o4vuwuyfw, anonymous, client 127.0.0.1:53816] (eturnal_module:handle_event/2:180)
2022-08-23 17:24:15.524877+00:00 [debug] Writing STUN query event to InfluxDB [UDP, session bn4o4vuwuyfw, anonymous, client 127.0.0.1:53816] (mod_stats_influx:on_stun_query/1:76)
2022-08-23 17:24:15.525011+00:00 [debug] Calling mod_stats_prometheus:handle_event/2 [UDP, session bn4o4vuwuyfw, anonymous, client 127.0.0.1:53816] (eturnal_module:handle_event/2:180)
2022-08-23 17:24:15.525053+00:00 [debug] Observing STUN query for Prometheus [UDP, session bn4o4vuwuyfw, anonymous, client 127.0.0.1:53816] (mod_stats_prometheus:on_stun_query/1:166)
2022-08-23 17:24:15.525119+00:00 [debug] Sending:
#stun{class = response,method = 1,magic = 554869826,
      trid = 21314464464215379636238894257,raw = <<>>,unsupported = [],
      'ALTERNATE-SERVER' = undefined,'CHANNEL-NUMBER' = undefined,
      'DATA' = undefined,'DONT-FRAGMENT' = false,'ERROR-CODE' = undefined,
      'LIFETIME' = undefined,'MAPPED-ADDRESS' = undefined,
      'MESSAGE-INTEGRITY' = undefined,'NONCE' = undefined,'REALM' = undefined,
      'REQUESTED-ADDRESS-FAMILY' = undefined,
      'REQUESTED-TRANSPORT' = undefined,'SOFTWARE' = <<"eturnal">>,
      'UNKNOWN-ATTRIBUTES' = [],'USERNAME' = undefined,
      'XOR-MAPPED-ADDRESS' = {{127,0,0,1},53816},
      'XOR-PEER-ADDRESS' = [],'XOR-RELAYED-ADDRESS' = undefined} (stun:send/3:464)
2022-08-23 17:24:15.548210+00:00 [info] Accepting connection: 127.0.0.1:55908 -> 127.0.0.1:34780 [TCP, session k88k6t8uk1qd] (stun_acceptor:accept/3:158)
2022-08-23 17:24:15.548435+00:00 [debug] Received:
#stun{class = request,method = 1,magic = 554869826,
      trid = 59948895989471281493809456300,raw = <<>>,unsupported = [],
      'ALTERNATE-SERVER' = undefined,'CHANNEL-NUMBER' = undefined,
      'DATA' = undefined,'DONT-FRAGMENT' = false,'ERROR-CODE' = undefined,
      'LIFETIME' = undefined,'MAPPED-ADDRESS' = undefined,
      'MESSAGE-INTEGRITY' = undefined,'NONCE' = undefined,'REALM' = undefined,
      'REQUESTED-ADDRESS-FAMILY' = undefined,
      'REQUESTED-TRANSPORT' = undefined,'SOFTWARE' = undefined,
      'UNKNOWN-ATTRIBUTES' = [],'USERNAME' = undefined,
      'XOR-MAPPED-ADDRESS' = undefined,'XOR-PEER-ADDRESS' = [],
      'XOR-RELAYED-ADDRESS' = undefined} (stun:process_data/3:421)
2022-08-23 17:24:15.548554+00:00 [debug] Responding to STUN request [TCP, session k88k6t8uk1qd, anonymous, client 127.0.0.1:55908] (stun:process/4:323)
2022-08-23 17:24:15.548597+00:00 [debug] Running 'stun_query' hook [TCP, session k88k6t8uk1qd, anonymous, client 127.0.0.1:55908] (stun:run_hook/3:843)
2022-08-23 17:24:15.548637+00:00 [debug] Got 'stun_query' event [TCP, session k88k6t8uk1qd, anonymous, client 127.0.0.1:55908] (eturnal_module:handle_event/2:177)
2022-08-23 17:24:15.548674+00:00 [debug] Calling mod_log_stun:handle_event/2 [TCP, session k88k6t8uk1qd, anonymous, client 127.0.0.1:55908] (eturnal_module:handle_event/2:180)
2022-08-23 17:24:15.548715+00:00 [info] Responding to STUN request [TCP, session k88k6t8uk1qd, anonymous, client 127.0.0.1:55908] (mod_log_stun:handle_event/2:44)
2022-08-23 17:24:15.548751+00:00 [debug] Calling mod_stats_influx:handle_event/2 [TCP, session k88k6t8uk1qd, anonymous, client 127.0.0.1:55908] (eturnal_module:handle_event/2:180)
2022-08-23 17:24:15.548788+00:00 [debug] Writing STUN query event to InfluxDB [TCP, session k88k6t8uk1qd, anonymous, client 127.0.0.1:55908] (mod_stats_influx:on_stun_query/1:76)
2022-08-23 17:24:15.548913+00:00 [debug] Calling mod_stats_prometheus:handle_event/2 [TCP, session k88k6t8uk1qd, anonymous, client 127.0.0.1:55908] (eturnal_module:handle_event/2:180)
2022-08-23 17:24:15.548950+00:00 [debug] Observing STUN query for Prometheus [TCP, session k88k6t8uk1qd, anonymous, client 127.0.0.1:55908] (mod_stats_prometheus:on_stun_query/1:166)
2022-08-23 17:24:15.549024+00:00 [debug] Sending:
#stun{class = response,method = 1,magic = 554869826,
      trid = 59948895989471281493809456300,raw = <<>>,unsupported = [],
      'ALTERNATE-SERVER' = undefined,'CHANNEL-NUMBER' = undefined,
      'DATA' = undefined,'DONT-FRAGMENT' = false,'ERROR-CODE' = undefined,
      'LIFETIME' = undefined,'MAPPED-ADDRESS' = undefined,
      'MESSAGE-INTEGRITY' = undefined,'NONCE' = undefined,'REALM' = undefined,
      'REQUESTED-ADDRESS-FAMILY' = undefined,
      'REQUESTED-TRANSPORT' = undefined,'SOFTWARE' = <<"P1 STUN library">>,
      'UNKNOWN-ATTRIBUTES' = [],'USERNAME' = undefined,
      'XOR-MAPPED-ADDRESS' = {{127,0,0,1},55908},
      'XOR-PEER-ADDRESS' = [],'XOR-RELAYED-ADDRESS' = undefined} (stun:send/3:464)
2022-08-23 17:24:15.549229+00:00 [info] Connection reset by peer [TCP, session k88k6t8uk1qd, anonymous, client 127.0.0.1:55908] (stun:handle_info/3:174)
2022-08-23 17:24:15.577267+00:00 [info] Accepting connection: 127.0.0.1:56836 -> 127.0.0.1:53490 [TLS, session w3mly4ikleje] (stun_acceptor:accept/3:158)
2022-08-23 17:24:16.586049+00:00 [debug] Received:
#stun{class = request,method = 1,magic = 554869826,
      trid = 64680654366470524223397834484,raw = <<>>,unsupported = [],
      'ALTERNATE-SERVER' = undefined,'CHANNEL-NUMBER' = undefined,
      'DATA' = undefined,'DONT-FRAGMENT' = false,'ERROR-CODE' = undefined,
      'LIFETIME' = undefined,'MAPPED-ADDRESS' = undefined,
      'MESSAGE-INTEGRITY' = undefined,'NONCE' = undefined,'REALM' = undefined,
      'REQUESTED-ADDRESS-FAMILY' = undefined,
      'REQUESTED-TRANSPORT' = undefined,'SOFTWARE' = undefined,
      'UNKNOWN-ATTRIBUTES' = [],'USERNAME' = undefined,
      'XOR-MAPPED-ADDRESS' = undefined,'XOR-PEER-ADDRESS' = [],
      'XOR-RELAYED-ADDRESS' = undefined} (stun:process_data/3:421)
2022-08-23 17:24:16.586180+00:00 [debug] Responding to STUN request [TLS, session w3mly4ikleje, anonymous, client 127.0.0.1:56836] (stun:process/4:323)
2022-08-23 17:24:16.586232+00:00 [debug] Running 'stun_query' hook [TLS, session w3mly4ikleje, anonymous, client 127.0.0.1:56836] (stun:run_hook/3:843)
2022-08-23 17:24:16.586320+00:00 [debug] Got 'stun_query' event [TLS, session w3mly4ikleje, anonymous, client 127.0.0.1:56836] (eturnal_module:handle_event/2:177)
2022-08-23 17:24:16.586354+00:00 [debug] Calling mod_log_stun:handle_event/2 [TLS, session w3mly4ikleje, anonymous, client 127.0.0.1:56836] (eturnal_module:handle_event/2:180)
2022-08-23 17:24:16.586392+00:00 [info] Responding to STUN request [TLS, session w3mly4ikleje, anonymous, client 127.0.0.1:56836] (mod_log_stun:handle_event/2:44)
2022-08-23 17:24:16.586424+00:00 [debug] Calling mod_stats_influx:handle_event/2 [TLS, session w3mly4ikleje, anonymous, client 127.0.0.1:56836] (eturnal_module:handle_event/2:180)
2022-08-23 17:24:16.586454+00:00 [debug] Writing STUN query event to InfluxDB [TLS, session w3mly4ikleje, anonymous, client 127.0.0.1:56836] (mod_stats_influx:on_stun_query/1:76)
2022-08-23 17:24:16.586852+00:00 [debug] Calling mod_stats_prometheus:handle_event/2 [TLS, session w3mly4ikleje, anonymous, client 127.0.0.1:56836] (eturnal_module:handle_event/2:180)
2022-08-23 17:24:16.586935+00:00 [debug] Observing STUN query for Prometheus [TLS, session w3mly4ikleje, anonymous, client 127.0.0.1:56836] (mod_stats_prometheus:on_stun_query/1:166)
2022-08-23 17:24:16.587054+00:00 [debug] Sending:
#stun{class = response,method = 1,magic = 554869826,
      trid = 64680654366470524223397834484,raw = <<>>,unsupported = [],
      'ALTERNATE-SERVER' = undefined,'CHANNEL-NUMBER' = undefined,
      'DATA' = undefined,'DONT-FRAGMENT' = false,'ERROR-CODE' = undefined,
      'LIFETIME' = undefined,'MAPPED-ADDRESS' = undefined,
      'MESSAGE-INTEGRITY' = undefined,'NONCE' = undefined,'REALM' = undefined,
      'REQUESTED-ADDRESS-FAMILY' = undefined,
      'REQUESTED-TRANSPORT' = undefined,'SOFTWARE' = <<"P1 STUN library">>,
      'UNKNOWN-ATTRIBUTES' = [],'USERNAME' = undefined,
      'XOR-MAPPED-ADDRESS' = {{127,0,0,1},56836},
      'XOR-PEER-ADDRESS' = [],'XOR-RELAYED-ADDRESS' = undefined} (stun:send/3:464)
2022-08-23 17:24:16.587343+00:00 [info] Connection reset by peer [TLS, session w3mly4ikleje, anonymous, client 127.0.0.1:56836] (stun:handle_info/3:174)
2022-08-23 17:24:16.611788+00:00 [info] Accepting connection: 127.0.0.1:39688 -> 127.0.0.1:34781 [TCP|TLS, session 9ciepyuzqd4w] (stun_acceptor:accept/3:158)
2022-08-23 17:24:16.611915+00:00 [debug] Determined transport protocol: TCP (stun:is_tls_handshake/1:789)
2022-08-23 17:24:16.612433+00:00 [debug] Received:
#stun{class = request,method = 1,magic = 554869826,
      trid = 60936647239871509185442414520,raw = <<>>,unsupported = [],
      'ALTERNATE-SERVER' = undefined,'CHANNEL-NUMBER' = undefined,
      'DATA' = undefined,'DONT-FRAGMENT' = false,'ERROR-CODE' = undefined,
      'LIFETIME' = undefined,'MAPPED-ADDRESS' = undefined,
      'MESSAGE-INTEGRITY' = undefined,'NONCE' = undefined,'REALM' = undefined,
      'REQUESTED-ADDRESS-FAMILY' = undefined,
      'REQUESTED-TRANSPORT' = undefined,'SOFTWARE' = undefined,
      'UNKNOWN-ATTRIBUTES' = [],'USERNAME' = undefined,
      'XOR-MAPPED-ADDRESS' = undefined,'XOR-PEER-ADDRESS' = [],
      'XOR-RELAYED-ADDRESS' = undefined} (stun:process_data/3:421)
2022-08-23 17:24:16.612560+00:00 [debug] Responding to STUN request [TCP, session 9ciepyuzqd4w, anonymous, client 127.0.0.1:39688] (stun:process/4:323)
2022-08-23 17:24:16.612596+00:00 [debug] Running 'stun_query' hook [TCP, session 9ciepyuzqd4w, anonymous, client 127.0.0.1:39688] (stun:run_hook/3:843)
2022-08-23 17:24:16.612628+00:00 [debug] Got 'stun_query' event [TCP, session 9ciepyuzqd4w, anonymous, client 127.0.0.1:39688] (eturnal_module:handle_event/2:177)
2022-08-23 17:24:16.612657+00:00 [debug] Calling mod_log_stun:handle_event/2 [TCP, session 9ciepyuzqd4w, anonymous, client 127.0.0.1:39688] (eturnal_module:handle_event/2:180)
2022-08-23 17:24:16.612693+00:00 [info] Responding to STUN request [TCP, session 9ciepyuzqd4w, anonymous, client 127.0.0.1:39688] (mod_log_stun:handle_event/2:44)
2022-08-23 17:24:16.612726+00:00 [debug] Calling mod_stats_influx:handle_event/2 [TCP, session 9ciepyuzqd4w, anonymous, client 127.0.0.1:39688] (eturnal_module:handle_event/2:180)
2022-08-23 17:24:16.612756+00:00 [debug] Writing STUN query event to InfluxDB [TCP, session 9ciepyuzqd4w, anonymous, client 127.0.0.1:39688] (mod_stats_influx:on_stun_query/1:76)
2022-08-23 17:24:16.612891+00:00 [debug] Calling mod_stats_prometheus:handle_event/2 [TCP, session 9ciepyuzqd4w, anonymous, client 127.0.0.1:39688] (eturnal_module:handle_event/2:180)
2022-08-23 17:24:16.612950+00:00 [debug] Observing STUN query for Prometheus [TCP, session 9ciepyuzqd4w, anonymous, client 127.0.0.1:39688] (mod_stats_prometheus:on_stun_query/1:166)
2022-08-23 17:24:16.613053+00:00 [debug] Sending:
#stun{class = response,method = 1,magic = 554869826,
      trid = 60936647239871509185442414520,raw = <<>>,unsupported = [],
      'ALTERNATE-SERVER' = undefined,'CHANNEL-NUMBER' = undefined,
      'DATA' = undefined,'DONT-FRAGMENT' = false,'ERROR-CODE' = undefined,
      'LIFETIME' = undefined,'MAPPED-ADDRESS' = undefined,
      'MESSAGE-INTEGRITY' = undefined,'NONCE' = undefined,'REALM' = undefined,
      'REQUESTED-ADDRESS-FAMILY' = undefined,
      'REQUESTED-TRANSPORT' = undefined,'SOFTWARE' = <<"P1 STUN library">>,
      'UNKNOWN-ATTRIBUTES' = [],'USERNAME' = undefined,
      'XOR-MAPPED-ADDRESS' = {{127,0,0,1},39688},
      'XOR-PEER-ADDRESS' = [],'XOR-RELAYED-ADDRESS' = undefined} (stun:send/3:464)
2022-08-23 17:24:16.613276+00:00 [info] Connection reset by peer [TCP, session 9ciepyuzqd4w, anonymous, client 127.0.0.1:39688] (stun:handle_info/3:174)
2022-08-23 17:24:16.638366+00:00 [info] Accepting connection: 127.0.0.1:39690 -> 127.0.0.1:34781 [TCP|TLS, session 79k02ujw7pnc] (stun_acceptor:accept/3:158)
2022-08-23 17:24:16.638534+00:00 [debug] Determined transport protocol: TLS (stun:is_tls_handshake/1:786)
2022-08-23 17:24:17.649970+00:00 [debug] Received:
#stun{class = request,method = 1,magic = 554869826,
      trid = 78439766962308873364884103989,raw = <<>>,unsupported = [],
      'ALTERNATE-SERVER' = undefined,'CHANNEL-NUMBER' = undefined,
      'DATA' = undefined,'DONT-FRAGMENT' = false,'ERROR-CODE' = undefined,
      'LIFETIME' = undefined,'MAPPED-ADDRESS' = undefined,
      'MESSAGE-INTEGRITY' = undefined,'NONCE' = undefined,'REALM' = undefined,
      'REQUESTED-ADDRESS-FAMILY' = undefined,
      'REQUESTED-TRANSPORT' = undefined,'SOFTWARE' = undefined,
      'UNKNOWN-ATTRIBUTES' = [],'USERNAME' = undefined,
      'XOR-MAPPED-ADDRESS' = undefined,'XOR-PEER-ADDRESS' = [],
      'XOR-RELAYED-ADDRESS' = undefined} (stun:process_data/3:421)
2022-08-23 17:24:17.650135+00:00 [debug] Responding to STUN request [TLS, session 79k02ujw7pnc, anonymous, client 127.0.0.1:39690] (stun:process/4:323)
2022-08-23 17:24:17.650179+00:00 [debug] Running 'stun_query' hook [TLS, session 79k02ujw7pnc, anonymous, client 127.0.0.1:39690] (stun:run_hook/3:843)
2022-08-23 17:24:17.650453+00:00 [debug] Got 'stun_query' event [TLS, session 79k02ujw7pnc, anonymous, client 127.0.0.1:39690] (eturnal_module:handle_event/2:177)
2022-08-23 17:24:17.650490+00:00 [debug] Calling mod_log_stun:handle_event/2 [TLS, session 79k02ujw7pnc, anonymous, client 127.0.0.1:39690] (eturnal_module:handle_event/2:180)
2022-08-23 17:24:17.650527+00:00 [info] Responding to STUN request [TLS, session 79k02ujw7pnc, anonymous, client 127.0.0.1:39690] (mod_log_stun:handle_event/2:44)
2022-08-23 17:24:17.650563+00:00 [debug] Calling mod_stats_influx:handle_event/2 [TLS, session 79k02ujw7pnc, anonymous, client 127.0.0.1:39690] (eturnal_module:handle_event/2:180)
2022-08-23 17:24:17.650595+00:00 [debug] Writing STUN query event to InfluxDB [TLS, session 79k02ujw7pnc, anonymous, client 127.0.0.1:39690] (mod_stats_influx:on_stun_query/1:76)
2022-08-23 17:24:17.650753+00:00 [debug] Calling mod_stats_prometheus:handle_event/2 [TLS, session 79k02ujw7pnc, anonymous, client 127.0.0.1:39690] (eturnal_module:handle_event/2:180)
2022-08-23 17:24:17.650797+00:00 [debug] Observing STUN query for Prometheus [TLS, session 79k02ujw7pnc, anonymous, client 127.0.0.1:39690] (mod_stats_prometheus:on_stun_query/1:166)
2022-08-23 17:24:17.650898+00:00 [debug] Sending:
#stun{class = response,method = 1,magic = 554869826,
      trid = 78439766962308873364884103989,raw = <<>>,unsupported = [],
      'ALTERNATE-SERVER' = undefined,'CHANNEL-NUMBER' = undefined,
      'DATA' = undefined,'DONT-FRAGMENT' = false,'ERROR-CODE' = undefined,
      'LIFETIME' = undefined,'MAPPED-ADDRESS' = undefined,
      'MESSAGE-INTEGRITY' = undefined,'NONCE' = undefined,'REALM' = undefined,
      'REQUESTED-ADDRESS-FAMILY' = undefined,
      'REQUESTED-TRANSPORT' = undefined,'SOFTWARE' = <<"P1 STUN library">>,
      'UNKNOWN-ATTRIBUTES' = [],'USERNAME' = undefined,
      'XOR-MAPPED-ADDRESS' = {{127,0,0,1},39690},
      'XOR-PEER-ADDRESS' = [],'XOR-RELAYED-ADDRESS' = undefined} (stun:send/3:464)
2022-08-23 17:24:17.651205+00:00 [info] Connection reset by peer [TLS, session 79k02ujw7pnc, anonymous, client 127.0.0.1:39690] (stun:handle_info/3:174)
2022-08-23 17:24:17.675429+00:00 [debug] No NOTIFY_SOCKET, dropping STOPPING=1 notification (eturnal_systemd:handle_cast/2:108)
2022-08-23 17:24:17.675552+00:00 [debug] Watchdog interval is undefined, hibernating (eturnal_systemd:get_timeout/1:161)
2022-08-23 17:24:17.675683+00:00 [debug] Terminating eturnal (shutdown) (eturnal:terminate/2:173)
2022-08-23 17:24:17.676305+00:00 [info] Stopped listening on 127.0.0.1:34780 (udp) (eturnal:stop_listeners/1:411)
2022-08-23 17:24:17.676901+00:00 [info] Stopped listening on 127.0.0.1:34780 (tcp) (eturnal:stop_listeners/1:411)
2022-08-23 17:24:17.677134+00:00 [info] Stopped listening on 127.0.0.1:53490 (tls) (eturnal:stop_listeners/1:411)
2022-08-23 17:24:17.677348+00:00 [info] Stopped listening on 127.0.0.1:34781 (auto) (eturnal:stop_listeners/1:411)
2022-08-23 17:24:17.678286+00:00 [debug] Calling mod_log_stun:stop/1 (eturnal_module:stop/1:163)
2022-08-23 17:24:17.678851+00:00 [debug] Stopping mod_log_stun (mod_log_stun:stop/0:49)
2022-08-23 17:24:17.678953+00:00 [info] Stopped mod_log_stun (eturnal:stop_modules/1:368)
2022-08-23 17:24:17.680125+00:00 [debug] Calling mod_stats_influx:stop/1 (eturnal_module:stop/1:163)
2022-08-23 17:24:17.680236+00:00 [debug] Stopping mod_stats_influx (mod_stats_influx:stop/0:61)
2022-08-23 17:24:17.680310+00:00 [info] Stopped mod_stats_influx (eturnal:stop_modules/1:368)
2022-08-23 17:24:17.682826+00:00 [debug] Calling mod_stats_prometheus:stop/1 (eturnal_module:stop/1:163)
2022-08-23 17:24:17.682921+00:00 [debug] Stopping mod_stats_prometheus (mod_stats_prometheus:stop/0:110)
2022-08-23 17:24:17.683309+00:00 [info] Stopped mod_stats_prometheus (eturnal:stop_modules/1:368)
2022-08-23 17:24:17.684170+00:00 [debug] Removed run/cert.pem (eturnal:clean_run_dir/0:804)
2022-08-23 17:24:17.684334+00:00 [debug] Terminating eturnal_systemd (shutdown) (eturnal_systemd:terminate/2:135)
2022-08-23 17:24:17.684826+00:00 [notice] Stopping eturnal 1.10.1 on Erlang/OTP 25 (ERTS 13.0) (eturnal_app:stop/1:53)
