2022-07-16 11:04:07.065030+00:00 [notice] Starting eturnal 1.9.0 on Erlang/OTP 25 (ERTS 13.0) (eturnal_app:start/2:35)
2022-07-16 11:04:07.065249+00:00 [debug] Starting supervisor: eturnal_sup (eturnal_sup:start_link/0:32)
2022-07-16 11:04:07.065405+00:00 [debug] Configuring eturnal_sup supervisor: [#{id => systemd,
                                       start =>
                                           {eturnal_systemd,start_link,[]}},
                                     #{id => eturnal,
                                       start => {eturnal,start_link,[]}}] (eturnal_sup:init/0:40)
2022-07-16 11:04:07.067198+00:00 [info] Got no NOTIFY_SOCKET, notifications disabled (eturnal_systemd:init/1:95)
2022-07-16 11:04:07.067385+00:00 [debug] PROGRESS REPORT:
    supervisor: {local,eturnal_sup}
    started: [{pid,<0.930.0>},
              {id,systemd},
              {mfargs,{eturnal_systemd,start_link,[]}},
              {restart_type,permanent},
              {significant,false},
              {shutdown,5000},
              {child_type,worker}]
 (supervisor:report_progress/2:1557)
2022-07-16 11:04:07.067557+00:00 [info] Relay IPv4 address: 127.0.0.1 (port range: 49152-65535) (eturnal:log_relay_addresses/0:271)
2022-07-16 11:04:07.067676+00:00 [info] Relay IPv6 address not configured (eturnal:log_relay_addresses/0:281)
2022-07-16 11:04:07.081652+00:00 [info] Cannot determine control query port: noport (eturnal:log_control_listener/0:296)
2022-07-16 11:04:07.082073+00:00 [debug] Using run directory run (eturnal:ensure_run_dir/0:750)
2022-07-16 11:04:07.082187+00:00 [debug] TURN configuration seems fine (eturnal:check_turn_config/0:490)
2022-07-16 11:04:07.082409+00:00 [warning] TLS enabled without 'tls_crt_file', creating self-signed certificate (eturnal:check_pem_file/0:686)
2022-07-16 11:04:07.486798+00:00 [debug] Calling mod_log_stun:start/0 (eturnal_module:start/1:142)
2022-07-16 11:04:07.487153+00:00 [debug] Starting mod_log_stun (mod_log_stun:start/0:39)
2022-07-16 11:04:07.487697+00:00 [info] Started mod_log_stun (eturnal:start_modules/0:307)
2022-07-16 11:04:07.487799+00:00 [debug] Calling mod_stats_influx:start/0 (eturnal_module:start/1:142)
2022-07-16 11:04:07.487880+00:00 [debug] Starting mod_stats_influx (mod_stats_influx:start/0:38)
2022-07-16 11:04:07.491676+00:00 [debug] PROGRESS REPORT:
    application: ulitos
    started_at: nonode@nohost
 (application_controller:info_started/2:2107)
2022-07-16 11:04:07.496107+00:00 [debug] PROGRESS REPORT:
    application: poolboy
    started_at: nonode@nohost
 (application_controller:info_started/2:2107)
2022-07-16 11:04:07.497856+00:00 [info]     msg: Starting application: influx_udp (influx_udp_app:start/2:10)
2022-07-16 11:04:07.501099+00:00 [debug] PROGRESS REPORT:
    supervisor: {local,influx_udp_sup}
    started: [{pid,<0.952.0>},
              {id,influx_udp},
              {mfargs,{influx_udp,start_link,[]}},
              {restart_type,permanent},
              {significant,false},
              {shutdown,5000},
              {child_type,worker}]
 (supervisor:report_progress/2:1557)
2022-07-16 11:04:07.501286+00:00 [debug] PROGRESS REPORT:
    application: influx_udp
    started_at: nonode@nohost
 (application_controller:info_started/2:2107)
2022-07-16 11:04:07.501362+00:00 [debug] Dependency influx_udp was available already (eturnal_module:ensure_dep/2:283)
2022-07-16 11:04:07.504336+00:00 [info]     host: {127,0,0,1}
    msg: Start clients pool
    options: #{host => "localhost",max_overflow => 1,pool_size => 1,
               port => 8089} (influx_udp:start_pool_/2:239)
2022-07-16 11:04:07.516264+00:00 [info]     msg: Open UDP socket on port
    port: 36122 (influx_udp_worker:init/1:43)
2022-07-16 11:04:07.516529+00:00 [debug] PROGRESS REPORT:
    supervisor: {local,influx_udp_sup}
    started: [{pid,<0.955.0>},
              {id,stats_influx_pool},
              {mfargs,
                  {poolboy,start_link,
                      [[{name,{local,stats_influx_pool}},
                        {worker_module,influx_udp_worker},
                        {size,1},
                        {max_overflow,1}],
                       [{options,
                            #{host => {127,0,0,1},
                              max_overflow => 1,pool_size => 1,
                              port => 8089}}]]}},
              {restart_type,permanent},
              {significant,false},
              {shutdown,5000},
              {child_type,worker}]
 (supervisor:report_progress/2:1557)
2022-07-16 11:04:07.516705+00:00 [info] Started mod_stats_influx (eturnal:start_modules/0:307)
2022-07-16 11:04:07.516913+00:00 [debug] Starting listener 127.0.0.1:34780 (udp) with options:
[{use_turn,true},
 {auth_type,user},
 {turn_ipv4_address,{127,0,0,1}},
 {turn_min_port,49152},
 {turn_max_port,65535},
 {turn_max_allocations,10},
 {turn_max_permissions,10},
 {shaper,100000},
 {turn_blacklist,[{{10,0,0,0},8},
                  {{100,64,0,0},10},
                  {{127,0,0,0},8},
                  {{169,254,0,0},16},
                  {{172,16,0,0},12},
                  {{192,0,0,0},24},
                  {{192,0,2,0},24},
                  {{192,88,99,0},24},
                  {{192,168,0,0},16},
                  {{198,18,0,0},15},
                  {{198,51,100,0},24},
                  {{203,0,113,0},24},
                  {{224,0,0,0},4},
                  {{240,0,0,0},4},
                  {{0,0,0,0,0,0,0,1},128},
                  {{0,0,0,0,0,65535,0,0},96},
                  {{100,65435,0,0,0,0,0,0},96},
                  {{256,0,0,0,0,0,0,0},64},
                  {{8193,3512,0,0,0,0,0,0},32},
                  {{64512,0,0,0,0,0,0,0},7},
                  {{65152,0,0,0,0,0,0,0},10},
                  {{65280,0,0,0,0,0,0,0},8}]},
 {turn_whitelist,[{{127,0,0,1},32},
                  {{203,0,113,113},32},
                  {{8193,3512,0,0,0,0,0,0},64}]},
 {auth_realm,<<"eturnal.net">>},
 {server_name,<<"eturnal">>},
 {auth_fun,fun eturnal:get_password/2},
 {hook_fun,fun eturnal:run_hook/2}] (eturnal:start_listeners/0:340)
2022-07-16 11:04:07.530659+00:00 [info] Listening on 127.0.0.1:34780 (udp) (STUN/TURN) (eturnal:start_listeners/0:345)
2022-07-16 11:04:07.530855+00:00 [debug] Starting listener 127.0.0.1:34780 (tcp) with options:
[{use_turn,false},
 {auth_type,anonymous},
 {turn_ipv4_address,{127,0,0,1}},
 {turn_min_port,49152},
 {turn_max_port,65535},
 {turn_max_allocations,10},
 {turn_max_permissions,10},
 {shaper,100000},
 {turn_blacklist,[{{10,0,0,0},8},
                  {{100,64,0,0},10},
                  {{127,0,0,0},8},
                  {{169,254,0,0},16},
                  {{172,16,0,0},12},
                  {{192,0,0,0},24},
                  {{192,0,2,0},24},
                  {{192,88,99,0},24},
                  {{192,168,0,0},16},
                  {{198,18,0,0},15},
                  {{198,51,100,0},24},
                  {{203,0,113,0},24},
                  {{224,0,0,0},4},
                  {{240,0,0,0},4},
                  {{0,0,0,0,0,0,0,1},128},
                  {{0,0,0,0,0,65535,0,0},96},
                  {{100,65435,0,0,0,0,0,0},96},
                  {{256,0,0,0,0,0,0,0},64},
                  {{8193,3512,0,0,0,0,0,0},32},
                  {{64512,0,0,0,0,0,0,0},7},
                  {{65152,0,0,0,0,0,0,0},10},
                  {{65280,0,0,0,0,0,0,0},8}]},
 {turn_whitelist,[{{127,0,0,1},32},
                  {{203,0,113,113},32},
                  {{8193,3512,0,0,0,0,0,0},64}]},
 {auth_realm,<<"eturnal.net">>},
 {server_name,<<"eturnal">>},
 {auth_fun,fun eturnal:get_password/2},
 {hook_fun,fun eturnal:run_hook/2}] (eturnal:start_listeners/0:340)
2022-07-16 11:04:07.543352+00:00 [info] Listening on 127.0.0.1:34780 (tcp) (STUN only) (eturnal:start_listeners/0:345)
2022-07-16 11:04:07.543503+00:00 [debug] Starting listener 127.0.0.1:53490 (tls) with options:
[{use_turn,false},
 {auth_type,anonymous},
 {tls,true},
 {certfile,<<"run/cert.pem">>},
 {ciphers,<<"HIGH:!aNULL:@STRENGTH">>},
 {protocol_options,<<"no_tlsv1|no_tlsv1_1|cipher_server_preference">>},
 {turn_ipv4_address,{127,0,0,1}},
 {turn_min_port,49152},
 {turn_max_port,65535},
 {turn_max_allocations,10},
 {turn_max_permissions,10},
 {shaper,100000},
 {turn_blacklist,[{{10,0,0,0},8},
                  {{100,64,0,0},10},
                  {{127,0,0,0},8},
                  {{169,254,0,0},16},
                  {{172,16,0,0},12},
                  {{192,0,0,0},24},
                  {{192,0,2,0},24},
                  {{192,88,99,0},24},
                  {{192,168,0,0},16},
                  {{198,18,0,0},15},
                  {{198,51,100,0},24},
                  {{203,0,113,0},24},
                  {{224,0,0,0},4},
                  {{240,0,0,0},4},
                  {{0,0,0,0,0,0,0,1},128},
                  {{0,0,0,0,0,65535,0,0},96},
                  {{100,65435,0,0,0,0,0,0},96},
                  {{256,0,0,0,0,0,0,0},64},
                  {{8193,3512,0,0,0,0,0,0},32},
                  {{64512,0,0,0,0,0,0,0},7},
                  {{65152,0,0,0,0,0,0,0},10},
                  {{65280,0,0,0,0,0,0,0},8}]},
 {turn_whitelist,[{{127,0,0,1},32},
                  {{203,0,113,113},32},
                  {{8193,3512,0,0,0,0,0,0},64}]},
 {auth_realm,<<"eturnal.net">>},
 {server_name,<<"eturnal">>},
 {auth_fun,fun eturnal:get_password/2},
 {hook_fun,fun eturnal:run_hook/2}] (eturnal:start_listeners/0:340)
2022-07-16 11:04:07.544101+00:00 [info] Listening on 127.0.0.1:53490 (tls) (STUN only) (eturnal:start_listeners/0:345)
2022-07-16 11:04:07.544214+00:00 [debug] Starting listener 127.0.0.1:34781 (auto) with options:
[{use_turn,false},
 {auth_type,anonymous},
 {tls,optional},
 {certfile,<<"run/cert.pem">>},
 {ciphers,<<"HIGH:!aNULL:@STRENGTH">>},
 {protocol_options,<<"no_tlsv1|no_tlsv1_1|cipher_server_preference">>},
 {turn_ipv4_address,{127,0,0,1}},
 {turn_min_port,49152},
 {turn_max_port,65535},
 {turn_max_allocations,10},
 {turn_max_permissions,10},
 {shaper,100000},
 {turn_blacklist,[{{10,0,0,0},8},
                  {{100,64,0,0},10},
                  {{127,0,0,0},8},
                  {{169,254,0,0},16},
                  {{172,16,0,0},12},
                  {{192,0,0,0},24},
                  {{192,0,2,0},24},
                  {{192,88,99,0},24},
                  {{192,168,0,0},16},
                  {{198,18,0,0},15},
                  {{198,51,100,0},24},
                  {{203,0,113,0},24},
                  {{224,0,0,0},4},
                  {{240,0,0,0},4},
                  {{0,0,0,0,0,0,0,1},128},
                  {{0,0,0,0,0,65535,0,0},96},
                  {{100,65435,0,0,0,0,0,0},96},
                  {{256,0,0,0,0,0,0,0},64},
                  {{8193,3512,0,0,0,0,0,0},32},
                  {{64512,0,0,0,0,0,0,0},7},
                  {{65152,0,0,0,0,0,0,0},10},
                  {{65280,0,0,0,0,0,0,0},8}]},
 {turn_whitelist,[{{127,0,0,1},32},
                  {{203,0,113,113},32},
                  {{8193,3512,0,0,0,0,0,0},64}]},
 {auth_realm,<<"eturnal.net">>},
 {server_name,<<"eturnal">>},
 {auth_fun,fun eturnal:get_password/2},
 {hook_fun,fun eturnal:run_hook/2}] (eturnal:start_listeners/0:340)
2022-07-16 11:04:07.557188+00:00 [info] Listening on 127.0.0.1:34781 (auto) (STUN only) (eturnal:start_listeners/0:345)
2022-07-16 11:04:07.557324+00:00 [debug] Started 2 modules (eturnal:init/1:96)
2022-07-16 11:04:07.557402+00:00 [debug] Started 4 listeners (eturnal:init/1:97)
2022-07-16 11:04:07.557488+00:00 [debug] PROGRESS REPORT:
    supervisor: {local,eturnal_sup}
    started: [{pid,<0.932.0>},
              {id,eturnal},
              {mfargs,{eturnal,start_link,[]}},
              {restart_type,permanent},
              {significant,false},
              {shutdown,5000},
              {child_type,worker}]
 (supervisor:report_progress/2:1557)
2022-07-16 11:04:07.557596+00:00 [debug] No NOTIFY_SOCKET, dropping READY=1 notification (eturnal_systemd:handle_cast/2:109)
2022-07-16 11:04:07.557654+00:00 [debug] PROGRESS REPORT:
    application: eturnal
    started_at: nonode@nohost
 (application_controller:info_started/2:2107)
2022-07-16 11:04:07.557749+00:00 [debug] Watchdog interval is undefined, hibernating (eturnal_systemd:get_timeout/1:162)
2022-07-16 11:04:07.588914+00:00 [debug] Handling API call: get_info() (eturnal_ctl:get_info/0:135)
2022-07-16 11:04:07.589517+00:00 [debug] eturnal call (get_info) returned {ok,
                                  {eturnal_node_info,<<"1.9.0">>,
                                   {"25","13.0"},
                                   3563,0,138,117438960,1,41101312}} (eturnal_ctl:call/1:452)
2022-07-16 11:04:07.613634+00:00 [debug] Handling API call: get_sessions() (eturnal_ctl:get_sessions/0:106)
2022-07-16 11:04:07.638058+00:00 [debug] Handling API call: get_sessions("alice") (eturnal_ctl:get_sessions/1:116)
2022-07-16 11:04:07.638267+00:00 [debug] Handling API call: disconnect(alice) (eturnal_ctl:disconnect/1:184)
2022-07-16 11:04:07.638368+00:00 [debug] Cannot convert user name to binary: alice (eturnal_ctl:disconnect/1:194)
2022-07-16 11:04:07.665451+00:00 [debug] Handling API call: disconnect("alice") (eturnal_ctl:disconnect/1:184)
2022-07-16 11:04:07.665801+00:00 [debug] Handling API call: disconnect(alice) (eturnal_ctl:disconnect/1:184)
2022-07-16 11:04:07.665939+00:00 [debug] Cannot convert user name to binary: alice (eturnal_ctl:disconnect/1:194)
2022-07-16 11:04:07.691718+00:00 [debug] Handling API call: get_credentials("2009-10-30 11:00:00Z", []) (eturnal_ctl:get_credentials/2:60)
2022-07-16 11:04:07.691993+00:00 [debug] eturnal call ({get_password,<<"1256900400">>}) returned {ok,
                                                         <<"uEKlpcME7MNMMVRV8rUFPCTIFEs=">>} (eturnal_ctl:call/1:452)
2022-07-16 11:04:07.701480+00:00 [debug] Handling API call: get_credentials("86400", "alice") (eturnal_ctl:get_credentials/2:60)
2022-07-16 11:04:07.701759+00:00 [debug] eturnal call ({get_password,<<"1658055847:alice">>}) returned {ok,
                                                               <<"qFhIsz1VXVXgvF8hL1/EV+1uodc=">>} (eturnal_ctl:call/1:452)
2022-07-16 11:04:07.701946+00:00 [debug] Handling API call: get_password("1658055847:alice") (eturnal_ctl:get_password/1:79)
2022-07-16 11:04:07.702105+00:00 [debug] eturnal call ({get_password,<<"1658055847:alice">>}) returned {ok,
                                                               <<"qFhIsz1VXVXgvF8hL1/EV+1uodc=">>} (eturnal_ctl:call/1:452)
2022-07-16 11:04:07.702282+00:00 [debug] Handling API call: get_credentials("86400s", "alice") (eturnal_ctl:get_credentials/2:60)
2022-07-16 11:04:07.702449+00:00 [debug] eturnal call ({get_password,<<"1658055847:alice">>}) returned {ok,
                                                               <<"qFhIsz1VXVXgvF8hL1/EV+1uodc=">>} (eturnal_ctl:call/1:452)
2022-07-16 11:04:07.702564+00:00 [debug] Handling API call: get_password("1658055847:alice") (eturnal_ctl:get_password/1:79)
2022-07-16 11:04:07.702648+00:00 [debug] eturnal call ({get_password,<<"1658055847:alice">>}) returned {ok,
                                                               <<"qFhIsz1VXVXgvF8hL1/EV+1uodc=">>} (eturnal_ctl:call/1:452)
2022-07-16 11:04:07.702793+00:00 [debug] Handling API call: get_credentials("1440m", "alice") (eturnal_ctl:get_credentials/2:60)
2022-07-16 11:04:07.702895+00:00 [debug] eturnal call ({get_password,<<"1658055847:alice">>}) returned {ok,
                                                               <<"qFhIsz1VXVXgvF8hL1/EV+1uodc=">>} (eturnal_ctl:call/1:452)
2022-07-16 11:04:07.702982+00:00 [debug] Handling API call: get_password("1658055847:alice") (eturnal_ctl:get_password/1:79)
2022-07-16 11:04:07.703062+00:00 [debug] eturnal call ({get_password,<<"1658055847:alice">>}) returned {ok,
                                                               <<"qFhIsz1VXVXgvF8hL1/EV+1uodc=">>} (eturnal_ctl:call/1:452)
2022-07-16 11:04:07.703177+00:00 [debug] Handling API call: get_credentials("24h", "alice") (eturnal_ctl:get_credentials/2:60)
2022-07-16 11:04:07.703433+00:00 [debug] eturnal call ({get_password,<<"1658055847:alice">>}) returned {ok,
                                                               <<"qFhIsz1VXVXgvF8hL1/EV+1uodc=">>} (eturnal_ctl:call/1:452)
2022-07-16 11:04:07.703546+00:00 [debug] Handling API call: get_password("1658055847:alice") (eturnal_ctl:get_password/1:79)
2022-07-16 11:04:07.703640+00:00 [debug] eturnal call ({get_password,<<"1658055847:alice">>}) returned {ok,
                                                               <<"qFhIsz1VXVXgvF8hL1/EV+1uodc=">>} (eturnal_ctl:call/1:452)
2022-07-16 11:04:07.703762+00:00 [debug] Handling API call: get_credentials("1d", "alice") (eturnal_ctl:get_credentials/2:60)
2022-07-16 11:04:07.703861+00:00 [debug] eturnal call ({get_password,<<"1658055847:alice">>}) returned {ok,
                                                               <<"qFhIsz1VXVXgvF8hL1/EV+1uodc=">>} (eturnal_ctl:call/1:452)
2022-07-16 11:04:07.703961+00:00 [debug] Handling API call: get_password("1658055847:alice") (eturnal_ctl:get_password/1:79)
2022-07-16 11:04:07.704041+00:00 [debug] eturnal call ({get_password,<<"1658055847:alice">>}) returned {ok,
                                                               <<"qFhIsz1VXVXgvF8hL1/EV+1uodc=">>} (eturnal_ctl:call/1:452)
2022-07-16 11:04:07.704150+00:00 [debug] Handling API call: get_password("Invalid") (eturnal_ctl:get_password/1:79)
2022-07-16 11:04:07.704222+00:00 [debug] Invalid user name: Invalid (eturnal_ctl:get_password/1:93)
2022-07-16 11:04:07.704288+00:00 [debug] Handling API call: get_credentials("Invalid", []) (eturnal_ctl:get_credentials/2:60)
2022-07-16 11:04:07.704358+00:00 [debug] Invalid argument(s): "Invalid":[] (eturnal_ctl:get_credentials/2:73)
2022-07-16 11:04:07.704415+00:00 [debug] Handling API call: get_password(invalid) (eturnal_ctl:get_password/1:79)
2022-07-16 11:04:07.704470+00:00 [debug] Cannot convert user name to binary: invalid (eturnal_ctl:get_password/1:100)
2022-07-16 11:04:07.704526+00:00 [debug] Handling API call: get_credentials(invalid, []) (eturnal_ctl:get_credentials/2:60)
2022-07-16 11:04:07.704580+00:00 [debug] Invalid argument(s): invalid:[] (eturnal_ctl:get_credentials/2:73)
2022-07-16 11:04:07.704654+00:00 [debug] Handling API call: get_password([invalid]) (eturnal_ctl:get_password/1:79)
2022-07-16 11:04:07.704717+00:00 [debug] Cannot convert user name to binary: [invalid] (eturnal_ctl:get_password/1:100)
2022-07-16 11:04:07.704770+00:00 [debug] Handling API call: get_credentials([invalid], []) (eturnal_ctl:get_credentials/2:60)
2022-07-16 11:04:07.704829+00:00 [debug] Invalid argument(s): [invalid]:[] (eturnal_ctl:get_credentials/2:73)
2022-07-16 11:04:07.704971+00:00 [debug] Handling API call: get_credentials(1256900400, invalid) (eturnal_ctl:get_credentials/2:60)
2022-07-16 11:04:07.705110+00:00 [debug] Invalid argument(s): 1256900400:invalid (eturnal_ctl:get_credentials/2:73)
2022-07-16 11:04:07.731121+00:00 [debug] Handling API call: set_loglevel(debug) (eturnal_ctl:set_loglevel/1:165)
2022-07-16 11:04:07.731430+00:00 [debug] eturnal call ({set_loglevel,debug}) returned ok (eturnal_ctl:call/1:449)
2022-07-16 11:04:07.731843+00:00 [debug] Handling API call: get_loglevel() (eturnal_ctl:get_loglevel/0:155)
2022-07-16 11:04:07.731989+00:00 [debug] eturnal call (get_loglevel) returned {ok,debug} (eturnal_ctl:call/1:452)
2022-07-16 11:04:07.732217+00:00 [debug] Handling API call: set_loglevel(invalid) (eturnal_ctl:set_loglevel/1:165)
2022-07-16 11:04:07.732324+00:00 [debug] Invalid log level: invalid (eturnal_ctl:set_loglevel/1:175)
2022-07-16 11:04:07.732464+00:00 [debug] Handling API call: get_loglevel() (eturnal_ctl:get_loglevel/0:155)
2022-07-16 11:04:07.732552+00:00 [debug] eturnal call (get_loglevel) returned {ok,debug} (eturnal_ctl:call/1:452)
2022-07-16 11:04:07.760993+00:00 [debug] Handling API call: get_version() (eturnal_ctl:get_version/0:145)
2022-07-16 11:04:07.761211+00:00 [debug] eturnal call (get_version) returned {ok,<<"1.9.0">>} (eturnal_ctl:call/1:452)
2022-07-16 11:04:07.786599+00:00 [debug] Handling API call: reload() (eturnal_ctl:reload/0:200)
2022-07-16 11:04:07.788859+00:00 [debug] Calling mod_log_stun:options/0 (eturnal_module:options/1:191)
2022-07-16 11:04:07.789041+00:00 [debug] Calling mod_stats_influx:options/0 (eturnal_module:options/1:191)
2022-07-16 11:04:07.789795+00:00 [warning] TLS enabled without 'tls_crt_file', creating self-signed certificate (eturnal:check_pem_file/0:686)
2022-07-16 11:04:09.498669+00:00 [info] Using new TLS certificate (eturnal:handle_call/3:114)
2022-07-16 11:04:09.498919+00:00 [debug] Reloaded configuration (eturnal:handle_call/3:120)
2022-07-16 11:04:09.499024+00:00 [debug] eturnal call (reload) returned ok (eturnal_ctl:call/1:449)
2022-07-16 11:04:09.499280+00:00 [debug] Handling API call: reload() (eturnal_ctl:reload/0:200)
2022-07-16 11:04:09.501097+00:00 [debug] Calling mod_log_stun:options/0 (eturnal_module:options/1:191)
2022-07-16 11:04:09.501249+00:00 [debug] Calling mod_stats_influx:options/0 (eturnal_module:options/1:191)
2022-07-16 11:04:09.501892+00:00 [debug] Keeping PEM file (run/cert.pem) (eturnal:check_pem_file/0:683)
2022-07-16 11:04:09.501987+00:00 [debug] TLS certificate unchanged (eturnal:handle_call/3:116)
2022-07-16 11:04:09.502058+00:00 [debug] Reloaded configuration (eturnal:handle_call/3:120)
2022-07-16 11:04:09.502174+00:00 [debug] eturnal call (reload) returned ok (eturnal_ctl:call/1:449)
2022-07-16 11:04:09.527886+00:00 [info] Accepting connection: 127.0.0.1:48288 -> 127.0.0.1:34780 [TCP, session h37lx4mohgin] (stun_acceptor:accept/3:158)
2022-07-16 11:04:09.552581+00:00 [info] Accepting connection: 127.0.0.1:42650 -> 127.0.0.1:53490 [TLS, session 68ze0a4641uq] (stun_acceptor:accept/3:158)
2022-07-16 11:04:09.587921+00:00 [debug] Received:
#stun{class = request,method = 3,magic = 554869826,
      trid = 64794930259817823643876571839,raw = <<>>,unsupported = [],
      'ALTERNATE-SERVER' = undefined,'CHANNEL-NUMBER' = undefined,
      'DATA' = undefined,'DONT-FRAGMENT' = false,'ERROR-CODE' = undefined,
      'LIFETIME' = undefined,'MAPPED-ADDRESS' = undefined,
      'MESSAGE-INTEGRITY' = undefined,'NONCE' = undefined,'REALM' = undefined,
      'REQUESTED-ADDRESS-FAMILY' = undefined,
      'REQUESTED-TRANSPORT' = undefined,'SOFTWARE' = undefined,
      'UNKNOWN-ATTRIBUTES' = [],'USERNAME' = undefined,
      'XOR-MAPPED-ADDRESS' = undefined,'XOR-PEER-ADDRESS' = [],
      'XOR-RELAYED-ADDRESS' = undefined} (stun:udp_recv/5:111)
2022-07-16 11:04:09.588085+00:00 [debug] Sending:
#stun{class = error,method = 3,magic = 554869826,
      trid = 64794930259817823643876571839,raw = <<>>,unsupported = [],
      'ALTERNATE-SERVER' = undefined,'CHANNEL-NUMBER' = undefined,
      'DATA' = undefined,'DONT-FRAGMENT' = false,
      'ERROR-CODE' = {401,<<"Unauthorized">>},
      'LIFETIME' = undefined,'MAPPED-ADDRESS' = undefined,
      'MESSAGE-INTEGRITY' = undefined,'NONCE' = <<"1986721766">>,
      'REALM' = <<"eturnal.net">>,'REQUESTED-ADDRESS-FAMILY' = undefined,
      'REQUESTED-TRANSPORT' = undefined,'SOFTWARE' = <<"eturnal">>,
      'UNKNOWN-ATTRIBUTES' = [],'USERNAME' = undefined,
      'XOR-MAPPED-ADDRESS' = undefined,'XOR-PEER-ADDRESS' = [],
      'XOR-RELAYED-ADDRESS' = undefined} (stun:send/3:445)
2022-07-16 11:04:09.588371+00:00 [debug] Received:
#stun{class = request,method = 3,magic = 554869826,
      trid = 43105795123628126927874721778,
      raw = <<0,3,0,80,33,18,164,66,139,72,71,43,252,213,147,154,178,192,135,
              242,0,25,0,4,17,0,0,0,0,6,0,10,50,49,52,53,57,49,51,50,48,48,0,0,
              0,20,0,11,101,116,117,114,110,97,108,46,110,101,116,0,0,21,0,10,
              49,57,56,54,55,50,49,55,54,54,0,0>>,
      unsupported = [],'ALTERNATE-SERVER' = undefined,
      'CHANNEL-NUMBER' = undefined,'DATA' = undefined,'DONT-FRAGMENT' = false,
      'ERROR-CODE' = undefined,'LIFETIME' = undefined,
      'MAPPED-ADDRESS' = undefined,
      'MESSAGE-INTEGRITY' = <<200,154,152,206,252,212,34,194,187,49,243,43,146,
                              18,116,248,211,129,162,29>>,
      'NONCE' = <<"1986721766">>,'REALM' = <<"eturnal.net">>,
      'REQUESTED-ADDRESS-FAMILY' = undefined,'REQUESTED-TRANSPORT' = udp,
      'SOFTWARE' = undefined,'UNKNOWN-ATTRIBUTES' = [],
      'USERNAME' = <<"2145913200">>,'XOR-MAPPED-ADDRESS' = undefined,
      'XOR-PEER-ADDRESS' = [],'XOR-RELAYED-ADDRESS' = undefined} (stun:udp_recv/5:111)
2022-07-16 11:04:09.588491+00:00 [debug] Looking up password for: 2145913200 [UDP, session 78pw4rtjp46h, user 2145913200, client 127.0.0.1:57086] (eturnal:get_password/2:209)
2022-07-16 11:04:09.588546+00:00 [info] Accepting long-term STUN/TURN authentication [UDP, session 78pw4rtjp46h, user 2145913200, client 127.0.0.1:57086] (stun:process/2:249)
2022-07-16 11:04:09.591295+00:00 [debug] Running 'turn_session_start' hook [UDP, session 78pw4rtjp46h, user 2145913200, client 127.0.0.1:57086] (turn:run_hook/2:717)
2022-07-16 11:04:09.591367+00:00 [debug] Got 'turn_session_start' event [UDP, session 78pw4rtjp46h, user 2145913200, client 127.0.0.1:57086] (eturnal_module:handle_event/2:176)
2022-07-16 11:04:09.591586+00:00 [notice] Creating TURN allocation (lifetime: 600 seconds) [UDP, session 78pw4rtjp46h, user 2145913200, client 127.0.0.1:57086, relay 127.0.0.1:53776] (turn:wait_for_allocate/2:213)
2022-07-16 11:04:09.591686+00:00 [debug] Sending:
#stun{class = response,method = 3,magic = 554869826,
      trid = 43105795123628126927874721778,raw = <<>>,unsupported = [],
      'ALTERNATE-SERVER' = undefined,'CHANNEL-NUMBER' = undefined,
      'DATA' = undefined,'DONT-FRAGMENT' = false,'ERROR-CODE' = undefined,
      'LIFETIME' = 600,'MAPPED-ADDRESS' = undefined,
      'MESSAGE-INTEGRITY' = undefined,'NONCE' = undefined,'REALM' = undefined,
      'REQUESTED-ADDRESS-FAMILY' = undefined,
      'REQUESTED-TRANSPORT' = undefined,'SOFTWARE' = <<"eturnal">>,
      'UNKNOWN-ATTRIBUTES' = [],'USERNAME' = undefined,
      'XOR-MAPPED-ADDRESS' = {{127,0,0,1},57086},
      'XOR-PEER-ADDRESS' = [],
      'XOR-RELAYED-ADDRESS' = {{127,0,0,1},53776}} (turn:send/2:527)
2022-07-16 11:04:09.591940+00:00 [debug] Received:
#stun{class = request,method = 4,magic = 554869826,
      trid = 6569315844131530443187272296,
      raw = <<0,4,0,80,33,18,164,66,21,58,2,189,127,94,242,154,212,227,186,104,
              0,6,0,10,50,49,52,53,57,49,51,50,48,48,0,0,0,20,0,11,101,116,117,
              114,110,97,108,46,110,101,116,0,0,21,0,10,49,57,56,54,55,50,49,
              55,54,54,0,0,0,13,0,4,0,0,0,0>>,
      unsupported = [],'ALTERNATE-SERVER' = undefined,
      'CHANNEL-NUMBER' = undefined,'DATA' = undefined,'DONT-FRAGMENT' = false,
      'ERROR-CODE' = undefined,'LIFETIME' = 0,'MAPPED-ADDRESS' = undefined,
      'MESSAGE-INTEGRITY' = <<204,174,110,236,46,71,146,106,100,1,237,139,74,
                              218,44,107,50,135,220,168>>,
      'NONCE' = <<"1986721766">>,'REALM' = <<"eturnal.net">>,
      'REQUESTED-ADDRESS-FAMILY' = undefined,
      'REQUESTED-TRANSPORT' = undefined,'SOFTWARE' = undefined,
      'UNKNOWN-ATTRIBUTES' = [],'USERNAME' = <<"2145913200">>,
      'XOR-MAPPED-ADDRESS' = undefined,'XOR-PEER-ADDRESS' = [],
      'XOR-RELAYED-ADDRESS' = undefined} (stun:udp_recv/5:111)
2022-07-16 11:04:09.592053+00:00 [debug] Looking up password for: 2145913200 [UDP, session 9jkd3lqcq04z, user 2145913200, client 127.0.0.1:57086] (eturnal:get_password/2:209)
2022-07-16 11:04:09.592107+00:00 [info] Accepting long-term STUN/TURN authentication [UDP, session 9jkd3lqcq04z, user 2145913200, client 127.0.0.1:57086] (stun:process/2:249)
2022-07-16 11:04:09.592164+00:00 [info] Client requested closing the TURN session [UDP, session 78pw4rtjp46h, user 2145913200, client 127.0.0.1:57086, relay 127.0.0.1:53776] (turn:active/2:268)
2022-07-16 11:04:09.592225+00:00 [debug] Sending:
#stun{class = response,method = 4,magic = 554869826,
      trid = 6569315844131530443187272296,raw = <<>>,unsupported = [],
      'ALTERNATE-SERVER' = undefined,'CHANNEL-NUMBER' = undefined,
      'DATA' = undefined,'DONT-FRAGMENT' = false,'ERROR-CODE' = undefined,
      'LIFETIME' = 0,'MAPPED-ADDRESS' = undefined,
      'MESSAGE-INTEGRITY' = undefined,'NONCE' = undefined,'REALM' = undefined,
      'REQUESTED-ADDRESS-FAMILY' = undefined,
      'REQUESTED-TRANSPORT' = undefined,'SOFTWARE' = <<"eturnal">>,
      'UNKNOWN-ATTRIBUTES' = [],'USERNAME' = undefined,
      'XOR-MAPPED-ADDRESS' = undefined,'XOR-PEER-ADDRESS' = [],
      'XOR-RELAYED-ADDRESS' = undefined} (turn:send/2:527)
2022-07-16 11:04:09.592320+00:00 [info] Deleting TURN allocation [UDP, session 78pw4rtjp46h, user 2145913200, client 127.0.0.1:57086, relay 127.0.0.1:53776] (turn:terminate/3:460)
2022-07-16 11:04:09.592392+00:00 [notice] Relayed 0 KiB (in 0 B / 0 packets, out 0 B / 0 packets), duration: 0 seconds [UDP, session 78pw4rtjp46h, user 2145913200, client 127.0.0.1:57086, relay 127.0.0.1:53776] (turn:terminate/3:467)
2022-07-16 11:04:09.592447+00:00 [debug] Running 'turn_session_stop' hook [UDP, session 78pw4rtjp46h, user 2145913200, client 127.0.0.1:57086, relay 127.0.0.1:53776] (turn:run_hook/2:717)
2022-07-16 11:04:09.592499+00:00 [debug] Got 'turn_session_stop' event [UDP, session 78pw4rtjp46h, user 2145913200, client 127.0.0.1:57086, relay 127.0.0.1:53776] (eturnal_module:handle_event/2:176)
2022-07-16 11:04:09.592538+00:00 [debug] Calling mod_stats_influx:handle_event/2 [UDP, session 78pw4rtjp46h, user 2145913200, client 127.0.0.1:57086, relay 127.0.0.1:53776] (eturnal_module:handle_event/2:179)
2022-07-16 11:04:09.592579+00:00 [debug] Writing stats of TURN session 78pw4rtjp46h to InfluxDB [UDP, session 78pw4rtjp46h, user 2145913200, client 127.0.0.1:57086, relay 127.0.0.1:53776] (mod_stats_influx:on_turn_session_stop/1:81)
2022-07-16 11:04:09.617921+00:00 [debug] Received:
#stun{class = request,method = 1,magic = 554869826,
      trid = 52735149089144970589670744195,raw = <<>>,unsupported = [],
      'ALTERNATE-SERVER' = undefined,'CHANNEL-NUMBER' = undefined,
      'DATA' = undefined,'DONT-FRAGMENT' = false,'ERROR-CODE' = undefined,
      'LIFETIME' = undefined,'MAPPED-ADDRESS' = undefined,
      'MESSAGE-INTEGRITY' = undefined,'NONCE' = undefined,'REALM' = undefined,
      'REQUESTED-ADDRESS-FAMILY' = undefined,
      'REQUESTED-TRANSPORT' = undefined,'SOFTWARE' = undefined,
      'UNKNOWN-ATTRIBUTES' = [],'USERNAME' = undefined,
      'XOR-MAPPED-ADDRESS' = undefined,'XOR-PEER-ADDRESS' = [],
      'XOR-RELAYED-ADDRESS' = undefined} (stun:udp_recv/5:111)
2022-07-16 11:04:09.618029+00:00 [debug] Responding to STUN request [UDP, session mk8ad6er0dtr, anonymous, client 127.0.0.1:39807] (stun:process/4:312)
2022-07-16 11:04:09.618071+00:00 [debug] Running 'stun_query' hook [UDP, session mk8ad6er0dtr, anonymous, client 127.0.0.1:39807] (stun:run_hook/3:820)
2022-07-16 11:04:09.618110+00:00 [debug] Got 'stun_query' event [UDP, session mk8ad6er0dtr, anonymous, client 127.0.0.1:39807] (eturnal_module:handle_event/2:176)
2022-07-16 11:04:09.618152+00:00 [debug] Calling mod_log_stun:handle_event/2 [UDP, session mk8ad6er0dtr, anonymous, client 127.0.0.1:39807] (eturnal_module:handle_event/2:179)
2022-07-16 11:04:09.618190+00:00 [info] Responding to STUN request [UDP, session mk8ad6er0dtr, anonymous, client 127.0.0.1:39807] (mod_log_stun:handle_event/2:45)
2022-07-16 11:04:09.618232+00:00 [debug] Calling mod_stats_influx:handle_event/2 [UDP, session mk8ad6er0dtr, anonymous, client 127.0.0.1:39807] (eturnal_module:handle_event/2:179)
2022-07-16 11:04:09.618267+00:00 [debug] Writing STUN query event to InfluxDB [UDP, session mk8ad6er0dtr, anonymous, client 127.0.0.1:39807] (mod_stats_influx:on_stun_query/1:70)
2022-07-16 11:04:09.618457+00:00 [debug] Sending:
#stun{class = response,method = 1,magic = 554869826,
      trid = 52735149089144970589670744195,raw = <<>>,unsupported = [],
      'ALTERNATE-SERVER' = undefined,'CHANNEL-NUMBER' = undefined,
      'DATA' = undefined,'DONT-FRAGMENT' = false,'ERROR-CODE' = undefined,
      'LIFETIME' = undefined,'MAPPED-ADDRESS' = undefined,
      'MESSAGE-INTEGRITY' = undefined,'NONCE' = undefined,'REALM' = undefined,
      'REQUESTED-ADDRESS-FAMILY' = undefined,
      'REQUESTED-TRANSPORT' = undefined,'SOFTWARE' = <<"eturnal">>,
      'UNKNOWN-ATTRIBUTES' = [],'USERNAME' = undefined,
      'XOR-MAPPED-ADDRESS' = {{127,0,0,1},39807},
      'XOR-PEER-ADDRESS' = [],'XOR-RELAYED-ADDRESS' = undefined} (stun:send/3:445)
2022-07-16 11:04:09.643066+00:00 [info] Accepting connection: 127.0.0.1:48290 -> 127.0.0.1:34780 [TCP, session bkdczgrjf7or] (stun_acceptor:accept/3:158)
2022-07-16 11:04:09.643335+00:00 [debug] Received:
#stun{class = request,method = 1,magic = 554869826,
      trid = 47901848770741660449640299904,raw = <<>>,unsupported = [],
      'ALTERNATE-SERVER' = undefined,'CHANNEL-NUMBER' = undefined,
      'DATA' = undefined,'DONT-FRAGMENT' = false,'ERROR-CODE' = undefined,
      'LIFETIME' = undefined,'MAPPED-ADDRESS' = undefined,
      'MESSAGE-INTEGRITY' = undefined,'NONCE' = undefined,'REALM' = undefined,
      'REQUESTED-ADDRESS-FAMILY' = undefined,
      'REQUESTED-TRANSPORT' = undefined,'SOFTWARE' = undefined,
      'UNKNOWN-ATTRIBUTES' = [],'USERNAME' = undefined,
      'XOR-MAPPED-ADDRESS' = undefined,'XOR-PEER-ADDRESS' = [],
      'XOR-RELAYED-ADDRESS' = undefined} (stun:process_data/3:404)
2022-07-16 11:04:09.643447+00:00 [debug] Responding to STUN request [TCP, session bkdczgrjf7or, anonymous, client 127.0.0.1:48290] (stun:process/4:312)
2022-07-16 11:04:09.643504+00:00 [debug] Running 'stun_query' hook [TCP, session bkdczgrjf7or, anonymous, client 127.0.0.1:48290] (stun:run_hook/3:820)
2022-07-16 11:04:09.643620+00:00 [debug] Got 'stun_query' event [TCP, session bkdczgrjf7or, anonymous, client 127.0.0.1:48290] (eturnal_module:handle_event/2:176)
2022-07-16 11:04:09.643660+00:00 [debug] Calling mod_log_stun:handle_event/2 [TCP, session bkdczgrjf7or, anonymous, client 127.0.0.1:48290] (eturnal_module:handle_event/2:179)
2022-07-16 11:04:09.643730+00:00 [info] Responding to STUN request [TCP, session bkdczgrjf7or, anonymous, client 127.0.0.1:48290] (mod_log_stun:handle_event/2:45)
2022-07-16 11:04:09.643777+00:00 [debug] Calling mod_stats_influx:handle_event/2 [TCP, session bkdczgrjf7or, anonymous, client 127.0.0.1:48290] (eturnal_module:handle_event/2:179)
2022-07-16 11:04:09.643823+00:00 [debug] Writing STUN query event to InfluxDB [TCP, session bkdczgrjf7or, anonymous, client 127.0.0.1:48290] (mod_stats_influx:on_stun_query/1:70)
2022-07-16 11:04:09.644067+00:00 [debug] Sending:
#stun{class = response,method = 1,magic = 554869826,
      trid = 47901848770741660449640299904,raw = <<>>,unsupported = [],
      'ALTERNATE-SERVER' = undefined,'CHANNEL-NUMBER' = undefined,
      'DATA' = undefined,'DONT-FRAGMENT' = false,'ERROR-CODE' = undefined,
      'LIFETIME' = undefined,'MAPPED-ADDRESS' = undefined,
      'MESSAGE-INTEGRITY' = undefined,'NONCE' = undefined,'REALM' = undefined,
      'REQUESTED-ADDRESS-FAMILY' = undefined,
      'REQUESTED-TRANSPORT' = undefined,'SOFTWARE' = <<"P1 STUN library">>,
      'UNKNOWN-ATTRIBUTES' = [],'USERNAME' = undefined,
      'XOR-MAPPED-ADDRESS' = {{127,0,0,1},48290},
      'XOR-PEER-ADDRESS' = [],'XOR-RELAYED-ADDRESS' = undefined} (stun:send/3:445)
2022-07-16 11:04:09.644304+00:00 [info] Connection reset by peer [TCP, session bkdczgrjf7or, anonymous, client 127.0.0.1:48290] (stun:handle_info/3:170)
2022-07-16 11:04:09.668040+00:00 [info] Accepting connection: 127.0.0.1:42652 -> 127.0.0.1:53490 [TLS, session kmmqbyxu9i5g] (stun_acceptor:accept/3:158)
2022-07-16 11:04:09.776102+00:00 [debug] Received:
#stun{class = request,method = 1,magic = 554869826,
      trid = 62407135612964962330756166250,raw = <<>>,unsupported = [],
      'ALTERNATE-SERVER' = undefined,'CHANNEL-NUMBER' = undefined,
      'DATA' = undefined,'DONT-FRAGMENT' = false,'ERROR-CODE' = undefined,
      'LIFETIME' = undefined,'MAPPED-ADDRESS' = undefined,
      'MESSAGE-INTEGRITY' = undefined,'NONCE' = undefined,'REALM' = undefined,
      'REQUESTED-ADDRESS-FAMILY' = undefined,
      'REQUESTED-TRANSPORT' = undefined,'SOFTWARE' = undefined,
      'UNKNOWN-ATTRIBUTES' = [],'USERNAME' = undefined,
      'XOR-MAPPED-ADDRESS' = undefined,'XOR-PEER-ADDRESS' = [],
      'XOR-RELAYED-ADDRESS' = undefined} (stun:process_data/3:404)
2022-07-16 11:04:09.776283+00:00 [debug] Responding to STUN request [TLS, session kmmqbyxu9i5g, anonymous, client 127.0.0.1:42652] (stun:process/4:312)
2022-07-16 11:04:09.776353+00:00 [debug] Running 'stun_query' hook [TLS, session kmmqbyxu9i5g, anonymous, client 127.0.0.1:42652] (stun:run_hook/3:820)
2022-07-16 11:04:09.776420+00:00 [debug] Got 'stun_query' event [TLS, session kmmqbyxu9i5g, anonymous, client 127.0.0.1:42652] (eturnal_module:handle_event/2:176)
2022-07-16 11:04:09.776471+00:00 [debug] Calling mod_log_stun:handle_event/2 [TLS, session kmmqbyxu9i5g, anonymous, client 127.0.0.1:42652] (eturnal_module:handle_event/2:179)
2022-07-16 11:04:09.776528+00:00 [info] Responding to STUN request [TLS, session kmmqbyxu9i5g, anonymous, client 127.0.0.1:42652] (mod_log_stun:handle_event/2:45)
2022-07-16 11:04:09.776574+00:00 [debug] Calling mod_stats_influx:handle_event/2 [TLS, session kmmqbyxu9i5g, anonymous, client 127.0.0.1:42652] (eturnal_module:handle_event/2:179)
2022-07-16 11:04:09.776619+00:00 [debug] Writing STUN query event to InfluxDB [TLS, session kmmqbyxu9i5g, anonymous, client 127.0.0.1:42652] (mod_stats_influx:on_stun_query/1:70)
2022-07-16 11:04:09.776851+00:00 [debug] Sending:
#stun{class = response,method = 1,magic = 554869826,
      trid = 62407135612964962330756166250,raw = <<>>,unsupported = [],
      'ALTERNATE-SERVER' = undefined,'CHANNEL-NUMBER' = undefined,
      'DATA' = undefined,'DONT-FRAGMENT' = false,'ERROR-CODE' = undefined,
      'LIFETIME' = undefined,'MAPPED-ADDRESS' = undefined,
      'MESSAGE-INTEGRITY' = undefined,'NONCE' = undefined,'REALM' = undefined,
      'REQUESTED-ADDRESS-FAMILY' = undefined,
      'REQUESTED-TRANSPORT' = undefined,'SOFTWARE' = <<"P1 STUN library">>,
      'UNKNOWN-ATTRIBUTES' = [],'USERNAME' = undefined,
      'XOR-MAPPED-ADDRESS' = {{127,0,0,1},42652},
      'XOR-PEER-ADDRESS' = [],'XOR-RELAYED-ADDRESS' = undefined} (stun:send/3:445)
2022-07-16 11:04:09.777199+00:00 [info] Connection reset by peer [TLS, session kmmqbyxu9i5g, anonymous, client 127.0.0.1:42652] (stun:handle_info/3:170)
2022-07-16 11:04:09.805933+00:00 [info] Accepting connection: 127.0.0.1:60000 -> 127.0.0.1:34781 [TCP|TLS, session 9dgeyptul6or] (stun_acceptor:accept/3:158)
2022-07-16 11:04:09.806070+00:00 [debug] Determined transport protocol: TCP (stun:is_tls_handshake/1:768)
2022-07-16 11:04:09.806361+00:00 [debug] Received:
#stun{class = request,method = 1,magic = 554869826,
      trid = 41473103170871616268490995824,raw = <<>>,unsupported = [],
      'ALTERNATE-SERVER' = undefined,'CHANNEL-NUMBER' = undefined,
      'DATA' = undefined,'DONT-FRAGMENT' = false,'ERROR-CODE' = undefined,
      'LIFETIME' = undefined,'MAPPED-ADDRESS' = undefined,
      'MESSAGE-INTEGRITY' = undefined,'NONCE' = undefined,'REALM' = undefined,
      'REQUESTED-ADDRESS-FAMILY' = undefined,
      'REQUESTED-TRANSPORT' = undefined,'SOFTWARE' = undefined,
      'UNKNOWN-ATTRIBUTES' = [],'USERNAME' = undefined,
      'XOR-MAPPED-ADDRESS' = undefined,'XOR-PEER-ADDRESS' = [],
      'XOR-RELAYED-ADDRESS' = undefined} (stun:process_data/3:404)
2022-07-16 11:04:09.806470+00:00 [debug] Responding to STUN request [TCP, session 9dgeyptul6or, anonymous, client 127.0.0.1:60000] (stun:process/4:312)
2022-07-16 11:04:09.806509+00:00 [debug] Running 'stun_query' hook [TCP, session 9dgeyptul6or, anonymous, client 127.0.0.1:60000] (stun:run_hook/3:820)
2022-07-16 11:04:09.806547+00:00 [debug] Got 'stun_query' event [TCP, session 9dgeyptul6or, anonymous, client 127.0.0.1:60000] (eturnal_module:handle_event/2:176)
2022-07-16 11:04:09.806575+00:00 [debug] Calling mod_log_stun:handle_event/2 [TCP, session 9dgeyptul6or, anonymous, client 127.0.0.1:60000] (eturnal_module:handle_event/2:179)
2022-07-16 11:04:09.806606+00:00 [info] Responding to STUN request [TCP, session 9dgeyptul6or, anonymous, client 127.0.0.1:60000] (mod_log_stun:handle_event/2:45)
2022-07-16 11:04:09.806634+00:00 [debug] Calling mod_stats_influx:handle_event/2 [TCP, session 9dgeyptul6or, anonymous, client 127.0.0.1:60000] (eturnal_module:handle_event/2:179)
2022-07-16 11:04:09.806659+00:00 [debug] Writing STUN query event to InfluxDB [TCP, session 9dgeyptul6or, anonymous, client 127.0.0.1:60000] (mod_stats_influx:on_stun_query/1:70)
2022-07-16 11:04:09.806861+00:00 [debug] Sending:
#stun{class = response,method = 1,magic = 554869826,
      trid = 41473103170871616268490995824,raw = <<>>,unsupported = [],
      'ALTERNATE-SERVER' = undefined,'CHANNEL-NUMBER' = undefined,
      'DATA' = undefined,'DONT-FRAGMENT' = false,'ERROR-CODE' = undefined,
      'LIFETIME' = undefined,'MAPPED-ADDRESS' = undefined,
      'MESSAGE-INTEGRITY' = undefined,'NONCE' = undefined,'REALM' = undefined,
      'REQUESTED-ADDRESS-FAMILY' = undefined,
      'REQUESTED-TRANSPORT' = undefined,'SOFTWARE' = <<"P1 STUN library">>,
      'UNKNOWN-ATTRIBUTES' = [],'USERNAME' = undefined,
      'XOR-MAPPED-ADDRESS' = {{127,0,0,1},60000},
      'XOR-PEER-ADDRESS' = [],'XOR-RELAYED-ADDRESS' = undefined} (stun:send/3:445)
2022-07-16 11:04:09.807072+00:00 [info] Connection reset by peer [TCP, session 9dgeyptul6or, anonymous, client 127.0.0.1:60000] (stun:handle_info/3:170)
2022-07-16 11:04:09.831393+00:00 [info] Accepting connection: 127.0.0.1:60002 -> 127.0.0.1:34781 [TCP|TLS, session ywbz2s9ihjdt] (stun_acceptor:accept/3:158)
2022-07-16 11:04:09.831624+00:00 [debug] Determined transport protocol: TLS (stun:is_tls_handshake/1:765)
2022-07-16 11:04:09.940310+00:00 [debug] Received:
#stun{class = request,method = 1,magic = 554869826,
      trid = 67193946701513581859944849029,raw = <<>>,unsupported = [],
      'ALTERNATE-SERVER' = undefined,'CHANNEL-NUMBER' = undefined,
      'DATA' = undefined,'DONT-FRAGMENT' = false,'ERROR-CODE' = undefined,
      'LIFETIME' = undefined,'MAPPED-ADDRESS' = undefined,
      'MESSAGE-INTEGRITY' = undefined,'NONCE' = undefined,'REALM' = undefined,
      'REQUESTED-ADDRESS-FAMILY' = undefined,
      'REQUESTED-TRANSPORT' = undefined,'SOFTWARE' = undefined,
      'UNKNOWN-ATTRIBUTES' = [],'USERNAME' = undefined,
      'XOR-MAPPED-ADDRESS' = undefined,'XOR-PEER-ADDRESS' = [],
      'XOR-RELAYED-ADDRESS' = undefined} (stun:process_data/3:404)
2022-07-16 11:04:09.940501+00:00 [debug] Responding to STUN request [TLS, session ywbz2s9ihjdt, anonymous, client 127.0.0.1:60002] (stun:process/4:312)
2022-07-16 11:04:09.940554+00:00 [debug] Running 'stun_query' hook [TLS, session ywbz2s9ihjdt, anonymous, client 127.0.0.1:60002] (stun:run_hook/3:820)
2022-07-16 11:04:09.940611+00:00 [debug] Got 'stun_query' event [TLS, session ywbz2s9ihjdt, anonymous, client 127.0.0.1:60002] (eturnal_module:handle_event/2:176)
2022-07-16 11:04:09.940657+00:00 [debug] Calling mod_log_stun:handle_event/2 [TLS, session ywbz2s9ihjdt, anonymous, client 127.0.0.1:60002] (eturnal_module:handle_event/2:179)
2022-07-16 11:04:09.940704+00:00 [info] Responding to STUN request [TLS, session ywbz2s9ihjdt, anonymous, client 127.0.0.1:60002] (mod_log_stun:handle_event/2:45)
2022-07-16 11:04:09.940741+00:00 [debug] Calling mod_stats_influx:handle_event/2 [TLS, session ywbz2s9ihjdt, anonymous, client 127.0.0.1:60002] (eturnal_module:handle_event/2:179)
2022-07-16 11:04:09.940784+00:00 [debug] Writing STUN query event to InfluxDB [TLS, session ywbz2s9ihjdt, anonymous, client 127.0.0.1:60002] (mod_stats_influx:on_stun_query/1:70)
2022-07-16 11:04:09.941060+00:00 [debug] Sending:
#stun{class = response,method = 1,magic = 554869826,
      trid = 67193946701513581859944849029,raw = <<>>,unsupported = [],
      'ALTERNATE-SERVER' = undefined,'CHANNEL-NUMBER' = undefined,
      'DATA' = undefined,'DONT-FRAGMENT' = false,'ERROR-CODE' = undefined,
      'LIFETIME' = undefined,'MAPPED-ADDRESS' = undefined,
      'MESSAGE-INTEGRITY' = undefined,'NONCE' = undefined,'REALM' = undefined,
      'REQUESTED-ADDRESS-FAMILY' = undefined,
      'REQUESTED-TRANSPORT' = undefined,'SOFTWARE' = <<"P1 STUN library">>,
      'UNKNOWN-ATTRIBUTES' = [],'USERNAME' = undefined,
      'XOR-MAPPED-ADDRESS' = {{127,0,0,1},60002},
      'XOR-PEER-ADDRESS' = [],'XOR-RELAYED-ADDRESS' = undefined} (stun:send/3:445)
2022-07-16 11:04:09.941447+00:00 [info] Connection reset by peer [TLS, session ywbz2s9ihjdt, anonymous, client 127.0.0.1:60002] (stun:handle_info/3:170)
2022-07-16 11:04:09.968605+00:00 [debug] No NOTIFY_SOCKET, dropping STOPPING=1 notification (eturnal_systemd:handle_cast/2:109)
2022-07-16 11:04:09.968749+00:00 [debug] Watchdog interval is undefined, hibernating (eturnal_systemd:get_timeout/1:162)
2022-07-16 11:04:09.968912+00:00 [debug] Terminating eturnal (shutdown) (eturnal:terminate/2:174)
2022-07-16 11:04:09.969261+00:00 [info] Stopped listening on 127.0.0.1:34780 (udp) (eturnal:stop_listeners/1:361)
2022-07-16 11:04:09.969489+00:00 [info] Stopped listening on 127.0.0.1:34780 (tcp) (eturnal:stop_listeners/1:361)
2022-07-16 11:04:09.969681+00:00 [info] Stopped listening on 127.0.0.1:53490 (tls) (eturnal:stop_listeners/1:361)
2022-07-16 11:04:09.969894+00:00 [info] Stopped listening on 127.0.0.1:34781 (auto) (eturnal:stop_listeners/1:361)
2022-07-16 11:04:09.970572+00:00 [debug] Calling mod_log_stun:stop/1 (eturnal_module:stop/1:162)
2022-07-16 11:04:09.970932+00:00 [debug] Stopping mod_log_stun (mod_log_stun:stop/0:50)
2022-07-16 11:04:09.971064+00:00 [info] Stopped mod_log_stun (eturnal:stop_modules/1:320)
2022-07-16 11:04:09.972390+00:00 [debug] Calling mod_stats_influx:stop/1 (eturnal_module:stop/1:162)
2022-07-16 11:04:09.972508+00:00 [debug] Stopping mod_stats_influx (mod_stats_influx:stop/0:55)
2022-07-16 11:04:09.972863+00:00 [info] Stopped mod_stats_influx (eturnal:stop_modules/1:320)
2022-07-16 11:04:09.973288+00:00 [debug] Removed run/cert.pem (eturnal:clean_run_dir/0:762)
2022-07-16 11:04:09.973453+00:00 [debug] Terminating eturnal_systemd (shutdown) (eturnal_systemd:terminate/2:136)
2022-07-16 11:04:09.974136+00:00 [notice] Stopping eturnal 1.9.0 on Erlang/OTP 25 (ERTS 13.0) (eturnal_app:stop/1:54)
