2022-03-07 18:28:35.464780+00:00 [notice] Starting eturnal 1.8.2 on Erlang/OTP 24 (ERTS 12.2) (eturnal_app:start/2:35)
2022-03-07 18:28:35.465007+00:00 [debug] Starting supervisor: eturnal_sup (eturnal_sup:start_link/0:32)
2022-03-07 18:28:35.465151+00:00 [debug] Configuring eturnal_sup supervisor: [#{id => systemd,
                                       start =>
                                           {eturnal_systemd,start_link,[]}},
                                     #{id => eturnal,
                                       start => {eturnal,start_link,[]}}] (eturnal_sup:init/0:40)
2022-03-07 18:28:35.466382+00:00 [info] Got no NOTIFY_SOCKET, notifications disabled (eturnal_systemd:init/1:95)
2022-03-07 18:28:35.466551+00:00 [debug] PROGRESS REPORT:
    supervisor: {local,eturnal_sup}
    started: [{pid,<0.704.0>},
              {id,systemd},
              {mfargs,{eturnal_systemd,start_link,[]}},
              {restart_type,permanent},
              {significant,false},
              {shutdown,5000},
              {child_type,worker}]
 (supervisor:report_progress/2:1562)
2022-03-07 18:28:35.466698+00:00 [info] Relay IPv4 address: 127.0.0.1 (port range: 49152-65535) (eturnal:log_relay_addresses/0:287)
2022-03-07 18:28:35.466789+00:00 [info] Relay IPv6 address not configured (eturnal:log_relay_addresses/0:297)
2022-03-07 18:28:35.479826+00:00 [info] Cannot determine control query port: noport (eturnal:log_control_listener/0:312)
2022-03-07 18:28:35.480017+00:00 [debug] TURN configuration seems fine (eturnal:check_turn_config/1:520)
2022-03-07 18:28:35.480313+00:00 [debug] Using run directory run (eturnal:ensure_run_dir/0:712)
2022-03-07 18:28:35.480513+00:00 [warning] TLS enabled without 'tls_crt_file', creating self-signed certificate (eturnal:check_pem_file/0:643)
2022-03-07 18:28:36.004964+00:00 [debug] Calling mod_log_stun:start/0 (eturnal_module:start/1:142)
2022-03-07 18:28:36.005231+00:00 [debug] Starting mod_log_stun (mod_log_stun:start/0:39)
2022-03-07 18:28:36.005407+00:00 [info] Started mod_log_stun (eturnal:start_modules/0:323)
2022-03-07 18:28:36.005488+00:00 [debug] Calling mod_stats_influx:start/0 (eturnal_module:start/1:142)
2022-03-07 18:28:36.005561+00:00 [debug] Starting mod_stats_influx (mod_stats_influx:start/0:38)
2022-03-07 18:28:36.007365+00:00 [debug] PROGRESS REPORT:
    application: ulitos
    started_at: nonode@nohost
 (application_controller:info_started/2:2107)
2022-03-07 18:28:36.012943+00:00 [debug] PROGRESS REPORT:
    application: poolboy
    started_at: nonode@nohost
 (application_controller:info_started/2:2107)
2022-03-07 18:28:36.014133+00:00 [info]     msg: Starting application: influx_udp (influx_udp_app:start/2:10)
2022-03-07 18:28:36.016632+00:00 [debug] PROGRESS REPORT:
    supervisor: {local,influx_udp_sup}
    started: [{pid,<0.726.0>},
              {id,influx_udp},
              {mfargs,{influx_udp,start_link,[]}},
              {restart_type,permanent},
              {significant,false},
              {shutdown,5000},
              {child_type,worker}]
 (supervisor:report_progress/2:1562)
2022-03-07 18:28:36.018519+00:00 [debug] Dependency influx_udp was available already (eturnal_module:ensure_dep/2:283)
2022-03-07 18:28:36.018509+00:00 [debug] PROGRESS REPORT:
    application: influx_udp
    started_at: nonode@nohost
 (application_controller:info_started/2:2107)
2022-03-07 18:28:36.020737+00:00 [info]     host: {127,0,0,1}
    msg: Start clients pool
    options: #{host => "localhost",max_overflow => 1,pool_size => 1,
               port => 8089} (influx_udp:start_pool_/2:239)
2022-03-07 18:28:36.032686+00:00 [info]     msg: Open UDP socket on port
    port: 54958 (influx_udp_worker:init/1:43)
2022-03-07 18:28:36.032869+00:00 [debug] PROGRESS REPORT:
    supervisor: {local,influx_udp_sup}
    started: [{pid,<0.729.0>},
              {id,stats_influx_pool},
              {mfargs,
                  {poolboy,start_link,
                      [[{name,{local,stats_influx_pool}},
                        {worker_module,influx_udp_worker},
                        {size,1},
                        {max_overflow,1}],
                       [{options,
                            #{host => {127,0,0,1},
                              max_overflow => 1,pool_size => 1,
                              port => 8089}}]]}},
              {restart_type,permanent},
              {significant,false},
              {shutdown,5000},
              {child_type,worker}]
 (supervisor:report_progress/2:1562)
2022-03-07 18:28:36.033027+00:00 [info] Started mod_stats_influx (eturnal:start_modules/0:323)
2022-03-07 18:28:36.033116+00:00 [debug] Started 2 modules (eturnal:init/1:113)
2022-03-07 18:28:36.033188+00:00 [debug] Starting listener 127.0.0.1:34780 (udp) with options:
[{use_turn,true},
 {auth_type,user},
 {turn_ipv4_address,{127,0,0,1}},
 {turn_min_port,49152},
 {turn_max_port,65535},
 {turn_max_allocations,10},
 {turn_max_permissions,10},
 {shaper,100000},
 {turn_blacklist,[{{203,0,113,0},24},{{8193,3512,0,0,0,0,0,0},32}]},
 {turn_whitelist,[{{203,0,113,113},32},{{8193,3512,0,0,0,0,0,0},64}]},
 {auth_realm,<<"eturnal.net">>},
 {server_name,<<"eturnal">>},
 {auth_fun,fun eturnal:get_password/2},
 {hook_fun,fun eturnal:run_hook/2}] (eturnal:start_listeners/0:367)
2022-03-07 18:28:36.033517+00:00 [info] Listening on 127.0.0.1:34780 (udp) (STUN/TURN) (eturnal:start_listeners/0:372)
2022-03-07 18:28:36.033977+00:00 [debug] Starting listener 127.0.0.1:34780 (tcp) with options:
[{use_turn,false},
 {auth_type,anonymous},
 {turn_ipv4_address,{127,0,0,1}},
 {turn_min_port,49152},
 {turn_max_port,65535},
 {turn_max_allocations,10},
 {turn_max_permissions,10},
 {shaper,100000},
 {turn_blacklist,[{{203,0,113,0},24},{{8193,3512,0,0,0,0,0,0},32}]},
 {turn_whitelist,[{{203,0,113,113},32},{{8193,3512,0,0,0,0,0,0},64}]},
 {auth_realm,<<"eturnal.net">>},
 {server_name,<<"eturnal">>},
 {auth_fun,fun eturnal:get_password/2},
 {hook_fun,fun eturnal:run_hook/2}] (eturnal:start_listeners/0:367)
2022-03-07 18:28:36.046281+00:00 [info] Listening on 127.0.0.1:34780 (tcp) (STUN only) (eturnal:start_listeners/0:372)
2022-03-07 18:28:36.046457+00:00 [debug] Starting listener 127.0.0.1:53490 (tls) with options:
[{use_turn,false},
 {auth_type,anonymous},
 {tls,true},
 {certfile,<<"run/cert.pem">>},
 {ciphers,<<"HIGH:!aNULL:@STRENGTH">>},
 {protocol_options,<<"no_tlsv1|no_tlsv1_1|cipher_server_preference">>},
 {turn_ipv4_address,{127,0,0,1}},
 {turn_min_port,49152},
 {turn_max_port,65535},
 {turn_max_allocations,10},
 {turn_max_permissions,10},
 {shaper,100000},
 {turn_blacklist,[{{203,0,113,0},24},{{8193,3512,0,0,0,0,0,0},32}]},
 {turn_whitelist,[{{203,0,113,113},32},{{8193,3512,0,0,0,0,0,0},64}]},
 {auth_realm,<<"eturnal.net">>},
 {server_name,<<"eturnal">>},
 {auth_fun,fun eturnal:get_password/2},
 {hook_fun,fun eturnal:run_hook/2}] (eturnal:start_listeners/0:367)
2022-03-07 18:28:36.046996+00:00 [info] Listening on 127.0.0.1:53490 (tls) (STUN only) (eturnal:start_listeners/0:372)
2022-03-07 18:28:36.047289+00:00 [debug] Starting listener 127.0.0.1:34781 (auto) with options:
[{use_turn,false},
 {auth_type,anonymous},
 {tls,optional},
 {certfile,<<"run/cert.pem">>},
 {ciphers,<<"HIGH:!aNULL:@STRENGTH">>},
 {protocol_options,<<"no_tlsv1|no_tlsv1_1|cipher_server_preference">>},
 {turn_ipv4_address,{127,0,0,1}},
 {turn_min_port,49152},
 {turn_max_port,65535},
 {turn_max_allocations,10},
 {turn_max_permissions,10},
 {shaper,100000},
 {turn_blacklist,[{{203,0,113,0},24},{{8193,3512,0,0,0,0,0,0},32}]},
 {turn_whitelist,[{{203,0,113,113},32},{{8193,3512,0,0,0,0,0,0},64}]},
 {auth_realm,<<"eturnal.net">>},
 {server_name,<<"eturnal">>},
 {auth_fun,fun eturnal:get_password/2},
 {hook_fun,fun eturnal:run_hook/2}] (eturnal:start_listeners/0:367)
2022-03-07 18:28:36.066702+00:00 [info] Listening on 127.0.0.1:34781 (auto) (STUN only) (eturnal:start_listeners/0:372)
2022-03-07 18:28:36.066849+00:00 [debug] Started 4 listeners (eturnal:init/1:121)
2022-03-07 18:28:36.066931+00:00 [debug] PROGRESS REPORT:
    supervisor: {local,eturnal_sup}
    started: [{pid,<0.706.0>},
              {id,eturnal},
              {mfargs,{eturnal,start_link,[]}},
              {restart_type,permanent},
              {significant,false},
              {shutdown,5000},
              {child_type,worker}]
 (supervisor:report_progress/2:1562)
2022-03-07 18:28:36.067029+00:00 [debug] No NOTIFY_SOCKET, dropping READY=1 notification (eturnal_systemd:handle_cast/2:109)
2022-03-07 18:28:36.067097+00:00 [debug] PROGRESS REPORT:
    application: eturnal
    started_at: nonode@nohost
 (application_controller:info_started/2:2107)
2022-03-07 18:28:36.067152+00:00 [debug] Watchdog interval is undefined, hibernating (eturnal_systemd:get_timeout/1:162)
2022-03-07 18:28:36.101578+00:00 [debug] Handling API call: get_info() (eturnal_ctl:get_info/0:143)
2022-03-07 18:28:36.102134+00:00 [debug] eturnal call (get_info) returned {ok,
                                  {eturnal_node_info,<<"1.8.2">>,
                                   {"24","12.2"},
                                   3233,0,136,92360236,2,39753840}} (eturnal_ctl:call/1:456)
2022-03-07 18:28:36.126158+00:00 [debug] Handling API call: get_sessions() (eturnal_ctl:get_sessions/0:106)
2022-03-07 18:28:36.150631+00:00 [debug] Handling API call: get_sessions("alice") (eturnal_ctl:get_sessions/1:120)
2022-03-07 18:28:36.150889+00:00 [debug] Handling API call: disconnect(alice) (eturnal_ctl:disconnect/1:192)
2022-03-07 18:28:36.151004+00:00 [debug] Cannot convert user name to binary: alice (eturnal_ctl:disconnect/1:202)
2022-03-07 18:28:36.176243+00:00 [debug] Handling API call: disconnect("alice") (eturnal_ctl:disconnect/1:192)
2022-03-07 18:28:36.176519+00:00 [debug] Handling API call: disconnect(alice) (eturnal_ctl:disconnect/1:192)
2022-03-07 18:28:36.176631+00:00 [debug] Cannot convert user name to binary: alice (eturnal_ctl:disconnect/1:202)
2022-03-07 18:28:36.201047+00:00 [debug] Handling API call: get_credentials("2009-10-30 11:00:00Z", []) (eturnal_ctl:get_credentials/2:60)
2022-03-07 18:28:36.201239+00:00 [debug] eturnal call ({get_password,<<"1256900400">>}) returned {ok,
                                                         <<"uEKlpcME7MNMMVRV8rUFPCTIFEs=">>} (eturnal_ctl:call/1:456)
2022-03-07 18:28:36.206016+00:00 [debug] Handling API call: get_credentials("86400", "alice") (eturnal_ctl:get_credentials/2:60)
2022-03-07 18:28:36.206225+00:00 [debug] eturnal call ({get_password,<<"1646764116:alice">>}) returned {ok,
                                                               <<"t7ydDXjsoKPhyzuIK7NVowF61Hg=">>} (eturnal_ctl:call/1:456)
2022-03-07 18:28:36.206357+00:00 [debug] Handling API call: get_password("1646764116:alice") (eturnal_ctl:get_password/1:79)
2022-03-07 18:28:36.206453+00:00 [debug] eturnal call ({get_password,<<"1646764116:alice">>}) returned {ok,
                                                               <<"t7ydDXjsoKPhyzuIK7NVowF61Hg=">>} (eturnal_ctl:call/1:456)
2022-03-07 18:28:36.206581+00:00 [debug] Handling API call: get_credentials("86400s", "alice") (eturnal_ctl:get_credentials/2:60)
2022-03-07 18:28:36.206791+00:00 [debug] eturnal call ({get_password,<<"1646764116:alice">>}) returned {ok,
                                                               <<"t7ydDXjsoKPhyzuIK7NVowF61Hg=">>} (eturnal_ctl:call/1:456)
2022-03-07 18:28:36.206939+00:00 [debug] Handling API call: get_password("1646764116:alice") (eturnal_ctl:get_password/1:79)
2022-03-07 18:28:36.207056+00:00 [debug] eturnal call ({get_password,<<"1646764116:alice">>}) returned {ok,
                                                               <<"t7ydDXjsoKPhyzuIK7NVowF61Hg=">>} (eturnal_ctl:call/1:456)
2022-03-07 18:28:36.207204+00:00 [debug] Handling API call: get_credentials("1440m", "alice") (eturnal_ctl:get_credentials/2:60)
2022-03-07 18:28:36.207303+00:00 [debug] eturnal call ({get_password,<<"1646764116:alice">>}) returned {ok,
                                                               <<"t7ydDXjsoKPhyzuIK7NVowF61Hg=">>} (eturnal_ctl:call/1:456)
2022-03-07 18:28:36.207404+00:00 [debug] Handling API call: get_password("1646764116:alice") (eturnal_ctl:get_password/1:79)
2022-03-07 18:28:36.207495+00:00 [debug] eturnal call ({get_password,<<"1646764116:alice">>}) returned {ok,
                                                               <<"t7ydDXjsoKPhyzuIK7NVowF61Hg=">>} (eturnal_ctl:call/1:456)
2022-03-07 18:28:36.207615+00:00 [debug] Handling API call: get_credentials("24h", "alice") (eturnal_ctl:get_credentials/2:60)
2022-03-07 18:28:36.207713+00:00 [debug] eturnal call ({get_password,<<"1646764116:alice">>}) returned {ok,
                                                               <<"t7ydDXjsoKPhyzuIK7NVowF61Hg=">>} (eturnal_ctl:call/1:456)
2022-03-07 18:28:36.207806+00:00 [debug] Handling API call: get_password("1646764116:alice") (eturnal_ctl:get_password/1:79)
2022-03-07 18:28:36.207888+00:00 [debug] eturnal call ({get_password,<<"1646764116:alice">>}) returned {ok,
                                                               <<"t7ydDXjsoKPhyzuIK7NVowF61Hg=">>} (eturnal_ctl:call/1:456)
2022-03-07 18:28:36.208056+00:00 [debug] Handling API call: get_credentials("1d", "alice") (eturnal_ctl:get_credentials/2:60)
2022-03-07 18:28:36.208224+00:00 [debug] eturnal call ({get_password,<<"1646764116:alice">>}) returned {ok,
                                                               <<"t7ydDXjsoKPhyzuIK7NVowF61Hg=">>} (eturnal_ctl:call/1:456)
2022-03-07 18:28:36.208333+00:00 [debug] Handling API call: get_password("1646764116:alice") (eturnal_ctl:get_password/1:79)
2022-03-07 18:28:36.209314+00:00 [debug] eturnal call ({get_password,<<"1646764116:alice">>}) returned {ok,
                                                               <<"t7ydDXjsoKPhyzuIK7NVowF61Hg=">>} (eturnal_ctl:call/1:456)
2022-03-07 18:28:36.209612+00:00 [debug] Handling API call: get_password("Invalid") (eturnal_ctl:get_password/1:79)
2022-03-07 18:28:36.209704+00:00 [debug] Invalid user name: Invalid (eturnal_ctl:get_password/1:93)
2022-03-07 18:28:36.209850+00:00 [debug] Handling API call: get_credentials("Invalid", []) (eturnal_ctl:get_credentials/2:60)
2022-03-07 18:28:36.209956+00:00 [debug] Invalid argument(s): "Invalid":[] (eturnal_ctl:get_credentials/2:73)
2022-03-07 18:28:36.210112+00:00 [debug] Handling API call: get_password(invalid) (eturnal_ctl:get_password/1:79)
2022-03-07 18:28:36.210199+00:00 [debug] Cannot convert user name to binary: invalid (eturnal_ctl:get_password/1:100)
2022-03-07 18:28:36.210264+00:00 [debug] Handling API call: get_credentials(invalid, []) (eturnal_ctl:get_credentials/2:60)
2022-03-07 18:28:36.210323+00:00 [debug] Invalid argument(s): invalid:[] (eturnal_ctl:get_credentials/2:73)
2022-03-07 18:28:36.210428+00:00 [debug] Handling API call: get_password([invalid]) (eturnal_ctl:get_password/1:79)
2022-03-07 18:28:36.210493+00:00 [debug] Cannot convert user name to binary: [invalid] (eturnal_ctl:get_password/1:100)
2022-03-07 18:28:36.210550+00:00 [debug] Handling API call: get_credentials([invalid], []) (eturnal_ctl:get_credentials/2:60)
2022-03-07 18:28:36.210612+00:00 [debug] Invalid argument(s): [invalid]:[] (eturnal_ctl:get_credentials/2:73)
2022-03-07 18:28:36.210718+00:00 [debug] Handling API call: get_credentials(1256900400, invalid) (eturnal_ctl:get_credentials/2:60)
2022-03-07 18:28:36.211176+00:00 [debug] Invalid argument(s): 1256900400:invalid (eturnal_ctl:get_credentials/2:73)
2022-03-07 18:28:36.235466+00:00 [debug] Handling API call: set_loglevel(debug) (eturnal_ctl:set_loglevel/1:173)
2022-03-07 18:28:36.235711+00:00 [debug] eturnal call ({set_loglevel,debug}) returned ok (eturnal_ctl:call/1:453)
2022-03-07 18:28:36.235922+00:00 [debug] Handling API call: get_loglevel() (eturnal_ctl:get_loglevel/0:163)
2022-03-07 18:28:36.236071+00:00 [debug] eturnal call (get_loglevel) returned {ok,debug} (eturnal_ctl:call/1:456)
2022-03-07 18:28:36.236192+00:00 [debug] Handling API call: set_loglevel(invalid) (eturnal_ctl:set_loglevel/1:173)
2022-03-07 18:28:36.236281+00:00 [debug] Invalid log level: invalid (eturnal_ctl:set_loglevel/1:183)
2022-03-07 18:28:36.236404+00:00 [debug] Handling API call: get_loglevel() (eturnal_ctl:get_loglevel/0:163)
2022-03-07 18:28:36.236511+00:00 [debug] eturnal call (get_loglevel) returned {ok,debug} (eturnal_ctl:call/1:456)
2022-03-07 18:28:36.260666+00:00 [debug] Handling API call: get_version() (eturnal_ctl:get_version/0:153)
2022-03-07 18:28:36.260770+00:00 [debug] eturnal call (get_version) returned {ok,<<"1.8.2">>} (eturnal_ctl:call/1:456)
2022-03-07 18:28:36.284170+00:00 [debug] Handling API call: reload() (eturnal_ctl:reload/0:208)
2022-03-07 18:28:36.286009+00:00 [debug] Calling mod_log_stun:options/0 (eturnal_module:options/1:191)
2022-03-07 18:28:36.286148+00:00 [debug] Calling mod_stats_influx:options/0 (eturnal_module:options/1:191)
2022-03-07 18:28:36.286610+00:00 [warning] TLS enabled without 'tls_crt_file', creating self-signed certificate (eturnal:check_pem_file/0:643)
2022-03-07 18:28:38.686240+00:00 [info] Using new TLS certificate (eturnal:handle_call/3:140)
2022-03-07 18:28:38.686446+00:00 [debug] Reloaded configuration (eturnal:handle_call/3:146)
2022-03-07 18:28:38.686532+00:00 [debug] eturnal call (reload) returned ok (eturnal_ctl:call/1:453)
2022-03-07 18:28:38.686795+00:00 [debug] Handling API call: reload() (eturnal_ctl:reload/0:208)
2022-03-07 18:28:38.688920+00:00 [debug] Calling mod_log_stun:options/0 (eturnal_module:options/1:191)
2022-03-07 18:28:38.689059+00:00 [debug] Calling mod_stats_influx:options/0 (eturnal_module:options/1:191)
2022-03-07 18:28:38.689407+00:00 [debug] Keeping PEM file (run/cert.pem) (eturnal:check_pem_file/0:640)
2022-03-07 18:28:38.689498+00:00 [debug] TLS certificate unchanged (eturnal:handle_call/3:142)
2022-03-07 18:28:38.689565+00:00 [debug] Reloaded configuration (eturnal:handle_call/3:146)
2022-03-07 18:28:38.689625+00:00 [debug] eturnal call (reload) returned ok (eturnal_ctl:call/1:453)
2022-03-07 18:28:38.714526+00:00 [info] Accepting connection: 127.0.0.1:51060 -> 127.0.0.1:34780 [TCP, session y] (stun_listener:accept/3:221)
2022-03-07 18:28:38.746665+00:00 [info] Accepting connection: 127.0.0.1:51828 -> 127.0.0.1:53490 [TLS, session 1e] (stun_listener:accept/3:221)
2022-03-07 18:28:38.776281+00:00 [debug] Received:
#stun{class = request,method = 3,magic = 554869826,
      trid = 28461811305257878464848276830,raw = <<>>,unsupported = [],
      'ALTERNATE-SERVER' = undefined,'CHANNEL-NUMBER' = undefined,
      'DATA' = undefined,'DONT-FRAGMENT' = false,'ERROR-CODE' = undefined,
      'LIFETIME' = undefined,'MAPPED-ADDRESS' = undefined,
      'MESSAGE-INTEGRITY' = undefined,'NONCE' = undefined,'REALM' = undefined,
      'REQUESTED-ADDRESS-FAMILY' = undefined,
      'REQUESTED-TRANSPORT' = undefined,'SOFTWARE' = undefined,
      'UNKNOWN-ATTRIBUTES' = [],'USERNAME' = undefined,
      'XOR-MAPPED-ADDRESS' = undefined,'XOR-PEER-ADDRESS' = [],
      'XOR-RELAYED-ADDRESS' = undefined} (stun:udp_recv/5:111)
2022-03-07 18:28:38.776496+00:00 [debug] Sending:
#stun{class = error,method = 3,magic = 554869826,
      trid = 28461811305257878464848276830,raw = <<>>,unsupported = [],
      'ALTERNATE-SERVER' = undefined,'CHANNEL-NUMBER' = undefined,
      'DATA' = undefined,'DONT-FRAGMENT' = false,
      'ERROR-CODE' = {401,<<"Unauthorized">>},
      'LIFETIME' = undefined,'MAPPED-ADDRESS' = undefined,
      'MESSAGE-INTEGRITY' = undefined,'NONCE' = <<"617655299">>,
      'REALM' = <<"eturnal.net">>,'REQUESTED-ADDRESS-FAMILY' = undefined,
      'REQUESTED-TRANSPORT' = undefined,'SOFTWARE' = <<"eturnal">>,
      'UNKNOWN-ATTRIBUTES' = [],'USERNAME' = undefined,
      'XOR-MAPPED-ADDRESS' = undefined,'XOR-PEER-ADDRESS' = [],
      'XOR-RELAYED-ADDRESS' = undefined} (stun:send/3:445)
2022-03-07 18:28:38.776858+00:00 [debug] Received:
#stun{class = request,method = 3,magic = 554869826,
      trid = 909495787881207841804228441,
      raw = <<0,3,0,80,33,18,164,66,2,240,81,57,116,81,1,134,188,211,151,89,0,
              25,0,4,17,0,0,0,0,6,0,10,50,49,52,53,57,49,51,50,48,48,0,0,0,20,
              0,11,101,116,117,114,110,97,108,46,110,101,116,0,0,21,0,9,54,49,
              55,54,53,53,50,57,57,0,0,0>>,
      unsupported = [],'ALTERNATE-SERVER' = undefined,
      'CHANNEL-NUMBER' = undefined,'DATA' = undefined,'DONT-FRAGMENT' = false,
      'ERROR-CODE' = undefined,'LIFETIME' = undefined,
      'MAPPED-ADDRESS' = undefined,
      'MESSAGE-INTEGRITY' = <<190,139,126,107,183,182,210,36,244,133,68,134,
                              179,222,232,121,84,57,152,3>>,
      'NONCE' = <<"617655299">>,'REALM' = <<"eturnal.net">>,
      'REQUESTED-ADDRESS-FAMILY' = undefined,'REQUESTED-TRANSPORT' = udp,
      'SOFTWARE' = undefined,'UNKNOWN-ATTRIBUTES' = [],
      'USERNAME' = <<"2145913200">>,'XOR-MAPPED-ADDRESS' = undefined,
      'XOR-PEER-ADDRESS' = [],'XOR-RELAYED-ADDRESS' = undefined} (stun:udp_recv/5:111)
2022-03-07 18:28:38.777005+00:00 [debug] Looking up password for: 2145913200 [UDP, session 4i, user 2145913200, client 127.0.0.1:60832] (eturnal:get_password/2:225)
2022-03-07 18:28:38.777068+00:00 [info] Accepting long-term STUN/TURN authentication [UDP, session 4i, user 2145913200, client 127.0.0.1:60832] (stun:process/2:249)
2022-03-07 18:28:38.779712+00:00 [debug] Running 'turn_session_start' hook [UDP, session 4i, user 2145913200, client 127.0.0.1:60832] (turn:run_hook/2:711)
2022-03-07 18:28:38.779787+00:00 [debug] Got 'turn_session_start' event [UDP, session 4i, user 2145913200, client 127.0.0.1:60832] (eturnal_module:handle_event/2:176)
2022-03-07 18:28:38.780009+00:00 [notice] Creating TURN allocation (lifetime: 600 seconds) [UDP, session 4i, user 2145913200, client 127.0.0.1:60832, relay 127.0.0.1:56170] (turn:wait_for_allocate/2:207)
2022-03-07 18:28:38.780124+00:00 [debug] Sending:
#stun{class = response,method = 3,magic = 554869826,
      trid = 909495787881207841804228441,raw = <<>>,unsupported = [],
      'ALTERNATE-SERVER' = undefined,'CHANNEL-NUMBER' = undefined,
      'DATA' = undefined,'DONT-FRAGMENT' = false,'ERROR-CODE' = undefined,
      'LIFETIME' = 600,'MAPPED-ADDRESS' = undefined,
      'MESSAGE-INTEGRITY' = undefined,'NONCE' = undefined,'REALM' = undefined,
      'REQUESTED-ADDRESS-FAMILY' = undefined,
      'REQUESTED-TRANSPORT' = undefined,'SOFTWARE' = undefined,
      'UNKNOWN-ATTRIBUTES' = [],'USERNAME' = undefined,
      'XOR-MAPPED-ADDRESS' = {{127,0,0,1},60832},
      'XOR-PEER-ADDRESS' = [],
      'XOR-RELAYED-ADDRESS' = {{127,0,0,1},56170}} (turn:send/2:521)
2022-03-07 18:28:38.780447+00:00 [debug] Received:
#stun{class = request,method = 4,magic = 554869826,
      trid = 53050394333762643174242285195,
      raw = <<0,4,0,80,33,18,164,66,171,106,65,247,100,215,33,43,252,106,118,
              139,0,6,0,10,50,49,52,53,57,49,51,50,48,48,0,0,0,20,0,11,101,116,
              117,114,110,97,108,46,110,101,116,0,0,21,0,9,54,49,55,54,53,53,
              50,57,57,0,0,0,0,13,0,4,0,0,0,0>>,
      unsupported = [],'ALTERNATE-SERVER' = undefined,
      'CHANNEL-NUMBER' = undefined,'DATA' = undefined,'DONT-FRAGMENT' = false,
      'ERROR-CODE' = undefined,'LIFETIME' = 0,'MAPPED-ADDRESS' = undefined,
      'MESSAGE-INTEGRITY' = <<24,196,70,241,125,29,158,228,235,74,28,199,201,
                              30,234,37,33,71,154,19>>,
      'NONCE' = <<"617655299">>,'REALM' = <<"eturnal.net">>,
      'REQUESTED-ADDRESS-FAMILY' = undefined,
      'REQUESTED-TRANSPORT' = undefined,'SOFTWARE' = undefined,
      'UNKNOWN-ATTRIBUTES' = [],'USERNAME' = <<"2145913200">>,
      'XOR-MAPPED-ADDRESS' = undefined,'XOR-PEER-ADDRESS' = [],
      'XOR-RELAYED-ADDRESS' = undefined} (stun:udp_recv/5:111)
2022-03-07 18:28:38.780567+00:00 [debug] Looking up password for: 2145913200 [UDP, session 5e, user 2145913200, client 127.0.0.1:60832] (eturnal:get_password/2:225)
2022-03-07 18:28:38.780616+00:00 [info] Accepting long-term STUN/TURN authentication [UDP, session 5e, user 2145913200, client 127.0.0.1:60832] (stun:process/2:249)
2022-03-07 18:28:38.780692+00:00 [info] Client requested closing the TURN session [UDP, session 4i, user 2145913200, client 127.0.0.1:60832, relay 127.0.0.1:56170] (turn:active/2:262)
2022-03-07 18:28:38.780776+00:00 [debug] Sending:
#stun{class = response,method = 4,magic = 554869826,
      trid = 53050394333762643174242285195,raw = <<>>,unsupported = [],
      'ALTERNATE-SERVER' = undefined,'CHANNEL-NUMBER' = undefined,
      'DATA' = undefined,'DONT-FRAGMENT' = false,'ERROR-CODE' = undefined,
      'LIFETIME' = 0,'MAPPED-ADDRESS' = undefined,
      'MESSAGE-INTEGRITY' = undefined,'NONCE' = undefined,'REALM' = undefined,
      'REQUESTED-ADDRESS-FAMILY' = undefined,
      'REQUESTED-TRANSPORT' = undefined,'SOFTWARE' = undefined,
      'UNKNOWN-ATTRIBUTES' = [],'USERNAME' = undefined,
      'XOR-MAPPED-ADDRESS' = undefined,'XOR-PEER-ADDRESS' = [],
      'XOR-RELAYED-ADDRESS' = undefined} (turn:send/2:521)
2022-03-07 18:28:38.780871+00:00 [info] Deleting TURN allocation [UDP, session 4i, user 2145913200, client 127.0.0.1:60832, relay 127.0.0.1:56170] (turn:terminate/3:454)
2022-03-07 18:28:38.780952+00:00 [notice] Relayed 0 KiB (in 0 B / 0 packets, out 0 B / 0 packets), duration: 0 seconds [UDP, session 4i, user 2145913200, client 127.0.0.1:60832, relay 127.0.0.1:56170] (turn:terminate/3:461)
2022-03-07 18:28:38.780991+00:00 [debug] Running 'turn_session_stop' hook [UDP, session 4i, user 2145913200, client 127.0.0.1:60832, relay 127.0.0.1:56170] (turn:run_hook/2:711)
2022-03-07 18:28:38.781203+00:00 [debug] Got 'turn_session_stop' event [UDP, session 4i, user 2145913200, client 127.0.0.1:60832, relay 127.0.0.1:56170] (eturnal_module:handle_event/2:176)
2022-03-07 18:28:38.781295+00:00 [debug] Calling mod_stats_influx:handle_event/2 [UDP, session 4i, user 2145913200, client 127.0.0.1:60832, relay 127.0.0.1:56170] (eturnal_module:handle_event/2:179)
2022-03-07 18:28:38.781338+00:00 [debug] Writing stats of TURN session 4i to InfluxDB [UDP, session 4i, user 2145913200, client 127.0.0.1:60832, relay 127.0.0.1:56170] (mod_stats_influx:on_turn_session_stop/1:81)
2022-03-07 18:28:38.806558+00:00 [debug] Received:
#stun{class = request,method = 1,magic = 554869826,
      trid = 29538005310250197775666832012,raw = <<>>,unsupported = [],
      'ALTERNATE-SERVER' = undefined,'CHANNEL-NUMBER' = undefined,
      'DATA' = undefined,'DONT-FRAGMENT' = false,'ERROR-CODE' = undefined,
      'LIFETIME' = undefined,'MAPPED-ADDRESS' = undefined,
      'MESSAGE-INTEGRITY' = undefined,'NONCE' = undefined,'REALM' = undefined,
      'REQUESTED-ADDRESS-FAMILY' = undefined,
      'REQUESTED-TRANSPORT' = undefined,'SOFTWARE' = undefined,
      'UNKNOWN-ATTRIBUTES' = [],'USERNAME' = undefined,
      'XOR-MAPPED-ADDRESS' = undefined,'XOR-PEER-ADDRESS' = [],
      'XOR-RELAYED-ADDRESS' = undefined} (stun:udp_recv/5:111)
2022-03-07 18:28:38.806683+00:00 [debug] Responding to STUN request [UDP, session 6a, anonymous, client 127.0.0.1:53164] (stun:process/4:312)
2022-03-07 18:28:38.806715+00:00 [debug] Running 'stun_query' hook [UDP, session 6a, anonymous, client 127.0.0.1:53164] (stun:run_hook/3:818)
2022-03-07 18:28:38.806808+00:00 [debug] Got 'stun_query' event [UDP, session 6a, anonymous, client 127.0.0.1:53164] (eturnal_module:handle_event/2:176)
2022-03-07 18:28:38.806843+00:00 [debug] Calling mod_log_stun:handle_event/2 [UDP, session 6a, anonymous, client 127.0.0.1:53164] (eturnal_module:handle_event/2:179)
2022-03-07 18:28:38.806877+00:00 [info] Responding to STUN request [UDP, session 6a, anonymous, client 127.0.0.1:53164] (mod_log_stun:handle_event/2:45)
2022-03-07 18:28:38.806947+00:00 [debug] Calling mod_stats_influx:handle_event/2 [UDP, session 6a, anonymous, client 127.0.0.1:53164] (eturnal_module:handle_event/2:179)
2022-03-07 18:28:38.806974+00:00 [debug] Writing STUN query event to InfluxDB [UDP, session 6a, anonymous, client 127.0.0.1:53164] (mod_stats_influx:on_stun_query/1:70)
2022-03-07 18:28:38.807194+00:00 [debug] Sending:
#stun{class = response,method = 1,magic = 554869826,
      trid = 29538005310250197775666832012,raw = <<>>,unsupported = [],
      'ALTERNATE-SERVER' = undefined,'CHANNEL-NUMBER' = undefined,
      'DATA' = undefined,'DONT-FRAGMENT' = false,'ERROR-CODE' = undefined,
      'LIFETIME' = undefined,'MAPPED-ADDRESS' = undefined,
      'MESSAGE-INTEGRITY' = undefined,'NONCE' = undefined,'REALM' = undefined,
      'REQUESTED-ADDRESS-FAMILY' = undefined,
      'REQUESTED-TRANSPORT' = undefined,'SOFTWARE' = <<"eturnal">>,
      'UNKNOWN-ATTRIBUTES' = [],'USERNAME' = undefined,
      'XOR-MAPPED-ADDRESS' = {{127,0,0,1},53164},
      'XOR-PEER-ADDRESS' = [],'XOR-RELAYED-ADDRESS' = undefined} (stun:send/3:445)
2022-03-07 18:28:38.831870+00:00 [info] Accepting connection: 127.0.0.1:51064 -> 127.0.0.1:34780 [TCP, session 2a] (stun_listener:accept/3:221)
2022-03-07 18:28:38.832134+00:00 [debug] Received:
#stun{class = request,method = 1,magic = 554869826,
      trid = 19064675740722464880125924666,raw = <<>>,unsupported = [],
      'ALTERNATE-SERVER' = undefined,'CHANNEL-NUMBER' = undefined,
      'DATA' = undefined,'DONT-FRAGMENT' = false,'ERROR-CODE' = undefined,
      'LIFETIME' = undefined,'MAPPED-ADDRESS' = undefined,
      'MESSAGE-INTEGRITY' = undefined,'NONCE' = undefined,'REALM' = undefined,
      'REQUESTED-ADDRESS-FAMILY' = undefined,
      'REQUESTED-TRANSPORT' = undefined,'SOFTWARE' = undefined,
      'UNKNOWN-ATTRIBUTES' = [],'USERNAME' = undefined,
      'XOR-MAPPED-ADDRESS' = undefined,'XOR-PEER-ADDRESS' = [],
      'XOR-RELAYED-ADDRESS' = undefined} (stun:process_data/3:404)
2022-03-07 18:28:38.832257+00:00 [debug] Responding to STUN request [TCP, session 2a, anonymous, client 127.0.0.1:51064] (stun:process/4:312)
2022-03-07 18:28:38.832303+00:00 [debug] Running 'stun_query' hook [TCP, session 2a, anonymous, client 127.0.0.1:51064] (stun:run_hook/3:818)
2022-03-07 18:28:38.832352+00:00 [debug] Got 'stun_query' event [TCP, session 2a, anonymous, client 127.0.0.1:51064] (eturnal_module:handle_event/2:176)
2022-03-07 18:28:38.832394+00:00 [debug] Calling mod_log_stun:handle_event/2 [TCP, session 2a, anonymous, client 127.0.0.1:51064] (eturnal_module:handle_event/2:179)
2022-03-07 18:28:38.832440+00:00 [info] Responding to STUN request [TCP, session 2a, anonymous, client 127.0.0.1:51064] (mod_log_stun:handle_event/2:45)
2022-03-07 18:28:38.832480+00:00 [debug] Calling mod_stats_influx:handle_event/2 [TCP, session 2a, anonymous, client 127.0.0.1:51064] (eturnal_module:handle_event/2:179)
2022-03-07 18:28:38.832517+00:00 [debug] Writing STUN query event to InfluxDB [TCP, session 2a, anonymous, client 127.0.0.1:51064] (mod_stats_influx:on_stun_query/1:70)
2022-03-07 18:28:38.832674+00:00 [debug] Sending:
#stun{class = response,method = 1,magic = 554869826,
      trid = 19064675740722464880125924666,raw = <<>>,unsupported = [],
      'ALTERNATE-SERVER' = undefined,'CHANNEL-NUMBER' = undefined,
      'DATA' = undefined,'DONT-FRAGMENT' = false,'ERROR-CODE' = undefined,
      'LIFETIME' = undefined,'MAPPED-ADDRESS' = undefined,
      'MESSAGE-INTEGRITY' = undefined,'NONCE' = undefined,'REALM' = undefined,
      'REQUESTED-ADDRESS-FAMILY' = undefined,
      'REQUESTED-TRANSPORT' = undefined,'SOFTWARE' = <<"P1 STUN library">>,
      'UNKNOWN-ATTRIBUTES' = [],'USERNAME' = undefined,
      'XOR-MAPPED-ADDRESS' = {{127,0,0,1},51064},
      'XOR-PEER-ADDRESS' = [],'XOR-RELAYED-ADDRESS' = undefined} (stun:send/3:445)
2022-03-07 18:28:38.832935+00:00 [info] Connection reset by peer [TCP, session 2a, anonymous, client 127.0.0.1:51064] (stun:handle_info/3:170)
2022-03-07 18:28:38.856360+00:00 [info] Accepting connection: 127.0.0.1:51832 -> 127.0.0.1:53490 [TLS, session 2q] (stun_listener:accept/3:221)
2022-03-07 18:28:38.964681+00:00 [debug] Received:
#stun{class = request,method = 1,magic = 554869826,
      trid = 8504529665723910213146422000,raw = <<>>,unsupported = [],
      'ALTERNATE-SERVER' = undefined,'CHANNEL-NUMBER' = undefined,
      'DATA' = undefined,'DONT-FRAGMENT' = false,'ERROR-CODE' = undefined,
      'LIFETIME' = undefined,'MAPPED-ADDRESS' = undefined,
      'MESSAGE-INTEGRITY' = undefined,'NONCE' = undefined,'REALM' = undefined,
      'REQUESTED-ADDRESS-FAMILY' = undefined,
      'REQUESTED-TRANSPORT' = undefined,'SOFTWARE' = undefined,
      'UNKNOWN-ATTRIBUTES' = [],'USERNAME' = undefined,
      'XOR-MAPPED-ADDRESS' = undefined,'XOR-PEER-ADDRESS' = [],
      'XOR-RELAYED-ADDRESS' = undefined} (stun:process_data/3:404)
2022-03-07 18:28:38.964843+00:00 [debug] Responding to STUN request [TLS, session 2q, anonymous, client 127.0.0.1:51832] (stun:process/4:312)
2022-03-07 18:28:38.964914+00:00 [debug] Running 'stun_query' hook [TLS, session 2q, anonymous, client 127.0.0.1:51832] (stun:run_hook/3:818)
2022-03-07 18:28:38.964979+00:00 [debug] Got 'stun_query' event [TLS, session 2q, anonymous, client 127.0.0.1:51832] (eturnal_module:handle_event/2:176)
2022-03-07 18:28:38.965027+00:00 [debug] Calling mod_log_stun:handle_event/2 [TLS, session 2q, anonymous, client 127.0.0.1:51832] (eturnal_module:handle_event/2:179)
2022-03-07 18:28:38.965076+00:00 [info] Responding to STUN request [TLS, session 2q, anonymous, client 127.0.0.1:51832] (mod_log_stun:handle_event/2:45)
2022-03-07 18:28:38.965117+00:00 [debug] Calling mod_stats_influx:handle_event/2 [TLS, session 2q, anonymous, client 127.0.0.1:51832] (eturnal_module:handle_event/2:179)
2022-03-07 18:28:38.965160+00:00 [debug] Writing STUN query event to InfluxDB [TLS, session 2q, anonymous, client 127.0.0.1:51832] (mod_stats_influx:on_stun_query/1:70)
2022-03-07 18:28:38.965407+00:00 [debug] Sending:
#stun{class = response,method = 1,magic = 554869826,
      trid = 8504529665723910213146422000,raw = <<>>,unsupported = [],
      'ALTERNATE-SERVER' = undefined,'CHANNEL-NUMBER' = undefined,
      'DATA' = undefined,'DONT-FRAGMENT' = false,'ERROR-CODE' = undefined,
      'LIFETIME' = undefined,'MAPPED-ADDRESS' = undefined,
      'MESSAGE-INTEGRITY' = undefined,'NONCE' = undefined,'REALM' = undefined,
      'REQUESTED-ADDRESS-FAMILY' = undefined,
      'REQUESTED-TRANSPORT' = undefined,'SOFTWARE' = <<"P1 STUN library">>,
      'UNKNOWN-ATTRIBUTES' = [],'USERNAME' = undefined,
      'XOR-MAPPED-ADDRESS' = {{127,0,0,1},51832},
      'XOR-PEER-ADDRESS' = [],'XOR-RELAYED-ADDRESS' = undefined} (stun:send/3:445)
2022-03-07 18:28:38.965706+00:00 [info] Connection reset by peer [TLS, session 2q, anonymous, client 127.0.0.1:51832] (stun:handle_info/3:170)
2022-03-07 18:28:38.990844+00:00 [info] Accepting connection: 127.0.0.1:54476 -> 127.0.0.1:34781 [TCP|TLS, session 1u] (stun_listener:accept/3:221)
2022-03-07 18:28:38.991007+00:00 [debug] Determined transport protocol: TCP (stun:is_tls_handshake/1:766)
2022-03-07 18:28:38.991464+00:00 [debug] Received:
#stun{class = request,method = 1,magic = 554869826,
      trid = 4568475197883724656094055457,raw = <<>>,unsupported = [],
      'ALTERNATE-SERVER' = undefined,'CHANNEL-NUMBER' = undefined,
      'DATA' = undefined,'DONT-FRAGMENT' = false,'ERROR-CODE' = undefined,
      'LIFETIME' = undefined,'MAPPED-ADDRESS' = undefined,
      'MESSAGE-INTEGRITY' = undefined,'NONCE' = undefined,'REALM' = undefined,
      'REQUESTED-ADDRESS-FAMILY' = undefined,
      'REQUESTED-TRANSPORT' = undefined,'SOFTWARE' = undefined,
      'UNKNOWN-ATTRIBUTES' = [],'USERNAME' = undefined,
      'XOR-MAPPED-ADDRESS' = undefined,'XOR-PEER-ADDRESS' = [],
      'XOR-RELAYED-ADDRESS' = undefined} (stun:process_data/3:404)
2022-03-07 18:28:38.991558+00:00 [debug] Responding to STUN request [TCP, session 1u, anonymous, client 127.0.0.1:54476] (stun:process/4:312)
2022-03-07 18:28:38.991609+00:00 [debug] Running 'stun_query' hook [TCP, session 1u, anonymous, client 127.0.0.1:54476] (stun:run_hook/3:818)
2022-03-07 18:28:38.991667+00:00 [debug] Got 'stun_query' event [TCP, session 1u, anonymous, client 127.0.0.1:54476] (eturnal_module:handle_event/2:176)
2022-03-07 18:28:38.991704+00:00 [debug] Calling mod_log_stun:handle_event/2 [TCP, session 1u, anonymous, client 127.0.0.1:54476] (eturnal_module:handle_event/2:179)
2022-03-07 18:28:38.991780+00:00 [info] Responding to STUN request [TCP, session 1u, anonymous, client 127.0.0.1:54476] (mod_log_stun:handle_event/2:45)
2022-03-07 18:28:38.991807+00:00 [debug] Calling mod_stats_influx:handle_event/2 [TCP, session 1u, anonymous, client 127.0.0.1:54476] (eturnal_module:handle_event/2:179)
2022-03-07 18:28:38.991841+00:00 [debug] Writing STUN query event to InfluxDB [TCP, session 1u, anonymous, client 127.0.0.1:54476] (mod_stats_influx:on_stun_query/1:70)
2022-03-07 18:28:38.992067+00:00 [debug] Sending:
#stun{class = response,method = 1,magic = 554869826,
      trid = 4568475197883724656094055457,raw = <<>>,unsupported = [],
      'ALTERNATE-SERVER' = undefined,'CHANNEL-NUMBER' = undefined,
      'DATA' = undefined,'DONT-FRAGMENT' = false,'ERROR-CODE' = undefined,
      'LIFETIME' = undefined,'MAPPED-ADDRESS' = undefined,
      'MESSAGE-INTEGRITY' = undefined,'NONCE' = undefined,'REALM' = undefined,
      'REQUESTED-ADDRESS-FAMILY' = undefined,
      'REQUESTED-TRANSPORT' = undefined,'SOFTWARE' = <<"P1 STUN library">>,
      'UNKNOWN-ATTRIBUTES' = [],'USERNAME' = undefined,
      'XOR-MAPPED-ADDRESS' = {{127,0,0,1},54476},
      'XOR-PEER-ADDRESS' = [],'XOR-RELAYED-ADDRESS' = undefined} (stun:send/3:445)
2022-03-07 18:28:38.992297+00:00 [info] Connection reset by peer [TCP, session 1u, anonymous, client 127.0.0.1:54476] (stun:handle_info/3:170)
2022-03-07 18:28:39.017083+00:00 [info] Accepting connection: 127.0.0.1:54478 -> 127.0.0.1:34781 [TCP|TLS, session 1f] (stun_listener:accept/3:221)
2022-03-07 18:28:39.017296+00:00 [debug] Determined transport protocol: TLS (stun:is_tls_handshake/1:763)
2022-03-07 18:28:39.125653+00:00 [debug] Received:
#stun{class = request,method = 1,magic = 554869826,
      trid = 38313462904622281628640875172,raw = <<>>,unsupported = [],
      'ALTERNATE-SERVER' = undefined,'CHANNEL-NUMBER' = undefined,
      'DATA' = undefined,'DONT-FRAGMENT' = false,'ERROR-CODE' = undefined,
      'LIFETIME' = undefined,'MAPPED-ADDRESS' = undefined,
      'MESSAGE-INTEGRITY' = undefined,'NONCE' = undefined,'REALM' = undefined,
      'REQUESTED-ADDRESS-FAMILY' = undefined,
      'REQUESTED-TRANSPORT' = undefined,'SOFTWARE' = undefined,
      'UNKNOWN-ATTRIBUTES' = [],'USERNAME' = undefined,
      'XOR-MAPPED-ADDRESS' = undefined,'XOR-PEER-ADDRESS' = [],
      'XOR-RELAYED-ADDRESS' = undefined} (stun:process_data/3:404)
2022-03-07 18:28:39.125783+00:00 [debug] Responding to STUN request [TLS, session 1f, anonymous, client 127.0.0.1:54478] (stun:process/4:312)
2022-03-07 18:28:39.125832+00:00 [debug] Running 'stun_query' hook [TLS, session 1f, anonymous, client 127.0.0.1:54478] (stun:run_hook/3:818)
2022-03-07 18:28:39.125883+00:00 [debug] Got 'stun_query' event [TLS, session 1f, anonymous, client 127.0.0.1:54478] (eturnal_module:handle_event/2:176)
2022-03-07 18:28:39.125928+00:00 [debug] Calling mod_log_stun:handle_event/2 [TLS, session 1f, anonymous, client 127.0.0.1:54478] (eturnal_module:handle_event/2:179)
2022-03-07 18:28:39.125973+00:00 [info] Responding to STUN request [TLS, session 1f, anonymous, client 127.0.0.1:54478] (mod_log_stun:handle_event/2:45)
2022-03-07 18:28:39.126019+00:00 [debug] Calling mod_stats_influx:handle_event/2 [TLS, session 1f, anonymous, client 127.0.0.1:54478] (eturnal_module:handle_event/2:179)
2022-03-07 18:28:39.126060+00:00 [debug] Writing STUN query event to InfluxDB [TLS, session 1f, anonymous, client 127.0.0.1:54478] (mod_stats_influx:on_stun_query/1:70)
2022-03-07 18:28:39.126237+00:00 [debug] Sending:
#stun{class = response,method = 1,magic = 554869826,
      trid = 38313462904622281628640875172,raw = <<>>,unsupported = [],
      'ALTERNATE-SERVER' = undefined,'CHANNEL-NUMBER' = undefined,
      'DATA' = undefined,'DONT-FRAGMENT' = false,'ERROR-CODE' = undefined,
      'LIFETIME' = undefined,'MAPPED-ADDRESS' = undefined,
      'MESSAGE-INTEGRITY' = undefined,'NONCE' = undefined,'REALM' = undefined,
      'REQUESTED-ADDRESS-FAMILY' = undefined,
      'REQUESTED-TRANSPORT' = undefined,'SOFTWARE' = <<"P1 STUN library">>,
      'UNKNOWN-ATTRIBUTES' = [],'USERNAME' = undefined,
      'XOR-MAPPED-ADDRESS' = {{127,0,0,1},54478},
      'XOR-PEER-ADDRESS' = [],'XOR-RELAYED-ADDRESS' = undefined} (stun:send/3:445)
2022-03-07 18:28:39.126479+00:00 [info] Connection reset by peer [TLS, session 1f, anonymous, client 127.0.0.1:54478] (stun:handle_info/3:170)
2022-03-07 18:28:39.150548+00:00 [debug] No NOTIFY_SOCKET, dropping STOPPING=1 notification (eturnal_systemd:handle_cast/2:109)
2022-03-07 18:28:39.150556+00:00 [debug] Terminating eturnal (shutdown) (eturnal:terminate/2:200)
2022-03-07 18:28:39.150705+00:00 [debug] Watchdog interval is undefined, hibernating (eturnal_systemd:get_timeout/1:162)
2022-03-07 18:28:39.150770+00:00 [info] Stopped listening on 127.0.0.1:34780 (udp) (eturnal:stop_listeners/1:395)
2022-03-07 18:28:39.151038+00:00 [info] Stopped listening on 127.0.0.1:34780 (tcp) (eturnal:stop_listeners/1:395)
2022-03-07 18:28:39.151599+00:00 [info] Stopped listening on 127.0.0.1:53490 (tls) (eturnal:stop_listeners/1:395)
2022-03-07 18:28:39.151908+00:00 [info] Stopped listening on 127.0.0.1:34781 (auto) (eturnal:stop_listeners/1:395)
2022-03-07 18:28:39.152846+00:00 [debug] Calling mod_log_stun:stop/1 (eturnal_module:stop/1:162)
2022-03-07 18:28:39.153226+00:00 [debug] Stopping mod_log_stun (mod_log_stun:stop/0:50)
2022-03-07 18:28:39.153323+00:00 [info] Stopped mod_log_stun (eturnal:stop_modules/1:343)
2022-03-07 18:28:39.153587+00:00 [debug] Calling mod_stats_influx:stop/1 (eturnal_module:stop/1:162)
2022-03-07 18:28:39.153749+00:00 [debug] Stopping mod_stats_influx (mod_stats_influx:stop/0:55)
2022-03-07 18:28:39.153868+00:00 [info] Stopped mod_stats_influx (eturnal:stop_modules/1:343)
2022-03-07 18:28:39.154877+00:00 [debug] Removed run/cert.pem (eturnal:clean_run_dir/0:727)
2022-03-07 18:28:39.155065+00:00 [debug] Terminating eturnal_systemd (shutdown) (eturnal_systemd:terminate/2:136)
2022-03-07 18:28:39.155702+00:00 [notice] Stopping eturnal 1.8.2 on Erlang/OTP 24 (ERTS 12.2) (eturnal_app:stop/1:54)
