2022-01-03 10:27:55.350183+00:00 [notice] Starting eturnal 1.7.0 on Erlang/OTP 24 (ERTS 12.2) (eturnal_app:start/2:34)
2022-01-03 10:27:55.350444+00:00 [debug] Starting supervisor: eturnal_sup (eturnal_sup:start_link/0:32)
2022-01-03 10:27:55.350636+00:00 [debug] Configuring eturnal_sup supervisor: [#{id => systemd,
                                       start =>
                                           {eturnal_systemd,start_link,[]}},
                                     #{id => eturnal,
                                       start => {eturnal,start_link,[]}}] (eturnal_sup:init/0:40)
2022-01-03 10:27:55.352384+00:00 [info] Got no NOTIFY_SOCKET, notifications disabled (eturnal_systemd:init/1:93)
2022-01-03 10:27:55.352574+00:00 [debug] PROGRESS REPORT:
    supervisor: {local,eturnal_sup}
    started: [{pid,<0.715.0>},
              {id,systemd},
              {mfargs,{eturnal_systemd,start_link,[]}},
              {restart_type,permanent},
              {significant,false},
              {shutdown,5000},
              {child_type,worker}]
 (supervisor:report_progress/2:1562)
2022-01-03 10:27:55.365745+00:00 [info] Cannot determine control query port: noport (eturnal:log_control_listener/0:280)
2022-01-03 10:27:55.365944+00:00 [debug] TURN configuration seems fine (eturnal:check_turn_config/2:482)
2022-01-03 10:27:55.366445+00:00 [debug] Using run directory run (eturnal:ensure_run_dir/0:674)
2022-01-03 10:27:55.366731+00:00 [warning] TLS enabled without 'tls_crt_file', creating self-signed certificate (eturnal:check_pem_file/0:605)
2022-01-03 10:27:56.338120+00:00 [debug] Calling mod_log_stun:start/0 (eturnal_module:start/1:116)
2022-01-03 10:27:56.338412+00:00 [debug] Starting mod_log_stun (mod_log_stun:start/0:39)
2022-01-03 10:27:56.338743+00:00 [info] Started mod_log_stun (eturnal:start_modules/0:291)
2022-01-03 10:27:56.338868+00:00 [debug] Calling mod_stats_influx:start/0 (eturnal_module:start/1:116)
2022-01-03 10:27:56.338962+00:00 [debug] Starting mod_stats_influx (mod_stats_influx:start/0:38)
2022-01-03 10:27:56.342448+00:00 [debug] PROGRESS REPORT:
    application: ulitos
    started_at: nonode@nohost
 (application_controller:info_started/2:2107)
2022-01-03 10:27:56.344004+00:00 [debug] PROGRESS REPORT:
    application: poolboy
    started_at: nonode@nohost
 (application_controller:info_started/2:2107)
2022-01-03 10:27:56.345465+00:00 [info]     msg: Starting application: influx_udp (influx_udp_app:start/2:10)
2022-01-03 10:27:56.348047+00:00 [debug] PROGRESS REPORT:
    supervisor: {local,influx_udp_sup}
    started: [{pid,<0.735.0>},
              {id,influx_udp},
              {mfargs,{influx_udp,start_link,[]}},
              {restart_type,permanent},
              {significant,false},
              {shutdown,5000},
              {child_type,worker}]
 (supervisor:report_progress/2:1562)
2022-01-03 10:27:56.348249+00:00 [debug] PROGRESS REPORT:
    application: influx_udp
    started_at: nonode@nohost
 (application_controller:info_started/2:2107)
2022-01-03 10:27:56.348324+00:00 [debug] Dependency influx_udp was available already (eturnal_module:ensure_dep/2:264)
2022-01-03 10:27:56.350515+00:00 [info]     host: {127,0,0,1}
    msg: Start clients pool
    options: #{host => "localhost",max_overflow => 1,pool_size => 1,
               port => 8089} (influx_udp:start_pool_/2:239)
2022-01-03 10:27:56.373469+00:00 [info]     msg: Open UDP socket on port
    port: 55422 (influx_udp_worker:init/1:43)
2022-01-03 10:27:56.373637+00:00 [debug] PROGRESS REPORT:
    supervisor: {local,influx_udp_sup}
    started: [{pid,<0.738.0>},
              {id,stats_influx_pool},
              {mfargs,
                  {poolboy,start_link,
                      [[{name,{local,stats_influx_pool}},
                        {worker_module,influx_udp_worker},
                        {size,1},
                        {max_overflow,1}],
                       [{options,
                            #{host => {127,0,0,1},
                              max_overflow => 1,pool_size => 1,
                              port => 8089}}]]}},
              {restart_type,permanent},
              {significant,false},
              {shutdown,5000},
              {child_type,worker}]
 (supervisor:report_progress/2:1562)
2022-01-03 10:27:56.373824+00:00 [info] Started mod_stats_influx (eturnal:start_modules/0:291)
2022-01-03 10:27:56.373931+00:00 [debug] Started 2 modules (eturnal:init/1:108)
2022-01-03 10:27:56.374032+00:00 [debug] Starting listener 127.0.0.1:34780 (udp) with options:
[{use_turn,true},
 {auth_type,user},
 {turn_ipv4_address,{10,1,1,166}},
 {turn_ipv6_address,{0,0,0,0,0,0,0,1}},
 {turn_min_port,49152},
 {turn_max_port,65535},
 {turn_max_allocations,10},
 {turn_max_permissions,10},
 {shaper,100000},
 {turn_blacklist,[{{203,0,113,4},32},{{8193,3512,0,0,0,0,0,4},128}]},
 {auth_realm,<<"eturnal.net">>},
 {server_name,<<"eturnal">>},
 {auth_fun,fun eturnal:get_password/2},
 {hook_fun,fun eturnal:run_hook/2}] (eturnal:start_listeners/0:335)
2022-01-03 10:27:56.374508+00:00 [info] Listening on 127.0.0.1:34780 (udp) (STUN/TURN) (eturnal:start_listeners/0:340)
2022-01-03 10:27:56.374653+00:00 [debug] Starting listener 127.0.0.1:34780 (tcp) with options:
[{use_turn,false},
 {auth_type,anonymous},
 {turn_ipv4_address,{10,1,1,166}},
 {turn_ipv6_address,{0,0,0,0,0,0,0,1}},
 {turn_min_port,49152},
 {turn_max_port,65535},
 {turn_max_allocations,10},
 {turn_max_permissions,10},
 {shaper,100000},
 {turn_blacklist,[{{203,0,113,4},32},{{8193,3512,0,0,0,0,0,4},128}]},
 {auth_realm,<<"eturnal.net">>},
 {server_name,<<"eturnal">>},
 {auth_fun,fun eturnal:get_password/2},
 {hook_fun,fun eturnal:run_hook/2}] (eturnal:start_listeners/0:335)
2022-01-03 10:27:56.396590+00:00 [info] Listening on 127.0.0.1:34780 (tcp) (STUN only) (eturnal:start_listeners/0:340)
2022-01-03 10:27:56.396722+00:00 [debug] Starting listener 127.0.0.1:53490 (tls) with options:
[{use_turn,false},
 {auth_type,anonymous},
 {tls,true},
 {certfile,<<"run/cert.pem">>},
 {turn_ipv4_address,{10,1,1,166}},
 {turn_ipv6_address,{0,0,0,0,0,0,0,1}},
 {turn_min_port,49152},
 {turn_max_port,65535},
 {turn_max_allocations,10},
 {turn_max_permissions,10},
 {shaper,100000},
 {turn_blacklist,[{{203,0,113,4},32},{{8193,3512,0,0,0,0,0,4},128}]},
 {auth_realm,<<"eturnal.net">>},
 {server_name,<<"eturnal">>},
 {auth_fun,fun eturnal:get_password/2},
 {hook_fun,fun eturnal:run_hook/2}] (eturnal:start_listeners/0:335)
2022-01-03 10:27:56.398179+00:00 [info] Listening on 127.0.0.1:53490 (tls) (STUN only) (eturnal:start_listeners/0:340)
2022-01-03 10:27:56.398302+00:00 [debug] Starting listener 127.0.0.1:34781 (auto) with options:
[{use_turn,false},
 {auth_type,anonymous},
 {tls,optional},
 {certfile,<<"run/cert.pem">>},
 {turn_ipv4_address,{10,1,1,166}},
 {turn_ipv6_address,{0,0,0,0,0,0,0,1}},
 {turn_min_port,49152},
 {turn_max_port,65535},
 {turn_max_allocations,10},
 {turn_max_permissions,10},
 {shaper,100000},
 {turn_blacklist,[{{203,0,113,4},32},{{8193,3512,0,0,0,0,0,4},128}]},
 {auth_realm,<<"eturnal.net">>},
 {server_name,<<"eturnal">>},
 {auth_fun,fun eturnal:get_password/2},
 {hook_fun,fun eturnal:run_hook/2}] (eturnal:start_listeners/0:335)
2022-01-03 10:27:56.419460+00:00 [info] Listening on 127.0.0.1:34781 (auto) (STUN only) (eturnal:start_listeners/0:340)
2022-01-03 10:27:56.419599+00:00 [debug] Started 4 listeners (eturnal:init/1:116)
2022-01-03 10:27:56.419727+00:00 [debug] PROGRESS REPORT:
    supervisor: {local,eturnal_sup}
    started: [{pid,<0.717.0>},
              {id,eturnal},
              {mfargs,{eturnal,start_link,[]}},
              {restart_type,permanent},
              {significant,false},
              {shutdown,5000},
              {child_type,worker}]
 (supervisor:report_progress/2:1562)
2022-01-03 10:27:56.419826+00:00 [debug] No NOTIFY_SOCKET, dropping READY=1 notification (eturnal_systemd:handle_cast/2:107)
2022-01-03 10:27:56.419851+00:00 [debug] PROGRESS REPORT:
    application: eturnal
    started_at: nonode@nohost
 (application_controller:info_started/2:2107)
2022-01-03 10:27:56.419926+00:00 [debug] Watchdog interval is undefined, hibernating (eturnal_systemd:get_timeout/1:160)
2022-01-03 10:27:56.456443+00:00 [debug] Handling API call: get_info() (eturnal_ctl:get_info/0:119)
2022-01-03 10:27:56.457055+00:00 [debug] eturnal call (get_info) returned {ok,
                                  {eturnal_node_info,<<"1.7.0">>,
                                   {"24","12.2"},
                                   3728,0,136,86788181,2,38926384}} (eturnal_ctl:call/1:388)
2022-01-03 10:27:56.481836+00:00 [debug] Handling API call: get_sessions() (eturnal_ctl:get_sessions/0:105)
2022-01-03 10:27:56.506285+00:00 [debug] Handling API call: get_credentials("2009-10-30 11:00:00Z", []) (eturnal_ctl:get_credentials/2:56)
2022-01-03 10:27:56.506476+00:00 [debug] eturnal call ({get_password,<<"1256900400">>}) returned {ok,
                                                         <<"uEKlpcME7MNMMVRV8rUFPCTIFEs=">>} (eturnal_ctl:call/1:388)
2022-01-03 10:27:56.517106+00:00 [debug] Handling API call: get_credentials("86400", "alice") (eturnal_ctl:get_credentials/2:56)
2022-01-03 10:27:56.517291+00:00 [debug] eturnal call ({get_password,<<"1641292076:alice">>}) returned {ok,
                                                               <<"71aTqONQNbKkAOX53ivbT9nCCik=">>} (eturnal_ctl:call/1:388)
2022-01-03 10:27:56.517425+00:00 [debug] Handling API call: get_password("1641292076:alice") (eturnal_ctl:get_password/1:78)
2022-01-03 10:27:56.517539+00:00 [debug] eturnal call ({get_password,<<"1641292076:alice">>}) returned {ok,
                                                               <<"71aTqONQNbKkAOX53ivbT9nCCik=">>} (eturnal_ctl:call/1:388)
2022-01-03 10:27:56.517717+00:00 [debug] Handling API call: get_credentials("86400s", "alice") (eturnal_ctl:get_credentials/2:56)
2022-01-03 10:27:56.517940+00:00 [debug] eturnal call ({get_password,<<"1641292076:alice">>}) returned {ok,
                                                               <<"71aTqONQNbKkAOX53ivbT9nCCik=">>} (eturnal_ctl:call/1:388)
2022-01-03 10:27:56.518100+00:00 [debug] Handling API call: get_password("1641292076:alice") (eturnal_ctl:get_password/1:78)
2022-01-03 10:27:56.518238+00:00 [debug] eturnal call ({get_password,<<"1641292076:alice">>}) returned {ok,
                                                               <<"71aTqONQNbKkAOX53ivbT9nCCik=">>} (eturnal_ctl:call/1:388)
2022-01-03 10:27:56.518401+00:00 [debug] Handling API call: get_credentials("1440m", "alice") (eturnal_ctl:get_credentials/2:56)
2022-01-03 10:27:56.518598+00:00 [debug] eturnal call ({get_password,<<"1641292076:alice">>}) returned {ok,
                                                               <<"71aTqONQNbKkAOX53ivbT9nCCik=">>} (eturnal_ctl:call/1:388)
2022-01-03 10:27:56.518775+00:00 [debug] Handling API call: get_password("1641292076:alice") (eturnal_ctl:get_password/1:78)
2022-01-03 10:27:56.518926+00:00 [debug] eturnal call ({get_password,<<"1641292076:alice">>}) returned {ok,
                                                               <<"71aTqONQNbKkAOX53ivbT9nCCik=">>} (eturnal_ctl:call/1:388)
2022-01-03 10:27:56.519105+00:00 [debug] Handling API call: get_credentials("24h", "alice") (eturnal_ctl:get_credentials/2:56)
2022-01-03 10:27:56.519286+00:00 [debug] eturnal call ({get_password,<<"1641292076:alice">>}) returned {ok,
                                                               <<"71aTqONQNbKkAOX53ivbT9nCCik=">>} (eturnal_ctl:call/1:388)
2022-01-03 10:27:56.519463+00:00 [debug] Handling API call: get_password("1641292076:alice") (eturnal_ctl:get_password/1:78)
2022-01-03 10:27:56.519606+00:00 [debug] eturnal call ({get_password,<<"1641292076:alice">>}) returned {ok,
                                                               <<"71aTqONQNbKkAOX53ivbT9nCCik=">>} (eturnal_ctl:call/1:388)
2022-01-03 10:27:56.519821+00:00 [debug] Handling API call: get_credentials("1d", "alice") (eturnal_ctl:get_credentials/2:56)
2022-01-03 10:27:56.520048+00:00 [debug] eturnal call ({get_password,<<"1641292076:alice">>}) returned {ok,
                                                               <<"71aTqONQNbKkAOX53ivbT9nCCik=">>} (eturnal_ctl:call/1:388)
2022-01-03 10:27:56.520193+00:00 [debug] Handling API call: get_password("1641292076:alice") (eturnal_ctl:get_password/1:78)
2022-01-03 10:27:56.520341+00:00 [debug] eturnal call ({get_password,<<"1641292076:alice">>}) returned {ok,
                                                               <<"71aTqONQNbKkAOX53ivbT9nCCik=">>} (eturnal_ctl:call/1:388)
2022-01-03 10:27:56.545240+00:00 [debug] Handling API call: set_loglevel(debug) (eturnal_ctl:set_loglevel/1:149)
2022-01-03 10:27:56.545505+00:00 [debug] eturnal call ({set_loglevel,debug}) returned ok (eturnal_ctl:call/1:385)
2022-01-03 10:27:56.545725+00:00 [debug] Handling API call: get_loglevel() (eturnal_ctl:get_loglevel/0:139)
2022-01-03 10:27:56.545876+00:00 [debug] eturnal call (get_loglevel) returned {ok,debug} (eturnal_ctl:call/1:388)
2022-01-03 10:27:56.570066+00:00 [debug] Handling API call: get_version() (eturnal_ctl:get_version/0:129)
2022-01-03 10:27:56.570303+00:00 [debug] eturnal call (get_version) returned {ok,<<"1.7.0">>} (eturnal_ctl:call/1:388)
2022-01-03 10:27:56.595267+00:00 [debug] Handling API call: reload() (eturnal_ctl:reload/0:168)
2022-01-03 10:27:56.597054+00:00 [warning] TLS enabled without 'tls_crt_file', creating self-signed certificate (eturnal:check_pem_file/0:605)
2022-01-03 10:27:57.716828+00:00 [info] Using new TLS certificate (eturnal:handle_call/3:135)
2022-01-03 10:27:57.717058+00:00 [debug] Reloaded configuration (eturnal:handle_call/3:141)
2022-01-03 10:27:57.717183+00:00 [debug] eturnal call (reload) returned ok (eturnal_ctl:call/1:385)
2022-01-03 10:27:57.717564+00:00 [debug] Handling API call: reload() (eturnal_ctl:reload/0:168)
2022-01-03 10:27:57.719659+00:00 [debug] Keeping PEM file (run/cert.pem) (eturnal:check_pem_file/0:602)
2022-01-03 10:27:57.719795+00:00 [debug] TLS certificate unchanged (eturnal:handle_call/3:137)
2022-01-03 10:27:57.719939+00:00 [debug] Reloaded configuration (eturnal:handle_call/3:141)
2022-01-03 10:27:57.720310+00:00 [debug] eturnal call (reload) returned ok (eturnal_ctl:call/1:385)
2022-01-03 10:27:57.747797+00:00 [info] Accepting connection: 127.0.0.1:35010 -> 127.0.0.1:34780 [TCP, session z] (stun_listener:accept/3:221)
2022-01-03 10:27:57.772462+00:00 [info] Accepting connection: 127.0.0.1:35042 -> 127.0.0.1:53490 [TLS, session 2] (stun_listener:accept/3:221)
2022-01-03 10:27:57.802791+00:00 [debug] Received:
#stun{class = request,method = 3,magic = 554869826,
      trid = 44094836630111864570989716550,raw = <<>>,unsupported = [],
      'ALTERNATE-SERVER' = undefined,'CHANNEL-NUMBER' = undefined,
      'DATA' = undefined,'DONT-FRAGMENT' = false,'ERROR-CODE' = undefined,
      'LIFETIME' = undefined,'MAPPED-ADDRESS' = undefined,
      'MESSAGE-INTEGRITY' = undefined,'NONCE' = undefined,'REALM' = undefined,
      'REQUESTED-ADDRESS-FAMILY' = undefined,
      'REQUESTED-TRANSPORT' = undefined,'SOFTWARE' = undefined,
      'UNKNOWN-ATTRIBUTES' = [],'USERNAME' = undefined,
      'XOR-MAPPED-ADDRESS' = undefined,'XOR-PEER-ADDRESS' = [],
      'XOR-RELAYED-ADDRESS' = undefined} (stun:udp_recv/5:111)
2022-01-03 10:27:57.802982+00:00 [debug] Sending:
#stun{class = error,method = 3,magic = 554869826,
      trid = 44094836630111864570989716550,raw = <<>>,unsupported = [],
      'ALTERNATE-SERVER' = undefined,'CHANNEL-NUMBER' = undefined,
      'DATA' = undefined,'DONT-FRAGMENT' = false,
      'ERROR-CODE' = {401,<<"Unauthorized">>},
      'LIFETIME' = undefined,'MAPPED-ADDRESS' = undefined,
      'MESSAGE-INTEGRITY' = undefined,'NONCE' = <<"3650695376">>,
      'REALM' = <<"eturnal.net">>,'REQUESTED-ADDRESS-FAMILY' = undefined,
      'REQUESTED-TRANSPORT' = undefined,'SOFTWARE' = <<"eturnal">>,
      'UNKNOWN-ATTRIBUTES' = [],'USERNAME' = undefined,
      'XOR-MAPPED-ADDRESS' = undefined,'XOR-PEER-ADDRESS' = [],
      'XOR-RELAYED-ADDRESS' = undefined} (stun:send/3:433)
2022-01-03 10:27:57.803322+00:00 [debug] Received:
#stun{class = request,method = 3,magic = 554869826,
      trid = 11464511199029259393038520701,
      raw = <<0,3,0,80,33,18,164,66,37,11,56,173,108,112,200,51,152,131,145,
              125,0,25,0,4,17,0,0,0,0,6,0,10,50,49,52,53,57,49,51,50,48,48,0,0,
              0,20,0,11,101,116,117,114,110,97,108,46,110,101,116,0,0,21,0,10,
              51,54,53,48,54,57,53,51,55,54,0,0>>,
      unsupported = [],'ALTERNATE-SERVER' = undefined,
      'CHANNEL-NUMBER' = undefined,'DATA' = undefined,'DONT-FRAGMENT' = false,
      'ERROR-CODE' = undefined,'LIFETIME' = undefined,
      'MAPPED-ADDRESS' = undefined,
      'MESSAGE-INTEGRITY' = <<141,59,28,54,34,166,103,36,12,78,8,30,101,252,
                              198,90,144,193,97,186>>,
      'NONCE' = <<"3650695376">>,'REALM' = <<"eturnal.net">>,
      'REQUESTED-ADDRESS-FAMILY' = undefined,'REQUESTED-TRANSPORT' = udp,
      'SOFTWARE' = undefined,'UNKNOWN-ATTRIBUTES' = [],
      'USERNAME' = <<"2145913200">>,'XOR-MAPPED-ADDRESS' = undefined,
      'XOR-PEER-ADDRESS' = [],'XOR-RELAYED-ADDRESS' = undefined} (stun:udp_recv/5:111)
2022-01-03 10:27:57.803480+00:00 [debug] Looking up password for: 2145913200 [UDP, session 1u, user 2145913200, client 127.0.0.1:58685] (eturnal:get_password/2:219)
2022-01-03 10:27:57.803567+00:00 [info] Accepting long-term STUN/TURN authentication [UDP, session 1u, user 2145913200, client 127.0.0.1:58685] (stun:process/2:249)
2022-01-03 10:27:57.806483+00:00 [debug] Running 'turn_session_start' hook [UDP, session 1u, user 2145913200, client 127.0.0.1:58685] (turn:run_hook/2:701)
2022-01-03 10:27:57.806566+00:00 [debug] Got 'turn_session_start' event [UDP, session 1u, user 2145913200, client 127.0.0.1:58685] (eturnal_module:handle_event/2:151)
2022-01-03 10:27:57.806826+00:00 [notice] Creating TURN allocation (lifetime: 600 seconds) [UDP, session 1u, user 2145913200, client 127.0.0.1:58685, relay 10.1.1.166:56623] (turn:wait_for_allocate/2:205)
2022-01-03 10:27:57.806956+00:00 [debug] Sending:
#stun{class = response,method = 3,magic = 554869826,
      trid = 11464511199029259393038520701,raw = <<>>,unsupported = [],
      'ALTERNATE-SERVER' = undefined,'CHANNEL-NUMBER' = undefined,
      'DATA' = undefined,'DONT-FRAGMENT' = false,'ERROR-CODE' = undefined,
      'LIFETIME' = 600,'MAPPED-ADDRESS' = undefined,
      'MESSAGE-INTEGRITY' = undefined,'NONCE' = undefined,'REALM' = undefined,
      'REQUESTED-ADDRESS-FAMILY' = undefined,
      'REQUESTED-TRANSPORT' = undefined,'SOFTWARE' = undefined,
      'UNKNOWN-ATTRIBUTES' = [],'USERNAME' = undefined,
      'XOR-MAPPED-ADDRESS' = {{127,0,0,1},58685},
      'XOR-PEER-ADDRESS' = [],
      'XOR-RELAYED-ADDRESS' = {{10,1,1,166},56623}} (turn:send/2:519)
2022-01-03 10:27:57.807248+00:00 [debug] Received:
#stun{class = request,method = 4,magic = 554869826,
      trid = 1370448309830271000053350493,
      raw = <<0,4,0,80,33,18,164,66,4,109,155,183,189,103,7,225,151,49,0,93,0,
              6,0,10,50,49,52,53,57,49,51,50,48,48,0,0,0,20,0,11,101,116,117,
              114,110,97,108,46,110,101,116,0,0,21,0,10,51,54,53,48,54,57,53,
              51,55,54,0,0,0,13,0,4,0,0,0,0>>,
      unsupported = [],'ALTERNATE-SERVER' = undefined,
      'CHANNEL-NUMBER' = undefined,'DATA' = undefined,'DONT-FRAGMENT' = false,
      'ERROR-CODE' = undefined,'LIFETIME' = 0,'MAPPED-ADDRESS' = undefined,
      'MESSAGE-INTEGRITY' = <<165,182,188,34,255,6,112,143,235,21,54,129,98,
                              164,149,192,39,156,79,5>>,
      'NONCE' = <<"3650695376">>,'REALM' = <<"eturnal.net">>,
      'REQUESTED-ADDRESS-FAMILY' = undefined,
      'REQUESTED-TRANSPORT' = undefined,'SOFTWARE' = undefined,
      'UNKNOWN-ATTRIBUTES' = [],'USERNAME' = <<"2145913200">>,
      'XOR-MAPPED-ADDRESS' = undefined,'XOR-PEER-ADDRESS' = [],
      'XOR-RELAYED-ADDRESS' = undefined} (stun:udp_recv/5:111)
2022-01-03 10:27:57.807370+00:00 [debug] Looking up password for: 2145913200 [UDP, session 2q, user 2145913200, client 127.0.0.1:58685] (eturnal:get_password/2:219)
2022-01-03 10:27:57.807474+00:00 [info] Accepting long-term STUN/TURN authentication [UDP, session 2q, user 2145913200, client 127.0.0.1:58685] (stun:process/2:249)
2022-01-03 10:27:57.807550+00:00 [info] Client requested closing the TURN session [UDP, session 1u, user 2145913200, client 127.0.0.1:58685, relay 10.1.1.166:56623] (turn:active/2:260)
2022-01-03 10:27:57.807636+00:00 [debug] Sending:
#stun{class = response,method = 4,magic = 554869826,
      trid = 1370448309830271000053350493,raw = <<>>,unsupported = [],
      'ALTERNATE-SERVER' = undefined,'CHANNEL-NUMBER' = undefined,
      'DATA' = undefined,'DONT-FRAGMENT' = false,'ERROR-CODE' = undefined,
      'LIFETIME' = 0,'MAPPED-ADDRESS' = undefined,
      'MESSAGE-INTEGRITY' = undefined,'NONCE' = undefined,'REALM' = undefined,
      'REQUESTED-ADDRESS-FAMILY' = undefined,
      'REQUESTED-TRANSPORT' = undefined,'SOFTWARE' = undefined,
      'UNKNOWN-ATTRIBUTES' = [],'USERNAME' = undefined,
      'XOR-MAPPED-ADDRESS' = undefined,'XOR-PEER-ADDRESS' = [],
      'XOR-RELAYED-ADDRESS' = undefined} (turn:send/2:519)
2022-01-03 10:27:57.807755+00:00 [info] Deleting TURN allocation [UDP, session 1u, user 2145913200, client 127.0.0.1:58685, relay 10.1.1.166:56623] (turn:terminate/3:452)
2022-01-03 10:27:57.807873+00:00 [notice] Relayed 0 KiB (in 0 B / 0 packets, out 0 B / 0 packets), duration: 0 seconds [UDP, session 1u, user 2145913200, client 127.0.0.1:58685, relay 10.1.1.166:56623] (turn:terminate/3:459)
2022-01-03 10:27:57.807943+00:00 [debug] Running 'turn_session_stop' hook [UDP, session 1u, user 2145913200, client 127.0.0.1:58685, relay 10.1.1.166:56623] (turn:run_hook/2:701)
2022-01-03 10:27:57.807999+00:00 [debug] Got 'turn_session_stop' event [UDP, session 1u, user 2145913200, client 127.0.0.1:58685, relay 10.1.1.166:56623] (eturnal_module:handle_event/2:151)
2022-01-03 10:27:57.808040+00:00 [debug] Calling mod_stats_influx:handle_event/2 [UDP, session 1u, user 2145913200, client 127.0.0.1:58685, relay 10.1.1.166:56623] (eturnal_module:handle_event/2:154)
2022-01-03 10:27:57.808076+00:00 [debug] Writing stats of TURN session 1u to InfluxDB [UDP, session 1u, user 2145913200, client 127.0.0.1:58685, relay 10.1.1.166:56623] (mod_stats_influx:on_turn_session_stop/1:81)
2022-01-03 10:27:57.832079+00:00 [debug] Received:
#stun{class = request,method = 1,magic = 554869826,
      trid = 74601662495944185981168588585,raw = <<>>,unsupported = [],
      'ALTERNATE-SERVER' = undefined,'CHANNEL-NUMBER' = undefined,
      'DATA' = undefined,'DONT-FRAGMENT' = false,'ERROR-CODE' = undefined,
      'LIFETIME' = undefined,'MAPPED-ADDRESS' = undefined,
      'MESSAGE-INTEGRITY' = undefined,'NONCE' = undefined,'REALM' = undefined,
      'REQUESTED-ADDRESS-FAMILY' = undefined,
      'REQUESTED-TRANSPORT' = undefined,'SOFTWARE' = undefined,
      'UNKNOWN-ATTRIBUTES' = [],'USERNAME' = undefined,
      'XOR-MAPPED-ADDRESS' = undefined,'XOR-PEER-ADDRESS' = [],
      'XOR-RELAYED-ADDRESS' = undefined} (stun:udp_recv/5:111)
2022-01-03 10:27:57.832194+00:00 [debug] Responding to STUN request [UDP, session 3m, anonymous, client 127.0.0.1:37551] (stun:process/3:308)
2022-01-03 10:27:57.832238+00:00 [debug] Running 'stun_query' hook [UDP, session 3m, anonymous, client 127.0.0.1:37551] (stun:run_hook/3:781)
2022-01-03 10:27:57.832286+00:00 [debug] Got 'stun_query' event [UDP, session 3m, anonymous, client 127.0.0.1:37551] (eturnal_module:handle_event/2:151)
2022-01-03 10:27:57.832328+00:00 [debug] Calling mod_log_stun:handle_event/2 [UDP, session 3m, anonymous, client 127.0.0.1:37551] (eturnal_module:handle_event/2:154)
2022-01-03 10:27:57.832365+00:00 [info] Responding to STUN request [UDP, session 3m, anonymous, client 127.0.0.1:37551] (mod_log_stun:handle_event/2:45)
2022-01-03 10:27:57.832408+00:00 [debug] Calling mod_stats_influx:handle_event/2 [UDP, session 3m, anonymous, client 127.0.0.1:37551] (eturnal_module:handle_event/2:154)
2022-01-03 10:27:57.832448+00:00 [debug] Writing STUN query event to InfluxDB [UDP, session 3m, anonymous, client 127.0.0.1:37551] (mod_stats_influx:on_stun_query/1:70)
2022-01-03 10:27:57.832610+00:00 [debug] Sending:
#stun{class = response,method = 1,magic = 554869826,
      trid = 74601662495944185981168588585,raw = <<>>,unsupported = [],
      'ALTERNATE-SERVER' = undefined,'CHANNEL-NUMBER' = undefined,
      'DATA' = undefined,'DONT-FRAGMENT' = false,'ERROR-CODE' = undefined,
      'LIFETIME' = undefined,'MAPPED-ADDRESS' = undefined,
      'MESSAGE-INTEGRITY' = undefined,'NONCE' = undefined,'REALM' = undefined,
      'REQUESTED-ADDRESS-FAMILY' = undefined,
      'REQUESTED-TRANSPORT' = undefined,'SOFTWARE' = <<"eturnal">>,
      'UNKNOWN-ATTRIBUTES' = [],'USERNAME' = undefined,
      'XOR-MAPPED-ADDRESS' = {{127,0,0,1},37551},
      'XOR-PEER-ADDRESS' = [],'XOR-RELAYED-ADDRESS' = undefined} (stun:send/3:433)
2022-01-03 10:27:57.857417+00:00 [info] Accepting connection: 127.0.0.1:35014 -> 127.0.0.1:34780 [TCP, session 1v] (stun_listener:accept/3:221)
2022-01-03 10:27:57.857682+00:00 [debug] Received:
#stun{class = request,method = 1,magic = 554869826,
      trid = 45911886252817646614849564530,raw = <<>>,unsupported = [],
      'ALTERNATE-SERVER' = undefined,'CHANNEL-NUMBER' = undefined,
      'DATA' = undefined,'DONT-FRAGMENT' = false,'ERROR-CODE' = undefined,
      'LIFETIME' = undefined,'MAPPED-ADDRESS' = undefined,
      'MESSAGE-INTEGRITY' = undefined,'NONCE' = undefined,'REALM' = undefined,
      'REQUESTED-ADDRESS-FAMILY' = undefined,
      'REQUESTED-TRANSPORT' = undefined,'SOFTWARE' = undefined,
      'UNKNOWN-ATTRIBUTES' = [],'USERNAME' = undefined,
      'XOR-MAPPED-ADDRESS' = undefined,'XOR-PEER-ADDRESS' = [],
      'XOR-RELAYED-ADDRESS' = undefined} (stun:process_data/3:392)
2022-01-03 10:27:57.857810+00:00 [debug] Responding to STUN request [TCP, session 1v, anonymous, client 127.0.0.1:35014] (stun:process/3:308)
2022-01-03 10:27:57.857852+00:00 [debug] Running 'stun_query' hook [TCP, session 1v, anonymous, client 127.0.0.1:35014] (stun:run_hook/3:781)
2022-01-03 10:27:57.857931+00:00 [debug] Got 'stun_query' event [TCP, session 1v, anonymous, client 127.0.0.1:35014] (eturnal_module:handle_event/2:151)
2022-01-03 10:27:57.857986+00:00 [debug] Calling mod_log_stun:handle_event/2 [TCP, session 1v, anonymous, client 127.0.0.1:35014] (eturnal_module:handle_event/2:154)
2022-01-03 10:27:57.858023+00:00 [info] Responding to STUN request [TCP, session 1v, anonymous, client 127.0.0.1:35014] (mod_log_stun:handle_event/2:45)
2022-01-03 10:27:57.858107+00:00 [debug] Calling mod_stats_influx:handle_event/2 [TCP, session 1v, anonymous, client 127.0.0.1:35014] (eturnal_module:handle_event/2:154)
2022-01-03 10:27:57.858150+00:00 [debug] Writing STUN query event to InfluxDB [TCP, session 1v, anonymous, client 127.0.0.1:35014] (mod_stats_influx:on_stun_query/1:70)
2022-01-03 10:27:57.858314+00:00 [debug] Sending:
#stun{class = response,method = 1,magic = 554869826,
      trid = 45911886252817646614849564530,raw = <<>>,unsupported = [],
      'ALTERNATE-SERVER' = undefined,'CHANNEL-NUMBER' = undefined,
      'DATA' = undefined,'DONT-FRAGMENT' = false,'ERROR-CODE' = undefined,
      'LIFETIME' = undefined,'MAPPED-ADDRESS' = undefined,
      'MESSAGE-INTEGRITY' = undefined,'NONCE' = undefined,'REALM' = undefined,
      'REQUESTED-ADDRESS-FAMILY' = undefined,
      'REQUESTED-TRANSPORT' = undefined,'SOFTWARE' = <<"P1 STUN library">>,
      'UNKNOWN-ATTRIBUTES' = [],'USERNAME' = undefined,
      'XOR-MAPPED-ADDRESS' = {{127,0,0,1},35014},
      'XOR-PEER-ADDRESS' = [],'XOR-RELAYED-ADDRESS' = undefined} (stun:send/3:433)
2022-01-03 10:27:57.858615+00:00 [info] Connection reset by peer [TCP, session 1v, anonymous, client 127.0.0.1:35014] (stun:handle_info/3:171)
2022-01-03 10:27:57.883239+00:00 [info] Accepting connection: 127.0.0.1:35046 -> 127.0.0.1:53490 [TLS, session 2b] (stun_listener:accept/3:221)
2022-01-03 10:27:57.995179+00:00 [debug] Received:
#stun{class = request,method = 1,magic = 554869826,
      trid = 6842893080455893243196788249,raw = <<>>,unsupported = [],
      'ALTERNATE-SERVER' = undefined,'CHANNEL-NUMBER' = undefined,
      'DATA' = undefined,'DONT-FRAGMENT' = false,'ERROR-CODE' = undefined,
      'LIFETIME' = undefined,'MAPPED-ADDRESS' = undefined,
      'MESSAGE-INTEGRITY' = undefined,'NONCE' = undefined,'REALM' = undefined,
      'REQUESTED-ADDRESS-FAMILY' = undefined,
      'REQUESTED-TRANSPORT' = undefined,'SOFTWARE' = undefined,
      'UNKNOWN-ATTRIBUTES' = [],'USERNAME' = undefined,
      'XOR-MAPPED-ADDRESS' = undefined,'XOR-PEER-ADDRESS' = [],
      'XOR-RELAYED-ADDRESS' = undefined} (stun:process_data/3:392)
2022-01-03 10:27:57.995283+00:00 [debug] Responding to STUN request [TLS, session 2b, anonymous, client 127.0.0.1:35046] (stun:process/3:308)
2022-01-03 10:27:57.995337+00:00 [debug] Running 'stun_query' hook [TLS, session 2b, anonymous, client 127.0.0.1:35046] (stun:run_hook/3:781)
2022-01-03 10:27:57.995424+00:00 [debug] Got 'stun_query' event [TLS, session 2b, anonymous, client 127.0.0.1:35046] (eturnal_module:handle_event/2:151)
2022-01-03 10:27:57.995467+00:00 [debug] Calling mod_log_stun:handle_event/2 [TLS, session 2b, anonymous, client 127.0.0.1:35046] (eturnal_module:handle_event/2:154)
2022-01-03 10:27:57.995531+00:00 [info] Responding to STUN request [TLS, session 2b, anonymous, client 127.0.0.1:35046] (mod_log_stun:handle_event/2:45)
2022-01-03 10:27:57.995570+00:00 [debug] Calling mod_stats_influx:handle_event/2 [TLS, session 2b, anonymous, client 127.0.0.1:35046] (eturnal_module:handle_event/2:154)
2022-01-03 10:27:57.995605+00:00 [debug] Writing STUN query event to InfluxDB [TLS, session 2b, anonymous, client 127.0.0.1:35046] (mod_stats_influx:on_stun_query/1:70)
2022-01-03 10:27:57.995852+00:00 [debug] Sending:
#stun{class = response,method = 1,magic = 554869826,
      trid = 6842893080455893243196788249,raw = <<>>,unsupported = [],
      'ALTERNATE-SERVER' = undefined,'CHANNEL-NUMBER' = undefined,
      'DATA' = undefined,'DONT-FRAGMENT' = false,'ERROR-CODE' = undefined,
      'LIFETIME' = undefined,'MAPPED-ADDRESS' = undefined,
      'MESSAGE-INTEGRITY' = undefined,'NONCE' = undefined,'REALM' = undefined,
      'REQUESTED-ADDRESS-FAMILY' = undefined,
      'REQUESTED-TRANSPORT' = undefined,'SOFTWARE' = <<"P1 STUN library">>,
      'UNKNOWN-ATTRIBUTES' = [],'USERNAME' = undefined,
      'XOR-MAPPED-ADDRESS' = {{127,0,0,1},35046},
      'XOR-PEER-ADDRESS' = [],'XOR-RELAYED-ADDRESS' = undefined} (stun:send/3:433)
2022-01-03 10:27:57.996126+00:00 [info] Connection reset by peer [TLS, session 2b, anonymous, client 127.0.0.1:35046] (stun:handle_info/3:171)
2022-01-03 10:27:58.020249+00:00 [info] Accepting connection: 127.0.0.1:55398 -> 127.0.0.1:34781 [TCP|TLS, session 1f] (stun_listener:accept/3:221)
2022-01-03 10:27:58.020382+00:00 [debug] Determined transport protocol: TCP (stun:is_tls_handshake/1:745)
2022-01-03 10:27:58.020663+00:00 [debug] Received:
#stun{class = request,method = 1,magic = 554869826,
      trid = 70322940990753364522835789092,raw = <<>>,unsupported = [],
      'ALTERNATE-SERVER' = undefined,'CHANNEL-NUMBER' = undefined,
      'DATA' = undefined,'DONT-FRAGMENT' = false,'ERROR-CODE' = undefined,
      'LIFETIME' = undefined,'MAPPED-ADDRESS' = undefined,
      'MESSAGE-INTEGRITY' = undefined,'NONCE' = undefined,'REALM' = undefined,
      'REQUESTED-ADDRESS-FAMILY' = undefined,
      'REQUESTED-TRANSPORT' = undefined,'SOFTWARE' = undefined,
      'UNKNOWN-ATTRIBUTES' = [],'USERNAME' = undefined,
      'XOR-MAPPED-ADDRESS' = undefined,'XOR-PEER-ADDRESS' = [],
      'XOR-RELAYED-ADDRESS' = undefined} (stun:process_data/3:392)
2022-01-03 10:27:58.020774+00:00 [debug] Responding to STUN request [TCP, session 1f, anonymous, client 127.0.0.1:55398] (stun:process/3:308)
2022-01-03 10:27:58.020822+00:00 [debug] Running 'stun_query' hook [TCP, session 1f, anonymous, client 127.0.0.1:55398] (stun:run_hook/3:781)
2022-01-03 10:27:58.020870+00:00 [debug] Got 'stun_query' event [TCP, session 1f, anonymous, client 127.0.0.1:55398] (eturnal_module:handle_event/2:151)
2022-01-03 10:27:58.020909+00:00 [debug] Calling mod_log_stun:handle_event/2 [TCP, session 1f, anonymous, client 127.0.0.1:55398] (eturnal_module:handle_event/2:154)
2022-01-03 10:27:58.020950+00:00 [info] Responding to STUN request [TCP, session 1f, anonymous, client 127.0.0.1:55398] (mod_log_stun:handle_event/2:45)
2022-01-03 10:27:58.021011+00:00 [debug] Calling mod_stats_influx:handle_event/2 [TCP, session 1f, anonymous, client 127.0.0.1:55398] (eturnal_module:handle_event/2:154)
2022-01-03 10:27:58.021052+00:00 [debug] Writing STUN query event to InfluxDB [TCP, session 1f, anonymous, client 127.0.0.1:55398] (mod_stats_influx:on_stun_query/1:70)
2022-01-03 10:27:58.021242+00:00 [debug] Sending:
#stun{class = response,method = 1,magic = 554869826,
      trid = 70322940990753364522835789092,raw = <<>>,unsupported = [],
      'ALTERNATE-SERVER' = undefined,'CHANNEL-NUMBER' = undefined,
      'DATA' = undefined,'DONT-FRAGMENT' = false,'ERROR-CODE' = undefined,
      'LIFETIME' = undefined,'MAPPED-ADDRESS' = undefined,
      'MESSAGE-INTEGRITY' = undefined,'NONCE' = undefined,'REALM' = undefined,
      'REQUESTED-ADDRESS-FAMILY' = undefined,
      'REQUESTED-TRANSPORT' = undefined,'SOFTWARE' = <<"P1 STUN library">>,
      'UNKNOWN-ATTRIBUTES' = [],'USERNAME' = undefined,
      'XOR-MAPPED-ADDRESS' = {{127,0,0,1},55398},
      'XOR-PEER-ADDRESS' = [],'XOR-RELAYED-ADDRESS' = undefined} (stun:send/3:433)
2022-01-03 10:27:58.021479+00:00 [info] Connection reset by peer [TCP, session 1f, anonymous, client 127.0.0.1:55398] (stun:handle_info/3:171)
2022-01-03 10:27:58.045291+00:00 [info] Accepting connection: 127.0.0.1:55400 -> 127.0.0.1:34781 [TCP|TLS, session 4z] (stun_listener:accept/3:221)
2022-01-03 10:27:58.045481+00:00 [debug] Determined transport protocol: TLS (stun:is_tls_handshake/1:742)
2022-01-03 10:27:58.157256+00:00 [debug] Received:
#stun{class = request,method = 1,magic = 554869826,
      trid = 62436436474567064182076649736,raw = <<>>,unsupported = [],
      'ALTERNATE-SERVER' = undefined,'CHANNEL-NUMBER' = undefined,
      'DATA' = undefined,'DONT-FRAGMENT' = false,'ERROR-CODE' = undefined,
      'LIFETIME' = undefined,'MAPPED-ADDRESS' = undefined,
      'MESSAGE-INTEGRITY' = undefined,'NONCE' = undefined,'REALM' = undefined,
      'REQUESTED-ADDRESS-FAMILY' = undefined,
      'REQUESTED-TRANSPORT' = undefined,'SOFTWARE' = undefined,
      'UNKNOWN-ATTRIBUTES' = [],'USERNAME' = undefined,
      'XOR-MAPPED-ADDRESS' = undefined,'XOR-PEER-ADDRESS' = [],
      'XOR-RELAYED-ADDRESS' = undefined} (stun:process_data/3:392)
2022-01-03 10:27:58.157385+00:00 [debug] Responding to STUN request [TLS, session 4z, anonymous, client 127.0.0.1:55400] (stun:process/3:308)
2022-01-03 10:27:58.157443+00:00 [debug] Running 'stun_query' hook [TLS, session 4z, anonymous, client 127.0.0.1:55400] (stun:run_hook/3:781)
2022-01-03 10:27:58.157487+00:00 [debug] Got 'stun_query' event [TLS, session 4z, anonymous, client 127.0.0.1:55400] (eturnal_module:handle_event/2:151)
2022-01-03 10:27:58.157528+00:00 [debug] Calling mod_log_stun:handle_event/2 [TLS, session 4z, anonymous, client 127.0.0.1:55400] (eturnal_module:handle_event/2:154)
2022-01-03 10:27:58.157573+00:00 [info] Responding to STUN request [TLS, session 4z, anonymous, client 127.0.0.1:55400] (mod_log_stun:handle_event/2:45)
2022-01-03 10:27:58.157620+00:00 [debug] Calling mod_stats_influx:handle_event/2 [TLS, session 4z, anonymous, client 127.0.0.1:55400] (eturnal_module:handle_event/2:154)
2022-01-03 10:27:58.157652+00:00 [debug] Writing STUN query event to InfluxDB [TLS, session 4z, anonymous, client 127.0.0.1:55400] (mod_stats_influx:on_stun_query/1:70)
2022-01-03 10:27:58.157882+00:00 [debug] Sending:
#stun{class = response,method = 1,magic = 554869826,
      trid = 62436436474567064182076649736,raw = <<>>,unsupported = [],
      'ALTERNATE-SERVER' = undefined,'CHANNEL-NUMBER' = undefined,
      'DATA' = undefined,'DONT-FRAGMENT' = false,'ERROR-CODE' = undefined,
      'LIFETIME' = undefined,'MAPPED-ADDRESS' = undefined,
      'MESSAGE-INTEGRITY' = undefined,'NONCE' = undefined,'REALM' = undefined,
      'REQUESTED-ADDRESS-FAMILY' = undefined,
      'REQUESTED-TRANSPORT' = undefined,'SOFTWARE' = <<"P1 STUN library">>,
      'UNKNOWN-ATTRIBUTES' = [],'USERNAME' = undefined,
      'XOR-MAPPED-ADDRESS' = {{127,0,0,1},55400},
      'XOR-PEER-ADDRESS' = [],'XOR-RELAYED-ADDRESS' = undefined} (stun:send/3:433)
2022-01-03 10:27:58.158186+00:00 [info] Connection reset by peer [TLS, session 4z, anonymous, client 127.0.0.1:55400] (stun:handle_info/3:171)
2022-01-03 10:27:58.183076+00:00 [debug] No NOTIFY_SOCKET, dropping STOPPING=1 notification (eturnal_systemd:handle_cast/2:107)
2022-01-03 10:27:58.183197+00:00 [debug] Watchdog interval is undefined, hibernating (eturnal_systemd:get_timeout/1:160)
2022-01-03 10:27:58.183388+00:00 [debug] Terminating eturnal (shutdown) (eturnal:terminate/2:195)
2022-01-03 10:27:58.183826+00:00 [info] Stopped listening on 127.0.0.1:34780 (udp) (eturnal:stop_listeners/1:363)
2022-01-03 10:27:58.183991+00:00 [info] Stopped listening on 127.0.0.1:34780 (tcp) (eturnal:stop_listeners/1:363)
2022-01-03 10:27:58.184121+00:00 [info] Stopped listening on 127.0.0.1:53490 (tls) (eturnal:stop_listeners/1:363)
2022-01-03 10:27:58.184251+00:00 [info] Stopped listening on 127.0.0.1:34781 (auto) (eturnal:stop_listeners/1:363)
2022-01-03 10:27:58.184369+00:00 [debug] Module mod_log_stun doesn't export stop/1 (eturnal_module:stop/1:145)
2022-01-03 10:27:58.184785+00:00 [info] Stopped mod_log_stun (eturnal:stop_modules/1:311)
2022-01-03 10:27:58.185436+00:00 [debug] Module mod_stats_influx doesn't export stop/1 (eturnal_module:stop/1:145)
2022-01-03 10:27:58.185554+00:00 [info] Stopped mod_stats_influx (eturnal:stop_modules/1:311)
2022-01-03 10:27:58.187566+00:00 [debug] Removed run/cert.pem (eturnal:clean_run_dir/0:689)
2022-01-03 10:27:58.187954+00:00 [debug] Terminating eturnal_systemd (shutdown) (eturnal_systemd:terminate/2:134)
2022-01-03 10:27:58.188435+00:00 [notice] Stopping eturnal 1.7.0 on Erlang/OTP 24 (ERTS 12.2) (eturnal_app:stop/1:53)
2022-01-03 10:27:58.189300+00:00 [notice]     application: eturnal
    exited: stopped
    type: temporary
 (application_controller:info_exited/3:2119)
