2022-04-08 16:49:37.420377+00:00 [notice] Starting eturnal 1.8.2 on Erlang/OTP 24 (ERTS 12.3) (eturnal_app:start/2:35)
2022-04-08 16:49:37.420603+00:00 [debug] Starting supervisor: eturnal_sup (eturnal_sup:start_link/0:32)
2022-04-08 16:49:37.420781+00:00 [debug] Configuring eturnal_sup supervisor: [#{id => systemd,
                                       start =>
                                           {eturnal_systemd,start_link,[]}},
                                     #{id => eturnal,
                                       start => {eturnal,start_link,[]}}] (eturnal_sup:init/0:40)
2022-04-08 16:49:37.422382+00:00 [info] Got no NOTIFY_SOCKET, notifications disabled (eturnal_systemd:init/1:95)
2022-04-08 16:49:37.422515+00:00 [debug] PROGRESS REPORT:
    supervisor: {local,eturnal_sup}
    started: [{pid,<0.704.0>},
              {id,systemd},
              {mfargs,{eturnal_systemd,start_link,[]}},
              {restart_type,permanent},
              {significant,false},
              {shutdown,5000},
              {child_type,worker}]
 (supervisor:report_progress/2:1562)
2022-04-08 16:49:37.422834+00:00 [info] Relay IPv4 address: 127.0.0.1 (port range: 49152-65535) (eturnal:log_relay_addresses/0:287)
2022-04-08 16:49:37.422983+00:00 [info] Relay IPv6 address not configured (eturnal:log_relay_addresses/0:297)
2022-04-08 16:49:37.435958+00:00 [info] Cannot determine control query port: noport (eturnal:log_control_listener/0:312)
2022-04-08 16:49:37.436155+00:00 [debug] TURN configuration seems fine (eturnal:check_turn_config/1:520)
2022-04-08 16:49:37.436505+00:00 [debug] Using run directory run (eturnal:ensure_run_dir/0:712)
2022-04-08 16:49:37.436770+00:00 [warning] TLS enabled without 'tls_crt_file', creating self-signed certificate (eturnal:check_pem_file/0:643)
2022-04-08 16:49:39.083828+00:00 [debug] Calling mod_log_stun:start/0 (eturnal_module:start/1:142)
2022-04-08 16:49:39.084010+00:00 [debug] Starting mod_log_stun (mod_log_stun:start/0:39)
2022-04-08 16:49:39.084302+00:00 [info] Started mod_log_stun (eturnal:start_modules/0:323)
2022-04-08 16:49:39.084422+00:00 [debug] Calling mod_stats_influx:start/0 (eturnal_module:start/1:142)
2022-04-08 16:49:39.084512+00:00 [debug] Starting mod_stats_influx (mod_stats_influx:start/0:38)
2022-04-08 16:49:39.088736+00:00 [debug] PROGRESS REPORT:
    application: ulitos
    started_at: nonode@nohost
 (application_controller:info_started/2:2107)
2022-04-08 16:49:39.090783+00:00 [debug] PROGRESS REPORT:
    application: poolboy
    started_at: nonode@nohost
 (application_controller:info_started/2:2107)
2022-04-08 16:49:39.092301+00:00 [info]     msg: Starting application: influx_udp (influx_udp_app:start/2:10)
2022-04-08 16:49:39.096619+00:00 [debug] PROGRESS REPORT:
    supervisor: {local,influx_udp_sup}
    started: [{pid,<0.726.0>},
              {id,influx_udp},
              {mfargs,{influx_udp,start_link,[]}},
              {restart_type,permanent},
              {significant,false},
              {shutdown,5000},
              {child_type,worker}]
 (supervisor:report_progress/2:1562)
2022-04-08 16:49:39.096827+00:00 [debug] PROGRESS REPORT:
    application: influx_udp
    started_at: nonode@nohost
 (application_controller:info_started/2:2107)
2022-04-08 16:49:39.096897+00:00 [debug] Dependency influx_udp was available already (eturnal_module:ensure_dep/2:283)
2022-04-08 16:49:39.099315+00:00 [info]     host: {127,0,0,1}
    msg: Start clients pool
    options: #{host => "localhost",max_overflow => 1,pool_size => 1,
               port => 8089} (influx_udp:start_pool_/2:239)
2022-04-08 16:49:39.108583+00:00 [info]     msg: Open UDP socket on port
    port: 51060 (influx_udp_worker:init/1:43)
2022-04-08 16:49:39.108861+00:00 [debug] PROGRESS REPORT:
    supervisor: {local,influx_udp_sup}
    started: [{pid,<0.729.0>},
              {id,stats_influx_pool},
              {mfargs,
                  {poolboy,start_link,
                      [[{name,{local,stats_influx_pool}},
                        {worker_module,influx_udp_worker},
                        {size,1},
                        {max_overflow,1}],
                       [{options,
                            #{host => {127,0,0,1},
                              max_overflow => 1,pool_size => 1,
                              port => 8089}}]]}},
              {restart_type,permanent},
              {significant,false},
              {shutdown,5000},
              {child_type,worker}]
 (supervisor:report_progress/2:1562)
2022-04-08 16:49:39.109081+00:00 [info] Started mod_stats_influx (eturnal:start_modules/0:323)
2022-04-08 16:49:39.109239+00:00 [debug] Started 2 modules (eturnal:init/1:113)
2022-04-08 16:49:39.109423+00:00 [debug] Starting listener 127.0.0.1:34780 (udp) with options:
[{use_turn,true},
 {auth_type,user},
 {turn_ipv4_address,{127,0,0,1}},
 {turn_min_port,49152},
 {turn_max_port,65535},
 {turn_max_allocations,10},
 {turn_max_permissions,10},
 {shaper,100000},
 {turn_blacklist,[{{203,0,113,0},24},{{8193,3512,0,0,0,0,0,0},32}]},
 {turn_whitelist,[{{203,0,113,113},32},{{8193,3512,0,0,0,0,0,0},64}]},
 {auth_realm,<<"eturnal.net">>},
 {server_name,<<"eturnal">>},
 {auth_fun,fun eturnal:get_password/2},
 {hook_fun,fun eturnal:run_hook/2}] (eturnal:start_listeners/0:367)
2022-04-08 16:49:39.110367+00:00 [info] Listening on 127.0.0.1:34780 (udp) (STUN/TURN) (eturnal:start_listeners/0:372)
2022-04-08 16:49:39.110545+00:00 [debug] Starting listener 127.0.0.1:34780 (tcp) with options:
[{use_turn,false},
 {auth_type,anonymous},
 {turn_ipv4_address,{127,0,0,1}},
 {turn_min_port,49152},
 {turn_max_port,65535},
 {turn_max_allocations,10},
 {turn_max_permissions,10},
 {shaper,100000},
 {turn_blacklist,[{{203,0,113,0},24},{{8193,3512,0,0,0,0,0,0},32}]},
 {turn_whitelist,[{{203,0,113,113},32},{{8193,3512,0,0,0,0,0,0},64}]},
 {auth_realm,<<"eturnal.net">>},
 {server_name,<<"eturnal">>},
 {auth_fun,fun eturnal:get_password/2},
 {hook_fun,fun eturnal:run_hook/2}] (eturnal:start_listeners/0:367)
2022-04-08 16:49:39.131196+00:00 [info] Listening on 127.0.0.1:34780 (tcp) (STUN only) (eturnal:start_listeners/0:372)
2022-04-08 16:49:39.131608+00:00 [debug] Starting listener 127.0.0.1:53490 (tls) with options:
[{use_turn,false},
 {auth_type,anonymous},
 {tls,true},
 {certfile,<<"run/cert.pem">>},
 {ciphers,<<"HIGH:!aNULL:@STRENGTH">>},
 {protocol_options,<<"no_tlsv1|no_tlsv1_1|cipher_server_preference">>},
 {turn_ipv4_address,{127,0,0,1}},
 {turn_min_port,49152},
 {turn_max_port,65535},
 {turn_max_allocations,10},
 {turn_max_permissions,10},
 {shaper,100000},
 {turn_blacklist,[{{203,0,113,0},24},{{8193,3512,0,0,0,0,0,0},32}]},
 {turn_whitelist,[{{203,0,113,113},32},{{8193,3512,0,0,0,0,0,0},64}]},
 {auth_realm,<<"eturnal.net">>},
 {server_name,<<"eturnal">>},
 {auth_fun,fun eturnal:get_password/2},
 {hook_fun,fun eturnal:run_hook/2}] (eturnal:start_listeners/0:367)
2022-04-08 16:49:39.132112+00:00 [info] Listening on 127.0.0.1:53490 (tls) (STUN only) (eturnal:start_listeners/0:372)
2022-04-08 16:49:39.132394+00:00 [debug] Starting listener 127.0.0.1:34781 (auto) with options:
[{use_turn,false},
 {auth_type,anonymous},
 {tls,optional},
 {certfile,<<"run/cert.pem">>},
 {ciphers,<<"HIGH:!aNULL:@STRENGTH">>},
 {protocol_options,<<"no_tlsv1|no_tlsv1_1|cipher_server_preference">>},
 {turn_ipv4_address,{127,0,0,1}},
 {turn_min_port,49152},
 {turn_max_port,65535},
 {turn_max_allocations,10},
 {turn_max_permissions,10},
 {shaper,100000},
 {turn_blacklist,[{{203,0,113,0},24},{{8193,3512,0,0,0,0,0,0},32}]},
 {turn_whitelist,[{{203,0,113,113},32},{{8193,3512,0,0,0,0,0,0},64}]},
 {auth_realm,<<"eturnal.net">>},
 {server_name,<<"eturnal">>},
 {auth_fun,fun eturnal:get_password/2},
 {hook_fun,fun eturnal:run_hook/2}] (eturnal:start_listeners/0:367)
2022-04-08 16:49:39.159439+00:00 [info] Listening on 127.0.0.1:34781 (auto) (STUN only) (eturnal:start_listeners/0:372)
2022-04-08 16:49:39.159829+00:00 [debug] Started 4 listeners (eturnal:init/1:121)
2022-04-08 16:49:39.160128+00:00 [debug] PROGRESS REPORT:
    supervisor: {local,eturnal_sup}
    started: [{pid,<0.706.0>},
              {id,eturnal},
              {mfargs,{eturnal,start_link,[]}},
              {restart_type,permanent},
              {significant,false},
              {shutdown,5000},
              {child_type,worker}]
 (supervisor:report_progress/2:1562)
2022-04-08 16:49:39.160234+00:00 [debug] No NOTIFY_SOCKET, dropping READY=1 notification (eturnal_systemd:handle_cast/2:109)
2022-04-08 16:49:39.160356+00:00 [debug] Watchdog interval is undefined, hibernating (eturnal_systemd:get_timeout/1:162)
2022-04-08 16:49:39.160399+00:00 [debug] PROGRESS REPORT:
    application: eturnal
    started_at: nonode@nohost
 (application_controller:info_started/2:2107)
2022-04-08 16:49:39.205165+00:00 [debug] Handling API call: get_info() (eturnal_ctl:get_info/0:143)
2022-04-08 16:49:39.205839+00:00 [debug] eturnal call (get_info) returned {ok,
                                  {eturnal_node_info,<<"1.8.2">>,
                                   {"24","12.3"},
                                   4702,0,137,96479041,3,39574152}} (eturnal_ctl:call/1:456)
2022-04-08 16:49:39.230971+00:00 [debug] Handling API call: get_sessions() (eturnal_ctl:get_sessions/0:106)
2022-04-08 16:49:39.258104+00:00 [debug] Handling API call: get_sessions("alice") (eturnal_ctl:get_sessions/1:120)
2022-04-08 16:49:39.258517+00:00 [debug] Handling API call: disconnect(alice) (eturnal_ctl:disconnect/1:192)
2022-04-08 16:49:39.258716+00:00 [debug] Cannot convert user name to binary: alice (eturnal_ctl:disconnect/1:202)
2022-04-08 16:49:39.284092+00:00 [debug] Handling API call: disconnect("alice") (eturnal_ctl:disconnect/1:192)
2022-04-08 16:49:39.284346+00:00 [debug] Handling API call: disconnect(alice) (eturnal_ctl:disconnect/1:192)
2022-04-08 16:49:39.284535+00:00 [debug] Cannot convert user name to binary: alice (eturnal_ctl:disconnect/1:202)
2022-04-08 16:49:39.309539+00:00 [debug] Handling API call: get_credentials("2009-10-30 11:00:00Z", []) (eturnal_ctl:get_credentials/2:60)
2022-04-08 16:49:39.309780+00:00 [debug] eturnal call ({get_password,<<"1256900400">>}) returned {ok,
                                                         <<"uEKlpcME7MNMMVRV8rUFPCTIFEs=">>} (eturnal_ctl:call/1:456)
2022-04-08 16:49:39.315495+00:00 [debug] Handling API call: get_credentials("86400", "alice") (eturnal_ctl:get_credentials/2:60)
2022-04-08 16:49:39.315719+00:00 [debug] eturnal call ({get_password,<<"1649522979:alice">>}) returned {ok,
                                                               <<"GmK3IpKNQB1QirwvwchQEt5tIa0=">>} (eturnal_ctl:call/1:456)
2022-04-08 16:49:39.315858+00:00 [debug] Handling API call: get_password("1649522979:alice") (eturnal_ctl:get_password/1:79)
2022-04-08 16:49:39.315989+00:00 [debug] eturnal call ({get_password,<<"1649522979:alice">>}) returned {ok,
                                                               <<"GmK3IpKNQB1QirwvwchQEt5tIa0=">>} (eturnal_ctl:call/1:456)
2022-04-08 16:49:39.316149+00:00 [debug] Handling API call: get_credentials("86400s", "alice") (eturnal_ctl:get_credentials/2:60)
2022-04-08 16:49:39.316362+00:00 [debug] eturnal call ({get_password,<<"1649522979:alice">>}) returned {ok,
                                                               <<"GmK3IpKNQB1QirwvwchQEt5tIa0=">>} (eturnal_ctl:call/1:456)
2022-04-08 16:49:39.316518+00:00 [debug] Handling API call: get_password("1649522979:alice") (eturnal_ctl:get_password/1:79)
2022-04-08 16:49:39.316626+00:00 [debug] eturnal call ({get_password,<<"1649522979:alice">>}) returned {ok,
                                                               <<"GmK3IpKNQB1QirwvwchQEt5tIa0=">>} (eturnal_ctl:call/1:456)
2022-04-08 16:49:39.316797+00:00 [debug] Handling API call: get_credentials("1440m", "alice") (eturnal_ctl:get_credentials/2:60)
2022-04-08 16:49:39.317040+00:00 [debug] eturnal call ({get_password,<<"1649522979:alice">>}) returned {ok,
                                                               <<"GmK3IpKNQB1QirwvwchQEt5tIa0=">>} (eturnal_ctl:call/1:456)
2022-04-08 16:49:39.317200+00:00 [debug] Handling API call: get_password("1649522979:alice") (eturnal_ctl:get_password/1:79)
2022-04-08 16:49:39.317315+00:00 [debug] eturnal call ({get_password,<<"1649522979:alice">>}) returned {ok,
                                                               <<"GmK3IpKNQB1QirwvwchQEt5tIa0=">>} (eturnal_ctl:call/1:456)
2022-04-08 16:49:39.318886+00:00 [debug] Handling API call: get_credentials("24h", "alice") (eturnal_ctl:get_credentials/2:60)
2022-04-08 16:49:39.319191+00:00 [debug] eturnal call ({get_password,<<"1649522979:alice">>}) returned {ok,
                                                               <<"GmK3IpKNQB1QirwvwchQEt5tIa0=">>} (eturnal_ctl:call/1:456)
2022-04-08 16:49:39.319356+00:00 [debug] Handling API call: get_password("1649522979:alice") (eturnal_ctl:get_password/1:79)
2022-04-08 16:49:39.319513+00:00 [debug] eturnal call ({get_password,<<"1649522979:alice">>}) returned {ok,
                                                               <<"GmK3IpKNQB1QirwvwchQEt5tIa0=">>} (eturnal_ctl:call/1:456)
2022-04-08 16:49:39.319685+00:00 [debug] Handling API call: get_credentials("1d", "alice") (eturnal_ctl:get_credentials/2:60)
2022-04-08 16:49:39.319820+00:00 [debug] eturnal call ({get_password,<<"1649522979:alice">>}) returned {ok,
                                                               <<"GmK3IpKNQB1QirwvwchQEt5tIa0=">>} (eturnal_ctl:call/1:456)
2022-04-08 16:49:39.319939+00:00 [debug] Handling API call: get_password("1649522979:alice") (eturnal_ctl:get_password/1:79)
2022-04-08 16:49:39.320039+00:00 [debug] eturnal call ({get_password,<<"1649522979:alice">>}) returned {ok,
                                                               <<"GmK3IpKNQB1QirwvwchQEt5tIa0=">>} (eturnal_ctl:call/1:456)
2022-04-08 16:49:39.320179+00:00 [debug] Handling API call: get_password("Invalid") (eturnal_ctl:get_password/1:79)
2022-04-08 16:49:39.320277+00:00 [debug] Invalid user name: Invalid (eturnal_ctl:get_password/1:93)
2022-04-08 16:49:39.320347+00:00 [debug] Handling API call: get_credentials("Invalid", []) (eturnal_ctl:get_credentials/2:60)
2022-04-08 16:49:39.320439+00:00 [debug] Invalid argument(s): "Invalid":[] (eturnal_ctl:get_credentials/2:73)
2022-04-08 16:49:39.320519+00:00 [debug] Handling API call: get_password(invalid) (eturnal_ctl:get_password/1:79)
2022-04-08 16:49:39.320595+00:00 [debug] Cannot convert user name to binary: invalid (eturnal_ctl:get_password/1:100)
2022-04-08 16:49:39.320677+00:00 [debug] Handling API call: get_credentials(invalid, []) (eturnal_ctl:get_credentials/2:60)
2022-04-08 16:49:39.320739+00:00 [debug] Invalid argument(s): invalid:[] (eturnal_ctl:get_credentials/2:73)
2022-04-08 16:49:39.320810+00:00 [debug] Handling API call: get_password([invalid]) (eturnal_ctl:get_password/1:79)
2022-04-08 16:49:39.320881+00:00 [debug] Cannot convert user name to binary: [invalid] (eturnal_ctl:get_password/1:100)
2022-04-08 16:49:39.320977+00:00 [debug] Handling API call: get_credentials([invalid], []) (eturnal_ctl:get_credentials/2:60)
2022-04-08 16:49:39.321057+00:00 [debug] Invalid argument(s): [invalid]:[] (eturnal_ctl:get_credentials/2:73)
2022-04-08 16:49:39.321170+00:00 [debug] Handling API call: get_credentials(1256900400, invalid) (eturnal_ctl:get_credentials/2:60)
2022-04-08 16:49:39.321271+00:00 [debug] Invalid argument(s): 1256900400:invalid (eturnal_ctl:get_credentials/2:73)
2022-04-08 16:49:39.346932+00:00 [debug] Handling API call: set_loglevel(debug) (eturnal_ctl:set_loglevel/1:173)
2022-04-08 16:49:39.347187+00:00 [debug] eturnal call ({set_loglevel,debug}) returned ok (eturnal_ctl:call/1:453)
2022-04-08 16:49:39.347489+00:00 [debug] Handling API call: get_loglevel() (eturnal_ctl:get_loglevel/0:163)
2022-04-08 16:49:39.347632+00:00 [debug] eturnal call (get_loglevel) returned {ok,debug} (eturnal_ctl:call/1:456)
2022-04-08 16:49:39.347809+00:00 [debug] Handling API call: set_loglevel(invalid) (eturnal_ctl:set_loglevel/1:173)
2022-04-08 16:49:39.347967+00:00 [debug] Invalid log level: invalid (eturnal_ctl:set_loglevel/1:183)
2022-04-08 16:49:39.348156+00:00 [debug] Handling API call: get_loglevel() (eturnal_ctl:get_loglevel/0:163)
2022-04-08 16:49:39.348300+00:00 [debug] eturnal call (get_loglevel) returned {ok,debug} (eturnal_ctl:call/1:456)
2022-04-08 16:49:39.373946+00:00 [debug] Handling API call: get_version() (eturnal_ctl:get_version/0:153)
2022-04-08 16:49:39.374111+00:00 [debug] eturnal call (get_version) returned {ok,<<"1.8.2">>} (eturnal_ctl:call/1:456)
2022-04-08 16:49:39.399544+00:00 [debug] Handling API call: reload() (eturnal_ctl:reload/0:208)
2022-04-08 16:49:39.402312+00:00 [debug] Calling mod_log_stun:options/0 (eturnal_module:options/1:191)
2022-04-08 16:49:39.402553+00:00 [debug] Calling mod_stats_influx:options/0 (eturnal_module:options/1:191)
2022-04-08 16:49:39.403288+00:00 [warning] TLS enabled without 'tls_crt_file', creating self-signed certificate (eturnal:check_pem_file/0:643)
2022-04-08 16:49:40.148854+00:00 [info] Using new TLS certificate (eturnal:handle_call/3:140)
2022-04-08 16:49:40.149034+00:00 [debug] Reloaded configuration (eturnal:handle_call/3:146)
2022-04-08 16:49:40.149123+00:00 [debug] eturnal call (reload) returned ok (eturnal_ctl:call/1:453)
2022-04-08 16:49:40.149441+00:00 [debug] Handling API call: reload() (eturnal_ctl:reload/0:208)
2022-04-08 16:49:40.151957+00:00 [debug] Calling mod_log_stun:options/0 (eturnal_module:options/1:191)
2022-04-08 16:49:40.152118+00:00 [debug] Calling mod_stats_influx:options/0 (eturnal_module:options/1:191)
2022-04-08 16:49:40.152846+00:00 [debug] Keeping PEM file (run/cert.pem) (eturnal:check_pem_file/0:640)
2022-04-08 16:49:40.153003+00:00 [debug] TLS certificate unchanged (eturnal:handle_call/3:142)
2022-04-08 16:49:40.153191+00:00 [debug] Reloaded configuration (eturnal:handle_call/3:146)
2022-04-08 16:49:40.153505+00:00 [debug] eturnal call (reload) returned ok (eturnal_ctl:call/1:453)
2022-04-08 16:49:40.178049+00:00 [info] Accepting connection: 127.0.0.1:58814 -> 127.0.0.1:34780 [TCP, session i] (stun_listener:accept/3:221)
2022-04-08 16:49:40.206787+00:00 [info] Accepting connection: 127.0.0.1:39780 -> 127.0.0.1:53490 [TLS, session z] (stun_listener:accept/3:221)
2022-04-08 16:49:40.240562+00:00 [debug] Received:
#stun{class = request,method = 3,magic = 554869826,
      trid = 68176222830467747166306318383,raw = <<>>,unsupported = [],
      'ALTERNATE-SERVER' = undefined,'CHANNEL-NUMBER' = undefined,
      'DATA' = undefined,'DONT-FRAGMENT' = false,'ERROR-CODE' = undefined,
      'LIFETIME' = undefined,'MAPPED-ADDRESS' = undefined,
      'MESSAGE-INTEGRITY' = undefined,'NONCE' = undefined,'REALM' = undefined,
      'REQUESTED-ADDRESS-FAMILY' = undefined,
      'REQUESTED-TRANSPORT' = undefined,'SOFTWARE' = undefined,
      'UNKNOWN-ATTRIBUTES' = [],'USERNAME' = undefined,
      'XOR-MAPPED-ADDRESS' = undefined,'XOR-PEER-ADDRESS' = [],
      'XOR-RELAYED-ADDRESS' = undefined} (stun:udp_recv/5:111)
2022-04-08 16:49:40.240758+00:00 [debug] Sending:
#stun{class = error,method = 3,magic = 554869826,
      trid = 68176222830467747166306318383,raw = <<>>,unsupported = [],
      'ALTERNATE-SERVER' = undefined,'CHANNEL-NUMBER' = undefined,
      'DATA' = undefined,'DONT-FRAGMENT' = false,
      'ERROR-CODE' = {401,<<"Unauthorized">>},
      'LIFETIME' = undefined,'MAPPED-ADDRESS' = undefined,
      'MESSAGE-INTEGRITY' = undefined,'NONCE' = <<"1673953368">>,
      'REALM' = <<"eturnal.net">>,'REQUESTED-ADDRESS-FAMILY' = undefined,
      'REQUESTED-TRANSPORT' = undefined,'SOFTWARE' = <<"eturnal">>,
      'UNKNOWN-ATTRIBUTES' = [],'USERNAME' = undefined,
      'XOR-MAPPED-ADDRESS' = undefined,'XOR-PEER-ADDRESS' = [],
      'XOR-RELAYED-ADDRESS' = undefined} (stun:send/3:445)
2022-04-08 16:49:40.241096+00:00 [debug] Received:
#stun{class = request,method = 3,magic = 554869826,
      trid = 20485450834569223729201541084,
      raw = <<0,3,0,80,33,18,164,66,66,49,42,242,245,145,56,4,14,207,239,220,0,
              25,0,4,17,0,0,0,0,6,0,10,50,49,52,53,57,49,51,50,48,48,0,0,0,20,
              0,11,101,116,117,114,110,97,108,46,110,101,116,0,0,21,0,10,49,54,
              55,51,57,53,51,51,54,56,0,0>>,
      unsupported = [],'ALTERNATE-SERVER' = undefined,
      'CHANNEL-NUMBER' = undefined,'DATA' = undefined,'DONT-FRAGMENT' = false,
      'ERROR-CODE' = undefined,'LIFETIME' = undefined,
      'MAPPED-ADDRESS' = undefined,
      'MESSAGE-INTEGRITY' = <<150,152,94,176,10,2,124,134,236,188,112,32,241,
                              186,165,152,183,38,122,189>>,
      'NONCE' = <<"1673953368">>,'REALM' = <<"eturnal.net">>,
      'REQUESTED-ADDRESS-FAMILY' = undefined,'REQUESTED-TRANSPORT' = udp,
      'SOFTWARE' = undefined,'UNKNOWN-ATTRIBUTES' = [],
      'USERNAME' = <<"2145913200">>,'XOR-MAPPED-ADDRESS' = undefined,
      'XOR-PEER-ADDRESS' = [],'XOR-RELAYED-ADDRESS' = undefined} (stun:udp_recv/5:111)
2022-04-08 16:49:40.241246+00:00 [debug] Looking up password for: 2145913200 [UDP, session 37, user 2145913200, client 127.0.0.1:60344] (eturnal:get_password/2:225)
2022-04-08 16:49:40.241317+00:00 [info] Accepting long-term STUN/TURN authentication [UDP, session 37, user 2145913200, client 127.0.0.1:60344] (stun:process/2:249)
2022-04-08 16:49:40.245916+00:00 [debug] Running 'turn_session_start' hook [UDP, session 37, user 2145913200, client 127.0.0.1:60344] (turn:run_hook/2:711)
2022-04-08 16:49:40.246014+00:00 [debug] Got 'turn_session_start' event [UDP, session 37, user 2145913200, client 127.0.0.1:60344] (eturnal_module:handle_event/2:176)
2022-04-08 16:49:40.246238+00:00 [notice] Creating TURN allocation (lifetime: 599 seconds) [UDP, session 37, user 2145913200, client 127.0.0.1:60344, relay 127.0.0.1:60596] (turn:wait_for_allocate/2:207)
2022-04-08 16:49:40.246406+00:00 [debug] Sending:
#stun{class = response,method = 3,magic = 554869826,
      trid = 20485450834569223729201541084,raw = <<>>,unsupported = [],
      'ALTERNATE-SERVER' = undefined,'CHANNEL-NUMBER' = undefined,
      'DATA' = undefined,'DONT-FRAGMENT' = false,'ERROR-CODE' = undefined,
      'LIFETIME' = 599,'MAPPED-ADDRESS' = undefined,
      'MESSAGE-INTEGRITY' = undefined,'NONCE' = undefined,'REALM' = undefined,
      'REQUESTED-ADDRESS-FAMILY' = undefined,
      'REQUESTED-TRANSPORT' = undefined,'SOFTWARE' = undefined,
      'UNKNOWN-ATTRIBUTES' = [],'USERNAME' = undefined,
      'XOR-MAPPED-ADDRESS' = {{127,0,0,1},60344},
      'XOR-PEER-ADDRESS' = [],
      'XOR-RELAYED-ADDRESS' = {{127,0,0,1},60596}} (turn:send/2:521)
2022-04-08 16:49:40.246790+00:00 [debug] Received:
#stun{class = request,method = 4,magic = 554869826,
      trid = 76189458986773362579116983283,
      raw = <<0,4,0,80,33,18,164,66,246,46,113,127,178,159,122,162,209,65,3,
              243,0,6,0,10,50,49,52,53,57,49,51,50,48,48,0,0,0,20,0,11,101,116,
              117,114,110,97,108,46,110,101,116,0,0,21,0,10,49,54,55,51,57,53,
              51,51,54,56,0,0,0,13,0,4,0,0,0,0>>,
      unsupported = [],'ALTERNATE-SERVER' = undefined,
      'CHANNEL-NUMBER' = undefined,'DATA' = undefined,'DONT-FRAGMENT' = false,
      'ERROR-CODE' = undefined,'LIFETIME' = 0,'MAPPED-ADDRESS' = undefined,
      'MESSAGE-INTEGRITY' = <<126,137,196,178,42,16,222,214,44,57,156,134,108,
                              43,241,23,53,95,126,35>>,
      'NONCE' = <<"1673953368">>,'REALM' = <<"eturnal.net">>,
      'REQUESTED-ADDRESS-FAMILY' = undefined,
      'REQUESTED-TRANSPORT' = undefined,'SOFTWARE' = undefined,
      'UNKNOWN-ATTRIBUTES' = [],'USERNAME' = <<"2145913200">>,
      'XOR-MAPPED-ADDRESS' = undefined,'XOR-PEER-ADDRESS' = [],
      'XOR-RELAYED-ADDRESS' = undefined} (stun:udp_recv/5:111)
2022-04-08 16:49:40.246930+00:00 [debug] Looking up password for: 2145913200 [UDP, session 43, user 2145913200, client 127.0.0.1:60344] (eturnal:get_password/2:225)
2022-04-08 16:49:40.246990+00:00 [info] Accepting long-term STUN/TURN authentication [UDP, session 43, user 2145913200, client 127.0.0.1:60344] (stun:process/2:249)
2022-04-08 16:49:40.247087+00:00 [info] Client requested closing the TURN session [UDP, session 37, user 2145913200, client 127.0.0.1:60344, relay 127.0.0.1:60596] (turn:active/2:262)
2022-04-08 16:49:40.247183+00:00 [debug] Sending:
#stun{class = response,method = 4,magic = 554869826,
      trid = 76189458986773362579116983283,raw = <<>>,unsupported = [],
      'ALTERNATE-SERVER' = undefined,'CHANNEL-NUMBER' = undefined,
      'DATA' = undefined,'DONT-FRAGMENT' = false,'ERROR-CODE' = undefined,
      'LIFETIME' = 0,'MAPPED-ADDRESS' = undefined,
      'MESSAGE-INTEGRITY' = undefined,'NONCE' = undefined,'REALM' = undefined,
      'REQUESTED-ADDRESS-FAMILY' = undefined,
      'REQUESTED-TRANSPORT' = undefined,'SOFTWARE' = undefined,
      'UNKNOWN-ATTRIBUTES' = [],'USERNAME' = undefined,
      'XOR-MAPPED-ADDRESS' = undefined,'XOR-PEER-ADDRESS' = [],
      'XOR-RELAYED-ADDRESS' = undefined} (turn:send/2:521)
2022-04-08 16:49:40.247325+00:00 [info] Deleting TURN allocation [UDP, session 37, user 2145913200, client 127.0.0.1:60344, relay 127.0.0.1:60596] (turn:terminate/3:454)
2022-04-08 16:49:40.247427+00:00 [notice] Relayed 0 KiB (in 0 B / 0 packets, out 0 B / 0 packets), duration: 0 seconds [UDP, session 37, user 2145913200, client 127.0.0.1:60344, relay 127.0.0.1:60596] (turn:terminate/3:461)
2022-04-08 16:49:40.247473+00:00 [debug] Running 'turn_session_stop' hook [UDP, session 37, user 2145913200, client 127.0.0.1:60344, relay 127.0.0.1:60596] (turn:run_hook/2:711)
2022-04-08 16:49:40.247523+00:00 [debug] Got 'turn_session_stop' event [UDP, session 37, user 2145913200, client 127.0.0.1:60344, relay 127.0.0.1:60596] (eturnal_module:handle_event/2:176)
2022-04-08 16:49:40.247560+00:00 [debug] Calling mod_stats_influx:handle_event/2 [UDP, session 37, user 2145913200, client 127.0.0.1:60344, relay 127.0.0.1:60596] (eturnal_module:handle_event/2:179)
2022-04-08 16:49:40.247601+00:00 [debug] Writing stats of TURN session 37 to InfluxDB [UDP, session 37, user 2145913200, client 127.0.0.1:60344, relay 127.0.0.1:60596] (mod_stats_influx:on_turn_session_stop/1:81)
2022-04-08 16:49:40.273247+00:00 [debug] Received:
#stun{class = request,method = 1,magic = 554869826,
      trid = 8677923394212240953885831367,raw = <<>>,unsupported = [],
      'ALTERNATE-SERVER' = undefined,'CHANNEL-NUMBER' = undefined,
      'DATA' = undefined,'DONT-FRAGMENT' = false,'ERROR-CODE' = undefined,
      'LIFETIME' = undefined,'MAPPED-ADDRESS' = undefined,
      'MESSAGE-INTEGRITY' = undefined,'NONCE' = undefined,'REALM' = undefined,
      'REQUESTED-ADDRESS-FAMILY' = undefined,
      'REQUESTED-TRANSPORT' = undefined,'SOFTWARE' = undefined,
      'UNKNOWN-ATTRIBUTES' = [],'USERNAME' = undefined,
      'XOR-MAPPED-ADDRESS' = undefined,'XOR-PEER-ADDRESS' = [],
      'XOR-RELAYED-ADDRESS' = undefined} (stun:udp_recv/5:111)
2022-04-08 16:49:40.273453+00:00 [debug] Responding to STUN request [UDP, session 4z, anonymous, client 127.0.0.1:42788] (stun:process/4:312)
2022-04-08 16:49:40.273516+00:00 [debug] Running 'stun_query' hook [UDP, session 4z, anonymous, client 127.0.0.1:42788] (stun:run_hook/3:818)
2022-04-08 16:49:40.273581+00:00 [debug] Got 'stun_query' event [UDP, session 4z, anonymous, client 127.0.0.1:42788] (eturnal_module:handle_event/2:176)
2022-04-08 16:49:40.273640+00:00 [debug] Calling mod_log_stun:handle_event/2 [UDP, session 4z, anonymous, client 127.0.0.1:42788] (eturnal_module:handle_event/2:179)
2022-04-08 16:49:40.273691+00:00 [info] Responding to STUN request [UDP, session 4z, anonymous, client 127.0.0.1:42788] (mod_log_stun:handle_event/2:45)
2022-04-08 16:49:40.273751+00:00 [debug] Calling mod_stats_influx:handle_event/2 [UDP, session 4z, anonymous, client 127.0.0.1:42788] (eturnal_module:handle_event/2:179)
2022-04-08 16:49:40.273794+00:00 [debug] Writing STUN query event to InfluxDB [UDP, session 4z, anonymous, client 127.0.0.1:42788] (mod_stats_influx:on_stun_query/1:70)
2022-04-08 16:49:40.274054+00:00 [debug] Sending:
#stun{class = response,method = 1,magic = 554869826,
      trid = 8677923394212240953885831367,raw = <<>>,unsupported = [],
      'ALTERNATE-SERVER' = undefined,'CHANNEL-NUMBER' = undefined,
      'DATA' = undefined,'DONT-FRAGMENT' = false,'ERROR-CODE' = undefined,
      'LIFETIME' = undefined,'MAPPED-ADDRESS' = undefined,
      'MESSAGE-INTEGRITY' = undefined,'NONCE' = undefined,'REALM' = undefined,
      'REQUESTED-ADDRESS-FAMILY' = undefined,
      'REQUESTED-TRANSPORT' = undefined,'SOFTWARE' = <<"eturnal">>,
      'UNKNOWN-ATTRIBUTES' = [],'USERNAME' = undefined,
      'XOR-MAPPED-ADDRESS' = {{127,0,0,1},42788},
      'XOR-PEER-ADDRESS' = [],'XOR-RELAYED-ADDRESS' = undefined} (stun:send/3:445)
2022-04-08 16:49:40.299194+00:00 [info] Accepting connection: 127.0.0.1:58816 -> 127.0.0.1:34780 [TCP, session y] (stun_listener:accept/3:221)
2022-04-08 16:49:40.299563+00:00 [debug] Received:
#stun{class = request,method = 1,magic = 554869826,
      trid = 21476777127622662789589345361,raw = <<>>,unsupported = [],
      'ALTERNATE-SERVER' = undefined,'CHANNEL-NUMBER' = undefined,
      'DATA' = undefined,'DONT-FRAGMENT' = false,'ERROR-CODE' = undefined,
      'LIFETIME' = undefined,'MAPPED-ADDRESS' = undefined,
      'MESSAGE-INTEGRITY' = undefined,'NONCE' = undefined,'REALM' = undefined,
      'REQUESTED-ADDRESS-FAMILY' = undefined,
      'REQUESTED-TRANSPORT' = undefined,'SOFTWARE' = undefined,
      'UNKNOWN-ATTRIBUTES' = [],'USERNAME' = undefined,
      'XOR-MAPPED-ADDRESS' = undefined,'XOR-PEER-ADDRESS' = [],
      'XOR-RELAYED-ADDRESS' = undefined} (stun:process_data/3:404)
2022-04-08 16:49:40.299718+00:00 [debug] Responding to STUN request [TCP, session y, anonymous, client 127.0.0.1:58816] (stun:process/4:312)
2022-04-08 16:49:40.299760+00:00 [debug] Running 'stun_query' hook [TCP, session y, anonymous, client 127.0.0.1:58816] (stun:run_hook/3:818)
2022-04-08 16:49:40.299840+00:00 [debug] Got 'stun_query' event [TCP, session y, anonymous, client 127.0.0.1:58816] (eturnal_module:handle_event/2:176)
2022-04-08 16:49:40.299883+00:00 [debug] Calling mod_log_stun:handle_event/2 [TCP, session y, anonymous, client 127.0.0.1:58816] (eturnal_module:handle_event/2:179)
2022-04-08 16:49:40.299932+00:00 [info] Responding to STUN request [TCP, session y, anonymous, client 127.0.0.1:58816] (mod_log_stun:handle_event/2:45)
2022-04-08 16:49:40.299971+00:00 [debug] Calling mod_stats_influx:handle_event/2 [TCP, session y, anonymous, client 127.0.0.1:58816] (eturnal_module:handle_event/2:179)
2022-04-08 16:49:40.300009+00:00 [debug] Writing STUN query event to InfluxDB [TCP, session y, anonymous, client 127.0.0.1:58816] (mod_stats_influx:on_stun_query/1:70)
2022-04-08 16:49:40.300198+00:00 [debug] Sending:
#stun{class = response,method = 1,magic = 554869826,
      trid = 21476777127622662789589345361,raw = <<>>,unsupported = [],
      'ALTERNATE-SERVER' = undefined,'CHANNEL-NUMBER' = undefined,
      'DATA' = undefined,'DONT-FRAGMENT' = false,'ERROR-CODE' = undefined,
      'LIFETIME' = undefined,'MAPPED-ADDRESS' = undefined,
      'MESSAGE-INTEGRITY' = undefined,'NONCE' = undefined,'REALM' = undefined,
      'REQUESTED-ADDRESS-FAMILY' = undefined,
      'REQUESTED-TRANSPORT' = undefined,'SOFTWARE' = <<"P1 STUN library">>,
      'UNKNOWN-ATTRIBUTES' = [],'USERNAME' = undefined,
      'XOR-MAPPED-ADDRESS' = {{127,0,0,1},58816},
      'XOR-PEER-ADDRESS' = [],'XOR-RELAYED-ADDRESS' = undefined} (stun:send/3:445)
2022-04-08 16:49:40.300443+00:00 [info] Connection reset by peer [TCP, session y, anonymous, client 127.0.0.1:58816] (stun:handle_info/3:170)
2022-04-08 16:49:40.325949+00:00 [info] Accepting connection: 127.0.0.1:39784 -> 127.0.0.1:53490 [TLS, session 1v] (stun_listener:accept/3:221)
2022-04-08 16:49:40.436548+00:00 [debug] Received:
#stun{class = request,method = 1,magic = 554869826,
      trid = 6029086700704091756515695698,raw = <<>>,unsupported = [],
      'ALTERNATE-SERVER' = undefined,'CHANNEL-NUMBER' = undefined,
      'DATA' = undefined,'DONT-FRAGMENT' = false,'ERROR-CODE' = undefined,
      'LIFETIME' = undefined,'MAPPED-ADDRESS' = undefined,
      'MESSAGE-INTEGRITY' = undefined,'NONCE' = undefined,'REALM' = undefined,
      'REQUESTED-ADDRESS-FAMILY' = undefined,
      'REQUESTED-TRANSPORT' = undefined,'SOFTWARE' = undefined,
      'UNKNOWN-ATTRIBUTES' = [],'USERNAME' = undefined,
      'XOR-MAPPED-ADDRESS' = undefined,'XOR-PEER-ADDRESS' = [],
      'XOR-RELAYED-ADDRESS' = undefined} (stun:process_data/3:404)
2022-04-08 16:49:40.436738+00:00 [debug] Responding to STUN request [TLS, session 1v, anonymous, client 127.0.0.1:39784] (stun:process/4:312)
2022-04-08 16:49:40.436824+00:00 [debug] Running 'stun_query' hook [TLS, session 1v, anonymous, client 127.0.0.1:39784] (stun:run_hook/3:818)
2022-04-08 16:49:40.436902+00:00 [debug] Got 'stun_query' event [TLS, session 1v, anonymous, client 127.0.0.1:39784] (eturnal_module:handle_event/2:176)
2022-04-08 16:49:40.436961+00:00 [debug] Calling mod_log_stun:handle_event/2 [TLS, session 1v, anonymous, client 127.0.0.1:39784] (eturnal_module:handle_event/2:179)
2022-04-08 16:49:40.437020+00:00 [info] Responding to STUN request [TLS, session 1v, anonymous, client 127.0.0.1:39784] (mod_log_stun:handle_event/2:45)
2022-04-08 16:49:40.437071+00:00 [debug] Calling mod_stats_influx:handle_event/2 [TLS, session 1v, anonymous, client 127.0.0.1:39784] (eturnal_module:handle_event/2:179)
2022-04-08 16:49:40.437125+00:00 [debug] Writing STUN query event to InfluxDB [TLS, session 1v, anonymous, client 127.0.0.1:39784] (mod_stats_influx:on_stun_query/1:70)
2022-04-08 16:49:40.437402+00:00 [debug] Sending:
#stun{class = response,method = 1,magic = 554869826,
      trid = 6029086700704091756515695698,raw = <<>>,unsupported = [],
      'ALTERNATE-SERVER' = undefined,'CHANNEL-NUMBER' = undefined,
      'DATA' = undefined,'DONT-FRAGMENT' = false,'ERROR-CODE' = undefined,
      'LIFETIME' = undefined,'MAPPED-ADDRESS' = undefined,
      'MESSAGE-INTEGRITY' = undefined,'NONCE' = undefined,'REALM' = undefined,
      'REQUESTED-ADDRESS-FAMILY' = undefined,
      'REQUESTED-TRANSPORT' = undefined,'SOFTWARE' = <<"P1 STUN library">>,
      'UNKNOWN-ATTRIBUTES' = [],'USERNAME' = undefined,
      'XOR-MAPPED-ADDRESS' = {{127,0,0,1},39784},
      'XOR-PEER-ADDRESS' = [],'XOR-RELAYED-ADDRESS' = undefined} (stun:send/3:445)
2022-04-08 16:49:40.437750+00:00 [info] Connection reset by peer [TLS, session 1v, anonymous, client 127.0.0.1:39784] (stun:handle_info/3:170)
2022-04-08 16:49:40.463306+00:00 [info] Accepting connection: 127.0.0.1:55400 -> 127.0.0.1:34781 [TCP|TLS, session 1f] (stun_listener:accept/3:221)
2022-04-08 16:49:40.463451+00:00 [debug] Determined transport protocol: TCP (stun:is_tls_handshake/1:766)
2022-04-08 16:49:40.463852+00:00 [debug] Received:
#stun{class = request,method = 1,magic = 554869826,
      trid = 26096358597528941974106966577,raw = <<>>,unsupported = [],
      'ALTERNATE-SERVER' = undefined,'CHANNEL-NUMBER' = undefined,
      'DATA' = undefined,'DONT-FRAGMENT' = false,'ERROR-CODE' = undefined,
      'LIFETIME' = undefined,'MAPPED-ADDRESS' = undefined,
      'MESSAGE-INTEGRITY' = undefined,'NONCE' = undefined,'REALM' = undefined,
      'REQUESTED-ADDRESS-FAMILY' = undefined,
      'REQUESTED-TRANSPORT' = undefined,'SOFTWARE' = undefined,
      'UNKNOWN-ATTRIBUTES' = [],'USERNAME' = undefined,
      'XOR-MAPPED-ADDRESS' = undefined,'XOR-PEER-ADDRESS' = [],
      'XOR-RELAYED-ADDRESS' = undefined} (stun:process_data/3:404)
2022-04-08 16:49:40.463994+00:00 [debug] Responding to STUN request [TCP, session 1f, anonymous, client 127.0.0.1:55400] (stun:process/4:312)
2022-04-08 16:49:40.464045+00:00 [debug] Running 'stun_query' hook [TCP, session 1f, anonymous, client 127.0.0.1:55400] (stun:run_hook/3:818)
2022-04-08 16:49:40.464094+00:00 [debug] Got 'stun_query' event [TCP, session 1f, anonymous, client 127.0.0.1:55400] (eturnal_module:handle_event/2:176)
2022-04-08 16:49:40.464129+00:00 [debug] Calling mod_log_stun:handle_event/2 [TCP, session 1f, anonymous, client 127.0.0.1:55400] (eturnal_module:handle_event/2:179)
2022-04-08 16:49:40.464161+00:00 [info] Responding to STUN request [TCP, session 1f, anonymous, client 127.0.0.1:55400] (mod_log_stun:handle_event/2:45)
2022-04-08 16:49:40.464197+00:00 [debug] Calling mod_stats_influx:handle_event/2 [TCP, session 1f, anonymous, client 127.0.0.1:55400] (eturnal_module:handle_event/2:179)
2022-04-08 16:49:40.464226+00:00 [debug] Writing STUN query event to InfluxDB [TCP, session 1f, anonymous, client 127.0.0.1:55400] (mod_stats_influx:on_stun_query/1:70)
2022-04-08 16:49:40.464517+00:00 [debug] Sending:
#stun{class = response,method = 1,magic = 554869826,
      trid = 26096358597528941974106966577,raw = <<>>,unsupported = [],
      'ALTERNATE-SERVER' = undefined,'CHANNEL-NUMBER' = undefined,
      'DATA' = undefined,'DONT-FRAGMENT' = false,'ERROR-CODE' = undefined,
      'LIFETIME' = undefined,'MAPPED-ADDRESS' = undefined,
      'MESSAGE-INTEGRITY' = undefined,'NONCE' = undefined,'REALM' = undefined,
      'REQUESTED-ADDRESS-FAMILY' = undefined,
      'REQUESTED-TRANSPORT' = undefined,'SOFTWARE' = <<"P1 STUN library">>,
      'UNKNOWN-ATTRIBUTES' = [],'USERNAME' = undefined,
      'XOR-MAPPED-ADDRESS' = {{127,0,0,1},55400},
      'XOR-PEER-ADDRESS' = [],'XOR-RELAYED-ADDRESS' = undefined} (stun:send/3:445)
2022-04-08 16:49:40.464789+00:00 [info] Connection reset by peer [TCP, session 1f, anonymous, client 127.0.0.1:55400] (stun:handle_info/3:170)
2022-04-08 16:49:40.489789+00:00 [info] Accepting connection: 127.0.0.1:55402 -> 127.0.0.1:34781 [TCP|TLS, session 77] (stun_listener:accept/3:221)
2022-04-08 16:49:40.489944+00:00 [debug] Determined transport protocol: TLS (stun:is_tls_handshake/1:763)
2022-04-08 16:49:40.599670+00:00 [debug] Received:
#stun{class = request,method = 1,magic = 554869826,
      trid = 272657901514383566411174728,raw = <<>>,unsupported = [],
      'ALTERNATE-SERVER' = undefined,'CHANNEL-NUMBER' = undefined,
      'DATA' = undefined,'DONT-FRAGMENT' = false,'ERROR-CODE' = undefined,
      'LIFETIME' = undefined,'MAPPED-ADDRESS' = undefined,
      'MESSAGE-INTEGRITY' = undefined,'NONCE' = undefined,'REALM' = undefined,
      'REQUESTED-ADDRESS-FAMILY' = undefined,
      'REQUESTED-TRANSPORT' = undefined,'SOFTWARE' = undefined,
      'UNKNOWN-ATTRIBUTES' = [],'USERNAME' = undefined,
      'XOR-MAPPED-ADDRESS' = undefined,'XOR-PEER-ADDRESS' = [],
      'XOR-RELAYED-ADDRESS' = undefined} (stun:process_data/3:404)
2022-04-08 16:49:40.599905+00:00 [debug] Responding to STUN request [TLS, session 77, anonymous, client 127.0.0.1:55402] (stun:process/4:312)
2022-04-08 16:49:40.600018+00:00 [debug] Running 'stun_query' hook [TLS, session 77, anonymous, client 127.0.0.1:55402] (stun:run_hook/3:818)
2022-04-08 16:49:40.600130+00:00 [debug] Got 'stun_query' event [TLS, session 77, anonymous, client 127.0.0.1:55402] (eturnal_module:handle_event/2:176)
2022-04-08 16:49:40.600206+00:00 [debug] Calling mod_log_stun:handle_event/2 [TLS, session 77, anonymous, client 127.0.0.1:55402] (eturnal_module:handle_event/2:179)
2022-04-08 16:49:40.600285+00:00 [info] Responding to STUN request [TLS, session 77, anonymous, client 127.0.0.1:55402] (mod_log_stun:handle_event/2:45)
2022-04-08 16:49:40.600347+00:00 [debug] Calling mod_stats_influx:handle_event/2 [TLS, session 77, anonymous, client 127.0.0.1:55402] (eturnal_module:handle_event/2:179)
2022-04-08 16:49:40.600427+00:00 [debug] Writing STUN query event to InfluxDB [TLS, session 77, anonymous, client 127.0.0.1:55402] (mod_stats_influx:on_stun_query/1:70)
2022-04-08 16:49:40.600746+00:00 [debug] Sending:
#stun{class = response,method = 1,magic = 554869826,
      trid = 272657901514383566411174728,raw = <<>>,unsupported = [],
      'ALTERNATE-SERVER' = undefined,'CHANNEL-NUMBER' = undefined,
      'DATA' = undefined,'DONT-FRAGMENT' = false,'ERROR-CODE' = undefined,
      'LIFETIME' = undefined,'MAPPED-ADDRESS' = undefined,
      'MESSAGE-INTEGRITY' = undefined,'NONCE' = undefined,'REALM' = undefined,
      'REQUESTED-ADDRESS-FAMILY' = undefined,
      'REQUESTED-TRANSPORT' = undefined,'SOFTWARE' = <<"P1 STUN library">>,
      'UNKNOWN-ATTRIBUTES' = [],'USERNAME' = undefined,
      'XOR-MAPPED-ADDRESS' = {{127,0,0,1},55402},
      'XOR-PEER-ADDRESS' = [],'XOR-RELAYED-ADDRESS' = undefined} (stun:send/3:445)
2022-04-08 16:49:40.601171+00:00 [info] Connection reset by peer [TLS, session 77, anonymous, client 127.0.0.1:55402] (stun:handle_info/3:170)
2022-04-08 16:49:40.625760+00:00 [debug] No NOTIFY_SOCKET, dropping STOPPING=1 notification (eturnal_systemd:handle_cast/2:109)
2022-04-08 16:49:40.625802+00:00 [debug] Terminating eturnal (shutdown) (eturnal:terminate/2:200)
2022-04-08 16:49:40.625962+00:00 [debug] Watchdog interval is undefined, hibernating (eturnal_systemd:get_timeout/1:162)
2022-04-08 16:49:40.626047+00:00 [info] Stopped listening on 127.0.0.1:34780 (udp) (eturnal:stop_listeners/1:395)
2022-04-08 16:49:40.626404+00:00 [info] Stopped listening on 127.0.0.1:34780 (tcp) (eturnal:stop_listeners/1:395)
2022-04-08 16:49:40.626619+00:00 [info] Stopped listening on 127.0.0.1:53490 (tls) (eturnal:stop_listeners/1:395)
2022-04-08 16:49:40.626797+00:00 [info] Stopped listening on 127.0.0.1:34781 (auto) (eturnal:stop_listeners/1:395)
2022-04-08 16:49:40.627223+00:00 [debug] Calling mod_log_stun:stop/1 (eturnal_module:stop/1:162)
2022-04-08 16:49:40.627507+00:00 [debug] Stopping mod_log_stun (mod_log_stun:stop/0:50)
2022-04-08 16:49:40.627623+00:00 [info] Stopped mod_log_stun (eturnal:stop_modules/1:343)
2022-04-08 16:49:40.629541+00:00 [debug] Calling mod_stats_influx:stop/1 (eturnal_module:stop/1:162)
2022-04-08 16:49:40.629864+00:00 [debug] Stopping mod_stats_influx (mod_stats_influx:stop/0:55)
2022-04-08 16:49:40.630096+00:00 [info] Stopped mod_stats_influx (eturnal:stop_modules/1:343)
2022-04-08 16:49:40.630807+00:00 [debug] Removed run/cert.pem (eturnal:clean_run_dir/0:727)
2022-04-08 16:49:40.631456+00:00 [debug] Terminating eturnal_systemd (shutdown) (eturnal_systemd:terminate/2:136)
2022-04-08 16:49:40.631878+00:00 [notice] Stopping eturnal 1.8.2 on Erlang/OTP 24 (ERTS 12.3) (eturnal_app:stop/1:54)
