2022-07-10 10:48:45.212006+00:00 [notice] Starting eturnal 1.9.0 on Erlang/OTP 25 (ERTS 13.0) (eturnal_app:start/2:35)
2022-07-10 10:48:45.212222+00:00 [debug] Starting supervisor: eturnal_sup (eturnal_sup:start_link/0:32)
2022-07-10 10:48:45.212378+00:00 [debug] Configuring eturnal_sup supervisor: [#{id => systemd,
                                       start =>
                                           {eturnal_systemd,start_link,[]}},
                                     #{id => eturnal,
                                       start => {eturnal,start_link,[]}}] (eturnal_sup:init/0:40)
2022-07-10 10:48:45.214334+00:00 [info] Got no NOTIFY_SOCKET, notifications disabled (eturnal_systemd:init/1:95)
2022-07-10 10:48:45.214557+00:00 [debug] PROGRESS REPORT:
    supervisor: {local,eturnal_sup}
    started: [{pid,<0.941.0>},
              {id,systemd},
              {mfargs,{eturnal_systemd,start_link,[]}},
              {restart_type,permanent},
              {significant,false},
              {shutdown,5000},
              {child_type,worker}]
 (supervisor:report_progress/2:1557)
2022-07-10 10:48:45.214742+00:00 [info] Relay IPv4 address: 127.0.0.1 (port range: 49152-65535) (eturnal:log_relay_addresses/0:262)
2022-07-10 10:48:45.214912+00:00 [info] Relay IPv6 address not configured (eturnal:log_relay_addresses/0:272)
2022-07-10 10:48:45.230219+00:00 [info] Cannot determine control query port: noport (eturnal:log_control_listener/0:287)
2022-07-10 10:48:45.230886+00:00 [debug] Using run directory run (eturnal:ensure_run_dir/0:669)
2022-07-10 10:48:45.231064+00:00 [debug] TURN configuration seems fine (eturnal:check_turn_config/0:481)
2022-07-10 10:48:45.231248+00:00 [warning] TLS enabled without 'tls_crt_file', creating self-signed certificate (eturnal:check_pem_file/0:605)
2022-07-10 10:48:46.028253+00:00 [debug] Calling mod_log_stun:start/0 (eturnal_module:start/1:142)
2022-07-10 10:48:46.028612+00:00 [debug] Starting mod_log_stun (mod_log_stun:start/0:39)
2022-07-10 10:48:46.028897+00:00 [info] Started mod_log_stun (eturnal:start_modules/0:298)
2022-07-10 10:48:46.029059+00:00 [debug] Calling mod_stats_influx:start/0 (eturnal_module:start/1:142)
2022-07-10 10:48:46.029216+00:00 [debug] Starting mod_stats_influx (mod_stats_influx:start/0:38)
2022-07-10 10:48:46.031337+00:00 [debug] PROGRESS REPORT:
    application: ulitos
    started_at: nonode@nohost
 (application_controller:info_started/2:2107)
2022-07-10 10:48:46.032625+00:00 [debug] PROGRESS REPORT:
    application: poolboy
    started_at: nonode@nohost
 (application_controller:info_started/2:2107)
2022-07-10 10:48:46.034007+00:00 [info]     msg: Starting application: influx_udp (influx_udp_app:start/2:10)
2022-07-10 10:48:46.037198+00:00 [debug] PROGRESS REPORT:
    supervisor: {local,influx_udp_sup}
    started: [{pid,<0.963.0>},
              {id,influx_udp},
              {mfargs,{influx_udp,start_link,[]}},
              {restart_type,permanent},
              {significant,false},
              {shutdown,5000},
              {child_type,worker}]
 (supervisor:report_progress/2:1557)
2022-07-10 10:48:46.037398+00:00 [debug] PROGRESS REPORT:
    application: influx_udp
    started_at: nonode@nohost
 (application_controller:info_started/2:2107)
2022-07-10 10:48:46.037492+00:00 [debug] Dependency influx_udp was available already (eturnal_module:ensure_dep/2:283)
2022-07-10 10:48:46.039678+00:00 [info]     host: {127,0,0,1}
    msg: Start clients pool
    options: #{host => "localhost",max_overflow => 1,pool_size => 1,
               port => 8089} (influx_udp:start_pool_/2:239)
2022-07-10 10:48:46.049698+00:00 [info]     msg: Open UDP socket on port
    port: 40366 (influx_udp_worker:init/1:43)
2022-07-10 10:48:46.049904+00:00 [debug] PROGRESS REPORT:
    supervisor: {local,influx_udp_sup}
    started: [{pid,<0.966.0>},
              {id,stats_influx_pool},
              {mfargs,
                  {poolboy,start_link,
                      [[{name,{local,stats_influx_pool}},
                        {worker_module,influx_udp_worker},
                        {size,1},
                        {max_overflow,1}],
                       [{options,
                            #{host => {127,0,0,1},
                              max_overflow => 1,pool_size => 1,
                              port => 8089}}]]}},
              {restart_type,permanent},
              {significant,false},
              {shutdown,5000},
              {child_type,worker}]
 (supervisor:report_progress/2:1557)
2022-07-10 10:48:46.050166+00:00 [info] Started mod_stats_influx (eturnal:start_modules/0:298)
2022-07-10 10:48:46.050327+00:00 [debug] Starting listener 127.0.0.1:34780 (udp) with options:
[{use_turn,true},
 {auth_type,user},
 {turn_ipv4_address,{127,0,0,1}},
 {turn_min_port,49152},
 {turn_max_port,65535},
 {turn_max_allocations,10},
 {turn_max_permissions,10},
 {shaper,100000},
 {turn_blacklist,[{{203,0,113,0},24},{{8193,3512,0,0,0,0,0,0},32}]},
 {turn_whitelist,[{{203,0,113,113},32},{{8193,3512,0,0,0,0,0,0},64}]},
 {auth_realm,<<"eturnal.net">>},
 {server_name,<<"eturnal">>},
 {auth_fun,fun eturnal:get_password/2},
 {hook_fun,fun eturnal:run_hook/2}] (eturnal:start_listeners/0:331)
2022-07-10 10:48:46.061875+00:00 [info] Listening on 127.0.0.1:34780 (udp) (STUN/TURN) (eturnal:start_listeners/0:336)
2022-07-10 10:48:46.062070+00:00 [debug] Starting listener 127.0.0.1:34780 (tcp) with options:
[{use_turn,false},
 {auth_type,anonymous},
 {turn_ipv4_address,{127,0,0,1}},
 {turn_min_port,49152},
 {turn_max_port,65535},
 {turn_max_allocations,10},
 {turn_max_permissions,10},
 {shaper,100000},
 {turn_blacklist,[{{203,0,113,0},24},{{8193,3512,0,0,0,0,0,0},32}]},
 {turn_whitelist,[{{203,0,113,113},32},{{8193,3512,0,0,0,0,0,0},64}]},
 {auth_realm,<<"eturnal.net">>},
 {server_name,<<"eturnal">>},
 {auth_fun,fun eturnal:get_password/2},
 {hook_fun,fun eturnal:run_hook/2}] (eturnal:start_listeners/0:331)
2022-07-10 10:48:46.070266+00:00 [info] Listening on 127.0.0.1:34780 (tcp) (STUN only) (eturnal:start_listeners/0:336)
2022-07-10 10:48:46.070498+00:00 [debug] Starting listener 127.0.0.1:53490 (tls) with options:
[{use_turn,false},
 {auth_type,anonymous},
 {tls,true},
 {certfile,<<"run/cert.pem">>},
 {ciphers,<<"HIGH:!aNULL:@STRENGTH">>},
 {protocol_options,<<"no_tlsv1|no_tlsv1_1|cipher_server_preference">>},
 {turn_ipv4_address,{127,0,0,1}},
 {turn_min_port,49152},
 {turn_max_port,65535},
 {turn_max_allocations,10},
 {turn_max_permissions,10},
 {shaper,100000},
 {turn_blacklist,[{{203,0,113,0},24},{{8193,3512,0,0,0,0,0,0},32}]},
 {turn_whitelist,[{{203,0,113,113},32},{{8193,3512,0,0,0,0,0,0},64}]},
 {auth_realm,<<"eturnal.net">>},
 {server_name,<<"eturnal">>},
 {auth_fun,fun eturnal:get_password/2},
 {hook_fun,fun eturnal:run_hook/2}] (eturnal:start_listeners/0:331)
2022-07-10 10:48:46.071313+00:00 [info] Listening on 127.0.0.1:53490 (tls) (STUN only) (eturnal:start_listeners/0:336)
2022-07-10 10:48:46.071473+00:00 [debug] Starting listener 127.0.0.1:34781 (auto) with options:
[{use_turn,false},
 {auth_type,anonymous},
 {tls,optional},
 {certfile,<<"run/cert.pem">>},
 {ciphers,<<"HIGH:!aNULL:@STRENGTH">>},
 {protocol_options,<<"no_tlsv1|no_tlsv1_1|cipher_server_preference">>},
 {turn_ipv4_address,{127,0,0,1}},
 {turn_min_port,49152},
 {turn_max_port,65535},
 {turn_max_allocations,10},
 {turn_max_permissions,10},
 {shaper,100000},
 {turn_blacklist,[{{203,0,113,0},24},{{8193,3512,0,0,0,0,0,0},32}]},
 {turn_whitelist,[{{203,0,113,113},32},{{8193,3512,0,0,0,0,0,0},64}]},
 {auth_realm,<<"eturnal.net">>},
 {server_name,<<"eturnal">>},
 {auth_fun,fun eturnal:get_password/2},
 {hook_fun,fun eturnal:run_hook/2}] (eturnal:start_listeners/0:331)
2022-07-10 10:48:46.084715+00:00 [info] Listening on 127.0.0.1:34781 (auto) (STUN only) (eturnal:start_listeners/0:336)
2022-07-10 10:48:46.084926+00:00 [debug] Started 2 modules (eturnal:init/1:96)
2022-07-10 10:48:46.085065+00:00 [debug] Started 4 listeners (eturnal:init/1:97)
2022-07-10 10:48:46.085193+00:00 [debug] PROGRESS REPORT:
    supervisor: {local,eturnal_sup}
    started: [{pid,<0.943.0>},
              {id,eturnal},
              {mfargs,{eturnal,start_link,[]}},
              {restart_type,permanent},
              {significant,false},
              {shutdown,5000},
              {child_type,worker}]
 (supervisor:report_progress/2:1557)
2022-07-10 10:48:46.085320+00:00 [debug] No NOTIFY_SOCKET, dropping READY=1 notification (eturnal_systemd:handle_cast/2:109)
2022-07-10 10:48:46.085339+00:00 [debug] PROGRESS REPORT:
    application: eturnal
    started_at: nonode@nohost
 (application_controller:info_started/2:2107)
2022-07-10 10:48:46.085499+00:00 [debug] Watchdog interval is undefined, hibernating (eturnal_systemd:get_timeout/1:162)
2022-07-10 10:48:46.115825+00:00 [debug] Handling API call: get_info() (eturnal_ctl:get_info/0:135)
2022-07-10 10:48:46.116574+00:00 [debug] eturnal call (get_info) returned {ok,
                                  {eturnal_node_info,<<"1.9.0">>,
                                   {"25","13.0"},
                                   3915,0,138,114461718,1,39688480}} (eturnal_ctl:call/1:452)
2022-07-10 10:48:46.142856+00:00 [debug] Handling API call: get_sessions() (eturnal_ctl:get_sessions/0:106)
2022-07-10 10:48:46.168253+00:00 [debug] Handling API call: get_sessions("alice") (eturnal_ctl:get_sessions/1:116)
2022-07-10 10:48:46.168522+00:00 [debug] Handling API call: disconnect(alice) (eturnal_ctl:disconnect/1:184)
2022-07-10 10:48:46.168664+00:00 [debug] Cannot convert user name to binary: alice (eturnal_ctl:disconnect/1:194)
2022-07-10 10:48:46.194890+00:00 [debug] Handling API call: disconnect("alice") (eturnal_ctl:disconnect/1:184)
2022-07-10 10:48:46.195266+00:00 [debug] Handling API call: disconnect(alice) (eturnal_ctl:disconnect/1:184)
2022-07-10 10:48:46.195472+00:00 [debug] Cannot convert user name to binary: alice (eturnal_ctl:disconnect/1:194)
2022-07-10 10:48:46.221455+00:00 [debug] Handling API call: get_credentials("2009-10-30 11:00:00Z", []) (eturnal_ctl:get_credentials/2:60)
2022-07-10 10:48:46.221700+00:00 [debug] eturnal call ({get_password,<<"1256900400">>}) returned {ok,
                                                         <<"uEKlpcME7MNMMVRV8rUFPCTIFEs=">>} (eturnal_ctl:call/1:452)
2022-07-10 10:48:46.226415+00:00 [debug] Handling API call: get_credentials("86400", "alice") (eturnal_ctl:get_credentials/2:60)
2022-07-10 10:48:46.226664+00:00 [debug] eturnal call ({get_password,<<"1657536526:alice">>}) returned {ok,
                                                               <<"4qw/oDIib9SKxn39Ie9l6FUrUSY=">>} (eturnal_ctl:call/1:452)
2022-07-10 10:48:46.226845+00:00 [debug] Handling API call: get_password("1657536526:alice") (eturnal_ctl:get_password/1:79)
2022-07-10 10:48:46.227015+00:00 [debug] eturnal call ({get_password,<<"1657536526:alice">>}) returned {ok,
                                                               <<"4qw/oDIib9SKxn39Ie9l6FUrUSY=">>} (eturnal_ctl:call/1:452)
2022-07-10 10:48:46.227271+00:00 [debug] Handling API call: get_credentials("86400s", "alice") (eturnal_ctl:get_credentials/2:60)
2022-07-10 10:48:46.227465+00:00 [debug] eturnal call ({get_password,<<"1657536526:alice">>}) returned {ok,
                                                               <<"4qw/oDIib9SKxn39Ie9l6FUrUSY=">>} (eturnal_ctl:call/1:452)
2022-07-10 10:48:46.227649+00:00 [debug] Handling API call: get_password("1657536526:alice") (eturnal_ctl:get_password/1:79)
2022-07-10 10:48:46.227804+00:00 [debug] eturnal call ({get_password,<<"1657536526:alice">>}) returned {ok,
                                                               <<"4qw/oDIib9SKxn39Ie9l6FUrUSY=">>} (eturnal_ctl:call/1:452)
2022-07-10 10:48:46.228034+00:00 [debug] Handling API call: get_credentials("1440m", "alice") (eturnal_ctl:get_credentials/2:60)
2022-07-10 10:48:46.228209+00:00 [debug] eturnal call ({get_password,<<"1657536526:alice">>}) returned {ok,
                                                               <<"4qw/oDIib9SKxn39Ie9l6FUrUSY=">>} (eturnal_ctl:call/1:452)
2022-07-10 10:48:46.228402+00:00 [debug] Handling API call: get_password("1657536526:alice") (eturnal_ctl:get_password/1:79)
2022-07-10 10:48:46.228584+00:00 [debug] eturnal call ({get_password,<<"1657536526:alice">>}) returned {ok,
                                                               <<"4qw/oDIib9SKxn39Ie9l6FUrUSY=">>} (eturnal_ctl:call/1:452)
2022-07-10 10:48:46.229078+00:00 [debug] Handling API call: get_credentials("24h", "alice") (eturnal_ctl:get_credentials/2:60)
2022-07-10 10:48:46.229270+00:00 [debug] eturnal call ({get_password,<<"1657536526:alice">>}) returned {ok,
                                                               <<"4qw/oDIib9SKxn39Ie9l6FUrUSY=">>} (eturnal_ctl:call/1:452)
2022-07-10 10:48:46.229409+00:00 [debug] Handling API call: get_password("1657536526:alice") (eturnal_ctl:get_password/1:79)
2022-07-10 10:48:46.229562+00:00 [debug] eturnal call ({get_password,<<"1657536526:alice">>}) returned {ok,
                                                               <<"4qw/oDIib9SKxn39Ie9l6FUrUSY=">>} (eturnal_ctl:call/1:452)
2022-07-10 10:48:46.229732+00:00 [debug] Handling API call: get_credentials("1d", "alice") (eturnal_ctl:get_credentials/2:60)
2022-07-10 10:48:46.229909+00:00 [debug] eturnal call ({get_password,<<"1657536526:alice">>}) returned {ok,
                                                               <<"4qw/oDIib9SKxn39Ie9l6FUrUSY=">>} (eturnal_ctl:call/1:452)
2022-07-10 10:48:46.230054+00:00 [debug] Handling API call: get_password("1657536526:alice") (eturnal_ctl:get_password/1:79)
2022-07-10 10:48:46.230189+00:00 [debug] eturnal call ({get_password,<<"1657536526:alice">>}) returned {ok,
                                                               <<"4qw/oDIib9SKxn39Ie9l6FUrUSY=">>} (eturnal_ctl:call/1:452)
2022-07-10 10:48:46.230425+00:00 [debug] Handling API call: get_password("Invalid") (eturnal_ctl:get_password/1:79)
2022-07-10 10:48:46.230572+00:00 [debug] Invalid user name: Invalid (eturnal_ctl:get_password/1:93)
2022-07-10 10:48:46.230667+00:00 [debug] Handling API call: get_credentials("Invalid", []) (eturnal_ctl:get_credentials/2:60)
2022-07-10 10:48:46.230769+00:00 [debug] Invalid argument(s): "Invalid":[] (eturnal_ctl:get_credentials/2:73)
2022-07-10 10:48:46.230842+00:00 [debug] Handling API call: get_password(invalid) (eturnal_ctl:get_password/1:79)
2022-07-10 10:48:46.230902+00:00 [debug] Cannot convert user name to binary: invalid (eturnal_ctl:get_password/1:100)
2022-07-10 10:48:46.230957+00:00 [debug] Handling API call: get_credentials(invalid, []) (eturnal_ctl:get_credentials/2:60)
2022-07-10 10:48:46.231021+00:00 [debug] Invalid argument(s): invalid:[] (eturnal_ctl:get_credentials/2:73)
2022-07-10 10:48:46.231090+00:00 [debug] Handling API call: get_password([invalid]) (eturnal_ctl:get_password/1:79)
2022-07-10 10:48:46.231159+00:00 [debug] Cannot convert user name to binary: [invalid] (eturnal_ctl:get_password/1:100)
2022-07-10 10:48:46.231213+00:00 [debug] Handling API call: get_credentials([invalid], []) (eturnal_ctl:get_credentials/2:60)
2022-07-10 10:48:46.231273+00:00 [debug] Invalid argument(s): [invalid]:[] (eturnal_ctl:get_credentials/2:73)
2022-07-10 10:48:46.231444+00:00 [debug] Handling API call: get_credentials(1256900400, invalid) (eturnal_ctl:get_credentials/2:60)
2022-07-10 10:48:46.231544+00:00 [debug] Invalid argument(s): 1256900400:invalid (eturnal_ctl:get_credentials/2:73)
2022-07-10 10:48:46.257775+00:00 [debug] Handling API call: set_loglevel(debug) (eturnal_ctl:set_loglevel/1:165)
2022-07-10 10:48:46.258051+00:00 [debug] eturnal call ({set_loglevel,debug}) returned ok (eturnal_ctl:call/1:449)
2022-07-10 10:48:46.258340+00:00 [debug] Handling API call: get_loglevel() (eturnal_ctl:get_loglevel/0:155)
2022-07-10 10:48:46.258547+00:00 [debug] eturnal call (get_loglevel) returned {ok,debug} (eturnal_ctl:call/1:452)
2022-07-10 10:48:46.258792+00:00 [debug] Handling API call: set_loglevel(invalid) (eturnal_ctl:set_loglevel/1:165)
2022-07-10 10:48:46.258968+00:00 [debug] Invalid log level: invalid (eturnal_ctl:set_loglevel/1:175)
2022-07-10 10:48:46.259190+00:00 [debug] Handling API call: get_loglevel() (eturnal_ctl:get_loglevel/0:155)
2022-07-10 10:48:46.259415+00:00 [debug] eturnal call (get_loglevel) returned {ok,debug} (eturnal_ctl:call/1:452)
2022-07-10 10:48:46.285803+00:00 [debug] Handling API call: get_version() (eturnal_ctl:get_version/0:145)
2022-07-10 10:48:46.286069+00:00 [debug] eturnal call (get_version) returned {ok,<<"1.9.0">>} (eturnal_ctl:call/1:452)
2022-07-10 10:48:46.311658+00:00 [debug] Handling API call: reload() (eturnal_ctl:reload/0:200)
2022-07-10 10:48:46.313869+00:00 [debug] Calling mod_log_stun:options/0 (eturnal_module:options/1:191)
2022-07-10 10:48:46.314001+00:00 [debug] Calling mod_stats_influx:options/0 (eturnal_module:options/1:191)
2022-07-10 10:48:46.314736+00:00 [warning] TLS enabled without 'tls_crt_file', creating self-signed certificate (eturnal:check_pem_file/0:605)
2022-07-10 10:48:46.646649+00:00 [info] Using new TLS certificate (eturnal:handle_call/3:114)
2022-07-10 10:48:46.646857+00:00 [debug] Reloaded configuration (eturnal:handle_call/3:120)
2022-07-10 10:48:46.646995+00:00 [debug] eturnal call (reload) returned ok (eturnal_ctl:call/1:449)
2022-07-10 10:48:46.647471+00:00 [debug] Handling API call: reload() (eturnal_ctl:reload/0:200)
2022-07-10 10:48:46.649660+00:00 [debug] Calling mod_log_stun:options/0 (eturnal_module:options/1:191)
2022-07-10 10:48:46.649827+00:00 [debug] Calling mod_stats_influx:options/0 (eturnal_module:options/1:191)
2022-07-10 10:48:46.650542+00:00 [debug] Keeping PEM file (run/cert.pem) (eturnal:check_pem_file/0:602)
2022-07-10 10:48:46.650698+00:00 [debug] TLS certificate unchanged (eturnal:handle_call/3:116)
2022-07-10 10:48:46.650794+00:00 [debug] Reloaded configuration (eturnal:handle_call/3:120)
2022-07-10 10:48:46.650935+00:00 [debug] eturnal call (reload) returned ok (eturnal_ctl:call/1:449)
2022-07-10 10:48:46.677586+00:00 [info] Accepting connection: 127.0.0.1:46032 -> 127.0.0.1:34780 [TCP, session jesl199qo2ho] (stun_acceptor:accept/3:148)
2022-07-10 10:48:46.706559+00:00 [info] Accepting connection: 127.0.0.1:59712 -> 127.0.0.1:53490 [TLS, session a2kbwa1b5kon] (stun_acceptor:accept/3:148)
2022-07-10 10:48:46.736640+00:00 [debug] Received:
#stun{class = request,method = 3,magic = 554869826,
      trid = 49734267820023163533493787467,raw = <<>>,unsupported = [],
      'ALTERNATE-SERVER' = undefined,'CHANNEL-NUMBER' = undefined,
      'DATA' = undefined,'DONT-FRAGMENT' = false,'ERROR-CODE' = undefined,
      'LIFETIME' = undefined,'MAPPED-ADDRESS' = undefined,
      'MESSAGE-INTEGRITY' = undefined,'NONCE' = undefined,'REALM' = undefined,
      'REQUESTED-ADDRESS-FAMILY' = undefined,
      'REQUESTED-TRANSPORT' = undefined,'SOFTWARE' = undefined,
      'UNKNOWN-ATTRIBUTES' = [],'USERNAME' = undefined,
      'XOR-MAPPED-ADDRESS' = undefined,'XOR-PEER-ADDRESS' = [],
      'XOR-RELAYED-ADDRESS' = undefined} (stun:udp_recv/5:111)
2022-07-10 10:48:46.736834+00:00 [debug] Sending:
#stun{class = error,method = 3,magic = 554869826,
      trid = 49734267820023163533493787467,raw = <<>>,unsupported = [],
      'ALTERNATE-SERVER' = undefined,'CHANNEL-NUMBER' = undefined,
      'DATA' = undefined,'DONT-FRAGMENT' = false,
      'ERROR-CODE' = {401,<<"Unauthorized">>},
      'LIFETIME' = undefined,'MAPPED-ADDRESS' = undefined,
      'MESSAGE-INTEGRITY' = undefined,'NONCE' = <<"3485379529">>,
      'REALM' = <<"eturnal.net">>,'REQUESTED-ADDRESS-FAMILY' = undefined,
      'REQUESTED-TRANSPORT' = undefined,'SOFTWARE' = <<"eturnal">>,
      'UNKNOWN-ATTRIBUTES' = [],'USERNAME' = undefined,
      'XOR-MAPPED-ADDRESS' = undefined,'XOR-PEER-ADDRESS' = [],
      'XOR-RELAYED-ADDRESS' = undefined} (stun:send/3:445)
2022-07-10 10:48:46.737154+00:00 [debug] Received:
#stun{class = request,method = 3,magic = 554869826,
      trid = 42065999497760952670073739288,
      raw = <<0,3,0,80,33,18,164,66,135,236,45,226,41,142,86,175,163,37,88,24,
              0,25,0,4,17,0,0,0,0,6,0,10,50,49,52,53,57,49,51,50,48,48,0,0,0,
              20,0,11,101,116,117,114,110,97,108,46,110,101,116,0,0,21,0,10,51,
              52,56,53,51,55,57,53,50,57,0,0>>,
      unsupported = [],'ALTERNATE-SERVER' = undefined,
      'CHANNEL-NUMBER' = undefined,'DATA' = undefined,'DONT-FRAGMENT' = false,
      'ERROR-CODE' = undefined,'LIFETIME' = undefined,
      'MAPPED-ADDRESS' = undefined,
      'MESSAGE-INTEGRITY' = <<131,83,32,202,20,202,70,77,95,188,66,106,217,252,
                              25,223,52,226,67,254>>,
      'NONCE' = <<"3485379529">>,'REALM' = <<"eturnal.net">>,
      'REQUESTED-ADDRESS-FAMILY' = undefined,'REQUESTED-TRANSPORT' = udp,
      'SOFTWARE' = undefined,'UNKNOWN-ATTRIBUTES' = [],
      'USERNAME' = <<"2145913200">>,'XOR-MAPPED-ADDRESS' = undefined,
      'XOR-PEER-ADDRESS' = [],'XOR-RELAYED-ADDRESS' = undefined} (stun:udp_recv/5:111)
2022-07-10 10:48:46.737302+00:00 [debug] Looking up password for: 2145913200 [UDP, session hgwjxgpof81x, user 2145913200, client 127.0.0.1:44198] (eturnal:get_password/2:200)
2022-07-10 10:48:46.737414+00:00 [info] Accepting long-term STUN/TURN authentication [UDP, session hgwjxgpof81x, user 2145913200, client 127.0.0.1:44198] (stun:process/2:249)
2022-07-10 10:48:46.740129+00:00 [debug] Running 'turn_session_start' hook [UDP, session hgwjxgpof81x, user 2145913200, client 127.0.0.1:44198] (turn:run_hook/2:711)
2022-07-10 10:48:46.740208+00:00 [debug] Got 'turn_session_start' event [UDP, session hgwjxgpof81x, user 2145913200, client 127.0.0.1:44198] (eturnal_module:handle_event/2:176)
2022-07-10 10:48:46.740397+00:00 [notice] Creating TURN allocation (lifetime: 600 seconds) [UDP, session hgwjxgpof81x, user 2145913200, client 127.0.0.1:44198, relay 127.0.0.1:62130] (turn:wait_for_allocate/2:207)
2022-07-10 10:48:46.740488+00:00 [debug] Sending:
#stun{class = response,method = 3,magic = 554869826,
      trid = 42065999497760952670073739288,raw = <<>>,unsupported = [],
      'ALTERNATE-SERVER' = undefined,'CHANNEL-NUMBER' = undefined,
      'DATA' = undefined,'DONT-FRAGMENT' = false,'ERROR-CODE' = undefined,
      'LIFETIME' = 600,'MAPPED-ADDRESS' = undefined,
      'MESSAGE-INTEGRITY' = undefined,'NONCE' = undefined,'REALM' = undefined,
      'REQUESTED-ADDRESS-FAMILY' = undefined,
      'REQUESTED-TRANSPORT' = undefined,'SOFTWARE' = <<"eturnal">>,
      'UNKNOWN-ATTRIBUTES' = [],'USERNAME' = undefined,
      'XOR-MAPPED-ADDRESS' = {{127,0,0,1},44198},
      'XOR-PEER-ADDRESS' = [],
      'XOR-RELAYED-ADDRESS' = {{127,0,0,1},62130}} (turn:send/2:521)
2022-07-10 10:48:46.740841+00:00 [debug] Received:
#stun{class = request,method = 4,magic = 554869826,
      trid = 50436141076868696754182771141,
      raw = <<0,4,0,80,33,18,164,66,162,247,204,78,93,199,63,5,62,105,81,197,0,
              6,0,10,50,49,52,53,57,49,51,50,48,48,0,0,0,20,0,11,101,116,117,
              114,110,97,108,46,110,101,116,0,0,21,0,10,51,52,56,53,51,55,57,
              53,50,57,0,0,0,13,0,4,0,0,0,0>>,
      unsupported = [],'ALTERNATE-SERVER' = undefined,
      'CHANNEL-NUMBER' = undefined,'DATA' = undefined,'DONT-FRAGMENT' = false,
      'ERROR-CODE' = undefined,'LIFETIME' = 0,'MAPPED-ADDRESS' = undefined,
      'MESSAGE-INTEGRITY' = <<222,88,12,198,196,12,192,3,81,94,227,44,158,13,
                              86,160,68,149,246,135>>,
      'NONCE' = <<"3485379529">>,'REALM' = <<"eturnal.net">>,
      'REQUESTED-ADDRESS-FAMILY' = undefined,
      'REQUESTED-TRANSPORT' = undefined,'SOFTWARE' = undefined,
      'UNKNOWN-ATTRIBUTES' = [],'USERNAME' = <<"2145913200">>,
      'XOR-MAPPED-ADDRESS' = undefined,'XOR-PEER-ADDRESS' = [],
      'XOR-RELAYED-ADDRESS' = undefined} (stun:udp_recv/5:111)
2022-07-10 10:48:46.740968+00:00 [debug] Looking up password for: 2145913200 [UDP, session 064y7cy7pqfj, user 2145913200, client 127.0.0.1:44198] (eturnal:get_password/2:200)
2022-07-10 10:48:46.741034+00:00 [info] Accepting long-term STUN/TURN authentication [UDP, session 064y7cy7pqfj, user 2145913200, client 127.0.0.1:44198] (stun:process/2:249)
2022-07-10 10:48:46.741099+00:00 [info] Client requested closing the TURN session [UDP, session hgwjxgpof81x, user 2145913200, client 127.0.0.1:44198, relay 127.0.0.1:62130] (turn:active/2:262)
2022-07-10 10:48:46.741173+00:00 [debug] Sending:
#stun{class = response,method = 4,magic = 554869826,
      trid = 50436141076868696754182771141,raw = <<>>,unsupported = [],
      'ALTERNATE-SERVER' = undefined,'CHANNEL-NUMBER' = undefined,
      'DATA' = undefined,'DONT-FRAGMENT' = false,'ERROR-CODE' = undefined,
      'LIFETIME' = 0,'MAPPED-ADDRESS' = undefined,
      'MESSAGE-INTEGRITY' = undefined,'NONCE' = undefined,'REALM' = undefined,
      'REQUESTED-ADDRESS-FAMILY' = undefined,
      'REQUESTED-TRANSPORT' = undefined,'SOFTWARE' = <<"eturnal">>,
      'UNKNOWN-ATTRIBUTES' = [],'USERNAME' = undefined,
      'XOR-MAPPED-ADDRESS' = undefined,'XOR-PEER-ADDRESS' = [],
      'XOR-RELAYED-ADDRESS' = undefined} (turn:send/2:521)
2022-07-10 10:48:46.741269+00:00 [info] Deleting TURN allocation [UDP, session hgwjxgpof81x, user 2145913200, client 127.0.0.1:44198, relay 127.0.0.1:62130] (turn:terminate/3:454)
2022-07-10 10:48:46.741390+00:00 [notice] Relayed 0 KiB (in 0 B / 0 packets, out 0 B / 0 packets), duration: 0 seconds [UDP, session hgwjxgpof81x, user 2145913200, client 127.0.0.1:44198, relay 127.0.0.1:62130] (turn:terminate/3:461)
2022-07-10 10:48:46.741439+00:00 [debug] Running 'turn_session_stop' hook [UDP, session hgwjxgpof81x, user 2145913200, client 127.0.0.1:44198, relay 127.0.0.1:62130] (turn:run_hook/2:711)
2022-07-10 10:48:46.741487+00:00 [debug] Got 'turn_session_stop' event [UDP, session hgwjxgpof81x, user 2145913200, client 127.0.0.1:44198, relay 127.0.0.1:62130] (eturnal_module:handle_event/2:176)
2022-07-10 10:48:46.741523+00:00 [debug] Calling mod_stats_influx:handle_event/2 [UDP, session hgwjxgpof81x, user 2145913200, client 127.0.0.1:44198, relay 127.0.0.1:62130] (eturnal_module:handle_event/2:179)
2022-07-10 10:48:46.741581+00:00 [debug] Writing stats of TURN session hgwjxgpof81x to InfluxDB [UDP, session hgwjxgpof81x, user 2145913200, client 127.0.0.1:44198, relay 127.0.0.1:62130] (mod_stats_influx:on_turn_session_stop/1:81)
2022-07-10 10:48:46.769551+00:00 [debug] Received:
#stun{class = request,method = 1,magic = 554869826,
      trid = 11414669320215184295095021982,raw = <<>>,unsupported = [],
      'ALTERNATE-SERVER' = undefined,'CHANNEL-NUMBER' = undefined,
      'DATA' = undefined,'DONT-FRAGMENT' = false,'ERROR-CODE' = undefined,
      'LIFETIME' = undefined,'MAPPED-ADDRESS' = undefined,
      'MESSAGE-INTEGRITY' = undefined,'NONCE' = undefined,'REALM' = undefined,
      'REQUESTED-ADDRESS-FAMILY' = undefined,
      'REQUESTED-TRANSPORT' = undefined,'SOFTWARE' = undefined,
      'UNKNOWN-ATTRIBUTES' = [],'USERNAME' = undefined,
      'XOR-MAPPED-ADDRESS' = undefined,'XOR-PEER-ADDRESS' = [],
      'XOR-RELAYED-ADDRESS' = undefined} (stun:udp_recv/5:111)
2022-07-10 10:48:46.769694+00:00 [debug] Responding to STUN request [UDP, session xjlhwi7j05al, anonymous, client 127.0.0.1:56695] (stun:process/4:312)
2022-07-10 10:48:46.769747+00:00 [debug] Running 'stun_query' hook [UDP, session xjlhwi7j05al, anonymous, client 127.0.0.1:56695] (stun:run_hook/3:820)
2022-07-10 10:48:46.769872+00:00 [debug] Got 'stun_query' event [UDP, session xjlhwi7j05al, anonymous, client 127.0.0.1:56695] (eturnal_module:handle_event/2:176)
2022-07-10 10:48:46.769934+00:00 [debug] Calling mod_log_stun:handle_event/2 [UDP, session xjlhwi7j05al, anonymous, client 127.0.0.1:56695] (eturnal_module:handle_event/2:179)
2022-07-10 10:48:46.769983+00:00 [info] Responding to STUN request [UDP, session xjlhwi7j05al, anonymous, client 127.0.0.1:56695] (mod_log_stun:handle_event/2:45)
2022-07-10 10:48:46.770080+00:00 [debug] Calling mod_stats_influx:handle_event/2 [UDP, session xjlhwi7j05al, anonymous, client 127.0.0.1:56695] (eturnal_module:handle_event/2:179)
2022-07-10 10:48:46.770138+00:00 [debug] Writing STUN query event to InfluxDB [UDP, session xjlhwi7j05al, anonymous, client 127.0.0.1:56695] (mod_stats_influx:on_stun_query/1:70)
2022-07-10 10:48:46.770406+00:00 [debug] Sending:
#stun{class = response,method = 1,magic = 554869826,
      trid = 11414669320215184295095021982,raw = <<>>,unsupported = [],
      'ALTERNATE-SERVER' = undefined,'CHANNEL-NUMBER' = undefined,
      'DATA' = undefined,'DONT-FRAGMENT' = false,'ERROR-CODE' = undefined,
      'LIFETIME' = undefined,'MAPPED-ADDRESS' = undefined,
      'MESSAGE-INTEGRITY' = undefined,'NONCE' = undefined,'REALM' = undefined,
      'REQUESTED-ADDRESS-FAMILY' = undefined,
      'REQUESTED-TRANSPORT' = undefined,'SOFTWARE' = <<"eturnal">>,
      'UNKNOWN-ATTRIBUTES' = [],'USERNAME' = undefined,
      'XOR-MAPPED-ADDRESS' = {{127,0,0,1},56695},
      'XOR-PEER-ADDRESS' = [],'XOR-RELAYED-ADDRESS' = undefined} (stun:send/3:445)
2022-07-10 10:48:46.806285+00:00 [info] Accepting connection: 127.0.0.1:46034 -> 127.0.0.1:34780 [TCP, session aun1hd3jnu2x] (stun_acceptor:accept/3:148)
2022-07-10 10:48:46.806619+00:00 [debug] Received:
#stun{class = request,method = 1,magic = 554869826,
      trid = 77366917523515998401806192945,raw = <<>>,unsupported = [],
      'ALTERNATE-SERVER' = undefined,'CHANNEL-NUMBER' = undefined,
      'DATA' = undefined,'DONT-FRAGMENT' = false,'ERROR-CODE' = undefined,
      'LIFETIME' = undefined,'MAPPED-ADDRESS' = undefined,
      'MESSAGE-INTEGRITY' = undefined,'NONCE' = undefined,'REALM' = undefined,
      'REQUESTED-ADDRESS-FAMILY' = undefined,
      'REQUESTED-TRANSPORT' = undefined,'SOFTWARE' = undefined,
      'UNKNOWN-ATTRIBUTES' = [],'USERNAME' = undefined,
      'XOR-MAPPED-ADDRESS' = undefined,'XOR-PEER-ADDRESS' = [],
      'XOR-RELAYED-ADDRESS' = undefined} (stun:process_data/3:404)
2022-07-10 10:48:46.806753+00:00 [debug] Responding to STUN request [TCP, session aun1hd3jnu2x, anonymous, client 127.0.0.1:46034] (stun:process/4:312)
2022-07-10 10:48:46.806818+00:00 [debug] Running 'stun_query' hook [TCP, session aun1hd3jnu2x, anonymous, client 127.0.0.1:46034] (stun:run_hook/3:820)
2022-07-10 10:48:46.806873+00:00 [debug] Got 'stun_query' event [TCP, session aun1hd3jnu2x, anonymous, client 127.0.0.1:46034] (eturnal_module:handle_event/2:176)
2022-07-10 10:48:46.806924+00:00 [debug] Calling mod_log_stun:handle_event/2 [TCP, session aun1hd3jnu2x, anonymous, client 127.0.0.1:46034] (eturnal_module:handle_event/2:179)
2022-07-10 10:48:46.806978+00:00 [info] Responding to STUN request [TCP, session aun1hd3jnu2x, anonymous, client 127.0.0.1:46034] (mod_log_stun:handle_event/2:45)
2022-07-10 10:48:46.807023+00:00 [debug] Calling mod_stats_influx:handle_event/2 [TCP, session aun1hd3jnu2x, anonymous, client 127.0.0.1:46034] (eturnal_module:handle_event/2:179)
2022-07-10 10:48:46.807078+00:00 [debug] Writing STUN query event to InfluxDB [TCP, session aun1hd3jnu2x, anonymous, client 127.0.0.1:46034] (mod_stats_influx:on_stun_query/1:70)
2022-07-10 10:48:46.807299+00:00 [debug] Sending:
#stun{class = response,method = 1,magic = 554869826,
      trid = 77366917523515998401806192945,raw = <<>>,unsupported = [],
      'ALTERNATE-SERVER' = undefined,'CHANNEL-NUMBER' = undefined,
      'DATA' = undefined,'DONT-FRAGMENT' = false,'ERROR-CODE' = undefined,
      'LIFETIME' = undefined,'MAPPED-ADDRESS' = undefined,
      'MESSAGE-INTEGRITY' = undefined,'NONCE' = undefined,'REALM' = undefined,
      'REQUESTED-ADDRESS-FAMILY' = undefined,
      'REQUESTED-TRANSPORT' = undefined,'SOFTWARE' = <<"P1 STUN library">>,
      'UNKNOWN-ATTRIBUTES' = [],'USERNAME' = undefined,
      'XOR-MAPPED-ADDRESS' = {{127,0,0,1},46034},
      'XOR-PEER-ADDRESS' = [],'XOR-RELAYED-ADDRESS' = undefined} (stun:send/3:445)
2022-07-10 10:48:46.807607+00:00 [info] Connection reset by peer [TCP, session aun1hd3jnu2x, anonymous, client 127.0.0.1:46034] (stun:handle_info/3:170)
2022-07-10 10:48:46.832215+00:00 [info] Accepting connection: 127.0.0.1:59714 -> 127.0.0.1:53490 [TLS, session dz1s79qcj5ii] (stun_acceptor:accept/3:148)
2022-07-10 10:48:46.940411+00:00 [debug] Received:
#stun{class = request,method = 1,magic = 554869826,
      trid = 17576161051393131674575670222,raw = <<>>,unsupported = [],
      'ALTERNATE-SERVER' = undefined,'CHANNEL-NUMBER' = undefined,
      'DATA' = undefined,'DONT-FRAGMENT' = false,'ERROR-CODE' = undefined,
      'LIFETIME' = undefined,'MAPPED-ADDRESS' = undefined,
      'MESSAGE-INTEGRITY' = undefined,'NONCE' = undefined,'REALM' = undefined,
      'REQUESTED-ADDRESS-FAMILY' = undefined,
      'REQUESTED-TRANSPORT' = undefined,'SOFTWARE' = undefined,
      'UNKNOWN-ATTRIBUTES' = [],'USERNAME' = undefined,
      'XOR-MAPPED-ADDRESS' = undefined,'XOR-PEER-ADDRESS' = [],
      'XOR-RELAYED-ADDRESS' = undefined} (stun:process_data/3:404)
2022-07-10 10:48:46.940566+00:00 [debug] Responding to STUN request [TLS, session dz1s79qcj5ii, anonymous, client 127.0.0.1:59714] (stun:process/4:312)
2022-07-10 10:48:46.940633+00:00 [debug] Running 'stun_query' hook [TLS, session dz1s79qcj5ii, anonymous, client 127.0.0.1:59714] (stun:run_hook/3:820)
2022-07-10 10:48:46.940751+00:00 [debug] Got 'stun_query' event [TLS, session dz1s79qcj5ii, anonymous, client 127.0.0.1:59714] (eturnal_module:handle_event/2:176)
2022-07-10 10:48:46.940795+00:00 [debug] Calling mod_log_stun:handle_event/2 [TLS, session dz1s79qcj5ii, anonymous, client 127.0.0.1:59714] (eturnal_module:handle_event/2:179)
2022-07-10 10:48:46.940851+00:00 [info] Responding to STUN request [TLS, session dz1s79qcj5ii, anonymous, client 127.0.0.1:59714] (mod_log_stun:handle_event/2:45)
2022-07-10 10:48:46.940890+00:00 [debug] Calling mod_stats_influx:handle_event/2 [TLS, session dz1s79qcj5ii, anonymous, client 127.0.0.1:59714] (eturnal_module:handle_event/2:179)
2022-07-10 10:48:46.940929+00:00 [debug] Writing STUN query event to InfluxDB [TLS, session dz1s79qcj5ii, anonymous, client 127.0.0.1:59714] (mod_stats_influx:on_stun_query/1:70)
2022-07-10 10:48:46.941198+00:00 [debug] Sending:
#stun{class = response,method = 1,magic = 554869826,
      trid = 17576161051393131674575670222,raw = <<>>,unsupported = [],
      'ALTERNATE-SERVER' = undefined,'CHANNEL-NUMBER' = undefined,
      'DATA' = undefined,'DONT-FRAGMENT' = false,'ERROR-CODE' = undefined,
      'LIFETIME' = undefined,'MAPPED-ADDRESS' = undefined,
      'MESSAGE-INTEGRITY' = undefined,'NONCE' = undefined,'REALM' = undefined,
      'REQUESTED-ADDRESS-FAMILY' = undefined,
      'REQUESTED-TRANSPORT' = undefined,'SOFTWARE' = <<"P1 STUN library">>,
      'UNKNOWN-ATTRIBUTES' = [],'USERNAME' = undefined,
      'XOR-MAPPED-ADDRESS' = {{127,0,0,1},59714},
      'XOR-PEER-ADDRESS' = [],'XOR-RELAYED-ADDRESS' = undefined} (stun:send/3:445)
2022-07-10 10:48:46.941521+00:00 [info] Connection reset by peer [TLS, session dz1s79qcj5ii, anonymous, client 127.0.0.1:59714] (stun:handle_info/3:170)
2022-07-10 10:48:46.967880+00:00 [info] Accepting connection: 127.0.0.1:60630 -> 127.0.0.1:34781 [TCP|TLS, session 3dyeuuxszvbz] (stun_acceptor:accept/3:148)
2022-07-10 10:48:46.968033+00:00 [debug] Determined transport protocol: TCP (stun:is_tls_handshake/1:768)
2022-07-10 10:48:46.968375+00:00 [debug] Received:
#stun{class = request,method = 1,magic = 554869826,
      trid = 61049192704006875119246798657,raw = <<>>,unsupported = [],
      'ALTERNATE-SERVER' = undefined,'CHANNEL-NUMBER' = undefined,
      'DATA' = undefined,'DONT-FRAGMENT' = false,'ERROR-CODE' = undefined,
      'LIFETIME' = undefined,'MAPPED-ADDRESS' = undefined,
      'MESSAGE-INTEGRITY' = undefined,'NONCE' = undefined,'REALM' = undefined,
      'REQUESTED-ADDRESS-FAMILY' = undefined,
      'REQUESTED-TRANSPORT' = undefined,'SOFTWARE' = undefined,
      'UNKNOWN-ATTRIBUTES' = [],'USERNAME' = undefined,
      'XOR-MAPPED-ADDRESS' = undefined,'XOR-PEER-ADDRESS' = [],
      'XOR-RELAYED-ADDRESS' = undefined} (stun:process_data/3:404)
2022-07-10 10:48:46.968454+00:00 [debug] Responding to STUN request [TCP, session 3dyeuuxszvbz, anonymous, client 127.0.0.1:60630] (stun:process/4:312)
2022-07-10 10:48:46.968497+00:00 [debug] Running 'stun_query' hook [TCP, session 3dyeuuxszvbz, anonymous, client 127.0.0.1:60630] (stun:run_hook/3:820)
2022-07-10 10:48:46.968564+00:00 [debug] Got 'stun_query' event [TCP, session 3dyeuuxszvbz, anonymous, client 127.0.0.1:60630] (eturnal_module:handle_event/2:176)
2022-07-10 10:48:46.968596+00:00 [debug] Calling mod_log_stun:handle_event/2 [TCP, session 3dyeuuxszvbz, anonymous, client 127.0.0.1:60630] (eturnal_module:handle_event/2:179)
2022-07-10 10:48:46.968663+00:00 [info] Responding to STUN request [TCP, session 3dyeuuxszvbz, anonymous, client 127.0.0.1:60630] (mod_log_stun:handle_event/2:45)
2022-07-10 10:48:46.968722+00:00 [debug] Calling mod_stats_influx:handle_event/2 [TCP, session 3dyeuuxszvbz, anonymous, client 127.0.0.1:60630] (eturnal_module:handle_event/2:179)
2022-07-10 10:48:46.968771+00:00 [debug] Writing STUN query event to InfluxDB [TCP, session 3dyeuuxszvbz, anonymous, client 127.0.0.1:60630] (mod_stats_influx:on_stun_query/1:70)
2022-07-10 10:48:46.969031+00:00 [debug] Sending:
#stun{class = response,method = 1,magic = 554869826,
      trid = 61049192704006875119246798657,raw = <<>>,unsupported = [],
      'ALTERNATE-SERVER' = undefined,'CHANNEL-NUMBER' = undefined,
      'DATA' = undefined,'DONT-FRAGMENT' = false,'ERROR-CODE' = undefined,
      'LIFETIME' = undefined,'MAPPED-ADDRESS' = undefined,
      'MESSAGE-INTEGRITY' = undefined,'NONCE' = undefined,'REALM' = undefined,
      'REQUESTED-ADDRESS-FAMILY' = undefined,
      'REQUESTED-TRANSPORT' = undefined,'SOFTWARE' = <<"P1 STUN library">>,
      'UNKNOWN-ATTRIBUTES' = [],'USERNAME' = undefined,
      'XOR-MAPPED-ADDRESS' = {{127,0,0,1},60630},
      'XOR-PEER-ADDRESS' = [],'XOR-RELAYED-ADDRESS' = undefined} (stun:send/3:445)
2022-07-10 10:48:46.969282+00:00 [info] Connection reset by peer [TCP, session 3dyeuuxszvbz, anonymous, client 127.0.0.1:60630] (stun:handle_info/3:170)
2022-07-10 10:48:47.005452+00:00 [info] Accepting connection: 127.0.0.1:60632 -> 127.0.0.1:34781 [TCP|TLS, session oe2lc5p2cfv6] (stun_acceptor:accept/3:148)
2022-07-10 10:48:47.005629+00:00 [debug] Determined transport protocol: TLS (stun:is_tls_handshake/1:765)
2022-07-10 10:48:47.113412+00:00 [debug] Received:
#stun{class = request,method = 1,magic = 554869826,
      trid = 47905957794260227879040648471,raw = <<>>,unsupported = [],
      'ALTERNATE-SERVER' = undefined,'CHANNEL-NUMBER' = undefined,
      'DATA' = undefined,'DONT-FRAGMENT' = false,'ERROR-CODE' = undefined,
      'LIFETIME' = undefined,'MAPPED-ADDRESS' = undefined,
      'MESSAGE-INTEGRITY' = undefined,'NONCE' = undefined,'REALM' = undefined,
      'REQUESTED-ADDRESS-FAMILY' = undefined,
      'REQUESTED-TRANSPORT' = undefined,'SOFTWARE' = undefined,
      'UNKNOWN-ATTRIBUTES' = [],'USERNAME' = undefined,
      'XOR-MAPPED-ADDRESS' = undefined,'XOR-PEER-ADDRESS' = [],
      'XOR-RELAYED-ADDRESS' = undefined} (stun:process_data/3:404)
2022-07-10 10:48:47.113577+00:00 [debug] Responding to STUN request [TLS, session oe2lc5p2cfv6, anonymous, client 127.0.0.1:60632] (stun:process/4:312)
2022-07-10 10:48:47.113671+00:00 [debug] Running 'stun_query' hook [TLS, session oe2lc5p2cfv6, anonymous, client 127.0.0.1:60632] (stun:run_hook/3:820)
2022-07-10 10:48:47.113761+00:00 [debug] Got 'stun_query' event [TLS, session oe2lc5p2cfv6, anonymous, client 127.0.0.1:60632] (eturnal_module:handle_event/2:176)
2022-07-10 10:48:47.113831+00:00 [debug] Calling mod_log_stun:handle_event/2 [TLS, session oe2lc5p2cfv6, anonymous, client 127.0.0.1:60632] (eturnal_module:handle_event/2:179)
2022-07-10 10:48:47.113901+00:00 [info] Responding to STUN request [TLS, session oe2lc5p2cfv6, anonymous, client 127.0.0.1:60632] (mod_log_stun:handle_event/2:45)
2022-07-10 10:48:47.113964+00:00 [debug] Calling mod_stats_influx:handle_event/2 [TLS, session oe2lc5p2cfv6, anonymous, client 127.0.0.1:60632] (eturnal_module:handle_event/2:179)
2022-07-10 10:48:47.114028+00:00 [debug] Writing STUN query event to InfluxDB [TLS, session oe2lc5p2cfv6, anonymous, client 127.0.0.1:60632] (mod_stats_influx:on_stun_query/1:70)
2022-07-10 10:48:47.114280+00:00 [debug] Sending:
#stun{class = response,method = 1,magic = 554869826,
      trid = 47905957794260227879040648471,raw = <<>>,unsupported = [],
      'ALTERNATE-SERVER' = undefined,'CHANNEL-NUMBER' = undefined,
      'DATA' = undefined,'DONT-FRAGMENT' = false,'ERROR-CODE' = undefined,
      'LIFETIME' = undefined,'MAPPED-ADDRESS' = undefined,
      'MESSAGE-INTEGRITY' = undefined,'NONCE' = undefined,'REALM' = undefined,
      'REQUESTED-ADDRESS-FAMILY' = undefined,
      'REQUESTED-TRANSPORT' = undefined,'SOFTWARE' = <<"P1 STUN library">>,
      'UNKNOWN-ATTRIBUTES' = [],'USERNAME' = undefined,
      'XOR-MAPPED-ADDRESS' = {{127,0,0,1},60632},
      'XOR-PEER-ADDRESS' = [],'XOR-RELAYED-ADDRESS' = undefined} (stun:send/3:445)
2022-07-10 10:48:47.114639+00:00 [info] Connection reset by peer [TLS, session oe2lc5p2cfv6, anonymous, client 127.0.0.1:60632] (stun:handle_info/3:170)
2022-07-10 10:48:47.140880+00:00 [debug] Terminating eturnal (shutdown) (eturnal:terminate/2:174)
2022-07-10 10:48:47.140879+00:00 [debug] No NOTIFY_SOCKET, dropping STOPPING=1 notification (eturnal_systemd:handle_cast/2:109)
2022-07-10 10:48:47.141163+00:00 [info] Stopped listening on 127.0.0.1:34780 (udp) (eturnal:stop_listeners/1:352)
2022-07-10 10:48:47.141162+00:00 [debug] Watchdog interval is undefined, hibernating (eturnal_systemd:get_timeout/1:162)
2022-07-10 10:48:47.141539+00:00 [info] Stopped listening on 127.0.0.1:34780 (tcp) (eturnal:stop_listeners/1:352)
2022-07-10 10:48:47.141770+00:00 [info] Stopped listening on 127.0.0.1:53490 (tls) (eturnal:stop_listeners/1:352)
2022-07-10 10:48:47.142113+00:00 [info] Stopped listening on 127.0.0.1:34781 (auto) (eturnal:stop_listeners/1:352)
2022-07-10 10:48:47.143531+00:00 [debug] Calling mod_log_stun:stop/1 (eturnal_module:stop/1:162)
2022-07-10 10:48:47.143684+00:00 [debug] Stopping mod_log_stun (mod_log_stun:stop/0:50)
2022-07-10 10:48:47.143890+00:00 [info] Stopped mod_log_stun (eturnal:stop_modules/1:311)
2022-07-10 10:48:47.145256+00:00 [debug] Calling mod_stats_influx:stop/1 (eturnal_module:stop/1:162)
2022-07-10 10:48:47.145451+00:00 [debug] Stopping mod_stats_influx (mod_stats_influx:stop/0:55)
2022-07-10 10:48:47.145572+00:00 [info] Stopped mod_stats_influx (eturnal:stop_modules/1:311)
2022-07-10 10:48:47.146551+00:00 [debug] Removed run/cert.pem (eturnal:clean_run_dir/0:681)
2022-07-10 10:48:47.147512+00:00 [debug] Terminating eturnal_systemd (shutdown) (eturnal_systemd:terminate/2:136)
2022-07-10 10:48:47.147740+00:00 [notice] Stopping eturnal 1.9.0 on Erlang/OTP 25 (ERTS 13.0) (eturnal_app:stop/1:54)
