2022-08-07 18:45:54.004511+00:00 [notice] Starting eturnal 1.10.1 on Erlang/OTP 25 (ERTS 13.0) (eturnal_app:start/2:34)
2022-08-07 18:45:54.004717+00:00 [debug] Starting supervisor: eturnal_sup (eturnal_sup:start_link/0:31)
2022-08-07 18:45:54.004864+00:00 [debug] Configuring eturnal_sup supervisor: [#{id => systemd,
                                       start =>
                                           {eturnal_systemd,start_link,[]}},
                                     #{id => eturnal,
                                       start => {eturnal,start_link,[]}}] (eturnal_sup:init/0:39)
2022-08-07 18:45:54.006547+00:00 [info] Got no NOTIFY_SOCKET, notifications disabled (eturnal_systemd:init/1:94)
2022-08-07 18:45:54.006708+00:00 [debug] PROGRESS REPORT:
    supervisor: {local,eturnal_sup}
    started: [{pid,<0.1197.0>},
              {id,systemd},
              {mfargs,{eturnal_systemd,start_link,[]}},
              {restart_type,permanent},
              {significant,false},
              {shutdown,5000},
              {child_type,worker}]
 (supervisor:report_progress/2:1557)
2022-08-07 18:45:54.006889+00:00 [info] Relay IPv4 address: 127.0.0.1 (port range: 49152-65535) (eturnal:log_relay_addresses/0:267)
2022-08-07 18:45:54.007024+00:00 [info] Relay IPv6 address not configured (eturnal:log_relay_addresses/0:277)
2022-08-07 18:45:54.022202+00:00 [info] Cannot determine control query port: noport (eturnal:log_control_listener/0:292)
2022-08-07 18:45:54.022531+00:00 [debug] Using run directory run (eturnal:ensure_run_dir/0:750)
2022-08-07 18:45:54.022626+00:00 [debug] TURN configuration seems fine (eturnal:check_turn_config/0:488)
2022-08-07 18:45:54.022714+00:00 [warning] TLS enabled without 'tls_crt_file', creating self-signed certificate (eturnal:check_pem_file/0:686)
2022-08-07 18:45:54.856155+00:00 [debug] Calling mod_log_stun:start/0 (eturnal_module:start/1:143)
2022-08-07 18:45:54.856512+00:00 [debug] Starting mod_log_stun (mod_log_stun:start/0:38)
2022-08-07 18:45:54.856700+00:00 [info] Started mod_log_stun (eturnal:start_modules/0:303)
2022-08-07 18:45:54.856887+00:00 [debug] Calling mod_stats_influx:start/0 (eturnal_module:start/1:143)
2022-08-07 18:45:54.857016+00:00 [debug] Starting mod_stats_influx (mod_stats_influx:start/0:37)
2022-08-07 18:45:54.861189+00:00 [debug] PROGRESS REPORT:
    application: ulitos
    started_at: nonode@nohost
 (application_controller:info_started/2:2107)
2022-08-07 18:45:54.863303+00:00 [debug] PROGRESS REPORT:
    application: poolboy
    started_at: nonode@nohost
 (application_controller:info_started/2:2107)
2022-08-07 18:45:54.864569+00:00 [info]     msg: Starting application: influx_udp (influx_udp_app:start/2:10)
2022-08-07 18:45:54.868031+00:00 [debug] PROGRESS REPORT:
    supervisor: {local,influx_udp_sup}
    started: [{pid,<0.1219.0>},
              {id,influx_udp},
              {mfargs,{influx_udp,start_link,[]}},
              {restart_type,permanent},
              {significant,false},
              {shutdown,5000},
              {child_type,worker}]
 (supervisor:report_progress/2:1557)
2022-08-07 18:45:54.868194+00:00 [debug] PROGRESS REPORT:
    application: influx_udp
    started_at: nonode@nohost
 (application_controller:info_started/2:2107)
2022-08-07 18:45:54.868252+00:00 [debug] Dependency influx_udp was available already (eturnal_module:ensure_dep/2:284)
2022-08-07 18:45:54.870533+00:00 [info]     host: {127,0,0,1}
    msg: Start clients pool
    options: #{host => "localhost",max_overflow => 1,pool_size => 1,
               port => 8089} (influx_udp:start_pool_/2:239)
2022-08-07 18:45:54.879591+00:00 [info]     msg: Open UDP socket on port
    port: 33885 (influx_udp_worker:init/1:43)
2022-08-07 18:45:54.879757+00:00 [debug] PROGRESS REPORT:
    supervisor: {local,influx_udp_sup}
    started: [{pid,<0.1222.0>},
              {id,stats_influx_pool},
              {mfargs,
                  {poolboy,start_link,
                      [[{name,{local,stats_influx_pool}},
                        {worker_module,influx_udp_worker},
                        {size,1},
                        {max_overflow,1}],
                       [{options,
                            #{host => {127,0,0,1},
                              max_overflow => 1,pool_size => 1,
                              port => 8089}}]]}},
              {restart_type,permanent},
              {significant,false},
              {shutdown,5000},
              {child_type,worker}]
 (supervisor:report_progress/2:1557)
2022-08-07 18:45:54.880263+00:00 [info] Started mod_stats_influx (eturnal:start_modules/0:303)
2022-08-07 18:45:54.880987+00:00 [debug] Calling mod_stats_prometheus:start/0 (eturnal_module:start/1:143)
2022-08-07 18:45:54.881659+00:00 [debug] Starting mod_stats_prometheus (mod_stats_prometheus:start/0:56)
2022-08-07 18:45:56.997212+00:00 [debug] PROGRESS REPORT:
    application: prometheus
    started_at: nonode@nohost
 (application_controller:info_started/2:2107)
2022-08-07 18:45:56.998329+00:00 [debug] PROGRESS REPORT:
    application: accept
    started_at: nonode@nohost
 (application_controller:info_started/2:2107)
2022-08-07 18:45:56.998581+00:00 [debug] PROGRESS REPORT:
    application: prometheus_httpd
    started_at: nonode@nohost
 (application_controller:info_started/2:2107)
2022-08-07 18:45:56.998647+00:00 [debug] Dependency prometheus_httpd was available already (eturnal_module:ensure_dep/2:284)
2022-08-07 18:45:56.999338+00:00 [debug] PROGRESS REPORT:
    supervisor: {local,httpd_instance_sup__127_0_0_1__9081default}
    started: [{pid,<0.1244.0>},
              {id,{httpd_connection_sup,{127,0,0,1},9081,default}},
              {mfargs,{httpd_connection_sup,start_link,[[{127,0,0,1},9081]]}},
              {restart_type,permanent},
              {significant,false},
              {shutdown,5000},
              {child_type,supervisor}]
 (supervisor:report_progress/2:1557)
2022-08-07 18:45:56.999649+00:00 [debug] PROGRESS REPORT:
    supervisor: {local,httpd_acceptor_sup__127_0_0_1__9081default}
    started: [{pid,<0.1246.0>},
              {id,{httpd_acceptor_sup,{127,0,0,1},9081,default}},
              {mfargs,{httpd_acceptor,start_link,
                                      [httpd__127_0_0_1__9081default,ip_comm,
                                       {127,0,0,1},
                                       9081,inet,
                                       httpd_conf__127_0_0_1__9081default,
                                       15000]}},
              {restart_type,transient},
              {significant,false},
              {shutdown,brutal_kill},
              {child_type,worker}]
 (supervisor:report_progress/2:1557)
2022-08-07 18:45:56.999786+00:00 [debug] PROGRESS REPORT:
    supervisor: {local,httpd_instance_sup__127_0_0_1__9081default}
    started: [{pid,<0.1245.0>},
              {id,{httpd_acceptor_sup,{127,0,0,1},9081,default}},
              {mfargs,
                  {httpd_acceptor_sup,start_link,
                      [[{127,0,0,1},
                        9081,
                        [{bind_address,{127,0,0,1}},
                         {socket_type,ip_comm},
                         {port,9081},
                         {server_root,"run/mod_stats_prometheus/doc"},
                         {document_root,"run/mod_stats_prometheus/doc"},
                         {server_name,"Prometheus Exporter"},
                         {modules,[prometheus_httpd]}],
                        15000,undefined]]}},
              {restart_type,permanent},
              {significant,false},
              {shutdown,infinity},
              {child_type,supervisor}]
 (supervisor:report_progress/2:1557)
2022-08-07 18:45:56.999945+00:00 [debug] PROGRESS REPORT:
    supervisor: {local,httpd_instance_sup__127_0_0_1__9081default}
    started: [{pid,<0.1247.0>},
              {id,{httpd_misc_sup,{127,0,0,1},9081,default}},
              {mfargs,{httpd_misc_sup,start_link,[{127,0,0,1},9081,default]}},
              {restart_type,permanent},
              {significant,false},
              {shutdown,infinity},
              {child_type,supervisor}]
 (supervisor:report_progress/2:1557)
2022-08-07 18:45:57.000191+00:00 [debug] PROGRESS REPORT:
    supervisor: {local,httpd_instance_sup__127_0_0_1__9081default}
    started: [{pid,<0.1248.0>},
              {id,{httpd_manager,{127,0,0,1},9081,default}},
              {mfargs,
                  {httpd_manager,start_link,
                      [undefined,
                       [{bind_address,{127,0,0,1}},
                        {socket_type,ip_comm},
                        {port,9081},
                        {server_root,"run/mod_stats_prometheus/doc"},
                        {document_root,"run/mod_stats_prometheus/doc"},
                        {server_name,"Prometheus Exporter"},
                        {modules,[prometheus_httpd]}],
                       15000]}},
              {restart_type,permanent},
              {significant,false},
              {shutdown,4000},
              {child_type,worker}]
 (supervisor:report_progress/2:1557)
2022-08-07 18:45:57.000314+00:00 [debug] PROGRESS REPORT:
    supervisor: {local,httpd_sup}
    started: [{pid,<0.1243.0>},
              {id,{httpd_instance_sup,{127,0,0,1},9081,default}},
              {mfargs,
                  {httpd_instance_sup,start_link,
                      [[{bind_address,{127,0,0,1}},
                        {socket_type,ip_comm},
                        {port,9081},
                        {server_root,"run/mod_stats_prometheus/doc"},
                        {document_root,"run/mod_stats_prometheus/doc"},
                        {server_name,"Prometheus Exporter"},
                        {modules,[prometheus_httpd]}],
                       15000,[]]}},
              {restart_type,permanent},
              {significant,false},
              {shutdown,infinity},
              {child_type,supervisor}]
 (supervisor:report_progress/2:1557)
2022-08-07 18:45:57.001744+00:00 [info] Started mod_stats_prometheus (eturnal:start_modules/0:303)
2022-08-07 18:45:57.001981+00:00 [debug] Starting listener 127.0.0.1:34780 (udp) with options:
[{use_turn,true},
 {auth_type,user},
 {turn_ipv4_address,{127,0,0,1}},
 {turn_min_port,49152},
 {turn_max_port,65535},
 {turn_max_allocations,10},
 {turn_max_permissions,10},
 {shaper,100000},
 {turn_blacklist,[{{10,0,0,0},8},
                  {{100,64,0,0},10},
                  {{127,0,0,0},8},
                  {{169,254,0,0},16},
                  {{172,16,0,0},12},
                  {{192,0,0,0},24},
                  {{192,0,2,0},24},
                  {{192,88,99,0},24},
                  {{192,168,0,0},16},
                  {{198,18,0,0},15},
                  {{198,51,100,0},24},
                  {{203,0,113,0},24},
                  {{224,0,0,0},4},
                  {{240,0,0,0},4},
                  {{0,0,0,0,0,0,0,1},128},
                  {{0,0,0,0,0,65535,0,0},96},
                  {{100,65435,0,0,0,0,0,0},96},
                  {{256,0,0,0,0,0,0,0},64},
                  {{8193,3512,0,0,0,0,0,0},32},
                  {{64512,0,0,0,0,0,0,0},7},
                  {{65152,0,0,0,0,0,0,0},10},
                  {{65280,0,0,0,0,0,0,0},8}]},
 {turn_whitelist,[{{127,0,0,1},32},
                  {{203,0,113,113},32},
                  {{8193,3512,0,0,0,0,0,0},64}]},
 {auth_realm,<<"eturnal.net">>},
 {server_name,<<"eturnal">>},
 {auth_fun,fun eturnal:get_password/2},
 {hook_fun,fun eturnal:run_hook/2}] (eturnal:start_listeners/0:336)
2022-08-07 18:45:57.002786+00:00 [info] Listening on 127.0.0.1:34780 (udp) (STUN/TURN) (eturnal:start_listeners/0:343)
2022-08-07 18:45:57.002894+00:00 [debug] Starting listener 127.0.0.1:34780 (tcp) with options:
[{use_turn,false},
 {auth_type,anonymous},
 {turn_ipv4_address,{127,0,0,1}},
 {turn_min_port,49152},
 {turn_max_port,65535},
 {turn_max_allocations,10},
 {turn_max_permissions,10},
 {shaper,100000},
 {turn_blacklist,[{{10,0,0,0},8},
                  {{100,64,0,0},10},
                  {{127,0,0,0},8},
                  {{169,254,0,0},16},
                  {{172,16,0,0},12},
                  {{192,0,0,0},24},
                  {{192,0,2,0},24},
                  {{192,88,99,0},24},
                  {{192,168,0,0},16},
                  {{198,18,0,0},15},
                  {{198,51,100,0},24},
                  {{203,0,113,0},24},
                  {{224,0,0,0},4},
                  {{240,0,0,0},4},
                  {{0,0,0,0,0,0,0,1},128},
                  {{0,0,0,0,0,65535,0,0},96},
                  {{100,65435,0,0,0,0,0,0},96},
                  {{256,0,0,0,0,0,0,0},64},
                  {{8193,3512,0,0,0,0,0,0},32},
                  {{64512,0,0,0,0,0,0,0},7},
                  {{65152,0,0,0,0,0,0,0},10},
                  {{65280,0,0,0,0,0,0,0},8}]},
 {turn_whitelist,[{{127,0,0,1},32},
                  {{203,0,113,113},32},
                  {{8193,3512,0,0,0,0,0,0},64}]},
 {auth_realm,<<"eturnal.net">>},
 {server_name,<<"eturnal">>},
 {auth_fun,fun eturnal:get_password/2},
 {hook_fun,fun eturnal:run_hook/2}] (eturnal:start_listeners/0:336)
2022-08-07 18:45:57.003412+00:00 [info] Listening on 127.0.0.1:34780 (tcp) (STUN only) (eturnal:start_listeners/0:343)
2022-08-07 18:45:57.003510+00:00 [debug] Starting listener 127.0.0.1:53490 (tls) with options:
[{use_turn,false},
 {auth_type,anonymous},
 {tls,true},
 {certfile,<<"run/cert.pem">>},
 {ciphers,<<"HIGH:!aNULL:@STRENGTH">>},
 {protocol_options,<<"no_tlsv1|no_tlsv1_1|cipher_server_preference">>},
 {turn_ipv4_address,{127,0,0,1}},
 {turn_min_port,49152},
 {turn_max_port,65535},
 {turn_max_allocations,10},
 {turn_max_permissions,10},
 {shaper,100000},
 {turn_blacklist,[{{10,0,0,0},8},
                  {{100,64,0,0},10},
                  {{127,0,0,0},8},
                  {{169,254,0,0},16},
                  {{172,16,0,0},12},
                  {{192,0,0,0},24},
                  {{192,0,2,0},24},
                  {{192,88,99,0},24},
                  {{192,168,0,0},16},
                  {{198,18,0,0},15},
                  {{198,51,100,0},24},
                  {{203,0,113,0},24},
                  {{224,0,0,0},4},
                  {{240,0,0,0},4},
                  {{0,0,0,0,0,0,0,1},128},
                  {{0,0,0,0,0,65535,0,0},96},
                  {{100,65435,0,0,0,0,0,0},96},
                  {{256,0,0,0,0,0,0,0},64},
                  {{8193,3512,0,0,0,0,0,0},32},
                  {{64512,0,0,0,0,0,0,0},7},
                  {{65152,0,0,0,0,0,0,0},10},
                  {{65280,0,0,0,0,0,0,0},8}]},
 {turn_whitelist,[{{127,0,0,1},32},
                  {{203,0,113,113},32},
                  {{8193,3512,0,0,0,0,0,0},64}]},
 {auth_realm,<<"eturnal.net">>},
 {server_name,<<"eturnal">>},
 {auth_fun,fun eturnal:get_password/2},
 {hook_fun,fun eturnal:run_hook/2}] (eturnal:start_listeners/0:336)
2022-08-07 18:45:57.003963+00:00 [info] Listening on 127.0.0.1:53490 (tls) (STUN only) (eturnal:start_listeners/0:343)
2022-08-07 18:45:57.004066+00:00 [debug] Starting listener 127.0.0.1:34781 (auto) with options:
[{use_turn,false},
 {auth_type,anonymous},
 {tls,optional},
 {certfile,<<"run/cert.pem">>},
 {ciphers,<<"HIGH:!aNULL:@STRENGTH">>},
 {protocol_options,<<"no_tlsv1|no_tlsv1_1|cipher_server_preference">>},
 {turn_ipv4_address,{127,0,0,1}},
 {turn_min_port,49152},
 {turn_max_port,65535},
 {turn_max_allocations,10},
 {turn_max_permissions,10},
 {shaper,100000},
 {turn_blacklist,[{{10,0,0,0},8},
                  {{100,64,0,0},10},
                  {{127,0,0,0},8},
                  {{169,254,0,0},16},
                  {{172,16,0,0},12},
                  {{192,0,0,0},24},
                  {{192,0,2,0},24},
                  {{192,88,99,0},24},
                  {{192,168,0,0},16},
                  {{198,18,0,0},15},
                  {{198,51,100,0},24},
                  {{203,0,113,0},24},
                  {{224,0,0,0},4},
                  {{240,0,0,0},4},
                  {{0,0,0,0,0,0,0,1},128},
                  {{0,0,0,0,0,65535,0,0},96},
                  {{100,65435,0,0,0,0,0,0},96},
                  {{256,0,0,0,0,0,0,0},64},
                  {{8193,3512,0,0,0,0,0,0},32},
                  {{64512,0,0,0,0,0,0,0},7},
                  {{65152,0,0,0,0,0,0,0},10},
                  {{65280,0,0,0,0,0,0,0},8}]},
 {turn_whitelist,[{{127,0,0,1},32},
                  {{203,0,113,113},32},
                  {{8193,3512,0,0,0,0,0,0},64}]},
 {auth_realm,<<"eturnal.net">>},
 {server_name,<<"eturnal">>},
 {auth_fun,fun eturnal:get_password/2},
 {hook_fun,fun eturnal:run_hook/2}] (eturnal:start_listeners/0:336)
2022-08-07 18:45:57.004916+00:00 [info] Listening on 127.0.0.1:34781 (auto) (STUN only) (eturnal:start_listeners/0:343)
2022-08-07 18:45:57.005336+00:00 [debug] Started 3 modules (eturnal:init/1:96)
2022-08-07 18:45:57.005434+00:00 [debug] Started 4 listeners (eturnal:init/1:97)
2022-08-07 18:45:57.005513+00:00 [debug] PROGRESS REPORT:
    supervisor: {local,eturnal_sup}
    started: [{pid,<0.1199.0>},
              {id,eturnal},
              {mfargs,{eturnal,start_link,[]}},
              {restart_type,permanent},
              {significant,false},
              {shutdown,5000},
              {child_type,worker}]
 (supervisor:report_progress/2:1557)
2022-08-07 18:45:57.005677+00:00 [debug] PROGRESS REPORT:
    application: eturnal
    started_at: nonode@nohost
 (application_controller:info_started/2:2107)
2022-08-07 18:45:57.005759+00:00 [debug] No NOTIFY_SOCKET, dropping READY=1 notification (eturnal_systemd:handle_cast/2:108)
2022-08-07 18:45:57.005860+00:00 [debug] Watchdog interval is undefined, hibernating (eturnal_systemd:get_timeout/1:161)
2022-08-07 18:45:57.038159+00:00 [debug] Handling API call: get_info() (eturnal_ctl:get_info/0:134)
2022-08-07 18:45:57.038599+00:00 [debug] eturnal call (get_info) returned {ok,
                                  {eturnal_node_info,<<"1.10.1">>,
                                   {"25","13.0"},
                                   6212,0,149,147816350,1,58297048}} (eturnal_ctl:call/1:451)
2022-08-07 18:45:57.063241+00:00 [debug] Handling API call: get_sessions() (eturnal_ctl:get_sessions/0:105)
2022-08-07 18:45:57.091162+00:00 [debug] Handling API call: get_sessions("alice") (eturnal_ctl:get_sessions/1:115)
2022-08-07 18:45:57.091399+00:00 [debug] Handling API call: disconnect(alice) (eturnal_ctl:disconnect/1:183)
2022-08-07 18:45:57.091497+00:00 [debug] Cannot convert user name to binary: alice (eturnal_ctl:disconnect/1:193)
2022-08-07 18:45:57.115511+00:00 [debug] Handling API call: disconnect("alice") (eturnal_ctl:disconnect/1:183)
2022-08-07 18:45:57.115725+00:00 [debug] Handling API call: disconnect(alice) (eturnal_ctl:disconnect/1:183)
2022-08-07 18:45:57.115834+00:00 [debug] Cannot convert user name to binary: alice (eturnal_ctl:disconnect/1:193)
2022-08-07 18:45:57.140233+00:00 [debug] Handling API call: get_credentials("2009-10-30 11:00:00Z", []) (eturnal_ctl:get_credentials/2:59)
2022-08-07 18:45:57.140734+00:00 [debug] eturnal call ({get_password,<<"1256900400">>}) returned {ok,
                                                         <<"uEKlpcME7MNMMVRV8rUFPCTIFEs=">>} (eturnal_ctl:call/1:451)
2022-08-07 18:45:57.140939+00:00 [debug] Handling API call: get_credentials("86400", "alice") (eturnal_ctl:get_credentials/2:59)
2022-08-07 18:45:57.141124+00:00 [debug] eturnal call ({get_password,<<"1659984357:alice">>}) returned {ok,
                                                               <<"38I3ss2BtNhMQ2bKeW7Gi+16NfU=">>} (eturnal_ctl:call/1:451)
2022-08-07 18:45:57.141265+00:00 [debug] Handling API call: get_password("1659984357:alice") (eturnal_ctl:get_password/1:78)
2022-08-07 18:45:57.141373+00:00 [debug] eturnal call ({get_password,<<"1659984357:alice">>}) returned {ok,
                                                               <<"38I3ss2BtNhMQ2bKeW7Gi+16NfU=">>} (eturnal_ctl:call/1:451)
2022-08-07 18:45:57.141514+00:00 [debug] Handling API call: get_credentials("86400s", "alice") (eturnal_ctl:get_credentials/2:59)
2022-08-07 18:45:57.141615+00:00 [debug] eturnal call ({get_password,<<"1659984357:alice">>}) returned {ok,
                                                               <<"38I3ss2BtNhMQ2bKeW7Gi+16NfU=">>} (eturnal_ctl:call/1:451)
2022-08-07 18:45:57.141713+00:00 [debug] Handling API call: get_password("1659984357:alice") (eturnal_ctl:get_password/1:78)
2022-08-07 18:45:57.141823+00:00 [debug] eturnal call ({get_password,<<"1659984357:alice">>}) returned {ok,
                                                               <<"38I3ss2BtNhMQ2bKeW7Gi+16NfU=">>} (eturnal_ctl:call/1:451)
2022-08-07 18:45:57.141959+00:00 [debug] Handling API call: get_credentials("1440m", "alice") (eturnal_ctl:get_credentials/2:59)
2022-08-07 18:45:57.142063+00:00 [debug] eturnal call ({get_password,<<"1659984357:alice">>}) returned {ok,
                                                               <<"38I3ss2BtNhMQ2bKeW7Gi+16NfU=">>} (eturnal_ctl:call/1:451)
2022-08-07 18:45:57.142151+00:00 [debug] Handling API call: get_password("1659984357:alice") (eturnal_ctl:get_password/1:78)
2022-08-07 18:45:57.142236+00:00 [debug] eturnal call ({get_password,<<"1659984357:alice">>}) returned {ok,
                                                               <<"38I3ss2BtNhMQ2bKeW7Gi+16NfU=">>} (eturnal_ctl:call/1:451)
2022-08-07 18:45:57.142362+00:00 [debug] Handling API call: get_credentials("24h", "alice") (eturnal_ctl:get_credentials/2:59)
2022-08-07 18:45:57.142451+00:00 [debug] eturnal call ({get_password,<<"1659984357:alice">>}) returned {ok,
                                                               <<"38I3ss2BtNhMQ2bKeW7Gi+16NfU=">>} (eturnal_ctl:call/1:451)
2022-08-07 18:45:57.142539+00:00 [debug] Handling API call: get_password("1659984357:alice") (eturnal_ctl:get_password/1:78)
2022-08-07 18:45:57.142620+00:00 [debug] eturnal call ({get_password,<<"1659984357:alice">>}) returned {ok,
                                                               <<"38I3ss2BtNhMQ2bKeW7Gi+16NfU=">>} (eturnal_ctl:call/1:451)
2022-08-07 18:45:57.142736+00:00 [debug] Handling API call: get_credentials("1d", "alice") (eturnal_ctl:get_credentials/2:59)
2022-08-07 18:45:57.142822+00:00 [debug] eturnal call ({get_password,<<"1659984357:alice">>}) returned {ok,
                                                               <<"38I3ss2BtNhMQ2bKeW7Gi+16NfU=">>} (eturnal_ctl:call/1:451)
2022-08-07 18:45:57.142907+00:00 [debug] Handling API call: get_password("1659984357:alice") (eturnal_ctl:get_password/1:78)
2022-08-07 18:45:57.142983+00:00 [debug] eturnal call ({get_password,<<"1659984357:alice">>}) returned {ok,
                                                               <<"38I3ss2BtNhMQ2bKeW7Gi+16NfU=">>} (eturnal_ctl:call/1:451)
2022-08-07 18:45:57.143683+00:00 [debug] Handling API call: get_password("Invalid") (eturnal_ctl:get_password/1:78)
2022-08-07 18:45:57.144650+00:00 [debug] Invalid user name: Invalid (eturnal_ctl:get_password/1:92)
2022-08-07 18:45:57.144809+00:00 [debug] Handling API call: get_credentials("Invalid", []) (eturnal_ctl:get_credentials/2:59)
2022-08-07 18:45:57.144962+00:00 [debug] Invalid argument(s): "Invalid":[] (eturnal_ctl:get_credentials/2:72)
2022-08-07 18:45:57.145116+00:00 [debug] Handling API call: get_password(invalid) (eturnal_ctl:get_password/1:78)
2022-08-07 18:45:57.145225+00:00 [debug] Cannot convert user name to binary: invalid (eturnal_ctl:get_password/1:99)
2022-08-07 18:45:57.145335+00:00 [debug] Handling API call: get_credentials(invalid, []) (eturnal_ctl:get_credentials/2:59)
2022-08-07 18:45:57.145440+00:00 [debug] Invalid argument(s): invalid:[] (eturnal_ctl:get_credentials/2:72)
2022-08-07 18:45:57.145572+00:00 [debug] Handling API call: get_password([invalid]) (eturnal_ctl:get_password/1:78)
2022-08-07 18:45:57.145663+00:00 [debug] Cannot convert user name to binary: [invalid] (eturnal_ctl:get_password/1:99)
2022-08-07 18:45:57.145813+00:00 [debug] Handling API call: get_credentials([invalid], []) (eturnal_ctl:get_credentials/2:59)
2022-08-07 18:45:57.145907+00:00 [debug] Invalid argument(s): [invalid]:[] (eturnal_ctl:get_credentials/2:72)
2022-08-07 18:45:57.146018+00:00 [debug] Handling API call: get_credentials(1256900400, invalid) (eturnal_ctl:get_credentials/2:59)
2022-08-07 18:45:57.146103+00:00 [debug] Invalid argument(s): 1256900400:invalid (eturnal_ctl:get_credentials/2:72)
2022-08-07 18:45:57.169817+00:00 [debug] Handling API call: set_loglevel(debug) (eturnal_ctl:set_loglevel/1:164)
2022-08-07 18:45:57.170096+00:00 [debug] eturnal call ({set_loglevel,debug}) returned ok (eturnal_ctl:call/1:448)
2022-08-07 18:45:57.170288+00:00 [debug] Handling API call: get_loglevel() (eturnal_ctl:get_loglevel/0:154)
2022-08-07 18:45:57.170395+00:00 [debug] eturnal call (get_loglevel) returned {ok,debug} (eturnal_ctl:call/1:451)
2022-08-07 18:45:57.170505+00:00 [debug] Handling API call: set_loglevel(invalid) (eturnal_ctl:set_loglevel/1:164)
2022-08-07 18:45:57.170572+00:00 [debug] Invalid log level: invalid (eturnal_ctl:set_loglevel/1:174)
2022-08-07 18:45:57.170666+00:00 [debug] Handling API call: get_loglevel() (eturnal_ctl:get_loglevel/0:154)
2022-08-07 18:45:57.171121+00:00 [debug] eturnal call (get_loglevel) returned {ok,debug} (eturnal_ctl:call/1:451)
2022-08-07 18:45:57.195821+00:00 [debug] Handling API call: get_version() (eturnal_ctl:get_version/0:144)
2022-08-07 18:45:57.195972+00:00 [debug] eturnal call (get_version) returned {ok,<<"1.10.1">>} (eturnal_ctl:call/1:451)
2022-08-07 18:45:57.220205+00:00 [debug] Handling API call: reload() (eturnal_ctl:reload/0:199)
2022-08-07 18:45:57.221844+00:00 [debug] Calling mod_log_stun:options/0 (eturnal_module:options/1:192)
2022-08-07 18:45:57.221976+00:00 [debug] Calling mod_stats_influx:options/0 (eturnal_module:options/1:192)
2022-08-07 18:45:57.222111+00:00 [debug] Calling mod_stats_prometheus:options/0 (eturnal_module:options/1:192)
2022-08-07 18:45:57.222662+00:00 [warning] TLS enabled without 'tls_crt_file', creating self-signed certificate (eturnal:check_pem_file/0:686)
2022-08-07 18:45:57.709227+00:00 [info] Using new TLS certificate (eturnal:reload/1:515)
2022-08-07 18:45:57.709585+00:00 [debug] Calling mod_log_stun:stop/1 (eturnal_module:stop/1:163)
2022-08-07 18:45:57.709680+00:00 [debug] Stopping mod_log_stun (mod_log_stun:stop/0:49)
2022-08-07 18:45:57.709757+00:00 [info] Stopped mod_log_stun (eturnal:stop_modules/1:316)
2022-08-07 18:45:57.711153+00:00 [debug] Calling mod_stats_influx:stop/1 (eturnal_module:stop/1:163)
2022-08-07 18:45:57.711317+00:00 [debug] Stopping mod_stats_influx (mod_stats_influx:stop/0:61)
2022-08-07 18:45:57.711586+00:00 [info] Stopped mod_stats_influx (eturnal:stop_modules/1:316)
2022-08-07 18:45:57.712441+00:00 [debug] Calling mod_stats_prometheus:stop/1 (eturnal_module:stop/1:163)
2022-08-07 18:45:57.712557+00:00 [debug] Stopping mod_stats_prometheus (mod_stats_prometheus:stop/0:110)
2022-08-07 18:45:57.712882+00:00 [info] Stopped mod_stats_prometheus (eturnal:stop_modules/1:316)
2022-08-07 18:45:57.712978+00:00 [debug] Calling mod_log_stun:start/0 (eturnal_module:start/1:143)
2022-08-07 18:45:57.713084+00:00 [debug] Starting mod_log_stun (mod_log_stun:start/0:38)
2022-08-07 18:45:57.715131+00:00 [info] Started mod_log_stun (eturnal:start_modules/0:303)
2022-08-07 18:45:57.715581+00:00 [debug] Calling mod_stats_influx:start/0 (eturnal_module:start/1:143)
2022-08-07 18:45:57.715994+00:00 [debug] Starting mod_stats_influx (mod_stats_influx:start/0:37)
2022-08-07 18:45:57.716768+00:00 [debug] Dependency influx_udp was available already (eturnal_module:ensure_dep/2:284)
2022-08-07 18:45:57.717349+00:00 [info]     host: {127,0,0,1}
    msg: Start clients pool
    options: #{host => "localhost",max_overflow => 1,pool_size => 1,
               port => 8089} (influx_udp:start_pool_/2:239)
2022-08-07 18:45:57.718544+00:00 [info] Started mod_stats_influx (eturnal:start_modules/0:303)
2022-08-07 18:45:57.718803+00:00 [debug] Calling mod_stats_prometheus:start/0 (eturnal_module:start/1:143)
2022-08-07 18:45:57.718902+00:00 [debug] Starting mod_stats_prometheus (mod_stats_prometheus:start/0:56)
2022-08-07 18:45:57.718986+00:00 [debug] Dependency prometheus_httpd was available already (eturnal_module:ensure_dep/2:284)
2022-08-07 18:45:57.720297+00:00 [debug] PROGRESS REPORT:
    supervisor: {local,httpd_instance_sup__127_0_0_1__9081default}
    started: [{pid,<0.1372.0>},
              {id,{httpd_connection_sup,{127,0,0,1},9081,default}},
              {mfargs,{httpd_connection_sup,start_link,[[{127,0,0,1},9081]]}},
              {restart_type,permanent},
              {significant,false},
              {shutdown,5000},
              {child_type,supervisor}]
 (supervisor:report_progress/2:1557)
2022-08-07 18:45:57.720688+00:00 [debug] PROGRESS REPORT:
    supervisor: {local,httpd_acceptor_sup__127_0_0_1__9081default}
    started: [{pid,<0.1375.0>},
              {id,{httpd_acceptor_sup,{127,0,0,1},9081,default}},
              {mfargs,{httpd_acceptor,start_link,
                                      [httpd__127_0_0_1__9081default,ip_comm,
                                       {127,0,0,1},
                                       9081,inet,
                                       httpd_conf__127_0_0_1__9081default,
                                       15000]}},
              {restart_type,transient},
              {significant,false},
              {shutdown,brutal_kill},
              {child_type,worker}]
 (supervisor:report_progress/2:1557)
2022-08-07 18:45:57.720828+00:00 [debug] PROGRESS REPORT:
    supervisor: {local,httpd_instance_sup__127_0_0_1__9081default}
    started: [{pid,<0.1373.0>},
              {id,{httpd_acceptor_sup,{127,0,0,1},9081,default}},
              {mfargs,
                  {httpd_acceptor_sup,start_link,
                      [[{127,0,0,1},
                        9081,
                        [{bind_address,{127,0,0,1}},
                         {socket_type,ip_comm},
                         {port,9081},
                         {server_root,"run/mod_stats_prometheus/doc"},
                         {document_root,"run/mod_stats_prometheus/doc"},
                         {server_name,"Prometheus Exporter"},
                         {modules,[prometheus_httpd]}],
                        15000,undefined]]}},
              {restart_type,permanent},
              {significant,false},
              {shutdown,infinity},
              {child_type,supervisor}]
 (supervisor:report_progress/2:1557)
2022-08-07 18:45:57.720968+00:00 [debug] PROGRESS REPORT:
    supervisor: {local,httpd_instance_sup__127_0_0_1__9081default}
    started: [{pid,<0.1377.0>},
              {id,{httpd_misc_sup,{127,0,0,1},9081,default}},
              {mfargs,{httpd_misc_sup,start_link,[{127,0,0,1},9081,default]}},
              {restart_type,permanent},
              {significant,false},
              {shutdown,infinity},
              {child_type,supervisor}]
 (supervisor:report_progress/2:1557)
2022-08-07 18:45:57.721239+00:00 [debug] PROGRESS REPORT:
    supervisor: {local,httpd_instance_sup__127_0_0_1__9081default}
    started: [{pid,<0.1378.0>},
              {id,{httpd_manager,{127,0,0,1},9081,default}},
              {mfargs,
                  {httpd_manager,start_link,
                      [undefined,
                       [{bind_address,{127,0,0,1}},
                        {socket_type,ip_comm},
                        {port,9081},
                        {server_root,"run/mod_stats_prometheus/doc"},
                        {document_root,"run/mod_stats_prometheus/doc"},
                        {server_name,"Prometheus Exporter"},
                        {modules,[prometheus_httpd]}],
                       15000]}},
              {restart_type,permanent},
              {significant,false},
              {shutdown,4000},
              {child_type,worker}]
 (supervisor:report_progress/2:1557)
2022-08-07 18:45:57.721352+00:00 [debug] PROGRESS REPORT:
    supervisor: {local,httpd_sup}
    started: [{pid,<0.1371.0>},
              {id,{httpd_instance_sup,{127,0,0,1},9081,default}},
              {mfargs,
                  {httpd_instance_sup,start_link,
                      [[{bind_address,{127,0,0,1}},
                        {socket_type,ip_comm},
                        {port,9081},
                        {server_root,"run/mod_stats_prometheus/doc"},
                        {document_root,"run/mod_stats_prometheus/doc"},
                        {server_name,"Prometheus Exporter"},
                        {modules,[prometheus_httpd]}],
                       15000,[]]}},
              {restart_type,permanent},
              {significant,false},
              {shutdown,infinity},
              {child_type,supervisor}]
 (supervisor:report_progress/2:1557)
2022-08-07 18:45:57.722668+00:00 [info] Started mod_stats_prometheus (eturnal:start_modules/0:303)
2022-08-07 18:45:57.722794+00:00 [debug] Restarted modules (eturnal:reload/1:523)
2022-08-07 18:45:57.722964+00:00 [debug] eturnal call (reload) returned ok (eturnal_ctl:call/1:448)
2022-08-07 18:45:57.723525+00:00 [debug] Handling API call: reload() (eturnal_ctl:reload/0:199)
2022-08-07 18:45:57.726371+00:00 [debug] Calling mod_log_stun:options/0 (eturnal_module:options/1:192)
2022-08-07 18:45:57.726539+00:00 [debug] Calling mod_stats_influx:options/0 (eturnal_module:options/1:192)
2022-08-07 18:45:57.726667+00:00 [debug] Calling mod_stats_prometheus:options/0 (eturnal_module:options/1:192)
2022-08-07 18:45:57.727895+00:00 [debug] Keeping PEM file (run/cert.pem) (eturnal:check_pem_file/0:683)
2022-08-07 18:45:57.728104+00:00 [debug] TLS certificate unchanged (eturnal:reload/1:517)
2022-08-07 18:45:57.729153+00:00 [debug] Calling mod_log_stun:stop/1 (eturnal_module:stop/1:163)
2022-08-07 18:45:57.729337+00:00 [debug] Stopping mod_log_stun (mod_log_stun:stop/0:49)
2022-08-07 18:45:57.729408+00:00 [info] Stopped mod_log_stun (eturnal:stop_modules/1:316)
2022-08-07 18:45:57.731051+00:00 [debug] Calling mod_stats_influx:stop/1 (eturnal_module:stop/1:163)
2022-08-07 18:45:57.731182+00:00 [debug] Stopping mod_stats_influx (mod_stats_influx:stop/0:61)
2022-08-07 18:45:57.731283+00:00 [info] Stopped mod_stats_influx (eturnal:stop_modules/1:316)
2022-08-07 18:45:57.732973+00:00 [debug] Calling mod_stats_prometheus:stop/1 (eturnal_module:stop/1:163)
2022-08-07 18:45:57.733084+00:00 [debug] Stopping mod_stats_prometheus (mod_stats_prometheus:stop/0:110)
2022-08-07 18:45:57.734261+00:00 [info] Stopped mod_stats_prometheus (eturnal:stop_modules/1:316)
2022-08-07 18:45:57.734473+00:00 [debug] Calling mod_log_stun:start/0 (eturnal_module:start/1:143)
2022-08-07 18:45:57.734584+00:00 [debug] Starting mod_log_stun (mod_log_stun:start/0:38)
2022-08-07 18:45:57.735312+00:00 [info] Started mod_log_stun (eturnal:start_modules/0:303)
2022-08-07 18:45:57.735417+00:00 [debug] Calling mod_stats_influx:start/0 (eturnal_module:start/1:143)
2022-08-07 18:45:57.735529+00:00 [debug] Starting mod_stats_influx (mod_stats_influx:start/0:37)
2022-08-07 18:45:57.735939+00:00 [debug] Dependency influx_udp was available already (eturnal_module:ensure_dep/2:284)
2022-08-07 18:45:57.736221+00:00 [info]     host: {127,0,0,1}
    msg: Start clients pool
    options: #{host => "localhost",max_overflow => 1,pool_size => 1,
               port => 8089} (influx_udp:start_pool_/2:239)
2022-08-07 18:45:57.737555+00:00 [info] Started mod_stats_influx (eturnal:start_modules/0:303)
2022-08-07 18:45:57.737720+00:00 [debug] Calling mod_stats_prometheus:start/0 (eturnal_module:start/1:143)
2022-08-07 18:45:57.738139+00:00 [debug] Starting mod_stats_prometheus (mod_stats_prometheus:start/0:56)
2022-08-07 18:45:57.738711+00:00 [debug] Dependency prometheus_httpd was available already (eturnal_module:ensure_dep/2:284)
2022-08-07 18:45:57.740103+00:00 [debug] PROGRESS REPORT:
    supervisor: {local,httpd_instance_sup__127_0_0_1__9081default}
    started: [{pid,<0.1409.0>},
              {id,{httpd_connection_sup,{127,0,0,1},9081,default}},
              {mfargs,{httpd_connection_sup,start_link,[[{127,0,0,1},9081]]}},
              {restart_type,permanent},
              {significant,false},
              {shutdown,5000},
              {child_type,supervisor}]
 (supervisor:report_progress/2:1557)
2022-08-07 18:45:57.740377+00:00 [debug] PROGRESS REPORT:
    supervisor: {local,httpd_acceptor_sup__127_0_0_1__9081default}
    started: [{pid,<0.1411.0>},
              {id,{httpd_acceptor_sup,{127,0,0,1},9081,default}},
              {mfargs,{httpd_acceptor,start_link,
                                      [httpd__127_0_0_1__9081default,ip_comm,
                                       {127,0,0,1},
                                       9081,inet,
                                       httpd_conf__127_0_0_1__9081default,
                                       15000]}},
              {restart_type,transient},
              {significant,false},
              {shutdown,brutal_kill},
              {child_type,worker}]
 (supervisor:report_progress/2:1557)
2022-08-07 18:45:57.740508+00:00 [debug] PROGRESS REPORT:
    supervisor: {local,httpd_instance_sup__127_0_0_1__9081default}
    started: [{pid,<0.1410.0>},
              {id,{httpd_acceptor_sup,{127,0,0,1},9081,default}},
              {mfargs,
                  {httpd_acceptor_sup,start_link,
                      [[{127,0,0,1},
                        9081,
                        [{bind_address,{127,0,0,1}},
                         {socket_type,ip_comm},
                         {port,9081},
                         {server_root,"run/mod_stats_prometheus/doc"},
                         {document_root,"run/mod_stats_prometheus/doc"},
                         {server_name,"Prometheus Exporter"},
                         {modules,[prometheus_httpd]}],
                        15000,undefined]]}},
              {restart_type,permanent},
              {significant,false},
              {shutdown,infinity},
              {child_type,supervisor}]
 (supervisor:report_progress/2:1557)
2022-08-07 18:45:57.741250+00:00 [debug] PROGRESS REPORT:
    supervisor: {local,httpd_instance_sup__127_0_0_1__9081default}
    started: [{pid,<0.1412.0>},
              {id,{httpd_misc_sup,{127,0,0,1},9081,default}},
              {mfargs,{httpd_misc_sup,start_link,[{127,0,0,1},9081,default]}},
              {restart_type,permanent},
              {significant,false},
              {shutdown,infinity},
              {child_type,supervisor}]
 (supervisor:report_progress/2:1557)
2022-08-07 18:45:57.742430+00:00 [debug] PROGRESS REPORT:
    supervisor: {local,httpd_instance_sup__127_0_0_1__9081default}
    started: [{pid,<0.1413.0>},
              {id,{httpd_manager,{127,0,0,1},9081,default}},
              {mfargs,
                  {httpd_manager,start_link,
                      [undefined,
                       [{bind_address,{127,0,0,1}},
                        {socket_type,ip_comm},
                        {port,9081},
                        {server_root,"run/mod_stats_prometheus/doc"},
                        {document_root,"run/mod_stats_prometheus/doc"},
                        {server_name,"Prometheus Exporter"},
                        {modules,[prometheus_httpd]}],
                       15000]}},
              {restart_type,permanent},
              {significant,false},
              {shutdown,4000},
              {child_type,worker}]
 (supervisor:report_progress/2:1557)
2022-08-07 18:45:57.742591+00:00 [debug] PROGRESS REPORT:
    supervisor: {local,httpd_sup}
    started: [{pid,<0.1408.0>},
              {id,{httpd_instance_sup,{127,0,0,1},9081,default}},
              {mfargs,
                  {httpd_instance_sup,start_link,
                      [[{bind_address,{127,0,0,1}},
                        {socket_type,ip_comm},
                        {port,9081},
                        {server_root,"run/mod_stats_prometheus/doc"},
                        {document_root,"run/mod_stats_prometheus/doc"},
                        {server_name,"Prometheus Exporter"},
                        {modules,[prometheus_httpd]}],
                       15000,[]]}},
              {restart_type,permanent},
              {significant,false},
              {shutdown,infinity},
              {child_type,supervisor}]
 (supervisor:report_progress/2:1557)
2022-08-07 18:45:57.743950+00:00 [info] Started mod_stats_prometheus (eturnal:start_modules/0:303)
2022-08-07 18:45:57.744080+00:00 [debug] Restarted modules (eturnal:reload/1:523)
2022-08-07 18:45:57.744388+00:00 [debug] eturnal call (reload) returned ok (eturnal_ctl:call/1:448)
2022-08-07 18:45:57.768867+00:00 [info] Accepting connection: 127.0.0.1:55092 -> 127.0.0.1:34780 [TCP, session gruyvcwi2rdg] (stun_acceptor:accept/3:158)
2022-08-07 18:45:57.792194+00:00 [info] Accepting connection: 127.0.0.1:41232 -> 127.0.0.1:53490 [TLS, session j6ovl6djo8kh] (stun_acceptor:accept/3:158)
2022-08-07 18:45:57.816353+00:00 [debug] Received:
#stun{class = request,method = 3,magic = 554869826,
      trid = 30446433704404162332416488252,raw = <<>>,unsupported = [],
      'ALTERNATE-SERVER' = undefined,'CHANNEL-NUMBER' = undefined,
      'DATA' = undefined,'DONT-FRAGMENT' = false,'ERROR-CODE' = undefined,
      'LIFETIME' = undefined,'MAPPED-ADDRESS' = undefined,
      'MESSAGE-INTEGRITY' = undefined,'NONCE' = undefined,'REALM' = undefined,
      'REQUESTED-ADDRESS-FAMILY' = undefined,
      'REQUESTED-TRANSPORT' = undefined,'SOFTWARE' = undefined,
      'UNKNOWN-ATTRIBUTES' = [],'USERNAME' = undefined,
      'XOR-MAPPED-ADDRESS' = undefined,'XOR-PEER-ADDRESS' = [],
      'XOR-RELAYED-ADDRESS' = undefined} (stun:udp_recv/5:112)
2022-08-07 18:45:57.816476+00:00 [debug] Sending:
#stun{class = error,method = 3,magic = 554869826,
      trid = 30446433704404162332416488252,raw = <<>>,unsupported = [],
      'ALTERNATE-SERVER' = undefined,'CHANNEL-NUMBER' = undefined,
      'DATA' = undefined,'DONT-FRAGMENT' = false,
      'ERROR-CODE' = {401,<<"Unauthorized">>},
      'LIFETIME' = undefined,'MAPPED-ADDRESS' = undefined,
      'MESSAGE-INTEGRITY' = undefined,'NONCE' = <<"1288780250">>,
      'REALM' = <<"eturnal.net">>,'REQUESTED-ADDRESS-FAMILY' = undefined,
      'REQUESTED-TRANSPORT' = undefined,'SOFTWARE' = <<"eturnal">>,
      'UNKNOWN-ATTRIBUTES' = [],'USERNAME' = undefined,
      'XOR-MAPPED-ADDRESS' = undefined,'XOR-PEER-ADDRESS' = [],
      'XOR-RELAYED-ADDRESS' = undefined} (stun:send/3:464)
2022-08-07 18:45:57.816763+00:00 [debug] Received:
#stun{class = request,method = 3,magic = 554869826,
      trid = 31530460680400887208922334857,
      raw = <<0,3,0,80,33,18,164,66,101,225,98,194,117,61,148,226,245,240,70,
              137,0,25,0,4,17,0,0,0,0,6,0,10,50,49,52,53,57,49,51,50,48,48,0,0,
              0,20,0,11,101,116,117,114,110,97,108,46,110,101,116,0,0,21,0,10,
              49,50,56,56,55,56,48,50,53,48,0,0>>,
      unsupported = [],'ALTERNATE-SERVER' = undefined,
      'CHANNEL-NUMBER' = undefined,'DATA' = undefined,'DONT-FRAGMENT' = false,
      'ERROR-CODE' = undefined,'LIFETIME' = undefined,
      'MAPPED-ADDRESS' = undefined,
      'MESSAGE-INTEGRITY' = <<98,106,104,17,127,38,121,82,241,202,27,242,27,12,
                              69,40,225,184,229,0>>,
      'NONCE' = <<"1288780250">>,'REALM' = <<"eturnal.net">>,
      'REQUESTED-ADDRESS-FAMILY' = undefined,'REQUESTED-TRANSPORT' = udp,
      'SOFTWARE' = undefined,'UNKNOWN-ATTRIBUTES' = [],
      'USERNAME' = <<"2145913200">>,'XOR-MAPPED-ADDRESS' = undefined,
      'XOR-PEER-ADDRESS' = [],'XOR-RELAYED-ADDRESS' = undefined} (stun:udp_recv/5:112)
2022-08-07 18:45:57.816920+00:00 [debug] Looking up password for: 2145913200 [UDP, session tp4o9y9f5e8t, user 2145913200, client 127.0.0.1:55150] (eturnal:get_password/2:205)
2022-08-07 18:45:57.816989+00:00 [info] Accepting long-term STUN/TURN authentication [UDP, session tp4o9y9f5e8t, user 2145913200, client 127.0.0.1:55150] (stun:process/2:255)
2022-08-07 18:45:57.817162+00:00 [debug] Running 'turn_session_start' hook [UDP, session tp4o9y9f5e8t, user 2145913200, client 127.0.0.1:55150] (turn:run_hook/3:740)
2022-08-07 18:45:57.817221+00:00 [debug] Got 'turn_session_start' event [UDP, session tp4o9y9f5e8t, user 2145913200, client 127.0.0.1:55150] (eturnal_module:handle_event/2:177)
2022-08-07 18:45:57.817269+00:00 [debug] Calling mod_stats_prometheus:handle_event/2 [UDP, session tp4o9y9f5e8t, user 2145913200, client 127.0.0.1:55150] (eturnal_module:handle_event/2:180)
2022-08-07 18:45:57.817340+00:00 [debug] Observing started TURN session tp4o9y9f5e8t for Prometheus [UDP, session tp4o9y9f5e8t, user 2145913200, client 127.0.0.1:55150] (mod_stats_prometheus:on_turn_session_start/1:174)
2022-08-07 18:45:57.817546+00:00 [notice] Creating TURN allocation (lifetime: 599 seconds) [UDP, session tp4o9y9f5e8t, user 2145913200, client 127.0.0.1:55150, relay 127.0.0.1:51879] (turn:wait_for_allocate/2:219)
2022-08-07 18:45:57.817685+00:00 [debug] Sending:
#stun{class = response,method = 3,magic = 554869826,
      trid = 31530460680400887208922334857,raw = <<>>,unsupported = [],
      'ALTERNATE-SERVER' = undefined,'CHANNEL-NUMBER' = undefined,
      'DATA' = undefined,'DONT-FRAGMENT' = false,'ERROR-CODE' = undefined,
      'LIFETIME' = 599,'MAPPED-ADDRESS' = undefined,
      'MESSAGE-INTEGRITY' = undefined,'NONCE' = undefined,'REALM' = undefined,
      'REQUESTED-ADDRESS-FAMILY' = undefined,
      'REQUESTED-TRANSPORT' = undefined,'SOFTWARE' = <<"eturnal">>,
      'UNKNOWN-ATTRIBUTES' = [],'USERNAME' = undefined,
      'XOR-MAPPED-ADDRESS' = {{127,0,0,1},55150},
      'XOR-PEER-ADDRESS' = [],
      'XOR-RELAYED-ADDRESS' = {{127,0,0,1},51879}} (turn:send/2:542)
2022-08-07 18:45:57.817949+00:00 [debug] Received:
#stun{class = request,method = 4,magic = 554869826,
      trid = 56640818433904188182691987720,
      raw = <<0,4,0,80,33,18,164,66,183,4,47,215,222,170,249,225,74,218,65,8,0,
              6,0,10,50,49,52,53,57,49,51,50,48,48,0,0,0,20,0,11,101,116,117,
              114,110,97,108,46,110,101,116,0,0,21,0,10,49,50,56,56,55,56,48,
              50,53,48,0,0,0,13,0,4,0,0,0,0>>,
      unsupported = [],'ALTERNATE-SERVER' = undefined,
      'CHANNEL-NUMBER' = undefined,'DATA' = undefined,'DONT-FRAGMENT' = false,
      'ERROR-CODE' = undefined,'LIFETIME' = 0,'MAPPED-ADDRESS' = undefined,
      'MESSAGE-INTEGRITY' = <<151,67,61,108,100,173,46,179,124,10,239,27,87,
                              228,233,31,221,14,40,10>>,
      'NONCE' = <<"1288780250">>,'REALM' = <<"eturnal.net">>,
      'REQUESTED-ADDRESS-FAMILY' = undefined,
      'REQUESTED-TRANSPORT' = undefined,'SOFTWARE' = undefined,
      'UNKNOWN-ATTRIBUTES' = [],'USERNAME' = <<"2145913200">>,
      'XOR-MAPPED-ADDRESS' = undefined,'XOR-PEER-ADDRESS' = [],
      'XOR-RELAYED-ADDRESS' = undefined} (stun:udp_recv/5:112)
2022-08-07 18:45:57.818088+00:00 [debug] Looking up password for: 2145913200 [UDP, session iet4q5f2endj, user 2145913200, client 127.0.0.1:55150] (eturnal:get_password/2:205)
2022-08-07 18:45:57.818160+00:00 [info] Accepting long-term STUN/TURN authentication [UDP, session iet4q5f2endj, user 2145913200, client 127.0.0.1:55150] (stun:process/2:255)
2022-08-07 18:45:57.818225+00:00 [info] Client requested closing the TURN session [UDP, session tp4o9y9f5e8t, user 2145913200, client 127.0.0.1:55150, relay 127.0.0.1:51879] (turn:active/2:278)
2022-08-07 18:45:57.818308+00:00 [debug] Sending:
#stun{class = response,method = 4,magic = 554869826,
      trid = 56640818433904188182691987720,raw = <<>>,unsupported = [],
      'ALTERNATE-SERVER' = undefined,'CHANNEL-NUMBER' = undefined,
      'DATA' = undefined,'DONT-FRAGMENT' = false,'ERROR-CODE' = undefined,
      'LIFETIME' = 0,'MAPPED-ADDRESS' = undefined,
      'MESSAGE-INTEGRITY' = undefined,'NONCE' = undefined,'REALM' = undefined,
      'REQUESTED-ADDRESS-FAMILY' = undefined,
      'REQUESTED-TRANSPORT' = undefined,'SOFTWARE' = <<"eturnal">>,
      'UNKNOWN-ATTRIBUTES' = [],'USERNAME' = undefined,
      'XOR-MAPPED-ADDRESS' = undefined,'XOR-PEER-ADDRESS' = [],
      'XOR-RELAYED-ADDRESS' = undefined} (turn:send/2:542)
2022-08-07 18:45:57.818407+00:00 [info] Deleting TURN allocation [UDP, session tp4o9y9f5e8t, user 2145913200, client 127.0.0.1:55150, relay 127.0.0.1:51879] (turn:terminate/3:475)
2022-08-07 18:45:57.818488+00:00 [notice] Relayed 0 KiB (in 0 B / 0 packets, out 0 B / 0 packets), duration: 0 seconds [UDP, session tp4o9y9f5e8t, user 2145913200, client 127.0.0.1:55150, relay 127.0.0.1:51879] (turn:terminate/3:482)
2022-08-07 18:45:57.818532+00:00 [debug] Running 'turn_session_stop' hook [UDP, session tp4o9y9f5e8t, user 2145913200, client 127.0.0.1:55150, relay 127.0.0.1:51879] (turn:run_hook/3:740)
2022-08-07 18:45:57.818570+00:00 [debug] Got 'turn_session_stop' event [UDP, session tp4o9y9f5e8t, user 2145913200, client 127.0.0.1:55150, relay 127.0.0.1:51879] (eturnal_module:handle_event/2:177)
2022-08-07 18:45:57.818601+00:00 [debug] Calling mod_stats_influx:handle_event/2 [UDP, session tp4o9y9f5e8t, user 2145913200, client 127.0.0.1:55150, relay 127.0.0.1:51879] (eturnal_module:handle_event/2:180)
2022-08-07 18:45:57.818633+00:00 [debug] Writing stats of TURN session tp4o9y9f5e8t to InfluxDB [UDP, session tp4o9y9f5e8t, user 2145913200, client 127.0.0.1:55150, relay 127.0.0.1:51879] (mod_stats_influx:on_turn_session_stop/1:87)
2022-08-07 18:45:57.818790+00:00 [debug] Calling mod_stats_prometheus:handle_event/2 [UDP, session tp4o9y9f5e8t, user 2145913200, client 127.0.0.1:55150, relay 127.0.0.1:51879] (eturnal_module:handle_event/2:180)
2022-08-07 18:45:57.818846+00:00 [debug] Observing stopped TURN session tp4o9y9f5e8t for Prometheus [UDP, session tp4o9y9f5e8t, user 2145913200, client 127.0.0.1:55150, relay 127.0.0.1:51879] (mod_stats_prometheus:on_turn_session_stop/1:187)
2022-08-07 18:45:57.841610+00:00 [debug] Received:
#stun{class = request,method = 1,magic = 554869826,
      trid = 4571000348920812739939339183,raw = <<>>,unsupported = [],
      'ALTERNATE-SERVER' = undefined,'CHANNEL-NUMBER' = undefined,
      'DATA' = undefined,'DONT-FRAGMENT' = false,'ERROR-CODE' = undefined,
      'LIFETIME' = undefined,'MAPPED-ADDRESS' = undefined,
      'MESSAGE-INTEGRITY' = undefined,'NONCE' = undefined,'REALM' = undefined,
      'REQUESTED-ADDRESS-FAMILY' = undefined,
      'REQUESTED-TRANSPORT' = undefined,'SOFTWARE' = undefined,
      'UNKNOWN-ATTRIBUTES' = [],'USERNAME' = undefined,
      'XOR-MAPPED-ADDRESS' = undefined,'XOR-PEER-ADDRESS' = [],
      'XOR-RELAYED-ADDRESS' = undefined} (stun:udp_recv/5:112)
2022-08-07 18:45:57.841683+00:00 [debug] Responding to STUN request [UDP, session 6ayy9k0mbw6b, anonymous, client 127.0.0.1:58341] (stun:process/4:323)
2022-08-07 18:45:57.841719+00:00 [debug] Running 'stun_query' hook [UDP, session 6ayy9k0mbw6b, anonymous, client 127.0.0.1:58341] (stun:run_hook/3:843)
2022-08-07 18:45:57.841753+00:00 [debug] Got 'stun_query' event [UDP, session 6ayy9k0mbw6b, anonymous, client 127.0.0.1:58341] (eturnal_module:handle_event/2:177)
2022-08-07 18:45:57.841790+00:00 [debug] Calling mod_log_stun:handle_event/2 [UDP, session 6ayy9k0mbw6b, anonymous, client 127.0.0.1:58341] (eturnal_module:handle_event/2:180)
2022-08-07 18:45:57.841822+00:00 [info] Responding to STUN request [UDP, session 6ayy9k0mbw6b, anonymous, client 127.0.0.1:58341] (mod_log_stun:handle_event/2:44)
2022-08-07 18:45:57.841860+00:00 [debug] Calling mod_stats_influx:handle_event/2 [UDP, session 6ayy9k0mbw6b, anonymous, client 127.0.0.1:58341] (eturnal_module:handle_event/2:180)
2022-08-07 18:45:57.842190+00:00 [debug] Writing STUN query event to InfluxDB [UDP, session 6ayy9k0mbw6b, anonymous, client 127.0.0.1:58341] (mod_stats_influx:on_stun_query/1:76)
2022-08-07 18:45:57.842316+00:00 [debug] Calling mod_stats_prometheus:handle_event/2 [UDP, session 6ayy9k0mbw6b, anonymous, client 127.0.0.1:58341] (eturnal_module:handle_event/2:180)
2022-08-07 18:45:57.842352+00:00 [debug] Observing STUN query for Prometheus [UDP, session 6ayy9k0mbw6b, anonymous, client 127.0.0.1:58341] (mod_stats_prometheus:on_stun_query/1:166)
2022-08-07 18:45:57.842418+00:00 [debug] Sending:
#stun{class = response,method = 1,magic = 554869826,
      trid = 4571000348920812739939339183,raw = <<>>,unsupported = [],
      'ALTERNATE-SERVER' = undefined,'CHANNEL-NUMBER' = undefined,
      'DATA' = undefined,'DONT-FRAGMENT' = false,'ERROR-CODE' = undefined,
      'LIFETIME' = undefined,'MAPPED-ADDRESS' = undefined,
      'MESSAGE-INTEGRITY' = undefined,'NONCE' = undefined,'REALM' = undefined,
      'REQUESTED-ADDRESS-FAMILY' = undefined,
      'REQUESTED-TRANSPORT' = undefined,'SOFTWARE' = <<"eturnal">>,
      'UNKNOWN-ATTRIBUTES' = [],'USERNAME' = undefined,
      'XOR-MAPPED-ADDRESS' = {{127,0,0,1},58341},
      'XOR-PEER-ADDRESS' = [],'XOR-RELAYED-ADDRESS' = undefined} (stun:send/3:464)
2022-08-07 18:45:57.866248+00:00 [info] Accepting connection: 127.0.0.1:55094 -> 127.0.0.1:34780 [TCP, session qo0e3eiv3nep] (stun_acceptor:accept/3:158)
2022-08-07 18:45:57.866461+00:00 [debug] Received:
#stun{class = request,method = 1,magic = 554869826,
      trid = 46600379357442826938048352962,raw = <<>>,unsupported = [],
      'ALTERNATE-SERVER' = undefined,'CHANNEL-NUMBER' = undefined,
      'DATA' = undefined,'DONT-FRAGMENT' = false,'ERROR-CODE' = undefined,
      'LIFETIME' = undefined,'MAPPED-ADDRESS' = undefined,
      'MESSAGE-INTEGRITY' = undefined,'NONCE' = undefined,'REALM' = undefined,
      'REQUESTED-ADDRESS-FAMILY' = undefined,
      'REQUESTED-TRANSPORT' = undefined,'SOFTWARE' = undefined,
      'UNKNOWN-ATTRIBUTES' = [],'USERNAME' = undefined,
      'XOR-MAPPED-ADDRESS' = undefined,'XOR-PEER-ADDRESS' = [],
      'XOR-RELAYED-ADDRESS' = undefined} (stun:process_data/3:421)
2022-08-07 18:45:57.866573+00:00 [debug] Responding to STUN request [TCP, session qo0e3eiv3nep, anonymous, client 127.0.0.1:55094] (stun:process/4:323)
2022-08-07 18:45:57.866632+00:00 [debug] Running 'stun_query' hook [TCP, session qo0e3eiv3nep, anonymous, client 127.0.0.1:55094] (stun:run_hook/3:843)
2022-08-07 18:45:57.866683+00:00 [debug] Got 'stun_query' event [TCP, session qo0e3eiv3nep, anonymous, client 127.0.0.1:55094] (eturnal_module:handle_event/2:177)
2022-08-07 18:45:57.866722+00:00 [debug] Calling mod_log_stun:handle_event/2 [TCP, session qo0e3eiv3nep, anonymous, client 127.0.0.1:55094] (eturnal_module:handle_event/2:180)
2022-08-07 18:45:57.866763+00:00 [info] Responding to STUN request [TCP, session qo0e3eiv3nep, anonymous, client 127.0.0.1:55094] (mod_log_stun:handle_event/2:44)
2022-08-07 18:45:57.866802+00:00 [debug] Calling mod_stats_influx:handle_event/2 [TCP, session qo0e3eiv3nep, anonymous, client 127.0.0.1:55094] (eturnal_module:handle_event/2:180)
2022-08-07 18:45:57.866838+00:00 [debug] Writing STUN query event to InfluxDB [TCP, session qo0e3eiv3nep, anonymous, client 127.0.0.1:55094] (mod_stats_influx:on_stun_query/1:76)
2022-08-07 18:45:57.866964+00:00 [debug] Calling mod_stats_prometheus:handle_event/2 [TCP, session qo0e3eiv3nep, anonymous, client 127.0.0.1:55094] (eturnal_module:handle_event/2:180)
2022-08-07 18:45:57.867032+00:00 [debug] Observing STUN query for Prometheus [TCP, session qo0e3eiv3nep, anonymous, client 127.0.0.1:55094] (mod_stats_prometheus:on_stun_query/1:166)
2022-08-07 18:45:57.867146+00:00 [debug] Sending:
#stun{class = response,method = 1,magic = 554869826,
      trid = 46600379357442826938048352962,raw = <<>>,unsupported = [],
      'ALTERNATE-SERVER' = undefined,'CHANNEL-NUMBER' = undefined,
      'DATA' = undefined,'DONT-FRAGMENT' = false,'ERROR-CODE' = undefined,
      'LIFETIME' = undefined,'MAPPED-ADDRESS' = undefined,
      'MESSAGE-INTEGRITY' = undefined,'NONCE' = undefined,'REALM' = undefined,
      'REQUESTED-ADDRESS-FAMILY' = undefined,
      'REQUESTED-TRANSPORT' = undefined,'SOFTWARE' = <<"P1 STUN library">>,
      'UNKNOWN-ATTRIBUTES' = [],'USERNAME' = undefined,
      'XOR-MAPPED-ADDRESS' = {{127,0,0,1},55094},
      'XOR-PEER-ADDRESS' = [],'XOR-RELAYED-ADDRESS' = undefined} (stun:send/3:464)
2022-08-07 18:45:57.867359+00:00 [info] Connection reset by peer [TCP, session qo0e3eiv3nep, anonymous, client 127.0.0.1:55094] (stun:handle_info/3:174)
2022-08-07 18:45:57.891532+00:00 [info] Accepting connection: 127.0.0.1:41234 -> 127.0.0.1:53490 [TLS, session vjftt00mbo59] (stun_acceptor:accept/3:158)
2022-08-07 18:45:58.900638+00:00 [debug] Received:
#stun{class = request,method = 1,magic = 554869826,
      trid = 72109252770604387034534149571,raw = <<>>,unsupported = [],
      'ALTERNATE-SERVER' = undefined,'CHANNEL-NUMBER' = undefined,
      'DATA' = undefined,'DONT-FRAGMENT' = false,'ERROR-CODE' = undefined,
      'LIFETIME' = undefined,'MAPPED-ADDRESS' = undefined,
      'MESSAGE-INTEGRITY' = undefined,'NONCE' = undefined,'REALM' = undefined,
      'REQUESTED-ADDRESS-FAMILY' = undefined,
      'REQUESTED-TRANSPORT' = undefined,'SOFTWARE' = undefined,
      'UNKNOWN-ATTRIBUTES' = [],'USERNAME' = undefined,
      'XOR-MAPPED-ADDRESS' = undefined,'XOR-PEER-ADDRESS' = [],
      'XOR-RELAYED-ADDRESS' = undefined} (stun:process_data/3:421)
2022-08-07 18:45:58.900771+00:00 [debug] Responding to STUN request [TLS, session vjftt00mbo59, anonymous, client 127.0.0.1:41234] (stun:process/4:323)
2022-08-07 18:45:58.900824+00:00 [debug] Running 'stun_query' hook [TLS, session vjftt00mbo59, anonymous, client 127.0.0.1:41234] (stun:run_hook/3:843)
2022-08-07 18:45:58.900898+00:00 [debug] Got 'stun_query' event [TLS, session vjftt00mbo59, anonymous, client 127.0.0.1:41234] (eturnal_module:handle_event/2:177)
2022-08-07 18:45:58.900931+00:00 [debug] Calling mod_log_stun:handle_event/2 [TLS, session vjftt00mbo59, anonymous, client 127.0.0.1:41234] (eturnal_module:handle_event/2:180)
2022-08-07 18:45:58.900988+00:00 [info] Responding to STUN request [TLS, session vjftt00mbo59, anonymous, client 127.0.0.1:41234] (mod_log_stun:handle_event/2:44)
2022-08-07 18:45:58.901021+00:00 [debug] Calling mod_stats_influx:handle_event/2 [TLS, session vjftt00mbo59, anonymous, client 127.0.0.1:41234] (eturnal_module:handle_event/2:180)
2022-08-07 18:45:58.901051+00:00 [debug] Writing STUN query event to InfluxDB [TLS, session vjftt00mbo59, anonymous, client 127.0.0.1:41234] (mod_stats_influx:on_stun_query/1:76)
2022-08-07 18:45:58.901307+00:00 [debug] Calling mod_stats_prometheus:handle_event/2 [TLS, session vjftt00mbo59, anonymous, client 127.0.0.1:41234] (eturnal_module:handle_event/2:180)
2022-08-07 18:45:58.901357+00:00 [debug] Observing STUN query for Prometheus [TLS, session vjftt00mbo59, anonymous, client 127.0.0.1:41234] (mod_stats_prometheus:on_stun_query/1:166)
2022-08-07 18:45:58.901463+00:00 [debug] Sending:
#stun{class = response,method = 1,magic = 554869826,
      trid = 72109252770604387034534149571,raw = <<>>,unsupported = [],
      'ALTERNATE-SERVER' = undefined,'CHANNEL-NUMBER' = undefined,
      'DATA' = undefined,'DONT-FRAGMENT' = false,'ERROR-CODE' = undefined,
      'LIFETIME' = undefined,'MAPPED-ADDRESS' = undefined,
      'MESSAGE-INTEGRITY' = undefined,'NONCE' = undefined,'REALM' = undefined,
      'REQUESTED-ADDRESS-FAMILY' = undefined,
      'REQUESTED-TRANSPORT' = undefined,'SOFTWARE' = <<"P1 STUN library">>,
      'UNKNOWN-ATTRIBUTES' = [],'USERNAME' = undefined,
      'XOR-MAPPED-ADDRESS' = {{127,0,0,1},41234},
      'XOR-PEER-ADDRESS' = [],'XOR-RELAYED-ADDRESS' = undefined} (stun:send/3:464)
2022-08-07 18:45:58.901818+00:00 [info] Connection reset by peer [TLS, session vjftt00mbo59, anonymous, client 127.0.0.1:41234] (stun:handle_info/3:174)
2022-08-07 18:45:58.924798+00:00 [info] Accepting connection: 127.0.0.1:45524 -> 127.0.0.1:34781 [TCP|TLS, session ihl6nutoerag] (stun_acceptor:accept/3:158)
2022-08-07 18:45:58.924926+00:00 [debug] Determined transport protocol: TCP (stun:is_tls_handshake/1:789)
2022-08-07 18:45:58.925176+00:00 [debug] Received:
#stun{class = request,method = 1,magic = 554869826,
      trid = 67357321308706947786909998975,raw = <<>>,unsupported = [],
      'ALTERNATE-SERVER' = undefined,'CHANNEL-NUMBER' = undefined,
      'DATA' = undefined,'DONT-FRAGMENT' = false,'ERROR-CODE' = undefined,
      'LIFETIME' = undefined,'MAPPED-ADDRESS' = undefined,
      'MESSAGE-INTEGRITY' = undefined,'NONCE' = undefined,'REALM' = undefined,
      'REQUESTED-ADDRESS-FAMILY' = undefined,
      'REQUESTED-TRANSPORT' = undefined,'SOFTWARE' = undefined,
      'UNKNOWN-ATTRIBUTES' = [],'USERNAME' = undefined,
      'XOR-MAPPED-ADDRESS' = undefined,'XOR-PEER-ADDRESS' = [],
      'XOR-RELAYED-ADDRESS' = undefined} (stun:process_data/3:421)
2022-08-07 18:45:58.925288+00:00 [debug] Responding to STUN request [TCP, session ihl6nutoerag, anonymous, client 127.0.0.1:45524] (stun:process/4:323)
2022-08-07 18:45:58.925323+00:00 [debug] Running 'stun_query' hook [TCP, session ihl6nutoerag, anonymous, client 127.0.0.1:45524] (stun:run_hook/3:843)
2022-08-07 18:45:58.925367+00:00 [debug] Got 'stun_query' event [TCP, session ihl6nutoerag, anonymous, client 127.0.0.1:45524] (eturnal_module:handle_event/2:177)
2022-08-07 18:45:58.925393+00:00 [debug] Calling mod_log_stun:handle_event/2 [TCP, session ihl6nutoerag, anonymous, client 127.0.0.1:45524] (eturnal_module:handle_event/2:180)
2022-08-07 18:45:58.925430+00:00 [info] Responding to STUN request [TCP, session ihl6nutoerag, anonymous, client 127.0.0.1:45524] (mod_log_stun:handle_event/2:44)
2022-08-07 18:45:58.925458+00:00 [debug] Calling mod_stats_influx:handle_event/2 [TCP, session ihl6nutoerag, anonymous, client 127.0.0.1:45524] (eturnal_module:handle_event/2:180)
2022-08-07 18:45:58.925484+00:00 [debug] Writing STUN query event to InfluxDB [TCP, session ihl6nutoerag, anonymous, client 127.0.0.1:45524] (mod_stats_influx:on_stun_query/1:76)
2022-08-07 18:45:58.925618+00:00 [debug] Calling mod_stats_prometheus:handle_event/2 [TCP, session ihl6nutoerag, anonymous, client 127.0.0.1:45524] (eturnal_module:handle_event/2:180)
2022-08-07 18:45:58.925676+00:00 [debug] Observing STUN query for Prometheus [TCP, session ihl6nutoerag, anonymous, client 127.0.0.1:45524] (mod_stats_prometheus:on_stun_query/1:166)
2022-08-07 18:45:58.925768+00:00 [debug] Sending:
#stun{class = response,method = 1,magic = 554869826,
      trid = 67357321308706947786909998975,raw = <<>>,unsupported = [],
      'ALTERNATE-SERVER' = undefined,'CHANNEL-NUMBER' = undefined,
      'DATA' = undefined,'DONT-FRAGMENT' = false,'ERROR-CODE' = undefined,
      'LIFETIME' = undefined,'MAPPED-ADDRESS' = undefined,
      'MESSAGE-INTEGRITY' = undefined,'NONCE' = undefined,'REALM' = undefined,
      'REQUESTED-ADDRESS-FAMILY' = undefined,
      'REQUESTED-TRANSPORT' = undefined,'SOFTWARE' = <<"P1 STUN library">>,
      'UNKNOWN-ATTRIBUTES' = [],'USERNAME' = undefined,
      'XOR-MAPPED-ADDRESS' = {{127,0,0,1},45524},
      'XOR-PEER-ADDRESS' = [],'XOR-RELAYED-ADDRESS' = undefined} (stun:send/3:464)
2022-08-07 18:45:58.925982+00:00 [info] Connection reset by peer [TCP, session ihl6nutoerag, anonymous, client 127.0.0.1:45524] (stun:handle_info/3:174)
2022-08-07 18:45:58.950175+00:00 [info] Accepting connection: 127.0.0.1:45526 -> 127.0.0.1:34781 [TCP|TLS, session 3zdkcoq3q9o7] (stun_acceptor:accept/3:158)
2022-08-07 18:45:58.950283+00:00 [debug] Determined transport protocol: TLS (stun:is_tls_handshake/1:786)
2022-08-07 18:45:59.957630+00:00 [debug] Received:
#stun{class = request,method = 1,magic = 554869826,
      trid = 66287021563958370502135678149,raw = <<>>,unsupported = [],
      'ALTERNATE-SERVER' = undefined,'CHANNEL-NUMBER' = undefined,
      'DATA' = undefined,'DONT-FRAGMENT' = false,'ERROR-CODE' = undefined,
      'LIFETIME' = undefined,'MAPPED-ADDRESS' = undefined,
      'MESSAGE-INTEGRITY' = undefined,'NONCE' = undefined,'REALM' = undefined,
      'REQUESTED-ADDRESS-FAMILY' = undefined,
      'REQUESTED-TRANSPORT' = undefined,'SOFTWARE' = undefined,
      'UNKNOWN-ATTRIBUTES' = [],'USERNAME' = undefined,
      'XOR-MAPPED-ADDRESS' = undefined,'XOR-PEER-ADDRESS' = [],
      'XOR-RELAYED-ADDRESS' = undefined} (stun:process_data/3:421)
2022-08-07 18:45:59.957780+00:00 [debug] Responding to STUN request [TLS, session 3zdkcoq3q9o7, anonymous, client 127.0.0.1:45526] (stun:process/4:323)
2022-08-07 18:45:59.957821+00:00 [debug] Running 'stun_query' hook [TLS, session 3zdkcoq3q9o7, anonymous, client 127.0.0.1:45526] (stun:run_hook/3:843)
2022-08-07 18:45:59.957857+00:00 [debug] Got 'stun_query' event [TLS, session 3zdkcoq3q9o7, anonymous, client 127.0.0.1:45526] (eturnal_module:handle_event/2:177)
2022-08-07 18:45:59.957890+00:00 [debug] Calling mod_log_stun:handle_event/2 [TLS, session 3zdkcoq3q9o7, anonymous, client 127.0.0.1:45526] (eturnal_module:handle_event/2:180)
2022-08-07 18:45:59.957922+00:00 [info] Responding to STUN request [TLS, session 3zdkcoq3q9o7, anonymous, client 127.0.0.1:45526] (mod_log_stun:handle_event/2:44)
2022-08-07 18:45:59.957953+00:00 [debug] Calling mod_stats_influx:handle_event/2 [TLS, session 3zdkcoq3q9o7, anonymous, client 127.0.0.1:45526] (eturnal_module:handle_event/2:180)
2022-08-07 18:45:59.957979+00:00 [debug] Writing STUN query event to InfluxDB [TLS, session 3zdkcoq3q9o7, anonymous, client 127.0.0.1:45526] (mod_stats_influx:on_stun_query/1:76)
2022-08-07 18:45:59.958173+00:00 [debug] Calling mod_stats_prometheus:handle_event/2 [TLS, session 3zdkcoq3q9o7, anonymous, client 127.0.0.1:45526] (eturnal_module:handle_event/2:180)
2022-08-07 18:45:59.958209+00:00 [debug] Observing STUN query for Prometheus [TLS, session 3zdkcoq3q9o7, anonymous, client 127.0.0.1:45526] (mod_stats_prometheus:on_stun_query/1:166)
2022-08-07 18:45:59.958302+00:00 [debug] Sending:
#stun{class = response,method = 1,magic = 554869826,
      trid = 66287021563958370502135678149,raw = <<>>,unsupported = [],
      'ALTERNATE-SERVER' = undefined,'CHANNEL-NUMBER' = undefined,
      'DATA' = undefined,'DONT-FRAGMENT' = false,'ERROR-CODE' = undefined,
      'LIFETIME' = undefined,'MAPPED-ADDRESS' = undefined,
      'MESSAGE-INTEGRITY' = undefined,'NONCE' = undefined,'REALM' = undefined,
      'REQUESTED-ADDRESS-FAMILY' = undefined,
      'REQUESTED-TRANSPORT' = undefined,'SOFTWARE' = <<"P1 STUN library">>,
      'UNKNOWN-ATTRIBUTES' = [],'USERNAME' = undefined,
      'XOR-MAPPED-ADDRESS' = {{127,0,0,1},45526},
      'XOR-PEER-ADDRESS' = [],'XOR-RELAYED-ADDRESS' = undefined} (stun:send/3:464)
2022-08-07 18:45:59.958640+00:00 [info] Connection reset by peer [TLS, session 3zdkcoq3q9o7, anonymous, client 127.0.0.1:45526] (stun:handle_info/3:174)
2022-08-07 18:45:59.983339+00:00 [debug] No NOTIFY_SOCKET, dropping STOPPING=1 notification (eturnal_systemd:handle_cast/2:108)
2022-08-07 18:45:59.983355+00:00 [debug] Terminating eturnal (shutdown) (eturnal:terminate/2:170)
2022-08-07 18:45:59.983488+00:00 [debug] Watchdog interval is undefined, hibernating (eturnal_systemd:get_timeout/1:161)
2022-08-07 18:45:59.983583+00:00 [info] Stopped listening on 127.0.0.1:34780 (udp) (eturnal:stop_listeners/1:359)
2022-08-07 18:45:59.984040+00:00 [info] Stopped listening on 127.0.0.1:34780 (tcp) (eturnal:stop_listeners/1:359)
2022-08-07 18:45:59.984318+00:00 [info] Stopped listening on 127.0.0.1:53490 (tls) (eturnal:stop_listeners/1:359)
2022-08-07 18:45:59.984492+00:00 [info] Stopped listening on 127.0.0.1:34781 (auto) (eturnal:stop_listeners/1:359)
2022-08-07 18:45:59.985296+00:00 [debug] Calling mod_log_stun:stop/1 (eturnal_module:stop/1:163)
2022-08-07 18:45:59.985536+00:00 [debug] Stopping mod_log_stun (mod_log_stun:stop/0:49)
2022-08-07 18:45:59.985736+00:00 [info] Stopped mod_log_stun (eturnal:stop_modules/1:316)
2022-08-07 18:45:59.985915+00:00 [debug] Calling mod_stats_influx:stop/1 (eturnal_module:stop/1:163)
2022-08-07 18:45:59.986023+00:00 [debug] Stopping mod_stats_influx (mod_stats_influx:stop/0:61)
2022-08-07 18:45:59.986098+00:00 [info] Stopped mod_stats_influx (eturnal:stop_modules/1:316)
2022-08-07 18:45:59.986266+00:00 [debug] Calling mod_stats_prometheus:stop/1 (eturnal_module:stop/1:163)
2022-08-07 18:45:59.986359+00:00 [debug] Stopping mod_stats_prometheus (mod_stats_prometheus:stop/0:110)
2022-08-07 18:45:59.988324+00:00 [info] Stopped mod_stats_prometheus (eturnal:stop_modules/1:316)
2022-08-07 18:45:59.988617+00:00 [debug] Removed run/cert.pem (eturnal:clean_run_dir/0:762)
2022-08-07 18:45:59.988820+00:00 [debug] Terminating eturnal_systemd (shutdown) (eturnal_systemd:terminate/2:135)
2022-08-07 18:45:59.989014+00:00 [notice] Stopping eturnal 1.10.1 on Erlang/OTP 25 (ERTS 13.0) (eturnal_app:stop/1:53)
