2022-07-15 11:17:55.155215+00:00 [notice] Starting eturnal 1.9.0 on Erlang/OTP 25 (ERTS 13.0) (eturnal_app:start/2:35)
2022-07-15 11:17:55.155460+00:00 [debug] Starting supervisor: eturnal_sup (eturnal_sup:start_link/0:32)
2022-07-15 11:17:55.155627+00:00 [debug] Configuring eturnal_sup supervisor: [#{id => systemd,
                                       start =>
                                           {eturnal_systemd,start_link,[]}},
                                     #{id => eturnal,
                                       start => {eturnal,start_link,[]}}] (eturnal_sup:init/0:40)
2022-07-15 11:17:55.157994+00:00 [info] Got no NOTIFY_SOCKET, notifications disabled (eturnal_systemd:init/1:95)
2022-07-15 11:17:55.158165+00:00 [debug] PROGRESS REPORT:
    supervisor: {local,eturnal_sup}
    started: [{pid,<0.930.0>},
              {id,systemd},
              {mfargs,{eturnal_systemd,start_link,[]}},
              {restart_type,permanent},
              {significant,false},
              {shutdown,5000},
              {child_type,worker}]
 (supervisor:report_progress/2:1557)
2022-07-15 11:17:55.158365+00:00 [info] Relay IPv4 address: 127.0.0.1 (port range: 49152-65535) (eturnal:log_relay_addresses/0:271)
2022-07-15 11:17:55.158556+00:00 [info] Relay IPv6 address not configured (eturnal:log_relay_addresses/0:281)
2022-07-15 11:17:55.182328+00:00 [info] Cannot determine control query port: noport (eturnal:log_control_listener/0:296)
2022-07-15 11:17:55.182842+00:00 [debug] Using run directory run (eturnal:ensure_run_dir/0:750)
2022-07-15 11:17:55.182989+00:00 [debug] TURN configuration seems fine (eturnal:check_turn_config/0:490)
2022-07-15 11:17:55.183480+00:00 [warning] TLS enabled without 'tls_crt_file', creating self-signed certificate (eturnal:check_pem_file/0:686)
2022-07-15 11:17:56.051841+00:00 [debug] Calling mod_log_stun:start/0 (eturnal_module:start/1:142)
2022-07-15 11:17:56.052093+00:00 [debug] Starting mod_log_stun (mod_log_stun:start/0:39)
2022-07-15 11:17:56.052314+00:00 [info] Started mod_log_stun (eturnal:start_modules/0:307)
2022-07-15 11:17:56.052453+00:00 [debug] Calling mod_stats_influx:start/0 (eturnal_module:start/1:142)
2022-07-15 11:17:56.052542+00:00 [debug] Starting mod_stats_influx (mod_stats_influx:start/0:38)
2022-07-15 11:17:56.057661+00:00 [debug] PROGRESS REPORT:
    application: ulitos
    started_at: nonode@nohost
 (application_controller:info_started/2:2107)
2022-07-15 11:17:56.059059+00:00 [debug] PROGRESS REPORT:
    application: poolboy
    started_at: nonode@nohost
 (application_controller:info_started/2:2107)
2022-07-15 11:17:56.060396+00:00 [info]     msg: Starting application: influx_udp (influx_udp_app:start/2:10)
2022-07-15 11:17:56.066398+00:00 [debug] PROGRESS REPORT:
    supervisor: {local,influx_udp_sup}
    started: [{pid,<0.952.0>},
              {id,influx_udp},
              {mfargs,{influx_udp,start_link,[]}},
              {restart_type,permanent},
              {significant,false},
              {shutdown,5000},
              {child_type,worker}]
 (supervisor:report_progress/2:1557)
2022-07-15 11:17:56.066633+00:00 [debug] PROGRESS REPORT:
    application: influx_udp
    started_at: nonode@nohost
 (application_controller:info_started/2:2107)
2022-07-15 11:17:56.066716+00:00 [debug] Dependency influx_udp was available already (eturnal_module:ensure_dep/2:283)
2022-07-15 11:17:56.069069+00:00 [info]     host: {127,0,0,1}
    msg: Start clients pool
    options: #{host => "localhost",max_overflow => 1,pool_size => 1,
               port => 8089} (influx_udp:start_pool_/2:239)
2022-07-15 11:17:56.078123+00:00 [info]     msg: Open UDP socket on port
    port: 48253 (influx_udp_worker:init/1:43)
2022-07-15 11:17:56.078349+00:00 [debug] PROGRESS REPORT:
    supervisor: {local,influx_udp_sup}
    started: [{pid,<0.955.0>},
              {id,stats_influx_pool},
              {mfargs,
                  {poolboy,start_link,
                      [[{name,{local,stats_influx_pool}},
                        {worker_module,influx_udp_worker},
                        {size,1},
                        {max_overflow,1}],
                       [{options,
                            #{host => {127,0,0,1},
                              max_overflow => 1,pool_size => 1,
                              port => 8089}}]]}},
              {restart_type,permanent},
              {significant,false},
              {shutdown,5000},
              {child_type,worker}]
 (supervisor:report_progress/2:1557)
2022-07-15 11:17:56.078536+00:00 [info] Started mod_stats_influx (eturnal:start_modules/0:307)
2022-07-15 11:17:56.078742+00:00 [debug] Starting listener 127.0.0.1:34780 (udp) with options:
[{use_turn,true},
 {auth_type,user},
 {turn_ipv4_address,{127,0,0,1}},
 {turn_min_port,49152},
 {turn_max_port,65535},
 {turn_max_allocations,10},
 {turn_max_permissions,10},
 {shaper,100000},
 {turn_blacklist,[{{10,0,0,0},8},
                  {{100,64,0,0},10},
                  {{127,0,0,0},8},
                  {{169,254,0,0},16},
                  {{172,16,0,0},12},
                  {{192,0,0,0},24},
                  {{192,0,2,0},24},
                  {{192,88,99,0},24},
                  {{192,168,0,0},16},
                  {{198,18,0,0},15},
                  {{198,51,100,0},24},
                  {{203,0,113,0},24},
                  {{224,0,0,0},4},
                  {{240,0,0,0},4},
                  {{0,0,0,0,0,0,0,1},128},
                  {{0,0,0,0,0,65535,0,0},96},
                  {{100,65435,0,0,0,0,0,0},96},
                  {{256,0,0,0,0,0,0,0},64},
                  {{8193,3512,0,0,0,0,0,0},32},
                  {{64512,0,0,0,0,0,0,0},7},
                  {{65152,0,0,0,0,0,0,0},10},
                  {{65280,0,0,0,0,0,0,0},8}]},
 {turn_whitelist,[{{127,0,0,1},32},
                  {{203,0,113,113},32},
                  {{8193,3512,0,0,0,0,0,0},64}]},
 {auth_realm,<<"eturnal.net">>},
 {server_name,<<"eturnal">>},
 {auth_fun,fun eturnal:get_password/2},
 {hook_fun,fun eturnal:run_hook/2}] (eturnal:start_listeners/0:340)
2022-07-15 11:17:56.096571+00:00 [info] Listening on 127.0.0.1:34780 (udp) (STUN/TURN) (eturnal:start_listeners/0:345)
2022-07-15 11:17:56.096731+00:00 [debug] Starting listener 127.0.0.1:34780 (tcp) with options:
[{use_turn,false},
 {auth_type,anonymous},
 {turn_ipv4_address,{127,0,0,1}},
 {turn_min_port,49152},
 {turn_max_port,65535},
 {turn_max_allocations,10},
 {turn_max_permissions,10},
 {shaper,100000},
 {turn_blacklist,[{{10,0,0,0},8},
                  {{100,64,0,0},10},
                  {{127,0,0,0},8},
                  {{169,254,0,0},16},
                  {{172,16,0,0},12},
                  {{192,0,0,0},24},
                  {{192,0,2,0},24},
                  {{192,88,99,0},24},
                  {{192,168,0,0},16},
                  {{198,18,0,0},15},
                  {{198,51,100,0},24},
                  {{203,0,113,0},24},
                  {{224,0,0,0},4},
                  {{240,0,0,0},4},
                  {{0,0,0,0,0,0,0,1},128},
                  {{0,0,0,0,0,65535,0,0},96},
                  {{100,65435,0,0,0,0,0,0},96},
                  {{256,0,0,0,0,0,0,0},64},
                  {{8193,3512,0,0,0,0,0,0},32},
                  {{64512,0,0,0,0,0,0,0},7},
                  {{65152,0,0,0,0,0,0,0},10},
                  {{65280,0,0,0,0,0,0,0},8}]},
 {turn_whitelist,[{{127,0,0,1},32},
                  {{203,0,113,113},32},
                  {{8193,3512,0,0,0,0,0,0},64}]},
 {auth_realm,<<"eturnal.net">>},
 {server_name,<<"eturnal">>},
 {auth_fun,fun eturnal:get_password/2},
 {hook_fun,fun eturnal:run_hook/2}] (eturnal:start_listeners/0:340)
2022-07-15 11:17:56.119663+00:00 [info] Listening on 127.0.0.1:34780 (tcp) (STUN only) (eturnal:start_listeners/0:345)
2022-07-15 11:17:56.119800+00:00 [debug] Starting listener 127.0.0.1:53490 (tls) with options:
[{use_turn,false},
 {auth_type,anonymous},
 {tls,true},
 {certfile,<<"run/cert.pem">>},
 {ciphers,<<"HIGH:!aNULL:@STRENGTH">>},
 {protocol_options,<<"no_tlsv1|no_tlsv1_1|cipher_server_preference">>},
 {turn_ipv4_address,{127,0,0,1}},
 {turn_min_port,49152},
 {turn_max_port,65535},
 {turn_max_allocations,10},
 {turn_max_permissions,10},
 {shaper,100000},
 {turn_blacklist,[{{10,0,0,0},8},
                  {{100,64,0,0},10},
                  {{127,0,0,0},8},
                  {{169,254,0,0},16},
                  {{172,16,0,0},12},
                  {{192,0,0,0},24},
                  {{192,0,2,0},24},
                  {{192,88,99,0},24},
                  {{192,168,0,0},16},
                  {{198,18,0,0},15},
                  {{198,51,100,0},24},
                  {{203,0,113,0},24},
                  {{224,0,0,0},4},
                  {{240,0,0,0},4},
                  {{0,0,0,0,0,0,0,1},128},
                  {{0,0,0,0,0,65535,0,0},96},
                  {{100,65435,0,0,0,0,0,0},96},
                  {{256,0,0,0,0,0,0,0},64},
                  {{8193,3512,0,0,0,0,0,0},32},
                  {{64512,0,0,0,0,0,0,0},7},
                  {{65152,0,0,0,0,0,0,0},10},
                  {{65280,0,0,0,0,0,0,0},8}]},
 {turn_whitelist,[{{127,0,0,1},32},
                  {{203,0,113,113},32},
                  {{8193,3512,0,0,0,0,0,0},64}]},
 {auth_realm,<<"eturnal.net">>},
 {server_name,<<"eturnal">>},
 {auth_fun,fun eturnal:get_password/2},
 {hook_fun,fun eturnal:run_hook/2}] (eturnal:start_listeners/0:340)
2022-07-15 11:17:56.120546+00:00 [info] Listening on 127.0.0.1:53490 (tls) (STUN only) (eturnal:start_listeners/0:345)
2022-07-15 11:17:56.120664+00:00 [debug] Starting listener 127.0.0.1:34781 (auto) with options:
[{use_turn,false},
 {auth_type,anonymous},
 {tls,optional},
 {certfile,<<"run/cert.pem">>},
 {ciphers,<<"HIGH:!aNULL:@STRENGTH">>},
 {protocol_options,<<"no_tlsv1|no_tlsv1_1|cipher_server_preference">>},
 {turn_ipv4_address,{127,0,0,1}},
 {turn_min_port,49152},
 {turn_max_port,65535},
 {turn_max_allocations,10},
 {turn_max_permissions,10},
 {shaper,100000},
 {turn_blacklist,[{{10,0,0,0},8},
                  {{100,64,0,0},10},
                  {{127,0,0,0},8},
                  {{169,254,0,0},16},
                  {{172,16,0,0},12},
                  {{192,0,0,0},24},
                  {{192,0,2,0},24},
                  {{192,88,99,0},24},
                  {{192,168,0,0},16},
                  {{198,18,0,0},15},
                  {{198,51,100,0},24},
                  {{203,0,113,0},24},
                  {{224,0,0,0},4},
                  {{240,0,0,0},4},
                  {{0,0,0,0,0,0,0,1},128},
                  {{0,0,0,0,0,65535,0,0},96},
                  {{100,65435,0,0,0,0,0,0},96},
                  {{256,0,0,0,0,0,0,0},64},
                  {{8193,3512,0,0,0,0,0,0},32},
                  {{64512,0,0,0,0,0,0,0},7},
                  {{65152,0,0,0,0,0,0,0},10},
                  {{65280,0,0,0,0,0,0,0},8}]},
 {turn_whitelist,[{{127,0,0,1},32},
                  {{203,0,113,113},32},
                  {{8193,3512,0,0,0,0,0,0},64}]},
 {auth_realm,<<"eturnal.net">>},
 {server_name,<<"eturnal">>},
 {auth_fun,fun eturnal:get_password/2},
 {hook_fun,fun eturnal:run_hook/2}] (eturnal:start_listeners/0:340)
2022-07-15 11:17:56.139018+00:00 [info] Listening on 127.0.0.1:34781 (auto) (STUN only) (eturnal:start_listeners/0:345)
2022-07-15 11:17:56.139193+00:00 [debug] Started 2 modules (eturnal:init/1:96)
2022-07-15 11:17:56.139322+00:00 [debug] Started 4 listeners (eturnal:init/1:97)
2022-07-15 11:17:56.139415+00:00 [debug] PROGRESS REPORT:
    supervisor: {local,eturnal_sup}
    started: [{pid,<0.932.0>},
              {id,eturnal},
              {mfargs,{eturnal,start_link,[]}},
              {restart_type,permanent},
              {significant,false},
              {shutdown,5000},
              {child_type,worker}]
 (supervisor:report_progress/2:1557)
2022-07-15 11:17:56.139500+00:00 [debug] No NOTIFY_SOCKET, dropping READY=1 notification (eturnal_systemd:handle_cast/2:109)
2022-07-15 11:17:56.139507+00:00 [debug] PROGRESS REPORT:
    application: eturnal
    started_at: nonode@nohost
 (application_controller:info_started/2:2107)
2022-07-15 11:17:56.139652+00:00 [debug] Watchdog interval is undefined, hibernating (eturnal_systemd:get_timeout/1:162)
2022-07-15 11:17:56.169938+00:00 [debug] Handling API call: get_info() (eturnal_ctl:get_info/0:135)
2022-07-15 11:17:56.170635+00:00 [debug] eturnal call (get_info) returned {ok,
                                  {eturnal_node_info,<<"1.9.0">>,
                                   {"25","13.0"},
                                   4447,0,137,119441917,2,40759144}} (eturnal_ctl:call/1:452)
2022-07-15 11:17:56.196414+00:00 [debug] Handling API call: get_sessions() (eturnal_ctl:get_sessions/0:106)
2022-07-15 11:17:56.221721+00:00 [debug] Handling API call: get_sessions("alice") (eturnal_ctl:get_sessions/1:116)
2022-07-15 11:17:56.222032+00:00 [debug] Handling API call: disconnect(alice) (eturnal_ctl:disconnect/1:184)
2022-07-15 11:17:56.222409+00:00 [debug] Cannot convert user name to binary: alice (eturnal_ctl:disconnect/1:194)
2022-07-15 11:17:56.247461+00:00 [debug] Handling API call: disconnect("alice") (eturnal_ctl:disconnect/1:184)
2022-07-15 11:17:56.247658+00:00 [debug] Handling API call: disconnect(alice) (eturnal_ctl:disconnect/1:184)
2022-07-15 11:17:56.247786+00:00 [debug] Cannot convert user name to binary: alice (eturnal_ctl:disconnect/1:194)
2022-07-15 11:17:56.274900+00:00 [debug] Handling API call: get_credentials("2009-10-30 11:00:00Z", []) (eturnal_ctl:get_credentials/2:60)
2022-07-15 11:17:56.275119+00:00 [debug] eturnal call ({get_password,<<"1256900400">>}) returned {ok,
                                                         <<"uEKlpcME7MNMMVRV8rUFPCTIFEs=">>} (eturnal_ctl:call/1:452)
2022-07-15 11:17:56.280968+00:00 [debug] Handling API call: get_credentials("86400", "alice") (eturnal_ctl:get_credentials/2:60)
2022-07-15 11:17:56.281168+00:00 [debug] eturnal call ({get_password,<<"1657970276:alice">>}) returned {ok,
                                                               <<"a9AbRb0sGENRubmOnEL/PKrZs0o=">>} (eturnal_ctl:call/1:452)
2022-07-15 11:17:56.281317+00:00 [debug] Handling API call: get_password("1657970276:alice") (eturnal_ctl:get_password/1:79)
2022-07-15 11:17:56.281512+00:00 [debug] eturnal call ({get_password,<<"1657970276:alice">>}) returned {ok,
                                                               <<"a9AbRb0sGENRubmOnEL/PKrZs0o=">>} (eturnal_ctl:call/1:452)
2022-07-15 11:17:56.281706+00:00 [debug] Handling API call: get_credentials("86400s", "alice") (eturnal_ctl:get_credentials/2:60)
2022-07-15 11:17:56.281889+00:00 [debug] eturnal call ({get_password,<<"1657970276:alice">>}) returned {ok,
                                                               <<"a9AbRb0sGENRubmOnEL/PKrZs0o=">>} (eturnal_ctl:call/1:452)
2022-07-15 11:17:56.282028+00:00 [debug] Handling API call: get_password("1657970276:alice") (eturnal_ctl:get_password/1:79)
2022-07-15 11:17:56.282173+00:00 [debug] eturnal call ({get_password,<<"1657970276:alice">>}) returned {ok,
                                                               <<"a9AbRb0sGENRubmOnEL/PKrZs0o=">>} (eturnal_ctl:call/1:452)
2022-07-15 11:17:56.282377+00:00 [debug] Handling API call: get_credentials("1440m", "alice") (eturnal_ctl:get_credentials/2:60)
2022-07-15 11:17:56.282555+00:00 [debug] eturnal call ({get_password,<<"1657970276:alice">>}) returned {ok,
                                                               <<"a9AbRb0sGENRubmOnEL/PKrZs0o=">>} (eturnal_ctl:call/1:452)
2022-07-15 11:17:56.282992+00:00 [debug] Handling API call: get_password("1657970276:alice") (eturnal_ctl:get_password/1:79)
2022-07-15 11:17:56.283118+00:00 [debug] eturnal call ({get_password,<<"1657970276:alice">>}) returned {ok,
                                                               <<"a9AbRb0sGENRubmOnEL/PKrZs0o=">>} (eturnal_ctl:call/1:452)
2022-07-15 11:17:56.283573+00:00 [debug] Handling API call: get_credentials("24h", "alice") (eturnal_ctl:get_credentials/2:60)
2022-07-15 11:17:56.283684+00:00 [debug] eturnal call ({get_password,<<"1657970276:alice">>}) returned {ok,
                                                               <<"a9AbRb0sGENRubmOnEL/PKrZs0o=">>} (eturnal_ctl:call/1:452)
2022-07-15 11:17:56.283876+00:00 [debug] Handling API call: get_password("1657970276:alice") (eturnal_ctl:get_password/1:79)
2022-07-15 11:17:56.284073+00:00 [debug] eturnal call ({get_password,<<"1657970276:alice">>}) returned {ok,
                                                               <<"a9AbRb0sGENRubmOnEL/PKrZs0o=">>} (eturnal_ctl:call/1:452)
2022-07-15 11:17:56.284308+00:00 [debug] Handling API call: get_credentials("1d", "alice") (eturnal_ctl:get_credentials/2:60)
2022-07-15 11:17:56.284485+00:00 [debug] eturnal call ({get_password,<<"1657970276:alice">>}) returned {ok,
                                                               <<"a9AbRb0sGENRubmOnEL/PKrZs0o=">>} (eturnal_ctl:call/1:452)
2022-07-15 11:17:56.284644+00:00 [debug] Handling API call: get_password("1657970276:alice") (eturnal_ctl:get_password/1:79)
2022-07-15 11:17:56.284807+00:00 [debug] eturnal call ({get_password,<<"1657970276:alice">>}) returned {ok,
                                                               <<"a9AbRb0sGENRubmOnEL/PKrZs0o=">>} (eturnal_ctl:call/1:452)
2022-07-15 11:17:56.284990+00:00 [debug] Handling API call: get_password("Invalid") (eturnal_ctl:get_password/1:79)
2022-07-15 11:17:56.285110+00:00 [debug] Invalid user name: Invalid (eturnal_ctl:get_password/1:93)
2022-07-15 11:17:56.285217+00:00 [debug] Handling API call: get_credentials("Invalid", []) (eturnal_ctl:get_credentials/2:60)
2022-07-15 11:17:56.285341+00:00 [debug] Invalid argument(s): "Invalid":[] (eturnal_ctl:get_credentials/2:73)
2022-07-15 11:17:56.285440+00:00 [debug] Handling API call: get_password(invalid) (eturnal_ctl:get_password/1:79)
2022-07-15 11:17:56.285551+00:00 [debug] Cannot convert user name to binary: invalid (eturnal_ctl:get_password/1:100)
2022-07-15 11:17:56.285649+00:00 [debug] Handling API call: get_credentials(invalid, []) (eturnal_ctl:get_credentials/2:60)
2022-07-15 11:17:56.285763+00:00 [debug] Invalid argument(s): invalid:[] (eturnal_ctl:get_credentials/2:73)
2022-07-15 11:17:56.285878+00:00 [debug] Handling API call: get_password([invalid]) (eturnal_ctl:get_password/1:79)
2022-07-15 11:17:56.285979+00:00 [debug] Cannot convert user name to binary: [invalid] (eturnal_ctl:get_password/1:100)
2022-07-15 11:17:56.286080+00:00 [debug] Handling API call: get_credentials([invalid], []) (eturnal_ctl:get_credentials/2:60)
2022-07-15 11:17:56.286175+00:00 [debug] Invalid argument(s): [invalid]:[] (eturnal_ctl:get_credentials/2:73)
2022-07-15 11:17:56.286300+00:00 [debug] Handling API call: get_credentials(1256900400, invalid) (eturnal_ctl:get_credentials/2:60)
2022-07-15 11:17:56.286590+00:00 [debug] Invalid argument(s): 1256900400:invalid (eturnal_ctl:get_credentials/2:73)
2022-07-15 11:17:56.311143+00:00 [debug] Handling API call: set_loglevel(debug) (eturnal_ctl:set_loglevel/1:165)
2022-07-15 11:17:56.311374+00:00 [debug] eturnal call ({set_loglevel,debug}) returned ok (eturnal_ctl:call/1:449)
2022-07-15 11:17:56.311612+00:00 [debug] Handling API call: get_loglevel() (eturnal_ctl:get_loglevel/0:155)
2022-07-15 11:17:56.311760+00:00 [debug] eturnal call (get_loglevel) returned {ok,debug} (eturnal_ctl:call/1:452)
2022-07-15 11:17:56.311955+00:00 [debug] Handling API call: set_loglevel(invalid) (eturnal_ctl:set_loglevel/1:165)
2022-07-15 11:17:56.312089+00:00 [debug] Invalid log level: invalid (eturnal_ctl:set_loglevel/1:175)
2022-07-15 11:17:56.312228+00:00 [debug] Handling API call: get_loglevel() (eturnal_ctl:get_loglevel/0:155)
2022-07-15 11:17:56.312437+00:00 [debug] eturnal call (get_loglevel) returned {ok,debug} (eturnal_ctl:call/1:452)
2022-07-15 11:17:56.338661+00:00 [debug] Handling API call: get_version() (eturnal_ctl:get_version/0:145)
2022-07-15 11:17:56.338885+00:00 [debug] eturnal call (get_version) returned {ok,<<"1.9.0">>} (eturnal_ctl:call/1:452)
2022-07-15 11:17:56.363904+00:00 [debug] Handling API call: reload() (eturnal_ctl:reload/0:200)
2022-07-15 11:17:56.365966+00:00 [debug] Calling mod_log_stun:options/0 (eturnal_module:options/1:191)
2022-07-15 11:17:56.366147+00:00 [debug] Calling mod_stats_influx:options/0 (eturnal_module:options/1:191)
2022-07-15 11:17:56.366950+00:00 [warning] TLS enabled without 'tls_crt_file', creating self-signed certificate (eturnal:check_pem_file/0:686)
2022-07-15 11:17:56.933095+00:00 [info] Using new TLS certificate (eturnal:handle_call/3:114)
2022-07-15 11:17:56.933331+00:00 [debug] Reloaded configuration (eturnal:handle_call/3:120)
2022-07-15 11:17:56.933611+00:00 [debug] eturnal call (reload) returned ok (eturnal_ctl:call/1:449)
2022-07-15 11:17:56.934116+00:00 [debug] Handling API call: reload() (eturnal_ctl:reload/0:200)
2022-07-15 11:17:56.935986+00:00 [debug] Calling mod_log_stun:options/0 (eturnal_module:options/1:191)
2022-07-15 11:17:56.936180+00:00 [debug] Calling mod_stats_influx:options/0 (eturnal_module:options/1:191)
2022-07-15 11:17:56.938622+00:00 [debug] Keeping PEM file (run/cert.pem) (eturnal:check_pem_file/0:683)
2022-07-15 11:17:56.938729+00:00 [debug] TLS certificate unchanged (eturnal:handle_call/3:116)
2022-07-15 11:17:56.938847+00:00 [debug] Reloaded configuration (eturnal:handle_call/3:120)
2022-07-15 11:17:56.938925+00:00 [debug] eturnal call (reload) returned ok (eturnal_ctl:call/1:449)
2022-07-15 11:17:56.963483+00:00 [info] Accepting connection: 127.0.0.1:41968 -> 127.0.0.1:34780 [TCP, session 5aj95hnwarxx] (stun_acceptor:accept/3:158)
2022-07-15 11:17:56.992558+00:00 [info] Accepting connection: 127.0.0.1:34190 -> 127.0.0.1:53490 [TLS, session f2bg7jg38fs7] (stun_acceptor:accept/3:158)
2022-07-15 11:17:56.993506+00:00 [info] Connection reset by peer [TLS, session f2bg7jg38fs7, anonymous, client 127.0.0.1:34190] (stun:handle_info/3:170)
2022-07-15 11:17:57.027898+00:00 [debug] Received:
#stun{class = request,method = 3,magic = 554869826,
      trid = 8351092820759383398008846204,raw = <<>>,unsupported = [],
      'ALTERNATE-SERVER' = undefined,'CHANNEL-NUMBER' = undefined,
      'DATA' = undefined,'DONT-FRAGMENT' = false,'ERROR-CODE' = undefined,
      'LIFETIME' = undefined,'MAPPED-ADDRESS' = undefined,
      'MESSAGE-INTEGRITY' = undefined,'NONCE' = undefined,'REALM' = undefined,
      'REQUESTED-ADDRESS-FAMILY' = undefined,
      'REQUESTED-TRANSPORT' = undefined,'SOFTWARE' = undefined,
      'UNKNOWN-ATTRIBUTES' = [],'USERNAME' = undefined,
      'XOR-MAPPED-ADDRESS' = undefined,'XOR-PEER-ADDRESS' = [],
      'XOR-RELAYED-ADDRESS' = undefined} (stun:udp_recv/5:111)
2022-07-15 11:17:57.028064+00:00 [debug] Sending:
#stun{class = error,method = 3,magic = 554869826,
      trid = 8351092820759383398008846204,raw = <<>>,unsupported = [],
      'ALTERNATE-SERVER' = undefined,'CHANNEL-NUMBER' = undefined,
      'DATA' = undefined,'DONT-FRAGMENT' = false,
      'ERROR-CODE' = {401,<<"Unauthorized">>},
      'LIFETIME' = undefined,'MAPPED-ADDRESS' = undefined,
      'MESSAGE-INTEGRITY' = undefined,'NONCE' = <<"1761309225">>,
      'REALM' = <<"eturnal.net">>,'REQUESTED-ADDRESS-FAMILY' = undefined,
      'REQUESTED-TRANSPORT' = undefined,'SOFTWARE' = <<"eturnal">>,
      'UNKNOWN-ATTRIBUTES' = [],'USERNAME' = undefined,
      'XOR-MAPPED-ADDRESS' = undefined,'XOR-PEER-ADDRESS' = [],
      'XOR-RELAYED-ADDRESS' = undefined} (stun:send/3:445)
2022-07-15 11:17:57.028333+00:00 [debug] Received:
#stun{class = request,method = 3,magic = 554869826,
      trid = 10618130980540008547197030640,
      raw = <<0,3,0,80,33,18,164,66,34,79,28,177,215,131,221,41,49,106,144,240,
              0,25,0,4,17,0,0,0,0,6,0,10,50,49,52,53,57,49,51,50,48,48,0,0,0,
              20,0,11,101,116,117,114,110,97,108,46,110,101,116,0,0,21,0,10,49,
              55,54,49,51,48,57,50,50,53,0,0>>,
      unsupported = [],'ALTERNATE-SERVER' = undefined,
      'CHANNEL-NUMBER' = undefined,'DATA' = undefined,'DONT-FRAGMENT' = false,
      'ERROR-CODE' = undefined,'LIFETIME' = undefined,
      'MAPPED-ADDRESS' = undefined,
      'MESSAGE-INTEGRITY' = <<13,131,63,101,86,242,55,237,232,101,179,122,173,
                              18,234,49,197,54,16,119>>,
      'NONCE' = <<"1761309225">>,'REALM' = <<"eturnal.net">>,
      'REQUESTED-ADDRESS-FAMILY' = undefined,'REQUESTED-TRANSPORT' = udp,
      'SOFTWARE' = undefined,'UNKNOWN-ATTRIBUTES' = [],
      'USERNAME' = <<"2145913200">>,'XOR-MAPPED-ADDRESS' = undefined,
      'XOR-PEER-ADDRESS' = [],'XOR-RELAYED-ADDRESS' = undefined} (stun:udp_recv/5:111)
2022-07-15 11:17:57.028468+00:00 [debug] Looking up password for: 2145913200 [UDP, session 6f6n0egyyzjh, user 2145913200, client 127.0.0.1:52966] (eturnal:get_password/2:209)
2022-07-15 11:17:57.028536+00:00 [info] Accepting long-term STUN/TURN authentication [UDP, session 6f6n0egyyzjh, user 2145913200, client 127.0.0.1:52966] (stun:process/2:249)
2022-07-15 11:17:57.031311+00:00 [debug] Running 'turn_session_start' hook [UDP, session 6f6n0egyyzjh, user 2145913200, client 127.0.0.1:52966] (turn:run_hook/2:717)
2022-07-15 11:17:57.031403+00:00 [debug] Got 'turn_session_start' event [UDP, session 6f6n0egyyzjh, user 2145913200, client 127.0.0.1:52966] (eturnal_module:handle_event/2:176)
2022-07-15 11:17:57.031627+00:00 [notice] Creating TURN allocation (lifetime: 600 seconds) [UDP, session 6f6n0egyyzjh, user 2145913200, client 127.0.0.1:52966, relay 127.0.0.1:56327] (turn:wait_for_allocate/2:213)
2022-07-15 11:17:57.031775+00:00 [debug] Sending:
#stun{class = response,method = 3,magic = 554869826,
      trid = 10618130980540008547197030640,raw = <<>>,unsupported = [],
      'ALTERNATE-SERVER' = undefined,'CHANNEL-NUMBER' = undefined,
      'DATA' = undefined,'DONT-FRAGMENT' = false,'ERROR-CODE' = undefined,
      'LIFETIME' = 600,'MAPPED-ADDRESS' = undefined,
      'MESSAGE-INTEGRITY' = undefined,'NONCE' = undefined,'REALM' = undefined,
      'REQUESTED-ADDRESS-FAMILY' = undefined,
      'REQUESTED-TRANSPORT' = undefined,'SOFTWARE' = <<"eturnal">>,
      'UNKNOWN-ATTRIBUTES' = [],'USERNAME' = undefined,
      'XOR-MAPPED-ADDRESS' = {{127,0,0,1},52966},
      'XOR-PEER-ADDRESS' = [],
      'XOR-RELAYED-ADDRESS' = {{127,0,0,1},56327}} (turn:send/2:527)
2022-07-15 11:17:57.032145+00:00 [debug] Received:
#stun{class = request,method = 4,magic = 554869826,
      trid = 66951429515494662728961430662,
      raw = <<0,4,0,80,33,18,164,66,216,84,236,170,149,225,123,150,74,171,20,
              134,0,6,0,10,50,49,52,53,57,49,51,50,48,48,0,0,0,20,0,11,101,116,
              117,114,110,97,108,46,110,101,116,0,0,21,0,10,49,55,54,49,51,48,
              57,50,50,53,0,0,0,13,0,4,0,0,0,0>>,
      unsupported = [],'ALTERNATE-SERVER' = undefined,
      'CHANNEL-NUMBER' = undefined,'DATA' = undefined,'DONT-FRAGMENT' = false,
      'ERROR-CODE' = undefined,'LIFETIME' = 0,'MAPPED-ADDRESS' = undefined,
      'MESSAGE-INTEGRITY' = <<82,219,12,226,252,153,71,117,154,117,85,76,254,
                              184,63,235,108,191,48,173>>,
      'NONCE' = <<"1761309225">>,'REALM' = <<"eturnal.net">>,
      'REQUESTED-ADDRESS-FAMILY' = undefined,
      'REQUESTED-TRANSPORT' = undefined,'SOFTWARE' = undefined,
      'UNKNOWN-ATTRIBUTES' = [],'USERNAME' = <<"2145913200">>,
      'XOR-MAPPED-ADDRESS' = undefined,'XOR-PEER-ADDRESS' = [],
      'XOR-RELAYED-ADDRESS' = undefined} (stun:udp_recv/5:111)
2022-07-15 11:17:57.032295+00:00 [debug] Looking up password for: 2145913200 [UDP, session ki8spgt38ne8, user 2145913200, client 127.0.0.1:52966] (eturnal:get_password/2:209)
2022-07-15 11:17:57.032362+00:00 [info] Accepting long-term STUN/TURN authentication [UDP, session ki8spgt38ne8, user 2145913200, client 127.0.0.1:52966] (stun:process/2:249)
2022-07-15 11:17:57.032455+00:00 [info] Client requested closing the TURN session [UDP, session 6f6n0egyyzjh, user 2145913200, client 127.0.0.1:52966, relay 127.0.0.1:56327] (turn:active/2:268)
2022-07-15 11:17:57.032545+00:00 [debug] Sending:
#stun{class = response,method = 4,magic = 554869826,
      trid = 66951429515494662728961430662,raw = <<>>,unsupported = [],
      'ALTERNATE-SERVER' = undefined,'CHANNEL-NUMBER' = undefined,
      'DATA' = undefined,'DONT-FRAGMENT' = false,'ERROR-CODE' = undefined,
      'LIFETIME' = 0,'MAPPED-ADDRESS' = undefined,
      'MESSAGE-INTEGRITY' = undefined,'NONCE' = undefined,'REALM' = undefined,
      'REQUESTED-ADDRESS-FAMILY' = undefined,
      'REQUESTED-TRANSPORT' = undefined,'SOFTWARE' = <<"eturnal">>,
      'UNKNOWN-ATTRIBUTES' = [],'USERNAME' = undefined,
      'XOR-MAPPED-ADDRESS' = undefined,'XOR-PEER-ADDRESS' = [],
      'XOR-RELAYED-ADDRESS' = undefined} (turn:send/2:527)
2022-07-15 11:17:57.032657+00:00 [info] Deleting TURN allocation [UDP, session 6f6n0egyyzjh, user 2145913200, client 127.0.0.1:52966, relay 127.0.0.1:56327] (turn:terminate/3:460)
2022-07-15 11:17:57.032756+00:00 [notice] Relayed 0 KiB (in 0 B / 0 packets, out 0 B / 0 packets), duration: 0 seconds [UDP, session 6f6n0egyyzjh, user 2145913200, client 127.0.0.1:52966, relay 127.0.0.1:56327] (turn:terminate/3:467)
2022-07-15 11:17:57.032848+00:00 [debug] Running 'turn_session_stop' hook [UDP, session 6f6n0egyyzjh, user 2145913200, client 127.0.0.1:52966, relay 127.0.0.1:56327] (turn:run_hook/2:717)
2022-07-15 11:17:57.032903+00:00 [debug] Got 'turn_session_stop' event [UDP, session 6f6n0egyyzjh, user 2145913200, client 127.0.0.1:52966, relay 127.0.0.1:56327] (eturnal_module:handle_event/2:176)
2022-07-15 11:17:57.032953+00:00 [debug] Calling mod_stats_influx:handle_event/2 [UDP, session 6f6n0egyyzjh, user 2145913200, client 127.0.0.1:52966, relay 127.0.0.1:56327] (eturnal_module:handle_event/2:179)
2022-07-15 11:17:57.033008+00:00 [debug] Writing stats of TURN session 6f6n0egyyzjh to InfluxDB [UDP, session 6f6n0egyyzjh, user 2145913200, client 127.0.0.1:52966, relay 127.0.0.1:56327] (mod_stats_influx:on_turn_session_stop/1:81)
2022-07-15 11:17:57.062519+00:00 [debug] Received:
#stun{class = request,method = 1,magic = 554869826,
      trid = 32115024848929089251445619548,raw = <<>>,unsupported = [],
      'ALTERNATE-SERVER' = undefined,'CHANNEL-NUMBER' = undefined,
      'DATA' = undefined,'DONT-FRAGMENT' = false,'ERROR-CODE' = undefined,
      'LIFETIME' = undefined,'MAPPED-ADDRESS' = undefined,
      'MESSAGE-INTEGRITY' = undefined,'NONCE' = undefined,'REALM' = undefined,
      'REQUESTED-ADDRESS-FAMILY' = undefined,
      'REQUESTED-TRANSPORT' = undefined,'SOFTWARE' = undefined,
      'UNKNOWN-ATTRIBUTES' = [],'USERNAME' = undefined,
      'XOR-MAPPED-ADDRESS' = undefined,'XOR-PEER-ADDRESS' = [],
      'XOR-RELAYED-ADDRESS' = undefined} (stun:udp_recv/5:111)
2022-07-15 11:17:57.062631+00:00 [debug] Responding to STUN request [UDP, session nzu562jycr04, anonymous, client 127.0.0.1:40135] (stun:process/4:312)
2022-07-15 11:17:57.062672+00:00 [debug] Running 'stun_query' hook [UDP, session nzu562jycr04, anonymous, client 127.0.0.1:40135] (stun:run_hook/3:820)
2022-07-15 11:17:57.062715+00:00 [debug] Got 'stun_query' event [UDP, session nzu562jycr04, anonymous, client 127.0.0.1:40135] (eturnal_module:handle_event/2:176)
2022-07-15 11:17:57.062757+00:00 [debug] Calling mod_log_stun:handle_event/2 [UDP, session nzu562jycr04, anonymous, client 127.0.0.1:40135] (eturnal_module:handle_event/2:179)
2022-07-15 11:17:57.062793+00:00 [info] Responding to STUN request [UDP, session nzu562jycr04, anonymous, client 127.0.0.1:40135] (mod_log_stun:handle_event/2:45)
2022-07-15 11:17:57.062874+00:00 [debug] Calling mod_stats_influx:handle_event/2 [UDP, session nzu562jycr04, anonymous, client 127.0.0.1:40135] (eturnal_module:handle_event/2:179)
2022-07-15 11:17:57.062917+00:00 [debug] Writing STUN query event to InfluxDB [UDP, session nzu562jycr04, anonymous, client 127.0.0.1:40135] (mod_stats_influx:on_stun_query/1:70)
2022-07-15 11:17:57.063134+00:00 [debug] Sending:
#stun{class = response,method = 1,magic = 554869826,
      trid = 32115024848929089251445619548,raw = <<>>,unsupported = [],
      'ALTERNATE-SERVER' = undefined,'CHANNEL-NUMBER' = undefined,
      'DATA' = undefined,'DONT-FRAGMENT' = false,'ERROR-CODE' = undefined,
      'LIFETIME' = undefined,'MAPPED-ADDRESS' = undefined,
      'MESSAGE-INTEGRITY' = undefined,'NONCE' = undefined,'REALM' = undefined,
      'REQUESTED-ADDRESS-FAMILY' = undefined,
      'REQUESTED-TRANSPORT' = undefined,'SOFTWARE' = <<"eturnal">>,
      'UNKNOWN-ATTRIBUTES' = [],'USERNAME' = undefined,
      'XOR-MAPPED-ADDRESS' = {{127,0,0,1},40135},
      'XOR-PEER-ADDRESS' = [],'XOR-RELAYED-ADDRESS' = undefined} (stun:send/3:445)
2022-07-15 11:17:57.089119+00:00 [info] Accepting connection: 127.0.0.1:41970 -> 127.0.0.1:34780 [TCP, session fy66yczpku19] (stun_acceptor:accept/3:158)
2022-07-15 11:17:57.089387+00:00 [debug] Received:
#stun{class = request,method = 1,magic = 554869826,
      trid = 5395215267759820526033140421,raw = <<>>,unsupported = [],
      'ALTERNATE-SERVER' = undefined,'CHANNEL-NUMBER' = undefined,
      'DATA' = undefined,'DONT-FRAGMENT' = false,'ERROR-CODE' = undefined,
      'LIFETIME' = undefined,'MAPPED-ADDRESS' = undefined,
      'MESSAGE-INTEGRITY' = undefined,'NONCE' = undefined,'REALM' = undefined,
      'REQUESTED-ADDRESS-FAMILY' = undefined,
      'REQUESTED-TRANSPORT' = undefined,'SOFTWARE' = undefined,
      'UNKNOWN-ATTRIBUTES' = [],'USERNAME' = undefined,
      'XOR-MAPPED-ADDRESS' = undefined,'XOR-PEER-ADDRESS' = [],
      'XOR-RELAYED-ADDRESS' = undefined} (stun:process_data/3:404)
2022-07-15 11:17:57.089501+00:00 [debug] Responding to STUN request [TCP, session fy66yczpku19, anonymous, client 127.0.0.1:41970] (stun:process/4:312)
2022-07-15 11:17:57.089574+00:00 [debug] Running 'stun_query' hook [TCP, session fy66yczpku19, anonymous, client 127.0.0.1:41970] (stun:run_hook/3:820)
2022-07-15 11:17:57.089633+00:00 [debug] Got 'stun_query' event [TCP, session fy66yczpku19, anonymous, client 127.0.0.1:41970] (eturnal_module:handle_event/2:176)
2022-07-15 11:17:57.089675+00:00 [debug] Calling mod_log_stun:handle_event/2 [TCP, session fy66yczpku19, anonymous, client 127.0.0.1:41970] (eturnal_module:handle_event/2:179)
2022-07-15 11:17:57.089729+00:00 [info] Responding to STUN request [TCP, session fy66yczpku19, anonymous, client 127.0.0.1:41970] (mod_log_stun:handle_event/2:45)
2022-07-15 11:17:57.089771+00:00 [debug] Calling mod_stats_influx:handle_event/2 [TCP, session fy66yczpku19, anonymous, client 127.0.0.1:41970] (eturnal_module:handle_event/2:179)
2022-07-15 11:17:57.089815+00:00 [debug] Writing STUN query event to InfluxDB [TCP, session fy66yczpku19, anonymous, client 127.0.0.1:41970] (mod_stats_influx:on_stun_query/1:70)
2022-07-15 11:17:57.090051+00:00 [debug] Sending:
#stun{class = response,method = 1,magic = 554869826,
      trid = 5395215267759820526033140421,raw = <<>>,unsupported = [],
      'ALTERNATE-SERVER' = undefined,'CHANNEL-NUMBER' = undefined,
      'DATA' = undefined,'DONT-FRAGMENT' = false,'ERROR-CODE' = undefined,
      'LIFETIME' = undefined,'MAPPED-ADDRESS' = undefined,
      'MESSAGE-INTEGRITY' = undefined,'NONCE' = undefined,'REALM' = undefined,
      'REQUESTED-ADDRESS-FAMILY' = undefined,
      'REQUESTED-TRANSPORT' = undefined,'SOFTWARE' = <<"P1 STUN library">>,
      'UNKNOWN-ATTRIBUTES' = [],'USERNAME' = undefined,
      'XOR-MAPPED-ADDRESS' = {{127,0,0,1},41970},
      'XOR-PEER-ADDRESS' = [],'XOR-RELAYED-ADDRESS' = undefined} (stun:send/3:445)
2022-07-15 11:17:57.090309+00:00 [info] Connection reset by peer [TCP, session fy66yczpku19, anonymous, client 127.0.0.1:41970] (stun:handle_info/3:170)
2022-07-15 11:17:57.114515+00:00 [info] Accepting connection: 127.0.0.1:34192 -> 127.0.0.1:53490 [TLS, session lyiro0uipy4x] (stun_acceptor:accept/3:158)
2022-07-15 11:17:57.223347+00:00 [debug] Received:
#stun{class = request,method = 1,magic = 554869826,
      trid = 41977238591073073590297371633,raw = <<>>,unsupported = [],
      'ALTERNATE-SERVER' = undefined,'CHANNEL-NUMBER' = undefined,
      'DATA' = undefined,'DONT-FRAGMENT' = false,'ERROR-CODE' = undefined,
      'LIFETIME' = undefined,'MAPPED-ADDRESS' = undefined,
      'MESSAGE-INTEGRITY' = undefined,'NONCE' = undefined,'REALM' = undefined,
      'REQUESTED-ADDRESS-FAMILY' = undefined,
      'REQUESTED-TRANSPORT' = undefined,'SOFTWARE' = undefined,
      'UNKNOWN-ATTRIBUTES' = [],'USERNAME' = undefined,
      'XOR-MAPPED-ADDRESS' = undefined,'XOR-PEER-ADDRESS' = [],
      'XOR-RELAYED-ADDRESS' = undefined} (stun:process_data/3:404)
2022-07-15 11:17:57.223576+00:00 [debug] Responding to STUN request [TLS, session lyiro0uipy4x, anonymous, client 127.0.0.1:34192] (stun:process/4:312)
2022-07-15 11:17:57.223694+00:00 [debug] Running 'stun_query' hook [TLS, session lyiro0uipy4x, anonymous, client 127.0.0.1:34192] (stun:run_hook/3:820)
2022-07-15 11:17:57.223813+00:00 [debug] Got 'stun_query' event [TLS, session lyiro0uipy4x, anonymous, client 127.0.0.1:34192] (eturnal_module:handle_event/2:176)
2022-07-15 11:17:57.223901+00:00 [debug] Calling mod_log_stun:handle_event/2 [TLS, session lyiro0uipy4x, anonymous, client 127.0.0.1:34192] (eturnal_module:handle_event/2:179)
2022-07-15 11:17:57.223990+00:00 [info] Responding to STUN request [TLS, session lyiro0uipy4x, anonymous, client 127.0.0.1:34192] (mod_log_stun:handle_event/2:45)
2022-07-15 11:17:57.224102+00:00 [debug] Calling mod_stats_influx:handle_event/2 [TLS, session lyiro0uipy4x, anonymous, client 127.0.0.1:34192] (eturnal_module:handle_event/2:179)
2022-07-15 11:17:57.224182+00:00 [debug] Writing STUN query event to InfluxDB [TLS, session lyiro0uipy4x, anonymous, client 127.0.0.1:34192] (mod_stats_influx:on_stun_query/1:70)
2022-07-15 11:17:57.224492+00:00 [debug] Sending:
#stun{class = response,method = 1,magic = 554869826,
      trid = 41977238591073073590297371633,raw = <<>>,unsupported = [],
      'ALTERNATE-SERVER' = undefined,'CHANNEL-NUMBER' = undefined,
      'DATA' = undefined,'DONT-FRAGMENT' = false,'ERROR-CODE' = undefined,
      'LIFETIME' = undefined,'MAPPED-ADDRESS' = undefined,
      'MESSAGE-INTEGRITY' = undefined,'NONCE' = undefined,'REALM' = undefined,
      'REQUESTED-ADDRESS-FAMILY' = undefined,
      'REQUESTED-TRANSPORT' = undefined,'SOFTWARE' = <<"P1 STUN library">>,
      'UNKNOWN-ATTRIBUTES' = [],'USERNAME' = undefined,
      'XOR-MAPPED-ADDRESS' = {{127,0,0,1},34192},
      'XOR-PEER-ADDRESS' = [],'XOR-RELAYED-ADDRESS' = undefined} (stun:send/3:445)
2022-07-15 11:17:57.224970+00:00 [info] Connection reset by peer [TLS, session lyiro0uipy4x, anonymous, client 127.0.0.1:34192] (stun:handle_info/3:170)
2022-07-15 11:17:57.251007+00:00 [info] Accepting connection: 127.0.0.1:42686 -> 127.0.0.1:34781 [TCP|TLS, session q7ym40ktyh5n] (stun_acceptor:accept/3:158)
2022-07-15 11:17:57.251140+00:00 [debug] Determined transport protocol: TCP (stun:is_tls_handshake/1:768)
2022-07-15 11:17:57.251427+00:00 [debug] Received:
#stun{class = request,method = 1,magic = 554869826,
      trid = 13598507593456564789038404891,raw = <<>>,unsupported = [],
      'ALTERNATE-SERVER' = undefined,'CHANNEL-NUMBER' = undefined,
      'DATA' = undefined,'DONT-FRAGMENT' = false,'ERROR-CODE' = undefined,
      'LIFETIME' = undefined,'MAPPED-ADDRESS' = undefined,
      'MESSAGE-INTEGRITY' = undefined,'NONCE' = undefined,'REALM' = undefined,
      'REQUESTED-ADDRESS-FAMILY' = undefined,
      'REQUESTED-TRANSPORT' = undefined,'SOFTWARE' = undefined,
      'UNKNOWN-ATTRIBUTES' = [],'USERNAME' = undefined,
      'XOR-MAPPED-ADDRESS' = undefined,'XOR-PEER-ADDRESS' = [],
      'XOR-RELAYED-ADDRESS' = undefined} (stun:process_data/3:404)
2022-07-15 11:17:57.251545+00:00 [debug] Responding to STUN request [TCP, session q7ym40ktyh5n, anonymous, client 127.0.0.1:42686] (stun:process/4:312)
2022-07-15 11:17:57.251593+00:00 [debug] Running 'stun_query' hook [TCP, session q7ym40ktyh5n, anonymous, client 127.0.0.1:42686] (stun:run_hook/3:820)
2022-07-15 11:17:57.251638+00:00 [debug] Got 'stun_query' event [TCP, session q7ym40ktyh5n, anonymous, client 127.0.0.1:42686] (eturnal_module:handle_event/2:176)
2022-07-15 11:17:57.251674+00:00 [debug] Calling mod_log_stun:handle_event/2 [TCP, session q7ym40ktyh5n, anonymous, client 127.0.0.1:42686] (eturnal_module:handle_event/2:179)
2022-07-15 11:17:57.251713+00:00 [info] Responding to STUN request [TCP, session q7ym40ktyh5n, anonymous, client 127.0.0.1:42686] (mod_log_stun:handle_event/2:45)
2022-07-15 11:17:57.251751+00:00 [debug] Calling mod_stats_influx:handle_event/2 [TCP, session q7ym40ktyh5n, anonymous, client 127.0.0.1:42686] (eturnal_module:handle_event/2:179)
2022-07-15 11:17:57.251784+00:00 [debug] Writing STUN query event to InfluxDB [TCP, session q7ym40ktyh5n, anonymous, client 127.0.0.1:42686] (mod_stats_influx:on_stun_query/1:70)
2022-07-15 11:17:57.251975+00:00 [debug] Sending:
#stun{class = response,method = 1,magic = 554869826,
      trid = 13598507593456564789038404891,raw = <<>>,unsupported = [],
      'ALTERNATE-SERVER' = undefined,'CHANNEL-NUMBER' = undefined,
      'DATA' = undefined,'DONT-FRAGMENT' = false,'ERROR-CODE' = undefined,
      'LIFETIME' = undefined,'MAPPED-ADDRESS' = undefined,
      'MESSAGE-INTEGRITY' = undefined,'NONCE' = undefined,'REALM' = undefined,
      'REQUESTED-ADDRESS-FAMILY' = undefined,
      'REQUESTED-TRANSPORT' = undefined,'SOFTWARE' = <<"P1 STUN library">>,
      'UNKNOWN-ATTRIBUTES' = [],'USERNAME' = undefined,
      'XOR-MAPPED-ADDRESS' = {{127,0,0,1},42686},
      'XOR-PEER-ADDRESS' = [],'XOR-RELAYED-ADDRESS' = undefined} (stun:send/3:445)
2022-07-15 11:17:57.252304+00:00 [info] Connection reset by peer [TCP, session q7ym40ktyh5n, anonymous, client 127.0.0.1:42686] (stun:handle_info/3:170)
2022-07-15 11:17:57.276376+00:00 [info] Accepting connection: 127.0.0.1:42688 -> 127.0.0.1:34781 [TCP|TLS, session widrh7dqr63d] (stun_acceptor:accept/3:158)
2022-07-15 11:17:57.276558+00:00 [debug] Determined transport protocol: TLS (stun:is_tls_handshake/1:765)
2022-07-15 11:17:57.386459+00:00 [debug] Received:
#stun{class = request,method = 1,magic = 554869826,
      trid = 29801941072419778905165571266,raw = <<>>,unsupported = [],
      'ALTERNATE-SERVER' = undefined,'CHANNEL-NUMBER' = undefined,
      'DATA' = undefined,'DONT-FRAGMENT' = false,'ERROR-CODE' = undefined,
      'LIFETIME' = undefined,'MAPPED-ADDRESS' = undefined,
      'MESSAGE-INTEGRITY' = undefined,'NONCE' = undefined,'REALM' = undefined,
      'REQUESTED-ADDRESS-FAMILY' = undefined,
      'REQUESTED-TRANSPORT' = undefined,'SOFTWARE' = undefined,
      'UNKNOWN-ATTRIBUTES' = [],'USERNAME' = undefined,
      'XOR-MAPPED-ADDRESS' = undefined,'XOR-PEER-ADDRESS' = [],
      'XOR-RELAYED-ADDRESS' = undefined} (stun:process_data/3:404)
2022-07-15 11:17:57.386706+00:00 [debug] Responding to STUN request [TLS, session widrh7dqr63d, anonymous, client 127.0.0.1:42688] (stun:process/4:312)
2022-07-15 11:17:57.386791+00:00 [debug] Running 'stun_query' hook [TLS, session widrh7dqr63d, anonymous, client 127.0.0.1:42688] (stun:run_hook/3:820)
2022-07-15 11:17:57.386885+00:00 [debug] Got 'stun_query' event [TLS, session widrh7dqr63d, anonymous, client 127.0.0.1:42688] (eturnal_module:handle_event/2:176)
2022-07-15 11:17:57.386963+00:00 [debug] Calling mod_log_stun:handle_event/2 [TLS, session widrh7dqr63d, anonymous, client 127.0.0.1:42688] (eturnal_module:handle_event/2:179)
2022-07-15 11:17:57.387024+00:00 [info] Responding to STUN request [TLS, session widrh7dqr63d, anonymous, client 127.0.0.1:42688] (mod_log_stun:handle_event/2:45)
2022-07-15 11:17:57.387080+00:00 [debug] Calling mod_stats_influx:handle_event/2 [TLS, session widrh7dqr63d, anonymous, client 127.0.0.1:42688] (eturnal_module:handle_event/2:179)
2022-07-15 11:17:57.387153+00:00 [debug] Writing STUN query event to InfluxDB [TLS, session widrh7dqr63d, anonymous, client 127.0.0.1:42688] (mod_stats_influx:on_stun_query/1:70)
2022-07-15 11:17:57.387506+00:00 [debug] Sending:
#stun{class = response,method = 1,magic = 554869826,
      trid = 29801941072419778905165571266,raw = <<>>,unsupported = [],
      'ALTERNATE-SERVER' = undefined,'CHANNEL-NUMBER' = undefined,
      'DATA' = undefined,'DONT-FRAGMENT' = false,'ERROR-CODE' = undefined,
      'LIFETIME' = undefined,'MAPPED-ADDRESS' = undefined,
      'MESSAGE-INTEGRITY' = undefined,'NONCE' = undefined,'REALM' = undefined,
      'REQUESTED-ADDRESS-FAMILY' = undefined,
      'REQUESTED-TRANSPORT' = undefined,'SOFTWARE' = <<"P1 STUN library">>,
      'UNKNOWN-ATTRIBUTES' = [],'USERNAME' = undefined,
      'XOR-MAPPED-ADDRESS' = {{127,0,0,1},42688},
      'XOR-PEER-ADDRESS' = [],'XOR-RELAYED-ADDRESS' = undefined} (stun:send/3:445)
2022-07-15 11:17:57.387968+00:00 [info] Connection reset by peer [TLS, session widrh7dqr63d, anonymous, client 127.0.0.1:42688] (stun:handle_info/3:170)
2022-07-15 11:17:57.412698+00:00 [debug] No NOTIFY_SOCKET, dropping STOPPING=1 notification (eturnal_systemd:handle_cast/2:109)
2022-07-15 11:17:57.412737+00:00 [debug] Terminating eturnal (shutdown) (eturnal:terminate/2:174)
2022-07-15 11:17:57.412924+00:00 [debug] Watchdog interval is undefined, hibernating (eturnal_systemd:get_timeout/1:162)
2022-07-15 11:17:57.413080+00:00 [info] Stopped listening on 127.0.0.1:34780 (udp) (eturnal:stop_listeners/1:361)
2022-07-15 11:17:57.413224+00:00 [info] Stopped listening on 127.0.0.1:34780 (tcp) (eturnal:stop_listeners/1:361)
2022-07-15 11:17:57.413429+00:00 [info] Stopped listening on 127.0.0.1:53490 (tls) (eturnal:stop_listeners/1:361)
2022-07-15 11:17:57.413575+00:00 [info] Stopped listening on 127.0.0.1:34781 (auto) (eturnal:stop_listeners/1:361)
2022-07-15 11:17:57.414252+00:00 [debug] Calling mod_log_stun:stop/1 (eturnal_module:stop/1:162)
2022-07-15 11:17:57.414954+00:00 [debug] Stopping mod_log_stun (mod_log_stun:stop/0:50)
2022-07-15 11:17:57.416263+00:00 [info] Stopped mod_log_stun (eturnal:stop_modules/1:320)
2022-07-15 11:17:57.416963+00:00 [debug] Calling mod_stats_influx:stop/1 (eturnal_module:stop/1:162)
2022-07-15 11:17:57.417182+00:00 [debug] Stopping mod_stats_influx (mod_stats_influx:stop/0:55)
2022-07-15 11:17:57.417296+00:00 [info] Stopped mod_stats_influx (eturnal:stop_modules/1:320)
2022-07-15 11:17:57.418728+00:00 [debug] Removed run/cert.pem (eturnal:clean_run_dir/0:762)
2022-07-15 11:17:57.419069+00:00 [debug] Terminating eturnal_systemd (shutdown) (eturnal_systemd:terminate/2:136)
2022-07-15 11:17:57.419473+00:00 [notice] Stopping eturnal 1.9.0 on Erlang/OTP 25 (ERTS 13.0) (eturnal_app:stop/1:54)
