2022-05-13 12:52:50.339681+00:00 [notice] Starting eturnal 1.8.3 on Erlang/OTP 24 (ERTS 12.3) (eturnal_app:start/2:35)
2022-05-13 12:52:50.339969+00:00 [debug] Starting supervisor: eturnal_sup (eturnal_sup:start_link/0:32)
2022-05-13 12:52:50.340164+00:00 [debug] Configuring eturnal_sup supervisor: [#{id => systemd,
                                       start =>
                                           {eturnal_systemd,start_link,[]}},
                                     #{id => eturnal,
                                       start => {eturnal,start_link,[]}}] (eturnal_sup:init/0:40)
2022-05-13 12:52:50.342198+00:00 [info] Got no NOTIFY_SOCKET, notifications disabled (eturnal_systemd:init/1:95)
2022-05-13 12:52:50.342400+00:00 [debug] PROGRESS REPORT:
    supervisor: {local,eturnal_sup}
    started: [{pid,<0.705.0>},
              {id,systemd},
              {mfargs,{eturnal_systemd,start_link,[]}},
              {restart_type,permanent},
              {significant,false},
              {shutdown,5000},
              {child_type,worker}]
 (supervisor:report_progress/2:1562)
2022-05-13 12:52:50.342665+00:00 [info] Relay IPv4 address: 127.0.0.1 (port range: 49152-65535) (eturnal:log_relay_addresses/0:287)
2022-05-13 12:52:50.342846+00:00 [info] Relay IPv6 address not configured (eturnal:log_relay_addresses/0:297)
2022-05-13 12:52:50.360237+00:00 [info] Cannot determine control query port: noport (eturnal:log_control_listener/0:312)
2022-05-13 12:52:50.360484+00:00 [debug] TURN configuration seems fine (eturnal:check_turn_config/1:520)
2022-05-13 12:52:50.361005+00:00 [debug] Using run directory run (eturnal:ensure_run_dir/0:712)
2022-05-13 12:52:50.361203+00:00 [warning] TLS enabled without 'tls_crt_file', creating self-signed certificate (eturnal:check_pem_file/0:643)
2022-05-13 12:52:50.649712+00:00 [debug] Calling mod_log_stun:start/0 (eturnal_module:start/1:142)
2022-05-13 12:52:50.650179+00:00 [debug] Starting mod_log_stun (mod_log_stun:start/0:39)
2022-05-13 12:52:50.650708+00:00 [info] Started mod_log_stun (eturnal:start_modules/0:323)
2022-05-13 12:52:50.650871+00:00 [debug] Calling mod_stats_influx:start/0 (eturnal_module:start/1:142)
2022-05-13 12:52:50.651012+00:00 [debug] Starting mod_stats_influx (mod_stats_influx:start/0:38)
2022-05-13 12:52:50.658649+00:00 [debug] PROGRESS REPORT:
    application: ulitos
    started_at: nonode@nohost
 (application_controller:info_started/2:2107)
2022-05-13 12:52:50.660489+00:00 [debug] PROGRESS REPORT:
    application: poolboy
    started_at: nonode@nohost
 (application_controller:info_started/2:2107)
2022-05-13 12:52:50.661817+00:00 [info]     msg: Starting application: influx_udp (influx_udp_app:start/2:10)
2022-05-13 12:52:50.664353+00:00 [debug] PROGRESS REPORT:
    supervisor: {local,influx_udp_sup}
    started: [{pid,<0.727.0>},
              {id,influx_udp},
              {mfargs,{influx_udp,start_link,[]}},
              {restart_type,permanent},
              {significant,false},
              {shutdown,5000},
              {child_type,worker}]
 (supervisor:report_progress/2:1562)
2022-05-13 12:52:50.664597+00:00 [debug] PROGRESS REPORT:
    application: influx_udp
    started_at: nonode@nohost
 (application_controller:info_started/2:2107)
2022-05-13 12:52:50.664707+00:00 [debug] Dependency influx_udp was available already (eturnal_module:ensure_dep/2:283)
2022-05-13 12:52:50.667300+00:00 [info]     host: {127,0,0,1}
    msg: Start clients pool
    options: #{host => "localhost",max_overflow => 1,pool_size => 1,
               port => 8089} (influx_udp:start_pool_/2:239)
2022-05-13 12:52:50.677691+00:00 [info]     msg: Open UDP socket on port
    port: 57038 (influx_udp_worker:init/1:43)
2022-05-13 12:52:50.677936+00:00 [debug] PROGRESS REPORT:
    supervisor: {local,influx_udp_sup}
    started: [{pid,<0.730.0>},
              {id,stats_influx_pool},
              {mfargs,
                  {poolboy,start_link,
                      [[{name,{local,stats_influx_pool}},
                        {worker_module,influx_udp_worker},
                        {size,1},
                        {max_overflow,1}],
                       [{options,
                            #{host => {127,0,0,1},
                              max_overflow => 1,pool_size => 1,
                              port => 8089}}]]}},
              {restart_type,permanent},
              {significant,false},
              {shutdown,5000},
              {child_type,worker}]
 (supervisor:report_progress/2:1562)
2022-05-13 12:52:50.678196+00:00 [info] Started mod_stats_influx (eturnal:start_modules/0:323)
2022-05-13 12:52:50.678342+00:00 [debug] Started 2 modules (eturnal:init/1:113)
2022-05-13 12:52:50.678458+00:00 [debug] Starting listener 127.0.0.1:34780 (udp) with options:
[{use_turn,true},
 {auth_type,user},
 {turn_ipv4_address,{127,0,0,1}},
 {turn_min_port,49152},
 {turn_max_port,65535},
 {turn_max_allocations,10},
 {turn_max_permissions,10},
 {shaper,100000},
 {turn_blacklist,[{{203,0,113,0},24},{{8193,3512,0,0,0,0,0,0},32}]},
 {turn_whitelist,[{{203,0,113,113},32},{{8193,3512,0,0,0,0,0,0},64}]},
 {auth_realm,<<"eturnal.net">>},
 {server_name,<<"eturnal">>},
 {auth_fun,fun eturnal:get_password/2},
 {hook_fun,fun eturnal:run_hook/2}] (eturnal:start_listeners/0:367)
2022-05-13 12:52:50.679119+00:00 [info] Listening on 127.0.0.1:34780 (udp) (STUN/TURN) (eturnal:start_listeners/0:372)
2022-05-13 12:52:50.679295+00:00 [debug] Starting listener 127.0.0.1:34780 (tcp) with options:
[{use_turn,false},
 {auth_type,anonymous},
 {turn_ipv4_address,{127,0,0,1}},
 {turn_min_port,49152},
 {turn_max_port,65535},
 {turn_max_allocations,10},
 {turn_max_permissions,10},
 {shaper,100000},
 {turn_blacklist,[{{203,0,113,0},24},{{8193,3512,0,0,0,0,0,0},32}]},
 {turn_whitelist,[{{203,0,113,113},32},{{8193,3512,0,0,0,0,0,0},64}]},
 {auth_realm,<<"eturnal.net">>},
 {server_name,<<"eturnal">>},
 {auth_fun,fun eturnal:get_password/2},
 {hook_fun,fun eturnal:run_hook/2}] (eturnal:start_listeners/0:367)
2022-05-13 12:52:50.700644+00:00 [info] Listening on 127.0.0.1:34780 (tcp) (STUN only) (eturnal:start_listeners/0:372)
2022-05-13 12:52:50.700845+00:00 [debug] Starting listener 127.0.0.1:53490 (tls) with options:
[{use_turn,false},
 {auth_type,anonymous},
 {tls,true},
 {certfile,<<"run/cert.pem">>},
 {ciphers,<<"HIGH:!aNULL:@STRENGTH">>},
 {protocol_options,<<"no_tlsv1|no_tlsv1_1|cipher_server_preference">>},
 {turn_ipv4_address,{127,0,0,1}},
 {turn_min_port,49152},
 {turn_max_port,65535},
 {turn_max_allocations,10},
 {turn_max_permissions,10},
 {shaper,100000},
 {turn_blacklist,[{{203,0,113,0},24},{{8193,3512,0,0,0,0,0,0},32}]},
 {turn_whitelist,[{{203,0,113,113},32},{{8193,3512,0,0,0,0,0,0},64}]},
 {auth_realm,<<"eturnal.net">>},
 {server_name,<<"eturnal">>},
 {auth_fun,fun eturnal:get_password/2},
 {hook_fun,fun eturnal:run_hook/2}] (eturnal:start_listeners/0:367)
2022-05-13 12:52:50.702536+00:00 [info] Listening on 127.0.0.1:53490 (tls) (STUN only) (eturnal:start_listeners/0:372)
2022-05-13 12:52:50.702765+00:00 [debug] Starting listener 127.0.0.1:34781 (auto) with options:
[{use_turn,false},
 {auth_type,anonymous},
 {tls,optional},
 {certfile,<<"run/cert.pem">>},
 {ciphers,<<"HIGH:!aNULL:@STRENGTH">>},
 {protocol_options,<<"no_tlsv1|no_tlsv1_1|cipher_server_preference">>},
 {turn_ipv4_address,{127,0,0,1}},
 {turn_min_port,49152},
 {turn_max_port,65535},
 {turn_max_allocations,10},
 {turn_max_permissions,10},
 {shaper,100000},
 {turn_blacklist,[{{203,0,113,0},24},{{8193,3512,0,0,0,0,0,0},32}]},
 {turn_whitelist,[{{203,0,113,113},32},{{8193,3512,0,0,0,0,0,0},64}]},
 {auth_realm,<<"eturnal.net">>},
 {server_name,<<"eturnal">>},
 {auth_fun,fun eturnal:get_password/2},
 {hook_fun,fun eturnal:run_hook/2}] (eturnal:start_listeners/0:367)
2022-05-13 12:52:50.728673+00:00 [info] Listening on 127.0.0.1:34781 (auto) (STUN only) (eturnal:start_listeners/0:372)
2022-05-13 12:52:50.728852+00:00 [debug] Started 4 listeners (eturnal:init/1:121)
2022-05-13 12:52:50.729042+00:00 [debug] PROGRESS REPORT:
    supervisor: {local,eturnal_sup}
    started: [{pid,<0.707.0>},
              {id,eturnal},
              {mfargs,{eturnal,start_link,[]}},
              {restart_type,permanent},
              {significant,false},
              {shutdown,5000},
              {child_type,worker}]
 (supervisor:report_progress/2:1562)
2022-05-13 12:52:50.729134+00:00 [debug] No NOTIFY_SOCKET, dropping READY=1 notification (eturnal_systemd:handle_cast/2:109)
2022-05-13 12:52:50.729228+00:00 [debug] PROGRESS REPORT:
    application: eturnal
    started_at: nonode@nohost
 (application_controller:info_started/2:2107)
2022-05-13 12:52:50.731638+00:00 [debug] Watchdog interval is undefined, hibernating (eturnal_systemd:get_timeout/1:162)
2022-05-13 12:52:50.771584+00:00 [debug] Handling API call: get_info() (eturnal_ctl:get_info/0:143)
2022-05-13 12:52:50.772208+00:00 [debug] eturnal call (get_info) returned {ok,
                                  {eturnal_node_info,<<"1.8.3">>,
                                   {"24","12.3"},
                                   3902,0,136,91097550,1,40156512}} (eturnal_ctl:call/1:456)
2022-05-13 12:52:50.798011+00:00 [debug] Handling API call: get_sessions() (eturnal_ctl:get_sessions/0:106)
2022-05-13 12:52:50.823216+00:00 [debug] Handling API call: get_sessions("alice") (eturnal_ctl:get_sessions/1:120)
2022-05-13 12:52:50.823486+00:00 [debug] Handling API call: disconnect(alice) (eturnal_ctl:disconnect/1:192)
2022-05-13 12:52:50.823622+00:00 [debug] Cannot convert user name to binary: alice (eturnal_ctl:disconnect/1:202)
2022-05-13 12:52:50.850216+00:00 [debug] Handling API call: disconnect("alice") (eturnal_ctl:disconnect/1:192)
2022-05-13 12:52:50.850449+00:00 [debug] Handling API call: disconnect(alice) (eturnal_ctl:disconnect/1:192)
2022-05-13 12:52:50.850621+00:00 [debug] Cannot convert user name to binary: alice (eturnal_ctl:disconnect/1:202)
2022-05-13 12:52:50.875689+00:00 [debug] Handling API call: get_credentials("2009-10-30 11:00:00Z", []) (eturnal_ctl:get_credentials/2:60)
2022-05-13 12:52:50.876010+00:00 [debug] eturnal call ({get_password,<<"1256900400">>}) returned {ok,
                                                         <<"uEKlpcME7MNMMVRV8rUFPCTIFEs=">>} (eturnal_ctl:call/1:456)
2022-05-13 12:52:50.883128+00:00 [debug] Handling API call: get_credentials("86400", "alice") (eturnal_ctl:get_credentials/2:60)
2022-05-13 12:52:50.883464+00:00 [debug] eturnal call ({get_password,<<"1652532770:alice">>}) returned {ok,
                                                               <<"jKcvtoumLtRc0Zg3/bksVa30dT4=">>} (eturnal_ctl:call/1:456)
2022-05-13 12:52:50.883676+00:00 [debug] Handling API call: get_password("1652532770:alice") (eturnal_ctl:get_password/1:79)
2022-05-13 12:52:50.883886+00:00 [debug] eturnal call ({get_password,<<"1652532770:alice">>}) returned {ok,
                                                               <<"jKcvtoumLtRc0Zg3/bksVa30dT4=">>} (eturnal_ctl:call/1:456)
2022-05-13 12:52:50.884124+00:00 [debug] Handling API call: get_credentials("86400s", "alice") (eturnal_ctl:get_credentials/2:60)
2022-05-13 12:52:50.884359+00:00 [debug] eturnal call ({get_password,<<"1652532770:alice">>}) returned {ok,
                                                               <<"jKcvtoumLtRc0Zg3/bksVa30dT4=">>} (eturnal_ctl:call/1:456)
2022-05-13 12:52:50.884569+00:00 [debug] Handling API call: get_password("1652532770:alice") (eturnal_ctl:get_password/1:79)
2022-05-13 12:52:50.884816+00:00 [debug] eturnal call ({get_password,<<"1652532770:alice">>}) returned {ok,
                                                               <<"jKcvtoumLtRc0Zg3/bksVa30dT4=">>} (eturnal_ctl:call/1:456)
2022-05-13 12:52:50.885010+00:00 [debug] Handling API call: get_credentials("1440m", "alice") (eturnal_ctl:get_credentials/2:60)
2022-05-13 12:52:50.885193+00:00 [debug] eturnal call ({get_password,<<"1652532770:alice">>}) returned {ok,
                                                               <<"jKcvtoumLtRc0Zg3/bksVa30dT4=">>} (eturnal_ctl:call/1:456)
2022-05-13 12:52:50.885324+00:00 [debug] Handling API call: get_password("1652532770:alice") (eturnal_ctl:get_password/1:79)
2022-05-13 12:52:50.885443+00:00 [debug] eturnal call ({get_password,<<"1652532770:alice">>}) returned {ok,
                                                               <<"jKcvtoumLtRc0Zg3/bksVa30dT4=">>} (eturnal_ctl:call/1:456)
2022-05-13 12:52:50.885608+00:00 [debug] Handling API call: get_credentials("24h", "alice") (eturnal_ctl:get_credentials/2:60)
2022-05-13 12:52:50.885747+00:00 [debug] eturnal call ({get_password,<<"1652532770:alice">>}) returned {ok,
                                                               <<"jKcvtoumLtRc0Zg3/bksVa30dT4=">>} (eturnal_ctl:call/1:456)
2022-05-13 12:52:50.885869+00:00 [debug] Handling API call: get_password("1652532770:alice") (eturnal_ctl:get_password/1:79)
2022-05-13 12:52:50.886004+00:00 [debug] eturnal call ({get_password,<<"1652532770:alice">>}) returned {ok,
                                                               <<"jKcvtoumLtRc0Zg3/bksVa30dT4=">>} (eturnal_ctl:call/1:456)
2022-05-13 12:52:50.886223+00:00 [debug] Handling API call: get_credentials("1d", "alice") (eturnal_ctl:get_credentials/2:60)
2022-05-13 12:52:50.886425+00:00 [debug] eturnal call ({get_password,<<"1652532770:alice">>}) returned {ok,
                                                               <<"jKcvtoumLtRc0Zg3/bksVa30dT4=">>} (eturnal_ctl:call/1:456)
2022-05-13 12:52:50.886766+00:00 [debug] Handling API call: get_password("1652532770:alice") (eturnal_ctl:get_password/1:79)
2022-05-13 12:52:50.886990+00:00 [debug] eturnal call ({get_password,<<"1652532770:alice">>}) returned {ok,
                                                               <<"jKcvtoumLtRc0Zg3/bksVa30dT4=">>} (eturnal_ctl:call/1:456)
2022-05-13 12:52:50.887152+00:00 [debug] Handling API call: get_password("Invalid") (eturnal_ctl:get_password/1:79)
2022-05-13 12:52:50.887378+00:00 [debug] Invalid user name: Invalid (eturnal_ctl:get_password/1:93)
2022-05-13 12:52:50.887485+00:00 [debug] Handling API call: get_credentials("Invalid", []) (eturnal_ctl:get_credentials/2:60)
2022-05-13 12:52:50.887613+00:00 [debug] Invalid argument(s): "Invalid":[] (eturnal_ctl:get_credentials/2:73)
2022-05-13 12:52:50.887700+00:00 [debug] Handling API call: get_password(invalid) (eturnal_ctl:get_password/1:79)
2022-05-13 12:52:50.887772+00:00 [debug] Cannot convert user name to binary: invalid (eturnal_ctl:get_password/1:100)
2022-05-13 12:52:50.887849+00:00 [debug] Handling API call: get_credentials(invalid, []) (eturnal_ctl:get_credentials/2:60)
2022-05-13 12:52:50.887918+00:00 [debug] Invalid argument(s): invalid:[] (eturnal_ctl:get_credentials/2:73)
2022-05-13 12:52:50.888055+00:00 [debug] Handling API call: get_password([invalid]) (eturnal_ctl:get_password/1:79)
2022-05-13 12:52:50.888162+00:00 [debug] Cannot convert user name to binary: [invalid] (eturnal_ctl:get_password/1:100)
2022-05-13 12:52:50.888263+00:00 [debug] Handling API call: get_credentials([invalid], []) (eturnal_ctl:get_credentials/2:60)
2022-05-13 12:52:50.888347+00:00 [debug] Invalid argument(s): [invalid]:[] (eturnal_ctl:get_credentials/2:73)
2022-05-13 12:52:50.888489+00:00 [debug] Handling API call: get_credentials(1256900400, invalid) (eturnal_ctl:get_credentials/2:60)
2022-05-13 12:52:50.888580+00:00 [debug] Invalid argument(s): 1256900400:invalid (eturnal_ctl:get_credentials/2:73)
2022-05-13 12:52:50.914959+00:00 [debug] Handling API call: set_loglevel(debug) (eturnal_ctl:set_loglevel/1:173)
2022-05-13 12:52:50.915144+00:00 [debug] eturnal call ({set_loglevel,debug}) returned ok (eturnal_ctl:call/1:453)
2022-05-13 12:52:50.915346+00:00 [debug] Handling API call: get_loglevel() (eturnal_ctl:get_loglevel/0:163)
2022-05-13 12:52:50.915444+00:00 [debug] eturnal call (get_loglevel) returned {ok,debug} (eturnal_ctl:call/1:456)
2022-05-13 12:52:50.915681+00:00 [debug] Handling API call: set_loglevel(invalid) (eturnal_ctl:set_loglevel/1:173)
2022-05-13 12:52:50.915847+00:00 [debug] Invalid log level: invalid (eturnal_ctl:set_loglevel/1:183)
2022-05-13 12:52:50.916192+00:00 [debug] Handling API call: get_loglevel() (eturnal_ctl:get_loglevel/0:163)
2022-05-13 12:52:50.916329+00:00 [debug] eturnal call (get_loglevel) returned {ok,debug} (eturnal_ctl:call/1:456)
2022-05-13 12:52:50.941631+00:00 [debug] Handling API call: get_version() (eturnal_ctl:get_version/0:153)
2022-05-13 12:52:50.941891+00:00 [debug] eturnal call (get_version) returned {ok,<<"1.8.3">>} (eturnal_ctl:call/1:456)
2022-05-13 12:52:50.968293+00:00 [debug] Handling API call: reload() (eturnal_ctl:reload/0:208)
2022-05-13 12:52:50.971023+00:00 [debug] Calling mod_log_stun:options/0 (eturnal_module:options/1:191)
2022-05-13 12:52:50.971208+00:00 [debug] Calling mod_stats_influx:options/0 (eturnal_module:options/1:191)
2022-05-13 12:52:50.972001+00:00 [warning] TLS enabled without 'tls_crt_file', creating self-signed certificate (eturnal:check_pem_file/0:643)
2022-05-13 12:52:51.217062+00:00 [info] Using new TLS certificate (eturnal:handle_call/3:140)
2022-05-13 12:52:51.217317+00:00 [debug] Reloaded configuration (eturnal:handle_call/3:146)
2022-05-13 12:52:51.217523+00:00 [debug] eturnal call (reload) returned ok (eturnal_ctl:call/1:453)
2022-05-13 12:52:51.217853+00:00 [debug] Handling API call: reload() (eturnal_ctl:reload/0:208)
2022-05-13 12:52:51.220087+00:00 [debug] Calling mod_log_stun:options/0 (eturnal_module:options/1:191)
2022-05-13 12:52:51.220250+00:00 [debug] Calling mod_stats_influx:options/0 (eturnal_module:options/1:191)
2022-05-13 12:52:51.220930+00:00 [debug] Keeping PEM file (run/cert.pem) (eturnal:check_pem_file/0:640)
2022-05-13 12:52:51.221107+00:00 [debug] TLS certificate unchanged (eturnal:handle_call/3:142)
2022-05-13 12:52:51.221197+00:00 [debug] Reloaded configuration (eturnal:handle_call/3:146)
2022-05-13 12:52:51.221518+00:00 [debug] eturnal call (reload) returned ok (eturnal_ctl:call/1:453)
2022-05-13 12:52:51.247916+00:00 [info] Accepting connection: 127.0.0.1:42666 -> 127.0.0.1:34780 [TCP, session dbpgyfhybmty] (stun_listener:accept/3:221)
2022-05-13 12:52:51.276004+00:00 [info] Accepting connection: 127.0.0.1:39496 -> 127.0.0.1:53490 [TLS, session yw0cxgr31yz4] (stun_listener:accept/3:221)
2022-05-13 12:52:51.317290+00:00 [debug] Received:
#stun{class = request,method = 3,magic = 554869826,
      trid = 74916403474327118229677179703,raw = <<>>,unsupported = [],
      'ALTERNATE-SERVER' = undefined,'CHANNEL-NUMBER' = undefined,
      'DATA' = undefined,'DONT-FRAGMENT' = false,'ERROR-CODE' = undefined,
      'LIFETIME' = undefined,'MAPPED-ADDRESS' = undefined,
      'MESSAGE-INTEGRITY' = undefined,'NONCE' = undefined,'REALM' = undefined,
      'REQUESTED-ADDRESS-FAMILY' = undefined,
      'REQUESTED-TRANSPORT' = undefined,'SOFTWARE' = undefined,
      'UNKNOWN-ATTRIBUTES' = [],'USERNAME' = undefined,
      'XOR-MAPPED-ADDRESS' = undefined,'XOR-PEER-ADDRESS' = [],
      'XOR-RELAYED-ADDRESS' = undefined} (stun:udp_recv/5:111)
2022-05-13 12:52:51.317436+00:00 [debug] Sending:
#stun{class = error,method = 3,magic = 554869826,
      trid = 74916403474327118229677179703,raw = <<>>,unsupported = [],
      'ALTERNATE-SERVER' = undefined,'CHANNEL-NUMBER' = undefined,
      'DATA' = undefined,'DONT-FRAGMENT' = false,
      'ERROR-CODE' = {401,<<"Unauthorized">>},
      'LIFETIME' = undefined,'MAPPED-ADDRESS' = undefined,
      'MESSAGE-INTEGRITY' = undefined,'NONCE' = <<"3294677128">>,
      'REALM' = <<"eturnal.net">>,'REQUESTED-ADDRESS-FAMILY' = undefined,
      'REQUESTED-TRANSPORT' = undefined,'SOFTWARE' = <<"eturnal">>,
      'UNKNOWN-ATTRIBUTES' = [],'USERNAME' = undefined,
      'XOR-MAPPED-ADDRESS' = undefined,'XOR-PEER-ADDRESS' = [],
      'XOR-RELAYED-ADDRESS' = undefined} (stun:send/3:445)
2022-05-13 12:52:51.317804+00:00 [debug] Received:
#stun{class = request,method = 3,magic = 554869826,
      trid = 21901305995747733435994929666,
      raw = <<0,3,0,80,33,18,164,66,70,196,85,241,11,0,101,241,178,116,250,2,0,
              25,0,4,17,0,0,0,0,6,0,10,50,49,52,53,57,49,51,50,48,48,0,0,0,20,
              0,11,101,116,117,114,110,97,108,46,110,101,116,0,0,21,0,10,51,50,
              57,52,54,55,55,49,50,56,0,0>>,
      unsupported = [],'ALTERNATE-SERVER' = undefined,
      'CHANNEL-NUMBER' = undefined,'DATA' = undefined,'DONT-FRAGMENT' = false,
      'ERROR-CODE' = undefined,'LIFETIME' = undefined,
      'MAPPED-ADDRESS' = undefined,
      'MESSAGE-INTEGRITY' = <<156,61,95,253,94,237,110,128,122,202,161,19,129,
                              255,98,178,240,145,72,219>>,
      'NONCE' = <<"3294677128">>,'REALM' = <<"eturnal.net">>,
      'REQUESTED-ADDRESS-FAMILY' = undefined,'REQUESTED-TRANSPORT' = udp,
      'SOFTWARE' = undefined,'UNKNOWN-ATTRIBUTES' = [],
      'USERNAME' = <<"2145913200">>,'XOR-MAPPED-ADDRESS' = undefined,
      'XOR-PEER-ADDRESS' = [],'XOR-RELAYED-ADDRESS' = undefined} (stun:udp_recv/5:111)
2022-05-13 12:52:51.317976+00:00 [debug] Looking up password for: 2145913200 [UDP, session 861072y8k388, user 2145913200, client 127.0.0.1:40035] (eturnal:get_password/2:225)
2022-05-13 12:52:51.318116+00:00 [info] Accepting long-term STUN/TURN authentication [UDP, session 861072y8k388, user 2145913200, client 127.0.0.1:40035] (stun:process/2:249)
2022-05-13 12:52:51.322928+00:00 [debug] Running 'turn_session_start' hook [UDP, session 861072y8k388, user 2145913200, client 127.0.0.1:40035] (turn:run_hook/2:711)
2022-05-13 12:52:51.323016+00:00 [debug] Got 'turn_session_start' event [UDP, session 861072y8k388, user 2145913200, client 127.0.0.1:40035] (eturnal_module:handle_event/2:176)
2022-05-13 12:52:51.323283+00:00 [notice] Creating TURN allocation (lifetime: 600 seconds) [UDP, session 861072y8k388, user 2145913200, client 127.0.0.1:40035, relay 127.0.0.1:63314] (turn:wait_for_allocate/2:207)
2022-05-13 12:52:51.323543+00:00 [debug] Sending:
#stun{class = response,method = 3,magic = 554869826,
      trid = 21901305995747733435994929666,raw = <<>>,unsupported = [],
      'ALTERNATE-SERVER' = undefined,'CHANNEL-NUMBER' = undefined,
      'DATA' = undefined,'DONT-FRAGMENT' = false,'ERROR-CODE' = undefined,
      'LIFETIME' = 600,'MAPPED-ADDRESS' = undefined,
      'MESSAGE-INTEGRITY' = undefined,'NONCE' = undefined,'REALM' = undefined,
      'REQUESTED-ADDRESS-FAMILY' = undefined,
      'REQUESTED-TRANSPORT' = undefined,'SOFTWARE' = <<"eturnal">>,
      'UNKNOWN-ATTRIBUTES' = [],'USERNAME' = undefined,
      'XOR-MAPPED-ADDRESS' = {{127,0,0,1},40035},
      'XOR-PEER-ADDRESS' = [],
      'XOR-RELAYED-ADDRESS' = {{127,0,0,1},63314}} (turn:send/2:521)
2022-05-13 12:52:51.324010+00:00 [debug] Received:
#stun{class = request,method = 4,magic = 554869826,
      trid = 24738084628649276050575383500,
      raw = <<0,4,0,80,33,18,164,66,79,238,221,46,224,38,177,132,83,134,219,
              204,0,6,0,10,50,49,52,53,57,49,51,50,48,48,0,0,0,20,0,11,101,116,
              117,114,110,97,108,46,110,101,116,0,0,21,0,10,51,50,57,52,54,55,
              55,49,50,56,0,0,0,13,0,4,0,0,0,0>>,
      unsupported = [],'ALTERNATE-SERVER' = undefined,
      'CHANNEL-NUMBER' = undefined,'DATA' = undefined,'DONT-FRAGMENT' = false,
      'ERROR-CODE' = undefined,'LIFETIME' = 0,'MAPPED-ADDRESS' = undefined,
      'MESSAGE-INTEGRITY' = <<53,59,154,156,245,236,226,181,153,233,64,142,126,
                              212,240,148,200,206,243,171>>,
      'NONCE' = <<"3294677128">>,'REALM' = <<"eturnal.net">>,
      'REQUESTED-ADDRESS-FAMILY' = undefined,
      'REQUESTED-TRANSPORT' = undefined,'SOFTWARE' = undefined,
      'UNKNOWN-ATTRIBUTES' = [],'USERNAME' = <<"2145913200">>,
      'XOR-MAPPED-ADDRESS' = undefined,'XOR-PEER-ADDRESS' = [],
      'XOR-RELAYED-ADDRESS' = undefined} (stun:udp_recv/5:111)
2022-05-13 12:52:51.324163+00:00 [debug] Looking up password for: 2145913200 [UDP, session rbfzzv5pjs7u, user 2145913200, client 127.0.0.1:40035] (eturnal:get_password/2:225)
2022-05-13 12:52:51.324248+00:00 [info] Accepting long-term STUN/TURN authentication [UDP, session rbfzzv5pjs7u, user 2145913200, client 127.0.0.1:40035] (stun:process/2:249)
2022-05-13 12:52:51.324343+00:00 [info] Client requested closing the TURN session [UDP, session 861072y8k388, user 2145913200, client 127.0.0.1:40035, relay 127.0.0.1:63314] (turn:active/2:262)
2022-05-13 12:52:51.324453+00:00 [debug] Sending:
#stun{class = response,method = 4,magic = 554869826,
      trid = 24738084628649276050575383500,raw = <<>>,unsupported = [],
      'ALTERNATE-SERVER' = undefined,'CHANNEL-NUMBER' = undefined,
      'DATA' = undefined,'DONT-FRAGMENT' = false,'ERROR-CODE' = undefined,
      'LIFETIME' = 0,'MAPPED-ADDRESS' = undefined,
      'MESSAGE-INTEGRITY' = undefined,'NONCE' = undefined,'REALM' = undefined,
      'REQUESTED-ADDRESS-FAMILY' = undefined,
      'REQUESTED-TRANSPORT' = undefined,'SOFTWARE' = <<"eturnal">>,
      'UNKNOWN-ATTRIBUTES' = [],'USERNAME' = undefined,
      'XOR-MAPPED-ADDRESS' = undefined,'XOR-PEER-ADDRESS' = [],
      'XOR-RELAYED-ADDRESS' = undefined} (turn:send/2:521)
2022-05-13 12:52:51.324702+00:00 [info] Deleting TURN allocation [UDP, session 861072y8k388, user 2145913200, client 127.0.0.1:40035, relay 127.0.0.1:63314] (turn:terminate/3:454)
2022-05-13 12:52:51.324827+00:00 [notice] Relayed 0 KiB (in 0 B / 0 packets, out 0 B / 0 packets), duration: 0 seconds [UDP, session 861072y8k388, user 2145913200, client 127.0.0.1:40035, relay 127.0.0.1:63314] (turn:terminate/3:461)
2022-05-13 12:52:51.324903+00:00 [debug] Running 'turn_session_stop' hook [UDP, session 861072y8k388, user 2145913200, client 127.0.0.1:40035, relay 127.0.0.1:63314] (turn:run_hook/2:711)
2022-05-13 12:52:51.324992+00:00 [debug] Got 'turn_session_stop' event [UDP, session 861072y8k388, user 2145913200, client 127.0.0.1:40035, relay 127.0.0.1:63314] (eturnal_module:handle_event/2:176)
2022-05-13 12:52:51.325051+00:00 [debug] Calling mod_stats_influx:handle_event/2 [UDP, session 861072y8k388, user 2145913200, client 127.0.0.1:40035, relay 127.0.0.1:63314] (eturnal_module:handle_event/2:179)
2022-05-13 12:52:51.325098+00:00 [debug] Writing stats of TURN session 861072y8k388 to InfluxDB [UDP, session 861072y8k388, user 2145913200, client 127.0.0.1:40035, relay 127.0.0.1:63314] (mod_stats_influx:on_turn_session_stop/1:81)
2022-05-13 12:52:51.356124+00:00 [debug] Received:
#stun{class = request,method = 1,magic = 554869826,
      trid = 65108138802632438370426882993,raw = <<>>,unsupported = [],
      'ALTERNATE-SERVER' = undefined,'CHANNEL-NUMBER' = undefined,
      'DATA' = undefined,'DONT-FRAGMENT' = false,'ERROR-CODE' = undefined,
      'LIFETIME' = undefined,'MAPPED-ADDRESS' = undefined,
      'MESSAGE-INTEGRITY' = undefined,'NONCE' = undefined,'REALM' = undefined,
      'REQUESTED-ADDRESS-FAMILY' = undefined,
      'REQUESTED-TRANSPORT' = undefined,'SOFTWARE' = undefined,
      'UNKNOWN-ATTRIBUTES' = [],'USERNAME' = undefined,
      'XOR-MAPPED-ADDRESS' = undefined,'XOR-PEER-ADDRESS' = [],
      'XOR-RELAYED-ADDRESS' = undefined} (stun:udp_recv/5:111)
2022-05-13 12:52:51.356319+00:00 [debug] Responding to STUN request [UDP, session yr06lfno2h55, anonymous, client 127.0.0.1:34646] (stun:process/4:312)
2022-05-13 12:52:51.356391+00:00 [debug] Running 'stun_query' hook [UDP, session yr06lfno2h55, anonymous, client 127.0.0.1:34646] (stun:run_hook/3:818)
2022-05-13 12:52:51.356450+00:00 [debug] Got 'stun_query' event [UDP, session yr06lfno2h55, anonymous, client 127.0.0.1:34646] (eturnal_module:handle_event/2:176)
2022-05-13 12:52:51.356503+00:00 [debug] Calling mod_log_stun:handle_event/2 [UDP, session yr06lfno2h55, anonymous, client 127.0.0.1:34646] (eturnal_module:handle_event/2:179)
2022-05-13 12:52:51.356552+00:00 [info] Responding to STUN request [UDP, session yr06lfno2h55, anonymous, client 127.0.0.1:34646] (mod_log_stun:handle_event/2:45)
2022-05-13 12:52:51.356603+00:00 [debug] Calling mod_stats_influx:handle_event/2 [UDP, session yr06lfno2h55, anonymous, client 127.0.0.1:34646] (eturnal_module:handle_event/2:179)
2022-05-13 12:52:51.356659+00:00 [debug] Writing STUN query event to InfluxDB [UDP, session yr06lfno2h55, anonymous, client 127.0.0.1:34646] (mod_stats_influx:on_stun_query/1:70)
2022-05-13 12:52:51.356863+00:00 [debug] Sending:
#stun{class = response,method = 1,magic = 554869826,
      trid = 65108138802632438370426882993,raw = <<>>,unsupported = [],
      'ALTERNATE-SERVER' = undefined,'CHANNEL-NUMBER' = undefined,
      'DATA' = undefined,'DONT-FRAGMENT' = false,'ERROR-CODE' = undefined,
      'LIFETIME' = undefined,'MAPPED-ADDRESS' = undefined,
      'MESSAGE-INTEGRITY' = undefined,'NONCE' = undefined,'REALM' = undefined,
      'REQUESTED-ADDRESS-FAMILY' = undefined,
      'REQUESTED-TRANSPORT' = undefined,'SOFTWARE' = <<"eturnal">>,
      'UNKNOWN-ATTRIBUTES' = [],'USERNAME' = undefined,
      'XOR-MAPPED-ADDRESS' = {{127,0,0,1},34646},
      'XOR-PEER-ADDRESS' = [],'XOR-RELAYED-ADDRESS' = undefined} (stun:send/3:445)
2022-05-13 12:52:51.382658+00:00 [info] Accepting connection: 127.0.0.1:42668 -> 127.0.0.1:34780 [TCP, session wvgvy92enqjh] (stun_listener:accept/3:221)
2022-05-13 12:52:51.383051+00:00 [debug] Received:
#stun{class = request,method = 1,magic = 554869826,
      trid = 38269817545357697249245954732,raw = <<>>,unsupported = [],
      'ALTERNATE-SERVER' = undefined,'CHANNEL-NUMBER' = undefined,
      'DATA' = undefined,'DONT-FRAGMENT' = false,'ERROR-CODE' = undefined,
      'LIFETIME' = undefined,'MAPPED-ADDRESS' = undefined,
      'MESSAGE-INTEGRITY' = undefined,'NONCE' = undefined,'REALM' = undefined,
      'REQUESTED-ADDRESS-FAMILY' = undefined,
      'REQUESTED-TRANSPORT' = undefined,'SOFTWARE' = undefined,
      'UNKNOWN-ATTRIBUTES' = [],'USERNAME' = undefined,
      'XOR-MAPPED-ADDRESS' = undefined,'XOR-PEER-ADDRESS' = [],
      'XOR-RELAYED-ADDRESS' = undefined} (stun:process_data/3:404)
2022-05-13 12:52:51.383199+00:00 [debug] Responding to STUN request [TCP, session wvgvy92enqjh, anonymous, client 127.0.0.1:42668] (stun:process/4:312)
2022-05-13 12:52:51.383269+00:00 [debug] Running 'stun_query' hook [TCP, session wvgvy92enqjh, anonymous, client 127.0.0.1:42668] (stun:run_hook/3:818)
2022-05-13 12:52:51.383340+00:00 [debug] Got 'stun_query' event [TCP, session wvgvy92enqjh, anonymous, client 127.0.0.1:42668] (eturnal_module:handle_event/2:176)
2022-05-13 12:52:51.383391+00:00 [debug] Calling mod_log_stun:handle_event/2 [TCP, session wvgvy92enqjh, anonymous, client 127.0.0.1:42668] (eturnal_module:handle_event/2:179)
2022-05-13 12:52:51.383444+00:00 [info] Responding to STUN request [TCP, session wvgvy92enqjh, anonymous, client 127.0.0.1:42668] (mod_log_stun:handle_event/2:45)
2022-05-13 12:52:51.383528+00:00 [debug] Calling mod_stats_influx:handle_event/2 [TCP, session wvgvy92enqjh, anonymous, client 127.0.0.1:42668] (eturnal_module:handle_event/2:179)
2022-05-13 12:52:51.383576+00:00 [debug] Writing STUN query event to InfluxDB [TCP, session wvgvy92enqjh, anonymous, client 127.0.0.1:42668] (mod_stats_influx:on_stun_query/1:70)
2022-05-13 12:52:51.383786+00:00 [debug] Sending:
#stun{class = response,method = 1,magic = 554869826,
      trid = 38269817545357697249245954732,raw = <<>>,unsupported = [],
      'ALTERNATE-SERVER' = undefined,'CHANNEL-NUMBER' = undefined,
      'DATA' = undefined,'DONT-FRAGMENT' = false,'ERROR-CODE' = undefined,
      'LIFETIME' = undefined,'MAPPED-ADDRESS' = undefined,
      'MESSAGE-INTEGRITY' = undefined,'NONCE' = undefined,'REALM' = undefined,
      'REQUESTED-ADDRESS-FAMILY' = undefined,
      'REQUESTED-TRANSPORT' = undefined,'SOFTWARE' = <<"P1 STUN library">>,
      'UNKNOWN-ATTRIBUTES' = [],'USERNAME' = undefined,
      'XOR-MAPPED-ADDRESS' = {{127,0,0,1},42668},
      'XOR-PEER-ADDRESS' = [],'XOR-RELAYED-ADDRESS' = undefined} (stun:send/3:445)
2022-05-13 12:52:51.384163+00:00 [info] Connection reset by peer [TCP, session wvgvy92enqjh, anonymous, client 127.0.0.1:42668] (stun:handle_info/3:170)
2022-05-13 12:52:51.408949+00:00 [info] Accepting connection: 127.0.0.1:39498 -> 127.0.0.1:53490 [TLS, session 114jbcpjxhrz] (stun_listener:accept/3:221)
2022-05-13 12:52:51.518903+00:00 [debug] Received:
#stun{class = request,method = 1,magic = 554869826,
      trid = 20319202606910981029829202625,raw = <<>>,unsupported = [],
      'ALTERNATE-SERVER' = undefined,'CHANNEL-NUMBER' = undefined,
      'DATA' = undefined,'DONT-FRAGMENT' = false,'ERROR-CODE' = undefined,
      'LIFETIME' = undefined,'MAPPED-ADDRESS' = undefined,
      'MESSAGE-INTEGRITY' = undefined,'NONCE' = undefined,'REALM' = undefined,
      'REQUESTED-ADDRESS-FAMILY' = undefined,
      'REQUESTED-TRANSPORT' = undefined,'SOFTWARE' = undefined,
      'UNKNOWN-ATTRIBUTES' = [],'USERNAME' = undefined,
      'XOR-MAPPED-ADDRESS' = undefined,'XOR-PEER-ADDRESS' = [],
      'XOR-RELAYED-ADDRESS' = undefined} (stun:process_data/3:404)
2022-05-13 12:52:51.519071+00:00 [debug] Responding to STUN request [TLS, session 114jbcpjxhrz, anonymous, client 127.0.0.1:39498] (stun:process/4:312)
2022-05-13 12:52:51.519133+00:00 [debug] Running 'stun_query' hook [TLS, session 114jbcpjxhrz, anonymous, client 127.0.0.1:39498] (stun:run_hook/3:818)
2022-05-13 12:52:51.519234+00:00 [debug] Got 'stun_query' event [TLS, session 114jbcpjxhrz, anonymous, client 127.0.0.1:39498] (eturnal_module:handle_event/2:176)
2022-05-13 12:52:51.519284+00:00 [debug] Calling mod_log_stun:handle_event/2 [TLS, session 114jbcpjxhrz, anonymous, client 127.0.0.1:39498] (eturnal_module:handle_event/2:179)
2022-05-13 12:52:51.519376+00:00 [info] Responding to STUN request [TLS, session 114jbcpjxhrz, anonymous, client 127.0.0.1:39498] (mod_log_stun:handle_event/2:45)
2022-05-13 12:52:51.519420+00:00 [debug] Calling mod_stats_influx:handle_event/2 [TLS, session 114jbcpjxhrz, anonymous, client 127.0.0.1:39498] (eturnal_module:handle_event/2:179)
2022-05-13 12:52:51.519455+00:00 [debug] Writing STUN query event to InfluxDB [TLS, session 114jbcpjxhrz, anonymous, client 127.0.0.1:39498] (mod_stats_influx:on_stun_query/1:70)
2022-05-13 12:52:51.519751+00:00 [debug] Sending:
#stun{class = response,method = 1,magic = 554869826,
      trid = 20319202606910981029829202625,raw = <<>>,unsupported = [],
      'ALTERNATE-SERVER' = undefined,'CHANNEL-NUMBER' = undefined,
      'DATA' = undefined,'DONT-FRAGMENT' = false,'ERROR-CODE' = undefined,
      'LIFETIME' = undefined,'MAPPED-ADDRESS' = undefined,
      'MESSAGE-INTEGRITY' = undefined,'NONCE' = undefined,'REALM' = undefined,
      'REQUESTED-ADDRESS-FAMILY' = undefined,
      'REQUESTED-TRANSPORT' = undefined,'SOFTWARE' = <<"P1 STUN library">>,
      'UNKNOWN-ATTRIBUTES' = [],'USERNAME' = undefined,
      'XOR-MAPPED-ADDRESS' = {{127,0,0,1},39498},
      'XOR-PEER-ADDRESS' = [],'XOR-RELAYED-ADDRESS' = undefined} (stun:send/3:445)
2022-05-13 12:52:51.520284+00:00 [info] Connection reset by peer [TLS, session 114jbcpjxhrz, anonymous, client 127.0.0.1:39498] (stun:handle_info/3:170)
2022-05-13 12:52:51.546371+00:00 [info] Accepting connection: 127.0.0.1:45280 -> 127.0.0.1:34781 [TCP|TLS, session fc3tdbx5ef01] (stun_listener:accept/3:221)
2022-05-13 12:52:51.546539+00:00 [debug] Determined transport protocol: TCP (stun:is_tls_handshake/1:766)
2022-05-13 12:52:51.547075+00:00 [debug] Received:
#stun{class = request,method = 1,magic = 554869826,
      trid = 39130485442650555206083093544,raw = <<>>,unsupported = [],
      'ALTERNATE-SERVER' = undefined,'CHANNEL-NUMBER' = undefined,
      'DATA' = undefined,'DONT-FRAGMENT' = false,'ERROR-CODE' = undefined,
      'LIFETIME' = undefined,'MAPPED-ADDRESS' = undefined,
      'MESSAGE-INTEGRITY' = undefined,'NONCE' = undefined,'REALM' = undefined,
      'REQUESTED-ADDRESS-FAMILY' = undefined,
      'REQUESTED-TRANSPORT' = undefined,'SOFTWARE' = undefined,
      'UNKNOWN-ATTRIBUTES' = [],'USERNAME' = undefined,
      'XOR-MAPPED-ADDRESS' = undefined,'XOR-PEER-ADDRESS' = [],
      'XOR-RELAYED-ADDRESS' = undefined} (stun:process_data/3:404)
2022-05-13 12:52:51.547285+00:00 [debug] Responding to STUN request [TCP, session fc3tdbx5ef01, anonymous, client 127.0.0.1:45280] (stun:process/4:312)
2022-05-13 12:52:51.547333+00:00 [debug] Running 'stun_query' hook [TCP, session fc3tdbx5ef01, anonymous, client 127.0.0.1:45280] (stun:run_hook/3:818)
2022-05-13 12:52:51.547385+00:00 [debug] Got 'stun_query' event [TCP, session fc3tdbx5ef01, anonymous, client 127.0.0.1:45280] (eturnal_module:handle_event/2:176)
2022-05-13 12:52:51.547426+00:00 [debug] Calling mod_log_stun:handle_event/2 [TCP, session fc3tdbx5ef01, anonymous, client 127.0.0.1:45280] (eturnal_module:handle_event/2:179)
2022-05-13 12:52:51.547464+00:00 [info] Responding to STUN request [TCP, session fc3tdbx5ef01, anonymous, client 127.0.0.1:45280] (mod_log_stun:handle_event/2:45)
2022-05-13 12:52:51.547548+00:00 [debug] Calling mod_stats_influx:handle_event/2 [TCP, session fc3tdbx5ef01, anonymous, client 127.0.0.1:45280] (eturnal_module:handle_event/2:179)
2022-05-13 12:52:51.547614+00:00 [debug] Writing STUN query event to InfluxDB [TCP, session fc3tdbx5ef01, anonymous, client 127.0.0.1:45280] (mod_stats_influx:on_stun_query/1:70)
2022-05-13 12:52:51.547842+00:00 [debug] Sending:
#stun{class = response,method = 1,magic = 554869826,
      trid = 39130485442650555206083093544,raw = <<>>,unsupported = [],
      'ALTERNATE-SERVER' = undefined,'CHANNEL-NUMBER' = undefined,
      'DATA' = undefined,'DONT-FRAGMENT' = false,'ERROR-CODE' = undefined,
      'LIFETIME' = undefined,'MAPPED-ADDRESS' = undefined,
      'MESSAGE-INTEGRITY' = undefined,'NONCE' = undefined,'REALM' = undefined,
      'REQUESTED-ADDRESS-FAMILY' = undefined,
      'REQUESTED-TRANSPORT' = undefined,'SOFTWARE' = <<"P1 STUN library">>,
      'UNKNOWN-ATTRIBUTES' = [],'USERNAME' = undefined,
      'XOR-MAPPED-ADDRESS' = {{127,0,0,1},45280},
      'XOR-PEER-ADDRESS' = [],'XOR-RELAYED-ADDRESS' = undefined} (stun:send/3:445)
2022-05-13 12:52:51.548190+00:00 [info] Connection reset by peer [TCP, session fc3tdbx5ef01, anonymous, client 127.0.0.1:45280] (stun:handle_info/3:170)
2022-05-13 12:52:51.574263+00:00 [info] Accepting connection: 127.0.0.1:45282 -> 127.0.0.1:34781 [TCP|TLS, session 718fdztarpfj] (stun_listener:accept/3:221)
2022-05-13 12:52:51.574426+00:00 [debug] Determined transport protocol: TLS (stun:is_tls_handshake/1:763)
2022-05-13 12:52:51.682896+00:00 [debug] Received:
#stun{class = request,method = 1,magic = 554869826,
      trid = 32410401689835265010264565860,raw = <<>>,unsupported = [],
      'ALTERNATE-SERVER' = undefined,'CHANNEL-NUMBER' = undefined,
      'DATA' = undefined,'DONT-FRAGMENT' = false,'ERROR-CODE' = undefined,
      'LIFETIME' = undefined,'MAPPED-ADDRESS' = undefined,
      'MESSAGE-INTEGRITY' = undefined,'NONCE' = undefined,'REALM' = undefined,
      'REQUESTED-ADDRESS-FAMILY' = undefined,
      'REQUESTED-TRANSPORT' = undefined,'SOFTWARE' = undefined,
      'UNKNOWN-ATTRIBUTES' = [],'USERNAME' = undefined,
      'XOR-MAPPED-ADDRESS' = undefined,'XOR-PEER-ADDRESS' = [],
      'XOR-RELAYED-ADDRESS' = undefined} (stun:process_data/3:404)
2022-05-13 12:52:51.683068+00:00 [debug] Responding to STUN request [TLS, session 718fdztarpfj, anonymous, client 127.0.0.1:45282] (stun:process/4:312)
2022-05-13 12:52:51.683117+00:00 [debug] Running 'stun_query' hook [TLS, session 718fdztarpfj, anonymous, client 127.0.0.1:45282] (stun:run_hook/3:818)
2022-05-13 12:52:51.683176+00:00 [debug] Got 'stun_query' event [TLS, session 718fdztarpfj, anonymous, client 127.0.0.1:45282] (eturnal_module:handle_event/2:176)
2022-05-13 12:52:51.683233+00:00 [debug] Calling mod_log_stun:handle_event/2 [TLS, session 718fdztarpfj, anonymous, client 127.0.0.1:45282] (eturnal_module:handle_event/2:179)
2022-05-13 12:52:51.683294+00:00 [info] Responding to STUN request [TLS, session 718fdztarpfj, anonymous, client 127.0.0.1:45282] (mod_log_stun:handle_event/2:45)
2022-05-13 12:52:51.683346+00:00 [debug] Calling mod_stats_influx:handle_event/2 [TLS, session 718fdztarpfj, anonymous, client 127.0.0.1:45282] (eturnal_module:handle_event/2:179)
2022-05-13 12:52:51.683394+00:00 [debug] Writing STUN query event to InfluxDB [TLS, session 718fdztarpfj, anonymous, client 127.0.0.1:45282] (mod_stats_influx:on_stun_query/1:70)
2022-05-13 12:52:51.683653+00:00 [debug] Sending:
#stun{class = response,method = 1,magic = 554869826,
      trid = 32410401689835265010264565860,raw = <<>>,unsupported = [],
      'ALTERNATE-SERVER' = undefined,'CHANNEL-NUMBER' = undefined,
      'DATA' = undefined,'DONT-FRAGMENT' = false,'ERROR-CODE' = undefined,
      'LIFETIME' = undefined,'MAPPED-ADDRESS' = undefined,
      'MESSAGE-INTEGRITY' = undefined,'NONCE' = undefined,'REALM' = undefined,
      'REQUESTED-ADDRESS-FAMILY' = undefined,
      'REQUESTED-TRANSPORT' = undefined,'SOFTWARE' = <<"P1 STUN library">>,
      'UNKNOWN-ATTRIBUTES' = [],'USERNAME' = undefined,
      'XOR-MAPPED-ADDRESS' = {{127,0,0,1},45282},
      'XOR-PEER-ADDRESS' = [],'XOR-RELAYED-ADDRESS' = undefined} (stun:send/3:445)
2022-05-13 12:52:51.683989+00:00 [info] Connection reset by peer [TLS, session 718fdztarpfj, anonymous, client 127.0.0.1:45282] (stun:handle_info/3:170)
2022-05-13 12:52:51.710112+00:00 [debug] No NOTIFY_SOCKET, dropping STOPPING=1 notification (eturnal_systemd:handle_cast/2:109)
2022-05-13 12:52:51.710240+00:00 [debug] Terminating eturnal (shutdown) (eturnal:terminate/2:200)
2022-05-13 12:52:51.710303+00:00 [debug] Watchdog interval is undefined, hibernating (eturnal_systemd:get_timeout/1:162)
2022-05-13 12:52:51.710938+00:00 [info] Stopped listening on 127.0.0.1:34780 (udp) (eturnal:stop_listeners/1:395)
2022-05-13 12:52:51.711495+00:00 [info] Stopped listening on 127.0.0.1:34780 (tcp) (eturnal:stop_listeners/1:395)
2022-05-13 12:52:51.711826+00:00 [info] Stopped listening on 127.0.0.1:53490 (tls) (eturnal:stop_listeners/1:395)
2022-05-13 12:52:51.712023+00:00 [info] Stopped listening on 127.0.0.1:34781 (auto) (eturnal:stop_listeners/1:395)
2022-05-13 12:52:51.712351+00:00 [debug] Calling mod_log_stun:stop/1 (eturnal_module:stop/1:162)
2022-05-13 12:52:51.712531+00:00 [debug] Stopping mod_log_stun (mod_log_stun:stop/0:50)
2022-05-13 12:52:51.713304+00:00 [info] Stopped mod_log_stun (eturnal:stop_modules/1:343)
2022-05-13 12:52:51.714670+00:00 [debug] Calling mod_stats_influx:stop/1 (eturnal_module:stop/1:162)
2022-05-13 12:52:51.714826+00:00 [debug] Stopping mod_stats_influx (mod_stats_influx:stop/0:55)
2022-05-13 12:52:51.715636+00:00 [info] Stopped mod_stats_influx (eturnal:stop_modules/1:343)
2022-05-13 12:52:51.716051+00:00 [debug] Removed run/cert.pem (eturnal:clean_run_dir/0:727)
2022-05-13 12:52:51.716259+00:00 [debug] Terminating eturnal_systemd (shutdown) (eturnal_systemd:terminate/2:136)
2022-05-13 12:52:51.716465+00:00 [notice] Stopping eturnal 1.8.3 on Erlang/OTP 24 (ERTS 12.3) (eturnal_app:stop/1:54)
