2022-08-05 09:33:51.276379+00:00 [notice] Starting eturnal 1.10.1 on Erlang/OTP 25 (ERTS 13.0) (eturnal_app:start/2:34)
2022-08-05 09:33:51.276600+00:00 [debug] Starting supervisor: eturnal_sup (eturnal_sup:start_link/0:31)
2022-08-05 09:33:51.276765+00:00 [debug] Configuring eturnal_sup supervisor: [#{id => systemd,
                                       start =>
                                           {eturnal_systemd,start_link,[]}},
                                     #{id => eturnal,
                                       start => {eturnal,start_link,[]}}] (eturnal_sup:init/0:39)
2022-08-05 09:33:51.278661+00:00 [info] Got no NOTIFY_SOCKET, notifications disabled (eturnal_systemd:init/1:94)
2022-08-05 09:33:51.278836+00:00 [debug] PROGRESS REPORT:
    supervisor: {local,eturnal_sup}
    started: [{pid,<0.1013.0>},
              {id,systemd},
              {mfargs,{eturnal_systemd,start_link,[]}},
              {restart_type,permanent},
              {significant,false},
              {shutdown,5000},
              {child_type,worker}]
 (supervisor:report_progress/2:1557)
2022-08-05 09:33:51.279277+00:00 [info] Relay IPv4 address: 127.0.0.1 (port range: 49152-65535) (eturnal:log_relay_addresses/0:277)
2022-08-05 09:33:51.279400+00:00 [info] Relay IPv6 address not configured (eturnal:log_relay_addresses/0:287)
2022-08-05 09:33:51.296028+00:00 [info] Cannot determine control query port: noport (eturnal:log_control_listener/0:302)
2022-08-05 09:33:51.296352+00:00 [debug] Using run directory run (eturnal:ensure_run_dir/0:733)
2022-08-05 09:33:51.296480+00:00 [debug] TURN configuration seems fine (eturnal:check_turn_config/0:498)
2022-08-05 09:33:51.296586+00:00 [warning] TLS enabled without 'tls_crt_file', creating self-signed certificate (eturnal:check_pem_file/0:669)
2022-08-05 09:33:51.726606+00:00 [debug] Calling mod_log_stun:start/0 (eturnal_module:start/1:143)
2022-08-05 09:33:51.727001+00:00 [debug] Starting mod_log_stun (mod_log_stun:start/0:38)
2022-08-05 09:33:51.727264+00:00 [info] Started mod_log_stun (eturnal:start_modules/0:313)
2022-08-05 09:33:51.727362+00:00 [debug] Calling mod_stats_influx:start/0 (eturnal_module:start/1:143)
2022-08-05 09:33:51.727597+00:00 [debug] Starting mod_stats_influx (mod_stats_influx:start/0:37)
2022-08-05 09:33:51.731133+00:00 [debug] PROGRESS REPORT:
    application: ulitos
    started_at: nonode@nohost
 (application_controller:info_started/2:2107)
2022-08-05 09:33:51.733318+00:00 [debug] PROGRESS REPORT:
    application: poolboy
    started_at: nonode@nohost
 (application_controller:info_started/2:2107)
2022-08-05 09:33:51.734621+00:00 [info]     msg: Starting application: influx_udp (influx_udp_app:start/2:10)
2022-08-05 09:33:51.737028+00:00 [debug] PROGRESS REPORT:
    supervisor: {local,influx_udp_sup}
    started: [{pid,<0.1035.0>},
              {id,influx_udp},
              {mfargs,{influx_udp,start_link,[]}},
              {restart_type,permanent},
              {significant,false},
              {shutdown,5000},
              {child_type,worker}]
 (supervisor:report_progress/2:1557)
2022-08-05 09:33:51.737219+00:00 [debug] PROGRESS REPORT:
    application: influx_udp
    started_at: nonode@nohost
 (application_controller:info_started/2:2107)
2022-08-05 09:33:51.737282+00:00 [debug] Dependency influx_udp was available already (eturnal_module:ensure_dep/2:284)
2022-08-05 09:33:51.739528+00:00 [info]     host: {127,0,0,1}
    msg: Start clients pool
    options: #{host => "localhost",max_overflow => 1,pool_size => 1,
               port => 8089} (influx_udp:start_pool_/2:239)
2022-08-05 09:33:51.758213+00:00 [info]     msg: Open UDP socket on port
    port: 40094 (influx_udp_worker:init/1:43)
2022-08-05 09:33:51.758485+00:00 [debug] PROGRESS REPORT:
    supervisor: {local,influx_udp_sup}
    started: [{pid,<0.1038.0>},
              {id,stats_influx_pool},
              {mfargs,
                  {poolboy,start_link,
                      [[{name,{local,stats_influx_pool}},
                        {worker_module,influx_udp_worker},
                        {size,1},
                        {max_overflow,1}],
                       [{options,
                            #{host => {127,0,0,1},
                              max_overflow => 1,pool_size => 1,
                              port => 8089}}]]}},
              {restart_type,permanent},
              {significant,false},
              {shutdown,5000},
              {child_type,worker}]
 (supervisor:report_progress/2:1557)
2022-08-05 09:33:51.758680+00:00 [info] Started mod_stats_influx (eturnal:start_modules/0:313)
2022-08-05 09:33:51.759338+00:00 [debug] Calling mod_stats_prometheus:start/0 (eturnal_module:start/1:143)
2022-08-05 09:33:51.760132+00:00 [debug] Starting mod_stats_prometheus (mod_stats_prometheus:start/0:56)
2022-08-05 09:33:53.501035+00:00 [debug] PROGRESS REPORT:
    application: prometheus
    started_at: nonode@nohost
 (application_controller:info_started/2:2107)
2022-08-05 09:33:53.502189+00:00 [debug] PROGRESS REPORT:
    application: accept
    started_at: nonode@nohost
 (application_controller:info_started/2:2107)
2022-08-05 09:33:53.502434+00:00 [debug] PROGRESS REPORT:
    application: prometheus_httpd
    started_at: nonode@nohost
 (application_controller:info_started/2:2107)
2022-08-05 09:33:53.502491+00:00 [debug] Dependency prometheus_httpd was available already (eturnal_module:ensure_dep/2:284)
2022-08-05 09:33:53.503788+00:00 [debug] PROGRESS REPORT:
    supervisor: {local,httpd_instance_sup__127_0_0_1__9081default}
    started: [{pid,<0.1060.0>},
              {id,{httpd_connection_sup,{127,0,0,1},9081,default}},
              {mfargs,{httpd_connection_sup,start_link,[[{127,0,0,1},9081]]}},
              {restart_type,permanent},
              {significant,false},
              {shutdown,5000},
              {child_type,supervisor}]
 (supervisor:report_progress/2:1557)
2022-08-05 09:33:53.504109+00:00 [debug] PROGRESS REPORT:
    supervisor: {local,httpd_acceptor_sup__127_0_0_1__9081default}
    started: [{pid,<0.1062.0>},
              {id,{httpd_acceptor_sup,{127,0,0,1},9081,default}},
              {mfargs,{httpd_acceptor,start_link,
                                      [httpd__127_0_0_1__9081default,ip_comm,
                                       {127,0,0,1},
                                       9081,inet,
                                       httpd_conf__127_0_0_1__9081default,
                                       15000]}},
              {restart_type,transient},
              {significant,false},
              {shutdown,brutal_kill},
              {child_type,worker}]
 (supervisor:report_progress/2:1557)
2022-08-05 09:33:53.504259+00:00 [debug] PROGRESS REPORT:
    supervisor: {local,httpd_instance_sup__127_0_0_1__9081default}
    started: [{pid,<0.1061.0>},
              {id,{httpd_acceptor_sup,{127,0,0,1},9081,default}},
              {mfargs,
                  {httpd_acceptor_sup,start_link,
                      [[{127,0,0,1},
                        9081,
                        [{bind_address,{127,0,0,1}},
                         {socket_type,ip_comm},
                         {port,9081},
                         {server_root,"run/mod_stats_prometheus/doc"},
                         {document_root,"run/mod_stats_prometheus/doc"},
                         {server_name,"Prometheus Exporter"},
                         {modules,[prometheus_httpd]}],
                        15000,undefined]]}},
              {restart_type,permanent},
              {significant,false},
              {shutdown,infinity},
              {child_type,supervisor}]
 (supervisor:report_progress/2:1557)
2022-08-05 09:33:53.504419+00:00 [debug] PROGRESS REPORT:
    supervisor: {local,httpd_instance_sup__127_0_0_1__9081default}
    started: [{pid,<0.1063.0>},
              {id,{httpd_misc_sup,{127,0,0,1},9081,default}},
              {mfargs,{httpd_misc_sup,start_link,[{127,0,0,1},9081,default]}},
              {restart_type,permanent},
              {significant,false},
              {shutdown,infinity},
              {child_type,supervisor}]
 (supervisor:report_progress/2:1557)
2022-08-05 09:33:53.504666+00:00 [debug] PROGRESS REPORT:
    supervisor: {local,httpd_instance_sup__127_0_0_1__9081default}
    started: [{pid,<0.1064.0>},
              {id,{httpd_manager,{127,0,0,1},9081,default}},
              {mfargs,
                  {httpd_manager,start_link,
                      [undefined,
                       [{bind_address,{127,0,0,1}},
                        {socket_type,ip_comm},
                        {port,9081},
                        {server_root,"run/mod_stats_prometheus/doc"},
                        {document_root,"run/mod_stats_prometheus/doc"},
                        {server_name,"Prometheus Exporter"},
                        {modules,[prometheus_httpd]}],
                       15000]}},
              {restart_type,permanent},
              {significant,false},
              {shutdown,4000},
              {child_type,worker}]
 (supervisor:report_progress/2:1557)
2022-08-05 09:33:53.504784+00:00 [debug] PROGRESS REPORT:
    supervisor: {local,httpd_sup}
    started: [{pid,<0.1059.0>},
              {id,{httpd_instance_sup,{127,0,0,1},9081,default}},
              {mfargs,
                  {httpd_instance_sup,start_link,
                      [[{bind_address,{127,0,0,1}},
                        {socket_type,ip_comm},
                        {port,9081},
                        {server_root,"run/mod_stats_prometheus/doc"},
                        {document_root,"run/mod_stats_prometheus/doc"},
                        {server_name,"Prometheus Exporter"},
                        {modules,[prometheus_httpd]}],
                       15000,[]]}},
              {restart_type,permanent},
              {significant,false},
              {shutdown,infinity},
              {child_type,supervisor}]
 (supervisor:report_progress/2:1557)
2022-08-05 09:33:53.506442+00:00 [info] Started mod_stats_prometheus (eturnal:start_modules/0:313)
2022-08-05 09:33:53.506636+00:00 [debug] Starting listener 127.0.0.1:34780 (udp) with options:
[{use_turn,true},
 {auth_type,user},
 {turn_ipv4_address,{127,0,0,1}},
 {turn_min_port,49152},
 {turn_max_port,65535},
 {turn_max_allocations,10},
 {turn_max_permissions,10},
 {shaper,100000},
 {turn_blacklist,[{{10,0,0,0},8},
                  {{100,64,0,0},10},
                  {{127,0,0,0},8},
                  {{169,254,0,0},16},
                  {{172,16,0,0},12},
                  {{192,0,0,0},24},
                  {{192,0,2,0},24},
                  {{192,88,99,0},24},
                  {{192,168,0,0},16},
                  {{198,18,0,0},15},
                  {{198,51,100,0},24},
                  {{203,0,113,0},24},
                  {{224,0,0,0},4},
                  {{240,0,0,0},4},
                  {{0,0,0,0,0,0,0,1},128},
                  {{0,0,0,0,0,65535,0,0},96},
                  {{100,65435,0,0,0,0,0,0},96},
                  {{256,0,0,0,0,0,0,0},64},
                  {{8193,3512,0,0,0,0,0,0},32},
                  {{64512,0,0,0,0,0,0,0},7},
                  {{65152,0,0,0,0,0,0,0},10},
                  {{65280,0,0,0,0,0,0,0},8}]},
 {turn_whitelist,[{{127,0,0,1},32},
                  {{203,0,113,113},32},
                  {{8193,3512,0,0,0,0,0,0},64}]},
 {auth_realm,<<"eturnal.net">>},
 {server_name,<<"eturnal">>},
 {auth_fun,fun eturnal:get_password/2},
 {hook_fun,fun eturnal:run_hook/2}] (eturnal:start_listeners/0:346)
2022-08-05 09:33:53.507479+00:00 [info] Listening on 127.0.0.1:34780 (udp) (STUN/TURN) (eturnal:start_listeners/0:353)
2022-08-05 09:33:53.507605+00:00 [debug] Starting listener 127.0.0.1:34780 (tcp) with options:
[{use_turn,false},
 {auth_type,anonymous},
 {turn_ipv4_address,{127,0,0,1}},
 {turn_min_port,49152},
 {turn_max_port,65535},
 {turn_max_allocations,10},
 {turn_max_permissions,10},
 {shaper,100000},
 {turn_blacklist,[{{10,0,0,0},8},
                  {{100,64,0,0},10},
                  {{127,0,0,0},8},
                  {{169,254,0,0},16},
                  {{172,16,0,0},12},
                  {{192,0,0,0},24},
                  {{192,0,2,0},24},
                  {{192,88,99,0},24},
                  {{192,168,0,0},16},
                  {{198,18,0,0},15},
                  {{198,51,100,0},24},
                  {{203,0,113,0},24},
                  {{224,0,0,0},4},
                  {{240,0,0,0},4},
                  {{0,0,0,0,0,0,0,1},128},
                  {{0,0,0,0,0,65535,0,0},96},
                  {{100,65435,0,0,0,0,0,0},96},
                  {{256,0,0,0,0,0,0,0},64},
                  {{8193,3512,0,0,0,0,0,0},32},
                  {{64512,0,0,0,0,0,0,0},7},
                  {{65152,0,0,0,0,0,0,0},10},
                  {{65280,0,0,0,0,0,0,0},8}]},
 {turn_whitelist,[{{127,0,0,1},32},
                  {{203,0,113,113},32},
                  {{8193,3512,0,0,0,0,0,0},64}]},
 {auth_realm,<<"eturnal.net">>},
 {server_name,<<"eturnal">>},
 {auth_fun,fun eturnal:get_password/2},
 {hook_fun,fun eturnal:run_hook/2}] (eturnal:start_listeners/0:346)
2022-08-05 09:33:53.508086+00:00 [info] Listening on 127.0.0.1:34780 (tcp) (STUN only) (eturnal:start_listeners/0:353)
2022-08-05 09:33:53.508182+00:00 [debug] Starting listener 127.0.0.1:53490 (tls) with options:
[{use_turn,false},
 {auth_type,anonymous},
 {tls,true},
 {certfile,<<"run/cert.pem">>},
 {ciphers,<<"HIGH:!aNULL:@STRENGTH">>},
 {protocol_options,<<"no_tlsv1|no_tlsv1_1|cipher_server_preference">>},
 {turn_ipv4_address,{127,0,0,1}},
 {turn_min_port,49152},
 {turn_max_port,65535},
 {turn_max_allocations,10},
 {turn_max_permissions,10},
 {shaper,100000},
 {turn_blacklist,[{{10,0,0,0},8},
                  {{100,64,0,0},10},
                  {{127,0,0,0},8},
                  {{169,254,0,0},16},
                  {{172,16,0,0},12},
                  {{192,0,0,0},24},
                  {{192,0,2,0},24},
                  {{192,88,99,0},24},
                  {{192,168,0,0},16},
                  {{198,18,0,0},15},
                  {{198,51,100,0},24},
                  {{203,0,113,0},24},
                  {{224,0,0,0},4},
                  {{240,0,0,0},4},
                  {{0,0,0,0,0,0,0,1},128},
                  {{0,0,0,0,0,65535,0,0},96},
                  {{100,65435,0,0,0,0,0,0},96},
                  {{256,0,0,0,0,0,0,0},64},
                  {{8193,3512,0,0,0,0,0,0},32},
                  {{64512,0,0,0,0,0,0,0},7},
                  {{65152,0,0,0,0,0,0,0},10},
                  {{65280,0,0,0,0,0,0,0},8}]},
 {turn_whitelist,[{{127,0,0,1},32},
                  {{203,0,113,113},32},
                  {{8193,3512,0,0,0,0,0,0},64}]},
 {auth_realm,<<"eturnal.net">>},
 {server_name,<<"eturnal">>},
 {auth_fun,fun eturnal:get_password/2},
 {hook_fun,fun eturnal:run_hook/2}] (eturnal:start_listeners/0:346)
2022-08-05 09:33:53.508725+00:00 [info] Listening on 127.0.0.1:53490 (tls) (STUN only) (eturnal:start_listeners/0:353)
2022-08-05 09:33:53.508830+00:00 [debug] Starting listener 127.0.0.1:34781 (auto) with options:
[{use_turn,false},
 {auth_type,anonymous},
 {tls,optional},
 {certfile,<<"run/cert.pem">>},
 {ciphers,<<"HIGH:!aNULL:@STRENGTH">>},
 {protocol_options,<<"no_tlsv1|no_tlsv1_1|cipher_server_preference">>},
 {turn_ipv4_address,{127,0,0,1}},
 {turn_min_port,49152},
 {turn_max_port,65535},
 {turn_max_allocations,10},
 {turn_max_permissions,10},
 {shaper,100000},
 {turn_blacklist,[{{10,0,0,0},8},
                  {{100,64,0,0},10},
                  {{127,0,0,0},8},
                  {{169,254,0,0},16},
                  {{172,16,0,0},12},
                  {{192,0,0,0},24},
                  {{192,0,2,0},24},
                  {{192,88,99,0},24},
                  {{192,168,0,0},16},
                  {{198,18,0,0},15},
                  {{198,51,100,0},24},
                  {{203,0,113,0},24},
                  {{224,0,0,0},4},
                  {{240,0,0,0},4},
                  {{0,0,0,0,0,0,0,1},128},
                  {{0,0,0,0,0,65535,0,0},96},
                  {{100,65435,0,0,0,0,0,0},96},
                  {{256,0,0,0,0,0,0,0},64},
                  {{8193,3512,0,0,0,0,0,0},32},
                  {{64512,0,0,0,0,0,0,0},7},
                  {{65152,0,0,0,0,0,0,0},10},
                  {{65280,0,0,0,0,0,0,0},8}]},
 {turn_whitelist,[{{127,0,0,1},32},
                  {{203,0,113,113},32},
                  {{8193,3512,0,0,0,0,0,0},64}]},
 {auth_realm,<<"eturnal.net">>},
 {server_name,<<"eturnal">>},
 {auth_fun,fun eturnal:get_password/2},
 {hook_fun,fun eturnal:run_hook/2}] (eturnal:start_listeners/0:346)
2022-08-05 09:33:53.509656+00:00 [info] Listening on 127.0.0.1:34781 (auto) (STUN only) (eturnal:start_listeners/0:353)
2022-08-05 09:33:53.509772+00:00 [debug] Started 3 modules (eturnal:init/1:96)
2022-08-05 09:33:53.509982+00:00 [debug] Started 4 listeners (eturnal:init/1:97)
2022-08-05 09:33:53.510088+00:00 [debug] PROGRESS REPORT:
    supervisor: {local,eturnal_sup}
    started: [{pid,<0.1015.0>},
              {id,eturnal},
              {mfargs,{eturnal,start_link,[]}},
              {restart_type,permanent},
              {significant,false},
              {shutdown,5000},
              {child_type,worker}]
 (supervisor:report_progress/2:1557)
2022-08-05 09:33:53.510179+00:00 [debug] No NOTIFY_SOCKET, dropping READY=1 notification (eturnal_systemd:handle_cast/2:108)
2022-08-05 09:33:53.510292+00:00 [debug] Watchdog interval is undefined, hibernating (eturnal_systemd:get_timeout/1:161)
2022-08-05 09:33:53.510300+00:00 [debug] PROGRESS REPORT:
    application: eturnal
    started_at: nonode@nohost
 (application_controller:info_started/2:2107)
2022-08-05 09:33:53.543206+00:00 [debug] Handling API call: get_info() (eturnal_ctl:get_info/0:134)
2022-08-05 09:33:53.543710+00:00 [debug] eturnal call (get_info) returned {ok,
                                  {eturnal_node_info,<<"1.10.1">>,
                                   {"25","13.0"},
                                   5546,0,149,141986455,2,55529464}} (eturnal_ctl:call/1:451)
2022-08-05 09:33:53.566888+00:00 [debug] Handling API call: get_sessions() (eturnal_ctl:get_sessions/0:105)
2022-08-05 09:33:53.590543+00:00 [debug] Handling API call: get_sessions("alice") (eturnal_ctl:get_sessions/1:115)
2022-08-05 09:33:53.590736+00:00 [debug] Handling API call: disconnect(alice) (eturnal_ctl:disconnect/1:183)
2022-08-05 09:33:53.590832+00:00 [debug] Cannot convert user name to binary: alice (eturnal_ctl:disconnect/1:193)
2022-08-05 09:33:53.615367+00:00 [debug] Handling API call: disconnect("alice") (eturnal_ctl:disconnect/1:183)
2022-08-05 09:33:53.615590+00:00 [debug] Handling API call: disconnect(alice) (eturnal_ctl:disconnect/1:183)
2022-08-05 09:33:53.615712+00:00 [debug] Cannot convert user name to binary: alice (eturnal_ctl:disconnect/1:193)
2022-08-05 09:33:53.639338+00:00 [debug] Handling API call: get_credentials("2009-10-30 11:00:00Z", []) (eturnal_ctl:get_credentials/2:59)
2022-08-05 09:33:53.639555+00:00 [debug] eturnal call ({get_password,<<"1256900400">>}) returned {ok,
                                                         <<"uEKlpcME7MNMMVRV8rUFPCTIFEs=">>} (eturnal_ctl:call/1:451)
2022-08-05 09:33:53.639706+00:00 [debug] Handling API call: get_credentials("86400", "alice") (eturnal_ctl:get_credentials/2:59)
2022-08-05 09:33:53.639832+00:00 [debug] eturnal call ({get_password,<<"1659778433:alice">>}) returned {ok,
                                                               <<"QCQxV8tZV/1RU4/aY0iMwRrfsc4=">>} (eturnal_ctl:call/1:451)
2022-08-05 09:33:53.639929+00:00 [debug] Handling API call: get_password("1659778433:alice") (eturnal_ctl:get_password/1:78)
2022-08-05 09:33:53.640010+00:00 [debug] eturnal call ({get_password,<<"1659778433:alice">>}) returned {ok,
                                                               <<"QCQxV8tZV/1RU4/aY0iMwRrfsc4=">>} (eturnal_ctl:call/1:451)
2022-08-05 09:33:53.640126+00:00 [debug] Handling API call: get_credentials("86400s", "alice") (eturnal_ctl:get_credentials/2:59)
2022-08-05 09:33:53.640220+00:00 [debug] eturnal call ({get_password,<<"1659778433:alice">>}) returned {ok,
                                                               <<"QCQxV8tZV/1RU4/aY0iMwRrfsc4=">>} (eturnal_ctl:call/1:451)
2022-08-05 09:33:53.640325+00:00 [debug] Handling API call: get_password("1659778433:alice") (eturnal_ctl:get_password/1:78)
2022-08-05 09:33:53.640406+00:00 [debug] eturnal call ({get_password,<<"1659778433:alice">>}) returned {ok,
                                                               <<"QCQxV8tZV/1RU4/aY0iMwRrfsc4=">>} (eturnal_ctl:call/1:451)
2022-08-05 09:33:53.640535+00:00 [debug] Handling API call: get_credentials("1440m", "alice") (eturnal_ctl:get_credentials/2:59)
2022-08-05 09:33:53.640640+00:00 [debug] eturnal call ({get_password,<<"1659778433:alice">>}) returned {ok,
                                                               <<"QCQxV8tZV/1RU4/aY0iMwRrfsc4=">>} (eturnal_ctl:call/1:451)
2022-08-05 09:33:53.640732+00:00 [debug] Handling API call: get_password("1659778433:alice") (eturnal_ctl:get_password/1:78)
2022-08-05 09:33:53.640816+00:00 [debug] eturnal call ({get_password,<<"1659778433:alice">>}) returned {ok,
                                                               <<"QCQxV8tZV/1RU4/aY0iMwRrfsc4=">>} (eturnal_ctl:call/1:451)
2022-08-05 09:33:53.640926+00:00 [debug] Handling API call: get_credentials("24h", "alice") (eturnal_ctl:get_credentials/2:59)
2022-08-05 09:33:53.641030+00:00 [debug] eturnal call ({get_password,<<"1659778433:alice">>}) returned {ok,
                                                               <<"QCQxV8tZV/1RU4/aY0iMwRrfsc4=">>} (eturnal_ctl:call/1:451)
2022-08-05 09:33:53.641119+00:00 [debug] Handling API call: get_password("1659778433:alice") (eturnal_ctl:get_password/1:78)
2022-08-05 09:33:53.641192+00:00 [debug] eturnal call ({get_password,<<"1659778433:alice">>}) returned {ok,
                                                               <<"QCQxV8tZV/1RU4/aY0iMwRrfsc4=">>} (eturnal_ctl:call/1:451)
2022-08-05 09:33:53.641306+00:00 [debug] Handling API call: get_credentials("1d", "alice") (eturnal_ctl:get_credentials/2:59)
2022-08-05 09:33:53.641396+00:00 [debug] eturnal call ({get_password,<<"1659778433:alice">>}) returned {ok,
                                                               <<"QCQxV8tZV/1RU4/aY0iMwRrfsc4=">>} (eturnal_ctl:call/1:451)
2022-08-05 09:33:53.641485+00:00 [debug] Handling API call: get_password("1659778433:alice") (eturnal_ctl:get_password/1:78)
2022-08-05 09:33:53.641566+00:00 [debug] eturnal call ({get_password,<<"1659778433:alice">>}) returned {ok,
                                                               <<"QCQxV8tZV/1RU4/aY0iMwRrfsc4=">>} (eturnal_ctl:call/1:451)
2022-08-05 09:33:53.641686+00:00 [debug] Handling API call: get_password("Invalid") (eturnal_ctl:get_password/1:78)
2022-08-05 09:33:53.641780+00:00 [debug] Invalid user name: Invalid (eturnal_ctl:get_password/1:92)
2022-08-05 09:33:53.641853+00:00 [debug] Handling API call: get_credentials("Invalid", []) (eturnal_ctl:get_credentials/2:59)
2022-08-05 09:33:53.641941+00:00 [debug] Invalid argument(s): "Invalid":[] (eturnal_ctl:get_credentials/2:72)
2022-08-05 09:33:53.642009+00:00 [debug] Handling API call: get_password(invalid) (eturnal_ctl:get_password/1:78)
2022-08-05 09:33:53.642071+00:00 [debug] Cannot convert user name to binary: invalid (eturnal_ctl:get_password/1:99)
2022-08-05 09:33:53.642134+00:00 [debug] Handling API call: get_credentials(invalid, []) (eturnal_ctl:get_credentials/2:59)
2022-08-05 09:33:53.642199+00:00 [debug] Invalid argument(s): invalid:[] (eturnal_ctl:get_credentials/2:72)
2022-08-05 09:33:53.642329+00:00 [debug] Handling API call: get_password([invalid]) (eturnal_ctl:get_password/1:78)
2022-08-05 09:33:53.642456+00:00 [debug] Cannot convert user name to binary: [invalid] (eturnal_ctl:get_password/1:99)
2022-08-05 09:33:53.642565+00:00 [debug] Handling API call: get_credentials([invalid], []) (eturnal_ctl:get_credentials/2:59)
2022-08-05 09:33:53.642659+00:00 [debug] Invalid argument(s): [invalid]:[] (eturnal_ctl:get_credentials/2:72)
2022-08-05 09:33:53.642808+00:00 [debug] Handling API call: get_credentials(1256900400, invalid) (eturnal_ctl:get_credentials/2:59)
2022-08-05 09:33:53.642893+00:00 [debug] Invalid argument(s): 1256900400:invalid (eturnal_ctl:get_credentials/2:72)
2022-08-05 09:33:53.667705+00:00 [debug] Handling API call: set_loglevel(debug) (eturnal_ctl:set_loglevel/1:164)
2022-08-05 09:33:53.667915+00:00 [debug] eturnal call ({set_loglevel,debug}) returned ok (eturnal_ctl:call/1:448)
2022-08-05 09:33:53.668058+00:00 [debug] Handling API call: get_loglevel() (eturnal_ctl:get_loglevel/0:154)
2022-08-05 09:33:53.668149+00:00 [debug] eturnal call (get_loglevel) returned {ok,debug} (eturnal_ctl:call/1:451)
2022-08-05 09:33:53.668302+00:00 [debug] Handling API call: set_loglevel(invalid) (eturnal_ctl:set_loglevel/1:164)
2022-08-05 09:33:53.668424+00:00 [debug] Invalid log level: invalid (eturnal_ctl:set_loglevel/1:174)
2022-08-05 09:33:53.668552+00:00 [debug] Handling API call: get_loglevel() (eturnal_ctl:get_loglevel/0:154)
2022-08-05 09:33:53.668628+00:00 [debug] eturnal call (get_loglevel) returned {ok,debug} (eturnal_ctl:call/1:451)
2022-08-05 09:33:53.694000+00:00 [debug] Handling API call: get_version() (eturnal_ctl:get_version/0:144)
2022-08-05 09:33:53.694161+00:00 [debug] eturnal call (get_version) returned {ok,<<"1.10.1">>} (eturnal_ctl:call/1:451)
2022-08-05 09:33:53.718361+00:00 [debug] Handling API call: reload() (eturnal_ctl:reload/0:199)
2022-08-05 09:33:53.720200+00:00 [debug] Calling mod_log_stun:options/0 (eturnal_module:options/1:192)
2022-08-05 09:33:53.720325+00:00 [debug] Calling mod_stats_influx:options/0 (eturnal_module:options/1:192)
2022-08-05 09:33:53.720413+00:00 [debug] Calling mod_stats_prometheus:options/0 (eturnal_module:options/1:192)
2022-08-05 09:33:53.721574+00:00 [warning] TLS enabled without 'tls_crt_file', creating self-signed certificate (eturnal:check_pem_file/0:669)
2022-08-05 09:33:54.064504+00:00 [info] Using new TLS certificate (eturnal:handle_call/3:114)
2022-08-05 09:33:54.064890+00:00 [debug] Calling mod_log_stun:stop/1 (eturnal_module:stop/1:163)
2022-08-05 09:33:54.065409+00:00 [debug] Stopping mod_log_stun (mod_log_stun:stop/0:49)
2022-08-05 09:33:54.065610+00:00 [info] Stopped mod_log_stun (eturnal:stop_modules/1:326)
2022-08-05 09:33:54.066624+00:00 [debug] Calling mod_stats_influx:stop/1 (eturnal_module:stop/1:163)
2022-08-05 09:33:54.066783+00:00 [debug] Stopping mod_stats_influx (mod_stats_influx:stop/0:61)
2022-08-05 09:33:54.066890+00:00 [info] Stopped mod_stats_influx (eturnal:stop_modules/1:326)
2022-08-05 09:33:54.069847+00:00 [debug] Calling mod_stats_prometheus:stop/1 (eturnal_module:stop/1:163)
2022-08-05 09:33:54.070376+00:00 [debug] Stopping mod_stats_prometheus (mod_stats_prometheus:stop/0:110)
2022-08-05 09:33:54.070827+00:00 [info] Stopped mod_stats_prometheus (eturnal:stop_modules/1:326)
2022-08-05 09:33:54.070937+00:00 [debug] Calling mod_log_stun:start/0 (eturnal_module:start/1:143)
2022-08-05 09:33:54.071055+00:00 [debug] Starting mod_log_stun (mod_log_stun:start/0:38)
2022-08-05 09:33:54.072353+00:00 [info] Started mod_log_stun (eturnal:start_modules/0:313)
2022-08-05 09:33:54.072842+00:00 [debug] Calling mod_stats_influx:start/0 (eturnal_module:start/1:143)
2022-08-05 09:33:54.073010+00:00 [debug] Starting mod_stats_influx (mod_stats_influx:start/0:37)
2022-08-05 09:33:54.073213+00:00 [debug] Dependency influx_udp was available already (eturnal_module:ensure_dep/2:284)
2022-08-05 09:33:54.074402+00:00 [info]     host: {127,0,0,1}
    msg: Start clients pool
    options: #{host => "localhost",max_overflow => 1,pool_size => 1,
               port => 8089} (influx_udp:start_pool_/2:239)
2022-08-05 09:33:54.076359+00:00 [info] Started mod_stats_influx (eturnal:start_modules/0:313)
2022-08-05 09:33:54.076497+00:00 [debug] Calling mod_stats_prometheus:start/0 (eturnal_module:start/1:143)
2022-08-05 09:33:54.076583+00:00 [debug] Starting mod_stats_prometheus (mod_stats_prometheus:start/0:56)
2022-08-05 09:33:54.076734+00:00 [debug] Dependency prometheus_httpd was available already (eturnal_module:ensure_dep/2:284)
2022-08-05 09:33:54.078199+00:00 [debug] PROGRESS REPORT:
    supervisor: {local,httpd_instance_sup__127_0_0_1__9081default}
    started: [{pid,<0.1190.0>},
              {id,{httpd_connection_sup,{127,0,0,1},9081,default}},
              {mfargs,{httpd_connection_sup,start_link,[[{127,0,0,1},9081]]}},
              {restart_type,permanent},
              {significant,false},
              {shutdown,5000},
              {child_type,supervisor}]
 (supervisor:report_progress/2:1557)
2022-08-05 09:33:54.078593+00:00 [debug] PROGRESS REPORT:
    supervisor: {local,httpd_acceptor_sup__127_0_0_1__9081default}
    started: [{pid,<0.1192.0>},
              {id,{httpd_acceptor_sup,{127,0,0,1},9081,default}},
              {mfargs,{httpd_acceptor,start_link,
                                      [httpd__127_0_0_1__9081default,ip_comm,
                                       {127,0,0,1},
                                       9081,inet,
                                       httpd_conf__127_0_0_1__9081default,
                                       15000]}},
              {restart_type,transient},
              {significant,false},
              {shutdown,brutal_kill},
              {child_type,worker}]
 (supervisor:report_progress/2:1557)
2022-08-05 09:33:54.078733+00:00 [debug] PROGRESS REPORT:
    supervisor: {local,httpd_instance_sup__127_0_0_1__9081default}
    started: [{pid,<0.1191.0>},
              {id,{httpd_acceptor_sup,{127,0,0,1},9081,default}},
              {mfargs,
                  {httpd_acceptor_sup,start_link,
                      [[{127,0,0,1},
                        9081,
                        [{bind_address,{127,0,0,1}},
                         {socket_type,ip_comm},
                         {port,9081},
                         {server_root,"run/mod_stats_prometheus/doc"},
                         {document_root,"run/mod_stats_prometheus/doc"},
                         {server_name,"Prometheus Exporter"},
                         {modules,[prometheus_httpd]}],
                        15000,undefined]]}},
              {restart_type,permanent},
              {significant,false},
              {shutdown,infinity},
              {child_type,supervisor}]
 (supervisor:report_progress/2:1557)
2022-08-05 09:33:54.078878+00:00 [debug] PROGRESS REPORT:
    supervisor: {local,httpd_instance_sup__127_0_0_1__9081default}
    started: [{pid,<0.1193.0>},
              {id,{httpd_misc_sup,{127,0,0,1},9081,default}},
              {mfargs,{httpd_misc_sup,start_link,[{127,0,0,1},9081,default]}},
              {restart_type,permanent},
              {significant,false},
              {shutdown,infinity},
              {child_type,supervisor}]
 (supervisor:report_progress/2:1557)
2022-08-05 09:33:54.079152+00:00 [debug] PROGRESS REPORT:
    supervisor: {local,httpd_instance_sup__127_0_0_1__9081default}
    started: [{pid,<0.1194.0>},
              {id,{httpd_manager,{127,0,0,1},9081,default}},
              {mfargs,
                  {httpd_manager,start_link,
                      [undefined,
                       [{bind_address,{127,0,0,1}},
                        {socket_type,ip_comm},
                        {port,9081},
                        {server_root,"run/mod_stats_prometheus/doc"},
                        {document_root,"run/mod_stats_prometheus/doc"},
                        {server_name,"Prometheus Exporter"},
                        {modules,[prometheus_httpd]}],
                       15000]}},
              {restart_type,permanent},
              {significant,false},
              {shutdown,4000},
              {child_type,worker}]
 (supervisor:report_progress/2:1557)
2022-08-05 09:33:54.079268+00:00 [debug] PROGRESS REPORT:
    supervisor: {local,httpd_sup}
    started: [{pid,<0.1188.0>},
              {id,{httpd_instance_sup,{127,0,0,1},9081,default}},
              {mfargs,
                  {httpd_instance_sup,start_link,
                      [[{bind_address,{127,0,0,1}},
                        {socket_type,ip_comm},
                        {port,9081},
                        {server_root,"run/mod_stats_prometheus/doc"},
                        {document_root,"run/mod_stats_prometheus/doc"},
                        {server_name,"Prometheus Exporter"},
                        {modules,[prometheus_httpd]}],
                       15000,[]]}},
              {restart_type,permanent},
              {significant,false},
              {shutdown,infinity},
              {child_type,supervisor}]
 (supervisor:report_progress/2:1557)
2022-08-05 09:33:54.080754+00:00 [info] Started mod_stats_prometheus (eturnal:start_modules/0:313)
2022-08-05 09:33:54.080892+00:00 [debug] Restarted modules (eturnal:handle_call/3:122)
2022-08-05 09:33:54.080980+00:00 [debug] eturnal call (reload) returned ok (eturnal_ctl:call/1:448)
2022-08-05 09:33:54.082188+00:00 [debug] Handling API call: reload() (eturnal_ctl:reload/0:199)
2022-08-05 09:33:54.084043+00:00 [debug] Calling mod_log_stun:options/0 (eturnal_module:options/1:192)
2022-08-05 09:33:54.084185+00:00 [debug] Calling mod_stats_influx:options/0 (eturnal_module:options/1:192)
2022-08-05 09:33:54.084357+00:00 [debug] Calling mod_stats_prometheus:options/0 (eturnal_module:options/1:192)
2022-08-05 09:33:54.084956+00:00 [debug] Keeping PEM file (run/cert.pem) (eturnal:check_pem_file/0:666)
2022-08-05 09:33:54.085130+00:00 [debug] TLS certificate unchanged (eturnal:handle_call/3:116)
2022-08-05 09:33:54.087002+00:00 [debug] Calling mod_log_stun:stop/1 (eturnal_module:stop/1:163)
2022-08-05 09:33:54.087239+00:00 [debug] Stopping mod_log_stun (mod_log_stun:stop/0:49)
2022-08-05 09:33:54.087837+00:00 [info] Stopped mod_log_stun (eturnal:stop_modules/1:326)
2022-08-05 09:33:54.089602+00:00 [debug] Calling mod_stats_influx:stop/1 (eturnal_module:stop/1:163)
2022-08-05 09:33:54.089753+00:00 [debug] Stopping mod_stats_influx (mod_stats_influx:stop/0:61)
2022-08-05 09:33:54.089892+00:00 [info] Stopped mod_stats_influx (eturnal:stop_modules/1:326)
2022-08-05 09:33:54.091176+00:00 [debug] Calling mod_stats_prometheus:stop/1 (eturnal_module:stop/1:163)
2022-08-05 09:33:54.091302+00:00 [debug] Stopping mod_stats_prometheus (mod_stats_prometheus:stop/0:110)
2022-08-05 09:33:54.091551+00:00 [info] Stopped mod_stats_prometheus (eturnal:stop_modules/1:326)
2022-08-05 09:33:54.091676+00:00 [debug] Calling mod_log_stun:start/0 (eturnal_module:start/1:143)
2022-08-05 09:33:54.091744+00:00 [debug] Starting mod_log_stun (mod_log_stun:start/0:38)
2022-08-05 09:33:54.092450+00:00 [info] Started mod_log_stun (eturnal:start_modules/0:313)
2022-08-05 09:33:54.092562+00:00 [debug] Calling mod_stats_influx:start/0 (eturnal_module:start/1:143)
2022-08-05 09:33:54.092696+00:00 [debug] Starting mod_stats_influx (mod_stats_influx:start/0:37)
2022-08-05 09:33:54.093095+00:00 [debug] Dependency influx_udp was available already (eturnal_module:ensure_dep/2:284)
2022-08-05 09:33:54.093382+00:00 [info]     host: {127,0,0,1}
    msg: Start clients pool
    options: #{host => "localhost",max_overflow => 1,pool_size => 1,
               port => 8089} (influx_udp:start_pool_/2:239)
2022-08-05 09:33:54.095260+00:00 [info] Started mod_stats_influx (eturnal:start_modules/0:313)
2022-08-05 09:33:54.095492+00:00 [debug] Calling mod_stats_prometheus:start/0 (eturnal_module:start/1:143)
2022-08-05 09:33:54.095650+00:00 [debug] Starting mod_stats_prometheus (mod_stats_prometheus:start/0:56)
2022-08-05 09:33:54.096060+00:00 [debug] Dependency prometheus_httpd was available already (eturnal_module:ensure_dep/2:284)
2022-08-05 09:33:54.097400+00:00 [debug] PROGRESS REPORT:
    supervisor: {local,httpd_instance_sup__127_0_0_1__9081default}
    started: [{pid,<0.1225.0>},
              {id,{httpd_connection_sup,{127,0,0,1},9081,default}},
              {mfargs,{httpd_connection_sup,start_link,[[{127,0,0,1},9081]]}},
              {restart_type,permanent},
              {significant,false},
              {shutdown,5000},
              {child_type,supervisor}]
 (supervisor:report_progress/2:1557)
2022-08-05 09:33:54.097655+00:00 [debug] PROGRESS REPORT:
    supervisor: {local,httpd_acceptor_sup__127_0_0_1__9081default}
    started: [{pid,<0.1227.0>},
              {id,{httpd_acceptor_sup,{127,0,0,1},9081,default}},
              {mfargs,{httpd_acceptor,start_link,
                                      [httpd__127_0_0_1__9081default,ip_comm,
                                       {127,0,0,1},
                                       9081,inet,
                                       httpd_conf__127_0_0_1__9081default,
                                       15000]}},
              {restart_type,transient},
              {significant,false},
              {shutdown,brutal_kill},
              {child_type,worker}]
 (supervisor:report_progress/2:1557)
2022-08-05 09:33:54.097783+00:00 [debug] PROGRESS REPORT:
    supervisor: {local,httpd_instance_sup__127_0_0_1__9081default}
    started: [{pid,<0.1226.0>},
              {id,{httpd_acceptor_sup,{127,0,0,1},9081,default}},
              {mfargs,
                  {httpd_acceptor_sup,start_link,
                      [[{127,0,0,1},
                        9081,
                        [{bind_address,{127,0,0,1}},
                         {socket_type,ip_comm},
                         {port,9081},
                         {server_root,"run/mod_stats_prometheus/doc"},
                         {document_root,"run/mod_stats_prometheus/doc"},
                         {server_name,"Prometheus Exporter"},
                         {modules,[prometheus_httpd]}],
                        15000,undefined]]}},
              {restart_type,permanent},
              {significant,false},
              {shutdown,infinity},
              {child_type,supervisor}]
 (supervisor:report_progress/2:1557)
2022-08-05 09:33:54.097911+00:00 [debug] PROGRESS REPORT:
    supervisor: {local,httpd_instance_sup__127_0_0_1__9081default}
    started: [{pid,<0.1228.0>},
              {id,{httpd_misc_sup,{127,0,0,1},9081,default}},
              {mfargs,{httpd_misc_sup,start_link,[{127,0,0,1},9081,default]}},
              {restart_type,permanent},
              {significant,false},
              {shutdown,infinity},
              {child_type,supervisor}]
 (supervisor:report_progress/2:1557)
2022-08-05 09:33:54.098312+00:00 [debug] PROGRESS REPORT:
    supervisor: {local,httpd_instance_sup__127_0_0_1__9081default}
    started: [{pid,<0.1229.0>},
              {id,{httpd_manager,{127,0,0,1},9081,default}},
              {mfargs,
                  {httpd_manager,start_link,
                      [undefined,
                       [{bind_address,{127,0,0,1}},
                        {socket_type,ip_comm},
                        {port,9081},
                        {server_root,"run/mod_stats_prometheus/doc"},
                        {document_root,"run/mod_stats_prometheus/doc"},
                        {server_name,"Prometheus Exporter"},
                        {modules,[prometheus_httpd]}],
                       15000]}},
              {restart_type,permanent},
              {significant,false},
              {shutdown,4000},
              {child_type,worker}]
 (supervisor:report_progress/2:1557)
2022-08-05 09:33:54.098433+00:00 [debug] PROGRESS REPORT:
    supervisor: {local,httpd_sup}
    started: [{pid,<0.1224.0>},
              {id,{httpd_instance_sup,{127,0,0,1},9081,default}},
              {mfargs,
                  {httpd_instance_sup,start_link,
                      [[{bind_address,{127,0,0,1}},
                        {socket_type,ip_comm},
                        {port,9081},
                        {server_root,"run/mod_stats_prometheus/doc"},
                        {document_root,"run/mod_stats_prometheus/doc"},
                        {server_name,"Prometheus Exporter"},
                        {modules,[prometheus_httpd]}],
                       15000,[]]}},
              {restart_type,permanent},
              {significant,false},
              {shutdown,infinity},
              {child_type,supervisor}]
 (supervisor:report_progress/2:1557)
2022-08-05 09:33:54.100720+00:00 [info] Started mod_stats_prometheus (eturnal:start_modules/0:313)
2022-08-05 09:33:54.100853+00:00 [debug] Restarted modules (eturnal:handle_call/3:122)
2022-08-05 09:33:54.100954+00:00 [debug] eturnal call (reload) returned ok (eturnal_ctl:call/1:448)
2022-08-05 09:33:54.126727+00:00 [info] Accepting connection: 127.0.0.1:49814 -> 127.0.0.1:34780 [TCP, session px0lmone4pj0] (stun_acceptor:accept/3:158)
2022-08-05 09:33:54.150476+00:00 [info] Accepting connection: 127.0.0.1:53398 -> 127.0.0.1:53490 [TLS, session i7dv43m1wslo] (stun_acceptor:accept/3:158)
2022-08-05 09:33:54.174986+00:00 [debug] Received:
#stun{class = request,method = 3,magic = 554869826,
      trid = 6506908139504625047958633184,raw = <<>>,unsupported = [],
      'ALTERNATE-SERVER' = undefined,'CHANNEL-NUMBER' = undefined,
      'DATA' = undefined,'DONT-FRAGMENT' = false,'ERROR-CODE' = undefined,
      'LIFETIME' = undefined,'MAPPED-ADDRESS' = undefined,
      'MESSAGE-INTEGRITY' = undefined,'NONCE' = undefined,'REALM' = undefined,
      'REQUESTED-ADDRESS-FAMILY' = undefined,
      'REQUESTED-TRANSPORT' = undefined,'SOFTWARE' = undefined,
      'UNKNOWN-ATTRIBUTES' = [],'USERNAME' = undefined,
      'XOR-MAPPED-ADDRESS' = undefined,'XOR-PEER-ADDRESS' = [],
      'XOR-RELAYED-ADDRESS' = undefined} (stun:udp_recv/5:112)
2022-08-05 09:33:54.175119+00:00 [debug] Sending:
#stun{class = error,method = 3,magic = 554869826,
      trid = 6506908139504625047958633184,raw = <<>>,unsupported = [],
      'ALTERNATE-SERVER' = undefined,'CHANNEL-NUMBER' = undefined,
      'DATA' = undefined,'DONT-FRAGMENT' = false,
      'ERROR-CODE' = {401,<<"Unauthorized">>},
      'LIFETIME' = undefined,'MAPPED-ADDRESS' = undefined,
      'MESSAGE-INTEGRITY' = undefined,'NONCE' = <<"3383117412">>,
      'REALM' = <<"eturnal.net">>,'REQUESTED-ADDRESS-FAMILY' = undefined,
      'REQUESTED-TRANSPORT' = undefined,'SOFTWARE' = <<"eturnal">>,
      'UNKNOWN-ATTRIBUTES' = [],'USERNAME' = undefined,
      'XOR-MAPPED-ADDRESS' = undefined,'XOR-PEER-ADDRESS' = [],
      'XOR-RELAYED-ADDRESS' = undefined} (stun:send/3:464)
2022-08-05 09:33:54.175395+00:00 [debug] Received:
#stun{class = request,method = 3,magic = 554869826,
      trid = 75763832669158554026692688085,
      raw = <<0,3,0,80,33,18,164,66,244,206,95,158,201,87,220,178,226,13,184,
              213,0,25,0,4,17,0,0,0,0,6,0,10,50,49,52,53,57,49,51,50,48,48,0,0,
              0,20,0,11,101,116,117,114,110,97,108,46,110,101,116,0,0,21,0,10,
              51,51,56,51,49,49,55,52,49,50,0,0>>,
      unsupported = [],'ALTERNATE-SERVER' = undefined,
      'CHANNEL-NUMBER' = undefined,'DATA' = undefined,'DONT-FRAGMENT' = false,
      'ERROR-CODE' = undefined,'LIFETIME' = undefined,
      'MAPPED-ADDRESS' = undefined,
      'MESSAGE-INTEGRITY' = <<195,50,217,20,2,230,16,235,80,170,131,142,237,50,
                              100,249,178,73,30,158>>,
      'NONCE' = <<"3383117412">>,'REALM' = <<"eturnal.net">>,
      'REQUESTED-ADDRESS-FAMILY' = undefined,'REQUESTED-TRANSPORT' = udp,
      'SOFTWARE' = undefined,'UNKNOWN-ATTRIBUTES' = [],
      'USERNAME' = <<"2145913200">>,'XOR-MAPPED-ADDRESS' = undefined,
      'XOR-PEER-ADDRESS' = [],'XOR-RELAYED-ADDRESS' = undefined} (stun:udp_recv/5:112)
2022-08-05 09:33:54.175522+00:00 [debug] Looking up password for: 2145913200 [UDP, session 06y4q7v32nfd, user 2145913200, client 127.0.0.1:46191] (eturnal:get_password/2:215)
2022-08-05 09:33:54.175589+00:00 [info] Accepting long-term STUN/TURN authentication [UDP, session 06y4q7v32nfd, user 2145913200, client 127.0.0.1:46191] (stun:process/2:255)
2022-08-05 09:33:54.175711+00:00 [debug] Running 'turn_session_start' hook [UDP, session 06y4q7v32nfd, user 2145913200, client 127.0.0.1:46191] (turn:run_hook/3:740)
2022-08-05 09:33:54.175772+00:00 [debug] Got 'turn_session_start' event [UDP, session 06y4q7v32nfd, user 2145913200, client 127.0.0.1:46191] (eturnal_module:handle_event/2:177)
2022-08-05 09:33:54.175824+00:00 [debug] Calling mod_stats_prometheus:handle_event/2 [UDP, session 06y4q7v32nfd, user 2145913200, client 127.0.0.1:46191] (eturnal_module:handle_event/2:180)
2022-08-05 09:33:54.175876+00:00 [debug] Observing started TURN session 06y4q7v32nfd for Prometheus [UDP, session 06y4q7v32nfd, user 2145913200, client 127.0.0.1:46191] (mod_stats_prometheus:on_turn_session_start/1:174)
2022-08-05 09:33:54.176050+00:00 [notice] Creating TURN allocation (lifetime: 600 seconds) [UDP, session 06y4q7v32nfd, user 2145913200, client 127.0.0.1:46191, relay 127.0.0.1:57579] (turn:wait_for_allocate/2:219)
2022-08-05 09:33:54.176160+00:00 [debug] Sending:
#stun{class = response,method = 3,magic = 554869826,
      trid = 75763832669158554026692688085,raw = <<>>,unsupported = [],
      'ALTERNATE-SERVER' = undefined,'CHANNEL-NUMBER' = undefined,
      'DATA' = undefined,'DONT-FRAGMENT' = false,'ERROR-CODE' = undefined,
      'LIFETIME' = 600,'MAPPED-ADDRESS' = undefined,
      'MESSAGE-INTEGRITY' = undefined,'NONCE' = undefined,'REALM' = undefined,
      'REQUESTED-ADDRESS-FAMILY' = undefined,
      'REQUESTED-TRANSPORT' = undefined,'SOFTWARE' = <<"eturnal">>,
      'UNKNOWN-ATTRIBUTES' = [],'USERNAME' = undefined,
      'XOR-MAPPED-ADDRESS' = {{127,0,0,1},46191},
      'XOR-PEER-ADDRESS' = [],
      'XOR-RELAYED-ADDRESS' = {{127,0,0,1},57579}} (turn:send/2:542)
2022-08-05 09:33:54.176432+00:00 [debug] Received:
#stun{class = request,method = 4,magic = 554869826,
      trid = 21859727377154546789752033551,
      raw = <<0,4,0,80,33,18,164,66,70,161,241,83,156,210,193,83,133,252,209,
              15,0,6,0,10,50,49,52,53,57,49,51,50,48,48,0,0,0,20,0,11,101,116,
              117,114,110,97,108,46,110,101,116,0,0,21,0,10,51,51,56,51,49,49,
              55,52,49,50,0,0,0,13,0,4,0,0,0,0>>,
      unsupported = [],'ALTERNATE-SERVER' = undefined,
      'CHANNEL-NUMBER' = undefined,'DATA' = undefined,'DONT-FRAGMENT' = false,
      'ERROR-CODE' = undefined,'LIFETIME' = 0,'MAPPED-ADDRESS' = undefined,
      'MESSAGE-INTEGRITY' = <<212,228,160,6,96,137,58,29,143,60,59,67,214,184,
                              125,87,220,196,205,98>>,
      'NONCE' = <<"3383117412">>,'REALM' = <<"eturnal.net">>,
      'REQUESTED-ADDRESS-FAMILY' = undefined,
      'REQUESTED-TRANSPORT' = undefined,'SOFTWARE' = undefined,
      'UNKNOWN-ATTRIBUTES' = [],'USERNAME' = <<"2145913200">>,
      'XOR-MAPPED-ADDRESS' = undefined,'XOR-PEER-ADDRESS' = [],
      'XOR-RELAYED-ADDRESS' = undefined} (stun:udp_recv/5:112)
2022-08-05 09:33:54.176580+00:00 [debug] Looking up password for: 2145913200 [UDP, session jmazhb9lxi15, user 2145913200, client 127.0.0.1:46191] (eturnal:get_password/2:215)
2022-08-05 09:33:54.176642+00:00 [info] Accepting long-term STUN/TURN authentication [UDP, session jmazhb9lxi15, user 2145913200, client 127.0.0.1:46191] (stun:process/2:255)
2022-08-05 09:33:54.176695+00:00 [info] Client requested closing the TURN session [UDP, session 06y4q7v32nfd, user 2145913200, client 127.0.0.1:46191, relay 127.0.0.1:57579] (turn:active/2:278)
2022-08-05 09:33:54.176769+00:00 [debug] Sending:
#stun{class = response,method = 4,magic = 554869826,
      trid = 21859727377154546789752033551,raw = <<>>,unsupported = [],
      'ALTERNATE-SERVER' = undefined,'CHANNEL-NUMBER' = undefined,
      'DATA' = undefined,'DONT-FRAGMENT' = false,'ERROR-CODE' = undefined,
      'LIFETIME' = 0,'MAPPED-ADDRESS' = undefined,
      'MESSAGE-INTEGRITY' = undefined,'NONCE' = undefined,'REALM' = undefined,
      'REQUESTED-ADDRESS-FAMILY' = undefined,
      'REQUESTED-TRANSPORT' = undefined,'SOFTWARE' = <<"eturnal">>,
      'UNKNOWN-ATTRIBUTES' = [],'USERNAME' = undefined,
      'XOR-MAPPED-ADDRESS' = undefined,'XOR-PEER-ADDRESS' = [],
      'XOR-RELAYED-ADDRESS' = undefined} (turn:send/2:542)
2022-08-05 09:33:54.176869+00:00 [info] Deleting TURN allocation [UDP, session 06y4q7v32nfd, user 2145913200, client 127.0.0.1:46191, relay 127.0.0.1:57579] (turn:terminate/3:475)
2022-08-05 09:33:54.176938+00:00 [notice] Relayed 0 KiB (in 0 B / 0 packets, out 0 B / 0 packets), duration: 0 seconds [UDP, session 06y4q7v32nfd, user 2145913200, client 127.0.0.1:46191, relay 127.0.0.1:57579] (turn:terminate/3:482)
2022-08-05 09:33:54.176978+00:00 [debug] Running 'turn_session_stop' hook [UDP, session 06y4q7v32nfd, user 2145913200, client 127.0.0.1:46191, relay 127.0.0.1:57579] (turn:run_hook/3:740)
2022-08-05 09:33:54.177012+00:00 [debug] Got 'turn_session_stop' event [UDP, session 06y4q7v32nfd, user 2145913200, client 127.0.0.1:46191, relay 127.0.0.1:57579] (eturnal_module:handle_event/2:177)
2022-08-05 09:33:54.177045+00:00 [debug] Calling mod_stats_influx:handle_event/2 [UDP, session 06y4q7v32nfd, user 2145913200, client 127.0.0.1:46191, relay 127.0.0.1:57579] (eturnal_module:handle_event/2:180)
2022-08-05 09:33:54.177078+00:00 [debug] Writing stats of TURN session 06y4q7v32nfd to InfluxDB [UDP, session 06y4q7v32nfd, user 2145913200, client 127.0.0.1:46191, relay 127.0.0.1:57579] (mod_stats_influx:on_turn_session_stop/1:87)
2022-08-05 09:33:54.177219+00:00 [debug] Calling mod_stats_prometheus:handle_event/2 [UDP, session 06y4q7v32nfd, user 2145913200, client 127.0.0.1:46191, relay 127.0.0.1:57579] (eturnal_module:handle_event/2:180)
2022-08-05 09:33:54.177265+00:00 [debug] Observing stopped TURN session 06y4q7v32nfd for Prometheus [UDP, session 06y4q7v32nfd, user 2145913200, client 127.0.0.1:46191, relay 127.0.0.1:57579] (mod_stats_prometheus:on_turn_session_stop/1:187)
2022-08-05 09:33:54.200408+00:00 [debug] Received:
#stun{class = request,method = 1,magic = 554869826,
      trid = 74464784274235022797534409257,raw = <<>>,unsupported = [],
      'ALTERNATE-SERVER' = undefined,'CHANNEL-NUMBER' = undefined,
      'DATA' = undefined,'DONT-FRAGMENT' = false,'ERROR-CODE' = undefined,
      'LIFETIME' = undefined,'MAPPED-ADDRESS' = undefined,
      'MESSAGE-INTEGRITY' = undefined,'NONCE' = undefined,'REALM' = undefined,
      'REQUESTED-ADDRESS-FAMILY' = undefined,
      'REQUESTED-TRANSPORT' = undefined,'SOFTWARE' = undefined,
      'UNKNOWN-ATTRIBUTES' = [],'USERNAME' = undefined,
      'XOR-MAPPED-ADDRESS' = undefined,'XOR-PEER-ADDRESS' = [],
      'XOR-RELAYED-ADDRESS' = undefined} (stun:udp_recv/5:112)
2022-08-05 09:33:54.200512+00:00 [debug] Responding to STUN request [UDP, session 6bisnrmfaqsh, anonymous, client 127.0.0.1:36628] (stun:process/4:323)
2022-08-05 09:33:54.200545+00:00 [debug] Running 'stun_query' hook [UDP, session 6bisnrmfaqsh, anonymous, client 127.0.0.1:36628] (stun:run_hook/3:843)
2022-08-05 09:33:54.200596+00:00 [debug] Got 'stun_query' event [UDP, session 6bisnrmfaqsh, anonymous, client 127.0.0.1:36628] (eturnal_module:handle_event/2:177)
2022-08-05 09:33:54.200628+00:00 [debug] Calling mod_log_stun:handle_event/2 [UDP, session 6bisnrmfaqsh, anonymous, client 127.0.0.1:36628] (eturnal_module:handle_event/2:180)
2022-08-05 09:33:54.200681+00:00 [info] Responding to STUN request [UDP, session 6bisnrmfaqsh, anonymous, client 127.0.0.1:36628] (mod_log_stun:handle_event/2:44)
2022-08-05 09:33:54.200713+00:00 [debug] Calling mod_stats_influx:handle_event/2 [UDP, session 6bisnrmfaqsh, anonymous, client 127.0.0.1:36628] (eturnal_module:handle_event/2:180)
2022-08-05 09:33:54.200744+00:00 [debug] Writing STUN query event to InfluxDB [UDP, session 6bisnrmfaqsh, anonymous, client 127.0.0.1:36628] (mod_stats_influx:on_stun_query/1:76)
2022-08-05 09:33:54.200905+00:00 [debug] Calling mod_stats_prometheus:handle_event/2 [UDP, session 6bisnrmfaqsh, anonymous, client 127.0.0.1:36628] (eturnal_module:handle_event/2:180)
2022-08-05 09:33:54.200970+00:00 [debug] Observing STUN query for Prometheus [UDP, session 6bisnrmfaqsh, anonymous, client 127.0.0.1:36628] (mod_stats_prometheus:on_stun_query/1:166)
2022-08-05 09:33:54.201056+00:00 [debug] Sending:
#stun{class = response,method = 1,magic = 554869826,
      trid = 74464784274235022797534409257,raw = <<>>,unsupported = [],
      'ALTERNATE-SERVER' = undefined,'CHANNEL-NUMBER' = undefined,
      'DATA' = undefined,'DONT-FRAGMENT' = false,'ERROR-CODE' = undefined,
      'LIFETIME' = undefined,'MAPPED-ADDRESS' = undefined,
      'MESSAGE-INTEGRITY' = undefined,'NONCE' = undefined,'REALM' = undefined,
      'REQUESTED-ADDRESS-FAMILY' = undefined,
      'REQUESTED-TRANSPORT' = undefined,'SOFTWARE' = <<"eturnal">>,
      'UNKNOWN-ATTRIBUTES' = [],'USERNAME' = undefined,
      'XOR-MAPPED-ADDRESS' = {{127,0,0,1},36628},
      'XOR-PEER-ADDRESS' = [],'XOR-RELAYED-ADDRESS' = undefined} (stun:send/3:464)
2022-08-05 09:33:54.229580+00:00 [info] Accepting connection: 127.0.0.1:49816 -> 127.0.0.1:34780 [TCP, session n3dd7mhoyasg] (stun_acceptor:accept/3:158)
2022-08-05 09:33:54.229840+00:00 [debug] Received:
#stun{class = request,method = 1,magic = 554869826,
      trid = 30969891793531409299990470732,raw = <<>>,unsupported = [],
      'ALTERNATE-SERVER' = undefined,'CHANNEL-NUMBER' = undefined,
      'DATA' = undefined,'DONT-FRAGMENT' = false,'ERROR-CODE' = undefined,
      'LIFETIME' = undefined,'MAPPED-ADDRESS' = undefined,
      'MESSAGE-INTEGRITY' = undefined,'NONCE' = undefined,'REALM' = undefined,
      'REQUESTED-ADDRESS-FAMILY' = undefined,
      'REQUESTED-TRANSPORT' = undefined,'SOFTWARE' = undefined,
      'UNKNOWN-ATTRIBUTES' = [],'USERNAME' = undefined,
      'XOR-MAPPED-ADDRESS' = undefined,'XOR-PEER-ADDRESS' = [],
      'XOR-RELAYED-ADDRESS' = undefined} (stun:process_data/3:421)
2022-08-05 09:33:54.229925+00:00 [debug] Responding to STUN request [TCP, session n3dd7mhoyasg, anonymous, client 127.0.0.1:49816] (stun:process/4:323)
2022-08-05 09:33:54.229969+00:00 [debug] Running 'stun_query' hook [TCP, session n3dd7mhoyasg, anonymous, client 127.0.0.1:49816] (stun:run_hook/3:843)
2022-08-05 09:33:54.230023+00:00 [debug] Got 'stun_query' event [TCP, session n3dd7mhoyasg, anonymous, client 127.0.0.1:49816] (eturnal_module:handle_event/2:177)
2022-08-05 09:33:54.230056+00:00 [debug] Calling mod_log_stun:handle_event/2 [TCP, session n3dd7mhoyasg, anonymous, client 127.0.0.1:49816] (eturnal_module:handle_event/2:180)
2022-08-05 09:33:54.230100+00:00 [info] Responding to STUN request [TCP, session n3dd7mhoyasg, anonymous, client 127.0.0.1:49816] (mod_log_stun:handle_event/2:44)
2022-08-05 09:33:54.230139+00:00 [debug] Calling mod_stats_influx:handle_event/2 [TCP, session n3dd7mhoyasg, anonymous, client 127.0.0.1:49816] (eturnal_module:handle_event/2:180)
2022-08-05 09:33:54.230174+00:00 [debug] Writing STUN query event to InfluxDB [TCP, session n3dd7mhoyasg, anonymous, client 127.0.0.1:49816] (mod_stats_influx:on_stun_query/1:76)
2022-08-05 09:33:54.230302+00:00 [debug] Calling mod_stats_prometheus:handle_event/2 [TCP, session n3dd7mhoyasg, anonymous, client 127.0.0.1:49816] (eturnal_module:handle_event/2:180)
2022-08-05 09:33:54.230349+00:00 [debug] Observing STUN query for Prometheus [TCP, session n3dd7mhoyasg, anonymous, client 127.0.0.1:49816] (mod_stats_prometheus:on_stun_query/1:166)
2022-08-05 09:33:54.230450+00:00 [debug] Sending:
#stun{class = response,method = 1,magic = 554869826,
      trid = 30969891793531409299990470732,raw = <<>>,unsupported = [],
      'ALTERNATE-SERVER' = undefined,'CHANNEL-NUMBER' = undefined,
      'DATA' = undefined,'DONT-FRAGMENT' = false,'ERROR-CODE' = undefined,
      'LIFETIME' = undefined,'MAPPED-ADDRESS' = undefined,
      'MESSAGE-INTEGRITY' = undefined,'NONCE' = undefined,'REALM' = undefined,
      'REQUESTED-ADDRESS-FAMILY' = undefined,
      'REQUESTED-TRANSPORT' = undefined,'SOFTWARE' = <<"P1 STUN library">>,
      'UNKNOWN-ATTRIBUTES' = [],'USERNAME' = undefined,
      'XOR-MAPPED-ADDRESS' = {{127,0,0,1},49816},
      'XOR-PEER-ADDRESS' = [],'XOR-RELAYED-ADDRESS' = undefined} (stun:send/3:464)
2022-08-05 09:33:54.230662+00:00 [info] Connection reset by peer [TCP, session n3dd7mhoyasg, anonymous, client 127.0.0.1:49816] (stun:handle_info/3:174)
2022-08-05 09:33:54.253686+00:00 [info] Accepting connection: 127.0.0.1:53400 -> 127.0.0.1:53490 [TLS, session 1ws6jusyhdua] (stun_acceptor:accept/3:158)
2022-08-05 09:33:54.362567+00:00 [debug] Received:
#stun{class = request,method = 1,magic = 554869826,
      trid = 34368513510370904166838309790,raw = <<>>,unsupported = [],
      'ALTERNATE-SERVER' = undefined,'CHANNEL-NUMBER' = undefined,
      'DATA' = undefined,'DONT-FRAGMENT' = false,'ERROR-CODE' = undefined,
      'LIFETIME' = undefined,'MAPPED-ADDRESS' = undefined,
      'MESSAGE-INTEGRITY' = undefined,'NONCE' = undefined,'REALM' = undefined,
      'REQUESTED-ADDRESS-FAMILY' = undefined,
      'REQUESTED-TRANSPORT' = undefined,'SOFTWARE' = undefined,
      'UNKNOWN-ATTRIBUTES' = [],'USERNAME' = undefined,
      'XOR-MAPPED-ADDRESS' = undefined,'XOR-PEER-ADDRESS' = [],
      'XOR-RELAYED-ADDRESS' = undefined} (stun:process_data/3:421)
2022-08-05 09:33:54.362704+00:00 [debug] Responding to STUN request [TLS, session 1ws6jusyhdua, anonymous, client 127.0.0.1:53400] (stun:process/4:323)
2022-08-05 09:33:54.362761+00:00 [debug] Running 'stun_query' hook [TLS, session 1ws6jusyhdua, anonymous, client 127.0.0.1:53400] (stun:run_hook/3:843)
2022-08-05 09:33:54.362844+00:00 [debug] Got 'stun_query' event [TLS, session 1ws6jusyhdua, anonymous, client 127.0.0.1:53400] (eturnal_module:handle_event/2:177)
2022-08-05 09:33:54.362878+00:00 [debug] Calling mod_log_stun:handle_event/2 [TLS, session 1ws6jusyhdua, anonymous, client 127.0.0.1:53400] (eturnal_module:handle_event/2:180)
2022-08-05 09:33:54.362961+00:00 [info] Responding to STUN request [TLS, session 1ws6jusyhdua, anonymous, client 127.0.0.1:53400] (mod_log_stun:handle_event/2:44)
2022-08-05 09:33:54.362995+00:00 [debug] Calling mod_stats_influx:handle_event/2 [TLS, session 1ws6jusyhdua, anonymous, client 127.0.0.1:53400] (eturnal_module:handle_event/2:180)
2022-08-05 09:33:54.363026+00:00 [debug] Writing STUN query event to InfluxDB [TLS, session 1ws6jusyhdua, anonymous, client 127.0.0.1:53400] (mod_stats_influx:on_stun_query/1:76)
2022-08-05 09:33:54.363200+00:00 [debug] Calling mod_stats_prometheus:handle_event/2 [TLS, session 1ws6jusyhdua, anonymous, client 127.0.0.1:53400] (eturnal_module:handle_event/2:180)
2022-08-05 09:33:54.363248+00:00 [debug] Observing STUN query for Prometheus [TLS, session 1ws6jusyhdua, anonymous, client 127.0.0.1:53400] (mod_stats_prometheus:on_stun_query/1:166)
2022-08-05 09:33:54.363347+00:00 [debug] Sending:
#stun{class = response,method = 1,magic = 554869826,
      trid = 34368513510370904166838309790,raw = <<>>,unsupported = [],
      'ALTERNATE-SERVER' = undefined,'CHANNEL-NUMBER' = undefined,
      'DATA' = undefined,'DONT-FRAGMENT' = false,'ERROR-CODE' = undefined,
      'LIFETIME' = undefined,'MAPPED-ADDRESS' = undefined,
      'MESSAGE-INTEGRITY' = undefined,'NONCE' = undefined,'REALM' = undefined,
      'REQUESTED-ADDRESS-FAMILY' = undefined,
      'REQUESTED-TRANSPORT' = undefined,'SOFTWARE' = <<"P1 STUN library">>,
      'UNKNOWN-ATTRIBUTES' = [],'USERNAME' = undefined,
      'XOR-MAPPED-ADDRESS' = {{127,0,0,1},53400},
      'XOR-PEER-ADDRESS' = [],'XOR-RELAYED-ADDRESS' = undefined} (stun:send/3:464)
2022-08-05 09:33:54.363646+00:00 [info] Connection reset by peer [TLS, session 1ws6jusyhdua, anonymous, client 127.0.0.1:53400] (stun:handle_info/3:174)
2022-08-05 09:33:54.387760+00:00 [info] Accepting connection: 127.0.0.1:38986 -> 127.0.0.1:34781 [TCP|TLS, session uol1ne2o1r0l] (stun_acceptor:accept/3:158)
2022-08-05 09:33:54.387897+00:00 [debug] Determined transport protocol: TCP (stun:is_tls_handshake/1:789)
2022-08-05 09:33:54.388212+00:00 [debug] Received:
#stun{class = request,method = 1,magic = 554869826,
      trid = 18787433189302791720231232239,raw = <<>>,unsupported = [],
      'ALTERNATE-SERVER' = undefined,'CHANNEL-NUMBER' = undefined,
      'DATA' = undefined,'DONT-FRAGMENT' = false,'ERROR-CODE' = undefined,
      'LIFETIME' = undefined,'MAPPED-ADDRESS' = undefined,
      'MESSAGE-INTEGRITY' = undefined,'NONCE' = undefined,'REALM' = undefined,
      'REQUESTED-ADDRESS-FAMILY' = undefined,
      'REQUESTED-TRANSPORT' = undefined,'SOFTWARE' = undefined,
      'UNKNOWN-ATTRIBUTES' = [],'USERNAME' = undefined,
      'XOR-MAPPED-ADDRESS' = undefined,'XOR-PEER-ADDRESS' = [],
      'XOR-RELAYED-ADDRESS' = undefined} (stun:process_data/3:421)
2022-08-05 09:33:54.388330+00:00 [debug] Responding to STUN request [TCP, session uol1ne2o1r0l, anonymous, client 127.0.0.1:38986] (stun:process/4:323)
2022-08-05 09:33:54.388369+00:00 [debug] Running 'stun_query' hook [TCP, session uol1ne2o1r0l, anonymous, client 127.0.0.1:38986] (stun:run_hook/3:843)
2022-08-05 09:33:54.388403+00:00 [debug] Got 'stun_query' event [TCP, session uol1ne2o1r0l, anonymous, client 127.0.0.1:38986] (eturnal_module:handle_event/2:177)
2022-08-05 09:33:54.388437+00:00 [debug] Calling mod_log_stun:handle_event/2 [TCP, session uol1ne2o1r0l, anonymous, client 127.0.0.1:38986] (eturnal_module:handle_event/2:180)
2022-08-05 09:33:54.388477+00:00 [info] Responding to STUN request [TCP, session uol1ne2o1r0l, anonymous, client 127.0.0.1:38986] (mod_log_stun:handle_event/2:44)
2022-08-05 09:33:54.388513+00:00 [debug] Calling mod_stats_influx:handle_event/2 [TCP, session uol1ne2o1r0l, anonymous, client 127.0.0.1:38986] (eturnal_module:handle_event/2:180)
2022-08-05 09:33:54.388545+00:00 [debug] Writing STUN query event to InfluxDB [TCP, session uol1ne2o1r0l, anonymous, client 127.0.0.1:38986] (mod_stats_influx:on_stun_query/1:76)
2022-08-05 09:33:54.388710+00:00 [debug] Calling mod_stats_prometheus:handle_event/2 [TCP, session uol1ne2o1r0l, anonymous, client 127.0.0.1:38986] (eturnal_module:handle_event/2:180)
2022-08-05 09:33:54.388751+00:00 [debug] Observing STUN query for Prometheus [TCP, session uol1ne2o1r0l, anonymous, client 127.0.0.1:38986] (mod_stats_prometheus:on_stun_query/1:166)
2022-08-05 09:33:54.388818+00:00 [debug] Sending:
#stun{class = response,method = 1,magic = 554869826,
      trid = 18787433189302791720231232239,raw = <<>>,unsupported = [],
      'ALTERNATE-SERVER' = undefined,'CHANNEL-NUMBER' = undefined,
      'DATA' = undefined,'DONT-FRAGMENT' = false,'ERROR-CODE' = undefined,
      'LIFETIME' = undefined,'MAPPED-ADDRESS' = undefined,
      'MESSAGE-INTEGRITY' = undefined,'NONCE' = undefined,'REALM' = undefined,
      'REQUESTED-ADDRESS-FAMILY' = undefined,
      'REQUESTED-TRANSPORT' = undefined,'SOFTWARE' = <<"P1 STUN library">>,
      'UNKNOWN-ATTRIBUTES' = [],'USERNAME' = undefined,
      'XOR-MAPPED-ADDRESS' = {{127,0,0,1},38986},
      'XOR-PEER-ADDRESS' = [],'XOR-RELAYED-ADDRESS' = undefined} (stun:send/3:464)
2022-08-05 09:33:54.389084+00:00 [info] Connection reset by peer [TCP, session uol1ne2o1r0l, anonymous, client 127.0.0.1:38986] (stun:handle_info/3:174)
2022-08-05 09:33:54.413159+00:00 [info] Accepting connection: 127.0.0.1:38988 -> 127.0.0.1:34781 [TCP|TLS, session mxdbiw6pap2f] (stun_acceptor:accept/3:158)
2022-08-05 09:33:54.413293+00:00 [debug] Determined transport protocol: TLS (stun:is_tls_handshake/1:786)
2022-08-05 09:33:54.522590+00:00 [debug] Received:
#stun{class = request,method = 1,magic = 554869826,
      trid = 70422995890428261335238055004,raw = <<>>,unsupported = [],
      'ALTERNATE-SERVER' = undefined,'CHANNEL-NUMBER' = undefined,
      'DATA' = undefined,'DONT-FRAGMENT' = false,'ERROR-CODE' = undefined,
      'LIFETIME' = undefined,'MAPPED-ADDRESS' = undefined,
      'MESSAGE-INTEGRITY' = undefined,'NONCE' = undefined,'REALM' = undefined,
      'REQUESTED-ADDRESS-FAMILY' = undefined,
      'REQUESTED-TRANSPORT' = undefined,'SOFTWARE' = undefined,
      'UNKNOWN-ATTRIBUTES' = [],'USERNAME' = undefined,
      'XOR-MAPPED-ADDRESS' = undefined,'XOR-PEER-ADDRESS' = [],
      'XOR-RELAYED-ADDRESS' = undefined} (stun:process_data/3:421)
2022-08-05 09:33:54.522744+00:00 [debug] Responding to STUN request [TLS, session mxdbiw6pap2f, anonymous, client 127.0.0.1:38988] (stun:process/4:323)
2022-08-05 09:33:54.522788+00:00 [debug] Running 'stun_query' hook [TLS, session mxdbiw6pap2f, anonymous, client 127.0.0.1:38988] (stun:run_hook/3:843)
2022-08-05 09:33:54.522827+00:00 [debug] Got 'stun_query' event [TLS, session mxdbiw6pap2f, anonymous, client 127.0.0.1:38988] (eturnal_module:handle_event/2:177)
2022-08-05 09:33:54.522868+00:00 [debug] Calling mod_log_stun:handle_event/2 [TLS, session mxdbiw6pap2f, anonymous, client 127.0.0.1:38988] (eturnal_module:handle_event/2:180)
2022-08-05 09:33:54.522911+00:00 [info] Responding to STUN request [TLS, session mxdbiw6pap2f, anonymous, client 127.0.0.1:38988] (mod_log_stun:handle_event/2:44)
2022-08-05 09:33:54.522946+00:00 [debug] Calling mod_stats_influx:handle_event/2 [TLS, session mxdbiw6pap2f, anonymous, client 127.0.0.1:38988] (eturnal_module:handle_event/2:180)
2022-08-05 09:33:54.522983+00:00 [debug] Writing STUN query event to InfluxDB [TLS, session mxdbiw6pap2f, anonymous, client 127.0.0.1:38988] (mod_stats_influx:on_stun_query/1:76)
2022-08-05 09:33:54.523143+00:00 [debug] Calling mod_stats_prometheus:handle_event/2 [TLS, session mxdbiw6pap2f, anonymous, client 127.0.0.1:38988] (eturnal_module:handle_event/2:180)
2022-08-05 09:33:54.523200+00:00 [debug] Observing STUN query for Prometheus [TLS, session mxdbiw6pap2f, anonymous, client 127.0.0.1:38988] (mod_stats_prometheus:on_stun_query/1:166)
2022-08-05 09:33:54.523271+00:00 [debug] Sending:
#stun{class = response,method = 1,magic = 554869826,
      trid = 70422995890428261335238055004,raw = <<>>,unsupported = [],
      'ALTERNATE-SERVER' = undefined,'CHANNEL-NUMBER' = undefined,
      'DATA' = undefined,'DONT-FRAGMENT' = false,'ERROR-CODE' = undefined,
      'LIFETIME' = undefined,'MAPPED-ADDRESS' = undefined,
      'MESSAGE-INTEGRITY' = undefined,'NONCE' = undefined,'REALM' = undefined,
      'REQUESTED-ADDRESS-FAMILY' = undefined,
      'REQUESTED-TRANSPORT' = undefined,'SOFTWARE' = <<"P1 STUN library">>,
      'UNKNOWN-ATTRIBUTES' = [],'USERNAME' = undefined,
      'XOR-MAPPED-ADDRESS' = {{127,0,0,1},38988},
      'XOR-PEER-ADDRESS' = [],'XOR-RELAYED-ADDRESS' = undefined} (stun:send/3:464)
2022-08-05 09:33:54.523503+00:00 [info] Connection reset by peer [TLS, session mxdbiw6pap2f, anonymous, client 127.0.0.1:38988] (stun:handle_info/3:174)
2022-08-05 09:33:54.546832+00:00 [debug] No NOTIFY_SOCKET, dropping STOPPING=1 notification (eturnal_systemd:handle_cast/2:108)
2022-08-05 09:33:54.546961+00:00 [debug] Watchdog interval is undefined, hibernating (eturnal_systemd:get_timeout/1:161)
2022-08-05 09:33:54.547115+00:00 [debug] Terminating eturnal (shutdown) (eturnal:terminate/2:180)
2022-08-05 09:33:54.547394+00:00 [info] Stopped listening on 127.0.0.1:34780 (udp) (eturnal:stop_listeners/1:369)
2022-08-05 09:33:54.547549+00:00 [info] Stopped listening on 127.0.0.1:34780 (tcp) (eturnal:stop_listeners/1:369)
2022-08-05 09:33:54.547708+00:00 [info] Stopped listening on 127.0.0.1:53490 (tls) (eturnal:stop_listeners/1:369)
2022-08-05 09:33:54.547915+00:00 [info] Stopped listening on 127.0.0.1:34781 (auto) (eturnal:stop_listeners/1:369)
2022-08-05 09:33:54.548198+00:00 [debug] Calling mod_log_stun:stop/1 (eturnal_module:stop/1:163)
2022-08-05 09:33:54.548307+00:00 [debug] Stopping mod_log_stun (mod_log_stun:stop/0:49)
2022-08-05 09:33:54.548466+00:00 [info] Stopped mod_log_stun (eturnal:stop_modules/1:326)
2022-08-05 09:33:54.550103+00:00 [debug] Calling mod_stats_influx:stop/1 (eturnal_module:stop/1:163)
2022-08-05 09:33:54.550237+00:00 [debug] Stopping mod_stats_influx (mod_stats_influx:stop/0:61)
2022-08-05 09:33:54.550329+00:00 [info] Stopped mod_stats_influx (eturnal:stop_modules/1:326)
2022-08-05 09:33:54.550464+00:00 [debug] Calling mod_stats_prometheus:stop/1 (eturnal_module:stop/1:163)
2022-08-05 09:33:54.550574+00:00 [debug] Stopping mod_stats_prometheus (mod_stats_prometheus:stop/0:110)
2022-08-05 09:33:54.550907+00:00 [info] Stopped mod_stats_prometheus (eturnal:stop_modules/1:326)
2022-08-05 09:33:54.551856+00:00 [debug] Removed run/cert.pem (eturnal:clean_run_dir/0:745)
2022-08-05 09:33:54.552203+00:00 [debug] Terminating eturnal_systemd (shutdown) (eturnal_systemd:terminate/2:135)
2022-08-05 09:33:54.552437+00:00 [notice] Stopping eturnal 1.10.1 on Erlang/OTP 25 (ERTS 13.0) (eturnal_app:stop/1:53)
