2025-02-10 17:20:31.068024+00:00 [notice] Starting eturnal 1.12.1 on Erlang/OTP 27 (ERTS 15.2) (eturnal_app:start/2:34)
2025-02-10 17:20:31.068171+00:00 [debug] Starting supervisor: eturnal_sup (eturnal_sup:start_link/0:31)
2025-02-10 17:20:31.068296+00:00 [debug] Configuring eturnal_sup supervisor: [#{id => systemd,
                                       start =>
                                           {eturnal_systemd,start_link,[]}},
                                     #{id => eturnal,
                                       start => {eturnal,start_link,[]}}] (eturnal_sup:init/0:39)
2025-02-10 17:20:31.069616+00:00 [info] Got no NOTIFY_SOCKET, notifications disabled (eturnal_systemd:init/1:86)
2025-02-10 17:20:31.069714+00:00 [debug] PROGRESS REPORT:
    supervisor: {local,eturnal_sup}
    started: [{pid,<0.1027.0>},
              {id,systemd},
              {mfargs,{eturnal_systemd,start_link,[]}},
              {restart_type,permanent},
              {significant,false},
              {shutdown,5000},
              {child_type,worker}]
 (supervisor:report_progress/3:2135)
2025-02-10 17:20:31.069794+00:00 [info] Relay IPv4 address: 127.0.0.1 (port range: 49152-65535) (eturnal:log_relay_addresses/0:349)
2025-02-10 17:20:31.069911+00:00 [info] Relay IPv6 address not configured (eturnal:log_relay_addresses/0:359)
2025-02-10 17:20:31.079213+00:00 [info] Cannot determine control query port: noport (eturnal:log_control_listener/0:374)
2025-02-10 17:20:31.079572+00:00 [debug] Using run directory run (eturnal:ensure_run_dir/0:860)
2025-02-10 17:20:31.079690+00:00 [debug] TURN configuration seems fine (eturnal:check_turn_config/0:604)
2025-02-10 17:20:31.079827+00:00 [warning] TLS enabled without 'tls_crt_file', creating self-signed certificate (eturnal:check_pem_file/0:806)
2025-02-10 17:20:31.513175+00:00 [debug] Calling mod_log_stun:start/0 (eturnal_module:start/1:143)
2025-02-10 17:20:31.513426+00:00 [debug] Starting mod_log_stun (mod_log_stun:start/0:38)
2025-02-10 17:20:31.513614+00:00 [info] Started mod_log_stun (eturnal:start_modules/0:385)
2025-02-10 17:20:31.513719+00:00 [debug] Calling mod_stats_influx:start/0 (eturnal_module:start/1:143)
2025-02-10 17:20:31.513829+00:00 [debug] Starting mod_stats_influx (mod_stats_influx:start/0:37)
2025-02-10 17:20:31.515575+00:00 [debug] PROGRESS REPORT:
    application: ulitos
    started_at: nonode@nohost
 (application_controller:info_started/2:2113)
2025-02-10 17:20:31.516581+00:00 [debug] PROGRESS REPORT:
    application: poolboy
    started_at: nonode@nohost
 (application_controller:info_started/2:2113)
2025-02-10 17:20:31.517513+00:00 [info]     msg: Starting application: influx_udp (influx_udp_app:start/2:10)
2025-02-10 17:20:31.519545+00:00 [debug] PROGRESS REPORT:
    supervisor: {local,influx_udp_sup}
    started: [{pid,<0.1046.0>},
              {id,influx_udp},
              {mfargs,{influx_udp,start_link,[]}},
              {restart_type,permanent},
              {significant,false},
              {shutdown,5000},
              {child_type,worker}]
 (supervisor:report_progress/3:2135)
2025-02-10 17:20:31.519660+00:00 [debug] Dependency influx_udp was available already (eturnal_module:ensure_dep/2:284)
2025-02-10 17:20:31.519658+00:00 [debug] PROGRESS REPORT:
    application: influx_udp
    started_at: nonode@nohost
 (application_controller:info_started/2:2113)
2025-02-10 17:20:31.521377+00:00 [info]     options: #{port => 8089,host => "localhost",pool_size => 1,
               max_overflow => 1}
    msg: Start clients pool
    host: {127,0,0,1} (influx_udp:start_pool_/2:239)
2025-02-10 17:20:31.527941+00:00 [info]     port: 33085
    msg: Open UDP socket on port (influx_udp_worker:init/1:43)
2025-02-10 17:20:31.528125+00:00 [debug] PROGRESS REPORT:
    supervisor: {local,influx_udp_sup}
    started: [{pid,<0.1049.0>},
              {id,stats_influx_pool},
              {mfargs,
                  {poolboy,start_link,
                      [[{name,{local,stats_influx_pool}},
                        {worker_module,influx_udp_worker},
                        {size,1},
                        {max_overflow,1}],
                       [{options,
                            #{port => 8089,
                              host => {127,0,0,1},
                              pool_size => 1,max_overflow => 1}}]]}},
              {restart_type,permanent},
              {significant,false},
              {shutdown,5000},
              {child_type,worker}]
 (supervisor:report_progress/3:2145)
2025-02-10 17:20:31.528367+00:00 [info] Started mod_stats_influx (eturnal:start_modules/0:385)
2025-02-10 17:20:31.528488+00:00 [debug] Calling mod_stats_prometheus:start/0 (eturnal_module:start/1:143)
2025-02-10 17:20:31.528920+00:00 [debug] Starting mod_stats_prometheus (mod_stats_prometheus:start/0:56)
2025-02-10 17:20:32.675738+00:00 [debug] PROGRESS REPORT:
    application: prometheus
    started_at: nonode@nohost
 (application_controller:info_started/2:2113)
2025-02-10 17:20:32.678115+00:00 [debug] PROGRESS REPORT:
    application: accept
    started_at: nonode@nohost
 (application_controller:info_started/2:2113)
2025-02-10 17:20:32.678371+00:00 [debug] PROGRESS REPORT:
    application: prometheus_httpd
    started_at: nonode@nohost
 (application_controller:info_started/2:2113)
2025-02-10 17:20:32.678420+00:00 [debug] Dependency prometheus_httpd was available already (eturnal_module:ensure_dep/2:284)
2025-02-10 17:20:32.679142+00:00 [debug] PROGRESS REPORT:
    supervisor: {local,httpd_instance_sup__127_0_0_1__9081default}
    started: [{pid,<0.1068.0>},
              {id,{httpd_connection_sup,{127,0,0,1},9081,default}},
              {mfargs,{httpd_connection_sup,start_link,[[{127,0,0,1},9081]]}},
              {restart_type,permanent},
              {significant,false},
              {shutdown,5000},
              {child_type,supervisor}]
 (supervisor:report_progress/3:2135)
2025-02-10 17:20:32.679484+00:00 [debug] PROGRESS REPORT:
    supervisor: {local,httpd_acceptor_sup__127_0_0_1__9081default}
    started: [{pid,<0.1070.0>},
              {id,{httpd_acceptor_sup,{127,0,0,1},9081,default}},
              {mfargs,{httpd_acceptor,start_link,
                                      [httpd__127_0_0_1__9081default,ip_comm,
                                       {127,0,0,1},
                                       9081,inet,
                                       httpd_conf__127_0_0_1__9081default,
                                       15000]}},
              {restart_type,transient},
              {significant,false},
              {shutdown,brutal_kill},
              {child_type,worker}]
 (supervisor:report_progress/3:2135)
2025-02-10 17:20:32.679602+00:00 [debug] PROGRESS REPORT:
    supervisor: {local,httpd_instance_sup__127_0_0_1__9081default}
    started: [{pid,<0.1069.0>},
              {id,{httpd_acceptor_sup,{127,0,0,1},9081,default}},
              {mfargs,
                  {httpd_acceptor_sup,start_link,
                      [[{127,0,0,1},
                        9081,
                        [{bind_address,{127,0,0,1}},
                         {socket_type,ip_comm},
                         {port,9081},
                         {server_root,"run/mod_stats_prometheus/doc"},
                         {document_root,"run/mod_stats_prometheus/doc"},
                         {server_name,"Prometheus Exporter"},
                         {modules,[prometheus_httpd]}],
                        15000,undefined]]}},
              {restart_type,permanent},
              {significant,false},
              {shutdown,infinity},
              {child_type,supervisor}]
 (supervisor:report_progress/3:2135)
2025-02-10 17:20:32.679720+00:00 [debug] PROGRESS REPORT:
    supervisor: {local,httpd_instance_sup__127_0_0_1__9081default}
    started: [{pid,<0.1071.0>},
              {id,{httpd_misc_sup,{127,0,0,1},9081,default}},
              {mfargs,{httpd_misc_sup,start_link,[{127,0,0,1},9081,default]}},
              {restart_type,permanent},
              {significant,false},
              {shutdown,infinity},
              {child_type,supervisor}]
 (supervisor:report_progress/3:2135)
2025-02-10 17:20:32.679981+00:00 [debug] PROGRESS REPORT:
    supervisor: {local,httpd_instance_sup__127_0_0_1__9081default}
    started: [{pid,<0.1072.0>},
              {id,{httpd_manager,{127,0,0,1},9081,default}},
              {mfargs,
                  {httpd_manager,start_link,
                      [undefined,
                       [{bind_address,{127,0,0,1}},
                        {socket_type,ip_comm},
                        {port,9081},
                        {server_root,"run/mod_stats_prometheus/doc"},
                        {document_root,"run/mod_stats_prometheus/doc"},
                        {server_name,"Prometheus Exporter"},
                        {modules,[prometheus_httpd]}],
                       15000]}},
              {restart_type,permanent},
              {significant,false},
              {shutdown,4000},
              {child_type,worker}]
 (supervisor:report_progress/3:2135)
2025-02-10 17:20:32.680135+00:00 [debug] PROGRESS REPORT:
    supervisor: {local,httpd_sup}
    started: [{pid,<0.1067.0>},
              {id,{httpd_instance_sup,{127,0,0,1},9081,default}},
              {mfargs,
                  {httpd_instance_sup,start_link,
                      [[{bind_address,{127,0,0,1}},
                        {socket_type,ip_comm},
                        {port,9081},
                        {server_root,"run/mod_stats_prometheus/doc"},
                        {document_root,"run/mod_stats_prometheus/doc"},
                        {server_name,"Prometheus Exporter"},
                        {modules,[prometheus_httpd]}],
                       15000,[]]}},
              {restart_type,permanent},
              {significant,false},
              {shutdown,infinity},
              {child_type,supervisor}]
 (supervisor:report_progress/3:2145)
2025-02-10 17:20:32.680522+00:00 [info] Started mod_stats_prometheus (eturnal:start_modules/0:385)
2025-02-10 17:20:32.680645+00:00 [debug] Starting listener 127.0.0.1:34780 (udp) with options:
[{use_turn,true},
 {auth_type,user},
 {turn_ipv4_address,{127,0,0,1}},
 {turn_min_port,49152},
 {turn_max_port,65535},
 {turn_max_allocations,10},
 {turn_max_permissions,10},
 {shaper,100000},
 {auth_realm,<<"eturnal.net">>},
 {server_name,<<"eturnal">>},
 {auth_fun,fun eturnal:get_password/2},
 {hook_fun,fun eturnal:run_hook/2},
 {turn_blacklist_clients,[{{127,0,0,1},8}]},
 {turn_blacklist_peers,[{{10,0,0,0},8},
                        {{100,64,0,0},10},
                        {{127,0,0,0},8},
                        {{169,254,0,0},16},
                        {{172,16,0,0},12},
                        {{192,0,0,0},24},
                        {{192,0,2,0},24},
                        {{192,88,99,0},24},
                        {{192,168,0,0},16},
                        {{198,18,0,0},15},
                        {{198,51,100,0},24},
                        {{203,0,113,0},24},
                        {{224,0,0,0},4},
                        {{240,0,0,0},4},
                        {{0,0,0,0,0,0,0,1},128},
                        {{100,65435,0,0,0,0,0,0},96},
                        {{256,0,0,0,0,0,0,0},64},
                        {{8193,3512,0,0,0,0,0,0},32},
                        {{64512,0,0,0,0,0,0,0},7},
                        {{65152,0,0,0,0,0,0,0},10},
                        {{65280,0,0,0,0,0,0,0},8}]},
 {turn_whitelist_clients,[{{127,0,0,1},32}]},
 {turn_whitelist_peers,[{{127,0,0,1},32},
                        {{203,0,113,113},32},
                        {{8193,3512,0,0,0,0,0,0},64}]}] (eturnal:start_listeners/0:420)
2025-02-10 17:20:32.681381+00:00 [info] Listening on 127.0.0.1:34780 (udp) (STUN/TURN) (eturnal:start_listeners/0:427)
2025-02-10 17:20:32.681535+00:00 [debug] Starting listener 127.0.0.1:34780 (tcp) with options:
[{use_turn,false},
 {auth_type,anonymous},
 {turn_ipv4_address,{127,0,0,1}},
 {turn_min_port,49152},
 {turn_max_port,65535},
 {turn_max_allocations,10},
 {turn_max_permissions,10},
 {shaper,100000},
 {auth_realm,<<"eturnal.net">>},
 {server_name,<<"eturnal">>},
 {auth_fun,fun eturnal:get_password/2},
 {hook_fun,fun eturnal:run_hook/2},
 {turn_blacklist_clients,[{{127,0,0,1},8}]},
 {turn_blacklist_peers,[{{10,0,0,0},8},
                        {{100,64,0,0},10},
                        {{127,0,0,0},8},
                        {{169,254,0,0},16},
                        {{172,16,0,0},12},
                        {{192,0,0,0},24},
                        {{192,0,2,0},24},
                        {{192,88,99,0},24},
                        {{192,168,0,0},16},
                        {{198,18,0,0},15},
                        {{198,51,100,0},24},
                        {{203,0,113,0},24},
                        {{224,0,0,0},4},
                        {{240,0,0,0},4},
                        {{0,0,0,0,0,0,0,1},128},
                        {{100,65435,0,0,0,0,0,0},96},
                        {{256,0,0,0,0,0,0,0},64},
                        {{8193,3512,0,0,0,0,0,0},32},
                        {{64512,0,0,0,0,0,0,0},7},
                        {{65152,0,0,0,0,0,0,0},10},
                        {{65280,0,0,0,0,0,0,0},8}]},
 {turn_whitelist_clients,[{{127,0,0,1},32}]},
 {turn_whitelist_peers,[{{127,0,0,1},32},
                        {{203,0,113,113},32},
                        {{8193,3512,0,0,0,0,0,0},64}]}] (eturnal:start_listeners/0:420)
2025-02-10 17:20:32.682217+00:00 [info] Listening on 127.0.0.1:34780 (tcp) (STUN only) (eturnal:start_listeners/0:427)
2025-02-10 17:20:32.682328+00:00 [debug] Starting listener 127.0.0.1:53490 (tls) with options:
[{use_turn,false},
 {auth_type,anonymous},
 {tls,true},
 {certfile,<<"run/cert.pem">>},
 {ciphers,<<"HIGH:!aNULL:@STRENGTH">>},
 {protocol_options,<<"no_tlsv1|no_tlsv1_1|cipher_server_preference">>},
 {turn_ipv4_address,{127,0,0,1}},
 {turn_min_port,49152},
 {turn_max_port,65535},
 {turn_max_allocations,10},
 {turn_max_permissions,10},
 {shaper,100000},
 {auth_realm,<<"eturnal.net">>},
 {server_name,<<"eturnal">>},
 {auth_fun,fun eturnal:get_password/2},
 {hook_fun,fun eturnal:run_hook/2},
 {turn_blacklist_clients,[{{127,0,0,1},8}]},
 {turn_blacklist_peers,[{{10,0,0,0},8},
                        {{100,64,0,0},10},
                        {{127,0,0,0},8},
                        {{169,254,0,0},16},
                        {{172,16,0,0},12},
                        {{192,0,0,0},24},
                        {{192,0,2,0},24},
                        {{192,88,99,0},24},
                        {{192,168,0,0},16},
                        {{198,18,0,0},15},
                        {{198,51,100,0},24},
                        {{203,0,113,0},24},
                        {{224,0,0,0},4},
                        {{240,0,0,0},4},
                        {{0,0,0,0,0,0,0,1},128},
                        {{100,65435,0,0,0,0,0,0},96},
                        {{256,0,0,0,0,0,0,0},64},
                        {{8193,3512,0,0,0,0,0,0},32},
                        {{64512,0,0,0,0,0,0,0},7},
                        {{65152,0,0,0,0,0,0,0},10},
                        {{65280,0,0,0,0,0,0,0},8}]},
 {turn_whitelist_clients,[{{127,0,0,1},32}]},
 {turn_whitelist_peers,[{{127,0,0,1},32},
                        {{203,0,113,113},32},
                        {{8193,3512,0,0,0,0,0,0},64}]}] (eturnal:start_listeners/0:420)
2025-02-10 17:20:32.682856+00:00 [info] Listening on 127.0.0.1:53490 (tls) (STUN only) (eturnal:start_listeners/0:427)
2025-02-10 17:20:32.682967+00:00 [debug] Starting listener 127.0.0.1:34781 (auto) with options:
[{use_turn,false},
 {auth_type,anonymous},
 {tls,optional},
 {certfile,<<"run/cert.pem">>},
 {ciphers,<<"HIGH:!aNULL:@STRENGTH">>},
 {protocol_options,<<"no_tlsv1|no_tlsv1_1|cipher_server_preference">>},
 {turn_ipv4_address,{127,0,0,1}},
 {turn_min_port,49152},
 {turn_max_port,65535},
 {turn_max_allocations,10},
 {turn_max_permissions,10},
 {shaper,100000},
 {auth_realm,<<"eturnal.net">>},
 {server_name,<<"eturnal">>},
 {auth_fun,fun eturnal:get_password/2},
 {hook_fun,fun eturnal:run_hook/2},
 {turn_blacklist_clients,[{{127,0,0,1},8}]},
 {turn_blacklist_peers,[{{10,0,0,0},8},
                        {{100,64,0,0},10},
                        {{127,0,0,0},8},
                        {{169,254,0,0},16},
                        {{172,16,0,0},12},
                        {{192,0,0,0},24},
                        {{192,0,2,0},24},
                        {{192,88,99,0},24},
                        {{192,168,0,0},16},
                        {{198,18,0,0},15},
                        {{198,51,100,0},24},
                        {{203,0,113,0},24},
                        {{224,0,0,0},4},
                        {{240,0,0,0},4},
                        {{0,0,0,0,0,0,0,1},128},
                        {{100,65435,0,0,0,0,0,0},96},
                        {{256,0,0,0,0,0,0,0},64},
                        {{8193,3512,0,0,0,0,0,0},32},
                        {{64512,0,0,0,0,0,0,0},7},
                        {{65152,0,0,0,0,0,0,0},10},
                        {{65280,0,0,0,0,0,0,0},8}]},
 {turn_whitelist_clients,[{{127,0,0,1},32}]},
 {turn_whitelist_peers,[{{127,0,0,1},32},
                        {{203,0,113,113},32},
                        {{8193,3512,0,0,0,0,0,0},64}]}] (eturnal:start_listeners/0:420)
2025-02-10 17:20:32.683628+00:00 [info] Listening on 127.0.0.1:34781 (auto) (STUN only) (eturnal:start_listeners/0:427)
2025-02-10 17:20:32.683718+00:00 [debug] Started 3 modules (eturnal:init/1:105)
2025-02-10 17:20:32.683772+00:00 [debug] Started 4 listeners (eturnal:init/1:106)
2025-02-10 17:20:32.683848+00:00 [debug] PROGRESS REPORT:
    supervisor: {local,eturnal_sup}
    started: [{pid,<0.1029.0>},
              {id,eturnal},
              {mfargs,{eturnal,start_link,[]}},
              {restart_type,permanent},
              {significant,false},
              {shutdown,5000},
              {child_type,worker}]
 (supervisor:report_progress/3:2135)
2025-02-10 17:20:32.683926+00:00 [debug] PROGRESS REPORT:
    application: eturnal
    started_at: nonode@nohost
 (application_controller:info_started/2:2113)
2025-02-10 17:20:32.683924+00:00 [debug] No NOTIFY_SOCKET, dropping READY=1 notification (eturnal_systemd:handle_cast/2:99)
2025-02-10 17:20:32.711423+00:00 [debug] Handling API call: get_info() (eturnal_ctl:get_info/0:139)
2025-02-10 17:20:32.711971+00:00 [debug] eturnal call (get_info) returned {ok,
                                  {eturnal_node_info,<<"1.12.1">>,
                                   {"27","15.2"},
                                   3560,0,178,109570048,1,74237672}} (eturnal_ctl:call/1:445)
2025-02-10 17:20:32.735433+00:00 [debug] Handling API call: get_sessions() (eturnal_ctl:get_sessions/0:100)
2025-02-10 17:20:32.758516+00:00 [debug] Handling API call: get_sessions("alice") (eturnal_ctl:get_sessions/1:110)
2025-02-10 17:20:32.758754+00:00 [debug] Handling API call: disconnect(alice) (eturnal_ctl:disconnect/1:188)
2025-02-10 17:20:32.758863+00:00 [debug] Cannot convert user name to binary: alice (eturnal_ctl:disconnect/1:198)
2025-02-10 17:20:32.782778+00:00 [debug] Handling API call: disconnect("alice") (eturnal_ctl:disconnect/1:188)
2025-02-10 17:20:32.783077+00:00 [debug] Handling API call: disconnect(alice) (eturnal_ctl:disconnect/1:188)
2025-02-10 17:20:32.783190+00:00 [debug] Cannot convert user name to binary: alice (eturnal_ctl:disconnect/1:198)
2025-02-10 17:20:32.807676+00:00 [debug] Handling API call: get_credentials("2009-10-30 11:00:00Z", []) (eturnal_ctl:get_credentials/2:60)
2025-02-10 17:20:32.807858+00:00 [debug] eturnal call ({get_password,<<"1256900400">>}) returned {ok,
                                                         <<"uEKlpcME7MNMMVRV8rUFPCTIFEs=">>} (eturnal_ctl:call/1:445)
2025-02-10 17:20:32.808058+00:00 [debug] Handling API call: get_credentials("86400", "alice") (eturnal_ctl:get_credentials/2:60)
2025-02-10 17:20:32.808210+00:00 [debug] eturnal call ({get_password,<<"1739294432:alice">>}) returned {ok,
                                                               <<"o0nhva+B8uAVaubiFE1TKZk2YOI=">>} (eturnal_ctl:call/1:445)
2025-02-10 17:20:32.808332+00:00 [debug] Handling API call: get_password("1739294432:alice") (eturnal_ctl:get_password/1:79)
2025-02-10 17:20:32.808442+00:00 [debug] eturnal call ({get_password,<<"1739294432:alice">>}) returned {ok,
                                                               <<"o0nhva+B8uAVaubiFE1TKZk2YOI=">>} (eturnal_ctl:call/1:445)
2025-02-10 17:20:32.808592+00:00 [debug] Handling API call: get_credentials("86400s", "alice") (eturnal_ctl:get_credentials/2:60)
2025-02-10 17:20:32.808719+00:00 [debug] eturnal call ({get_password,<<"1739294432:alice">>}) returned {ok,
                                                               <<"o0nhva+B8uAVaubiFE1TKZk2YOI=">>} (eturnal_ctl:call/1:445)
2025-02-10 17:20:32.808831+00:00 [debug] Handling API call: get_password("1739294432:alice") (eturnal_ctl:get_password/1:79)
2025-02-10 17:20:32.808944+00:00 [debug] eturnal call ({get_password,<<"1739294432:alice">>}) returned {ok,
                                                               <<"o0nhva+B8uAVaubiFE1TKZk2YOI=">>} (eturnal_ctl:call/1:445)
2025-02-10 17:20:32.809084+00:00 [debug] Handling API call: get_credentials("1440m", "alice") (eturnal_ctl:get_credentials/2:60)
2025-02-10 17:20:32.809211+00:00 [debug] eturnal call ({get_password,<<"1739294432:alice">>}) returned {ok,
                                                               <<"o0nhva+B8uAVaubiFE1TKZk2YOI=">>} (eturnal_ctl:call/1:445)
2025-02-10 17:20:32.809299+00:00 [debug] Handling API call: get_password("1739294432:alice") (eturnal_ctl:get_password/1:79)
2025-02-10 17:20:32.809370+00:00 [debug] eturnal call ({get_password,<<"1739294432:alice">>}) returned {ok,
                                                               <<"o0nhva+B8uAVaubiFE1TKZk2YOI=">>} (eturnal_ctl:call/1:445)
2025-02-10 17:20:32.809481+00:00 [debug] Handling API call: get_credentials("24h", "alice") (eturnal_ctl:get_credentials/2:60)
2025-02-10 17:20:32.809572+00:00 [debug] eturnal call ({get_password,<<"1739294432:alice">>}) returned {ok,
                                                               <<"o0nhva+B8uAVaubiFE1TKZk2YOI=">>} (eturnal_ctl:call/1:445)
2025-02-10 17:20:32.809662+00:00 [debug] Handling API call: get_password("1739294432:alice") (eturnal_ctl:get_password/1:79)
2025-02-10 17:20:32.809728+00:00 [debug] eturnal call ({get_password,<<"1739294432:alice">>}) returned {ok,
                                                               <<"o0nhva+B8uAVaubiFE1TKZk2YOI=">>} (eturnal_ctl:call/1:445)
2025-02-10 17:20:32.809830+00:00 [debug] Handling API call: get_credentials("1d", "alice") (eturnal_ctl:get_credentials/2:60)
2025-02-10 17:20:32.809964+00:00 [debug] eturnal call ({get_password,<<"1739294432:alice">>}) returned {ok,
                                                               <<"o0nhva+B8uAVaubiFE1TKZk2YOI=">>} (eturnal_ctl:call/1:445)
2025-02-10 17:20:32.810087+00:00 [debug] Handling API call: get_password("1739294432:alice") (eturnal_ctl:get_password/1:79)
2025-02-10 17:20:32.810219+00:00 [debug] eturnal call ({get_password,<<"1739294432:alice">>}) returned {ok,
                                                               <<"o0nhva+B8uAVaubiFE1TKZk2YOI=">>} (eturnal_ctl:call/1:445)
2025-02-10 17:20:32.810389+00:00 [debug] Handling API call: get_password("Invalid") (eturnal_ctl:get_password/1:79)
2025-02-10 17:20:32.810512+00:00 [debug] eturnal call ({get_password,<<"Invalid">>}) returned {error,no_credentials} (eturnal_ctl:call/1:448)
2025-02-10 17:20:32.810603+00:00 [debug] Handling API call: get_credentials("Invalid", []) (eturnal_ctl:get_credentials/2:60)
2025-02-10 17:20:32.810693+00:00 [debug] Invalid argument(s): "Invalid":[] (eturnal_ctl:get_credentials/2:73)
2025-02-10 17:20:32.810771+00:00 [debug] Handling API call: get_password(invalid) (eturnal_ctl:get_password/1:79)
2025-02-10 17:20:32.810850+00:00 [debug] Cannot convert user name to binary: invalid (eturnal_ctl:get_password/1:94)
2025-02-10 17:20:32.810929+00:00 [debug] Handling API call: get_credentials(invalid, []) (eturnal_ctl:get_credentials/2:60)
2025-02-10 17:20:32.811010+00:00 [debug] Invalid argument(s): invalid:[] (eturnal_ctl:get_credentials/2:73)
2025-02-10 17:20:32.811073+00:00 [debug] Handling API call: get_password([invalid]) (eturnal_ctl:get_password/1:79)
2025-02-10 17:20:32.811156+00:00 [debug] Cannot convert user name to binary: [invalid] (eturnal_ctl:get_password/1:94)
2025-02-10 17:20:32.811240+00:00 [debug] Handling API call: get_credentials([invalid], []) (eturnal_ctl:get_credentials/2:60)
2025-02-10 17:20:32.811331+00:00 [debug] Invalid argument(s): [invalid]:[] (eturnal_ctl:get_credentials/2:73)
2025-02-10 17:20:32.811495+00:00 [debug] Handling API call: get_credentials(1256900400, invalid) (eturnal_ctl:get_credentials/2:60)
2025-02-10 17:20:32.811584+00:00 [debug] Invalid argument(s): 1256900400:invalid (eturnal_ctl:get_credentials/2:73)
2025-02-10 17:20:32.811714+00:00 [debug] Handling API call: get_password("alice") (eturnal_ctl:get_password/1:79)
2025-02-10 17:20:32.811807+00:00 [debug] eturnal call ({get_password,<<"alice">>}) returned {ok,<<"l0vesBob">>} (eturnal_ctl:call/1:445)
2025-02-10 17:20:32.835239+00:00 [debug] Handling API call: set_loglevel(debug) (eturnal_ctl:set_loglevel/1:169)
2025-02-10 17:20:32.835367+00:00 [debug] eturnal call ({set_loglevel,debug}) returned ok (eturnal_ctl:call/1:442)
2025-02-10 17:20:32.835513+00:00 [debug] Handling API call: get_loglevel() (eturnal_ctl:get_loglevel/0:159)
2025-02-10 17:20:32.835586+00:00 [debug] eturnal call (get_loglevel) returned {ok,debug} (eturnal_ctl:call/1:445)
2025-02-10 17:20:32.835727+00:00 [debug] Handling API call: set_loglevel(invalid) (eturnal_ctl:set_loglevel/1:169)
2025-02-10 17:20:32.835797+00:00 [debug] Invalid log level: invalid (eturnal_ctl:set_loglevel/1:179)
2025-02-10 17:20:32.835896+00:00 [debug] Handling API call: get_loglevel() (eturnal_ctl:get_loglevel/0:159)
2025-02-10 17:20:32.835991+00:00 [debug] eturnal call (get_loglevel) returned {ok,debug} (eturnal_ctl:call/1:445)
2025-02-10 17:20:32.859024+00:00 [debug] Handling API call: get_version() (eturnal_ctl:get_version/0:149)
2025-02-10 17:20:32.859138+00:00 [debug] eturnal call (get_version) returned {ok,<<"1.12.1">>} (eturnal_ctl:call/1:445)
2025-02-10 17:20:32.881962+00:00 [debug] Handling API call: reload() (eturnal_ctl:reload/0:204)
2025-02-10 17:20:32.883789+00:00 [debug] Calling mod_log_stun:options/0 (eturnal_module:options/1:192)
2025-02-10 17:20:32.883921+00:00 [debug] Calling mod_stats_influx:options/0 (eturnal_module:options/1:192)
2025-02-10 17:20:32.884018+00:00 [debug] Calling mod_stats_prometheus:options/0 (eturnal_module:options/1:192)
2025-02-10 17:20:32.884611+00:00 [warning] TLS enabled without 'tls_crt_file', creating self-signed certificate (eturnal:check_pem_file/0:806)
2025-02-10 17:20:33.126989+00:00 [info] Using new TLS certificate (eturnal:reload/1:631)
2025-02-10 17:20:33.127225+00:00 [debug] Calling mod_log_stun:stop/1 (eturnal_module:stop/1:163)
2025-02-10 17:20:33.127315+00:00 [debug] Stopping mod_log_stun (mod_log_stun:stop/0:49)
2025-02-10 17:20:33.127487+00:00 [info] Stopped mod_log_stun (eturnal:stop_modules/1:398)
2025-02-10 17:20:33.128817+00:00 [debug] Calling mod_stats_influx:stop/1 (eturnal_module:stop/1:163)
2025-02-10 17:20:33.128929+00:00 [debug] Stopping mod_stats_influx (mod_stats_influx:stop/0:61)
2025-02-10 17:20:33.129080+00:00 [info] Stopped mod_stats_influx (eturnal:stop_modules/1:398)
2025-02-10 17:20:33.131172+00:00 [debug] Calling mod_stats_prometheus:stop/1 (eturnal_module:stop/1:163)
2025-02-10 17:20:33.131287+00:00 [debug] Stopping mod_stats_prometheus (mod_stats_prometheus:stop/0:110)
2025-02-10 17:20:33.131906+00:00 [info] Stopped mod_stats_prometheus (eturnal:stop_modules/1:398)
2025-02-10 17:20:33.132045+00:00 [debug] Calling mod_log_stun:start/0 (eturnal_module:start/1:143)
2025-02-10 17:20:33.132140+00:00 [debug] Starting mod_log_stun (mod_log_stun:start/0:38)
2025-02-10 17:20:33.132940+00:00 [info] Started mod_log_stun (eturnal:start_modules/0:385)
2025-02-10 17:20:33.133018+00:00 [debug] Calling mod_stats_influx:start/0 (eturnal_module:start/1:143)
2025-02-10 17:20:33.133109+00:00 [debug] Starting mod_stats_influx (mod_stats_influx:start/0:37)
2025-02-10 17:20:33.133210+00:00 [debug] Dependency influx_udp was available already (eturnal_module:ensure_dep/2:284)
2025-02-10 17:20:33.133791+00:00 [info]     options: #{port => 8089,host => "localhost",pool_size => 1,
               max_overflow => 1}
    msg: Start clients pool
    host: {127,0,0,1} (influx_udp:start_pool_/2:239)
2025-02-10 17:20:33.135068+00:00 [info] Started mod_stats_influx (eturnal:start_modules/0:385)
2025-02-10 17:20:33.135345+00:00 [debug] Calling mod_stats_prometheus:start/0 (eturnal_module:start/1:143)
2025-02-10 17:20:33.135435+00:00 [debug] Starting mod_stats_prometheus (mod_stats_prometheus:start/0:56)
2025-02-10 17:20:33.135568+00:00 [debug] Dependency prometheus_httpd was available already (eturnal_module:ensure_dep/2:284)
2025-02-10 17:20:33.136103+00:00 [debug] PROGRESS REPORT:
    supervisor: {local,httpd_instance_sup__127_0_0_1__9081default}
    started: [{pid,<0.1198.0>},
              {id,{httpd_connection_sup,{127,0,0,1},9081,default}},
              {mfargs,{httpd_connection_sup,start_link,[[{127,0,0,1},9081]]}},
              {restart_type,permanent},
              {significant,false},
              {shutdown,5000},
              {child_type,supervisor}]
 (supervisor:report_progress/3:2135)
2025-02-10 17:20:33.136395+00:00 [debug] PROGRESS REPORT:
    supervisor: {local,httpd_acceptor_sup__127_0_0_1__9081default}
    started: [{pid,<0.1200.0>},
              {id,{httpd_acceptor_sup,{127,0,0,1},9081,default}},
              {mfargs,{httpd_acceptor,start_link,
                                      [httpd__127_0_0_1__9081default,ip_comm,
                                       {127,0,0,1},
                                       9081,inet,
                                       httpd_conf__127_0_0_1__9081default,
                                       15000]}},
              {restart_type,transient},
              {significant,false},
              {shutdown,brutal_kill},
              {child_type,worker}]
 (supervisor:report_progress/3:2135)
2025-02-10 17:20:33.136641+00:00 [debug] PROGRESS REPORT:
    supervisor: {local,httpd_instance_sup__127_0_0_1__9081default}
    started: [{pid,<0.1199.0>},
              {id,{httpd_acceptor_sup,{127,0,0,1},9081,default}},
              {mfargs,
                  {httpd_acceptor_sup,start_link,
                      [[{127,0,0,1},
                        9081,
                        [{bind_address,{127,0,0,1}},
                         {socket_type,ip_comm},
                         {port,9081},
                         {server_root,"run/mod_stats_prometheus/doc"},
                         {document_root,"run/mod_stats_prometheus/doc"},
                         {server_name,"Prometheus Exporter"},
                         {modules,[prometheus_httpd]}],
                        15000,undefined]]}},
              {restart_type,permanent},
              {significant,false},
              {shutdown,infinity},
              {child_type,supervisor}]
 (supervisor:report_progress/3:2135)
2025-02-10 17:20:33.136820+00:00 [debug] PROGRESS REPORT:
    supervisor: {local,httpd_instance_sup__127_0_0_1__9081default}
    started: [{pid,<0.1202.0>},
              {id,{httpd_misc_sup,{127,0,0,1},9081,default}},
              {mfargs,{httpd_misc_sup,start_link,[{127,0,0,1},9081,default]}},
              {restart_type,permanent},
              {significant,false},
              {shutdown,infinity},
              {child_type,supervisor}]
 (supervisor:report_progress/3:2135)
2025-02-10 17:20:33.137095+00:00 [debug] PROGRESS REPORT:
    supervisor: {local,httpd_instance_sup__127_0_0_1__9081default}
    started: [{pid,<0.1203.0>},
              {id,{httpd_manager,{127,0,0,1},9081,default}},
              {mfargs,
                  {httpd_manager,start_link,
                      [undefined,
                       [{bind_address,{127,0,0,1}},
                        {socket_type,ip_comm},
                        {port,9081},
                        {server_root,"run/mod_stats_prometheus/doc"},
                        {document_root,"run/mod_stats_prometheus/doc"},
                        {server_name,"Prometheus Exporter"},
                        {modules,[prometheus_httpd]}],
                       15000]}},
              {restart_type,permanent},
              {significant,false},
              {shutdown,4000},
              {child_type,worker}]
 (supervisor:report_progress/3:2135)
2025-02-10 17:20:33.137253+00:00 [debug] PROGRESS REPORT:
    supervisor: {local,httpd_sup}
    started: [{pid,<0.1197.0>},
              {id,{httpd_instance_sup,{127,0,0,1},9081,default}},
              {mfargs,
                  {httpd_instance_sup,start_link,
                      [[{bind_address,{127,0,0,1}},
                        {socket_type,ip_comm},
                        {port,9081},
                        {server_root,"run/mod_stats_prometheus/doc"},
                        {document_root,"run/mod_stats_prometheus/doc"},
                        {server_name,"Prometheus Exporter"},
                        {modules,[prometheus_httpd]}],
                       15000,[]]}},
              {restart_type,permanent},
              {significant,false},
              {shutdown,infinity},
              {child_type,supervisor}]
 (supervisor:report_progress/3:2145)
2025-02-10 17:20:33.139344+00:00 [info] Started mod_stats_prometheus (eturnal:start_modules/0:385)
2025-02-10 17:20:33.139496+00:00 [debug] Restarted modules (eturnal:reload/1:639)
2025-02-10 17:20:33.139596+00:00 [debug] eturnal call (reload) returned ok (eturnal_ctl:call/1:442)
2025-02-10 17:20:33.139978+00:00 [debug] Handling API call: reload() (eturnal_ctl:reload/0:204)
2025-02-10 17:20:33.142564+00:00 [debug] Calling mod_log_stun:options/0 (eturnal_module:options/1:192)
2025-02-10 17:20:33.142700+00:00 [debug] Calling mod_stats_influx:options/0 (eturnal_module:options/1:192)
2025-02-10 17:20:33.142804+00:00 [debug] Calling mod_stats_prometheus:options/0 (eturnal_module:options/1:192)
2025-02-10 17:20:33.143404+00:00 [debug] Keeping PEM file (run/cert.pem) (eturnal:check_pem_file/0:803)
2025-02-10 17:20:33.143520+00:00 [debug] TLS certificate unchanged (eturnal:reload/1:633)
2025-02-10 17:20:33.144907+00:00 [debug] Calling mod_log_stun:stop/1 (eturnal_module:stop/1:163)
2025-02-10 17:20:33.145001+00:00 [debug] Stopping mod_log_stun (mod_log_stun:stop/0:49)
2025-02-10 17:20:33.145088+00:00 [info] Stopped mod_log_stun (eturnal:stop_modules/1:398)
2025-02-10 17:20:33.146228+00:00 [debug] Calling mod_stats_influx:stop/1 (eturnal_module:stop/1:163)
2025-02-10 17:20:33.146381+00:00 [debug] Stopping mod_stats_influx (mod_stats_influx:stop/0:61)
2025-02-10 17:20:33.146487+00:00 [info] Stopped mod_stats_influx (eturnal:stop_modules/1:398)
2025-02-10 17:20:33.149145+00:00 [debug] Calling mod_stats_prometheus:stop/1 (eturnal_module:stop/1:163)
2025-02-10 17:20:33.149275+00:00 [debug] Stopping mod_stats_prometheus (mod_stats_prometheus:stop/0:110)
2025-02-10 17:20:33.149529+00:00 [info] Stopped mod_stats_prometheus (eturnal:stop_modules/1:398)
2025-02-10 17:20:33.149636+00:00 [debug] Calling mod_log_stun:start/0 (eturnal_module:start/1:143)
2025-02-10 17:20:33.149716+00:00 [debug] Starting mod_log_stun (mod_log_stun:start/0:38)
2025-02-10 17:20:33.150648+00:00 [info] Started mod_log_stun (eturnal:start_modules/0:385)
2025-02-10 17:20:33.150781+00:00 [debug] Calling mod_stats_influx:start/0 (eturnal_module:start/1:143)
2025-02-10 17:20:33.150883+00:00 [debug] Starting mod_stats_influx (mod_stats_influx:start/0:37)
2025-02-10 17:20:33.151019+00:00 [debug] Dependency influx_udp was available already (eturnal_module:ensure_dep/2:284)
2025-02-10 17:20:33.151278+00:00 [info]     options: #{port => 8089,host => "localhost",pool_size => 1,
               max_overflow => 1}
    msg: Start clients pool
    host: {127,0,0,1} (influx_udp:start_pool_/2:239)
2025-02-10 17:20:33.152254+00:00 [info] Started mod_stats_influx (eturnal:start_modules/0:385)
2025-02-10 17:20:33.152348+00:00 [debug] Calling mod_stats_prometheus:start/0 (eturnal_module:start/1:143)
2025-02-10 17:20:33.152422+00:00 [debug] Starting mod_stats_prometheus (mod_stats_prometheus:start/0:56)
2025-02-10 17:20:33.152975+00:00 [debug] Dependency prometheus_httpd was available already (eturnal_module:ensure_dep/2:284)
2025-02-10 17:20:33.153481+00:00 [debug] PROGRESS REPORT:
    supervisor: {local,httpd_instance_sup__127_0_0_1__9081default}
    started: [{pid,<0.1234.0>},
              {id,{httpd_connection_sup,{127,0,0,1},9081,default}},
              {mfargs,{httpd_connection_sup,start_link,[[{127,0,0,1},9081]]}},
              {restart_type,permanent},
              {significant,false},
              {shutdown,5000},
              {child_type,supervisor}]
 (supervisor:report_progress/3:2135)
2025-02-10 17:20:33.153784+00:00 [debug] PROGRESS REPORT:
    supervisor: {local,httpd_acceptor_sup__127_0_0_1__9081default}
    started: [{pid,<0.1236.0>},
              {id,{httpd_acceptor_sup,{127,0,0,1},9081,default}},
              {mfargs,{httpd_acceptor,start_link,
                                      [httpd__127_0_0_1__9081default,ip_comm,
                                       {127,0,0,1},
                                       9081,inet,
                                       httpd_conf__127_0_0_1__9081default,
                                       15000]}},
              {restart_type,transient},
              {significant,false},
              {shutdown,brutal_kill},
              {child_type,worker}]
 (supervisor:report_progress/3:2135)
2025-02-10 17:20:33.153886+00:00 [debug] PROGRESS REPORT:
    supervisor: {local,httpd_instance_sup__127_0_0_1__9081default}
    started: [{pid,<0.1235.0>},
              {id,{httpd_acceptor_sup,{127,0,0,1},9081,default}},
              {mfargs,
                  {httpd_acceptor_sup,start_link,
                      [[{127,0,0,1},
                        9081,
                        [{bind_address,{127,0,0,1}},
                         {socket_type,ip_comm},
                         {port,9081},
                         {server_root,"run/mod_stats_prometheus/doc"},
                         {document_root,"run/mod_stats_prometheus/doc"},
                         {server_name,"Prometheus Exporter"},
                         {modules,[prometheus_httpd]}],
                        15000,undefined]]}},
              {restart_type,permanent},
              {significant,false},
              {shutdown,infinity},
              {child_type,supervisor}]
 (supervisor:report_progress/3:2135)
2025-02-10 17:20:33.154062+00:00 [debug] PROGRESS REPORT:
    supervisor: {local,httpd_instance_sup__127_0_0_1__9081default}
    started: [{pid,<0.1237.0>},
              {id,{httpd_misc_sup,{127,0,0,1},9081,default}},
              {mfargs,{httpd_misc_sup,start_link,[{127,0,0,1},9081,default]}},
              {restart_type,permanent},
              {significant,false},
              {shutdown,infinity},
              {child_type,supervisor}]
 (supervisor:report_progress/3:2135)
2025-02-10 17:20:33.154395+00:00 [debug] PROGRESS REPORT:
    supervisor: {local,httpd_instance_sup__127_0_0_1__9081default}
    started: [{pid,<0.1238.0>},
              {id,{httpd_manager,{127,0,0,1},9081,default}},
              {mfargs,
                  {httpd_manager,start_link,
                      [undefined,
                       [{bind_address,{127,0,0,1}},
                        {socket_type,ip_comm},
                        {port,9081},
                        {server_root,"run/mod_stats_prometheus/doc"},
                        {document_root,"run/mod_stats_prometheus/doc"},
                        {server_name,"Prometheus Exporter"},
                        {modules,[prometheus_httpd]}],
                       15000]}},
              {restart_type,permanent},
              {significant,false},
              {shutdown,4000},
              {child_type,worker}]
 (supervisor:report_progress/3:2135)
2025-02-10 17:20:33.154558+00:00 [debug] PROGRESS REPORT:
    supervisor: {local,httpd_sup}
    started: [{pid,<0.1233.0>},
              {id,{httpd_instance_sup,{127,0,0,1},9081,default}},
              {mfargs,
                  {httpd_instance_sup,start_link,
                      [[{bind_address,{127,0,0,1}},
                        {socket_type,ip_comm},
                        {port,9081},
                        {server_root,"run/mod_stats_prometheus/doc"},
                        {document_root,"run/mod_stats_prometheus/doc"},
                        {server_name,"Prometheus Exporter"},
                        {modules,[prometheus_httpd]}],
                       15000,[]]}},
              {restart_type,permanent},
              {significant,false},
              {shutdown,infinity},
              {child_type,supervisor}]
 (supervisor:report_progress/3:2145)
2025-02-10 17:20:33.157532+00:00 [info] Started mod_stats_prometheus (eturnal:start_modules/0:385)
2025-02-10 17:20:33.157725+00:00 [debug] Restarted modules (eturnal:reload/1:639)
2025-02-10 17:20:33.157821+00:00 [debug] eturnal call (reload) returned ok (eturnal_ctl:call/1:442)
2025-02-10 17:20:33.183042+00:00 [info] Accepting connection: 127.0.0.1:44920 -> 127.0.0.1:34780 [TCP, session vxsjocrk2k0z] (stun_acceptor:accept/3:158)
2025-02-10 17:20:33.206667+00:00 [info] Accepting connection: 127.0.0.1:36904 -> 127.0.0.1:53490 [TLS, session ipfg8dor81me] (stun_acceptor:accept/3:158)
2025-02-10 17:20:33.230461+00:00 [debug] Received:
#stun{class = request,method = 3,magic = 554869826,
      trid = 675564710008074246322494210,raw = <<>>,unsupported = [],
      'ALTERNATE-SERVER' = undefined,'CHANNEL-NUMBER' = undefined,
      'DATA' = undefined,'DONT-FRAGMENT' = false,'ERROR-CODE' = undefined,
      'LIFETIME' = undefined,'MAPPED-ADDRESS' = undefined,
      'MESSAGE-INTEGRITY' = undefined,'NONCE' = undefined,'REALM' = undefined,
      'REQUESTED-ADDRESS-FAMILY' = undefined,
      'REQUESTED-TRANSPORT' = undefined,'SOFTWARE' = undefined,
      'UNKNOWN-ATTRIBUTES' = [],'USERNAME' = undefined,
      'XOR-MAPPED-ADDRESS' = undefined,'XOR-PEER-ADDRESS' = [],
      'XOR-RELAYED-ADDRESS' = undefined} (stun:udp_recv/5:114)
2025-02-10 17:20:33.230608+00:00 [debug] Sending:
#stun{class = error,method = 3,magic = 554869826,
      trid = 675564710008074246322494210,raw = <<>>,unsupported = [],
      'ALTERNATE-SERVER' = undefined,'CHANNEL-NUMBER' = undefined,
      'DATA' = undefined,'DONT-FRAGMENT' = false,
      'ERROR-CODE' = {401,<<"Unauthorized">>},
      'LIFETIME' = undefined,'MAPPED-ADDRESS' = undefined,
      'MESSAGE-INTEGRITY' = undefined,'NONCE' = <<"1796483167">>,
      'REALM' = <<"eturnal.net">>,'REQUESTED-ADDRESS-FAMILY' = undefined,
      'REQUESTED-TRANSPORT' = undefined,'SOFTWARE' = <<"eturnal">>,
      'UNKNOWN-ATTRIBUTES' = [],'USERNAME' = undefined,
      'XOR-MAPPED-ADDRESS' = undefined,'XOR-PEER-ADDRESS' = [],
      'XOR-RELAYED-ADDRESS' = undefined} (stun:send/3:466)
2025-02-10 17:20:33.230873+00:00 [debug] Received:
#stun{class = request,method = 3,magic = 554869826,
      trid = 60150029485899539089509449249,
      raw = <<0,3,0,76,33,18,164,66,194,90,240,48,47,24,193,82,66,93,254,33,0,
              25,0,4,17,0,0,0,0,6,0,5,97,108,105,99,101,0,0,0,0,20,0,11,101,
              116,117,114,110,97,108,46,110,101,116,0,0,21,0,10,49,55,57,54,52,
              56,51,49,54,55,0,0>>,
      unsupported = [],'ALTERNATE-SERVER' = undefined,
      'CHANNEL-NUMBER' = undefined,'DATA' = undefined,'DONT-FRAGMENT' = false,
      'ERROR-CODE' = undefined,'LIFETIME' = undefined,
      'MAPPED-ADDRESS' = undefined,
      'MESSAGE-INTEGRITY' = <<150,7,24,11,231,198,117,7,198,190,114,47,185,64,
                              187,151,167,221,37,55>>,
      'NONCE' = <<"1796483167">>,'REALM' = <<"eturnal.net">>,
      'REQUESTED-ADDRESS-FAMILY' = undefined,'REQUESTED-TRANSPORT' = udp,
      'SOFTWARE' = undefined,'UNKNOWN-ATTRIBUTES' = [],
      'USERNAME' = <<"alice">>,'XOR-MAPPED-ADDRESS' = undefined,
      'XOR-PEER-ADDRESS' = [],'XOR-RELAYED-ADDRESS' = undefined} (stun:udp_recv/5:114)
2025-02-10 17:20:33.230987+00:00 [debug] Looking up password for: alice [UDP, session 81ghs64h4khb, user alice, client 127.0.0.1:33193] (eturnal:get_password/2:259)
2025-02-10 17:20:33.231054+00:00 [info] Accepting long-term STUN/TURN authentication [UDP, session 81ghs64h4khb, user alice, client 127.0.0.1:33193] (stun:process/2:255)
2025-02-10 17:20:33.231173+00:00 [debug] Running 'turn_session_start' hook [UDP, session 81ghs64h4khb, user alice, client 127.0.0.1:33193] (turn:run_hook/3:753)
2025-02-10 17:20:33.231236+00:00 [debug] Got 'turn_session_start' event [UDP, session 81ghs64h4khb, user alice, client 127.0.0.1:33193] (eturnal_module:handle_event/2:177)
2025-02-10 17:20:33.231277+00:00 [debug] Calling mod_stats_prometheus:handle_event/2 [UDP, session 81ghs64h4khb, user alice, client 127.0.0.1:33193] (eturnal_module:handle_event/2:180)
2025-02-10 17:20:33.231339+00:00 [debug] Observing started TURN session 81ghs64h4khb for Prometheus [UDP, session 81ghs64h4khb, user alice, client 127.0.0.1:33193] (mod_stats_prometheus:on_turn_session_start/1:174)
2025-02-10 17:20:33.231548+00:00 [notice] Creating TURN allocation (lifetime: 600 seconds) [UDP, session 81ghs64h4khb, user alice, client 127.0.0.1:33193, relay 127.0.0.1:52532] (turn:wait_for_allocate/2:226)
2025-02-10 17:20:33.231672+00:00 [debug] Sending:
#stun{class = response,method = 3,magic = 554869826,
      trid = 60150029485899539089509449249,raw = <<>>,unsupported = [],
      'ALTERNATE-SERVER' = undefined,'CHANNEL-NUMBER' = undefined,
      'DATA' = undefined,'DONT-FRAGMENT' = false,'ERROR-CODE' = undefined,
      'LIFETIME' = 600,'MAPPED-ADDRESS' = undefined,
      'MESSAGE-INTEGRITY' = undefined,'NONCE' = undefined,'REALM' = undefined,
      'REQUESTED-ADDRESS-FAMILY' = undefined,
      'REQUESTED-TRANSPORT' = undefined,'SOFTWARE' = <<"eturnal">>,
      'UNKNOWN-ATTRIBUTES' = [],'USERNAME' = undefined,
      'XOR-MAPPED-ADDRESS' = {{127,0,0,1},33193},
      'XOR-PEER-ADDRESS' = [],
      'XOR-RELAYED-ADDRESS' = {{127,0,0,1},52532}} (turn:send/2:549)
2025-02-10 17:20:33.231920+00:00 [debug] Received:
#stun{class = request,method = 4,magic = 554869826,
      trid = 48607068022218408227900661026,
      raw = <<0,4,0,76,33,18,164,66,157,14,211,5,100,89,191,252,12,34,157,34,0,
              6,0,5,97,108,105,99,101,0,0,0,0,20,0,11,101,116,117,114,110,97,
              108,46,110,101,116,0,0,21,0,10,49,55,57,54,52,56,51,49,54,55,0,0,
              0,13,0,4,0,0,0,0>>,
      unsupported = [],'ALTERNATE-SERVER' = undefined,
      'CHANNEL-NUMBER' = undefined,'DATA' = undefined,'DONT-FRAGMENT' = false,
      'ERROR-CODE' = undefined,'LIFETIME' = 0,'MAPPED-ADDRESS' = undefined,
      'MESSAGE-INTEGRITY' = <<168,6,139,18,21,205,138,225,233,221,210,18,78,78,
                              40,220,102,56,4,115>>,
      'NONCE' = <<"1796483167">>,'REALM' = <<"eturnal.net">>,
      'REQUESTED-ADDRESS-FAMILY' = undefined,
      'REQUESTED-TRANSPORT' = undefined,'SOFTWARE' = undefined,
      'UNKNOWN-ATTRIBUTES' = [],'USERNAME' = <<"alice">>,
      'XOR-MAPPED-ADDRESS' = undefined,'XOR-PEER-ADDRESS' = [],
      'XOR-RELAYED-ADDRESS' = undefined} (stun:udp_recv/5:114)
2025-02-10 17:20:33.232050+00:00 [debug] Looking up password for: alice [UDP, session xsyn07j4wxz0, user alice, client 127.0.0.1:33193] (eturnal:get_password/2:259)
2025-02-10 17:20:33.232108+00:00 [info] Accepting long-term STUN/TURN authentication [UDP, session xsyn07j4wxz0, user alice, client 127.0.0.1:33193] (stun:process/2:255)
2025-02-10 17:20:33.232146+00:00 [info] Client requested closing the TURN session [UDP, session 81ghs64h4khb, user alice, client 127.0.0.1:33193, relay 127.0.0.1:52532] (turn:active/2:285)
2025-02-10 17:20:33.232225+00:00 [debug] Sending:
#stun{class = response,method = 4,magic = 554869826,
      trid = 48607068022218408227900661026,raw = <<>>,unsupported = [],
      'ALTERNATE-SERVER' = undefined,'CHANNEL-NUMBER' = undefined,
      'DATA' = undefined,'DONT-FRAGMENT' = false,'ERROR-CODE' = undefined,
      'LIFETIME' = 0,'MAPPED-ADDRESS' = undefined,
      'MESSAGE-INTEGRITY' = undefined,'NONCE' = undefined,'REALM' = undefined,
      'REQUESTED-ADDRESS-FAMILY' = undefined,
      'REQUESTED-TRANSPORT' = undefined,'SOFTWARE' = <<"eturnal">>,
      'UNKNOWN-ATTRIBUTES' = [],'USERNAME' = undefined,
      'XOR-MAPPED-ADDRESS' = undefined,'XOR-PEER-ADDRESS' = [],
      'XOR-RELAYED-ADDRESS' = undefined} (turn:send/2:549)
2025-02-10 17:20:33.232348+00:00 [info] Deleting TURN allocation [UDP, session 81ghs64h4khb, user alice, client 127.0.0.1:33193, relay 127.0.0.1:52532] (turn:terminate/3:482)
2025-02-10 17:20:33.232425+00:00 [notice] Relayed 0 KiB (in 0 B / 0 packets, out 0 B / 0 packets), duration: 0 seconds [UDP, session 81ghs64h4khb, user alice, client 127.0.0.1:33193, relay 127.0.0.1:52532] (turn:terminate/3:489)
2025-02-10 17:20:33.232503+00:00 [debug] Running 'turn_session_stop' hook [UDP, session 81ghs64h4khb, user alice, client 127.0.0.1:33193, relay 127.0.0.1:52532] (turn:run_hook/3:753)
2025-02-10 17:20:33.232559+00:00 [debug] Got 'turn_session_stop' event [UDP, session 81ghs64h4khb, user alice, client 127.0.0.1:33193, relay 127.0.0.1:52532] (eturnal_module:handle_event/2:177)
2025-02-10 17:20:33.232576+00:00 [debug] Received:
#stun{class = request,method = 3,magic = 554869826,
      trid = 30369919367530916904040143748,raw = <<>>,unsupported = [],
      'ALTERNATE-SERVER' = undefined,'CHANNEL-NUMBER' = undefined,
      'DATA' = undefined,'DONT-FRAGMENT' = false,'ERROR-CODE' = undefined,
      'LIFETIME' = undefined,'MAPPED-ADDRESS' = undefined,
      'MESSAGE-INTEGRITY' = undefined,'NONCE' = undefined,'REALM' = undefined,
      'REQUESTED-ADDRESS-FAMILY' = undefined,
      'REQUESTED-TRANSPORT' = undefined,'SOFTWARE' = undefined,
      'UNKNOWN-ATTRIBUTES' = [],'USERNAME' = undefined,
      'XOR-MAPPED-ADDRESS' = undefined,'XOR-PEER-ADDRESS' = [],
      'XOR-RELAYED-ADDRESS' = undefined} (stun:udp_recv/5:114)
2025-02-10 17:20:33.232606+00:00 [debug] Calling mod_stats_influx:handle_event/2 [UDP, session 81ghs64h4khb, user alice, client 127.0.0.1:33193, relay 127.0.0.1:52532] (eturnal_module:handle_event/2:180)
2025-02-10 17:20:33.232663+00:00 [debug] Writing stats of TURN session 81ghs64h4khb to InfluxDB [UDP, session 81ghs64h4khb, user alice, client 127.0.0.1:33193, relay 127.0.0.1:52532] (mod_stats_influx:on_turn_session_stop/1:87)
2025-02-10 17:20:33.232694+00:00 [debug] Sending:
#stun{class = error,method = 3,magic = 554869826,
      trid = 30369919367530916904040143748,raw = <<>>,unsupported = [],
      'ALTERNATE-SERVER' = undefined,'CHANNEL-NUMBER' = undefined,
      'DATA' = undefined,'DONT-FRAGMENT' = false,
      'ERROR-CODE' = {401,<<"Unauthorized">>},
      'LIFETIME' = undefined,'MAPPED-ADDRESS' = undefined,
      'MESSAGE-INTEGRITY' = undefined,'NONCE' = <<"554770225">>,
      'REALM' = <<"eturnal.net">>,'REQUESTED-ADDRESS-FAMILY' = undefined,
      'REQUESTED-TRANSPORT' = undefined,'SOFTWARE' = <<"eturnal">>,
      'UNKNOWN-ATTRIBUTES' = [],'USERNAME' = undefined,
      'XOR-MAPPED-ADDRESS' = undefined,'XOR-PEER-ADDRESS' = [],
      'XOR-RELAYED-ADDRESS' = undefined} (stun:send/3:466)
2025-02-10 17:20:33.232855+00:00 [debug] Calling mod_stats_prometheus:handle_event/2 [UDP, session 81ghs64h4khb, user alice, client 127.0.0.1:33193, relay 127.0.0.1:52532] (eturnal_module:handle_event/2:180)
2025-02-10 17:20:33.232928+00:00 [debug] Observing stopped TURN session 81ghs64h4khb for Prometheus [UDP, session 81ghs64h4khb, user alice, client 127.0.0.1:33193, relay 127.0.0.1:52532] (mod_stats_prometheus:on_turn_session_stop/1:187)
2025-02-10 17:20:33.233082+00:00 [debug] Received:
#stun{class = request,method = 3,magic = 554869826,
      trid = 34004079327977932358161944873,
      raw = <<0,3,0,80,33,18,164,66,109,223,131,226,9,196,139,164,62,182,81,41,
              0,25,0,4,17,0,0,0,0,6,0,10,50,49,52,53,57,49,51,50,48,48,0,0,0,
              20,0,11,101,116,117,114,110,97,108,46,110,101,116,0,0,21,0,9,53,
              53,52,55,55,48,50,50,53,0,0,0>>,
      unsupported = [],'ALTERNATE-SERVER' = undefined,
      'CHANNEL-NUMBER' = undefined,'DATA' = undefined,'DONT-FRAGMENT' = false,
      'ERROR-CODE' = undefined,'LIFETIME' = undefined,
      'MAPPED-ADDRESS' = undefined,
      'MESSAGE-INTEGRITY' = <<113,3,230,47,142,134,250,246,149,2,139,83,114,
                              203,101,51,205,172,130,216>>,
      'NONCE' = <<"554770225">>,'REALM' = <<"eturnal.net">>,
      'REQUESTED-ADDRESS-FAMILY' = undefined,'REQUESTED-TRANSPORT' = udp,
      'SOFTWARE' = undefined,'UNKNOWN-ATTRIBUTES' = [],
      'USERNAME' = <<"2145913200">>,'XOR-MAPPED-ADDRESS' = undefined,
      'XOR-PEER-ADDRESS' = [],'XOR-RELAYED-ADDRESS' = undefined} (stun:udp_recv/5:114)
2025-02-10 17:20:33.233228+00:00 [debug] Deriving password for: 2145913200 [UDP, session n6z2wyrse7ur, user 2145913200, client 127.0.0.1:48776] (eturnal:get_password/2:245)
2025-02-10 17:20:33.233336+00:00 [info] Accepting long-term STUN/TURN authentication [UDP, session n6z2wyrse7ur, user 2145913200, client 127.0.0.1:48776] (stun:process/2:255)
2025-02-10 17:20:33.233453+00:00 [debug] Running 'turn_session_start' hook [UDP, session n6z2wyrse7ur, user 2145913200, client 127.0.0.1:48776] (turn:run_hook/3:753)
2025-02-10 17:20:33.233508+00:00 [debug] Got 'turn_session_start' event [UDP, session n6z2wyrse7ur, user 2145913200, client 127.0.0.1:48776] (eturnal_module:handle_event/2:177)
2025-02-10 17:20:33.233585+00:00 [debug] Calling mod_stats_prometheus:handle_event/2 [UDP, session n6z2wyrse7ur, user 2145913200, client 127.0.0.1:48776] (eturnal_module:handle_event/2:180)
2025-02-10 17:20:33.233654+00:00 [debug] Observing started TURN session n6z2wyrse7ur for Prometheus [UDP, session n6z2wyrse7ur, user 2145913200, client 127.0.0.1:48776] (mod_stats_prometheus:on_turn_session_start/1:174)
2025-02-10 17:20:33.233830+00:00 [notice] Creating TURN allocation (lifetime: 600 seconds) [UDP, session n6z2wyrse7ur, user 2145913200, client 127.0.0.1:48776, relay 127.0.0.1:54791] (turn:wait_for_allocate/2:226)
2025-02-10 17:20:33.233939+00:00 [debug] Sending:
#stun{class = response,method = 3,magic = 554869826,
      trid = 34004079327977932358161944873,raw = <<>>,unsupported = [],
      'ALTERNATE-SERVER' = undefined,'CHANNEL-NUMBER' = undefined,
      'DATA' = undefined,'DONT-FRAGMENT' = false,'ERROR-CODE' = undefined,
      'LIFETIME' = 600,'MAPPED-ADDRESS' = undefined,
      'MESSAGE-INTEGRITY' = undefined,'NONCE' = undefined,'REALM' = undefined,
      'REQUESTED-ADDRESS-FAMILY' = undefined,
      'REQUESTED-TRANSPORT' = undefined,'SOFTWARE' = <<"eturnal">>,
      'UNKNOWN-ATTRIBUTES' = [],'USERNAME' = undefined,
      'XOR-MAPPED-ADDRESS' = {{127,0,0,1},48776},
      'XOR-PEER-ADDRESS' = [],
      'XOR-RELAYED-ADDRESS' = {{127,0,0,1},54791}} (turn:send/2:549)
2025-02-10 17:20:33.234214+00:00 [debug] Received:
#stun{class = request,method = 4,magic = 554869826,
      trid = 17450332260977815237534830359,
      raw = <<0,4,0,80,33,18,164,66,56,98,147,151,101,181,142,154,68,74,79,23,
              0,6,0,10,50,49,52,53,57,49,51,50,48,48,0,0,0,20,0,11,101,116,117,
              114,110,97,108,46,110,101,116,0,0,21,0,9,53,53,52,55,55,48,50,50,
              53,0,0,0,0,13,0,4,0,0,0,0>>,
      unsupported = [],'ALTERNATE-SERVER' = undefined,
      'CHANNEL-NUMBER' = undefined,'DATA' = undefined,'DONT-FRAGMENT' = false,
      'ERROR-CODE' = undefined,'LIFETIME' = 0,'MAPPED-ADDRESS' = undefined,
      'MESSAGE-INTEGRITY' = <<101,207,187,215,208,41,191,204,115,46,64,148,107,
                              103,228,227,66,187,196,202>>,
      'NONCE' = <<"554770225">>,'REALM' = <<"eturnal.net">>,
      'REQUESTED-ADDRESS-FAMILY' = undefined,
      'REQUESTED-TRANSPORT' = undefined,'SOFTWARE' = undefined,
      'UNKNOWN-ATTRIBUTES' = [],'USERNAME' = <<"2145913200">>,
      'XOR-MAPPED-ADDRESS' = undefined,'XOR-PEER-ADDRESS' = [],
      'XOR-RELAYED-ADDRESS' = undefined} (stun:udp_recv/5:114)
2025-02-10 17:20:33.234328+00:00 [debug] Deriving password for: 2145913200 [UDP, session 7qa5b69sezxd, user 2145913200, client 127.0.0.1:48776] (eturnal:get_password/2:245)
2025-02-10 17:20:33.234388+00:00 [info] Accepting long-term STUN/TURN authentication [UDP, session 7qa5b69sezxd, user 2145913200, client 127.0.0.1:48776] (stun:process/2:255)
2025-02-10 17:20:33.234427+00:00 [info] Client requested closing the TURN session [UDP, session n6z2wyrse7ur, user 2145913200, client 127.0.0.1:48776, relay 127.0.0.1:54791] (turn:active/2:285)
2025-02-10 17:20:33.234513+00:00 [debug] Sending:
#stun{class = response,method = 4,magic = 554869826,
      trid = 17450332260977815237534830359,raw = <<>>,unsupported = [],
      'ALTERNATE-SERVER' = undefined,'CHANNEL-NUMBER' = undefined,
      'DATA' = undefined,'DONT-FRAGMENT' = false,'ERROR-CODE' = undefined,
      'LIFETIME' = 0,'MAPPED-ADDRESS' = undefined,
      'MESSAGE-INTEGRITY' = undefined,'NONCE' = undefined,'REALM' = undefined,
      'REQUESTED-ADDRESS-FAMILY' = undefined,
      'REQUESTED-TRANSPORT' = undefined,'SOFTWARE' = <<"eturnal">>,
      'UNKNOWN-ATTRIBUTES' = [],'USERNAME' = undefined,
      'XOR-MAPPED-ADDRESS' = undefined,'XOR-PEER-ADDRESS' = [],
      'XOR-RELAYED-ADDRESS' = undefined} (turn:send/2:549)
2025-02-10 17:20:33.234646+00:00 [info] Deleting TURN allocation [UDP, session n6z2wyrse7ur, user 2145913200, client 127.0.0.1:48776, relay 127.0.0.1:54791] (turn:terminate/3:482)
2025-02-10 17:20:33.234692+00:00 [notice] Relayed 0 KiB (in 0 B / 0 packets, out 0 B / 0 packets), duration: 0 seconds [UDP, session n6z2wyrse7ur, user 2145913200, client 127.0.0.1:48776, relay 127.0.0.1:54791] (turn:terminate/3:489)
2025-02-10 17:20:33.234798+00:00 [debug] Running 'turn_session_stop' hook [UDP, session n6z2wyrse7ur, user 2145913200, client 127.0.0.1:48776, relay 127.0.0.1:54791] (turn:run_hook/3:753)
2025-02-10 17:20:33.234844+00:00 [debug] Got 'turn_session_stop' event [UDP, session n6z2wyrse7ur, user 2145913200, client 127.0.0.1:48776, relay 127.0.0.1:54791] (eturnal_module:handle_event/2:177)
2025-02-10 17:20:33.234885+00:00 [debug] Calling mod_stats_influx:handle_event/2 [UDP, session n6z2wyrse7ur, user 2145913200, client 127.0.0.1:48776, relay 127.0.0.1:54791] (eturnal_module:handle_event/2:180)
2025-02-10 17:20:33.234926+00:00 [debug] Writing stats of TURN session n6z2wyrse7ur to InfluxDB [UDP, session n6z2wyrse7ur, user 2145913200, client 127.0.0.1:48776, relay 127.0.0.1:54791] (mod_stats_influx:on_turn_session_stop/1:87)
2025-02-10 17:20:33.235060+00:00 [debug] Calling mod_stats_prometheus:handle_event/2 [UDP, session n6z2wyrse7ur, user 2145913200, client 127.0.0.1:48776, relay 127.0.0.1:54791] (eturnal_module:handle_event/2:180)
2025-02-10 17:20:33.235136+00:00 [debug] Observing stopped TURN session n6z2wyrse7ur for Prometheus [UDP, session n6z2wyrse7ur, user 2145913200, client 127.0.0.1:48776, relay 127.0.0.1:54791] (mod_stats_prometheus:on_turn_session_stop/1:187)
2025-02-10 17:20:33.258373+00:00 [debug] Received:
#stun{class = request,method = 1,magic = 554869826,
      trid = 34780547038848442022794017648,raw = <<>>,unsupported = [],
      'ALTERNATE-SERVER' = undefined,'CHANNEL-NUMBER' = undefined,
      'DATA' = undefined,'DONT-FRAGMENT' = false,'ERROR-CODE' = undefined,
      'LIFETIME' = undefined,'MAPPED-ADDRESS' = undefined,
      'MESSAGE-INTEGRITY' = undefined,'NONCE' = undefined,'REALM' = undefined,
      'REQUESTED-ADDRESS-FAMILY' = undefined,
      'REQUESTED-TRANSPORT' = undefined,'SOFTWARE' = undefined,
      'UNKNOWN-ATTRIBUTES' = [],'USERNAME' = undefined,
      'XOR-MAPPED-ADDRESS' = undefined,'XOR-PEER-ADDRESS' = [],
      'XOR-RELAYED-ADDRESS' = undefined} (stun:udp_recv/5:114)
2025-02-10 17:20:33.258456+00:00 [debug] Responding to STUN request [UDP, session wjeu3s6u5yuc, anonymous, client 127.0.0.1:40807] (stun:process/4:323)
2025-02-10 17:20:33.258496+00:00 [debug] Running 'stun_query' hook [UDP, session wjeu3s6u5yuc, anonymous, client 127.0.0.1:40807] (stun:run_hook/3:889)
2025-02-10 17:20:33.258539+00:00 [debug] Got 'stun_query' event [UDP, session wjeu3s6u5yuc, anonymous, client 127.0.0.1:40807] (eturnal_module:handle_event/2:177)
2025-02-10 17:20:33.258579+00:00 [debug] Calling mod_log_stun:handle_event/2 [UDP, session wjeu3s6u5yuc, anonymous, client 127.0.0.1:40807] (eturnal_module:handle_event/2:180)
2025-02-10 17:20:33.258614+00:00 [info] Responding to STUN request [UDP, session wjeu3s6u5yuc, anonymous, client 127.0.0.1:40807] (mod_log_stun:handle_event/2:44)
2025-02-10 17:20:33.258650+00:00 [debug] Calling mod_stats_influx:handle_event/2 [UDP, session wjeu3s6u5yuc, anonymous, client 127.0.0.1:40807] (eturnal_module:handle_event/2:180)
2025-02-10 17:20:33.258688+00:00 [debug] Writing STUN query event to InfluxDB [UDP, session wjeu3s6u5yuc, anonymous, client 127.0.0.1:40807] (mod_stats_influx:on_stun_query/1:76)
2025-02-10 17:20:33.258826+00:00 [debug] Calling mod_stats_prometheus:handle_event/2 [UDP, session wjeu3s6u5yuc, anonymous, client 127.0.0.1:40807] (eturnal_module:handle_event/2:180)
2025-02-10 17:20:33.258880+00:00 [debug] Observing STUN query for Prometheus [UDP, session wjeu3s6u5yuc, anonymous, client 127.0.0.1:40807] (mod_stats_prometheus:on_stun_query/1:166)
2025-02-10 17:20:33.258950+00:00 [debug] Sending:
#stun{class = response,method = 1,magic = 554869826,
      trid = 34780547038848442022794017648,raw = <<>>,unsupported = [],
      'ALTERNATE-SERVER' = undefined,'CHANNEL-NUMBER' = undefined,
      'DATA' = undefined,'DONT-FRAGMENT' = false,'ERROR-CODE' = undefined,
      'LIFETIME' = undefined,'MAPPED-ADDRESS' = undefined,
      'MESSAGE-INTEGRITY' = undefined,'NONCE' = undefined,'REALM' = undefined,
      'REQUESTED-ADDRESS-FAMILY' = undefined,
      'REQUESTED-TRANSPORT' = undefined,'SOFTWARE' = <<"eturnal">>,
      'UNKNOWN-ATTRIBUTES' = [],'USERNAME' = undefined,
      'XOR-MAPPED-ADDRESS' = {{127,0,0,1},40807},
      'XOR-PEER-ADDRESS' = [],'XOR-RELAYED-ADDRESS' = undefined} (stun:send/3:466)
2025-02-10 17:20:33.282501+00:00 [info] Accepting connection: 127.0.0.1:44928 -> 127.0.0.1:34780 [TCP, session sk61uvoz757l] (stun_acceptor:accept/3:158)
2025-02-10 17:20:33.282717+00:00 [debug] Received:
#stun{class = request,method = 1,magic = 554869826,
      trid = 55978304895408341447897175934,raw = <<>>,unsupported = [],
      'ALTERNATE-SERVER' = undefined,'CHANNEL-NUMBER' = undefined,
      'DATA' = undefined,'DONT-FRAGMENT' = false,'ERROR-CODE' = undefined,
      'LIFETIME' = undefined,'MAPPED-ADDRESS' = undefined,
      'MESSAGE-INTEGRITY' = undefined,'NONCE' = undefined,'REALM' = undefined,
      'REQUESTED-ADDRESS-FAMILY' = undefined,
      'REQUESTED-TRANSPORT' = undefined,'SOFTWARE' = undefined,
      'UNKNOWN-ATTRIBUTES' = [],'USERNAME' = undefined,
      'XOR-MAPPED-ADDRESS' = undefined,'XOR-PEER-ADDRESS' = [],
      'XOR-RELAYED-ADDRESS' = undefined} (stun:process_data/3:423)
2025-02-10 17:20:33.282828+00:00 [debug] Responding to STUN request [TCP, session sk61uvoz757l, anonymous, client 127.0.0.1:44928] (stun:process/4:323)
2025-02-10 17:20:33.282883+00:00 [debug] Running 'stun_query' hook [TCP, session sk61uvoz757l, anonymous, client 127.0.0.1:44928] (stun:run_hook/3:889)
2025-02-10 17:20:33.282980+00:00 [debug] Got 'stun_query' event [TCP, session sk61uvoz757l, anonymous, client 127.0.0.1:44928] (eturnal_module:handle_event/2:177)
2025-02-10 17:20:33.283033+00:00 [debug] Calling mod_log_stun:handle_event/2 [TCP, session sk61uvoz757l, anonymous, client 127.0.0.1:44928] (eturnal_module:handle_event/2:180)
2025-02-10 17:20:33.283073+00:00 [info] Responding to STUN request [TCP, session sk61uvoz757l, anonymous, client 127.0.0.1:44928] (mod_log_stun:handle_event/2:44)
2025-02-10 17:20:33.283119+00:00 [debug] Calling mod_stats_influx:handle_event/2 [TCP, session sk61uvoz757l, anonymous, client 127.0.0.1:44928] (eturnal_module:handle_event/2:180)
2025-02-10 17:20:33.283153+00:00 [debug] Writing STUN query event to InfluxDB [TCP, session sk61uvoz757l, anonymous, client 127.0.0.1:44928] (mod_stats_influx:on_stun_query/1:76)
2025-02-10 17:20:33.283289+00:00 [debug] Calling mod_stats_prometheus:handle_event/2 [TCP, session sk61uvoz757l, anonymous, client 127.0.0.1:44928] (eturnal_module:handle_event/2:180)
2025-02-10 17:20:33.283367+00:00 [debug] Observing STUN query for Prometheus [TCP, session sk61uvoz757l, anonymous, client 127.0.0.1:44928] (mod_stats_prometheus:on_stun_query/1:166)
2025-02-10 17:20:33.283459+00:00 [debug] Sending:
#stun{class = response,method = 1,magic = 554869826,
      trid = 55978304895408341447897175934,raw = <<>>,unsupported = [],
      'ALTERNATE-SERVER' = undefined,'CHANNEL-NUMBER' = undefined,
      'DATA' = undefined,'DONT-FRAGMENT' = false,'ERROR-CODE' = undefined,
      'LIFETIME' = undefined,'MAPPED-ADDRESS' = undefined,
      'MESSAGE-INTEGRITY' = undefined,'NONCE' = undefined,'REALM' = undefined,
      'REQUESTED-ADDRESS-FAMILY' = undefined,
      'REQUESTED-TRANSPORT' = undefined,'SOFTWARE' = <<"P1 STUN library">>,
      'UNKNOWN-ATTRIBUTES' = [],'USERNAME' = undefined,
      'XOR-MAPPED-ADDRESS' = {{127,0,0,1},44928},
      'XOR-PEER-ADDRESS' = [],'XOR-RELAYED-ADDRESS' = undefined} (stun:send/3:466)
2025-02-10 17:20:33.283689+00:00 [info] Connection reset by peer [TCP, session sk61uvoz757l, anonymous, client 127.0.0.1:44928] (stun:handle_info/3:174)
2025-02-10 17:20:33.307675+00:00 [info] Accepting connection: 127.0.0.1:36918 -> 127.0.0.1:53490 [TLS, session xrys3zzaisqt] (stun_acceptor:accept/3:158)
2025-02-10 17:20:34.315329+00:00 [debug] Received:
#stun{class = request,method = 1,magic = 554869826,
      trid = 10421421564129089090502450388,raw = <<>>,unsupported = [],
      'ALTERNATE-SERVER' = undefined,'CHANNEL-NUMBER' = undefined,
      'DATA' = undefined,'DONT-FRAGMENT' = false,'ERROR-CODE' = undefined,
      'LIFETIME' = undefined,'MAPPED-ADDRESS' = undefined,
      'MESSAGE-INTEGRITY' = undefined,'NONCE' = undefined,'REALM' = undefined,
      'REQUESTED-ADDRESS-FAMILY' = undefined,
      'REQUESTED-TRANSPORT' = undefined,'SOFTWARE' = undefined,
      'UNKNOWN-ATTRIBUTES' = [],'USERNAME' = undefined,
      'XOR-MAPPED-ADDRESS' = undefined,'XOR-PEER-ADDRESS' = [],
      'XOR-RELAYED-ADDRESS' = undefined} (stun:process_data/3:423)
2025-02-10 17:20:34.315498+00:00 [debug] Responding to STUN request [TLS, session xrys3zzaisqt, anonymous, client 127.0.0.1:36918] (stun:process/4:323)
2025-02-10 17:20:34.315554+00:00 [debug] Running 'stun_query' hook [TLS, session xrys3zzaisqt, anonymous, client 127.0.0.1:36918] (stun:run_hook/3:889)
2025-02-10 17:20:34.315609+00:00 [debug] Got 'stun_query' event [TLS, session xrys3zzaisqt, anonymous, client 127.0.0.1:36918] (eturnal_module:handle_event/2:177)
2025-02-10 17:20:34.315677+00:00 [debug] Calling mod_log_stun:handle_event/2 [TLS, session xrys3zzaisqt, anonymous, client 127.0.0.1:36918] (eturnal_module:handle_event/2:180)
2025-02-10 17:20:34.315731+00:00 [info] Responding to STUN request [TLS, session xrys3zzaisqt, anonymous, client 127.0.0.1:36918] (mod_log_stun:handle_event/2:44)
2025-02-10 17:20:34.315777+00:00 [debug] Calling mod_stats_influx:handle_event/2 [TLS, session xrys3zzaisqt, anonymous, client 127.0.0.1:36918] (eturnal_module:handle_event/2:180)
2025-02-10 17:20:34.315821+00:00 [debug] Writing STUN query event to InfluxDB [TLS, session xrys3zzaisqt, anonymous, client 127.0.0.1:36918] (mod_stats_influx:on_stun_query/1:76)
2025-02-10 17:20:34.316007+00:00 [debug] Calling mod_stats_prometheus:handle_event/2 [TLS, session xrys3zzaisqt, anonymous, client 127.0.0.1:36918] (eturnal_module:handle_event/2:180)
2025-02-10 17:20:34.316130+00:00 [debug] Observing STUN query for Prometheus [TLS, session xrys3zzaisqt, anonymous, client 127.0.0.1:36918] (mod_stats_prometheus:on_stun_query/1:166)
2025-02-10 17:20:34.316241+00:00 [debug] Sending:
#stun{class = response,method = 1,magic = 554869826,
      trid = 10421421564129089090502450388,raw = <<>>,unsupported = [],
      'ALTERNATE-SERVER' = undefined,'CHANNEL-NUMBER' = undefined,
      'DATA' = undefined,'DONT-FRAGMENT' = false,'ERROR-CODE' = undefined,
      'LIFETIME' = undefined,'MAPPED-ADDRESS' = undefined,
      'MESSAGE-INTEGRITY' = undefined,'NONCE' = undefined,'REALM' = undefined,
      'REQUESTED-ADDRESS-FAMILY' = undefined,
      'REQUESTED-TRANSPORT' = undefined,'SOFTWARE' = <<"P1 STUN library">>,
      'UNKNOWN-ATTRIBUTES' = [],'USERNAME' = undefined,
      'XOR-MAPPED-ADDRESS' = {{127,0,0,1},36918},
      'XOR-PEER-ADDRESS' = [],'XOR-RELAYED-ADDRESS' = undefined} (stun:send/3:466)
2025-02-10 17:20:34.316561+00:00 [info] Connection reset by peer [TLS, session xrys3zzaisqt, anonymous, client 127.0.0.1:36918] (stun:handle_info/3:174)
2025-02-10 17:20:34.340039+00:00 [info] Accepting connection: 127.0.0.1:54494 -> 127.0.0.1:34781 [TCP|TLS, session e3pessz96zwn] (stun_acceptor:accept/3:158)
2025-02-10 17:20:34.340147+00:00 [debug] Determined transport protocol: TCP (stun:is_tls_handshake/1:835)
2025-02-10 17:20:34.340390+00:00 [debug] Received:
#stun{class = request,method = 1,magic = 554869826,
      trid = 13349819315571340236596349318,raw = <<>>,unsupported = [],
      'ALTERNATE-SERVER' = undefined,'CHANNEL-NUMBER' = undefined,
      'DATA' = undefined,'DONT-FRAGMENT' = false,'ERROR-CODE' = undefined,
      'LIFETIME' = undefined,'MAPPED-ADDRESS' = undefined,
      'MESSAGE-INTEGRITY' = undefined,'NONCE' = undefined,'REALM' = undefined,
      'REQUESTED-ADDRESS-FAMILY' = undefined,
      'REQUESTED-TRANSPORT' = undefined,'SOFTWARE' = undefined,
      'UNKNOWN-ATTRIBUTES' = [],'USERNAME' = undefined,
      'XOR-MAPPED-ADDRESS' = undefined,'XOR-PEER-ADDRESS' = [],
      'XOR-RELAYED-ADDRESS' = undefined} (stun:process_data/3:423)
2025-02-10 17:20:34.340485+00:00 [debug] Responding to STUN request [TCP, session e3pessz96zwn, anonymous, client 127.0.0.1:54494] (stun:process/4:323)
2025-02-10 17:20:34.340524+00:00 [debug] Running 'stun_query' hook [TCP, session e3pessz96zwn, anonymous, client 127.0.0.1:54494] (stun:run_hook/3:889)
2025-02-10 17:20:34.340572+00:00 [debug] Got 'stun_query' event [TCP, session e3pessz96zwn, anonymous, client 127.0.0.1:54494] (eturnal_module:handle_event/2:177)
2025-02-10 17:20:34.340611+00:00 [debug] Calling mod_log_stun:handle_event/2 [TCP, session e3pessz96zwn, anonymous, client 127.0.0.1:54494] (eturnal_module:handle_event/2:180)
2025-02-10 17:20:34.340645+00:00 [info] Responding to STUN request [TCP, session e3pessz96zwn, anonymous, client 127.0.0.1:54494] (mod_log_stun:handle_event/2:44)
2025-02-10 17:20:34.340686+00:00 [debug] Calling mod_stats_influx:handle_event/2 [TCP, session e3pessz96zwn, anonymous, client 127.0.0.1:54494] (eturnal_module:handle_event/2:180)
2025-02-10 17:20:34.340720+00:00 [debug] Writing STUN query event to InfluxDB [TCP, session e3pessz96zwn, anonymous, client 127.0.0.1:54494] (mod_stats_influx:on_stun_query/1:76)
2025-02-10 17:20:34.340862+00:00 [debug] Calling mod_stats_prometheus:handle_event/2 [TCP, session e3pessz96zwn, anonymous, client 127.0.0.1:54494] (eturnal_module:handle_event/2:180)
2025-02-10 17:20:34.340907+00:00 [debug] Observing STUN query for Prometheus [TCP, session e3pessz96zwn, anonymous, client 127.0.0.1:54494] (mod_stats_prometheus:on_stun_query/1:166)
2025-02-10 17:20:34.340983+00:00 [debug] Sending:
#stun{class = response,method = 1,magic = 554869826,
      trid = 13349819315571340236596349318,raw = <<>>,unsupported = [],
      'ALTERNATE-SERVER' = undefined,'CHANNEL-NUMBER' = undefined,
      'DATA' = undefined,'DONT-FRAGMENT' = false,'ERROR-CODE' = undefined,
      'LIFETIME' = undefined,'MAPPED-ADDRESS' = undefined,
      'MESSAGE-INTEGRITY' = undefined,'NONCE' = undefined,'REALM' = undefined,
      'REQUESTED-ADDRESS-FAMILY' = undefined,
      'REQUESTED-TRANSPORT' = undefined,'SOFTWARE' = <<"P1 STUN library">>,
      'UNKNOWN-ATTRIBUTES' = [],'USERNAME' = undefined,
      'XOR-MAPPED-ADDRESS' = {{127,0,0,1},54494},
      'XOR-PEER-ADDRESS' = [],'XOR-RELAYED-ADDRESS' = undefined} (stun:send/3:466)
2025-02-10 17:20:34.341244+00:00 [info] Connection reset by peer [TCP, session e3pessz96zwn, anonymous, client 127.0.0.1:54494] (stun:handle_info/3:174)
2025-02-10 17:20:34.364482+00:00 [info] Accepting connection: 127.0.0.1:54508 -> 127.0.0.1:34781 [TCP|TLS, session o79ikkujltzn] (stun_acceptor:accept/3:158)
2025-02-10 17:20:34.364665+00:00 [debug] Determined transport protocol: TLS (stun:is_tls_handshake/1:832)
2025-02-10 17:20:35.372353+00:00 [debug] Received:
#stun{class = request,method = 1,magic = 554869826,
      trid = 42961735227721891678051236232,raw = <<>>,unsupported = [],
      'ALTERNATE-SERVER' = undefined,'CHANNEL-NUMBER' = undefined,
      'DATA' = undefined,'DONT-FRAGMENT' = false,'ERROR-CODE' = undefined,
      'LIFETIME' = undefined,'MAPPED-ADDRESS' = undefined,
      'MESSAGE-INTEGRITY' = undefined,'NONCE' = undefined,'REALM' = undefined,
      'REQUESTED-ADDRESS-FAMILY' = undefined,
      'REQUESTED-TRANSPORT' = undefined,'SOFTWARE' = undefined,
      'UNKNOWN-ATTRIBUTES' = [],'USERNAME' = undefined,
      'XOR-MAPPED-ADDRESS' = undefined,'XOR-PEER-ADDRESS' = [],
      'XOR-RELAYED-ADDRESS' = undefined} (stun:process_data/3:423)
2025-02-10 17:20:35.372533+00:00 [debug] Responding to STUN request [TLS, session o79ikkujltzn, anonymous, client 127.0.0.1:54508] (stun:process/4:323)
2025-02-10 17:20:35.372607+00:00 [debug] Running 'stun_query' hook [TLS, session o79ikkujltzn, anonymous, client 127.0.0.1:54508] (stun:run_hook/3:889)
2025-02-10 17:20:35.372662+00:00 [debug] Got 'stun_query' event [TLS, session o79ikkujltzn, anonymous, client 127.0.0.1:54508] (eturnal_module:handle_event/2:177)
2025-02-10 17:20:35.372746+00:00 [debug] Calling mod_log_stun:handle_event/2 [TLS, session o79ikkujltzn, anonymous, client 127.0.0.1:54508] (eturnal_module:handle_event/2:180)
2025-02-10 17:20:35.372805+00:00 [info] Responding to STUN request [TLS, session o79ikkujltzn, anonymous, client 127.0.0.1:54508] (mod_log_stun:handle_event/2:44)
2025-02-10 17:20:35.372856+00:00 [debug] Calling mod_stats_influx:handle_event/2 [TLS, session o79ikkujltzn, anonymous, client 127.0.0.1:54508] (eturnal_module:handle_event/2:180)
2025-02-10 17:20:35.372908+00:00 [debug] Writing STUN query event to InfluxDB [TLS, session o79ikkujltzn, anonymous, client 127.0.0.1:54508] (mod_stats_influx:on_stun_query/1:76)
2025-02-10 17:20:35.373109+00:00 [debug] Calling mod_stats_prometheus:handle_event/2 [TLS, session o79ikkujltzn, anonymous, client 127.0.0.1:54508] (eturnal_module:handle_event/2:180)
2025-02-10 17:20:35.373190+00:00 [debug] Observing STUN query for Prometheus [TLS, session o79ikkujltzn, anonymous, client 127.0.0.1:54508] (mod_stats_prometheus:on_stun_query/1:166)
2025-02-10 17:20:35.373269+00:00 [debug] Sending:
#stun{class = response,method = 1,magic = 554869826,
      trid = 42961735227721891678051236232,raw = <<>>,unsupported = [],
      'ALTERNATE-SERVER' = undefined,'CHANNEL-NUMBER' = undefined,
      'DATA' = undefined,'DONT-FRAGMENT' = false,'ERROR-CODE' = undefined,
      'LIFETIME' = undefined,'MAPPED-ADDRESS' = undefined,
      'MESSAGE-INTEGRITY' = undefined,'NONCE' = undefined,'REALM' = undefined,
      'REQUESTED-ADDRESS-FAMILY' = undefined,
      'REQUESTED-TRANSPORT' = undefined,'SOFTWARE' = <<"P1 STUN library">>,
      'UNKNOWN-ATTRIBUTES' = [],'USERNAME' = undefined,
      'XOR-MAPPED-ADDRESS' = {{127,0,0,1},54508},
      'XOR-PEER-ADDRESS' = [],'XOR-RELAYED-ADDRESS' = undefined} (stun:send/3:466)
2025-02-10 17:20:35.373556+00:00 [info] Connection reset by peer [TLS, session o79ikkujltzn, anonymous, client 127.0.0.1:54508] (stun:handle_info/3:174)
2025-02-10 17:20:35.397509+00:00 [debug] No NOTIFY_SOCKET, dropping STOPPING=1 notification (eturnal_systemd:handle_cast/2:99)
2025-02-10 17:20:35.397540+00:00 [debug] Terminating eturnal (shutdown) (eturnal:terminate/2:186)
2025-02-10 17:20:35.397718+00:00 [info] Stopped listening on 127.0.0.1:34780 (udp) (eturnal:stop_listeners/1:443)
2025-02-10 17:20:35.397894+00:00 [info] Stopped listening on 127.0.0.1:34780 (tcp) (eturnal:stop_listeners/1:443)
2025-02-10 17:20:35.398064+00:00 [info] Stopped listening on 127.0.0.1:53490 (tls) (eturnal:stop_listeners/1:443)
2025-02-10 17:20:35.398224+00:00 [info] Stopped listening on 127.0.0.1:34781 (auto) (eturnal:stop_listeners/1:443)
2025-02-10 17:20:35.398460+00:00 [debug] Calling mod_log_stun:stop/1 (eturnal_module:stop/1:163)
2025-02-10 17:20:35.398633+00:00 [debug] Stopping mod_log_stun (mod_log_stun:stop/0:49)
2025-02-10 17:20:35.398726+00:00 [info] Stopped mod_log_stun (eturnal:stop_modules/1:398)
2025-02-10 17:20:35.400837+00:00 [debug] Calling mod_stats_influx:stop/1 (eturnal_module:stop/1:163)
2025-02-10 17:20:35.400947+00:00 [debug] Stopping mod_stats_influx (mod_stats_influx:stop/0:61)
2025-02-10 17:20:35.401033+00:00 [info] Stopped mod_stats_influx (eturnal:stop_modules/1:398)
2025-02-10 17:20:35.405096+00:00 [debug] Calling mod_stats_prometheus:stop/1 (eturnal_module:stop/1:163)
2025-02-10 17:20:35.405204+00:00 [debug] Stopping mod_stats_prometheus (mod_stats_prometheus:stop/0:110)
2025-02-10 17:20:35.405479+00:00 [info] Stopped mod_stats_prometheus (eturnal:stop_modules/1:398)
2025-02-10 17:20:35.405688+00:00 [debug] Removed run/cert.pem (eturnal:clean_run_dir/0:872)
2025-02-10 17:20:35.405904+00:00 [debug] Terminating eturnal_systemd (shutdown) (eturnal_systemd:terminate/2:125)
2025-02-10 17:20:35.406081+00:00 [notice] Stopping eturnal 1.12.1 on Erlang/OTP 27 (ERTS 15.2) (eturnal_app:stop/1:53)
