2022-08-02 16:09:56.381720+00:00 [notice] Starting eturnal 1.10.1 on Erlang/OTP 25 (ERTS 13.0) (eturnal_app:start/2:34)
2022-08-02 16:09:56.381967+00:00 [debug] Starting supervisor: eturnal_sup (eturnal_sup:start_link/0:31)
2022-08-02 16:09:56.382136+00:00 [debug] Configuring eturnal_sup supervisor: [#{id => systemd,
                                       start =>
                                           {eturnal_systemd,start_link,[]}},
                                     #{id => eturnal,
                                       start => {eturnal,start_link,[]}}] (eturnal_sup:init/0:39)
2022-08-02 16:09:56.384485+00:00 [info] Got no NOTIFY_SOCKET, notifications disabled (eturnal_systemd:init/1:94)
2022-08-02 16:09:56.384665+00:00 [debug] PROGRESS REPORT:
    supervisor: {local,eturnal_sup}
    started: [{pid,<0.1013.0>},
              {id,systemd},
              {mfargs,{eturnal_systemd,start_link,[]}},
              {restart_type,permanent},
              {significant,false},
              {shutdown,5000},
              {child_type,worker}]
 (supervisor:report_progress/2:1557)
2022-08-02 16:09:56.384828+00:00 [info] Relay IPv4 address: 127.0.0.1 (port range: 49152-65535) (eturnal:log_relay_addresses/0:277)
2022-08-02 16:09:56.385017+00:00 [info] Relay IPv6 address not configured (eturnal:log_relay_addresses/0:287)
2022-08-02 16:09:56.404891+00:00 [info] Cannot determine control query port: noport (eturnal:log_control_listener/0:302)
2022-08-02 16:09:56.405520+00:00 [debug] Using run directory run (eturnal:ensure_run_dir/0:733)
2022-08-02 16:09:56.405651+00:00 [debug] TURN configuration seems fine (eturnal:check_turn_config/0:498)
2022-08-02 16:09:56.405994+00:00 [warning] TLS enabled without 'tls_crt_file', creating self-signed certificate (eturnal:check_pem_file/0:669)
2022-08-02 16:09:57.051319+00:00 [debug] Calling mod_log_stun:start/0 (eturnal_module:start/1:142)
2022-08-02 16:09:57.051624+00:00 [debug] Starting mod_log_stun (mod_log_stun:start/0:38)
2022-08-02 16:09:57.051816+00:00 [info] Started mod_log_stun (eturnal:start_modules/0:313)
2022-08-02 16:09:57.051943+00:00 [debug] Calling mod_stats_influx:start/0 (eturnal_module:start/1:142)
2022-08-02 16:09:57.052064+00:00 [debug] Starting mod_stats_influx (mod_stats_influx:start/0:37)
2022-08-02 16:09:57.055187+00:00 [debug] PROGRESS REPORT:
    application: ulitos
    started_at: nonode@nohost
 (application_controller:info_started/2:2107)
2022-08-02 16:09:57.058389+00:00 [debug] PROGRESS REPORT:
    application: poolboy
    started_at: nonode@nohost
 (application_controller:info_started/2:2107)
2022-08-02 16:09:57.059751+00:00 [info]     msg: Starting application: influx_udp (influx_udp_app:start/2:10)
2022-08-02 16:09:57.062387+00:00 [debug] PROGRESS REPORT:
    supervisor: {local,influx_udp_sup}
    started: [{pid,<0.1035.0>},
              {id,influx_udp},
              {mfargs,{influx_udp,start_link,[]}},
              {restart_type,permanent},
              {significant,false},
              {shutdown,5000},
              {child_type,worker}]
 (supervisor:report_progress/2:1557)
2022-08-02 16:09:57.062552+00:00 [debug] PROGRESS REPORT:
    application: influx_udp
    started_at: nonode@nohost
 (application_controller:info_started/2:2107)
2022-08-02 16:09:57.062634+00:00 [debug] Dependency influx_udp was available already (eturnal_module:ensure_dep/2:283)
2022-08-02 16:09:57.065487+00:00 [info]     host: {127,0,0,1}
    msg: Start clients pool
    options: #{host => "localhost",max_overflow => 1,pool_size => 1,
               port => 8089} (influx_udp:start_pool_/2:239)
2022-08-02 16:09:57.075669+00:00 [info]     msg: Open UDP socket on port
    port: 59321 (influx_udp_worker:init/1:43)
2022-08-02 16:09:57.075895+00:00 [debug] PROGRESS REPORT:
    supervisor: {local,influx_udp_sup}
    started: [{pid,<0.1038.0>},
              {id,stats_influx_pool},
              {mfargs,
                  {poolboy,start_link,
                      [[{name,{local,stats_influx_pool}},
                        {worker_module,influx_udp_worker},
                        {size,1},
                        {max_overflow,1}],
                       [{options,
                            #{host => {127,0,0,1},
                              max_overflow => 1,pool_size => 1,
                              port => 8089}}]]}},
              {restart_type,permanent},
              {significant,false},
              {shutdown,5000},
              {child_type,worker}]
 (supervisor:report_progress/2:1557)
2022-08-02 16:09:57.076095+00:00 [info] Started mod_stats_influx (eturnal:start_modules/0:313)
2022-08-02 16:09:57.076274+00:00 [debug] Calling mod_stats_prometheus:start/0 (eturnal_module:start/1:142)
2022-08-02 16:09:57.076617+00:00 [debug] Starting mod_stats_prometheus (mod_stats_prometheus:start/0:56)
2022-08-02 16:09:59.496046+00:00 [debug] PROGRESS REPORT:
    application: prometheus
    started_at: nonode@nohost
 (application_controller:info_started/2:2107)
2022-08-02 16:09:59.497330+00:00 [debug] PROGRESS REPORT:
    application: accept
    started_at: nonode@nohost
 (application_controller:info_started/2:2107)
2022-08-02 16:09:59.497591+00:00 [debug] PROGRESS REPORT:
    application: prometheus_httpd
    started_at: nonode@nohost
 (application_controller:info_started/2:2107)
2022-08-02 16:09:59.497655+00:00 [debug] Dependency prometheus_httpd was available already (eturnal_module:ensure_dep/2:283)
2022-08-02 16:09:59.498514+00:00 [debug] PROGRESS REPORT:
    supervisor: {local,httpd_instance_sup__127_0_0_1__9081default}
    started: [{pid,<0.1060.0>},
              {id,{httpd_connection_sup,{127,0,0,1},9081,default}},
              {mfargs,{httpd_connection_sup,start_link,[[{127,0,0,1},9081]]}},
              {restart_type,permanent},
              {significant,false},
              {shutdown,5000},
              {child_type,supervisor}]
 (supervisor:report_progress/2:1557)
2022-08-02 16:09:59.498846+00:00 [debug] PROGRESS REPORT:
    supervisor: {local,httpd_acceptor_sup__127_0_0_1__9081default}
    started: [{pid,<0.1062.0>},
              {id,{httpd_acceptor_sup,{127,0,0,1},9081,default}},
              {mfargs,{httpd_acceptor,start_link,
                                      [httpd__127_0_0_1__9081default,ip_comm,
                                       {127,0,0,1},
                                       9081,inet,
                                       httpd_conf__127_0_0_1__9081default,
                                       15000]}},
              {restart_type,transient},
              {significant,false},
              {shutdown,brutal_kill},
              {child_type,worker}]
 (supervisor:report_progress/2:1557)
2022-08-02 16:09:59.499007+00:00 [debug] PROGRESS REPORT:
    supervisor: {local,httpd_instance_sup__127_0_0_1__9081default}
    started: [{pid,<0.1061.0>},
              {id,{httpd_acceptor_sup,{127,0,0,1},9081,default}},
              {mfargs,
                  {httpd_acceptor_sup,start_link,
                      [[{127,0,0,1},
                        9081,
                        [{bind_address,{127,0,0,1}},
                         {socket_type,ip_comm},
                         {port,9081},
                         {server_root,"run/mod_stats_prometheus/doc"},
                         {document_root,"run/mod_stats_prometheus/doc"},
                         {server_name,"Prometheus Exporter"},
                         {modules,[prometheus_httpd]}],
                        15000,undefined]]}},
              {restart_type,permanent},
              {significant,false},
              {shutdown,infinity},
              {child_type,supervisor}]
 (supervisor:report_progress/2:1557)
2022-08-02 16:09:59.499160+00:00 [debug] PROGRESS REPORT:
    supervisor: {local,httpd_instance_sup__127_0_0_1__9081default}
    started: [{pid,<0.1063.0>},
              {id,{httpd_misc_sup,{127,0,0,1},9081,default}},
              {mfargs,{httpd_misc_sup,start_link,[{127,0,0,1},9081,default]}},
              {restart_type,permanent},
              {significant,false},
              {shutdown,infinity},
              {child_type,supervisor}]
 (supervisor:report_progress/2:1557)
2022-08-02 16:09:59.499469+00:00 [debug] PROGRESS REPORT:
    supervisor: {local,httpd_instance_sup__127_0_0_1__9081default}
    started: [{pid,<0.1064.0>},
              {id,{httpd_manager,{127,0,0,1},9081,default}},
              {mfargs,
                  {httpd_manager,start_link,
                      [undefined,
                       [{bind_address,{127,0,0,1}},
                        {socket_type,ip_comm},
                        {port,9081},
                        {server_root,"run/mod_stats_prometheus/doc"},
                        {document_root,"run/mod_stats_prometheus/doc"},
                        {server_name,"Prometheus Exporter"},
                        {modules,[prometheus_httpd]}],
                       15000]}},
              {restart_type,permanent},
              {significant,false},
              {shutdown,4000},
              {child_type,worker}]
 (supervisor:report_progress/2:1557)
2022-08-02 16:09:59.499597+00:00 [debug] PROGRESS REPORT:
    supervisor: {local,httpd_sup}
    started: [{pid,<0.1059.0>},
              {id,{httpd_instance_sup,{127,0,0,1},9081,default}},
              {mfargs,
                  {httpd_instance_sup,start_link,
                      [[{bind_address,{127,0,0,1}},
                        {socket_type,ip_comm},
                        {port,9081},
                        {server_root,"run/mod_stats_prometheus/doc"},
                        {document_root,"run/mod_stats_prometheus/doc"},
                        {server_name,"Prometheus Exporter"},
                        {modules,[prometheus_httpd]}],
                       15000,[]]}},
              {restart_type,permanent},
              {significant,false},
              {shutdown,infinity},
              {child_type,supervisor}]
 (supervisor:report_progress/2:1557)
2022-08-02 16:09:59.501294+00:00 [info] Started mod_stats_prometheus (eturnal:start_modules/0:313)
2022-08-02 16:09:59.501508+00:00 [debug] Starting listener 127.0.0.1:34780 (udp) with options:
[{use_turn,true},
 {auth_type,user},
 {turn_ipv4_address,{127,0,0,1}},
 {turn_min_port,49152},
 {turn_max_port,65535},
 {turn_max_allocations,10},
 {turn_max_permissions,10},
 {shaper,100000},
 {turn_blacklist,[{{10,0,0,0},8},
                  {{100,64,0,0},10},
                  {{127,0,0,0},8},
                  {{169,254,0,0},16},
                  {{172,16,0,0},12},
                  {{192,0,0,0},24},
                  {{192,0,2,0},24},
                  {{192,88,99,0},24},
                  {{192,168,0,0},16},
                  {{198,18,0,0},15},
                  {{198,51,100,0},24},
                  {{203,0,113,0},24},
                  {{224,0,0,0},4},
                  {{240,0,0,0},4},
                  {{0,0,0,0,0,0,0,1},128},
                  {{0,0,0,0,0,65535,0,0},96},
                  {{100,65435,0,0,0,0,0,0},96},
                  {{256,0,0,0,0,0,0,0},64},
                  {{8193,3512,0,0,0,0,0,0},32},
                  {{64512,0,0,0,0,0,0,0},7},
                  {{65152,0,0,0,0,0,0,0},10},
                  {{65280,0,0,0,0,0,0,0},8}]},
 {turn_whitelist,[{{127,0,0,1},32},
                  {{203,0,113,113},32},
                  {{8193,3512,0,0,0,0,0,0},64}]},
 {auth_realm,<<"eturnal.net">>},
 {server_name,<<"eturnal">>},
 {auth_fun,fun eturnal:get_password/2},
 {hook_fun,fun eturnal:run_hook/2}] (eturnal:start_listeners/0:346)
2022-08-02 16:09:59.502409+00:00 [info] Listening on 127.0.0.1:34780 (udp) (STUN/TURN) (eturnal:start_listeners/0:353)
2022-08-02 16:09:59.502572+00:00 [debug] Starting listener 127.0.0.1:34780 (tcp) with options:
[{use_turn,false},
 {auth_type,anonymous},
 {turn_ipv4_address,{127,0,0,1}},
 {turn_min_port,49152},
 {turn_max_port,65535},
 {turn_max_allocations,10},
 {turn_max_permissions,10},
 {shaper,100000},
 {turn_blacklist,[{{10,0,0,0},8},
                  {{100,64,0,0},10},
                  {{127,0,0,0},8},
                  {{169,254,0,0},16},
                  {{172,16,0,0},12},
                  {{192,0,0,0},24},
                  {{192,0,2,0},24},
                  {{192,88,99,0},24},
                  {{192,168,0,0},16},
                  {{198,18,0,0},15},
                  {{198,51,100,0},24},
                  {{203,0,113,0},24},
                  {{224,0,0,0},4},
                  {{240,0,0,0},4},
                  {{0,0,0,0,0,0,0,1},128},
                  {{0,0,0,0,0,65535,0,0},96},
                  {{100,65435,0,0,0,0,0,0},96},
                  {{256,0,0,0,0,0,0,0},64},
                  {{8193,3512,0,0,0,0,0,0},32},
                  {{64512,0,0,0,0,0,0,0},7},
                  {{65152,0,0,0,0,0,0,0},10},
                  {{65280,0,0,0,0,0,0,0},8}]},
 {turn_whitelist,[{{127,0,0,1},32},
                  {{203,0,113,113},32},
                  {{8193,3512,0,0,0,0,0,0},64}]},
 {auth_realm,<<"eturnal.net">>},
 {server_name,<<"eturnal">>},
 {auth_fun,fun eturnal:get_password/2},
 {hook_fun,fun eturnal:run_hook/2}] (eturnal:start_listeners/0:346)
2022-08-02 16:09:59.503525+00:00 [info] Listening on 127.0.0.1:34780 (tcp) (STUN only) (eturnal:start_listeners/0:353)
2022-08-02 16:09:59.503643+00:00 [debug] Starting listener 127.0.0.1:53490 (tls) with options:
[{use_turn,false},
 {auth_type,anonymous},
 {tls,true},
 {certfile,<<"run/cert.pem">>},
 {ciphers,<<"HIGH:!aNULL:@STRENGTH">>},
 {protocol_options,<<"no_tlsv1|no_tlsv1_1|cipher_server_preference">>},
 {turn_ipv4_address,{127,0,0,1}},
 {turn_min_port,49152},
 {turn_max_port,65535},
 {turn_max_allocations,10},
 {turn_max_permissions,10},
 {shaper,100000},
 {turn_blacklist,[{{10,0,0,0},8},
                  {{100,64,0,0},10},
                  {{127,0,0,0},8},
                  {{169,254,0,0},16},
                  {{172,16,0,0},12},
                  {{192,0,0,0},24},
                  {{192,0,2,0},24},
                  {{192,88,99,0},24},
                  {{192,168,0,0},16},
                  {{198,18,0,0},15},
                  {{198,51,100,0},24},
                  {{203,0,113,0},24},
                  {{224,0,0,0},4},
                  {{240,0,0,0},4},
                  {{0,0,0,0,0,0,0,1},128},
                  {{0,0,0,0,0,65535,0,0},96},
                  {{100,65435,0,0,0,0,0,0},96},
                  {{256,0,0,0,0,0,0,0},64},
                  {{8193,3512,0,0,0,0,0,0},32},
                  {{64512,0,0,0,0,0,0,0},7},
                  {{65152,0,0,0,0,0,0,0},10},
                  {{65280,0,0,0,0,0,0,0},8}]},
 {turn_whitelist,[{{127,0,0,1},32},
                  {{203,0,113,113},32},
                  {{8193,3512,0,0,0,0,0,0},64}]},
 {auth_realm,<<"eturnal.net">>},
 {server_name,<<"eturnal">>},
 {auth_fun,fun eturnal:get_password/2},
 {hook_fun,fun eturnal:run_hook/2}] (eturnal:start_listeners/0:346)
2022-08-02 16:09:59.504200+00:00 [info] Listening on 127.0.0.1:53490 (tls) (STUN only) (eturnal:start_listeners/0:353)
2022-08-02 16:09:59.504342+00:00 [debug] Starting listener 127.0.0.1:34781 (auto) with options:
[{use_turn,false},
 {auth_type,anonymous},
 {tls,optional},
 {certfile,<<"run/cert.pem">>},
 {ciphers,<<"HIGH:!aNULL:@STRENGTH">>},
 {protocol_options,<<"no_tlsv1|no_tlsv1_1|cipher_server_preference">>},
 {turn_ipv4_address,{127,0,0,1}},
 {turn_min_port,49152},
 {turn_max_port,65535},
 {turn_max_allocations,10},
 {turn_max_permissions,10},
 {shaper,100000},
 {turn_blacklist,[{{10,0,0,0},8},
                  {{100,64,0,0},10},
                  {{127,0,0,0},8},
                  {{169,254,0,0},16},
                  {{172,16,0,0},12},
                  {{192,0,0,0},24},
                  {{192,0,2,0},24},
                  {{192,88,99,0},24},
                  {{192,168,0,0},16},
                  {{198,18,0,0},15},
                  {{198,51,100,0},24},
                  {{203,0,113,0},24},
                  {{224,0,0,0},4},
                  {{240,0,0,0},4},
                  {{0,0,0,0,0,0,0,1},128},
                  {{0,0,0,0,0,65535,0,0},96},
                  {{100,65435,0,0,0,0,0,0},96},
                  {{256,0,0,0,0,0,0,0},64},
                  {{8193,3512,0,0,0,0,0,0},32},
                  {{64512,0,0,0,0,0,0,0},7},
                  {{65152,0,0,0,0,0,0,0},10},
                  {{65280,0,0,0,0,0,0,0},8}]},
 {turn_whitelist,[{{127,0,0,1},32},
                  {{203,0,113,113},32},
                  {{8193,3512,0,0,0,0,0,0},64}]},
 {auth_realm,<<"eturnal.net">>},
 {server_name,<<"eturnal">>},
 {auth_fun,fun eturnal:get_password/2},
 {hook_fun,fun eturnal:run_hook/2}] (eturnal:start_listeners/0:346)
2022-08-02 16:09:59.505073+00:00 [info] Listening on 127.0.0.1:34781 (auto) (STUN only) (eturnal:start_listeners/0:353)
2022-08-02 16:09:59.505208+00:00 [debug] Started 3 modules (eturnal:init/1:96)
2022-08-02 16:09:59.505295+00:00 [debug] Started 4 listeners (eturnal:init/1:97)
2022-08-02 16:09:59.505368+00:00 [debug] PROGRESS REPORT:
    supervisor: {local,eturnal_sup}
    started: [{pid,<0.1015.0>},
              {id,eturnal},
              {mfargs,{eturnal,start_link,[]}},
              {restart_type,permanent},
              {significant,false},
              {shutdown,5000},
              {child_type,worker}]
 (supervisor:report_progress/2:1557)
2022-08-02 16:09:59.505458+00:00 [debug] No NOTIFY_SOCKET, dropping READY=1 notification (eturnal_systemd:handle_cast/2:108)
2022-08-02 16:09:59.505468+00:00 [debug] PROGRESS REPORT:
    application: eturnal
    started_at: nonode@nohost
 (application_controller:info_started/2:2107)
2022-08-02 16:09:59.505670+00:00 [debug] Watchdog interval is undefined, hibernating (eturnal_systemd:get_timeout/1:161)
2022-08-02 16:09:59.538685+00:00 [debug] Handling API call: get_info() (eturnal_ctl:get_info/0:134)
2022-08-02 16:09:59.539505+00:00 [debug] eturnal call (get_info) returned {ok,
                                  {eturnal_node_info,<<"1.10.1">>,
                                   {"25","13.0"},
                                   6458,0,150,142825602,1,55170816}} (eturnal_ctl:call/1:451)
2022-08-02 16:09:59.565569+00:00 [debug] Handling API call: get_sessions() (eturnal_ctl:get_sessions/0:105)
2022-08-02 16:09:59.597514+00:00 [debug] Handling API call: get_sessions("alice") (eturnal_ctl:get_sessions/1:115)
2022-08-02 16:09:59.597714+00:00 [debug] Handling API call: disconnect(alice) (eturnal_ctl:disconnect/1:183)
2022-08-02 16:09:59.597799+00:00 [debug] Cannot convert user name to binary: alice (eturnal_ctl:disconnect/1:193)
2022-08-02 16:09:59.623606+00:00 [debug] Handling API call: disconnect("alice") (eturnal_ctl:disconnect/1:183)
2022-08-02 16:09:59.623874+00:00 [debug] Handling API call: disconnect(alice) (eturnal_ctl:disconnect/1:183)
2022-08-02 16:09:59.623999+00:00 [debug] Cannot convert user name to binary: alice (eturnal_ctl:disconnect/1:193)
2022-08-02 16:09:59.649186+00:00 [debug] Handling API call: get_credentials("2009-10-30 11:00:00Z", []) (eturnal_ctl:get_credentials/2:59)
2022-08-02 16:09:59.649432+00:00 [debug] eturnal call ({get_password,<<"1256900400">>}) returned {ok,
                                                         <<"uEKlpcME7MNMMVRV8rUFPCTIFEs=">>} (eturnal_ctl:call/1:451)
2022-08-02 16:09:59.649864+00:00 [debug] Handling API call: get_credentials("86400", "alice") (eturnal_ctl:get_credentials/2:59)
2022-08-02 16:09:59.650086+00:00 [debug] eturnal call ({get_password,<<"1659542999:alice">>}) returned {ok,
                                                               <<"FjFknk8bTdtVCHZBo3UjN4kicgI=">>} (eturnal_ctl:call/1:451)
2022-08-02 16:09:59.650395+00:00 [debug] Handling API call: get_password("1659542999:alice") (eturnal_ctl:get_password/1:78)
2022-08-02 16:09:59.650677+00:00 [debug] eturnal call ({get_password,<<"1659542999:alice">>}) returned {ok,
                                                               <<"FjFknk8bTdtVCHZBo3UjN4kicgI=">>} (eturnal_ctl:call/1:451)
2022-08-02 16:09:59.651015+00:00 [debug] Handling API call: get_credentials("86400s", "alice") (eturnal_ctl:get_credentials/2:59)
2022-08-02 16:09:59.651252+00:00 [debug] eturnal call ({get_password,<<"1659542999:alice">>}) returned {ok,
                                                               <<"FjFknk8bTdtVCHZBo3UjN4kicgI=">>} (eturnal_ctl:call/1:451)
2022-08-02 16:09:59.651388+00:00 [debug] Handling API call: get_password("1659542999:alice") (eturnal_ctl:get_password/1:78)
2022-08-02 16:09:59.651503+00:00 [debug] eturnal call ({get_password,<<"1659542999:alice">>}) returned {ok,
                                                               <<"FjFknk8bTdtVCHZBo3UjN4kicgI=">>} (eturnal_ctl:call/1:451)
2022-08-02 16:09:59.651664+00:00 [debug] Handling API call: get_credentials("1440m", "alice") (eturnal_ctl:get_credentials/2:59)
2022-08-02 16:09:59.651784+00:00 [debug] eturnal call ({get_password,<<"1659542999:alice">>}) returned {ok,
                                                               <<"FjFknk8bTdtVCHZBo3UjN4kicgI=">>} (eturnal_ctl:call/1:451)
2022-08-02 16:09:59.651902+00:00 [debug] Handling API call: get_password("1659542999:alice") (eturnal_ctl:get_password/1:78)
2022-08-02 16:09:59.652001+00:00 [debug] eturnal call ({get_password,<<"1659542999:alice">>}) returned {ok,
                                                               <<"FjFknk8bTdtVCHZBo3UjN4kicgI=">>} (eturnal_ctl:call/1:451)
2022-08-02 16:09:59.652132+00:00 [debug] Handling API call: get_credentials("24h", "alice") (eturnal_ctl:get_credentials/2:59)
2022-08-02 16:09:59.652245+00:00 [debug] eturnal call ({get_password,<<"1659542999:alice">>}) returned {ok,
                                                               <<"FjFknk8bTdtVCHZBo3UjN4kicgI=">>} (eturnal_ctl:call/1:451)
2022-08-02 16:09:59.652350+00:00 [debug] Handling API call: get_password("1659542999:alice") (eturnal_ctl:get_password/1:78)
2022-08-02 16:09:59.652432+00:00 [debug] eturnal call ({get_password,<<"1659542999:alice">>}) returned {ok,
                                                               <<"FjFknk8bTdtVCHZBo3UjN4kicgI=">>} (eturnal_ctl:call/1:451)
2022-08-02 16:09:59.652571+00:00 [debug] Handling API call: get_credentials("1d", "alice") (eturnal_ctl:get_credentials/2:59)
2022-08-02 16:09:59.652693+00:00 [debug] eturnal call ({get_password,<<"1659542999:alice">>}) returned {ok,
                                                               <<"FjFknk8bTdtVCHZBo3UjN4kicgI=">>} (eturnal_ctl:call/1:451)
2022-08-02 16:09:59.652806+00:00 [debug] Handling API call: get_password("1659542999:alice") (eturnal_ctl:get_password/1:78)
2022-08-02 16:09:59.652911+00:00 [debug] eturnal call ({get_password,<<"1659542999:alice">>}) returned {ok,
                                                               <<"FjFknk8bTdtVCHZBo3UjN4kicgI=">>} (eturnal_ctl:call/1:451)
2022-08-02 16:09:59.653256+00:00 [debug] Handling API call: get_password("Invalid") (eturnal_ctl:get_password/1:78)
2022-08-02 16:09:59.653334+00:00 [debug] Invalid user name: Invalid (eturnal_ctl:get_password/1:92)
2022-08-02 16:09:59.653484+00:00 [debug] Handling API call: get_credentials("Invalid", []) (eturnal_ctl:get_credentials/2:59)
2022-08-02 16:09:59.653600+00:00 [debug] Invalid argument(s): "Invalid":[] (eturnal_ctl:get_credentials/2:72)
2022-08-02 16:09:59.653686+00:00 [debug] Handling API call: get_password(invalid) (eturnal_ctl:get_password/1:78)
2022-08-02 16:09:59.653760+00:00 [debug] Cannot convert user name to binary: invalid (eturnal_ctl:get_password/1:99)
2022-08-02 16:09:59.653842+00:00 [debug] Handling API call: get_credentials(invalid, []) (eturnal_ctl:get_credentials/2:59)
2022-08-02 16:09:59.653918+00:00 [debug] Invalid argument(s): invalid:[] (eturnal_ctl:get_credentials/2:72)
2022-08-02 16:09:59.654004+00:00 [debug] Handling API call: get_password([invalid]) (eturnal_ctl:get_password/1:78)
2022-08-02 16:09:59.654091+00:00 [debug] Cannot convert user name to binary: [invalid] (eturnal_ctl:get_password/1:99)
2022-08-02 16:09:59.654161+00:00 [debug] Handling API call: get_credentials([invalid], []) (eturnal_ctl:get_credentials/2:59)
2022-08-02 16:09:59.654241+00:00 [debug] Invalid argument(s): [invalid]:[] (eturnal_ctl:get_credentials/2:72)
2022-08-02 16:09:59.655768+00:00 [debug] Handling API call: get_credentials(1256900400, invalid) (eturnal_ctl:get_credentials/2:59)
2022-08-02 16:09:59.655984+00:00 [debug] Invalid argument(s): 1256900400:invalid (eturnal_ctl:get_credentials/2:72)
2022-08-02 16:09:59.680527+00:00 [debug] Handling API call: set_loglevel(debug) (eturnal_ctl:set_loglevel/1:164)
2022-08-02 16:09:59.680743+00:00 [debug] eturnal call ({set_loglevel,debug}) returned ok (eturnal_ctl:call/1:448)
2022-08-02 16:09:59.680878+00:00 [debug] Handling API call: get_loglevel() (eturnal_ctl:get_loglevel/0:154)
2022-08-02 16:09:59.680965+00:00 [debug] eturnal call (get_loglevel) returned {ok,debug} (eturnal_ctl:call/1:451)
2022-08-02 16:09:59.681112+00:00 [debug] Handling API call: set_loglevel(invalid) (eturnal_ctl:set_loglevel/1:164)
2022-08-02 16:09:59.681196+00:00 [debug] Invalid log level: invalid (eturnal_ctl:set_loglevel/1:174)
2022-08-02 16:09:59.681307+00:00 [debug] Handling API call: get_loglevel() (eturnal_ctl:get_loglevel/0:154)
2022-08-02 16:09:59.681555+00:00 [debug] eturnal call (get_loglevel) returned {ok,debug} (eturnal_ctl:call/1:451)
2022-08-02 16:09:59.706201+00:00 [debug] Handling API call: get_version() (eturnal_ctl:get_version/0:144)
2022-08-02 16:09:59.706468+00:00 [debug] eturnal call (get_version) returned {ok,<<"1.10.1">>} (eturnal_ctl:call/1:451)
2022-08-02 16:09:59.730936+00:00 [debug] Handling API call: reload() (eturnal_ctl:reload/0:199)
2022-08-02 16:09:59.733055+00:00 [debug] Calling mod_log_stun:options/0 (eturnal_module:options/1:191)
2022-08-02 16:09:59.733232+00:00 [debug] Calling mod_stats_influx:options/0 (eturnal_module:options/1:191)
2022-08-02 16:09:59.733346+00:00 [debug] Calling mod_stats_prometheus:options/0 (eturnal_module:options/1:191)
2022-08-02 16:09:59.733879+00:00 [warning] TLS enabled without 'tls_crt_file', creating self-signed certificate (eturnal:check_pem_file/0:669)
2022-08-02 16:10:00.148982+00:00 [info] Using new TLS certificate (eturnal:handle_call/3:114)
2022-08-02 16:10:00.149313+00:00 [debug] Calling mod_log_stun:stop/1 (eturnal_module:stop/1:162)
2022-08-02 16:10:00.149740+00:00 [debug] Stopping mod_log_stun (mod_log_stun:stop/0:49)
2022-08-02 16:10:00.149867+00:00 [info] Stopped mod_log_stun (eturnal:stop_modules/1:326)
2022-08-02 16:10:00.151082+00:00 [debug] Calling mod_stats_influx:stop/1 (eturnal_module:stop/1:162)
2022-08-02 16:10:00.151370+00:00 [debug] Stopping mod_stats_influx (mod_stats_influx:stop/0:61)
2022-08-02 16:10:00.151497+00:00 [info] Stopped mod_stats_influx (eturnal:stop_modules/1:326)
2022-08-02 16:10:00.151949+00:00 [debug] Calling mod_stats_prometheus:stop/1 (eturnal_module:stop/1:162)
2022-08-02 16:10:00.152399+00:00 [debug] Stopping mod_stats_prometheus (mod_stats_prometheus:stop/0:110)
2022-08-02 16:10:00.152938+00:00 [info] Stopped mod_stats_prometheus (eturnal:stop_modules/1:326)
2022-08-02 16:10:00.153152+00:00 [debug] Calling mod_log_stun:start/0 (eturnal_module:start/1:142)
2022-08-02 16:10:00.153706+00:00 [debug] Starting mod_log_stun (mod_log_stun:start/0:38)
2022-08-02 16:10:00.154557+00:00 [info] Started mod_log_stun (eturnal:start_modules/0:313)
2022-08-02 16:10:00.154962+00:00 [debug] Calling mod_stats_influx:start/0 (eturnal_module:start/1:142)
2022-08-02 16:10:00.155213+00:00 [debug] Starting mod_stats_influx (mod_stats_influx:start/0:37)
2022-08-02 16:10:00.155306+00:00 [debug] Dependency influx_udp was available already (eturnal_module:ensure_dep/2:283)
2022-08-02 16:10:00.155771+00:00 [info]     host: {127,0,0,1}
    msg: Start clients pool
    options: #{host => "localhost",max_overflow => 1,pool_size => 1,
               port => 8089} (influx_udp:start_pool_/2:239)
2022-08-02 16:10:00.158456+00:00 [info] Started mod_stats_influx (eturnal:start_modules/0:313)
2022-08-02 16:10:00.158619+00:00 [debug] Calling mod_stats_prometheus:start/0 (eturnal_module:start/1:142)
2022-08-02 16:10:00.158783+00:00 [debug] Starting mod_stats_prometheus (mod_stats_prometheus:start/0:56)
2022-08-02 16:10:00.158881+00:00 [debug] Dependency prometheus_httpd was available already (eturnal_module:ensure_dep/2:283)
2022-08-02 16:10:00.160001+00:00 [debug] PROGRESS REPORT:
    supervisor: {local,httpd_instance_sup__127_0_0_1__9081default}
    started: [{pid,<0.1188.0>},
              {id,{httpd_connection_sup,{127,0,0,1},9081,default}},
              {mfargs,{httpd_connection_sup,start_link,[[{127,0,0,1},9081]]}},
              {restart_type,permanent},
              {significant,false},
              {shutdown,5000},
              {child_type,supervisor}]
 (supervisor:report_progress/2:1557)
2022-08-02 16:10:00.160382+00:00 [debug] PROGRESS REPORT:
    supervisor: {local,httpd_acceptor_sup__127_0_0_1__9081default}
    started: [{pid,<0.1191.0>},
              {id,{httpd_acceptor_sup,{127,0,0,1},9081,default}},
              {mfargs,{httpd_acceptor,start_link,
                                      [httpd__127_0_0_1__9081default,ip_comm,
                                       {127,0,0,1},
                                       9081,inet,
                                       httpd_conf__127_0_0_1__9081default,
                                       15000]}},
              {restart_type,transient},
              {significant,false},
              {shutdown,brutal_kill},
              {child_type,worker}]
 (supervisor:report_progress/2:1557)
2022-08-02 16:10:00.160542+00:00 [debug] PROGRESS REPORT:
    supervisor: {local,httpd_instance_sup__127_0_0_1__9081default}
    started: [{pid,<0.1190.0>},
              {id,{httpd_acceptor_sup,{127,0,0,1},9081,default}},
              {mfargs,
                  {httpd_acceptor_sup,start_link,
                      [[{127,0,0,1},
                        9081,
                        [{bind_address,{127,0,0,1}},
                         {socket_type,ip_comm},
                         {port,9081},
                         {server_root,"run/mod_stats_prometheus/doc"},
                         {document_root,"run/mod_stats_prometheus/doc"},
                         {server_name,"Prometheus Exporter"},
                         {modules,[prometheus_httpd]}],
                        15000,undefined]]}},
              {restart_type,permanent},
              {significant,false},
              {shutdown,infinity},
              {child_type,supervisor}]
 (supervisor:report_progress/2:1557)
2022-08-02 16:10:00.160727+00:00 [debug] PROGRESS REPORT:
    supervisor: {local,httpd_instance_sup__127_0_0_1__9081default}
    started: [{pid,<0.1192.0>},
              {id,{httpd_misc_sup,{127,0,0,1},9081,default}},
              {mfargs,{httpd_misc_sup,start_link,[{127,0,0,1},9081,default]}},
              {restart_type,permanent},
              {significant,false},
              {shutdown,infinity},
              {child_type,supervisor}]
 (supervisor:report_progress/2:1557)
2022-08-02 16:10:00.161067+00:00 [debug] PROGRESS REPORT:
    supervisor: {local,httpd_instance_sup__127_0_0_1__9081default}
    started: [{pid,<0.1194.0>},
              {id,{httpd_manager,{127,0,0,1},9081,default}},
              {mfargs,
                  {httpd_manager,start_link,
                      [undefined,
                       [{bind_address,{127,0,0,1}},
                        {socket_type,ip_comm},
                        {port,9081},
                        {server_root,"run/mod_stats_prometheus/doc"},
                        {document_root,"run/mod_stats_prometheus/doc"},
                        {server_name,"Prometheus Exporter"},
                        {modules,[prometheus_httpd]}],
                       15000]}},
              {restart_type,permanent},
              {significant,false},
              {shutdown,4000},
              {child_type,worker}]
 (supervisor:report_progress/2:1557)
2022-08-02 16:10:00.161216+00:00 [debug] PROGRESS REPORT:
    supervisor: {local,httpd_sup}
    started: [{pid,<0.1187.0>},
              {id,{httpd_instance_sup,{127,0,0,1},9081,default}},
              {mfargs,
                  {httpd_instance_sup,start_link,
                      [[{bind_address,{127,0,0,1}},
                        {socket_type,ip_comm},
                        {port,9081},
                        {server_root,"run/mod_stats_prometheus/doc"},
                        {document_root,"run/mod_stats_prometheus/doc"},
                        {server_name,"Prometheus Exporter"},
                        {modules,[prometheus_httpd]}],
                       15000,[]]}},
              {restart_type,permanent},
              {significant,false},
              {shutdown,infinity},
              {child_type,supervisor}]
 (supervisor:report_progress/2:1557)
2022-08-02 16:10:00.162594+00:00 [info] Started mod_stats_prometheus (eturnal:start_modules/0:313)
2022-08-02 16:10:00.162753+00:00 [debug] Restarted modules (eturnal:handle_call/3:122)
2022-08-02 16:10:00.163123+00:00 [debug] eturnal call (reload) returned ok (eturnal_ctl:call/1:448)
2022-08-02 16:10:00.164238+00:00 [debug] Handling API call: reload() (eturnal_ctl:reload/0:199)
2022-08-02 16:10:00.166617+00:00 [debug] Calling mod_log_stun:options/0 (eturnal_module:options/1:191)
2022-08-02 16:10:00.166856+00:00 [debug] Calling mod_stats_influx:options/0 (eturnal_module:options/1:191)
2022-08-02 16:10:00.167096+00:00 [debug] Calling mod_stats_prometheus:options/0 (eturnal_module:options/1:191)
2022-08-02 16:10:00.167636+00:00 [debug] Keeping PEM file (run/cert.pem) (eturnal:check_pem_file/0:666)
2022-08-02 16:10:00.167735+00:00 [debug] TLS certificate unchanged (eturnal:handle_call/3:116)
2022-08-02 16:10:00.169393+00:00 [debug] Calling mod_log_stun:stop/1 (eturnal_module:stop/1:162)
2022-08-02 16:10:00.169549+00:00 [debug] Stopping mod_log_stun (mod_log_stun:stop/0:49)
2022-08-02 16:10:00.169699+00:00 [info] Stopped mod_log_stun (eturnal:stop_modules/1:326)
2022-08-02 16:10:00.171528+00:00 [debug] Calling mod_stats_influx:stop/1 (eturnal_module:stop/1:162)
2022-08-02 16:10:00.171676+00:00 [debug] Stopping mod_stats_influx (mod_stats_influx:stop/0:61)
2022-08-02 16:10:00.171820+00:00 [info] Stopped mod_stats_influx (eturnal:stop_modules/1:326)
2022-08-02 16:10:00.173162+00:00 [debug] Calling mod_stats_prometheus:stop/1 (eturnal_module:stop/1:162)
2022-08-02 16:10:00.173354+00:00 [debug] Stopping mod_stats_prometheus (mod_stats_prometheus:stop/0:110)
2022-08-02 16:10:00.173704+00:00 [info] Stopped mod_stats_prometheus (eturnal:stop_modules/1:326)
2022-08-02 16:10:00.174177+00:00 [debug] Calling mod_log_stun:start/0 (eturnal_module:start/1:142)
2022-08-02 16:10:00.174754+00:00 [debug] Starting mod_log_stun (mod_log_stun:start/0:38)
2022-08-02 16:10:00.175467+00:00 [info] Started mod_log_stun (eturnal:start_modules/0:313)
2022-08-02 16:10:00.175617+00:00 [debug] Calling mod_stats_influx:start/0 (eturnal_module:start/1:142)
2022-08-02 16:10:00.175764+00:00 [debug] Starting mod_stats_influx (mod_stats_influx:start/0:37)
2022-08-02 16:10:00.175968+00:00 [debug] Dependency influx_udp was available already (eturnal_module:ensure_dep/2:283)
2022-08-02 16:10:00.176332+00:00 [info]     host: {127,0,0,1}
    msg: Start clients pool
    options: #{host => "localhost",max_overflow => 1,pool_size => 1,
               port => 8089} (influx_udp:start_pool_/2:239)
2022-08-02 16:10:00.177439+00:00 [info] Started mod_stats_influx (eturnal:start_modules/0:313)
2022-08-02 16:10:00.177597+00:00 [debug] Calling mod_stats_prometheus:start/0 (eturnal_module:start/1:142)
2022-08-02 16:10:00.177949+00:00 [debug] Starting mod_stats_prometheus (mod_stats_prometheus:start/0:56)
2022-08-02 16:10:00.178077+00:00 [debug] Dependency prometheus_httpd was available already (eturnal_module:ensure_dep/2:283)
2022-08-02 16:10:00.178980+00:00 [debug] PROGRESS REPORT:
    supervisor: {local,httpd_instance_sup__127_0_0_1__9081default}
    started: [{pid,<0.1225.0>},
              {id,{httpd_connection_sup,{127,0,0,1},9081,default}},
              {mfargs,{httpd_connection_sup,start_link,[[{127,0,0,1},9081]]}},
              {restart_type,permanent},
              {significant,false},
              {shutdown,5000},
              {child_type,supervisor}]
 (supervisor:report_progress/2:1557)
2022-08-02 16:10:00.179294+00:00 [debug] PROGRESS REPORT:
    supervisor: {local,httpd_acceptor_sup__127_0_0_1__9081default}
    started: [{pid,<0.1227.0>},
              {id,{httpd_acceptor_sup,{127,0,0,1},9081,default}},
              {mfargs,{httpd_acceptor,start_link,
                                      [httpd__127_0_0_1__9081default,ip_comm,
                                       {127,0,0,1},
                                       9081,inet,
                                       httpd_conf__127_0_0_1__9081default,
                                       15000]}},
              {restart_type,transient},
              {significant,false},
              {shutdown,brutal_kill},
              {child_type,worker}]
 (supervisor:report_progress/2:1557)
2022-08-02 16:10:00.179430+00:00 [debug] PROGRESS REPORT:
    supervisor: {local,httpd_instance_sup__127_0_0_1__9081default}
    started: [{pid,<0.1226.0>},
              {id,{httpd_acceptor_sup,{127,0,0,1},9081,default}},
              {mfargs,
                  {httpd_acceptor_sup,start_link,
                      [[{127,0,0,1},
                        9081,
                        [{bind_address,{127,0,0,1}},
                         {socket_type,ip_comm},
                         {port,9081},
                         {server_root,"run/mod_stats_prometheus/doc"},
                         {document_root,"run/mod_stats_prometheus/doc"},
                         {server_name,"Prometheus Exporter"},
                         {modules,[prometheus_httpd]}],
                        15000,undefined]]}},
              {restart_type,permanent},
              {significant,false},
              {shutdown,infinity},
              {child_type,supervisor}]
 (supervisor:report_progress/2:1557)
2022-08-02 16:10:00.179593+00:00 [debug] PROGRESS REPORT:
    supervisor: {local,httpd_instance_sup__127_0_0_1__9081default}
    started: [{pid,<0.1228.0>},
              {id,{httpd_misc_sup,{127,0,0,1},9081,default}},
              {mfargs,{httpd_misc_sup,start_link,[{127,0,0,1},9081,default]}},
              {restart_type,permanent},
              {significant,false},
              {shutdown,infinity},
              {child_type,supervisor}]
 (supervisor:report_progress/2:1557)
2022-08-02 16:10:00.180340+00:00 [debug] PROGRESS REPORT:
    supervisor: {local,httpd_instance_sup__127_0_0_1__9081default}
    started: [{pid,<0.1229.0>},
              {id,{httpd_manager,{127,0,0,1},9081,default}},
              {mfargs,
                  {httpd_manager,start_link,
                      [undefined,
                       [{bind_address,{127,0,0,1}},
                        {socket_type,ip_comm},
                        {port,9081},
                        {server_root,"run/mod_stats_prometheus/doc"},
                        {document_root,"run/mod_stats_prometheus/doc"},
                        {server_name,"Prometheus Exporter"},
                        {modules,[prometheus_httpd]}],
                       15000]}},
              {restart_type,permanent},
              {significant,false},
              {shutdown,4000},
              {child_type,worker}]
 (supervisor:report_progress/2:1557)
2022-08-02 16:10:00.180488+00:00 [debug] PROGRESS REPORT:
    supervisor: {local,httpd_sup}
    started: [{pid,<0.1224.0>},
              {id,{httpd_instance_sup,{127,0,0,1},9081,default}},
              {mfargs,
                  {httpd_instance_sup,start_link,
                      [[{bind_address,{127,0,0,1}},
                        {socket_type,ip_comm},
                        {port,9081},
                        {server_root,"run/mod_stats_prometheus/doc"},
                        {document_root,"run/mod_stats_prometheus/doc"},
                        {server_name,"Prometheus Exporter"},
                        {modules,[prometheus_httpd]}],
                       15000,[]]}},
              {restart_type,permanent},
              {significant,false},
              {shutdown,infinity},
              {child_type,supervisor}]
 (supervisor:report_progress/2:1557)
2022-08-02 16:10:00.181781+00:00 [info] Started mod_stats_prometheus (eturnal:start_modules/0:313)
2022-08-02 16:10:00.181935+00:00 [debug] Restarted modules (eturnal:handle_call/3:122)
2022-08-02 16:10:00.182090+00:00 [debug] eturnal call (reload) returned ok (eturnal_ctl:call/1:448)
2022-08-02 16:10:00.207548+00:00 [info] Accepting connection: 127.0.0.1:59334 -> 127.0.0.1:34780 [TCP, session g19ypknvv3v7] (stun_acceptor:accept/3:158)
2022-08-02 16:10:00.231970+00:00 [info] Accepting connection: 127.0.0.1:39206 -> 127.0.0.1:53490 [TLS, session jewnzbuectqb] (stun_acceptor:accept/3:158)
2022-08-02 16:10:00.257729+00:00 [debug] Received:
#stun{class = request,method = 3,magic = 554869826,
      trid = 42289213457172499547379971505,raw = <<>>,unsupported = [],
      'ALTERNATE-SERVER' = undefined,'CHANNEL-NUMBER' = undefined,
      'DATA' = undefined,'DONT-FRAGMENT' = false,'ERROR-CODE' = undefined,
      'LIFETIME' = undefined,'MAPPED-ADDRESS' = undefined,
      'MESSAGE-INTEGRITY' = undefined,'NONCE' = undefined,'REALM' = undefined,
      'REQUESTED-ADDRESS-FAMILY' = undefined,
      'REQUESTED-TRANSPORT' = undefined,'SOFTWARE' = undefined,
      'UNKNOWN-ATTRIBUTES' = [],'USERNAME' = undefined,
      'XOR-MAPPED-ADDRESS' = undefined,'XOR-PEER-ADDRESS' = [],
      'XOR-RELAYED-ADDRESS' = undefined} (stun:udp_recv/5:112)
2022-08-02 16:10:00.257945+00:00 [debug] Sending:
#stun{class = error,method = 3,magic = 554869826,
      trid = 42289213457172499547379971505,raw = <<>>,unsupported = [],
      'ALTERNATE-SERVER' = undefined,'CHANNEL-NUMBER' = undefined,
      'DATA' = undefined,'DONT-FRAGMENT' = false,
      'ERROR-CODE' = {401,<<"Unauthorized">>},
      'LIFETIME' = undefined,'MAPPED-ADDRESS' = undefined,
      'MESSAGE-INTEGRITY' = undefined,'NONCE' = <<"2397473146">>,
      'REALM' = <<"eturnal.net">>,'REQUESTED-ADDRESS-FAMILY' = undefined,
      'REQUESTED-TRANSPORT' = undefined,'SOFTWARE' = <<"eturnal">>,
      'UNKNOWN-ATTRIBUTES' = [],'USERNAME' = undefined,
      'XOR-MAPPED-ADDRESS' = undefined,'XOR-PEER-ADDRESS' = [],
      'XOR-RELAYED-ADDRESS' = undefined} (stun:send/3:464)
2022-08-02 16:10:00.258347+00:00 [debug] Received:
#stun{class = request,method = 3,magic = 554869826,
      trid = 61986016559398227558979034147,
      raw = <<0,3,0,80,33,18,164,66,200,73,161,146,223,0,114,68,176,19,92,35,0,
              25,0,4,17,0,0,0,0,6,0,10,50,49,52,53,57,49,51,50,48,48,0,0,0,20,
              0,11,101,116,117,114,110,97,108,46,110,101,116,0,0,21,0,10,50,51,
              57,55,52,55,51,49,52,54,0,0>>,
      unsupported = [],'ALTERNATE-SERVER' = undefined,
      'CHANNEL-NUMBER' = undefined,'DATA' = undefined,'DONT-FRAGMENT' = false,
      'ERROR-CODE' = undefined,'LIFETIME' = undefined,
      'MAPPED-ADDRESS' = undefined,
      'MESSAGE-INTEGRITY' = <<123,198,153,46,133,9,130,2,12,191,128,183,71,158,
                              182,239,132,248,161,96>>,
      'NONCE' = <<"2397473146">>,'REALM' = <<"eturnal.net">>,
      'REQUESTED-ADDRESS-FAMILY' = undefined,'REQUESTED-TRANSPORT' = udp,
      'SOFTWARE' = undefined,'UNKNOWN-ATTRIBUTES' = [],
      'USERNAME' = <<"2145913200">>,'XOR-MAPPED-ADDRESS' = undefined,
      'XOR-PEER-ADDRESS' = [],'XOR-RELAYED-ADDRESS' = undefined} (stun:udp_recv/5:112)
2022-08-02 16:10:00.258494+00:00 [debug] Looking up password for: 2145913200 [UDP, session igt6a9k184ri, user 2145913200, client 127.0.0.1:50122] (eturnal:get_password/2:215)
2022-08-02 16:10:00.258573+00:00 [info] Accepting long-term STUN/TURN authentication [UDP, session igt6a9k184ri, user 2145913200, client 127.0.0.1:50122] (stun:process/2:255)
2022-08-02 16:10:00.258746+00:00 [debug] Running 'turn_session_start' hook [UDP, session igt6a9k184ri, user 2145913200, client 127.0.0.1:50122] (turn:run_hook/3:740)
2022-08-02 16:10:00.258843+00:00 [debug] Got 'turn_session_start' event [UDP, session igt6a9k184ri, user 2145913200, client 127.0.0.1:50122] (eturnal_module:handle_event/2:176)
2022-08-02 16:10:00.258915+00:00 [debug] Calling mod_stats_prometheus:handle_event/2 [UDP, session igt6a9k184ri, user 2145913200, client 127.0.0.1:50122] (eturnal_module:handle_event/2:179)
2022-08-02 16:10:00.258999+00:00 [debug] Observing started TURN session igt6a9k184ri for Prometheus [UDP, session igt6a9k184ri, user 2145913200, client 127.0.0.1:50122] (mod_stats_prometheus:on_turn_session_start/1:174)
2022-08-02 16:10:00.259225+00:00 [notice] Creating TURN allocation (lifetime: 599 seconds) [UDP, session igt6a9k184ri, user 2145913200, client 127.0.0.1:50122, relay 127.0.0.1:63503] (turn:wait_for_allocate/2:219)
2022-08-02 16:10:00.259369+00:00 [debug] Sending:
#stun{class = response,method = 3,magic = 554869826,
      trid = 61986016559398227558979034147,raw = <<>>,unsupported = [],
      'ALTERNATE-SERVER' = undefined,'CHANNEL-NUMBER' = undefined,
      'DATA' = undefined,'DONT-FRAGMENT' = false,'ERROR-CODE' = undefined,
      'LIFETIME' = 599,'MAPPED-ADDRESS' = undefined,
      'MESSAGE-INTEGRITY' = undefined,'NONCE' = undefined,'REALM' = undefined,
      'REQUESTED-ADDRESS-FAMILY' = undefined,
      'REQUESTED-TRANSPORT' = undefined,'SOFTWARE' = <<"eturnal">>,
      'UNKNOWN-ATTRIBUTES' = [],'USERNAME' = undefined,
      'XOR-MAPPED-ADDRESS' = {{127,0,0,1},50122},
      'XOR-PEER-ADDRESS' = [],
      'XOR-RELAYED-ADDRESS' = {{127,0,0,1},63503}} (turn:send/2:542)
2022-08-02 16:10:00.259668+00:00 [debug] Received:
#stun{class = request,method = 4,magic = 554869826,
      trid = 45319685887069804295989584498,
      raw = <<0,4,0,80,33,18,164,66,146,111,144,198,193,142,232,97,62,221,98,
              114,0,6,0,10,50,49,52,53,57,49,51,50,48,48,0,0,0,20,0,11,101,116,
              117,114,110,97,108,46,110,101,116,0,0,21,0,10,50,51,57,55,52,55,
              51,49,52,54,0,0,0,13,0,4,0,0,0,0>>,
      unsupported = [],'ALTERNATE-SERVER' = undefined,
      'CHANNEL-NUMBER' = undefined,'DATA' = undefined,'DONT-FRAGMENT' = false,
      'ERROR-CODE' = undefined,'LIFETIME' = 0,'MAPPED-ADDRESS' = undefined,
      'MESSAGE-INTEGRITY' = <<223,254,80,92,211,123,185,115,97,102,53,196,175,
                              209,19,247,140,137,197,206>>,
      'NONCE' = <<"2397473146">>,'REALM' = <<"eturnal.net">>,
      'REQUESTED-ADDRESS-FAMILY' = undefined,
      'REQUESTED-TRANSPORT' = undefined,'SOFTWARE' = undefined,
      'UNKNOWN-ATTRIBUTES' = [],'USERNAME' = <<"2145913200">>,
      'XOR-MAPPED-ADDRESS' = undefined,'XOR-PEER-ADDRESS' = [],
      'XOR-RELAYED-ADDRESS' = undefined} (stun:udp_recv/5:112)
2022-08-02 16:10:00.259832+00:00 [debug] Looking up password for: 2145913200 [UDP, session 84o58xfxlntl, user 2145913200, client 127.0.0.1:50122] (eturnal:get_password/2:215)
2022-08-02 16:10:00.259910+00:00 [info] Accepting long-term STUN/TURN authentication [UDP, session 84o58xfxlntl, user 2145913200, client 127.0.0.1:50122] (stun:process/2:255)
2022-08-02 16:10:00.259960+00:00 [info] Client requested closing the TURN session [UDP, session igt6a9k184ri, user 2145913200, client 127.0.0.1:50122, relay 127.0.0.1:63503] (turn:active/2:278)
2022-08-02 16:10:00.260057+00:00 [debug] Sending:
#stun{class = response,method = 4,magic = 554869826,
      trid = 45319685887069804295989584498,raw = <<>>,unsupported = [],
      'ALTERNATE-SERVER' = undefined,'CHANNEL-NUMBER' = undefined,
      'DATA' = undefined,'DONT-FRAGMENT' = false,'ERROR-CODE' = undefined,
      'LIFETIME' = 0,'MAPPED-ADDRESS' = undefined,
      'MESSAGE-INTEGRITY' = undefined,'NONCE' = undefined,'REALM' = undefined,
      'REQUESTED-ADDRESS-FAMILY' = undefined,
      'REQUESTED-TRANSPORT' = undefined,'SOFTWARE' = <<"eturnal">>,
      'UNKNOWN-ATTRIBUTES' = [],'USERNAME' = undefined,
      'XOR-MAPPED-ADDRESS' = undefined,'XOR-PEER-ADDRESS' = [],
      'XOR-RELAYED-ADDRESS' = undefined} (turn:send/2:542)
2022-08-02 16:10:00.260175+00:00 [info] Deleting TURN allocation [UDP, session igt6a9k184ri, user 2145913200, client 127.0.0.1:50122, relay 127.0.0.1:63503] (turn:terminate/3:475)
2022-08-02 16:10:00.260276+00:00 [notice] Relayed 0 KiB (in 0 B / 0 packets, out 0 B / 0 packets), duration: 0 seconds [UDP, session igt6a9k184ri, user 2145913200, client 127.0.0.1:50122, relay 127.0.0.1:63503] (turn:terminate/3:482)
2022-08-02 16:10:00.260326+00:00 [debug] Running 'turn_session_stop' hook [UDP, session igt6a9k184ri, user 2145913200, client 127.0.0.1:50122, relay 127.0.0.1:63503] (turn:run_hook/3:740)
2022-08-02 16:10:00.260367+00:00 [debug] Got 'turn_session_stop' event [UDP, session igt6a9k184ri, user 2145913200, client 127.0.0.1:50122, relay 127.0.0.1:63503] (eturnal_module:handle_event/2:176)
2022-08-02 16:10:00.260409+00:00 [debug] Calling mod_stats_influx:handle_event/2 [UDP, session igt6a9k184ri, user 2145913200, client 127.0.0.1:50122, relay 127.0.0.1:63503] (eturnal_module:handle_event/2:179)
2022-08-02 16:10:00.260448+00:00 [debug] Writing stats of TURN session igt6a9k184ri to InfluxDB [UDP, session igt6a9k184ri, user 2145913200, client 127.0.0.1:50122, relay 127.0.0.1:63503] (mod_stats_influx:on_turn_session_stop/1:87)
2022-08-02 16:10:00.260879+00:00 [debug] Calling mod_stats_prometheus:handle_event/2 [UDP, session igt6a9k184ri, user 2145913200, client 127.0.0.1:50122, relay 127.0.0.1:63503] (eturnal_module:handle_event/2:179)
2022-08-02 16:10:00.260946+00:00 [debug] Observing stopped TURN session igt6a9k184ri for Prometheus [UDP, session igt6a9k184ri, user 2145913200, client 127.0.0.1:50122, relay 127.0.0.1:63503] (mod_stats_prometheus:on_turn_session_stop/1:187)
2022-08-02 16:10:00.285514+00:00 [debug] Received:
#stun{class = request,method = 1,magic = 554869826,
      trid = 59742751239698971039784350954,raw = <<>>,unsupported = [],
      'ALTERNATE-SERVER' = undefined,'CHANNEL-NUMBER' = undefined,
      'DATA' = undefined,'DONT-FRAGMENT' = false,'ERROR-CODE' = undefined,
      'LIFETIME' = undefined,'MAPPED-ADDRESS' = undefined,
      'MESSAGE-INTEGRITY' = undefined,'NONCE' = undefined,'REALM' = undefined,
      'REQUESTED-ADDRESS-FAMILY' = undefined,
      'REQUESTED-TRANSPORT' = undefined,'SOFTWARE' = undefined,
      'UNKNOWN-ATTRIBUTES' = [],'USERNAME' = undefined,
      'XOR-MAPPED-ADDRESS' = undefined,'XOR-PEER-ADDRESS' = [],
      'XOR-RELAYED-ADDRESS' = undefined} (stun:udp_recv/5:112)
2022-08-02 16:10:00.285650+00:00 [debug] Responding to STUN request [UDP, session u9telron4ihh, anonymous, client 127.0.0.1:59676] (stun:process/4:323)
2022-08-02 16:10:00.285698+00:00 [debug] Running 'stun_query' hook [UDP, session u9telron4ihh, anonymous, client 127.0.0.1:59676] (stun:run_hook/3:843)
2022-08-02 16:10:00.285746+00:00 [debug] Got 'stun_query' event [UDP, session u9telron4ihh, anonymous, client 127.0.0.1:59676] (eturnal_module:handle_event/2:176)
2022-08-02 16:10:00.285790+00:00 [debug] Calling mod_log_stun:handle_event/2 [UDP, session u9telron4ihh, anonymous, client 127.0.0.1:59676] (eturnal_module:handle_event/2:179)
2022-08-02 16:10:00.285838+00:00 [info] Responding to STUN request [UDP, session u9telron4ihh, anonymous, client 127.0.0.1:59676] (mod_log_stun:handle_event/2:44)
2022-08-02 16:10:00.285872+00:00 [debug] Calling mod_stats_influx:handle_event/2 [UDP, session u9telron4ihh, anonymous, client 127.0.0.1:59676] (eturnal_module:handle_event/2:179)
2022-08-02 16:10:00.285907+00:00 [debug] Writing STUN query event to InfluxDB [UDP, session u9telron4ihh, anonymous, client 127.0.0.1:59676] (mod_stats_influx:on_stun_query/1:76)
2022-08-02 16:10:00.286117+00:00 [debug] Calling mod_stats_prometheus:handle_event/2 [UDP, session u9telron4ihh, anonymous, client 127.0.0.1:59676] (eturnal_module:handle_event/2:179)
2022-08-02 16:10:00.286172+00:00 [debug] Observing STUN query for Prometheus [UDP, session u9telron4ihh, anonymous, client 127.0.0.1:59676] (mod_stats_prometheus:on_stun_query/1:166)
2022-08-02 16:10:00.286284+00:00 [debug] Sending:
#stun{class = response,method = 1,magic = 554869826,
      trid = 59742751239698971039784350954,raw = <<>>,unsupported = [],
      'ALTERNATE-SERVER' = undefined,'CHANNEL-NUMBER' = undefined,
      'DATA' = undefined,'DONT-FRAGMENT' = false,'ERROR-CODE' = undefined,
      'LIFETIME' = undefined,'MAPPED-ADDRESS' = undefined,
      'MESSAGE-INTEGRITY' = undefined,'NONCE' = undefined,'REALM' = undefined,
      'REQUESTED-ADDRESS-FAMILY' = undefined,
      'REQUESTED-TRANSPORT' = undefined,'SOFTWARE' = <<"eturnal">>,
      'UNKNOWN-ATTRIBUTES' = [],'USERNAME' = undefined,
      'XOR-MAPPED-ADDRESS' = {{127,0,0,1},59676},
      'XOR-PEER-ADDRESS' = [],'XOR-RELAYED-ADDRESS' = undefined} (stun:send/3:464)
2022-08-02 16:10:00.311019+00:00 [info] Accepting connection: 127.0.0.1:59336 -> 127.0.0.1:34780 [TCP, session 7pc5qfr7m2q8] (stun_acceptor:accept/3:158)
2022-08-02 16:10:00.311340+00:00 [debug] Received:
#stun{class = request,method = 1,magic = 554869826,
      trid = 48579708756365122141831299921,raw = <<>>,unsupported = [],
      'ALTERNATE-SERVER' = undefined,'CHANNEL-NUMBER' = undefined,
      'DATA' = undefined,'DONT-FRAGMENT' = false,'ERROR-CODE' = undefined,
      'LIFETIME' = undefined,'MAPPED-ADDRESS' = undefined,
      'MESSAGE-INTEGRITY' = undefined,'NONCE' = undefined,'REALM' = undefined,
      'REQUESTED-ADDRESS-FAMILY' = undefined,
      'REQUESTED-TRANSPORT' = undefined,'SOFTWARE' = undefined,
      'UNKNOWN-ATTRIBUTES' = [],'USERNAME' = undefined,
      'XOR-MAPPED-ADDRESS' = undefined,'XOR-PEER-ADDRESS' = [],
      'XOR-RELAYED-ADDRESS' = undefined} (stun:process_data/3:421)
2022-08-02 16:10:00.311481+00:00 [debug] Responding to STUN request [TCP, session 7pc5qfr7m2q8, anonymous, client 127.0.0.1:59336] (stun:process/4:323)
2022-08-02 16:10:00.311551+00:00 [debug] Running 'stun_query' hook [TCP, session 7pc5qfr7m2q8, anonymous, client 127.0.0.1:59336] (stun:run_hook/3:843)
2022-08-02 16:10:00.311638+00:00 [debug] Got 'stun_query' event [TCP, session 7pc5qfr7m2q8, anonymous, client 127.0.0.1:59336] (eturnal_module:handle_event/2:176)
2022-08-02 16:10:00.311691+00:00 [debug] Calling mod_log_stun:handle_event/2 [TCP, session 7pc5qfr7m2q8, anonymous, client 127.0.0.1:59336] (eturnal_module:handle_event/2:179)
2022-08-02 16:10:00.311773+00:00 [info] Responding to STUN request [TCP, session 7pc5qfr7m2q8, anonymous, client 127.0.0.1:59336] (mod_log_stun:handle_event/2:44)
2022-08-02 16:10:00.311821+00:00 [debug] Calling mod_stats_influx:handle_event/2 [TCP, session 7pc5qfr7m2q8, anonymous, client 127.0.0.1:59336] (eturnal_module:handle_event/2:179)
2022-08-02 16:10:00.311859+00:00 [debug] Writing STUN query event to InfluxDB [TCP, session 7pc5qfr7m2q8, anonymous, client 127.0.0.1:59336] (mod_stats_influx:on_stun_query/1:76)
2022-08-02 16:10:00.312101+00:00 [debug] Calling mod_stats_prometheus:handle_event/2 [TCP, session 7pc5qfr7m2q8, anonymous, client 127.0.0.1:59336] (eturnal_module:handle_event/2:179)
2022-08-02 16:10:00.312178+00:00 [debug] Observing STUN query for Prometheus [TCP, session 7pc5qfr7m2q8, anonymous, client 127.0.0.1:59336] (mod_stats_prometheus:on_stun_query/1:166)
2022-08-02 16:10:00.312313+00:00 [debug] Sending:
#stun{class = response,method = 1,magic = 554869826,
      trid = 48579708756365122141831299921,raw = <<>>,unsupported = [],
      'ALTERNATE-SERVER' = undefined,'CHANNEL-NUMBER' = undefined,
      'DATA' = undefined,'DONT-FRAGMENT' = false,'ERROR-CODE' = undefined,
      'LIFETIME' = undefined,'MAPPED-ADDRESS' = undefined,
      'MESSAGE-INTEGRITY' = undefined,'NONCE' = undefined,'REALM' = undefined,
      'REQUESTED-ADDRESS-FAMILY' = undefined,
      'REQUESTED-TRANSPORT' = undefined,'SOFTWARE' = <<"P1 STUN library">>,
      'UNKNOWN-ATTRIBUTES' = [],'USERNAME' = undefined,
      'XOR-MAPPED-ADDRESS' = {{127,0,0,1},59336},
      'XOR-PEER-ADDRESS' = [],'XOR-RELAYED-ADDRESS' = undefined} (stun:send/3:464)
2022-08-02 16:10:00.312541+00:00 [info] Connection reset by peer [TCP, session 7pc5qfr7m2q8, anonymous, client 127.0.0.1:59336] (stun:handle_info/3:174)
2022-08-02 16:10:00.337661+00:00 [info] Accepting connection: 127.0.0.1:39208 -> 127.0.0.1:53490 [TLS, session 9ouq39cmt3zz] (stun_acceptor:accept/3:158)
2022-08-02 16:10:00.445647+00:00 [debug] Received:
#stun{class = request,method = 1,magic = 554869826,
      trid = 15871122996876673833427219263,raw = <<>>,unsupported = [],
      'ALTERNATE-SERVER' = undefined,'CHANNEL-NUMBER' = undefined,
      'DATA' = undefined,'DONT-FRAGMENT' = false,'ERROR-CODE' = undefined,
      'LIFETIME' = undefined,'MAPPED-ADDRESS' = undefined,
      'MESSAGE-INTEGRITY' = undefined,'NONCE' = undefined,'REALM' = undefined,
      'REQUESTED-ADDRESS-FAMILY' = undefined,
      'REQUESTED-TRANSPORT' = undefined,'SOFTWARE' = undefined,
      'UNKNOWN-ATTRIBUTES' = [],'USERNAME' = undefined,
      'XOR-MAPPED-ADDRESS' = undefined,'XOR-PEER-ADDRESS' = [],
      'XOR-RELAYED-ADDRESS' = undefined} (stun:process_data/3:421)
2022-08-02 16:10:00.445839+00:00 [debug] Responding to STUN request [TLS, session 9ouq39cmt3zz, anonymous, client 127.0.0.1:39208] (stun:process/4:323)
2022-08-02 16:10:00.445909+00:00 [debug] Running 'stun_query' hook [TLS, session 9ouq39cmt3zz, anonymous, client 127.0.0.1:39208] (stun:run_hook/3:843)
2022-08-02 16:10:00.445966+00:00 [debug] Got 'stun_query' event [TLS, session 9ouq39cmt3zz, anonymous, client 127.0.0.1:39208] (eturnal_module:handle_event/2:176)
2022-08-02 16:10:00.446018+00:00 [debug] Calling mod_log_stun:handle_event/2 [TLS, session 9ouq39cmt3zz, anonymous, client 127.0.0.1:39208] (eturnal_module:handle_event/2:179)
2022-08-02 16:10:00.446100+00:00 [info] Responding to STUN request [TLS, session 9ouq39cmt3zz, anonymous, client 127.0.0.1:39208] (mod_log_stun:handle_event/2:44)
2022-08-02 16:10:00.446147+00:00 [debug] Calling mod_stats_influx:handle_event/2 [TLS, session 9ouq39cmt3zz, anonymous, client 127.0.0.1:39208] (eturnal_module:handle_event/2:179)
2022-08-02 16:10:00.446190+00:00 [debug] Writing STUN query event to InfluxDB [TLS, session 9ouq39cmt3zz, anonymous, client 127.0.0.1:39208] (mod_stats_influx:on_stun_query/1:76)
2022-08-02 16:10:00.446368+00:00 [debug] Calling mod_stats_prometheus:handle_event/2 [TLS, session 9ouq39cmt3zz, anonymous, client 127.0.0.1:39208] (eturnal_module:handle_event/2:179)
2022-08-02 16:10:00.446433+00:00 [debug] Observing STUN query for Prometheus [TLS, session 9ouq39cmt3zz, anonymous, client 127.0.0.1:39208] (mod_stats_prometheus:on_stun_query/1:166)
2022-08-02 16:10:00.446552+00:00 [debug] Sending:
#stun{class = response,method = 1,magic = 554869826,
      trid = 15871122996876673833427219263,raw = <<>>,unsupported = [],
      'ALTERNATE-SERVER' = undefined,'CHANNEL-NUMBER' = undefined,
      'DATA' = undefined,'DONT-FRAGMENT' = false,'ERROR-CODE' = undefined,
      'LIFETIME' = undefined,'MAPPED-ADDRESS' = undefined,
      'MESSAGE-INTEGRITY' = undefined,'NONCE' = undefined,'REALM' = undefined,
      'REQUESTED-ADDRESS-FAMILY' = undefined,
      'REQUESTED-TRANSPORT' = undefined,'SOFTWARE' = <<"P1 STUN library">>,
      'UNKNOWN-ATTRIBUTES' = [],'USERNAME' = undefined,
      'XOR-MAPPED-ADDRESS' = {{127,0,0,1},39208},
      'XOR-PEER-ADDRESS' = [],'XOR-RELAYED-ADDRESS' = undefined} (stun:send/3:464)
2022-08-02 16:10:00.446892+00:00 [info] Connection reset by peer [TLS, session 9ouq39cmt3zz, anonymous, client 127.0.0.1:39208] (stun:handle_info/3:174)
2022-08-02 16:10:00.472827+00:00 [info] Accepting connection: 127.0.0.1:34336 -> 127.0.0.1:34781 [TCP|TLS, session pck0cibyh19s] (stun_acceptor:accept/3:158)
2022-08-02 16:10:00.473017+00:00 [debug] Determined transport protocol: TCP (stun:is_tls_handshake/1:789)
2022-08-02 16:10:00.473299+00:00 [debug] Received:
#stun{class = request,method = 1,magic = 554869826,
      trid = 22768644261890353062364006597,raw = <<>>,unsupported = [],
      'ALTERNATE-SERVER' = undefined,'CHANNEL-NUMBER' = undefined,
      'DATA' = undefined,'DONT-FRAGMENT' = false,'ERROR-CODE' = undefined,
      'LIFETIME' = undefined,'MAPPED-ADDRESS' = undefined,
      'MESSAGE-INTEGRITY' = undefined,'NONCE' = undefined,'REALM' = undefined,
      'REQUESTED-ADDRESS-FAMILY' = undefined,
      'REQUESTED-TRANSPORT' = undefined,'SOFTWARE' = undefined,
      'UNKNOWN-ATTRIBUTES' = [],'USERNAME' = undefined,
      'XOR-MAPPED-ADDRESS' = undefined,'XOR-PEER-ADDRESS' = [],
      'XOR-RELAYED-ADDRESS' = undefined} (stun:process_data/3:421)
2022-08-02 16:10:00.473440+00:00 [debug] Responding to STUN request [TCP, session pck0cibyh19s, anonymous, client 127.0.0.1:34336] (stun:process/4:323)
2022-08-02 16:10:00.473523+00:00 [debug] Running 'stun_query' hook [TCP, session pck0cibyh19s, anonymous, client 127.0.0.1:34336] (stun:run_hook/3:843)
2022-08-02 16:10:00.473574+00:00 [debug] Got 'stun_query' event [TCP, session pck0cibyh19s, anonymous, client 127.0.0.1:34336] (eturnal_module:handle_event/2:176)
2022-08-02 16:10:00.473627+00:00 [debug] Calling mod_log_stun:handle_event/2 [TCP, session pck0cibyh19s, anonymous, client 127.0.0.1:34336] (eturnal_module:handle_event/2:179)
2022-08-02 16:10:00.473676+00:00 [info] Responding to STUN request [TCP, session pck0cibyh19s, anonymous, client 127.0.0.1:34336] (mod_log_stun:handle_event/2:44)
2022-08-02 16:10:00.473719+00:00 [debug] Calling mod_stats_influx:handle_event/2 [TCP, session pck0cibyh19s, anonymous, client 127.0.0.1:34336] (eturnal_module:handle_event/2:179)
2022-08-02 16:10:00.473758+00:00 [debug] Writing STUN query event to InfluxDB [TCP, session pck0cibyh19s, anonymous, client 127.0.0.1:34336] (mod_stats_influx:on_stun_query/1:76)
2022-08-02 16:10:00.473954+00:00 [debug] Calling mod_stats_prometheus:handle_event/2 [TCP, session pck0cibyh19s, anonymous, client 127.0.0.1:34336] (eturnal_module:handle_event/2:179)
2022-08-02 16:10:00.474022+00:00 [debug] Observing STUN query for Prometheus [TCP, session pck0cibyh19s, anonymous, client 127.0.0.1:34336] (mod_stats_prometheus:on_stun_query/1:166)
2022-08-02 16:10:00.474135+00:00 [debug] Sending:
#stun{class = response,method = 1,magic = 554869826,
      trid = 22768644261890353062364006597,raw = <<>>,unsupported = [],
      'ALTERNATE-SERVER' = undefined,'CHANNEL-NUMBER' = undefined,
      'DATA' = undefined,'DONT-FRAGMENT' = false,'ERROR-CODE' = undefined,
      'LIFETIME' = undefined,'MAPPED-ADDRESS' = undefined,
      'MESSAGE-INTEGRITY' = undefined,'NONCE' = undefined,'REALM' = undefined,
      'REQUESTED-ADDRESS-FAMILY' = undefined,
      'REQUESTED-TRANSPORT' = undefined,'SOFTWARE' = <<"P1 STUN library">>,
      'UNKNOWN-ATTRIBUTES' = [],'USERNAME' = undefined,
      'XOR-MAPPED-ADDRESS' = {{127,0,0,1},34336},
      'XOR-PEER-ADDRESS' = [],'XOR-RELAYED-ADDRESS' = undefined} (stun:send/3:464)
2022-08-02 16:10:00.474472+00:00 [info] Connection reset by peer [TCP, session pck0cibyh19s, anonymous, client 127.0.0.1:34336] (stun:handle_info/3:174)
2022-08-02 16:10:00.499139+00:00 [info] Accepting connection: 127.0.0.1:34338 -> 127.0.0.1:34781 [TCP|TLS, session gaxjhxf1c64y] (stun_acceptor:accept/3:158)
2022-08-02 16:10:00.499363+00:00 [debug] Determined transport protocol: TLS (stun:is_tls_handshake/1:786)
2022-08-02 16:10:00.606689+00:00 [debug] Received:
#stun{class = request,method = 1,magic = 554869826,
      trid = 73656850385134492658554543580,raw = <<>>,unsupported = [],
      'ALTERNATE-SERVER' = undefined,'CHANNEL-NUMBER' = undefined,
      'DATA' = undefined,'DONT-FRAGMENT' = false,'ERROR-CODE' = undefined,
      'LIFETIME' = undefined,'MAPPED-ADDRESS' = undefined,
      'MESSAGE-INTEGRITY' = undefined,'NONCE' = undefined,'REALM' = undefined,
      'REQUESTED-ADDRESS-FAMILY' = undefined,
      'REQUESTED-TRANSPORT' = undefined,'SOFTWARE' = undefined,
      'UNKNOWN-ATTRIBUTES' = [],'USERNAME' = undefined,
      'XOR-MAPPED-ADDRESS' = undefined,'XOR-PEER-ADDRESS' = [],
      'XOR-RELAYED-ADDRESS' = undefined} (stun:process_data/3:421)
2022-08-02 16:10:00.606874+00:00 [debug] Responding to STUN request [TLS, session gaxjhxf1c64y, anonymous, client 127.0.0.1:34338] (stun:process/4:323)
2022-08-02 16:10:00.606955+00:00 [debug] Running 'stun_query' hook [TLS, session gaxjhxf1c64y, anonymous, client 127.0.0.1:34338] (stun:run_hook/3:843)
2022-08-02 16:10:00.607045+00:00 [debug] Got 'stun_query' event [TLS, session gaxjhxf1c64y, anonymous, client 127.0.0.1:34338] (eturnal_module:handle_event/2:176)
2022-08-02 16:10:00.607081+00:00 [debug] Calling mod_log_stun:handle_event/2 [TLS, session gaxjhxf1c64y, anonymous, client 127.0.0.1:34338] (eturnal_module:handle_event/2:179)
2022-08-02 16:10:00.607144+00:00 [info] Responding to STUN request [TLS, session gaxjhxf1c64y, anonymous, client 127.0.0.1:34338] (mod_log_stun:handle_event/2:44)
2022-08-02 16:10:00.607180+00:00 [debug] Calling mod_stats_influx:handle_event/2 [TLS, session gaxjhxf1c64y, anonymous, client 127.0.0.1:34338] (eturnal_module:handle_event/2:179)
2022-08-02 16:10:00.607210+00:00 [debug] Writing STUN query event to InfluxDB [TLS, session gaxjhxf1c64y, anonymous, client 127.0.0.1:34338] (mod_stats_influx:on_stun_query/1:76)
2022-08-02 16:10:00.607436+00:00 [debug] Calling mod_stats_prometheus:handle_event/2 [TLS, session gaxjhxf1c64y, anonymous, client 127.0.0.1:34338] (eturnal_module:handle_event/2:179)
2022-08-02 16:10:00.607485+00:00 [debug] Observing STUN query for Prometheus [TLS, session gaxjhxf1c64y, anonymous, client 127.0.0.1:34338] (mod_stats_prometheus:on_stun_query/1:166)
2022-08-02 16:10:00.607591+00:00 [debug] Sending:
#stun{class = response,method = 1,magic = 554869826,
      trid = 73656850385134492658554543580,raw = <<>>,unsupported = [],
      'ALTERNATE-SERVER' = undefined,'CHANNEL-NUMBER' = undefined,
      'DATA' = undefined,'DONT-FRAGMENT' = false,'ERROR-CODE' = undefined,
      'LIFETIME' = undefined,'MAPPED-ADDRESS' = undefined,
      'MESSAGE-INTEGRITY' = undefined,'NONCE' = undefined,'REALM' = undefined,
      'REQUESTED-ADDRESS-FAMILY' = undefined,
      'REQUESTED-TRANSPORT' = undefined,'SOFTWARE' = <<"P1 STUN library">>,
      'UNKNOWN-ATTRIBUTES' = [],'USERNAME' = undefined,
      'XOR-MAPPED-ADDRESS' = {{127,0,0,1},34338},
      'XOR-PEER-ADDRESS' = [],'XOR-RELAYED-ADDRESS' = undefined} (stun:send/3:464)
2022-08-02 16:10:00.607983+00:00 [info] Connection reset by peer [TLS, session gaxjhxf1c64y, anonymous, client 127.0.0.1:34338] (stun:handle_info/3:174)
2022-08-02 16:10:00.632473+00:00 [debug] No NOTIFY_SOCKET, dropping STOPPING=1 notification (eturnal_systemd:handle_cast/2:108)
2022-08-02 16:10:00.632622+00:00 [debug] Terminating eturnal (shutdown) (eturnal:terminate/2:180)
2022-08-02 16:10:00.632703+00:00 [debug] Watchdog interval is undefined, hibernating (eturnal_systemd:get_timeout/1:161)
2022-08-02 16:10:00.632817+00:00 [info] Stopped listening on 127.0.0.1:34780 (udp) (eturnal:stop_listeners/1:369)
2022-08-02 16:10:00.632995+00:00 [info] Stopped listening on 127.0.0.1:34780 (tcp) (eturnal:stop_listeners/1:369)
2022-08-02 16:10:00.633143+00:00 [info] Stopped listening on 127.0.0.1:53490 (tls) (eturnal:stop_listeners/1:369)
2022-08-02 16:10:00.633299+00:00 [info] Stopped listening on 127.0.0.1:34781 (auto) (eturnal:stop_listeners/1:369)
2022-08-02 16:10:00.633518+00:00 [debug] Calling mod_log_stun:stop/1 (eturnal_module:stop/1:162)
2022-08-02 16:10:00.633651+00:00 [debug] Stopping mod_log_stun (mod_log_stun:stop/0:49)
2022-08-02 16:10:00.633729+00:00 [info] Stopped mod_log_stun (eturnal:stop_modules/1:326)
2022-08-02 16:10:00.635222+00:00 [debug] Calling mod_stats_influx:stop/1 (eturnal_module:stop/1:162)
2022-08-02 16:10:00.635382+00:00 [debug] Stopping mod_stats_influx (mod_stats_influx:stop/0:61)
2022-08-02 16:10:00.635520+00:00 [info] Stopped mod_stats_influx (eturnal:stop_modules/1:326)
2022-08-02 16:10:00.636810+00:00 [debug] Calling mod_stats_prometheus:stop/1 (eturnal_module:stop/1:162)
2022-08-02 16:10:00.636982+00:00 [debug] Stopping mod_stats_prometheus (mod_stats_prometheus:stop/0:110)
2022-08-02 16:10:00.637443+00:00 [info] Stopped mod_stats_prometheus (eturnal:stop_modules/1:326)
2022-08-02 16:10:00.638594+00:00 [debug] Removed run/cert.pem (eturnal:clean_run_dir/0:745)
2022-08-02 16:10:00.639120+00:00 [debug] Terminating eturnal_systemd (shutdown) (eturnal_systemd:terminate/2:135)
2022-08-02 16:10:00.639347+00:00 [notice] Stopping eturnal 1.10.1 on Erlang/OTP 25 (ERTS 13.0) (eturnal_app:stop/1:53)
