2022-05-04 12:44:00.169396+00:00 [notice] Starting eturnal 1.8.2 on Erlang/OTP 24 (ERTS 12.3) (eturnal_app:start/2:35)
2022-05-04 12:44:00.169641+00:00 [debug] Starting supervisor: eturnal_sup (eturnal_sup:start_link/0:32)
2022-05-04 12:44:00.169822+00:00 [debug] Configuring eturnal_sup supervisor: [#{id => systemd,
                                       start =>
                                           {eturnal_systemd,start_link,[]}},
                                     #{id => eturnal,
                                       start => {eturnal,start_link,[]}}] (eturnal_sup:init/0:40)
2022-05-04 12:44:00.171767+00:00 [info] Got no NOTIFY_SOCKET, notifications disabled (eturnal_systemd:init/1:95)
2022-05-04 12:44:00.171930+00:00 [debug] PROGRESS REPORT:
    supervisor: {local,eturnal_sup}
    started: [{pid,<0.715.0>},
              {id,systemd},
              {mfargs,{eturnal_systemd,start_link,[]}},
              {restart_type,permanent},
              {significant,false},
              {shutdown,5000},
              {child_type,worker}]
 (supervisor:report_progress/2:1562)
2022-05-04 12:44:00.172716+00:00 [info] Relay IPv4 address: 127.0.0.1 (port range: 49152-65535) (eturnal:log_relay_addresses/0:287)
2022-05-04 12:44:00.172881+00:00 [info] Relay IPv6 address not configured (eturnal:log_relay_addresses/0:297)
2022-05-04 12:44:00.184546+00:00 [info] Cannot determine control query port: noport (eturnal:log_control_listener/0:312)
2022-05-04 12:44:00.184719+00:00 [debug] TURN configuration seems fine (eturnal:check_turn_config/1:520)
2022-05-04 12:44:00.185066+00:00 [debug] Using run directory run (eturnal:ensure_run_dir/0:712)
2022-05-04 12:44:00.185276+00:00 [warning] TLS enabled without 'tls_crt_file', creating self-signed certificate (eturnal:check_pem_file/0:643)
2022-05-04 12:44:01.264925+00:00 [debug] Calling mod_log_stun:start/0 (eturnal_module:start/1:142)
2022-05-04 12:44:01.265238+00:00 [debug] Starting mod_log_stun (mod_log_stun:start/0:39)
2022-05-04 12:44:01.265628+00:00 [info] Started mod_log_stun (eturnal:start_modules/0:323)
2022-05-04 12:44:01.265761+00:00 [debug] Calling mod_stats_influx:start/0 (eturnal_module:start/1:142)
2022-05-04 12:44:01.265985+00:00 [debug] Starting mod_stats_influx (mod_stats_influx:start/0:38)
2022-05-04 12:44:01.270385+00:00 [debug] PROGRESS REPORT:
    application: ulitos
    started_at: nonode@nohost
 (application_controller:info_started/2:2107)
2022-05-04 12:44:01.271781+00:00 [debug] PROGRESS REPORT:
    application: poolboy
    started_at: nonode@nohost
 (application_controller:info_started/2:2107)
2022-05-04 12:44:01.273059+00:00 [info]     msg: Starting application: influx_udp (influx_udp_app:start/2:10)
2022-05-04 12:44:01.275884+00:00 [debug] PROGRESS REPORT:
    supervisor: {local,influx_udp_sup}
    started: [{pid,<0.738.0>},
              {id,influx_udp},
              {mfargs,{influx_udp,start_link,[]}},
              {restart_type,permanent},
              {significant,false},
              {shutdown,5000},
              {child_type,worker}]
 (supervisor:report_progress/2:1562)
2022-05-04 12:44:01.276095+00:00 [debug] PROGRESS REPORT:
    application: influx_udp
    started_at: nonode@nohost
 (application_controller:info_started/2:2107)
2022-05-04 12:44:01.276404+00:00 [debug] Dependency influx_udp was available already (eturnal_module:ensure_dep/2:283)
2022-05-04 12:44:01.278392+00:00 [info]     host: {127,0,0,1}
    msg: Start clients pool
    options: #{host => "localhost",max_overflow => 1,pool_size => 1,
               port => 8089} (influx_udp:start_pool_/2:239)
2022-05-04 12:44:01.287014+00:00 [info]     msg: Open UDP socket on port
    port: 54529 (influx_udp_worker:init/1:43)
2022-05-04 12:44:01.287317+00:00 [debug] PROGRESS REPORT:
    supervisor: {local,influx_udp_sup}
    started: [{pid,<0.741.0>},
              {id,stats_influx_pool},
              {mfargs,
                  {poolboy,start_link,
                      [[{name,{local,stats_influx_pool}},
                        {worker_module,influx_udp_worker},
                        {size,1},
                        {max_overflow,1}],
                       [{options,
                            #{host => {127,0,0,1},
                              max_overflow => 1,pool_size => 1,
                              port => 8089}}]]}},
              {restart_type,permanent},
              {significant,false},
              {shutdown,5000},
              {child_type,worker}]
 (supervisor:report_progress/2:1562)
2022-05-04 12:44:01.287526+00:00 [info] Started mod_stats_influx (eturnal:start_modules/0:323)
2022-05-04 12:44:01.288107+00:00 [debug] Started 2 modules (eturnal:init/1:113)
2022-05-04 12:44:01.288284+00:00 [debug] Starting listener 127.0.0.1:34780 (udp) with options:
[{use_turn,true},
 {auth_type,user},
 {turn_ipv4_address,{127,0,0,1}},
 {turn_min_port,49152},
 {turn_max_port,65535},
 {turn_max_allocations,10},
 {turn_max_permissions,10},
 {shaper,100000},
 {turn_blacklist,[{{203,0,113,0},24},{{8193,3512,0,0,0,0,0,0},32}]},
 {turn_whitelist,[{{203,0,113,113},32},{{8193,3512,0,0,0,0,0,0},64}]},
 {auth_realm,<<"eturnal.net">>},
 {server_name,<<"eturnal">>},
 {auth_fun,fun eturnal:get_password/2},
 {hook_fun,fun eturnal:run_hook/2}] (eturnal:start_listeners/0:367)
2022-05-04 12:44:01.288768+00:00 [info] Listening on 127.0.0.1:34780 (udp) (STUN/TURN) (eturnal:start_listeners/0:372)
2022-05-04 12:44:01.289538+00:00 [debug] Starting listener 127.0.0.1:34780 (tcp) with options:
[{use_turn,false},
 {auth_type,anonymous},
 {turn_ipv4_address,{127,0,0,1}},
 {turn_min_port,49152},
 {turn_max_port,65535},
 {turn_max_allocations,10},
 {turn_max_permissions,10},
 {shaper,100000},
 {turn_blacklist,[{{203,0,113,0},24},{{8193,3512,0,0,0,0,0,0},32}]},
 {turn_whitelist,[{{203,0,113,113},32},{{8193,3512,0,0,0,0,0,0},64}]},
 {auth_realm,<<"eturnal.net">>},
 {server_name,<<"eturnal">>},
 {auth_fun,fun eturnal:get_password/2},
 {hook_fun,fun eturnal:run_hook/2}] (eturnal:start_listeners/0:367)
2022-05-04 12:44:01.310875+00:00 [info] Listening on 127.0.0.1:34780 (tcp) (STUN only) (eturnal:start_listeners/0:372)
2022-05-04 12:44:01.311073+00:00 [debug] Starting listener 127.0.0.1:53490 (tls) with options:
[{use_turn,false},
 {auth_type,anonymous},
 {tls,true},
 {certfile,<<"run/cert.pem">>},
 {ciphers,<<"HIGH:!aNULL:@STRENGTH">>},
 {protocol_options,<<"no_tlsv1|no_tlsv1_1|cipher_server_preference">>},
 {turn_ipv4_address,{127,0,0,1}},
 {turn_min_port,49152},
 {turn_max_port,65535},
 {turn_max_allocations,10},
 {turn_max_permissions,10},
 {shaper,100000},
 {turn_blacklist,[{{203,0,113,0},24},{{8193,3512,0,0,0,0,0,0},32}]},
 {turn_whitelist,[{{203,0,113,113},32},{{8193,3512,0,0,0,0,0,0},64}]},
 {auth_realm,<<"eturnal.net">>},
 {server_name,<<"eturnal">>},
 {auth_fun,fun eturnal:get_password/2},
 {hook_fun,fun eturnal:run_hook/2}] (eturnal:start_listeners/0:367)
2022-05-04 12:44:01.311539+00:00 [info] Listening on 127.0.0.1:53490 (tls) (STUN only) (eturnal:start_listeners/0:372)
2022-05-04 12:44:01.311720+00:00 [debug] Starting listener 127.0.0.1:34781 (auto) with options:
[{use_turn,false},
 {auth_type,anonymous},
 {tls,optional},
 {certfile,<<"run/cert.pem">>},
 {ciphers,<<"HIGH:!aNULL:@STRENGTH">>},
 {protocol_options,<<"no_tlsv1|no_tlsv1_1|cipher_server_preference">>},
 {turn_ipv4_address,{127,0,0,1}},
 {turn_min_port,49152},
 {turn_max_port,65535},
 {turn_max_allocations,10},
 {turn_max_permissions,10},
 {shaper,100000},
 {turn_blacklist,[{{203,0,113,0},24},{{8193,3512,0,0,0,0,0,0},32}]},
 {turn_whitelist,[{{203,0,113,113},32},{{8193,3512,0,0,0,0,0,0},64}]},
 {auth_realm,<<"eturnal.net">>},
 {server_name,<<"eturnal">>},
 {auth_fun,fun eturnal:get_password/2},
 {hook_fun,fun eturnal:run_hook/2}] (eturnal:start_listeners/0:367)
2022-05-04 12:44:01.331435+00:00 [info] Listening on 127.0.0.1:34781 (auto) (STUN only) (eturnal:start_listeners/0:372)
2022-05-04 12:44:01.331704+00:00 [debug] Started 4 listeners (eturnal:init/1:121)
2022-05-04 12:44:01.331958+00:00 [debug] PROGRESS REPORT:
    supervisor: {local,eturnal_sup}
    started: [{pid,<0.718.0>},
              {id,eturnal},
              {mfargs,{eturnal,start_link,[]}},
              {restart_type,permanent},
              {significant,false},
              {shutdown,5000},
              {child_type,worker}]
 (supervisor:report_progress/2:1562)
2022-05-04 12:44:01.332092+00:00 [debug] PROGRESS REPORT:
    application: eturnal
    started_at: nonode@nohost
 (application_controller:info_started/2:2107)
2022-05-04 12:44:01.332228+00:00 [debug] No NOTIFY_SOCKET, dropping READY=1 notification (eturnal_systemd:handle_cast/2:109)
2022-05-04 12:44:01.332360+00:00 [debug] Watchdog interval is undefined, hibernating (eturnal_systemd:get_timeout/1:162)
2022-05-04 12:44:01.375070+00:00 [debug] Handling API call: get_info() (eturnal_ctl:get_info/0:143)
2022-05-04 12:44:01.375691+00:00 [debug] eturnal call (get_info) returned {ok,
                                  {eturnal_node_info,<<"1.8.2">>,
                                   {"24","12.3"},
                                   4442,0,136,94128662,1,39840520}} (eturnal_ctl:call/1:456)
2022-05-04 12:44:01.400904+00:00 [debug] Handling API call: get_sessions() (eturnal_ctl:get_sessions/0:106)
2022-05-04 12:44:01.426602+00:00 [debug] Handling API call: get_sessions("alice") (eturnal_ctl:get_sessions/1:120)
2022-05-04 12:44:01.426880+00:00 [debug] Handling API call: disconnect(alice) (eturnal_ctl:disconnect/1:192)
2022-05-04 12:44:01.427032+00:00 [debug] Cannot convert user name to binary: alice (eturnal_ctl:disconnect/1:202)
2022-05-04 12:44:01.454924+00:00 [debug] Handling API call: disconnect("alice") (eturnal_ctl:disconnect/1:192)
2022-05-04 12:44:01.455143+00:00 [debug] Handling API call: disconnect(alice) (eturnal_ctl:disconnect/1:192)
2022-05-04 12:44:01.455292+00:00 [debug] Cannot convert user name to binary: alice (eturnal_ctl:disconnect/1:202)
2022-05-04 12:44:01.479623+00:00 [debug] Handling API call: get_credentials("2009-10-30 11:00:00Z", []) (eturnal_ctl:get_credentials/2:60)
2022-05-04 12:44:01.479882+00:00 [debug] eturnal call ({get_password,<<"1256900400">>}) returned {ok,
                                                         <<"uEKlpcME7MNMMVRV8rUFPCTIFEs=">>} (eturnal_ctl:call/1:456)
2022-05-04 12:44:01.485276+00:00 [debug] Handling API call: get_credentials("86400", "alice") (eturnal_ctl:get_credentials/2:60)
2022-05-04 12:44:01.485549+00:00 [debug] eturnal call ({get_password,<<"1651754641:alice">>}) returned {ok,
                                                               <<"LBcO4EACZK8EY3DlPkXtIir4llo=">>} (eturnal_ctl:call/1:456)
2022-05-04 12:44:01.485851+00:00 [debug] Handling API call: get_password("1651754641:alice") (eturnal_ctl:get_password/1:79)
2022-05-04 12:44:01.486058+00:00 [debug] eturnal call ({get_password,<<"1651754641:alice">>}) returned {ok,
                                                               <<"LBcO4EACZK8EY3DlPkXtIir4llo=">>} (eturnal_ctl:call/1:456)
2022-05-04 12:44:01.486297+00:00 [debug] Handling API call: get_credentials("86400s", "alice") (eturnal_ctl:get_credentials/2:60)
2022-05-04 12:44:01.486517+00:00 [debug] eturnal call ({get_password,<<"1651754641:alice">>}) returned {ok,
                                                               <<"LBcO4EACZK8EY3DlPkXtIir4llo=">>} (eturnal_ctl:call/1:456)
2022-05-04 12:44:01.486698+00:00 [debug] Handling API call: get_password("1651754641:alice") (eturnal_ctl:get_password/1:79)
2022-05-04 12:44:01.486865+00:00 [debug] eturnal call ({get_password,<<"1651754641:alice">>}) returned {ok,
                                                               <<"LBcO4EACZK8EY3DlPkXtIir4llo=">>} (eturnal_ctl:call/1:456)
2022-05-04 12:44:01.487093+00:00 [debug] Handling API call: get_credentials("1440m", "alice") (eturnal_ctl:get_credentials/2:60)
2022-05-04 12:44:01.487309+00:00 [debug] eturnal call ({get_password,<<"1651754641:alice">>}) returned {ok,
                                                               <<"LBcO4EACZK8EY3DlPkXtIir4llo=">>} (eturnal_ctl:call/1:456)
2022-05-04 12:44:01.487473+00:00 [debug] Handling API call: get_password("1651754641:alice") (eturnal_ctl:get_password/1:79)
2022-05-04 12:44:01.487632+00:00 [debug] eturnal call ({get_password,<<"1651754641:alice">>}) returned {ok,
                                                               <<"LBcO4EACZK8EY3DlPkXtIir4llo=">>} (eturnal_ctl:call/1:456)
2022-05-04 12:44:01.487828+00:00 [debug] Handling API call: get_credentials("24h", "alice") (eturnal_ctl:get_credentials/2:60)
2022-05-04 12:44:01.488023+00:00 [debug] eturnal call ({get_password,<<"1651754641:alice">>}) returned {ok,
                                                               <<"LBcO4EACZK8EY3DlPkXtIir4llo=">>} (eturnal_ctl:call/1:456)
2022-05-04 12:44:01.488194+00:00 [debug] Handling API call: get_password("1651754641:alice") (eturnal_ctl:get_password/1:79)
2022-05-04 12:44:01.488348+00:00 [debug] eturnal call ({get_password,<<"1651754641:alice">>}) returned {ok,
                                                               <<"LBcO4EACZK8EY3DlPkXtIir4llo=">>} (eturnal_ctl:call/1:456)
2022-05-04 12:44:01.488572+00:00 [debug] Handling API call: get_credentials("1d", "alice") (eturnal_ctl:get_credentials/2:60)
2022-05-04 12:44:01.488727+00:00 [debug] eturnal call ({get_password,<<"1651754641:alice">>}) returned {ok,
                                                               <<"LBcO4EACZK8EY3DlPkXtIir4llo=">>} (eturnal_ctl:call/1:456)
2022-05-04 12:44:01.488905+00:00 [debug] Handling API call: get_password("1651754641:alice") (eturnal_ctl:get_password/1:79)
2022-05-04 12:44:01.489038+00:00 [debug] eturnal call ({get_password,<<"1651754641:alice">>}) returned {ok,
                                                               <<"LBcO4EACZK8EY3DlPkXtIir4llo=">>} (eturnal_ctl:call/1:456)
2022-05-04 12:44:01.489206+00:00 [debug] Handling API call: get_password("Invalid") (eturnal_ctl:get_password/1:79)
2022-05-04 12:44:01.489349+00:00 [debug] Invalid user name: Invalid (eturnal_ctl:get_password/1:93)
2022-05-04 12:44:01.489507+00:00 [debug] Handling API call: get_credentials("Invalid", []) (eturnal_ctl:get_credentials/2:60)
2022-05-04 12:44:01.490315+00:00 [debug] Invalid argument(s): "Invalid":[] (eturnal_ctl:get_credentials/2:73)
2022-05-04 12:44:01.490464+00:00 [debug] Handling API call: get_password(invalid) (eturnal_ctl:get_password/1:79)
2022-05-04 12:44:01.490595+00:00 [debug] Cannot convert user name to binary: invalid (eturnal_ctl:get_password/1:100)
2022-05-04 12:44:01.490720+00:00 [debug] Handling API call: get_credentials(invalid, []) (eturnal_ctl:get_credentials/2:60)
2022-05-04 12:44:01.490860+00:00 [debug] Invalid argument(s): invalid:[] (eturnal_ctl:get_credentials/2:73)
2022-05-04 12:44:01.490980+00:00 [debug] Handling API call: get_password([invalid]) (eturnal_ctl:get_password/1:79)
2022-05-04 12:44:01.491114+00:00 [debug] Cannot convert user name to binary: [invalid] (eturnal_ctl:get_password/1:100)
2022-05-04 12:44:01.491205+00:00 [debug] Handling API call: get_credentials([invalid], []) (eturnal_ctl:get_credentials/2:60)
2022-05-04 12:44:01.491292+00:00 [debug] Invalid argument(s): [invalid]:[] (eturnal_ctl:get_credentials/2:73)
2022-05-04 12:44:01.491680+00:00 [debug] Handling API call: get_credentials(1256900400, invalid) (eturnal_ctl:get_credentials/2:60)
2022-05-04 12:44:01.491785+00:00 [debug] Invalid argument(s): 1256900400:invalid (eturnal_ctl:get_credentials/2:73)
2022-05-04 12:44:01.516371+00:00 [debug] Handling API call: set_loglevel(debug) (eturnal_ctl:set_loglevel/1:173)
2022-05-04 12:44:01.516665+00:00 [debug] eturnal call ({set_loglevel,debug}) returned ok (eturnal_ctl:call/1:453)
2022-05-04 12:44:01.516864+00:00 [debug] Handling API call: get_loglevel() (eturnal_ctl:get_loglevel/0:163)
2022-05-04 12:44:01.517006+00:00 [debug] eturnal call (get_loglevel) returned {ok,debug} (eturnal_ctl:call/1:456)
2022-05-04 12:44:01.517178+00:00 [debug] Handling API call: set_loglevel(invalid) (eturnal_ctl:set_loglevel/1:173)
2022-05-04 12:44:01.517308+00:00 [debug] Invalid log level: invalid (eturnal_ctl:set_loglevel/1:183)
2022-05-04 12:44:01.517524+00:00 [debug] Handling API call: get_loglevel() (eturnal_ctl:get_loglevel/0:163)
2022-05-04 12:44:01.517652+00:00 [debug] eturnal call (get_loglevel) returned {ok,debug} (eturnal_ctl:call/1:456)
2022-05-04 12:44:01.542631+00:00 [debug] Handling API call: get_version() (eturnal_ctl:get_version/0:153)
2022-05-04 12:44:01.542814+00:00 [debug] eturnal call (get_version) returned {ok,<<"1.8.2">>} (eturnal_ctl:call/1:456)
2022-05-04 12:44:01.567524+00:00 [debug] Handling API call: reload() (eturnal_ctl:reload/0:208)
2022-05-04 12:44:01.570034+00:00 [debug] Calling mod_log_stun:options/0 (eturnal_module:options/1:191)
2022-05-04 12:44:01.570211+00:00 [debug] Calling mod_stats_influx:options/0 (eturnal_module:options/1:191)
2022-05-04 12:44:01.570784+00:00 [warning] TLS enabled without 'tls_crt_file', creating self-signed certificate (eturnal:check_pem_file/0:643)
2022-05-04 12:44:02.127448+00:00 [info] Using new TLS certificate (eturnal:handle_call/3:140)
2022-05-04 12:44:02.127675+00:00 [debug] Reloaded configuration (eturnal:handle_call/3:146)
2022-05-04 12:44:02.127839+00:00 [debug] eturnal call (reload) returned ok (eturnal_ctl:call/1:453)
2022-05-04 12:44:02.128229+00:00 [debug] Handling API call: reload() (eturnal_ctl:reload/0:208)
2022-05-04 12:44:02.130321+00:00 [debug] Calling mod_log_stun:options/0 (eturnal_module:options/1:191)
2022-05-04 12:44:02.130482+00:00 [debug] Calling mod_stats_influx:options/0 (eturnal_module:options/1:191)
2022-05-04 12:44:02.131287+00:00 [debug] Keeping PEM file (run/cert.pem) (eturnal:check_pem_file/0:640)
2022-05-04 12:44:02.131442+00:00 [debug] TLS certificate unchanged (eturnal:handle_call/3:142)
2022-05-04 12:44:02.131546+00:00 [debug] Reloaded configuration (eturnal:handle_call/3:146)
2022-05-04 12:44:02.131998+00:00 [debug] eturnal call (reload) returned ok (eturnal_ctl:call/1:453)
2022-05-04 12:44:02.157195+00:00 [info] Accepting connection: 127.0.0.1:34898 -> 127.0.0.1:34780 [TCP, session mom218vek7cs] (stun_listener:accept/3:221)
2022-05-04 12:44:02.180426+00:00 [info] Accepting connection: 127.0.0.1:52226 -> 127.0.0.1:53490 [TLS, session un7qymdzaxwy] (stun_listener:accept/3:221)
2022-05-04 12:44:02.181343+00:00 [info] Connection reset by peer [TLS, session un7qymdzaxwy, anonymous, client 127.0.0.1:52226] (stun:handle_info/3:170)
2022-05-04 12:44:02.211045+00:00 [debug] Received:
#stun{class = request,method = 3,magic = 554869826,
      trid = 61691454755461892566176288080,raw = <<>>,unsupported = [],
      'ALTERNATE-SERVER' = undefined,'CHANNEL-NUMBER' = undefined,
      'DATA' = undefined,'DONT-FRAGMENT' = false,'ERROR-CODE' = undefined,
      'LIFETIME' = undefined,'MAPPED-ADDRESS' = undefined,
      'MESSAGE-INTEGRITY' = undefined,'NONCE' = undefined,'REALM' = undefined,
      'REQUESTED-ADDRESS-FAMILY' = undefined,
      'REQUESTED-TRANSPORT' = undefined,'SOFTWARE' = undefined,
      'UNKNOWN-ATTRIBUTES' = [],'USERNAME' = undefined,
      'XOR-MAPPED-ADDRESS' = undefined,'XOR-PEER-ADDRESS' = [],
      'XOR-RELAYED-ADDRESS' = undefined} (stun:udp_recv/5:111)
2022-05-04 12:44:02.211211+00:00 [debug] Sending:
#stun{class = error,method = 3,magic = 554869826,
      trid = 61691454755461892566176288080,raw = <<>>,unsupported = [],
      'ALTERNATE-SERVER' = undefined,'CHANNEL-NUMBER' = undefined,
      'DATA' = undefined,'DONT-FRAGMENT' = false,
      'ERROR-CODE' = {401,<<"Unauthorized">>},
      'LIFETIME' = undefined,'MAPPED-ADDRESS' = undefined,
      'MESSAGE-INTEGRITY' = undefined,'NONCE' = <<"1800127620">>,
      'REALM' = <<"eturnal.net">>,'REQUESTED-ADDRESS-FAMILY' = undefined,
      'REQUESTED-TRANSPORT' = undefined,'SOFTWARE' = <<"eturnal">>,
      'UNKNOWN-ATTRIBUTES' = [],'USERNAME' = undefined,
      'XOR-MAPPED-ADDRESS' = undefined,'XOR-PEER-ADDRESS' = [],
      'XOR-RELAYED-ADDRESS' = undefined} (stun:send/3:445)
2022-05-04 12:44:02.211552+00:00 [debug] Received:
#stun{class = request,method = 3,magic = 554869826,
      trid = 53750573342349009964774786699,
      raw = <<0,3,0,80,33,18,164,66,173,173,110,163,129,124,227,101,95,49,6,
              139,0,25,0,4,17,0,0,0,0,6,0,10,50,49,52,53,57,49,51,50,48,48,0,0,
              0,20,0,11,101,116,117,114,110,97,108,46,110,101,116,0,0,21,0,10,
              49,56,48,48,49,50,55,54,50,48,0,0>>,
      unsupported = [],'ALTERNATE-SERVER' = undefined,
      'CHANNEL-NUMBER' = undefined,'DATA' = undefined,'DONT-FRAGMENT' = false,
      'ERROR-CODE' = undefined,'LIFETIME' = undefined,
      'MAPPED-ADDRESS' = undefined,
      'MESSAGE-INTEGRITY' = <<129,201,248,40,246,108,238,216,245,14,171,122,
                              202,130,72,169,79,176,13,220>>,
      'NONCE' = <<"1800127620">>,'REALM' = <<"eturnal.net">>,
      'REQUESTED-ADDRESS-FAMILY' = undefined,'REQUESTED-TRANSPORT' = udp,
      'SOFTWARE' = undefined,'UNKNOWN-ATTRIBUTES' = [],
      'USERNAME' = <<"2145913200">>,'XOR-MAPPED-ADDRESS' = undefined,
      'XOR-PEER-ADDRESS' = [],'XOR-RELAYED-ADDRESS' = undefined} (stun:udp_recv/5:111)
2022-05-04 12:44:02.211714+00:00 [debug] Looking up password for: 2145913200 [UDP, session vrpykybk66va, user 2145913200, client 127.0.0.1:60891] (eturnal:get_password/2:225)
2022-05-04 12:44:02.211808+00:00 [info] Accepting long-term STUN/TURN authentication [UDP, session vrpykybk66va, user 2145913200, client 127.0.0.1:60891] (stun:process/2:249)
2022-05-04 12:44:02.216223+00:00 [debug] Running 'turn_session_start' hook [UDP, session vrpykybk66va, user 2145913200, client 127.0.0.1:60891] (turn:run_hook/2:711)
2022-05-04 12:44:02.216306+00:00 [debug] Got 'turn_session_start' event [UDP, session vrpykybk66va, user 2145913200, client 127.0.0.1:60891] (eturnal_module:handle_event/2:176)
2022-05-04 12:44:02.216520+00:00 [notice] Creating TURN allocation (lifetime: 599 seconds) [UDP, session vrpykybk66va, user 2145913200, client 127.0.0.1:60891, relay 127.0.0.1:65324] (turn:wait_for_allocate/2:207)
2022-05-04 12:44:02.216676+00:00 [debug] Sending:
#stun{class = response,method = 3,magic = 554869826,
      trid = 53750573342349009964774786699,raw = <<>>,unsupported = [],
      'ALTERNATE-SERVER' = undefined,'CHANNEL-NUMBER' = undefined,
      'DATA' = undefined,'DONT-FRAGMENT' = false,'ERROR-CODE' = undefined,
      'LIFETIME' = 599,'MAPPED-ADDRESS' = undefined,
      'MESSAGE-INTEGRITY' = undefined,'NONCE' = undefined,'REALM' = undefined,
      'REQUESTED-ADDRESS-FAMILY' = undefined,
      'REQUESTED-TRANSPORT' = undefined,'SOFTWARE' = <<"eturnal">>,
      'UNKNOWN-ATTRIBUTES' = [],'USERNAME' = undefined,
      'XOR-MAPPED-ADDRESS' = {{127,0,0,1},60891},
      'XOR-PEER-ADDRESS' = [],
      'XOR-RELAYED-ADDRESS' = {{127,0,0,1},65324}} (turn:send/2:521)
2022-05-04 12:44:02.217013+00:00 [debug] Received:
#stun{class = request,method = 4,magic = 554869826,
      trid = 27394540442756945866737746072,
      raw = <<0,4,0,80,33,18,164,66,88,132,59,149,29,44,33,248,59,66,128,152,0,
              6,0,10,50,49,52,53,57,49,51,50,48,48,0,0,0,20,0,11,101,116,117,
              114,110,97,108,46,110,101,116,0,0,21,0,10,49,56,48,48,49,50,55,
              54,50,48,0,0,0,13,0,4,0,0,0,0>>,
      unsupported = [],'ALTERNATE-SERVER' = undefined,
      'CHANNEL-NUMBER' = undefined,'DATA' = undefined,'DONT-FRAGMENT' = false,
      'ERROR-CODE' = undefined,'LIFETIME' = 0,'MAPPED-ADDRESS' = undefined,
      'MESSAGE-INTEGRITY' = <<184,24,238,123,70,158,182,124,235,165,129,126,23,
                              94,192,164,26,46,120,187>>,
      'NONCE' = <<"1800127620">>,'REALM' = <<"eturnal.net">>,
      'REQUESTED-ADDRESS-FAMILY' = undefined,
      'REQUESTED-TRANSPORT' = undefined,'SOFTWARE' = undefined,
      'UNKNOWN-ATTRIBUTES' = [],'USERNAME' = <<"2145913200">>,
      'XOR-MAPPED-ADDRESS' = undefined,'XOR-PEER-ADDRESS' = [],
      'XOR-RELAYED-ADDRESS' = undefined} (stun:udp_recv/5:111)
2022-05-04 12:44:02.217186+00:00 [debug] Looking up password for: 2145913200 [UDP, session tu81zmpn3dkk, user 2145913200, client 127.0.0.1:60891] (eturnal:get_password/2:225)
2022-05-04 12:44:02.217290+00:00 [info] Accepting long-term STUN/TURN authentication [UDP, session tu81zmpn3dkk, user 2145913200, client 127.0.0.1:60891] (stun:process/2:249)
2022-05-04 12:44:02.217623+00:00 [info] Client requested closing the TURN session [UDP, session vrpykybk66va, user 2145913200, client 127.0.0.1:60891, relay 127.0.0.1:65324] (turn:active/2:262)
2022-05-04 12:44:02.217739+00:00 [debug] Sending:
#stun{class = response,method = 4,magic = 554869826,
      trid = 27394540442756945866737746072,raw = <<>>,unsupported = [],
      'ALTERNATE-SERVER' = undefined,'CHANNEL-NUMBER' = undefined,
      'DATA' = undefined,'DONT-FRAGMENT' = false,'ERROR-CODE' = undefined,
      'LIFETIME' = 0,'MAPPED-ADDRESS' = undefined,
      'MESSAGE-INTEGRITY' = undefined,'NONCE' = undefined,'REALM' = undefined,
      'REQUESTED-ADDRESS-FAMILY' = undefined,
      'REQUESTED-TRANSPORT' = undefined,'SOFTWARE' = <<"eturnal">>,
      'UNKNOWN-ATTRIBUTES' = [],'USERNAME' = undefined,
      'XOR-MAPPED-ADDRESS' = undefined,'XOR-PEER-ADDRESS' = [],
      'XOR-RELAYED-ADDRESS' = undefined} (turn:send/2:521)
2022-05-04 12:44:02.217891+00:00 [info] Deleting TURN allocation [UDP, session vrpykybk66va, user 2145913200, client 127.0.0.1:60891, relay 127.0.0.1:65324] (turn:terminate/3:454)
2022-05-04 12:44:02.217940+00:00 [notice] Relayed 0 KiB (in 0 B / 0 packets, out 0 B / 0 packets), duration: 0 seconds [UDP, session vrpykybk66va, user 2145913200, client 127.0.0.1:60891, relay 127.0.0.1:65324] (turn:terminate/3:461)
2022-05-04 12:44:02.217987+00:00 [debug] Running 'turn_session_stop' hook [UDP, session vrpykybk66va, user 2145913200, client 127.0.0.1:60891, relay 127.0.0.1:65324] (turn:run_hook/2:711)
2022-05-04 12:44:02.218072+00:00 [debug] Got 'turn_session_stop' event [UDP, session vrpykybk66va, user 2145913200, client 127.0.0.1:60891, relay 127.0.0.1:65324] (eturnal_module:handle_event/2:176)
2022-05-04 12:44:02.218122+00:00 [debug] Calling mod_stats_influx:handle_event/2 [UDP, session vrpykybk66va, user 2145913200, client 127.0.0.1:60891, relay 127.0.0.1:65324] (eturnal_module:handle_event/2:179)
2022-05-04 12:44:02.218211+00:00 [debug] Writing stats of TURN session vrpykybk66va to InfluxDB [UDP, session vrpykybk66va, user 2145913200, client 127.0.0.1:60891, relay 127.0.0.1:65324] (mod_stats_influx:on_turn_session_stop/1:81)
2022-05-04 12:44:02.244056+00:00 [debug] Received:
#stun{class = request,method = 1,magic = 554869826,
      trid = 54109602627452259978524941299,raw = <<>>,unsupported = [],
      'ALTERNATE-SERVER' = undefined,'CHANNEL-NUMBER' = undefined,
      'DATA' = undefined,'DONT-FRAGMENT' = false,'ERROR-CODE' = undefined,
      'LIFETIME' = undefined,'MAPPED-ADDRESS' = undefined,
      'MESSAGE-INTEGRITY' = undefined,'NONCE' = undefined,'REALM' = undefined,
      'REQUESTED-ADDRESS-FAMILY' = undefined,
      'REQUESTED-TRANSPORT' = undefined,'SOFTWARE' = undefined,
      'UNKNOWN-ATTRIBUTES' = [],'USERNAME' = undefined,
      'XOR-MAPPED-ADDRESS' = undefined,'XOR-PEER-ADDRESS' = [],
      'XOR-RELAYED-ADDRESS' = undefined} (stun:udp_recv/5:111)
2022-05-04 12:44:02.244159+00:00 [debug] Responding to STUN request [UDP, session rkaw8htke5in, anonymous, client 127.0.0.1:35204] (stun:process/4:312)
2022-05-04 12:44:02.244223+00:00 [debug] Running 'stun_query' hook [UDP, session rkaw8htke5in, anonymous, client 127.0.0.1:35204] (stun:run_hook/3:818)
2022-05-04 12:44:02.244279+00:00 [debug] Got 'stun_query' event [UDP, session rkaw8htke5in, anonymous, client 127.0.0.1:35204] (eturnal_module:handle_event/2:176)
2022-05-04 12:44:02.244328+00:00 [debug] Calling mod_log_stun:handle_event/2 [UDP, session rkaw8htke5in, anonymous, client 127.0.0.1:35204] (eturnal_module:handle_event/2:179)
2022-05-04 12:44:02.244376+00:00 [info] Responding to STUN request [UDP, session rkaw8htke5in, anonymous, client 127.0.0.1:35204] (mod_log_stun:handle_event/2:45)
2022-05-04 12:44:02.244422+00:00 [debug] Calling mod_stats_influx:handle_event/2 [UDP, session rkaw8htke5in, anonymous, client 127.0.0.1:35204] (eturnal_module:handle_event/2:179)
2022-05-04 12:44:02.244497+00:00 [debug] Writing STUN query event to InfluxDB [UDP, session rkaw8htke5in, anonymous, client 127.0.0.1:35204] (mod_stats_influx:on_stun_query/1:70)
2022-05-04 12:44:02.244694+00:00 [debug] Sending:
#stun{class = response,method = 1,magic = 554869826,
      trid = 54109602627452259978524941299,raw = <<>>,unsupported = [],
      'ALTERNATE-SERVER' = undefined,'CHANNEL-NUMBER' = undefined,
      'DATA' = undefined,'DONT-FRAGMENT' = false,'ERROR-CODE' = undefined,
      'LIFETIME' = undefined,'MAPPED-ADDRESS' = undefined,
      'MESSAGE-INTEGRITY' = undefined,'NONCE' = undefined,'REALM' = undefined,
      'REQUESTED-ADDRESS-FAMILY' = undefined,
      'REQUESTED-TRANSPORT' = undefined,'SOFTWARE' = <<"eturnal">>,
      'UNKNOWN-ATTRIBUTES' = [],'USERNAME' = undefined,
      'XOR-MAPPED-ADDRESS' = {{127,0,0,1},35204},
      'XOR-PEER-ADDRESS' = [],'XOR-RELAYED-ADDRESS' = undefined} (stun:send/3:445)
2022-05-04 12:44:02.268275+00:00 [info] Accepting connection: 127.0.0.1:34900 -> 127.0.0.1:34780 [TCP, session cfrqxccuq037] (stun_listener:accept/3:221)
2022-05-04 12:44:02.268540+00:00 [debug] Received:
#stun{class = request,method = 1,magic = 554869826,
      trid = 52032032470426527995093390994,raw = <<>>,unsupported = [],
      'ALTERNATE-SERVER' = undefined,'CHANNEL-NUMBER' = undefined,
      'DATA' = undefined,'DONT-FRAGMENT' = false,'ERROR-CODE' = undefined,
      'LIFETIME' = undefined,'MAPPED-ADDRESS' = undefined,
      'MESSAGE-INTEGRITY' = undefined,'NONCE' = undefined,'REALM' = undefined,
      'REQUESTED-ADDRESS-FAMILY' = undefined,
      'REQUESTED-TRANSPORT' = undefined,'SOFTWARE' = undefined,
      'UNKNOWN-ATTRIBUTES' = [],'USERNAME' = undefined,
      'XOR-MAPPED-ADDRESS' = undefined,'XOR-PEER-ADDRESS' = [],
      'XOR-RELAYED-ADDRESS' = undefined} (stun:process_data/3:404)
2022-05-04 12:44:02.268656+00:00 [debug] Responding to STUN request [TCP, session cfrqxccuq037, anonymous, client 127.0.0.1:34900] (stun:process/4:312)
2022-05-04 12:44:02.268729+00:00 [debug] Running 'stun_query' hook [TCP, session cfrqxccuq037, anonymous, client 127.0.0.1:34900] (stun:run_hook/3:818)
2022-05-04 12:44:02.268795+00:00 [debug] Got 'stun_query' event [TCP, session cfrqxccuq037, anonymous, client 127.0.0.1:34900] (eturnal_module:handle_event/2:176)
2022-05-04 12:44:02.268846+00:00 [debug] Calling mod_log_stun:handle_event/2 [TCP, session cfrqxccuq037, anonymous, client 127.0.0.1:34900] (eturnal_module:handle_event/2:179)
2022-05-04 12:44:02.268901+00:00 [info] Responding to STUN request [TCP, session cfrqxccuq037, anonymous, client 127.0.0.1:34900] (mod_log_stun:handle_event/2:45)
2022-05-04 12:44:02.268946+00:00 [debug] Calling mod_stats_influx:handle_event/2 [TCP, session cfrqxccuq037, anonymous, client 127.0.0.1:34900] (eturnal_module:handle_event/2:179)
2022-05-04 12:44:02.268989+00:00 [debug] Writing STUN query event to InfluxDB [TCP, session cfrqxccuq037, anonymous, client 127.0.0.1:34900] (mod_stats_influx:on_stun_query/1:70)
2022-05-04 12:44:02.269184+00:00 [debug] Sending:
#stun{class = response,method = 1,magic = 554869826,
      trid = 52032032470426527995093390994,raw = <<>>,unsupported = [],
      'ALTERNATE-SERVER' = undefined,'CHANNEL-NUMBER' = undefined,
      'DATA' = undefined,'DONT-FRAGMENT' = false,'ERROR-CODE' = undefined,
      'LIFETIME' = undefined,'MAPPED-ADDRESS' = undefined,
      'MESSAGE-INTEGRITY' = undefined,'NONCE' = undefined,'REALM' = undefined,
      'REQUESTED-ADDRESS-FAMILY' = undefined,
      'REQUESTED-TRANSPORT' = undefined,'SOFTWARE' = <<"P1 STUN library">>,
      'UNKNOWN-ATTRIBUTES' = [],'USERNAME' = undefined,
      'XOR-MAPPED-ADDRESS' = {{127,0,0,1},34900},
      'XOR-PEER-ADDRESS' = [],'XOR-RELAYED-ADDRESS' = undefined} (stun:send/3:445)
2022-05-04 12:44:02.269451+00:00 [info] Connection reset by peer [TCP, session cfrqxccuq037, anonymous, client 127.0.0.1:34900] (stun:handle_info/3:170)
2022-05-04 12:44:02.294429+00:00 [info] Accepting connection: 127.0.0.1:52228 -> 127.0.0.1:53490 [TLS, session stoudlcadvqp] (stun_listener:accept/3:221)
2022-05-04 12:44:02.407684+00:00 [debug] Received:
#stun{class = request,method = 1,magic = 554869826,
      trid = 42239901764691235049520557521,raw = <<>>,unsupported = [],
      'ALTERNATE-SERVER' = undefined,'CHANNEL-NUMBER' = undefined,
      'DATA' = undefined,'DONT-FRAGMENT' = false,'ERROR-CODE' = undefined,
      'LIFETIME' = undefined,'MAPPED-ADDRESS' = undefined,
      'MESSAGE-INTEGRITY' = undefined,'NONCE' = undefined,'REALM' = undefined,
      'REQUESTED-ADDRESS-FAMILY' = undefined,
      'REQUESTED-TRANSPORT' = undefined,'SOFTWARE' = undefined,
      'UNKNOWN-ATTRIBUTES' = [],'USERNAME' = undefined,
      'XOR-MAPPED-ADDRESS' = undefined,'XOR-PEER-ADDRESS' = [],
      'XOR-RELAYED-ADDRESS' = undefined} (stun:process_data/3:404)
2022-05-04 12:44:02.407832+00:00 [debug] Responding to STUN request [TLS, session stoudlcadvqp, anonymous, client 127.0.0.1:52228] (stun:process/4:312)
2022-05-04 12:44:02.407893+00:00 [debug] Running 'stun_query' hook [TLS, session stoudlcadvqp, anonymous, client 127.0.0.1:52228] (stun:run_hook/3:818)
2022-05-04 12:44:02.407977+00:00 [debug] Got 'stun_query' event [TLS, session stoudlcadvqp, anonymous, client 127.0.0.1:52228] (eturnal_module:handle_event/2:176)
2022-05-04 12:44:02.408021+00:00 [debug] Calling mod_log_stun:handle_event/2 [TLS, session stoudlcadvqp, anonymous, client 127.0.0.1:52228] (eturnal_module:handle_event/2:179)
2022-05-04 12:44:02.408092+00:00 [info] Responding to STUN request [TLS, session stoudlcadvqp, anonymous, client 127.0.0.1:52228] (mod_log_stun:handle_event/2:45)
2022-05-04 12:44:02.408133+00:00 [debug] Calling mod_stats_influx:handle_event/2 [TLS, session stoudlcadvqp, anonymous, client 127.0.0.1:52228] (eturnal_module:handle_event/2:179)
2022-05-04 12:44:02.408169+00:00 [debug] Writing STUN query event to InfluxDB [TLS, session stoudlcadvqp, anonymous, client 127.0.0.1:52228] (mod_stats_influx:on_stun_query/1:70)
2022-05-04 12:44:02.408488+00:00 [debug] Sending:
#stun{class = response,method = 1,magic = 554869826,
      trid = 42239901764691235049520557521,raw = <<>>,unsupported = [],
      'ALTERNATE-SERVER' = undefined,'CHANNEL-NUMBER' = undefined,
      'DATA' = undefined,'DONT-FRAGMENT' = false,'ERROR-CODE' = undefined,
      'LIFETIME' = undefined,'MAPPED-ADDRESS' = undefined,
      'MESSAGE-INTEGRITY' = undefined,'NONCE' = undefined,'REALM' = undefined,
      'REQUESTED-ADDRESS-FAMILY' = undefined,
      'REQUESTED-TRANSPORT' = undefined,'SOFTWARE' = <<"P1 STUN library">>,
      'UNKNOWN-ATTRIBUTES' = [],'USERNAME' = undefined,
      'XOR-MAPPED-ADDRESS' = {{127,0,0,1},52228},
      'XOR-PEER-ADDRESS' = [],'XOR-RELAYED-ADDRESS' = undefined} (stun:send/3:445)
2022-05-04 12:44:02.408829+00:00 [info] Connection reset by peer [TLS, session stoudlcadvqp, anonymous, client 127.0.0.1:52228] (stun:handle_info/3:170)
2022-05-04 12:44:02.432876+00:00 [info] Accepting connection: 127.0.0.1:59524 -> 127.0.0.1:34781 [TCP|TLS, session mjtsgc5n5xmp] (stun_listener:accept/3:221)
2022-05-04 12:44:02.433027+00:00 [debug] Determined transport protocol: TCP (stun:is_tls_handshake/1:766)
2022-05-04 12:44:02.433448+00:00 [debug] Received:
#stun{class = request,method = 1,magic = 554869826,
      trid = 41631661714859855567257985484,raw = <<>>,unsupported = [],
      'ALTERNATE-SERVER' = undefined,'CHANNEL-NUMBER' = undefined,
      'DATA' = undefined,'DONT-FRAGMENT' = false,'ERROR-CODE' = undefined,
      'LIFETIME' = undefined,'MAPPED-ADDRESS' = undefined,
      'MESSAGE-INTEGRITY' = undefined,'NONCE' = undefined,'REALM' = undefined,
      'REQUESTED-ADDRESS-FAMILY' = undefined,
      'REQUESTED-TRANSPORT' = undefined,'SOFTWARE' = undefined,
      'UNKNOWN-ATTRIBUTES' = [],'USERNAME' = undefined,
      'XOR-MAPPED-ADDRESS' = undefined,'XOR-PEER-ADDRESS' = [],
      'XOR-RELAYED-ADDRESS' = undefined} (stun:process_data/3:404)
2022-05-04 12:44:02.433588+00:00 [debug] Responding to STUN request [TCP, session mjtsgc5n5xmp, anonymous, client 127.0.0.1:59524] (stun:process/4:312)
2022-05-04 12:44:02.433645+00:00 [debug] Running 'stun_query' hook [TCP, session mjtsgc5n5xmp, anonymous, client 127.0.0.1:59524] (stun:run_hook/3:818)
2022-05-04 12:44:02.433706+00:00 [debug] Got 'stun_query' event [TCP, session mjtsgc5n5xmp, anonymous, client 127.0.0.1:59524] (eturnal_module:handle_event/2:176)
2022-05-04 12:44:02.433854+00:00 [debug] Calling mod_log_stun:handle_event/2 [TCP, session mjtsgc5n5xmp, anonymous, client 127.0.0.1:59524] (eturnal_module:handle_event/2:179)
2022-05-04 12:44:02.433898+00:00 [info] Responding to STUN request [TCP, session mjtsgc5n5xmp, anonymous, client 127.0.0.1:59524] (mod_log_stun:handle_event/2:45)
2022-05-04 12:44:02.433941+00:00 [debug] Calling mod_stats_influx:handle_event/2 [TCP, session mjtsgc5n5xmp, anonymous, client 127.0.0.1:59524] (eturnal_module:handle_event/2:179)
2022-05-04 12:44:02.433972+00:00 [debug] Writing STUN query event to InfluxDB [TCP, session mjtsgc5n5xmp, anonymous, client 127.0.0.1:59524] (mod_stats_influx:on_stun_query/1:70)
2022-05-04 12:44:02.434160+00:00 [debug] Sending:
#stun{class = response,method = 1,magic = 554869826,
      trid = 41631661714859855567257985484,raw = <<>>,unsupported = [],
      'ALTERNATE-SERVER' = undefined,'CHANNEL-NUMBER' = undefined,
      'DATA' = undefined,'DONT-FRAGMENT' = false,'ERROR-CODE' = undefined,
      'LIFETIME' = undefined,'MAPPED-ADDRESS' = undefined,
      'MESSAGE-INTEGRITY' = undefined,'NONCE' = undefined,'REALM' = undefined,
      'REQUESTED-ADDRESS-FAMILY' = undefined,
      'REQUESTED-TRANSPORT' = undefined,'SOFTWARE' = <<"P1 STUN library">>,
      'UNKNOWN-ATTRIBUTES' = [],'USERNAME' = undefined,
      'XOR-MAPPED-ADDRESS' = {{127,0,0,1},59524},
      'XOR-PEER-ADDRESS' = [],'XOR-RELAYED-ADDRESS' = undefined} (stun:send/3:445)
2022-05-04 12:44:02.434401+00:00 [info] Connection reset by peer [TCP, session mjtsgc5n5xmp, anonymous, client 127.0.0.1:59524] (stun:handle_info/3:170)
2022-05-04 12:44:02.459959+00:00 [info] Accepting connection: 127.0.0.1:59526 -> 127.0.0.1:34781 [TCP|TLS, session j3rsed44ekrc] (stun_listener:accept/3:221)
2022-05-04 12:44:02.460129+00:00 [debug] Determined transport protocol: TLS (stun:is_tls_handshake/1:763)
2022-05-04 12:44:02.573748+00:00 [debug] Received:
#stun{class = request,method = 1,magic = 554869826,
      trid = 73872642383252673741886534614,raw = <<>>,unsupported = [],
      'ALTERNATE-SERVER' = undefined,'CHANNEL-NUMBER' = undefined,
      'DATA' = undefined,'DONT-FRAGMENT' = false,'ERROR-CODE' = undefined,
      'LIFETIME' = undefined,'MAPPED-ADDRESS' = undefined,
      'MESSAGE-INTEGRITY' = undefined,'NONCE' = undefined,'REALM' = undefined,
      'REQUESTED-ADDRESS-FAMILY' = undefined,
      'REQUESTED-TRANSPORT' = undefined,'SOFTWARE' = undefined,
      'UNKNOWN-ATTRIBUTES' = [],'USERNAME' = undefined,
      'XOR-MAPPED-ADDRESS' = undefined,'XOR-PEER-ADDRESS' = [],
      'XOR-RELAYED-ADDRESS' = undefined} (stun:process_data/3:404)
2022-05-04 12:44:02.573914+00:00 [debug] Responding to STUN request [TLS, session j3rsed44ekrc, anonymous, client 127.0.0.1:59526] (stun:process/4:312)
2022-05-04 12:44:02.573979+00:00 [debug] Running 'stun_query' hook [TLS, session j3rsed44ekrc, anonymous, client 127.0.0.1:59526] (stun:run_hook/3:818)
2022-05-04 12:44:02.574043+00:00 [debug] Got 'stun_query' event [TLS, session j3rsed44ekrc, anonymous, client 127.0.0.1:59526] (eturnal_module:handle_event/2:176)
2022-05-04 12:44:02.574099+00:00 [debug] Calling mod_log_stun:handle_event/2 [TLS, session j3rsed44ekrc, anonymous, client 127.0.0.1:59526] (eturnal_module:handle_event/2:179)
2022-05-04 12:44:02.574153+00:00 [info] Responding to STUN request [TLS, session j3rsed44ekrc, anonymous, client 127.0.0.1:59526] (mod_log_stun:handle_event/2:45)
2022-05-04 12:44:02.574204+00:00 [debug] Calling mod_stats_influx:handle_event/2 [TLS, session j3rsed44ekrc, anonymous, client 127.0.0.1:59526] (eturnal_module:handle_event/2:179)
2022-05-04 12:44:02.574253+00:00 [debug] Writing STUN query event to InfluxDB [TLS, session j3rsed44ekrc, anonymous, client 127.0.0.1:59526] (mod_stats_influx:on_stun_query/1:70)
2022-05-04 12:44:02.574516+00:00 [debug] Sending:
#stun{class = response,method = 1,magic = 554869826,
      trid = 73872642383252673741886534614,raw = <<>>,unsupported = [],
      'ALTERNATE-SERVER' = undefined,'CHANNEL-NUMBER' = undefined,
      'DATA' = undefined,'DONT-FRAGMENT' = false,'ERROR-CODE' = undefined,
      'LIFETIME' = undefined,'MAPPED-ADDRESS' = undefined,
      'MESSAGE-INTEGRITY' = undefined,'NONCE' = undefined,'REALM' = undefined,
      'REQUESTED-ADDRESS-FAMILY' = undefined,
      'REQUESTED-TRANSPORT' = undefined,'SOFTWARE' = <<"P1 STUN library">>,
      'UNKNOWN-ATTRIBUTES' = [],'USERNAME' = undefined,
      'XOR-MAPPED-ADDRESS' = {{127,0,0,1},59526},
      'XOR-PEER-ADDRESS' = [],'XOR-RELAYED-ADDRESS' = undefined} (stun:send/3:445)
2022-05-04 12:44:02.574852+00:00 [info] Connection reset by peer [TLS, session j3rsed44ekrc, anonymous, client 127.0.0.1:59526] (stun:handle_info/3:170)
2022-05-04 12:44:02.599825+00:00 [debug] No NOTIFY_SOCKET, dropping STOPPING=1 notification (eturnal_systemd:handle_cast/2:109)
2022-05-04 12:44:02.600000+00:00 [debug] Watchdog interval is undefined, hibernating (eturnal_systemd:get_timeout/1:162)
2022-05-04 12:44:02.600219+00:00 [debug] Terminating eturnal (shutdown) (eturnal:terminate/2:200)
2022-05-04 12:44:02.600413+00:00 [info] Stopped listening on 127.0.0.1:34780 (udp) (eturnal:stop_listeners/1:395)
2022-05-04 12:44:02.600572+00:00 [info] Stopped listening on 127.0.0.1:34780 (tcp) (eturnal:stop_listeners/1:395)
2022-05-04 12:44:02.600756+00:00 [info] Stopped listening on 127.0.0.1:53490 (tls) (eturnal:stop_listeners/1:395)
2022-05-04 12:44:02.600925+00:00 [info] Stopped listening on 127.0.0.1:34781 (auto) (eturnal:stop_listeners/1:395)
2022-05-04 12:44:02.604487+00:00 [debug] Calling mod_log_stun:stop/1 (eturnal_module:stop/1:162)
2022-05-04 12:44:02.604744+00:00 [debug] Stopping mod_log_stun (mod_log_stun:stop/0:50)
2022-05-04 12:44:02.604918+00:00 [info] Stopped mod_log_stun (eturnal:stop_modules/1:343)
2022-05-04 12:44:02.605770+00:00 [debug] Calling mod_stats_influx:stop/1 (eturnal_module:stop/1:162)
2022-05-04 12:44:02.605925+00:00 [debug] Stopping mod_stats_influx (mod_stats_influx:stop/0:55)
2022-05-04 12:44:02.606228+00:00 [info] Stopped mod_stats_influx (eturnal:stop_modules/1:343)
2022-05-04 12:44:02.606661+00:00 [debug] Removed run/cert.pem (eturnal:clean_run_dir/0:727)
2022-05-04 12:44:02.606928+00:00 [debug] Terminating eturnal_systemd (shutdown) (eturnal_systemd:terminate/2:136)
2022-05-04 12:44:02.607230+00:00 [notice] Stopping eturnal 1.8.2 on Erlang/OTP 24 (ERTS 12.3) (eturnal_app:stop/1:54)
