=== Suite started at 2023-11-25 18:01:59
=== Starting test, 18 test cases
=cases         18
=user          runner
=host          nohost
=hosts         nohost 
=emulator_vsn  14.1
=emulator      beam
=otp_release   26
=started       2023-11-25 18:01:59
=case          eturnal_SUITE:init_per_suite
=logfile       eturnal_suite.init_per_suite.html
=started       2023-11-25 18:01:59
=ended         2023-11-25 18:01:59
=result        ok
=elapsed       2.2e-5
=case          eturnal_SUITE:start_eturnal
=logfile       eturnal_suite.start_eturnal.html
=started       2023-11-25 18:01:59
=ended         2023-11-25 18:02:01
=result        ok
=elapsed       1.682626
=case          eturnal_SUITE:check_info
=logfile       eturnal_suite.check_info.html
=started       2023-11-25 18:02:01
=ended         2023-11-25 18:02:01
=result        ok
=elapsed       8.06e-4
=case          eturnal_SUITE:check_all_sessions
=logfile       eturnal_suite.check_all_sessions.html
=started       2023-11-25 18:02:01
=ended         2023-11-25 18:02:01
=result        ok
=elapsed       2.42e-4
=case          eturnal_SUITE:check_user_sessions
=logfile       eturnal_suite.check_user_sessions.html
=started       2023-11-25 18:02:01
=ended         2023-11-25 18:02:01
=result        ok
=elapsed       4.4e-4
=case          eturnal_SUITE:check_disconnect
=logfile       eturnal_suite.check_disconnect.html
=started       2023-11-25 18:02:01
=ended         2023-11-25 18:02:01
=result        ok
=elapsed       4.6e-4
=case          eturnal_SUITE:check_credentials
=logfile       eturnal_suite.check_credentials.html
=started       2023-11-25 18:02:01
=ended         2023-11-25 18:02:01
=result        ok
=elapsed       0.004039
=case          eturnal_SUITE:check_loglevel
=logfile       eturnal_suite.check_loglevel.html
=started       2023-11-25 18:02:01
=ended         2023-11-25 18:02:01
=result        ok
=elapsed       9.35e-4
=case          eturnal_SUITE:check_version
=logfile       eturnal_suite.check_version.html
=started       2023-11-25 18:02:01
=ended         2023-11-25 18:02:01
=result        ok
=elapsed       2.88e-4
=case          eturnal_SUITE:reload
=logfile       eturnal_suite.reload.html
=started       2023-11-25 18:02:01
=ended         2023-11-25 18:02:02
=result        ok
=elapsed       0.56475
=case          eturnal_SUITE:connect_tcp
=logfile       eturnal_suite.connect_tcp.html
=started       2023-11-25 18:02:02
=ended         2023-11-25 18:02:02
=result        ok
=elapsed       2.74e-4
=case          eturnal_SUITE:connect_tls
=logfile       eturnal_suite.connect_tls.html
=started       2023-11-25 18:02:02
=ended         2023-11-25 18:02:02
=result        ok
=elapsed       4.59e-4
=case          eturnal_SUITE:turn_udp
=logfile       eturnal_suite.turn_udp.html
=started       2023-11-25 18:02:02
=ended         2023-11-25 18:02:02
=result        ok
=elapsed       0.004329
=case          eturnal_SUITE:stun_udp
=logfile       eturnal_suite.stun_udp.html
=started       2023-11-25 18:02:02
=ended         2023-11-25 18:02:02
=result        ok
=elapsed       0.001064
=case          eturnal_SUITE:stun_tcp
=logfile       eturnal_suite.stun_tcp.html
=started       2023-11-25 18:02:02
=ended         2023-11-25 18:02:02
=result        ok
=elapsed       0.001353
=case          eturnal_SUITE:stun_tls
=logfile       eturnal_suite.stun_tls.html
=started       2023-11-25 18:02:02
=ended         2023-11-25 18:02:03
=result        ok
=elapsed       1.008498
=case          eturnal_SUITE:stun_tcp_auto
=logfile       eturnal_suite.stun_tcp_auto.html
=started       2023-11-25 18:02:03
=ended         2023-11-25 18:02:03
=result        ok
=elapsed       0.001594
=case          eturnal_SUITE:stun_tls_auto
=logfile       eturnal_suite.stun_tls_auto.html
=started       2023-11-25 18:02:03
=ended         2023-11-25 18:02:04
=result        ok
=elapsed       1.009615
=case          eturnal_SUITE:stop_eturnal
=logfile       eturnal_suite.stop_eturnal.html
=started       2023-11-25 18:02:04
=ended         2023-11-25 18:02:04
=result        ok
=elapsed       0.009391
=case          eturnal_SUITE:end_per_suite
=logfile       eturnal_suite.end_per_suite.html
=started       2023-11-25 18:02:04
=ended         2023-11-25 18:02:04
=result        ok
=elapsed       0.0
=group_time    4.738s
=== TEST COMPLETE, 18 ok, 0 failed of 18 test cases

=finished      2023-11-25 18:02:04
=failed        0
=successful    18
=user_skipped  0
=auto_skipped  0
