2023-10-24 16:22:04.893292+00:00 [notice] Starting eturnal 1.12.0 on Erlang/OTP 26 (ERTS 14.1) (eturnal_app:start/2:34)
2023-10-24 16:22:04.893496+00:00 [debug] Starting supervisor: eturnal_sup (eturnal_sup:start_link/0:31)
2023-10-24 16:22:04.893667+00:00 [debug] Configuring eturnal_sup supervisor: [#{id => systemd,
                                       start =>
                                           {eturnal_systemd,start_link,[]}},
                                     #{id => eturnal,
                                       start => {eturnal,start_link,[]}}] (eturnal_sup:init/0:39)
2023-10-24 16:22:04.897076+00:00 [info] Got no NOTIFY_SOCKET, notifications disabled (eturnal_systemd:init/1:86)
2023-10-24 16:22:04.897274+00:00 [debug] PROGRESS REPORT:
    supervisor: {local,eturnal_sup}
    started: [{pid,<0.1020.0>},
              {id,systemd},
              {mfargs,{eturnal_systemd,start_link,[]}},
              {restart_type,permanent},
              {significant,false},
              {shutdown,5000},
              {child_type,worker}]
 (supervisor:report_progress/2:1565)
2023-10-24 16:22:04.897416+00:00 [info] Relay IPv4 address: 127.0.0.1 (port range: 49152-65535) (eturnal:log_relay_addresses/0:347)
2023-10-24 16:22:04.897555+00:00 [info] Relay IPv6 address not configured (eturnal:log_relay_addresses/0:357)
2023-10-24 16:22:04.916611+00:00 [info] Cannot determine control query port: noport (eturnal:log_control_listener/0:372)
2023-10-24 16:22:04.917247+00:00 [debug] Using run directory run (eturnal:ensure_run_dir/0:858)
2023-10-24 16:22:04.917393+00:00 [debug] TURN configuration seems fine (eturnal:check_turn_config/0:602)
2023-10-24 16:22:04.917540+00:00 [warning] TLS enabled without 'tls_crt_file', creating self-signed certificate (eturnal:check_pem_file/0:804)
2023-10-24 16:22:05.211968+00:00 [debug] Calling mod_stats_influx:start/0 (eturnal_module:start/1:143)
2023-10-24 16:22:05.212229+00:00 [debug] Starting mod_stats_influx (mod_stats_influx:start/0:37)
2023-10-24 16:22:05.219857+00:00 [debug] PROGRESS REPORT:
    application: ulitos
    started_at: nonode@nohost
 (application_controller:info_started/2:2117)
2023-10-24 16:22:05.221488+00:00 [debug] PROGRESS REPORT:
    application: poolboy
    started_at: nonode@nohost
 (application_controller:info_started/2:2117)
2023-10-24 16:22:05.223211+00:00 [info]     msg: Starting application: influx_udp (influx_udp_app:start/2:10)
2023-10-24 16:22:05.226579+00:00 [debug] PROGRESS REPORT:
    supervisor: {local,influx_udp_sup}
    started: [{pid,<0.1039.0>},
              {id,influx_udp},
              {mfargs,{influx_udp,start_link,[]}},
              {restart_type,permanent},
              {significant,false},
              {shutdown,5000},
              {child_type,worker}]
 (supervisor:report_progress/2:1565)
2023-10-24 16:22:05.226771+00:00 [debug] PROGRESS REPORT:
    application: influx_udp
    started_at: nonode@nohost
 (application_controller:info_started/2:2117)
2023-10-24 16:22:05.226862+00:00 [debug] Dependency influx_udp was available already (eturnal_module:ensure_dep/2:284)
2023-10-24 16:22:05.231732+00:00 [info]     options: #{port => 8089,host => "localhost",pool_size => 1,
               max_overflow => 1}
    msg: Start clients pool
    host: {127,0,0,1} (influx_udp:start_pool_/2:239)
2023-10-24 16:22:05.252644+00:00 [info]     port: 56571
    msg: Open UDP socket on port (influx_udp_worker:init/1:43)
2023-10-24 16:22:05.253061+00:00 [debug] PROGRESS REPORT:
    supervisor: {local,influx_udp_sup}
    started: [{pid,<0.1042.0>},
              {id,stats_influx_pool},
              {mfargs,
                  {poolboy,start_link,
                      [[{name,{local,stats_influx_pool}},
                        {worker_module,influx_udp_worker},
                        {size,1},
                        {max_overflow,1}],
                       [{options,
                            #{port => 8089,
                              host => {127,0,0,1},
                              pool_size => 1,max_overflow => 1}}]]}},
              {restart_type,permanent},
              {significant,false},
              {shutdown,5000},
              {child_type,worker}]
 (supervisor:report_progress/2:1565)
2023-10-24 16:22:05.253472+00:00 [info] Started mod_stats_influx (eturnal:start_modules/0:383)
2023-10-24 16:22:05.253614+00:00 [debug] Calling mod_stats_prometheus:start/0 (eturnal_module:start/1:143)
2023-10-24 16:22:05.253754+00:00 [debug] Starting mod_stats_prometheus (mod_stats_prometheus:start/0:56)
2023-10-24 16:22:07.194852+00:00 [debug] PROGRESS REPORT:
    application: prometheus
    started_at: nonode@nohost
 (application_controller:info_started/2:2117)
2023-10-24 16:22:07.196262+00:00 [debug] PROGRESS REPORT:
    application: accept
    started_at: nonode@nohost
 (application_controller:info_started/2:2117)
2023-10-24 16:22:07.196569+00:00 [debug] PROGRESS REPORT:
    application: prometheus_httpd
    started_at: nonode@nohost
 (application_controller:info_started/2:2117)
2023-10-24 16:22:07.196642+00:00 [debug] Dependency prometheus_httpd was available already (eturnal_module:ensure_dep/2:284)
2023-10-24 16:22:07.197710+00:00 [debug] PROGRESS REPORT:
    supervisor: {local,httpd_instance_sup__127_0_0_1__9081default}
    started: [{pid,<0.1064.0>},
              {id,{httpd_connection_sup,{127,0,0,1},9081,default}},
              {mfargs,{httpd_connection_sup,start_link,[[{127,0,0,1},9081]]}},
              {restart_type,permanent},
              {significant,false},
              {shutdown,5000},
              {child_type,supervisor}]
 (supervisor:report_progress/2:1565)
2023-10-24 16:22:07.198121+00:00 [debug] PROGRESS REPORT:
    supervisor: {local,httpd_acceptor_sup__127_0_0_1__9081default}
    started: [{pid,<0.1066.0>},
              {id,{httpd_acceptor_sup,{127,0,0,1},9081,default}},
              {mfargs,{httpd_acceptor,start_link,
                                      [httpd__127_0_0_1__9081default,ip_comm,
                                       {127,0,0,1},
                                       9081,inet,
                                       httpd_conf__127_0_0_1__9081default,
                                       15000]}},
              {restart_type,transient},
              {significant,false},
              {shutdown,brutal_kill},
              {child_type,worker}]
 (supervisor:report_progress/2:1565)
2023-10-24 16:22:07.198284+00:00 [debug] PROGRESS REPORT:
    supervisor: {local,httpd_instance_sup__127_0_0_1__9081default}
    started: [{pid,<0.1065.0>},
              {id,{httpd_acceptor_sup,{127,0,0,1},9081,default}},
              {mfargs,
                  {httpd_acceptor_sup,start_link,
                      [[{127,0,0,1},
                        9081,
                        [{bind_address,{127,0,0,1}},
                         {socket_type,ip_comm},
                         {port,9081},
                         {server_root,"run/mod_stats_prometheus/doc"},
                         {document_root,"run/mod_stats_prometheus/doc"},
                         {server_name,"Prometheus Exporter"},
                         {modules,[prometheus_httpd]}],
                        15000,undefined]]}},
              {restart_type,permanent},
              {significant,false},
              {shutdown,infinity},
              {child_type,supervisor}]
 (supervisor:report_progress/2:1565)
2023-10-24 16:22:07.198458+00:00 [debug] PROGRESS REPORT:
    supervisor: {local,httpd_instance_sup__127_0_0_1__9081default}
    started: [{pid,<0.1067.0>},
              {id,{httpd_misc_sup,{127,0,0,1},9081,default}},
              {mfargs,{httpd_misc_sup,start_link,[{127,0,0,1},9081,default]}},
              {restart_type,permanent},
              {significant,false},
              {shutdown,infinity},
              {child_type,supervisor}]
 (supervisor:report_progress/2:1565)
2023-10-24 16:22:07.199091+00:00 [debug] PROGRESS REPORT:
    supervisor: {local,httpd_instance_sup__127_0_0_1__9081default}
    started: [{pid,<0.1068.0>},
              {id,{httpd_manager,{127,0,0,1},9081,default}},
              {mfargs,
                  {httpd_manager,start_link,
                      [undefined,
                       [{bind_address,{127,0,0,1}},
                        {socket_type,ip_comm},
                        {port,9081},
                        {server_root,"run/mod_stats_prometheus/doc"},
                        {document_root,"run/mod_stats_prometheus/doc"},
                        {server_name,"Prometheus Exporter"},
                        {modules,[prometheus_httpd]}],
                       15000]}},
              {restart_type,permanent},
              {significant,false},
              {shutdown,4000},
              {child_type,worker}]
 (supervisor:report_progress/2:1565)
2023-10-24 16:22:07.199290+00:00 [debug] PROGRESS REPORT:
    supervisor: {local,httpd_sup}
    started: [{pid,<0.1063.0>},
              {id,{httpd_instance_sup,{127,0,0,1},9081,default}},
              {mfargs,
                  {httpd_instance_sup,start_link,
                      [[{bind_address,{127,0,0,1}},
                        {socket_type,ip_comm},
                        {port,9081},
                        {server_root,"run/mod_stats_prometheus/doc"},
                        {document_root,"run/mod_stats_prometheus/doc"},
                        {server_name,"Prometheus Exporter"},
                        {modules,[prometheus_httpd]}],
                       15000,[]]}},
              {restart_type,permanent},
              {significant,false},
              {shutdown,infinity},
              {child_type,supervisor}]
 (supervisor:report_progress/2:1565)
2023-10-24 16:22:07.200910+00:00 [info] Started mod_stats_prometheus (eturnal:start_modules/0:383)
2023-10-24 16:22:07.201135+00:00 [debug] Calling mod_log_stun:start/0 (eturnal_module:start/1:143)
2023-10-24 16:22:07.201309+00:00 [debug] Starting mod_log_stun (mod_log_stun:start/0:38)
2023-10-24 16:22:07.201430+00:00 [info] Started mod_log_stun (eturnal:start_modules/0:383)
2023-10-24 16:22:07.201541+00:00 [debug] Starting listener 127.0.0.1:34780 (udp) with options:
[{use_turn,true},
 {auth_type,user},
 {turn_ipv4_address,{127,0,0,1}},
 {turn_min_port,49152},
 {turn_max_port,65535},
 {turn_max_allocations,10},
 {turn_max_permissions,10},
 {shaper,100000},
 {auth_realm,<<"eturnal.net">>},
 {server_name,<<"eturnal">>},
 {auth_fun,fun eturnal:get_password/2},
 {hook_fun,fun eturnal:run_hook/2},
 {turn_blacklist_clients,[{{127,0,0,1},8}]},
 {turn_blacklist_peers,[{{10,0,0,0},8},
                        {{100,64,0,0},10},
                        {{127,0,0,0},8},
                        {{169,254,0,0},16},
                        {{172,16,0,0},12},
                        {{192,0,0,0},24},
                        {{192,0,2,0},24},
                        {{192,88,99,0},24},
                        {{192,168,0,0},16},
                        {{198,18,0,0},15},
                        {{198,51,100,0},24},
                        {{203,0,113,0},24},
                        {{224,0,0,0},4},
                        {{240,0,0,0},4},
                        {{0,0,0,0,0,0,0,1},128},
                        {{100,65435,0,0,0,0,0,0},96},
                        {{256,0,0,0,0,0,0,0},64},
                        {{8193,3512,0,0,0,0,0,0},32},
                        {{64512,0,0,0,0,0,0,0},7},
                        {{65152,0,0,0,0,0,0,0},10},
                        {{65280,0,0,0,0,0,0,0},8}]},
 {turn_whitelist_clients,[{{127,0,0,1},32}]},
 {turn_whitelist_peers,[{{127,0,0,1},32},
                        {{203,0,113,113},32},
                        {{8193,3512,0,0,0,0,0,0},64}]}] (eturnal:start_listeners/0:418)
2023-10-24 16:22:07.202368+00:00 [info] Listening on 127.0.0.1:34780 (udp) (STUN/TURN) (eturnal:start_listeners/0:425)
2023-10-24 16:22:07.202521+00:00 [debug] Starting listener 127.0.0.1:34780 (tcp) with options:
[{use_turn,false},
 {auth_type,anonymous},
 {turn_ipv4_address,{127,0,0,1}},
 {turn_min_port,49152},
 {turn_max_port,65535},
 {turn_max_allocations,10},
 {turn_max_permissions,10},
 {shaper,100000},
 {auth_realm,<<"eturnal.net">>},
 {server_name,<<"eturnal">>},
 {auth_fun,fun eturnal:get_password/2},
 {hook_fun,fun eturnal:run_hook/2},
 {turn_blacklist_clients,[{{127,0,0,1},8}]},
 {turn_blacklist_peers,[{{10,0,0,0},8},
                        {{100,64,0,0},10},
                        {{127,0,0,0},8},
                        {{169,254,0,0},16},
                        {{172,16,0,0},12},
                        {{192,0,0,0},24},
                        {{192,0,2,0},24},
                        {{192,88,99,0},24},
                        {{192,168,0,0},16},
                        {{198,18,0,0},15},
                        {{198,51,100,0},24},
                        {{203,0,113,0},24},
                        {{224,0,0,0},4},
                        {{240,0,0,0},4},
                        {{0,0,0,0,0,0,0,1},128},
                        {{100,65435,0,0,0,0,0,0},96},
                        {{256,0,0,0,0,0,0,0},64},
                        {{8193,3512,0,0,0,0,0,0},32},
                        {{64512,0,0,0,0,0,0,0},7},
                        {{65152,0,0,0,0,0,0,0},10},
                        {{65280,0,0,0,0,0,0,0},8}]},
 {turn_whitelist_clients,[{{127,0,0,1},32}]},
 {turn_whitelist_peers,[{{127,0,0,1},32},
                        {{203,0,113,113},32},
                        {{8193,3512,0,0,0,0,0,0},64}]}] (eturnal:start_listeners/0:418)
2023-10-24 16:22:07.203223+00:00 [info] Listening on 127.0.0.1:34780 (tcp) (STUN only) (eturnal:start_listeners/0:425)
2023-10-24 16:22:07.203371+00:00 [debug] Starting listener 127.0.0.1:53490 (tls) with options:
[{use_turn,false},
 {auth_type,anonymous},
 {tls,true},
 {certfile,<<"run/cert.pem">>},
 {ciphers,<<"HIGH:!aNULL:@STRENGTH">>},
 {protocol_options,<<"no_tlsv1|no_tlsv1_1|cipher_server_preference">>},
 {turn_ipv4_address,{127,0,0,1}},
 {turn_min_port,49152},
 {turn_max_port,65535},
 {turn_max_allocations,10},
 {turn_max_permissions,10},
 {shaper,100000},
 {auth_realm,<<"eturnal.net">>},
 {server_name,<<"eturnal">>},
 {auth_fun,fun eturnal:get_password/2},
 {hook_fun,fun eturnal:run_hook/2},
 {turn_blacklist_clients,[{{127,0,0,1},8}]},
 {turn_blacklist_peers,[{{10,0,0,0},8},
                        {{100,64,0,0},10},
                        {{127,0,0,0},8},
                        {{169,254,0,0},16},
                        {{172,16,0,0},12},
                        {{192,0,0,0},24},
                        {{192,0,2,0},24},
                        {{192,88,99,0},24},
                        {{192,168,0,0},16},
                        {{198,18,0,0},15},
                        {{198,51,100,0},24},
                        {{203,0,113,0},24},
                        {{224,0,0,0},4},
                        {{240,0,0,0},4},
                        {{0,0,0,0,0,0,0,1},128},
                        {{100,65435,0,0,0,0,0,0},96},
                        {{256,0,0,0,0,0,0,0},64},
                        {{8193,3512,0,0,0,0,0,0},32},
                        {{64512,0,0,0,0,0,0,0},7},
                        {{65152,0,0,0,0,0,0,0},10},
                        {{65280,0,0,0,0,0,0,0},8}]},
 {turn_whitelist_clients,[{{127,0,0,1},32}]},
 {turn_whitelist_peers,[{{127,0,0,1},32},
                        {{203,0,113,113},32},
                        {{8193,3512,0,0,0,0,0,0},64}]}] (eturnal:start_listeners/0:418)
2023-10-24 16:22:07.204137+00:00 [info] Listening on 127.0.0.1:53490 (tls) (STUN only) (eturnal:start_listeners/0:425)
2023-10-24 16:22:07.204518+00:00 [debug] Starting listener 127.0.0.1:34781 (auto) with options:
[{use_turn,false},
 {auth_type,anonymous},
 {tls,optional},
 {certfile,<<"run/cert.pem">>},
 {ciphers,<<"HIGH:!aNULL:@STRENGTH">>},
 {protocol_options,<<"no_tlsv1|no_tlsv1_1|cipher_server_preference">>},
 {turn_ipv4_address,{127,0,0,1}},
 {turn_min_port,49152},
 {turn_max_port,65535},
 {turn_max_allocations,10},
 {turn_max_permissions,10},
 {shaper,100000},
 {auth_realm,<<"eturnal.net">>},
 {server_name,<<"eturnal">>},
 {auth_fun,fun eturnal:get_password/2},
 {hook_fun,fun eturnal:run_hook/2},
 {turn_blacklist_clients,[{{127,0,0,1},8}]},
 {turn_blacklist_peers,[{{10,0,0,0},8},
                        {{100,64,0,0},10},
                        {{127,0,0,0},8},
                        {{169,254,0,0},16},
                        {{172,16,0,0},12},
                        {{192,0,0,0},24},
                        {{192,0,2,0},24},
                        {{192,88,99,0},24},
                        {{192,168,0,0},16},
                        {{198,18,0,0},15},
                        {{198,51,100,0},24},
                        {{203,0,113,0},24},
                        {{224,0,0,0},4},
                        {{240,0,0,0},4},
                        {{0,0,0,0,0,0,0,1},128},
                        {{100,65435,0,0,0,0,0,0},96},
                        {{256,0,0,0,0,0,0,0},64},
                        {{8193,3512,0,0,0,0,0,0},32},
                        {{64512,0,0,0,0,0,0,0},7},
                        {{65152,0,0,0,0,0,0,0},10},
                        {{65280,0,0,0,0,0,0,0},8}]},
 {turn_whitelist_clients,[{{127,0,0,1},32}]},
 {turn_whitelist_peers,[{{127,0,0,1},32},
                        {{203,0,113,113},32},
                        {{8193,3512,0,0,0,0,0,0},64}]}] (eturnal:start_listeners/0:418)
2023-10-24 16:22:07.206440+00:00 [info] Listening on 127.0.0.1:34781 (auto) (STUN only) (eturnal:start_listeners/0:425)
2023-10-24 16:22:07.207160+00:00 [debug] Started 3 modules (eturnal:init/1:105)
2023-10-24 16:22:07.207970+00:00 [debug] Started 4 listeners (eturnal:init/1:106)
2023-10-24 16:22:07.208336+00:00 [debug] PROGRESS REPORT:
    supervisor: {local,eturnal_sup}
    started: [{pid,<0.1022.0>},
              {id,eturnal},
              {mfargs,{eturnal,start_link,[]}},
              {restart_type,permanent},
              {significant,false},
              {shutdown,5000},
              {child_type,worker}]
 (supervisor:report_progress/2:1565)
2023-10-24 16:22:07.208484+00:00 [debug] No NOTIFY_SOCKET, dropping READY=1 notification (eturnal_systemd:handle_cast/2:99)
2023-10-24 16:22:07.208729+00:00 [debug] PROGRESS REPORT:
    application: eturnal
    started_at: nonode@nohost
 (application_controller:info_started/2:2117)
2023-10-24 16:22:07.242649+00:00 [debug] Handling API call: get_info() (eturnal_ctl:get_info/0:128)
2023-10-24 16:22:07.243510+00:00 [debug] eturnal call (get_info) returned {ok,
                                  {eturnal_node_info,<<"1.12.0">>,
                                   {"26","14.1"},
                                   6536,0,165,144135255,1,60750272}} (eturnal_ctl:call/1:434)
2023-10-24 16:22:07.268846+00:00 [debug] Handling API call: get_sessions() (eturnal_ctl:get_sessions/0:99)
2023-10-24 16:22:07.295204+00:00 [debug] Handling API call: get_sessions("alice") (eturnal_ctl:get_sessions/1:109)
2023-10-24 16:22:07.295557+00:00 [debug] Handling API call: disconnect(alice) (eturnal_ctl:disconnect/1:177)
2023-10-24 16:22:07.295699+00:00 [debug] Cannot convert user name to binary: alice (eturnal_ctl:disconnect/1:187)
2023-10-24 16:22:07.320831+00:00 [debug] Handling API call: disconnect("alice") (eturnal_ctl:disconnect/1:177)
2023-10-24 16:22:07.321224+00:00 [debug] Handling API call: disconnect(alice) (eturnal_ctl:disconnect/1:177)
2023-10-24 16:22:07.321358+00:00 [debug] Cannot convert user name to binary: alice (eturnal_ctl:disconnect/1:187)
2023-10-24 16:22:07.346833+00:00 [debug] Handling API call: get_credentials("2009-10-30 11:00:00Z", []) (eturnal_ctl:get_credentials/2:59)
2023-10-24 16:22:07.347138+00:00 [debug] eturnal call ({get_password,<<"1256900400">>}) returned {ok,
                                                         <<"uEKlpcME7MNMMVRV8rUFPCTIFEs=">>} (eturnal_ctl:call/1:434)
2023-10-24 16:22:07.347427+00:00 [debug] Handling API call: get_credentials("86400", "alice") (eturnal_ctl:get_credentials/2:59)
2023-10-24 16:22:07.347610+00:00 [debug] eturnal call ({get_password,<<"1698250927:alice">>}) returned {ok,
                                                               <<"uHCiK/dCTtt6KcZeM20BKykyYtg=">>} (eturnal_ctl:call/1:434)
2023-10-24 16:22:07.347802+00:00 [debug] Handling API call: get_password("1698250927:alice") (eturnal_ctl:get_password/1:78)
2023-10-24 16:22:07.347925+00:00 [debug] eturnal call ({get_password,<<"1698250927:alice">>}) returned {ok,
                                                               <<"uHCiK/dCTtt6KcZeM20BKykyYtg=">>} (eturnal_ctl:call/1:434)
2023-10-24 16:22:07.348098+00:00 [debug] Handling API call: get_credentials("86400s", "alice") (eturnal_ctl:get_credentials/2:59)
2023-10-24 16:22:07.348240+00:00 [debug] eturnal call ({get_password,<<"1698250927:alice">>}) returned {ok,
                                                               <<"uHCiK/dCTtt6KcZeM20BKykyYtg=">>} (eturnal_ctl:call/1:434)
2023-10-24 16:22:07.348363+00:00 [debug] Handling API call: get_password("1698250927:alice") (eturnal_ctl:get_password/1:78)
2023-10-24 16:22:07.348468+00:00 [debug] eturnal call ({get_password,<<"1698250927:alice">>}) returned {ok,
                                                               <<"uHCiK/dCTtt6KcZeM20BKykyYtg=">>} (eturnal_ctl:call/1:434)
2023-10-24 16:22:07.348623+00:00 [debug] Handling API call: get_credentials("1440m", "alice") (eturnal_ctl:get_credentials/2:59)
2023-10-24 16:22:07.348735+00:00 [debug] eturnal call ({get_password,<<"1698250927:alice">>}) returned {ok,
                                                               <<"uHCiK/dCTtt6KcZeM20BKykyYtg=">>} (eturnal_ctl:call/1:434)
2023-10-24 16:22:07.348854+00:00 [debug] Handling API call: get_password("1698250927:alice") (eturnal_ctl:get_password/1:78)
2023-10-24 16:22:07.348958+00:00 [debug] eturnal call ({get_password,<<"1698250927:alice">>}) returned {ok,
                                                               <<"uHCiK/dCTtt6KcZeM20BKykyYtg=">>} (eturnal_ctl:call/1:434)
2023-10-24 16:22:07.349086+00:00 [debug] Handling API call: get_credentials("24h", "alice") (eturnal_ctl:get_credentials/2:59)
2023-10-24 16:22:07.349196+00:00 [debug] eturnal call ({get_password,<<"1698250927:alice">>}) returned {ok,
                                                               <<"uHCiK/dCTtt6KcZeM20BKykyYtg=">>} (eturnal_ctl:call/1:434)
2023-10-24 16:22:07.349438+00:00 [debug] Handling API call: get_password("1698250927:alice") (eturnal_ctl:get_password/1:78)
2023-10-24 16:22:07.349547+00:00 [debug] eturnal call ({get_password,<<"1698250927:alice">>}) returned {ok,
                                                               <<"uHCiK/dCTtt6KcZeM20BKykyYtg=">>} (eturnal_ctl:call/1:434)
2023-10-24 16:22:07.349710+00:00 [debug] Handling API call: get_credentials("1d", "alice") (eturnal_ctl:get_credentials/2:59)
2023-10-24 16:22:07.349861+00:00 [debug] eturnal call ({get_password,<<"1698250927:alice">>}) returned {ok,
                                                               <<"uHCiK/dCTtt6KcZeM20BKykyYtg=">>} (eturnal_ctl:call/1:434)
2023-10-24 16:22:07.349970+00:00 [debug] Handling API call: get_password("1698250927:alice") (eturnal_ctl:get_password/1:78)
2023-10-24 16:22:07.350070+00:00 [debug] eturnal call ({get_password,<<"1698250927:alice">>}) returned {ok,
                                                               <<"uHCiK/dCTtt6KcZeM20BKykyYtg=">>} (eturnal_ctl:call/1:434)
2023-10-24 16:22:07.350212+00:00 [debug] Handling API call: get_password("Invalid") (eturnal_ctl:get_password/1:78)
2023-10-24 16:22:07.350304+00:00 [debug] eturnal call ({get_password,<<"Invalid">>}) returned {error,no_credentials} (eturnal_ctl:call/1:437)
2023-10-24 16:22:07.350616+00:00 [debug] Handling API call: get_credentials("Invalid", []) (eturnal_ctl:get_credentials/2:59)
2023-10-24 16:22:07.352466+00:00 [debug] Invalid argument(s): "Invalid":[] (eturnal_ctl:get_credentials/2:72)
2023-10-24 16:22:07.352761+00:00 [debug] Handling API call: get_password(invalid) (eturnal_ctl:get_password/1:78)
2023-10-24 16:22:07.353111+00:00 [debug] Cannot convert user name to binary: invalid (eturnal_ctl:get_password/1:93)
2023-10-24 16:22:07.353201+00:00 [debug] Handling API call: get_credentials(invalid, []) (eturnal_ctl:get_credentials/2:59)
2023-10-24 16:22:07.353457+00:00 [debug] Invalid argument(s): invalid:[] (eturnal_ctl:get_credentials/2:72)
2023-10-24 16:22:07.353716+00:00 [debug] Handling API call: get_password([invalid]) (eturnal_ctl:get_password/1:78)
2023-10-24 16:22:07.354039+00:00 [debug] Cannot convert user name to binary: [invalid] (eturnal_ctl:get_password/1:93)
2023-10-24 16:22:07.354207+00:00 [debug] Handling API call: get_credentials([invalid], []) (eturnal_ctl:get_credentials/2:59)
2023-10-24 16:22:07.354535+00:00 [debug] Invalid argument(s): [invalid]:[] (eturnal_ctl:get_credentials/2:72)
2023-10-24 16:22:07.354833+00:00 [debug] Handling API call: get_credentials(1256900400, invalid) (eturnal_ctl:get_credentials/2:59)
2023-10-24 16:22:07.355136+00:00 [debug] Invalid argument(s): 1256900400:invalid (eturnal_ctl:get_credentials/2:72)
2023-10-24 16:22:07.355282+00:00 [debug] Handling API call: get_password("alice") (eturnal_ctl:get_password/1:78)
2023-10-24 16:22:07.355717+00:00 [debug] eturnal call ({get_password,<<"alice">>}) returned {ok,<<"l0vesBob">>} (eturnal_ctl:call/1:434)
2023-10-24 16:22:07.381102+00:00 [debug] Handling API call: set_loglevel(debug) (eturnal_ctl:set_loglevel/1:158)
2023-10-24 16:22:07.381378+00:00 [debug] eturnal call ({set_loglevel,debug}) returned ok (eturnal_ctl:call/1:431)
2023-10-24 16:22:07.381627+00:00 [debug] Handling API call: get_loglevel() (eturnal_ctl:get_loglevel/0:148)
2023-10-24 16:22:07.381873+00:00 [debug] eturnal call (get_loglevel) returned {ok,debug} (eturnal_ctl:call/1:434)
2023-10-24 16:22:07.382161+00:00 [debug] Handling API call: set_loglevel(invalid) (eturnal_ctl:set_loglevel/1:158)
2023-10-24 16:22:07.382266+00:00 [debug] Invalid log level: invalid (eturnal_ctl:set_loglevel/1:168)
2023-10-24 16:22:07.382415+00:00 [debug] Handling API call: get_loglevel() (eturnal_ctl:get_loglevel/0:148)
2023-10-24 16:22:07.382567+00:00 [debug] eturnal call (get_loglevel) returned {ok,debug} (eturnal_ctl:call/1:434)
2023-10-24 16:22:07.408338+00:00 [debug] Handling API call: get_version() (eturnal_ctl:get_version/0:138)
2023-10-24 16:22:07.408582+00:00 [debug] eturnal call (get_version) returned {ok,<<"1.12.0">>} (eturnal_ctl:call/1:434)
2023-10-24 16:22:07.433649+00:00 [debug] Handling API call: reload() (eturnal_ctl:reload/0:193)
2023-10-24 16:22:07.436013+00:00 [debug] Calling mod_log_stun:options/0 (eturnal_module:options/1:192)
2023-10-24 16:22:07.436201+00:00 [debug] Calling mod_stats_influx:options/0 (eturnal_module:options/1:192)
2023-10-24 16:22:07.436486+00:00 [debug] Calling mod_stats_prometheus:options/0 (eturnal_module:options/1:192)
2023-10-24 16:22:07.437140+00:00 [warning] TLS enabled without 'tls_crt_file', creating self-signed certificate (eturnal:check_pem_file/0:804)
2023-10-24 16:22:08.907160+00:00 [info] Using new TLS certificate (eturnal:reload/1:629)
2023-10-24 16:22:08.908216+00:00 [debug] Calling mod_stats_influx:stop/1 (eturnal_module:stop/1:163)
2023-10-24 16:22:08.908894+00:00 [debug] Stopping mod_stats_influx (mod_stats_influx:stop/0:61)
2023-10-24 16:22:08.909265+00:00 [info] Stopped mod_stats_influx (eturnal:stop_modules/1:396)
2023-10-24 16:22:08.910097+00:00 [debug] Calling mod_stats_prometheus:stop/1 (eturnal_module:stop/1:163)
2023-10-24 16:22:08.910225+00:00 [debug] Stopping mod_stats_prometheus (mod_stats_prometheus:stop/0:110)
2023-10-24 16:22:08.911283+00:00 [info] Stopped mod_stats_prometheus (eturnal:stop_modules/1:396)
2023-10-24 16:22:08.912341+00:00 [debug] Calling mod_log_stun:stop/1 (eturnal_module:stop/1:163)
2023-10-24 16:22:08.912589+00:00 [debug] Stopping mod_log_stun (mod_log_stun:stop/0:49)
2023-10-24 16:22:08.912885+00:00 [info] Stopped mod_log_stun (eturnal:stop_modules/1:396)
2023-10-24 16:22:08.913007+00:00 [debug] Calling mod_stats_influx:start/0 (eturnal_module:start/1:143)
2023-10-24 16:22:08.913494+00:00 [debug] Starting mod_stats_influx (mod_stats_influx:start/0:37)
2023-10-24 16:22:08.913583+00:00 [debug] Dependency influx_udp was available already (eturnal_module:ensure_dep/2:284)
2023-10-24 16:22:08.914774+00:00 [info]     options: #{port => 8089,host => "localhost",pool_size => 1,
               max_overflow => 1}
    msg: Start clients pool
    host: {127,0,0,1} (influx_udp:start_pool_/2:239)
2023-10-24 16:22:08.915510+00:00 [info] Started mod_stats_influx (eturnal:start_modules/0:383)
2023-10-24 16:22:08.915682+00:00 [debug] Calling mod_stats_prometheus:start/0 (eturnal_module:start/1:143)
2023-10-24 16:22:08.915795+00:00 [debug] Starting mod_stats_prometheus (mod_stats_prometheus:start/0:56)
2023-10-24 16:22:08.916554+00:00 [debug] Dependency prometheus_httpd was available already (eturnal_module:ensure_dep/2:284)
2023-10-24 16:22:08.917536+00:00 [debug] PROGRESS REPORT:
    supervisor: {local,httpd_instance_sup__127_0_0_1__9081default}
    started: [{pid,<0.1195.0>},
              {id,{httpd_connection_sup,{127,0,0,1},9081,default}},
              {mfargs,{httpd_connection_sup,start_link,[[{127,0,0,1},9081]]}},
              {restart_type,permanent},
              {significant,false},
              {shutdown,5000},
              {child_type,supervisor}]
 (supervisor:report_progress/2:1565)
2023-10-24 16:22:08.918233+00:00 [debug] PROGRESS REPORT:
    supervisor: {local,httpd_acceptor_sup__127_0_0_1__9081default}
    started: [{pid,<0.1197.0>},
              {id,{httpd_acceptor_sup,{127,0,0,1},9081,default}},
              {mfargs,{httpd_acceptor,start_link,
                                      [httpd__127_0_0_1__9081default,ip_comm,
                                       {127,0,0,1},
                                       9081,inet,
                                       httpd_conf__127_0_0_1__9081default,
                                       15000]}},
              {restart_type,transient},
              {significant,false},
              {shutdown,brutal_kill},
              {child_type,worker}]
 (supervisor:report_progress/2:1565)
2023-10-24 16:22:08.918426+00:00 [debug] PROGRESS REPORT:
    supervisor: {local,httpd_instance_sup__127_0_0_1__9081default}
    started: [{pid,<0.1196.0>},
              {id,{httpd_acceptor_sup,{127,0,0,1},9081,default}},
              {mfargs,
                  {httpd_acceptor_sup,start_link,
                      [[{127,0,0,1},
                        9081,
                        [{bind_address,{127,0,0,1}},
                         {socket_type,ip_comm},
                         {port,9081},
                         {server_root,"run/mod_stats_prometheus/doc"},
                         {document_root,"run/mod_stats_prometheus/doc"},
                         {server_name,"Prometheus Exporter"},
                         {modules,[prometheus_httpd]}],
                        15000,undefined]]}},
              {restart_type,permanent},
              {significant,false},
              {shutdown,infinity},
              {child_type,supervisor}]
 (supervisor:report_progress/2:1565)
2023-10-24 16:22:08.918665+00:00 [debug] PROGRESS REPORT:
    supervisor: {local,httpd_instance_sup__127_0_0_1__9081default}
    started: [{pid,<0.1198.0>},
              {id,{httpd_misc_sup,{127,0,0,1},9081,default}},
              {mfargs,{httpd_misc_sup,start_link,[{127,0,0,1},9081,default]}},
              {restart_type,permanent},
              {significant,false},
              {shutdown,infinity},
              {child_type,supervisor}]
 (supervisor:report_progress/2:1565)
2023-10-24 16:22:08.919141+00:00 [debug] PROGRESS REPORT:
    supervisor: {local,httpd_instance_sup__127_0_0_1__9081default}
    started: [{pid,<0.1199.0>},
              {id,{httpd_manager,{127,0,0,1},9081,default}},
              {mfargs,
                  {httpd_manager,start_link,
                      [undefined,
                       [{bind_address,{127,0,0,1}},
                        {socket_type,ip_comm},
                        {port,9081},
                        {server_root,"run/mod_stats_prometheus/doc"},
                        {document_root,"run/mod_stats_prometheus/doc"},
                        {server_name,"Prometheus Exporter"},
                        {modules,[prometheus_httpd]}],
                       15000]}},
              {restart_type,permanent},
              {significant,false},
              {shutdown,4000},
              {child_type,worker}]
 (supervisor:report_progress/2:1565)
2023-10-24 16:22:08.919318+00:00 [debug] PROGRESS REPORT:
    supervisor: {local,httpd_sup}
    started: [{pid,<0.1194.0>},
              {id,{httpd_instance_sup,{127,0,0,1},9081,default}},
              {mfargs,
                  {httpd_instance_sup,start_link,
                      [[{bind_address,{127,0,0,1}},
                        {socket_type,ip_comm},
                        {port,9081},
                        {server_root,"run/mod_stats_prometheus/doc"},
                        {document_root,"run/mod_stats_prometheus/doc"},
                        {server_name,"Prometheus Exporter"},
                        {modules,[prometheus_httpd]}],
                       15000,[]]}},
              {restart_type,permanent},
              {significant,false},
              {shutdown,infinity},
              {child_type,supervisor}]
 (supervisor:report_progress/2:1565)
2023-10-24 16:22:08.920852+00:00 [info] Started mod_stats_prometheus (eturnal:start_modules/0:383)
2023-10-24 16:22:08.921008+00:00 [debug] Calling mod_log_stun:start/0 (eturnal_module:start/1:143)
2023-10-24 16:22:08.921134+00:00 [debug] Starting mod_log_stun (mod_log_stun:start/0:38)
2023-10-24 16:22:08.921389+00:00 [info] Started mod_log_stun (eturnal:start_modules/0:383)
2023-10-24 16:22:08.921477+00:00 [debug] Restarted modules (eturnal:reload/1:637)
2023-10-24 16:22:08.921859+00:00 [debug] eturnal call (reload) returned ok (eturnal_ctl:call/1:431)
2023-10-24 16:22:08.922208+00:00 [debug] Handling API call: reload() (eturnal_ctl:reload/0:193)
2023-10-24 16:22:08.925736+00:00 [debug] Calling mod_log_stun:options/0 (eturnal_module:options/1:192)
2023-10-24 16:22:08.925882+00:00 [debug] Calling mod_stats_influx:options/0 (eturnal_module:options/1:192)
2023-10-24 16:22:08.925975+00:00 [debug] Calling mod_stats_prometheus:options/0 (eturnal_module:options/1:192)
2023-10-24 16:22:08.927296+00:00 [debug] Keeping PEM file (run/cert.pem) (eturnal:check_pem_file/0:801)
2023-10-24 16:22:08.927408+00:00 [debug] TLS certificate unchanged (eturnal:reload/1:631)
2023-10-24 16:22:08.928232+00:00 [debug] Calling mod_stats_influx:stop/1 (eturnal_module:stop/1:163)
2023-10-24 16:22:08.928358+00:00 [debug] Stopping mod_stats_influx (mod_stats_influx:stop/0:61)
2023-10-24 16:22:08.928430+00:00 [info] Stopped mod_stats_influx (eturnal:stop_modules/1:396)
2023-10-24 16:22:08.930250+00:00 [debug] Calling mod_stats_prometheus:stop/1 (eturnal_module:stop/1:163)
2023-10-24 16:22:08.930388+00:00 [debug] Stopping mod_stats_prometheus (mod_stats_prometheus:stop/0:110)
2023-10-24 16:22:08.931770+00:00 [info] Stopped mod_stats_prometheus (eturnal:stop_modules/1:396)
2023-10-24 16:22:08.932170+00:00 [debug] Calling mod_log_stun:stop/1 (eturnal_module:stop/1:163)
2023-10-24 16:22:08.932340+00:00 [debug] Stopping mod_log_stun (mod_log_stun:stop/0:49)
2023-10-24 16:22:08.932428+00:00 [info] Stopped mod_log_stun (eturnal:stop_modules/1:396)
2023-10-24 16:22:08.932503+00:00 [debug] Calling mod_stats_influx:start/0 (eturnal_module:start/1:143)
2023-10-24 16:22:08.932580+00:00 [debug] Starting mod_stats_influx (mod_stats_influx:start/0:37)
2023-10-24 16:22:08.932719+00:00 [debug] Dependency influx_udp was available already (eturnal_module:ensure_dep/2:284)
2023-10-24 16:22:08.933142+00:00 [info]     options: #{port => 8089,host => "localhost",pool_size => 1,
               max_overflow => 1}
    msg: Start clients pool
    host: {127,0,0,1} (influx_udp:start_pool_/2:239)
2023-10-24 16:22:08.934940+00:00 [info] Started mod_stats_influx (eturnal:start_modules/0:383)
2023-10-24 16:22:08.935088+00:00 [debug] Calling mod_stats_prometheus:start/0 (eturnal_module:start/1:143)
2023-10-24 16:22:08.935203+00:00 [debug] Starting mod_stats_prometheus (mod_stats_prometheus:start/0:56)
2023-10-24 16:22:08.935303+00:00 [debug] Dependency prometheus_httpd was available already (eturnal_module:ensure_dep/2:284)
2023-10-24 16:22:08.935876+00:00 [debug] PROGRESS REPORT:
    supervisor: {local,httpd_instance_sup__127_0_0_1__9081default}
    started: [{pid,<0.1229.0>},
              {id,{httpd_connection_sup,{127,0,0,1},9081,default}},
              {mfargs,{httpd_connection_sup,start_link,[[{127,0,0,1},9081]]}},
              {restart_type,permanent},
              {significant,false},
              {shutdown,5000},
              {child_type,supervisor}]
 (supervisor:report_progress/2:1565)
2023-10-24 16:22:08.936788+00:00 [debug] PROGRESS REPORT:
    supervisor: {local,httpd_acceptor_sup__127_0_0_1__9081default}
    started: [{pid,<0.1232.0>},
              {id,{httpd_acceptor_sup,{127,0,0,1},9081,default}},
              {mfargs,{httpd_acceptor,start_link,
                                      [httpd__127_0_0_1__9081default,ip_comm,
                                       {127,0,0,1},
                                       9081,inet,
                                       httpd_conf__127_0_0_1__9081default,
                                       15000]}},
              {restart_type,transient},
              {significant,false},
              {shutdown,brutal_kill},
              {child_type,worker}]
 (supervisor:report_progress/2:1565)
2023-10-24 16:22:08.936969+00:00 [debug] PROGRESS REPORT:
    supervisor: {local,httpd_instance_sup__127_0_0_1__9081default}
    started: [{pid,<0.1231.0>},
              {id,{httpd_acceptor_sup,{127,0,0,1},9081,default}},
              {mfargs,
                  {httpd_acceptor_sup,start_link,
                      [[{127,0,0,1},
                        9081,
                        [{bind_address,{127,0,0,1}},
                         {socket_type,ip_comm},
                         {port,9081},
                         {server_root,"run/mod_stats_prometheus/doc"},
                         {document_root,"run/mod_stats_prometheus/doc"},
                         {server_name,"Prometheus Exporter"},
                         {modules,[prometheus_httpd]}],
                        15000,undefined]]}},
              {restart_type,permanent},
              {significant,false},
              {shutdown,infinity},
              {child_type,supervisor}]
 (supervisor:report_progress/2:1565)
2023-10-24 16:22:08.937727+00:00 [debug] PROGRESS REPORT:
    supervisor: {local,httpd_instance_sup__127_0_0_1__9081default}
    started: [{pid,<0.1233.0>},
              {id,{httpd_misc_sup,{127,0,0,1},9081,default}},
              {mfargs,{httpd_misc_sup,start_link,[{127,0,0,1},9081,default]}},
              {restart_type,permanent},
              {significant,false},
              {shutdown,infinity},
              {child_type,supervisor}]
 (supervisor:report_progress/2:1565)
2023-10-24 16:22:08.938318+00:00 [debug] PROGRESS REPORT:
    supervisor: {local,httpd_instance_sup__127_0_0_1__9081default}
    started: [{pid,<0.1234.0>},
              {id,{httpd_manager,{127,0,0,1},9081,default}},
              {mfargs,
                  {httpd_manager,start_link,
                      [undefined,
                       [{bind_address,{127,0,0,1}},
                        {socket_type,ip_comm},
                        {port,9081},
                        {server_root,"run/mod_stats_prometheus/doc"},
                        {document_root,"run/mod_stats_prometheus/doc"},
                        {server_name,"Prometheus Exporter"},
                        {modules,[prometheus_httpd]}],
                       15000]}},
              {restart_type,permanent},
              {significant,false},
              {shutdown,4000},
              {child_type,worker}]
 (supervisor:report_progress/2:1565)
2023-10-24 16:22:08.938543+00:00 [debug] PROGRESS REPORT:
    supervisor: {local,httpd_sup}
    started: [{pid,<0.1228.0>},
              {id,{httpd_instance_sup,{127,0,0,1},9081,default}},
              {mfargs,
                  {httpd_instance_sup,start_link,
                      [[{bind_address,{127,0,0,1}},
                        {socket_type,ip_comm},
                        {port,9081},
                        {server_root,"run/mod_stats_prometheus/doc"},
                        {document_root,"run/mod_stats_prometheus/doc"},
                        {server_name,"Prometheus Exporter"},
                        {modules,[prometheus_httpd]}],
                       15000,[]]}},
              {restart_type,permanent},
              {significant,false},
              {shutdown,infinity},
              {child_type,supervisor}]
 (supervisor:report_progress/2:1565)
2023-10-24 16:22:08.940014+00:00 [info] Started mod_stats_prometheus (eturnal:start_modules/0:383)
2023-10-24 16:22:08.940188+00:00 [debug] Calling mod_log_stun:start/0 (eturnal_module:start/1:143)
2023-10-24 16:22:08.940333+00:00 [debug] Starting mod_log_stun (mod_log_stun:start/0:38)
2023-10-24 16:22:08.942005+00:00 [info] Started mod_log_stun (eturnal:start_modules/0:383)
2023-10-24 16:22:08.942175+00:00 [debug] Restarted modules (eturnal:reload/1:637)
2023-10-24 16:22:08.942367+00:00 [debug] eturnal call (reload) returned ok (eturnal_ctl:call/1:431)
2023-10-24 16:22:08.968391+00:00 [info] Accepting connection: 127.0.0.1:56530 -> 127.0.0.1:34780 [TCP, session qwhy7942gjv6] (stun_acceptor:accept/3:158)
2023-10-24 16:22:08.996326+00:00 [info] Accepting connection: 127.0.0.1:33432 -> 127.0.0.1:53490 [TLS, session gqt5psh4fmvl] (stun_acceptor:accept/3:158)
2023-10-24 16:22:09.022413+00:00 [debug] Received:
#stun{class = request,method = 3,magic = 554869826,
      trid = 49504898280920285410113011149,raw = <<>>,unsupported = [],
      'ALTERNATE-SERVER' = undefined,'CHANNEL-NUMBER' = undefined,
      'DATA' = undefined,'DONT-FRAGMENT' = false,'ERROR-CODE' = undefined,
      'LIFETIME' = undefined,'MAPPED-ADDRESS' = undefined,
      'MESSAGE-INTEGRITY' = undefined,'NONCE' = undefined,'REALM' = undefined,
      'REQUESTED-ADDRESS-FAMILY' = undefined,
      'REQUESTED-TRANSPORT' = undefined,'SOFTWARE' = undefined,
      'UNKNOWN-ATTRIBUTES' = [],'USERNAME' = undefined,
      'XOR-MAPPED-ADDRESS' = undefined,'XOR-PEER-ADDRESS' = [],
      'XOR-RELAYED-ADDRESS' = undefined} (stun:udp_recv/5:114)
2023-10-24 16:22:09.022712+00:00 [debug] Sending:
#stun{class = error,method = 3,magic = 554869826,
      trid = 49504898280920285410113011149,raw = <<>>,unsupported = [],
      'ALTERNATE-SERVER' = undefined,'CHANNEL-NUMBER' = undefined,
      'DATA' = undefined,'DONT-FRAGMENT' = false,
      'ERROR-CODE' = {401,<<"Unauthorized">>},
      'LIFETIME' = undefined,'MAPPED-ADDRESS' = undefined,
      'MESSAGE-INTEGRITY' = undefined,'NONCE' = <<"1450585841">>,
      'REALM' = <<"eturnal.net">>,'REQUESTED-ADDRESS-FAMILY' = undefined,
      'REQUESTED-TRANSPORT' = undefined,'SOFTWARE' = <<"eturnal">>,
      'UNKNOWN-ATTRIBUTES' = [],'USERNAME' = undefined,
      'XOR-MAPPED-ADDRESS' = undefined,'XOR-PEER-ADDRESS' = [],
      'XOR-RELAYED-ADDRESS' = undefined} (stun:send/3:466)
2023-10-24 16:22:09.023097+00:00 [debug] Received:
#stun{class = request,method = 3,magic = 554869826,
      trid = 57641642858615950888369555788,
      raw = <<0,3,0,76,33,18,164,66,186,64,12,168,165,178,24,248,231,194,137,
              76,0,25,0,4,17,0,0,0,0,6,0,5,97,108,105,99,101,0,0,0,0,20,0,11,
              101,116,117,114,110,97,108,46,110,101,116,0,0,21,0,10,49,52,53,
              48,53,56,53,56,52,49,0,0>>,
      unsupported = [],'ALTERNATE-SERVER' = undefined,
      'CHANNEL-NUMBER' = undefined,'DATA' = undefined,'DONT-FRAGMENT' = false,
      'ERROR-CODE' = undefined,'LIFETIME' = undefined,
      'MAPPED-ADDRESS' = undefined,
      'MESSAGE-INTEGRITY' = <<14,21,25,212,198,172,53,123,55,69,88,63,131,65,
                              18,1,248,47,248,209>>,
      'NONCE' = <<"1450585841">>,'REALM' = <<"eturnal.net">>,
      'REQUESTED-ADDRESS-FAMILY' = undefined,'REQUESTED-TRANSPORT' = udp,
      'SOFTWARE' = undefined,'UNKNOWN-ATTRIBUTES' = [],
      'USERNAME' = <<"alice">>,'XOR-MAPPED-ADDRESS' = undefined,
      'XOR-PEER-ADDRESS' = [],'XOR-RELAYED-ADDRESS' = undefined} (stun:udp_recv/5:114)
2023-10-24 16:22:09.023264+00:00 [debug] Looking up password for: alice [UDP, session g95bcbgiss1h, user alice, client 127.0.0.1:54961] (eturnal:get_password/2:257)
2023-10-24 16:22:09.023435+00:00 [info] Accepting long-term STUN/TURN authentication [UDP, session g95bcbgiss1h, user alice, client 127.0.0.1:54961] (stun:process/2:255)
2023-10-24 16:22:09.023668+00:00 [debug] Running 'turn_session_start' hook [UDP, session g95bcbgiss1h, user alice, client 127.0.0.1:54961] (turn:run_hook/3:753)
2023-10-24 16:22:09.025418+00:00 [debug] Got 'turn_session_start' event [UDP, session g95bcbgiss1h, user alice, client 127.0.0.1:54961] (eturnal_module:handle_event/2:177)
2023-10-24 16:22:09.025499+00:00 [debug] Calling mod_stats_prometheus:handle_event/2 [UDP, session g95bcbgiss1h, user alice, client 127.0.0.1:54961] (eturnal_module:handle_event/2:180)
2023-10-24 16:22:09.025552+00:00 [debug] Observing started TURN session g95bcbgiss1h for Prometheus [UDP, session g95bcbgiss1h, user alice, client 127.0.0.1:54961] (mod_stats_prometheus:on_turn_session_start/1:174)
2023-10-24 16:22:09.025851+00:00 [notice] Creating TURN allocation (lifetime: 599 seconds) [UDP, session g95bcbgiss1h, user alice, client 127.0.0.1:54961, relay 127.0.0.1:57468] (turn:wait_for_allocate/2:226)
2023-10-24 16:22:09.025993+00:00 [debug] Sending:
#stun{class = response,method = 3,magic = 554869826,
      trid = 57641642858615950888369555788,raw = <<>>,unsupported = [],
      'ALTERNATE-SERVER' = undefined,'CHANNEL-NUMBER' = undefined,
      'DATA' = undefined,'DONT-FRAGMENT' = false,'ERROR-CODE' = undefined,
      'LIFETIME' = 599,'MAPPED-ADDRESS' = undefined,
      'MESSAGE-INTEGRITY' = undefined,'NONCE' = undefined,'REALM' = undefined,
      'REQUESTED-ADDRESS-FAMILY' = undefined,
      'REQUESTED-TRANSPORT' = undefined,'SOFTWARE' = <<"eturnal">>,
      'UNKNOWN-ATTRIBUTES' = [],'USERNAME' = undefined,
      'XOR-MAPPED-ADDRESS' = {{127,0,0,1},54961},
      'XOR-PEER-ADDRESS' = [],
      'XOR-RELAYED-ADDRESS' = {{127,0,0,1},57468}} (turn:send/2:549)
2023-10-24 16:22:09.026465+00:00 [debug] Received:
#stun{class = request,method = 4,magic = 554869826,
      trid = 70385392201846569457825403847,
      raw = <<0,4,0,76,33,18,164,66,227,109,110,140,211,6,106,129,166,228,211,
              199,0,6,0,5,97,108,105,99,101,0,0,0,0,20,0,11,101,116,117,114,
              110,97,108,46,110,101,116,0,0,21,0,10,49,52,53,48,53,56,53,56,52,
              49,0,0,0,13,0,4,0,0,0,0>>,
      unsupported = [],'ALTERNATE-SERVER' = undefined,
      'CHANNEL-NUMBER' = undefined,'DATA' = undefined,'DONT-FRAGMENT' = false,
      'ERROR-CODE' = undefined,'LIFETIME' = 0,'MAPPED-ADDRESS' = undefined,
      'MESSAGE-INTEGRITY' = <<79,245,199,29,254,152,171,121,186,194,50,143,255,
                              49,196,51,63,2,55,156>>,
      'NONCE' = <<"1450585841">>,'REALM' = <<"eturnal.net">>,
      'REQUESTED-ADDRESS-FAMILY' = undefined,
      'REQUESTED-TRANSPORT' = undefined,'SOFTWARE' = undefined,
      'UNKNOWN-ATTRIBUTES' = [],'USERNAME' = <<"alice">>,
      'XOR-MAPPED-ADDRESS' = undefined,'XOR-PEER-ADDRESS' = [],
      'XOR-RELAYED-ADDRESS' = undefined} (stun:udp_recv/5:114)
2023-10-24 16:22:09.026661+00:00 [debug] Looking up password for: alice [UDP, session 7qxq5lhdg9c5, user alice, client 127.0.0.1:54961] (eturnal:get_password/2:257)
2023-10-24 16:22:09.026801+00:00 [info] Accepting long-term STUN/TURN authentication [UDP, session 7qxq5lhdg9c5, user alice, client 127.0.0.1:54961] (stun:process/2:255)
2023-10-24 16:22:09.026896+00:00 [info] Client requested closing the TURN session [UDP, session g95bcbgiss1h, user alice, client 127.0.0.1:54961, relay 127.0.0.1:57468] (turn:active/2:285)
2023-10-24 16:22:09.027045+00:00 [debug] Sending:
#stun{class = response,method = 4,magic = 554869826,
      trid = 70385392201846569457825403847,raw = <<>>,unsupported = [],
      'ALTERNATE-SERVER' = undefined,'CHANNEL-NUMBER' = undefined,
      'DATA' = undefined,'DONT-FRAGMENT' = false,'ERROR-CODE' = undefined,
      'LIFETIME' = 0,'MAPPED-ADDRESS' = undefined,
      'MESSAGE-INTEGRITY' = undefined,'NONCE' = undefined,'REALM' = undefined,
      'REQUESTED-ADDRESS-FAMILY' = undefined,
      'REQUESTED-TRANSPORT' = undefined,'SOFTWARE' = <<"eturnal">>,
      'UNKNOWN-ATTRIBUTES' = [],'USERNAME' = undefined,
      'XOR-MAPPED-ADDRESS' = undefined,'XOR-PEER-ADDRESS' = [],
      'XOR-RELAYED-ADDRESS' = undefined} (turn:send/2:549)
2023-10-24 16:22:09.027187+00:00 [info] Deleting TURN allocation [UDP, session g95bcbgiss1h, user alice, client 127.0.0.1:54961, relay 127.0.0.1:57468] (turn:terminate/3:482)
2023-10-24 16:22:09.027236+00:00 [notice] Relayed 0 KiB (in 0 B / 0 packets, out 0 B / 0 packets), duration: 0 seconds [UDP, session g95bcbgiss1h, user alice, client 127.0.0.1:54961, relay 127.0.0.1:57468] (turn:terminate/3:489)
2023-10-24 16:22:09.027284+00:00 [debug] Running 'turn_session_stop' hook [UDP, session g95bcbgiss1h, user alice, client 127.0.0.1:54961, relay 127.0.0.1:57468] (turn:run_hook/3:753)
2023-10-24 16:22:09.027332+00:00 [debug] Got 'turn_session_stop' event [UDP, session g95bcbgiss1h, user alice, client 127.0.0.1:54961, relay 127.0.0.1:57468] (eturnal_module:handle_event/2:177)
2023-10-24 16:22:09.027405+00:00 [debug] Calling mod_stats_influx:handle_event/2 [UDP, session g95bcbgiss1h, user alice, client 127.0.0.1:54961, relay 127.0.0.1:57468] (eturnal_module:handle_event/2:180)
2023-10-24 16:22:09.027451+00:00 [debug] Writing stats of TURN session g95bcbgiss1h to InfluxDB [UDP, session g95bcbgiss1h, user alice, client 127.0.0.1:54961, relay 127.0.0.1:57468] (mod_stats_influx:on_turn_session_stop/1:87)
2023-10-24 16:22:09.027600+00:00 [debug] Received:
#stun{class = request,method = 3,magic = 554869826,
      trid = 59576138791535005945477078483,raw = <<>>,unsupported = [],
      'ALTERNATE-SERVER' = undefined,'CHANNEL-NUMBER' = undefined,
      'DATA' = undefined,'DONT-FRAGMENT' = false,'ERROR-CODE' = undefined,
      'LIFETIME' = undefined,'MAPPED-ADDRESS' = undefined,
      'MESSAGE-INTEGRITY' = undefined,'NONCE' = undefined,'REALM' = undefined,
      'REQUESTED-ADDRESS-FAMILY' = undefined,
      'REQUESTED-TRANSPORT' = undefined,'SOFTWARE' = undefined,
      'UNKNOWN-ATTRIBUTES' = [],'USERNAME' = undefined,
      'XOR-MAPPED-ADDRESS' = undefined,'XOR-PEER-ADDRESS' = [],
      'XOR-RELAYED-ADDRESS' = undefined} (stun:udp_recv/5:114)
2023-10-24 16:22:09.027653+00:00 [debug] Calling mod_stats_prometheus:handle_event/2 [UDP, session g95bcbgiss1h, user alice, client 127.0.0.1:54961, relay 127.0.0.1:57468] (eturnal_module:handle_event/2:180)
2023-10-24 16:22:09.027705+00:00 [debug] Observing stopped TURN session g95bcbgiss1h for Prometheus [UDP, session g95bcbgiss1h, user alice, client 127.0.0.1:54961, relay 127.0.0.1:57468] (mod_stats_prometheus:on_turn_session_stop/1:187)
2023-10-24 16:22:09.027791+00:00 [debug] Sending:
#stun{class = error,method = 3,magic = 554869826,
      trid = 59576138791535005945477078483,raw = <<>>,unsupported = [],
      'ALTERNATE-SERVER' = undefined,'CHANNEL-NUMBER' = undefined,
      'DATA' = undefined,'DONT-FRAGMENT' = false,
      'ERROR-CODE' = {401,<<"Unauthorized">>},
      'LIFETIME' = undefined,'MAPPED-ADDRESS' = undefined,
      'MESSAGE-INTEGRITY' = undefined,'NONCE' = <<"1123777527">>,
      'REALM' = <<"eturnal.net">>,'REQUESTED-ADDRESS-FAMILY' = undefined,
      'REQUESTED-TRANSPORT' = undefined,'SOFTWARE' = <<"eturnal">>,
      'UNKNOWN-ATTRIBUTES' = [],'USERNAME' = undefined,
      'XOR-MAPPED-ADDRESS' = undefined,'XOR-PEER-ADDRESS' = [],
      'XOR-RELAYED-ADDRESS' = undefined} (stun:send/3:466)
2023-10-24 16:22:09.028144+00:00 [debug] Received:
#stun{class = request,method = 3,magic = 554869826,
      trid = 56673728911389815792106994036,
      raw = <<0,3,0,80,33,18,164,66,183,31,104,232,109,222,5,110,141,59,249,
              116,0,25,0,4,17,0,0,0,0,6,0,10,50,49,52,53,57,49,51,50,48,48,0,0,
              0,20,0,11,101,116,117,114,110,97,108,46,110,101,116,0,0,21,0,10,
              49,49,50,51,55,55,55,53,50,55,0,0>>,
      unsupported = [],'ALTERNATE-SERVER' = undefined,
      'CHANNEL-NUMBER' = undefined,'DATA' = undefined,'DONT-FRAGMENT' = false,
      'ERROR-CODE' = undefined,'LIFETIME' = undefined,
      'MAPPED-ADDRESS' = undefined,
      'MESSAGE-INTEGRITY' = <<116,216,78,16,43,181,220,105,204,10,154,204,69,
                              210,124,9,117,119,227,129>>,
      'NONCE' = <<"1123777527">>,'REALM' = <<"eturnal.net">>,
      'REQUESTED-ADDRESS-FAMILY' = undefined,'REQUESTED-TRANSPORT' = udp,
      'SOFTWARE' = undefined,'UNKNOWN-ATTRIBUTES' = [],
      'USERNAME' = <<"2145913200">>,'XOR-MAPPED-ADDRESS' = undefined,
      'XOR-PEER-ADDRESS' = [],'XOR-RELAYED-ADDRESS' = undefined} (stun:udp_recv/5:114)
2023-10-24 16:22:09.028319+00:00 [debug] Deriving password for: 2145913200 [UDP, session 9aie9vahj7j9, user 2145913200, client 127.0.0.1:50470] (eturnal:get_password/2:243)
2023-10-24 16:22:09.028419+00:00 [info] Accepting long-term STUN/TURN authentication [UDP, session 9aie9vahj7j9, user 2145913200, client 127.0.0.1:50470] (stun:process/2:255)
2023-10-24 16:22:09.028761+00:00 [debug] Running 'turn_session_start' hook [UDP, session 9aie9vahj7j9, user 2145913200, client 127.0.0.1:50470] (turn:run_hook/3:753)
2023-10-24 16:22:09.028844+00:00 [debug] Got 'turn_session_start' event [UDP, session 9aie9vahj7j9, user 2145913200, client 127.0.0.1:50470] (eturnal_module:handle_event/2:177)
2023-10-24 16:22:09.028902+00:00 [debug] Calling mod_stats_prometheus:handle_event/2 [UDP, session 9aie9vahj7j9, user 2145913200, client 127.0.0.1:50470] (eturnal_module:handle_event/2:180)
2023-10-24 16:22:09.028988+00:00 [debug] Observing started TURN session 9aie9vahj7j9 for Prometheus [UDP, session 9aie9vahj7j9, user 2145913200, client 127.0.0.1:50470] (mod_stats_prometheus:on_turn_session_start/1:174)
2023-10-24 16:22:09.029238+00:00 [notice] Creating TURN allocation (lifetime: 600 seconds) [UDP, session 9aie9vahj7j9, user 2145913200, client 127.0.0.1:50470, relay 127.0.0.1:49496] (turn:wait_for_allocate/2:226)
2023-10-24 16:22:09.029358+00:00 [debug] Sending:
#stun{class = response,method = 3,magic = 554869826,
      trid = 56673728911389815792106994036,raw = <<>>,unsupported = [],
      'ALTERNATE-SERVER' = undefined,'CHANNEL-NUMBER' = undefined,
      'DATA' = undefined,'DONT-FRAGMENT' = false,'ERROR-CODE' = undefined,
      'LIFETIME' = 600,'MAPPED-ADDRESS' = undefined,
      'MESSAGE-INTEGRITY' = undefined,'NONCE' = undefined,'REALM' = undefined,
      'REQUESTED-ADDRESS-FAMILY' = undefined,
      'REQUESTED-TRANSPORT' = undefined,'SOFTWARE' = <<"eturnal">>,
      'UNKNOWN-ATTRIBUTES' = [],'USERNAME' = undefined,
      'XOR-MAPPED-ADDRESS' = {{127,0,0,1},50470},
      'XOR-PEER-ADDRESS' = [],
      'XOR-RELAYED-ADDRESS' = {{127,0,0,1},49496}} (turn:send/2:549)
2023-10-24 16:22:09.029697+00:00 [debug] Received:
#stun{class = request,method = 4,magic = 554869826,
      trid = 26844887740208345450161197590,
      raw = <<0,4,0,80,33,18,164,66,86,189,146,24,103,54,14,153,216,221,82,22,
              0,6,0,10,50,49,52,53,57,49,51,50,48,48,0,0,0,20,0,11,101,116,117,
              114,110,97,108,46,110,101,116,0,0,21,0,10,49,49,50,51,55,55,55,
              53,50,55,0,0,0,13,0,4,0,0,0,0>>,
      unsupported = [],'ALTERNATE-SERVER' = undefined,
      'CHANNEL-NUMBER' = undefined,'DATA' = undefined,'DONT-FRAGMENT' = false,
      'ERROR-CODE' = undefined,'LIFETIME' = 0,'MAPPED-ADDRESS' = undefined,
      'MESSAGE-INTEGRITY' = <<186,138,16,22,93,243,60,193,175,215,94,194,57,83,
                              61,142,66,167,42,207>>,
      'NONCE' = <<"1123777527">>,'REALM' = <<"eturnal.net">>,
      'REQUESTED-ADDRESS-FAMILY' = undefined,
      'REQUESTED-TRANSPORT' = undefined,'SOFTWARE' = undefined,
      'UNKNOWN-ATTRIBUTES' = [],'USERNAME' = <<"2145913200">>,
      'XOR-MAPPED-ADDRESS' = undefined,'XOR-PEER-ADDRESS' = [],
      'XOR-RELAYED-ADDRESS' = undefined} (stun:udp_recv/5:114)
2023-10-24 16:22:09.029849+00:00 [debug] Deriving password for: 2145913200 [UDP, session g7magvhgg2t1, user 2145913200, client 127.0.0.1:50470] (eturnal:get_password/2:243)
2023-10-24 16:22:09.029948+00:00 [info] Accepting long-term STUN/TURN authentication [UDP, session g7magvhgg2t1, user 2145913200, client 127.0.0.1:50470] (stun:process/2:255)
2023-10-24 16:22:09.030042+00:00 [info] Client requested closing the TURN session [UDP, session 9aie9vahj7j9, user 2145913200, client 127.0.0.1:50470, relay 127.0.0.1:49496] (turn:active/2:285)
2023-10-24 16:22:09.030190+00:00 [debug] Sending:
#stun{class = response,method = 4,magic = 554869826,
      trid = 26844887740208345450161197590,raw = <<>>,unsupported = [],
      'ALTERNATE-SERVER' = undefined,'CHANNEL-NUMBER' = undefined,
      'DATA' = undefined,'DONT-FRAGMENT' = false,'ERROR-CODE' = undefined,
      'LIFETIME' = 0,'MAPPED-ADDRESS' = undefined,
      'MESSAGE-INTEGRITY' = undefined,'NONCE' = undefined,'REALM' = undefined,
      'REQUESTED-ADDRESS-FAMILY' = undefined,
      'REQUESTED-TRANSPORT' = undefined,'SOFTWARE' = <<"eturnal">>,
      'UNKNOWN-ATTRIBUTES' = [],'USERNAME' = undefined,
      'XOR-MAPPED-ADDRESS' = undefined,'XOR-PEER-ADDRESS' = [],
      'XOR-RELAYED-ADDRESS' = undefined} (turn:send/2:549)
2023-10-24 16:22:09.030361+00:00 [info] Deleting TURN allocation [UDP, session 9aie9vahj7j9, user 2145913200, client 127.0.0.1:50470, relay 127.0.0.1:49496] (turn:terminate/3:482)
2023-10-24 16:22:09.030448+00:00 [notice] Relayed 0 KiB (in 0 B / 0 packets, out 0 B / 0 packets), duration: 0 seconds [UDP, session 9aie9vahj7j9, user 2145913200, client 127.0.0.1:50470, relay 127.0.0.1:49496] (turn:terminate/3:489)
2023-10-24 16:22:09.030545+00:00 [debug] Running 'turn_session_stop' hook [UDP, session 9aie9vahj7j9, user 2145913200, client 127.0.0.1:50470, relay 127.0.0.1:49496] (turn:run_hook/3:753)
2023-10-24 16:22:09.030599+00:00 [debug] Got 'turn_session_stop' event [UDP, session 9aie9vahj7j9, user 2145913200, client 127.0.0.1:50470, relay 127.0.0.1:49496] (eturnal_module:handle_event/2:177)
2023-10-24 16:22:09.030650+00:00 [debug] Calling mod_stats_influx:handle_event/2 [UDP, session 9aie9vahj7j9, user 2145913200, client 127.0.0.1:50470, relay 127.0.0.1:49496] (eturnal_module:handle_event/2:180)
2023-10-24 16:22:09.030793+00:00 [debug] Writing stats of TURN session 9aie9vahj7j9 to InfluxDB [UDP, session 9aie9vahj7j9, user 2145913200, client 127.0.0.1:50470, relay 127.0.0.1:49496] (mod_stats_influx:on_turn_session_stop/1:87)
2023-10-24 16:22:09.030963+00:00 [debug] Calling mod_stats_prometheus:handle_event/2 [UDP, session 9aie9vahj7j9, user 2145913200, client 127.0.0.1:50470, relay 127.0.0.1:49496] (eturnal_module:handle_event/2:180)
2023-10-24 16:22:09.031014+00:00 [debug] Observing stopped TURN session 9aie9vahj7j9 for Prometheus [UDP, session 9aie9vahj7j9, user 2145913200, client 127.0.0.1:50470, relay 127.0.0.1:49496] (mod_stats_prometheus:on_turn_session_stop/1:187)
2023-10-24 16:22:09.057286+00:00 [debug] Received:
#stun{class = request,method = 1,magic = 554869826,
      trid = 8380930514899311335554691280,raw = <<>>,unsupported = [],
      'ALTERNATE-SERVER' = undefined,'CHANNEL-NUMBER' = undefined,
      'DATA' = undefined,'DONT-FRAGMENT' = false,'ERROR-CODE' = undefined,
      'LIFETIME' = undefined,'MAPPED-ADDRESS' = undefined,
      'MESSAGE-INTEGRITY' = undefined,'NONCE' = undefined,'REALM' = undefined,
      'REQUESTED-ADDRESS-FAMILY' = undefined,
      'REQUESTED-TRANSPORT' = undefined,'SOFTWARE' = undefined,
      'UNKNOWN-ATTRIBUTES' = [],'USERNAME' = undefined,
      'XOR-MAPPED-ADDRESS' = undefined,'XOR-PEER-ADDRESS' = [],
      'XOR-RELAYED-ADDRESS' = undefined} (stun:udp_recv/5:114)
2023-10-24 16:22:09.057640+00:00 [debug] Responding to STUN request [UDP, session xowzf1wrvrhg, anonymous, client 127.0.0.1:47735] (stun:process/4:323)
2023-10-24 16:22:09.057892+00:00 [debug] Running 'stun_query' hook [UDP, session xowzf1wrvrhg, anonymous, client 127.0.0.1:47735] (stun:run_hook/3:889)
2023-10-24 16:22:09.058126+00:00 [debug] Got 'stun_query' event [UDP, session xowzf1wrvrhg, anonymous, client 127.0.0.1:47735] (eturnal_module:handle_event/2:177)
2023-10-24 16:22:09.058201+00:00 [debug] Calling mod_log_stun:handle_event/2 [UDP, session xowzf1wrvrhg, anonymous, client 127.0.0.1:47735] (eturnal_module:handle_event/2:180)
2023-10-24 16:22:09.058492+00:00 [info] Responding to STUN request [UDP, session xowzf1wrvrhg, anonymous, client 127.0.0.1:47735] (mod_log_stun:handle_event/2:44)
2023-10-24 16:22:09.058925+00:00 [debug] Calling mod_stats_influx:handle_event/2 [UDP, session xowzf1wrvrhg, anonymous, client 127.0.0.1:47735] (eturnal_module:handle_event/2:180)
2023-10-24 16:22:09.059128+00:00 [debug] Writing STUN query event to InfluxDB [UDP, session xowzf1wrvrhg, anonymous, client 127.0.0.1:47735] (mod_stats_influx:on_stun_query/1:76)
2023-10-24 16:22:09.059484+00:00 [debug] Calling mod_stats_prometheus:handle_event/2 [UDP, session xowzf1wrvrhg, anonymous, client 127.0.0.1:47735] (eturnal_module:handle_event/2:180)
2023-10-24 16:22:09.059664+00:00 [debug] Observing STUN query for Prometheus [UDP, session xowzf1wrvrhg, anonymous, client 127.0.0.1:47735] (mod_stats_prometheus:on_stun_query/1:166)
2023-10-24 16:22:09.059950+00:00 [debug] Sending:
#stun{class = response,method = 1,magic = 554869826,
      trid = 8380930514899311335554691280,raw = <<>>,unsupported = [],
      'ALTERNATE-SERVER' = undefined,'CHANNEL-NUMBER' = undefined,
      'DATA' = undefined,'DONT-FRAGMENT' = false,'ERROR-CODE' = undefined,
      'LIFETIME' = undefined,'MAPPED-ADDRESS' = undefined,
      'MESSAGE-INTEGRITY' = undefined,'NONCE' = undefined,'REALM' = undefined,
      'REQUESTED-ADDRESS-FAMILY' = undefined,
      'REQUESTED-TRANSPORT' = undefined,'SOFTWARE' = <<"eturnal">>,
      'UNKNOWN-ATTRIBUTES' = [],'USERNAME' = undefined,
      'XOR-MAPPED-ADDRESS' = {{127,0,0,1},47735},
      'XOR-PEER-ADDRESS' = [],'XOR-RELAYED-ADDRESS' = undefined} (stun:send/3:466)
2023-10-24 16:22:09.086691+00:00 [info] Accepting connection: 127.0.0.1:56546 -> 127.0.0.1:34780 [TCP, session u1dpu63w57fy] (stun_acceptor:accept/3:158)
2023-10-24 16:22:09.087117+00:00 [debug] Received:
#stun{class = request,method = 1,magic = 554869826,
      trid = 1320950455754541569244151277,raw = <<>>,unsupported = [],
      'ALTERNATE-SERVER' = undefined,'CHANNEL-NUMBER' = undefined,
      'DATA' = undefined,'DONT-FRAGMENT' = false,'ERROR-CODE' = undefined,
      'LIFETIME' = undefined,'MAPPED-ADDRESS' = undefined,
      'MESSAGE-INTEGRITY' = undefined,'NONCE' = undefined,'REALM' = undefined,
      'REQUESTED-ADDRESS-FAMILY' = undefined,
      'REQUESTED-TRANSPORT' = undefined,'SOFTWARE' = undefined,
      'UNKNOWN-ATTRIBUTES' = [],'USERNAME' = undefined,
      'XOR-MAPPED-ADDRESS' = undefined,'XOR-PEER-ADDRESS' = [],
      'XOR-RELAYED-ADDRESS' = undefined} (stun:process_data/3:423)
2023-10-24 16:22:09.087276+00:00 [debug] Responding to STUN request [TCP, session u1dpu63w57fy, anonymous, client 127.0.0.1:56546] (stun:process/4:323)
2023-10-24 16:22:09.087366+00:00 [debug] Running 'stun_query' hook [TCP, session u1dpu63w57fy, anonymous, client 127.0.0.1:56546] (stun:run_hook/3:889)
2023-10-24 16:22:09.087480+00:00 [debug] Got 'stun_query' event [TCP, session u1dpu63w57fy, anonymous, client 127.0.0.1:56546] (eturnal_module:handle_event/2:177)
2023-10-24 16:22:09.087565+00:00 [debug] Calling mod_log_stun:handle_event/2 [TCP, session u1dpu63w57fy, anonymous, client 127.0.0.1:56546] (eturnal_module:handle_event/2:180)
2023-10-24 16:22:09.087635+00:00 [info] Responding to STUN request [TCP, session u1dpu63w57fy, anonymous, client 127.0.0.1:56546] (mod_log_stun:handle_event/2:44)
2023-10-24 16:22:09.087688+00:00 [debug] Calling mod_stats_influx:handle_event/2 [TCP, session u1dpu63w57fy, anonymous, client 127.0.0.1:56546] (eturnal_module:handle_event/2:180)
2023-10-24 16:22:09.087734+00:00 [debug] Writing STUN query event to InfluxDB [TCP, session u1dpu63w57fy, anonymous, client 127.0.0.1:56546] (mod_stats_influx:on_stun_query/1:76)
2023-10-24 16:22:09.087914+00:00 [debug] Calling mod_stats_prometheus:handle_event/2 [TCP, session u1dpu63w57fy, anonymous, client 127.0.0.1:56546] (eturnal_module:handle_event/2:180)
2023-10-24 16:22:09.088045+00:00 [debug] Observing STUN query for Prometheus [TCP, session u1dpu63w57fy, anonymous, client 127.0.0.1:56546] (mod_stats_prometheus:on_stun_query/1:166)
2023-10-24 16:22:09.088183+00:00 [debug] Sending:
#stun{class = response,method = 1,magic = 554869826,
      trid = 1320950455754541569244151277,raw = <<>>,unsupported = [],
      'ALTERNATE-SERVER' = undefined,'CHANNEL-NUMBER' = undefined,
      'DATA' = undefined,'DONT-FRAGMENT' = false,'ERROR-CODE' = undefined,
      'LIFETIME' = undefined,'MAPPED-ADDRESS' = undefined,
      'MESSAGE-INTEGRITY' = undefined,'NONCE' = undefined,'REALM' = undefined,
      'REQUESTED-ADDRESS-FAMILY' = undefined,
      'REQUESTED-TRANSPORT' = undefined,'SOFTWARE' = <<"P1 STUN library">>,
      'UNKNOWN-ATTRIBUTES' = [],'USERNAME' = undefined,
      'XOR-MAPPED-ADDRESS' = {{127,0,0,1},56546},
      'XOR-PEER-ADDRESS' = [],'XOR-RELAYED-ADDRESS' = undefined} (stun:send/3:466)
2023-10-24 16:22:09.088451+00:00 [info] Connection reset by peer [TCP, session u1dpu63w57fy, anonymous, client 127.0.0.1:56546] (stun:handle_info/3:174)
2023-10-24 16:22:09.114290+00:00 [info] Accepting connection: 127.0.0.1:33440 -> 127.0.0.1:53490 [TLS, session 4mdqcifw42ov] (stun_acceptor:accept/3:158)
2023-10-24 16:22:10.125008+00:00 [debug] Received:
#stun{class = request,method = 1,magic = 554869826,
      trid = 78653721439077363496208002120,raw = <<>>,unsupported = [],
      'ALTERNATE-SERVER' = undefined,'CHANNEL-NUMBER' = undefined,
      'DATA' = undefined,'DONT-FRAGMENT' = false,'ERROR-CODE' = undefined,
      'LIFETIME' = undefined,'MAPPED-ADDRESS' = undefined,
      'MESSAGE-INTEGRITY' = undefined,'NONCE' = undefined,'REALM' = undefined,
      'REQUESTED-ADDRESS-FAMILY' = undefined,
      'REQUESTED-TRANSPORT' = undefined,'SOFTWARE' = undefined,
      'UNKNOWN-ATTRIBUTES' = [],'USERNAME' = undefined,
      'XOR-MAPPED-ADDRESS' = undefined,'XOR-PEER-ADDRESS' = [],
      'XOR-RELAYED-ADDRESS' = undefined} (stun:process_data/3:423)
2023-10-24 16:22:10.125202+00:00 [debug] Responding to STUN request [TLS, session 4mdqcifw42ov, anonymous, client 127.0.0.1:33440] (stun:process/4:323)
2023-10-24 16:22:10.125279+00:00 [debug] Running 'stun_query' hook [TLS, session 4mdqcifw42ov, anonymous, client 127.0.0.1:33440] (stun:run_hook/3:889)
2023-10-24 16:22:10.125409+00:00 [debug] Got 'stun_query' event [TLS, session 4mdqcifw42ov, anonymous, client 127.0.0.1:33440] (eturnal_module:handle_event/2:177)
2023-10-24 16:22:10.125461+00:00 [debug] Calling mod_log_stun:handle_event/2 [TLS, session 4mdqcifw42ov, anonymous, client 127.0.0.1:33440] (eturnal_module:handle_event/2:180)
2023-10-24 16:22:10.125521+00:00 [info] Responding to STUN request [TLS, session 4mdqcifw42ov, anonymous, client 127.0.0.1:33440] (mod_log_stun:handle_event/2:44)
2023-10-24 16:22:10.125566+00:00 [debug] Calling mod_stats_influx:handle_event/2 [TLS, session 4mdqcifw42ov, anonymous, client 127.0.0.1:33440] (eturnal_module:handle_event/2:180)
2023-10-24 16:22:10.125609+00:00 [debug] Writing STUN query event to InfluxDB [TLS, session 4mdqcifw42ov, anonymous, client 127.0.0.1:33440] (mod_stats_influx:on_stun_query/1:76)
2023-10-24 16:22:10.125812+00:00 [debug] Calling mod_stats_prometheus:handle_event/2 [TLS, session 4mdqcifw42ov, anonymous, client 127.0.0.1:33440] (eturnal_module:handle_event/2:180)
2023-10-24 16:22:10.125873+00:00 [debug] Observing STUN query for Prometheus [TLS, session 4mdqcifw42ov, anonymous, client 127.0.0.1:33440] (mod_stats_prometheus:on_stun_query/1:166)
2023-10-24 16:22:10.126111+00:00 [debug] Sending:
#stun{class = response,method = 1,magic = 554869826,
      trid = 78653721439077363496208002120,raw = <<>>,unsupported = [],
      'ALTERNATE-SERVER' = undefined,'CHANNEL-NUMBER' = undefined,
      'DATA' = undefined,'DONT-FRAGMENT' = false,'ERROR-CODE' = undefined,
      'LIFETIME' = undefined,'MAPPED-ADDRESS' = undefined,
      'MESSAGE-INTEGRITY' = undefined,'NONCE' = undefined,'REALM' = undefined,
      'REQUESTED-ADDRESS-FAMILY' = undefined,
      'REQUESTED-TRANSPORT' = undefined,'SOFTWARE' = <<"P1 STUN library">>,
      'UNKNOWN-ATTRIBUTES' = [],'USERNAME' = undefined,
      'XOR-MAPPED-ADDRESS' = {{127,0,0,1},33440},
      'XOR-PEER-ADDRESS' = [],'XOR-RELAYED-ADDRESS' = undefined} (stun:send/3:466)
2023-10-24 16:22:10.126625+00:00 [info] Connection reset by peer [TLS, session 4mdqcifw42ov, anonymous, client 127.0.0.1:33440] (stun:handle_info/3:174)
2023-10-24 16:22:10.151883+00:00 [info] Accepting connection: 127.0.0.1:55478 -> 127.0.0.1:34781 [TCP|TLS, session grw9ol05fxwb] (stun_acceptor:accept/3:158)
2023-10-24 16:22:10.152172+00:00 [debug] Determined transport protocol: TCP (stun:is_tls_handshake/1:835)
2023-10-24 16:22:10.152571+00:00 [debug] Received:
#stun{class = request,method = 1,magic = 554869826,
      trid = 2491874328177229783710325132,raw = <<>>,unsupported = [],
      'ALTERNATE-SERVER' = undefined,'CHANNEL-NUMBER' = undefined,
      'DATA' = undefined,'DONT-FRAGMENT' = false,'ERROR-CODE' = undefined,
      'LIFETIME' = undefined,'MAPPED-ADDRESS' = undefined,
      'MESSAGE-INTEGRITY' = undefined,'NONCE' = undefined,'REALM' = undefined,
      'REQUESTED-ADDRESS-FAMILY' = undefined,
      'REQUESTED-TRANSPORT' = undefined,'SOFTWARE' = undefined,
      'UNKNOWN-ATTRIBUTES' = [],'USERNAME' = undefined,
      'XOR-MAPPED-ADDRESS' = undefined,'XOR-PEER-ADDRESS' = [],
      'XOR-RELAYED-ADDRESS' = undefined} (stun:process_data/3:423)
2023-10-24 16:22:10.152781+00:00 [debug] Responding to STUN request [TCP, session grw9ol05fxwb, anonymous, client 127.0.0.1:55478] (stun:process/4:323)
2023-10-24 16:22:10.152919+00:00 [debug] Running 'stun_query' hook [TCP, session grw9ol05fxwb, anonymous, client 127.0.0.1:55478] (stun:run_hook/3:889)
2023-10-24 16:22:10.152972+00:00 [debug] Got 'stun_query' event [TCP, session grw9ol05fxwb, anonymous, client 127.0.0.1:55478] (eturnal_module:handle_event/2:177)
2023-10-24 16:22:10.153035+00:00 [debug] Calling mod_log_stun:handle_event/2 [TCP, session grw9ol05fxwb, anonymous, client 127.0.0.1:55478] (eturnal_module:handle_event/2:180)
2023-10-24 16:22:10.153078+00:00 [info] Responding to STUN request [TCP, session grw9ol05fxwb, anonymous, client 127.0.0.1:55478] (mod_log_stun:handle_event/2:44)
2023-10-24 16:22:10.153120+00:00 [debug] Calling mod_stats_influx:handle_event/2 [TCP, session grw9ol05fxwb, anonymous, client 127.0.0.1:55478] (eturnal_module:handle_event/2:180)
2023-10-24 16:22:10.153266+00:00 [debug] Writing STUN query event to InfluxDB [TCP, session grw9ol05fxwb, anonymous, client 127.0.0.1:55478] (mod_stats_influx:on_stun_query/1:76)
2023-10-24 16:22:10.153495+00:00 [debug] Calling mod_stats_prometheus:handle_event/2 [TCP, session grw9ol05fxwb, anonymous, client 127.0.0.1:55478] (eturnal_module:handle_event/2:180)
2023-10-24 16:22:10.153574+00:00 [debug] Observing STUN query for Prometheus [TCP, session grw9ol05fxwb, anonymous, client 127.0.0.1:55478] (mod_stats_prometheus:on_stun_query/1:166)
2023-10-24 16:22:10.153728+00:00 [debug] Sending:
#stun{class = response,method = 1,magic = 554869826,
      trid = 2491874328177229783710325132,raw = <<>>,unsupported = [],
      'ALTERNATE-SERVER' = undefined,'CHANNEL-NUMBER' = undefined,
      'DATA' = undefined,'DONT-FRAGMENT' = false,'ERROR-CODE' = undefined,
      'LIFETIME' = undefined,'MAPPED-ADDRESS' = undefined,
      'MESSAGE-INTEGRITY' = undefined,'NONCE' = undefined,'REALM' = undefined,
      'REQUESTED-ADDRESS-FAMILY' = undefined,
      'REQUESTED-TRANSPORT' = undefined,'SOFTWARE' = <<"P1 STUN library">>,
      'UNKNOWN-ATTRIBUTES' = [],'USERNAME' = undefined,
      'XOR-MAPPED-ADDRESS' = {{127,0,0,1},55478},
      'XOR-PEER-ADDRESS' = [],'XOR-RELAYED-ADDRESS' = undefined} (stun:send/3:466)
2023-10-24 16:22:10.154058+00:00 [info] Connection reset by peer [TCP, session grw9ol05fxwb, anonymous, client 127.0.0.1:55478] (stun:handle_info/3:174)
2023-10-24 16:22:10.181281+00:00 [info] Accepting connection: 127.0.0.1:55482 -> 127.0.0.1:34781 [TCP|TLS, session 60bwjq2enkrw] (stun_acceptor:accept/3:158)
2023-10-24 16:22:10.181695+00:00 [debug] Determined transport protocol: TLS (stun:is_tls_handshake/1:832)
2023-10-24 16:22:11.192026+00:00 [debug] Received:
#stun{class = request,method = 1,magic = 554869826,
      trid = 53784644099167390587572362235,raw = <<>>,unsupported = [],
      'ALTERNATE-SERVER' = undefined,'CHANNEL-NUMBER' = undefined,
      'DATA' = undefined,'DONT-FRAGMENT' = false,'ERROR-CODE' = undefined,
      'LIFETIME' = undefined,'MAPPED-ADDRESS' = undefined,
      'MESSAGE-INTEGRITY' = undefined,'NONCE' = undefined,'REALM' = undefined,
      'REQUESTED-ADDRESS-FAMILY' = undefined,
      'REQUESTED-TRANSPORT' = undefined,'SOFTWARE' = undefined,
      'UNKNOWN-ATTRIBUTES' = [],'USERNAME' = undefined,
      'XOR-MAPPED-ADDRESS' = undefined,'XOR-PEER-ADDRESS' = [],
      'XOR-RELAYED-ADDRESS' = undefined} (stun:process_data/3:423)
2023-10-24 16:22:11.192245+00:00 [debug] Responding to STUN request [TLS, session 60bwjq2enkrw, anonymous, client 127.0.0.1:55482] (stun:process/4:323)
2023-10-24 16:22:11.192350+00:00 [debug] Running 'stun_query' hook [TLS, session 60bwjq2enkrw, anonymous, client 127.0.0.1:55482] (stun:run_hook/3:889)
2023-10-24 16:22:11.192411+00:00 [debug] Got 'stun_query' event [TLS, session 60bwjq2enkrw, anonymous, client 127.0.0.1:55482] (eturnal_module:handle_event/2:177)
2023-10-24 16:22:11.192465+00:00 [debug] Calling mod_log_stun:handle_event/2 [TLS, session 60bwjq2enkrw, anonymous, client 127.0.0.1:55482] (eturnal_module:handle_event/2:180)
2023-10-24 16:22:11.192526+00:00 [info] Responding to STUN request [TLS, session 60bwjq2enkrw, anonymous, client 127.0.0.1:55482] (mod_log_stun:handle_event/2:44)
2023-10-24 16:22:11.192615+00:00 [debug] Calling mod_stats_influx:handle_event/2 [TLS, session 60bwjq2enkrw, anonymous, client 127.0.0.1:55482] (eturnal_module:handle_event/2:180)
2023-10-24 16:22:11.192755+00:00 [debug] Writing STUN query event to InfluxDB [TLS, session 60bwjq2enkrw, anonymous, client 127.0.0.1:55482] (mod_stats_influx:on_stun_query/1:76)
2023-10-24 16:22:11.193035+00:00 [debug] Calling mod_stats_prometheus:handle_event/2 [TLS, session 60bwjq2enkrw, anonymous, client 127.0.0.1:55482] (eturnal_module:handle_event/2:180)
2023-10-24 16:22:11.193109+00:00 [debug] Observing STUN query for Prometheus [TLS, session 60bwjq2enkrw, anonymous, client 127.0.0.1:55482] (mod_stats_prometheus:on_stun_query/1:166)
2023-10-24 16:22:11.193252+00:00 [debug] Sending:
#stun{class = response,method = 1,magic = 554869826,
      trid = 53784644099167390587572362235,raw = <<>>,unsupported = [],
      'ALTERNATE-SERVER' = undefined,'CHANNEL-NUMBER' = undefined,
      'DATA' = undefined,'DONT-FRAGMENT' = false,'ERROR-CODE' = undefined,
      'LIFETIME' = undefined,'MAPPED-ADDRESS' = undefined,
      'MESSAGE-INTEGRITY' = undefined,'NONCE' = undefined,'REALM' = undefined,
      'REQUESTED-ADDRESS-FAMILY' = undefined,
      'REQUESTED-TRANSPORT' = undefined,'SOFTWARE' = <<"P1 STUN library">>,
      'UNKNOWN-ATTRIBUTES' = [],'USERNAME' = undefined,
      'XOR-MAPPED-ADDRESS' = {{127,0,0,1},55482},
      'XOR-PEER-ADDRESS' = [],'XOR-RELAYED-ADDRESS' = undefined} (stun:send/3:466)
2023-10-24 16:22:11.193626+00:00 [info] Connection reset by peer [TLS, session 60bwjq2enkrw, anonymous, client 127.0.0.1:55482] (stun:handle_info/3:174)
2023-10-24 16:22:11.219772+00:00 [debug] No NOTIFY_SOCKET, dropping STOPPING=1 notification (eturnal_systemd:handle_cast/2:99)
2023-10-24 16:22:11.219956+00:00 [debug] Terminating eturnal (shutdown) (eturnal:terminate/2:184)
2023-10-24 16:22:11.220517+00:00 [info] Stopped listening on 127.0.0.1:34780 (udp) (eturnal:stop_listeners/1:441)
2023-10-24 16:22:11.220720+00:00 [info] Stopped listening on 127.0.0.1:34780 (tcp) (eturnal:stop_listeners/1:441)
2023-10-24 16:22:11.220958+00:00 [info] Stopped listening on 127.0.0.1:53490 (tls) (eturnal:stop_listeners/1:441)
2023-10-24 16:22:11.221159+00:00 [info] Stopped listening on 127.0.0.1:34781 (auto) (eturnal:stop_listeners/1:441)
2023-10-24 16:22:11.221480+00:00 [debug] Calling mod_stats_influx:stop/1 (eturnal_module:stop/1:163)
2023-10-24 16:22:11.221770+00:00 [debug] Stopping mod_stats_influx (mod_stats_influx:stop/0:61)
2023-10-24 16:22:11.221863+00:00 [info] Stopped mod_stats_influx (eturnal:stop_modules/1:396)
2023-10-24 16:22:11.222965+00:00 [debug] Calling mod_stats_prometheus:stop/1 (eturnal_module:stop/1:163)
2023-10-24 16:22:11.223130+00:00 [debug] Stopping mod_stats_prometheus (mod_stats_prometheus:stop/0:110)
2023-10-24 16:22:11.223459+00:00 [info] Stopped mod_stats_prometheus (eturnal:stop_modules/1:396)
2023-10-24 16:22:11.223951+00:00 [debug] Calling mod_log_stun:stop/1 (eturnal_module:stop/1:163)
2023-10-24 16:22:11.224325+00:00 [debug] Stopping mod_log_stun (mod_log_stun:stop/0:49)
2023-10-24 16:22:11.224718+00:00 [info] Stopped mod_log_stun (eturnal:stop_modules/1:396)
2023-10-24 16:22:11.224994+00:00 [debug] Removed run/cert.pem (eturnal:clean_run_dir/0:870)
2023-10-24 16:22:11.225171+00:00 [debug] Terminating eturnal_systemd (shutdown) (eturnal_systemd:terminate/2:125)
2023-10-24 16:22:11.225316+00:00 [notice] Stopping eturnal 1.12.0 on Erlang/OTP 26 (ERTS 14.1) (eturnal_app:stop/1:53)
