2022-06-12 16:01:08.326514+00:00 [notice] Starting eturnal 1.8.3 on Erlang/OTP 25 (ERTS 13.0) (eturnal_app:start/2:35)
2022-06-12 16:01:08.326736+00:00 [debug] Starting supervisor: eturnal_sup (eturnal_sup:start_link/0:32)
2022-06-12 16:01:08.326893+00:00 [debug] Configuring eturnal_sup supervisor: [#{id => systemd,
                                       start =>
                                           {eturnal_systemd,start_link,[]}},
                                     #{id => eturnal,
                                       start => {eturnal,start_link,[]}}] (eturnal_sup:init/0:40)
2022-06-12 16:01:08.328585+00:00 [info] Got no NOTIFY_SOCKET, notifications disabled (eturnal_systemd:init/1:95)
2022-06-12 16:01:08.328756+00:00 [debug] PROGRESS REPORT:
    supervisor: {local,eturnal_sup}
    started: [{pid,<0.925.0>},
              {id,systemd},
              {mfargs,{eturnal_systemd,start_link,[]}},
              {restart_type,permanent},
              {significant,false},
              {shutdown,5000},
              {child_type,worker}]
 (supervisor:report_progress/2:1557)
2022-06-12 16:01:08.328894+00:00 [info] Relay IPv4 address: 127.0.0.1 (port range: 49152-65535) (eturnal:log_relay_addresses/0:287)
2022-06-12 16:01:08.329023+00:00 [info] Relay IPv6 address not configured (eturnal:log_relay_addresses/0:297)
2022-06-12 16:01:08.341031+00:00 [info] Cannot determine control query port: noport (eturnal:log_control_listener/0:312)
2022-06-12 16:01:08.341215+00:00 [debug] TURN configuration seems fine (eturnal:check_turn_config/1:520)
2022-06-12 16:01:08.341539+00:00 [debug] Using run directory run (eturnal:ensure_run_dir/0:713)
2022-06-12 16:01:08.341697+00:00 [warning] TLS enabled without 'tls_crt_file', creating self-signed certificate (eturnal:check_pem_file/0:643)
2022-06-12 16:01:08.765150+00:00 [debug] Calling mod_log_stun:start/0 (eturnal_module:start/1:142)
2022-06-12 16:01:08.765475+00:00 [debug] Starting mod_log_stun (mod_log_stun:start/0:39)
2022-06-12 16:01:08.765876+00:00 [info] Started mod_log_stun (eturnal:start_modules/0:323)
2022-06-12 16:01:08.765999+00:00 [debug] Calling mod_stats_influx:start/0 (eturnal_module:start/1:142)
2022-06-12 16:01:08.766103+00:00 [debug] Starting mod_stats_influx (mod_stats_influx:start/0:38)
2022-06-12 16:01:08.768258+00:00 [debug] PROGRESS REPORT:
    application: ulitos
    started_at: nonode@nohost
 (application_controller:info_started/2:2107)
2022-06-12 16:01:08.769370+00:00 [debug] PROGRESS REPORT:
    application: poolboy
    started_at: nonode@nohost
 (application_controller:info_started/2:2107)
2022-06-12 16:01:08.770934+00:00 [info]     msg: Starting application: influx_udp (influx_udp_app:start/2:10)
2022-06-12 16:01:08.774436+00:00 [debug] PROGRESS REPORT:
    supervisor: {local,influx_udp_sup}
    started: [{pid,<0.947.0>},
              {id,influx_udp},
              {mfargs,{influx_udp,start_link,[]}},
              {restart_type,permanent},
              {significant,false},
              {shutdown,5000},
              {child_type,worker}]
 (supervisor:report_progress/2:1557)
2022-06-12 16:01:08.774597+00:00 [debug] PROGRESS REPORT:
    application: influx_udp
    started_at: nonode@nohost
 (application_controller:info_started/2:2107)
2022-06-12 16:01:08.774667+00:00 [debug] Dependency influx_udp was available already (eturnal_module:ensure_dep/2:283)
2022-06-12 16:01:08.779653+00:00 [info]     host: {127,0,0,1}
    msg: Start clients pool
    options: #{host => "localhost",max_overflow => 1,pool_size => 1,
               port => 8089} (influx_udp:start_pool_/2:239)
2022-06-12 16:01:08.788424+00:00 [info]     msg: Open UDP socket on port
    port: 52546 (influx_udp_worker:init/1:43)
2022-06-12 16:01:08.788665+00:00 [debug] PROGRESS REPORT:
    supervisor: {local,influx_udp_sup}
    started: [{pid,<0.950.0>},
              {id,stats_influx_pool},
              {mfargs,
                  {poolboy,start_link,
                      [[{name,{local,stats_influx_pool}},
                        {worker_module,influx_udp_worker},
                        {size,1},
                        {max_overflow,1}],
                       [{options,
                            #{host => {127,0,0,1},
                              max_overflow => 1,pool_size => 1,
                              port => 8089}}]]}},
              {restart_type,permanent},
              {significant,false},
              {shutdown,5000},
              {child_type,worker}]
 (supervisor:report_progress/2:1557)
2022-06-12 16:01:08.789202+00:00 [info] Started mod_stats_influx (eturnal:start_modules/0:323)
2022-06-12 16:01:08.789321+00:00 [debug] Started 2 modules (eturnal:init/1:113)
2022-06-12 16:01:08.789419+00:00 [debug] Starting listener 127.0.0.1:34780 (udp) with options:
[{use_turn,true},
 {auth_type,user},
 {turn_ipv4_address,{127,0,0,1}},
 {turn_min_port,49152},
 {turn_max_port,65535},
 {turn_max_allocations,10},
 {turn_max_permissions,10},
 {shaper,100000},
 {turn_blacklist,[{{203,0,113,0},24},{{8193,3512,0,0,0,0,0,0},32}]},
 {turn_whitelist,[{{203,0,113,113},32},{{8193,3512,0,0,0,0,0,0},64}]},
 {auth_realm,<<"eturnal.net">>},
 {server_name,<<"eturnal">>},
 {auth_fun,fun eturnal:get_password/2},
 {hook_fun,fun eturnal:run_hook/2}] (eturnal:start_listeners/0:367)
2022-06-12 16:01:08.789821+00:00 [info] Listening on 127.0.0.1:34780 (udp) (STUN/TURN) (eturnal:start_listeners/0:372)
2022-06-12 16:01:08.790251+00:00 [debug] Starting listener 127.0.0.1:34780 (tcp) with options:
[{use_turn,false},
 {auth_type,anonymous},
 {turn_ipv4_address,{127,0,0,1}},
 {turn_min_port,49152},
 {turn_max_port,65535},
 {turn_max_allocations,10},
 {turn_max_permissions,10},
 {shaper,100000},
 {turn_blacklist,[{{203,0,113,0},24},{{8193,3512,0,0,0,0,0,0},32}]},
 {turn_whitelist,[{{203,0,113,113},32},{{8193,3512,0,0,0,0,0,0},64}]},
 {auth_realm,<<"eturnal.net">>},
 {server_name,<<"eturnal">>},
 {auth_fun,fun eturnal:get_password/2},
 {hook_fun,fun eturnal:run_hook/2}] (eturnal:start_listeners/0:367)
2022-06-12 16:01:08.805385+00:00 [info] Listening on 127.0.0.1:34780 (tcp) (STUN only) (eturnal:start_listeners/0:372)
2022-06-12 16:01:08.805564+00:00 [debug] Starting listener 127.0.0.1:53490 (tls) with options:
[{use_turn,false},
 {auth_type,anonymous},
 {tls,true},
 {certfile,<<"run/cert.pem">>},
 {ciphers,<<"HIGH:!aNULL:@STRENGTH">>},
 {protocol_options,<<"no_tlsv1|no_tlsv1_1|cipher_server_preference">>},
 {turn_ipv4_address,{127,0,0,1}},
 {turn_min_port,49152},
 {turn_max_port,65535},
 {turn_max_allocations,10},
 {turn_max_permissions,10},
 {shaper,100000},
 {turn_blacklist,[{{203,0,113,0},24},{{8193,3512,0,0,0,0,0,0},32}]},
 {turn_whitelist,[{{203,0,113,113},32},{{8193,3512,0,0,0,0,0,0},64}]},
 {auth_realm,<<"eturnal.net">>},
 {server_name,<<"eturnal">>},
 {auth_fun,fun eturnal:get_password/2},
 {hook_fun,fun eturnal:run_hook/2}] (eturnal:start_listeners/0:367)
2022-06-12 16:01:08.806226+00:00 [info] Listening on 127.0.0.1:53490 (tls) (STUN only) (eturnal:start_listeners/0:372)
2022-06-12 16:01:08.806413+00:00 [debug] Starting listener 127.0.0.1:34781 (auto) with options:
[{use_turn,false},
 {auth_type,anonymous},
 {tls,optional},
 {certfile,<<"run/cert.pem">>},
 {ciphers,<<"HIGH:!aNULL:@STRENGTH">>},
 {protocol_options,<<"no_tlsv1|no_tlsv1_1|cipher_server_preference">>},
 {turn_ipv4_address,{127,0,0,1}},
 {turn_min_port,49152},
 {turn_max_port,65535},
 {turn_max_allocations,10},
 {turn_max_permissions,10},
 {shaper,100000},
 {turn_blacklist,[{{203,0,113,0},24},{{8193,3512,0,0,0,0,0,0},32}]},
 {turn_whitelist,[{{203,0,113,113},32},{{8193,3512,0,0,0,0,0,0},64}]},
 {auth_realm,<<"eturnal.net">>},
 {server_name,<<"eturnal">>},
 {auth_fun,fun eturnal:get_password/2},
 {hook_fun,fun eturnal:run_hook/2}] (eturnal:start_listeners/0:367)
2022-06-12 16:01:08.829953+00:00 [info] Listening on 127.0.0.1:34781 (auto) (STUN only) (eturnal:start_listeners/0:372)
2022-06-12 16:01:08.830156+00:00 [debug] Started 4 listeners (eturnal:init/1:121)
2022-06-12 16:01:08.831325+00:00 [debug] PROGRESS REPORT:
    supervisor: {local,eturnal_sup}
    started: [{pid,<0.927.0>},
              {id,eturnal},
              {mfargs,{eturnal,start_link,[]}},
              {restart_type,permanent},
              {significant,false},
              {shutdown,5000},
              {child_type,worker}]
 (supervisor:report_progress/2:1557)
2022-06-12 16:01:08.831451+00:00 [debug] No NOTIFY_SOCKET, dropping READY=1 notification (eturnal_systemd:handle_cast/2:109)
2022-06-12 16:01:08.831581+00:00 [debug] Watchdog interval is undefined, hibernating (eturnal_systemd:get_timeout/1:162)
2022-06-12 16:01:08.831864+00:00 [debug] PROGRESS REPORT:
    application: eturnal
    started_at: nonode@nohost
 (application_controller:info_started/2:2107)
2022-06-12 16:01:08.861715+00:00 [debug] Handling API call: get_info() (eturnal_ctl:get_info/0:135)
2022-06-12 16:01:08.862304+00:00 [debug] eturnal call (get_info) returned {ok,
                                  {eturnal_node_info,<<"1.8.3">>,
                                   {"25","13.0"},
                                   3268,0,136,108472831,2,39016640}} (eturnal_ctl:call/1:452)
2022-06-12 16:01:08.887794+00:00 [debug] Handling API call: get_sessions() (eturnal_ctl:get_sessions/0:106)
2022-06-12 16:01:08.911846+00:00 [debug] Handling API call: get_sessions("alice") (eturnal_ctl:get_sessions/1:116)
2022-06-12 16:01:08.912058+00:00 [debug] Handling API call: disconnect(alice) (eturnal_ctl:disconnect/1:184)
2022-06-12 16:01:08.912149+00:00 [debug] Cannot convert user name to binary: alice (eturnal_ctl:disconnect/1:194)
2022-06-12 16:01:08.935939+00:00 [debug] Handling API call: disconnect("alice") (eturnal_ctl:disconnect/1:184)
2022-06-12 16:01:08.936194+00:00 [debug] Handling API call: disconnect(alice) (eturnal_ctl:disconnect/1:184)
2022-06-12 16:01:08.936343+00:00 [debug] Cannot convert user name to binary: alice (eturnal_ctl:disconnect/1:194)
2022-06-12 16:01:08.960613+00:00 [debug] Handling API call: get_credentials("2009-10-30 11:00:00Z", []) (eturnal_ctl:get_credentials/2:60)
2022-06-12 16:01:08.960869+00:00 [debug] eturnal call ({get_password,<<"1256900400">>}) returned {ok,
                                                         <<"uEKlpcME7MNMMVRV8rUFPCTIFEs=">>} (eturnal_ctl:call/1:452)
2022-06-12 16:01:08.973425+00:00 [debug] Handling API call: get_credentials("86400", "alice") (eturnal_ctl:get_credentials/2:60)
2022-06-12 16:01:08.973614+00:00 [debug] eturnal call ({get_password,<<"1655136068:alice">>}) returned {ok,
                                                               <<"LFN8Eigkyo4EZSmgJiPb/cNf8gY=">>} (eturnal_ctl:call/1:452)
2022-06-12 16:01:08.973775+00:00 [debug] Handling API call: get_password("1655136068:alice") (eturnal_ctl:get_password/1:79)
2022-06-12 16:01:08.973905+00:00 [debug] eturnal call ({get_password,<<"1655136068:alice">>}) returned {ok,
                                                               <<"LFN8Eigkyo4EZSmgJiPb/cNf8gY=">>} (eturnal_ctl:call/1:452)
2022-06-12 16:01:08.974062+00:00 [debug] Handling API call: get_credentials("86400s", "alice") (eturnal_ctl:get_credentials/2:60)
2022-06-12 16:01:08.974174+00:00 [debug] eturnal call ({get_password,<<"1655136068:alice">>}) returned {ok,
                                                               <<"LFN8Eigkyo4EZSmgJiPb/cNf8gY=">>} (eturnal_ctl:call/1:452)
2022-06-12 16:01:08.974291+00:00 [debug] Handling API call: get_password("1655136068:alice") (eturnal_ctl:get_password/1:79)
2022-06-12 16:01:08.974392+00:00 [debug] eturnal call ({get_password,<<"1655136068:alice">>}) returned {ok,
                                                               <<"LFN8Eigkyo4EZSmgJiPb/cNf8gY=">>} (eturnal_ctl:call/1:452)
2022-06-12 16:01:08.974587+00:00 [debug] Handling API call: get_credentials("1440m", "alice") (eturnal_ctl:get_credentials/2:60)
2022-06-12 16:01:08.974708+00:00 [debug] eturnal call ({get_password,<<"1655136068:alice">>}) returned {ok,
                                                               <<"LFN8Eigkyo4EZSmgJiPb/cNf8gY=">>} (eturnal_ctl:call/1:452)
2022-06-12 16:01:08.974826+00:00 [debug] Handling API call: get_password("1655136068:alice") (eturnal_ctl:get_password/1:79)
2022-06-12 16:01:08.974917+00:00 [debug] eturnal call ({get_password,<<"1655136068:alice">>}) returned {ok,
                                                               <<"LFN8Eigkyo4EZSmgJiPb/cNf8gY=">>} (eturnal_ctl:call/1:452)
2022-06-12 16:01:08.975044+00:00 [debug] Handling API call: get_credentials("24h", "alice") (eturnal_ctl:get_credentials/2:60)
2022-06-12 16:01:08.975704+00:00 [debug] eturnal call ({get_password,<<"1655136068:alice">>}) returned {ok,
                                                               <<"LFN8Eigkyo4EZSmgJiPb/cNf8gY=">>} (eturnal_ctl:call/1:452)
2022-06-12 16:01:08.975992+00:00 [debug] Handling API call: get_password("1655136068:alice") (eturnal_ctl:get_password/1:79)
2022-06-12 16:01:08.976275+00:00 [debug] eturnal call ({get_password,<<"1655136068:alice">>}) returned {ok,
                                                               <<"LFN8Eigkyo4EZSmgJiPb/cNf8gY=">>} (eturnal_ctl:call/1:452)
2022-06-12 16:01:08.976478+00:00 [debug] Handling API call: get_credentials("1d", "alice") (eturnal_ctl:get_credentials/2:60)
2022-06-12 16:01:08.976918+00:00 [debug] eturnal call ({get_password,<<"1655136068:alice">>}) returned {ok,
                                                               <<"LFN8Eigkyo4EZSmgJiPb/cNf8gY=">>} (eturnal_ctl:call/1:452)
2022-06-12 16:01:08.977065+00:00 [debug] Handling API call: get_password("1655136068:alice") (eturnal_ctl:get_password/1:79)
2022-06-12 16:01:08.977388+00:00 [debug] eturnal call ({get_password,<<"1655136068:alice">>}) returned {ok,
                                                               <<"LFN8Eigkyo4EZSmgJiPb/cNf8gY=">>} (eturnal_ctl:call/1:452)
2022-06-12 16:01:08.977541+00:00 [debug] Handling API call: get_password("Invalid") (eturnal_ctl:get_password/1:79)
2022-06-12 16:01:08.977782+00:00 [debug] Invalid user name: Invalid (eturnal_ctl:get_password/1:93)
2022-06-12 16:01:08.978003+00:00 [debug] Handling API call: get_credentials("Invalid", []) (eturnal_ctl:get_credentials/2:60)
2022-06-12 16:01:08.978233+00:00 [debug] Invalid argument(s): "Invalid":[] (eturnal_ctl:get_credentials/2:73)
2022-06-12 16:01:08.978446+00:00 [debug] Handling API call: get_password(invalid) (eturnal_ctl:get_password/1:79)
2022-06-12 16:01:08.978667+00:00 [debug] Cannot convert user name to binary: invalid (eturnal_ctl:get_password/1:100)
2022-06-12 16:01:08.978889+00:00 [debug] Handling API call: get_credentials(invalid, []) (eturnal_ctl:get_credentials/2:60)
2022-06-12 16:01:08.979157+00:00 [debug] Invalid argument(s): invalid:[] (eturnal_ctl:get_credentials/2:73)
2022-06-12 16:01:08.979293+00:00 [debug] Handling API call: get_password([invalid]) (eturnal_ctl:get_password/1:79)
2022-06-12 16:01:08.979546+00:00 [debug] Cannot convert user name to binary: [invalid] (eturnal_ctl:get_password/1:100)
2022-06-12 16:01:08.979647+00:00 [debug] Handling API call: get_credentials([invalid], []) (eturnal_ctl:get_credentials/2:60)
2022-06-12 16:01:08.979736+00:00 [debug] Invalid argument(s): [invalid]:[] (eturnal_ctl:get_credentials/2:73)
2022-06-12 16:01:08.979907+00:00 [debug] Handling API call: get_credentials(1256900400, invalid) (eturnal_ctl:get_credentials/2:60)
2022-06-12 16:01:08.979998+00:00 [debug] Invalid argument(s): 1256900400:invalid (eturnal_ctl:get_credentials/2:73)
2022-06-12 16:01:09.004051+00:00 [debug] Handling API call: set_loglevel(debug) (eturnal_ctl:set_loglevel/1:165)
2022-06-12 16:01:09.004593+00:00 [debug] eturnal call ({set_loglevel,debug}) returned ok (eturnal_ctl:call/1:449)
2022-06-12 16:01:09.004790+00:00 [debug] Handling API call: get_loglevel() (eturnal_ctl:get_loglevel/0:155)
2022-06-12 16:01:09.005078+00:00 [debug] eturnal call (get_loglevel) returned {ok,debug} (eturnal_ctl:call/1:452)
2022-06-12 16:01:09.005274+00:00 [debug] Handling API call: set_loglevel(invalid) (eturnal_ctl:set_loglevel/1:165)
2022-06-12 16:01:09.005400+00:00 [debug] Invalid log level: invalid (eturnal_ctl:set_loglevel/1:175)
2022-06-12 16:01:09.005541+00:00 [debug] Handling API call: get_loglevel() (eturnal_ctl:get_loglevel/0:155)
2022-06-12 16:01:09.005687+00:00 [debug] eturnal call (get_loglevel) returned {ok,debug} (eturnal_ctl:call/1:452)
2022-06-12 16:01:09.030647+00:00 [debug] Handling API call: get_version() (eturnal_ctl:get_version/0:145)
2022-06-12 16:01:09.030791+00:00 [debug] eturnal call (get_version) returned {ok,<<"1.8.3">>} (eturnal_ctl:call/1:452)
2022-06-12 16:01:09.055846+00:00 [debug] Handling API call: reload() (eturnal_ctl:reload/0:200)
2022-06-12 16:01:09.057783+00:00 [debug] Calling mod_log_stun:options/0 (eturnal_module:options/1:191)
2022-06-12 16:01:09.057982+00:00 [debug] Calling mod_stats_influx:options/0 (eturnal_module:options/1:191)
2022-06-12 16:01:09.058679+00:00 [warning] TLS enabled without 'tls_crt_file', creating self-signed certificate (eturnal:check_pem_file/0:643)
2022-06-12 16:01:09.430624+00:00 [info] Using new TLS certificate (eturnal:handle_call/3:140)
2022-06-12 16:01:09.430815+00:00 [debug] Reloaded configuration (eturnal:handle_call/3:146)
2022-06-12 16:01:09.430926+00:00 [debug] eturnal call (reload) returned ok (eturnal_ctl:call/1:449)
2022-06-12 16:01:09.431367+00:00 [debug] Handling API call: reload() (eturnal_ctl:reload/0:200)
2022-06-12 16:01:09.433325+00:00 [debug] Calling mod_log_stun:options/0 (eturnal_module:options/1:191)
2022-06-12 16:01:09.433491+00:00 [debug] Calling mod_stats_influx:options/0 (eturnal_module:options/1:191)
2022-06-12 16:01:09.434486+00:00 [debug] Keeping PEM file (run/cert.pem) (eturnal:check_pem_file/0:640)
2022-06-12 16:01:09.434583+00:00 [debug] TLS certificate unchanged (eturnal:handle_call/3:142)
2022-06-12 16:01:09.434655+00:00 [debug] Reloaded configuration (eturnal:handle_call/3:146)
2022-06-12 16:01:09.434722+00:00 [debug] eturnal call (reload) returned ok (eturnal_ctl:call/1:449)
2022-06-12 16:01:09.458987+00:00 [info] Accepting connection: 127.0.0.1:49468 -> 127.0.0.1:34780 [TCP, session 0bp5rkrp5l6e] (stun_listener:accept/3:221)
2022-06-12 16:01:09.483044+00:00 [info] Accepting connection: 127.0.0.1:34144 -> 127.0.0.1:53490 [TLS, session m32rsrd2eu3d] (stun_listener:accept/3:221)
2022-06-12 16:01:09.512854+00:00 [debug] Received:
#stun{class = request,method = 3,magic = 554869826,
      trid = 59574671687703405248977319210,raw = <<>>,unsupported = [],
      'ALTERNATE-SERVER' = undefined,'CHANNEL-NUMBER' = undefined,
      'DATA' = undefined,'DONT-FRAGMENT' = false,'ERROR-CODE' = undefined,
      'LIFETIME' = undefined,'MAPPED-ADDRESS' = undefined,
      'MESSAGE-INTEGRITY' = undefined,'NONCE' = undefined,'REALM' = undefined,
      'REQUESTED-ADDRESS-FAMILY' = undefined,
      'REQUESTED-TRANSPORT' = undefined,'SOFTWARE' = undefined,
      'UNKNOWN-ATTRIBUTES' = [],'USERNAME' = undefined,
      'XOR-MAPPED-ADDRESS' = undefined,'XOR-PEER-ADDRESS' = [],
      'XOR-RELAYED-ADDRESS' = undefined} (stun:udp_recv/5:111)
2022-06-12 16:01:09.513046+00:00 [debug] Sending:
#stun{class = error,method = 3,magic = 554869826,
      trid = 59574671687703405248977319210,raw = <<>>,unsupported = [],
      'ALTERNATE-SERVER' = undefined,'CHANNEL-NUMBER' = undefined,
      'DATA' = undefined,'DONT-FRAGMENT' = false,
      'ERROR-CODE' = {401,<<"Unauthorized">>},
      'LIFETIME' = undefined,'MAPPED-ADDRESS' = undefined,
      'MESSAGE-INTEGRITY' = undefined,'NONCE' = <<"3626736477">>,
      'REALM' = <<"eturnal.net">>,'REQUESTED-ADDRESS-FAMILY' = undefined,
      'REQUESTED-TRANSPORT' = undefined,'SOFTWARE' = <<"eturnal">>,
      'UNKNOWN-ATTRIBUTES' = [],'USERNAME' = undefined,
      'XOR-MAPPED-ADDRESS' = undefined,'XOR-PEER-ADDRESS' = [],
      'XOR-RELAYED-ADDRESS' = undefined} (stun:send/3:445)
2022-06-12 16:01:09.513364+00:00 [debug] Received:
#stun{class = request,method = 3,magic = 554869826,
      trid = 69663995140809731260400534175,
      raw = <<0,3,0,80,33,18,164,66,225,24,180,199,200,198,92,112,221,68,2,159,
              0,25,0,4,17,0,0,0,0,6,0,10,50,49,52,53,57,49,51,50,48,48,0,0,0,
              20,0,11,101,116,117,114,110,97,108,46,110,101,116,0,0,21,0,10,51,
              54,50,54,55,51,54,52,55,55,0,0>>,
      unsupported = [],'ALTERNATE-SERVER' = undefined,
      'CHANNEL-NUMBER' = undefined,'DATA' = undefined,'DONT-FRAGMENT' = false,
      'ERROR-CODE' = undefined,'LIFETIME' = undefined,
      'MAPPED-ADDRESS' = undefined,
      'MESSAGE-INTEGRITY' = <<46,98,246,146,197,117,193,208,88,43,125,85,159,
                              160,155,84,108,218,55,32>>,
      'NONCE' = <<"3626736477">>,'REALM' = <<"eturnal.net">>,
      'REQUESTED-ADDRESS-FAMILY' = undefined,'REQUESTED-TRANSPORT' = udp,
      'SOFTWARE' = undefined,'UNKNOWN-ATTRIBUTES' = [],
      'USERNAME' = <<"2145913200">>,'XOR-MAPPED-ADDRESS' = undefined,
      'XOR-PEER-ADDRESS' = [],'XOR-RELAYED-ADDRESS' = undefined} (stun:udp_recv/5:111)
2022-06-12 16:01:09.513507+00:00 [debug] Looking up password for: 2145913200 [UDP, session amcpvuvde3j2, user 2145913200, client 127.0.0.1:60239] (eturnal:get_password/2:225)
2022-06-12 16:01:09.513572+00:00 [info] Accepting long-term STUN/TURN authentication [UDP, session amcpvuvde3j2, user 2145913200, client 127.0.0.1:60239] (stun:process/2:249)
2022-06-12 16:01:09.517315+00:00 [debug] Running 'turn_session_start' hook [UDP, session amcpvuvde3j2, user 2145913200, client 127.0.0.1:60239] (turn:run_hook/2:711)
2022-06-12 16:01:09.517407+00:00 [debug] Got 'turn_session_start' event [UDP, session amcpvuvde3j2, user 2145913200, client 127.0.0.1:60239] (eturnal_module:handle_event/2:176)
2022-06-12 16:01:09.517610+00:00 [notice] Creating TURN allocation (lifetime: 600 seconds) [UDP, session amcpvuvde3j2, user 2145913200, client 127.0.0.1:60239, relay 127.0.0.1:59260] (turn:wait_for_allocate/2:207)
2022-06-12 16:01:09.517721+00:00 [debug] Sending:
#stun{class = response,method = 3,magic = 554869826,
      trid = 69663995140809731260400534175,raw = <<>>,unsupported = [],
      'ALTERNATE-SERVER' = undefined,'CHANNEL-NUMBER' = undefined,
      'DATA' = undefined,'DONT-FRAGMENT' = false,'ERROR-CODE' = undefined,
      'LIFETIME' = 600,'MAPPED-ADDRESS' = undefined,
      'MESSAGE-INTEGRITY' = undefined,'NONCE' = undefined,'REALM' = undefined,
      'REQUESTED-ADDRESS-FAMILY' = undefined,
      'REQUESTED-TRANSPORT' = undefined,'SOFTWARE' = <<"eturnal">>,
      'UNKNOWN-ATTRIBUTES' = [],'USERNAME' = undefined,
      'XOR-MAPPED-ADDRESS' = {{127,0,0,1},60239},
      'XOR-PEER-ADDRESS' = [],
      'XOR-RELAYED-ADDRESS' = {{127,0,0,1},59260}} (turn:send/2:521)
2022-06-12 16:01:09.518003+00:00 [debug] Received:
#stun{class = request,method = 4,magic = 554869826,
      trid = 52292417537345095081762036729,
      raw = <<0,4,0,80,33,18,164,66,168,247,70,34,236,233,31,186,137,141,27,
              249,0,6,0,10,50,49,52,53,57,49,51,50,48,48,0,0,0,20,0,11,101,116,
              117,114,110,97,108,46,110,101,116,0,0,21,0,10,51,54,50,54,55,51,
              54,52,55,55,0,0,0,13,0,4,0,0,0,0>>,
      unsupported = [],'ALTERNATE-SERVER' = undefined,
      'CHANNEL-NUMBER' = undefined,'DATA' = undefined,'DONT-FRAGMENT' = false,
      'ERROR-CODE' = undefined,'LIFETIME' = 0,'MAPPED-ADDRESS' = undefined,
      'MESSAGE-INTEGRITY' = <<62,154,220,58,126,201,169,240,32,72,165,66,150,7,
                              211,109,176,130,183,10>>,
      'NONCE' = <<"3626736477">>,'REALM' = <<"eturnal.net">>,
      'REQUESTED-ADDRESS-FAMILY' = undefined,
      'REQUESTED-TRANSPORT' = undefined,'SOFTWARE' = undefined,
      'UNKNOWN-ATTRIBUTES' = [],'USERNAME' = <<"2145913200">>,
      'XOR-MAPPED-ADDRESS' = undefined,'XOR-PEER-ADDRESS' = [],
      'XOR-RELAYED-ADDRESS' = undefined} (stun:udp_recv/5:111)
2022-06-12 16:01:09.518147+00:00 [debug] Looking up password for: 2145913200 [UDP, session kuzia6irbor0, user 2145913200, client 127.0.0.1:60239] (eturnal:get_password/2:225)
2022-06-12 16:01:09.518214+00:00 [info] Accepting long-term STUN/TURN authentication [UDP, session kuzia6irbor0, user 2145913200, client 127.0.0.1:60239] (stun:process/2:249)
2022-06-12 16:01:09.518265+00:00 [info] Client requested closing the TURN session [UDP, session amcpvuvde3j2, user 2145913200, client 127.0.0.1:60239, relay 127.0.0.1:59260] (turn:active/2:262)
2022-06-12 16:01:09.518389+00:00 [debug] Sending:
#stun{class = response,method = 4,magic = 554869826,
      trid = 52292417537345095081762036729,raw = <<>>,unsupported = [],
      'ALTERNATE-SERVER' = undefined,'CHANNEL-NUMBER' = undefined,
      'DATA' = undefined,'DONT-FRAGMENT' = false,'ERROR-CODE' = undefined,
      'LIFETIME' = 0,'MAPPED-ADDRESS' = undefined,
      'MESSAGE-INTEGRITY' = undefined,'NONCE' = undefined,'REALM' = undefined,
      'REQUESTED-ADDRESS-FAMILY' = undefined,
      'REQUESTED-TRANSPORT' = undefined,'SOFTWARE' = <<"eturnal">>,
      'UNKNOWN-ATTRIBUTES' = [],'USERNAME' = undefined,
      'XOR-MAPPED-ADDRESS' = undefined,'XOR-PEER-ADDRESS' = [],
      'XOR-RELAYED-ADDRESS' = undefined} (turn:send/2:521)
2022-06-12 16:01:09.518522+00:00 [info] Deleting TURN allocation [UDP, session amcpvuvde3j2, user 2145913200, client 127.0.0.1:60239, relay 127.0.0.1:59260] (turn:terminate/3:454)
2022-06-12 16:01:09.518631+00:00 [notice] Relayed 0 KiB (in 0 B / 0 packets, out 0 B / 0 packets), duration: 0 seconds [UDP, session amcpvuvde3j2, user 2145913200, client 127.0.0.1:60239, relay 127.0.0.1:59260] (turn:terminate/3:461)
2022-06-12 16:01:09.518689+00:00 [debug] Running 'turn_session_stop' hook [UDP, session amcpvuvde3j2, user 2145913200, client 127.0.0.1:60239, relay 127.0.0.1:59260] (turn:run_hook/2:711)
2022-06-12 16:01:09.518731+00:00 [debug] Got 'turn_session_stop' event [UDP, session amcpvuvde3j2, user 2145913200, client 127.0.0.1:60239, relay 127.0.0.1:59260] (eturnal_module:handle_event/2:176)
2022-06-12 16:01:09.518766+00:00 [debug] Calling mod_stats_influx:handle_event/2 [UDP, session amcpvuvde3j2, user 2145913200, client 127.0.0.1:60239, relay 127.0.0.1:59260] (eturnal_module:handle_event/2:179)
2022-06-12 16:01:09.518857+00:00 [debug] Writing stats of TURN session amcpvuvde3j2 to InfluxDB [UDP, session amcpvuvde3j2, user 2145913200, client 127.0.0.1:60239, relay 127.0.0.1:59260] (mod_stats_influx:on_turn_session_stop/1:81)
2022-06-12 16:01:09.542827+00:00 [debug] Received:
#stun{class = request,method = 1,magic = 554869826,
      trid = 22273805494519091624294035370,raw = <<>>,unsupported = [],
      'ALTERNATE-SERVER' = undefined,'CHANNEL-NUMBER' = undefined,
      'DATA' = undefined,'DONT-FRAGMENT' = false,'ERROR-CODE' = undefined,
      'LIFETIME' = undefined,'MAPPED-ADDRESS' = undefined,
      'MESSAGE-INTEGRITY' = undefined,'NONCE' = undefined,'REALM' = undefined,
      'REQUESTED-ADDRESS-FAMILY' = undefined,
      'REQUESTED-TRANSPORT' = undefined,'SOFTWARE' = undefined,
      'UNKNOWN-ATTRIBUTES' = [],'USERNAME' = undefined,
      'XOR-MAPPED-ADDRESS' = undefined,'XOR-PEER-ADDRESS' = [],
      'XOR-RELAYED-ADDRESS' = undefined} (stun:udp_recv/5:111)
2022-06-12 16:01:09.542974+00:00 [debug] Responding to STUN request [UDP, session fsgg47jr8af0, anonymous, client 127.0.0.1:33874] (stun:process/4:312)
2022-06-12 16:01:09.543026+00:00 [debug] Running 'stun_query' hook [UDP, session fsgg47jr8af0, anonymous, client 127.0.0.1:33874] (stun:run_hook/3:818)
2022-06-12 16:01:09.543084+00:00 [debug] Got 'stun_query' event [UDP, session fsgg47jr8af0, anonymous, client 127.0.0.1:33874] (eturnal_module:handle_event/2:176)
2022-06-12 16:01:09.543132+00:00 [debug] Calling mod_log_stun:handle_event/2 [UDP, session fsgg47jr8af0, anonymous, client 127.0.0.1:33874] (eturnal_module:handle_event/2:179)
2022-06-12 16:01:09.543181+00:00 [info] Responding to STUN request [UDP, session fsgg47jr8af0, anonymous, client 127.0.0.1:33874] (mod_log_stun:handle_event/2:45)
2022-06-12 16:01:09.543224+00:00 [debug] Calling mod_stats_influx:handle_event/2 [UDP, session fsgg47jr8af0, anonymous, client 127.0.0.1:33874] (eturnal_module:handle_event/2:179)
2022-06-12 16:01:09.543269+00:00 [debug] Writing STUN query event to InfluxDB [UDP, session fsgg47jr8af0, anonymous, client 127.0.0.1:33874] (mod_stats_influx:on_stun_query/1:70)
2022-06-12 16:01:09.543491+00:00 [debug] Sending:
#stun{class = response,method = 1,magic = 554869826,
      trid = 22273805494519091624294035370,raw = <<>>,unsupported = [],
      'ALTERNATE-SERVER' = undefined,'CHANNEL-NUMBER' = undefined,
      'DATA' = undefined,'DONT-FRAGMENT' = false,'ERROR-CODE' = undefined,
      'LIFETIME' = undefined,'MAPPED-ADDRESS' = undefined,
      'MESSAGE-INTEGRITY' = undefined,'NONCE' = undefined,'REALM' = undefined,
      'REQUESTED-ADDRESS-FAMILY' = undefined,
      'REQUESTED-TRANSPORT' = undefined,'SOFTWARE' = <<"eturnal">>,
      'UNKNOWN-ATTRIBUTES' = [],'USERNAME' = undefined,
      'XOR-MAPPED-ADDRESS' = {{127,0,0,1},33874},
      'XOR-PEER-ADDRESS' = [],'XOR-RELAYED-ADDRESS' = undefined} (stun:send/3:445)
2022-06-12 16:01:09.568831+00:00 [info] Accepting connection: 127.0.0.1:49470 -> 127.0.0.1:34780 [TCP, session 4g4g9jexfiqf] (stun_listener:accept/3:221)
2022-06-12 16:01:09.569121+00:00 [debug] Received:
#stun{class = request,method = 1,magic = 554869826,
      trid = 33477748336995657452507036032,raw = <<>>,unsupported = [],
      'ALTERNATE-SERVER' = undefined,'CHANNEL-NUMBER' = undefined,
      'DATA' = undefined,'DONT-FRAGMENT' = false,'ERROR-CODE' = undefined,
      'LIFETIME' = undefined,'MAPPED-ADDRESS' = undefined,
      'MESSAGE-INTEGRITY' = undefined,'NONCE' = undefined,'REALM' = undefined,
      'REQUESTED-ADDRESS-FAMILY' = undefined,
      'REQUESTED-TRANSPORT' = undefined,'SOFTWARE' = undefined,
      'UNKNOWN-ATTRIBUTES' = [],'USERNAME' = undefined,
      'XOR-MAPPED-ADDRESS' = undefined,'XOR-PEER-ADDRESS' = [],
      'XOR-RELAYED-ADDRESS' = undefined} (stun:process_data/3:404)
2022-06-12 16:01:09.569225+00:00 [debug] Responding to STUN request [TCP, session 4g4g9jexfiqf, anonymous, client 127.0.0.1:49470] (stun:process/4:312)
2022-06-12 16:01:09.569268+00:00 [debug] Running 'stun_query' hook [TCP, session 4g4g9jexfiqf, anonymous, client 127.0.0.1:49470] (stun:run_hook/3:818)
2022-06-12 16:01:09.569314+00:00 [debug] Got 'stun_query' event [TCP, session 4g4g9jexfiqf, anonymous, client 127.0.0.1:49470] (eturnal_module:handle_event/2:176)
2022-06-12 16:01:09.569355+00:00 [debug] Calling mod_log_stun:handle_event/2 [TCP, session 4g4g9jexfiqf, anonymous, client 127.0.0.1:49470] (eturnal_module:handle_event/2:179)
2022-06-12 16:01:09.569400+00:00 [info] Responding to STUN request [TCP, session 4g4g9jexfiqf, anonymous, client 127.0.0.1:49470] (mod_log_stun:handle_event/2:45)
2022-06-12 16:01:09.569438+00:00 [debug] Calling mod_stats_influx:handle_event/2 [TCP, session 4g4g9jexfiqf, anonymous, client 127.0.0.1:49470] (eturnal_module:handle_event/2:179)
2022-06-12 16:01:09.569646+00:00 [debug] Writing STUN query event to InfluxDB [TCP, session 4g4g9jexfiqf, anonymous, client 127.0.0.1:49470] (mod_stats_influx:on_stun_query/1:70)
2022-06-12 16:01:09.569829+00:00 [debug] Sending:
#stun{class = response,method = 1,magic = 554869826,
      trid = 33477748336995657452507036032,raw = <<>>,unsupported = [],
      'ALTERNATE-SERVER' = undefined,'CHANNEL-NUMBER' = undefined,
      'DATA' = undefined,'DONT-FRAGMENT' = false,'ERROR-CODE' = undefined,
      'LIFETIME' = undefined,'MAPPED-ADDRESS' = undefined,
      'MESSAGE-INTEGRITY' = undefined,'NONCE' = undefined,'REALM' = undefined,
      'REQUESTED-ADDRESS-FAMILY' = undefined,
      'REQUESTED-TRANSPORT' = undefined,'SOFTWARE' = <<"P1 STUN library">>,
      'UNKNOWN-ATTRIBUTES' = [],'USERNAME' = undefined,
      'XOR-MAPPED-ADDRESS' = {{127,0,0,1},49470},
      'XOR-PEER-ADDRESS' = [],'XOR-RELAYED-ADDRESS' = undefined} (stun:send/3:445)
2022-06-12 16:01:09.570074+00:00 [info] Connection reset by peer [TCP, session 4g4g9jexfiqf, anonymous, client 127.0.0.1:49470] (stun:handle_info/3:170)
2022-06-12 16:01:09.595252+00:00 [info] Accepting connection: 127.0.0.1:34146 -> 127.0.0.1:53490 [TLS, session tf8hi38s921a] (stun_listener:accept/3:221)
2022-06-12 16:01:09.704284+00:00 [debug] Received:
#stun{class = request,method = 1,magic = 554869826,
      trid = 55072232204345240527759550314,raw = <<>>,unsupported = [],
      'ALTERNATE-SERVER' = undefined,'CHANNEL-NUMBER' = undefined,
      'DATA' = undefined,'DONT-FRAGMENT' = false,'ERROR-CODE' = undefined,
      'LIFETIME' = undefined,'MAPPED-ADDRESS' = undefined,
      'MESSAGE-INTEGRITY' = undefined,'NONCE' = undefined,'REALM' = undefined,
      'REQUESTED-ADDRESS-FAMILY' = undefined,
      'REQUESTED-TRANSPORT' = undefined,'SOFTWARE' = undefined,
      'UNKNOWN-ATTRIBUTES' = [],'USERNAME' = undefined,
      'XOR-MAPPED-ADDRESS' = undefined,'XOR-PEER-ADDRESS' = [],
      'XOR-RELAYED-ADDRESS' = undefined} (stun:process_data/3:404)
2022-06-12 16:01:09.704429+00:00 [debug] Responding to STUN request [TLS, session tf8hi38s921a, anonymous, client 127.0.0.1:34146] (stun:process/4:312)
2022-06-12 16:01:09.704482+00:00 [debug] Running 'stun_query' hook [TLS, session tf8hi38s921a, anonymous, client 127.0.0.1:34146] (stun:run_hook/3:818)
2022-06-12 16:01:09.704561+00:00 [debug] Got 'stun_query' event [TLS, session tf8hi38s921a, anonymous, client 127.0.0.1:34146] (eturnal_module:handle_event/2:176)
2022-06-12 16:01:09.704597+00:00 [debug] Calling mod_log_stun:handle_event/2 [TLS, session tf8hi38s921a, anonymous, client 127.0.0.1:34146] (eturnal_module:handle_event/2:179)
2022-06-12 16:01:09.704668+00:00 [info] Responding to STUN request [TLS, session tf8hi38s921a, anonymous, client 127.0.0.1:34146] (mod_log_stun:handle_event/2:45)
2022-06-12 16:01:09.704703+00:00 [debug] Calling mod_stats_influx:handle_event/2 [TLS, session tf8hi38s921a, anonymous, client 127.0.0.1:34146] (eturnal_module:handle_event/2:179)
2022-06-12 16:01:09.704735+00:00 [debug] Writing STUN query event to InfluxDB [TLS, session tf8hi38s921a, anonymous, client 127.0.0.1:34146] (mod_stats_influx:on_stun_query/1:70)
2022-06-12 16:01:09.704971+00:00 [debug] Sending:
#stun{class = response,method = 1,magic = 554869826,
      trid = 55072232204345240527759550314,raw = <<>>,unsupported = [],
      'ALTERNATE-SERVER' = undefined,'CHANNEL-NUMBER' = undefined,
      'DATA' = undefined,'DONT-FRAGMENT' = false,'ERROR-CODE' = undefined,
      'LIFETIME' = undefined,'MAPPED-ADDRESS' = undefined,
      'MESSAGE-INTEGRITY' = undefined,'NONCE' = undefined,'REALM' = undefined,
      'REQUESTED-ADDRESS-FAMILY' = undefined,
      'REQUESTED-TRANSPORT' = undefined,'SOFTWARE' = <<"P1 STUN library">>,
      'UNKNOWN-ATTRIBUTES' = [],'USERNAME' = undefined,
      'XOR-MAPPED-ADDRESS' = {{127,0,0,1},34146},
      'XOR-PEER-ADDRESS' = [],'XOR-RELAYED-ADDRESS' = undefined} (stun:send/3:445)
2022-06-12 16:01:09.705261+00:00 [info] Connection reset by peer [TLS, session tf8hi38s921a, anonymous, client 127.0.0.1:34146] (stun:handle_info/3:170)
2022-06-12 16:01:09.730943+00:00 [info] Accepting connection: 127.0.0.1:53836 -> 127.0.0.1:34781 [TCP|TLS, session phtge9mwh63a] (stun_listener:accept/3:221)
2022-06-12 16:01:09.731103+00:00 [debug] Determined transport protocol: TCP (stun:is_tls_handshake/1:766)
2022-06-12 16:01:09.731689+00:00 [debug] Received:
#stun{class = request,method = 1,magic = 554869826,
      trid = 44908184664487093571950923096,raw = <<>>,unsupported = [],
      'ALTERNATE-SERVER' = undefined,'CHANNEL-NUMBER' = undefined,
      'DATA' = undefined,'DONT-FRAGMENT' = false,'ERROR-CODE' = undefined,
      'LIFETIME' = undefined,'MAPPED-ADDRESS' = undefined,
      'MESSAGE-INTEGRITY' = undefined,'NONCE' = undefined,'REALM' = undefined,
      'REQUESTED-ADDRESS-FAMILY' = undefined,
      'REQUESTED-TRANSPORT' = undefined,'SOFTWARE' = undefined,
      'UNKNOWN-ATTRIBUTES' = [],'USERNAME' = undefined,
      'XOR-MAPPED-ADDRESS' = undefined,'XOR-PEER-ADDRESS' = [],
      'XOR-RELAYED-ADDRESS' = undefined} (stun:process_data/3:404)
2022-06-12 16:01:09.731803+00:00 [debug] Responding to STUN request [TCP, session phtge9mwh63a, anonymous, client 127.0.0.1:53836] (stun:process/4:312)
2022-06-12 16:01:09.731858+00:00 [debug] Running 'stun_query' hook [TCP, session phtge9mwh63a, anonymous, client 127.0.0.1:53836] (stun:run_hook/3:818)
2022-06-12 16:01:09.731949+00:00 [debug] Got 'stun_query' event [TCP, session phtge9mwh63a, anonymous, client 127.0.0.1:53836] (eturnal_module:handle_event/2:176)
2022-06-12 16:01:09.731990+00:00 [debug] Calling mod_log_stun:handle_event/2 [TCP, session phtge9mwh63a, anonymous, client 127.0.0.1:53836] (eturnal_module:handle_event/2:179)
2022-06-12 16:01:09.732054+00:00 [info] Responding to STUN request [TCP, session phtge9mwh63a, anonymous, client 127.0.0.1:53836] (mod_log_stun:handle_event/2:45)
2022-06-12 16:01:09.732090+00:00 [debug] Calling mod_stats_influx:handle_event/2 [TCP, session phtge9mwh63a, anonymous, client 127.0.0.1:53836] (eturnal_module:handle_event/2:179)
2022-06-12 16:01:09.732125+00:00 [debug] Writing STUN query event to InfluxDB [TCP, session phtge9mwh63a, anonymous, client 127.0.0.1:53836] (mod_stats_influx:on_stun_query/1:70)
2022-06-12 16:01:09.732385+00:00 [debug] Sending:
#stun{class = response,method = 1,magic = 554869826,
      trid = 44908184664487093571950923096,raw = <<>>,unsupported = [],
      'ALTERNATE-SERVER' = undefined,'CHANNEL-NUMBER' = undefined,
      'DATA' = undefined,'DONT-FRAGMENT' = false,'ERROR-CODE' = undefined,
      'LIFETIME' = undefined,'MAPPED-ADDRESS' = undefined,
      'MESSAGE-INTEGRITY' = undefined,'NONCE' = undefined,'REALM' = undefined,
      'REQUESTED-ADDRESS-FAMILY' = undefined,
      'REQUESTED-TRANSPORT' = undefined,'SOFTWARE' = <<"P1 STUN library">>,
      'UNKNOWN-ATTRIBUTES' = [],'USERNAME' = undefined,
      'XOR-MAPPED-ADDRESS' = {{127,0,0,1},53836},
      'XOR-PEER-ADDRESS' = [],'XOR-RELAYED-ADDRESS' = undefined} (stun:send/3:445)
2022-06-12 16:01:09.732616+00:00 [info] Connection reset by peer [TCP, session phtge9mwh63a, anonymous, client 127.0.0.1:53836] (stun:handle_info/3:170)
2022-06-12 16:01:09.757310+00:00 [info] Accepting connection: 127.0.0.1:53838 -> 127.0.0.1:34781 [TCP|TLS, session glbbbdymehp0] (stun_listener:accept/3:221)
2022-06-12 16:01:09.757493+00:00 [debug] Determined transport protocol: TLS (stun:is_tls_handshake/1:763)
2022-06-12 16:01:09.863258+00:00 [debug] Received:
#stun{class = request,method = 1,magic = 554869826,
      trid = 4160030832141779109479511986,raw = <<>>,unsupported = [],
      'ALTERNATE-SERVER' = undefined,'CHANNEL-NUMBER' = undefined,
      'DATA' = undefined,'DONT-FRAGMENT' = false,'ERROR-CODE' = undefined,
      'LIFETIME' = undefined,'MAPPED-ADDRESS' = undefined,
      'MESSAGE-INTEGRITY' = undefined,'NONCE' = undefined,'REALM' = undefined,
      'REQUESTED-ADDRESS-FAMILY' = undefined,
      'REQUESTED-TRANSPORT' = undefined,'SOFTWARE' = undefined,
      'UNKNOWN-ATTRIBUTES' = [],'USERNAME' = undefined,
      'XOR-MAPPED-ADDRESS' = undefined,'XOR-PEER-ADDRESS' = [],
      'XOR-RELAYED-ADDRESS' = undefined} (stun:process_data/3:404)
2022-06-12 16:01:09.863416+00:00 [debug] Responding to STUN request [TLS, session glbbbdymehp0, anonymous, client 127.0.0.1:53838] (stun:process/4:312)
2022-06-12 16:01:09.863461+00:00 [debug] Running 'stun_query' hook [TLS, session glbbbdymehp0, anonymous, client 127.0.0.1:53838] (stun:run_hook/3:818)
2022-06-12 16:01:09.863511+00:00 [debug] Got 'stun_query' event [TLS, session glbbbdymehp0, anonymous, client 127.0.0.1:53838] (eturnal_module:handle_event/2:176)
2022-06-12 16:01:09.863548+00:00 [debug] Calling mod_log_stun:handle_event/2 [TLS, session glbbbdymehp0, anonymous, client 127.0.0.1:53838] (eturnal_module:handle_event/2:179)
2022-06-12 16:01:09.863588+00:00 [info] Responding to STUN request [TLS, session glbbbdymehp0, anonymous, client 127.0.0.1:53838] (mod_log_stun:handle_event/2:45)
2022-06-12 16:01:09.863626+00:00 [debug] Calling mod_stats_influx:handle_event/2 [TLS, session glbbbdymehp0, anonymous, client 127.0.0.1:53838] (eturnal_module:handle_event/2:179)
2022-06-12 16:01:09.863660+00:00 [debug] Writing STUN query event to InfluxDB [TLS, session glbbbdymehp0, anonymous, client 127.0.0.1:53838] (mod_stats_influx:on_stun_query/1:70)
2022-06-12 16:01:09.863862+00:00 [debug] Sending:
#stun{class = response,method = 1,magic = 554869826,
      trid = 4160030832141779109479511986,raw = <<>>,unsupported = [],
      'ALTERNATE-SERVER' = undefined,'CHANNEL-NUMBER' = undefined,
      'DATA' = undefined,'DONT-FRAGMENT' = false,'ERROR-CODE' = undefined,
      'LIFETIME' = undefined,'MAPPED-ADDRESS' = undefined,
      'MESSAGE-INTEGRITY' = undefined,'NONCE' = undefined,'REALM' = undefined,
      'REQUESTED-ADDRESS-FAMILY' = undefined,
      'REQUESTED-TRANSPORT' = undefined,'SOFTWARE' = <<"P1 STUN library">>,
      'UNKNOWN-ATTRIBUTES' = [],'USERNAME' = undefined,
      'XOR-MAPPED-ADDRESS' = {{127,0,0,1},53838},
      'XOR-PEER-ADDRESS' = [],'XOR-RELAYED-ADDRESS' = undefined} (stun:send/3:445)
2022-06-12 16:01:09.864160+00:00 [info] Connection reset by peer [TLS, session glbbbdymehp0, anonymous, client 127.0.0.1:53838] (stun:handle_info/3:170)
2022-06-12 16:01:09.888652+00:00 [debug] No NOTIFY_SOCKET, dropping STOPPING=1 notification (eturnal_systemd:handle_cast/2:109)
2022-06-12 16:01:09.888823+00:00 [debug] Terminating eturnal (shutdown) (eturnal:terminate/2:200)
2022-06-12 16:01:09.888880+00:00 [debug] Watchdog interval is undefined, hibernating (eturnal_systemd:get_timeout/1:162)
2022-06-12 16:01:09.889041+00:00 [info] Stopped listening on 127.0.0.1:34780 (udp) (eturnal:stop_listeners/1:395)
2022-06-12 16:01:09.889201+00:00 [info] Stopped listening on 127.0.0.1:34780 (tcp) (eturnal:stop_listeners/1:395)
2022-06-12 16:01:09.889329+00:00 [info] Stopped listening on 127.0.0.1:53490 (tls) (eturnal:stop_listeners/1:395)
2022-06-12 16:01:09.889593+00:00 [info] Stopped listening on 127.0.0.1:34781 (auto) (eturnal:stop_listeners/1:395)
2022-06-12 16:01:09.890290+00:00 [debug] Calling mod_log_stun:stop/1 (eturnal_module:stop/1:162)
2022-06-12 16:01:09.890650+00:00 [debug] Stopping mod_log_stun (mod_log_stun:stop/0:50)
2022-06-12 16:01:09.890786+00:00 [info] Stopped mod_log_stun (eturnal:stop_modules/1:343)
2022-06-12 16:01:09.891389+00:00 [debug] Calling mod_stats_influx:stop/1 (eturnal_module:stop/1:162)
2022-06-12 16:01:09.891624+00:00 [debug] Stopping mod_stats_influx (mod_stats_influx:stop/0:55)
2022-06-12 16:01:09.891905+00:00 [info] Stopped mod_stats_influx (eturnal:stop_modules/1:343)
2022-06-12 16:01:09.892367+00:00 [debug] Removed run/cert.pem (eturnal:clean_run_dir/0:728)
2022-06-12 16:01:09.892568+00:00 [debug] Terminating eturnal_systemd (shutdown) (eturnal_systemd:terminate/2:136)
2022-06-12 16:01:09.892777+00:00 [notice] Stopping eturnal 1.8.3 on Erlang/OTP 25 (ERTS 13.0) (eturnal_app:stop/1:54)
