=== Suite started at 2022-03-15 18:54:46
=== Starting test, 18 test cases
=cases         18
=user          runner
=host          nohost
=hosts         nohost 
=emulator_vsn  12.3
=emulator      beam
=otp_release   24
=started       2022-03-15 18:54:46
=case          eturnal_SUITE:init_per_suite
=logfile       eturnal_suite.init_per_suite.html
=started       2022-03-15 18:54:46
=ended         2022-03-15 18:54:46
=result        ok
=elapsed       0.0
=case          eturnal_SUITE:start_eturnal
=logfile       eturnal_suite.start_eturnal.html
=started       2022-03-15 18:54:46
=ended         2022-03-15 18:54:47
=result        ok
=elapsed       1.236459
=case          eturnal_SUITE:check_info
=logfile       eturnal_suite.check_info.html
=started       2022-03-15 18:54:47
=ended         2022-03-15 18:54:47
=result        ok
=elapsed       0.001093
=case          eturnal_SUITE:check_all_sessions
=logfile       eturnal_suite.check_all_sessions.html
=started       2022-03-15 18:54:47
=ended         2022-03-15 18:54:47
=result        ok
=elapsed       2.48e-4
=case          eturnal_SUITE:check_user_sessions
=logfile       eturnal_suite.check_user_sessions.html
=started       2022-03-15 18:54:47
=ended         2022-03-15 18:54:47
=result        ok
=elapsed       8.14e-4
=case          eturnal_SUITE:check_disconnect
=logfile       eturnal_suite.check_disconnect.html
=started       2022-03-15 18:54:47
=ended         2022-03-15 18:54:47
=result        ok
=elapsed       6.62e-4
=case          eturnal_SUITE:check_credentials
=logfile       eturnal_suite.check_credentials.html
=started       2022-03-15 18:54:47
=ended         2022-03-15 18:54:47
=result        ok
=elapsed       0.016978
=case          eturnal_SUITE:check_loglevel
=logfile       eturnal_suite.check_loglevel.html
=started       2022-03-15 18:54:47
=ended         2022-03-15 18:54:47
=result        ok
=elapsed       0.001469
=case          eturnal_SUITE:check_version
=logfile       eturnal_suite.check_version.html
=started       2022-03-15 18:54:47
=ended         2022-03-15 18:54:47
=result        ok
=elapsed       5.18e-4
=case          eturnal_SUITE:reload
=logfile       eturnal_suite.reload.html
=started       2022-03-15 18:54:47
=ended         2022-03-15 18:54:48
=result        ok
=elapsed       0.748174
=case          eturnal_SUITE:connect_tcp
=logfile       eturnal_suite.connect_tcp.html
=started       2022-03-15 18:54:48
=ended         2022-03-15 18:54:48
=result        ok
=elapsed       4.73e-4
=case          eturnal_SUITE:connect_tls
=logfile       eturnal_suite.connect_tls.html
=started       2022-03-15 18:54:48
=ended         2022-03-15 18:54:48
=result        ok
=elapsed       6.17e-4
=case          eturnal_SUITE:turn_udp
=logfile       eturnal_suite.turn_udp.html
=started       2022-03-15 18:54:48
=ended         2022-03-15 18:54:48
=result        ok
=elapsed       0.010562
=case          eturnal_SUITE:stun_udp
=logfile       eturnal_suite.stun_udp.html
=started       2022-03-15 18:54:48
=ended         2022-03-15 18:54:48
=result        ok
=elapsed       0.001159
=case          eturnal_SUITE:stun_tcp
=logfile       eturnal_suite.stun_tcp.html
=started       2022-03-15 18:54:48
=ended         2022-03-15 18:54:48
=result        ok
=elapsed       0.001722
=case          eturnal_SUITE:stun_tls
=logfile       eturnal_suite.stun_tls.html
=started       2022-03-15 18:54:48
=ended         2022-03-15 18:54:49
=result        ok
=elapsed       0.116035
=case          eturnal_SUITE:stun_tcp_auto
=logfile       eturnal_suite.stun_tcp_auto.html
=started       2022-03-15 18:54:49
=ended         2022-03-15 18:54:49
=result        ok
=elapsed       0.001995
=case          eturnal_SUITE:stun_tls_auto
=logfile       eturnal_suite.stun_tls_auto.html
=started       2022-03-15 18:54:49
=ended         2022-03-15 18:54:49
=result        ok
=elapsed       0.115277
=case          eturnal_SUITE:stop_eturnal
=logfile       eturnal_suite.stop_eturnal.html
=started       2022-03-15 18:54:49
=ended         2022-03-15 18:54:49
=result        ok
=elapsed       0.011517
=case          eturnal_SUITE:end_per_suite
=logfile       eturnal_suite.end_per_suite.html
=started       2022-03-15 18:54:49
=ended         2022-03-15 18:54:49
=result        ok
=elapsed       0.0
=group_time    2.768s
=== TEST COMPLETE, 18 ok, 0 failed of 18 test cases

=finished      2022-03-15 18:54:49
=failed        0
=successful    18
=user_skipped  0
=auto_skipped  0
