2022-07-07 08:36:54.749626+00:00 [notice] Starting eturnal 1.8.3 on Erlang/OTP 25 (ERTS 13.0) (eturnal_app:start/2:35)
2022-07-07 08:36:54.749880+00:00 [debug] Starting supervisor: eturnal_sup (eturnal_sup:start_link/0:32)
2022-07-07 08:36:54.750062+00:00 [debug] Configuring eturnal_sup supervisor: [#{id => systemd,
                                       start =>
                                           {eturnal_systemd,start_link,[]}},
                                     #{id => eturnal,
                                       start => {eturnal,start_link,[]}}] (eturnal_sup:init/0:40)
2022-07-07 08:36:54.752464+00:00 [info] Got no NOTIFY_SOCKET, notifications disabled (eturnal_systemd:init/1:95)
2022-07-07 08:36:54.752746+00:00 [debug] PROGRESS REPORT:
    supervisor: {local,eturnal_sup}
    started: [{pid,<0.941.0>},
              {id,systemd},
              {mfargs,{eturnal_systemd,start_link,[]}},
              {restart_type,permanent},
              {significant,false},
              {shutdown,5000},
              {child_type,worker}]
 (supervisor:report_progress/2:1557)
2022-07-07 08:36:54.752938+00:00 [info] Relay IPv4 address: 127.0.0.1 (port range: 49152-65535) (eturnal:log_relay_addresses/0:287)
2022-07-07 08:36:54.753144+00:00 [info] Relay IPv6 address not configured (eturnal:log_relay_addresses/0:297)
2022-07-07 08:36:54.765578+00:00 [info] Cannot determine control query port: noport (eturnal:log_control_listener/0:312)
2022-07-07 08:36:54.765811+00:00 [debug] TURN configuration seems fine (eturnal:check_turn_config/1:520)
2022-07-07 08:36:54.766157+00:00 [debug] Using run directory run (eturnal:ensure_run_dir/0:713)
2022-07-07 08:36:54.766341+00:00 [warning] TLS enabled without 'tls_crt_file', creating self-signed certificate (eturnal:check_pem_file/0:643)
2022-07-07 08:36:55.989124+00:00 [debug] Calling mod_log_stun:start/0 (eturnal_module:start/1:142)
2022-07-07 08:36:55.989484+00:00 [debug] Starting mod_log_stun (mod_log_stun:start/0:39)
2022-07-07 08:36:55.989727+00:00 [info] Started mod_log_stun (eturnal:start_modules/0:323)
2022-07-07 08:36:55.989918+00:00 [debug] Calling mod_stats_influx:start/0 (eturnal_module:start/1:142)
2022-07-07 08:36:55.990601+00:00 [debug] Starting mod_stats_influx (mod_stats_influx:start/0:38)
2022-07-07 08:36:55.992956+00:00 [debug] PROGRESS REPORT:
    application: ulitos
    started_at: nonode@nohost
 (application_controller:info_started/2:2107)
2022-07-07 08:36:55.994341+00:00 [debug] PROGRESS REPORT:
    application: poolboy
    started_at: nonode@nohost
 (application_controller:info_started/2:2107)
2022-07-07 08:36:55.995691+00:00 [info]     msg: Starting application: influx_udp (influx_udp_app:start/2:10)
2022-07-07 08:36:55.999360+00:00 [debug] PROGRESS REPORT:
    supervisor: {local,influx_udp_sup}
    started: [{pid,<0.963.0>},
              {id,influx_udp},
              {mfargs,{influx_udp,start_link,[]}},
              {restart_type,permanent},
              {significant,false},
              {shutdown,5000},
              {child_type,worker}]
 (supervisor:report_progress/2:1557)
2022-07-07 08:36:55.999587+00:00 [debug] PROGRESS REPORT:
    application: influx_udp
    started_at: nonode@nohost
 (application_controller:info_started/2:2107)
2022-07-07 08:36:55.999599+00:00 [debug] Dependency influx_udp was available already (eturnal_module:ensure_dep/2:283)
2022-07-07 08:36:56.004321+00:00 [info]     host: {127,0,0,1}
    msg: Start clients pool
    options: #{host => "localhost",max_overflow => 1,pool_size => 1,
               port => 8089} (influx_udp:start_pool_/2:239)
2022-07-07 08:36:56.014419+00:00 [info]     msg: Open UDP socket on port
    port: 45739 (influx_udp_worker:init/1:43)
2022-07-07 08:36:56.014774+00:00 [debug] PROGRESS REPORT:
    supervisor: {local,influx_udp_sup}
    started: [{pid,<0.966.0>},
              {id,stats_influx_pool},
              {mfargs,
                  {poolboy,start_link,
                      [[{name,{local,stats_influx_pool}},
                        {worker_module,influx_udp_worker},
                        {size,1},
                        {max_overflow,1}],
                       [{options,
                            #{host => {127,0,0,1},
                              max_overflow => 1,pool_size => 1,
                              port => 8089}}]]}},
              {restart_type,permanent},
              {significant,false},
              {shutdown,5000},
              {child_type,worker}]
 (supervisor:report_progress/2:1557)
2022-07-07 08:36:56.015006+00:00 [info] Started mod_stats_influx (eturnal:start_modules/0:323)
2022-07-07 08:36:56.015582+00:00 [debug] Started 2 modules (eturnal:init/1:113)
2022-07-07 08:36:56.016017+00:00 [debug] Starting listener 127.0.0.1:34780 (udp) with options:
[{use_turn,true},
 {auth_type,user},
 {turn_ipv4_address,{127,0,0,1}},
 {turn_min_port,49152},
 {turn_max_port,65535},
 {turn_max_allocations,10},
 {turn_max_permissions,10},
 {shaper,100000},
 {turn_blacklist,[{{203,0,113,0},24},{{8193,3512,0,0,0,0,0,0},32}]},
 {turn_whitelist,[{{203,0,113,113},32},{{8193,3512,0,0,0,0,0,0},64}]},
 {auth_realm,<<"eturnal.net">>},
 {server_name,<<"eturnal">>},
 {auth_fun,fun eturnal:get_password/2},
 {hook_fun,fun eturnal:run_hook/2}] (eturnal:start_listeners/0:367)
2022-07-07 08:36:56.029064+00:00 [info] Listening on 127.0.0.1:34780 (udp) (STUN/TURN) (eturnal:start_listeners/0:372)
2022-07-07 08:36:56.029300+00:00 [debug] Starting listener 127.0.0.1:34780 (tcp) with options:
[{use_turn,false},
 {auth_type,anonymous},
 {turn_ipv4_address,{127,0,0,1}},
 {turn_min_port,49152},
 {turn_max_port,65535},
 {turn_max_allocations,10},
 {turn_max_permissions,10},
 {shaper,100000},
 {turn_blacklist,[{{203,0,113,0},24},{{8193,3512,0,0,0,0,0,0},32}]},
 {turn_whitelist,[{{203,0,113,113},32},{{8193,3512,0,0,0,0,0,0},64}]},
 {auth_realm,<<"eturnal.net">>},
 {server_name,<<"eturnal">>},
 {auth_fun,fun eturnal:get_password/2},
 {hook_fun,fun eturnal:run_hook/2}] (eturnal:start_listeners/0:367)
2022-07-07 08:36:56.041183+00:00 [info] Listening on 127.0.0.1:34780 (tcp) (STUN only) (eturnal:start_listeners/0:372)
2022-07-07 08:36:56.041363+00:00 [debug] Starting listener 127.0.0.1:53490 (tls) with options:
[{use_turn,false},
 {auth_type,anonymous},
 {tls,true},
 {certfile,<<"run/cert.pem">>},
 {ciphers,<<"HIGH:!aNULL:@STRENGTH">>},
 {protocol_options,<<"no_tlsv1|no_tlsv1_1|cipher_server_preference">>},
 {turn_ipv4_address,{127,0,0,1}},
 {turn_min_port,49152},
 {turn_max_port,65535},
 {turn_max_allocations,10},
 {turn_max_permissions,10},
 {shaper,100000},
 {turn_blacklist,[{{203,0,113,0},24},{{8193,3512,0,0,0,0,0,0},32}]},
 {turn_whitelist,[{{203,0,113,113},32},{{8193,3512,0,0,0,0,0,0},64}]},
 {auth_realm,<<"eturnal.net">>},
 {server_name,<<"eturnal">>},
 {auth_fun,fun eturnal:get_password/2},
 {hook_fun,fun eturnal:run_hook/2}] (eturnal:start_listeners/0:367)
2022-07-07 08:36:56.041841+00:00 [info] Listening on 127.0.0.1:53490 (tls) (STUN only) (eturnal:start_listeners/0:372)
2022-07-07 08:36:56.042060+00:00 [debug] Starting listener 127.0.0.1:34781 (auto) with options:
[{use_turn,false},
 {auth_type,anonymous},
 {tls,optional},
 {certfile,<<"run/cert.pem">>},
 {ciphers,<<"HIGH:!aNULL:@STRENGTH">>},
 {protocol_options,<<"no_tlsv1|no_tlsv1_1|cipher_server_preference">>},
 {turn_ipv4_address,{127,0,0,1}},
 {turn_min_port,49152},
 {turn_max_port,65535},
 {turn_max_allocations,10},
 {turn_max_permissions,10},
 {shaper,100000},
 {turn_blacklist,[{{203,0,113,0},24},{{8193,3512,0,0,0,0,0,0},32}]},
 {turn_whitelist,[{{203,0,113,113},32},{{8193,3512,0,0,0,0,0,0},64}]},
 {auth_realm,<<"eturnal.net">>},
 {server_name,<<"eturnal">>},
 {auth_fun,fun eturnal:get_password/2},
 {hook_fun,fun eturnal:run_hook/2}] (eturnal:start_listeners/0:367)
2022-07-07 08:36:56.059106+00:00 [info] Listening on 127.0.0.1:34781 (auto) (STUN only) (eturnal:start_listeners/0:372)
2022-07-07 08:36:56.059363+00:00 [debug] Started 4 listeners (eturnal:init/1:121)
2022-07-07 08:36:56.059502+00:00 [debug] PROGRESS REPORT:
    supervisor: {local,eturnal_sup}
    started: [{pid,<0.943.0>},
              {id,eturnal},
              {mfargs,{eturnal,start_link,[]}},
              {restart_type,permanent},
              {significant,false},
              {shutdown,5000},
              {child_type,worker}]
 (supervisor:report_progress/2:1557)
2022-07-07 08:36:56.059646+00:00 [debug] No NOTIFY_SOCKET, dropping READY=1 notification (eturnal_systemd:handle_cast/2:109)
2022-07-07 08:36:56.059668+00:00 [debug] PROGRESS REPORT:
    application: eturnal
    started_at: nonode@nohost
 (application_controller:info_started/2:2107)
2022-07-07 08:36:56.059847+00:00 [debug] Watchdog interval is undefined, hibernating (eturnal_systemd:get_timeout/1:162)
2022-07-07 08:36:56.089717+00:00 [debug] Handling API call: get_info() (eturnal_ctl:get_info/0:135)
2022-07-07 08:36:56.090495+00:00 [debug] eturnal call (get_info) returned {ok,
                                  {eturnal_node_info,<<"1.8.3">>,
                                   {"25","13.0"},
                                   4404,0,138,113432378,2,39122360}} (eturnal_ctl:call/1:452)
2022-07-07 08:36:56.116063+00:00 [debug] Handling API call: get_sessions() (eturnal_ctl:get_sessions/0:106)
2022-07-07 08:36:56.140602+00:00 [debug] Handling API call: get_sessions("alice") (eturnal_ctl:get_sessions/1:116)
2022-07-07 08:36:56.140945+00:00 [debug] Handling API call: disconnect(alice) (eturnal_ctl:disconnect/1:184)
2022-07-07 08:36:56.141089+00:00 [debug] Cannot convert user name to binary: alice (eturnal_ctl:disconnect/1:194)
2022-07-07 08:36:56.165905+00:00 [debug] Handling API call: disconnect("alice") (eturnal_ctl:disconnect/1:184)
2022-07-07 08:36:56.166105+00:00 [debug] Handling API call: disconnect(alice) (eturnal_ctl:disconnect/1:184)
2022-07-07 08:36:56.166190+00:00 [debug] Cannot convert user name to binary: alice (eturnal_ctl:disconnect/1:194)
2022-07-07 08:36:56.192771+00:00 [debug] Handling API call: get_credentials("2009-10-30 11:00:00Z", []) (eturnal_ctl:get_credentials/2:60)
2022-07-07 08:36:56.193283+00:00 [debug] eturnal call ({get_password,<<"1256900400">>}) returned {ok,
                                                         <<"uEKlpcME7MNMMVRV8rUFPCTIFEs=">>} (eturnal_ctl:call/1:452)
2022-07-07 08:36:56.198473+00:00 [debug] Handling API call: get_credentials("86400", "alice") (eturnal_ctl:get_credentials/2:60)
2022-07-07 08:36:56.198764+00:00 [debug] eturnal call ({get_password,<<"1657269416:alice">>}) returned {ok,
                                                               <<"0AXR7wVOvefmzJwvs06jGSw/Vw8=">>} (eturnal_ctl:call/1:452)
2022-07-07 08:36:56.199412+00:00 [debug] Handling API call: get_password("1657269416:alice") (eturnal_ctl:get_password/1:79)
2022-07-07 08:36:56.199599+00:00 [debug] eturnal call ({get_password,<<"1657269416:alice">>}) returned {ok,
                                                               <<"0AXR7wVOvefmzJwvs06jGSw/Vw8=">>} (eturnal_ctl:call/1:452)
2022-07-07 08:36:56.199835+00:00 [debug] Handling API call: get_credentials("86400s", "alice") (eturnal_ctl:get_credentials/2:60)
2022-07-07 08:36:56.200303+00:00 [debug] eturnal call ({get_password,<<"1657269416:alice">>}) returned {ok,
                                                               <<"0AXR7wVOvefmzJwvs06jGSw/Vw8=">>} (eturnal_ctl:call/1:452)
2022-07-07 08:36:56.200453+00:00 [debug] Handling API call: get_password("1657269416:alice") (eturnal_ctl:get_password/1:79)
2022-07-07 08:36:56.200591+00:00 [debug] eturnal call ({get_password,<<"1657269416:alice">>}) returned {ok,
                                                               <<"0AXR7wVOvefmzJwvs06jGSw/Vw8=">>} (eturnal_ctl:call/1:452)
2022-07-07 08:36:56.200756+00:00 [debug] Handling API call: get_credentials("1440m", "alice") (eturnal_ctl:get_credentials/2:60)
2022-07-07 08:36:56.200887+00:00 [debug] eturnal call ({get_password,<<"1657269416:alice">>}) returned {ok,
                                                               <<"0AXR7wVOvefmzJwvs06jGSw/Vw8=">>} (eturnal_ctl:call/1:452)
2022-07-07 08:36:56.200993+00:00 [debug] Handling API call: get_password("1657269416:alice") (eturnal_ctl:get_password/1:79)
2022-07-07 08:36:56.201090+00:00 [debug] eturnal call ({get_password,<<"1657269416:alice">>}) returned {ok,
                                                               <<"0AXR7wVOvefmzJwvs06jGSw/Vw8=">>} (eturnal_ctl:call/1:452)
2022-07-07 08:36:56.201254+00:00 [debug] Handling API call: get_credentials("24h", "alice") (eturnal_ctl:get_credentials/2:60)
2022-07-07 08:36:56.201568+00:00 [debug] eturnal call ({get_password,<<"1657269416:alice">>}) returned {ok,
                                                               <<"0AXR7wVOvefmzJwvs06jGSw/Vw8=">>} (eturnal_ctl:call/1:452)
2022-07-07 08:36:56.201716+00:00 [debug] Handling API call: get_password("1657269416:alice") (eturnal_ctl:get_password/1:79)
2022-07-07 08:36:56.201818+00:00 [debug] eturnal call ({get_password,<<"1657269416:alice">>}) returned {ok,
                                                               <<"0AXR7wVOvefmzJwvs06jGSw/Vw8=">>} (eturnal_ctl:call/1:452)
2022-07-07 08:36:56.201966+00:00 [debug] Handling API call: get_credentials("1d", "alice") (eturnal_ctl:get_credentials/2:60)
2022-07-07 08:36:56.202084+00:00 [debug] eturnal call ({get_password,<<"1657269416:alice">>}) returned {ok,
                                                               <<"0AXR7wVOvefmzJwvs06jGSw/Vw8=">>} (eturnal_ctl:call/1:452)
2022-07-07 08:36:56.202197+00:00 [debug] Handling API call: get_password("1657269416:alice") (eturnal_ctl:get_password/1:79)
2022-07-07 08:36:56.202299+00:00 [debug] eturnal call ({get_password,<<"1657269416:alice">>}) returned {ok,
                                                               <<"0AXR7wVOvefmzJwvs06jGSw/Vw8=">>} (eturnal_ctl:call/1:452)
2022-07-07 08:36:56.202442+00:00 [debug] Handling API call: get_password("Invalid") (eturnal_ctl:get_password/1:79)
2022-07-07 08:36:56.202520+00:00 [debug] Invalid user name: Invalid (eturnal_ctl:get_password/1:93)
2022-07-07 08:36:56.202614+00:00 [debug] Handling API call: get_credentials("Invalid", []) (eturnal_ctl:get_credentials/2:60)
2022-07-07 08:36:56.202712+00:00 [debug] Invalid argument(s): "Invalid":[] (eturnal_ctl:get_credentials/2:73)
2022-07-07 08:36:56.202798+00:00 [debug] Handling API call: get_password(invalid) (eturnal_ctl:get_password/1:79)
2022-07-07 08:36:56.202875+00:00 [debug] Cannot convert user name to binary: invalid (eturnal_ctl:get_password/1:100)
2022-07-07 08:36:56.202980+00:00 [debug] Handling API call: get_credentials(invalid, []) (eturnal_ctl:get_credentials/2:60)
2022-07-07 08:36:56.203074+00:00 [debug] Invalid argument(s): invalid:[] (eturnal_ctl:get_credentials/2:73)
2022-07-07 08:36:56.203178+00:00 [debug] Handling API call: get_password([invalid]) (eturnal_ctl:get_password/1:79)
2022-07-07 08:36:56.203272+00:00 [debug] Cannot convert user name to binary: [invalid] (eturnal_ctl:get_password/1:100)
2022-07-07 08:36:56.203346+00:00 [debug] Handling API call: get_credentials([invalid], []) (eturnal_ctl:get_credentials/2:60)
2022-07-07 08:36:56.203450+00:00 [debug] Invalid argument(s): [invalid]:[] (eturnal_ctl:get_credentials/2:73)
2022-07-07 08:36:56.203567+00:00 [debug] Handling API call: get_credentials(1256900400, invalid) (eturnal_ctl:get_credentials/2:60)
2022-07-07 08:36:56.203970+00:00 [debug] Invalid argument(s): 1256900400:invalid (eturnal_ctl:get_credentials/2:73)
2022-07-07 08:36:56.228405+00:00 [debug] Handling API call: set_loglevel(debug) (eturnal_ctl:set_loglevel/1:165)
2022-07-07 08:36:56.228613+00:00 [debug] eturnal call ({set_loglevel,debug}) returned ok (eturnal_ctl:call/1:449)
2022-07-07 08:36:56.228749+00:00 [debug] Handling API call: get_loglevel() (eturnal_ctl:get_loglevel/0:155)
2022-07-07 08:36:56.228820+00:00 [debug] eturnal call (get_loglevel) returned {ok,debug} (eturnal_ctl:call/1:452)
2022-07-07 08:36:56.228954+00:00 [debug] Handling API call: set_loglevel(invalid) (eturnal_ctl:set_loglevel/1:165)
2022-07-07 08:36:56.229038+00:00 [debug] Invalid log level: invalid (eturnal_ctl:set_loglevel/1:175)
2022-07-07 08:36:56.229144+00:00 [debug] Handling API call: get_loglevel() (eturnal_ctl:get_loglevel/0:155)
2022-07-07 08:36:56.229215+00:00 [debug] eturnal call (get_loglevel) returned {ok,debug} (eturnal_ctl:call/1:452)
2022-07-07 08:36:56.253398+00:00 [debug] Handling API call: get_version() (eturnal_ctl:get_version/0:145)
2022-07-07 08:36:56.253674+00:00 [debug] eturnal call (get_version) returned {ok,<<"1.8.3">>} (eturnal_ctl:call/1:452)
2022-07-07 08:36:56.279101+00:00 [debug] Handling API call: reload() (eturnal_ctl:reload/0:200)
2022-07-07 08:36:56.281018+00:00 [debug] Calling mod_log_stun:options/0 (eturnal_module:options/1:191)
2022-07-07 08:36:56.281192+00:00 [debug] Calling mod_stats_influx:options/0 (eturnal_module:options/1:191)
2022-07-07 08:36:56.281768+00:00 [warning] TLS enabled without 'tls_crt_file', creating self-signed certificate (eturnal:check_pem_file/0:643)
2022-07-07 08:36:56.453336+00:00 [info] Using new TLS certificate (eturnal:handle_call/3:140)
2022-07-07 08:36:56.453581+00:00 [debug] Reloaded configuration (eturnal:handle_call/3:146)
2022-07-07 08:36:56.453815+00:00 [debug] eturnal call (reload) returned ok (eturnal_ctl:call/1:449)
2022-07-07 08:36:56.454080+00:00 [debug] Handling API call: reload() (eturnal_ctl:reload/0:200)
2022-07-07 08:36:56.455979+00:00 [debug] Calling mod_log_stun:options/0 (eturnal_module:options/1:191)
2022-07-07 08:36:56.456210+00:00 [debug] Calling mod_stats_influx:options/0 (eturnal_module:options/1:191)
2022-07-07 08:36:56.457370+00:00 [debug] Keeping PEM file (run/cert.pem) (eturnal:check_pem_file/0:640)
2022-07-07 08:36:56.457509+00:00 [debug] TLS certificate unchanged (eturnal:handle_call/3:142)
2022-07-07 08:36:56.457589+00:00 [debug] Reloaded configuration (eturnal:handle_call/3:146)
2022-07-07 08:36:56.457662+00:00 [debug] eturnal call (reload) returned ok (eturnal_ctl:call/1:449)
2022-07-07 08:36:56.483235+00:00 [info] Accepting connection: 127.0.0.1:33870 -> 127.0.0.1:34780 [TCP, session lv1rkjohjct8] (stun_acceptor:accept/3:148)
2022-07-07 08:36:56.507613+00:00 [info] Accepting connection: 127.0.0.1:42106 -> 127.0.0.1:53490 [TLS, session 00n5ieigkcyw] (stun_acceptor:accept/3:148)
2022-07-07 08:36:56.537614+00:00 [debug] Received:
#stun{class = request,method = 3,magic = 554869826,
      trid = 9447146071449909272054410159,raw = <<>>,unsupported = [],
      'ALTERNATE-SERVER' = undefined,'CHANNEL-NUMBER' = undefined,
      'DATA' = undefined,'DONT-FRAGMENT' = false,'ERROR-CODE' = undefined,
      'LIFETIME' = undefined,'MAPPED-ADDRESS' = undefined,
      'MESSAGE-INTEGRITY' = undefined,'NONCE' = undefined,'REALM' = undefined,
      'REQUESTED-ADDRESS-FAMILY' = undefined,
      'REQUESTED-TRANSPORT' = undefined,'SOFTWARE' = undefined,
      'UNKNOWN-ATTRIBUTES' = [],'USERNAME' = undefined,
      'XOR-MAPPED-ADDRESS' = undefined,'XOR-PEER-ADDRESS' = [],
      'XOR-RELAYED-ADDRESS' = undefined} (stun:udp_recv/5:111)
2022-07-07 08:36:56.537799+00:00 [debug] Sending:
#stun{class = error,method = 3,magic = 554869826,
      trid = 9447146071449909272054410159,raw = <<>>,unsupported = [],
      'ALTERNATE-SERVER' = undefined,'CHANNEL-NUMBER' = undefined,
      'DATA' = undefined,'DONT-FRAGMENT' = false,
      'ERROR-CODE' = {401,<<"Unauthorized">>},
      'LIFETIME' = undefined,'MAPPED-ADDRESS' = undefined,
      'MESSAGE-INTEGRITY' = undefined,'NONCE' = <<"247594105">>,
      'REALM' = <<"eturnal.net">>,'REQUESTED-ADDRESS-FAMILY' = undefined,
      'REQUESTED-TRANSPORT' = undefined,'SOFTWARE' = <<"eturnal">>,
      'UNKNOWN-ATTRIBUTES' = [],'USERNAME' = undefined,
      'XOR-MAPPED-ADDRESS' = undefined,'XOR-PEER-ADDRESS' = [],
      'XOR-RELAYED-ADDRESS' = undefined} (stun:send/3:445)
2022-07-07 08:36:56.538075+00:00 [debug] Received:
#stun{class = request,method = 3,magic = 554869826,
      trid = 54204026772410245205929817341,
      raw = <<0,3,0,80,33,18,164,66,175,36,133,35,52,154,113,233,252,16,244,
              253,0,25,0,4,17,0,0,0,0,6,0,10,50,49,52,53,57,49,51,50,48,48,0,0,
              0,20,0,11,101,116,117,114,110,97,108,46,110,101,116,0,0,21,0,9,
              50,52,55,53,57,52,49,48,53,0,0,0>>,
      unsupported = [],'ALTERNATE-SERVER' = undefined,
      'CHANNEL-NUMBER' = undefined,'DATA' = undefined,'DONT-FRAGMENT' = false,
      'ERROR-CODE' = undefined,'LIFETIME' = undefined,
      'MAPPED-ADDRESS' = undefined,
      'MESSAGE-INTEGRITY' = <<244,53,199,10,61,102,24,247,245,161,184,18,164,
                              86,138,187,230,115,153,250>>,
      'NONCE' = <<"247594105">>,'REALM' = <<"eturnal.net">>,
      'REQUESTED-ADDRESS-FAMILY' = undefined,'REQUESTED-TRANSPORT' = udp,
      'SOFTWARE' = undefined,'UNKNOWN-ATTRIBUTES' = [],
      'USERNAME' = <<"2145913200">>,'XOR-MAPPED-ADDRESS' = undefined,
      'XOR-PEER-ADDRESS' = [],'XOR-RELAYED-ADDRESS' = undefined} (stun:udp_recv/5:111)
2022-07-07 08:36:56.538208+00:00 [debug] Looking up password for: 2145913200 [UDP, session t76x5213zbp5, user 2145913200, client 127.0.0.1:51374] (eturnal:get_password/2:225)
2022-07-07 08:36:56.538266+00:00 [info] Accepting long-term STUN/TURN authentication [UDP, session t76x5213zbp5, user 2145913200, client 127.0.0.1:51374] (stun:process/2:249)
2022-07-07 08:36:56.541159+00:00 [debug] Running 'turn_session_start' hook [UDP, session t76x5213zbp5, user 2145913200, client 127.0.0.1:51374] (turn:run_hook/2:711)
2022-07-07 08:36:56.541269+00:00 [debug] Got 'turn_session_start' event [UDP, session t76x5213zbp5, user 2145913200, client 127.0.0.1:51374] (eturnal_module:handle_event/2:176)
2022-07-07 08:36:56.541505+00:00 [notice] Creating TURN allocation (lifetime: 600 seconds) [UDP, session t76x5213zbp5, user 2145913200, client 127.0.0.1:51374, relay 127.0.0.1:65425] (turn:wait_for_allocate/2:207)
2022-07-07 08:36:56.541679+00:00 [debug] Sending:
#stun{class = response,method = 3,magic = 554869826,
      trid = 54204026772410245205929817341,raw = <<>>,unsupported = [],
      'ALTERNATE-SERVER' = undefined,'CHANNEL-NUMBER' = undefined,
      'DATA' = undefined,'DONT-FRAGMENT' = false,'ERROR-CODE' = undefined,
      'LIFETIME' = 600,'MAPPED-ADDRESS' = undefined,
      'MESSAGE-INTEGRITY' = undefined,'NONCE' = undefined,'REALM' = undefined,
      'REQUESTED-ADDRESS-FAMILY' = undefined,
      'REQUESTED-TRANSPORT' = undefined,'SOFTWARE' = <<"eturnal">>,
      'UNKNOWN-ATTRIBUTES' = [],'USERNAME' = undefined,
      'XOR-MAPPED-ADDRESS' = {{127,0,0,1},51374},
      'XOR-PEER-ADDRESS' = [],
      'XOR-RELAYED-ADDRESS' = {{127,0,0,1},65425}} (turn:send/2:521)
2022-07-07 08:36:56.542059+00:00 [debug] Received:
#stun{class = request,method = 4,magic = 554869826,
      trid = 4945035320577191643015566143,
      raw = <<0,4,0,80,33,18,164,66,15,250,111,245,225,30,53,127,95,36,83,63,0,
              6,0,10,50,49,52,53,57,49,51,50,48,48,0,0,0,20,0,11,101,116,117,
              114,110,97,108,46,110,101,116,0,0,21,0,9,50,52,55,53,57,52,49,48,
              53,0,0,0,0,13,0,4,0,0,0,0>>,
      unsupported = [],'ALTERNATE-SERVER' = undefined,
      'CHANNEL-NUMBER' = undefined,'DATA' = undefined,'DONT-FRAGMENT' = false,
      'ERROR-CODE' = undefined,'LIFETIME' = 0,'MAPPED-ADDRESS' = undefined,
      'MESSAGE-INTEGRITY' = <<64,7,85,68,136,235,239,128,113,247,226,77,188,
                              222,58,220,12,240,33,129>>,
      'NONCE' = <<"247594105">>,'REALM' = <<"eturnal.net">>,
      'REQUESTED-ADDRESS-FAMILY' = undefined,
      'REQUESTED-TRANSPORT' = undefined,'SOFTWARE' = undefined,
      'UNKNOWN-ATTRIBUTES' = [],'USERNAME' = <<"2145913200">>,
      'XOR-MAPPED-ADDRESS' = undefined,'XOR-PEER-ADDRESS' = [],
      'XOR-RELAYED-ADDRESS' = undefined} (stun:udp_recv/5:111)
2022-07-07 08:36:56.542206+00:00 [debug] Looking up password for: 2145913200 [UDP, session 4g95ceoark43, user 2145913200, client 127.0.0.1:51374] (eturnal:get_password/2:225)
2022-07-07 08:36:56.542271+00:00 [info] Accepting long-term STUN/TURN authentication [UDP, session 4g95ceoark43, user 2145913200, client 127.0.0.1:51374] (stun:process/2:249)
2022-07-07 08:36:56.542341+00:00 [info] Client requested closing the TURN session [UDP, session t76x5213zbp5, user 2145913200, client 127.0.0.1:51374, relay 127.0.0.1:65425] (turn:active/2:262)
2022-07-07 08:36:56.542433+00:00 [debug] Sending:
#stun{class = response,method = 4,magic = 554869826,
      trid = 4945035320577191643015566143,raw = <<>>,unsupported = [],
      'ALTERNATE-SERVER' = undefined,'CHANNEL-NUMBER' = undefined,
      'DATA' = undefined,'DONT-FRAGMENT' = false,'ERROR-CODE' = undefined,
      'LIFETIME' = 0,'MAPPED-ADDRESS' = undefined,
      'MESSAGE-INTEGRITY' = undefined,'NONCE' = undefined,'REALM' = undefined,
      'REQUESTED-ADDRESS-FAMILY' = undefined,
      'REQUESTED-TRANSPORT' = undefined,'SOFTWARE' = <<"eturnal">>,
      'UNKNOWN-ATTRIBUTES' = [],'USERNAME' = undefined,
      'XOR-MAPPED-ADDRESS' = undefined,'XOR-PEER-ADDRESS' = [],
      'XOR-RELAYED-ADDRESS' = undefined} (turn:send/2:521)
2022-07-07 08:36:56.542537+00:00 [info] Deleting TURN allocation [UDP, session t76x5213zbp5, user 2145913200, client 127.0.0.1:51374, relay 127.0.0.1:65425] (turn:terminate/3:454)
2022-07-07 08:36:56.542620+00:00 [notice] Relayed 0 KiB (in 0 B / 0 packets, out 0 B / 0 packets), duration: 0 seconds [UDP, session t76x5213zbp5, user 2145913200, client 127.0.0.1:51374, relay 127.0.0.1:65425] (turn:terminate/3:461)
2022-07-07 08:36:56.542685+00:00 [debug] Running 'turn_session_stop' hook [UDP, session t76x5213zbp5, user 2145913200, client 127.0.0.1:51374, relay 127.0.0.1:65425] (turn:run_hook/2:711)
2022-07-07 08:36:56.543083+00:00 [debug] Got 'turn_session_stop' event [UDP, session t76x5213zbp5, user 2145913200, client 127.0.0.1:51374, relay 127.0.0.1:65425] (eturnal_module:handle_event/2:176)
2022-07-07 08:36:56.543139+00:00 [debug] Calling mod_stats_influx:handle_event/2 [UDP, session t76x5213zbp5, user 2145913200, client 127.0.0.1:51374, relay 127.0.0.1:65425] (eturnal_module:handle_event/2:179)
2022-07-07 08:36:56.543186+00:00 [debug] Writing stats of TURN session t76x5213zbp5 to InfluxDB [UDP, session t76x5213zbp5, user 2145913200, client 127.0.0.1:51374, relay 127.0.0.1:65425] (mod_stats_influx:on_turn_session_stop/1:81)
2022-07-07 08:36:56.567250+00:00 [debug] Received:
#stun{class = request,method = 1,magic = 554869826,
      trid = 77958019346060212120896926319,raw = <<>>,unsupported = [],
      'ALTERNATE-SERVER' = undefined,'CHANNEL-NUMBER' = undefined,
      'DATA' = undefined,'DONT-FRAGMENT' = false,'ERROR-CODE' = undefined,
      'LIFETIME' = undefined,'MAPPED-ADDRESS' = undefined,
      'MESSAGE-INTEGRITY' = undefined,'NONCE' = undefined,'REALM' = undefined,
      'REQUESTED-ADDRESS-FAMILY' = undefined,
      'REQUESTED-TRANSPORT' = undefined,'SOFTWARE' = undefined,
      'UNKNOWN-ATTRIBUTES' = [],'USERNAME' = undefined,
      'XOR-MAPPED-ADDRESS' = undefined,'XOR-PEER-ADDRESS' = [],
      'XOR-RELAYED-ADDRESS' = undefined} (stun:udp_recv/5:111)
2022-07-07 08:36:56.567387+00:00 [debug] Responding to STUN request [UDP, session 3afb9fs52bnv, anonymous, client 127.0.0.1:38837] (stun:process/4:312)
2022-07-07 08:36:56.567437+00:00 [debug] Running 'stun_query' hook [UDP, session 3afb9fs52bnv, anonymous, client 127.0.0.1:38837] (stun:run_hook/3:820)
2022-07-07 08:36:56.567483+00:00 [debug] Got 'stun_query' event [UDP, session 3afb9fs52bnv, anonymous, client 127.0.0.1:38837] (eturnal_module:handle_event/2:176)
2022-07-07 08:36:56.567527+00:00 [debug] Calling mod_log_stun:handle_event/2 [UDP, session 3afb9fs52bnv, anonymous, client 127.0.0.1:38837] (eturnal_module:handle_event/2:179)
2022-07-07 08:36:56.567577+00:00 [info] Responding to STUN request [UDP, session 3afb9fs52bnv, anonymous, client 127.0.0.1:38837] (mod_log_stun:handle_event/2:45)
2022-07-07 08:36:56.567612+00:00 [debug] Calling mod_stats_influx:handle_event/2 [UDP, session 3afb9fs52bnv, anonymous, client 127.0.0.1:38837] (eturnal_module:handle_event/2:179)
2022-07-07 08:36:56.567653+00:00 [debug] Writing STUN query event to InfluxDB [UDP, session 3afb9fs52bnv, anonymous, client 127.0.0.1:38837] (mod_stats_influx:on_stun_query/1:70)
2022-07-07 08:36:56.567853+00:00 [debug] Sending:
#stun{class = response,method = 1,magic = 554869826,
      trid = 77958019346060212120896926319,raw = <<>>,unsupported = [],
      'ALTERNATE-SERVER' = undefined,'CHANNEL-NUMBER' = undefined,
      'DATA' = undefined,'DONT-FRAGMENT' = false,'ERROR-CODE' = undefined,
      'LIFETIME' = undefined,'MAPPED-ADDRESS' = undefined,
      'MESSAGE-INTEGRITY' = undefined,'NONCE' = undefined,'REALM' = undefined,
      'REQUESTED-ADDRESS-FAMILY' = undefined,
      'REQUESTED-TRANSPORT' = undefined,'SOFTWARE' = <<"eturnal">>,
      'UNKNOWN-ATTRIBUTES' = [],'USERNAME' = undefined,
      'XOR-MAPPED-ADDRESS' = {{127,0,0,1},38837},
      'XOR-PEER-ADDRESS' = [],'XOR-RELAYED-ADDRESS' = undefined} (stun:send/3:445)
2022-07-07 08:36:56.591982+00:00 [info] Accepting connection: 127.0.0.1:33872 -> 127.0.0.1:34780 [TCP, session 7oyalzwy6o62] (stun_acceptor:accept/3:148)
2022-07-07 08:36:56.592261+00:00 [debug] Received:
#stun{class = request,method = 1,magic = 554869826,
      trid = 61945140832422245449789014134,raw = <<>>,unsupported = [],
      'ALTERNATE-SERVER' = undefined,'CHANNEL-NUMBER' = undefined,
      'DATA' = undefined,'DONT-FRAGMENT' = false,'ERROR-CODE' = undefined,
      'LIFETIME' = undefined,'MAPPED-ADDRESS' = undefined,
      'MESSAGE-INTEGRITY' = undefined,'NONCE' = undefined,'REALM' = undefined,
      'REQUESTED-ADDRESS-FAMILY' = undefined,
      'REQUESTED-TRANSPORT' = undefined,'SOFTWARE' = undefined,
      'UNKNOWN-ATTRIBUTES' = [],'USERNAME' = undefined,
      'XOR-MAPPED-ADDRESS' = undefined,'XOR-PEER-ADDRESS' = [],
      'XOR-RELAYED-ADDRESS' = undefined} (stun:process_data/3:404)
2022-07-07 08:36:56.592381+00:00 [debug] Responding to STUN request [TCP, session 7oyalzwy6o62, anonymous, client 127.0.0.1:33872] (stun:process/4:312)
2022-07-07 08:36:56.592423+00:00 [debug] Running 'stun_query' hook [TCP, session 7oyalzwy6o62, anonymous, client 127.0.0.1:33872] (stun:run_hook/3:820)
2022-07-07 08:36:56.592462+00:00 [debug] Got 'stun_query' event [TCP, session 7oyalzwy6o62, anonymous, client 127.0.0.1:33872] (eturnal_module:handle_event/2:176)
2022-07-07 08:36:56.592498+00:00 [debug] Calling mod_log_stun:handle_event/2 [TCP, session 7oyalzwy6o62, anonymous, client 127.0.0.1:33872] (eturnal_module:handle_event/2:179)
2022-07-07 08:36:56.592568+00:00 [info] Responding to STUN request [TCP, session 7oyalzwy6o62, anonymous, client 127.0.0.1:33872] (mod_log_stun:handle_event/2:45)
2022-07-07 08:36:56.592606+00:00 [debug] Calling mod_stats_influx:handle_event/2 [TCP, session 7oyalzwy6o62, anonymous, client 127.0.0.1:33872] (eturnal_module:handle_event/2:179)
2022-07-07 08:36:56.592647+00:00 [debug] Writing STUN query event to InfluxDB [TCP, session 7oyalzwy6o62, anonymous, client 127.0.0.1:33872] (mod_stats_influx:on_stun_query/1:70)
2022-07-07 08:36:56.592855+00:00 [debug] Sending:
#stun{class = response,method = 1,magic = 554869826,
      trid = 61945140832422245449789014134,raw = <<>>,unsupported = [],
      'ALTERNATE-SERVER' = undefined,'CHANNEL-NUMBER' = undefined,
      'DATA' = undefined,'DONT-FRAGMENT' = false,'ERROR-CODE' = undefined,
      'LIFETIME' = undefined,'MAPPED-ADDRESS' = undefined,
      'MESSAGE-INTEGRITY' = undefined,'NONCE' = undefined,'REALM' = undefined,
      'REQUESTED-ADDRESS-FAMILY' = undefined,
      'REQUESTED-TRANSPORT' = undefined,'SOFTWARE' = <<"P1 STUN library">>,
      'UNKNOWN-ATTRIBUTES' = [],'USERNAME' = undefined,
      'XOR-MAPPED-ADDRESS' = {{127,0,0,1},33872},
      'XOR-PEER-ADDRESS' = [],'XOR-RELAYED-ADDRESS' = undefined} (stun:send/3:445)
2022-07-07 08:36:56.593111+00:00 [info] Connection reset by peer [TCP, session 7oyalzwy6o62, anonymous, client 127.0.0.1:33872] (stun:handle_info/3:170)
2022-07-07 08:36:56.617205+00:00 [info] Accepting connection: 127.0.0.1:42108 -> 127.0.0.1:53490 [TLS, session b2ym5zsgtcw6] (stun_acceptor:accept/3:148)
2022-07-07 08:36:56.726254+00:00 [debug] Received:
#stun{class = request,method = 1,magic = 554869826,
      trid = 37266950067380686496326181110,raw = <<>>,unsupported = [],
      'ALTERNATE-SERVER' = undefined,'CHANNEL-NUMBER' = undefined,
      'DATA' = undefined,'DONT-FRAGMENT' = false,'ERROR-CODE' = undefined,
      'LIFETIME' = undefined,'MAPPED-ADDRESS' = undefined,
      'MESSAGE-INTEGRITY' = undefined,'NONCE' = undefined,'REALM' = undefined,
      'REQUESTED-ADDRESS-FAMILY' = undefined,
      'REQUESTED-TRANSPORT' = undefined,'SOFTWARE' = undefined,
      'UNKNOWN-ATTRIBUTES' = [],'USERNAME' = undefined,
      'XOR-MAPPED-ADDRESS' = undefined,'XOR-PEER-ADDRESS' = [],
      'XOR-RELAYED-ADDRESS' = undefined} (stun:process_data/3:404)
2022-07-07 08:36:56.726404+00:00 [debug] Responding to STUN request [TLS, session b2ym5zsgtcw6, anonymous, client 127.0.0.1:42108] (stun:process/4:312)
2022-07-07 08:36:56.726460+00:00 [debug] Running 'stun_query' hook [TLS, session b2ym5zsgtcw6, anonymous, client 127.0.0.1:42108] (stun:run_hook/3:820)
2022-07-07 08:36:56.726544+00:00 [debug] Got 'stun_query' event [TLS, session b2ym5zsgtcw6, anonymous, client 127.0.0.1:42108] (eturnal_module:handle_event/2:176)
2022-07-07 08:36:56.726579+00:00 [debug] Calling mod_log_stun:handle_event/2 [TLS, session b2ym5zsgtcw6, anonymous, client 127.0.0.1:42108] (eturnal_module:handle_event/2:179)
2022-07-07 08:36:56.726636+00:00 [info] Responding to STUN request [TLS, session b2ym5zsgtcw6, anonymous, client 127.0.0.1:42108] (mod_log_stun:handle_event/2:45)
2022-07-07 08:36:56.726669+00:00 [debug] Calling mod_stats_influx:handle_event/2 [TLS, session b2ym5zsgtcw6, anonymous, client 127.0.0.1:42108] (eturnal_module:handle_event/2:179)
2022-07-07 08:36:56.726701+00:00 [debug] Writing STUN query event to InfluxDB [TLS, session b2ym5zsgtcw6, anonymous, client 127.0.0.1:42108] (mod_stats_influx:on_stun_query/1:70)
2022-07-07 08:36:56.727002+00:00 [debug] Sending:
#stun{class = response,method = 1,magic = 554869826,
      trid = 37266950067380686496326181110,raw = <<>>,unsupported = [],
      'ALTERNATE-SERVER' = undefined,'CHANNEL-NUMBER' = undefined,
      'DATA' = undefined,'DONT-FRAGMENT' = false,'ERROR-CODE' = undefined,
      'LIFETIME' = undefined,'MAPPED-ADDRESS' = undefined,
      'MESSAGE-INTEGRITY' = undefined,'NONCE' = undefined,'REALM' = undefined,
      'REQUESTED-ADDRESS-FAMILY' = undefined,
      'REQUESTED-TRANSPORT' = undefined,'SOFTWARE' = <<"P1 STUN library">>,
      'UNKNOWN-ATTRIBUTES' = [],'USERNAME' = undefined,
      'XOR-MAPPED-ADDRESS' = {{127,0,0,1},42108},
      'XOR-PEER-ADDRESS' = [],'XOR-RELAYED-ADDRESS' = undefined} (stun:send/3:445)
2022-07-07 08:36:56.727406+00:00 [info] Connection reset by peer [TLS, session b2ym5zsgtcw6, anonymous, client 127.0.0.1:42108] (stun:handle_info/3:170)
2022-07-07 08:36:56.751923+00:00 [info] Accepting connection: 127.0.0.1:42648 -> 127.0.0.1:34781 [TCP|TLS, session m8h2f8g4hbw6] (stun_acceptor:accept/3:148)
2022-07-07 08:36:56.752063+00:00 [debug] Determined transport protocol: TCP (stun:is_tls_handshake/1:768)
2022-07-07 08:36:56.752315+00:00 [debug] Received:
#stun{class = request,method = 1,magic = 554869826,
      trid = 62711495179455236068094909665,raw = <<>>,unsupported = [],
      'ALTERNATE-SERVER' = undefined,'CHANNEL-NUMBER' = undefined,
      'DATA' = undefined,'DONT-FRAGMENT' = false,'ERROR-CODE' = undefined,
      'LIFETIME' = undefined,'MAPPED-ADDRESS' = undefined,
      'MESSAGE-INTEGRITY' = undefined,'NONCE' = undefined,'REALM' = undefined,
      'REQUESTED-ADDRESS-FAMILY' = undefined,
      'REQUESTED-TRANSPORT' = undefined,'SOFTWARE' = undefined,
      'UNKNOWN-ATTRIBUTES' = [],'USERNAME' = undefined,
      'XOR-MAPPED-ADDRESS' = undefined,'XOR-PEER-ADDRESS' = [],
      'XOR-RELAYED-ADDRESS' = undefined} (stun:process_data/3:404)
2022-07-07 08:36:56.752391+00:00 [debug] Responding to STUN request [TCP, session m8h2f8g4hbw6, anonymous, client 127.0.0.1:42648] (stun:process/4:312)
2022-07-07 08:36:56.752437+00:00 [debug] Running 'stun_query' hook [TCP, session m8h2f8g4hbw6, anonymous, client 127.0.0.1:42648] (stun:run_hook/3:820)
2022-07-07 08:36:56.752487+00:00 [debug] Got 'stun_query' event [TCP, session m8h2f8g4hbw6, anonymous, client 127.0.0.1:42648] (eturnal_module:handle_event/2:176)
2022-07-07 08:36:56.752554+00:00 [debug] Calling mod_log_stun:handle_event/2 [TCP, session m8h2f8g4hbw6, anonymous, client 127.0.0.1:42648] (eturnal_module:handle_event/2:179)
2022-07-07 08:36:56.752596+00:00 [info] Responding to STUN request [TCP, session m8h2f8g4hbw6, anonymous, client 127.0.0.1:42648] (mod_log_stun:handle_event/2:45)
2022-07-07 08:36:56.752626+00:00 [debug] Calling mod_stats_influx:handle_event/2 [TCP, session m8h2f8g4hbw6, anonymous, client 127.0.0.1:42648] (eturnal_module:handle_event/2:179)
2022-07-07 08:36:56.752659+00:00 [debug] Writing STUN query event to InfluxDB [TCP, session m8h2f8g4hbw6, anonymous, client 127.0.0.1:42648] (mod_stats_influx:on_stun_query/1:70)
2022-07-07 08:36:56.753087+00:00 [debug] Sending:
#stun{class = response,method = 1,magic = 554869826,
      trid = 62711495179455236068094909665,raw = <<>>,unsupported = [],
      'ALTERNATE-SERVER' = undefined,'CHANNEL-NUMBER' = undefined,
      'DATA' = undefined,'DONT-FRAGMENT' = false,'ERROR-CODE' = undefined,
      'LIFETIME' = undefined,'MAPPED-ADDRESS' = undefined,
      'MESSAGE-INTEGRITY' = undefined,'NONCE' = undefined,'REALM' = undefined,
      'REQUESTED-ADDRESS-FAMILY' = undefined,
      'REQUESTED-TRANSPORT' = undefined,'SOFTWARE' = <<"P1 STUN library">>,
      'UNKNOWN-ATTRIBUTES' = [],'USERNAME' = undefined,
      'XOR-MAPPED-ADDRESS' = {{127,0,0,1},42648},
      'XOR-PEER-ADDRESS' = [],'XOR-RELAYED-ADDRESS' = undefined} (stun:send/3:445)
2022-07-07 08:36:56.753522+00:00 [info] Connection reset by peer [TCP, session m8h2f8g4hbw6, anonymous, client 127.0.0.1:42648] (stun:handle_info/3:170)
2022-07-07 08:36:56.778594+00:00 [info] Accepting connection: 127.0.0.1:42650 -> 127.0.0.1:34781 [TCP|TLS, session tmtmazpeu1iw] (stun_acceptor:accept/3:148)
2022-07-07 08:36:56.778750+00:00 [debug] Determined transport protocol: TLS (stun:is_tls_handshake/1:765)
2022-07-07 08:36:56.888265+00:00 [debug] Received:
#stun{class = request,method = 1,magic = 554869826,
      trid = 71115959411506916514703360858,raw = <<>>,unsupported = [],
      'ALTERNATE-SERVER' = undefined,'CHANNEL-NUMBER' = undefined,
      'DATA' = undefined,'DONT-FRAGMENT' = false,'ERROR-CODE' = undefined,
      'LIFETIME' = undefined,'MAPPED-ADDRESS' = undefined,
      'MESSAGE-INTEGRITY' = undefined,'NONCE' = undefined,'REALM' = undefined,
      'REQUESTED-ADDRESS-FAMILY' = undefined,
      'REQUESTED-TRANSPORT' = undefined,'SOFTWARE' = undefined,
      'UNKNOWN-ATTRIBUTES' = [],'USERNAME' = undefined,
      'XOR-MAPPED-ADDRESS' = undefined,'XOR-PEER-ADDRESS' = [],
      'XOR-RELAYED-ADDRESS' = undefined} (stun:process_data/3:404)
2022-07-07 08:36:56.888415+00:00 [debug] Responding to STUN request [TLS, session tmtmazpeu1iw, anonymous, client 127.0.0.1:42650] (stun:process/4:312)
2022-07-07 08:36:56.888471+00:00 [debug] Running 'stun_query' hook [TLS, session tmtmazpeu1iw, anonymous, client 127.0.0.1:42650] (stun:run_hook/3:820)
2022-07-07 08:36:56.888563+00:00 [debug] Got 'stun_query' event [TLS, session tmtmazpeu1iw, anonymous, client 127.0.0.1:42650] (eturnal_module:handle_event/2:176)
2022-07-07 08:36:56.888612+00:00 [debug] Calling mod_log_stun:handle_event/2 [TLS, session tmtmazpeu1iw, anonymous, client 127.0.0.1:42650] (eturnal_module:handle_event/2:179)
2022-07-07 08:36:56.888661+00:00 [info] Responding to STUN request [TLS, session tmtmazpeu1iw, anonymous, client 127.0.0.1:42650] (mod_log_stun:handle_event/2:45)
2022-07-07 08:36:56.888699+00:00 [debug] Calling mod_stats_influx:handle_event/2 [TLS, session tmtmazpeu1iw, anonymous, client 127.0.0.1:42650] (eturnal_module:handle_event/2:179)
2022-07-07 08:36:56.888743+00:00 [debug] Writing STUN query event to InfluxDB [TLS, session tmtmazpeu1iw, anonymous, client 127.0.0.1:42650] (mod_stats_influx:on_stun_query/1:70)
2022-07-07 08:36:56.888965+00:00 [debug] Sending:
#stun{class = response,method = 1,magic = 554869826,
      trid = 71115959411506916514703360858,raw = <<>>,unsupported = [],
      'ALTERNATE-SERVER' = undefined,'CHANNEL-NUMBER' = undefined,
      'DATA' = undefined,'DONT-FRAGMENT' = false,'ERROR-CODE' = undefined,
      'LIFETIME' = undefined,'MAPPED-ADDRESS' = undefined,
      'MESSAGE-INTEGRITY' = undefined,'NONCE' = undefined,'REALM' = undefined,
      'REQUESTED-ADDRESS-FAMILY' = undefined,
      'REQUESTED-TRANSPORT' = undefined,'SOFTWARE' = <<"P1 STUN library">>,
      'UNKNOWN-ATTRIBUTES' = [],'USERNAME' = undefined,
      'XOR-MAPPED-ADDRESS' = {{127,0,0,1},42650},
      'XOR-PEER-ADDRESS' = [],'XOR-RELAYED-ADDRESS' = undefined} (stun:send/3:445)
2022-07-07 08:36:56.889282+00:00 [info] Connection reset by peer [TLS, session tmtmazpeu1iw, anonymous, client 127.0.0.1:42650] (stun:handle_info/3:170)
2022-07-07 08:36:56.914492+00:00 [debug] No NOTIFY_SOCKET, dropping STOPPING=1 notification (eturnal_systemd:handle_cast/2:109)
2022-07-07 08:36:56.914514+00:00 [debug] Terminating eturnal (shutdown) (eturnal:terminate/2:200)
2022-07-07 08:36:56.914894+00:00 [debug] Watchdog interval is undefined, hibernating (eturnal_systemd:get_timeout/1:162)
2022-07-07 08:36:56.915302+00:00 [info] Stopped listening on 127.0.0.1:34780 (udp) (eturnal:stop_listeners/1:395)
2022-07-07 08:36:56.916010+00:00 [info] Stopped listening on 127.0.0.1:34780 (tcp) (eturnal:stop_listeners/1:395)
2022-07-07 08:36:56.916234+00:00 [info] Stopped listening on 127.0.0.1:53490 (tls) (eturnal:stop_listeners/1:395)
2022-07-07 08:36:56.916352+00:00 [info] Stopped listening on 127.0.0.1:34781 (auto) (eturnal:stop_listeners/1:395)
2022-07-07 08:36:56.917023+00:00 [debug] Calling mod_log_stun:stop/1 (eturnal_module:stop/1:162)
2022-07-07 08:36:56.917106+00:00 [debug] Stopping mod_log_stun (mod_log_stun:stop/0:50)
2022-07-07 08:36:56.917211+00:00 [info] Stopped mod_log_stun (eturnal:stop_modules/1:343)
2022-07-07 08:36:56.919353+00:00 [debug] Calling mod_stats_influx:stop/1 (eturnal_module:stop/1:162)
2022-07-07 08:36:56.919463+00:00 [debug] Stopping mod_stats_influx (mod_stats_influx:stop/0:55)
2022-07-07 08:36:56.919536+00:00 [info] Stopped mod_stats_influx (eturnal:stop_modules/1:343)
2022-07-07 08:36:56.920318+00:00 [debug] Removed run/cert.pem (eturnal:clean_run_dir/0:728)
2022-07-07 08:36:56.920717+00:00 [debug] Terminating eturnal_systemd (shutdown) (eturnal_systemd:terminate/2:136)
2022-07-07 08:36:56.921185+00:00 [notice] Stopping eturnal 1.8.3 on Erlang/OTP 25 (ERTS 13.0) (eturnal_app:stop/1:54)
