2022-08-03 21:17:48.249725+00:00 [notice] Starting eturnal 1.10.1 on Erlang/OTP 25 (ERTS 13.0) (eturnal_app:start/2:34)
2022-08-03 21:17:48.249955+00:00 [debug] Starting supervisor: eturnal_sup (eturnal_sup:start_link/0:31)
2022-08-03 21:17:48.250119+00:00 [debug] Configuring eturnal_sup supervisor: [#{id => systemd,
                                       start =>
                                           {eturnal_systemd,start_link,[]}},
                                     #{id => eturnal,
                                       start => {eturnal,start_link,[]}}] (eturnal_sup:init/0:39)
2022-08-03 21:17:48.251749+00:00 [info] Got no NOTIFY_SOCKET, notifications disabled (eturnal_systemd:init/1:94)
2022-08-03 21:17:48.251951+00:00 [debug] PROGRESS REPORT:
    supervisor: {local,eturnal_sup}
    started: [{pid,<0.1013.0>},
              {id,systemd},
              {mfargs,{eturnal_systemd,start_link,[]}},
              {restart_type,permanent},
              {significant,false},
              {shutdown,5000},
              {child_type,worker}]
 (supervisor:report_progress/2:1557)
2022-08-03 21:17:48.252090+00:00 [info] Relay IPv4 address: 127.0.0.1 (port range: 49152-65535) (eturnal:log_relay_addresses/0:277)
2022-08-03 21:17:48.252238+00:00 [info] Relay IPv6 address not configured (eturnal:log_relay_addresses/0:287)
2022-08-03 21:17:48.266192+00:00 [info] Cannot determine control query port: noport (eturnal:log_control_listener/0:302)
2022-08-03 21:17:48.266564+00:00 [debug] Using run directory run (eturnal:ensure_run_dir/0:733)
2022-08-03 21:17:48.266696+00:00 [debug] TURN configuration seems fine (eturnal:check_turn_config/0:498)
2022-08-03 21:17:48.266839+00:00 [warning] TLS enabled without 'tls_crt_file', creating self-signed certificate (eturnal:check_pem_file/0:669)
2022-08-03 21:17:48.687924+00:00 [debug] Calling mod_log_stun:start/0 (eturnal_module:start/1:142)
2022-08-03 21:17:48.688168+00:00 [debug] Starting mod_log_stun (mod_log_stun:start/0:38)
2022-08-03 21:17:48.688355+00:00 [info] Started mod_log_stun (eturnal:start_modules/0:313)
2022-08-03 21:17:48.688457+00:00 [debug] Calling mod_stats_influx:start/0 (eturnal_module:start/1:142)
2022-08-03 21:17:48.688588+00:00 [debug] Starting mod_stats_influx (mod_stats_influx:start/0:37)
2022-08-03 21:17:48.691301+00:00 [debug] PROGRESS REPORT:
    application: ulitos
    started_at: nonode@nohost
 (application_controller:info_started/2:2107)
2022-08-03 21:17:48.694130+00:00 [debug] PROGRESS REPORT:
    application: poolboy
    started_at: nonode@nohost
 (application_controller:info_started/2:2107)
2022-08-03 21:17:48.695377+00:00 [info]     msg: Starting application: influx_udp (influx_udp_app:start/2:10)
2022-08-03 21:17:48.698276+00:00 [debug] PROGRESS REPORT:
    supervisor: {local,influx_udp_sup}
    started: [{pid,<0.1035.0>},
              {id,influx_udp},
              {mfargs,{influx_udp,start_link,[]}},
              {restart_type,permanent},
              {significant,false},
              {shutdown,5000},
              {child_type,worker}]
 (supervisor:report_progress/2:1557)
2022-08-03 21:17:48.698448+00:00 [debug] PROGRESS REPORT:
    application: influx_udp
    started_at: nonode@nohost
 (application_controller:info_started/2:2107)
2022-08-03 21:17:48.698464+00:00 [debug] Dependency influx_udp was available already (eturnal_module:ensure_dep/2:283)
2022-08-03 21:17:48.700952+00:00 [info]     host: {127,0,0,1}
    msg: Start clients pool
    options: #{host => "localhost",max_overflow => 1,pool_size => 1,
               port => 8089} (influx_udp:start_pool_/2:239)
2022-08-03 21:17:48.714673+00:00 [info]     msg: Open UDP socket on port
    port: 37885 (influx_udp_worker:init/1:43)
2022-08-03 21:17:48.714880+00:00 [debug] PROGRESS REPORT:
    supervisor: {local,influx_udp_sup}
    started: [{pid,<0.1038.0>},
              {id,stats_influx_pool},
              {mfargs,
                  {poolboy,start_link,
                      [[{name,{local,stats_influx_pool}},
                        {worker_module,influx_udp_worker},
                        {size,1},
                        {max_overflow,1}],
                       [{options,
                            #{host => {127,0,0,1},
                              max_overflow => 1,pool_size => 1,
                              port => 8089}}]]}},
              {restart_type,permanent},
              {significant,false},
              {shutdown,5000},
              {child_type,worker}]
 (supervisor:report_progress/2:1557)
2022-08-03 21:17:48.715224+00:00 [info] Started mod_stats_influx (eturnal:start_modules/0:313)
2022-08-03 21:17:48.715357+00:00 [debug] Calling mod_stats_prometheus:start/0 (eturnal_module:start/1:142)
2022-08-03 21:17:48.715842+00:00 [debug] Starting mod_stats_prometheus (mod_stats_prometheus:start/0:56)
2022-08-03 21:17:50.658878+00:00 [debug] PROGRESS REPORT:
    application: prometheus
    started_at: nonode@nohost
 (application_controller:info_started/2:2107)
2022-08-03 21:17:50.660099+00:00 [debug] PROGRESS REPORT:
    application: accept
    started_at: nonode@nohost
 (application_controller:info_started/2:2107)
2022-08-03 21:17:50.660337+00:00 [debug] PROGRESS REPORT:
    application: prometheus_httpd
    started_at: nonode@nohost
 (application_controller:info_started/2:2107)
2022-08-03 21:17:50.660396+00:00 [debug] Dependency prometheus_httpd was available already (eturnal_module:ensure_dep/2:283)
2022-08-03 21:17:50.661277+00:00 [debug] PROGRESS REPORT:
    supervisor: {local,httpd_instance_sup__127_0_0_1__9081default}
    started: [{pid,<0.1060.0>},
              {id,{httpd_connection_sup,{127,0,0,1},9081,default}},
              {mfargs,{httpd_connection_sup,start_link,[[{127,0,0,1},9081]]}},
              {restart_type,permanent},
              {significant,false},
              {shutdown,5000},
              {child_type,supervisor}]
 (supervisor:report_progress/2:1557)
2022-08-03 21:17:50.661624+00:00 [debug] PROGRESS REPORT:
    supervisor: {local,httpd_acceptor_sup__127_0_0_1__9081default}
    started: [{pid,<0.1062.0>},
              {id,{httpd_acceptor_sup,{127,0,0,1},9081,default}},
              {mfargs,{httpd_acceptor,start_link,
                                      [httpd__127_0_0_1__9081default,ip_comm,
                                       {127,0,0,1},
                                       9081,inet,
                                       httpd_conf__127_0_0_1__9081default,
                                       15000]}},
              {restart_type,transient},
              {significant,false},
              {shutdown,brutal_kill},
              {child_type,worker}]
 (supervisor:report_progress/2:1557)
2022-08-03 21:17:50.661785+00:00 [debug] PROGRESS REPORT:
    supervisor: {local,httpd_instance_sup__127_0_0_1__9081default}
    started: [{pid,<0.1061.0>},
              {id,{httpd_acceptor_sup,{127,0,0,1},9081,default}},
              {mfargs,
                  {httpd_acceptor_sup,start_link,
                      [[{127,0,0,1},
                        9081,
                        [{bind_address,{127,0,0,1}},
                         {socket_type,ip_comm},
                         {port,9081},
                         {server_root,"run/mod_stats_prometheus/doc"},
                         {document_root,"run/mod_stats_prometheus/doc"},
                         {server_name,"Prometheus Exporter"},
                         {modules,[prometheus_httpd]}],
                        15000,undefined]]}},
              {restart_type,permanent},
              {significant,false},
              {shutdown,infinity},
              {child_type,supervisor}]
 (supervisor:report_progress/2:1557)
2022-08-03 21:17:50.661955+00:00 [debug] PROGRESS REPORT:
    supervisor: {local,httpd_instance_sup__127_0_0_1__9081default}
    started: [{pid,<0.1063.0>},
              {id,{httpd_misc_sup,{127,0,0,1},9081,default}},
              {mfargs,{httpd_misc_sup,start_link,[{127,0,0,1},9081,default]}},
              {restart_type,permanent},
              {significant,false},
              {shutdown,infinity},
              {child_type,supervisor}]
 (supervisor:report_progress/2:1557)
2022-08-03 21:17:50.662223+00:00 [debug] PROGRESS REPORT:
    supervisor: {local,httpd_instance_sup__127_0_0_1__9081default}
    started: [{pid,<0.1064.0>},
              {id,{httpd_manager,{127,0,0,1},9081,default}},
              {mfargs,
                  {httpd_manager,start_link,
                      [undefined,
                       [{bind_address,{127,0,0,1}},
                        {socket_type,ip_comm},
                        {port,9081},
                        {server_root,"run/mod_stats_prometheus/doc"},
                        {document_root,"run/mod_stats_prometheus/doc"},
                        {server_name,"Prometheus Exporter"},
                        {modules,[prometheus_httpd]}],
                       15000]}},
              {restart_type,permanent},
              {significant,false},
              {shutdown,4000},
              {child_type,worker}]
 (supervisor:report_progress/2:1557)
2022-08-03 21:17:50.662348+00:00 [debug] PROGRESS REPORT:
    supervisor: {local,httpd_sup}
    started: [{pid,<0.1059.0>},
              {id,{httpd_instance_sup,{127,0,0,1},9081,default}},
              {mfargs,
                  {httpd_instance_sup,start_link,
                      [[{bind_address,{127,0,0,1}},
                        {socket_type,ip_comm},
                        {port,9081},
                        {server_root,"run/mod_stats_prometheus/doc"},
                        {document_root,"run/mod_stats_prometheus/doc"},
                        {server_name,"Prometheus Exporter"},
                        {modules,[prometheus_httpd]}],
                       15000,[]]}},
              {restart_type,permanent},
              {significant,false},
              {shutdown,infinity},
              {child_type,supervisor}]
 (supervisor:report_progress/2:1557)
2022-08-03 21:17:50.664021+00:00 [info] Started mod_stats_prometheus (eturnal:start_modules/0:313)
2022-08-03 21:17:50.664223+00:00 [debug] Starting listener 127.0.0.1:34780 (udp) with options:
[{use_turn,true},
 {auth_type,user},
 {turn_ipv4_address,{127,0,0,1}},
 {turn_min_port,49152},
 {turn_max_port,65535},
 {turn_max_allocations,10},
 {turn_max_permissions,10},
 {shaper,100000},
 {turn_blacklist,[{{10,0,0,0},8},
                  {{100,64,0,0},10},
                  {{127,0,0,0},8},
                  {{169,254,0,0},16},
                  {{172,16,0,0},12},
                  {{192,0,0,0},24},
                  {{192,0,2,0},24},
                  {{192,88,99,0},24},
                  {{192,168,0,0},16},
                  {{198,18,0,0},15},
                  {{198,51,100,0},24},
                  {{203,0,113,0},24},
                  {{224,0,0,0},4},
                  {{240,0,0,0},4},
                  {{0,0,0,0,0,0,0,1},128},
                  {{0,0,0,0,0,65535,0,0},96},
                  {{100,65435,0,0,0,0,0,0},96},
                  {{256,0,0,0,0,0,0,0},64},
                  {{8193,3512,0,0,0,0,0,0},32},
                  {{64512,0,0,0,0,0,0,0},7},
                  {{65152,0,0,0,0,0,0,0},10},
                  {{65280,0,0,0,0,0,0,0},8}]},
 {turn_whitelist,[{{127,0,0,1},32},
                  {{203,0,113,113},32},
                  {{8193,3512,0,0,0,0,0,0},64}]},
 {auth_realm,<<"eturnal.net">>},
 {server_name,<<"eturnal">>},
 {auth_fun,fun eturnal:get_password/2},
 {hook_fun,fun eturnal:run_hook/2}] (eturnal:start_listeners/0:346)
2022-08-03 21:17:50.665541+00:00 [info] Listening on 127.0.0.1:34780 (udp) (STUN/TURN) (eturnal:start_listeners/0:353)
2022-08-03 21:17:50.665673+00:00 [debug] Starting listener 127.0.0.1:34780 (tcp) with options:
[{use_turn,false},
 {auth_type,anonymous},
 {turn_ipv4_address,{127,0,0,1}},
 {turn_min_port,49152},
 {turn_max_port,65535},
 {turn_max_allocations,10},
 {turn_max_permissions,10},
 {shaper,100000},
 {turn_blacklist,[{{10,0,0,0},8},
                  {{100,64,0,0},10},
                  {{127,0,0,0},8},
                  {{169,254,0,0},16},
                  {{172,16,0,0},12},
                  {{192,0,0,0},24},
                  {{192,0,2,0},24},
                  {{192,88,99,0},24},
                  {{192,168,0,0},16},
                  {{198,18,0,0},15},
                  {{198,51,100,0},24},
                  {{203,0,113,0},24},
                  {{224,0,0,0},4},
                  {{240,0,0,0},4},
                  {{0,0,0,0,0,0,0,1},128},
                  {{0,0,0,0,0,65535,0,0},96},
                  {{100,65435,0,0,0,0,0,0},96},
                  {{256,0,0,0,0,0,0,0},64},
                  {{8193,3512,0,0,0,0,0,0},32},
                  {{64512,0,0,0,0,0,0,0},7},
                  {{65152,0,0,0,0,0,0,0},10},
                  {{65280,0,0,0,0,0,0,0},8}]},
 {turn_whitelist,[{{127,0,0,1},32},
                  {{203,0,113,113},32},
                  {{8193,3512,0,0,0,0,0,0},64}]},
 {auth_realm,<<"eturnal.net">>},
 {server_name,<<"eturnal">>},
 {auth_fun,fun eturnal:get_password/2},
 {hook_fun,fun eturnal:run_hook/2}] (eturnal:start_listeners/0:346)
2022-08-03 21:17:50.666244+00:00 [info] Listening on 127.0.0.1:34780 (tcp) (STUN only) (eturnal:start_listeners/0:353)
2022-08-03 21:17:50.666352+00:00 [debug] Starting listener 127.0.0.1:53490 (tls) with options:
[{use_turn,false},
 {auth_type,anonymous},
 {tls,true},
 {certfile,<<"run/cert.pem">>},
 {ciphers,<<"HIGH:!aNULL:@STRENGTH">>},
 {protocol_options,<<"no_tlsv1|no_tlsv1_1|cipher_server_preference">>},
 {turn_ipv4_address,{127,0,0,1}},
 {turn_min_port,49152},
 {turn_max_port,65535},
 {turn_max_allocations,10},
 {turn_max_permissions,10},
 {shaper,100000},
 {turn_blacklist,[{{10,0,0,0},8},
                  {{100,64,0,0},10},
                  {{127,0,0,0},8},
                  {{169,254,0,0},16},
                  {{172,16,0,0},12},
                  {{192,0,0,0},24},
                  {{192,0,2,0},24},
                  {{192,88,99,0},24},
                  {{192,168,0,0},16},
                  {{198,18,0,0},15},
                  {{198,51,100,0},24},
                  {{203,0,113,0},24},
                  {{224,0,0,0},4},
                  {{240,0,0,0},4},
                  {{0,0,0,0,0,0,0,1},128},
                  {{0,0,0,0,0,65535,0,0},96},
                  {{100,65435,0,0,0,0,0,0},96},
                  {{256,0,0,0,0,0,0,0},64},
                  {{8193,3512,0,0,0,0,0,0},32},
                  {{64512,0,0,0,0,0,0,0},7},
                  {{65152,0,0,0,0,0,0,0},10},
                  {{65280,0,0,0,0,0,0,0},8}]},
 {turn_whitelist,[{{127,0,0,1},32},
                  {{203,0,113,113},32},
                  {{8193,3512,0,0,0,0,0,0},64}]},
 {auth_realm,<<"eturnal.net">>},
 {server_name,<<"eturnal">>},
 {auth_fun,fun eturnal:get_password/2},
 {hook_fun,fun eturnal:run_hook/2}] (eturnal:start_listeners/0:346)
2022-08-03 21:17:50.667187+00:00 [info] Listening on 127.0.0.1:53490 (tls) (STUN only) (eturnal:start_listeners/0:353)
2022-08-03 21:17:50.667342+00:00 [debug] Starting listener 127.0.0.1:34781 (auto) with options:
[{use_turn,false},
 {auth_type,anonymous},
 {tls,optional},
 {certfile,<<"run/cert.pem">>},
 {ciphers,<<"HIGH:!aNULL:@STRENGTH">>},
 {protocol_options,<<"no_tlsv1|no_tlsv1_1|cipher_server_preference">>},
 {turn_ipv4_address,{127,0,0,1}},
 {turn_min_port,49152},
 {turn_max_port,65535},
 {turn_max_allocations,10},
 {turn_max_permissions,10},
 {shaper,100000},
 {turn_blacklist,[{{10,0,0,0},8},
                  {{100,64,0,0},10},
                  {{127,0,0,0},8},
                  {{169,254,0,0},16},
                  {{172,16,0,0},12},
                  {{192,0,0,0},24},
                  {{192,0,2,0},24},
                  {{192,88,99,0},24},
                  {{192,168,0,0},16},
                  {{198,18,0,0},15},
                  {{198,51,100,0},24},
                  {{203,0,113,0},24},
                  {{224,0,0,0},4},
                  {{240,0,0,0},4},
                  {{0,0,0,0,0,0,0,1},128},
                  {{0,0,0,0,0,65535,0,0},96},
                  {{100,65435,0,0,0,0,0,0},96},
                  {{256,0,0,0,0,0,0,0},64},
                  {{8193,3512,0,0,0,0,0,0},32},
                  {{64512,0,0,0,0,0,0,0},7},
                  {{65152,0,0,0,0,0,0,0},10},
                  {{65280,0,0,0,0,0,0,0},8}]},
 {turn_whitelist,[{{127,0,0,1},32},
                  {{203,0,113,113},32},
                  {{8193,3512,0,0,0,0,0,0},64}]},
 {auth_realm,<<"eturnal.net">>},
 {server_name,<<"eturnal">>},
 {auth_fun,fun eturnal:get_password/2},
 {hook_fun,fun eturnal:run_hook/2}] (eturnal:start_listeners/0:346)
2022-08-03 21:17:50.668010+00:00 [info] Listening on 127.0.0.1:34781 (auto) (STUN only) (eturnal:start_listeners/0:353)
2022-08-03 21:17:50.668124+00:00 [debug] Started 3 modules (eturnal:init/1:96)
2022-08-03 21:17:50.668204+00:00 [debug] Started 4 listeners (eturnal:init/1:97)
2022-08-03 21:17:50.668278+00:00 [debug] PROGRESS REPORT:
    supervisor: {local,eturnal_sup}
    started: [{pid,<0.1015.0>},
              {id,eturnal},
              {mfargs,{eturnal,start_link,[]}},
              {restart_type,permanent},
              {significant,false},
              {shutdown,5000},
              {child_type,worker}]
 (supervisor:report_progress/2:1557)
2022-08-03 21:17:50.668370+00:00 [debug] PROGRESS REPORT:
    application: eturnal
    started_at: nonode@nohost
 (application_controller:info_started/2:2107)
2022-08-03 21:17:50.668373+00:00 [debug] No NOTIFY_SOCKET, dropping READY=1 notification (eturnal_systemd:handle_cast/2:108)
2022-08-03 21:17:50.668552+00:00 [debug] Watchdog interval is undefined, hibernating (eturnal_systemd:get_timeout/1:161)
2022-08-03 21:17:50.700047+00:00 [debug] Handling API call: get_info() (eturnal_ctl:get_info/0:134)
2022-08-03 21:17:50.700607+00:00 [debug] eturnal call (get_info) returned {ok,
                                  {eturnal_node_info,<<"1.10.1">>,
                                   {"25","13.0"},
                                   5813,0,149,144082829,2,55559520}} (eturnal_ctl:call/1:451)
2022-08-03 21:17:50.727073+00:00 [debug] Handling API call: get_sessions() (eturnal_ctl:get_sessions/0:105)
2022-08-03 21:17:50.751615+00:00 [debug] Handling API call: get_sessions("alice") (eturnal_ctl:get_sessions/1:115)
2022-08-03 21:17:50.751818+00:00 [debug] Handling API call: disconnect(alice) (eturnal_ctl:disconnect/1:183)
2022-08-03 21:17:50.751925+00:00 [debug] Cannot convert user name to binary: alice (eturnal_ctl:disconnect/1:193)
2022-08-03 21:17:50.776992+00:00 [debug] Handling API call: disconnect("alice") (eturnal_ctl:disconnect/1:183)
2022-08-03 21:17:50.777285+00:00 [debug] Handling API call: disconnect(alice) (eturnal_ctl:disconnect/1:183)
2022-08-03 21:17:50.777436+00:00 [debug] Cannot convert user name to binary: alice (eturnal_ctl:disconnect/1:193)
2022-08-03 21:17:50.802944+00:00 [debug] Handling API call: get_credentials("2009-10-30 11:00:00Z", []) (eturnal_ctl:get_credentials/2:59)
2022-08-03 21:17:50.803350+00:00 [debug] eturnal call ({get_password,<<"1256900400">>}) returned {ok,
                                                         <<"uEKlpcME7MNMMVRV8rUFPCTIFEs=">>} (eturnal_ctl:call/1:451)
2022-08-03 21:17:50.803727+00:00 [debug] Handling API call: get_credentials("86400", "alice") (eturnal_ctl:get_credentials/2:59)
2022-08-03 21:17:50.804173+00:00 [debug] eturnal call ({get_password,<<"1659647870:alice">>}) returned {ok,
                                                               <<"B0UhJqatYVOBZJ2CAltnKSGfjrE=">>} (eturnal_ctl:call/1:451)
2022-08-03 21:17:50.804482+00:00 [debug] Handling API call: get_password("1659647870:alice") (eturnal_ctl:get_password/1:78)
2022-08-03 21:17:50.804851+00:00 [debug] eturnal call ({get_password,<<"1659647870:alice">>}) returned {ok,
                                                               <<"B0UhJqatYVOBZJ2CAltnKSGfjrE=">>} (eturnal_ctl:call/1:451)
2022-08-03 21:17:50.805025+00:00 [debug] Handling API call: get_credentials("86400s", "alice") (eturnal_ctl:get_credentials/2:59)
2022-08-03 21:17:50.805358+00:00 [debug] eturnal call ({get_password,<<"1659647870:alice">>}) returned {ok,
                                                               <<"B0UhJqatYVOBZJ2CAltnKSGfjrE=">>} (eturnal_ctl:call/1:451)
2022-08-03 21:17:50.805661+00:00 [debug] Handling API call: get_password("1659647870:alice") (eturnal_ctl:get_password/1:78)
2022-08-03 21:17:50.805941+00:00 [debug] eturnal call ({get_password,<<"1659647870:alice">>}) returned {ok,
                                                               <<"B0UhJqatYVOBZJ2CAltnKSGfjrE=">>} (eturnal_ctl:call/1:451)
2022-08-03 21:17:50.806285+00:00 [debug] Handling API call: get_credentials("1440m", "alice") (eturnal_ctl:get_credentials/2:59)
2022-08-03 21:17:50.806636+00:00 [debug] eturnal call ({get_password,<<"1659647870:alice">>}) returned {ok,
                                                               <<"B0UhJqatYVOBZJ2CAltnKSGfjrE=">>} (eturnal_ctl:call/1:451)
2022-08-03 21:17:50.806970+00:00 [debug] Handling API call: get_password("1659647870:alice") (eturnal_ctl:get_password/1:78)
2022-08-03 21:17:50.807358+00:00 [debug] eturnal call ({get_password,<<"1659647870:alice">>}) returned {ok,
                                                               <<"B0UhJqatYVOBZJ2CAltnKSGfjrE=">>} (eturnal_ctl:call/1:451)
2022-08-03 21:17:50.807541+00:00 [debug] Handling API call: get_credentials("24h", "alice") (eturnal_ctl:get_credentials/2:59)
2022-08-03 21:17:50.807884+00:00 [debug] eturnal call ({get_password,<<"1659647870:alice">>}) returned {ok,
                                                               <<"B0UhJqatYVOBZJ2CAltnKSGfjrE=">>} (eturnal_ctl:call/1:451)
2022-08-03 21:17:50.808188+00:00 [debug] Handling API call: get_password("1659647870:alice") (eturnal_ctl:get_password/1:78)
2022-08-03 21:17:50.808485+00:00 [debug] eturnal call ({get_password,<<"1659647870:alice">>}) returned {ok,
                                                               <<"B0UhJqatYVOBZJ2CAltnKSGfjrE=">>} (eturnal_ctl:call/1:451)
2022-08-03 21:17:50.808820+00:00 [debug] Handling API call: get_credentials("1d", "alice") (eturnal_ctl:get_credentials/2:59)
2022-08-03 21:17:50.809138+00:00 [debug] eturnal call ({get_password,<<"1659647870:alice">>}) returned {ok,
                                                               <<"B0UhJqatYVOBZJ2CAltnKSGfjrE=">>} (eturnal_ctl:call/1:451)
2022-08-03 21:17:50.809432+00:00 [debug] Handling API call: get_password("1659647870:alice") (eturnal_ctl:get_password/1:78)
2022-08-03 21:17:50.809784+00:00 [debug] eturnal call ({get_password,<<"1659647870:alice">>}) returned {ok,
                                                               <<"B0UhJqatYVOBZJ2CAltnKSGfjrE=">>} (eturnal_ctl:call/1:451)
2022-08-03 21:17:50.810124+00:00 [debug] Handling API call: get_password("Invalid") (eturnal_ctl:get_password/1:78)
2022-08-03 21:17:50.810227+00:00 [debug] Invalid user name: Invalid (eturnal_ctl:get_password/1:92)
2022-08-03 21:17:50.810462+00:00 [debug] Handling API call: get_credentials("Invalid", []) (eturnal_ctl:get_credentials/2:59)
2022-08-03 21:17:50.810583+00:00 [debug] Invalid argument(s): "Invalid":[] (eturnal_ctl:get_credentials/2:72)
2022-08-03 21:17:50.810865+00:00 [debug] Handling API call: get_password(invalid) (eturnal_ctl:get_password/1:78)
2022-08-03 21:17:50.811217+00:00 [debug] Cannot convert user name to binary: invalid (eturnal_ctl:get_password/1:99)
2022-08-03 21:17:50.811460+00:00 [debug] Handling API call: get_credentials(invalid, []) (eturnal_ctl:get_credentials/2:59)
2022-08-03 21:17:50.811677+00:00 [debug] Invalid argument(s): invalid:[] (eturnal_ctl:get_credentials/2:72)
2022-08-03 21:17:50.811916+00:00 [debug] Handling API call: get_password([invalid]) (eturnal_ctl:get_password/1:78)
2022-08-03 21:17:50.812143+00:00 [debug] Cannot convert user name to binary: [invalid] (eturnal_ctl:get_password/1:99)
2022-08-03 21:17:50.812227+00:00 [debug] Handling API call: get_credentials([invalid], []) (eturnal_ctl:get_credentials/2:59)
2022-08-03 21:17:50.812406+00:00 [debug] Invalid argument(s): [invalid]:[] (eturnal_ctl:get_credentials/2:72)
2022-08-03 21:17:50.812543+00:00 [debug] Handling API call: get_credentials(1256900400, invalid) (eturnal_ctl:get_credentials/2:59)
2022-08-03 21:17:50.812616+00:00 [debug] Invalid argument(s): 1256900400:invalid (eturnal_ctl:get_credentials/2:72)
2022-08-03 21:17:50.837586+00:00 [debug] Handling API call: set_loglevel(debug) (eturnal_ctl:set_loglevel/1:164)
2022-08-03 21:17:50.838169+00:00 [debug] eturnal call ({set_loglevel,debug}) returned ok (eturnal_ctl:call/1:448)
2022-08-03 21:17:50.838377+00:00 [debug] Handling API call: get_loglevel() (eturnal_ctl:get_loglevel/0:154)
2022-08-03 21:17:50.838714+00:00 [debug] eturnal call (get_loglevel) returned {ok,debug} (eturnal_ctl:call/1:451)
2022-08-03 21:17:50.838931+00:00 [debug] Handling API call: set_loglevel(invalid) (eturnal_ctl:set_loglevel/1:164)
2022-08-03 21:17:50.839027+00:00 [debug] Invalid log level: invalid (eturnal_ctl:set_loglevel/1:174)
2022-08-03 21:17:50.839155+00:00 [debug] Handling API call: get_loglevel() (eturnal_ctl:get_loglevel/0:154)
2022-08-03 21:17:50.839309+00:00 [debug] eturnal call (get_loglevel) returned {ok,debug} (eturnal_ctl:call/1:451)
2022-08-03 21:17:50.863215+00:00 [debug] Handling API call: get_version() (eturnal_ctl:get_version/0:144)
2022-08-03 21:17:50.863370+00:00 [debug] eturnal call (get_version) returned {ok,<<"1.10.1">>} (eturnal_ctl:call/1:451)
2022-08-03 21:17:50.887610+00:00 [debug] Handling API call: reload() (eturnal_ctl:reload/0:199)
2022-08-03 21:17:50.889806+00:00 [debug] Calling mod_log_stun:options/0 (eturnal_module:options/1:191)
2022-08-03 21:17:50.889957+00:00 [debug] Calling mod_stats_influx:options/0 (eturnal_module:options/1:191)
2022-08-03 21:17:50.890046+00:00 [debug] Calling mod_stats_prometheus:options/0 (eturnal_module:options/1:191)
2022-08-03 21:17:50.890590+00:00 [warning] TLS enabled without 'tls_crt_file', creating self-signed certificate (eturnal:check_pem_file/0:669)
2022-08-03 21:17:51.307540+00:00 [info] Using new TLS certificate (eturnal:handle_call/3:114)
2022-08-03 21:17:51.307949+00:00 [debug] Calling mod_log_stun:stop/1 (eturnal_module:stop/1:162)
2022-08-03 21:17:51.308084+00:00 [debug] Stopping mod_log_stun (mod_log_stun:stop/0:49)
2022-08-03 21:17:51.308184+00:00 [info] Stopped mod_log_stun (eturnal:stop_modules/1:326)
2022-08-03 21:17:51.309521+00:00 [debug] Calling mod_stats_influx:stop/1 (eturnal_module:stop/1:162)
2022-08-03 21:17:51.309713+00:00 [debug] Stopping mod_stats_influx (mod_stats_influx:stop/0:61)
2022-08-03 21:17:51.309865+00:00 [info] Stopped mod_stats_influx (eturnal:stop_modules/1:326)
2022-08-03 21:17:51.311627+00:00 [debug] Calling mod_stats_prometheus:stop/1 (eturnal_module:stop/1:162)
2022-08-03 21:17:51.311790+00:00 [debug] Stopping mod_stats_prometheus (mod_stats_prometheus:stop/0:110)
2022-08-03 21:17:51.312364+00:00 [info] Stopped mod_stats_prometheus (eturnal:stop_modules/1:326)
2022-08-03 21:17:51.312757+00:00 [debug] Calling mod_log_stun:start/0 (eturnal_module:start/1:142)
2022-08-03 21:17:51.312840+00:00 [debug] Starting mod_log_stun (mod_log_stun:start/0:38)
2022-08-03 21:17:51.313766+00:00 [info] Started mod_log_stun (eturnal:start_modules/0:313)
2022-08-03 21:17:51.314189+00:00 [debug] Calling mod_stats_influx:start/0 (eturnal_module:start/1:142)
2022-08-03 21:17:51.314285+00:00 [debug] Starting mod_stats_influx (mod_stats_influx:start/0:37)
2022-08-03 21:17:51.314374+00:00 [debug] Dependency influx_udp was available already (eturnal_module:ensure_dep/2:283)
2022-08-03 21:17:51.315540+00:00 [info]     host: {127,0,0,1}
    msg: Start clients pool
    options: #{host => "localhost",max_overflow => 1,pool_size => 1,
               port => 8089} (influx_udp:start_pool_/2:239)
2022-08-03 21:17:51.316577+00:00 [info] Started mod_stats_influx (eturnal:start_modules/0:313)
2022-08-03 21:17:51.316761+00:00 [debug] Calling mod_stats_prometheus:start/0 (eturnal_module:start/1:142)
2022-08-03 21:17:51.316836+00:00 [debug] Starting mod_stats_prometheus (mod_stats_prometheus:start/0:56)
2022-08-03 21:17:51.316914+00:00 [debug] Dependency prometheus_httpd was available already (eturnal_module:ensure_dep/2:283)
2022-08-03 21:17:51.317856+00:00 [debug] PROGRESS REPORT:
    supervisor: {local,httpd_instance_sup__127_0_0_1__9081default}
    started: [{pid,<0.1190.0>},
              {id,{httpd_connection_sup,{127,0,0,1},9081,default}},
              {mfargs,{httpd_connection_sup,start_link,[[{127,0,0,1},9081]]}},
              {restart_type,permanent},
              {significant,false},
              {shutdown,5000},
              {child_type,supervisor}]
 (supervisor:report_progress/2:1557)
2022-08-03 21:17:51.318377+00:00 [debug] PROGRESS REPORT:
    supervisor: {local,httpd_acceptor_sup__127_0_0_1__9081default}
    started: [{pid,<0.1192.0>},
              {id,{httpd_acceptor_sup,{127,0,0,1},9081,default}},
              {mfargs,{httpd_acceptor,start_link,
                                      [httpd__127_0_0_1__9081default,ip_comm,
                                       {127,0,0,1},
                                       9081,inet,
                                       httpd_conf__127_0_0_1__9081default,
                                       15000]}},
              {restart_type,transient},
              {significant,false},
              {shutdown,brutal_kill},
              {child_type,worker}]
 (supervisor:report_progress/2:1557)
2022-08-03 21:17:51.318544+00:00 [debug] PROGRESS REPORT:
    supervisor: {local,httpd_instance_sup__127_0_0_1__9081default}
    started: [{pid,<0.1191.0>},
              {id,{httpd_acceptor_sup,{127,0,0,1},9081,default}},
              {mfargs,
                  {httpd_acceptor_sup,start_link,
                      [[{127,0,0,1},
                        9081,
                        [{bind_address,{127,0,0,1}},
                         {socket_type,ip_comm},
                         {port,9081},
                         {server_root,"run/mod_stats_prometheus/doc"},
                         {document_root,"run/mod_stats_prometheus/doc"},
                         {server_name,"Prometheus Exporter"},
                         {modules,[prometheus_httpd]}],
                        15000,undefined]]}},
              {restart_type,permanent},
              {significant,false},
              {shutdown,infinity},
              {child_type,supervisor}]
 (supervisor:report_progress/2:1557)
2022-08-03 21:17:51.319174+00:00 [debug] PROGRESS REPORT:
    supervisor: {local,httpd_instance_sup__127_0_0_1__9081default}
    started: [{pid,<0.1193.0>},
              {id,{httpd_misc_sup,{127,0,0,1},9081,default}},
              {mfargs,{httpd_misc_sup,start_link,[{127,0,0,1},9081,default]}},
              {restart_type,permanent},
              {significant,false},
              {shutdown,infinity},
              {child_type,supervisor}]
 (supervisor:report_progress/2:1557)
2022-08-03 21:17:51.319921+00:00 [debug] PROGRESS REPORT:
    supervisor: {local,httpd_instance_sup__127_0_0_1__9081default}
    started: [{pid,<0.1194.0>},
              {id,{httpd_manager,{127,0,0,1},9081,default}},
              {mfargs,
                  {httpd_manager,start_link,
                      [undefined,
                       [{bind_address,{127,0,0,1}},
                        {socket_type,ip_comm},
                        {port,9081},
                        {server_root,"run/mod_stats_prometheus/doc"},
                        {document_root,"run/mod_stats_prometheus/doc"},
                        {server_name,"Prometheus Exporter"},
                        {modules,[prometheus_httpd]}],
                       15000]}},
              {restart_type,permanent},
              {significant,false},
              {shutdown,4000},
              {child_type,worker}]
 (supervisor:report_progress/2:1557)
2022-08-03 21:17:51.320163+00:00 [debug] PROGRESS REPORT:
    supervisor: {local,httpd_sup}
    started: [{pid,<0.1189.0>},
              {id,{httpd_instance_sup,{127,0,0,1},9081,default}},
              {mfargs,
                  {httpd_instance_sup,start_link,
                      [[{bind_address,{127,0,0,1}},
                        {socket_type,ip_comm},
                        {port,9081},
                        {server_root,"run/mod_stats_prometheus/doc"},
                        {document_root,"run/mod_stats_prometheus/doc"},
                        {server_name,"Prometheus Exporter"},
                        {modules,[prometheus_httpd]}],
                       15000,[]]}},
              {restart_type,permanent},
              {significant,false},
              {shutdown,infinity},
              {child_type,supervisor}]
 (supervisor:report_progress/2:1557)
2022-08-03 21:17:51.320427+00:00 [info] Started mod_stats_prometheus (eturnal:start_modules/0:313)
2022-08-03 21:17:51.320557+00:00 [debug] Restarted modules (eturnal:handle_call/3:122)
2022-08-03 21:17:51.320811+00:00 [debug] eturnal call (reload) returned ok (eturnal_ctl:call/1:448)
2022-08-03 21:17:51.321527+00:00 [debug] Handling API call: reload() (eturnal_ctl:reload/0:199)
2022-08-03 21:17:51.323642+00:00 [debug] Calling mod_log_stun:options/0 (eturnal_module:options/1:191)
2022-08-03 21:17:51.324351+00:00 [debug] Calling mod_stats_influx:options/0 (eturnal_module:options/1:191)
2022-08-03 21:17:51.324450+00:00 [debug] Calling mod_stats_prometheus:options/0 (eturnal_module:options/1:191)
2022-08-03 21:17:51.326869+00:00 [debug] Keeping PEM file (run/cert.pem) (eturnal:check_pem_file/0:666)
2022-08-03 21:17:51.327024+00:00 [debug] TLS certificate unchanged (eturnal:handle_call/3:116)
2022-08-03 21:17:51.327346+00:00 [debug] Calling mod_log_stun:stop/1 (eturnal_module:stop/1:162)
2022-08-03 21:17:51.327547+00:00 [debug] Stopping mod_log_stun (mod_log_stun:stop/0:49)
2022-08-03 21:17:51.327858+00:00 [info] Stopped mod_log_stun (eturnal:stop_modules/1:326)
2022-08-03 21:17:51.329398+00:00 [debug] Calling mod_stats_influx:stop/1 (eturnal_module:stop/1:162)
2022-08-03 21:17:51.329532+00:00 [debug] Stopping mod_stats_influx (mod_stats_influx:stop/0:61)
2022-08-03 21:17:51.329668+00:00 [info] Stopped mod_stats_influx (eturnal:stop_modules/1:326)
2022-08-03 21:17:51.330999+00:00 [debug] Calling mod_stats_prometheus:stop/1 (eturnal_module:stop/1:162)
2022-08-03 21:17:51.331160+00:00 [debug] Stopping mod_stats_prometheus (mod_stats_prometheus:stop/0:110)
2022-08-03 21:17:51.332470+00:00 [info] Stopped mod_stats_prometheus (eturnal:stop_modules/1:326)
2022-08-03 21:17:51.332603+00:00 [debug] Calling mod_log_stun:start/0 (eturnal_module:start/1:142)
2022-08-03 21:17:51.332755+00:00 [debug] Starting mod_log_stun (mod_log_stun:start/0:38)
2022-08-03 21:17:51.333797+00:00 [info] Started mod_log_stun (eturnal:start_modules/0:313)
2022-08-03 21:17:51.333994+00:00 [debug] Calling mod_stats_influx:start/0 (eturnal_module:start/1:142)
2022-08-03 21:17:51.334068+00:00 [debug] Starting mod_stats_influx (mod_stats_influx:start/0:37)
2022-08-03 21:17:51.334232+00:00 [debug] Dependency influx_udp was available already (eturnal_module:ensure_dep/2:283)
2022-08-03 21:17:51.335447+00:00 [info]     host: {127,0,0,1}
    msg: Start clients pool
    options: #{host => "localhost",max_overflow => 1,pool_size => 1,
               port => 8089} (influx_udp:start_pool_/2:239)
2022-08-03 21:17:51.335959+00:00 [info] Started mod_stats_influx (eturnal:start_modules/0:313)
2022-08-03 21:17:51.336063+00:00 [debug] Calling mod_stats_prometheus:start/0 (eturnal_module:start/1:142)
2022-08-03 21:17:51.336166+00:00 [debug] Starting mod_stats_prometheus (mod_stats_prometheus:start/0:56)
2022-08-03 21:17:51.336237+00:00 [debug] Dependency prometheus_httpd was available already (eturnal_module:ensure_dep/2:283)
2022-08-03 21:17:51.337035+00:00 [debug] PROGRESS REPORT:
    supervisor: {local,httpd_instance_sup__127_0_0_1__9081default}
    started: [{pid,<0.1223.0>},
              {id,{httpd_connection_sup,{127,0,0,1},9081,default}},
              {mfargs,{httpd_connection_sup,start_link,[[{127,0,0,1},9081]]}},
              {restart_type,permanent},
              {significant,false},
              {shutdown,5000},
              {child_type,supervisor}]
 (supervisor:report_progress/2:1557)
2022-08-03 21:17:51.337377+00:00 [debug] PROGRESS REPORT:
    supervisor: {local,httpd_acceptor_sup__127_0_0_1__9081default}
    started: [{pid,<0.1226.0>},
              {id,{httpd_acceptor_sup,{127,0,0,1},9081,default}},
              {mfargs,{httpd_acceptor,start_link,
                                      [httpd__127_0_0_1__9081default,ip_comm,
                                       {127,0,0,1},
                                       9081,inet,
                                       httpd_conf__127_0_0_1__9081default,
                                       15000]}},
              {restart_type,transient},
              {significant,false},
              {shutdown,brutal_kill},
              {child_type,worker}]
 (supervisor:report_progress/2:1557)
2022-08-03 21:17:51.337513+00:00 [debug] PROGRESS REPORT:
    supervisor: {local,httpd_instance_sup__127_0_0_1__9081default}
    started: [{pid,<0.1224.0>},
              {id,{httpd_acceptor_sup,{127,0,0,1},9081,default}},
              {mfargs,
                  {httpd_acceptor_sup,start_link,
                      [[{127,0,0,1},
                        9081,
                        [{bind_address,{127,0,0,1}},
                         {socket_type,ip_comm},
                         {port,9081},
                         {server_root,"run/mod_stats_prometheus/doc"},
                         {document_root,"run/mod_stats_prometheus/doc"},
                         {server_name,"Prometheus Exporter"},
                         {modules,[prometheus_httpd]}],
                        15000,undefined]]}},
              {restart_type,permanent},
              {significant,false},
              {shutdown,infinity},
              {child_type,supervisor}]
 (supervisor:report_progress/2:1557)
2022-08-03 21:17:51.337654+00:00 [debug] PROGRESS REPORT:
    supervisor: {local,httpd_instance_sup__127_0_0_1__9081default}
    started: [{pid,<0.1227.0>},
              {id,{httpd_misc_sup,{127,0,0,1},9081,default}},
              {mfargs,{httpd_misc_sup,start_link,[{127,0,0,1},9081,default]}},
              {restart_type,permanent},
              {significant,false},
              {shutdown,infinity},
              {child_type,supervisor}]
 (supervisor:report_progress/2:1557)
2022-08-03 21:17:51.338216+00:00 [debug] PROGRESS REPORT:
    supervisor: {local,httpd_instance_sup__127_0_0_1__9081default}
    started: [{pid,<0.1228.0>},
              {id,{httpd_manager,{127,0,0,1},9081,default}},
              {mfargs,
                  {httpd_manager,start_link,
                      [undefined,
                       [{bind_address,{127,0,0,1}},
                        {socket_type,ip_comm},
                        {port,9081},
                        {server_root,"run/mod_stats_prometheus/doc"},
                        {document_root,"run/mod_stats_prometheus/doc"},
                        {server_name,"Prometheus Exporter"},
                        {modules,[prometheus_httpd]}],
                       15000]}},
              {restart_type,permanent},
              {significant,false},
              {shutdown,4000},
              {child_type,worker}]
 (supervisor:report_progress/2:1557)
2022-08-03 21:17:51.338362+00:00 [debug] PROGRESS REPORT:
    supervisor: {local,httpd_sup}
    started: [{pid,<0.1222.0>},
              {id,{httpd_instance_sup,{127,0,0,1},9081,default}},
              {mfargs,
                  {httpd_instance_sup,start_link,
                      [[{bind_address,{127,0,0,1}},
                        {socket_type,ip_comm},
                        {port,9081},
                        {server_root,"run/mod_stats_prometheus/doc"},
                        {document_root,"run/mod_stats_prometheus/doc"},
                        {server_name,"Prometheus Exporter"},
                        {modules,[prometheus_httpd]}],
                       15000,[]]}},
              {restart_type,permanent},
              {significant,false},
              {shutdown,infinity},
              {child_type,supervisor}]
 (supervisor:report_progress/2:1557)
2022-08-03 21:17:51.338877+00:00 [info] Started mod_stats_prometheus (eturnal:start_modules/0:313)
2022-08-03 21:17:51.338987+00:00 [debug] Restarted modules (eturnal:handle_call/3:122)
2022-08-03 21:17:51.339103+00:00 [debug] eturnal call (reload) returned ok (eturnal_ctl:call/1:448)
2022-08-03 21:17:51.363803+00:00 [info] Accepting connection: 127.0.0.1:43596 -> 127.0.0.1:34780 [TCP, session sk12egychy8q] (stun_acceptor:accept/3:158)
2022-08-03 21:17:51.387928+00:00 [info] Accepting connection: 127.0.0.1:60280 -> 127.0.0.1:53490 [TLS, session lxqbs5tihtuc] (stun_acceptor:accept/3:158)
2022-08-03 21:17:51.413462+00:00 [debug] Received:
#stun{class = request,method = 3,magic = 554869826,
      trid = 39488256891001478460132996219,raw = <<>>,unsupported = [],
      'ALTERNATE-SERVER' = undefined,'CHANNEL-NUMBER' = undefined,
      'DATA' = undefined,'DONT-FRAGMENT' = false,'ERROR-CODE' = undefined,
      'LIFETIME' = undefined,'MAPPED-ADDRESS' = undefined,
      'MESSAGE-INTEGRITY' = undefined,'NONCE' = undefined,'REALM' = undefined,
      'REQUESTED-ADDRESS-FAMILY' = undefined,
      'REQUESTED-TRANSPORT' = undefined,'SOFTWARE' = undefined,
      'UNKNOWN-ATTRIBUTES' = [],'USERNAME' = undefined,
      'XOR-MAPPED-ADDRESS' = undefined,'XOR-PEER-ADDRESS' = [],
      'XOR-RELAYED-ADDRESS' = undefined} (stun:udp_recv/5:112)
2022-08-03 21:17:51.413650+00:00 [debug] Sending:
#stun{class = error,method = 3,magic = 554869826,
      trid = 39488256891001478460132996219,raw = <<>>,unsupported = [],
      'ALTERNATE-SERVER' = undefined,'CHANNEL-NUMBER' = undefined,
      'DATA' = undefined,'DONT-FRAGMENT' = false,
      'ERROR-CODE' = {401,<<"Unauthorized">>},
      'LIFETIME' = undefined,'MAPPED-ADDRESS' = undefined,
      'MESSAGE-INTEGRITY' = undefined,'NONCE' = <<"4137263403">>,
      'REALM' = <<"eturnal.net">>,'REQUESTED-ADDRESS-FAMILY' = undefined,
      'REQUESTED-TRANSPORT' = undefined,'SOFTWARE' = <<"eturnal">>,
      'UNKNOWN-ATTRIBUTES' = [],'USERNAME' = undefined,
      'XOR-MAPPED-ADDRESS' = undefined,'XOR-PEER-ADDRESS' = [],
      'XOR-RELAYED-ADDRESS' = undefined} (stun:send/3:464)
2022-08-03 21:17:51.414048+00:00 [debug] Received:
#stun{class = request,method = 3,magic = 554869826,
      trid = 79047167346920645602560174739,
      raw = <<0,3,0,80,33,18,164,66,255,106,72,200,81,93,71,156,215,39,234,147,
              0,25,0,4,17,0,0,0,0,6,0,10,50,49,52,53,57,49,51,50,48,48,0,0,0,
              20,0,11,101,116,117,114,110,97,108,46,110,101,116,0,0,21,0,10,52,
              49,51,55,50,54,51,52,48,51,0,0>>,
      unsupported = [],'ALTERNATE-SERVER' = undefined,
      'CHANNEL-NUMBER' = undefined,'DATA' = undefined,'DONT-FRAGMENT' = false,
      'ERROR-CODE' = undefined,'LIFETIME' = undefined,
      'MAPPED-ADDRESS' = undefined,
      'MESSAGE-INTEGRITY' = <<189,24,28,196,120,193,149,86,94,80,122,114,156,
                              185,32,161,61,149,99,26>>,
      'NONCE' = <<"4137263403">>,'REALM' = <<"eturnal.net">>,
      'REQUESTED-ADDRESS-FAMILY' = undefined,'REQUESTED-TRANSPORT' = udp,
      'SOFTWARE' = undefined,'UNKNOWN-ATTRIBUTES' = [],
      'USERNAME' = <<"2145913200">>,'XOR-MAPPED-ADDRESS' = undefined,
      'XOR-PEER-ADDRESS' = [],'XOR-RELAYED-ADDRESS' = undefined} (stun:udp_recv/5:112)
2022-08-03 21:17:51.414190+00:00 [debug] Looking up password for: 2145913200 [UDP, session 0dchsuq8i0xv, user 2145913200, client 127.0.0.1:46136] (eturnal:get_password/2:215)
2022-08-03 21:17:51.414269+00:00 [info] Accepting long-term STUN/TURN authentication [UDP, session 0dchsuq8i0xv, user 2145913200, client 127.0.0.1:46136] (stun:process/2:255)
2022-08-03 21:17:51.414407+00:00 [debug] Running 'turn_session_start' hook [UDP, session 0dchsuq8i0xv, user 2145913200, client 127.0.0.1:46136] (turn:run_hook/3:740)
2022-08-03 21:17:51.414467+00:00 [debug] Got 'turn_session_start' event [UDP, session 0dchsuq8i0xv, user 2145913200, client 127.0.0.1:46136] (eturnal_module:handle_event/2:176)
2022-08-03 21:17:51.414516+00:00 [debug] Calling mod_stats_prometheus:handle_event/2 [UDP, session 0dchsuq8i0xv, user 2145913200, client 127.0.0.1:46136] (eturnal_module:handle_event/2:179)
2022-08-03 21:17:51.414587+00:00 [debug] Observing started TURN session 0dchsuq8i0xv for Prometheus [UDP, session 0dchsuq8i0xv, user 2145913200, client 127.0.0.1:46136] (mod_stats_prometheus:on_turn_session_start/1:174)
2022-08-03 21:17:51.414863+00:00 [notice] Creating TURN allocation (lifetime: 600 seconds) [UDP, session 0dchsuq8i0xv, user 2145913200, client 127.0.0.1:46136, relay 127.0.0.1:54123] (turn:wait_for_allocate/2:219)
2022-08-03 21:17:51.415018+00:00 [debug] Sending:
#stun{class = response,method = 3,magic = 554869826,
      trid = 79047167346920645602560174739,raw = <<>>,unsupported = [],
      'ALTERNATE-SERVER' = undefined,'CHANNEL-NUMBER' = undefined,
      'DATA' = undefined,'DONT-FRAGMENT' = false,'ERROR-CODE' = undefined,
      'LIFETIME' = 600,'MAPPED-ADDRESS' = undefined,
      'MESSAGE-INTEGRITY' = undefined,'NONCE' = undefined,'REALM' = undefined,
      'REQUESTED-ADDRESS-FAMILY' = undefined,
      'REQUESTED-TRANSPORT' = undefined,'SOFTWARE' = <<"eturnal">>,
      'UNKNOWN-ATTRIBUTES' = [],'USERNAME' = undefined,
      'XOR-MAPPED-ADDRESS' = {{127,0,0,1},46136},
      'XOR-PEER-ADDRESS' = [],
      'XOR-RELAYED-ADDRESS' = {{127,0,0,1},54123}} (turn:send/2:542)
2022-08-03 21:17:51.415301+00:00 [debug] Received:
#stun{class = request,method = 4,magic = 554869826,
      trid = 46329826812770753125159609156,
      raw = <<0,4,0,80,33,18,164,66,149,179,34,112,16,108,222,127,21,25,35,68,
              0,6,0,10,50,49,52,53,57,49,51,50,48,48,0,0,0,20,0,11,101,116,117,
              114,110,97,108,46,110,101,116,0,0,21,0,10,52,49,51,55,50,54,51,
              52,48,51,0,0,0,13,0,4,0,0,0,0>>,
      unsupported = [],'ALTERNATE-SERVER' = undefined,
      'CHANNEL-NUMBER' = undefined,'DATA' = undefined,'DONT-FRAGMENT' = false,
      'ERROR-CODE' = undefined,'LIFETIME' = 0,'MAPPED-ADDRESS' = undefined,
      'MESSAGE-INTEGRITY' = <<17,138,119,43,196,8,177,55,20,114,111,29,189,214,
                              233,122,165,163,198,29>>,
      'NONCE' = <<"4137263403">>,'REALM' = <<"eturnal.net">>,
      'REQUESTED-ADDRESS-FAMILY' = undefined,
      'REQUESTED-TRANSPORT' = undefined,'SOFTWARE' = undefined,
      'UNKNOWN-ATTRIBUTES' = [],'USERNAME' = <<"2145913200">>,
      'XOR-MAPPED-ADDRESS' = undefined,'XOR-PEER-ADDRESS' = [],
      'XOR-RELAYED-ADDRESS' = undefined} (stun:udp_recv/5:112)
2022-08-03 21:17:51.415432+00:00 [debug] Looking up password for: 2145913200 [UDP, session 4l4zccshr543, user 2145913200, client 127.0.0.1:46136] (eturnal:get_password/2:215)
2022-08-03 21:17:51.415522+00:00 [info] Accepting long-term STUN/TURN authentication [UDP, session 4l4zccshr543, user 2145913200, client 127.0.0.1:46136] (stun:process/2:255)
2022-08-03 21:17:51.415572+00:00 [info] Client requested closing the TURN session [UDP, session 0dchsuq8i0xv, user 2145913200, client 127.0.0.1:46136, relay 127.0.0.1:54123] (turn:active/2:278)
2022-08-03 21:17:51.415651+00:00 [debug] Sending:
#stun{class = response,method = 4,magic = 554869826,
      trid = 46329826812770753125159609156,raw = <<>>,unsupported = [],
      'ALTERNATE-SERVER' = undefined,'CHANNEL-NUMBER' = undefined,
      'DATA' = undefined,'DONT-FRAGMENT' = false,'ERROR-CODE' = undefined,
      'LIFETIME' = 0,'MAPPED-ADDRESS' = undefined,
      'MESSAGE-INTEGRITY' = undefined,'NONCE' = undefined,'REALM' = undefined,
      'REQUESTED-ADDRESS-FAMILY' = undefined,
      'REQUESTED-TRANSPORT' = undefined,'SOFTWARE' = <<"eturnal">>,
      'UNKNOWN-ATTRIBUTES' = [],'USERNAME' = undefined,
      'XOR-MAPPED-ADDRESS' = undefined,'XOR-PEER-ADDRESS' = [],
      'XOR-RELAYED-ADDRESS' = undefined} (turn:send/2:542)
2022-08-03 21:17:51.415753+00:00 [info] Deleting TURN allocation [UDP, session 0dchsuq8i0xv, user 2145913200, client 127.0.0.1:46136, relay 127.0.0.1:54123] (turn:terminate/3:475)
2022-08-03 21:17:51.415840+00:00 [notice] Relayed 0 KiB (in 0 B / 0 packets, out 0 B / 0 packets), duration: 0 seconds [UDP, session 0dchsuq8i0xv, user 2145913200, client 127.0.0.1:46136, relay 127.0.0.1:54123] (turn:terminate/3:482)
2022-08-03 21:17:51.415883+00:00 [debug] Running 'turn_session_stop' hook [UDP, session 0dchsuq8i0xv, user 2145913200, client 127.0.0.1:46136, relay 127.0.0.1:54123] (turn:run_hook/3:740)
2022-08-03 21:17:51.415917+00:00 [debug] Got 'turn_session_stop' event [UDP, session 0dchsuq8i0xv, user 2145913200, client 127.0.0.1:46136, relay 127.0.0.1:54123] (eturnal_module:handle_event/2:176)
2022-08-03 21:17:51.415953+00:00 [debug] Calling mod_stats_influx:handle_event/2 [UDP, session 0dchsuq8i0xv, user 2145913200, client 127.0.0.1:46136, relay 127.0.0.1:54123] (eturnal_module:handle_event/2:179)
2022-08-03 21:17:51.415989+00:00 [debug] Writing stats of TURN session 0dchsuq8i0xv to InfluxDB [UDP, session 0dchsuq8i0xv, user 2145913200, client 127.0.0.1:46136, relay 127.0.0.1:54123] (mod_stats_influx:on_turn_session_stop/1:87)
2022-08-03 21:17:51.416224+00:00 [debug] Calling mod_stats_prometheus:handle_event/2 [UDP, session 0dchsuq8i0xv, user 2145913200, client 127.0.0.1:46136, relay 127.0.0.1:54123] (eturnal_module:handle_event/2:179)
2022-08-03 21:17:51.416280+00:00 [debug] Observing stopped TURN session 0dchsuq8i0xv for Prometheus [UDP, session 0dchsuq8i0xv, user 2145913200, client 127.0.0.1:46136, relay 127.0.0.1:54123] (mod_stats_prometheus:on_turn_session_stop/1:187)
2022-08-03 21:17:51.441385+00:00 [debug] Received:
#stun{class = request,method = 1,magic = 554869826,
      trid = 58824644159144040354466290242,raw = <<>>,unsupported = [],
      'ALTERNATE-SERVER' = undefined,'CHANNEL-NUMBER' = undefined,
      'DATA' = undefined,'DONT-FRAGMENT' = false,'ERROR-CODE' = undefined,
      'LIFETIME' = undefined,'MAPPED-ADDRESS' = undefined,
      'MESSAGE-INTEGRITY' = undefined,'NONCE' = undefined,'REALM' = undefined,
      'REQUESTED-ADDRESS-FAMILY' = undefined,
      'REQUESTED-TRANSPORT' = undefined,'SOFTWARE' = undefined,
      'UNKNOWN-ATTRIBUTES' = [],'USERNAME' = undefined,
      'XOR-MAPPED-ADDRESS' = undefined,'XOR-PEER-ADDRESS' = [],
      'XOR-RELAYED-ADDRESS' = undefined} (stun:udp_recv/5:112)
2022-08-03 21:17:51.441518+00:00 [debug] Responding to STUN request [UDP, session 4r9m2m22mzje, anonymous, client 127.0.0.1:41524] (stun:process/4:323)
2022-08-03 21:17:51.441586+00:00 [debug] Running 'stun_query' hook [UDP, session 4r9m2m22mzje, anonymous, client 127.0.0.1:41524] (stun:run_hook/3:843)
2022-08-03 21:17:51.441651+00:00 [debug] Got 'stun_query' event [UDP, session 4r9m2m22mzje, anonymous, client 127.0.0.1:41524] (eturnal_module:handle_event/2:176)
2022-08-03 21:17:51.441701+00:00 [debug] Calling mod_log_stun:handle_event/2 [UDP, session 4r9m2m22mzje, anonymous, client 127.0.0.1:41524] (eturnal_module:handle_event/2:179)
2022-08-03 21:17:51.441755+00:00 [info] Responding to STUN request [UDP, session 4r9m2m22mzje, anonymous, client 127.0.0.1:41524] (mod_log_stun:handle_event/2:44)
2022-08-03 21:17:51.441799+00:00 [debug] Calling mod_stats_influx:handle_event/2 [UDP, session 4r9m2m22mzje, anonymous, client 127.0.0.1:41524] (eturnal_module:handle_event/2:179)
2022-08-03 21:17:51.442072+00:00 [debug] Writing STUN query event to InfluxDB [UDP, session 4r9m2m22mzje, anonymous, client 127.0.0.1:41524] (mod_stats_influx:on_stun_query/1:76)
2022-08-03 21:17:51.442239+00:00 [debug] Calling mod_stats_prometheus:handle_event/2 [UDP, session 4r9m2m22mzje, anonymous, client 127.0.0.1:41524] (eturnal_module:handle_event/2:179)
2022-08-03 21:17:51.442321+00:00 [debug] Observing STUN query for Prometheus [UDP, session 4r9m2m22mzje, anonymous, client 127.0.0.1:41524] (mod_stats_prometheus:on_stun_query/1:166)
2022-08-03 21:17:51.442461+00:00 [debug] Sending:
#stun{class = response,method = 1,magic = 554869826,
      trid = 58824644159144040354466290242,raw = <<>>,unsupported = [],
      'ALTERNATE-SERVER' = undefined,'CHANNEL-NUMBER' = undefined,
      'DATA' = undefined,'DONT-FRAGMENT' = false,'ERROR-CODE' = undefined,
      'LIFETIME' = undefined,'MAPPED-ADDRESS' = undefined,
      'MESSAGE-INTEGRITY' = undefined,'NONCE' = undefined,'REALM' = undefined,
      'REQUESTED-ADDRESS-FAMILY' = undefined,
      'REQUESTED-TRANSPORT' = undefined,'SOFTWARE' = <<"eturnal">>,
      'UNKNOWN-ATTRIBUTES' = [],'USERNAME' = undefined,
      'XOR-MAPPED-ADDRESS' = {{127,0,0,1},41524},
      'XOR-PEER-ADDRESS' = [],'XOR-RELAYED-ADDRESS' = undefined} (stun:send/3:464)
2022-08-03 21:17:51.466473+00:00 [info] Accepting connection: 127.0.0.1:43598 -> 127.0.0.1:34780 [TCP, session wod0onzssqjl] (stun_acceptor:accept/3:158)
2022-08-03 21:17:51.466898+00:00 [debug] Received:
#stun{class = request,method = 1,magic = 554869826,
      trid = 38396060714990247866515898440,raw = <<>>,unsupported = [],
      'ALTERNATE-SERVER' = undefined,'CHANNEL-NUMBER' = undefined,
      'DATA' = undefined,'DONT-FRAGMENT' = false,'ERROR-CODE' = undefined,
      'LIFETIME' = undefined,'MAPPED-ADDRESS' = undefined,
      'MESSAGE-INTEGRITY' = undefined,'NONCE' = undefined,'REALM' = undefined,
      'REQUESTED-ADDRESS-FAMILY' = undefined,
      'REQUESTED-TRANSPORT' = undefined,'SOFTWARE' = undefined,
      'UNKNOWN-ATTRIBUTES' = [],'USERNAME' = undefined,
      'XOR-MAPPED-ADDRESS' = undefined,'XOR-PEER-ADDRESS' = [],
      'XOR-RELAYED-ADDRESS' = undefined} (stun:process_data/3:421)
2022-08-03 21:17:51.467005+00:00 [debug] Responding to STUN request [TCP, session wod0onzssqjl, anonymous, client 127.0.0.1:43598] (stun:process/4:323)
2022-08-03 21:17:51.467054+00:00 [debug] Running 'stun_query' hook [TCP, session wod0onzssqjl, anonymous, client 127.0.0.1:43598] (stun:run_hook/3:843)
2022-08-03 21:17:51.467126+00:00 [debug] Got 'stun_query' event [TCP, session wod0onzssqjl, anonymous, client 127.0.0.1:43598] (eturnal_module:handle_event/2:176)
2022-08-03 21:17:51.467162+00:00 [debug] Calling mod_log_stun:handle_event/2 [TCP, session wod0onzssqjl, anonymous, client 127.0.0.1:43598] (eturnal_module:handle_event/2:179)
2022-08-03 21:17:51.467241+00:00 [info] Responding to STUN request [TCP, session wod0onzssqjl, anonymous, client 127.0.0.1:43598] (mod_log_stun:handle_event/2:44)
2022-08-03 21:17:51.467277+00:00 [debug] Calling mod_stats_influx:handle_event/2 [TCP, session wod0onzssqjl, anonymous, client 127.0.0.1:43598] (eturnal_module:handle_event/2:179)
2022-08-03 21:17:51.467309+00:00 [debug] Writing STUN query event to InfluxDB [TCP, session wod0onzssqjl, anonymous, client 127.0.0.1:43598] (mod_stats_influx:on_stun_query/1:76)
2022-08-03 21:17:51.467555+00:00 [debug] Calling mod_stats_prometheus:handle_event/2 [TCP, session wod0onzssqjl, anonymous, client 127.0.0.1:43598] (eturnal_module:handle_event/2:179)
2022-08-03 21:17:51.467656+00:00 [debug] Observing STUN query for Prometheus [TCP, session wod0onzssqjl, anonymous, client 127.0.0.1:43598] (mod_stats_prometheus:on_stun_query/1:166)
2022-08-03 21:17:51.467791+00:00 [debug] Sending:
#stun{class = response,method = 1,magic = 554869826,
      trid = 38396060714990247866515898440,raw = <<>>,unsupported = [],
      'ALTERNATE-SERVER' = undefined,'CHANNEL-NUMBER' = undefined,
      'DATA' = undefined,'DONT-FRAGMENT' = false,'ERROR-CODE' = undefined,
      'LIFETIME' = undefined,'MAPPED-ADDRESS' = undefined,
      'MESSAGE-INTEGRITY' = undefined,'NONCE' = undefined,'REALM' = undefined,
      'REQUESTED-ADDRESS-FAMILY' = undefined,
      'REQUESTED-TRANSPORT' = undefined,'SOFTWARE' = <<"P1 STUN library">>,
      'UNKNOWN-ATTRIBUTES' = [],'USERNAME' = undefined,
      'XOR-MAPPED-ADDRESS' = {{127,0,0,1},43598},
      'XOR-PEER-ADDRESS' = [],'XOR-RELAYED-ADDRESS' = undefined} (stun:send/3:464)
2022-08-03 21:17:51.468026+00:00 [info] Connection reset by peer [TCP, session wod0onzssqjl, anonymous, client 127.0.0.1:43598] (stun:handle_info/3:174)
2022-08-03 21:17:51.493011+00:00 [info] Accepting connection: 127.0.0.1:60282 -> 127.0.0.1:53490 [TLS, session dfefmypjxh3n] (stun_acceptor:accept/3:158)
2022-08-03 21:17:51.601583+00:00 [debug] Received:
#stun{class = request,method = 1,magic = 554869826,
      trid = 31532634256755579100061937887,raw = <<>>,unsupported = [],
      'ALTERNATE-SERVER' = undefined,'CHANNEL-NUMBER' = undefined,
      'DATA' = undefined,'DONT-FRAGMENT' = false,'ERROR-CODE' = undefined,
      'LIFETIME' = undefined,'MAPPED-ADDRESS' = undefined,
      'MESSAGE-INTEGRITY' = undefined,'NONCE' = undefined,'REALM' = undefined,
      'REQUESTED-ADDRESS-FAMILY' = undefined,
      'REQUESTED-TRANSPORT' = undefined,'SOFTWARE' = undefined,
      'UNKNOWN-ATTRIBUTES' = [],'USERNAME' = undefined,
      'XOR-MAPPED-ADDRESS' = undefined,'XOR-PEER-ADDRESS' = [],
      'XOR-RELAYED-ADDRESS' = undefined} (stun:process_data/3:421)
2022-08-03 21:17:51.601738+00:00 [debug] Responding to STUN request [TLS, session dfefmypjxh3n, anonymous, client 127.0.0.1:60282] (stun:process/4:323)
2022-08-03 21:17:51.601796+00:00 [debug] Running 'stun_query' hook [TLS, session dfefmypjxh3n, anonymous, client 127.0.0.1:60282] (stun:run_hook/3:843)
2022-08-03 21:17:51.601877+00:00 [debug] Got 'stun_query' event [TLS, session dfefmypjxh3n, anonymous, client 127.0.0.1:60282] (eturnal_module:handle_event/2:176)
2022-08-03 21:17:51.601915+00:00 [debug] Calling mod_log_stun:handle_event/2 [TLS, session dfefmypjxh3n, anonymous, client 127.0.0.1:60282] (eturnal_module:handle_event/2:179)
2022-08-03 21:17:51.602011+00:00 [info] Responding to STUN request [TLS, session dfefmypjxh3n, anonymous, client 127.0.0.1:60282] (mod_log_stun:handle_event/2:44)
2022-08-03 21:17:51.602050+00:00 [debug] Calling mod_stats_influx:handle_event/2 [TLS, session dfefmypjxh3n, anonymous, client 127.0.0.1:60282] (eturnal_module:handle_event/2:179)
2022-08-03 21:17:51.602083+00:00 [debug] Writing STUN query event to InfluxDB [TLS, session dfefmypjxh3n, anonymous, client 127.0.0.1:60282] (mod_stats_influx:on_stun_query/1:76)
2022-08-03 21:17:51.602349+00:00 [debug] Calling mod_stats_prometheus:handle_event/2 [TLS, session dfefmypjxh3n, anonymous, client 127.0.0.1:60282] (eturnal_module:handle_event/2:179)
2022-08-03 21:17:51.602417+00:00 [debug] Observing STUN query for Prometheus [TLS, session dfefmypjxh3n, anonymous, client 127.0.0.1:60282] (mod_stats_prometheus:on_stun_query/1:166)
2022-08-03 21:17:51.602535+00:00 [debug] Sending:
#stun{class = response,method = 1,magic = 554869826,
      trid = 31532634256755579100061937887,raw = <<>>,unsupported = [],
      'ALTERNATE-SERVER' = undefined,'CHANNEL-NUMBER' = undefined,
      'DATA' = undefined,'DONT-FRAGMENT' = false,'ERROR-CODE' = undefined,
      'LIFETIME' = undefined,'MAPPED-ADDRESS' = undefined,
      'MESSAGE-INTEGRITY' = undefined,'NONCE' = undefined,'REALM' = undefined,
      'REQUESTED-ADDRESS-FAMILY' = undefined,
      'REQUESTED-TRANSPORT' = undefined,'SOFTWARE' = <<"P1 STUN library">>,
      'UNKNOWN-ATTRIBUTES' = [],'USERNAME' = undefined,
      'XOR-MAPPED-ADDRESS' = {{127,0,0,1},60282},
      'XOR-PEER-ADDRESS' = [],'XOR-RELAYED-ADDRESS' = undefined} (stun:send/3:464)
2022-08-03 21:17:51.602867+00:00 [info] Connection reset by peer [TLS, session dfefmypjxh3n, anonymous, client 127.0.0.1:60282] (stun:handle_info/3:174)
2022-08-03 21:17:51.628263+00:00 [info] Accepting connection: 127.0.0.1:45836 -> 127.0.0.1:34781 [TCP|TLS, session hv915kvy2ua6] (stun_acceptor:accept/3:158)
2022-08-03 21:17:51.628407+00:00 [debug] Determined transport protocol: TCP (stun:is_tls_handshake/1:789)
2022-08-03 21:17:51.628689+00:00 [debug] Received:
#stun{class = request,method = 1,magic = 554869826,
      trid = 45395270737052355772952781557,raw = <<>>,unsupported = [],
      'ALTERNATE-SERVER' = undefined,'CHANNEL-NUMBER' = undefined,
      'DATA' = undefined,'DONT-FRAGMENT' = false,'ERROR-CODE' = undefined,
      'LIFETIME' = undefined,'MAPPED-ADDRESS' = undefined,
      'MESSAGE-INTEGRITY' = undefined,'NONCE' = undefined,'REALM' = undefined,
      'REQUESTED-ADDRESS-FAMILY' = undefined,
      'REQUESTED-TRANSPORT' = undefined,'SOFTWARE' = undefined,
      'UNKNOWN-ATTRIBUTES' = [],'USERNAME' = undefined,
      'XOR-MAPPED-ADDRESS' = undefined,'XOR-PEER-ADDRESS' = [],
      'XOR-RELAYED-ADDRESS' = undefined} (stun:process_data/3:421)
2022-08-03 21:17:51.628799+00:00 [debug] Responding to STUN request [TCP, session hv915kvy2ua6, anonymous, client 127.0.0.1:45836] (stun:process/4:323)
2022-08-03 21:17:51.628838+00:00 [debug] Running 'stun_query' hook [TCP, session hv915kvy2ua6, anonymous, client 127.0.0.1:45836] (stun:run_hook/3:843)
2022-08-03 21:17:51.628887+00:00 [debug] Got 'stun_query' event [TCP, session hv915kvy2ua6, anonymous, client 127.0.0.1:45836] (eturnal_module:handle_event/2:176)
2022-08-03 21:17:51.628915+00:00 [debug] Calling mod_log_stun:handle_event/2 [TCP, session hv915kvy2ua6, anonymous, client 127.0.0.1:45836] (eturnal_module:handle_event/2:179)
2022-08-03 21:17:51.628987+00:00 [info] Responding to STUN request [TCP, session hv915kvy2ua6, anonymous, client 127.0.0.1:45836] (mod_log_stun:handle_event/2:44)
2022-08-03 21:17:51.629032+00:00 [debug] Calling mod_stats_influx:handle_event/2 [TCP, session hv915kvy2ua6, anonymous, client 127.0.0.1:45836] (eturnal_module:handle_event/2:179)
2022-08-03 21:17:51.629068+00:00 [debug] Writing STUN query event to InfluxDB [TCP, session hv915kvy2ua6, anonymous, client 127.0.0.1:45836] (mod_stats_influx:on_stun_query/1:76)
2022-08-03 21:17:51.629396+00:00 [debug] Calling mod_stats_prometheus:handle_event/2 [TCP, session hv915kvy2ua6, anonymous, client 127.0.0.1:45836] (eturnal_module:handle_event/2:179)
2022-08-03 21:17:51.629451+00:00 [debug] Observing STUN query for Prometheus [TCP, session hv915kvy2ua6, anonymous, client 127.0.0.1:45836] (mod_stats_prometheus:on_stun_query/1:166)
2022-08-03 21:17:51.629566+00:00 [debug] Sending:
#stun{class = response,method = 1,magic = 554869826,
      trid = 45395270737052355772952781557,raw = <<>>,unsupported = [],
      'ALTERNATE-SERVER' = undefined,'CHANNEL-NUMBER' = undefined,
      'DATA' = undefined,'DONT-FRAGMENT' = false,'ERROR-CODE' = undefined,
      'LIFETIME' = undefined,'MAPPED-ADDRESS' = undefined,
      'MESSAGE-INTEGRITY' = undefined,'NONCE' = undefined,'REALM' = undefined,
      'REQUESTED-ADDRESS-FAMILY' = undefined,
      'REQUESTED-TRANSPORT' = undefined,'SOFTWARE' = <<"P1 STUN library">>,
      'UNKNOWN-ATTRIBUTES' = [],'USERNAME' = undefined,
      'XOR-MAPPED-ADDRESS' = {{127,0,0,1},45836},
      'XOR-PEER-ADDRESS' = [],'XOR-RELAYED-ADDRESS' = undefined} (stun:send/3:464)
2022-08-03 21:17:51.629784+00:00 [info] Connection reset by peer [TCP, session hv915kvy2ua6, anonymous, client 127.0.0.1:45836] (stun:handle_info/3:174)
2022-08-03 21:17:51.654881+00:00 [info] Accepting connection: 127.0.0.1:45838 -> 127.0.0.1:34781 [TCP|TLS, session mmr0bvied2vk] (stun_acceptor:accept/3:158)
2022-08-03 21:17:51.655072+00:00 [debug] Determined transport protocol: TLS (stun:is_tls_handshake/1:786)
2022-08-03 21:17:51.763633+00:00 [debug] Received:
#stun{class = request,method = 1,magic = 554869826,
      trid = 45015545969784487169544123532,raw = <<>>,unsupported = [],
      'ALTERNATE-SERVER' = undefined,'CHANNEL-NUMBER' = undefined,
      'DATA' = undefined,'DONT-FRAGMENT' = false,'ERROR-CODE' = undefined,
      'LIFETIME' = undefined,'MAPPED-ADDRESS' = undefined,
      'MESSAGE-INTEGRITY' = undefined,'NONCE' = undefined,'REALM' = undefined,
      'REQUESTED-ADDRESS-FAMILY' = undefined,
      'REQUESTED-TRANSPORT' = undefined,'SOFTWARE' = undefined,
      'UNKNOWN-ATTRIBUTES' = [],'USERNAME' = undefined,
      'XOR-MAPPED-ADDRESS' = undefined,'XOR-PEER-ADDRESS' = [],
      'XOR-RELAYED-ADDRESS' = undefined} (stun:process_data/3:421)
2022-08-03 21:17:51.763805+00:00 [debug] Responding to STUN request [TLS, session mmr0bvied2vk, anonymous, client 127.0.0.1:45838] (stun:process/4:323)
2022-08-03 21:17:51.763851+00:00 [debug] Running 'stun_query' hook [TLS, session mmr0bvied2vk, anonymous, client 127.0.0.1:45838] (stun:run_hook/3:843)
2022-08-03 21:17:51.763916+00:00 [debug] Got 'stun_query' event [TLS, session mmr0bvied2vk, anonymous, client 127.0.0.1:45838] (eturnal_module:handle_event/2:176)
2022-08-03 21:17:51.763954+00:00 [debug] Calling mod_log_stun:handle_event/2 [TLS, session mmr0bvied2vk, anonymous, client 127.0.0.1:45838] (eturnal_module:handle_event/2:179)
2022-08-03 21:17:51.764055+00:00 [info] Responding to STUN request [TLS, session mmr0bvied2vk, anonymous, client 127.0.0.1:45838] (mod_log_stun:handle_event/2:44)
2022-08-03 21:17:51.764091+00:00 [debug] Calling mod_stats_influx:handle_event/2 [TLS, session mmr0bvied2vk, anonymous, client 127.0.0.1:45838] (eturnal_module:handle_event/2:179)
2022-08-03 21:17:51.764128+00:00 [debug] Writing STUN query event to InfluxDB [TLS, session mmr0bvied2vk, anonymous, client 127.0.0.1:45838] (mod_stats_influx:on_stun_query/1:76)
2022-08-03 21:17:51.764360+00:00 [debug] Calling mod_stats_prometheus:handle_event/2 [TLS, session mmr0bvied2vk, anonymous, client 127.0.0.1:45838] (eturnal_module:handle_event/2:179)
2022-08-03 21:17:51.764423+00:00 [debug] Observing STUN query for Prometheus [TLS, session mmr0bvied2vk, anonymous, client 127.0.0.1:45838] (mod_stats_prometheus:on_stun_query/1:166)
2022-08-03 21:17:51.764519+00:00 [debug] Sending:
#stun{class = response,method = 1,magic = 554869826,
      trid = 45015545969784487169544123532,raw = <<>>,unsupported = [],
      'ALTERNATE-SERVER' = undefined,'CHANNEL-NUMBER' = undefined,
      'DATA' = undefined,'DONT-FRAGMENT' = false,'ERROR-CODE' = undefined,
      'LIFETIME' = undefined,'MAPPED-ADDRESS' = undefined,
      'MESSAGE-INTEGRITY' = undefined,'NONCE' = undefined,'REALM' = undefined,
      'REQUESTED-ADDRESS-FAMILY' = undefined,
      'REQUESTED-TRANSPORT' = undefined,'SOFTWARE' = <<"P1 STUN library">>,
      'UNKNOWN-ATTRIBUTES' = [],'USERNAME' = undefined,
      'XOR-MAPPED-ADDRESS' = {{127,0,0,1},45838},
      'XOR-PEER-ADDRESS' = [],'XOR-RELAYED-ADDRESS' = undefined} (stun:send/3:464)
2022-08-03 21:17:51.764819+00:00 [info] Connection reset by peer [TLS, session mmr0bvied2vk, anonymous, client 127.0.0.1:45838] (stun:handle_info/3:174)
2022-08-03 21:17:51.790275+00:00 [debug] No NOTIFY_SOCKET, dropping STOPPING=1 notification (eturnal_systemd:handle_cast/2:108)
2022-08-03 21:17:51.790469+00:00 [debug] Watchdog interval is undefined, hibernating (eturnal_systemd:get_timeout/1:161)
2022-08-03 21:17:51.790294+00:00 [debug] Terminating eturnal (shutdown) (eturnal:terminate/2:180)
2022-08-03 21:17:51.790734+00:00 [info] Stopped listening on 127.0.0.1:34780 (udp) (eturnal:stop_listeners/1:369)
2022-08-03 21:17:51.791117+00:00 [info] Stopped listening on 127.0.0.1:34780 (tcp) (eturnal:stop_listeners/1:369)
2022-08-03 21:17:51.791258+00:00 [info] Stopped listening on 127.0.0.1:53490 (tls) (eturnal:stop_listeners/1:369)
2022-08-03 21:17:51.791478+00:00 [info] Stopped listening on 127.0.0.1:34781 (auto) (eturnal:stop_listeners/1:369)
2022-08-03 21:17:51.791819+00:00 [debug] Calling mod_log_stun:stop/1 (eturnal_module:stop/1:162)
2022-08-03 21:17:51.791916+00:00 [debug] Stopping mod_log_stun (mod_log_stun:stop/0:49)
2022-08-03 21:17:51.791992+00:00 [info] Stopped mod_log_stun (eturnal:stop_modules/1:326)
2022-08-03 21:17:51.793925+00:00 [debug] Calling mod_stats_influx:stop/1 (eturnal_module:stop/1:162)
2022-08-03 21:17:51.794063+00:00 [debug] Stopping mod_stats_influx (mod_stats_influx:stop/0:61)
2022-08-03 21:17:51.794541+00:00 [info] Stopped mod_stats_influx (eturnal:stop_modules/1:326)
2022-08-03 21:17:51.795909+00:00 [debug] Calling mod_stats_prometheus:stop/1 (eturnal_module:stop/1:162)
2022-08-03 21:17:51.796012+00:00 [debug] Stopping mod_stats_prometheus (mod_stats_prometheus:stop/0:110)
2022-08-03 21:17:51.797322+00:00 [info] Stopped mod_stats_prometheus (eturnal:stop_modules/1:326)
2022-08-03 21:17:51.797592+00:00 [debug] Removed run/cert.pem (eturnal:clean_run_dir/0:745)
2022-08-03 21:17:51.797738+00:00 [debug] Terminating eturnal_systemd (shutdown) (eturnal_systemd:terminate/2:135)
2022-08-03 21:17:51.797912+00:00 [notice] Stopping eturnal 1.10.1 on Erlang/OTP 25 (ERTS 13.0) (eturnal_app:stop/1:53)
