2022-03-26 19:23:48.214833+00:00 [notice] Starting eturnal 1.8.2 on Erlang/OTP 24 (ERTS 12.3) (eturnal_app:start/2:35)
2022-03-26 19:23:48.215075+00:00 [debug] Starting supervisor: eturnal_sup (eturnal_sup:start_link/0:32)
2022-03-26 19:23:48.215251+00:00 [debug] Configuring eturnal_sup supervisor: [#{id => systemd,
                                       start =>
                                           {eturnal_systemd,start_link,[]}},
                                     #{id => eturnal,
                                       start => {eturnal,start_link,[]}}] (eturnal_sup:init/0:40)
2022-03-26 19:23:48.217289+00:00 [info] Got no NOTIFY_SOCKET, notifications disabled (eturnal_systemd:init/1:95)
2022-03-26 19:23:48.217471+00:00 [debug] PROGRESS REPORT:
    supervisor: {local,eturnal_sup}
    started: [{pid,<0.704.0>},
              {id,systemd},
              {mfargs,{eturnal_systemd,start_link,[]}},
              {restart_type,permanent},
              {significant,false},
              {shutdown,5000},
              {child_type,worker}]
 (supervisor:report_progress/2:1562)
2022-03-26 19:23:48.217667+00:00 [info] Relay IPv4 address: 127.0.0.1 (port range: 49152-65535) (eturnal:log_relay_addresses/0:287)
2022-03-26 19:23:48.217836+00:00 [info] Relay IPv6 address not configured (eturnal:log_relay_addresses/0:297)
2022-03-26 19:23:48.233989+00:00 [info] Cannot determine control query port: noport (eturnal:log_control_listener/0:312)
2022-03-26 19:23:48.234128+00:00 [debug] TURN configuration seems fine (eturnal:check_turn_config/1:520)
2022-03-26 19:23:48.234526+00:00 [debug] Using run directory run (eturnal:ensure_run_dir/0:712)
2022-03-26 19:23:48.234785+00:00 [warning] TLS enabled without 'tls_crt_file', creating self-signed certificate (eturnal:check_pem_file/0:643)
2022-03-26 19:23:48.886626+00:00 [debug] Calling mod_log_stun:start/0 (eturnal_module:start/1:142)
2022-03-26 19:23:48.886851+00:00 [debug] Starting mod_log_stun (mod_log_stun:start/0:39)
2022-03-26 19:23:48.887112+00:00 [info] Started mod_log_stun (eturnal:start_modules/0:323)
2022-03-26 19:23:48.887269+00:00 [debug] Calling mod_stats_influx:start/0 (eturnal_module:start/1:142)
2022-03-26 19:23:48.887417+00:00 [debug] Starting mod_stats_influx (mod_stats_influx:start/0:38)
2022-03-26 19:23:48.891946+00:00 [debug] PROGRESS REPORT:
    application: ulitos
    started_at: nonode@nohost
 (application_controller:info_started/2:2107)
2022-03-26 19:23:48.893263+00:00 [debug] PROGRESS REPORT:
    application: poolboy
    started_at: nonode@nohost
 (application_controller:info_started/2:2107)
2022-03-26 19:23:48.894607+00:00 [info]     msg: Starting application: influx_udp (influx_udp_app:start/2:10)
2022-03-26 19:23:48.896737+00:00 [debug] PROGRESS REPORT:
    supervisor: {local,influx_udp_sup}
    started: [{pid,<0.726.0>},
              {id,influx_udp},
              {mfargs,{influx_udp,start_link,[]}},
              {restart_type,permanent},
              {significant,false},
              {shutdown,5000},
              {child_type,worker}]
 (supervisor:report_progress/2:1562)
2022-03-26 19:23:48.896932+00:00 [debug] Dependency influx_udp was available already (eturnal_module:ensure_dep/2:283)
2022-03-26 19:23:48.896919+00:00 [debug] PROGRESS REPORT:
    application: influx_udp
    started_at: nonode@nohost
 (application_controller:info_started/2:2107)
2022-03-26 19:23:48.900442+00:00 [info]     host: {127,0,0,1}
    msg: Start clients pool
    options: #{host => "localhost",max_overflow => 1,pool_size => 1,
               port => 8089} (influx_udp:start_pool_/2:239)
2022-03-26 19:23:48.911906+00:00 [info]     msg: Open UDP socket on port
    port: 45186 (influx_udp_worker:init/1:43)
2022-03-26 19:23:48.912210+00:00 [debug] PROGRESS REPORT:
    supervisor: {local,influx_udp_sup}
    started: [{pid,<0.729.0>},
              {id,stats_influx_pool},
              {mfargs,
                  {poolboy,start_link,
                      [[{name,{local,stats_influx_pool}},
                        {worker_module,influx_udp_worker},
                        {size,1},
                        {max_overflow,1}],
                       [{options,
                            #{host => {127,0,0,1},
                              max_overflow => 1,pool_size => 1,
                              port => 8089}}]]}},
              {restart_type,permanent},
              {significant,false},
              {shutdown,5000},
              {child_type,worker}]
 (supervisor:report_progress/2:1562)
2022-03-26 19:23:48.912441+00:00 [info] Started mod_stats_influx (eturnal:start_modules/0:323)
2022-03-26 19:23:48.912579+00:00 [debug] Started 2 modules (eturnal:init/1:113)
2022-03-26 19:23:48.912686+00:00 [debug] Starting listener 127.0.0.1:34780 (udp) with options:
[{use_turn,true},
 {auth_type,user},
 {turn_ipv4_address,{127,0,0,1}},
 {turn_min_port,49152},
 {turn_max_port,65535},
 {turn_max_allocations,10},
 {turn_max_permissions,10},
 {shaper,100000},
 {turn_blacklist,[{{203,0,113,0},24},{{8193,3512,0,0,0,0,0,0},32}]},
 {turn_whitelist,[{{203,0,113,113},32},{{8193,3512,0,0,0,0,0,0},64}]},
 {auth_realm,<<"eturnal.net">>},
 {server_name,<<"eturnal">>},
 {auth_fun,fun eturnal:get_password/2},
 {hook_fun,fun eturnal:run_hook/2}] (eturnal:start_listeners/0:367)
2022-03-26 19:23:48.913275+00:00 [info] Listening on 127.0.0.1:34780 (udp) (STUN/TURN) (eturnal:start_listeners/0:372)
2022-03-26 19:23:48.913423+00:00 [debug] Starting listener 127.0.0.1:34780 (tcp) with options:
[{use_turn,false},
 {auth_type,anonymous},
 {turn_ipv4_address,{127,0,0,1}},
 {turn_min_port,49152},
 {turn_max_port,65535},
 {turn_max_allocations,10},
 {turn_max_permissions,10},
 {shaper,100000},
 {turn_blacklist,[{{203,0,113,0},24},{{8193,3512,0,0,0,0,0,0},32}]},
 {turn_whitelist,[{{203,0,113,113},32},{{8193,3512,0,0,0,0,0,0},64}]},
 {auth_realm,<<"eturnal.net">>},
 {server_name,<<"eturnal">>},
 {auth_fun,fun eturnal:get_password/2},
 {hook_fun,fun eturnal:run_hook/2}] (eturnal:start_listeners/0:367)
2022-03-26 19:23:48.928947+00:00 [info] Listening on 127.0.0.1:34780 (tcp) (STUN only) (eturnal:start_listeners/0:372)
2022-03-26 19:23:48.929118+00:00 [debug] Starting listener 127.0.0.1:53490 (tls) with options:
[{use_turn,false},
 {auth_type,anonymous},
 {tls,true},
 {certfile,<<"run/cert.pem">>},
 {ciphers,<<"HIGH:!aNULL:@STRENGTH">>},
 {protocol_options,<<"no_tlsv1|no_tlsv1_1|cipher_server_preference">>},
 {turn_ipv4_address,{127,0,0,1}},
 {turn_min_port,49152},
 {turn_max_port,65535},
 {turn_max_allocations,10},
 {turn_max_permissions,10},
 {shaper,100000},
 {turn_blacklist,[{{203,0,113,0},24},{{8193,3512,0,0,0,0,0,0},32}]},
 {turn_whitelist,[{{203,0,113,113},32},{{8193,3512,0,0,0,0,0,0},64}]},
 {auth_realm,<<"eturnal.net">>},
 {server_name,<<"eturnal">>},
 {auth_fun,fun eturnal:get_password/2},
 {hook_fun,fun eturnal:run_hook/2}] (eturnal:start_listeners/0:367)
2022-03-26 19:23:48.929821+00:00 [info] Listening on 127.0.0.1:53490 (tls) (STUN only) (eturnal:start_listeners/0:372)
2022-03-26 19:23:48.930000+00:00 [debug] Starting listener 127.0.0.1:34781 (auto) with options:
[{use_turn,false},
 {auth_type,anonymous},
 {tls,optional},
 {certfile,<<"run/cert.pem">>},
 {ciphers,<<"HIGH:!aNULL:@STRENGTH">>},
 {protocol_options,<<"no_tlsv1|no_tlsv1_1|cipher_server_preference">>},
 {turn_ipv4_address,{127,0,0,1}},
 {turn_min_port,49152},
 {turn_max_port,65535},
 {turn_max_allocations,10},
 {turn_max_permissions,10},
 {shaper,100000},
 {turn_blacklist,[{{203,0,113,0},24},{{8193,3512,0,0,0,0,0,0},32}]},
 {turn_whitelist,[{{203,0,113,113},32},{{8193,3512,0,0,0,0,0,0},64}]},
 {auth_realm,<<"eturnal.net">>},
 {server_name,<<"eturnal">>},
 {auth_fun,fun eturnal:get_password/2},
 {hook_fun,fun eturnal:run_hook/2}] (eturnal:start_listeners/0:367)
2022-03-26 19:23:48.947438+00:00 [info] Listening on 127.0.0.1:34781 (auto) (STUN only) (eturnal:start_listeners/0:372)
2022-03-26 19:23:48.947591+00:00 [debug] Started 4 listeners (eturnal:init/1:121)
2022-03-26 19:23:48.947752+00:00 [debug] PROGRESS REPORT:
    supervisor: {local,eturnal_sup}
    started: [{pid,<0.706.0>},
              {id,eturnal},
              {mfargs,{eturnal,start_link,[]}},
              {restart_type,permanent},
              {significant,false},
              {shutdown,5000},
              {child_type,worker}]
 (supervisor:report_progress/2:1562)
2022-03-26 19:23:48.947864+00:00 [debug] No NOTIFY_SOCKET, dropping READY=1 notification (eturnal_systemd:handle_cast/2:109)
2022-03-26 19:23:48.947896+00:00 [debug] PROGRESS REPORT:
    application: eturnal
    started_at: nonode@nohost
 (application_controller:info_started/2:2107)
2022-03-26 19:23:48.947999+00:00 [debug] Watchdog interval is undefined, hibernating (eturnal_systemd:get_timeout/1:162)
2022-03-26 19:23:48.986724+00:00 [debug] Handling API call: get_info() (eturnal_ctl:get_info/0:143)
2022-03-26 19:23:48.987427+00:00 [debug] eturnal call (get_info) returned {ok,
                                  {eturnal_node_info,<<"1.8.2">>,
                                   {"24","12.3"},
                                   4236,0,137,92379528,1,39005576}} (eturnal_ctl:call/1:456)
2022-03-26 19:23:49.011747+00:00 [debug] Handling API call: get_sessions() (eturnal_ctl:get_sessions/0:106)
2022-03-26 19:23:49.035941+00:00 [debug] Handling API call: get_sessions("alice") (eturnal_ctl:get_sessions/1:120)
2022-03-26 19:23:49.036403+00:00 [debug] Handling API call: disconnect(alice) (eturnal_ctl:disconnect/1:192)
2022-03-26 19:23:49.036574+00:00 [debug] Cannot convert user name to binary: alice (eturnal_ctl:disconnect/1:202)
2022-03-26 19:23:49.062351+00:00 [debug] Handling API call: disconnect("alice") (eturnal_ctl:disconnect/1:192)
2022-03-26 19:23:49.062522+00:00 [debug] Handling API call: disconnect(alice) (eturnal_ctl:disconnect/1:192)
2022-03-26 19:23:49.062620+00:00 [debug] Cannot convert user name to binary: alice (eturnal_ctl:disconnect/1:202)
2022-03-26 19:23:49.087373+00:00 [debug] Handling API call: get_credentials("2009-10-30 11:00:00Z", []) (eturnal_ctl:get_credentials/2:60)
2022-03-26 19:23:49.087645+00:00 [debug] eturnal call ({get_password,<<"1256900400">>}) returned {ok,
                                                         <<"uEKlpcME7MNMMVRV8rUFPCTIFEs=">>} (eturnal_ctl:call/1:456)
2022-03-26 19:23:49.093887+00:00 [debug] Handling API call: get_credentials("86400", "alice") (eturnal_ctl:get_credentials/2:60)
2022-03-26 19:23:49.094101+00:00 [debug] eturnal call ({get_password,<<"1648409029:alice">>}) returned {ok,
                                                               <<"drgVXO1JQjo8YzOAlrvSiyPlDio=">>} (eturnal_ctl:call/1:456)
2022-03-26 19:23:49.094317+00:00 [debug] Handling API call: get_password("1648409029:alice") (eturnal_ctl:get_password/1:79)
2022-03-26 19:23:49.094542+00:00 [debug] eturnal call ({get_password,<<"1648409029:alice">>}) returned {ok,
                                                               <<"drgVXO1JQjo8YzOAlrvSiyPlDio=">>} (eturnal_ctl:call/1:456)
2022-03-26 19:23:49.094762+00:00 [debug] Handling API call: get_credentials("86400s", "alice") (eturnal_ctl:get_credentials/2:60)
2022-03-26 19:23:49.094955+00:00 [debug] eturnal call ({get_password,<<"1648409029:alice">>}) returned {ok,
                                                               <<"drgVXO1JQjo8YzOAlrvSiyPlDio=">>} (eturnal_ctl:call/1:456)
2022-03-26 19:23:49.095136+00:00 [debug] Handling API call: get_password("1648409029:alice") (eturnal_ctl:get_password/1:79)
2022-03-26 19:23:49.095270+00:00 [debug] eturnal call ({get_password,<<"1648409029:alice">>}) returned {ok,
                                                               <<"drgVXO1JQjo8YzOAlrvSiyPlDio=">>} (eturnal_ctl:call/1:456)
2022-03-26 19:23:49.095476+00:00 [debug] Handling API call: get_credentials("1440m", "alice") (eturnal_ctl:get_credentials/2:60)
2022-03-26 19:23:49.095642+00:00 [debug] eturnal call ({get_password,<<"1648409029:alice">>}) returned {ok,
                                                               <<"drgVXO1JQjo8YzOAlrvSiyPlDio=">>} (eturnal_ctl:call/1:456)
2022-03-26 19:23:49.095789+00:00 [debug] Handling API call: get_password("1648409029:alice") (eturnal_ctl:get_password/1:79)
2022-03-26 19:23:49.095935+00:00 [debug] eturnal call ({get_password,<<"1648409029:alice">>}) returned {ok,
                                                               <<"drgVXO1JQjo8YzOAlrvSiyPlDio=">>} (eturnal_ctl:call/1:456)
2022-03-26 19:23:49.096207+00:00 [debug] Handling API call: get_credentials("24h", "alice") (eturnal_ctl:get_credentials/2:60)
2022-03-26 19:23:49.096637+00:00 [debug] eturnal call ({get_password,<<"1648409029:alice">>}) returned {ok,
                                                               <<"drgVXO1JQjo8YzOAlrvSiyPlDio=">>} (eturnal_ctl:call/1:456)
2022-03-26 19:23:49.096782+00:00 [debug] Handling API call: get_password("1648409029:alice") (eturnal_ctl:get_password/1:79)
2022-03-26 19:23:49.096919+00:00 [debug] eturnal call ({get_password,<<"1648409029:alice">>}) returned {ok,
                                                               <<"drgVXO1JQjo8YzOAlrvSiyPlDio=">>} (eturnal_ctl:call/1:456)
2022-03-26 19:23:49.097114+00:00 [debug] Handling API call: get_credentials("1d", "alice") (eturnal_ctl:get_credentials/2:60)
2022-03-26 19:23:49.097248+00:00 [debug] eturnal call ({get_password,<<"1648409029:alice">>}) returned {ok,
                                                               <<"drgVXO1JQjo8YzOAlrvSiyPlDio=">>} (eturnal_ctl:call/1:456)
2022-03-26 19:23:49.097367+00:00 [debug] Handling API call: get_password("1648409029:alice") (eturnal_ctl:get_password/1:79)
2022-03-26 19:23:49.097490+00:00 [debug] eturnal call ({get_password,<<"1648409029:alice">>}) returned {ok,
                                                               <<"drgVXO1JQjo8YzOAlrvSiyPlDio=">>} (eturnal_ctl:call/1:456)
2022-03-26 19:23:49.097680+00:00 [debug] Handling API call: get_password("Invalid") (eturnal_ctl:get_password/1:79)
2022-03-26 19:23:49.097942+00:00 [debug] Invalid user name: Invalid (eturnal_ctl:get_password/1:93)
2022-03-26 19:23:49.098059+00:00 [debug] Handling API call: get_credentials("Invalid", []) (eturnal_ctl:get_credentials/2:60)
2022-03-26 19:23:49.098168+00:00 [debug] Invalid argument(s): "Invalid":[] (eturnal_ctl:get_credentials/2:73)
2022-03-26 19:23:49.098291+00:00 [debug] Handling API call: get_password(invalid) (eturnal_ctl:get_password/1:79)
2022-03-26 19:23:49.098422+00:00 [debug] Cannot convert user name to binary: invalid (eturnal_ctl:get_password/1:100)
2022-03-26 19:23:49.098501+00:00 [debug] Handling API call: get_credentials(invalid, []) (eturnal_ctl:get_credentials/2:60)
2022-03-26 19:23:49.098617+00:00 [debug] Invalid argument(s): invalid:[] (eturnal_ctl:get_credentials/2:73)
2022-03-26 19:23:49.098730+00:00 [debug] Handling API call: get_password([invalid]) (eturnal_ctl:get_password/1:79)
2022-03-26 19:23:49.098832+00:00 [debug] Cannot convert user name to binary: [invalid] (eturnal_ctl:get_password/1:100)
2022-03-26 19:23:49.098971+00:00 [debug] Handling API call: get_credentials([invalid], []) (eturnal_ctl:get_credentials/2:60)
2022-03-26 19:23:49.099054+00:00 [debug] Invalid argument(s): [invalid]:[] (eturnal_ctl:get_credentials/2:73)
2022-03-26 19:23:49.099171+00:00 [debug] Handling API call: get_credentials(1256900400, invalid) (eturnal_ctl:get_credentials/2:60)
2022-03-26 19:23:49.099266+00:00 [debug] Invalid argument(s): 1256900400:invalid (eturnal_ctl:get_credentials/2:73)
2022-03-26 19:23:49.124192+00:00 [debug] Handling API call: set_loglevel(debug) (eturnal_ctl:set_loglevel/1:173)
2022-03-26 19:23:49.124386+00:00 [debug] eturnal call ({set_loglevel,debug}) returned ok (eturnal_ctl:call/1:453)
2022-03-26 19:23:49.124605+00:00 [debug] Handling API call: get_loglevel() (eturnal_ctl:get_loglevel/0:163)
2022-03-26 19:23:49.124819+00:00 [debug] eturnal call (get_loglevel) returned {ok,debug} (eturnal_ctl:call/1:456)
2022-03-26 19:23:49.124998+00:00 [debug] Handling API call: set_loglevel(invalid) (eturnal_ctl:set_loglevel/1:173)
2022-03-26 19:23:49.125114+00:00 [debug] Invalid log level: invalid (eturnal_ctl:set_loglevel/1:183)
2022-03-26 19:23:49.125268+00:00 [debug] Handling API call: get_loglevel() (eturnal_ctl:get_loglevel/0:163)
2022-03-26 19:23:49.125374+00:00 [debug] eturnal call (get_loglevel) returned {ok,debug} (eturnal_ctl:call/1:456)
2022-03-26 19:23:49.149675+00:00 [debug] Handling API call: get_version() (eturnal_ctl:get_version/0:153)
2022-03-26 19:23:49.149922+00:00 [debug] eturnal call (get_version) returned {ok,<<"1.8.2">>} (eturnal_ctl:call/1:456)
2022-03-26 19:23:49.174441+00:00 [debug] Handling API call: reload() (eturnal_ctl:reload/0:208)
2022-03-26 19:23:49.176208+00:00 [debug] Calling mod_log_stun:options/0 (eturnal_module:options/1:191)
2022-03-26 19:23:49.176343+00:00 [debug] Calling mod_stats_influx:options/0 (eturnal_module:options/1:191)
2022-03-26 19:23:49.176823+00:00 [warning] TLS enabled without 'tls_crt_file', creating self-signed certificate (eturnal:check_pem_file/0:643)
2022-03-26 19:23:50.245526+00:00 [info] Using new TLS certificate (eturnal:handle_call/3:140)
2022-03-26 19:23:50.245714+00:00 [debug] Reloaded configuration (eturnal:handle_call/3:146)
2022-03-26 19:23:50.245924+00:00 [debug] eturnal call (reload) returned ok (eturnal_ctl:call/1:453)
2022-03-26 19:23:50.246232+00:00 [debug] Handling API call: reload() (eturnal_ctl:reload/0:208)
2022-03-26 19:23:50.248258+00:00 [debug] Calling mod_log_stun:options/0 (eturnal_module:options/1:191)
2022-03-26 19:23:50.248426+00:00 [debug] Calling mod_stats_influx:options/0 (eturnal_module:options/1:191)
2022-03-26 19:23:50.248904+00:00 [debug] Keeping PEM file (run/cert.pem) (eturnal:check_pem_file/0:640)
2022-03-26 19:23:50.249044+00:00 [debug] TLS certificate unchanged (eturnal:handle_call/3:142)
2022-03-26 19:23:50.249169+00:00 [debug] Reloaded configuration (eturnal:handle_call/3:146)
2022-03-26 19:23:50.249294+00:00 [debug] eturnal call (reload) returned ok (eturnal_ctl:call/1:453)
2022-03-26 19:23:50.274024+00:00 [info] Accepting connection: 127.0.0.1:51340 -> 127.0.0.1:34780 [TCP, session z] (stun_listener:accept/3:221)
2022-03-26 19:23:50.306188+00:00 [info] Accepting connection: 127.0.0.1:37784 -> 127.0.0.1:53490 [TLS, session i] (stun_listener:accept/3:221)
2022-03-26 19:23:50.335934+00:00 [debug] Received:
#stun{class = request,method = 3,magic = 554869826,
      trid = 15455880840068030257919674889,raw = <<>>,unsupported = [],
      'ALTERNATE-SERVER' = undefined,'CHANNEL-NUMBER' = undefined,
      'DATA' = undefined,'DONT-FRAGMENT' = false,'ERROR-CODE' = undefined,
      'LIFETIME' = undefined,'MAPPED-ADDRESS' = undefined,
      'MESSAGE-INTEGRITY' = undefined,'NONCE' = undefined,'REALM' = undefined,
      'REQUESTED-ADDRESS-FAMILY' = undefined,
      'REQUESTED-TRANSPORT' = undefined,'SOFTWARE' = undefined,
      'UNKNOWN-ATTRIBUTES' = [],'USERNAME' = undefined,
      'XOR-MAPPED-ADDRESS' = undefined,'XOR-PEER-ADDRESS' = [],
      'XOR-RELAYED-ADDRESS' = undefined} (stun:udp_recv/5:111)
2022-03-26 19:23:50.336100+00:00 [debug] Sending:
#stun{class = error,method = 3,magic = 554869826,
      trid = 15455880840068030257919674889,raw = <<>>,unsupported = [],
      'ALTERNATE-SERVER' = undefined,'CHANNEL-NUMBER' = undefined,
      'DATA' = undefined,'DONT-FRAGMENT' = false,
      'ERROR-CODE' = {401,<<"Unauthorized">>},
      'LIFETIME' = undefined,'MAPPED-ADDRESS' = undefined,
      'MESSAGE-INTEGRITY' = undefined,'NONCE' = <<"1239548226">>,
      'REALM' = <<"eturnal.net">>,'REQUESTED-ADDRESS-FAMILY' = undefined,
      'REQUESTED-TRANSPORT' = undefined,'SOFTWARE' = <<"eturnal">>,
      'UNKNOWN-ATTRIBUTES' = [],'USERNAME' = undefined,
      'XOR-MAPPED-ADDRESS' = undefined,'XOR-PEER-ADDRESS' = [],
      'XOR-RELAYED-ADDRESS' = undefined} (stun:send/3:445)
2022-03-26 19:23:50.336416+00:00 [debug] Received:
#stun{class = request,method = 3,magic = 554869826,
      trid = 45186194548673776076018052938,
      raw = <<0,3,0,80,33,18,164,66,146,1,36,226,205,29,243,166,62,134,111,74,
              0,25,0,4,17,0,0,0,0,6,0,10,50,49,52,53,57,49,51,50,48,48,0,0,0,
              20,0,11,101,116,117,114,110,97,108,46,110,101,116,0,0,21,0,10,49,
              50,51,57,53,52,56,50,50,54,0,0>>,
      unsupported = [],'ALTERNATE-SERVER' = undefined,
      'CHANNEL-NUMBER' = undefined,'DATA' = undefined,'DONT-FRAGMENT' = false,
      'ERROR-CODE' = undefined,'LIFETIME' = undefined,
      'MAPPED-ADDRESS' = undefined,
      'MESSAGE-INTEGRITY' = <<121,158,125,231,26,212,24,66,42,231,110,17,16,69,
                              211,20,234,13,29,96>>,
      'NONCE' = <<"1239548226">>,'REALM' = <<"eturnal.net">>,
      'REQUESTED-ADDRESS-FAMILY' = undefined,'REQUESTED-TRANSPORT' = udp,
      'SOFTWARE' = undefined,'UNKNOWN-ATTRIBUTES' = [],
      'USERNAME' = <<"2145913200">>,'XOR-MAPPED-ADDRESS' = undefined,
      'XOR-PEER-ADDRESS' = [],'XOR-RELAYED-ADDRESS' = undefined} (stun:udp_recv/5:111)
2022-03-26 19:23:50.336554+00:00 [debug] Looking up password for: 2145913200 [UDP, session 2r, user 2145913200, client 127.0.0.1:41637] (eturnal:get_password/2:225)
2022-03-26 19:23:50.336625+00:00 [info] Accepting long-term STUN/TURN authentication [UDP, session 2r, user 2145913200, client 127.0.0.1:41637] (stun:process/2:249)
2022-03-26 19:23:50.339891+00:00 [debug] Running 'turn_session_start' hook [UDP, session 2r, user 2145913200, client 127.0.0.1:41637] (turn:run_hook/2:711)
2022-03-26 19:23:50.339975+00:00 [debug] Got 'turn_session_start' event [UDP, session 2r, user 2145913200, client 127.0.0.1:41637] (eturnal_module:handle_event/2:176)
2022-03-26 19:23:50.340160+00:00 [notice] Creating TURN allocation (lifetime: 600 seconds) [UDP, session 2r, user 2145913200, client 127.0.0.1:41637, relay 127.0.0.1:64632] (turn:wait_for_allocate/2:207)
2022-03-26 19:23:50.340322+00:00 [debug] Sending:
#stun{class = response,method = 3,magic = 554869826,
      trid = 45186194548673776076018052938,raw = <<>>,unsupported = [],
      'ALTERNATE-SERVER' = undefined,'CHANNEL-NUMBER' = undefined,
      'DATA' = undefined,'DONT-FRAGMENT' = false,'ERROR-CODE' = undefined,
      'LIFETIME' = 600,'MAPPED-ADDRESS' = undefined,
      'MESSAGE-INTEGRITY' = undefined,'NONCE' = undefined,'REALM' = undefined,
      'REQUESTED-ADDRESS-FAMILY' = undefined,
      'REQUESTED-TRANSPORT' = undefined,'SOFTWARE' = undefined,
      'UNKNOWN-ATTRIBUTES' = [],'USERNAME' = undefined,
      'XOR-MAPPED-ADDRESS' = {{127,0,0,1},41637},
      'XOR-PEER-ADDRESS' = [],
      'XOR-RELAYED-ADDRESS' = {{127,0,0,1},64632}} (turn:send/2:521)
2022-03-26 19:23:50.340724+00:00 [debug] Received:
#stun{class = request,method = 4,magic = 554869826,
      trid = 65985886723568532787822131470,
      raw = <<0,4,0,80,33,18,164,66,213,54,63,6,244,42,75,136,139,120,249,14,0,
              6,0,10,50,49,52,53,57,49,51,50,48,48,0,0,0,20,0,11,101,116,117,
              114,110,97,108,46,110,101,116,0,0,21,0,10,49,50,51,57,53,52,56,
              50,50,54,0,0,0,13,0,4,0,0,0,0>>,
      unsupported = [],'ALTERNATE-SERVER' = undefined,
      'CHANNEL-NUMBER' = undefined,'DATA' = undefined,'DONT-FRAGMENT' = false,
      'ERROR-CODE' = undefined,'LIFETIME' = 0,'MAPPED-ADDRESS' = undefined,
      'MESSAGE-INTEGRITY' = <<100,50,83,64,201,77,43,250,151,203,239,79,16,130,
                              68,177,35,20,9,115>>,
      'NONCE' = <<"1239548226">>,'REALM' = <<"eturnal.net">>,
      'REQUESTED-ADDRESS-FAMILY' = undefined,
      'REQUESTED-TRANSPORT' = undefined,'SOFTWARE' = undefined,
      'UNKNOWN-ATTRIBUTES' = [],'USERNAME' = <<"2145913200">>,
      'XOR-MAPPED-ADDRESS' = undefined,'XOR-PEER-ADDRESS' = [],
      'XOR-RELAYED-ADDRESS' = undefined} (stun:udp_recv/5:111)
2022-03-26 19:23:50.340939+00:00 [debug] Looking up password for: 2145913200 [UDP, session 37, user 2145913200, client 127.0.0.1:41637] (eturnal:get_password/2:225)
2022-03-26 19:23:50.341013+00:00 [info] Accepting long-term STUN/TURN authentication [UDP, session 37, user 2145913200, client 127.0.0.1:41637] (stun:process/2:249)
2022-03-26 19:23:50.341093+00:00 [info] Client requested closing the TURN session [UDP, session 2r, user 2145913200, client 127.0.0.1:41637, relay 127.0.0.1:64632] (turn:active/2:262)
2022-03-26 19:23:50.341208+00:00 [debug] Sending:
#stun{class = response,method = 4,magic = 554869826,
      trid = 65985886723568532787822131470,raw = <<>>,unsupported = [],
      'ALTERNATE-SERVER' = undefined,'CHANNEL-NUMBER' = undefined,
      'DATA' = undefined,'DONT-FRAGMENT' = false,'ERROR-CODE' = undefined,
      'LIFETIME' = 0,'MAPPED-ADDRESS' = undefined,
      'MESSAGE-INTEGRITY' = undefined,'NONCE' = undefined,'REALM' = undefined,
      'REQUESTED-ADDRESS-FAMILY' = undefined,
      'REQUESTED-TRANSPORT' = undefined,'SOFTWARE' = undefined,
      'UNKNOWN-ATTRIBUTES' = [],'USERNAME' = undefined,
      'XOR-MAPPED-ADDRESS' = undefined,'XOR-PEER-ADDRESS' = [],
      'XOR-RELAYED-ADDRESS' = undefined} (turn:send/2:521)
2022-03-26 19:23:50.341335+00:00 [info] Deleting TURN allocation [UDP, session 2r, user 2145913200, client 127.0.0.1:41637, relay 127.0.0.1:64632] (turn:terminate/3:454)
2022-03-26 19:23:50.341437+00:00 [notice] Relayed 0 KiB (in 0 B / 0 packets, out 0 B / 0 packets), duration: 0 seconds [UDP, session 2r, user 2145913200, client 127.0.0.1:41637, relay 127.0.0.1:64632] (turn:terminate/3:461)
2022-03-26 19:23:50.341547+00:00 [debug] Running 'turn_session_stop' hook [UDP, session 2r, user 2145913200, client 127.0.0.1:41637, relay 127.0.0.1:64632] (turn:run_hook/2:711)
2022-03-26 19:23:50.341605+00:00 [debug] Got 'turn_session_stop' event [UDP, session 2r, user 2145913200, client 127.0.0.1:41637, relay 127.0.0.1:64632] (eturnal_module:handle_event/2:176)
2022-03-26 19:23:50.341646+00:00 [debug] Calling mod_stats_influx:handle_event/2 [UDP, session 2r, user 2145913200, client 127.0.0.1:41637, relay 127.0.0.1:64632] (eturnal_module:handle_event/2:179)
2022-03-26 19:23:50.341773+00:00 [debug] Writing stats of TURN session 2r to InfluxDB [UDP, session 2r, user 2145913200, client 127.0.0.1:41637, relay 127.0.0.1:64632] (mod_stats_influx:on_turn_session_stop/1:81)
2022-03-26 19:23:50.366117+00:00 [debug] Received:
#stun{class = request,method = 1,magic = 554869826,
      trid = 57990006193654685429420382616,raw = <<>>,unsupported = [],
      'ALTERNATE-SERVER' = undefined,'CHANNEL-NUMBER' = undefined,
      'DATA' = undefined,'DONT-FRAGMENT' = false,'ERROR-CODE' = undefined,
      'LIFETIME' = undefined,'MAPPED-ADDRESS' = undefined,
      'MESSAGE-INTEGRITY' = undefined,'NONCE' = undefined,'REALM' = undefined,
      'REQUESTED-ADDRESS-FAMILY' = undefined,
      'REQUESTED-TRANSPORT' = undefined,'SOFTWARE' = undefined,
      'UNKNOWN-ATTRIBUTES' = [],'USERNAME' = undefined,
      'XOR-MAPPED-ADDRESS' = undefined,'XOR-PEER-ADDRESS' = [],
      'XOR-RELAYED-ADDRESS' = undefined} (stun:udp_recv/5:111)
2022-03-26 19:23:50.366214+00:00 [debug] Responding to STUN request [UDP, session 36, anonymous, client 127.0.0.1:42592] (stun:process/4:312)
2022-03-26 19:23:50.366247+00:00 [debug] Running 'stun_query' hook [UDP, session 36, anonymous, client 127.0.0.1:42592] (stun:run_hook/3:818)
2022-03-26 19:23:50.366292+00:00 [debug] Got 'stun_query' event [UDP, session 36, anonymous, client 127.0.0.1:42592] (eturnal_module:handle_event/2:176)
2022-03-26 19:23:50.366327+00:00 [debug] Calling mod_log_stun:handle_event/2 [UDP, session 36, anonymous, client 127.0.0.1:42592] (eturnal_module:handle_event/2:179)
2022-03-26 19:23:50.366365+00:00 [info] Responding to STUN request [UDP, session 36, anonymous, client 127.0.0.1:42592] (mod_log_stun:handle_event/2:45)
2022-03-26 19:23:50.366408+00:00 [debug] Calling mod_stats_influx:handle_event/2 [UDP, session 36, anonymous, client 127.0.0.1:42592] (eturnal_module:handle_event/2:179)
2022-03-26 19:23:50.366437+00:00 [debug] Writing STUN query event to InfluxDB [UDP, session 36, anonymous, client 127.0.0.1:42592] (mod_stats_influx:on_stun_query/1:70)
2022-03-26 19:23:50.366575+00:00 [debug] Sending:
#stun{class = response,method = 1,magic = 554869826,
      trid = 57990006193654685429420382616,raw = <<>>,unsupported = [],
      'ALTERNATE-SERVER' = undefined,'CHANNEL-NUMBER' = undefined,
      'DATA' = undefined,'DONT-FRAGMENT' = false,'ERROR-CODE' = undefined,
      'LIFETIME' = undefined,'MAPPED-ADDRESS' = undefined,
      'MESSAGE-INTEGRITY' = undefined,'NONCE' = undefined,'REALM' = undefined,
      'REQUESTED-ADDRESS-FAMILY' = undefined,
      'REQUESTED-TRANSPORT' = undefined,'SOFTWARE' = <<"eturnal">>,
      'UNKNOWN-ATTRIBUTES' = [],'USERNAME' = undefined,
      'XOR-MAPPED-ADDRESS' = {{127,0,0,1},42592},
      'XOR-PEER-ADDRESS' = [],'XOR-RELAYED-ADDRESS' = undefined} (stun:send/3:445)
2022-03-26 19:23:50.391250+00:00 [info] Accepting connection: 127.0.0.1:51344 -> 127.0.0.1:34780 [TCP, session y] (stun_listener:accept/3:221)
2022-03-26 19:23:50.391548+00:00 [debug] Received:
#stun{class = request,method = 1,magic = 554869826,
      trid = 51755911251106742978741959446,raw = <<>>,unsupported = [],
      'ALTERNATE-SERVER' = undefined,'CHANNEL-NUMBER' = undefined,
      'DATA' = undefined,'DONT-FRAGMENT' = false,'ERROR-CODE' = undefined,
      'LIFETIME' = undefined,'MAPPED-ADDRESS' = undefined,
      'MESSAGE-INTEGRITY' = undefined,'NONCE' = undefined,'REALM' = undefined,
      'REQUESTED-ADDRESS-FAMILY' = undefined,
      'REQUESTED-TRANSPORT' = undefined,'SOFTWARE' = undefined,
      'UNKNOWN-ATTRIBUTES' = [],'USERNAME' = undefined,
      'XOR-MAPPED-ADDRESS' = undefined,'XOR-PEER-ADDRESS' = [],
      'XOR-RELAYED-ADDRESS' = undefined} (stun:process_data/3:404)
2022-03-26 19:23:50.391675+00:00 [debug] Responding to STUN request [TCP, session y, anonymous, client 127.0.0.1:51344] (stun:process/4:312)
2022-03-26 19:23:50.391718+00:00 [debug] Running 'stun_query' hook [TCP, session y, anonymous, client 127.0.0.1:51344] (stun:run_hook/3:818)
2022-03-26 19:23:50.391806+00:00 [debug] Got 'stun_query' event [TCP, session y, anonymous, client 127.0.0.1:51344] (eturnal_module:handle_event/2:176)
2022-03-26 19:23:50.391843+00:00 [debug] Calling mod_log_stun:handle_event/2 [TCP, session y, anonymous, client 127.0.0.1:51344] (eturnal_module:handle_event/2:179)
2022-03-26 19:23:50.391946+00:00 [info] Responding to STUN request [TCP, session y, anonymous, client 127.0.0.1:51344] (mod_log_stun:handle_event/2:45)
2022-03-26 19:23:50.392011+00:00 [debug] Calling mod_stats_influx:handle_event/2 [TCP, session y, anonymous, client 127.0.0.1:51344] (eturnal_module:handle_event/2:179)
2022-03-26 19:23:50.392062+00:00 [debug] Writing STUN query event to InfluxDB [TCP, session y, anonymous, client 127.0.0.1:51344] (mod_stats_influx:on_stun_query/1:70)
2022-03-26 19:23:50.392236+00:00 [debug] Sending:
#stun{class = response,method = 1,magic = 554869826,
      trid = 51755911251106742978741959446,raw = <<>>,unsupported = [],
      'ALTERNATE-SERVER' = undefined,'CHANNEL-NUMBER' = undefined,
      'DATA' = undefined,'DONT-FRAGMENT' = false,'ERROR-CODE' = undefined,
      'LIFETIME' = undefined,'MAPPED-ADDRESS' = undefined,
      'MESSAGE-INTEGRITY' = undefined,'NONCE' = undefined,'REALM' = undefined,
      'REQUESTED-ADDRESS-FAMILY' = undefined,
      'REQUESTED-TRANSPORT' = undefined,'SOFTWARE' = <<"P1 STUN library">>,
      'UNKNOWN-ATTRIBUTES' = [],'USERNAME' = undefined,
      'XOR-MAPPED-ADDRESS' = {{127,0,0,1},51344},
      'XOR-PEER-ADDRESS' = [],'XOR-RELAYED-ADDRESS' = undefined} (stun:send/3:445)
2022-03-26 19:23:50.392477+00:00 [info] Connection reset by peer [TCP, session y, anonymous, client 127.0.0.1:51344] (stun:handle_info/3:170)
2022-03-26 19:23:50.418666+00:00 [info] Accepting connection: 127.0.0.1:37788 -> 127.0.0.1:53490 [TLS, session 1e] (stun_listener:accept/3:221)
2022-03-26 19:23:50.531092+00:00 [debug] Received:
#stun{class = request,method = 1,magic = 554869826,
      trid = 6630123147824557555245255403,raw = <<>>,unsupported = [],
      'ALTERNATE-SERVER' = undefined,'CHANNEL-NUMBER' = undefined,
      'DATA' = undefined,'DONT-FRAGMENT' = false,'ERROR-CODE' = undefined,
      'LIFETIME' = undefined,'MAPPED-ADDRESS' = undefined,
      'MESSAGE-INTEGRITY' = undefined,'NONCE' = undefined,'REALM' = undefined,
      'REQUESTED-ADDRESS-FAMILY' = undefined,
      'REQUESTED-TRANSPORT' = undefined,'SOFTWARE' = undefined,
      'UNKNOWN-ATTRIBUTES' = [],'USERNAME' = undefined,
      'XOR-MAPPED-ADDRESS' = undefined,'XOR-PEER-ADDRESS' = [],
      'XOR-RELAYED-ADDRESS' = undefined} (stun:process_data/3:404)
2022-03-26 19:23:50.531484+00:00 [debug] Responding to STUN request [TLS, session 1e, anonymous, client 127.0.0.1:37788] (stun:process/4:312)
2022-03-26 19:23:50.531549+00:00 [debug] Running 'stun_query' hook [TLS, session 1e, anonymous, client 127.0.0.1:37788] (stun:run_hook/3:818)
2022-03-26 19:23:50.531613+00:00 [debug] Got 'stun_query' event [TLS, session 1e, anonymous, client 127.0.0.1:37788] (eturnal_module:handle_event/2:176)
2022-03-26 19:23:50.531667+00:00 [debug] Calling mod_log_stun:handle_event/2 [TLS, session 1e, anonymous, client 127.0.0.1:37788] (eturnal_module:handle_event/2:179)
2022-03-26 19:23:50.531726+00:00 [info] Responding to STUN request [TLS, session 1e, anonymous, client 127.0.0.1:37788] (mod_log_stun:handle_event/2:45)
2022-03-26 19:23:50.531803+00:00 [debug] Calling mod_stats_influx:handle_event/2 [TLS, session 1e, anonymous, client 127.0.0.1:37788] (eturnal_module:handle_event/2:179)
2022-03-26 19:23:50.531846+00:00 [debug] Writing STUN query event to InfluxDB [TLS, session 1e, anonymous, client 127.0.0.1:37788] (mod_stats_influx:on_stun_query/1:70)
2022-03-26 19:23:50.532071+00:00 [debug] Sending:
#stun{class = response,method = 1,magic = 554869826,
      trid = 6630123147824557555245255403,raw = <<>>,unsupported = [],
      'ALTERNATE-SERVER' = undefined,'CHANNEL-NUMBER' = undefined,
      'DATA' = undefined,'DONT-FRAGMENT' = false,'ERROR-CODE' = undefined,
      'LIFETIME' = undefined,'MAPPED-ADDRESS' = undefined,
      'MESSAGE-INTEGRITY' = undefined,'NONCE' = undefined,'REALM' = undefined,
      'REQUESTED-ADDRESS-FAMILY' = undefined,
      'REQUESTED-TRANSPORT' = undefined,'SOFTWARE' = <<"P1 STUN library">>,
      'UNKNOWN-ATTRIBUTES' = [],'USERNAME' = undefined,
      'XOR-MAPPED-ADDRESS' = {{127,0,0,1},37788},
      'XOR-PEER-ADDRESS' = [],'XOR-RELAYED-ADDRESS' = undefined} (stun:send/3:445)
2022-03-26 19:23:50.532390+00:00 [info] Connection reset by peer [TLS, session 1e, anonymous, client 127.0.0.1:37788] (stun:handle_info/3:170)
2022-03-26 19:23:50.556941+00:00 [info] Accepting connection: 127.0.0.1:48854 -> 127.0.0.1:34781 [TCP|TLS, session 1f] (stun_listener:accept/3:221)
2022-03-26 19:23:50.557091+00:00 [debug] Determined transport protocol: TCP (stun:is_tls_handshake/1:766)
2022-03-26 19:23:50.557408+00:00 [debug] Received:
#stun{class = request,method = 1,magic = 554869826,
      trid = 26198419711895473840431751697,raw = <<>>,unsupported = [],
      'ALTERNATE-SERVER' = undefined,'CHANNEL-NUMBER' = undefined,
      'DATA' = undefined,'DONT-FRAGMENT' = false,'ERROR-CODE' = undefined,
      'LIFETIME' = undefined,'MAPPED-ADDRESS' = undefined,
      'MESSAGE-INTEGRITY' = undefined,'NONCE' = undefined,'REALM' = undefined,
      'REQUESTED-ADDRESS-FAMILY' = undefined,
      'REQUESTED-TRANSPORT' = undefined,'SOFTWARE' = undefined,
      'UNKNOWN-ATTRIBUTES' = [],'USERNAME' = undefined,
      'XOR-MAPPED-ADDRESS' = undefined,'XOR-PEER-ADDRESS' = [],
      'XOR-RELAYED-ADDRESS' = undefined} (stun:process_data/3:404)
2022-03-26 19:23:50.557531+00:00 [debug] Responding to STUN request [TCP, session 1f, anonymous, client 127.0.0.1:48854] (stun:process/4:312)
2022-03-26 19:23:50.557584+00:00 [debug] Running 'stun_query' hook [TCP, session 1f, anonymous, client 127.0.0.1:48854] (stun:run_hook/3:818)
2022-03-26 19:23:50.557634+00:00 [debug] Got 'stun_query' event [TCP, session 1f, anonymous, client 127.0.0.1:48854] (eturnal_module:handle_event/2:176)
2022-03-26 19:23:50.557683+00:00 [debug] Calling mod_log_stun:handle_event/2 [TCP, session 1f, anonymous, client 127.0.0.1:48854] (eturnal_module:handle_event/2:179)
2022-03-26 19:23:50.557738+00:00 [info] Responding to STUN request [TCP, session 1f, anonymous, client 127.0.0.1:48854] (mod_log_stun:handle_event/2:45)
2022-03-26 19:23:50.557777+00:00 [debug] Calling mod_stats_influx:handle_event/2 [TCP, session 1f, anonymous, client 127.0.0.1:48854] (eturnal_module:handle_event/2:179)
2022-03-26 19:23:50.557841+00:00 [debug] Writing STUN query event to InfluxDB [TCP, session 1f, anonymous, client 127.0.0.1:48854] (mod_stats_influx:on_stun_query/1:70)
2022-03-26 19:23:50.558005+00:00 [debug] Sending:
#stun{class = response,method = 1,magic = 554869826,
      trid = 26198419711895473840431751697,raw = <<>>,unsupported = [],
      'ALTERNATE-SERVER' = undefined,'CHANNEL-NUMBER' = undefined,
      'DATA' = undefined,'DONT-FRAGMENT' = false,'ERROR-CODE' = undefined,
      'LIFETIME' = undefined,'MAPPED-ADDRESS' = undefined,
      'MESSAGE-INTEGRITY' = undefined,'NONCE' = undefined,'REALM' = undefined,
      'REQUESTED-ADDRESS-FAMILY' = undefined,
      'REQUESTED-TRANSPORT' = undefined,'SOFTWARE' = <<"P1 STUN library">>,
      'UNKNOWN-ATTRIBUTES' = [],'USERNAME' = undefined,
      'XOR-MAPPED-ADDRESS' = {{127,0,0,1},48854},
      'XOR-PEER-ADDRESS' = [],'XOR-RELAYED-ADDRESS' = undefined} (stun:send/3:445)
2022-03-26 19:23:50.558237+00:00 [info] Connection reset by peer [TCP, session 1f, anonymous, client 127.0.0.1:48854] (stun:handle_info/3:170)
2022-03-26 19:23:50.583112+00:00 [info] Accepting connection: 127.0.0.1:48856 -> 127.0.0.1:34781 [TCP|TLS, session 4z] (stun_listener:accept/3:221)
2022-03-26 19:23:50.583252+00:00 [debug] Determined transport protocol: TLS (stun:is_tls_handshake/1:763)
2022-03-26 19:23:50.695190+00:00 [debug] Received:
#stun{class = request,method = 1,magic = 554869826,
      trid = 66338485030889222242049048752,raw = <<>>,unsupported = [],
      'ALTERNATE-SERVER' = undefined,'CHANNEL-NUMBER' = undefined,
      'DATA' = undefined,'DONT-FRAGMENT' = false,'ERROR-CODE' = undefined,
      'LIFETIME' = undefined,'MAPPED-ADDRESS' = undefined,
      'MESSAGE-INTEGRITY' = undefined,'NONCE' = undefined,'REALM' = undefined,
      'REQUESTED-ADDRESS-FAMILY' = undefined,
      'REQUESTED-TRANSPORT' = undefined,'SOFTWARE' = undefined,
      'UNKNOWN-ATTRIBUTES' = [],'USERNAME' = undefined,
      'XOR-MAPPED-ADDRESS' = undefined,'XOR-PEER-ADDRESS' = [],
      'XOR-RELAYED-ADDRESS' = undefined} (stun:process_data/3:404)
2022-03-26 19:23:50.695355+00:00 [debug] Responding to STUN request [TLS, session 4z, anonymous, client 127.0.0.1:48856] (stun:process/4:312)
2022-03-26 19:23:50.695404+00:00 [debug] Running 'stun_query' hook [TLS, session 4z, anonymous, client 127.0.0.1:48856] (stun:run_hook/3:818)
2022-03-26 19:23:50.695482+00:00 [debug] Got 'stun_query' event [TLS, session 4z, anonymous, client 127.0.0.1:48856] (eturnal_module:handle_event/2:176)
2022-03-26 19:23:50.695518+00:00 [debug] Calling mod_log_stun:handle_event/2 [TLS, session 4z, anonymous, client 127.0.0.1:48856] (eturnal_module:handle_event/2:179)
2022-03-26 19:23:50.695555+00:00 [info] Responding to STUN request [TLS, session 4z, anonymous, client 127.0.0.1:48856] (mod_log_stun:handle_event/2:45)
2022-03-26 19:23:50.695645+00:00 [debug] Calling mod_stats_influx:handle_event/2 [TLS, session 4z, anonymous, client 127.0.0.1:48856] (eturnal_module:handle_event/2:179)
2022-03-26 19:23:50.695679+00:00 [debug] Writing STUN query event to InfluxDB [TLS, session 4z, anonymous, client 127.0.0.1:48856] (mod_stats_influx:on_stun_query/1:70)
2022-03-26 19:23:50.695924+00:00 [debug] Sending:
#stun{class = response,method = 1,magic = 554869826,
      trid = 66338485030889222242049048752,raw = <<>>,unsupported = [],
      'ALTERNATE-SERVER' = undefined,'CHANNEL-NUMBER' = undefined,
      'DATA' = undefined,'DONT-FRAGMENT' = false,'ERROR-CODE' = undefined,
      'LIFETIME' = undefined,'MAPPED-ADDRESS' = undefined,
      'MESSAGE-INTEGRITY' = undefined,'NONCE' = undefined,'REALM' = undefined,
      'REQUESTED-ADDRESS-FAMILY' = undefined,
      'REQUESTED-TRANSPORT' = undefined,'SOFTWARE' = <<"P1 STUN library">>,
      'UNKNOWN-ATTRIBUTES' = [],'USERNAME' = undefined,
      'XOR-MAPPED-ADDRESS' = {{127,0,0,1},48856},
      'XOR-PEER-ADDRESS' = [],'XOR-RELAYED-ADDRESS' = undefined} (stun:send/3:445)
2022-03-26 19:23:50.696234+00:00 [info] Connection reset by peer [TLS, session 4z, anonymous, client 127.0.0.1:48856] (stun:handle_info/3:170)
2022-03-26 19:23:50.721583+00:00 [debug] No NOTIFY_SOCKET, dropping STOPPING=1 notification (eturnal_systemd:handle_cast/2:109)
2022-03-26 19:23:50.721725+00:00 [debug] Watchdog interval is undefined, hibernating (eturnal_systemd:get_timeout/1:162)
2022-03-26 19:23:50.721933+00:00 [debug] Terminating eturnal (shutdown) (eturnal:terminate/2:200)
2022-03-26 19:23:50.722070+00:00 [info] Stopped listening on 127.0.0.1:34780 (udp) (eturnal:stop_listeners/1:395)
2022-03-26 19:23:50.722191+00:00 [info] Stopped listening on 127.0.0.1:34780 (tcp) (eturnal:stop_listeners/1:395)
2022-03-26 19:23:50.722707+00:00 [info] Stopped listening on 127.0.0.1:53490 (tls) (eturnal:stop_listeners/1:395)
2022-03-26 19:23:50.722850+00:00 [info] Stopped listening on 127.0.0.1:34781 (auto) (eturnal:stop_listeners/1:395)
2022-03-26 19:23:50.723294+00:00 [debug] Calling mod_log_stun:stop/1 (eturnal_module:stop/1:162)
2022-03-26 19:23:50.723542+00:00 [debug] Stopping mod_log_stun (mod_log_stun:stop/0:50)
2022-03-26 19:23:50.724588+00:00 [info] Stopped mod_log_stun (eturnal:stop_modules/1:343)
2022-03-26 19:23:50.725378+00:00 [debug] Calling mod_stats_influx:stop/1 (eturnal_module:stop/1:162)
2022-03-26 19:23:50.725577+00:00 [debug] Stopping mod_stats_influx (mod_stats_influx:stop/0:55)
2022-03-26 19:23:50.725725+00:00 [info] Stopped mod_stats_influx (eturnal:stop_modules/1:343)
2022-03-26 19:23:50.726802+00:00 [debug] Removed run/cert.pem (eturnal:clean_run_dir/0:727)
2022-03-26 19:23:50.727128+00:00 [debug] Terminating eturnal_systemd (shutdown) (eturnal_systemd:terminate/2:136)
2022-03-26 19:23:50.727397+00:00 [notice] Stopping eturnal 1.8.2 on Erlang/OTP 24 (ERTS 12.3) (eturnal_app:stop/1:54)
