=== Suite started at 2022-08-03 21:17:48
=== Starting test, 18 test cases
=cases         18
=user          runner
=host          nohost
=hosts         nohost 
=emulator_vsn  13.0
=emulator      beam
=otp_release   25
=started       2022-08-03 21:17:48
=case          eturnal_SUITE:init_per_suite
=logfile       eturnal_suite.init_per_suite.html
=started       2022-08-03 21:17:48
=ended         2022-08-03 21:17:48
=result        ok
=elapsed       0.0
=case          eturnal_SUITE:start_eturnal
=logfile       eturnal_suite.start_eturnal.html
=started       2022-08-03 21:17:48
=ended         2022-08-03 21:17:50
=result        ok
=elapsed       2.475573
=case          eturnal_SUITE:check_info
=logfile       eturnal_suite.check_info.html
=started       2022-08-03 21:17:50
=ended         2022-08-03 21:17:50
=result        ok
=elapsed       9.06e-4
=case          eturnal_SUITE:check_all_sessions
=logfile       eturnal_suite.check_all_sessions.html
=started       2022-08-03 21:17:50
=ended         2022-08-03 21:17:50
=result        ok
=elapsed       2.51e-4
=case          eturnal_SUITE:check_user_sessions
=logfile       eturnal_suite.check_user_sessions.html
=started       2022-08-03 21:17:50
=ended         2022-08-03 21:17:50
=result        ok
=elapsed       4.94e-4
=case          eturnal_SUITE:check_disconnect
=logfile       eturnal_suite.check_disconnect.html
=started       2022-08-03 21:17:50
=ended         2022-08-03 21:17:50
=result        ok
=elapsed       6.56e-4
=case          eturnal_SUITE:check_credentials
=logfile       eturnal_suite.check_credentials.html
=started       2022-08-03 21:17:50
=ended         2022-08-03 21:17:50
=result        ok
=elapsed       0.009811
=case          eturnal_SUITE:check_loglevel
=logfile       eturnal_suite.check_loglevel.html
=started       2022-08-03 21:17:50
=ended         2022-08-03 21:17:50
=result        ok
=elapsed       0.001874
=case          eturnal_SUITE:check_version
=logfile       eturnal_suite.check_version.html
=started       2022-08-03 21:17:50
=ended         2022-08-03 21:17:50
=result        ok
=elapsed       3.74e-4
=case          eturnal_SUITE:reload
=logfile       eturnal_suite.reload.html
=started       2022-08-03 21:17:50
=ended         2022-08-03 21:17:51
=result        ok
=elapsed       0.45195
=case          eturnal_SUITE:connect_tcp
=logfile       eturnal_suite.connect_tcp.html
=started       2022-08-03 21:17:51
=ended         2022-08-03 21:17:51
=result        ok
=elapsed       3.43e-4
=case          eturnal_SUITE:connect_tls
=logfile       eturnal_suite.connect_tls.html
=started       2022-08-03 21:17:51
=ended         2022-08-03 21:17:51
=result        ok
=elapsed       6.83e-4
=case          eturnal_SUITE:turn_udp
=logfile       eturnal_suite.turn_udp.html
=started       2022-08-03 21:17:51
=ended         2022-08-03 21:17:51
=result        ok
=elapsed       0.002929
=case          eturnal_SUITE:stun_udp
=logfile       eturnal_suite.stun_udp.html
=started       2022-08-03 21:17:51
=ended         2022-08-03 21:17:51
=result        ok
=elapsed       0.001707
=case          eturnal_SUITE:stun_tcp
=logfile       eturnal_suite.stun_tcp.html
=started       2022-08-03 21:17:51
=ended         2022-08-03 21:17:51
=result        ok
=elapsed       0.001973
=case          eturnal_SUITE:stun_tls
=logfile       eturnal_suite.stun_tls.html
=started       2022-08-03 21:17:51
=ended         2022-08-03 21:17:51
=result        ok
=elapsed       0.110234
=case          eturnal_SUITE:stun_tcp_auto
=logfile       eturnal_suite.stun_tcp_auto.html
=started       2022-08-03 21:17:51
=ended         2022-08-03 21:17:51
=result        ok
=elapsed       0.001922
=case          eturnal_SUITE:stun_tls_auto
=logfile       eturnal_suite.stun_tls_auto.html
=started       2022-08-03 21:17:51
=ended         2022-08-03 21:17:51
=result        ok
=elapsed       0.110358
=case          eturnal_SUITE:stop_eturnal
=logfile       eturnal_suite.stop_eturnal.html
=started       2022-08-03 21:17:51
=ended         2022-08-03 21:17:51
=result        ok
=elapsed       0.012449
=case          eturnal_SUITE:end_per_suite
=logfile       eturnal_suite.end_per_suite.html
=started       2022-08-03 21:17:51
=ended         2022-08-03 21:17:51
=result        ok
=elapsed       1.0e-6
=group_time    3.659s
=== TEST COMPLETE, 18 ok, 0 failed of 18 test cases

=finished      2022-08-03 21:17:51
=failed        0
=successful    18
=user_skipped  0
=auto_skipped  0
