2023-05-08 14:45:18.149544+00:00 [notice] Starting eturnal 1.10.1 on Erlang/OTP 25 (ERTS 13.2) (eturnal_app:start/2:34)
2023-05-08 14:45:18.149774+00:00 [debug] Starting supervisor: eturnal_sup (eturnal_sup:start_link/0:31)
2023-05-08 14:45:18.149933+00:00 [debug] Configuring eturnal_sup supervisor: [#{id => systemd,
                                       start =>
                                           {eturnal_systemd,start_link,[]}},
                                     #{id => eturnal,
                                       start => {eturnal,start_link,[]}}] (eturnal_sup:init/0:39)
2023-05-08 14:45:18.152180+00:00 [info] Got no NOTIFY_SOCKET, notifications disabled (eturnal_systemd:init/1:96)
2023-05-08 14:45:18.152370+00:00 [debug] PROGRESS REPORT:
    supervisor: {local,eturnal_sup}
    started: [{pid,<0.1198.0>},
              {id,systemd},
              {mfargs,{eturnal_systemd,start_link,[]}},
              {restart_type,permanent},
              {significant,false},
              {shutdown,5000},
              {child_type,worker}]
 (supervisor:report_progress/2:1557)
2023-05-08 14:45:18.152504+00:00 [info] Relay IPv4 address: 127.0.0.1 (port range: 49152-65535) (eturnal:log_relay_addresses/0:325)
2023-05-08 14:45:18.152636+00:00 [info] Relay IPv6 address not configured (eturnal:log_relay_addresses/0:335)
2023-05-08 14:45:18.180599+00:00 [info] Cannot determine control query port: noport (eturnal:log_control_listener/0:350)
2023-05-08 14:45:18.181276+00:00 [debug] Using run directory run (eturnal:ensure_run_dir/0:798)
2023-05-08 14:45:18.181412+00:00 [debug] TURN configuration seems fine (eturnal:check_turn_config/0:546)
2023-05-08 14:45:18.181618+00:00 [warning] TLS enabled without 'tls_crt_file', creating self-signed certificate (eturnal:check_pem_file/0:744)
2023-05-08 14:45:19.653864+00:00 [debug] Calling mod_log_stun:start/0 (eturnal_module:start/1:143)
2023-05-08 14:45:19.654129+00:00 [debug] Starting mod_log_stun (mod_log_stun:start/0:38)
2023-05-08 14:45:19.654363+00:00 [info] Started mod_log_stun (eturnal:start_modules/0:361)
2023-05-08 14:45:19.654511+00:00 [debug] Calling mod_stats_influx:start/0 (eturnal_module:start/1:143)
2023-05-08 14:45:19.654675+00:00 [debug] Starting mod_stats_influx (mod_stats_influx:start/0:37)
2023-05-08 14:45:19.658832+00:00 [debug] PROGRESS REPORT:
    application: ulitos
    started_at: nonode@nohost
 (application_controller:info_started/2:2107)
2023-05-08 14:45:19.660513+00:00 [debug] PROGRESS REPORT:
    application: poolboy
    started_at: nonode@nohost
 (application_controller:info_started/2:2107)
2023-05-08 14:45:19.661868+00:00 [info]     msg: Starting application: influx_udp (influx_udp_app:start/2:10)
2023-05-08 14:45:19.664385+00:00 [debug] PROGRESS REPORT:
    supervisor: {local,influx_udp_sup}
    started: [{pid,<0.1220.0>},
              {id,influx_udp},
              {mfargs,{influx_udp,start_link,[]}},
              {restart_type,permanent},
              {significant,false},
              {shutdown,5000},
              {child_type,worker}]
 (supervisor:report_progress/2:1557)
2023-05-08 14:45:19.664552+00:00 [debug] Dependency influx_udp was available already (eturnal_module:ensure_dep/2:284)
2023-05-08 14:45:19.664559+00:00 [debug] PROGRESS REPORT:
    application: influx_udp
    started_at: nonode@nohost
 (application_controller:info_started/2:2107)
2023-05-08 14:45:19.668674+00:00 [info]     host: {127,0,0,1}
    msg: Start clients pool
    options: #{host => "localhost",max_overflow => 1,pool_size => 1,
               port => 8089} (influx_udp:start_pool_/2:239)
2023-05-08 14:45:19.681966+00:00 [info]     msg: Open UDP socket on port
    port: 48423 (influx_udp_worker:init/1:43)
2023-05-08 14:45:19.682139+00:00 [debug] PROGRESS REPORT:
    supervisor: {local,influx_udp_sup}
    started: [{pid,<0.1223.0>},
              {id,stats_influx_pool},
              {mfargs,
                  {poolboy,start_link,
                      [[{name,{local,stats_influx_pool}},
                        {worker_module,influx_udp_worker},
                        {size,1},
                        {max_overflow,1}],
                       [{options,
                            #{host => {127,0,0,1},
                              max_overflow => 1,pool_size => 1,
                              port => 8089}}]]}},
              {restart_type,permanent},
              {significant,false},
              {shutdown,5000},
              {child_type,worker}]
 (supervisor:report_progress/2:1557)
2023-05-08 14:45:19.682328+00:00 [info] Started mod_stats_influx (eturnal:start_modules/0:361)
2023-05-08 14:45:19.682459+00:00 [debug] Calling mod_stats_prometheus:start/0 (eturnal_module:start/1:143)
2023-05-08 14:45:19.682894+00:00 [debug] Starting mod_stats_prometheus (mod_stats_prometheus:start/0:56)
2023-05-08 14:45:21.761739+00:00 [debug] PROGRESS REPORT:
    application: prometheus
    started_at: nonode@nohost
 (application_controller:info_started/2:2107)
2023-05-08 14:45:21.762937+00:00 [debug] PROGRESS REPORT:
    application: accept
    started_at: nonode@nohost
 (application_controller:info_started/2:2107)
2023-05-08 14:45:21.763201+00:00 [debug] PROGRESS REPORT:
    application: prometheus_httpd
    started_at: nonode@nohost
 (application_controller:info_started/2:2107)
2023-05-08 14:45:21.763325+00:00 [debug] Dependency prometheus_httpd was available already (eturnal_module:ensure_dep/2:284)
2023-05-08 14:45:21.764321+00:00 [debug] PROGRESS REPORT:
    supervisor: {local,httpd_instance_sup__127_0_0_1__9081default}
    started: [{pid,<0.1245.0>},
              {id,{httpd_connection_sup,{127,0,0,1},9081,default}},
              {mfargs,{httpd_connection_sup,start_link,[[{127,0,0,1},9081]]}},
              {restart_type,permanent},
              {significant,false},
              {shutdown,5000},
              {child_type,supervisor}]
 (supervisor:report_progress/2:1557)
2023-05-08 14:45:21.765149+00:00 [debug] PROGRESS REPORT:
    supervisor: {local,httpd_acceptor_sup__127_0_0_1__9081default}
    started: [{pid,<0.1247.0>},
              {id,{httpd_acceptor_sup,{127,0,0,1},9081,default}},
              {mfargs,{httpd_acceptor,start_link,
                                      [httpd__127_0_0_1__9081default,ip_comm,
                                       {127,0,0,1},
                                       9081,inet,
                                       httpd_conf__127_0_0_1__9081default,
                                       15000]}},
              {restart_type,transient},
              {significant,false},
              {shutdown,brutal_kill},
              {child_type,worker}]
 (supervisor:report_progress/2:1557)
2023-05-08 14:45:21.765323+00:00 [debug] PROGRESS REPORT:
    supervisor: {local,httpd_instance_sup__127_0_0_1__9081default}
    started: [{pid,<0.1246.0>},
              {id,{httpd_acceptor_sup,{127,0,0,1},9081,default}},
              {mfargs,
                  {httpd_acceptor_sup,start_link,
                      [[{127,0,0,1},
                        9081,
                        [{bind_address,{127,0,0,1}},
                         {socket_type,ip_comm},
                         {port,9081},
                         {server_root,"run/mod_stats_prometheus/doc"},
                         {document_root,"run/mod_stats_prometheus/doc"},
                         {server_name,"Prometheus Exporter"},
                         {modules,[prometheus_httpd]}],
                        15000,undefined]]}},
              {restart_type,permanent},
              {significant,false},
              {shutdown,infinity},
              {child_type,supervisor}]
 (supervisor:report_progress/2:1557)
2023-05-08 14:45:21.765497+00:00 [debug] PROGRESS REPORT:
    supervisor: {local,httpd_instance_sup__127_0_0_1__9081default}
    started: [{pid,<0.1248.0>},
              {id,{httpd_misc_sup,{127,0,0,1},9081,default}},
              {mfargs,{httpd_misc_sup,start_link,[{127,0,0,1},9081,default]}},
              {restart_type,permanent},
              {significant,false},
              {shutdown,infinity},
              {child_type,supervisor}]
 (supervisor:report_progress/2:1557)
2023-05-08 14:45:21.765789+00:00 [debug] PROGRESS REPORT:
    supervisor: {local,httpd_instance_sup__127_0_0_1__9081default}
    started: [{pid,<0.1249.0>},
              {id,{httpd_manager,{127,0,0,1},9081,default}},
              {mfargs,
                  {httpd_manager,start_link,
                      [undefined,
                       [{bind_address,{127,0,0,1}},
                        {socket_type,ip_comm},
                        {port,9081},
                        {server_root,"run/mod_stats_prometheus/doc"},
                        {document_root,"run/mod_stats_prometheus/doc"},
                        {server_name,"Prometheus Exporter"},
                        {modules,[prometheus_httpd]}],
                       15000]}},
              {restart_type,permanent},
              {significant,false},
              {shutdown,4000},
              {child_type,worker}]
 (supervisor:report_progress/2:1557)
2023-05-08 14:45:21.765919+00:00 [debug] PROGRESS REPORT:
    supervisor: {local,httpd_sup}
    started: [{pid,<0.1244.0>},
              {id,{httpd_instance_sup,{127,0,0,1},9081,default}},
              {mfargs,
                  {httpd_instance_sup,start_link,
                      [[{bind_address,{127,0,0,1}},
                        {socket_type,ip_comm},
                        {port,9081},
                        {server_root,"run/mod_stats_prometheus/doc"},
                        {document_root,"run/mod_stats_prometheus/doc"},
                        {server_name,"Prometheus Exporter"},
                        {modules,[prometheus_httpd]}],
                       15000,[]]}},
              {restart_type,permanent},
              {significant,false},
              {shutdown,infinity},
              {child_type,supervisor}]
 (supervisor:report_progress/2:1557)
2023-05-08 14:45:21.767473+00:00 [info] Started mod_stats_prometheus (eturnal:start_modules/0:361)
2023-05-08 14:45:21.767778+00:00 [debug] Starting listener 127.0.0.1:34780 (udp) with options:
[{use_turn,true},
 {auth_type,user},
 {turn_ipv4_address,{127,0,0,1}},
 {turn_min_port,49152},
 {turn_max_port,65535},
 {turn_max_allocations,10},
 {turn_max_permissions,10},
 {shaper,100000},
 {turn_blacklist,[{{10,0,0,0},8},
                  {{100,64,0,0},10},
                  {{127,0,0,0},8},
                  {{169,254,0,0},16},
                  {{172,16,0,0},12},
                  {{192,0,0,0},24},
                  {{192,0,2,0},24},
                  {{192,88,99,0},24},
                  {{192,168,0,0},16},
                  {{198,18,0,0},15},
                  {{198,51,100,0},24},
                  {{203,0,113,0},24},
                  {{224,0,0,0},4},
                  {{240,0,0,0},4},
                  {{0,0,0,0,0,0,0,1},128},
                  {{0,0,0,0,0,65535,0,0},96},
                  {{100,65435,0,0,0,0,0,0},96},
                  {{256,0,0,0,0,0,0,0},64},
                  {{8193,3512,0,0,0,0,0,0},32},
                  {{64512,0,0,0,0,0,0,0},7},
                  {{65152,0,0,0,0,0,0,0},10},
                  {{65280,0,0,0,0,0,0,0},8}]},
 {turn_whitelist,[{{127,0,0,1},32},
                  {{203,0,113,113},32},
                  {{8193,3512,0,0,0,0,0,0},64}]},
 {auth_realm,<<"eturnal.net">>},
 {server_name,<<"eturnal">>},
 {auth_fun,fun eturnal:get_password/2},
 {hook_fun,fun eturnal:run_hook/2}] (eturnal:start_listeners/0:394)
2023-05-08 14:45:21.768543+00:00 [info] Listening on 127.0.0.1:34780 (udp) (STUN/TURN) (eturnal:start_listeners/0:401)
2023-05-08 14:45:21.768856+00:00 [debug] Starting listener 127.0.0.1:34780 (tcp) with options:
[{use_turn,false},
 {auth_type,anonymous},
 {turn_ipv4_address,{127,0,0,1}},
 {turn_min_port,49152},
 {turn_max_port,65535},
 {turn_max_allocations,10},
 {turn_max_permissions,10},
 {shaper,100000},
 {turn_blacklist,[{{10,0,0,0},8},
                  {{100,64,0,0},10},
                  {{127,0,0,0},8},
                  {{169,254,0,0},16},
                  {{172,16,0,0},12},
                  {{192,0,0,0},24},
                  {{192,0,2,0},24},
                  {{192,88,99,0},24},
                  {{192,168,0,0},16},
                  {{198,18,0,0},15},
                  {{198,51,100,0},24},
                  {{203,0,113,0},24},
                  {{224,0,0,0},4},
                  {{240,0,0,0},4},
                  {{0,0,0,0,0,0,0,1},128},
                  {{0,0,0,0,0,65535,0,0},96},
                  {{100,65435,0,0,0,0,0,0},96},
                  {{256,0,0,0,0,0,0,0},64},
                  {{8193,3512,0,0,0,0,0,0},32},
                  {{64512,0,0,0,0,0,0,0},7},
                  {{65152,0,0,0,0,0,0,0},10},
                  {{65280,0,0,0,0,0,0,0},8}]},
 {turn_whitelist,[{{127,0,0,1},32},
                  {{203,0,113,113},32},
                  {{8193,3512,0,0,0,0,0,0},64}]},
 {auth_realm,<<"eturnal.net">>},
 {server_name,<<"eturnal">>},
 {auth_fun,fun eturnal:get_password/2},
 {hook_fun,fun eturnal:run_hook/2}] (eturnal:start_listeners/0:394)
2023-05-08 14:45:21.769848+00:00 [info] Listening on 127.0.0.1:34780 (tcp) (STUN only) (eturnal:start_listeners/0:401)
2023-05-08 14:45:21.770345+00:00 [debug] Starting listener 127.0.0.1:53490 (tls) with options:
[{use_turn,false},
 {auth_type,anonymous},
 {tls,true},
 {certfile,<<"run/cert.pem">>},
 {ciphers,<<"HIGH:!aNULL:@STRENGTH">>},
 {protocol_options,<<"no_tlsv1|no_tlsv1_1|cipher_server_preference">>},
 {turn_ipv4_address,{127,0,0,1}},
 {turn_min_port,49152},
 {turn_max_port,65535},
 {turn_max_allocations,10},
 {turn_max_permissions,10},
 {shaper,100000},
 {turn_blacklist,[{{10,0,0,0},8},
                  {{100,64,0,0},10},
                  {{127,0,0,0},8},
                  {{169,254,0,0},16},
                  {{172,16,0,0},12},
                  {{192,0,0,0},24},
                  {{192,0,2,0},24},
                  {{192,88,99,0},24},
                  {{192,168,0,0},16},
                  {{198,18,0,0},15},
                  {{198,51,100,0},24},
                  {{203,0,113,0},24},
                  {{224,0,0,0},4},
                  {{240,0,0,0},4},
                  {{0,0,0,0,0,0,0,1},128},
                  {{0,0,0,0,0,65535,0,0},96},
                  {{100,65435,0,0,0,0,0,0},96},
                  {{256,0,0,0,0,0,0,0},64},
                  {{8193,3512,0,0,0,0,0,0},32},
                  {{64512,0,0,0,0,0,0,0},7},
                  {{65152,0,0,0,0,0,0,0},10},
                  {{65280,0,0,0,0,0,0,0},8}]},
 {turn_whitelist,[{{127,0,0,1},32},
                  {{203,0,113,113},32},
                  {{8193,3512,0,0,0,0,0,0},64}]},
 {auth_realm,<<"eturnal.net">>},
 {server_name,<<"eturnal">>},
 {auth_fun,fun eturnal:get_password/2},
 {hook_fun,fun eturnal:run_hook/2}] (eturnal:start_listeners/0:394)
2023-05-08 14:45:21.771212+00:00 [info] Listening on 127.0.0.1:53490 (tls) (STUN only) (eturnal:start_listeners/0:401)
2023-05-08 14:45:21.771388+00:00 [debug] Starting listener 127.0.0.1:34781 (auto) with options:
[{use_turn,false},
 {auth_type,anonymous},
 {tls,optional},
 {certfile,<<"run/cert.pem">>},
 {ciphers,<<"HIGH:!aNULL:@STRENGTH">>},
 {protocol_options,<<"no_tlsv1|no_tlsv1_1|cipher_server_preference">>},
 {turn_ipv4_address,{127,0,0,1}},
 {turn_min_port,49152},
 {turn_max_port,65535},
 {turn_max_allocations,10},
 {turn_max_permissions,10},
 {shaper,100000},
 {turn_blacklist,[{{10,0,0,0},8},
                  {{100,64,0,0},10},
                  {{127,0,0,0},8},
                  {{169,254,0,0},16},
                  {{172,16,0,0},12},
                  {{192,0,0,0},24},
                  {{192,0,2,0},24},
                  {{192,88,99,0},24},
                  {{192,168,0,0},16},
                  {{198,18,0,0},15},
                  {{198,51,100,0},24},
                  {{203,0,113,0},24},
                  {{224,0,0,0},4},
                  {{240,0,0,0},4},
                  {{0,0,0,0,0,0,0,1},128},
                  {{0,0,0,0,0,65535,0,0},96},
                  {{100,65435,0,0,0,0,0,0},96},
                  {{256,0,0,0,0,0,0,0},64},
                  {{8193,3512,0,0,0,0,0,0},32},
                  {{64512,0,0,0,0,0,0,0},7},
                  {{65152,0,0,0,0,0,0,0},10},
                  {{65280,0,0,0,0,0,0,0},8}]},
 {turn_whitelist,[{{127,0,0,1},32},
                  {{203,0,113,113},32},
                  {{8193,3512,0,0,0,0,0,0},64}]},
 {auth_realm,<<"eturnal.net">>},
 {server_name,<<"eturnal">>},
 {auth_fun,fun eturnal:get_password/2},
 {hook_fun,fun eturnal:run_hook/2}] (eturnal:start_listeners/0:394)
2023-05-08 14:45:21.771961+00:00 [info] Listening on 127.0.0.1:34781 (auto) (STUN only) (eturnal:start_listeners/0:401)
2023-05-08 14:45:21.772088+00:00 [debug] Started 3 modules (eturnal:init/1:105)
2023-05-08 14:45:21.772162+00:00 [debug] Started 4 listeners (eturnal:init/1:106)
2023-05-08 14:45:21.772336+00:00 [debug] PROGRESS REPORT:
    supervisor: {local,eturnal_sup}
    started: [{pid,<0.1200.0>},
              {id,eturnal},
              {mfargs,{eturnal,start_link,[]}},
              {restart_type,permanent},
              {significant,false},
              {shutdown,5000},
              {child_type,worker}]
 (supervisor:report_progress/2:1557)
2023-05-08 14:45:21.772439+00:00 [debug] PROGRESS REPORT:
    application: eturnal
    started_at: nonode@nohost
 (application_controller:info_started/2:2107)
2023-05-08 14:45:21.772437+00:00 [debug] No NOTIFY_SOCKET, dropping READY=1 notification (eturnal_systemd:handle_cast/2:110)
2023-05-08 14:45:21.772571+00:00 [debug] Watchdog interval is undefined, hibernating (eturnal_systemd:get_timeout/1:163)
2023-05-08 14:45:21.808665+00:00 [debug] Handling API call: get_info() (eturnal_ctl:get_info/0:134)
2023-05-08 14:45:21.809196+00:00 [debug] eturnal call (get_info) returned {ok,
                                  {eturnal_node_info,<<"1.10.1">>,
                                   {"25","13.2"},
                                   7519,0,151,153251969,1,56263968}} (eturnal_ctl:call/1:451)
2023-05-08 14:45:21.833655+00:00 [debug] Handling API call: get_sessions() (eturnal_ctl:get_sessions/0:105)
2023-05-08 14:45:21.858414+00:00 [debug] Handling API call: get_sessions("alice") (eturnal_ctl:get_sessions/1:115)
2023-05-08 14:45:21.858691+00:00 [debug] Handling API call: disconnect(alice) (eturnal_ctl:disconnect/1:183)
2023-05-08 14:45:21.858816+00:00 [debug] Cannot convert user name to binary: alice (eturnal_ctl:disconnect/1:193)
2023-05-08 14:45:21.885719+00:00 [debug] Handling API call: disconnect("alice") (eturnal_ctl:disconnect/1:183)
2023-05-08 14:45:21.885953+00:00 [debug] Handling API call: disconnect(alice) (eturnal_ctl:disconnect/1:183)
2023-05-08 14:45:21.886069+00:00 [debug] Cannot convert user name to binary: alice (eturnal_ctl:disconnect/1:193)
2023-05-08 14:45:21.910405+00:00 [debug] Handling API call: get_credentials("2009-10-30 11:00:00Z", []) (eturnal_ctl:get_credentials/2:59)
2023-05-08 14:45:21.910856+00:00 [debug] eturnal call ({get_password,<<"1256900400">>}) returned {ok,
                                                         <<"uEKlpcME7MNMMVRV8rUFPCTIFEs=">>} (eturnal_ctl:call/1:451)
2023-05-08 14:45:21.911079+00:00 [debug] Handling API call: get_credentials("86400", "alice") (eturnal_ctl:get_credentials/2:59)
2023-05-08 14:45:21.911226+00:00 [debug] eturnal call ({get_password,<<"1683643521:alice">>}) returned {ok,
                                                               <<"NlqTVf7zO9wUpb2y0qOtoVOi3ug=">>} (eturnal_ctl:call/1:451)
2023-05-08 14:45:21.911403+00:00 [debug] Handling API call: get_password("1683643521:alice") (eturnal_ctl:get_password/1:78)
2023-05-08 14:45:21.911522+00:00 [debug] eturnal call ({get_password,<<"1683643521:alice">>}) returned {ok,
                                                               <<"NlqTVf7zO9wUpb2y0qOtoVOi3ug=">>} (eturnal_ctl:call/1:451)
2023-05-08 14:45:21.911693+00:00 [debug] Handling API call: get_credentials("86400s", "alice") (eturnal_ctl:get_credentials/2:59)
2023-05-08 14:45:21.911826+00:00 [debug] eturnal call ({get_password,<<"1683643521:alice">>}) returned {ok,
                                                               <<"NlqTVf7zO9wUpb2y0qOtoVOi3ug=">>} (eturnal_ctl:call/1:451)
2023-05-08 14:45:21.911961+00:00 [debug] Handling API call: get_password("1683643521:alice") (eturnal_ctl:get_password/1:78)
2023-05-08 14:45:21.912078+00:00 [debug] eturnal call ({get_password,<<"1683643521:alice">>}) returned {ok,
                                                               <<"NlqTVf7zO9wUpb2y0qOtoVOi3ug=">>} (eturnal_ctl:call/1:451)
2023-05-08 14:45:21.912238+00:00 [debug] Handling API call: get_credentials("1440m", "alice") (eturnal_ctl:get_credentials/2:59)
2023-05-08 14:45:21.912364+00:00 [debug] eturnal call ({get_password,<<"1683643521:alice">>}) returned {ok,
                                                               <<"NlqTVf7zO9wUpb2y0qOtoVOi3ug=">>} (eturnal_ctl:call/1:451)
2023-05-08 14:45:21.912480+00:00 [debug] Handling API call: get_password("1683643521:alice") (eturnal_ctl:get_password/1:78)
2023-05-08 14:45:21.912584+00:00 [debug] eturnal call ({get_password,<<"1683643521:alice">>}) returned {ok,
                                                               <<"NlqTVf7zO9wUpb2y0qOtoVOi3ug=">>} (eturnal_ctl:call/1:451)
2023-05-08 14:45:21.912741+00:00 [debug] Handling API call: get_credentials("24h", "alice") (eturnal_ctl:get_credentials/2:59)
2023-05-08 14:45:21.912868+00:00 [debug] eturnal call ({get_password,<<"1683643521:alice">>}) returned {ok,
                                                               <<"NlqTVf7zO9wUpb2y0qOtoVOi3ug=">>} (eturnal_ctl:call/1:451)
2023-05-08 14:45:21.912998+00:00 [debug] Handling API call: get_password("1683643521:alice") (eturnal_ctl:get_password/1:78)
2023-05-08 14:45:21.913097+00:00 [debug] eturnal call ({get_password,<<"1683643521:alice">>}) returned {ok,
                                                               <<"NlqTVf7zO9wUpb2y0qOtoVOi3ug=">>} (eturnal_ctl:call/1:451)
2023-05-08 14:45:21.913233+00:00 [debug] Handling API call: get_credentials("1d", "alice") (eturnal_ctl:get_credentials/2:59)
2023-05-08 14:45:21.913337+00:00 [debug] eturnal call ({get_password,<<"1683643521:alice">>}) returned {ok,
                                                               <<"NlqTVf7zO9wUpb2y0qOtoVOi3ug=">>} (eturnal_ctl:call/1:451)
2023-05-08 14:45:21.913443+00:00 [debug] Handling API call: get_password("1683643521:alice") (eturnal_ctl:get_password/1:78)
2023-05-08 14:45:21.913560+00:00 [debug] eturnal call ({get_password,<<"1683643521:alice">>}) returned {ok,
                                                               <<"NlqTVf7zO9wUpb2y0qOtoVOi3ug=">>} (eturnal_ctl:call/1:451)
2023-05-08 14:45:21.915119+00:00 [debug] Handling API call: get_password("Invalid") (eturnal_ctl:get_password/1:78)
2023-05-08 14:45:21.915426+00:00 [debug] Invalid user name: Invalid (eturnal_ctl:get_password/1:92)
2023-05-08 14:45:21.915687+00:00 [debug] Handling API call: get_credentials("Invalid", []) (eturnal_ctl:get_credentials/2:59)
2023-05-08 14:45:21.915929+00:00 [debug] Invalid argument(s): "Invalid":[] (eturnal_ctl:get_credentials/2:72)
2023-05-08 14:45:21.916165+00:00 [debug] Handling API call: get_password(invalid) (eturnal_ctl:get_password/1:78)
2023-05-08 14:45:21.916520+00:00 [debug] Cannot convert user name to binary: invalid (eturnal_ctl:get_password/1:99)
2023-05-08 14:45:21.916638+00:00 [debug] Handling API call: get_credentials(invalid, []) (eturnal_ctl:get_credentials/2:59)
2023-05-08 14:45:21.916801+00:00 [debug] Invalid argument(s): invalid:[] (eturnal_ctl:get_credentials/2:72)
2023-05-08 14:45:21.916902+00:00 [debug] Handling API call: get_password([invalid]) (eturnal_ctl:get_password/1:78)
2023-05-08 14:45:21.916987+00:00 [debug] Cannot convert user name to binary: [invalid] (eturnal_ctl:get_password/1:99)
2023-05-08 14:45:21.917328+00:00 [debug] Handling API call: get_credentials([invalid], []) (eturnal_ctl:get_credentials/2:59)
2023-05-08 14:45:21.917491+00:00 [debug] Invalid argument(s): [invalid]:[] (eturnal_ctl:get_credentials/2:72)
2023-05-08 14:45:21.917642+00:00 [debug] Handling API call: get_credentials(1256900400, invalid) (eturnal_ctl:get_credentials/2:59)
2023-05-08 14:45:21.917891+00:00 [debug] Invalid argument(s): 1256900400:invalid (eturnal_ctl:get_credentials/2:72)
2023-05-08 14:45:21.942752+00:00 [debug] Handling API call: set_loglevel(debug) (eturnal_ctl:set_loglevel/1:164)
2023-05-08 14:45:21.942952+00:00 [debug] eturnal call ({set_loglevel,debug}) returned ok (eturnal_ctl:call/1:448)
2023-05-08 14:45:21.943101+00:00 [debug] Handling API call: get_loglevel() (eturnal_ctl:get_loglevel/0:154)
2023-05-08 14:45:21.943221+00:00 [debug] eturnal call (get_loglevel) returned {ok,debug} (eturnal_ctl:call/1:451)
2023-05-08 14:45:21.943427+00:00 [debug] Handling API call: set_loglevel(invalid) (eturnal_ctl:set_loglevel/1:164)
2023-05-08 14:45:21.943544+00:00 [debug] Invalid log level: invalid (eturnal_ctl:set_loglevel/1:174)
2023-05-08 14:45:21.943664+00:00 [debug] Handling API call: get_loglevel() (eturnal_ctl:get_loglevel/0:154)
2023-05-08 14:45:21.943739+00:00 [debug] eturnal call (get_loglevel) returned {ok,debug} (eturnal_ctl:call/1:451)
2023-05-08 14:45:21.972142+00:00 [debug] Handling API call: get_version() (eturnal_ctl:get_version/0:144)
2023-05-08 14:45:21.972333+00:00 [debug] eturnal call (get_version) returned {ok,<<"1.10.1">>} (eturnal_ctl:call/1:451)
2023-05-08 14:45:21.996316+00:00 [debug] Handling API call: reload() (eturnal_ctl:reload/0:199)
2023-05-08 14:45:21.998397+00:00 [debug] Calling mod_log_stun:options/0 (eturnal_module:options/1:192)
2023-05-08 14:45:21.998581+00:00 [debug] Calling mod_stats_influx:options/0 (eturnal_module:options/1:192)
2023-05-08 14:45:21.998719+00:00 [debug] Calling mod_stats_prometheus:options/0 (eturnal_module:options/1:192)
2023-05-08 14:45:21.999314+00:00 [warning] TLS enabled without 'tls_crt_file', creating self-signed certificate (eturnal:check_pem_file/0:744)
2023-05-08 14:45:22.182786+00:00 [info] Using new TLS certificate (eturnal:reload/1:573)
2023-05-08 14:45:22.183190+00:00 [debug] Calling mod_log_stun:stop/1 (eturnal_module:stop/1:163)
2023-05-08 14:45:22.183495+00:00 [debug] Stopping mod_log_stun (mod_log_stun:stop/0:49)
2023-05-08 14:45:22.183601+00:00 [info] Stopped mod_log_stun (eturnal:stop_modules/1:374)
2023-05-08 14:45:22.184925+00:00 [debug] Calling mod_stats_influx:stop/1 (eturnal_module:stop/1:163)
2023-05-08 14:45:22.185094+00:00 [debug] Stopping mod_stats_influx (mod_stats_influx:stop/0:61)
2023-05-08 14:45:22.185251+00:00 [info] Stopped mod_stats_influx (eturnal:stop_modules/1:374)
2023-05-08 14:45:22.187107+00:00 [debug] Calling mod_stats_prometheus:stop/1 (eturnal_module:stop/1:163)
2023-05-08 14:45:22.187379+00:00 [debug] Stopping mod_stats_prometheus (mod_stats_prometheus:stop/0:110)
2023-05-08 14:45:22.188327+00:00 [info] Stopped mod_stats_prometheus (eturnal:stop_modules/1:374)
2023-05-08 14:45:22.188490+00:00 [debug] Calling mod_log_stun:start/0 (eturnal_module:start/1:143)
2023-05-08 14:45:22.188599+00:00 [debug] Starting mod_log_stun (mod_log_stun:start/0:38)
2023-05-08 14:45:22.189870+00:00 [info] Started mod_log_stun (eturnal:start_modules/0:361)
2023-05-08 14:45:22.190191+00:00 [debug] Calling mod_stats_influx:start/0 (eturnal_module:start/1:143)
2023-05-08 14:45:22.190342+00:00 [debug] Starting mod_stats_influx (mod_stats_influx:start/0:37)
2023-05-08 14:45:22.190463+00:00 [debug] Dependency influx_udp was available already (eturnal_module:ensure_dep/2:284)
2023-05-08 14:45:22.191687+00:00 [info]     host: {127,0,0,1}
    msg: Start clients pool
    options: #{host => "localhost",max_overflow => 1,pool_size => 1,
               port => 8089} (influx_udp:start_pool_/2:239)
2023-05-08 14:45:22.192950+00:00 [info] Started mod_stats_influx (eturnal:start_modules/0:361)
2023-05-08 14:45:22.193115+00:00 [debug] Calling mod_stats_prometheus:start/0 (eturnal_module:start/1:143)
2023-05-08 14:45:22.193283+00:00 [debug] Starting mod_stats_prometheus (mod_stats_prometheus:start/0:56)
2023-05-08 14:45:22.193531+00:00 [debug] Dependency prometheus_httpd was available already (eturnal_module:ensure_dep/2:284)
2023-05-08 14:45:22.194548+00:00 [debug] PROGRESS REPORT:
    supervisor: {local,httpd_instance_sup__127_0_0_1__9081default}
    started: [{pid,<0.1373.0>},
              {id,{httpd_connection_sup,{127,0,0,1},9081,default}},
              {mfargs,{httpd_connection_sup,start_link,[[{127,0,0,1},9081]]}},
              {restart_type,permanent},
              {significant,false},
              {shutdown,5000},
              {child_type,supervisor}]
 (supervisor:report_progress/2:1557)
2023-05-08 14:45:22.194891+00:00 [debug] PROGRESS REPORT:
    supervisor: {local,httpd_acceptor_sup__127_0_0_1__9081default}
    started: [{pid,<0.1375.0>},
              {id,{httpd_acceptor_sup,{127,0,0,1},9081,default}},
              {mfargs,{httpd_acceptor,start_link,
                                      [httpd__127_0_0_1__9081default,ip_comm,
                                       {127,0,0,1},
                                       9081,inet,
                                       httpd_conf__127_0_0_1__9081default,
                                       15000]}},
              {restart_type,transient},
              {significant,false},
              {shutdown,brutal_kill},
              {child_type,worker}]
 (supervisor:report_progress/2:1557)
2023-05-08 14:45:22.195027+00:00 [debug] PROGRESS REPORT:
    supervisor: {local,httpd_instance_sup__127_0_0_1__9081default}
    started: [{pid,<0.1374.0>},
              {id,{httpd_acceptor_sup,{127,0,0,1},9081,default}},
              {mfargs,
                  {httpd_acceptor_sup,start_link,
                      [[{127,0,0,1},
                        9081,
                        [{bind_address,{127,0,0,1}},
                         {socket_type,ip_comm},
                         {port,9081},
                         {server_root,"run/mod_stats_prometheus/doc"},
                         {document_root,"run/mod_stats_prometheus/doc"},
                         {server_name,"Prometheus Exporter"},
                         {modules,[prometheus_httpd]}],
                        15000,undefined]]}},
              {restart_type,permanent},
              {significant,false},
              {shutdown,infinity},
              {child_type,supervisor}]
 (supervisor:report_progress/2:1557)
2023-05-08 14:45:22.195179+00:00 [debug] PROGRESS REPORT:
    supervisor: {local,httpd_instance_sup__127_0_0_1__9081default}
    started: [{pid,<0.1377.0>},
              {id,{httpd_misc_sup,{127,0,0,1},9081,default}},
              {mfargs,{httpd_misc_sup,start_link,[{127,0,0,1},9081,default]}},
              {restart_type,permanent},
              {significant,false},
              {shutdown,infinity},
              {child_type,supervisor}]
 (supervisor:report_progress/2:1557)
2023-05-08 14:45:22.195735+00:00 [debug] PROGRESS REPORT:
    supervisor: {local,httpd_instance_sup__127_0_0_1__9081default}
    started: [{pid,<0.1379.0>},
              {id,{httpd_manager,{127,0,0,1},9081,default}},
              {mfargs,
                  {httpd_manager,start_link,
                      [undefined,
                       [{bind_address,{127,0,0,1}},
                        {socket_type,ip_comm},
                        {port,9081},
                        {server_root,"run/mod_stats_prometheus/doc"},
                        {document_root,"run/mod_stats_prometheus/doc"},
                        {server_name,"Prometheus Exporter"},
                        {modules,[prometheus_httpd]}],
                       15000]}},
              {restart_type,permanent},
              {significant,false},
              {shutdown,4000},
              {child_type,worker}]
 (supervisor:report_progress/2:1557)
2023-05-08 14:45:22.195886+00:00 [debug] PROGRESS REPORT:
    supervisor: {local,httpd_sup}
    started: [{pid,<0.1372.0>},
              {id,{httpd_instance_sup,{127,0,0,1},9081,default}},
              {mfargs,
                  {httpd_instance_sup,start_link,
                      [[{bind_address,{127,0,0,1}},
                        {socket_type,ip_comm},
                        {port,9081},
                        {server_root,"run/mod_stats_prometheus/doc"},
                        {document_root,"run/mod_stats_prometheus/doc"},
                        {server_name,"Prometheus Exporter"},
                        {modules,[prometheus_httpd]}],
                       15000,[]]}},
              {restart_type,permanent},
              {significant,false},
              {shutdown,infinity},
              {child_type,supervisor}]
 (supervisor:report_progress/2:1557)
2023-05-08 14:45:22.196524+00:00 [info] Started mod_stats_prometheus (eturnal:start_modules/0:361)
2023-05-08 14:45:22.196647+00:00 [debug] Restarted modules (eturnal:reload/1:581)
2023-05-08 14:45:22.196982+00:00 [debug] eturnal call (reload) returned ok (eturnal_ctl:call/1:448)
2023-05-08 14:45:22.197985+00:00 [debug] Handling API call: reload() (eturnal_ctl:reload/0:199)
2023-05-08 14:45:22.201615+00:00 [debug] Calling mod_log_stun:options/0 (eturnal_module:options/1:192)
2023-05-08 14:45:22.201762+00:00 [debug] Calling mod_stats_influx:options/0 (eturnal_module:options/1:192)
2023-05-08 14:45:22.201914+00:00 [debug] Calling mod_stats_prometheus:options/0 (eturnal_module:options/1:192)
2023-05-08 14:45:22.202958+00:00 [debug] Keeping PEM file (run/cert.pem) (eturnal:check_pem_file/0:741)
2023-05-08 14:45:22.203129+00:00 [debug] TLS certificate unchanged (eturnal:reload/1:575)
2023-05-08 14:45:22.203841+00:00 [debug] Calling mod_log_stun:stop/1 (eturnal_module:stop/1:163)
2023-05-08 14:45:22.203990+00:00 [debug] Stopping mod_log_stun (mod_log_stun:stop/0:49)
2023-05-08 14:45:22.204130+00:00 [info] Stopped mod_log_stun (eturnal:stop_modules/1:374)
2023-05-08 14:45:22.205054+00:00 [debug] Calling mod_stats_influx:stop/1 (eturnal_module:stop/1:163)
2023-05-08 14:45:22.205277+00:00 [debug] Stopping mod_stats_influx (mod_stats_influx:stop/0:61)
2023-05-08 14:45:22.205625+00:00 [info] Stopped mod_stats_influx (eturnal:stop_modules/1:374)
2023-05-08 14:45:22.206666+00:00 [debug] Calling mod_stats_prometheus:stop/1 (eturnal_module:stop/1:163)
2023-05-08 14:45:22.206833+00:00 [debug] Stopping mod_stats_prometheus (mod_stats_prometheus:stop/0:110)
2023-05-08 14:45:22.207973+00:00 [info] Stopped mod_stats_prometheus (eturnal:stop_modules/1:374)
2023-05-08 14:45:22.208199+00:00 [debug] Calling mod_log_stun:start/0 (eturnal_module:start/1:143)
2023-05-08 14:45:22.208355+00:00 [debug] Starting mod_log_stun (mod_log_stun:start/0:38)
2023-05-08 14:45:22.209336+00:00 [info] Started mod_log_stun (eturnal:start_modules/0:361)
2023-05-08 14:45:22.209478+00:00 [debug] Calling mod_stats_influx:start/0 (eturnal_module:start/1:143)
2023-05-08 14:45:22.209557+00:00 [debug] Starting mod_stats_influx (mod_stats_influx:start/0:37)
2023-05-08 14:45:22.209933+00:00 [debug] Dependency influx_udp was available already (eturnal_module:ensure_dep/2:284)
2023-05-08 14:45:22.210474+00:00 [info]     host: {127,0,0,1}
    msg: Start clients pool
    options: #{host => "localhost",max_overflow => 1,pool_size => 1,
               port => 8089} (influx_udp:start_pool_/2:239)
2023-05-08 14:45:22.211149+00:00 [info] Started mod_stats_influx (eturnal:start_modules/0:361)
2023-05-08 14:45:22.211358+00:00 [debug] Calling mod_stats_prometheus:start/0 (eturnal_module:start/1:143)
2023-05-08 14:45:22.211789+00:00 [debug] Starting mod_stats_prometheus (mod_stats_prometheus:start/0:56)
2023-05-08 14:45:22.212039+00:00 [debug] Dependency prometheus_httpd was available already (eturnal_module:ensure_dep/2:284)
2023-05-08 14:45:22.213167+00:00 [debug] PROGRESS REPORT:
    supervisor: {local,httpd_instance_sup__127_0_0_1__9081default}
    started: [{pid,<0.1410.0>},
              {id,{httpd_connection_sup,{127,0,0,1},9081,default}},
              {mfargs,{httpd_connection_sup,start_link,[[{127,0,0,1},9081]]}},
              {restart_type,permanent},
              {significant,false},
              {shutdown,5000},
              {child_type,supervisor}]
 (supervisor:report_progress/2:1557)
2023-05-08 14:45:22.213488+00:00 [debug] PROGRESS REPORT:
    supervisor: {local,httpd_acceptor_sup__127_0_0_1__9081default}
    started: [{pid,<0.1412.0>},
              {id,{httpd_acceptor_sup,{127,0,0,1},9081,default}},
              {mfargs,{httpd_acceptor,start_link,
                                      [httpd__127_0_0_1__9081default,ip_comm,
                                       {127,0,0,1},
                                       9081,inet,
                                       httpd_conf__127_0_0_1__9081default,
                                       15000]}},
              {restart_type,transient},
              {significant,false},
              {shutdown,brutal_kill},
              {child_type,worker}]
 (supervisor:report_progress/2:1557)
2023-05-08 14:45:22.213627+00:00 [debug] PROGRESS REPORT:
    supervisor: {local,httpd_instance_sup__127_0_0_1__9081default}
    started: [{pid,<0.1411.0>},
              {id,{httpd_acceptor_sup,{127,0,0,1},9081,default}},
              {mfargs,
                  {httpd_acceptor_sup,start_link,
                      [[{127,0,0,1},
                        9081,
                        [{bind_address,{127,0,0,1}},
                         {socket_type,ip_comm},
                         {port,9081},
                         {server_root,"run/mod_stats_prometheus/doc"},
                         {document_root,"run/mod_stats_prometheus/doc"},
                         {server_name,"Prometheus Exporter"},
                         {modules,[prometheus_httpd]}],
                        15000,undefined]]}},
              {restart_type,permanent},
              {significant,false},
              {shutdown,infinity},
              {child_type,supervisor}]
 (supervisor:report_progress/2:1557)
2023-05-08 14:45:22.213775+00:00 [debug] PROGRESS REPORT:
    supervisor: {local,httpd_instance_sup__127_0_0_1__9081default}
    started: [{pid,<0.1413.0>},
              {id,{httpd_misc_sup,{127,0,0,1},9081,default}},
              {mfargs,{httpd_misc_sup,start_link,[{127,0,0,1},9081,default]}},
              {restart_type,permanent},
              {significant,false},
              {shutdown,infinity},
              {child_type,supervisor}]
 (supervisor:report_progress/2:1557)
2023-05-08 14:45:22.214068+00:00 [debug] PROGRESS REPORT:
    supervisor: {local,httpd_instance_sup__127_0_0_1__9081default}
    started: [{pid,<0.1414.0>},
              {id,{httpd_manager,{127,0,0,1},9081,default}},
              {mfargs,
                  {httpd_manager,start_link,
                      [undefined,
                       [{bind_address,{127,0,0,1}},
                        {socket_type,ip_comm},
                        {port,9081},
                        {server_root,"run/mod_stats_prometheus/doc"},
                        {document_root,"run/mod_stats_prometheus/doc"},
                        {server_name,"Prometheus Exporter"},
                        {modules,[prometheus_httpd]}],
                       15000]}},
              {restart_type,permanent},
              {significant,false},
              {shutdown,4000},
              {child_type,worker}]
 (supervisor:report_progress/2:1557)
2023-05-08 14:45:22.214319+00:00 [debug] PROGRESS REPORT:
    supervisor: {local,httpd_sup}
    started: [{pid,<0.1409.0>},
              {id,{httpd_instance_sup,{127,0,0,1},9081,default}},
              {mfargs,
                  {httpd_instance_sup,start_link,
                      [[{bind_address,{127,0,0,1}},
                        {socket_type,ip_comm},
                        {port,9081},
                        {server_root,"run/mod_stats_prometheus/doc"},
                        {document_root,"run/mod_stats_prometheus/doc"},
                        {server_name,"Prometheus Exporter"},
                        {modules,[prometheus_httpd]}],
                       15000,[]]}},
              {restart_type,permanent},
              {significant,false},
              {shutdown,infinity},
              {child_type,supervisor}]
 (supervisor:report_progress/2:1557)
2023-05-08 14:45:22.215025+00:00 [info] Started mod_stats_prometheus (eturnal:start_modules/0:361)
2023-05-08 14:45:22.215159+00:00 [debug] Restarted modules (eturnal:reload/1:581)
2023-05-08 14:45:22.215355+00:00 [debug] eturnal call (reload) returned ok (eturnal_ctl:call/1:448)
2023-05-08 14:45:22.244678+00:00 [info] Accepting connection: 127.0.0.1:34144 -> 127.0.0.1:34780 [TCP, session iaqtd4yydwdf] (stun_acceptor:accept/3:158)
2023-05-08 14:45:22.269155+00:00 [info] Accepting connection: 127.0.0.1:46254 -> 127.0.0.1:53490 [TLS, session xt7bg1nzeq1i] (stun_acceptor:accept/3:158)
2023-05-08 14:45:22.294396+00:00 [debug] Received:
#stun{class = request,method = 3,magic = 554869826,
      trid = 69496359852530076345768194574,raw = <<>>,unsupported = [],
      'ALTERNATE-SERVER' = undefined,'CHANNEL-NUMBER' = undefined,
      'DATA' = undefined,'DONT-FRAGMENT' = false,'ERROR-CODE' = undefined,
      'LIFETIME' = undefined,'MAPPED-ADDRESS' = undefined,
      'MESSAGE-INTEGRITY' = undefined,'NONCE' = undefined,'REALM' = undefined,
      'REQUESTED-ADDRESS-FAMILY' = undefined,
      'REQUESTED-TRANSPORT' = undefined,'SOFTWARE' = undefined,
      'UNKNOWN-ATTRIBUTES' = [],'USERNAME' = undefined,
      'XOR-MAPPED-ADDRESS' = undefined,'XOR-PEER-ADDRESS' = [],
      'XOR-RELAYED-ADDRESS' = undefined} (stun:udp_recv/5:112)
2023-05-08 14:45:22.294589+00:00 [debug] Sending:
#stun{class = error,method = 3,magic = 554869826,
      trid = 69496359852530076345768194574,raw = <<>>,unsupported = [],
      'ALTERNATE-SERVER' = undefined,'CHANNEL-NUMBER' = undefined,
      'DATA' = undefined,'DONT-FRAGMENT' = false,
      'ERROR-CODE' = {401,<<"Unauthorized">>},
      'LIFETIME' = undefined,'MAPPED-ADDRESS' = undefined,
      'MESSAGE-INTEGRITY' = undefined,'NONCE' = <<"2456200275">>,
      'REALM' = <<"eturnal.net">>,'REQUESTED-ADDRESS-FAMILY' = undefined,
      'REQUESTED-TRANSPORT' = undefined,'SOFTWARE' = <<"eturnal">>,
      'UNKNOWN-ATTRIBUTES' = [],'USERNAME' = undefined,
      'XOR-MAPPED-ADDRESS' = undefined,'XOR-PEER-ADDRESS' = [],
      'XOR-RELAYED-ADDRESS' = undefined} (stun:send/3:464)
2023-05-08 14:45:22.294977+00:00 [debug] Received:
#stun{class = request,method = 3,magic = 554869826,
      trid = 29141088555460817188896893884,
      raw = <<0,3,0,80,33,18,164,66,94,40,241,136,5,106,96,19,20,99,235,188,0,
              25,0,4,17,0,0,0,0,6,0,10,50,49,52,53,57,49,51,50,48,48,0,0,0,20,
              0,11,101,116,117,114,110,97,108,46,110,101,116,0,0,21,0,10,50,52,
              53,54,50,48,48,50,55,53,0,0>>,
      unsupported = [],'ALTERNATE-SERVER' = undefined,
      'CHANNEL-NUMBER' = undefined,'DATA' = undefined,'DONT-FRAGMENT' = false,
      'ERROR-CODE' = undefined,'LIFETIME' = undefined,
      'MAPPED-ADDRESS' = undefined,
      'MESSAGE-INTEGRITY' = <<168,201,181,10,24,4,160,156,249,197,90,34,225,
                              174,42,33,149,142,33,124>>,
      'NONCE' = <<"2456200275">>,'REALM' = <<"eturnal.net">>,
      'REQUESTED-ADDRESS-FAMILY' = undefined,'REQUESTED-TRANSPORT' = udp,
      'SOFTWARE' = undefined,'UNKNOWN-ATTRIBUTES' = [],
      'USERNAME' = <<"2145913200">>,'XOR-MAPPED-ADDRESS' = undefined,
      'XOR-PEER-ADDRESS' = [],'XOR-RELAYED-ADDRESS' = undefined} (stun:udp_recv/5:112)
2023-05-08 14:45:22.295129+00:00 [debug] Looking up password for: 2145913200 [UDP, session j42gjt3fpass, user 2145913200, client 127.0.0.1:50808] (eturnal:get_password/2:238)
2023-05-08 14:45:22.295209+00:00 [info] Accepting long-term STUN/TURN authentication [UDP, session j42gjt3fpass, user 2145913200, client 127.0.0.1:50808] (stun:process/2:255)
2023-05-08 14:45:22.295353+00:00 [debug] Running 'turn_session_start' hook [UDP, session j42gjt3fpass, user 2145913200, client 127.0.0.1:50808] (turn:run_hook/3:740)
2023-05-08 14:45:22.295425+00:00 [debug] Got 'turn_session_start' event [UDP, session j42gjt3fpass, user 2145913200, client 127.0.0.1:50808] (eturnal_module:handle_event/2:177)
2023-05-08 14:45:22.295488+00:00 [debug] Calling mod_stats_prometheus:handle_event/2 [UDP, session j42gjt3fpass, user 2145913200, client 127.0.0.1:50808] (eturnal_module:handle_event/2:180)
2023-05-08 14:45:22.295546+00:00 [debug] Observing started TURN session j42gjt3fpass for Prometheus [UDP, session j42gjt3fpass, user 2145913200, client 127.0.0.1:50808] (mod_stats_prometheus:on_turn_session_start/1:174)
2023-05-08 14:45:22.295786+00:00 [notice] Creating TURN allocation (lifetime: 600 seconds) [UDP, session j42gjt3fpass, user 2145913200, client 127.0.0.1:50808, relay 127.0.0.1:59016] (turn:wait_for_allocate/2:219)
2023-05-08 14:45:22.295953+00:00 [debug] Sending:
#stun{class = response,method = 3,magic = 554869826,
      trid = 29141088555460817188896893884,raw = <<>>,unsupported = [],
      'ALTERNATE-SERVER' = undefined,'CHANNEL-NUMBER' = undefined,
      'DATA' = undefined,'DONT-FRAGMENT' = false,'ERROR-CODE' = undefined,
      'LIFETIME' = 600,'MAPPED-ADDRESS' = undefined,
      'MESSAGE-INTEGRITY' = undefined,'NONCE' = undefined,'REALM' = undefined,
      'REQUESTED-ADDRESS-FAMILY' = undefined,
      'REQUESTED-TRANSPORT' = undefined,'SOFTWARE' = <<"eturnal">>,
      'UNKNOWN-ATTRIBUTES' = [],'USERNAME' = undefined,
      'XOR-MAPPED-ADDRESS' = {{127,0,0,1},50808},
      'XOR-PEER-ADDRESS' = [],
      'XOR-RELAYED-ADDRESS' = {{127,0,0,1},59016}} (turn:send/2:542)
2023-05-08 14:45:22.296304+00:00 [debug] Received:
#stun{class = request,method = 4,magic = 554869826,
      trid = 5662534797006838210069367316,
      raw = <<0,4,0,80,33,18,164,66,18,75,240,98,111,58,3,14,60,41,138,20,0,6,
              0,10,50,49,52,53,57,49,51,50,48,48,0,0,0,20,0,11,101,116,117,114,
              110,97,108,46,110,101,116,0,0,21,0,10,50,52,53,54,50,48,48,50,55,
              53,0,0,0,13,0,4,0,0,0,0>>,
      unsupported = [],'ALTERNATE-SERVER' = undefined,
      'CHANNEL-NUMBER' = undefined,'DATA' = undefined,'DONT-FRAGMENT' = false,
      'ERROR-CODE' = undefined,'LIFETIME' = 0,'MAPPED-ADDRESS' = undefined,
      'MESSAGE-INTEGRITY' = <<85,107,235,24,156,174,85,53,148,28,107,171,225,
                              67,113,74,187,190,6,28>>,
      'NONCE' = <<"2456200275">>,'REALM' = <<"eturnal.net">>,
      'REQUESTED-ADDRESS-FAMILY' = undefined,
      'REQUESTED-TRANSPORT' = undefined,'SOFTWARE' = undefined,
      'UNKNOWN-ATTRIBUTES' = [],'USERNAME' = <<"2145913200">>,
      'XOR-MAPPED-ADDRESS' = undefined,'XOR-PEER-ADDRESS' = [],
      'XOR-RELAYED-ADDRESS' = undefined} (stun:udp_recv/5:112)
2023-05-08 14:45:22.296480+00:00 [debug] Looking up password for: 2145913200 [UDP, session rc6z5j5bjllc, user 2145913200, client 127.0.0.1:50808] (eturnal:get_password/2:238)
2023-05-08 14:45:22.296546+00:00 [info] Accepting long-term STUN/TURN authentication [UDP, session rc6z5j5bjllc, user 2145913200, client 127.0.0.1:50808] (stun:process/2:255)
2023-05-08 14:45:22.296625+00:00 [info] Client requested closing the TURN session [UDP, session j42gjt3fpass, user 2145913200, client 127.0.0.1:50808, relay 127.0.0.1:59016] (turn:active/2:278)
2023-05-08 14:45:22.296746+00:00 [debug] Sending:
#stun{class = response,method = 4,magic = 554869826,
      trid = 5662534797006838210069367316,raw = <<>>,unsupported = [],
      'ALTERNATE-SERVER' = undefined,'CHANNEL-NUMBER' = undefined,
      'DATA' = undefined,'DONT-FRAGMENT' = false,'ERROR-CODE' = undefined,
      'LIFETIME' = 0,'MAPPED-ADDRESS' = undefined,
      'MESSAGE-INTEGRITY' = undefined,'NONCE' = undefined,'REALM' = undefined,
      'REQUESTED-ADDRESS-FAMILY' = undefined,
      'REQUESTED-TRANSPORT' = undefined,'SOFTWARE' = <<"eturnal">>,
      'UNKNOWN-ATTRIBUTES' = [],'USERNAME' = undefined,
      'XOR-MAPPED-ADDRESS' = undefined,'XOR-PEER-ADDRESS' = [],
      'XOR-RELAYED-ADDRESS' = undefined} (turn:send/2:542)
2023-05-08 14:45:22.296868+00:00 [info] Deleting TURN allocation [UDP, session j42gjt3fpass, user 2145913200, client 127.0.0.1:50808, relay 127.0.0.1:59016] (turn:terminate/3:475)
2023-05-08 14:45:22.296959+00:00 [notice] Relayed 0 KiB (in 0 B / 0 packets, out 0 B / 0 packets), duration: 0 seconds [UDP, session j42gjt3fpass, user 2145913200, client 127.0.0.1:50808, relay 127.0.0.1:59016] (turn:terminate/3:482)
2023-05-08 14:45:22.297009+00:00 [debug] Running 'turn_session_stop' hook [UDP, session j42gjt3fpass, user 2145913200, client 127.0.0.1:50808, relay 127.0.0.1:59016] (turn:run_hook/3:740)
2023-05-08 14:45:22.297069+00:00 [debug] Got 'turn_session_stop' event [UDP, session j42gjt3fpass, user 2145913200, client 127.0.0.1:50808, relay 127.0.0.1:59016] (eturnal_module:handle_event/2:177)
2023-05-08 14:45:22.297112+00:00 [debug] Calling mod_stats_influx:handle_event/2 [UDP, session j42gjt3fpass, user 2145913200, client 127.0.0.1:50808, relay 127.0.0.1:59016] (eturnal_module:handle_event/2:180)
2023-05-08 14:45:22.297163+00:00 [debug] Writing stats of TURN session j42gjt3fpass to InfluxDB [UDP, session j42gjt3fpass, user 2145913200, client 127.0.0.1:50808, relay 127.0.0.1:59016] (mod_stats_influx:on_turn_session_stop/1:87)
2023-05-08 14:45:22.297366+00:00 [debug] Calling mod_stats_prometheus:handle_event/2 [UDP, session j42gjt3fpass, user 2145913200, client 127.0.0.1:50808, relay 127.0.0.1:59016] (eturnal_module:handle_event/2:180)
2023-05-08 14:45:22.297427+00:00 [debug] Observing stopped TURN session j42gjt3fpass for Prometheus [UDP, session j42gjt3fpass, user 2145913200, client 127.0.0.1:50808, relay 127.0.0.1:59016] (mod_stats_prometheus:on_turn_session_stop/1:187)
2023-05-08 14:45:22.321374+00:00 [debug] Received:
#stun{class = request,method = 1,magic = 554869826,
      trid = 42582276367966033517442269172,raw = <<>>,unsupported = [],
      'ALTERNATE-SERVER' = undefined,'CHANNEL-NUMBER' = undefined,
      'DATA' = undefined,'DONT-FRAGMENT' = false,'ERROR-CODE' = undefined,
      'LIFETIME' = undefined,'MAPPED-ADDRESS' = undefined,
      'MESSAGE-INTEGRITY' = undefined,'NONCE' = undefined,'REALM' = undefined,
      'REQUESTED-ADDRESS-FAMILY' = undefined,
      'REQUESTED-TRANSPORT' = undefined,'SOFTWARE' = undefined,
      'UNKNOWN-ATTRIBUTES' = [],'USERNAME' = undefined,
      'XOR-MAPPED-ADDRESS' = undefined,'XOR-PEER-ADDRESS' = [],
      'XOR-RELAYED-ADDRESS' = undefined} (stun:udp_recv/5:112)
2023-05-08 14:45:22.321481+00:00 [debug] Responding to STUN request [UDP, session arl7o861twsy, anonymous, client 127.0.0.1:38841] (stun:process/4:323)
2023-05-08 14:45:22.321521+00:00 [debug] Running 'stun_query' hook [UDP, session arl7o861twsy, anonymous, client 127.0.0.1:38841] (stun:run_hook/3:843)
2023-05-08 14:45:22.321585+00:00 [debug] Got 'stun_query' event [UDP, session arl7o861twsy, anonymous, client 127.0.0.1:38841] (eturnal_module:handle_event/2:177)
2023-05-08 14:45:22.321620+00:00 [debug] Calling mod_log_stun:handle_event/2 [UDP, session arl7o861twsy, anonymous, client 127.0.0.1:38841] (eturnal_module:handle_event/2:180)
2023-05-08 14:45:22.321652+00:00 [info] Responding to STUN request [UDP, session arl7o861twsy, anonymous, client 127.0.0.1:38841] (mod_log_stun:handle_event/2:44)
2023-05-08 14:45:22.321727+00:00 [debug] Calling mod_stats_influx:handle_event/2 [UDP, session arl7o861twsy, anonymous, client 127.0.0.1:38841] (eturnal_module:handle_event/2:180)
2023-05-08 14:45:22.321754+00:00 [debug] Writing STUN query event to InfluxDB [UDP, session arl7o861twsy, anonymous, client 127.0.0.1:38841] (mod_stats_influx:on_stun_query/1:76)
2023-05-08 14:45:22.321901+00:00 [debug] Calling mod_stats_prometheus:handle_event/2 [UDP, session arl7o861twsy, anonymous, client 127.0.0.1:38841] (eturnal_module:handle_event/2:180)
2023-05-08 14:45:22.321952+00:00 [debug] Observing STUN query for Prometheus [UDP, session arl7o861twsy, anonymous, client 127.0.0.1:38841] (mod_stats_prometheus:on_stun_query/1:166)
2023-05-08 14:45:22.322034+00:00 [debug] Sending:
#stun{class = response,method = 1,magic = 554869826,
      trid = 42582276367966033517442269172,raw = <<>>,unsupported = [],
      'ALTERNATE-SERVER' = undefined,'CHANNEL-NUMBER' = undefined,
      'DATA' = undefined,'DONT-FRAGMENT' = false,'ERROR-CODE' = undefined,
      'LIFETIME' = undefined,'MAPPED-ADDRESS' = undefined,
      'MESSAGE-INTEGRITY' = undefined,'NONCE' = undefined,'REALM' = undefined,
      'REQUESTED-ADDRESS-FAMILY' = undefined,
      'REQUESTED-TRANSPORT' = undefined,'SOFTWARE' = <<"eturnal">>,
      'UNKNOWN-ATTRIBUTES' = [],'USERNAME' = undefined,
      'XOR-MAPPED-ADDRESS' = {{127,0,0,1},38841},
      'XOR-PEER-ADDRESS' = [],'XOR-RELAYED-ADDRESS' = undefined} (stun:send/3:464)
2023-05-08 14:45:22.346955+00:00 [info] Accepting connection: 127.0.0.1:34160 -> 127.0.0.1:34780 [TCP, session ijbkzxssofq8] (stun_acceptor:accept/3:158)
2023-05-08 14:45:22.347287+00:00 [debug] Received:
#stun{class = request,method = 1,magic = 554869826,
      trid = 22515417879300526342809573862,raw = <<>>,unsupported = [],
      'ALTERNATE-SERVER' = undefined,'CHANNEL-NUMBER' = undefined,
      'DATA' = undefined,'DONT-FRAGMENT' = false,'ERROR-CODE' = undefined,
      'LIFETIME' = undefined,'MAPPED-ADDRESS' = undefined,
      'MESSAGE-INTEGRITY' = undefined,'NONCE' = undefined,'REALM' = undefined,
      'REQUESTED-ADDRESS-FAMILY' = undefined,
      'REQUESTED-TRANSPORT' = undefined,'SOFTWARE' = undefined,
      'UNKNOWN-ATTRIBUTES' = [],'USERNAME' = undefined,
      'XOR-MAPPED-ADDRESS' = undefined,'XOR-PEER-ADDRESS' = [],
      'XOR-RELAYED-ADDRESS' = undefined} (stun:process_data/3:421)
2023-05-08 14:45:22.347413+00:00 [debug] Responding to STUN request [TCP, session ijbkzxssofq8, anonymous, client 127.0.0.1:34160] (stun:process/4:323)
2023-05-08 14:45:22.347480+00:00 [debug] Running 'stun_query' hook [TCP, session ijbkzxssofq8, anonymous, client 127.0.0.1:34160] (stun:run_hook/3:843)
2023-05-08 14:45:22.347541+00:00 [debug] Got 'stun_query' event [TCP, session ijbkzxssofq8, anonymous, client 127.0.0.1:34160] (eturnal_module:handle_event/2:177)
2023-05-08 14:45:22.347588+00:00 [debug] Calling mod_log_stun:handle_event/2 [TCP, session ijbkzxssofq8, anonymous, client 127.0.0.1:34160] (eturnal_module:handle_event/2:180)
2023-05-08 14:45:22.347637+00:00 [info] Responding to STUN request [TCP, session ijbkzxssofq8, anonymous, client 127.0.0.1:34160] (mod_log_stun:handle_event/2:44)
2023-05-08 14:45:22.347680+00:00 [debug] Calling mod_stats_influx:handle_event/2 [TCP, session ijbkzxssofq8, anonymous, client 127.0.0.1:34160] (eturnal_module:handle_event/2:180)
2023-05-08 14:45:22.347721+00:00 [debug] Writing STUN query event to InfluxDB [TCP, session ijbkzxssofq8, anonymous, client 127.0.0.1:34160] (mod_stats_influx:on_stun_query/1:76)
2023-05-08 14:45:22.347888+00:00 [debug] Calling mod_stats_prometheus:handle_event/2 [TCP, session ijbkzxssofq8, anonymous, client 127.0.0.1:34160] (eturnal_module:handle_event/2:180)
2023-05-08 14:45:22.347948+00:00 [debug] Observing STUN query for Prometheus [TCP, session ijbkzxssofq8, anonymous, client 127.0.0.1:34160] (mod_stats_prometheus:on_stun_query/1:166)
2023-05-08 14:45:22.348065+00:00 [debug] Sending:
#stun{class = response,method = 1,magic = 554869826,
      trid = 22515417879300526342809573862,raw = <<>>,unsupported = [],
      'ALTERNATE-SERVER' = undefined,'CHANNEL-NUMBER' = undefined,
      'DATA' = undefined,'DONT-FRAGMENT' = false,'ERROR-CODE' = undefined,
      'LIFETIME' = undefined,'MAPPED-ADDRESS' = undefined,
      'MESSAGE-INTEGRITY' = undefined,'NONCE' = undefined,'REALM' = undefined,
      'REQUESTED-ADDRESS-FAMILY' = undefined,
      'REQUESTED-TRANSPORT' = undefined,'SOFTWARE' = <<"P1 STUN library">>,
      'UNKNOWN-ATTRIBUTES' = [],'USERNAME' = undefined,
      'XOR-MAPPED-ADDRESS' = {{127,0,0,1},34160},
      'XOR-PEER-ADDRESS' = [],'XOR-RELAYED-ADDRESS' = undefined} (stun:send/3:464)
2023-05-08 14:45:22.348313+00:00 [info] Connection reset by peer [TCP, session ijbkzxssofq8, anonymous, client 127.0.0.1:34160] (stun:handle_info/3:174)
2023-05-08 14:45:22.372946+00:00 [info] Accepting connection: 127.0.0.1:46262 -> 127.0.0.1:53490 [TLS, session bpk0b16tuep5] (stun_acceptor:accept/3:158)
2023-05-08 14:45:23.381556+00:00 [debug] Received:
#stun{class = request,method = 1,magic = 554869826,
      trid = 18768776197853877525162518994,raw = <<>>,unsupported = [],
      'ALTERNATE-SERVER' = undefined,'CHANNEL-NUMBER' = undefined,
      'DATA' = undefined,'DONT-FRAGMENT' = false,'ERROR-CODE' = undefined,
      'LIFETIME' = undefined,'MAPPED-ADDRESS' = undefined,
      'MESSAGE-INTEGRITY' = undefined,'NONCE' = undefined,'REALM' = undefined,
      'REQUESTED-ADDRESS-FAMILY' = undefined,
      'REQUESTED-TRANSPORT' = undefined,'SOFTWARE' = undefined,
      'UNKNOWN-ATTRIBUTES' = [],'USERNAME' = undefined,
      'XOR-MAPPED-ADDRESS' = undefined,'XOR-PEER-ADDRESS' = [],
      'XOR-RELAYED-ADDRESS' = undefined} (stun:process_data/3:421)
2023-05-08 14:45:23.381740+00:00 [debug] Responding to STUN request [TLS, session bpk0b16tuep5, anonymous, client 127.0.0.1:46262] (stun:process/4:323)
2023-05-08 14:45:23.381813+00:00 [debug] Running 'stun_query' hook [TLS, session bpk0b16tuep5, anonymous, client 127.0.0.1:46262] (stun:run_hook/3:843)
2023-05-08 14:45:23.381953+00:00 [debug] Got 'stun_query' event [TLS, session bpk0b16tuep5, anonymous, client 127.0.0.1:46262] (eturnal_module:handle_event/2:177)
2023-05-08 14:45:23.382011+00:00 [debug] Calling mod_log_stun:handle_event/2 [TLS, session bpk0b16tuep5, anonymous, client 127.0.0.1:46262] (eturnal_module:handle_event/2:180)
2023-05-08 14:45:23.382112+00:00 [info] Responding to STUN request [TLS, session bpk0b16tuep5, anonymous, client 127.0.0.1:46262] (mod_log_stun:handle_event/2:44)
2023-05-08 14:45:23.382155+00:00 [debug] Calling mod_stats_influx:handle_event/2 [TLS, session bpk0b16tuep5, anonymous, client 127.0.0.1:46262] (eturnal_module:handle_event/2:180)
2023-05-08 14:45:23.382194+00:00 [debug] Writing STUN query event to InfluxDB [TLS, session bpk0b16tuep5, anonymous, client 127.0.0.1:46262] (mod_stats_influx:on_stun_query/1:76)
2023-05-08 14:45:23.382545+00:00 [debug] Calling mod_stats_prometheus:handle_event/2 [TLS, session bpk0b16tuep5, anonymous, client 127.0.0.1:46262] (eturnal_module:handle_event/2:180)
2023-05-08 14:45:23.382618+00:00 [debug] Observing STUN query for Prometheus [TLS, session bpk0b16tuep5, anonymous, client 127.0.0.1:46262] (mod_stats_prometheus:on_stun_query/1:166)
2023-05-08 14:45:23.382764+00:00 [debug] Sending:
#stun{class = response,method = 1,magic = 554869826,
      trid = 18768776197853877525162518994,raw = <<>>,unsupported = [],
      'ALTERNATE-SERVER' = undefined,'CHANNEL-NUMBER' = undefined,
      'DATA' = undefined,'DONT-FRAGMENT' = false,'ERROR-CODE' = undefined,
      'LIFETIME' = undefined,'MAPPED-ADDRESS' = undefined,
      'MESSAGE-INTEGRITY' = undefined,'NONCE' = undefined,'REALM' = undefined,
      'REQUESTED-ADDRESS-FAMILY' = undefined,
      'REQUESTED-TRANSPORT' = undefined,'SOFTWARE' = <<"P1 STUN library">>,
      'UNKNOWN-ATTRIBUTES' = [],'USERNAME' = undefined,
      'XOR-MAPPED-ADDRESS' = {{127,0,0,1},46262},
      'XOR-PEER-ADDRESS' = [],'XOR-RELAYED-ADDRESS' = undefined} (stun:send/3:464)
2023-05-08 14:45:23.383343+00:00 [info] Connection reset by peer [TLS, session bpk0b16tuep5, anonymous, client 127.0.0.1:46262] (stun:handle_info/3:174)
2023-05-08 14:45:23.407772+00:00 [info] Accepting connection: 127.0.0.1:51164 -> 127.0.0.1:34781 [TCP|TLS, session plfqbt6moz2h] (stun_acceptor:accept/3:158)
2023-05-08 14:45:23.407906+00:00 [debug] Determined transport protocol: TCP (stun:is_tls_handshake/1:789)
2023-05-08 14:45:23.408231+00:00 [debug] Received:
#stun{class = request,method = 1,magic = 554869826,
      trid = 13015053548717813295743485416,raw = <<>>,unsupported = [],
      'ALTERNATE-SERVER' = undefined,'CHANNEL-NUMBER' = undefined,
      'DATA' = undefined,'DONT-FRAGMENT' = false,'ERROR-CODE' = undefined,
      'LIFETIME' = undefined,'MAPPED-ADDRESS' = undefined,
      'MESSAGE-INTEGRITY' = undefined,'NONCE' = undefined,'REALM' = undefined,
      'REQUESTED-ADDRESS-FAMILY' = undefined,
      'REQUESTED-TRANSPORT' = undefined,'SOFTWARE' = undefined,
      'UNKNOWN-ATTRIBUTES' = [],'USERNAME' = undefined,
      'XOR-MAPPED-ADDRESS' = undefined,'XOR-PEER-ADDRESS' = [],
      'XOR-RELAYED-ADDRESS' = undefined} (stun:process_data/3:421)
2023-05-08 14:45:23.408358+00:00 [debug] Responding to STUN request [TCP, session plfqbt6moz2h, anonymous, client 127.0.0.1:51164] (stun:process/4:323)
2023-05-08 14:45:23.408406+00:00 [debug] Running 'stun_query' hook [TCP, session plfqbt6moz2h, anonymous, client 127.0.0.1:51164] (stun:run_hook/3:843)
2023-05-08 14:45:23.408451+00:00 [debug] Got 'stun_query' event [TCP, session plfqbt6moz2h, anonymous, client 127.0.0.1:51164] (eturnal_module:handle_event/2:177)
2023-05-08 14:45:23.408486+00:00 [debug] Calling mod_log_stun:handle_event/2 [TCP, session plfqbt6moz2h, anonymous, client 127.0.0.1:51164] (eturnal_module:handle_event/2:180)
2023-05-08 14:45:23.408522+00:00 [info] Responding to STUN request [TCP, session plfqbt6moz2h, anonymous, client 127.0.0.1:51164] (mod_log_stun:handle_event/2:44)
2023-05-08 14:45:23.408559+00:00 [debug] Calling mod_stats_influx:handle_event/2 [TCP, session plfqbt6moz2h, anonymous, client 127.0.0.1:51164] (eturnal_module:handle_event/2:180)
2023-05-08 14:45:23.408591+00:00 [debug] Writing STUN query event to InfluxDB [TCP, session plfqbt6moz2h, anonymous, client 127.0.0.1:51164] (mod_stats_influx:on_stun_query/1:76)
2023-05-08 14:45:23.408758+00:00 [debug] Calling mod_stats_prometheus:handle_event/2 [TCP, session plfqbt6moz2h, anonymous, client 127.0.0.1:51164] (eturnal_module:handle_event/2:180)
2023-05-08 14:45:23.408817+00:00 [debug] Observing STUN query for Prometheus [TCP, session plfqbt6moz2h, anonymous, client 127.0.0.1:51164] (mod_stats_prometheus:on_stun_query/1:166)
2023-05-08 14:45:23.408917+00:00 [debug] Sending:
#stun{class = response,method = 1,magic = 554869826,
      trid = 13015053548717813295743485416,raw = <<>>,unsupported = [],
      'ALTERNATE-SERVER' = undefined,'CHANNEL-NUMBER' = undefined,
      'DATA' = undefined,'DONT-FRAGMENT' = false,'ERROR-CODE' = undefined,
      'LIFETIME' = undefined,'MAPPED-ADDRESS' = undefined,
      'MESSAGE-INTEGRITY' = undefined,'NONCE' = undefined,'REALM' = undefined,
      'REQUESTED-ADDRESS-FAMILY' = undefined,
      'REQUESTED-TRANSPORT' = undefined,'SOFTWARE' = <<"P1 STUN library">>,
      'UNKNOWN-ATTRIBUTES' = [],'USERNAME' = undefined,
      'XOR-MAPPED-ADDRESS' = {{127,0,0,1},51164},
      'XOR-PEER-ADDRESS' = [],'XOR-RELAYED-ADDRESS' = undefined} (stun:send/3:464)
2023-05-08 14:45:23.409223+00:00 [info] Connection reset by peer [TCP, session plfqbt6moz2h, anonymous, client 127.0.0.1:51164] (stun:handle_info/3:174)
2023-05-08 14:45:23.433761+00:00 [info] Accepting connection: 127.0.0.1:51168 -> 127.0.0.1:34781 [TCP|TLS, session 0x46cxgwgrtt] (stun_acceptor:accept/3:158)
2023-05-08 14:45:23.433966+00:00 [debug] Determined transport protocol: TLS (stun:is_tls_handshake/1:786)
2023-05-08 14:45:24.441547+00:00 [debug] Received:
#stun{class = request,method = 1,magic = 554869826,
      trid = 48639984040877614471111338712,raw = <<>>,unsupported = [],
      'ALTERNATE-SERVER' = undefined,'CHANNEL-NUMBER' = undefined,
      'DATA' = undefined,'DONT-FRAGMENT' = false,'ERROR-CODE' = undefined,
      'LIFETIME' = undefined,'MAPPED-ADDRESS' = undefined,
      'MESSAGE-INTEGRITY' = undefined,'NONCE' = undefined,'REALM' = undefined,
      'REQUESTED-ADDRESS-FAMILY' = undefined,
      'REQUESTED-TRANSPORT' = undefined,'SOFTWARE' = undefined,
      'UNKNOWN-ATTRIBUTES' = [],'USERNAME' = undefined,
      'XOR-MAPPED-ADDRESS' = undefined,'XOR-PEER-ADDRESS' = [],
      'XOR-RELAYED-ADDRESS' = undefined} (stun:process_data/3:421)
2023-05-08 14:45:24.441748+00:00 [debug] Responding to STUN request [TLS, session 0x46cxgwgrtt, anonymous, client 127.0.0.1:51168] (stun:process/4:323)
2023-05-08 14:45:24.441823+00:00 [debug] Running 'stun_query' hook [TLS, session 0x46cxgwgrtt, anonymous, client 127.0.0.1:51168] (stun:run_hook/3:843)
2023-05-08 14:45:24.441883+00:00 [debug] Got 'stun_query' event [TLS, session 0x46cxgwgrtt, anonymous, client 127.0.0.1:51168] (eturnal_module:handle_event/2:177)
2023-05-08 14:45:24.441941+00:00 [debug] Calling mod_log_stun:handle_event/2 [TLS, session 0x46cxgwgrtt, anonymous, client 127.0.0.1:51168] (eturnal_module:handle_event/2:180)
2023-05-08 14:45:24.441999+00:00 [info] Responding to STUN request [TLS, session 0x46cxgwgrtt, anonymous, client 127.0.0.1:51168] (mod_log_stun:handle_event/2:44)
2023-05-08 14:45:24.442094+00:00 [debug] Calling mod_stats_influx:handle_event/2 [TLS, session 0x46cxgwgrtt, anonymous, client 127.0.0.1:51168] (eturnal_module:handle_event/2:180)
2023-05-08 14:45:24.442152+00:00 [debug] Writing STUN query event to InfluxDB [TLS, session 0x46cxgwgrtt, anonymous, client 127.0.0.1:51168] (mod_stats_influx:on_stun_query/1:76)
2023-05-08 14:45:24.442378+00:00 [debug] Calling mod_stats_prometheus:handle_event/2 [TLS, session 0x46cxgwgrtt, anonymous, client 127.0.0.1:51168] (eturnal_module:handle_event/2:180)
2023-05-08 14:45:24.442491+00:00 [debug] Observing STUN query for Prometheus [TLS, session 0x46cxgwgrtt, anonymous, client 127.0.0.1:51168] (mod_stats_prometheus:on_stun_query/1:166)
2023-05-08 14:45:24.442674+00:00 [debug] Sending:
#stun{class = response,method = 1,magic = 554869826,
      trid = 48639984040877614471111338712,raw = <<>>,unsupported = [],
      'ALTERNATE-SERVER' = undefined,'CHANNEL-NUMBER' = undefined,
      'DATA' = undefined,'DONT-FRAGMENT' = false,'ERROR-CODE' = undefined,
      'LIFETIME' = undefined,'MAPPED-ADDRESS' = undefined,
      'MESSAGE-INTEGRITY' = undefined,'NONCE' = undefined,'REALM' = undefined,
      'REQUESTED-ADDRESS-FAMILY' = undefined,
      'REQUESTED-TRANSPORT' = undefined,'SOFTWARE' = <<"P1 STUN library">>,
      'UNKNOWN-ATTRIBUTES' = [],'USERNAME' = undefined,
      'XOR-MAPPED-ADDRESS' = {{127,0,0,1},51168},
      'XOR-PEER-ADDRESS' = [],'XOR-RELAYED-ADDRESS' = undefined} (stun:send/3:464)
2023-05-08 14:45:24.443205+00:00 [info] Connection reset by peer [TLS, session 0x46cxgwgrtt, anonymous, client 127.0.0.1:51168] (stun:handle_info/3:174)
2023-05-08 14:45:24.467308+00:00 [debug] Terminating eturnal (shutdown) (eturnal:terminate/2:179)
2023-05-08 14:45:24.467296+00:00 [debug] No NOTIFY_SOCKET, dropping STOPPING=1 notification (eturnal_systemd:handle_cast/2:110)
2023-05-08 14:45:24.467532+00:00 [debug] Watchdog interval is undefined, hibernating (eturnal_systemd:get_timeout/1:163)
2023-05-08 14:45:24.467722+00:00 [info] Stopped listening on 127.0.0.1:34780 (udp) (eturnal:stop_listeners/1:417)
2023-05-08 14:45:24.468136+00:00 [info] Stopped listening on 127.0.0.1:34780 (tcp) (eturnal:stop_listeners/1:417)
2023-05-08 14:45:24.468352+00:00 [info] Stopped listening on 127.0.0.1:53490 (tls) (eturnal:stop_listeners/1:417)
2023-05-08 14:45:24.468570+00:00 [info] Stopped listening on 127.0.0.1:34781 (auto) (eturnal:stop_listeners/1:417)
2023-05-08 14:45:24.471688+00:00 [debug] Calling mod_log_stun:stop/1 (eturnal_module:stop/1:163)
2023-05-08 14:45:24.472366+00:00 [debug] Stopping mod_log_stun (mod_log_stun:stop/0:49)
2023-05-08 14:45:24.472476+00:00 [info] Stopped mod_log_stun (eturnal:stop_modules/1:374)
2023-05-08 14:45:24.473052+00:00 [debug] Calling mod_stats_influx:stop/1 (eturnal_module:stop/1:163)
2023-05-08 14:45:24.473319+00:00 [debug] Stopping mod_stats_influx (mod_stats_influx:stop/0:61)
2023-05-08 14:45:24.473404+00:00 [info] Stopped mod_stats_influx (eturnal:stop_modules/1:374)
2023-05-08 14:45:24.475319+00:00 [debug] Calling mod_stats_prometheus:stop/1 (eturnal_module:stop/1:163)
2023-05-08 14:45:24.475445+00:00 [debug] Stopping mod_stats_prometheus (mod_stats_prometheus:stop/0:110)
2023-05-08 14:45:24.476566+00:00 [info] Stopped mod_stats_prometheus (eturnal:stop_modules/1:374)
2023-05-08 14:45:24.477010+00:00 [debug] Removed run/cert.pem (eturnal:clean_run_dir/0:810)
2023-05-08 14:45:24.477200+00:00 [debug] Terminating eturnal_systemd (shutdown) (eturnal_systemd:terminate/2:137)
2023-05-08 14:45:24.477511+00:00 [notice] Stopping eturnal 1.10.1 on Erlang/OTP 25 (ERTS 13.2) (eturnal_app:stop/1:53)
