=== Suite started at 2022-01-28 22:40:38
=== Starting test, 18 test cases
=cases         18
=user          runner
=host          nohost
=hosts         nohost 
=emulator_vsn  12.2
=emulator      beam
=otp_release   24
=started       2022-01-28 22:40:38
=case          eturnal_SUITE:init_per_suite
=logfile       eturnal_suite.init_per_suite.html
=started       2022-01-28 22:40:38
=ended         2022-01-28 22:40:38
=result        ok
=elapsed       0.0
=case          eturnal_SUITE:start_eturnal
=logfile       eturnal_suite.start_eturnal.html
=started       2022-01-28 22:40:38
=ended         2022-01-28 22:40:39
=result        ok
=elapsed       0.488527
=case          eturnal_SUITE:check_info
=logfile       eturnal_suite.check_info.html
=started       2022-01-28 22:40:39
=ended         2022-01-28 22:40:39
=result        ok
=elapsed       9.22e-4
=case          eturnal_SUITE:check_all_sessions
=logfile       eturnal_suite.check_all_sessions.html
=started       2022-01-28 22:40:39
=ended         2022-01-28 22:40:39
=result        ok
=elapsed       2.57e-4
=case          eturnal_SUITE:check_user_sessions
=logfile       eturnal_suite.check_user_sessions.html
=started       2022-01-28 22:40:39
=ended         2022-01-28 22:40:39
=result        ok
=elapsed       5.72e-4
=case          eturnal_SUITE:check_disconnect
=logfile       eturnal_suite.check_disconnect.html
=started       2022-01-28 22:40:39
=ended         2022-01-28 22:40:39
=result        ok
=elapsed       5.02e-4
=case          eturnal_SUITE:check_credentials
=logfile       eturnal_suite.check_credentials.html
=started       2022-01-28 22:40:39
=ended         2022-01-28 22:40:39
=result        ok
=elapsed       0.011528
=case          eturnal_SUITE:check_loglevel
=logfile       eturnal_suite.check_loglevel.html
=started       2022-01-28 22:40:39
=ended         2022-01-28 22:40:39
=result        ok
=elapsed       0.001393
=case          eturnal_SUITE:check_version
=logfile       eturnal_suite.check_version.html
=started       2022-01-28 22:40:39
=ended         2022-01-28 22:40:39
=result        ok
=elapsed       3.91e-4
=case          eturnal_SUITE:reload
=logfile       eturnal_suite.reload.html
=started       2022-01-28 22:40:39
=ended         2022-01-28 22:40:39
=result        ok
=elapsed       0.284481
=case          eturnal_SUITE:connect_tcp
=logfile       eturnal_suite.connect_tcp.html
=started       2022-01-28 22:40:39
=ended         2022-01-28 22:40:39
=result        ok
=elapsed       4.23e-4
=case          eturnal_SUITE:connect_tls
=logfile       eturnal_suite.connect_tls.html
=started       2022-01-28 22:40:39
=ended         2022-01-28 22:40:39
=result        ok
=elapsed       0.001215
=case          eturnal_SUITE:turn_udp
=logfile       eturnal_suite.turn_udp.html
=started       2022-01-28 22:40:39
=ended         2022-01-28 22:40:39
=result        ok
=elapsed       0.01074
=case          eturnal_SUITE:stun_udp
=logfile       eturnal_suite.stun_udp.html
=started       2022-01-28 22:40:39
=ended         2022-01-28 22:40:39
=result        ok
=elapsed       0.001391
=case          eturnal_SUITE:stun_tcp
=logfile       eturnal_suite.stun_tcp.html
=started       2022-01-28 22:40:39
=ended         2022-01-28 22:40:39
=result        ok
=elapsed       0.001602
=case          eturnal_SUITE:stun_tls
=logfile       eturnal_suite.stun_tls.html
=started       2022-01-28 22:40:39
=ended         2022-01-28 22:40:39
=result        ok
=elapsed       0.110467
=case          eturnal_SUITE:stun_tcp_auto
=logfile       eturnal_suite.stun_tcp_auto.html
=started       2022-01-28 22:40:39
=ended         2022-01-28 22:40:39
=result        ok
=elapsed       0.001838
=case          eturnal_SUITE:stun_tls_auto
=logfile       eturnal_suite.stun_tls_auto.html
=started       2022-01-28 22:40:39
=ended         2022-01-28 22:40:40
=result        ok
=elapsed       0.108628
=case          eturnal_SUITE:stop_eturnal
=logfile       eturnal_suite.stop_eturnal.html
=started       2022-01-28 22:40:40
=ended         2022-01-28 22:40:40
=result        ok
=elapsed       0.006495
=case          eturnal_SUITE:end_per_suite
=logfile       eturnal_suite.end_per_suite.html
=started       2022-01-28 22:40:40
=ended         2022-01-28 22:40:40
=result        ok
=elapsed       0.0
=group_time    1.523s
=== TEST COMPLETE, 18 ok, 0 failed of 18 test cases

=finished      2022-01-28 22:40:40
=failed        0
=successful    18
=user_skipped  0
=auto_skipped  0
