2022-07-06 18:33:01.986261+00:00 [notice] Starting eturnal 1.8.3 on Erlang/OTP 25 (ERTS 13.0) (eturnal_app:start/2:35)
2022-07-06 18:33:01.986502+00:00 [debug] Starting supervisor: eturnal_sup (eturnal_sup:start_link/0:32)
2022-07-06 18:33:01.986663+00:00 [debug] Configuring eturnal_sup supervisor: [#{id => systemd,
                                       start =>
                                           {eturnal_systemd,start_link,[]}},
                                     #{id => eturnal,
                                       start => {eturnal,start_link,[]}}] (eturnal_sup:init/0:40)
2022-07-06 18:33:01.988399+00:00 [info] Got no NOTIFY_SOCKET, notifications disabled (eturnal_systemd:init/1:95)
2022-07-06 18:33:01.988589+00:00 [debug] PROGRESS REPORT:
    supervisor: {local,eturnal_sup}
    started: [{pid,<0.941.0>},
              {id,systemd},
              {mfargs,{eturnal_systemd,start_link,[]}},
              {restart_type,permanent},
              {significant,false},
              {shutdown,5000},
              {child_type,worker}]
 (supervisor:report_progress/2:1557)
2022-07-06 18:33:01.988723+00:00 [info] Relay IPv4 address: 127.0.0.1 (port range: 49152-65535) (eturnal:log_relay_addresses/0:287)
2022-07-06 18:33:01.988873+00:00 [info] Relay IPv6 address not configured (eturnal:log_relay_addresses/0:297)
2022-07-06 18:33:02.008132+00:00 [info] Cannot determine control query port: noport (eturnal:log_control_listener/0:312)
2022-07-06 18:33:02.008284+00:00 [debug] TURN configuration seems fine (eturnal:check_turn_config/1:520)
2022-07-06 18:33:02.008562+00:00 [debug] Using run directory run (eturnal:ensure_run_dir/0:713)
2022-07-06 18:33:02.008714+00:00 [warning] TLS enabled without 'tls_crt_file', creating self-signed certificate (eturnal:check_pem_file/0:643)
2022-07-06 18:33:03.009942+00:00 [debug] Calling mod_log_stun:start/0 (eturnal_module:start/1:142)
2022-07-06 18:33:03.010248+00:00 [debug] Starting mod_log_stun (mod_log_stun:start/0:39)
2022-07-06 18:33:03.010415+00:00 [info] Started mod_log_stun (eturnal:start_modules/0:323)
2022-07-06 18:33:03.010549+00:00 [debug] Calling mod_stats_influx:start/0 (eturnal_module:start/1:142)
2022-07-06 18:33:03.010665+00:00 [debug] Starting mod_stats_influx (mod_stats_influx:start/0:38)
2022-07-06 18:33:03.013926+00:00 [debug] PROGRESS REPORT:
    application: ulitos
    started_at: nonode@nohost
 (application_controller:info_started/2:2107)
2022-07-06 18:33:03.015731+00:00 [debug] PROGRESS REPORT:
    application: poolboy
    started_at: nonode@nohost
 (application_controller:info_started/2:2107)
2022-07-06 18:33:03.017126+00:00 [info]     msg: Starting application: influx_udp (influx_udp_app:start/2:10)
2022-07-06 18:33:03.020109+00:00 [debug] PROGRESS REPORT:
    supervisor: {local,influx_udp_sup}
    started: [{pid,<0.963.0>},
              {id,influx_udp},
              {mfargs,{influx_udp,start_link,[]}},
              {restart_type,permanent},
              {significant,false},
              {shutdown,5000},
              {child_type,worker}]
 (supervisor:report_progress/2:1557)
2022-07-06 18:33:03.020320+00:00 [debug] PROGRESS REPORT:
    application: influx_udp
    started_at: nonode@nohost
 (application_controller:info_started/2:2107)
2022-07-06 18:33:03.020393+00:00 [debug] Dependency influx_udp was available already (eturnal_module:ensure_dep/2:283)
2022-07-06 18:33:03.024115+00:00 [info]     host: {127,0,0,1}
    msg: Start clients pool
    options: #{host => "localhost",max_overflow => 1,pool_size => 1,
               port => 8089} (influx_udp:start_pool_/2:239)
2022-07-06 18:33:03.038029+00:00 [info]     msg: Open UDP socket on port
    port: 37763 (influx_udp_worker:init/1:43)
2022-07-06 18:33:03.038253+00:00 [debug] PROGRESS REPORT:
    supervisor: {local,influx_udp_sup}
    started: [{pid,<0.966.0>},
              {id,stats_influx_pool},
              {mfargs,
                  {poolboy,start_link,
                      [[{name,{local,stats_influx_pool}},
                        {worker_module,influx_udp_worker},
                        {size,1},
                        {max_overflow,1}],
                       [{options,
                            #{host => {127,0,0,1},
                              max_overflow => 1,pool_size => 1,
                              port => 8089}}]]}},
              {restart_type,permanent},
              {significant,false},
              {shutdown,5000},
              {child_type,worker}]
 (supervisor:report_progress/2:1557)
2022-07-06 18:33:03.038473+00:00 [info] Started mod_stats_influx (eturnal:start_modules/0:323)
2022-07-06 18:33:03.038597+00:00 [debug] Started 2 modules (eturnal:init/1:113)
2022-07-06 18:33:03.038796+00:00 [debug] Starting listener 127.0.0.1:34780 (udp) with options:
[{use_turn,true},
 {auth_type,user},
 {turn_ipv4_address,{127,0,0,1}},
 {turn_min_port,49152},
 {turn_max_port,65535},
 {turn_max_allocations,10},
 {turn_max_permissions,10},
 {shaper,100000},
 {turn_blacklist,[{{203,0,113,0},24},{{8193,3512,0,0,0,0,0,0},32}]},
 {turn_whitelist,[{{203,0,113,113},32},{{8193,3512,0,0,0,0,0,0},64}]},
 {auth_realm,<<"eturnal.net">>},
 {server_name,<<"eturnal">>},
 {auth_fun,fun eturnal:get_password/2},
 {hook_fun,fun eturnal:run_hook/2}] (eturnal:start_listeners/0:367)
2022-07-06 18:33:03.050556+00:00 [info] Listening on 127.0.0.1:34780 (udp) (STUN/TURN) (eturnal:start_listeners/0:372)
2022-07-06 18:33:03.050775+00:00 [debug] Starting listener 127.0.0.1:34780 (tcp) with options:
[{use_turn,false},
 {auth_type,anonymous},
 {turn_ipv4_address,{127,0,0,1}},
 {turn_min_port,49152},
 {turn_max_port,65535},
 {turn_max_allocations,10},
 {turn_max_permissions,10},
 {shaper,100000},
 {turn_blacklist,[{{203,0,113,0},24},{{8193,3512,0,0,0,0,0,0},32}]},
 {turn_whitelist,[{{203,0,113,113},32},{{8193,3512,0,0,0,0,0,0},64}]},
 {auth_realm,<<"eturnal.net">>},
 {server_name,<<"eturnal">>},
 {auth_fun,fun eturnal:get_password/2},
 {hook_fun,fun eturnal:run_hook/2}] (eturnal:start_listeners/0:367)
2022-07-06 18:33:03.061584+00:00 [info] Listening on 127.0.0.1:34780 (tcp) (STUN only) (eturnal:start_listeners/0:372)
2022-07-06 18:33:03.061758+00:00 [debug] Starting listener 127.0.0.1:53490 (tls) with options:
[{use_turn,false},
 {auth_type,anonymous},
 {tls,true},
 {certfile,<<"run/cert.pem">>},
 {ciphers,<<"HIGH:!aNULL:@STRENGTH">>},
 {protocol_options,<<"no_tlsv1|no_tlsv1_1|cipher_server_preference">>},
 {turn_ipv4_address,{127,0,0,1}},
 {turn_min_port,49152},
 {turn_max_port,65535},
 {turn_max_allocations,10},
 {turn_max_permissions,10},
 {shaper,100000},
 {turn_blacklist,[{{203,0,113,0},24},{{8193,3512,0,0,0,0,0,0},32}]},
 {turn_whitelist,[{{203,0,113,113},32},{{8193,3512,0,0,0,0,0,0},64}]},
 {auth_realm,<<"eturnal.net">>},
 {server_name,<<"eturnal">>},
 {auth_fun,fun eturnal:get_password/2},
 {hook_fun,fun eturnal:run_hook/2}] (eturnal:start_listeners/0:367)
2022-07-06 18:33:03.062331+00:00 [info] Listening on 127.0.0.1:53490 (tls) (STUN only) (eturnal:start_listeners/0:372)
2022-07-06 18:33:03.062535+00:00 [debug] Starting listener 127.0.0.1:34781 (auto) with options:
[{use_turn,false},
 {auth_type,anonymous},
 {tls,optional},
 {certfile,<<"run/cert.pem">>},
 {ciphers,<<"HIGH:!aNULL:@STRENGTH">>},
 {protocol_options,<<"no_tlsv1|no_tlsv1_1|cipher_server_preference">>},
 {turn_ipv4_address,{127,0,0,1}},
 {turn_min_port,49152},
 {turn_max_port,65535},
 {turn_max_allocations,10},
 {turn_max_permissions,10},
 {shaper,100000},
 {turn_blacklist,[{{203,0,113,0},24},{{8193,3512,0,0,0,0,0,0},32}]},
 {turn_whitelist,[{{203,0,113,113},32},{{8193,3512,0,0,0,0,0,0},64}]},
 {auth_realm,<<"eturnal.net">>},
 {server_name,<<"eturnal">>},
 {auth_fun,fun eturnal:get_password/2},
 {hook_fun,fun eturnal:run_hook/2}] (eturnal:start_listeners/0:367)
2022-07-06 18:33:03.083784+00:00 [info] Listening on 127.0.0.1:34781 (auto) (STUN only) (eturnal:start_listeners/0:372)
2022-07-06 18:33:03.084008+00:00 [debug] Started 4 listeners (eturnal:init/1:121)
2022-07-06 18:33:03.084193+00:00 [debug] PROGRESS REPORT:
    supervisor: {local,eturnal_sup}
    started: [{pid,<0.943.0>},
              {id,eturnal},
              {mfargs,{eturnal,start_link,[]}},
              {restart_type,permanent},
              {significant,false},
              {shutdown,5000},
              {child_type,worker}]
 (supervisor:report_progress/2:1557)
2022-07-06 18:33:03.084297+00:00 [debug] No NOTIFY_SOCKET, dropping READY=1 notification (eturnal_systemd:handle_cast/2:109)
2022-07-06 18:33:03.084323+00:00 [debug] PROGRESS REPORT:
    application: eturnal
    started_at: nonode@nohost
 (application_controller:info_started/2:2107)
2022-07-06 18:33:03.084440+00:00 [debug] Watchdog interval is undefined, hibernating (eturnal_systemd:get_timeout/1:162)
2022-07-06 18:33:03.111951+00:00 [debug] Handling API call: get_info() (eturnal_ctl:get_info/0:135)
2022-07-06 18:33:03.112555+00:00 [debug] eturnal call (get_info) returned {ok,
                                  {eturnal_node_info,<<"1.8.3">>,
                                   {"25","13.0"},
                                   3926,0,137,112379500,1,39672640}} (eturnal_ctl:call/1:452)
2022-07-06 18:33:03.136866+00:00 [debug] Handling API call: get_sessions() (eturnal_ctl:get_sessions/0:106)
2022-07-06 18:33:03.161084+00:00 [debug] Handling API call: get_sessions("alice") (eturnal_ctl:get_sessions/1:116)
2022-07-06 18:33:03.161343+00:00 [debug] Handling API call: disconnect(alice) (eturnal_ctl:disconnect/1:184)
2022-07-06 18:33:03.161492+00:00 [debug] Cannot convert user name to binary: alice (eturnal_ctl:disconnect/1:194)
2022-07-06 18:33:03.186983+00:00 [debug] Handling API call: disconnect("alice") (eturnal_ctl:disconnect/1:184)
2022-07-06 18:33:03.187251+00:00 [debug] Handling API call: disconnect(alice) (eturnal_ctl:disconnect/1:184)
2022-07-06 18:33:03.187378+00:00 [debug] Cannot convert user name to binary: alice (eturnal_ctl:disconnect/1:194)
2022-07-06 18:33:03.211142+00:00 [debug] Handling API call: get_credentials("2009-10-30 11:00:00Z", []) (eturnal_ctl:get_credentials/2:60)
2022-07-06 18:33:03.211361+00:00 [debug] eturnal call ({get_password,<<"1256900400">>}) returned {ok,
                                                         <<"uEKlpcME7MNMMVRV8rUFPCTIFEs=">>} (eturnal_ctl:call/1:452)
2022-07-06 18:33:03.216990+00:00 [debug] Handling API call: get_credentials("86400", "alice") (eturnal_ctl:get_credentials/2:60)
2022-07-06 18:33:03.217197+00:00 [debug] eturnal call ({get_password,<<"1657218783:alice">>}) returned {ok,
                                                               <<"cyBHmgjQy42jMRAcgK2BrMKQ1kE=">>} (eturnal_ctl:call/1:452)
2022-07-06 18:33:03.217310+00:00 [debug] Handling API call: get_password("1657218783:alice") (eturnal_ctl:get_password/1:79)
2022-07-06 18:33:03.217509+00:00 [debug] eturnal call ({get_password,<<"1657218783:alice">>}) returned {ok,
                                                               <<"cyBHmgjQy42jMRAcgK2BrMKQ1kE=">>} (eturnal_ctl:call/1:452)
2022-07-06 18:33:03.217690+00:00 [debug] Handling API call: get_credentials("86400s", "alice") (eturnal_ctl:get_credentials/2:60)
2022-07-06 18:33:03.217841+00:00 [debug] eturnal call ({get_password,<<"1657218783:alice">>}) returned {ok,
                                                               <<"cyBHmgjQy42jMRAcgK2BrMKQ1kE=">>} (eturnal_ctl:call/1:452)
2022-07-06 18:33:03.217950+00:00 [debug] Handling API call: get_password("1657218783:alice") (eturnal_ctl:get_password/1:79)
2022-07-06 18:33:03.218049+00:00 [debug] eturnal call ({get_password,<<"1657218783:alice">>}) returned {ok,
                                                               <<"cyBHmgjQy42jMRAcgK2BrMKQ1kE=">>} (eturnal_ctl:call/1:452)
2022-07-06 18:33:03.218195+00:00 [debug] Handling API call: get_credentials("1440m", "alice") (eturnal_ctl:get_credentials/2:60)
2022-07-06 18:33:03.218311+00:00 [debug] eturnal call ({get_password,<<"1657218783:alice">>}) returned {ok,
                                                               <<"cyBHmgjQy42jMRAcgK2BrMKQ1kE=">>} (eturnal_ctl:call/1:452)
2022-07-06 18:33:03.218421+00:00 [debug] Handling API call: get_password("1657218783:alice") (eturnal_ctl:get_password/1:79)
2022-07-06 18:33:03.218525+00:00 [debug] eturnal call ({get_password,<<"1657218783:alice">>}) returned {ok,
                                                               <<"cyBHmgjQy42jMRAcgK2BrMKQ1kE=">>} (eturnal_ctl:call/1:452)
2022-07-06 18:33:03.218666+00:00 [debug] Handling API call: get_credentials("24h", "alice") (eturnal_ctl:get_credentials/2:60)
2022-07-06 18:33:03.218785+00:00 [debug] eturnal call ({get_password,<<"1657218783:alice">>}) returned {ok,
                                                               <<"cyBHmgjQy42jMRAcgK2BrMKQ1kE=">>} (eturnal_ctl:call/1:452)
2022-07-06 18:33:03.218894+00:00 [debug] Handling API call: get_password("1657218783:alice") (eturnal_ctl:get_password/1:79)
2022-07-06 18:33:03.218985+00:00 [debug] eturnal call ({get_password,<<"1657218783:alice">>}) returned {ok,
                                                               <<"cyBHmgjQy42jMRAcgK2BrMKQ1kE=">>} (eturnal_ctl:call/1:452)
2022-07-06 18:33:03.219113+00:00 [debug] Handling API call: get_credentials("1d", "alice") (eturnal_ctl:get_credentials/2:60)
2022-07-06 18:33:03.219207+00:00 [debug] eturnal call ({get_password,<<"1657218783:alice">>}) returned {ok,
                                                               <<"cyBHmgjQy42jMRAcgK2BrMKQ1kE=">>} (eturnal_ctl:call/1:452)
2022-07-06 18:33:03.219301+00:00 [debug] Handling API call: get_password("1657218783:alice") (eturnal_ctl:get_password/1:79)
2022-07-06 18:33:03.219386+00:00 [debug] eturnal call ({get_password,<<"1657218783:alice">>}) returned {ok,
                                                               <<"cyBHmgjQy42jMRAcgK2BrMKQ1kE=">>} (eturnal_ctl:call/1:452)
2022-07-06 18:33:03.219506+00:00 [debug] Handling API call: get_password("Invalid") (eturnal_ctl:get_password/1:79)
2022-07-06 18:33:03.219573+00:00 [debug] Invalid user name: Invalid (eturnal_ctl:get_password/1:93)
2022-07-06 18:33:03.219651+00:00 [debug] Handling API call: get_credentials("Invalid", []) (eturnal_ctl:get_credentials/2:60)
2022-07-06 18:33:03.219737+00:00 [debug] Invalid argument(s): "Invalid":[] (eturnal_ctl:get_credentials/2:73)
2022-07-06 18:33:03.219808+00:00 [debug] Handling API call: get_password(invalid) (eturnal_ctl:get_password/1:79)
2022-07-06 18:33:03.219910+00:00 [debug] Cannot convert user name to binary: invalid (eturnal_ctl:get_password/1:100)
2022-07-06 18:33:03.219980+00:00 [debug] Handling API call: get_credentials(invalid, []) (eturnal_ctl:get_credentials/2:60)
2022-07-06 18:33:03.220047+00:00 [debug] Invalid argument(s): invalid:[] (eturnal_ctl:get_credentials/2:73)
2022-07-06 18:33:03.220126+00:00 [debug] Handling API call: get_password([invalid]) (eturnal_ctl:get_password/1:79)
2022-07-06 18:33:03.220199+00:00 [debug] Cannot convert user name to binary: [invalid] (eturnal_ctl:get_password/1:100)
2022-07-06 18:33:03.220264+00:00 [debug] Handling API call: get_credentials([invalid], []) (eturnal_ctl:get_credentials/2:60)
2022-07-06 18:33:03.220353+00:00 [debug] Invalid argument(s): [invalid]:[] (eturnal_ctl:get_credentials/2:73)
2022-07-06 18:33:03.220523+00:00 [debug] Handling API call: get_credentials(1256900400, invalid) (eturnal_ctl:get_credentials/2:60)
2022-07-06 18:33:03.220774+00:00 [debug] Invalid argument(s): 1256900400:invalid (eturnal_ctl:get_credentials/2:73)
2022-07-06 18:33:03.244800+00:00 [debug] Handling API call: set_loglevel(debug) (eturnal_ctl:set_loglevel/1:165)
2022-07-06 18:33:03.245045+00:00 [debug] eturnal call ({set_loglevel,debug}) returned ok (eturnal_ctl:call/1:449)
2022-07-06 18:33:03.245228+00:00 [debug] Handling API call: get_loglevel() (eturnal_ctl:get_loglevel/0:155)
2022-07-06 18:33:03.245327+00:00 [debug] eturnal call (get_loglevel) returned {ok,debug} (eturnal_ctl:call/1:452)
2022-07-06 18:33:03.245466+00:00 [debug] Handling API call: set_loglevel(invalid) (eturnal_ctl:set_loglevel/1:165)
2022-07-06 18:33:03.245556+00:00 [debug] Invalid log level: invalid (eturnal_ctl:set_loglevel/1:175)
2022-07-06 18:33:03.245729+00:00 [debug] Handling API call: get_loglevel() (eturnal_ctl:get_loglevel/0:155)
2022-07-06 18:33:03.245853+00:00 [debug] eturnal call (get_loglevel) returned {ok,debug} (eturnal_ctl:call/1:452)
2022-07-06 18:33:03.274630+00:00 [debug] Handling API call: get_version() (eturnal_ctl:get_version/0:145)
2022-07-06 18:33:03.274873+00:00 [debug] eturnal call (get_version) returned {ok,<<"1.8.3">>} (eturnal_ctl:call/1:452)
2022-07-06 18:33:03.302091+00:00 [debug] Handling API call: reload() (eturnal_ctl:reload/0:200)
2022-07-06 18:33:03.304059+00:00 [debug] Calling mod_log_stun:options/0 (eturnal_module:options/1:191)
2022-07-06 18:33:03.304268+00:00 [debug] Calling mod_stats_influx:options/0 (eturnal_module:options/1:191)
2022-07-06 18:33:03.304960+00:00 [warning] TLS enabled without 'tls_crt_file', creating self-signed certificate (eturnal:check_pem_file/0:643)
2022-07-06 18:33:03.829541+00:00 [info] Using new TLS certificate (eturnal:handle_call/3:140)
2022-07-06 18:33:03.829745+00:00 [debug] Reloaded configuration (eturnal:handle_call/3:146)
2022-07-06 18:33:03.829864+00:00 [debug] eturnal call (reload) returned ok (eturnal_ctl:call/1:449)
2022-07-06 18:33:03.830080+00:00 [debug] Handling API call: reload() (eturnal_ctl:reload/0:200)
2022-07-06 18:33:03.831835+00:00 [debug] Calling mod_log_stun:options/0 (eturnal_module:options/1:191)
2022-07-06 18:33:03.832016+00:00 [debug] Calling mod_stats_influx:options/0 (eturnal_module:options/1:191)
2022-07-06 18:33:03.832506+00:00 [debug] Keeping PEM file (run/cert.pem) (eturnal:check_pem_file/0:640)
2022-07-06 18:33:03.832605+00:00 [debug] TLS certificate unchanged (eturnal:handle_call/3:142)
2022-07-06 18:33:03.832695+00:00 [debug] Reloaded configuration (eturnal:handle_call/3:146)
2022-07-06 18:33:03.833140+00:00 [debug] eturnal call (reload) returned ok (eturnal_ctl:call/1:449)
2022-07-06 18:33:03.857309+00:00 [info] Accepting connection: 127.0.0.1:53954 -> 127.0.0.1:34780 [TCP, session 1fw1g6h9x9h1] (stun_acceptor:accept/3:148)
2022-07-06 18:33:03.885733+00:00 [info] Accepting connection: 127.0.0.1:37638 -> 127.0.0.1:53490 [TLS, session 2ut2d1m4t2o4] (stun_acceptor:accept/3:148)
2022-07-06 18:33:03.915796+00:00 [debug] Received:
#stun{class = request,method = 3,magic = 554869826,
      trid = 79204414408842230108566601925,raw = <<>>,unsupported = [],
      'ALTERNATE-SERVER' = undefined,'CHANNEL-NUMBER' = undefined,
      'DATA' = undefined,'DONT-FRAGMENT' = false,'ERROR-CODE' = undefined,
      'LIFETIME' = undefined,'MAPPED-ADDRESS' = undefined,
      'MESSAGE-INTEGRITY' = undefined,'NONCE' = undefined,'REALM' = undefined,
      'REQUESTED-ADDRESS-FAMILY' = undefined,
      'REQUESTED-TRANSPORT' = undefined,'SOFTWARE' = undefined,
      'UNKNOWN-ATTRIBUTES' = [],'USERNAME' = undefined,
      'XOR-MAPPED-ADDRESS' = undefined,'XOR-PEER-ADDRESS' = [],
      'XOR-RELAYED-ADDRESS' = undefined} (stun:udp_recv/5:111)
2022-07-06 18:33:03.916017+00:00 [debug] Sending:
#stun{class = error,method = 3,magic = 554869826,
      trid = 79204414408842230108566601925,raw = <<>>,unsupported = [],
      'ALTERNATE-SERVER' = undefined,'CHANNEL-NUMBER' = undefined,
      'DATA' = undefined,'DONT-FRAGMENT' = false,
      'ERROR-CODE' = {401,<<"Unauthorized">>},
      'LIFETIME' = undefined,'MAPPED-ADDRESS' = undefined,
      'MESSAGE-INTEGRITY' = undefined,'NONCE' = <<"1019520573">>,
      'REALM' = <<"eturnal.net">>,'REQUESTED-ADDRESS-FAMILY' = undefined,
      'REQUESTED-TRANSPORT' = undefined,'SOFTWARE' = <<"eturnal">>,
      'UNKNOWN-ATTRIBUTES' = [],'USERNAME' = undefined,
      'XOR-MAPPED-ADDRESS' = undefined,'XOR-PEER-ADDRESS' = [],
      'XOR-RELAYED-ADDRESS' = undefined} (stun:send/3:445)
2022-07-06 18:33:03.916393+00:00 [debug] Received:
#stun{class = request,method = 3,magic = 554869826,
      trid = 14200921475207812898474407247,
      raw = <<0,3,0,80,33,18,164,66,45,226,186,23,188,94,149,234,229,123,181,
              79,0,25,0,4,17,0,0,0,0,6,0,10,50,49,52,53,57,49,51,50,48,48,0,0,
              0,20,0,11,101,116,117,114,110,97,108,46,110,101,116,0,0,21,0,10,
              49,48,49,57,53,50,48,53,55,51,0,0>>,
      unsupported = [],'ALTERNATE-SERVER' = undefined,
      'CHANNEL-NUMBER' = undefined,'DATA' = undefined,'DONT-FRAGMENT' = false,
      'ERROR-CODE' = undefined,'LIFETIME' = undefined,
      'MAPPED-ADDRESS' = undefined,
      'MESSAGE-INTEGRITY' = <<23,0,48,213,163,190,209,229,154,80,236,122,30,
                              161,85,75,173,9,12,45>>,
      'NONCE' = <<"1019520573">>,'REALM' = <<"eturnal.net">>,
      'REQUESTED-ADDRESS-FAMILY' = undefined,'REQUESTED-TRANSPORT' = udp,
      'SOFTWARE' = undefined,'UNKNOWN-ATTRIBUTES' = [],
      'USERNAME' = <<"2145913200">>,'XOR-MAPPED-ADDRESS' = undefined,
      'XOR-PEER-ADDRESS' = [],'XOR-RELAYED-ADDRESS' = undefined} (stun:udp_recv/5:111)
2022-07-06 18:33:03.916561+00:00 [debug] Looking up password for: 2145913200 [UDP, session 8k2h3882dg2d, user 2145913200, client 127.0.0.1:50799] (eturnal:get_password/2:225)
2022-07-06 18:33:03.916661+00:00 [info] Accepting long-term STUN/TURN authentication [UDP, session 8k2h3882dg2d, user 2145913200, client 127.0.0.1:50799] (stun:process/2:249)
2022-07-06 18:33:03.920964+00:00 [debug] Running 'turn_session_start' hook [UDP, session 8k2h3882dg2d, user 2145913200, client 127.0.0.1:50799] (turn:run_hook/2:711)
2022-07-06 18:33:03.921067+00:00 [debug] Got 'turn_session_start' event [UDP, session 8k2h3882dg2d, user 2145913200, client 127.0.0.1:50799] (eturnal_module:handle_event/2:176)
2022-07-06 18:33:03.921302+00:00 [notice] Creating TURN allocation (lifetime: 599 seconds) [UDP, session 8k2h3882dg2d, user 2145913200, client 127.0.0.1:50799, relay 127.0.0.1:61527] (turn:wait_for_allocate/2:207)
2022-07-06 18:33:03.921429+00:00 [debug] Sending:
#stun{class = response,method = 3,magic = 554869826,
      trid = 14200921475207812898474407247,raw = <<>>,unsupported = [],
      'ALTERNATE-SERVER' = undefined,'CHANNEL-NUMBER' = undefined,
      'DATA' = undefined,'DONT-FRAGMENT' = false,'ERROR-CODE' = undefined,
      'LIFETIME' = 599,'MAPPED-ADDRESS' = undefined,
      'MESSAGE-INTEGRITY' = undefined,'NONCE' = undefined,'REALM' = undefined,
      'REQUESTED-ADDRESS-FAMILY' = undefined,
      'REQUESTED-TRANSPORT' = undefined,'SOFTWARE' = <<"eturnal">>,
      'UNKNOWN-ATTRIBUTES' = [],'USERNAME' = undefined,
      'XOR-MAPPED-ADDRESS' = {{127,0,0,1},50799},
      'XOR-PEER-ADDRESS' = [],
      'XOR-RELAYED-ADDRESS' = {{127,0,0,1},61527}} (turn:send/2:521)
2022-07-06 18:33:03.921802+00:00 [debug] Received:
#stun{class = request,method = 4,magic = 554869826,
      trid = 37821314639218220484375845833,
      raw = <<0,4,0,80,33,18,164,66,122,53,14,230,231,168,52,100,149,203,155,
              201,0,6,0,10,50,49,52,53,57,49,51,50,48,48,0,0,0,20,0,11,101,116,
              117,114,110,97,108,46,110,101,116,0,0,21,0,10,49,48,49,57,53,50,
              48,53,55,51,0,0,0,13,0,4,0,0,0,0>>,
      unsupported = [],'ALTERNATE-SERVER' = undefined,
      'CHANNEL-NUMBER' = undefined,'DATA' = undefined,'DONT-FRAGMENT' = false,
      'ERROR-CODE' = undefined,'LIFETIME' = 0,'MAPPED-ADDRESS' = undefined,
      'MESSAGE-INTEGRITY' = <<253,133,153,154,206,86,247,126,183,130,98,138,
                              100,115,155,192,179,83,46,144>>,
      'NONCE' = <<"1019520573">>,'REALM' = <<"eturnal.net">>,
      'REQUESTED-ADDRESS-FAMILY' = undefined,
      'REQUESTED-TRANSPORT' = undefined,'SOFTWARE' = undefined,
      'UNKNOWN-ATTRIBUTES' = [],'USERNAME' = <<"2145913200">>,
      'XOR-MAPPED-ADDRESS' = undefined,'XOR-PEER-ADDRESS' = [],
      'XOR-RELAYED-ADDRESS' = undefined} (stun:udp_recv/5:111)
2022-07-06 18:33:03.921936+00:00 [debug] Looking up password for: 2145913200 [UDP, session 9iw73m11r9kp, user 2145913200, client 127.0.0.1:50799] (eturnal:get_password/2:225)
2022-07-06 18:33:03.922001+00:00 [info] Accepting long-term STUN/TURN authentication [UDP, session 9iw73m11r9kp, user 2145913200, client 127.0.0.1:50799] (stun:process/2:249)
2022-07-06 18:33:03.922068+00:00 [info] Client requested closing the TURN session [UDP, session 8k2h3882dg2d, user 2145913200, client 127.0.0.1:50799, relay 127.0.0.1:61527] (turn:active/2:262)
2022-07-06 18:33:03.922151+00:00 [debug] Sending:
#stun{class = response,method = 4,magic = 554869826,
      trid = 37821314639218220484375845833,raw = <<>>,unsupported = [],
      'ALTERNATE-SERVER' = undefined,'CHANNEL-NUMBER' = undefined,
      'DATA' = undefined,'DONT-FRAGMENT' = false,'ERROR-CODE' = undefined,
      'LIFETIME' = 0,'MAPPED-ADDRESS' = undefined,
      'MESSAGE-INTEGRITY' = undefined,'NONCE' = undefined,'REALM' = undefined,
      'REQUESTED-ADDRESS-FAMILY' = undefined,
      'REQUESTED-TRANSPORT' = undefined,'SOFTWARE' = <<"eturnal">>,
      'UNKNOWN-ATTRIBUTES' = [],'USERNAME' = undefined,
      'XOR-MAPPED-ADDRESS' = undefined,'XOR-PEER-ADDRESS' = [],
      'XOR-RELAYED-ADDRESS' = undefined} (turn:send/2:521)
2022-07-06 18:33:03.922254+00:00 [info] Deleting TURN allocation [UDP, session 8k2h3882dg2d, user 2145913200, client 127.0.0.1:50799, relay 127.0.0.1:61527] (turn:terminate/3:454)
2022-07-06 18:33:03.922376+00:00 [notice] Relayed 0 KiB (in 0 B / 0 packets, out 0 B / 0 packets), duration: 0 seconds [UDP, session 8k2h3882dg2d, user 2145913200, client 127.0.0.1:50799, relay 127.0.0.1:61527] (turn:terminate/3:461)
2022-07-06 18:33:03.922438+00:00 [debug] Running 'turn_session_stop' hook [UDP, session 8k2h3882dg2d, user 2145913200, client 127.0.0.1:50799, relay 127.0.0.1:61527] (turn:run_hook/2:711)
2022-07-06 18:33:03.922505+00:00 [debug] Got 'turn_session_stop' event [UDP, session 8k2h3882dg2d, user 2145913200, client 127.0.0.1:50799, relay 127.0.0.1:61527] (eturnal_module:handle_event/2:176)
2022-07-06 18:33:03.922556+00:00 [debug] Calling mod_stats_influx:handle_event/2 [UDP, session 8k2h3882dg2d, user 2145913200, client 127.0.0.1:50799, relay 127.0.0.1:61527] (eturnal_module:handle_event/2:179)
2022-07-06 18:33:03.922616+00:00 [debug] Writing stats of TURN session 8k2h3882dg2d to InfluxDB [UDP, session 8k2h3882dg2d, user 2145913200, client 127.0.0.1:50799, relay 127.0.0.1:61527] (mod_stats_influx:on_turn_session_stop/1:81)
2022-07-06 18:33:03.946094+00:00 [debug] Received:
#stun{class = request,method = 1,magic = 554869826,
      trid = 17946547894184880601870581675,raw = <<>>,unsupported = [],
      'ALTERNATE-SERVER' = undefined,'CHANNEL-NUMBER' = undefined,
      'DATA' = undefined,'DONT-FRAGMENT' = false,'ERROR-CODE' = undefined,
      'LIFETIME' = undefined,'MAPPED-ADDRESS' = undefined,
      'MESSAGE-INTEGRITY' = undefined,'NONCE' = undefined,'REALM' = undefined,
      'REQUESTED-ADDRESS-FAMILY' = undefined,
      'REQUESTED-TRANSPORT' = undefined,'SOFTWARE' = undefined,
      'UNKNOWN-ATTRIBUTES' = [],'USERNAME' = undefined,
      'XOR-MAPPED-ADDRESS' = undefined,'XOR-PEER-ADDRESS' = [],
      'XOR-RELAYED-ADDRESS' = undefined} (stun:udp_recv/5:111)
2022-07-06 18:33:03.946193+00:00 [debug] Responding to STUN request [UDP, session hq7jyct5owur, anonymous, client 127.0.0.1:46573] (stun:process/4:312)
2022-07-06 18:33:03.946244+00:00 [debug] Running 'stun_query' hook [UDP, session hq7jyct5owur, anonymous, client 127.0.0.1:46573] (stun:run_hook/3:820)
2022-07-06 18:33:03.946285+00:00 [debug] Got 'stun_query' event [UDP, session hq7jyct5owur, anonymous, client 127.0.0.1:46573] (eturnal_module:handle_event/2:176)
2022-07-06 18:33:03.946325+00:00 [debug] Calling mod_log_stun:handle_event/2 [UDP, session hq7jyct5owur, anonymous, client 127.0.0.1:46573] (eturnal_module:handle_event/2:179)
2022-07-06 18:33:03.946360+00:00 [info] Responding to STUN request [UDP, session hq7jyct5owur, anonymous, client 127.0.0.1:46573] (mod_log_stun:handle_event/2:45)
2022-07-06 18:33:03.946453+00:00 [debug] Calling mod_stats_influx:handle_event/2 [UDP, session hq7jyct5owur, anonymous, client 127.0.0.1:46573] (eturnal_module:handle_event/2:179)
2022-07-06 18:33:03.946502+00:00 [debug] Writing STUN query event to InfluxDB [UDP, session hq7jyct5owur, anonymous, client 127.0.0.1:46573] (mod_stats_influx:on_stun_query/1:70)
2022-07-06 18:33:03.946725+00:00 [debug] Sending:
#stun{class = response,method = 1,magic = 554869826,
      trid = 17946547894184880601870581675,raw = <<>>,unsupported = [],
      'ALTERNATE-SERVER' = undefined,'CHANNEL-NUMBER' = undefined,
      'DATA' = undefined,'DONT-FRAGMENT' = false,'ERROR-CODE' = undefined,
      'LIFETIME' = undefined,'MAPPED-ADDRESS' = undefined,
      'MESSAGE-INTEGRITY' = undefined,'NONCE' = undefined,'REALM' = undefined,
      'REQUESTED-ADDRESS-FAMILY' = undefined,
      'REQUESTED-TRANSPORT' = undefined,'SOFTWARE' = <<"eturnal">>,
      'UNKNOWN-ATTRIBUTES' = [],'USERNAME' = undefined,
      'XOR-MAPPED-ADDRESS' = {{127,0,0,1},46573},
      'XOR-PEER-ADDRESS' = [],'XOR-RELAYED-ADDRESS' = undefined} (stun:send/3:445)
2022-07-06 18:33:03.974844+00:00 [info] Accepting connection: 127.0.0.1:53956 -> 127.0.0.1:34780 [TCP, session rq6rvr8mw770] (stun_acceptor:accept/3:148)
2022-07-06 18:33:03.975171+00:00 [debug] Received:
#stun{class = request,method = 1,magic = 554869826,
      trid = 39831089767860949631211104975,raw = <<>>,unsupported = [],
      'ALTERNATE-SERVER' = undefined,'CHANNEL-NUMBER' = undefined,
      'DATA' = undefined,'DONT-FRAGMENT' = false,'ERROR-CODE' = undefined,
      'LIFETIME' = undefined,'MAPPED-ADDRESS' = undefined,
      'MESSAGE-INTEGRITY' = undefined,'NONCE' = undefined,'REALM' = undefined,
      'REQUESTED-ADDRESS-FAMILY' = undefined,
      'REQUESTED-TRANSPORT' = undefined,'SOFTWARE' = undefined,
      'UNKNOWN-ATTRIBUTES' = [],'USERNAME' = undefined,
      'XOR-MAPPED-ADDRESS' = undefined,'XOR-PEER-ADDRESS' = [],
      'XOR-RELAYED-ADDRESS' = undefined} (stun:process_data/3:404)
2022-07-06 18:33:03.975332+00:00 [debug] Responding to STUN request [TCP, session rq6rvr8mw770, anonymous, client 127.0.0.1:53956] (stun:process/4:312)
2022-07-06 18:33:03.975387+00:00 [debug] Running 'stun_query' hook [TCP, session rq6rvr8mw770, anonymous, client 127.0.0.1:53956] (stun:run_hook/3:820)
2022-07-06 18:33:03.975439+00:00 [debug] Got 'stun_query' event [TCP, session rq6rvr8mw770, anonymous, client 127.0.0.1:53956] (eturnal_module:handle_event/2:176)
2022-07-06 18:33:03.975487+00:00 [debug] Calling mod_log_stun:handle_event/2 [TCP, session rq6rvr8mw770, anonymous, client 127.0.0.1:53956] (eturnal_module:handle_event/2:179)
2022-07-06 18:33:03.975539+00:00 [info] Responding to STUN request [TCP, session rq6rvr8mw770, anonymous, client 127.0.0.1:53956] (mod_log_stun:handle_event/2:45)
2022-07-06 18:33:03.975584+00:00 [debug] Calling mod_stats_influx:handle_event/2 [TCP, session rq6rvr8mw770, anonymous, client 127.0.0.1:53956] (eturnal_module:handle_event/2:179)
2022-07-06 18:33:03.975663+00:00 [debug] Writing STUN query event to InfluxDB [TCP, session rq6rvr8mw770, anonymous, client 127.0.0.1:53956] (mod_stats_influx:on_stun_query/1:70)
2022-07-06 18:33:03.975873+00:00 [debug] Sending:
#stun{class = response,method = 1,magic = 554869826,
      trid = 39831089767860949631211104975,raw = <<>>,unsupported = [],
      'ALTERNATE-SERVER' = undefined,'CHANNEL-NUMBER' = undefined,
      'DATA' = undefined,'DONT-FRAGMENT' = false,'ERROR-CODE' = undefined,
      'LIFETIME' = undefined,'MAPPED-ADDRESS' = undefined,
      'MESSAGE-INTEGRITY' = undefined,'NONCE' = undefined,'REALM' = undefined,
      'REQUESTED-ADDRESS-FAMILY' = undefined,
      'REQUESTED-TRANSPORT' = undefined,'SOFTWARE' = <<"P1 STUN library">>,
      'UNKNOWN-ATTRIBUTES' = [],'USERNAME' = undefined,
      'XOR-MAPPED-ADDRESS' = {{127,0,0,1},53956},
      'XOR-PEER-ADDRESS' = [],'XOR-RELAYED-ADDRESS' = undefined} (stun:send/3:445)
2022-07-06 18:33:03.976126+00:00 [info] Connection reset by peer [TCP, session rq6rvr8mw770, anonymous, client 127.0.0.1:53956] (stun:handle_info/3:170)
2022-07-06 18:33:04.000446+00:00 [info] Accepting connection: 127.0.0.1:37640 -> 127.0.0.1:53490 [TLS, session cmfmo0k4msrx] (stun_acceptor:accept/3:148)
2022-07-06 18:33:04.109482+00:00 [debug] Received:
#stun{class = request,method = 1,magic = 554869826,
      trid = 38102114767045881336444459253,raw = <<>>,unsupported = [],
      'ALTERNATE-SERVER' = undefined,'CHANNEL-NUMBER' = undefined,
      'DATA' = undefined,'DONT-FRAGMENT' = false,'ERROR-CODE' = undefined,
      'LIFETIME' = undefined,'MAPPED-ADDRESS' = undefined,
      'MESSAGE-INTEGRITY' = undefined,'NONCE' = undefined,'REALM' = undefined,
      'REQUESTED-ADDRESS-FAMILY' = undefined,
      'REQUESTED-TRANSPORT' = undefined,'SOFTWARE' = undefined,
      'UNKNOWN-ATTRIBUTES' = [],'USERNAME' = undefined,
      'XOR-MAPPED-ADDRESS' = undefined,'XOR-PEER-ADDRESS' = [],
      'XOR-RELAYED-ADDRESS' = undefined} (stun:process_data/3:404)
2022-07-06 18:33:04.109650+00:00 [debug] Responding to STUN request [TLS, session cmfmo0k4msrx, anonymous, client 127.0.0.1:37640] (stun:process/4:312)
2022-07-06 18:33:04.109721+00:00 [debug] Running 'stun_query' hook [TLS, session cmfmo0k4msrx, anonymous, client 127.0.0.1:37640] (stun:run_hook/3:820)
2022-07-06 18:33:04.109763+00:00 [debug] Got 'stun_query' event [TLS, session cmfmo0k4msrx, anonymous, client 127.0.0.1:37640] (eturnal_module:handle_event/2:176)
2022-07-06 18:33:04.109799+00:00 [debug] Calling mod_log_stun:handle_event/2 [TLS, session cmfmo0k4msrx, anonymous, client 127.0.0.1:37640] (eturnal_module:handle_event/2:179)
2022-07-06 18:33:04.109868+00:00 [info] Responding to STUN request [TLS, session cmfmo0k4msrx, anonymous, client 127.0.0.1:37640] (mod_log_stun:handle_event/2:45)
2022-07-06 18:33:04.109904+00:00 [debug] Calling mod_stats_influx:handle_event/2 [TLS, session cmfmo0k4msrx, anonymous, client 127.0.0.1:37640] (eturnal_module:handle_event/2:179)
2022-07-06 18:33:04.109988+00:00 [debug] Writing STUN query event to InfluxDB [TLS, session cmfmo0k4msrx, anonymous, client 127.0.0.1:37640] (mod_stats_influx:on_stun_query/1:70)
2022-07-06 18:33:04.110204+00:00 [debug] Sending:
#stun{class = response,method = 1,magic = 554869826,
      trid = 38102114767045881336444459253,raw = <<>>,unsupported = [],
      'ALTERNATE-SERVER' = undefined,'CHANNEL-NUMBER' = undefined,
      'DATA' = undefined,'DONT-FRAGMENT' = false,'ERROR-CODE' = undefined,
      'LIFETIME' = undefined,'MAPPED-ADDRESS' = undefined,
      'MESSAGE-INTEGRITY' = undefined,'NONCE' = undefined,'REALM' = undefined,
      'REQUESTED-ADDRESS-FAMILY' = undefined,
      'REQUESTED-TRANSPORT' = undefined,'SOFTWARE' = <<"P1 STUN library">>,
      'UNKNOWN-ATTRIBUTES' = [],'USERNAME' = undefined,
      'XOR-MAPPED-ADDRESS' = {{127,0,0,1},37640},
      'XOR-PEER-ADDRESS' = [],'XOR-RELAYED-ADDRESS' = undefined} (stun:send/3:445)
2022-07-06 18:33:04.110524+00:00 [info] Connection reset by peer [TLS, session cmfmo0k4msrx, anonymous, client 127.0.0.1:37640] (stun:handle_info/3:170)
2022-07-06 18:33:04.135578+00:00 [info] Accepting connection: 127.0.0.1:40524 -> 127.0.0.1:34781 [TCP|TLS, session krktbpaygks8] (stun_acceptor:accept/3:148)
2022-07-06 18:33:04.135754+00:00 [debug] Determined transport protocol: TCP (stun:is_tls_handshake/1:768)
2022-07-06 18:33:04.136128+00:00 [debug] Received:
#stun{class = request,method = 1,magic = 554869826,
      trid = 66362386939364044158976966684,raw = <<>>,unsupported = [],
      'ALTERNATE-SERVER' = undefined,'CHANNEL-NUMBER' = undefined,
      'DATA' = undefined,'DONT-FRAGMENT' = false,'ERROR-CODE' = undefined,
      'LIFETIME' = undefined,'MAPPED-ADDRESS' = undefined,
      'MESSAGE-INTEGRITY' = undefined,'NONCE' = undefined,'REALM' = undefined,
      'REQUESTED-ADDRESS-FAMILY' = undefined,
      'REQUESTED-TRANSPORT' = undefined,'SOFTWARE' = undefined,
      'UNKNOWN-ATTRIBUTES' = [],'USERNAME' = undefined,
      'XOR-MAPPED-ADDRESS' = undefined,'XOR-PEER-ADDRESS' = [],
      'XOR-RELAYED-ADDRESS' = undefined} (stun:process_data/3:404)
2022-07-06 18:33:04.136236+00:00 [debug] Responding to STUN request [TCP, session krktbpaygks8, anonymous, client 127.0.0.1:40524] (stun:process/4:312)
2022-07-06 18:33:04.136299+00:00 [debug] Running 'stun_query' hook [TCP, session krktbpaygks8, anonymous, client 127.0.0.1:40524] (stun:run_hook/3:820)
2022-07-06 18:33:04.136367+00:00 [debug] Got 'stun_query' event [TCP, session krktbpaygks8, anonymous, client 127.0.0.1:40524] (eturnal_module:handle_event/2:176)
2022-07-06 18:33:04.136416+00:00 [debug] Calling mod_log_stun:handle_event/2 [TCP, session krktbpaygks8, anonymous, client 127.0.0.1:40524] (eturnal_module:handle_event/2:179)
2022-07-06 18:33:04.136654+00:00 [info] Responding to STUN request [TCP, session krktbpaygks8, anonymous, client 127.0.0.1:40524] (mod_log_stun:handle_event/2:45)
2022-07-06 18:33:04.136700+00:00 [debug] Calling mod_stats_influx:handle_event/2 [TCP, session krktbpaygks8, anonymous, client 127.0.0.1:40524] (eturnal_module:handle_event/2:179)
2022-07-06 18:33:04.136745+00:00 [debug] Writing STUN query event to InfluxDB [TCP, session krktbpaygks8, anonymous, client 127.0.0.1:40524] (mod_stats_influx:on_stun_query/1:70)
2022-07-06 18:33:04.136944+00:00 [debug] Sending:
#stun{class = response,method = 1,magic = 554869826,
      trid = 66362386939364044158976966684,raw = <<>>,unsupported = [],
      'ALTERNATE-SERVER' = undefined,'CHANNEL-NUMBER' = undefined,
      'DATA' = undefined,'DONT-FRAGMENT' = false,'ERROR-CODE' = undefined,
      'LIFETIME' = undefined,'MAPPED-ADDRESS' = undefined,
      'MESSAGE-INTEGRITY' = undefined,'NONCE' = undefined,'REALM' = undefined,
      'REQUESTED-ADDRESS-FAMILY' = undefined,
      'REQUESTED-TRANSPORT' = undefined,'SOFTWARE' = <<"P1 STUN library">>,
      'UNKNOWN-ATTRIBUTES' = [],'USERNAME' = undefined,
      'XOR-MAPPED-ADDRESS' = {{127,0,0,1},40524},
      'XOR-PEER-ADDRESS' = [],'XOR-RELAYED-ADDRESS' = undefined} (stun:send/3:445)
2022-07-06 18:33:04.137192+00:00 [info] Connection reset by peer [TCP, session krktbpaygks8, anonymous, client 127.0.0.1:40524] (stun:handle_info/3:170)
2022-07-06 18:33:04.161524+00:00 [info] Accepting connection: 127.0.0.1:40526 -> 127.0.0.1:34781 [TCP|TLS, session 5b4wnijxstor] (stun_acceptor:accept/3:148)
2022-07-06 18:33:04.161712+00:00 [debug] Determined transport protocol: TLS (stun:is_tls_handshake/1:765)
2022-07-06 18:33:04.268406+00:00 [debug] Received:
#stun{class = request,method = 1,magic = 554869826,
      trid = 61499104835541943768772790695,raw = <<>>,unsupported = [],
      'ALTERNATE-SERVER' = undefined,'CHANNEL-NUMBER' = undefined,
      'DATA' = undefined,'DONT-FRAGMENT' = false,'ERROR-CODE' = undefined,
      'LIFETIME' = undefined,'MAPPED-ADDRESS' = undefined,
      'MESSAGE-INTEGRITY' = undefined,'NONCE' = undefined,'REALM' = undefined,
      'REQUESTED-ADDRESS-FAMILY' = undefined,
      'REQUESTED-TRANSPORT' = undefined,'SOFTWARE' = undefined,
      'UNKNOWN-ATTRIBUTES' = [],'USERNAME' = undefined,
      'XOR-MAPPED-ADDRESS' = undefined,'XOR-PEER-ADDRESS' = [],
      'XOR-RELAYED-ADDRESS' = undefined} (stun:process_data/3:404)
2022-07-06 18:33:04.268570+00:00 [debug] Responding to STUN request [TLS, session 5b4wnijxstor, anonymous, client 127.0.0.1:40526] (stun:process/4:312)
2022-07-06 18:33:04.268620+00:00 [debug] Running 'stun_query' hook [TLS, session 5b4wnijxstor, anonymous, client 127.0.0.1:40526] (stun:run_hook/3:820)
2022-07-06 18:33:04.268688+00:00 [debug] Got 'stun_query' event [TLS, session 5b4wnijxstor, anonymous, client 127.0.0.1:40526] (eturnal_module:handle_event/2:176)
2022-07-06 18:33:04.268720+00:00 [debug] Calling mod_log_stun:handle_event/2 [TLS, session 5b4wnijxstor, anonymous, client 127.0.0.1:40526] (eturnal_module:handle_event/2:179)
2022-07-06 18:33:04.268775+00:00 [info] Responding to STUN request [TLS, session 5b4wnijxstor, anonymous, client 127.0.0.1:40526] (mod_log_stun:handle_event/2:45)
2022-07-06 18:33:04.268811+00:00 [debug] Calling mod_stats_influx:handle_event/2 [TLS, session 5b4wnijxstor, anonymous, client 127.0.0.1:40526] (eturnal_module:handle_event/2:179)
2022-07-06 18:33:04.268841+00:00 [debug] Writing STUN query event to InfluxDB [TLS, session 5b4wnijxstor, anonymous, client 127.0.0.1:40526] (mod_stats_influx:on_stun_query/1:70)
2022-07-06 18:33:04.269131+00:00 [debug] Sending:
#stun{class = response,method = 1,magic = 554869826,
      trid = 61499104835541943768772790695,raw = <<>>,unsupported = [],
      'ALTERNATE-SERVER' = undefined,'CHANNEL-NUMBER' = undefined,
      'DATA' = undefined,'DONT-FRAGMENT' = false,'ERROR-CODE' = undefined,
      'LIFETIME' = undefined,'MAPPED-ADDRESS' = undefined,
      'MESSAGE-INTEGRITY' = undefined,'NONCE' = undefined,'REALM' = undefined,
      'REQUESTED-ADDRESS-FAMILY' = undefined,
      'REQUESTED-TRANSPORT' = undefined,'SOFTWARE' = <<"P1 STUN library">>,
      'UNKNOWN-ATTRIBUTES' = [],'USERNAME' = undefined,
      'XOR-MAPPED-ADDRESS' = {{127,0,0,1},40526},
      'XOR-PEER-ADDRESS' = [],'XOR-RELAYED-ADDRESS' = undefined} (stun:send/3:445)
2022-07-06 18:33:04.269477+00:00 [info] Connection reset by peer [TLS, session 5b4wnijxstor, anonymous, client 127.0.0.1:40526] (stun:handle_info/3:170)
2022-07-06 18:33:04.294027+00:00 [debug] No NOTIFY_SOCKET, dropping STOPPING=1 notification (eturnal_systemd:handle_cast/2:109)
2022-07-06 18:33:04.294052+00:00 [debug] Terminating eturnal (shutdown) (eturnal:terminate/2:200)
2022-07-06 18:33:04.294189+00:00 [debug] Watchdog interval is undefined, hibernating (eturnal_systemd:get_timeout/1:162)
2022-07-06 18:33:04.294751+00:00 [info] Stopped listening on 127.0.0.1:34780 (udp) (eturnal:stop_listeners/1:395)
2022-07-06 18:33:04.294941+00:00 [info] Stopped listening on 127.0.0.1:34780 (tcp) (eturnal:stop_listeners/1:395)
2022-07-06 18:33:04.295339+00:00 [info] Stopped listening on 127.0.0.1:53490 (tls) (eturnal:stop_listeners/1:395)
2022-07-06 18:33:04.295487+00:00 [info] Stopped listening on 127.0.0.1:34781 (auto) (eturnal:stop_listeners/1:395)
2022-07-06 18:33:04.295745+00:00 [debug] Calling mod_log_stun:stop/1 (eturnal_module:stop/1:162)
2022-07-06 18:33:04.295887+00:00 [debug] Stopping mod_log_stun (mod_log_stun:stop/0:50)
2022-07-06 18:33:04.296218+00:00 [info] Stopped mod_log_stun (eturnal:stop_modules/1:343)
2022-07-06 18:33:04.297769+00:00 [debug] Calling mod_stats_influx:stop/1 (eturnal_module:stop/1:162)
2022-07-06 18:33:04.297893+00:00 [debug] Stopping mod_stats_influx (mod_stats_influx:stop/0:55)
2022-07-06 18:33:04.297993+00:00 [info] Stopped mod_stats_influx (eturnal:stop_modules/1:343)
2022-07-06 18:33:04.299101+00:00 [debug] Removed run/cert.pem (eturnal:clean_run_dir/0:728)
2022-07-06 18:33:04.299316+00:00 [debug] Terminating eturnal_systemd (shutdown) (eturnal_systemd:terminate/2:136)
2022-07-06 18:33:04.299497+00:00 [notice] Stopping eturnal 1.8.3 on Erlang/OTP 25 (ERTS 13.0) (eturnal_app:stop/1:54)
