=== Suite started at 2022-08-04 08:02:51
=== Starting test, 18 test cases
=cases         18
=user          runner
=host          nohost
=hosts         nohost 
=emulator_vsn  13.0
=emulator      beam
=otp_release   25
=started       2022-08-04 08:02:51
=case          eturnal_SUITE:init_per_suite
=logfile       eturnal_suite.init_per_suite.html
=started       2022-08-04 08:02:51
=ended         2022-08-04 08:02:51
=result        ok
=elapsed       0.0
=case          eturnal_SUITE:start_eturnal
=logfile       eturnal_suite.start_eturnal.html
=started       2022-08-04 08:02:51
=ended         2022-08-04 08:02:54
=result        ok
=elapsed       2.513744
=case          eturnal_SUITE:check_info
=logfile       eturnal_suite.check_info.html
=started       2022-08-04 08:02:54
=ended         2022-08-04 08:02:54
=result        ok
=elapsed       9.09e-4
=case          eturnal_SUITE:check_all_sessions
=logfile       eturnal_suite.check_all_sessions.html
=started       2022-08-04 08:02:54
=ended         2022-08-04 08:02:54
=result        ok
=elapsed       2.69e-4
=case          eturnal_SUITE:check_user_sessions
=logfile       eturnal_suite.check_user_sessions.html
=started       2022-08-04 08:02:54
=ended         2022-08-04 08:02:54
=result        ok
=elapsed       5.51e-4
=case          eturnal_SUITE:check_disconnect
=logfile       eturnal_suite.check_disconnect.html
=started       2022-08-04 08:02:54
=ended         2022-08-04 08:02:54
=result        ok
=elapsed       5.54e-4
=case          eturnal_SUITE:check_credentials
=logfile       eturnal_suite.check_credentials.html
=started       2022-08-04 08:02:54
=ended         2022-08-04 08:02:54
=result        ok
=elapsed       0.006137
=case          eturnal_SUITE:check_loglevel
=logfile       eturnal_suite.check_loglevel.html
=started       2022-08-04 08:02:54
=ended         2022-08-04 08:02:54
=result        ok
=elapsed       0.001685
=case          eturnal_SUITE:check_version
=logfile       eturnal_suite.check_version.html
=started       2022-08-04 08:02:54
=ended         2022-08-04 08:02:54
=result        ok
=elapsed       4.12e-4
=case          eturnal_SUITE:reload
=logfile       eturnal_suite.reload.html
=started       2022-08-04 08:02:54
=ended         2022-08-04 08:02:55
=result        ok
=elapsed       1.001257
=case          eturnal_SUITE:connect_tcp
=logfile       eturnal_suite.connect_tcp.html
=started       2022-08-04 08:02:55
=ended         2022-08-04 08:02:55
=result        ok
=elapsed       4.23e-4
=case          eturnal_SUITE:connect_tls
=logfile       eturnal_suite.connect_tls.html
=started       2022-08-04 08:02:55
=ended         2022-08-04 08:02:55
=result        ok
=elapsed       6.95e-4
=case          eturnal_SUITE:turn_udp
=logfile       eturnal_suite.turn_udp.html
=started       2022-08-04 08:02:55
=ended         2022-08-04 08:02:55
=result        ok
=elapsed       0.002767
=case          eturnal_SUITE:stun_udp
=logfile       eturnal_suite.stun_udp.html
=started       2022-08-04 08:02:55
=ended         2022-08-04 08:02:55
=result        ok
=elapsed       0.001379
=case          eturnal_SUITE:stun_tcp
=logfile       eturnal_suite.stun_tcp.html
=started       2022-08-04 08:02:55
=ended         2022-08-04 08:02:55
=result        ok
=elapsed       0.001955
=case          eturnal_SUITE:stun_tls
=logfile       eturnal_suite.stun_tls.html
=started       2022-08-04 08:02:55
=ended         2022-08-04 08:02:55
=result        ok
=elapsed       0.109857
=case          eturnal_SUITE:stun_tcp_auto
=logfile       eturnal_suite.stun_tcp_auto.html
=started       2022-08-04 08:02:55
=ended         2022-08-04 08:02:55
=result        ok
=elapsed       0.002025
=case          eturnal_SUITE:stun_tls_auto
=logfile       eturnal_suite.stun_tls_auto.html
=started       2022-08-04 08:02:55
=ended         2022-08-04 08:02:55
=result        ok
=elapsed       0.110179
=case          eturnal_SUITE:stop_eturnal
=logfile       eturnal_suite.stop_eturnal.html
=started       2022-08-04 08:02:55
=ended         2022-08-04 08:02:56
=result        ok
=elapsed       0.013259
=case          eturnal_SUITE:end_per_suite
=logfile       eturnal_suite.end_per_suite.html
=started       2022-08-04 08:02:56
=ended         2022-08-04 08:02:56
=result        ok
=elapsed       0.0
=group_time    4.249s
=== TEST COMPLETE, 18 ok, 0 failed of 18 test cases

=finished      2022-08-04 08:02:56
=failed        0
=successful    18
=user_skipped  0
=auto_skipped  0
